581659 8
519760 7
519656 7
519226 7
547904 8
519719 7
548738 8
521433 7
525531 8
520074 7
520340 7
520050 7
519712 7
519589 7
519551 7
520637 7
519886 7
548123 8
520131 7
584406 8
519111 7
547992 8
519707 7
519687 7
519949 7
519683 7
519648 7
582674 8
520333 7
521153 7
621515 9
520354 7
519778 7
519380 7
560665 8
519785 7
563263 8
519907 7
520256 7
520346 7
519697 7
483384 7
519516 7
519774 7
520004 7
519135 7
520207 7
519683 7
519977 7
519240 7
548239 8
520120 7
520032 7
558239 8
519516 7
519223 7
524889 8
520399 7
520040 7
520462 7
522578 7
520675 7
520556 7
519645 7
519910 7
519429 7
519715 7
519725 7
583823 8
519645 7
548480 8
520221 7
552576 8
519278 7
580461 8
520797 7
583785 8
548393 8
519418 7
519816 7
518916 7
519889 7
484442 7
519869 7
621139 9
547538 8
519621 7
583474 8
519962 7
519219 7
519296 7
569159 8
519463 7
576655 8
519896 7
519551 7
519673 7
520162 7
520623 7
520130 7
520294 7
519690 7
563099 8
519603 7
520190 7
519523 7
519872 7
520130 7
519774 7
520224 7
519805 7
519142 7
519421 7
516031 7
518608 7
580332 8
519861 7
520493 7
518992 7
520053 7
520117 7
520029 7
519390 7
519484 7
519554 7
519935 7
520372 7
585495 8
519953 7
563280 8
520015 7
519928 7
520064 7
519868 7
547771 8
547998 8
547457 8
519502 7
520141 7
520018 7
519906 7
520197 7
622036 9
579190 8
520131 7
520078 7
522505 7
519669 7
519959 7
519704 7
519229 7
520403 7
520046 7
520074 7
519665 7
520140 7
520360 7
519969 7
520260 7
526282 8
519984 7
520403 7
519795 7
519907 7
519861 7
520259 7
519816 7
519722 7
520067 7
578621 8
519631 7
519820 7
519164 7
519520 7
566447 8
519847 7
519541 7
520179 7
519271 7
520710 7
483565 7
520413 7
518974 7
519701 7
519959 7
586253 8
519792 7
520043 7
520822 7
519715 7
519924 7
523842 7
520109 7
519749 7
579266 8
520780 7
525043 8
519715 7
519778 7
519775 7
519261 7
519408 7
519732 7
484005 7
520627 7
520176 7
519820 7
519736 7
519907 7
520256 7
519683 7
566184 8
520374 7
520361 7
547988 8
520671 7
547073 8
519990 7
520365 7
520092 7
522134 7
522725 7
522180 7
550697 8
593187 9
550879 8
520190 7
519924 7
519223 7
519436 7
520357 7
519313 7
520218 7
519987 7
520403 7
521824 7
573722 8
520214 7
490042 7
519928 7
581313 8
519554 7
589220 8
519628 7
519788 7
520329 7
520434 7
520196 7
519666 7
520089 7
621418 9
520263 7
519540 7
519296 7
519739 7
520015 7
519585 7
547960 8
519307 7
547960 8
520521 7
520175 7
519837 7
519984 7
520071 7
519547 7
519858 7
520361 7
519638 7
519652 7
519614 7
520508 7
519879 7
519736 7
547827 8
519868 7
519977 7
519543 7
578554 8
520312 7
519739 7
519739 7
519875 7
519610 7
519244 7
519422 7
519973 7
547977 8
520004 7
519862 7
519809 7
547764 8
520138 7
520075 7
519792 7
519959 7
519883 7
520374 7
519984 7
520263 7
520162 7
515623 7
519864 7
519358 7
519079 7
518356 7
519589 7
519471 7
519589 7
519408 7
518563 7
519784 7
580119 8
522438 7
522847 7
519833 7
519994 7
519428 7
519355 7
519226 7
562896 8
520092 7
577455 8
519072 7
519464 7
520175 7
520190 7
565751 8
519757 7
560718 8
519858 7
519911 7
520392 7
523779 7
578763 8
519499 7
519631 7
561199 8
519606 7
548016 8
519697 7
519900 7
519875 7
519184 7
896026 13
519687 7
566300 8
520235 7
519722 7
517232 7
519844 7
519757 7
519757 7
567634 8
566845 8
519603 7
568258 8
519320 7
519956 7
519600 7
520067 7
569669 8
520008 7
520029 7
569149 8
519680 7
520224 7
519383 7
520029 7
519837 7
519854 7
519736 7
493652 7
519662 7
519467 7
522864 7
516643 7
519718 7
564841 8
580967 8
567875 8
519627 7
520162 7
519051 7
519826 7
520025 7
519302 7
547869 8
622591 9
579169 8
519579 7
519509 7
519907 7
519453 7
519470 7
564557 8
519973 7
566391 8
519467 7
519760 7
519833 7
519729 7
519903 7
520378 7
520588 7
520434 7
519586 7
519990 7
519439 7
519467 7
489354 7
519149 7
567860 8
519268 7
580307 8
621209 9
519554 7
520141 7
519386 7
519927 7
519861 7
519610 7
519509 7
520106 7
560082 8
520015 7
565507 8
519613 7
520238 7
553298 8
519393 7
586821 8
519656 7
519935 7
520054 7
519243 7
519750 7
519833 7
519890 7
520333 7
520182 7
519351 7
519607 7
547597 8
519980 7
548546 8
519960 7
519480 7
672888 10
519949 7
571069 8
520088 7
519802 7
519282 7
496242 7
519624 7
519980 7
520012 7
520318 7
520623 7
584762 8
519362 7
548194 8
520232 7
519592 7
575915 8
519694 7
520469 7
519565 7
519956 7
519171 7
520109 7
519404 7
519819 7
519122 7
519907 7
520123 7
579905 8
682300 10
519292 7
519100 7
575073 8
519289 7
520169 7
519540 7
519809 7
580737 8
519840 7
520504 7
519104 7
519303 7
519425 7
520036 7
519858 7
519079 7
520144 7
548445 8
519813 7
548609 8
519449 7
519051 7
519425 7
519233 7
519544 7
519421 7
624326 9
520350 7
520486 7
520235 7
586127 8
520277 7
520270 7
520089 7
547978 8
522351 7
547499 8
520036 7
520445 7
519316 7
519743 7
520280 7
519349 7
520260 7
519956 7
519809 7
519377 7
520106 7
519491 7
519855 7
548480 8
567860 8
578464 8
575321 8
519746 7
519743 7
519973 7
520165 7
520770 7
519558 7
519980 7
520099 7
519512 7
519233 7
519435 7
520452 7
520095 7
520008 7
520036 7
519638 7
519638 7
564960 8
520176 7
520025 7
520301 7
520347 7
520294 7
519816 7
519747 7
579902 8
520203 7
519352 7
519460 7
519795 7
519994 7
520256 7
520392 7
519651 7
520602 7
520396 7
547932 8
519959 7
519928 7
520123 7
520130 7
520204 7
520141 7
519498 7
519565 7
547694 8
518950 7
548613 8
519341 7
518898 7
548008 8
519575 7
652972 9
579769 8
519358 7
520619 7
519596 7
519854 7
519711 7
519191 7
519739 7
520402 7
519208 7
520372 7
519799 7
519680 7
519736 7
588942 8
519453 7
547719 8
520441 7
519837 7
519705 7
519642 7
519467 7
518992 7
520315 7
519990 7
622210 9
520144 7
520319 7
519523 7
518853 7
520326 7
520434 7
519550 7
519512 7
585282 8
520127 7
519341 7
519677 7
519572 7
519645 7
519425 7
520294 7
520117 7
519927 7
519547 7
554408 8
520036 7
520190 7
519442 7
520109 7
519753 7
519411 7
579315 8
524973 8
520703 7
519666 7
520113 7
571938 8
520675 7
520074 7
520347 7
519708 7
520082 7
519910 7
519778 7
522239 7
519900 7
520459 7
519306 7
519809 7
519928 7
520515 7
520204 7
519921 7
519827 7
520644 7
520148 7
520389 7
520200 7
519694 7
522417 7
526023 8
520113 7
519903 7
564279 8
521876 7
577765 8
519418 7
520036 7
520336 7
520472 7
519562 7
519125 7
520647 7
520039 7
519816 7
519561 7
519813 7
519006 7
520239 7
520172 7
520102 7
519862 7
519802 7
579053 8
519414 7
519673 7
519945 7
519708 7
519802 7
519816 7
519941 7
520117 7
519788 7
582901 8
520025 7
519296 7
574420 8
519778 7
567142 8
519202 7
520074 7
519697 7
520441 7
519869 7
519747 7
519823 7
520074 7
519320 7
519628 7
520518 7
519502 7
548012 8
520155 7
547992 8
519624 7
588110 8
520423 7
520574 7
519016 7
518737 7
519739 7
520364 7
520308 7
519997 7
523517 7
519637 7
520095 7
519917 7
519917 7
519589 7
575751 8
511730 7
580317 8
578652 8
525078 8
519533 7
519250 7
519757 7
519911 7
581326 8
519449 7
519306 7
519201 7
520368 7
520078 7
519977 7
520846 7
519421 7
520168 7
518912 7
520018 7
519722 7
519841 7
519837 7
519082 7
520329 7
519697 7
520075 7
519638 7
623767 9
520682 7
519669 7
519344 7
520374 7
520225 7
527999 8
519044 7
562148 8
519516 7
519729 7
519599 7
520124 7
520141 7
520099 7
520235 7
519624 7
519718 7
520161 7
519481 7
522333 7
519879 7
522777 7
519541 7
578712 8
625000 9
525493 8
519673 7
519320 7
519693 7
520312 7
584305 8
519662 7
519160 7
519460 7
519352 7
519590 7
519523 7
519997 7
519816 7
519624 7
519966 7
519799 7
520280 7
520870 7
519913 7
519589 7
520022 7
519816 7
519526 7
626494 9
520207 7
520032 7
520224 7
518989 7
519690 7
567853 8
519802 7
519659 7
583229 8
520061 7
520001 7
520043 7
519726 7
519984 7
519362 7
520088 7
519491 7
519946 7
520200 7
519949 7
519806 7
519579 7
520098 7
565054 8
582570 8
668432 10
525346 8
519666 7
519439 7
519743 7
519795 7
520231 7
519582 7
520549 7
520155 7
520134 7
519513 7
519900 7
520518 7
519645 7
548354 8
519272 7
587213 8
522491 7
520158 7
519812 7
520228 7
522322 7
519910 7
520025 7
520319 7
519613 7
623269 9
579986 8
524487 8
496179 7
520353 7
561971 8
519557 7
566080 8
520494 7
519809 7
519896 7
520417 7
519886 7
520374 7
519359 7
519700 7
519603 7
522442 7
520144 7
520228 7
520210 7
519931 7
520040 7
548602 8
519882 7
520672 7
519715 7
519600 7
580687 8
520046 7
562892 8
519777 7
520916 7
519285 7
519708 7
520281 7
520242 7
520019 7
519857 7
519135 7
520557 7
519774 7
519997 7
560389 8
519596 7
520068 7
519763 7
520273 7
520124 7
524170 7
520714 7
519139 7
519261 7
519781 7
519128 7
519589 7
520315 7
520867 7
571051 8
519593 7
585258 8
519624 7
519551 7
520207 7
519827 7
519729 7
519868 7
520172 7
519498 7
519548 7
519544 7
519743 7
519523 7
519471 7
519348 7
582374 8
520001 7
548369 8
520284 7
519299 7
520140 7
577228 8
623394 9
520008 7
520305 7
519575 7
519473 7
519875 7
519596 7
520399 7
520025 7
519956 7
520141 7
519624 7
520284 7
520061 7
521223 7
520458 7
520507 7
519980 7
520046 7
520102 7
520116 7
519931 7
519983 7
521038 7
519820 7
519404 7
575217 8
519303 7
519614 7
588672 8
520190 7
519547 7
519289 7
519858 7
519886 7
519725 7
519733 7
520043 7
519544 7
519725 7
520375 7
562822 8
519512 7
575827 8
520594 7
520239 7
519621 7
519055 7
559869 8
