5241 10
5360 10
5321 10
5778 11
5370 10
5328 10
5332 10
5366 10
5589 10
5258 10
5649 11
5310 10
5276 10
5297 10
5468 10
5702 11
5121 10
5342 10
5303 10
5307 10
5345 10
5659 11
5286 10
5464 10
5335 10
5468 10
5635 11
5359 10
5353 10
5454 10
5457 10
5381 10
5391 10
5418 10
5708 11
5401 10
5408 10
5432 10
5383 10
5296 10
5719 11
5237 10
5355 10
5677 11
5376 10
5314 10
5716 11
5388 10
5583 10
5321 10
5370 10
5492 10
5366 10
5318 10
5279 10
5408 10
5691 11
5391 10
5338 10
5380 10
5429 10
5471 10
5251 10
5398 10
5342 10
5384 10
5457 10
5454 10
5233 10
5248 10
5269 10
5339 10
5401 10
5306 10
5387 10
5464 10
5342 10
5370 10
5360 10
5349 10
5492 10
5408 10
5349 10
5261 10
5359 10
5369 10
5373 10
5649 11
5617 10
5234 10
5324 10
5398 10
5334 10
5380 10
5377 10
5429 10
5377 10
5335 10
5454 10
5404 10
5300 10
5156 10
5359 10
5373 10
5359 10
5359 10
5348 10
5673 11
5370 10
5373 10
5356 10
5401 10
5684 11
5429 10
5495 10
5352 10
5359 10
5388 10
5443 10
5732 11
5384 10
5332 10
5335 10
5461 10
5380 10
5436 10
5380 10
5404 10
5429 10
5339 10
5283 10
5492 10
5328 10
5402 10
5541 10
5349 10
5279 10
5377 10
5394 10
5387 10
5426 10
5370 10
5422 10
5346 10
5300 10
5363 10
5349 10
5356 10
5293 10
5419 10
5489 10
5510 10
5356 10
5324 10
5705 11
5261 10
5338 10
5509 10
5307 10
5342 10
5705 11
5404 10
5324 10
5565 10
5321 10
5345 10
5150 10
5188 10
5349 10
5610 10
5380 10
5342 10
5499 10
5376 10
5635 11
5339 10
5293 10
5321 10
5359 10
5182 10
5419 10
5666 11
5390 10
5321 10
5321 10
5090 9
5705 11
5520 10
5419 10
5174 10
5367 10
5345 10
5426 10
5394 10
5443 10
5300 10
5370 10
5733 11
5199 10
5342 10
5897 11
5367 10
5310 10
5422 10
5066 9
5376 10
5300 10
5443 10
5345 10
5422 10
5233 10
5673 11
5551 10
5258 10
5418 10
5398 10
5320 10
5349 10
5387 10
5419 10
5474 10
5419 10
5408 10
5415 10
5670 11
5362 10
5402 10
5352 10
5286 10
5506 10
5331 10
5750 11
5460 10
5198 10
5325 10
5415 10
5320 10
5384 10
5366 10
5255 10
5390 10
5457 10
5387 10
5255 10
5300 10
5314 10
5342 10
5369 10
5394 10
5705 11
5394 10
5359 10
5384 10
5339 10
5447 10
5397 10
5433 10
5366 10
5467 10
5342 10
5292 10
5345 10
5397 10
5538 10
5213 10
5408 10
5418 10
5311 10
5286 10
5290 10
5373 10
5404 10
5872 11
5362 10
5359 10
5345 10
5307 10
5367 10
5384 10
5496 10
5366 10
5370 10
5687 11
5342 10
5303 10
5254 10
5282 10
5209 10
5261 10
5360 10
5384 10
5429 10
5230 10
5346 10
5387 10
5332 10
5398 10
5374 10
5597 10
5551 10
5502 10
5241 10
5380 10
5342 10
5349 10
5510 10
5356 10
5349 10
5422 10
5454 10
5262 10
5712 11
5478 10
5265 10
5143 10
5289 10
5376 10
5290 10
5366 10
5453 10
5265 10
5303 10
5429 10
5327 10
5677 11
5349 10
5632 11
5419 10
5317 10
5690 11
5405 10
5397 10
5369 10
5394 10
5817 11
5687 11
5363 10
5408 10
5342 10
5276 10
5820 11
5345 10
5387 10
5314 10
5447 10
5408 10
5328 10
5328 10
5272 10
5331 10
5725 11
5303 10
5331 10
5362 10
5296 10
5565 10
5318 10
5303 10
5695 11
5412 10
5356 10
5366 10
5422 10
5380 10
5370 10
5461 10
5321 10
5569 10
5325 10
5321 10
5328 10
5293 10
5381 10
5282 10
5328 10
5426 10
5425 10
5397 10
5328 10
5307 10
5320 10
5373 10
5492 10
5300 10
5293 10
5398 10
5314 10
5313 10
5705 11
5384 10
5419 10
5468 10
5593 10
5181 10
5381 10
5422 10
5331 10
5328 10
5474 10
5209 10
5594 10
5247 10
5321 10
5740 11
5456 10
5684 11
5324 10
5691 11
5684 11
5384 10
5258 10
5324 10
6179 12
5425 10
5401 10
5446 10
5401 10
5202 10
5363 10
5415 10
45503 88
5349 10
5342 10
5485 10
5352 10
5348 10
5405 10
5310 10
5436 10
5237 10
5425 10
5380 10
5425 10
5517 10
5356 10
5224 10
5349 10
5426 10
5356 10
5426 10
5390 10
5394 10
5272 10
5370 10
5398 10
5436 10
5356 10
5345 10
5439 10
5702 11
5269 10
5376 10
5387 10
5409 10
5750 11
5349 10
5293 10
5593 10
5216 10
5269 10
5390 10
5310 10
5272 10
5286 10
5331 10
5503 10
5369 10
5394 10
5331 10
5610 10
5321 10
5387 10
5349 10
5369 10
5524 10
5695 11
5380 10
5321 10
5331 10
5237 10
5768 11
5331 10
5352 10
5334 10
5604 10
5391 10
5390 10
5339 10
5244 10
5377 10
5397 10
5334 10
5429 10
5411 10
5332 10
5390 10
5690 11
5314 10
5436 10
5631 10
5352 10
5353 10
5324 10
5586 10
5349 10
5366 10
5293 10
5416 10
5342 10
5554 10
5408 10
5352 10
5317 10
5150 10
5307 10
5359 10
5265 10
5474 10
5380 10
5488 10
5327 10
5398 10
5356 10
5401 10
5339 10
5349 10
5293 10
5248 10
5590 10
5299 10
5331 10
5401 10
5395 10
5338 10
5342 10
5367 10
5272 10
5370 10
5324 10
5478 10
5317 10
5349 10
5383 10
5332 10
5321 10
5293 10
5314 10
5415 10
5485 10
5335 10
5450 10
5687 11
5320 10
5712 11
5304 10
5324 10
5369 10
5429 10
5286 10
5363 10
5450 10
5404 10
5317 10
5339 10
5279 10
5370 10
5754 11
5404 10
5411 10
5376 10
5409 10
5307 10
5534 10
5614 10
5276 10
5370 10
5418 10
5345 10
5346 10
5388 10
5359 10
5517 10
5415 10
5404 10
5383 10
5307 10
5408 10
5359 10
5352 10
5415 10
5457 10
5419 10
5327 10
5405 10
5276 10
5576 10
5495 10
5443 10
5600 10
5290 10
5310 10
5328 10
5384 10
5338 10
5331 10
5397 10
5366 10
5272 10
5209 10
5272 10
5572 10
5282 10
5345 10
5332 10
5464 10
5265 10
5429 10
5391 10
5380 10
5380 10
5746 11
5363 10
5321 10
5303 10
5328 10
5268 10
5318 10
5408 10
5387 10
5387 10
5377 10
5426 10
5261 10
5250 10
5383 10
5338 10
5412 10
5635 11
5656 11
5331 10
5307 10
5331 10
5349 10
5338 10
5374 10
5356 10
5411 10
5331 10
5408 10
5754 11
5388 10
5411 10
5625 10
5391 10
5471 10
5478 10
5380 10
5331 10
5426 10
5373 10
5366 10
5328 10
5339 10
5338 10
5404 10
5754 11
5362 10
5736 11
5321 10
5402 10
5460 10
5272 10
5314 10
5408 10
5383 10
5387 10
5436 10
5363 10
5262 10
5355 10
5331 10
5405 10
5625 10
5419 10
5338 10
5436 10
5338 10
5346 10
5290 10
5411 10
5247 10
5300 10
5373 10
5419 10
5317 10
5635 11
5352 10
5726 11
5331 10
5282 10
5656 11
5408 10
5356 10
5418 10
5374 10
5345 10
5415 10
5363 10
5366 10
5293 10
5422 10
5443 10
5331 10
5432 10
5366 10
5363 10
5248 10
5656 11
5293 10
5426 10
5698 11
5335 10
5380 10
5013 9
5698 11
5419 10
5363 10
5230 10
5373 10
5314 10
5450 10
5422 10
5255 10
5317 10
5440 10
5321 10
5331 10
5460 10
5401 10
5408 10
5359 10
5401 10
5503 10
5314 10
5576 10
5496 10
5325 10
5310 10
5331 10
5673 11
5373 10
5383 10
5370 10
5342 10
5313 10
5412 10
5384 10
5360 10
5404 10
5303 10
5300 10
5303 10
5482 10
5328 10
5471 10
5362 10
5331 10
5467 10
5370 10
5366 10
5404 10
5698 11
5468 10
5285 10
5656 11
5673 11
5436 10
5327 10
5475 10
5359 10
5373 10
5642 11
5374 10
5369 10
5397 10
5349 10
5642 11
5352 10
5443 10
5380 10
5348 10
5359 10
5275 10
5234 10
5136 10
5317 10
5433 10
5349 10
5443 10
5397 10
5377 10
5373 10
5314 10
5478 10
5718 11
5283 10
5705 11
5531 10
5387 10
5429 10
5426 10
5394 10
5321 10
5373 10
5426 10
5342 10
5418 10
5349 10
5362 10
5370 10
5345 10
5394 10
5285 10
5285 10
5310 10
5324 10
5736 11
5491 10
5367 10
5321 10
5331 10
5383 10
5397 10
5569 10
5629 10
5080 9
5471 10
5408 10
5412 10
5356 10
5594 10
5454 10
5460 10
5390 10
5401 10
5321 10
5370 10
5586 10
5370 10
5583 10
5426 10
5356 10
5481 10
5628 10
5258 10
5313 10
5377 10
5432 10
5586 10
5443 10
5345 10
5401 10
5310 10
5286 10
5338 10
5327 10
5341 10
5300 10
5425 10
5429 10
5338 10
5775 11
5213 10
5719 11
5387 10
5320 10
5345 10
5310 10
5566 10
5425 10
5328 10
5334 10
5290 10
5614 10
5383 10
5450 10
5325 10
5335 10
5279 10
5412 10
5244 10
5314 10
5359 10
5419 10
5374 10
5510 10
5356 10
5366 10
5283 10
5265 10
5286 10
5296 10
5366 10
5374 10
5289 10
5339 10
5335 10
5360 10
5642 11
5311 10
5363 10
5377 10
5317 10
5464 10
5153 10
5272 10
5467 10
5391 10
5279 10
5394 10
5443 10
5296 10
5338 10
5498 10
5568 10
5412 10
5384 10
5209 10
5321 10
5346 10
5331 10
5405 10
5478 10
5394 10
5360 10
5342 10
5398 10
5471 10
5429 10
5349 10
5362 10
5355 10
5352 10
5335 10
5498 10
5349 10
5314 10
5334 10
5328 10
5258 10
5716 11
5402 10
5359 10
5457 10
5492 10
5649 11
5216 10
5489 10
5268 10
5572 10
5778 11
5331 10
5391 10
5286 10
5359 10
5324 10
5366 10
5404 10
5384 10
5443 10
5523 10
5335 10
5401 10
5384 10
5331 10
5352 10
5394 10
5244 10
5412 10
5363 10
5733 11
5328 10
5527 10
5387 10
5370 10
5401 10
5348 10
5380 10
5289 10
5481 10
5416 10
5331 10
5394 10
5324 10
5384 10
5377 10
5310 10
5422 10
5362 10
5374 10
