8378138 7
8317636 7
8316760 7
8326361 7
8515242 8
8316086 7
8333229 7
8341363 7
8365332 7
8310622 7
8324224 7
8484585 8
8386559 7
8304655 7
8330362 7
8358890 7
8389656 8
8311659 7
8298755 7
8367043 7
8319791 7
8324696 7
8300975 7
8288421 7
8266411 7
8269780 7
8318603 7
8269009 7
8389265 8
8299676 7
8294038 7
8347061 7
8374531 7
8316875 7
8301349 7
8470138 8
8232786 7
8304753 7
8286665 7
8312476 7
8371329 7
8379796 7
8524023 8
8286965 7
8323411 7
8311740 7
8290484 7
8377904 7
8499595 8
8316055 7
8327052 7
8307274 7
8323889 7
8304327 7
8440867 8
8375505 7
8374975 7
8270559 7
8298570 7
8366826 7
8503400 8
8282583 7
8357270 7
8379712 7
8332408 7
8317063 7
8488007 8
8476897 8
8321190 7
8292798 7
8393831 8
8366414 7
8407943 8
8271226 7
8182612 7
8380261 7
8305835 7
8515083 8
8385263 7
8584040 8
8287010 7
8480448 8
8370645 7
8546455 8
8365244 7
8658880 8
8246968 7
8590125 8
8329430 7
8648504 8
8308294 7
8648511 8
8325785 7
8623666 8
8260364 7
8470065 8
8359780 7
8569942 8
8308981 7
8633526 8
8289960 7
8519136 8
8307542 7
8551025 8
8353478 7
8636703 8
8303626 7
8791391 8
8367852 7
8604290 8
8269752 7
8599706 8
8361868 7
8539382 8
8275600 7
8549057 8
8353374 7
8425487 8
8293860 7
8471085 8
8299669 7
8459552 8
8292059 7
8702505 8
8260333 7
8478954 8
8360506 7
8504374 8
8364769 7
8352117 7
8283567 7
8375310 7
8353597 7
8472565 8
8585971 8
8409273 8
8375449 7
8418561 8
8325886 7
8470254 8
8024206 7
8292013 7
8300438 7
8464685 8
8348947 7
8448562 8
8322880 7
8363886 7
8311610 7
8272091 7
8234797 7
8494110 8
8249806 7
8242254 7
8259418 7
8304648 7
8161443 7
8436876 8
8313370 7
8391063 8
8373264 7
8287251 7
8362895 7
8457105 8
8450593 8
8246196 7
8512548 8
8319239 7
8485248 8
8408125 8
8558574 8
8204461 7
8518703 8
8335484 7
8408764 8
8450859 8
8519673 8
8346569 7
8507911 8
8302212 7
8638110 8
8496819 8
8611974 8
8306729 7
8580555 8
8319466 7
8625887 8
8449825 8
8620325 8
8052367 7
8624906 8
8243763 7
9395977 8
8792596 8
8826636 8
8220294 7
8559446 8
8280017 7
8445968 8
8360388 7
8521639 8
8318935 7
8477847 8
8220894 7
8470002 8
8463302 8
8587430 8
8315628 7
8514094 8
8357134 7
8591169 8
8325128 7
8670265 8
8387016 7
8442493 8
8347941 7
8711579 8
8270919 7
8668230 8
8319172 7
8621624 8
8306859 7
8619023 8
8359860 7
8641329 8
8411075 8
8608751 8
8371655 7
8637642 8
8218681 7
8636124 8
8363973 7
8574882 8
8301852 7
8734098 8
8475459 8
8591465 8
8314043 7
8603113 8
8462873 8
8551693 8
8415516 8
9053099 8
8501466 8
8487239 8
8813082 8
8263698 7
8578775 8
8615567 8
8624930 8
8499382 8
8544067 8
8483485 8
8568227 8
8634075 8
8676512 8
8404550 8
8617857 8
8504629 8
8567330 8
8614648 8
8622274 8
8487326 8
8566943 8
8455971 8
8735501 8
8451435 8
8559028 8
8422150 8
8702994 8
8400974 8
8566014 8
8566838 8
8625524 8
8295019 7
8541718 8
8433007 8
8566758 8
8419828 8
8451854 8
8084020 7
8532085 8
8311208 7
8453502 8
8365716 7
8594696 8
8300438 7
8432669 8
8392162 8
8458903 8
8456909 8
8337740 7
8335623 7
8414835 8
8365565 7
8196078 7
8455049 8
8408062 8
8302584 7
8327740 7
8235653 7
8430748 8
8492637 8
8434795 8
8311149 7
8467187 8
8352099 7
8361938 7
8446976 8
8493771 8
8369531 7
8200847 7
8269769 7
8532159 8
8722430 8
8304072 7
8357860 7
8503020 8
8364015 7
8286389 7
8384764 7
8503197 8
8279043 7
8319110 7
8369469 7
8411714 8
8307194 7
8322367 7
8349700 7
8508002 8
8319438 7
8332289 7
8328163 7
8409787 8
8290599 7
8334719 7
8279818 7
8184997 7
8254561 7
8350329 7
8288511 7
8308946 7
8304187 7
8346171 7
8326997 7
8377673 7
8354809 7
8344174 7
8421755 8
8375187 7
8364818 7
8038507 7
8462161 8
8319480 7
8491425 8
8368190 7
8431346 8
8282887 7
8393908 8
8317182 7
8438737 8
8356383 7
8954370 8
8250952 7
8581917 8
8348981 7
8582535 8
8313429 7
8581983 8
8355374 7
8651273 8
8317028 7
8567048 8
8145443 7
8649631 8
8295962 7
8579264 8
8342261 7
8614854 8
8381957 7
8628862 8
8402092 8
8636030 8
8384974 7
8519736 8
8537804 8
8361061 7
8406599 8
8451739 8
8494989 8
8449989 8
8696873 8
8460121 8
8566534 8
8200146 7
8564362 8
8360507 7
8599049 8
8295724 7
8504042 8
8344935 7
8591051 8
8520093 8
8593675 8
8315356 7
8621477 8
8366413 7
8687324 8
8254101 7
8501704 8
8279913 7
8572794 8
8279357 7
8436698 8
8373819 7
8376937 7
8338591 7
8558295 8
8299697 7
8269962 7
8248162 7
8440427 8
8234902 7
8495066 8
8222825 7
8427589 8
8165753 7
8279734 7
8246273 7
8458177 8
8320757 7
8532207 8
8523643 8
8294838 7
8318344 7
8547049 8
8373323 7
8339185 7
8314022 7
8457598 8
8359711 7
8566758 8
8299865 7
8487595 8
8319207 7
8409137 8
8365887 7
8625482 8
8292209 7
8410000 8
8362427 7
8834865 8
8296314 7
8712217 8
8702211 8
8639420 8
8375247 7
8587681 8
8283334 7
8632702 8
8288847 7
8570637 8
8362835 7
8676735 8
8520972 8
8750493 8
8371211 7
8579651 8
8294502 7
8562750 8
7941702 7
8716030 8
8287240 7
8506515 8
8335338 7
8487585 8
8294035 7
8577325 8
8318680 7
8424304 8
8301830 7
8483094 8
8801247 8
8302117 7
8388923 8
8336986 7
8295494 7
8327233 7
8348315 7
8300427 7
8290928 7
8344024 7
8389145 8
8298842 7
8481544 8
8344299 7
8454127 8
8423581 8
8302965 7
8339527 7
8393640 8
8306219 7
8341925 7
8279508 7
8365691 7
8302397 7
8359186 7
8369730 7
8287736 7
8296465 7
8353799 7
8451023 8
8228841 7
8281791 7
8328194 7
8290218 7
8347916 7
8295092 7
8596123 8
8181124 7
8865854 8
8349739 7
8456117 8
8313035 7
8437917 8
8346307 7
8476743 8
8301897 7
8446725 8
8278725 7
8511447 8
8318523 7
8451009 8
8276819 7
8555526 8
8305410 7
8430585 8
8251939 7
8510104 8
8317503 7
8481985 8
8358632 7
8518291 8
8317112 7
8456113 8
8479359 8
8458631 8
8267298 7
8446306 8
8363484 7
8408691 8
8317433 7
8448449 8
8534697 8
8535224 8
8209269 7
8565989 8
8367681 7
8586320 8
8361442 7
8719616 8
8422551 8
8704394 8
8354710 7
8786231 8
8323812 7
8625475 8
8363422 7
8672866 8
8451226 8
8636727 8
8310203 7
8657030 8
8278152 7
8588802 8
8361473 7
8645993 8
8389348 8
8590181 8
8266295 7
8612595 8
8229776 7
8578967 8
8242055 7
8635855 8
8417611 8
8561203 8
8346576 7
8604629 8
8294097 7
8510990 8
8828787 8
8755077 8
8821008 8
8313401 7
8298947 7
8441149 8
8156343 7
8437020 8
8201898 7
8487598 8
8377792 7
8647506 8
8284675 7
8436828 8
8353870 7
8470973 8
8298884 7
8427827 8
8346223 7
8536833 8
8308858 7
8495073 8
8276163 7
8625206 8
8322901 7
8594119 8
8318080 7
8557785 8
8373680 7
8603930 8
8418218 8
8621261 8
8374451 7
8592649 8
8469387 8
8599157 8
8492650 8
8635481 8
8312228 7
8530437 8
8362625 7
8563633 8
8552248 8
8539689 8
8298992 7
8522536 8
8303119 7
8538732 8
8476894 8
8657281 8
8469936 8
8540356 8
8344586 7
8587492 8
8463976 8
8610728 8
8353928 7
8634807 8
8427209 8
8627768 8
8489501 8
8618517 8
8304896 7
8645767 8
8364937 7
8582989 8
8511622 8
8654418 8
8225579 7
8662236 8
8209104 7
8639353 8
8326280 7
8698535 8
8395546 8
8682181 8
8379188 7
8690955 8
8273013 7
8729228 8
8349778 7
8649066 8
8296576 7
8701363 8
8370387 7
8653783 8
8307815 7
8667929 8
8385023 7
8619247 8
8484808 8
8691706 8
8297914 7
8688061 8
8345895 7
8776217 8
8462485 8
8726420 8
8344606 7
8780117 8
8330491 7
8654883 8
8373330 7
8717500 8
8031670 7
8537789 8
8375903 7
8692415 8
8298702 7
8638449 8
8345633 7
8625304 8
8257536 7
8541944 8
8315782 7
8632322 8
8275059 7
8523720 8
8314322 7
8604551 8
8338343 7
8541330 8
8371927 7
8653053 8
8322447 7
8453129 8
8338228 7
8483971 8
8309659 7
8532577 8
8369402 7
8577479 8
8264868 7
8612257 8
8371836 7
8562885 8
8270782 7
8578631 8
8332607 7
8518887 8
8317479 7
8631417 8
8338120 7
8704093 8
8262507 7
8582284 8
8388409 7
8553676 8
8333459 7
8631431 8
8387079 7
8548048 8
8346715 7
8567805 8
8373697 7
8543418 8
8224682 7
8475689 8
8298256 7
8571586 8
8346461 7
8648294 8
8311613 7
8543341 8
8342987 7
8570119 8
8210895 7
8530531 8
8362772 7
8619501 8
8313531 7
8508676 8
8356243 7
8518427 8
8273956 7
8588851 8
8374147 7
8470966 8
8306216 7
8581397 8
8371867 7
8595938 8
8305175 7
8613297 8
8368289 7
8558909 8
8294799 7
8554374 8
8346380 7
8421417 8
8308248 7
8477532 8
8359504 7
8442145 8
8343580 7
8500153 8
8334203 7
8565636 8
8299404 7
8460631 8
8394040 8
8504604 8
8510773 8
8320590 7
8589710 8
8364277 7
8657096 8
8280607 7
8554912 8
8369689 7
8718495 8
8407535 8
8615616 8
8370307 7
8581358 8
8325129 7
8613301 8
8394118 8
8476890 8
8335973 7
8558263 8
8372262 7
8525242 8
8322115 7
8558504 8
8289090 7
8430717 8
8327376 7
8626403 8
8312804 7
8414217 8
8328396 7
8462576 8
8271718 7
8519820 8
8279762 7
8492720 8
8376783 7
8497024 8
8310901 7
8587702 8
8310698 7
8395929 8
8323400 7
8057835 7
8254845 7
8512359 8
8358000 7
8429663 8
8283033 7
8365775 7
8505788 8
8450758 8
8272004 7
8331026 7
8289968 7
8194486 7
8348894 7
8467304 8
8367136 7
8249799 7
8346332 7
8355395 7
8408600 8
8423620 8
8284503 7
8367576 7
8324147 7
8290714 7
8304983 7
8431293 8
8269993 7
8299859 7
8450663 8
8511476 8
8300200 7
8454218 8
8344635 7
8363442 7
8284305 7
8333540 7
8094567 7
8532298 8
8422953 8
8350961 7
8387515 7
8481143 8
8302843 7
8475455 8
8358830 7
8312842 7
8299589 7
8353164 7
8371676 7
8410321 8
8356739 7
8390187 8
8307476 7
8293054 7
8291483 7
8487270 8
8195746 7
8259330 7
8480375 8
8361519 7
8297732 7
8437396 8
8313416 7
8415355 8
8303217 7
8416060 8
8342020 7
8549091 8
8427628 8
8408704 8
8353429 7
8416968 8
8174599 7
8498365 8
8347313 7
8186372 7
8205777 7
8439362 8
8505145 8
8531969 8
8370708 7
8495373 8
8506741 8
8467292 8
8467366 8
8508134 8
8513500 8
8453138 8
8485566 8
8377215 7
8471140 8
8588777 8
8443907 8
8474412 8
8508707 8
8411717 8
8406037 8
8622123 8
8456357 8
8435710 8
8516081 8
8492751 8
8473274 8
8672199 8
8490168 8
8495862 8
8574009 8
8438360 8
8585858 8
8606434 8
8580964 8
8451843 8
8562588 8
8445932 8
8494204 8
8526439 8
8632364 8
8505613 8
8537587 8
8439980 8
8579121 8
8636850 8
8405325 8
8500311 8
8655305 8
8564066 8
8504615 8
8757765 8
8484267 8
8573454 8
8450618 8
8610815 8
8498924 8
8600425 8
8370463 7
8643581 8
8475983 8
8576188 8
8430529 8
8610322 8
8512192 8
8588292 8
8468340 8
8641808 8
8512446 8
8536917 8
8500192 8
8586200 8
8440654 8
8586441 8
8342784 7
8669448 8
8440985 8
8522201 8
8666875 8
8616607 8
8464775 8
8541802 8
8381552 7
8420173 8
8218143 7
8487071 8
8362597 7
8561999 8
