4148079 7
4371550 8
4145024 7
4145718 7
4148334 7
4152656 7
4146878 7
4197489 8
4381656 8
4494696 8
4216044 8
4426555 8
4144783 7
4068892 7
4146231 7
4148417 7
4148473 7
4232060 8
4225956 8
4249635 8
4147102 7
4249268 8
4144912 7
4213489 8
4347200 8
4250766 8
4229228 8
4224298 8
4220315 8
4279416 8
4188806 7
4156510 7
3946035 7
4151102 7
4144619 7
4145321 7
4147688 7
4146902 7
4236598 8
4230153 8
4357741 8
4344355 8
4149192 7
4159132 7
4146700 7
4149754 7
4249729 8
4144696 7
4149971 7
4229689 8
4208496 8
4194035 7
4149440 7
4150359 7
4145778 7
4234133 8
4184239 7
4345661 8
4148386 7
4226864 8
4227266 8
4191954 7
4145041 7
4146204 7
4144109 7
4138220 7
4145673 7
4142677 7
4148962 7
4248933 8
4238208 8
4370132 8
4394962 8
4284130 8
4145764 7
4147959 7
4146675 7
4081610 7
4153650 7
4145680 7
4147701 7
4222982 8
4226058 8
4172169 7
4148895 7
4146308 7
4144832 7
4287639 8
4377467 8
4290118 8
4151525 7
4223342 8
4221425 8
4185324 7
4149451 7
4144745 7
4278816 8
4145443 7
4148194 7
4147555 7
4147904 7
4227834 8
4288071 8
4393632 8
4321079 8
4240383 8
4146651 7
4149412 7
4231186 8
4144063 7
4157697 7
4150858 7
4224190 8
4230031 8
4188097 7
4256342 8
4188620 7
4143292 7
4142304 7
4342246 8
4409109 8
4320062 8
4194133 7
4151727 7
4228156 8
4229392 8
4186920 7
4146005 7
4327038 8
4149070 7
4146829 7
4147395 7
4148313 7
4147618 7
4275705 8
4414782 8
4497922 8
4297568 8
4147520 7
4143376 7
4147108 7
4144909 7
4147416 7
4149412 7
4148208 7
4231766 8
4354571 8
4185824 7
4144689 7
4144996 7
4254261 8
4346701 8
4493139 8
4341493 8
4236145 8
4145167 7
4146923 7
4225761 8
4221456 8
4192901 7
4147143 7
4146246 7
4144035 7
4146776 7
4143041 7
4148086 7
4145652 7
4285927 8
4374737 8
4430106 8
4325527 8
4248336 8
4148477 7
4146668 7
4146878 7
4142454 7
4149318 7
4148867 7
4149936 7
4223041 8
4227632 8
4185073 7
4200425 8
4365932 8
4254816 8
4279793 8
4258635 8
4147293 7
4233669 8
4228861 8
4223387 8
4193177 7
4521615 8
4232762 8
4278365 8
4148941 7
4148840 7
4145181 7
4140212 7
4346503 8
4282467 8
4353426 8
4438761 8
4252777 8
4149018 7
4149168 7
4144109 7
4146204 7
4147642 7
4144845 7
4145638 7
4147813 7
4229577 8
4229155 8
4270629 8
4322352 8
4219197 8
4240205 8
4351087 8
4259285 8
4146064 7
4146811 7
4214889 8
4230257 8
4207557 8
4186570 7
4147813 7
4147569 7
4144092 7
4144849 7
4148763 7
4286615 8
4286057 8
4149311 7
4281018 8
4427669 8
4328023 8
4229081 8
4190914 7
4145264 7
4160567 7
4143836 7
4273830 8
4147635 7
4147862 7
4143648 7
4227968 8
4363355 8
4504521 8
4195861 8
4155889 7
4285620 8
4286200 8
4168161 7
4146514 7
4168947 7
4148853 7
4311132 8
4225747 8
4185502 7
4145408 7
4150258 7
4356711 8
4279427 8
4286626 8
4145638 7
4148459 7
4477226 8
4344644 8
4404253 8
4185677 7
4144845 7
4145432 7
4147740 7
4144036 7
4146630 7
4154241 7
4148707 7
4141672 7
4363875 8
4401285 8
4184236 7
4146919 7
4290498 8
4282813 8
4334733 8
4148218 7
4218084 8
4147667 7
4143823 7
4225237 8
4224204 8
4310374 8
4187584 7
4142971 7
4284056 8
4281368 8
4148023 7
4109915 7
4278100 8
4413812 8
4299355 8
4226037 8
4190184 7
4146354 7
4149570 7
4147970 7
4184015 7
4149031 7
4148445 7
4149217 7
3927750 7
4338692 8
4299655 8
4221711 8
4211115 8
4278543 8
4421399 8
4171495 7
4166960 7
4167867 7
4236560 8
4170137 7
4174253 7
4257201 8
4225516 8
4186040 7
4281909 8
4344317 8
4203451 8
4145199 7
4141138 7
4282202 8
4358226 8
4202641 8
4247983 8
4225042 8
4191023 7
4111681 7
4150177 7
4192272 7
4146479 7
4246080 8
4292069 8
4282226 8
4144940 7
4236616 8
4225199 8
4277370 8
4491714 8
4386164 8
4258335 8
4148739 7
4146563 7
4150854 7
4143745 7
4150837 7
4147203 7
4145363 7
4247275 8
4358904 8
4349414 8
4148256 7
4152310 7
4615650 8
4149304 7
4298765 8
4293594 8
4228498 8
4154852 7
4150812 7
4154837 7
4226134 8
4224170 8
4187558 7
4151713 7
4394777 8
4344931 8
4213485 8
4147841 7
4147978 7
4149049 7
4360921 8
4363725 8
4264665 8
4188983 7
4141689 7
4161402 7
4283697 8
4146738 7
4148043 7
4149029 7
4144978 7
4325991 8
4419650 8
4224470 8
4226676 8
4190072 7
4148480 7
4283355 8
4286249 8
4145540 7
4145489 7
4277367 8
4146780 7
4146930 7
4231781 8
4232335 8
4366344 8
4322813 8
4286378 8
4276996 8
4141889 7
4145718 7
4144259 7
4156482 7
4340595 8
4287648 8
4230834 8
4228124 8
4187863 7
4152991 7
4146358 7
4147426 7
4147384 7
4147377 7
4338452 8
4284988 8
4167686 7
4147977 7
4149437 7
4227758 8
4305158 8
4408376 8
4241347 8
4144594 7
4146992 7
4148390 7
4146948 7
4146168 7
4150875 7
4148613 7
4355929 8
4360314 8
4222434 8
4145279 7
4146703 7
4147893 7
4146291 7
4297938 8
4291867 8
4146287 7
4146923 7
4229284 8
4224043 8
4226204 8
5683077 10
4289063 8
4193368 7
4302637 8
4283575 8
4148420 7
4145034 7
4148554 7
4147241 7
4151001 7
4260503 8
4381880 8
4409479 8
4234441 8
4171597 7
4169382 7
4148312 7
4149532 7
4140545 7
4283107 8
4289981 8
4145038 7
4228351 8
4223027 8
4186030 7
4187799 7
4358830 8
4324876 8
4241553 8
4145607 7
4147775 7
4147949 7
4218698 8
4147513 7
4229807 8
4360946 8
4401896 8
4325893 8
4147733 7
4146459 7
4148226 7
4148592 7
4145429 7
4229200 8
4374412 8
4281151 8
4146651 7
4231697 8
4231896 8
4344345 8
4143592 7
4145072 7
4291943 8
4287449 8
4147384 7
4146564 7
4146490 7
4153410 7
4222067 8
4188083 7
4320642 8
4288926 8
4148194 7
4147520 7
4144493 7
4144836 7
4144752 7
4146462 7
4286968 8
4370037 8
4225764 8
4188474 7
4147031 7
4145299 7
4276700 8
4158542 7
4380689 8
4293612 8
4147366 7
4152733 7
4232066 8
4224909 8
4160008 7
4187164 7
4301192 8
4317492 8
4193620 7
4146222 7
4147680 7
4146210 7
4146857 7
4146584 7
4230935 8
4364036 8
4324133 8
4148288 7
4146486 7
4148938 7
4148012 7
4278414 8
4278148 8
4344508 8
4191846 7
4237038 8
4219483 8
4185440 7
4150502 7
4144769 7
4162533 7
4283777 8
4289858 8
4148599 7
4146790 7
4151745 7
4227591 8
4223384 8
4333357 8
4344058 8
4190690 7
4147032 7
4294317 8
4290407 8
4438845 8
4143100 7
4146217 7
4290902 8
4280617 8
4422034 8
4222148 8
4188020 7
4129393 7
4298011 8
4145269 7
4296398 8
4272314 8
4146860 7
4145516 7
4228739 8
4369272 8
4223359 8
4191713 7
4146218 7
4281462 8
4284441 8
4146825 7
4148428 7
4141836 7
4248559 8
4282646 8
4417094 8
4342079 8
4149357 7
4144384 7
4146703 7
4213845 8
4149856 7
4143016 7
4289876 8
4285973 8
4381500 8
4303328 8
4224704 8
4225803 8
4371692 8
4188414 7
4150306 7
4326714 8
4284172 8
4145028 7
4144298 7
4234873 8
4145896 7
4145349 7
4146490 7
4226665 8
4273683 8
4328467 8
4290390 8
4144119 7
4148732 7
4143965 7
4155428 7
4284876 8
4286818 8
4145202 7
4228778 8
4231239 8
4151688 7
4147499 7
4138324 7
4146004 7
4145739 7
4284350 8
4425319 8
4144224 7
4283369 8
4228306 8
4234608 8
4370093 8
4391394 8
4152174 7
4175647 7
4036942 7
4148830 7
4146179 7
4145314 7
4142259 7
4230241 8
4344771 8
4393252 8
4201416 8
4147474 7
4150603 7
4143676 7
4207103 8
4342211 8
4284639 8
4149175 7
4231078 8
4147474 7
4215385 8
4228714 8
4208824 8
4192492 7
4112586 7
4219316 8
4341848 8
4285700 8
4149273 7
4144849 7
4143215 7
4279783 8
4349770 8
4231613 8
4224096 8
4184204 7
4187953 7
4150756 7
4145698 7
4210169 8
4143603 7
4205403 8
4262169 8
4374000 8
4237182 8
4428852 8
4226805 8
4257570 8
4341325 8
4284904 8
4146710 7
4155271 7
4145122 7
4145974 7
4149514 7
4299383 8
4228956 8
4222899 8
4186159 7
4302219 8
4312151 8
4167727 7
4149541 7
4232995 8
4364737 8
4316170 8
4312189 8
4225094 8
4222723 8
4189535 7
4143389 7
4147314 7
4279304 8
4093554 7
4144339 7
4257850 8
4298025 8
4250330 8
4239405 8
4313286 8
4394997 8
4222225 8
4146906 7
4149636 7
4148662 7
4145868 7
4146930 7
4151577 7
4149178 7
4369165 8
4228292 8
4321588 8
4388273 8
4281895 8
4152820 7
4147314 7
4282398 8
4210681 8
4143613 7
4044225 7
4145111 7
4228966 8
4229930 8
4173147 7
4146822 7
4170025 7
4142209 7
4146385 7
4291789 8
4257693 8
4145548 7
4152736 7
4359358 8
4368236 8
4318704 8
4169554 7
4168332 7
4144298 7
4141651 7
4144378 7
4150571 7
4149534 7
4144675 7
4226927 8
4358733 8
4417946 8
4260193 8
4146902 7
4281853 8
4290494 8
4153493 7
4147657 7
4142475 7
4147604 7
4182664 7
4224211 8
4183020 7
4216540 8
4280439 8
4149583 7
4340183 8
4283466 8
4283319 8
4148439 7
4281375 8
4344104 8
4291535 8
4229598 8
4229245 8
4188603 7
4143735 7
4148397 7
4147063 7
4145411 7
4145156 7
4146833 7
4144088 7
4454675 8
4411735 8
4275251 8
4329782 8
4355472 8
4417269 8
4147914 7
4147360 7
4147886 7
4149224 7
4143784 7
4150334 7
4229804 8
4229109 8
4224588 8
4189245 7
4149650 7
4278610 8
4284572 8
4145634 7
4335885 8
4283184 8
4146193 7
4228460 8
4224050 8
4185973 7
4304798 8
4149356 7
4193219 7
4147132 7
4239793 8
4145925 7
4127700 7
4409151 8
4360304 8
4361990 8
4297571 8
4147042 7
4148836 7
4146881 7
4146955 7
4146131 7
4144434 7
4143610 7
4226176 8
4225475 8
4205973 8
4187820 7
4144102 7
4424680 8
4351079 8
4223575 8
4282363 8
4279423 8
4144353 7
4144790 7
4147743 7
4224738 8
4224277 8
4192310 7
4143473 7
4156186 7
4147381 7
4305654 8
4147356 7
4147999 7
4224071 8
4358488 8
4305943 8
4345026 8
4318195 8
4238232 8
4186570 7
4152932 7
4149042 7
4147451 7
4279332 8
4146169 7
4147206 7
4146993 7
4146857 7
4228128 8
4281326 8
4343088 8
4330997 8
4212051 8
4291458 8
4145540 7
4146807 7
4139867 7
4144790 7
4149133 7
4228851 8
4223530 8
4186843 7
4145551 7
4145139 7
4151287 7
4146861 7
4282460 8
4417334 8
4481760 8
4297553 8
4223069 8
4226243 8
4187336 7
4152003 7
4145230 7
4146717 7
4158539 7
4147108 7
4167009 7
4148641 7
4142978 7
4229843 8
4372925 8
4418839 8
4313139 8
4172833 7
4136445 7
4147597 7
4152705 7
4146291 7
4147754 7
4230502 8
4223576 8
4710950 8
4147814 7
4144968 7
4146078 7
4148588 7
4210662 8
4288672 8
4291828 8
4234388 8
4224141 8
4221938 8
4152576 7
4145390 7
4145534 7
4143791 7
4144919 7
4208221 8
4146364 7
4146933 7
4224190 8
4225453 8
4253395 8
4377349 8
4229490 8
4149821 7
4149880 7
4147593 7
4229776 8
4146127 7
4143983 7
4222692 8
4222179 8
4307804 8
4151056 7
4147866 7
4146508 7
4145962 7
4283592 8
4428549 8
4215793 8
4189008 7
4230980 8
4187080 7
4145736 7
4144200 7
4150770 7
4149395 7
4147077 7
4147971 7
4150065 7
4163570 7
4144162 7
4151301 7
4227433 8
4369804 8
4369978 8
4148285 7
4144671 7
4148487 7
4148421 7
4146902 7
