33786 8
33771 8
35758 8
35726 8
33873 8
33684 8
33740 8
33727 8
33726 8
33904 8
33845 8
33691 8
33800 8
33709 8
35493 8
33712 8
33813 8
33800 8
33744 8
33716 8
33775 8
33733 8
33838 8
33957 8
33754 8
33908 8
33856 8
33796 8
33852 8
33859 8
33918 8
33775 8
33664 8
33712 8
33901 8
33503 8
35468 8
33625 8
33859 8
33890 8
33813 8
33744 8
33866 8
33894 8
33709 8
33758 8
33873 8
33761 8
33775 8
33988 8
33698 8
35688 8
33880 8
33705 8
33761 8
33747 8
33744 8
33712 8
35595 8
33932 8
33855 8
33678 8
33789 8
33775 8
33866 8
33954 8
33601 8
34006 8
33866 8
33643 8
33716 8
33783 8
33859 8
35525 8
33698 8
33821 8
33663 8
33772 8
33559 8
33873 8
35727 8
33615 8
33782 8
33751 8
34037 8
33776 8
33534 8
33779 8
33744 8
35650 8
33433 8
33974 8
33688 8
33846 8
33695 8
33650 8
34006 8
33758 8
33793 8
33514 8
33755 8
33706 8
35570 8
35667 8
35650 8
33783 8
33863 8
33734 8
33765 8
33793 8
33775 8
33880 8
35413 8
33821 8
33740 8
33901 8
33726 8
33654 8
33524 8
33950 8
33897 8
33695 8
33674 8
33859 8
35542 8
33891 8
33688 8
33747 8
34037 8
35661 8
33887 8
33737 8
33810 8
33846 8
35570 8
33764 8
33970 8
33863 8
33755 8
33876 8
33810 8
33855 8
33524 8
33877 8
33744 8
33803 8
35601 8
33678 8
35301 8
33737 8
33629 8
33720 8
33747 8
33859 8
33870 8
33783 8
33750 8
33796 8
33884 8
33769 8
33747 8
33891 8
33681 8
33838 8
33758 8
33639 8
33789 8
33796 8
33824 8
33699 8
33859 8
35601 8
33856 8
33859 8
33744 8
150410 36
33845 8
33789 8
33811 8
33712 8
33674 8
33691 8
33678 8
33583 8
33817 8
33688 8
33740 8
33863 8
33804 8
33688 8
33775 8
33961 8
33824 8
33653 8
33674 8
33688 8
33897 8
33765 8
33702 8
33838 8
33824 8
33413 8
33747 8
33747 8
33678 8
33660 8
33737 8
33695 8
33821 8
33730 8
33750 8
33646 8
35775 8
33790 8
33820 8
33605 8
33838 8
33709 8
33873 8
33723 8
33988 8
33814 8
35643 8
33807 8
33664 8
33943 8
33839 8
33866 8
35615 8
33632 8
33667 8
33839 8
33643 8
33995 8
33852 8
33723 8
33740 8
38726 9
35552 8
35709 8
33499 8
33859 8
33818 8
33685 8
33758 8
33800 8
33737 8
33807 8
33776 8
33912 8
33744 8
33911 8
33741 8
34017 8
33883 8
33789 8
34097 8
33730 8
33692 8
33684 8
33905 8
33733 8
33793 8
33813 8
34009 8
33811 8
33890 8
33751 8
33699 8
34156 8
33873 8
35535 8
33691 8
33730 8
33737 8
33821 8
33510 8
33786 8
33734 8
33677 8
33653 8
33713 8
33730 8
33825 8
33653 8
33625 8
33702 8
33849 8
33681 8
33684 8
33806 8
33705 8
33743 8
33765 8
33653 8
33807 8
33699 8
33814 8
35608 8
33709 8
33723 8
33723 8
33915 8
33782 8
33905 8
33566 8
33845 8
33636 8
33758 8
33722 8
35616 8
33957 8
33685 8
33838 8
33740 8
33552 8
33880 8
33926 8
33831 8
33734 8
35664 8
33664 8
33642 8
33737 8
33842 8
33520 8
33751 8
33790 8
33946 8
33883 8
33674 8
33723 8
33238 8
33733 8
35577 8
33744 8
33873 8
35695 8
33702 8
35699 8
33790 8
33768 8
35772 8
33726 8
33723 8
33803 8
33782 8
33632 8
33688 8
33757 8
33793 8
33807 8
33723 8
33744 8
35514 8
33863 8
35539 8
33894 8
33929 8
35786 8
33740 8
33587 8
33727 8
33862 8
33775 8
33692 8
33692 8
33611 8
33810 8
33887 8
34083 8
33744 8
33702 8
33542 8
33811 8
33688 8
33831 8
31960 7
33646 8
33834 8
33762 8
33925 8
33880 8
33667 8
33678 8
33880 8
33856 8
33869 8
33807 8
33657 8
33632 8
33653 8
33887 8
33758 8
33828 8
33709 8
33905 8
33590 8
33674 8
33744 8
33866 8
33824 8
33828 8
33611 8
33856 8
33649 8
33793 8
33716 8
35608 8
35717 8
33709 8
33876 8
33870 8
33859 8
33730 8
33929 8
33747 8
33810 8
33702 8
33681 8
33699 8
33542 8
33656 8
33688 8
33772 8
35497 8
33848 8
33744 8
33859 8
33720 8
35678 8
33685 8
33730 8
33730 8
33862 8
33890 8
33880 8
33957 8
33786 8
33723 8
33626 8
35629 8
33499 8
33723 8
33817 8
33723 8
33848 8
33241 8
34355 8
33740 8
33813 8
33733 8
33950 8
33807 8
33727 8
33894 8
33671 8
33817 8
33834 8
35622 8
33884 8
33793 8
33796 8
33733 8
35671 8
33894 8
33817 8
33852 8
33757 8
33660 8
34075 8
33880 8
33677 8
33740 8
35493 8
33873 8
33827 8
33877 8
33705 8
33706 8
33772 8
33744 8
33929 8
33688 8
33964 8
33730 8
33643 8
33866 8
33849 8
33600 8
33768 8
33748 8
33730 8
33691 8
33730 8
33691 8
33852 8
33842 8
35689 8
33841 8
35657 8
34174 8
33810 8
33747 8
33960 8
33775 8
33870 8
33772 8
33863 8
33803 8
33814 8
33824 8
33831 8
33765 8
33846 8
33817 8
33814 8
33929 8
33709 8
33684 8
35730 8
33775 8
35566 8
33758 8
33719 8
33810 8
33688 8
33670 8
33859 8
33817 8
34341 8
33785 8
73975 18
33548 8
33660 8
33828 8
33821 8
33842 8
33820 8
33789 8
33748 8
33992 8
33800 8
33737 8
33835 8
33856 8
33622 8
33859 8
33709 8
33618 8
33677 8
33649 8
35566 8
33740 8
33883 8
33870 8
33845 8
33757 8
33754 8
33846 8
33677 8
73360 17
33814 8
33793 8
33681 8
33803 8
33954 8
33580 8
33845 8
33898 8
33601 8
33734 8
33793 8
33831 8
33688 8
33772 8
33922 8
33685 8
33842 8
33755 8
33807 8
33744 8
33650 8
35573 8
33856 8
33663 8
33580 8
33880 8
35667 8
33741 8
33716 8
33841 8
33828 8
33925 8
33750 8
33740 8
33803 8
33949 8
35748 8
33534 8
33848 8
33705 8
33600 8
33744 8
33643 8
33984 8
33769 8
33825 8
33891 8
33887 8
35454 8
33827 8
33671 8
33863 8
33893 8
33639 8
33779 8
35521 8
33855 8
33674 8
35602 8
33772 8
33769 8
33824 8
33779 8
151845 37
33800 8
33671 8
33734 8
33643 8
33880 8
33702 8
33765 8
33741 8
33789 8
33866 8
33838 8
33716 8
33667 8
33800 8
33706 8
33817 8
75269 18
33827 8
33705 8
33887 8
33824 8
33866 8
33594 8
33880 8
33747 8
33663 8
33779 8
33796 8
35657 8
35364 8
33695 8
33863 8
34135 8
33782 8
33890 8
33691 8
33824 8
33674 8
33803 8
33657 8
33838 8
33856 8
33964 8
35531 8
33656 8
33820 8
33576 8
33932 8
33664 8
33929 8
35671 8
33677 8
33807 8
33873 8
33621 8
33772 8
33723 8
33629 8
33884 8
33992 8
33709 8
33803 8
33827 8
33618 8
33594 8
35584 8
33765 8
33688 8
33698 8
33862 8
33716 8
33712 8
35674 8
33723 8
33754 8
35507 8
33716 8
33845 8
33769 8
35562 8
33786 8
33702 8
33775 8
33744 8
33748 8
33789 8
33698 8
33444 8
33769 8
33569 8
33758 8
33758 8
35566 8
33789 8
35692 8
33813 8
33797 8
33688 8
33880 8
33817 8
33713 8
33831 8
33793 8
33866 8
33765 8
33824 8
35724 8
33866 8
33744 8
33684 8
33814 8
33660 8
35559 8
33793 8
33740 8
33723 8
34002 8
33932 8
33845 8
33741 8
33747 8
33653 8
33747 8
33691 8
33898 8
33803 8
33544 8
33708 8
33880 8
33841 8
33918 8
33698 8
33747 8
33698 8
33772 8
31524 7
33653 8
33660 8
36303 8
33824 8
33807 8
33796 8
33688 8
33971 8
33890 8
33842 8
33793 8
33792 8
33995 8
33828 8
33775 8
33786 8
33778 8
33678 8
33782 8
33709 8
33827 8
33772 8
35395 8
33848 8
33688 8
33956 8
33926 8
33811 8
33625 8
33901 8
33688 8
35490 8
33709 8
33852 8
33905 8
33744 8
34100 8
33740 8
33877 8
33838 8
33873 8
33761 8
33870 8
33726 8
35699 8
33804 8
33730 8
33684 8
34219 8
33817 8
33877 8
33897 8
33901 8
35497 8
33804 8
33950 8
73975 18
33723 8
33604 8
33901 8
33866 8
33698 8
33674 8
33789 8
33548 8
33685 8
35437 8
33807 8
33841 8
33793 8
33821 8
33736 8
33779 8
33827 8
33786 8
33757 8
33841 8
33817 8
33796 8
33712 8
35706 8
33730 8
33908 8
33663 8
33712 8
33587 8
33684 8
33579 8
33807 8
33733 8
33733 8
33824 8
33776 8
33904 8
33654 8
33722 8
33873 8
33852 8
33764 8
33880 8
35661 8
33883 8
33915 8
33646 8
33506 8
33740 8
33936 8
33650 8
33887 8
33852 8
33744 8
33845 8
33824 8
33811 8
33866 8
33807 8
33824 8
33737 8
33695 8
33831 8
33834 8
33646 8
35653 8
33810 8
33922 8
33831 8
33929 8
33692 8
33677 8
33692 8
33862 8
33901 8
33827 8
33866 8
33653 8
33615 8
33744 8
33810 8
34044 8
33831 8
33943 8
35636 8
33698 8
34142 8
33796 8
33688 8
33863 8
33542 8
33688 8
33747 8
33706 8
33807 8
33898 8
33796 8
33810 8
33797 8
33834 8
33853 8
33653 8
33821 8
33803 8
33796 8
33751 8
35465 8
33719 8
33764 8
33771 8
33674 8
33869 8
33636 8
33870 8
33838 8
33877 8
33681 8
34020 8
33856 8
33905 8
33800 8
33887 8
33758 8
33793 8
33810 8
33884 8
33737 8
33848 8
33810 8
33646 8
33727 8
33657 8
34044 8
33835 8
33730 8
33657 8
33782 8
33793 8
33852 8
130587 31
33601 8
33814 8
33730 8
33747 8
33866 8
33737 8
33817 8
33709 8
33936 8
33831 8
33758 8
33719 8
33747 8
35598 8
33960 8
33601 8
33797 8
33797 8
33870 8
33744 8
33824 8
33807 8
35598 8
33883 8
34009 8
35605 8
38021 9
33604 8
33876 8
33810 8
33852 8
33922 8
33608 8
33793 8
33838 8
33849 8
33709 8
33904 8
33824 8
33713 8
33841 8
