1083407 8
1037705 7
1095075 8
1037925 7
1095584 8
1038529 7
1038612 7
1038571 7
1039140 7
1039073 7
1038343 7
1038490 7
1038131 7
1101750 8
1038759 7
1168449 8
1037725 7
1037502 7
1039168 7
1038508 7
1038613 7
1095154 8
1042247 7
1039248 7
1038040 7
1101258 8
1038193 7
1037181 7
1037681 7
1038207 7
1038309 7
1037862 7
1038135 7
1040299 7
1038438 7
1038462 7
1110464 8
1038316 7
1038047 7
1037268 7
1038421 7
1093545 8
1094432 8
1038892 7
1037872 7
1038204 7
1097278 8
1038640 7
1039171 7
1081113 8
1038180 7
1089712 8
1038176 7
1038343 7
1038278 7
1037527 7
1164940 8
1037813 7
1038648 7
1095211 8
1037373 7
1038521 7
1039251 7
1043256 7
1037984 7
1037537 7
1038539 7
1039122 7
1098164 8
1093266 8
1039105 7
1038690 7
1037928 7
1038766 7
1038333 7
1038033 7
1037747 7
1105560 8
1038277 7
1038533 7
1039046 7
1037691 7
1038214 7
1039591 7
1038131 7
1037296 7
1019085 7
1037342 7
1038033 7
1038609 7
1121626 8
1038563 7
1100999 8
1088692 8
1038343 7
1041304 7
1094914 8
1038330 7
1037282 7
1037778 7
1038557 7
1113310 8
1037582 7
1037481 7
1039629 7
1039098 7
1038385 7
1038128 7
1110936 8
1038107 7
1037251 7
1037673 7
1038955 7
1037726 7
1041940 7
1038418 7
1089216 8
1096534 8
1038564 7
1039175 7
1036930 7
1043629 7
1038152 7
1103394 8
1039328 7
1038232 7
1038124 7
1038962 7
1038302 7
1124894 8
1039143 7
1097596 8
1047093 7
1039489 7
1095920 8
1037688 7
1037816 7
1038246 7
1096189 8
1037953 7
1038560 7
1037942 7
1080945 8
1039129 7
1168882 8
1037673 7
1038253 7
1038145 7
1037534 7
1116058 8
1037980 7
1083975 8
1108024 8
1038679 7
1039520 7
1096318 8
1038403 7
1039695 7
1038278 7
1094051 8
1037523 7
1038246 7
1111972 8
1096615 8
1114214 8
1038448 7
1038578 7
1038783 7
1038397 7
1038732 7
1092896 8
1038340 7
1038829 7
1037820 7
1037793 7
1037970 7
1096063 8
1037583 7
1043106 7
1044552 7
1096373 8
1038651 7
1036664 7
1090654 8
1098276 8
1091475 8
1039216 7
1038347 7
1099544 8
1047721 7
1037673 7
1038452 7
1038204 7
1037314 7
1037739 7
1037561 7
1037698 7
1038061 7
1038145 7
1037785 7
1037345 7
1038483 7
1037792 7
1038487 7
1038480 7
1038840 7
1038390 7
1039269 7
1038790 7
1038826 7
1037935 7
1038270 7
1038103 7
1039730 7
1038016 7
1038808 7
1038840 7
1036361 7
1037534 7
1038476 7
1082286 8
1037520 7
1037977 7
1037363 7
1037688 7
1097504 8
1020660 7
1121958 8
1036448 7
1103660 8
1037405 7
1037988 7
1037080 7
1038246 7
1037621 7
1105196 8
1038089 7
1038033 7
1038044 7
1037803 7
1039691 7
1039600 7
1095158 8
1040711 7
1125369 8
1042970 7
1100887 8
1038315 7
1118610 8
1038107 7
1085016 8
1043613 7
1038061 7
1038015 7
1037718 7
1037764 7
1037705 7
1079797 8
1038927 7
1037754 7
1037045 7
1122045 8
1040003 7
1103293 8
1038567 7
1038214 7
1038794 7
1096482 8
1040030 7
1039447 7
1038284 7
1037387 7
1038888 7
1039283 7
1115855 8
1096202 8
1081144 8
1038455 7
1038515 7
1037939 7
1085386 8
1038906 7
1038351 7
1077538 8
1122234 8
1038815 7
1038934 7
1086353 8
1092418 8
1117591 8
965728 7
1038057 7
1038029 7
1031808 7
1038165 7
1104648 8
1085976 8
1037618 7
1038553 7
1039740 7
1175672 8
1030959 7
1168142 8
1037575 7
1094953 8
1037293 7
1036822 7
1006314 7
1038724 7
1111400 8
1037551 7
1125537 8
1039405 7
1038434 7
1037964 7
1089279 8
1039405 7
1042576 7
1037747 7
1037949 7
1038990 7
1037481 7
1037412 7
966457 7
1078023 8
1096475 8
1045421 7
1039049 7
1038208 7
1037576 7
1037638 7
1084496 8
1039615 7
1038623 7
1039915 7
1041099 7
1038557 7
1037209 7
1037838 7
1039129 7
1038295 7
1057292 8
1037593 7
1037921 7
1037816 7
1038619 7
1095846 8
1153398 8
1037904 7
1036828 7
1162401 8
1039475 7
1037401 7
1037869 7
1088651 8
1037450 7
1042739 7
1038026 7
1037869 7
1037691 7
1038738 7
1038243 7
1038829 7
1098999 8
1039091 7
1127010 8
1038756 7
1230612 9
1037265 7
1091848 8
1038271 7
1094034 8
1043200 7
1038089 7
1038057 7
1039265 7
1037219 7
1037607 7
1038107 7
1038780 7
1089925 8
1042164 7
1122527 8
1038647 7
1036996 7
1038442 7
1037436 7
1039395 7
1121833 8
1039168 7
1038923 7
1077258 8
1095549 8
1038305 7
1038637 7
1112291 8
1096066 8
1038319 7
1026397 7
1038158 7
1038288 7
1037743 7
1039367 7
1039119 7
1086713 8
1038306 7
1039063 7
1037810 7
1173333 8
1041699 7
1037974 7
1039109 7
1037492 7
1038128 7
1105175 8
1038431 7
1039199 7
1122252 8
1037572 7
1037869 7
1038093 7
1149065 8
1038466 7
1038717 7
1039052 7
1037757 7
1038197 7
1039273 7
1039014 7
1099672 8
1128445 8
1039356 7
1090120 8
1096653 8
1108554 8
1038686 7
1037744 7
1038030 7
1037935 7
1038574 7
1038588 7
1037230 7
1038662 7
1038369 7
1038162 7
1132806 8
1099495 8
1038613 7
1038606 7
1038051 7
1095822 8
1037293 7
1037733 7
1038438 7
1039189 7
1043183 7
1037737 7
1038396 7
1102570 8
1039182 7
1118474 8
1038145 7
1085319 8
1095082 8
1041290 7
1038574 7
1038120 7
1043947 7
1037939 7
1038955 7
1094484 8
1089255 8
1038571 7
1116505 8
1038302 7
1118292 8
1038333 7
1120181 8
1039001 7
1038626 7
1095298 8
1037953 7
1089150 8
1037495 7
1096632 8
1037149 7
1038491 7
1038515 7
1037897 7
1038647 7
1039259 7
1044014 7
1037841 7
1038703 7
1038193 7
1036556 7
1037157 7
1038089 7
1038351 7
1039049 7
1042935 7
1038469 7
1038490 7
1119186 8
1038243 7
1038501 7
1038947 7
1038124 7
1037715 7
1038180 7
1096090 8
1037764 7
1037565 7
1037206 7
1124287 8
1037443 7
1038442 7
1039322 7
1041036 7
1106390 8
1042097 7
1044240 7
1042708 7
1042571 7
1043002 7
1043717 7
1157835 8
1100068 8
1037160 7
1121578 8
1037904 7
1084569 8
1037970 7
1037950 7
1038679 7
1086284 8
1094914 8
1038675 7
1042174 7
1038134 7
1038500 7
1037575 7
1093661 8
1039366 7
1227941 9
1045446 7
1037753 7
1039185 7
1038009 7
1038368 7
1037265 7
1038623 7
1037708 7
1038927 7
1038469 7
1083152 8
1082485 8
1093678 8
1038801 7
1038030 7
1038103 7
1100591 8
1038197 7
1043525 7
1037803 7
1037882 7
1038752 7
1038616 7
1038229 7
1038162 7
1229303 9
1038878 7
1124810 8
1037977 7
1096084 8
1037464 7
1037869 7
1038675 7
1037956 7
1038386 7
1037311 7
1038546 7
1036755 7
1095598 8
1037160 7
1104879 8
1036811 7
1036214 7
1036685 7
1038186 7
1037304 7
1039245 7
1097232 8
1038829 7
1037223 7
1037572 7
1038343 7
1037736 7
1037457 7
1037921 7
964952 7
1038787 7
1042471 7
1038194 7
1038501 7
1095319 8
1038609 7
1038208 7
1037971 7
1038403 7
1038833 7
1038172 7
1037467 7
1128242 8
1038878 7
1111390 8
1038941 7
1036888 7
1096946 8
1037394 7
1123773 8
1038906 7
1037408 7
1038909 7
1037932 7
1037328 7
1175599 8
1038711 7
1124349 8
1037855 7
1062508 8
1038169 7
1040075 7
1038044 7
1038801 7
1037750 7
1038570 7
1038100 7
1038574 7
1038305 7
1038093 7
1039395 7
1037935 7
1038008 7
1038445 7
1038850 7
1038166 7
1150433 8
1082279 8
1039765 7
1038302 7
1037551 7
1037751 7
1038344 7
1175993 8
1038605 7
1090550 8
1038270 7
1038889 7
1037433 7
1038169 7
1039056 7
1030907 7
1038940 7
1093510 8
1038846 7
1037869 7
1118746 8
1039123 7
1038281 7
1038487 7
1037391 7
1039004 7
1037540 7
1039077 7
1038682 7
1038972 7
1038840 7
1037376 7
1038375 7
1037691 7
1096632 8
1120667 8
1036808 7
1085543 8
1038539 7
1038438 7
1038411 7
1037764 7
1038393 7
1095075 8
1038246 7
1038347 7
1038533 7
1037412 7
1102913 8
1037953 7
1038179 7
1038487 7
1037981 7
1038033 7
1037286 7
1038061 7
1097756 8
1038689 7
1038679 7
1037922 7
1037897 7
1039332 7
1038421 7
1038669 7
1038479 7
1037450 7
1037548 7
1036846 7
1038801 7
1099418 8
1039482 7
1037705 7
1038351 7
1042282 7
1038096 7
1040498 7
1128662 8
1038626 7
1135225 8
1038525 7
1112542 8
1037785 7
1093126 8
1037631 7
1078760 8
1038490 7
1038169 7
1041790 7
1038169 7
1038249 7
1038016 7
1038343 7
1094356 8
1038462 7
1038420 7
1038529 7
1037945 7
1038096 7
1038731 7
1038173 7
1038068 7
1037802 7
1038211 7
1098203 8
1038369 7
1037841 7
1038308 7
1096499 8
1037112 7
1037513 7
1039063 7
1039125 7
1038421 7
1038605 7
1038050 7
1034210 7
1038487 7
1098098 8
1038847 7
1137215 8
1037925 7
1078581 8
1038431 7
1037747 7
1038117 7
1038452 7
1038362 7
1037558 7
1095329 8
1038012 7
1087254 8
1038361 7
1166354 8
1041109 7
1119570 8
1038229 7
1037841 7
1037010 7
1038937 7
1038075 7
1038218 7
1113275 8
1037876 7
1130239 8
1038620 7
1083273 8
1037876 7
1037974 7
1037886 7
1038057 7
1037132 7
1038323 7
1038617 7
1096345 8
1038302 7
1038497 7
1109644 8
1039056 7
1105807 8
1079727 8
1039052 7
1096328 8
1037803 7
1038267 7
1038696 7
1038822 7
1122851 8
1037537 7
1037660 7
1111732 8
1037481 7
1038285 7
1038246 7
1038452 7
1038801 7
1037670 7
1038107 7
1037488 7
1038067 7
1023463 7
1038997 7
1037973 7
1095728 8
1036344 7
1104962 8
1039486 7
1115049 8
1038839 7
1126211 8
1095113 8
1037723 7
966314 7
1037792 7
1038291 7
1037321 7
1038560 7
1039489 7
1037970 7
1039045 7
1094712 8
1037782 7
1085557 8
1039454 7
1098905 8
1037667 7
1037282 7
1037873 7
1188709 9
1038864 7
1037739 7
1038040 7
1038330 7
1038818 7
1038207 7
1038036 7
1037991 7
1042803 7
1037931 7
1038965 7
1037058 7
1037635 7
979864 7
1037506 7
1092980 8
1094750 8
1030698 7
1037646 7
1037189 7
1037303 7
1037998 7
1038435 7
1037635 7
1038071 7
1038166 7
1037213 7
1038742 7
1039011 7
1037464 7
1038815 7
1037502 7
1094241 8
1038777 7
1038518 7
1037474 7
1100462 8
1039136 7
1038637 7
1038061 7
1037555 7
1108740 8
1037649 7
1037656 7
1038748 7
1037237 7
1037227 7
1038874 7
1042904 7
1037816 7
1089880 8
1037680 7
1012979 7
1038605 7
1096859 8
1037807 7
1037122 7
1042938 7
1095571 8
1036961 7
1037729 7
1037753 7
1037757 7
1038082 7
1038924 7
1037785 7
1038432 7
1112716 8
1038459 7
1085644 8
1038546 7
1038103 7
1037799 7
1039357 7
1037286 7
1095256 8
1089991 8
1037879 7
1038113 7
1037712 7
1038689 7
1036406 7
1038305 7
1037512 7
1038927 7
1103918 8
1038661 7
1037436 7
1038463 7
1104707 8
1037548 7
1038508 7
1037579 7
1039339 7
1038110 7
1037786 7
1189090 9
1124510 8
1039181 7
1039660 7
1039730 7
1038787 7
1087530 8
1037115 7
1124779 8
1037932 7
1038145 7
1170606 8
1128847 8
1042925 7
1100853 8
1038166 7
1039007 7
1094638 8
1039154 7
1038543 7
1038599 7
1043763 7
1038393 7
1039642 7
1039119 7
1041982 7
1038616 7
1081462 8
1037617 7
1037565 7
965706 7
1038675 7
1038079 7
1038484 7
1154054 8
1038267 7
1038689 7
1038250 7
1175425 8
1038253 7
1104882 8
1038288 7
1038770 7
1043926 7
1036375 7
1037757 7
1038096 7
1112950 8
1038969 7
