14734095 8
15379505 8
14704939 8
14649999 7
15221542 8
14640750 7
15365253 8
15428583 8
15412491 8
15154704 8
14606507 7
15797395 8
14618053 7
14609000 7
15119895 8
15930422 8
15415518 8
15481354 8
15110503 8
15354782 8
14669281 7
15044405 8
14542885 7
14617229 7
14836974 8
14695009 8
14777858 8
14935706 8
14726183 8
14563993 7
14916594 8
14653986 7
14556776 7
14878811 8
14613605 7
14764762 8
14893175 8
14746364 8
14774602 8
15126612 8
14693135 8
15792839 8
15617789 8
15178624 8
15228734 8
15078118 8
15196601 8
15453148 8
14687252 8
15015756 8
14907572 8
14915934 8
14784251 8
14679846 7
15129555 8
15269977 8
14588547 7
15272049 8
14589113 7
14671494 7
15059795 8
14744785 8
15054607 8
14781350 8
14535444 7
15285591 8
14663761 7
14771909 8
15066963 8
15009136 8
14713855 8
14729583 8
14815687 8
15049660 8
14905097 8
14732195 8
14995576 8
15027375 8
14685334 8
15183934 8
14656042 7
14715978 8
15358264 8
14749390 8
15265429 8
14871598 8
15756968 8
14775962 8
15062379 8
15361283 8
16003359 8
14588111 7
14751932 8
15417002 8
14726923 8
16461494 8
14938768 8
14843196 8
15549625 8
14612795 7
16441031 8
14650013 7
14896230 8
15481606 8
14809798 8
15898497 8
14629441 7
15422951 8
15347929 8
15070615 8
15809555 8
15258781 8
15898462 8
15067535 8
15047271 8
15221155 8
15398885 8
16266638 8
15093197 8
15177149 8
15572793 8
14822594 8
15436676 8
15121194 8
14653772 7
15511237 8
14597950 7
15346498 8
14884837 8
15109222 8
14956776 8
15097198 8
15593825 8
15541433 8
15572416 8
15163149 8
15022920 8
15643147 8
14862443 8
15880757 8
14895999 8
15022493 8
15515748 8
14910735 8
15938521 8
14927774 8
15021579 8
15667154 8
14861169 8
14950188 8
15407055 8
14617994 7
15524811 8
14750713 8
15538717 8
14698490 8
14931065 8
15292968 8
14612851 7
15401127 8
14756132 8
15362485 8
15365390 8
14933666 8
15489395 8
15007781 8
15048881 8
14976928 8
14785892 8
15538717 8
14845870 8
14978482 8
14871053 8
14910477 8
15659430 8
14942866 8
15011388 8
15058545 8
14732856 8
16542098 9
14547297 7
14599699 7
14888290 8
15045558 8
15398721 8
14593829 7
15844085 8
14603843 7
14969164 8
15435984 8
14784817 8
16217913 8
14490144 7
14953054 8
15668375 8
14660409 7
15665956 8
14732939 8
14914719 8
15628588 8
14620161 7
15858339 8
14600002 7
15091295 8
15611574 8
14585625 7
15636021 8
15373437 8
15069113 8
15737441 8
14665280 7
15616284 8
14795930 8
14941226 8
15684578 8
15067829 8
15462410 8
15695349 8
15024033 8
15696683 8
14693557 8
15599739 8
14780638 8
14652481 7
15409967 8
14680998 8
16812981 9
15290311 8
14936321 8
15396612 8
14616303 7
15463077 8
15543765 8
14846861 8
15698077 8
14623960 7
15551610 8
14829014 8
14922079 8
15243982 8
14611035 7
15472033 8
14607135 7
15061307 8
15658282 8
14987803 8
15435255 8
14970274 8
14917645 8
15677980 8
14796331 8
15495875 8
14787941 8
14898963 8
15571047 8
14898174 8
15344326 8
14632989 7
14815356 8
15821538 8
14844599 8
15517012 8
14797585 8
15194055 8
15409451 8
14935336 8
15496199 8
14652872 7
14714673 8
15420427 8
15200406 8
15427689 8
14941833 8
14947507 8
15415954 8
14709970 8
15502302 8
14873633 8
14959793 8
15386948 8
14652914 7
15561446 8
15065891 8
15329087 8
15512399 8
14925500 8
15395952 8
14927022 8
15017955 8
15373154 8
14943170 8
15409559 8
15340999 8
14846342 8
15525946 8
14860757 8
15348728 8
15043176 8
14779887 8
15663655 8
15026670 8
15518265 8
14839729 8
14989734 8
15452282 8
14855129 8
15413800 8
15264563 8
14940465 8
15252811 8
15369830 8
14591682 7
15783488 8
15398037 8
15377602 8
15374411 8
15950124 8
15387252 8
15389040 8
14665654 7
14684214 8
15692598 8
15317977 8
15715858 8
15492359 8
14879363 8
15854136 8
14673736 7
15172067 8
15354440 8
15362764 8
15665481 8
14987256 8
15700258 8
15432759 8
15125014 8
15740137 8
14873685 8
15622035 8
15430510 8
15021894 8
15692025 8
14874038 8
15315829 8
15428093 8
15025640 8
15673162 8
15330459 8
15688178 8
15434270 8
15071994 8
15676279 8
15175440 8
15575237 8
15210475 8
14899075 8
15853071 8
15196048 8
15642976 8
14996490 8
14833682 8
15676939 8
15111405 8
15386058 8
15000519 8
14677301 7
15747021 8
15046270 8
15352849 8
14907436 8
14705657 8
15873468 8
15125415 8
14932885 8
15103762 8
14892427 8
15919009 8
15176249 8
14575584 7
14891230 8
14870170 8
15895986 8
15031767 8
14744080 8
14876967 8
14983841 8
15541685 8
15060329 8
14611898 7
14914936 8
14798137 8
15580558 8
15152163 8
14587569 7
15420371 8
15395241 8
15558453 8
15009992 8
14754924 8
15089824 8
14622836 7
15596775 8
14895500 8
14638624 7
15043910 8
14696559 8
15280780 8
14913735 8
14594772 7
15021928 8
14976432 8
15339965 8
15329279 8
14717580 8
15044846 8
14913232 8
15499980 8
14837617 8
14654977 7
15253342 8
15091309 8
15355932 8
14661510 7
14721292 8
15493246 8
14972013 8
15370784 8
14759627 8
14863439 8
15441019 8
14968210 8
15463245 8
14651622 7
14800877 8
15272191 8
14991854 8
15425099 8
15102606 8
14579658 7
15370040 8
14723932 8
15451140 8
14798922 8
14729618 8
15301243 8
14614219 7
15440970 8
14674574 7
14647003 7
15396500 8
14574229 7
15364531 8
14744565 8
14607488 7
15248544 8
14744980 8
15442447 8
14589699 7
14735621 8
15470985 8
14593041 7
15275962 8
14579725 7
14608678 7
15461262 8
14602523 7
15398858 8
14604224 7
14586055 7
15370570 8
14627867 7
15440743 8
14659129 7
14723802 8
15397893 8
14612739 7
15531585 8
14652100 7
14655358 7
15408144 8
14646420 7
15609322 8
14652296 7
14714267 8
15398414 8
14707836 8
15466688 8
14583090 7
14920878 8
15424219 8
14661031 7
15369324 8
14586016 7
14621404 7
15392751 8
14645610 7
15384152 8
14730365 8
14798559 8
15359943 8
14898244 8
15395970 8
14651821 7
14925486 8
15398142 8
14616457 7
15367397 8
14578758 7
14786591 8
15398508 8
14795057 8
15424662 8
14944459 8
14710298 8
15383446 8
14670179 7
15429850 8
14939044 8
14795092 8
15423995 8
14631994 7
15589000 8
14652899 7
14770419 8
15382727 8
14609799 7
15449004 8
14799096 8
14642258 7
15689027 8
14640457 7
15617629 8
14732841 8
14637220 7
15549439 8
14728917 8
15619926 8
14972194 8
14626980 7
15442729 8
14680017 7
15764394 8
14883587 8
14640680 7
15522182 8
14615186 7
15745887 8
14971070 8
14610019 7
15786582 8
14569115 7
15772218 8
14910146 8
14614810 7
15675079 8
15421757 8
15773402 8
14721679 8
14767597 8
15455647 8
14607938 7
15949215 8
14878560 8
14776172 8
15476777 8
14607952 7
15708718 8
14885172 8
14831709 8
15649759 8
14613912 7
15813462 8
15456206 8
14784625 8
15632107 8
14670315 7
15232306 8
15047415 8
14644430 7
15892013 8
14695561 8
15011821 8
15336537 8
14565913 7
16090842 8
14820673 8
14882120 8
15416615 8
14737795 8
15687337 8
14776218 8
15027964 8
15382985 8
14591075 7
15747776 8
14858687 8
14921126 8
15359235 8
14586331 7
15407802 8
14773463 8
14916182 8
15519721 8
14762870 8
15440149 8
14815153 8
15004824 8
15431606 8
14614038 7
15509250 8
15049873 8
14853673 8
15367816 8
14601891 7
15544743 8
15250056 8
14895500 8
15372096 8
14733026 8
15309525 8
15039895 8
15019323 8
15381669 8
14616198 7
15332110 8
14929215 8
14869527 8
15454545 8
14582605 7
15426115 8
15339250 8
14914133 8
15494674 8
14779904 8
15453315 8
14976101 8
14851770 8
15400760 8
14525431 7
15335661 8
14876434 8
14905080 8
15344308 8
14634784 7
15326604 8
14913435 8
14849568 8
15401367 8
14823155 8
15421513 8
14836241 8
14767570 8
15400984 8
14897996 8
15428237 8
14916594 8
14846083 8
15437360 8
14909322 8
15535418 8
14732835 8
14684144 8
15423004 8
14931290 8
15430894 8
14842064 8
14771061 8
15324687 8
14925469 8
15638832 8
14729102 8
14936932 8
15470126 8
14856333 8
15634656 8
15340046 8
14835993 8
15408309 8
14611265 7
15808319 8
14598567 7
14874611 8
15729456 8
14562816 7
15486005 8
14897678 8
14866064 8
15992117 8
14687552 8
14964873 8
15398693 8
14906507 8
15793132 8
14589050 7
14886656 8
14788486 8
14799928 8
15994076 8
14635391 7
14887491 8
14914322 8
14755595 8
15946632 8
14808593 8
15066003 8
14717825 8
14609855 7
15876994 8
14578038 7
14915927 8
15415057 8
14683159 8
15512766 8
14542604 7
14977134 8
15427281 8
14725991 8
15598500 8
14647760 7
14949626 8
15417078 8
14648036 7
15259560 8
14681431 8
14877603 8
15456419 8
14630545 7
15517968 8
14609304 7
15081170 8
15404698 8
14637255 7
15414729 8
14576883 7
15096070 8
15418720 8
14550642 7
15484514 8
14619687 7
15102886 8
15339368 8
14609747 7
15381509 8
14643512 7
15033495 8
15430957 8
14588851 7
15428768 8
14635331 7
15065061 8
15452135 8
14596525 7
15373078 8
14528025 7
15032960 8
15406978 8
14574017 7
15389211 8
14571723 7
14989842 8
15362680 8
14590946 7
15480663 8
15328318 8
15345845 8
15409880 8
14703451 8
15434856 8
14632640 7
15016551 8
15422739 8
14682384 8
15387489 8
14614918 7
15023684 8
15308023 8
14643302 7
15415735 8
14601298 7
15132887 8
15454824 8
14543247 7
15381303 8
14649942 7
14936153 8
15413469 8
14607586 7
15401413 8
14654959 7
14890825 8
15399074 8
14807182 8
15432263 8
14654346 7
15015375 8
15358137 8
14876577 8
15392311 8
14683798 8
15039664 8
15676154 8
14937728 8
15392098 8
15474756 8
14714753 8
15507679 8
14990006 8
15358591 8
14759987 8
14627790 7
15341526 8
15074008 8
15268804 8
14916105 8
14562076 7
14962931 8
14842288 8
15394312 8
15241932 8
14590736 7
15037388 8
14814469 8
15474057 8
15002785 8
14710298 8
15528875 8
14889299 8
15490718 8
14712382 8
14743308 8
15523607 8
15089193 8
15455291 8
14658287 7
14622477 7
15532939 8
14602861 7
15750635 8
14678558 7
14740198 8
15375961 8
14622710 7
15382650 8
14562034 7
14877673 8
15455449 8
15364823 8
16140709 8
15403787 8
15935886 8
15446078 8
15387681 8
15448543 8
15398027 8
15495034 8
15407079 8
14810887 8
15357052 8
14903677 8
15888662 8
14854217 8
15572415 8
15251072 8
14663196 7
15513688 8
14965263 8
16117136 8
14703074 8
14607230 7
15566844 8
14604556 7
15337451 8
14974990 8
14663175 7
15434396 8
14733274 8
15594893 8
14935392 8
14545191 7
15424054 8
14675303 7
15463862 8
14854435 8
14593100 7
15430286 8
14624714 7
15496894 8
15020410 8
14589692 7
15599816 8
14618098 7
15445264 8
14882839 8
14770691 8
15379501 8
14762504 8
15684983 8
14867751 8
14599168 7
15563754 8
14895524 8
15662220 8
14943345 8
14623506 7
15652529 8
14858753 8
15431991 8
15120933 8
14656143 7
15886452 8
14593617 7
15798016 8
15347751 8
14608239 7
15548835 8
14742551 8
15767177 8
14793245 8
14595003 7
15592847 8
14635865 7
15902068 8
15061635 8
14554705 7
15875318 8
15302692 8
15858653 8
15345974 8
15350154 8
15619385 8
14905677 8
15411297 8
15473136 8
15377651 8
15448211 8
14844955 8
15567971 8
15002136 8
14767835 8
15121553 8
15007624 8
15524158 8
15013057 8
14749645 8
15054017 8
14956416 8
15395586 8
14928824 8
14869901 8
15026201 8
14911102 8
15521889 8
15265572 8
15065839 8
15429295 8
14639675 7
15394276 8
15009052 8
14976694 8
15681705 8
14730641 8
15386330 8
14650589 7
15000090 8
15473565 8
14902821 8
15403404 8
14667926 7
14706362 8
15683967 8
14937741 8
15432214 8
14582057 7
14684758 8
15669144 8
14862772 8
15365700 8
14969063 8
14710497 8
15485722 8
14854225 8
15346997 8
15087727 8
14583628 7
15441525 8
14760761 8
15274995 8
15405355 8
15370305 8
15556614 8
14779901 8
15419885 8
15319744 8
15416265 8
15147156 8
14883507 8
15711365 8
14790954 8
14705818 8
14893663 8
