13172865 8
12599195 8
13215950 8
12743542 8
13200179 8
13647672 8
12913560 8
13055479 8
13326304 8
12438182 7
12646305 8
12868630 8
12534840 7
13654836 8
13126403 8
12650651 8
13171919 8
12462656 7
12681899 8
12988746 8
12717776 8
12495464 7
14854242 9
12829678 8
12470295 7
13258899 8
12652229 8
12791255 8
12908205 8
12652893 8
13516425 8
12512889 7
12534103 7
13260243 8
12640373 8
12717283 8
13229733 8
12635691 8
12796551 8
13779481 8
12451655 7
12515864 7
13309971 8
12816152 8
12895964 8
12788360 8
12819598 8
13213320 8
13230892 8
12481838 7
13240601 8
13218085 8
12750919 8
13194020 8
12943425 8
12742338 8
13579768 8
12538226 7
12528999 7
13193755 8
12837425 8
12769430 8
13036124 8
12535482 7
13079350 8
13188828 8
12662784 8
13417466 8
13057480 8
12760346 8
13203733 8
12857293 8
12725625 8
13734198 8
12473298 7
12494598 7
13682554 8
13200702 8
12722091 8
13171686 8
12462559 7
13433124 8
13154568 8
12735215 8
13221682 8
13229499 8
12656011 8
13120342 8
12423553 7
12710622 8
13602197 8
12678160 8
12970693 8
13094757 8
12793406 8
12839666 8
13370641 8
12539742 7
13507965 8
12961413 8
12975629 8
13221588 8
13243601 8
12639671 8
13246739 8
12627301 8
12505747 7
13887447 8
12750975 8
12936931 8
13368623 8
12524896 7
12535095 7
13291837 8
12572197 7
13075988 8
12881429 8
13111862 8
13345391 8
13233008 8
12472593 7
13165729 8
12479764 7
12451474 7
13470793 8
12846652 8
13106160 8
13581626 8
12506071 7
12432173 7
13194617 8
12463602 7
13129032 8
12820607 8
13015532 8
13356333 8
12663577 8
12527351 7
13220854 8
12482537 7
12516678 7
13298970 8
12766634 8
12890165 8
13627771 8
12487811 7
12490867 7
13167469 8
12564359 7
12518591 7
13193786 8
12907730 8
13577537 8
13232463 8
12436230 7
13230051 8
12631236 8
12533932 7
13195088 8
12691532 8
12856522 8
13777382 8
12534449 7
12572982 7
13391368 8
13139858 8
12712815 8
13212954 8
12841408 8
13556272 8
12524659 7
12554443 7
13228881 8
12637122 8
12662798 8
13142316 8
12927571 8
12947611 8
13749553 8
12512010 7
12414357 7
13437901 8
12558211 7
12518570 7
13184464 8
13029739 8
13451224 8
13216054 8
12684479 8
13281960 8
13229359 8
13242337 8
13255587 8
13171815 8
13267087 8
13136779 8
12482927 7
12561936 7
12533084 7
12875211 8
12950896 8
13135082 8
12672221 8
13538902 8
13304455 8
12580723 7
13187383 8
12840124 8
12945401 8
13135892 8
12527602 7
12715373 8
13513691 8
12499815 7
12494578 7
13238203 8
13134615 8
12841932 8
13151534 8
12479314 7
13585096 8
12987356 8
12661802 8
13232107 8
13096600 8
12870589 8
13167245 8
12543743 7
12654320 8
13764708 8
12536987 7
12499811 7
13375570 8
12970194 8
12811075 8
13196241 8
12448981 7
13183477 8
13030649 8
12473221 7
13247016 8
13221902 8
12747997 8
13202333 8
12542305 7
12632542 8
13601569 8
12502301 7
12659355 8
13352216 8
12877907 8
12854089 8
13273539 8
12490716 7
12896942 8
12827073 8
12472798 7
13353854 8
12964579 8
12796496 8
13240518 8
12439100 7
12704899 8
13322652 8
12499015 7
12928377 8
13300600 8
12743231 8
12746720 8
13274475 8
12449700 7
12520103 7
12715150 8
12572365 7
13520336 8
12774308 8
12813865 8
13157001 8
12533025 7
12527505 7
13212580 8
12812367 8
12638330 8
13432298 8
12815949 8
12571562 7
13301372 8
12470840 7
12734545 8
13281412 8
12824775 8
13418112 8
12784314 8
12652397 8
13224734 8
12680649 8
12581941 7
13086521 8
12855900 8
12802588 8
13680371 8
12969952 8
12795612 8
13323147 8
12517722 7
12525664 7
13284875 8
12838982 8
13601694 8
13231717 8
12585510 8
13293928 8
12859109 8
12681878 8
13185491 8
13205887 8
12620838 8
13684324 8
12736699 8
12639385 8
13186450 8
12491320 7
12736301 8
13330546 8
12547074 7
13212479 8
13251435 8
12527358 7
13281523 8
12514084 7
12727161 8
13196579 8
13241971 8
12643180 8
13716922 8
12658940 8
12633879 8
13283576 8
12673457 8
12762085 8
13233961 8
12618995 8
13189942 8
13132604 8
12527749 7
13214696 8
12737896 8
12966465 8
13124577 8
12562697 7
12672374 8
13466394 8
12670106 8
12616046 8
13251162 8
12871482 8
12980437 8
13257618 8
12552541 7
12969436 8
13178742 8
12451683 7
13227370 8
12566726 7
12608720 8
13199348 8
12484237 7
12536345 7
13113744 8
12833364 8
12657756 8
13372012 8
12594964 8
12755674 8
13389144 8
12544476 7
12609924 8
13173142 8
12802500 8
13225159 8
12717374 8
12618824 8
13220893 8
12805960 8
12472317 7
13176891 8
12892323 8
12805430 8
13534077 8
12620203 8
12532211 7
13284728 8
12594423 8
12670209 8
13357457 8
12812308 8
13156261 8
12796792 8
12630087 8
13356570 8
12905321 8
12599649 8
13135212 8
12617633 8
12804386 8
13442188 8
12700912 8
12603553 8
13225550 8
13116610 8
13194913 8
13216009 8
12665877 8
12858498 8
12862496 8
12793388 8
13330707 8
12661255 8
12544807 7
13240755 8
12766361 8
12496679 7
13453731 8
12807734 8
12687391 8
13218571 8
12526056 7
12517868 7
13288415 8
12654820 8
12633250 8
12989923 8
12755256 8
13581461 8
12515041 7
12508232 7
13157861 8
12575786 7
12527232 7
13982893 8
12625894 8
12468124 7
13321579 8
12477177 7
12593512 8
13139318 8
12442766 7
12652614 8
13028405 8
12439579 7
13433565 8
12675405 8
12698266 8
13186092 8
12676718 8
12693406 8
13871833 8
12549172 7
12468825 7
13304741 8
12421888 7
12652104 8
13218463 8
12588844 8
12762898 8
13342248 8
12518288 7
13539272 8
13263340 8
12798444 8
13185152 8
13083980 8
12914206 8
13919853 8
12971618 8
12512852 7
13280096 8
12941930 8
12792767 8
13101416 8
12616628 8
13094789 8
13221263 8
12537430 7
13288859 8
12776207 8
12745424 8
13268281 8
12696454 8
12598948 8
14279888 9
12384499 7
13143916 8
13228916 8
12820034 8
12773830 8
13240797 8
12504528 7
13377273 8
13350956 8
12962526 8
13244383 8
13125865 8
12703308 8
13259737 8
13207388 8
12614153 8
13473624 8
12745641 8
12801000 8
13229045 8
12686801 8
12556692 7
13329264 8
13183473 8
13240116 8
13031093 8
12801663 8
13245919 8
12710441 8
12617571 8
13703533 8
12632622 8
12656147 8
13372243 8
13188350 8
13088016 8
13119180 8
13222324 8
13243053 8
12894417 8
13029040 8
13221654 8
12600128 8
12531649 7
13314244 8
13155441 8
13192198 8
13484207 8
13102592 8
13187474 8
13555922 8
13243622 8
13708250 8
13225809 8
13095236 8
13129895 8
13162926 8
13234425 8
13370766 8
13240015 8
13188137 8
13445390 8
13227959 8
13517542 8
13130694 8
13152243 8
13221078 8
12548910 7
12458791 7
14073626 8
13082880 8
12775568 8
13217346 8
12493666 7
12465180 7
13328081 8
12559231 7
12957373 8
13248101 8
12850265 8
13247110 8
12612386 8
12553103 7
13175663 8
12684682 8
12543948 7
14058903 8
12790018 8
12516371 7
13254319 8
12470749 7
12526181 7
13295859 8
12438462 7
12692425 8
13248600 8
12618174 8
13628466 8
12621090 8
12557890 7
13250238 8
12476374 7
12547640 7
13423842 8
12732425 8
12634972 8
13537202 8
12471612 7
12526607 7
13178334 8
12507290 7
12489533 7
13210680 8
12687188 8
13863855 8
12507964 7
12757944 8
13216864 8
12761571 8
12560023 7
13158279 8
12664380 8
12529662 7
13536570 8
12550464 7
12533838 7
13291837 8
12590467 8
12870840 8
13300632 8
12487235 7
13398780 8
13170107 8
12516549 7
13222485 8
12988585 8
12966974 8
13317079 8
12568664 7
12668530 8
13321869 8
12538974 7
12554493 7
12933356 8
13003497 8
12891157 8
13213498 8
13168959 8
13266867 8
13214647 8
12942678 8
13237983 8
12726675 8
12553596 7
14184644 9
12448691 7
12469670 7
13136525 8
12791076 8
12940911 8
13196429 8
12629281 8
13443819 8
13129821 8
12483887 7
13223735 8
13286300 8
13055843 8
13215670 8
12518448 7
12874649 8
14082176 8
12680198 8
12778033 8
13192944 8
12766567 8
12774130 8
13238168 8
12643068 8
13880562 8
12705581 8
12687366 8
13193315 8
14037382 8
12618800 8
13069138 8
12460876 7
12543086 7
13301826 8
12927794 8
12699059 8
13189327 8
13234457 8
13384340 8
12977644 8
12504088 7
13219925 8
13084594 8
12794072 8
13209868 8
12558333 7
12479439 7
13984443 8
12540933 7
12674738 8
13391187 8
12809435 8
12682894 8
13441567 8
12482811 7
13080516 8
13268365 8
12810698 8
13255485 8
13167468 8
12563993 7
13177422 8
12572193 7
12481489 7
14094218 8
12798495 8
12845709 8
13359681 8
12650306 8
12570152 7
13260830 8
13170995 8
13627464 8
13168955 8
13144307 8
13257251 8
12693951 8
12581401 7
13255374 8
12710311 8
12934449 8
13608827 8
12780438 8
12744865 8
13249225 8
12521964 7
12504368 7
13282592 8
12793472 8
13525520 8
13160786 8
12629794 8
13272017 8
12555994 7
12478112 7
13500417 8
12685652 8
12504786 7
13440624 8
12565432 7
12631683 8
12930361 8
12486680 7
12659802 8
13095560 8
12584284 8
13546915 8
12667120 8
12480217 7
13205793 8
12511277 7
12703856 8
13074472 8
12550704 7
12634329 8
13475374 8
12547465 7
12663186 8
13227205 8
12815306 8
12790972 8
13200744 8
12790808 8
13449946 8
13007244 8
12489648 7
13194889 8
13033868 8
12746426 8
13785450 8
12753586 8
12608332 8
13254235 8
12571157 7
12541592 7
13438048 8
12481097 7
13122755 8
13216190 8
12733470 8
13194209 8
12622466 8
12811595 8
13252968 8
12701838 8
12598141 8
14123440 8
12582238 7
12519370 7
12636749 8
12729336 8
12728914 8
13226776 8
12782631 8
13252071 8
13200368 8
12596811 8
13292797 8
12962994 8
12808715 8
13162902 8
12746715 8
12777739 8
13929451 8
12483695 7
12547877 7
13303306 8
12946533 8
12569966 7
13176392 8
12746998 8
13230718 8
12924984 8
12620245 8
13324767 8
13051060 8
12555240 7
13166338 8
12867730 8
12714923 8
14134431 8
12513605 7
12620343 8
13388432 8
12741444 8
12507436 7
13177771 8
12948801 8
13387524 8
12542381 7
12703633 8
13242713 8
12503847 7
12965574 8
13227237 8
12931673 8
12657836 8
14174665 9
12834722 8
12757664 8
13205402 8
12642405 8
12504699 7
13158963 8
12693417 8
13112930 8
13217722 8
12722015 8
13220080 8
12556787 7
12511734 7
13103828 8
12805416 8
12505603 7
14085661 8
12788036 8
12716680 8
13344878 8
12682268 8
12526726 7
13043644 8
12535995 7
12906840 8
13120524 8
12503628 7
13374348 8
12548344 7
12572071 7
13211683 8
12767775 8
12476216 7
14128838 8
12532238 7
12506347 7
13361933 8
12643169 8
12684071 8
12787110 8
12464328 7
12778323 8
13061419 8
12553595 7
13346309 8
12630478 8
12686458 8
13124947 8
12785277 8
12717291 8
13976228 8
12550862 7
12559635 7
13327634 8
12782938 8
12744653 8
12942469 8
12676508 8
12883520 8
13193897 8
12481119 7
13241855 8
13067913 8
13190654 8
13196987 8
13089290 8
13218379 8
12880770 8
12711701 8
12770621 8
12743067 8
12704219 8
12596465 8
13197074 8
12457172 7
13298914 8
13071170 8
12802794 8
13182771 8
13147951 8
13179971 8
14058606 8
12461595 7
12605456 8
12707487 8
12795727 8
12787648 8
13284819 8
12485528 7
13510269 8
13129112 8
12720315 8
13271378 8
13190641 8
13173717 8
13071854 8
12480745 7
12551626 7
13112273 8
12821483 8
12788367 8
13251072 8
12601853 8
12511671 7
13212444 8
12533095 7
13295741 8
12919087 8
12926332 8
13142861 8
12538876 7
12490444 7
13688953 8
12621921 8
12660385 8
13243967 8
12816529 8
12630653 8
13192476 8
12628268 8
12589483 8
13153608 8
12665612 8
13444182 8
13036567 8
12758097 8
13234809 8
12730953 8
12507872 7
13197738 8
12557513 7
12784027 8
13558744 8
12735820 8
12548752 7
13275211 8
12586016 8
12445378 7
13148430 8
12744893 8
13416405 8
12922019 8
12548899 7
13223637 8
12543928 7
12518085 7
13023196 8
12700763 8
13017344 8
13601146 8
12476639 7
12544140 7
13252524 8
12635915 8
12527211 7
13170652 8
