3732 14
3834 14
3701 14
3802 14
3697 14
3820 14
3725 14
3754 14
3893 15
3788 14
3690 14
3711 14
3739 14
3509 13
3698 14
3562 13
3802 14
3736 14
3607 14
3806 14
3753 14
3862 15
3750 14
3739 14
3635 14
3785 14
3663 14
3652 14
3761 14
132916 519
3788 14
3725 14
3694 14
3753 14
3697 14
3736 14
3666 14
3813 14
3701 14
3708 14
3736 14
3729 14
3781 14
3603 14
3729 14
3756 14
3764 14
3676 14
3784 14
3698 14
3697 14
3592 14
3704 14
3770 14
3673 14
3721 14
3767 14
3732 14
3638 14
3739 14
3711 14
3785 14
3684 14
3725 14
3677 14
3799 14
3642 14
3638 14
3673 14
3669 14
3735 14
3749 14
3680 14
3746 14
3694 14
3610 14
3841 15
3697 14
3781 14
3736 14
3764 14
3736 14
3655 14
3715 14
3656 14
3641 14
3683 14
3781 14
3645 14
3704 14
3673 14
3746 14
3697 14
3767 14
3711 14
3701 14
3607 14
3760 14
3767 14
3729 14
3683 14
3641 14
3669 14
3662 14
3540 13
3268 12
3425 13
3321 12
3373 13
3585 14
3502 13
3286 12
3254 12
3316 12
3352 13
3292 12
3456 13
3275 12
3247 12
3492 13
3415 13
3205 12
3753 14
3351 13
3445 13
3387 13
3296 12
3369 13
3299 12
3575 13
3345 13
3436 13
3397 13
3415 13
3355 13
3363 13
3564 13
3366 13
3317 12
3331 13
3401 13
3362 13
3414 13
3201 12
3411 13
3335 13
3373 13
3345 13
3208 12
3474 13
3267 12
3366 13
3334 13
3491 13
3323 12
3358 13
3348 13
3244 12
3337 13
3317 12
3306 12
8162 31
3450 13
3348 13
3267 12
3390 13
3373 13
3320 12
3300 12
3365 13
3370 13
3299 12
3372 13
3348 13
3317 12
3289 12
3721 14
3303 12
3537 13
3313 12
3348 13
3394 13
3324 12
3345 13
3349 13
3313 12
3341 13
3405 13
3352 13
3366 13
3356 13
3459 13
3338 13
3555 13
3330 13
3365 13
3659 14
3498 13
3467 13
3348 13
3341 13
3306 12
3366 13
3349 13
3268 12
3299 12
3341 13
3170 12
3286 12
3393 13
3306 12
3296 12
3373 13
3366 13
3404 13
3310 12
3397 13
3293 12
3540 13
3292 12
3257 12
3278 12
3327 12
3299 12
3359 13
3492 13
3331 13
3408 13
3380 13
3205 12
3516 13
3397 13
3233 12
3341 13
3495 13
3296 12
3335 13
3355 13
3372 13
3296 12
3561 13
3352 13
3408 13
3464 13
3310 12
3338 13
3338 13
3320 12
3309 12
3352 13
3366 13
3677 14
3296 12
3484 13
3296 12
3442 13
3282 12
3286 12
3407 13
3471 13
3345 13
3418 13
3341 13
3261 12
3376 13
3502 13
3436 13
3372 13
3450 13
3327 12
3439 13
3296 12
3338 13
3540 13
3341 13
3366 13
3345 13
3307 12
3338 13
3307 12
3362 13
3288 12
3345 13
3386 13
3310 12
3467 13
3638 14
3331 13
3344 13
3313 12
3282 12
3226 12
3449 13
3394 13
3579 13
3414 13
3330 13
3233 12
3342 13
3282 12
3418 13
3411 13
3387 13
3736 14
3341 13
3478 13
3505 13
3495 13
3243 12
3209 12
3348 13
3306 12
3404 13
3274 12
3414 13
3345 13
3561 13
3425 13
3359 13
3544 13
3614 14
3331 13
3512 13
3366 13
3258 12
3530 13
3443 13
3320 12
3348 13
3380 13
3320 12
3310 12
3380 13
3432 13
3551 13
3173 12
3365 13
3373 13
3317 12
3317 12
3310 12
3317 12
3355 13
3348 13
3495 13
3296 12
3362 13
3467 13
3289 12
3268 12
3384 13
3349 13
3243 12
3397 13
3344 13
3397 13
3285 12
3418 13
3278 12
3421 13
3251 12
3404 13
3317 12
3261 12
3418 13
3331 13
3383 13
3400 13
3404 13
3540 13
3561 13
3404 13
3404 13
3254 12
3317 12
3330 13
3342 13
43977 171
3247 12
3502 13
3338 13
3408 13
3652 14
3208 12
3383 13
3397 13
3310 12
3331 13
3341 13
3341 13
3330 13
3366 13
3484 13
3244 12
3330 13
3373 13
3355 13
3345 13
3349 13
3258 12
3362 13
3327 12
3359 13
3359 13
3247 12
3289 12
3254 12
3593 14
3356 13
3348 13
3296 12
3164 12
3313 12
3342 13
3244 12
3313 12
3272 12
3264 12
3285 12
3366 13
3379 13
3362 13
3614 14
3334 13
3192 12
3722 14
3383 13
3240 12
3341 13
3237 12
3310 12
3261 12
3432 13
3460 13
3415 13
3289 12
3314 12
3348 13
3274 12
3282 12
3331 13
3457 13
3349 13
3352 13
3282 12
3446 13
3306 12
3366 13
3379 13
3226 12
3366 13
3501 13
3331 13
3348 13
3250 12
3250 12
3474 13
3341 13
3376 13
3481 13
3369 13
3345 13
3296 12
3293 12
3247 12
3411 13
3383 13
3352 13
3390 13
3327 12
3421 13
3240 12
3351 13
3314 12
3925 15
3086 12
3337 13
3330 13
3265 12
3386 13
3330 13
3376 13
3293 12
3331 13
3302 12
3421 13
3397 13
3285 12
3292 12
3299 12
3313 12
3383 13
3243 12
3356 13
3344 13
3373 13
3268 12
3370 13
3306 12
3401 13
3250 12
3351 13
3274 12
3299 12
3299 12
3415 13
3268 12
3477 13
3418 13
3222 12
3411 13
3383 13
3481 13
3348 13
3281 12
3337 13
3348 13
3338 13
3781 14
3464 13
3268 12
3342 13
3491 13
3247 12
3271 12
3320 12
3320 12
3327 12
3337 13
3327 12
3303 12
3261 12
3324 12
3509 13
3363 13
3289 12
3572 13
3142 12
3288 12
3376 13
3519 13
3330 13
3289 12
3355 13
3530 13
3156 12
3356 13
3338 13
3202 12
3338 13
3543 13
3317 12
3244 12
3463 13
3425 13
3519 13
3537 13
3306 12
3244 12
3397 13
3345 13
3422 13
3299 12
3240 12
3397 13
3379 13
3198 12
3551 13
3439 13
3331 13
3397 13
3330 13
3516 13
3278 12
3352 13
3380 13
3355 13
3345 13
3271 12
3317 12
3334 13
3303 12
3435 13
3313 12
3390 13
3520 13
3722 14
3359 13
3331 13
3387 13
3258 12
3338 13
3268 12
3226 12
3237 12
3457 13
3310 12
3366 13
3376 13
3383 13
3296 12
3386 13
3285 12
3408 13
3418 13
3244 12
3429 13
3258 12
3485 13
3376 13
3348 13
3236 12
3760 14
3338 13
3306 12
3799 14
3292 12
3376 13
3299 12
3257 12
3362 13
3313 12
3537 13
3513 13
3715 14
3334 13
3526 13
3596 14
3572 13
3404 13
3393 13
3456 13
3244 12
3313 12
3523 13
3282 12
3348 13
3408 13
3342 13
3345 13
3251 12
3355 13
3226 12
3324 12
3355 13
3327 12
3327 12
8442 32
3348 13
3328 13
3362 13
3400 13
3358 13
3275 12
3320 12
3362 13
3383 13
3135 12
3362 13
3345 13
3296 12
4333 16
3289 12
3257 12
3310 12
3265 12
3701 14
3260 12
3271 12
3446 13
3358 13
3286 12
3408 13
3209 12
3460 13
3421 13
3278 12
3676 14
3366 13
3478 13
3362 13
3349 13
3383 13
3306 12
3407 13
3309 12
3261 12
3358 13
3317 12
3363 13
3509 13
3380 13
3268 12
3383 13
3265 12
3334 13
3338 13
3474 13
3352 13
3342 13
3219 12
3355 13
3411 13
3488 13
3456 13
3407 13
3209 12
3407 13
3383 13
3261 12
3401 13
3411 13
3649 14
3236 12
3366 13
3324 12
3390 13
3348 13
3359 13
3394 13
3233 12
3212 12
3387 13
3411 13
3362 13
3233 12
3540 13
3366 13
3404 13
3369 13
3383 13
3330 13
3233 12
3285 12
3436 13
3488 13
3534 13
3365 13
3492 13
3516 13
3478 13
3421 13
3439 13
3512 13
3526 13
3572 13
3474 13
3520 13
3550 13
3519 13
3477 13
3446 13
3484 13
3470 13
3494 13
3499 13
3502 13
3512 13
3474 13
3568 13
3551 13
3547 13
3565 13
3502 13
3390 13
3481 13
3355 13
3401 13
3369 13
3366 13
3167 12
3306 12
3449 13
3341 13
3265 12
3365 13
3523 13
3397 13
3694 14
3363 13
3302 12
3404 13
3306 12
3390 13
3505 13
3342 13
3257 12
3394 13
3488 13
3268 12
3296 12
3530 13
3320 12
3303 12
3327 12
3303 12
3526 13
3484 13
3306 12
3352 13
3316 12
3778 14
3258 12
3355 13
3303 12
3341 13
3296 12
3359 13
3265 12
3400 13
3233 12
3537 13
3411 13
3344 13
3341 13
3289 12
3428 13
3404 13
3394 13
3397 13
3299 12
3302 12
3355 13
3394 13
3421 13
3540 13
3110 12
3488 13
3282 12
3317 12
3324 12
3391 13
3348 13
3317 12
3317 12
3233 12
3355 13
3480 13
3390 13
3763 14
3236 12
3324 12
3282 12
3495 13
3366 13
3317 12
3380 13
3366 13
3320 12
3208 12
3351 13
3352 13
3397 13
3341 13
3303 12
3743 14
3428 13
3327 12
3299 12
3289 12
3387 13
3393 13
3330 13
3530 13
3338 13
3275 12
3330 13
3373 13
3296 12
3324 12
3373 13
3258 12
3358 13
3247 12
3404 13
3330 13
3317 12
3373 13
3463 13
3456 13
3393 13
3509 13
3564 13
3348 13
3495 13
3310 12
3334 13
3439 13
3313 12
3520 13
3306 12
3342 13
3299 12
3286 12
3348 13
3554 13
3320 12
3181 12
3352 13
3320 12
3279 12
3342 13
3342 13
3352 13
3289 12
3352 13
3268 12
3351 13
3320 12
3324 12
3373 13
3310 12
3296 12
3334 13
3334 13
3586 14
3393 13
3303 12
3303 12
3348 13
82902 323
3373 13
3327 12
3285 12
3316 12
3352 13
3349 13
3439 13
3306 12
3313 12
3344 13
3314 12
3314 12
3306 12
3303 12
3366 13
3543 13
3404 13
3348 13
3342 13
3174 12
3756 14
3383 13
3327 12
3495 13
3359 13
3397 13
3432 13
3369 13
3327 12
3373 13
3393 13
3537 13
3349 13
3288 12
3334 13
3519 13
3317 12
3320 12
3320 12
3533 13
3317 12
3407 13
3330 13
3314 12
3351 13
3379 13
3240 12
3422 13
3271 12
3446 13
3659 14
3366 13
3379 13
3345 13
3401 13
3257 12
3300 12
3237 12
3223 12
3432 13
3338 13
3407 13
3299 12
3348 13
3390 13
3320 12
3331 13
3278 12
3373 13
3331 13
3331 13
3344 13
3568 13
3331 13
3272 12
3342 13
3271 12
3512 13
3285 12
