50139 8
49832 8
49793 8
52674 8
50038 8
50045 8
50017 8
50076 8
49857 8
49979 8
50059 8
49919 8
50076 8
50031 8
49957 8
50160 8
50070 8
49713 8
52775 8
49825 8
50244 8
50017 8
49787 8
49965 8
50220 8
49783 8
49922 8
49898 8
49839 8
50223 8
50006 8
49971 8
50048 8
49723 8
50104 8
52590 8
50066 8
49947 8
50125 8
50121 8
50003 8
49902 8
50129 8
50091 8
50059 8
50024 8
50115 8
49954 8
50055 8
49898 8
49574 8
49839 8
50108 8
49755 8
49958 8
50112 8
49993 8
49993 8
49856 8
49986 8
49864 8
50101 8
50017 8
49916 8
50013 8
50048 8
49870 8
49979 8
49930 8
50188 8
49916 8
49986 8
49968 8
50056 8
50070 8
50129 8
50035 8
52681 8
49741 8
49927 8
50034 8
50212 8
49961 8
49892 8
50206 8
49671 8
49793 8
49944 8
49943 8
49895 8
50334 8
52618 8
49693 8
49734 8
50065 8
49927 8
52681 8
50164 8
50076 8
49518 8
50017 8
49884 8
50059 8
49846 8
50031 8
49930 8
49975 8
50147 8
52656 8
54824 8
50024 8
50133 8
49804 8
52635 8
50111 8
49961 8
50084 8
49978 8
49874 8
50084 8
49986 8
49874 8
50129 8
49870 8
49783 8
52527 8
49860 8
49779 8
50086 8
49877 8
52748 8
50069 8
50006 8
50003 8
49982 8
49839 8
50021 8
50097 8
50006 8
49905 8
49937 8
49999 8
49793 8
49839 8
49975 8
50038 8
50178 8
52685 8
50052 8
50055 8
49975 8
49989 8
168283 27
49986 8
49808 8
49898 8
49916 8
50042 8
49975 8
49707 8
49930 8
49884 8
50080 8
50108 8
49940 8
50007 8
50097 8
49951 8
50090 8
54220 8
54249 8
54028 8
54127 8
54301 8
52953 8
52741 8
52580 8
52688 8
52775 8
52695 8
52796 8
52569 8
52793 8
52548 8
52741 8
52685 8
52729 8
52684 8
52803 8
52729 8
52642 8
52702 8
52611 8
52514 8
52705 8
52695 8
52817 8
52852 8
53048 8
52863 8
52793 8
49877 8
50156 8
50167 8
49842 8
49765 8
46610 7
49996 8
50136 8
50118 8
50129 8
50003 8
49916 8
49954 8
50202 8
49885 8
49762 8
50020 8
50129 8
49839 8
50024 8
49926 8
50094 8
49829 8
50013 8
50013 8
49860 8
50045 8
49913 8
50059 8
52465 8
49877 8
50055 8
49916 8
52720 8
49790 8
50167 8
50028 8
50066 8
52671 8
50122 8
49975 8
50094 8
50010 8
49948 8
49954 8
49993 8
49940 8
50140 8
49884 8
50114 8
52807 8
49940 8
50003 8
49881 8
49808 8
52891 8
49908 8
49856 8
49846 8
52545 8
49877 8
49923 8
50052 8
49727 8
49954 8
49971 8
49933 8
52440 8
49927 8
50062 8
49993 8
50045 8
52524 8
49996 8
50024 8
50059 8
49829 8
50184 8
49850 8
50027 8
49968 8
49860 8
49954 8
49985 8
52744 8
50345 8
50255 8
50146 8
49850 8
52688 8
52915 8
49902 8
50003 8
50129 8
49996 8
175542 28
50083 8
49863 8
49933 8
49940 8
49951 8
52684 8
52381 8
49979 8
49902 8
49874 8
52604 8
52611 8
50024 8
169868 27
49999 8
50129 8
52904 8
49934 8
50021 8
50136 8
49759 8
49801 8
52741 8
49961 8
49745 8
52656 8
49881 8
49912 8
49905 8
50105 8
49975 8
49964 8
50101 8
50164 8
88949 14
50090 8
49912 8
49961 8
49968 8
92985 15
50533 8
50391 8
50107 8
49940 8
50178 8
46665 7
50038 8
50062 8
49815 8
50080 8
49832 8
52544 8
49836 8
49971 8
49849 8
49888 8
93006 15
49982 8
50069 8
50021 8
50114 8
50125 8
50069 8
49682 8
50093 8
50136 8
49961 8
49884 8
50112 8
49853 8
49608 8
49961 8
49996 8
52576 8
49850 8
49978 8
49982 8
49954 8
50062 8
49892 8
50073 8
49993 8
50073 8
50150 8
50125 8
49828 8
50020 8
49860 8
50097 8
50129 8
49954 8
50094 8
50118 8
50069 8
49965 8
50209 8
49975 8
49978 8
50031 8
50177 8
50108 8
49762 8
90471 14
50024 8
50114 8
49982 8
49964 8
90743 14
52796 8
49738 8
49989 8
52859 8
50038 8
49905 8
50080 8
50066 8
50062 8
50213 8
49790 8
52800 8
49825 8
50163 8
50031 8
49933 8
52792 8
49943 8
50038 8
50083 8
50174 8
50006 8
52817 8
50035 8
49888 8
49958 8
49898 8
52541 8
52513 8
50143 8
50285 8
50045 8
50038 8
52810 8
49982 8
49780 8
49888 8
49975 8
50091 8
52775 8
49979 8
49871 8
50014 8
50212 8
52472 8
52601 8
49976 8
49965 8
49982 8
50080 8
52384 8
49828 8
49937 8
49870 8
50097 8
49828 8
50209 8
50017 8
50199 8
46711 7
49919 8
49947 8
52720 8
50167 8
49957 8
50153 8
50056 8
52772 8
50073 8
50073 8
49791 8
50135 8
49975 8
52541 8
49951 8
49961 8
49944 8
49947 8
49948 8
50070 8
49864 8
50111 8
50055 8
49989 8
52660 8
50185 8
49913 8
49710 8
50129 8
49787 8
50045 8
49832 8
49790 8
50028 8
50146 8
52734 8
52712 8
50003 8
49923 8
49992 8
50062 8
52737 8
49979 8
50052 8
50136 8
49930 8
50094 8
50265 8
49930 8
50133 8
49895 8
50028 8
50003 8
50066 8
50129 8
50108 8
49982 8
50077 8
49849 8
49993 8
49776 8
46463 7
49892 8
50083 8
49989 8
49923 8
49944 8
50397 8
49895 8
50100 8
52747 8
50112 8
49850 8
50045 8
50010 8
49915 8
50091 8
49936 8
50125 8
49968 8
49982 8
49805 8
49756 8
50011 8
49843 8
49839 8
50031 8
50140 8
49975 8
50000 8
50056 8
92423 15
52729 8
49843 8
50042 8
49863 8
49821 8
50041 8
50314 8
49968 8
50167 8
50094 8
50168 8
49951 8
50118 8
49912 8
49996 8
50251 8
50167 8
50020 8
49895 8
50028 8
50083 8
49912 8
50157 8
49927 8
50100 8
50188 8
50021 8
49957 8
52712 8
49985 8
50097 8
50052 8
49968 8
52730 8
49961 8
49975 8
49902 8
50181 8
49968 8
49965 8
49814 8
50129 8
50003 8
50028 8
50052 8
52685 8
91801 14
50013 8
50070 8
50031 8
49898 8
49853 8
49818 8
49856 8
49916 8
50049 8
49829 8
50170 8
50028 8
50034 8
49926 8
50240 8
52657 8
50450 8
50045 8
49957 8
54384 8
50192 8
50076 8
50101 8
50024 8
50028 8
50112 8
50149 8
50018 8
50031 8
49979 8
49944 8
50027 8
52684 8
52677 8
49860 8
49920 8
49923 8
52814 8
49696 8
49905 8
50171 8
49961 8
49999 8
50027 8
52856 8
53302 8
50003 8
50038 8
52674 8
52712 8
50163 8
50132 8
49888 8
50213 8
50189 8
49836 8
50132 8
50079 8
50161 8
50059 8
49985 8
50139 8
50083 8
50135 8
50233 8
50031 8
50118 8
50132 8
49985 8
50132 8
49874 8
50080 8
49986 8
49940 8
46878 7
50104 8
50084 8
49947 8
50031 8
50094 8
49867 8
49912 8
50007 8
50024 8
50024 8
49853 8
49922 8
49804 8
50018 8
49734 8
50049 8
49968 8
50017 8
52754 8
49951 8
49895 8
49958 8
50038 8
49929 8
50101 8
52695 8
49095 7
50034 8
49689 8
49937 8
50017 8
50132 8
49846 8
49870 8
50157 8
49891 8
50034 8
49891 8
52863 8
50034 8
50101 8
49905 8
52649 8
50035 8
49971 8
54678 8
50035 8
52625 8
49780 8
50031 8
49773 8
50209 8
49790 8
49602 8
50112 8
49916 8
49909 8
50223 8
50181 8
50286 8
49878 8
50024 8
49871 8
50052 8
52622 8
50013 8
50031 8
50038 8
49906 8
52758 8
49947 8
49909 8
49920 8
50240 8
49871 8
50055 8
50006 8
50055 8
49853 8
49909 8
50003 8
52555 8
49920 8
50073 8
50021 8
49989 8
52838 8
49874 8
49737 8
54842 8
49913 8
50164 8
50045 8
49888 8
52709 8
50091 8
49969 8
50076 8
52562 8
49835 8
49651 8
49951 8
49885 8
50000 8
50031 8
49985 8
50076 8
50048 8
49951 8
49891 8
49909 8
49947 8
50017 8
50111 8
49923 8
50010 8
49838 8
50091 8
50006 8
49835 8
52925 8
50014 8
50073 8
49961 8
50048 8
49940 8
50076 8
49979 8
49857 8
49863 8
46536 7
50034 8
52984 8
49985 8
49514 8
49856 8
49943 8
50059 8
50107 8
50076 8
50042 8
50065 8
49843 8
49957 8
49968 8
50125 8
49905 8
50013 8
50031 8
49986 8
50118 8
49996 8
49996 8
49843 8
50185 8
50049 8
49968 8
50276 8
49808 8
52803 8
49843 8
49992 8
49888 8
49982 8
50139 8
49675 8
50174 8
50059 8
49993 8
49934 8
50000 8
91030 14
50048 8
50035 8
49906 8
50087 8
52660 8
50066 8
50146 8
50122 8
50233 8
50017 8
50087 8
49975 8
50097 8
49922 8
49954 8
50136 8
52778 8
50108 8
50132 8
49881 8
50027 8
52695 8
50069 8
50167 8
50076 8
49943 8
49916 8
50150 8
49860 8
49996 8
49874 8
49898 8
49835 8
49926 8
49926 8
50038 8
49968 8
49832 8
49895 8
49912 8
50178 8
49968 8
50080 8
49968 8
49839 8
50195 8
49982 8
50049 8
49783 8
50017 8
50157 8
50017 8
49825 8
52570 8
168758 27
49954 8
50135 8
49905 8
50261 8
50052 8
49999 8
49937 8
49937 8
50132 8
49863 8
52981 8
50108 8
50143 8
49899 8
50104 8
50007 8
49909 8
50146 8
49905 8
49985 8
52736 8
46613 7
50090 8
50174 8
50007 8
49755 8
50188 8
50087 8
49891 8
91853 14
49909 8
49957 8
52838 8
50017 8
52478 8
49926 8
50062 8
52747 8
46648 7
52601 8
49965 8
49856 8
50115 8
49859 8
49898 8
49972 8
52747 8
50118 8
49766 8
52855 8
49961 8
50269 8
50101 8
49783 8
52779 8
49978 8
49776 8
50087 8
50107 8
49902 8
50010 8
49985 8
169366 27
49965 8
49992 8
49895 8
49940 8
49982 8
49933 8
49954 8
50097 8
49905 8
50115 8
50017 8
50059 8
49898 8
50048 8
49944 8
50028 8
50010 8
50031 8
50247 8
50017 8
49933 8
50059 8
50070 8
50052 8
49923 8
50048 8
50006 8
52852 8
50191 8
49916 8
49954 8
