17589 8
17597 8
18183 8
18521 9
17632 8
17432 8
17366 8
17695 8
17575 8
17450 8
17499 8
17660 8
17398 8
17432 8
17436 8
17516 8
17614 8
17502 8
17484 8
17384 8
17544 8
17453 8
17383 8
17520 8
17569 8
17533 8
17478 8
17537 8
17624 8
18500 9
17156 8
17583 8
17310 8
17425 8
17519 8
17579 8
17540 8
17565 8
17376 8
17575 8
18563 9
17513 8
17474 8
18431 8
17586 8
17533 8
17489 8
17488 8
17485 8
17502 8
17488 8
17548 8
17449 8
17488 8
17589 8
18414 8
17505 8
17547 8
17620 8
17453 8
17366 8
17400 8
17418 8
17659 8
17544 8
17575 8
17488 8
17523 8
17604 8
17460 8
17572 8
18472 9
18137 8
17485 8
17516 8
17761 8
17436 8
17499 8
17425 8
17562 8
17499 8
18480 9
17449 8
17443 8
17436 8
17544 8
17565 8
18529 9
17506 8
17446 8
17544 8
17492 8
17489 8
17498 8
17600 8
17611 8
17523 8
17314 8
17561 8
17519 8
17467 8
17467 8
17363 8
17474 8
17712 8
17502 8
18546 9
17495 8
17485 8
17600 8
17565 8
17537 8
17499 8
18438 9
16944 8
17548 8
17495 8
17439 8
17586 8
17498 8
17544 8
17439 8
17579 8
17513 8
17471 8
17499 8
17519 8
17963 8
17488 8
17376 8
17554 8
17488 8
17498 8
17471 8
18550 9
17540 8
17705 8
17534 8
17383 8
17495 8
17348 8
17551 8
17334 8
17530 8
18462 9
17634 8
17548 8
17481 8
17541 8
17551 8
18322 8
17512 8
17495 8
17449 8
17470 8
17526 8
17680 8
17562 8
17460 8
17642 8
18585 9
17551 8
17565 8
17519 8
17638 8
17541 8
17572 8
17391 8
17407 8
17530 8
17373 8
18581 9
17667 8
17554 8
17526 8
17377 8
17645 8
17433 8
17554 8
17488 8
17422 8
18442 9
17555 8
17631 8
17456 8
17478 8
17498 8
17600 8
17495 8
17889 8
17506 8
17478 8
17590 8
17373 8
17652 8
17499 8
17425 8
17495 8
17565 8
17656 8
17621 8
17541 8
17572 8
17401 8
17453 8
17603 8
17527 8
17572 8
18455 9
17509 8
17397 8
17338 8
17474 8
17474 8
17530 8
17589 8
17579 8
17495 8
17730 8
17673 8
17611 8
17470 8
17562 8
18225 8
18371 8
17488 8
17530 8
17646 8
17649 8
17502 8
17561 8
17565 8
17429 8
17488 8
18441 9
18539 9
17463 8
17621 8
17547 8
17394 8
18406 8
17492 8
17523 8
17369 8
17562 8
17488 8
17666 8
17488 8
17509 8
17558 8
18442 9
17484 8
17380 8
17551 8
17464 8
17638 8
18392 8
17586 8
17383 8
17537 8
18564 9
17342 8
17593 8
17478 8
17676 8
17502 8
17492 8
17617 8
17391 8
17429 8
17687 8
17443 8
17411 8
17449 8
17516 8
17463 8
18399 8
16993 8
17407 8
17534 8
17561 8
17544 8
17411 8
17481 8
17579 8
18501 9
17589 8
17513 8
18382 8
17540 8
17359 8
17558 8
17684 8
17411 8
17530 8
17569 8
17558 8
17352 8
18403 8
17436 8
17506 8
17516 8
17439 8
17516 8
17453 8
17474 8
17474 8
17520 8
17478 8
17432 8
17463 8
17614 8
17680 8
17638 8
17670 8
17464 8
17495 8
17275 8
17548 8
17495 8
17408 8
17502 8
17516 8
17425 8
17537 8
17446 8
17607 8
17558 8
17443 8
17635 8
17558 8
17457 8
17526 8
17558 8
18486 9
18525 9
17579 8
17428 8
17474 8
17457 8
17503 8
17432 8
17440 8
17782 8
17524 8
17551 8
17296 8
17467 8
17565 8
17561 8
18417 8
17488 8
17499 8
17523 8
17614 8
17443 8
19052 9
18469 9
17538 8
17463 8
17544 8
17496 8
17370 8
17499 8
17408 8
18396 8
17467 8
18428 8
17502 8
17439 8
17526 8
18431 8
17551 8
17551 8
17600 8
17429 8
17600 8
17488 8
17561 8
17607 8
17537 8
17582 8
17613 8
17485 8
17292 8
17541 8
17509 8
17491 8
17590 8
17540 8
17659 8
17606 8
17582 8
17533 8
18519 9
18424 8
17565 8
17421 8
18449 9
17495 8
17404 8
17520 8
17362 8
17541 8
18470 9
17387 8
17589 8
17303 8
17544 8
17576 8
17554 8
17645 8
17446 8
17565 8
17530 8
17372 8
17460 8
17582 8
17457 8
17467 8
17506 8
17561 8
17589 8
17488 8
17481 8
17428 8
17534 8
17491 8
17373 8
17655 8
17676 8
17562 8
17502 8
17517 8
17530 8
18413 8
17509 8
17628 8
17383 8
17460 8
17495 8
17750 8
17509 8
17502 8
17488 8
17401 8
17474 8
17349 8
17366 8
17509 8
18480 9
17600 8
17471 8
17736 8
17611 8
17520 8
17579 8
17607 8
17460 8
17548 8
17463 8
17603 8
17614 8
17488 8
17537 8
17359 8
17544 8
17390 8
18525 9
17540 8
17467 8
17397 8
17607 8
17547 8
17638 8
17443 8
17527 8
17457 8
17436 8
17548 8
17600 8
17593 8
18403 8
17446 8
18245 8
17429 8
17498 8
17397 8
17478 8
17527 8
17572 8
17558 8
17492 8
17457 8
17754 8
17502 8
17582 8
18424 8
17471 8
17558 8
17265 8
17565 8
17548 8
17468 8
17492 8
17624 8
17401 8
17530 8
17659 8
17791 8
17530 8
17569 8
17600 8
17506 8
17620 8
17359 8
17544 8
17324 8
17495 8
16455 8
17502 8
17599 8
17527 8
17401 8
17509 8
17516 8
16507 8
17519 8
17432 8
17771 8
17558 8
17345 8
17510 8
17520 8
18476 9
17795 8
17617 8
17509 8
17425 8
17631 8
17516 8
17715 8
17607 8
17488 8
17446 8
17296 8
17506 8
60162 29
17454 8
17621 8
17384 8
17708 8
17568 8
17498 8
17471 8
17541 8
17579 8
18483 9
17474 8
17520 8
17498 8
17596 8
17414 8
17541 8
17617 8
17516 8
17457 8
17352 8
17537 8
17520 8
17513 8
17600 8
17439 8
17485 8
17565 8
17530 8
17502 8
17544 8
17474 8
17530 8
17684 8
17499 8
17433 8
17492 8
18375 8
17631 8
17614 8
17377 8
17625 8
17558 8
17530 8
17460 8
17485 8
17572 8
18483 9
17450 8
17519 8
17477 8
17474 8
17604 8
17569 8
17638 8
17464 8
18470 9
17390 8
17568 8
17562 8
17649 8
17425 8
17449 8
17586 8
17418 8
17520 8
18336 8
17405 8
17495 8
17484 8
18584 9
17600 8
17369 8
17645 8
17463 8
17482 8
17627 8
17674 8
17603 8
17509 8
17631 8
17495 8
17624 8
17544 8
17436 8
17544 8
17565 8
17457 8
17481 8
17495 8
17540 8
17642 8
17411 8
17530 8
17572 8
17645 8
17603 8
17530 8
17432 8
17492 8
17659 8
17660 8
17534 8
17540 8
17488 8
17506 8
18364 8
17530 8
18620 9
17482 8
17425 8
17534 8
17422 8
17498 8
17449 8
17673 8
18410 8
17631 8
17310 8
17471 8
17505 8
17551 8
17547 8
17447 8
17614 8
17649 8
17460 8
17456 8
17502 8
17537 8
17446 8
17506 8
17597 8
17642 8
17642 8
17537 8
17562 8
17499 8
17428 8
17568 8
17607 8
17429 8
17491 8
18486 9
17439 8
17691 8
17530 8
17387 8
17565 8
17499 8
17397 8
17663 8
17233 8
18543 9
17680 8
17219 8
17425 8
17558 8
17499 8
17373 8
17488 8
17558 8
17495 8
17502 8
17443 8
17421 8
17314 8
18343 8
17394 8
17575 8
17544 8
17474 8
17453 8
17575 8
17481 8
17600 8
17488 8
18497 9
17533 8
17425 8
17477 8
17600 8
17537 8
17481 8
17356 8
18469 9
17586 8
17624 8
17561 8
17519 8
17425 8
17411 8
17436 8
17429 8
17453 8
17495 8
17579 8
17547 8
17596 8
17579 8
17597 8
17544 8
17730 8
17471 8
18728 9
17496 8
17369 8
18417 8
17442 8
17729 8
17565 8
19046 9
17502 8
17582 8
17338 8
17540 8
17485 8
17512 8
17509 8
17502 8
17557 8
17488 8
17659 8
17471 8
17533 8
17492 8
17454 8
17352 8
17569 8
17639 8
17579 8
17470 8
17523 8
17617 8
17377 8
17530 8
17470 8
17404 8
17421 8
17565 8
17572 8
18448 9
17366 8
17428 8
17582 8
17548 8
17429 8
17565 8
16458 8
18368 8
17583 8
17565 8
17565 8
17471 8
17446 8
17513 8
17432 8
17516 8
17503 8
17474 8
17373 8
17491 8
17646 8
17582 8
17495 8
17516 8
18169 8
17404 8
17533 8
17366 8
17534 8
17844 8
17642 8
17555 8
17530 8
17457 8
18473 9
17358 8
18539 9
17715 8
17457 8
17554 8
17450 8
17530 8
17576 8
17628 8
17433 8
17450 8
17495 8
17324 8
17561 8
17544 8
17523 8
17946 8
17491 8
17499 8
17418 8
17530 8
17428 8
17454 8
17513 8
17572 8
17366 8
17582 8
17453 8
17394 8
17547 8
17516 8
18662 9
17456 8
17673 8
17471 8
17516 8
17628 8
17548 8
17505 8
17729 8
17299 8
18654 9
17449 8
17478 8
17540 8
17502 8
17555 8
17562 8
16385 8
17460 8
17551 8
16402 8
17625 8
17495 8
17457 8
17408 8
17544 8
17586 8
17523 8
17530 8
17558 8
17411 8
17606 8
17533 8
17586 8
17418 8
17582 8
17303 8
17576 8
17572 8
17691 8
17498 8
17593 8
17571 8
17449 8
18497 9
17558 8
17502 8
17775 8
17544 8
17558 8
17433 8
17562 8
17544 8
17589 8
17590 8
17527 8
17454 8
17681 8
17495 8
18473 9
17638 8
17491 8
17645 8
17590 8
17440 8
17582 8
18341 8
17935 8
17642 8
17457 8
17502 8
17418 8
17544 8
16396 8
17530 8
17512 8
18472 9
17551 8
17628 8
17904 8
17597 8
17750 8
17506 8
17523 8
17477 8
17464 8
17607 8
17408 8
17495 8
17415 8
17599 8
17866 8
17439 8
17540 8
17432 8
17495 8
18459 9
17638 8
18556 9
17585 8
18337 8
17625 8
17565 8
17408 8
17418 8
17478 8
17618 8
17478 8
18451 9
17649 8
17558 8
17607 8
17355 8
17519 8
17645 8
17596 8
17471 8
17377 8
17426 8
17554 8
17589 8
17505 8
17576 8
17579 8
17439 8
17597 8
17468 8
17638 8
17499 8
17548 8
18403 8
17404 8
17488 8
17426 8
17488 8
17701 8
17387 8
17582 8
17534 8
17502 8
17464 8
17523 8
17509 8
17453 8
17373 8
