176390 10
130964 7
130956 7
138338 8
131107 8
131110 8
173855 10
137996 8
131027 7
131219 8
249781 15
138195 8
131145 8
131110 8
131421 8
131114 8
131355 8
131236 8
130598 7
130856 7
131016 7
131100 8
176680 10
130671 7
131292 8
131118 8
138145 8
131072 8
131093 8
131160 8
130908 7
130967 7
130846 7
131292 8
130667 7
131166 8
130890 7
130981 7
130919 7
131128 8
131016 7
138247 8
121988 7
131128 8
131184 8
131160 8
131086 8
131075 8
138229 8
130852 7
131090 8
131002 7
130960 7
131117 8
130943 7
131065 7
130845 7
138470 8
131170 8
131180 8
138083 8
131044 7
131005 7
260510 15
130817 7
131236 8
130894 7
130618 7
131114 8
131195 8
131145 8
131027 7
131289 8
130803 7
130849 7
135922 8
131044 7
130977 7
130911 7
131198 8
130699 7
131100 8
131034 7
131167 8
131055 7
130905 7
130824 7
130520 7
130974 7
130960 7
138198 8
131012 7
130919 7
131131 8
131058 7
131125 8
130727 7
131225 8
130908 7
131219 8
130723 7
131075 8
131111 8
131114 8
131135 8
131055 7
131006 7
131222 8
131271 8
138027 8
130887 7
131023 7
130890 7
130853 7
131062 7
131058 7
131097 8
131369 8
131313 8
131006 7
137873 8
138086 8
130999 7
131048 7
131054 7
130968 7
130992 7
131079 8
131170 8
136689 8
131258 8
130933 7
131040 7
130538 7
131107 8
131055 7
131034 7
130940 7
131152 8
131100 8
131003 7
131417 8
130954 7
130992 7
131254 8
131090 8
131156 8
130978 7
131331 8
130949 7
131125 8
131258 8
131093 8
131100 8
131232 8
131135 8
130859 7
131055 7
130967 7
131198 8
130887 7
131174 8
131054 7
130905 7
131310 8
131285 8
131156 8
131016 7
131701 8
131013 7
130740 7
176162 10
131278 8
130971 7
131030 7
130890 7
130946 7
130929 7
130922 7
131162 8
131072 8
131009 7
130897 7
131086 8
131187 8
130835 7
134570 8
131072 8
131201 8
131341 8
131065 7
131184 8
130989 7
138512 8
131163 8
131229 8
131104 8
175565 10
130936 7
131041 7
138167 8
131058 7
130807 7
130957 7
130950 7
130887 7
131568 8
131149 8
131114 8
130998 7
131156 8
131296 8
138257 8
131240 8
131069 7
131261 8
131163 8
131055 7
138282 8
171285 10
131058 7
131204 8
131068 7
130901 7
130744 7
138076 8
131152 8
131037 7
131135 8
130859 7
131072 8
138278 8
131316 8
131281 8
131020 7
247026 15
130894 7
131279 8
131125 8
131020 7
130929 7
131114 8
130933 7
131090 8
131149 8
131114 8
131327 8
245850 15
131026 7
130813 7
138202 8
131068 7
131300 8
130989 7
130943 7
131030 7
131065 7
138061 8
130988 7
130758 7
131250 8
130915 7
130814 7
131316 8
130912 7
130660 7
131198 8
131753 8
138136 8
138198 8
130946 7
130985 7
130706 7
131030 7
131009 7
131505 8
138205 8
131205 8
131090 8
131048 7
183096 11
131037 7
130691 7
131026 7
131051 7
131166 8
131498 8
138299 8
296363 18
130838 7
131103 8
138131 8
131041 7
130929 7
130901 7
176515 10
131020 7
130569 7
131271 8
138129 8
130894 7
131037 7
130810 7
130968 7
131924 8
131449 8
138239 8
138174 8
131041 7
131047 7
130918 7
131250 8
131079 8
131352 8
137989 8
131236 8
131139 8
130621 7
138101 8
130765 7
130814 7
130894 7
131114 8
131117 8
130967 7
137807 8
131111 8
130950 7
131006 7
131173 8
130862 7
131209 8
130939 7
130873 7
130444 7
130960 7
131026 7
138124 8
130922 7
131508 8
131181 8
130747 7
130894 7
130935 7
131156 8
131103 8
131163 8
130957 7
131149 8
131017 7
131062 7
138010 8
130961 7
131059 7
131230 8
131003 7
130922 7
131166 8
131065 7
131044 7
131202 8
131100 8
131393 8
138701 8
131104 8
131163 8
130806 7
131352 8
131080 8
131034 7
178621 10
130953 7
131117 8
131369 8
131243 8
130824 7
130863 7
131010 7
131002 7
177287 10
131048 7
130992 7
138300 8
175098 10
130880 7
131100 8
130831 7
131156 8
131299 8
141933 8
138261 8
249247 15
135628 8
128520 7
130968 7
130793 7
130908 7
130842 7
130643 7
130639 7
130845 7
130978 7
131002 7
130957 7
131439 8
138194 8
131072 8
131152 8
130765 7
131344 8
131216 8
131480 8
131383 8
131215 8
130754 7
130873 7
131156 8
131072 8
130971 7
131236 8
131327 8
130811 7
130741 7
131233 8
130730 7
130904 7
130908 7
130975 7
131222 8
130783 7
130712 7
130964 7
131069 7
130929 7
130908 7
130754 7
130974 7
131128 8
131149 8
131026 7
130835 7
131194 8
131139 8
135702 8
131051 7
130667 7
131198 8
171513 10
131166 8
131198 8
131023 7
130929 7
131128 8
131051 7
130740 7
131142 8
131368 8
131159 8
130978 7
138285 8
130779 7
130967 7
131138 8
131173 8
130915 7
130782 7
137992 8
137901 8
130859 7
130877 7
131145 8
131163 8
248482 15
131275 8
130688 7
172846 10
131202 8
131010 7
138226 8
131121 8
130891 7
131058 7
131058 7
131162 8
131125 8
138222 8
131247 8
130982 7
130943 7
131181 8
131296 8
137895 8
130999 7
130772 7
130995 7
131289 8
131362 8
263028 16
131006 7
131051 7
131190 8
131366 8
130995 7
138020 8
174316 10
137608 8
130922 7
131002 7
130775 7
131017 7
138349 8
131093 8
131100 8
130915 7
131027 7
131174 8
137765 8
131257 8
130890 7
130954 7
136494 8
131177 8
130287 7
130950 7
130936 7
130929 7
130855 7
131418 8
130685 7
131505 8
138212 8
130897 7
131188 8
130908 7
130827 7
138080 8
131253 8
131149 8
130912 7
130786 7
131041 7
138031 8
138111 8
131062 7
131107 8
130698 7
180042 10
131146 8
131114 8
131149 8
131027 7
130960 7
131086 8
130936 7
131198 8
131330 8
130996 7
131027 7
131086 8
130999 7
138170 8
138229 8
138452 8
131121 8
131155 8
130867 7
131187 8
130789 7
130769 7
131051 7
131163 8
130884 7
131037 7
137947 8
131010 7
130831 7
130991 7
131072 8
131414 8
131058 7
137992 8
131177 8
130908 7
131111 8
131896 8
130898 7
131229 8
131023 7
131379 8
131400 8
130954 7
130806 7
138020 8
131278 8
130894 7
130691 7
130876 7
131278 8
131146 8
297236 18
131013 7
130807 7
131211 8
130636 7
130856 7
131142 8
130831 7
137845 8
131058 7
131310 8
130946 7
130772 7
130988 7
130970 7
130845 7
131104 8
130904 7
131044 7
173297 10
131044 7
130901 7
131302 8
138327 8
138338 8
131121 8
130811 7
131058 7
131009 7
130768 7
130835 7
131348 8
137891 8
131142 8
131358 8
131114 8
130974 7
131473 8
137912 8
131369 8
131320 8
137622 8
131131 8
131012 7
131132 8
130762 7
131327 8
130607 7
131013 7
131079 8
138225 8
131121 8
131163 8
131253 8
130971 7
130874 7
131065 7
175783 10
130863 7
131187 8
131351 8
131086 8
131114 8
131034 7
131082 8
131027 7
130713 7
131306 8
130883 7
131045 7
130891 7
131181 8
130940 7
131278 8
130758 7
130929 7
128397 7
130985 7
130904 7
130866 7
138027 8
131526 8
131180 8
131003 7
130932 7
131131 8
130772 7
131135 8
130849 7
131230 8
248403 15
130835 7
130957 7
130957 7
130576 7
172186 10
131411 8
131090 8
130925 7
130883 7
130961 7
174986 10
131124 8
131062 7
131181 8
131009 7
131111 8
130908 7
131258 8
130894 7
131226 8
130960 7
131121 8
131069 7
130978 7
130632 7
130908 7
131450 8
131051 7
131394 8
130849 7
131344 8
131355 8
130755 7
131274 8
131128 8
131040 7
131222 8
131121 8
130919 7
130985 7
131146 8
130831 7
131020 7
130929 7
131212 8
131244 8
131065 7
130831 7
130824 7
131424 8
130825 7
131324 8
131225 8
130870 7
130950 7
131061 7
131107 8
130929 7
131216 8
131463 8
131016 7
131153 8
130894 7
131030 7
131093 8
131355 8
130908 7
130898 7
131303 8
131019 7
130984 7
130720 7
130978 7
130741 7
131581 8
131180 8
130908 7
131020 7
130915 7
131173 8
131128 8
238836 14
131117 8
131047 7
130790 7
131083 8
131114 8
138180 8
130957 7
131243 8
131153 8
130939 7
131107 8
131097 8
131173 8
131124 8
130999 7
130797 7
131275 8
138369 8
138086 8
131229 8
131072 8
130946 7
131051 7
131484 8
131142 8
131247 8
131498 8
131076 8
131037 7
131104 8
130810 7
131466 8
131103 8
130755 7
130828 7
138177 8
138041 8
131243 8
130988 7
131069 7
248584 15
131037 7
131156 8
131288 8
121820 7
131439 8
131198 8
130932 7
138149 8
131121 8
175314 10
131005 7
131117 8
131124 8
121844 7
138240 8
131167 8
130932 7
130950 7
131125 8
130999 7
131201 8
130978 7
131012 7
131188 8
131166 8
131180 8
131132 8
131289 8
131139 8
131358 8
131139 8
131142 8
131033 7
131167 8
131086 8
130632 7
130782 7
130953 7
131061 7
130939 7
131289 8
130999 7
131243 8
131086 8
131048 7
131198 8
178960 10
130946 7
130688 7
131086 8
131107 8
130684 7
131282 8
130985 7
138208 8
131097 8
131023 7
138246 8
131037 7
130929 7
131216 8
131005 7
131051 7
131194 8
138474 8
128684 7
130950 7
130744 7
130848 7
131268 8
131226 8
131131 8
137845 8
130827 7
130975 7
131027 7
131111 8
172067 10
131153 8
130995 7
131285 8
130876 7
130887 7
131065 7
131027 7
130681 7
131037 7
131180 8
131208 8
131090 8
131065 7
174312 10
131987 8
130867 7
130820 7
130911 7
131142 8
130929 7
130960 7
131278 8
131215 8
130978 7
131114 8
130988 7
130601 7
130953 7
130890 7
138260 8
246678 15
131222 8
175890 10
130608 7
130744 7
131169 8
131159 8
130936 7
131062 7
131180 8
130859 7
130702 7
131012 7
130888 7
137915 8
131324 8
131139 8
130981 7
138226 8
131089 8
131125 8
138104 8
131006 7
131059 7
131631 8
138191 8
131096 8
131009 7
131229 8
131128 8
131547 8
131009 7
130974 7
131201 8
131435 8
131047 7
138254 8
172842 10
131271 8
130898 7
175894 10
131261 8
131093 8
130852 7
177804 10
131536 8
131680 8
131593 8
131693 8
130929 7
130772 7
135754 8
131016 7
130999 7
130849 7
131034 7
131352 8
131218 8
131002 7
130984 7
130908 7
130706 7
131083 8
131062 7
131017 7
131464 8
130940 7
130846 7
130954 7
131156 8
130849 7
130838 7
130943 7
131174 8
130677 7
130873 7
130971 7
130702 7
131138 8
