260793 7
260325 7
261003 7
274908 8
274738 8
260559 7
307315 9
260981 7
379876 11
260978 7
260643 7
309833 9
260874 7
260855 7
260605 7
274699 8
260367 7
260842 7
302187 9
261264 7
306320 9
260712 7
274241 8
260178 7
260569 7
260765 7
260503 7
260936 7
260447 7
260102 7
260333 7
428154 13
260619 7
260493 7
260762 7
260622 7
274779 8
259844 7
260437 7
260685 7
260709 7
260734 7
260489 7
266351 8
260671 7
260954 7
260800 7
260525 7
260870 7
260762 7
260954 7
260608 7
260825 7
260930 7
260695 7
260936 7
260549 7
260793 7
260720 7
260238 7
260458 7
260622 7
260877 7
261048 7
260860 7
260622 7
260454 7
260755 7
260918 7
256803 7
260814 7
260692 7
260595 7
260744 7
260755 7
260737 7
260678 7
363044 11
260552 7
260925 7
260971 7
310813 9
260471 7
260856 7
260371 7
260427 7
260957 7
260671 7
274416 8
260989 7
260294 7
260070 7
260717 7
260950 7
260511 7
275300 8
260597 7
274916 8
260944 7
260294 7
361124 11
260371 7
260852 7
260933 7
313746 9
260734 7
260734 7
260919 7
261024 7
260493 7
260982 7
260814 7
260413 7
260954 7
260797 7
260845 7
260392 7
260695 7
260252 7
260517 7
274612 8
261313 7
260448 7
261118 7
260545 7
260524 7
261013 7
260353 7
260790 7
260371 7
260960 7
261265 7
260514 7
260350 7
260689 7
260818 7
307986 9
260870 7
260747 7
260531 7
260828 7
261167 7
260744 7
260793 7
260759 7
357601 10
260765 7
260263 7
261031 7
260852 7
260619 7
260733 7
260325 7
260776 7
260740 7
260964 7
260811 7
260667 7
260720 7
260549 7
260696 7
247883 7
274657 8
265359 8
260947 7
260604 7
260576 7
274832 8
261170 7
260869 7
260489 7
260559 7
260849 7
260978 7
259836 7
261059 7
260866 7
260681 7
260423 7
260832 7
260755 7
260786 7
260971 7
260922 7
260978 7
265140 8
260842 7
260845 7
260619 7
260761 7
260929 7
261121 7
260786 7
274951 8
260312 7
260779 7
265101 8
260569 7
260713 7
260716 7
274975 8
260576 7
261111 7
260751 7
260622 7
260458 7
260517 7
260699 7
260437 7
274790 8
260975 7
260259 7
260200 7
261006 7
260793 7
260943 7
278502 8
262091 7
261886 7
262064 7
260688 7
261174 7
260381 7
260342 7
260667 7
274619 8
260744 7
260706 7
260657 7
260772 7
260779 7
260723 7
275056 8
260929 7
260448 7
260339 7
260605 7
261016 7
260895 7
260590 7
261104 7
260535 7
260605 7
260790 7
260549 7
260752 7
260779 7
260580 7
260615 7
260846 7
260535 7
261136 7
261187 7
274923 8
260542 7
260943 7
260702 7
260853 7
260898 7
260364 7
311226 9
260853 7
260940 7
260796 7
260793 7
260496 7
260961 7
260939 7
311149 9
274846 8
261536 7
261742 7
261732 7
260786 7
260825 7
260747 7
274993 8
260405 7
260706 7
260849 7
265259 8
260633 7
260650 7
260168 7
260619 7
260908 7
261307 7
260409 7
260259 7
274440 8
260559 7
261048 7
260671 7
260241 7
260852 7
261104 7
260671 7
260475 7
260507 7
260590 7
260468 7
260754 7
301188 9
260689 7
260895 7
274570 8
260622 7
260727 7
274577 8
260214 7
260584 7
259815 7
260622 7
260451 7
274671 8
260849 7
260954 7
310748 9
262532 8
261882 7
260451 7
312175 9
260336 7
261969 7
305751 9
260594 7
260657 7
275086 8
260151 7
260458 7
274720 8
260650 7
260402 7
260824 7
260674 7
260807 7
260185 7
260423 7
261191 7
274776 8
306987 9
260622 7
260709 7
260849 7
260855 7
260413 7
260783 7
260667 7
260541 7
274905 8
260654 7
260664 7
261209 7
260891 7
260632 7
260873 7
260493 7
261062 7
260367 7
260842 7
261107 7
275080 8
260469 7
260594 7
260566 7
260982 7
260601 7
260849 7
260493 7
260933 7
261034 7
260486 7
260737 7
260905 7
359993 10
260608 7
260291 7
260995 7
260936 7
260395 7
260664 7
274954 8
260737 7
260800 7
261240 7
308817 9
260455 7
260321 7
304310 9
260908 7
260755 7
378029 11
261000 7
257235 7
301652 9
260895 7
261013 7
274503 8
260475 7
260521 7
260674 7
260269 7
260698 7
312888 9
274538 8
260458 7
260870 7
260873 7
359441 10
260353 7
274961 8
261076 7
260266 7
260545 7
260402 7
260566 7
261062 7
261739 7
260747 7
274968 8
274528 8
260329 7
260360 7
260552 7
260776 7
261132 7
274874 8
261163 7
260776 7
306377 9
282505 8
282593 8
282537 8
282331 8
281929 8
282970 8
282439 8
282223 8
282558 8
281814 8
274364 8
346153 10
274978 8
274838 8
282370 8
274947 8
275072 8
276029 8
274947 8
274661 8
275132 8
275097 8
275632 8
276386 8
274744 8
274950 8
274305 8
275058 8
274968 8
274301 8
275331 8
260455 7
261048 7
260294 7
260616 7
260546 7
260577 7
260542 7
260682 7
260677 7
260675 7
260978 7
261883 7
309005 9
260870 7
260901 7
260758 7
260842 7
261024 7
260461 7
261212 7
261135 7
260594 7
260769 7
260908 7
266351 8
260510 7
260786 7
260664 7
260709 7
260804 7
260744 7
260936 7
260803 7
261139 7
260751 7
260203 7
274828 8
260576 7
260615 7
260755 7
260821 7
260611 7
260751 7
314312 9
262347 8
274811 8
260678 7
260528 7
260612 7
260545 7
260552 7
260496 7
301237 9
307975 9
260867 7
260891 7
260814 7
261174 7
260695 7
260628 7
301837 9
260703 7
260797 7
260493 7
260855 7
260346 7
260636 7
260559 7
305148 9
275174 8
260385 7
260699 7
260339 7
260737 7
260531 7
275230 8
316567 9
260465 7
260657 7
260870 7
260555 7
260412 7
260702 7
260228 7
274762 8
275003 8
260741 7
260441 7
260817 7
260534 7
261288 7
274944 8
274817 8
260779 7
260597 7
260765 7
260570 7
260597 7
260528 7
260371 7
315185 9
274594 8
260780 7
260549 7
274748 8
260838 7
260528 7
260811 7
305252 9
265856 8
260619 7
260870 7
242527 7
260838 7
260936 7
275058 8
260660 7
305122 9
260841 7
260853 7
261149 7
260542 7
260671 7
274668 8
260814 7
260957 7
260699 7
260832 7
261184 7
260831 7
260905 7
260587 7
311166 9
260360 7
260828 7
260626 7
260866 7
260398 7
260283 7
260918 7
260947 7
304610 9
260531 7
260884 7
260601 7
260681 7
260685 7
260640 7
274919 8
261188 7
260507 7
260699 7
274644 8
260608 7
260580 7
380522 11
260758 7
274933 8
260723 7
260395 7
260926 7
260856 7
260796 7
260706 7
302585 9
261278 7
260538 7
260811 7
260863 7
260853 7
260465 7
261481 7
260740 7
275471 8
260468 7
261166 7
260856 7
260130 7
260664 7
262504 8
275125 8
260675 7
260548 7
259505 7
260842 7
274570 8
260675 7
260377 7
260496 7
274259 8
260556 7
260590 7
242565 7
260877 7
260716 7
260534 7
275296 8
260996 7
260674 7
260919 7
260304 7
260723 7
260447 7
260657 7
260706 7
274657 8
261139 7
261128 7
260961 7
260821 7
261047 7
260783 7
274828 8
274699 8
260454 7
260727 7
260859 7
260933 7
260845 7
261097 7
274741 8
274629 8
254222 7
262203 8
275803 8
260643 7
260563 7
260294 7
274532 8
274748 8
260876 7
261243 7
260448 7
260322 7
261023 7
261059 7
261157 7
312800 9
260524 7
260950 7
260461 7
260692 7
260650 7
260891 7
275125 8
408966 12
260755 7
261167 7
260363 7
260692 7
260217 7
382588 11
274266 8
260629 7
260862 7
260888 7
260546 7
381055 11
260755 7
260388 7
261044 7
260818 7
260531 7
260060 7
260772 7
260874 7
260828 7
260412 7
258311 7
260384 7
260632 7
260664 7
260912 7
261544 7
260580 7
260975 7
260312 7
260944 7
259980 7
260863 7
378825 11
260940 7
260127 7
260905 7
261135 7
300800 9
260524 7
261153 7
260859 7
260953 7
260838 7
260413 7
260654 7
260675 7
274574 8
260388 7
260793 7
260839 7
260108 7
260584 7
260409 7
274989 8
260626 7
260807 7
260891 7
260462 7
260580 7
260930 7
261062 7
260615 7
274396 8
260723 7
260769 7
260995 7
362761 11
260622 7
261023 7
274727 8
261230 7
260392 7
274542 8
260838 7
260838 7
260605 7
260790 7
274591 8
275272 8
260846 7
260402 7
260503 7
260165 7
259844 7
260608 7
274912 8
260730 7
260476 7
260392 7
260709 7
260943 7
260874 7
260535 7
260685 7
313115 9
260412 7
260825 7
261048 7
260961 7
260915 7
402922 12
274755 8
260950 7
260797 7
260549 7
260853 7
260346 7
260311 7
242691 7
274660 8
274598 8
358226 10
260590 7
260901 7
260657 7
260437 7
274758 8
275000 8
260622 7
260755 7
261006 7
260954 7
260392 7
260943 7
260646 7
260740 7
306324 9
260741 7
260716 7
260549 7
261020 7
260740 7
260552 7
274681 8
260682 7
312493 9
260416 7
260625 7
260587 7
260377 7
260898 7
260639 7
260796 7
260147 7
260748 7
260789 7
260531 7
260500 7
274535 8
260661 7
260741 7
379474 11
260703 7
261033 7
261212 7
261146 7
260684 7
379069 11
260940 7
260559 7
260724 7
260755 7
260968 7
260569 7
302955 9
260783 7
260999 7
261288 7
260632 7
260716 7
260877 7
260849 7
260611 7
274772 8
260971 7
261058 7
260901 7
261107 7
260671 7
260723 7
260957 7
260786 7
261041 7
260793 7
260615 7
260825 7
261121 7
261068 7
260786 7
260663 7
312165 9
260919 7
260412 7
260402 7
260835 7
260241 7
260381 7
308447 9
262200 8
260531 7
260810 7
255033 7
260835 7
260720 7
261031 7
260804 7
312689 9
260695 7
260953 7
260957 7
260318 7
260775 7
260939 7
312832 9
260807 7
260863 7
260716 7
260601 7
260364 7
260074 7
260207 7
260800 7
308069 9
260143 7
260493 7
260527 7
260779 7
260839 7
301066 9
307472 9
260193 7
260734 7
260542 7
260588 7
260807 7
274399 8
260559 7
260555 7
274647 8
260720 7
260506 7
261045 7
260587 7
261261 7
274329 8
274392 8
259844 7
260863 7
260510 7
260776 7
260888 7
274867 8
260535 7
261177 7
274559 8
260695 7
260388 7
260842 7
260675 7
260601 7
260318 7
275087 8
260416 7
260647 7
260601 7
260877 7
260699 7
260060 7
260807 7
260839 7
308279 9
274437 8
260447 7
260870 7
260608 7
260685 7
261037 7
260821 7
260926 7
260877 7
260852 7
260657 7
242324 7
261030 7
260692 7
260671 7
260406 7
260726 7
260677 7
260905 7
260937 7
