3617 28 0.00
3474 27 0.00
3638 28 0.00
3435 26 0.00
3181 24 0.00
3125 24 0.00
3261 25 0.00
3272 25 0.00
3177 24 0.00
3425 26 0.00
3257 25 0.00
3156 24 0.00
3146 24 0.00
3135 24 0.00
3103 24 0.00
3219 25 0.00
3233 25 0.00
3247 25 0.00
3603 28 0.00
3314 25 0.00
3313 25 0.00
3118 24 0.00
2992 23 0.00
3115 24 0.00
3209 25 0.00
3121 24 0.00
3201 25 0.00
3114 24 0.00
3313 25 0.00
3170 24 0.00
3216 25 0.00
3128 24 0.00
3128 24 0.00
3138 24 0.00
3205 25 0.00
3184 24 0.00
3093 24 0.00
3349 26 0.00
49078 383 0.01
3111 24 0.00
3153 24 0.00
3177 24 0.00
3146 24 0.00
3254 25 0.00
3090 24 0.00
3254 25 0.00
3187 24 0.00
3344 26 0.00
3230 25 0.00
3135 24 0.00
3191 24 0.00
3184 24 0.00
3359 26 0.00
3320 25 0.00
3268 25 0.00
3121 24 0.00
3157 24 0.00
3349 26 0.00
3184 24 0.00
3212 25 0.00
3261 25 0.00
3153 24 0.00
3150 24 0.00
3132 24 0.00
3097 24 0.00
3128 24 0.00
3177 24 0.00
3191 24 0.00
3184 24 0.00
3149 24 0.00
3349 26 0.00
3383 26 0.00
3142 24 0.00
3157 24 0.00
2988 23 0.00
3187 24 0.00
3188 24 0.00
3209 25 0.00
3215 25 0.00
3292 25 0.00
3146 24 0.00
3142 24 0.00
3212 25 0.00
3250 25 0.00
3261 25 0.00
3191 24 0.00
3163 24 0.00
3279 25 0.00
3236 25 0.00
3205 25 0.00
3293 25 0.00
3344 26 0.00
3195 24 0.00
3244 25 0.00
3160 24 0.00
3635 28 0.00
3331 26 0.00
3230 25 0.00
3142 24 0.00
3223 25 0.00
3149 24 0.00
3320 25 0.00
3432 26 0.00
3087 24 0.00
3153 24 0.00
3198 24 0.00
3174 24 0.00
3174 24 0.00
3100 24 0.00
3209 25 0.00
3174 24 0.00
3282 25 0.00
3198 24 0.00
3323 25 0.00
3059 23 0.00
3173 24 0.00
3090 24 0.00
3129 24 0.00
3058 23 0.00
3184 24 0.00
3118 24 0.00
2951 23 0.00
3429 26 0.00
3223 25 0.00
3247 25 0.00
2909 22 0.00
3160 24 0.00
3205 25 0.00
2996 23 0.00
3132 24 0.00
3275 25 0.00
3237 25 0.00
3145 24 0.00
3219 25 0.00
3314 25 0.00
3236 25 0.00
3188 24 0.00
3188 24 0.00
3174 24 0.00
3229 25 0.00
3181 24 0.00
3492 27 0.00
3209 25 0.00
3188 24 0.00
3314 25 0.00
3261 25 0.00
3177 24 0.00
3261 25 0.00
3213 25 0.00
3191 24 0.00
3268 25 0.00
3278 25 0.00
3317 25 0.00
2975 23 0.00
3097 24 0.00
3174 24 0.00
3184 24 0.00
3156 24 0.00
3209 25 0.00
3236 25 0.00
3205 25 0.00
3153 24 0.00
3177 24 0.00
3062 23 0.00
3338 26 0.00
3118 24 0.00
3362 26 0.00
3250 25 0.00
3233 25 0.00
3153 24 0.00
3195 24 0.00
3240 25 0.00
3195 24 0.00
3090 24 0.00
3226 25 0.00
3236 25 0.00
3202 25 0.00
3128 24 0.00
3152 24 0.00
3352 26 0.00
3460 27 0.00
3257 25 0.00
3090 24 0.00
3222 25 0.00
3132 24 0.00
3156 24 0.00
3265 25 0.00
3571 27 0.00
3192 24 0.00
3180 24 0.00
3170 24 0.00
3167 24 0.00
3271 25 0.00
3236 25 0.00
3100 24 0.00
3265 25 0.00
3185 24 0.00
3125 24 0.00
3250 25 0.00
3205 25 0.00
3117 24 0.00
3254 25 0.00
3083 24 0.00
3208 25 0.00
3159 24 0.00
2971 23 0.00
3139 24 0.00
3253 25 0.00
3048 23 0.00
3208 25 0.00
3174 24 0.00
3299 25 0.00
3261 25 0.00
3359 26 0.00
3292 25 0.00
3135 24 0.00
3583 27 0.00
3240 25 0.00
3142 24 0.00
3195 24 0.00
3523 27 0.00
3212 25 0.00
3317 25 0.00
3110 24 0.00
3171 24 0.00
3330 26 0.00
3208 25 0.00
3139 24 0.00
3174 24 0.00
3181 24 0.00
3159 24 0.00
3275 25 0.00
3208 25 0.00
3314 25 0.00
2971 23 0.00
3142 24 0.00
3100 24 0.00
3173 24 0.00
3146 24 0.00
3323 25 0.00
3198 24 0.00
3048 23 0.00
3363 26 0.00
3163 24 0.00
3153 24 0.00
3163 24 0.00
2915 22 0.00
3359 26 0.00
3306 25 0.00
3306 25 0.00
3156 24 0.00
3149 24 0.00
3236 25 0.00
3309 25 0.00
3331 26 0.00
3265 25 0.00
3191 24 0.00
3191 24 0.00
3337 26 0.00
49968 390 0.01
3097 24 0.00
3201 25 0.00
3247 25 0.00
3215 25 0.00
3195 24 0.00
3166 24 0.00
3254 25 0.00
3167 24 0.00
3408 26 0.00
3153 24 0.00
3184 24 0.00
3157 24 0.00
3160 24 0.00
3317 25 0.00
3185 24 0.00
3488 27 0.00
3365 26 0.00
3076 24 0.00
3076 24 0.00
3163 24 0.00
3076 24 0.00
3237 25 0.00
3131 24 0.00
3209 25 0.00
3254 25 0.00
3058 23 0.00
3244 25 0.00
3202 25 0.00
3135 24 0.00
3335 26 0.00
3216 25 0.00
3323 25 0.00
3613 28 0.00
3421 26 0.00
3101 24 0.00
3223 25 0.00
3247 25 0.00
3167 24 0.00
3139 24 0.00
3132 24 0.00
3223 25 0.00
3153 24 0.00
3258 25 0.00
3142 24 0.00
3174 24 0.00
3080 24 0.00
3152 24 0.00
3149 24 0.00
3222 25 0.00
2979 23 0.00
3079 24 0.00
3237 25 0.00
3139 24 0.00
3167 24 0.00
3244 25 0.00
3090 24 0.00
3184 24 0.00
3131 24 0.00
2930 22 0.00
3198 24 0.00
8002 62 0.00
3135 24 0.00
3156 24 0.00
3139 24 0.00
3272 25 0.00
3240 25 0.00
3160 24 0.00
3236 25 0.00
3163 24 0.00
3191 24 0.00
3184 24 0.00
3268 25 0.00
3449 26 0.00
3299 25 0.00
3261 25 0.00
3278 25 0.00
3575 27 0.00
3310 25 0.00
3194 24 0.00
3187 24 0.00
3122 24 0.00
3285 25 0.00
3184 24 0.00
3076 24 0.00
3201 25 0.00
3174 24 0.00
3153 24 0.00
3334 26 0.00
3170 24 0.00
3401 26 0.00
3121 24 0.00
3156 24 0.00
3198 24 0.00
3243 25 0.00
3180 24 0.00
3156 24 0.00
3243 25 0.00
3174 24 0.00
3219 25 0.00
3142 24 0.00
3324 25 0.00
3303 25 0.00
3177 24 0.00
3104 24 0.00
3052 23 0.00
3129 24 0.00
3163 24 0.00
3240 25 0.00
3187 24 0.00
3129 24 0.00
2911 22 0.00
3156 24 0.00
3114 24 0.00
3226 25 0.00
3187 24 0.00
3142 24 0.00
3167 24 0.00
3596 28 0.00
3268 25 0.00
3187 24 0.00
3209 25 0.00
3163 24 0.00
3220 25 0.00
2989 23 0.00
3181 24 0.00
3320 25 0.00
3139 24 0.00
3307 25 0.00
3309 25 0.00
3571 27 0.00
3313 25 0.00
3125 24 0.00
3164 24 0.00
3107 24 0.00
3153 24 0.00
3261 25 0.00
2957 23 0.00
3153 24 0.00
3160 24 0.00
3264 25 0.00
3212 25 0.00
3111 24 0.00
3240 25 0.00
3208 25 0.00
3188 24 0.00
3195 24 0.00
3275 25 0.00
3307 25 0.00
2985 23 0.00
3212 25 0.00
3293 25 0.00
3111 24 0.00
3174 24 0.00
3065 23 0.00
3138 24 0.00
3341 26 0.00
3171 24 0.00
3237 25 0.00
3244 25 0.00
3188 24 0.00
3212 25 0.00
3195 24 0.00
3590 28 0.00
3216 25 0.00
3131 24 0.00
3191 24 0.00
3226 25 0.00
3205 25 0.00
3195 24 0.00
3149 24 0.00
3321 25 0.00
3150 24 0.00
3118 24 0.00
3223 25 0.00
3023 23 0.00
3132 24 0.00
3153 24 0.00
3174 24 0.00
3195 24 0.00
3195 24 0.00
3202 25 0.00
3090 24 0.00
3275 25 0.00
3233 25 0.00
3188 24 0.00
2981 23 0.00
3181 24 0.00
3059 23 0.00
3184 24 0.00
3310 25 0.00
3188 24 0.00
3174 24 0.00
3163 24 0.00
3156 24 0.00
3292 25 0.00
3038 23 0.00
3163 24 0.00
3191 24 0.00
3327 25 0.00
3194 24 0.00
3181 24 0.00
3271 25 0.00
3223 25 0.00
3215 25 0.00
3101 24 0.00
3265 25 0.00
3163 24 0.00
3156 24 0.00
3362 26 0.00
3180 24 0.00
3076 24 0.00
3184 24 0.00
2978 23 0.00
3072 24 0.00
3223 25 0.00
3226 25 0.00
3279 25 0.00
3139 24 0.00
3187 24 0.00
3103 24 0.00
3202 25 0.00
3177 24 0.00
3160 24 0.00
3114 24 0.00
3066 23 0.00
3293 25 0.00
3187 24 0.00
3149 24 0.00
3177 24 0.00
3013 23 0.00
3240 25 0.00
3122 24 0.00
3760 29 0.00
3264 25 0.00
3020 23 0.00
3159 24 0.00
3181 24 0.00
3153 24 0.00
2940 22 0.00
3209 25 0.00
3027 23 0.00
3156 24 0.00
3254 25 0.00
3083 24 0.00
3261 25 0.00
3223 25 0.00
3201 25 0.00
3376 26 0.00
3079 24 0.00
3303 25 0.00
3289 25 0.00
3143 24 0.00
3215 25 0.00
3240 25 0.00
3191 24 0.00
3167 24 0.00
3159 24 0.00
3198 24 0.00
3268 25 0.00
3303 25 0.00
3386 26 0.00
3222 25 0.00
3205 25 0.00
3261 25 0.00
3194 24 0.00
3177 24 0.00
3184 24 0.00
3264 25 0.00
3201 25 0.00
2979 23 0.00
3090 24 0.00
3229 25 0.00
3201 25 0.00
3526 27 0.00
3135 24 0.00
3195 24 0.00
3194 24 0.00
3149 24 0.00
3170 24 0.00
3153 24 0.00
3149 24 0.00
3170 24 0.00
3222 25 0.00
3219 25 0.00
3296 25 0.00
3192 24 0.00
3149 24 0.00
3129 24 0.00
3205 25 0.00
3495 27 0.00
3404 26 0.00
3268 25 0.00
3149 24 0.00
3408 26 0.00
3205 25 0.00
3289 25 0.00
3491 27 0.00
2967 23 0.00
3205 25 0.00
3502 27 0.00
3435 26 0.00
3128 24 0.00
3164 24 0.00
3163 24 0.00
2978 23 0.00
3313 25 0.00
3229 25 0.00
3192 24 0.00
3153 24 0.00
3132 24 0.00
3212 25 0.00
3184 24 0.00
3198 24 0.00
3187 24 0.00
3139 24 0.00
3286 25 0.00
3739 29 0.00
3209 25 0.00
3079 24 0.00
3303 25 0.00
3156 24 0.00
3286 25 0.00
3173 24 0.00
2971 23 0.00
3233 25 0.00
3111 24 0.00
3058 23 0.00
3258 25 0.00
3142 24 0.00
3152 24 0.00
3275 25 0.00
3418 26 0.00
3160 24 0.00
3212 25 0.00
3373 26 0.00
3195 24 0.00
3736 29 0.00
3306 25 0.00
3229 25 0.00
3156 24 0.00
3178 24 0.00
3201 25 0.00
3226 25 0.00
3114 24 0.00
3250 25 0.00
3369 26 0.00
2908 22 0.00
3303 25 0.00
3268 25 0.00
3100 24 0.00
3149 24 0.00
3201 25 0.00
3310 25 0.00
3167 24 0.00
3236 25 0.00
3191 24 0.00
3129 24 0.00
3198 24 0.00
3160 24 0.00
3174 24 0.00
3094 24 0.00
3136 24 0.00
3177 24 0.00
3156 24 0.00
3156 24 0.00
3139 24 0.00
3121 24 0.00
3171 24 0.00
3404 26 0.00
3526 27 0.00
3205 25 0.00
3247 25 0.00
3163 24 0.00
3129 24 0.00
3247 25 0.00
3163 24 0.00
3530 27 0.00
3174 24 0.00
3338 26 0.00
3160 24 0.00
3125 24 0.00
3317 25 0.00
3160 24 0.00
3275 25 0.00
3505 27 0.00
3198 24 0.00
3226 25 0.00
3237 25 0.00
3202 25 0.00
3286 25 0.00
3152 24 0.00
3167 24 0.00
3139 24 0.00
3212 25 0.00
3268 25 0.00
3282 25 0.00
3153 24 0.00
3114 24 0.00
2936 22 0.00
3111 24 0.00
3146 24 0.00
3195 24 0.00
2993 23 0.00
3090 24 0.00
3292 25 0.00
3300 25 0.00
3233 25 0.00
3118 24 0.00
3160 24 0.00
3177 24 0.00
3191 24 0.00
3188 24 0.00
3205 25 0.00
3233 25 0.00
3090 24 0.00
3173 24 0.00
3198 24 0.00
3163 24 0.00
3251 25 0.00
3191 24 0.00
3180 24 0.00
3194 24 0.00
3341 26 0.00
3166 24 0.00
3236 25 0.00
3114 24 0.00
3177 24 0.00
3157 24 0.00
3184 24 0.00
3159 24 0.00
3240 25 0.00
3156 24 0.00
3149 24 0.00
3159 24 0.00
3215 25 0.00
3131 24 0.00
2982 23 0.00
3156 24 0.00
3160 24 0.00
2964 23 0.00
3289 25 0.00
3439 26 0.00
3062 23 0.00
3108 24 0.00
3121 24 0.00
3352 26 0.00
3188 24 0.00
3149 24 0.00
3181 24 0.00
3121 24 0.00
3202 25 0.00
3100 24 0.00
3274 25 0.00
3254 25 0.00
2943 22 0.00
3383 26 0.00
3170 24 0.00
3117 24 0.00
2926 22 0.00
3178 24 0.00
3362 26 0.00
3257 25 0.00
3281 25 0.00
3142 24 0.00
3208 25 0.00
3205 25 0.00
3212 25 0.00
3205 25 0.00
3306 25 0.00
3272 25 0.00
3226 25 0.00
3414 26 0.00
3062 23 0.00
3785 29 0.00
3205 25 0.00
3198 24 0.00
3334 26 0.00
3320 25 0.00
3170 24 0.00
3135 24 0.00
3676 28 0.00
3167 24 0.00
3184 24 0.00
3435 26 0.00
3205 25 0.00
3020 23 0.00
3089 24 0.00
3191 24 0.00
3306 25 0.00
3219 25 0.00
3181 24 0.00
2996 23 0.00
3296 25 0.00
3107 24 0.00
3327 25 0.00
3131 24 0.00
3174 24 0.00
3334 26 0.00
3226 25 0.00
3145 24 0.00
3240 25 0.00
3201 25 0.00
2954 23 0.00
3250 25 0.00
3254 25 0.00
3199 24 0.00
3163 24 0.00
3205 25 0.00
3038 23 0.00
3383 26 0.00
3156 24 0.00
3177 24 0.00
3108 24 0.00
3146 24 0.00
3156 24 0.00
3170 24 0.00
3188 24 0.00
3348 26 0.00
3268 25 0.00
3257 25 0.00
3142 24 0.00
3223 25 0.00
3296 25 0.00
3208 25 0.00
3243 25 0.00
3240 25 0.00
3093 24 0.00
3191 24 0.00
3328 26 0.00
3156 24 0.00
3163 24 0.00
3177 24 0.00
3180 24 0.00
3160 24 0.00
3181 24 0.00
3369 26 0.00
3090 24 0.00
3285 25 0.00
3139 24 0.00
3048 23 0.00
3132 24 0.00
3184 24 0.00
3271 25 0.00
3094 24 0.00
3152 24 0.00
3212 25 0.00
2967 23 0.00
3076 24 0.00
3135 24 0.00
3495 27 0.00
3271 25 0.00
3192 24 0.00
3404 26 0.00
3415 26 0.00
3090 24 0.00
3194 24 0.00
3216 25 0.00
3135 24 0.00
3187 24 0.00
3139 24 0.00
3159 24 0.00
3171 24 0.00
3163 24 0.00
3209 25 0.00
3177 24 0.00
3198 24 0.00
3146 24 0.00
3156 24 0.00
3299 25 0.00
3198 24 0.00
3240 25 0.00
3212 25 0.00
3152 24 0.00
3117 24 0.00
3223 25 0.00
3254 25 0.00
3153 24 0.00
2989 23 0.00
3149 24 0.00
3132 24 0.00
3173 24 0.00
3149 24 0.00
3177 24 0.00
3173 24 0.00
3188 24 0.00
3125 24 0.00
3156 24 0.00
3121 24 0.00
3135 24 0.00
3418 26 0.00
3226 25 0.00
3216 25 0.00
3282 25 0.00
3456 27 0.00
2929 22 0.00
3149 24 0.00
3446 26 0.00
3348 26 0.00
3174 24 0.00
3296 25 0.00
3258 25 0.00
3309 25 0.00
3174 24 0.00
3296 25 0.00
3160 24 0.00
3115 24 0.00
3111 24 0.00
3258 25 0.00
3142 24 0.00
3153 24 0.00
3372 26 0.00
3128 24 0.00
3386 26 0.00
3401 26 0.00
3121 24 0.00
3065 23 0.00
3174 24 0.00
3180 24 0.00
3138 24 0.00
3111 24 0.00
3002 23 0.00
3163 24 0.00
3156 24 0.00
3453 26 0.00
3003 23 0.00
3243 25 0.00
2929 22 0.00
3223 25 0.00
3219 25 0.00
3041 23 0.00
3181 24 0.00
3058 23 0.00
3181 24 0.00
3265 25 0.00
3195 24 0.00
3432 26 0.00
3164 24 0.00
3258 25 0.00
3153 24 0.00
3198 24 0.00
3596 28 0.00
3460 27 0.00
3128 24 0.00
3188 24 0.00
3201 25 0.00
3198 24 0.00
3152 24 0.00
3219 25 0.00
3103 24 0.00
3135 24 0.00
3184 24 0.00
3194 24 0.00
3191 24 0.00
3506 27 0.00
3191 24 0.00
3247 25 0.00
3191 24 0.00
3156 24 0.00
3296 25 0.00
3550 27 0.00
3097 24 0.00
3187 24 0.00
3226 25 0.00
2943 22 0.00
3121 24 0.00
3076 24 0.00
3254 25 0.00
3079 24 0.00
3114 24 0.00
3174 24 0.00
3268 25 0.00
3195 24 0.00
3170 24 0.00
3208 25 0.00
3156 24 0.00
3185 24 0.00
3230 25 0.00
3278 25 0.00
3345 26 0.00
3229 25 0.00
3202 25 0.00
3735 29 0.00
3282 25 0.00
3142 24 0.00
2982 23 0.00
3219 25 0.00
3111 24 0.00
3222 25 0.00
3282 25 0.00
3331 26 0.00
3164 24 0.00
3174 24 0.00
3275 25 0.00
3229 25 0.00
3212 25 0.00
3202 25 0.00
3058 23 0.00
3121 24 0.00
3306 25 0.00
3191 24 0.00
3170 24 0.00
3240 25 0.00
3132 24 0.00
3240 25 0.00
3009 23 0.00
3195 24 0.00
3177 24 0.00
3250 25 0.00
3152 24 0.00
3100 24 0.00
3247 25 0.00
3223 25 0.00
3586 28 0.00
3219 25 0.00
3487 27 0.00
3288 25 0.00
3219 25 0.00
3125 24 0.00
3114 24 0.00
3285 25 0.00
3205 25 0.00
3124 24 0.00
3138 24 0.00
3142 24 0.00
3240 25 0.00
3216 25 0.00
3184 24 0.00
3149 24 0.00
3191 24 0.00
3114 24 0.00
3209 25 0.00
3519 27 0.00
3219 25 0.00
2951 23 0.00
3059 23 0.00
3230 25 0.00
3142 24 0.00
3166 24 0.00
3250 25 0.00
3013 23 0.00
