24090 23 0.01
24080 23 0.01
23920 23 0.01
23860 23 0.01
24027 23 0.01
23989 23 0.01
23996 23 0.01
24020 23 0.01
23888 23 0.01
23989 23 0.01
23783 23 0.01
24038 23 0.01
24003 23 0.01
24000 23 0.01
24073 23 0.01
23864 23 0.01
24024 23 0.01
23950 23 0.01
24035 23 0.01
28259 27 0.01
23975 23 0.01
24052 23 0.01
23972 23 0.01
23926 23 0.01
23748 23 0.01
24045 23 0.01
24042 23 0.01
23832 23 0.01
23930 23 0.01
23982 23 0.01
24017 23 0.01
23950 23 0.01
23626 23 0.01
23992 23 0.01
24115 23 0.01
23961 23 0.01
23943 23 0.01
24038 23 0.01
23860 23 0.01
23971 23 0.01
23972 23 0.01
24126 23 0.01
24234 23 0.01
24024 23 0.01
23916 23 0.01
24024 23 0.01
24038 23 0.01
24066 23 0.01
23741 23 0.01
24139 23 0.01
23923 23 0.01
24024 23 0.01
23821 23 0.01
23937 23 0.01
23985 23 0.01
23982 23 0.01
23965 23 0.01
23874 23 0.01
24143 23 0.01
24066 23 0.01
24091 23 0.01
24059 23 0.01
24093 23 0.01
23982 23 0.01
24112 23 0.01
23996 23 0.01
23885 23 0.01
23986 23 0.01
24063 23 0.01
23783 23 0.01
23846 23 0.01
23856 23 0.01
23905 23 0.01
23968 23 0.01
23965 23 0.01
24038 23 0.01
23913 23 0.01
24024 23 0.01
24006 23 0.01
23857 23 0.01
24457 23 0.01
24300 23 0.01
23943 23 0.01
23727 23 0.01
24160 23 0.01
24122 23 0.01
24195 23 0.01
23913 23 0.01
24702 24 0.01
24024 23 0.01
23898 23 0.01
24007 23 0.01
24076 23 0.01
24052 23 0.01
23947 23 0.01
24007 23 0.01
23902 23 0.01
24129 23 0.01
24049 23 0.01
24171 23 0.01
24083 23 0.01
24038 23 0.01
24059 23 0.01
23997 23 0.01
24094 23 0.01
24087 23 0.01
24077 23 0.01
24216 23 0.01
24191 23 0.01
24049 23 0.01
23735 23 0.01
24231 23 0.01
23965 23 0.01
23717 23 0.01
24140 23 0.01
23864 23 0.01
24034 23 0.01
24129 23 0.01
23724 23 0.01
24000 23 0.01
24000 23 0.01
24080 23 0.01
23919 23 0.01
24125 23 0.01
24122 23 0.01
23999 23 0.01
24010 23 0.01
23951 23 0.01
24076 23 0.01
24177 23 0.01
24206 23 0.01
24132 23 0.01
23923 23 0.01
23986 23 0.01
23943 23 0.01
24073 23 0.01
23926 23 0.01
73936 72 0.02
23783 23 0.01
23891 23 0.01
23986 23 0.01
24020 23 0.01
24000 23 0.01
23878 23 0.01
23989 23 0.01
24014 23 0.01
23940 23 0.01
23958 23 0.01
23926 23 0.01
24028 23 0.01
24140 23 0.01
24090 23 0.01
23978 23 0.01
23978 23 0.01
23797 23 0.01
24024 23 0.01
23922 23 0.01
23961 23 0.01
23923 23 0.01
24087 23 0.01
24139 23 0.01
24062 23 0.01
24062 23 0.01
24136 23 0.01
24031 23 0.01
23919 23 0.01
24003 23 0.01
23962 23 0.01
23940 23 0.01
24035 23 0.01
24011 23 0.01
23968 23 0.01
23975 23 0.01
23965 23 0.01
23962 23 0.01
24083 23 0.01
24045 23 0.01
23954 23 0.01
23996 23 0.01
23996 23 0.01
24000 23 0.01
24035 23 0.01
24035 23 0.01
24045 23 0.01
24059 23 0.01
24139 23 0.01
23996 23 0.01
24062 23 0.01
23926 23 0.01
23888 23 0.01
23913 23 0.01
23982 23 0.01
24059 23 0.01
24041 23 0.01
23944 23 0.01
24028 23 0.01
23958 23 0.01
23929 23 0.01
23975 23 0.01
23978 23 0.01
23682 23 0.01
24056 23 0.01
24010 23 0.01
23992 23 0.01
23944 23 0.01
24034 23 0.01
23937 23 0.01
23919 23 0.01
23954 23 0.01
24087 23 0.01
23793 23 0.01
24020 23 0.01
24265 23 0.01
24139 23 0.01
23989 23 0.01
24000 23 0.01
24021 23 0.01
23793 23 0.01
23947 23 0.01
23860 23 0.01
23940 23 0.01
24108 23 0.01
24038 23 0.01
24014 23 0.01
23927 23 0.01
24125 23 0.01
23996 23 0.01
23798 23 0.01
24077 23 0.01
23804 23 0.01
23982 23 0.01
24017 23 0.01
23814 23 0.01
23908 23 0.01
24010 23 0.01
24192 23 0.01
23996 23 0.01
23992 23 0.01
23947 23 0.01
24077 23 0.01
23954 23 0.01
24080 23 0.01
24066 23 0.01
24028 23 0.01
23947 23 0.01
24013 23 0.01
24087 23 0.01
24055 23 0.01
24122 23 0.01
24017 23 0.01
24013 23 0.01
23846 23 0.01
24125 23 0.01
24021 23 0.01
23706 23 0.01
23982 23 0.01
23999 23 0.01
24251 23 0.01
23909 23 0.01
23944 23 0.01
24247 23 0.01
23979 23 0.01
23975 23 0.01
23992 23 0.01
24038 23 0.01
24000 23 0.01
23976 23 0.01
24080 23 0.01
23899 23 0.01
24048 23 0.01
24069 23 0.01
24125 23 0.01
23983 23 0.01
23997 23 0.01
23940 23 0.01
24010 23 0.01
24126 23 0.01
73248 71 0.02
24035 23 0.01
23786 23 0.01
24000 23 0.01
23965 23 0.01
23798 23 0.01
23978 23 0.01
23835 23 0.01
23780 23 0.01
24031 23 0.01
24104 23 0.01
23923 23 0.01
23999 23 0.01
28825 28 0.01
23902 23 0.01
24153 23 0.01
24087 23 0.01
23961 23 0.01
23961 23 0.01
23870 23 0.01
24091 23 0.01
23814 23 0.01
23989 23 0.01
24052 23 0.01
23922 23 0.01
28968 28 0.01
24038 23 0.01
24114 23 0.01
24083 23 0.01
23992 23 0.01
23940 23 0.01
23922 23 0.01
23801 23 0.01
23794 23 0.01
24164 23 0.01
24024 23 0.01
24136 23 0.01
23933 23 0.01
23969 23 0.01
23933 23 0.01
23923 23 0.01
23986 23 0.01
23986 23 0.01
24003 23 0.01
23978 23 0.01
28713 28 0.01
23794 23 0.01
23936 23 0.01
24063 23 0.01
23993 23 0.01
23748 23 0.01
23996 23 0.01
23828 23 0.01
23916 23 0.01
23950 23 0.01
23797 23 0.01
24090 23 0.01
24017 23 0.01
24107 23 0.01
24024 23 0.01
24261 23 0.01
23996 23 0.01
23951 23 0.01
23944 23 0.01
23843 23 0.01
23888 23 0.01
23947 23 0.01
24090 23 0.01
23843 23 0.01
23877 23 0.01
23913 23 0.01
23954 23 0.01
23954 23 0.01
24006 23 0.01
24129 23 0.01
23933 23 0.01
23996 23 0.01
23948 23 0.01
23958 23 0.01
23985 23 0.01
23986 23 0.01
23993 23 0.01
23965 23 0.01
23836 23 0.01
23940 23 0.01
24028 23 0.01
24167 23 0.01
23922 23 0.01
24004 23 0.01
23714 23 0.01
23965 23 0.01
24087 23 0.01
24056 23 0.01
23867 23 0.01
23982 23 0.01
24087 23 0.01
24020 23 0.01
24031 23 0.01
23752 23 0.01
23965 23 0.01
23996 23 0.01
23982 23 0.01
23926 23 0.01
23898 23 0.01
24021 23 0.01
24010 23 0.01
74320 72 0.02
23783 23 0.01
24031 23 0.01
23902 23 0.01
24028 23 0.01
23947 23 0.01
24011 23 0.01
23943 23 0.01
23902 23 0.01
23968 23 0.01
23968 23 0.01
24114 23 0.01
24072 23 0.01
24083 23 0.01
24094 23 0.01
23720 23 0.01
23947 23 0.01
23902 23 0.01
24254 23 0.01
24003 23 0.01
23657 23 0.01
23881 23 0.01
24080 23 0.01
23906 23 0.01
24059 23 0.01
24108 23 0.01
24035 23 0.01
23724 23 0.01
24293 23 0.01
24028 23 0.01
23692 23 0.01
23901 23 0.01
23930 23 0.01
24006 23 0.01
24076 23 0.01
23979 23 0.01
24038 23 0.01
24076 23 0.01
24066 23 0.01
23955 23 0.01
28835 28 0.01
24083 23 0.01
23962 23 0.01
24069 23 0.01
23769 23 0.01
24108 23 0.01
23884 23 0.01
24003 23 0.01
23958 23 0.01
23926 23 0.01
24066 23 0.01
23957 23 0.01
23863 23 0.01
23982 23 0.01
23986 23 0.01
23951 23 0.01
23986 23 0.01
24056 23 0.01
24020 23 0.01
23947 23 0.01
23961 23 0.01
24017 23 0.01
23920 23 0.01
23965 23 0.01
23985 23 0.01
23920 23 0.01
23954 23 0.01
23856 23 0.01
23853 23 0.01
24101 23 0.01
23929 23 0.01
23909 23 0.01
23793 23 0.01
24114 23 0.01
24013 23 0.01
23954 23 0.01
23940 23 0.01
24024 23 0.01
24024 23 0.01
24073 23 0.01
23696 23 0.01
23867 23 0.01
23986 23 0.01
72341 70 0.02
23937 23 0.01
24031 23 0.01
23996 23 0.01
24206 23 0.01
24042 23 0.01
24045 23 0.01
24059 23 0.01
23972 23 0.01
23804 23 0.01
24010 23 0.01
24034 23 0.01
24041 23 0.01
24038 23 0.01
24132 23 0.01
23898 23 0.01
24140 23 0.01
23972 23 0.01
24077 23 0.01
23926 23 0.01
23894 23 0.01
23920 23 0.01
23898 23 0.01
23860 23 0.01
23965 23 0.01
24031 23 0.01
23989 23 0.01
24013 23 0.01
24028 23 0.01
24055 23 0.01
24035 23 0.01
23968 23 0.01
23853 23 0.01
24045 23 0.01
23794 23 0.01
23951 23 0.01
23979 23 0.01
24098 23 0.01
24097 23 0.01
24006 23 0.01
23919 23 0.01
23913 23 0.01
23937 23 0.01
23710 23 0.01
23881 23 0.01
24052 23 0.01
24069 23 0.01
24101 23 0.01
24168 23 0.01
23916 23 0.01
23969 23 0.01
23916 23 0.01
23728 23 0.01
23908 23 0.01
23968 23 0.01
23965 23 0.01
24003 23 0.01
23968 23 0.01
53257 52 0.02
24191 23 0.01
23965 23 0.01
23668 23 0.01
24318 23 0.01
23895 23 0.01
24031 23 0.01
23947 23 0.01
23968 23 0.01
23958 23 0.01
24021 23 0.01
23958 23 0.01
24017 23 0.01
24052 23 0.01
24230 23 0.01
23979 23 0.01
23971 23 0.01
23825 23 0.01
23982 23 0.01
24059 23 0.01
23818 23 0.01
24045 23 0.01
23961 23 0.01
23930 23 0.01
23811 23 0.01
23867 23 0.01
24010 23 0.01
23976 23 0.01
23958 23 0.01
23992 23 0.01
24034 23 0.01
25162 24 0.01
24188 23 0.01
23982 23 0.01
23972 23 0.01
23989 23 0.01
23633 23 0.01
23920 23 0.01
23979 23 0.01
23964 23 0.01
24091 23 0.01
23832 23 0.01
24090 23 0.01
24062 23 0.01
23961 23 0.01
24100 23 0.01
24034 23 0.01
24010 23 0.01
24108 23 0.01
23835 23 0.01
41415 40 0.01
24080 23 0.01
23884 23 0.01
24017 23 0.01
23961 23 0.01
24038 23 0.01
24003 23 0.01
23993 23 0.01
24164 23 0.01
23717 23 0.01
23961 23 0.01
24052 23 0.01
23947 23 0.01
23954 23 0.01
23940 23 0.01
23919 23 0.01
24021 23 0.01
24038 23 0.01
23752 23 0.01
23874 23 0.01
23968 23 0.01
24035 23 0.01
23874 23 0.01
24216 23 0.01
23968 23 0.01
23825 23 0.01
23863 23 0.01
23898 23 0.01
23951 23 0.01
23982 23 0.01
23979 23 0.01
24055 23 0.01
23996 23 0.01
24059 23 0.01
23993 23 0.01
24073 23 0.01
24094 23 0.01
23993 23 0.01
24000 23 0.01
23908 23 0.01
28534 27 0.01
23996 23 0.01
23975 23 0.01
24034 23 0.01
23993 23 0.01
23929 23 0.01
24059 23 0.01
24038 23 0.01
24034 23 0.01
23968 23 0.01
23695 23 0.01
23985 23 0.01
24087 23 0.01
23978 23 0.01
23769 23 0.01
24034 23 0.01
23997 23 0.01
24160 23 0.01
24073 23 0.01
23923 23 0.01
24035 23 0.01
24003 23 0.01
24087 23 0.01
24013 23 0.01
23964 23 0.01
23849 23 0.01
30154 29 0.01
24013 23 0.01
24021 23 0.01
24003 23 0.01
24080 23 0.01
23965 23 0.01
24063 23 0.01
24059 23 0.01
23944 23 0.01
24003 23 0.01
24066 23 0.01
23940 23 0.01
23891 23 0.01
23916 23 0.01
23899 23 0.01
24076 23 0.01
23989 23 0.01
24049 23 0.01
23996 23 0.01
24024 23 0.01
23996 23 0.01
23993 23 0.01
24038 23 0.01
23954 23 0.01
24017 23 0.01
24003 23 0.01
23993 23 0.01
24048 23 0.01
24003 23 0.01
23779 23 0.01
23968 23 0.01
23982 23 0.01
23968 23 0.01
24069 23 0.01
24083 23 0.01
24007 23 0.01
23958 23 0.01
24058 23 0.01
23891 23 0.01
23919 23 0.01
24045 23 0.01
23804 23 0.01
23686 23 0.01
23972 23 0.01
24038 23 0.01
24007 23 0.01
23927 23 0.01
23982 23 0.01
23860 23 0.01
24038 23 0.01
23937 23 0.01
24129 23 0.01
23717 23 0.01
24003 23 0.01
23940 23 0.01
23989 23 0.01
24115 23 0.01
23944 23 0.01
24108 23 0.01
24031 23 0.01
24045 23 0.01
23989 23 0.01
23909 23 0.01
23972 23 0.01
24052 23 0.01
24021 23 0.01
24108 23 0.01
24142 23 0.01
24010 23 0.01
23899 23 0.01
23846 23 0.01
24048 23 0.01
24063 23 0.01
23996 23 0.01
23986 23 0.01
23881 23 0.01
23926 23 0.01
24027 23 0.01
23957 23 0.01
23772 23 0.01
24013 23 0.01
24024 23 0.01
23745 23 0.01
24143 23 0.01
23936 23 0.01
23979 23 0.01
23912 23 0.01
24098 23 0.01
23961 23 0.01
23682 23 0.01
23940 23 0.01
24031 23 0.01
23975 23 0.01
24038 23 0.01
23908 23 0.01
23829 23 0.01
23807 23 0.01
23992 23 0.01
24045 23 0.01
23835 23 0.01
24010 23 0.01
23986 23 0.01
24007 23 0.01
23978 23 0.01
23975 23 0.01
23986 23 0.01
23909 23 0.01
24062 23 0.01
24335 23 0.01
23905 23 0.01
24000 23 0.01
24052 23 0.01
24597 24 0.01
24055 23 0.01
24013 23 0.01
24042 23 0.01
24045 23 0.01
23912 23 0.01
23976 23 0.01
23958 23 0.01
23965 23 0.01
24125 23 0.01
24094 23 0.01
23958 23 0.01
23720 23 0.01
23944 23 0.01
24035 23 0.01
24561 23 0.01
23912 23 0.01
23968 23 0.01
23975 23 0.01
23972 23 0.01
32937 32 0.01
24024 23 0.01
24133 23 0.01
23937 23 0.01
23891 23 0.01
24007 23 0.01
24056 23 0.01
24020 23 0.01
24021 23 0.01
23825 23 0.01
23958 23 0.01
23769 23 0.01
23912 23 0.01
23860 23 0.01
23850 23 0.01
24049 23 0.01
23703 23 0.01
23933 23 0.01
23989 23 0.01
23972 23 0.01
23874 23 0.01
23853 23 0.01
66469 64 0.02
23738 23 0.01
24035 23 0.01
23996 23 0.01
24017 23 0.01
23790 23 0.01
24178 23 0.01
24153 23 0.01
23962 23 0.01
23999 23 0.01
24020 23 0.01
23979 23 0.01
24076 23 0.01
23936 23 0.01
23947 23 0.01
23926 23 0.01
23884 23 0.01
23783 23 0.01
23884 23 0.01
24013 23 0.01
23989 23 0.01
23870 23 0.01
23944 23 0.01
24083 23 0.01
24156 23 0.01
24034 23 0.01
23944 23 0.01
24114 23 0.01
24007 23 0.01
24031 23 0.01
24112 23 0.01
24021 23 0.01
24083 23 0.01
24024 23 0.01
23958 23 0.01
23867 23 0.01
23996 23 0.01
24049 23 0.01
23996 23 0.01
23947 23 0.01
24013 23 0.01
23996 23 0.01
23909 23 0.01
23919 23 0.01
23982 23 0.01
23947 23 0.01
23835 23 0.01
23794 23 0.01
24094 23 0.01
24080 23 0.01
23986 23 0.01
23968 23 0.01
24014 23 0.01
23958 23 0.01
23999 23 0.01
23898 23 0.01
23888 23 0.01
24006 23 0.01
24178 23 0.01
24083 23 0.01
24027 23 0.01
23748 23 0.01
24122 23 0.01
24101 23 0.01
24038 23 0.01
23972 23 0.01
23951 23 0.01
23944 23 0.01
24153 23 0.01
24160 23 0.01
24024 23 0.01
24010 23 0.01
23857 23 0.01
24100 23 0.01
23986 23 0.01
23968 23 0.01
24094 23 0.01
23919 23 0.01
23912 23 0.01
24059 23 0.01
23951 23 0.01
23888 23 0.01
24003 23 0.01
23982 23 0.01
23985 23 0.01
23992 23 0.01
24059 23 0.01
24143 23 0.01
23926 23 0.01
24765 24 0.01
24164 23 0.01
26129 25 0.01
75902 74 0.02
24363 23 0.01
24125 23 0.01
23832 23 0.01
23884 23 0.01
24045 23 0.01
23895 23 0.01
23961 23 0.01
23972 23 0.01
23905 23 0.01
23996 23 0.01
23979 23 0.01
23769 23 0.01
23999 23 0.01
23996 23 0.01
24010 23 0.01
23979 23 0.01
23881 23 0.01
23888 23 0.01
23922 23 0.01
24258 23 0.01
23972 23 0.01
24010 23 0.01
23947 23 0.01
23860 23 0.01
23919 23 0.01
24055 23 0.01
24056 23 0.01
23714 23 0.01
24051 23 0.01
24086 23 0.01
24069 23 0.01
23979 23 0.01
23982 23 0.01
23972 23 0.01
24010 23 0.01
24014 23 0.01
23867 23 0.01
24000 23 0.01
24021 23 0.01
24300 23 0.01
23843 23 0.01
24045 23 0.01
23962 23 0.01
24038 23 0.01
23933 23 0.01
23909 23 0.01
23930 23 0.01
23954 23 0.01
24035 23 0.01
24049 23 0.01
24098 23 0.01
23950 23 0.01
24010 23 0.01
24017 23 0.01
24031 23 0.01
24289 23 0.01
23888 23 0.01
24122 23 0.01
23927 23 0.01
23916 23 0.01
23951 23 0.01
23936 23 0.01
24114 23 0.01
23790 23 0.01
23867 23 0.01
24105 23 0.01
24108 23 0.01
23874 23 0.01
24020 23 0.01
24212 23 0.01
24107 23 0.01
24000 23 0.01
23941 23 0.01
24128 23 0.01
24059 23 0.01
23964 23 0.01
23943 23 0.01
24014 23 0.01
23804 23 0.01
23996 23 0.01
24024 23 0.01
23909 23 0.01
24049 23 0.01
24485 23 0.01
24167 23 0.01
24017 23 0.01
23926 23 0.01
24091 23 0.01
24212 23 0.01
24712 24 0.01
24080 23 0.01
24086 23 0.01
24045 23 0.01
24000 23 0.01
24108 23 0.01
24251 23 0.01
26031 25 0.01
25023 24 0.01
24084 23 0.01
24663 24 0.01
24795 24 0.01
24247 23 0.01
23958 23 0.01
24063 23 0.01
24077 23 0.01
24292 23 0.01
24297 23 0.01
24167 23 0.01
24101 23 0.01
24079 23 0.01
27819 27 0.01
24038 23 0.01
24041 23 0.01
