38173551 232 10.91
39679889 242 11.34
38782886 236 11.08
57068951 348 16.31
38355262 234 10.96
57746777 352 16.50
37860743 231 10.82
34812837 212 9.95
38996698 238 11.14
38007349 231 10.86
37790169 230 10.80
37218682 227 10.63
65032933 396 18.58
34541619 210 9.87
39152660 238 11.19
58014233 354 16.58
37907119 231 10.83
55556129 339 15.87
37263679 227 10.65
57167819 348 16.33
38208252 233 10.92
44192662 269 12.63
36436015 222 10.41
34745228 212 9.93
38897588 237 11.11
58674102 358 16.76
39352777 240 11.24
37985842 231 10.85
37735686 230 10.78
39084771 238 11.17
34651834 211 9.90
37198827 227 10.63
37564606 229 10.73
38451662 234 10.99
39367147 240 11.25
37422713 228 10.69
38100784 232 10.89
39126352 238 11.18
38385797 234 10.97
37696006 230 10.77
39178848 239 11.19
37501856 228 10.71
58472130 356 16.71
38085408 232 10.88
38712564 236 11.06
37137788 226 10.61
38260172 233 10.93
39652245 242 11.33
37161515 226 10.62
60889713 371 17.40
38737995 236 11.07
38904829 237 11.12
37262991 227 10.65
36861943 224 10.53
35528377 216 10.15
38489047 234 11.00
62568347 381 17.88
59408871 362 16.97
37490380 228 10.71
57380789 350 16.39
34949312 213 9.99
37574015 229 10.74
36278579 221 10.37
36067503 220 10.31
59047956 360 16.87
37104910 226 10.60
38346876 234 10.96
38909668 237 11.12
38100177 232 10.89
58395345 356 16.68
39294043 239 11.23
58757455 358 16.79
37497411 228 10.71
58851948 359 16.81
37802696 230 10.80
57396105 350 16.40
39095964 238 11.17
38779267 236 11.08
39234909 239 11.21
40101491 244 11.46
37551489 229 10.73
37112908 226 10.60
38107439 232 10.89
36484087 222 10.42
58187351 355 16.62
37517835 228 10.72
59541456 363 17.01
35802725 218 10.23
58589437 357 16.74
34680638 211 9.91
36274606 221 10.36
62839799 383 17.95
36906118 225 10.54
36156755 220 10.33
38193494 233 10.91
37534605 229 10.72
59623611 363 17.04
37429267 228 10.69
57480938 350 16.42
38154202 232 10.90
35746147 218 10.21
37428767 228 10.69
39398643 240 11.26
36279815 221 10.37
38026131 232 10.86
37896232 231 10.83
37453500 228 10.70
58467428 356 16.70
39626151 241 11.32
56959626 347 16.27
38486187 234 11.00
39663371 242 11.33
38167483 232 10.90
37607448 229 10.74
58191624 355 16.63
38821351 236 11.09
57992725 353 16.57
37346145 227 10.67
39629363 241 11.32
37753984 230 10.79
38403746 234 10.97
37065849 226 10.59
38606479 235 11.03
36048244 220 10.30
38589916 235 11.03
58875623 359 16.82
40628530 247 11.61
35781951 218 10.22
36955584 225 10.56
37342905 227 10.67
35215929 214 10.06
36478693 222 10.42
59028098 360 16.87
37237734 227 10.64
44112239 269 12.60
35263195 215 10.08
39154943 238 11.19
37907701 231 10.83
37665004 229 10.76
36774456 224 10.51
38799946 236 11.09
35316194 215 10.09
36253828 221 10.36
38770357 236 11.08
35917370 219 10.26
38340218 234 10.95
38026886 232 10.86
34760998 212 9.93
35161007 214 10.05
35575252 217 10.16
34926513 213 9.98
39458566 240 11.27
39639344 241 11.33
37922473 231 10.83
37999402 231 10.86
37218570 227 10.63
58140420 354 16.61
41878875 255 11.97
36939384 225 10.55
37965508 231 10.85
37500700 228 10.71
37889351 231 10.83
58021055 354 16.58
37162785 226 10.62
39010139 238 11.15
38206939 233 10.92
38728708 236 11.07
60444589 368 17.27
36616148 223 10.46
56546023 345 16.16
37987821 231 10.85
36825702 224 10.52
38831888 237 11.09
37578934 229 10.74
58883482 359 16.82
38880303 237 11.11
55647477 339 15.90
35458355 216 10.13
37945317 231 10.84
37611844 229 10.75
38036609 232 10.87
57327692 349 16.38
35275820 215 10.08
57565353 351 16.45
37665353 229 10.76
38967276 237 11.13
38367985 234 10.96
38967230 237 11.13
36328756 221 10.38
37702399 230 10.77
38313097 233 10.95
37590424 229 10.74
38374848 234 10.96
38091022 232 10.88
59341210 362 16.95
39136764 238 11.18
34721158 211 9.92
38456756 234 10.99
35027560 213 10.01
39554421 241 11.30
38090219 232 10.88
39751180 242 11.36
37663111 229 10.76
38042303 232 10.87
38593680 235 11.03
56580339 345 16.17
39528756 241 11.29
37324422 227 10.66
37677765 229 10.77
38499752 234 11.00
58693622 358 16.77
38382690 234 10.97
36449505 222 10.41
37617881 229 10.75
39736418 242 11.35
39599777 241 11.31
38556018 235 11.02
38174717 232 10.91
38130890 232 10.89
36755907 224 10.50
38620252 235 11.03
59321602 362 16.95
38507335 235 11.00
38420836 234 10.98
38385148 234 10.97
36214010 221 10.35
58602121 357 16.74
37515598 228 10.72
39032627 238 11.15
37617580 229 10.75
39571476 241 11.31
38285839 233 10.94
36480847 222 10.42
35431859 216 10.12
39447048 240 11.27
37603196 229 10.74
58755954 358 16.79
38981563 237 11.14
37229789 227 10.64
38974450 237 11.14
37689429 230 10.77
58943578 359 16.84
38830938 237 11.09
36715557 224 10.49
39018173 238 11.15
37699878 230 10.77
58363322 356 16.68
37553866 229 10.73
56250165 343 16.07
40305157 246 11.52
37174066 226 10.62
38557705 235 11.02
37983987 231 10.85
37767251 230 10.79
39230768 239 11.21
38184943 233 10.91
59812259 365 17.09
37496409 228 10.71
58599848 357 16.74
37853387 231 10.82
39070920 238 11.16
36691449 223 10.48
36777246 224 10.51
57368537 350 16.39
37872841 231 10.82
58752735 358 16.79
40485520 247 11.57
37878775 231 10.82
36639540 223 10.47
38561922 235 11.02
38594909 235 11.03
37361287 228 10.67
37747086 230 10.78
58786276 358 16.80
35401058 216 10.11
59558899 363 17.02
38060375 232 10.87
38621460 235 11.03
60240590 367 17.21
37268315 227 10.65
36514563 222 10.43
36976117 225 10.56
37867422 231 10.82
58668310 358 16.76
37910219 231 10.83
38537874 235 11.01
37538843 229 10.73
36692444 223 10.48
35043034 213 10.01
38035122 232 10.87
58802898 358 16.80
38369479 234 10.96
45020530 274 12.86
38237977 233 10.93
58409195 356 16.69
37519952 229 10.72
37465532 228 10.70
37284837 227 10.65
39919899 243 11.41
58353854 356 16.67
39745450 242 11.36
40796272 249 11.66
37803310 230 10.80
37918637 231 10.83
37239452 227 10.64
40583445 247 11.60
38385054 234 10.97
59492678 363 17.00
38292938 233 10.94
38548292 235 11.01
38186022 233 10.91
38132157 232 10.89
58457540 356 16.70
37522350 229 10.72
58670149 358 16.76
38475389 234 10.99
37023442 225 10.58
38205941 233 10.92
38149390 232 10.90
38515068 235 11.00
37868588 231 10.82
58410497 356 16.69
37909343 231 10.83
56890257 347 16.25
37713313 230 10.78
58509359 357 16.72
39825521 243 11.38
38365244 234 10.96
58712874 358 16.78
38084088 232 10.88
59655400 364 17.04
36074178 220 10.31
36466588 222 10.42
38787348 236 11.08
39038796 238 11.15
36232597 221 10.35
38283102 233 10.94
37330609 227 10.67
57298931 349 16.37
37953909 231 10.84
37458259 228 10.70
35860018 218 10.25
38734371 236 11.07
36576273 223 10.45
38423029 234 10.98
36617701 223 10.46
36878558 225 10.54
38873190 237 11.11
37421677 228 10.69
37658551 229 10.76
37329320 227 10.67
37352649 227 10.67
36891333 225 10.54
37018268 225 10.58
39442226 240 11.27
34751593 212 9.93
36775371 224 10.51
58834101 359 16.81
37175921 226 10.62
58414492 356 16.69
39090056 238 11.17
39295634 239 11.23
62188364 379 17.77
39549145 241 11.30
37744551 230 10.78
39123636 238 11.18
37470266 228 10.71
59301243 361 16.94
37832362 230 10.81
37990716 231 10.85
38806429 236 11.09
39460391 240 11.27
38342271 234 10.95
57320657 349 16.38
37443620 228 10.70
40197934 245 11.49
58720760 358 16.78
36404230 222 10.40
56602446 345 16.17
37238262 227 10.64
37812971 230 10.80
38512198 235 11.00
37567706 229 10.73
38438318 234 10.98
37784111 230 10.80
37534720 229 10.72
38542329 235 11.01
56917677 347 16.26
38229905 233 10.92
55638400 339 15.90
36744145 224 10.50
57670666 351 16.48
37099798 226 10.60
34975256 213 9.99
38229618 233 10.92
55576763 339 15.88
35945745 219 10.27
37502292 228 10.71
35701877 217 10.20
37709797 230 10.77
59809948 365 17.09
37454880 228 10.70
57072100 348 16.31
37749802 230 10.79
37384040 228 10.68
40519114 247 11.58
38946725 237 11.13
40125627 244 11.46
37844350 230 10.81
36240918 221 10.35
39286277 239 11.22
37898586 231 10.83
37789645 230 10.80
35799701 218 10.23
38615916 235 11.03
36461596 222 10.42
38597946 235 11.03
38409253 234 10.97
57814607 352 16.52
38045554 232 10.87
58626424 357 16.75
37990244 231 10.85
57599103 351 16.46
37330448 227 10.67
38945706 237 11.13
37277742 227 10.65
37435872 228 10.70
37180795 226 10.62
37967917 231 10.85
36805442 224 10.52
38152959 232 10.90
58312024 355 16.66
37953110 231 10.84
38970090 237 11.13
36072855 220 10.31
36794364 224 10.51
38838123 237 11.10
57786009 352 16.51
39188097 239 11.20
38307179 233 10.94
38515103 235 11.00
36390823 222 10.40
38272475 233 10.93
59255594 361 16.93
39288533 239 11.23
59251897 361 16.93
34670604 211 9.91
56541139 345 16.15
36566379 223 10.45
58663771 358 16.76
38623968 235 11.04
37704962 230 10.77
38143546 232 10.90
37616281 229 10.75
59302040 361 16.94
38093494 232 10.88
39601680 241 11.31
37320969 227 10.66
37205084 227 10.63
38253695 233 10.93
38131749 232 10.89
38633467 235 11.04
36249905 221 10.36
37722499 230 10.78
38979765 237 11.14
58712399 358 16.77
39724939 242 11.35
59066900 360 16.88
36799751 224 10.51
57395166 350 16.40
38319754 233 10.95
59770318 364 17.08
35391767 216 10.11
37889340 231 10.83
39043873 238 11.16
38847211 237 11.10
40088832 244 11.45
60147294 367 17.18
40442887 246 11.56
58421698 356 16.69
37472389 228 10.71
59075126 360 16.88
38519262 235 11.01
36683451 223 10.48
35620483 217 10.18
36924116 225 10.55
35221260 214 10.06
37730268 230 10.78
58922533 359 16.84
39500220 241 11.29
37601115 229 10.74
37075233 226 10.59
38329007 233 10.95
58992566 360 16.86
38036913 232 10.87
37601039 229 10.74
40120073 244 11.46
37864618 231 10.82
36955204 225 10.56
39553156 241 11.30
38570245 235 11.02
38780492 236 11.08
38430874 234 10.98
59516402 363 17.00
36797653 224 10.51
37674751 229 10.76
37894333 231 10.83
36600137 223 10.46
39190104 239 11.20
35425860 216 10.12
59503802 363 17.00
36034663 219 10.30
40406305 246 11.54
36434506 222 10.41
39473938 240 11.28
38286360 233 10.94
38699286 236 11.06
38091319 232 10.88
61245150 373 17.50
36773133 224 10.51
39046561 238 11.16
37859646 231 10.82
37343934 227 10.67
35357661 215 10.10
38865653 237 11.10
57616857 351 16.46
38664320 235 11.05
37734746 230 10.78
59027263 360 16.86
37353030 227 10.67
57815759 352 16.52
38485154 234 11.00
37464945 228 10.70
37723410 230 10.78
39106612 238 11.17
36198020 220 10.34
37786928 230 10.80
58928866 359 16.84
37903082 231 10.83
36876722 225 10.54
36525425 222 10.44
36592937 223 10.46
37081682 226 10.59
38113538 232 10.89
56125115 342 16.04
38570920 235 11.02
37925092 231 10.84
58011687 354 16.57
38670231 236 11.05
61660259 376 17.62
37435855 228 10.70
37362212 228 10.67
36974043 225 10.56
38687290 236 11.05
57863155 353 16.53
37923472 231 10.84
38522166 235 11.01
38759513 236 11.07
40023226 244 11.44
38893308 237 11.11
38081397 232 10.88
58885431 359 16.82
36162599 220 10.33
39700457 242 11.34
37217293 227 10.63
38554706 235 11.02
38440141 234 10.98
37893991 231 10.83
36013725 219 10.29
39678462 242 11.34
58730794 358 16.78
37688064 230 10.77
35969720 219 10.28
38705323 236 11.06
58613904 357 16.75
39815560 243 11.38
57564483 351 16.45
36259967 221 10.36
57997715 353 16.57
36972877 225 10.56
39759304 242 11.36
38280198 233 10.94
38482054 234 10.99
37080593 226 10.59
37135686 226 10.61
35252553 215 10.07
39883163 243 11.40
37416918 228 10.69
35921200 219 10.26
37298230 227 10.66
58054850 354 16.59
37779010 230 10.79
57121650 348 16.32
38517268 235 11.00
56653797 345 16.19
38693568 236 11.06
39055702 238 11.16
37770225 230 10.79
36859911 224 10.53
36955546 225 10.56
36983679 225 10.57
34762074 212 9.93
38966735 237 11.13
36349733 221 10.39
37952904 231 10.84
36850763 224 10.53
57868074 353 16.53
39053942 238 11.16
38681920 236 11.05
36930590 225 10.55
39645406 241 11.33
36342697 221 10.38
39398825 240 11.26
37926639 231 10.84
38986869 237 11.14
60731125 370 17.35
69801919 426 19.94
36011396 219 10.29
57691806 352 16.48
66662439 406 19.05
58904336 359 16.83
74222336 453 21.21
128546634 784 36.73
108363039 661 30.96
73168355 446 20.91
38047994 232 10.87
37982392 231 10.85
39162635 239 11.19
58699037 358 16.77
37353920 227 10.67
37462498 228 10.70
38704667 236 11.06
37421359 228 10.69
39244650 239 11.21
36675127 223 10.48
57397271 350 16.40
39592288 241 11.31
37663802 229 10.76
37939720 231 10.84
35015644 213 10.00
58870086 359 16.82
58420427 356 16.69
37833570 230 10.81
38697394 236 11.06
58680313 358 16.77
38161967 232 10.90
34182086 208 9.77
39002336 238 11.14
38156652 232 10.90
34556136 210 9.87
61983632 378 17.71
38439560 234 10.98
38273012 233 10.94
38323187 233 10.95
37472978 228 10.71
39622157 241 11.32
37642303 229 10.75
38540597 235 11.01
59242401 361 16.93
37985891 231 10.85
36854960 224 10.53
38729319 236 11.07
38202169 233 10.91
57285600 349 16.37
37989235 231 10.85
37791156 230 10.80
36958999 225 10.56
38293556 233 10.94
59648759 364 17.04
38074930 232 10.88
58575517 357 16.74
37066749 226 10.59
39712701 242 11.35
58781807 358 16.79
37277260 227 10.65
59235460 361 16.92
37271161 227 10.65
37914004 231 10.83
58545324 357 16.73
36692947 223 10.48
38964466 237 11.13
58917812 359 16.83
38132852 232 10.90
38369737 234 10.96
58892154 359 16.83
64421171 393 18.41
57903888 353 16.54
39512116 241 11.29
37443347 228 10.70
38363045 234 10.96
37401763 228 10.69
56899865 347 16.26
37894159 231 10.83
38037151 232 10.87
37354429 227 10.67
38333671 233 10.95
58751342 358 16.79
37015985 225 10.58
58943464 359 16.84
38280267 233 10.94
38779385 236 11.08
59016055 360 16.86
38899019 237 11.11
59454441 362 16.99
38244988 233 10.93
59605871 363 17.03
37540851 229 10.73
38257766 233 10.93
38584375 235 11.02
37144352 226 10.61
57352906 350 16.39
38467959 234 10.99
34907768 213 9.97
37873930 231 10.82
57394664 350 16.40
38734521 236 11.07
39180426 239 11.19
37693287 230 10.77
37917788 231 10.83
38980400 237 11.14
63731212 388 18.21
37827697 230 10.81
38009276 231 10.86
36315333 221 10.38
38332108 233 10.95
37075349 226 10.59
36322172 221 10.38
37403762 228 10.69
37430786 228 10.69
36825423 224 10.52
57639739 351 16.47
37792413 230 10.80
37745667 230 10.78
37748586 230 10.79
60198344 367 17.20
37647582 229 10.76
57081429 348 16.31
38110843 232 10.89
36444338 222 10.41
38915737 237 11.12
39266809 239 11.22
37761106 230 10.79
39120277 238 11.18
38032657 232 10.87
35623642 217 10.18
37283049 227 10.65
59629414 363 17.04
36894049 225 10.54
40299587 245 11.51
37069075 226 10.59
34629192 211 9.89
37388184 228 10.68
37047410 226 10.58
37934652 231 10.84
37498316 228 10.71
38545851 235 11.01
57414885 350 16.40
64752769 395 18.50
38153200 232 10.90
38437166 234 10.98
38079703 232 10.88
37651296 229 10.76
57645193 351 16.47
36282866 221 10.37
37890605 231 10.83
37344839 227 10.67
38535835 235 11.01
59153727 361 16.90
39227410 239 11.21
57199804 349 16.34
36352882 221 10.39
58761016 358 16.79
36817033 224 10.52
64612577 394 18.46
38833368 237 11.10
57969986 353 16.56
38518046 235 11.01
59688659 364 17.05
36894318 225 10.54
38801457 236 11.09
58892284 359 16.83
38635998 235 11.04
38729759 236 11.07
37083794 226 10.60
37714731 230 10.78
36791023 224 10.51
38938622 237 11.13
58701813 358 16.77
38403834 234 10.97
40674259 248 11.62
38251262 233 10.93
39741518 242 11.35
37990681 231 10.85
39345393 240 11.24
36394789 222 10.40
39308800 239 11.23
38112417 232 10.89
38744293 236 11.07
37718902 230 10.78
37955512 231 10.84
36550783 223 10.44
36124377 220 10.32
38835554 237 11.10
55983950 341 16.00
35973892 219 10.28
58757469 358 16.79
38938731 237 11.13
39587497 241 11.31
38771013 236 11.08
39928000 243 11.41
35783016 218 10.22
41521209 253 11.86
57154493 348 16.33
38066834 232 10.88
35979384 219 10.28
34829935 212 9.95
37882634 231 10.82
33650509 205 9.61
37360058 228 10.67
37247284 227 10.64
37944036 231 10.84
39680790 242 11.34
38061377 232 10.87
60663120 370 17.33
38437285 234 10.98
38605016 235 11.03
38687150 236 11.05
35444215 216 10.13
36548349 223 10.44
37833768 230 10.81
37900342 231 10.83
34745769 212 9.93
39590116 241 11.31
37287773 227 10.65
36052242 220 10.30
38305790 233 10.94
58536413 357 16.72
39224672 239 11.21
37964300 231 10.85
36229773 221 10.35
38509601 235 11.00
56976444 347 16.28
37262520 227 10.65
38340441 234 10.95
37816039 230 10.80
39214593 239 11.20
38990448 237 11.14
37443096 228 10.70
57996943 353 16.57
38903070 237 11.12
38457674 234 10.99
59670996 364 17.05
37552854 229 10.73
37054222 226 10.59
36873904 225 10.54
38236260 233 10.92
59506668 363 17.00
41306261 252 11.80
38650973 235 11.04
41811418 255 11.95
40406294 246 11.54
38044011 232 10.87
37990785 231 10.85
37742124 230 10.78
59200615 361 16.91
38721749 236 11.06
38158786 232 10.90
58967652 359 16.85
37268630 227 10.65
58868944 359 16.82
38831836 237 11.09
39797530 242 11.37
58357076 356 16.67
43111617 263 12.32
37321367 227 10.66
34882906 212 9.97
39573099 241 11.31
58884052 359 16.82
41082220 250 11.74
39615998 241 11.32
35811257 218 10.23
38059656 232 10.87
38094207 232 10.88
58535938 357 16.72
38104900 232 10.89
40211780 245 11.49
36828590 224 10.52
38983315 237 11.14
38899320 237 11.11
39088736 238 11.17
39067530 238 11.16
37825833 230 10.81
40466467 246 11.56
59168956 361 16.91
64383334 392 18.40
38022675 232 10.86
38329237 233 10.95
58494074 357 16.71
37546685 229 10.73
37450886 228 10.70
59377331 362 16.96
36470178 222 10.42
40085518 244 11.45
38950105 237 11.13
35243667 215 10.07
59300993 361 16.94
38001971 231 10.86
38400856 234 10.97
37087575 226 10.60
37690245 230 10.77
57720463 352 16.49
38240051 233 10.93
40293603 245 11.51
37686056 230 10.77
38713209 236 11.06
39911757 243 11.40
57893337 353 16.54
37669542 229 10.76
37911972 231 10.83
38254351 233 10.93
37741017 230 10.78
59203950 361 16.92
38697297 236 11.06
37945569 231 10.84
39650765 242 11.33
37340817 227 10.67
38852843 237 11.10
37658178 229 10.76
61255519 373 17.50
59299956 361 16.94
37595704 229 10.74
37465270 228 10.70
59291817 361 16.94
39204098 239 11.20
37622028 229 10.75
38326797 233 10.95
37839613 230 10.81
56895043 347 16.26
39820309 243 11.38
38090997 232 10.88
56945410 347 16.27
36074544 220 10.31
59021122 360 16.86
37975510 231 10.85
38936771 237 11.12
57504731 350 16.43
38933598 237 11.12
59170803 361 16.91
35140083 214 10.04
36275933 221 10.36
37144463 226 10.61
37549656 229 10.73
57883561 353 16.54
38655910 235 11.04
36098031 220 10.31
37139317 226 10.61
38400255 234 10.97
36969665 225 10.56
59728188 364 17.07
38137942 232 10.90
37911713 231 10.83
37937486 231 10.84
38731966 236 11.07
38346565 234 10.96
37239965 227 10.64
39510182 241 11.29
38888486 237 11.11
38355551 234 10.96
58554652 357 16.73
36904960 225 10.54
37714165 230 10.78
36728050 224 10.49
38047192 232 10.87
38687084 236 11.05
38437578 234 10.98
37799382 230 10.80
58065373 354 16.59
38062680 232 10.88
37785445 230 10.80
38523312 235 11.01
38592374 235 11.03
58640624 357 16.75
37576808 229 10.74
38624550 235 11.04
36404862 222 10.40
37845663 230 10.81
36475984 222 10.42
39351238 240 11.24
38632092 235 11.04
65875886 402 18.82
39784054 242 11.37
59130303 360 16.89
38347193 234 10.96
38102757 232 10.89
39344530 240 11.24
40329313 246 11.52
37910016 231 10.83
39385917 240 11.25
61147037 373 17.47
35652028 217 10.19
