2612 40 0.00
2245 35 0.00
2381 37 0.00
2301 35 0.00
2423 37 0.00
2311 36 0.00
2308 36 0.00
2461 38 0.00
2116 33 0.00
2346 36 0.00
2304 36 0.00
2301 35 0.00
2304 36 0.00
2078 32 0.00
2262 35 0.00
2297 35 0.00
2322 36 0.00
2416 37 0.00
2326 36 0.00
2256 35 0.00
2328 36 0.00
2116 33 0.00
2364 36 0.00
2374 37 0.00
2280 35 0.00
2517 39 0.00
2277 35 0.00
2343 36 0.00
2286 35 0.00
7007 109 0.00
2312 36 0.00
2335 36 0.00
2392 37 0.00
2318 36 0.00
2301 35 0.00
2325 36 0.00
2325 36 0.00
2363 36 0.00
3544 55 0.00
2322 36 0.00
2318 36 0.00
2318 36 0.00
2269 35 0.00
2349 36 0.00
2343 36 0.00
2322 36 0.00
2737 42 0.00
2391 37 0.00
2392 37 0.00
19182645 299728 5.48
2336 36 0.00
2266 35 0.00
2270 35 0.00
2301 35 0.00
2297 35 0.00
2255 35 0.00
2311 36 0.00
2157 33 0.00
2255 35 0.00
2335 36 0.00
2329 36 0.00
2252 35 0.00
2336 36 0.00
2322 36 0.00
2263 35 0.00
2332 36 0.00
2437 38 0.00
2280 35 0.00
2528 39 0.00
2294 35 0.00
2378 37 0.00
2427 37 0.00
2318 36 0.00
2298 35 0.00
2279 35 0.00
2305 36 0.00
2395 37 0.00
2350 36 0.00
2270 35 0.00
2304 36 0.00
2276 35 0.00
2252 35 0.00
2290 35 0.00
2381 37 0.00
2325 36 0.00
2283 35 0.00
2154 33 0.00
2332 36 0.00
2294 35 0.00
2329 36 0.00
2238 34 0.00
2343 36 0.00
2123 33 0.00
2297 35 0.00
2287 35 0.00
2269 35 0.00
2381 37 0.00
2175 33 0.00
2322 36 0.00
2224 34 0.00
2193 34 0.00
2389 37 0.00
2311 36 0.00
2451 38 0.00
2353 36 0.00
2280 35 0.00
2377 37 0.00
2343 36 0.00
2416 37 0.00
2325 36 0.00
2343 36 0.00
2280 35 0.00
2311 36 0.00
2315 36 0.00
2308 36 0.00
2357 36 0.00
2329 36 0.00
2322 36 0.00
2319 36 0.00
2392 37 0.00
2242 35 0.00
2333 36 0.00
2486 38 0.00
2340 36 0.00
2287 35 0.00
2238 34 0.00
2266 35 0.00
2326 36 0.00
2329 36 0.00
2350 36 0.00
2353 36 0.00
2332 36 0.00
2339 36 0.00
2186 34 0.00
2336 36 0.00
2333 36 0.00
2325 36 0.00
2277 35 0.00
2304 36 0.00
2312 36 0.00
2371 37 0.00
2123 33 0.00
2280 35 0.00
2255 35 0.00
2405 37 0.00
2280 35 0.00
2346 36 0.00
2269 35 0.00
2287 35 0.00
2252 35 0.00
2378 37 0.00
2346 36 0.00
2468 38 0.00
2318 36 0.00
2360 36 0.00
2322 36 0.00
2525 39 0.00
2248 35 0.00
2291 35 0.00
2291 35 0.00
2276 35 0.00
2314 36 0.00
2384 37 0.00
2685 41 0.00
2196 34 0.00
2416 37 0.00
2326 36 0.00
2308 36 0.00
2277 35 0.00
2221 34 0.00
2346 36 0.00
2273 35 0.00
2319 36 0.00
2335 36 0.00
2168 33 0.00
2245 35 0.00
2385 37 0.00
2325 36 0.00
2273 35 0.00
2329 36 0.00
2280 35 0.00
2311 36 0.00
2287 35 0.00
2224 34 0.00
2179 34 0.00
2116 33 0.00
2444 38 0.00
2203 34 0.00
2552 39 0.00
2329 36 0.00
2227 34 0.00
2433 38 0.00
2336 36 0.00
2248 35 0.00
2308 36 0.00
2367 36 0.00
2294 35 0.00
2808 43 0.00
2472 38 0.00
2270 35 0.00
2311 36 0.00
2304 36 0.00
2388 37 0.00
2259 35 0.00
2318 36 0.00
2280 35 0.00
2399 37 0.00
2416 37 0.00
2287 35 0.00
2252 35 0.00
2308 36 0.00
2248 35 0.00
2238 34 0.00
2081 32 0.00
2287 35 0.00
2333 36 0.00
2329 36 0.00
2286 35 0.00
2458 38 0.00
2301 35 0.00
2349 36 0.00
2339 36 0.00
2252 35 0.00
2315 36 0.00
2328 36 0.00
2259 35 0.00
2357 36 0.00
2360 36 0.00
2671 41 0.00
2266 35 0.00
2297 35 0.00
2248 35 0.00
2270 35 0.00
2300 35 0.00
2255 35 0.00
2335 36 0.00
2249 35 0.00
2367 36 0.00
2311 36 0.00
2245 35 0.00
2308 36 0.00
2273 35 0.00
2277 35 0.00
2311 36 0.00
2343 36 0.00
2280 35 0.00
2388 37 0.00
2430 37 0.00
2157 33 0.00
2336 36 0.00
2353 36 0.00
2259 35 0.00
2286 35 0.00
2270 35 0.00
2357 36 0.00
2280 35 0.00
2322 36 0.00
2441 38 0.00
2367 36 0.00
2290 35 0.00
2398 37 0.00
2514 39 0.00
2772 43 0.00
2339 36 0.00
2293 35 0.00
2304 36 0.00
2321 36 0.00
2332 36 0.00
2346 36 0.00
2287 35 0.00
2245 35 0.00
2231 34 0.00
2312 36 0.00
2343 36 0.00
2349 36 0.00
2315 36 0.00
2384 37 0.00
2070 32 0.00
2406 37 0.00
2476 38 0.00
2269 35 0.00
2262 35 0.00
2297 35 0.00
2416 37 0.00
2140 33 0.00
2713 42 0.00
2070 32 0.00
2325 36 0.00
2060 32 0.00
2354 36 0.00
2356 36 0.00
2311 36 0.00
2354 36 0.00
2283 35 0.00
2357 36 0.00
2259 35 0.00
2217 34 0.00
2283 35 0.00
2266 35 0.00
2231 34 0.00
2325 36 0.00
2284 35 0.00
2269 35 0.00
2426 37 0.00
2308 36 0.00
2217 34 0.00
2308 36 0.00
2245 35 0.00
2322 36 0.00
2539 39 0.00
2297 35 0.00
2426 37 0.00
2465 38 0.00
2293 35 0.00
2650 41 0.00
2265 35 0.00
2346 36 0.00
2311 36 0.00
2280 35 0.00
2395 37 0.00
2633 41 0.00
2245 35 0.00
2326 36 0.00
2078 32 0.00
2346 36 0.00
2300 35 0.00
2357 36 0.00
2307 36 0.00
2263 35 0.00
2377 37 0.00
2301 35 0.00
2318 36 0.00
2370 37 0.00
2312 36 0.00
2332 36 0.00
2273 35 0.00
2256 35 0.00
2353 36 0.00
2416 37 0.00
2706 42 0.00
2336 36 0.00
2472 38 0.00
2154 33 0.00
2203 34 0.00
2300 35 0.00
2304 36 0.00
2319 36 0.00
2304 36 0.00
2311 36 0.00
2333 36 0.00
2322 36 0.00
2193 34 0.00
2109 32 0.00
2269 35 0.00
2374 37 0.00
2315 36 0.00
2287 35 0.00
2385 37 0.00
2298 35 0.00
2245 35 0.00
2448 38 0.00
2294 35 0.00
2259 35 0.00
2346 36 0.00
2314 36 0.00
2325 36 0.00
2304 36 0.00
2311 36 0.00
2284 35 0.00
2294 35 0.00
2370 37 0.00
2520 39 0.00
2325 36 0.00
2322 36 0.00
2269 35 0.00
2311 36 0.00
2364 36 0.00
2321 36 0.00
2280 35 0.00
2381 37 0.00
2276 35 0.00
2308 36 0.00
2231 34 0.00
2252 35 0.00
2223 34 0.00
2266 35 0.00
2290 35 0.00
2294 35 0.00
2433 38 0.00
2304 36 0.00
2419 37 0.00
2021 31 0.00
2343 36 0.00
2136 33 0.00
2301 35 0.00
2284 35 0.00
2350 36 0.00
2374 37 0.00
2339 36 0.00
2161 33 0.00
2381 37 0.00
2304 36 0.00
2381 37 0.00
2249 35 0.00
2277 35 0.00
2336 36 0.00
2458 38 0.00
2280 35 0.00
2447 38 0.00
2636 41 0.00
2293 35 0.00
2423 37 0.00
2312 36 0.00
2375 37 0.00
2451 38 0.00
2357 36 0.00
2283 35 0.00
2385 37 0.00
2451 38 0.00
2357 36 0.00
2349 36 0.00
2343 36 0.00
2430 37 0.00
2308 36 0.00
2322 36 0.00
2483 38 0.00
2304 36 0.00
2301 35 0.00
2461 38 0.00
2361 36 0.00
2349 36 0.00
2350 36 0.00
2440 38 0.00
2273 35 0.00
2332 36 0.00
2465 38 0.00
2301 35 0.00
2342 36 0.00
2283 35 0.00
2479 38 0.00
2087 32 0.00
2273 35 0.00
2276 35 0.00
2346 36 0.00
2280 35 0.00
2290 35 0.00
2280 35 0.00
2301 35 0.00
2231 34 0.00
2259 35 0.00
2479 38 0.00
2276 35 0.00
2224 34 0.00
2321 36 0.00
2266 35 0.00
2311 36 0.00
2238 34 0.00
2350 36 0.00
2308 36 0.00
2392 37 0.00
2305 36 0.00
2328 36 0.00
2350 36 0.00
2356 36 0.00
2263 35 0.00
2301 35 0.00
2228 34 0.00
2269 35 0.00
2395 37 0.00
2450 38 0.00
2343 36 0.00
2409 37 0.00
2106 32 0.00
2447 38 0.00
2207 34 0.00
2298 35 0.00
2035 31 0.00
2277 35 0.00
2308 36 0.00
2325 36 0.00
2347 36 0.00
2343 36 0.00
2298 35 0.00
2248 35 0.00
2429 37 0.00
2336 36 0.00
2472 38 0.00
2455 38 0.00
2451 38 0.00
2346 36 0.00
2325 36 0.00
2360 36 0.00
2472 38 0.00
2234 34 0.00
2395 37 0.00
2308 36 0.00
2385 37 0.00
2171 33 0.00
2210 34 0.00
2266 35 0.00
2346 36 0.00
2273 35 0.00
2706 42 0.00
2396 37 0.00
2531 39 0.00
2416 37 0.00
2336 36 0.00
2129 33 0.00
2242 35 0.00
2224 34 0.00
2252 35 0.00
2283 35 0.00
2238 34 0.00
2283 35 0.00
2228 34 0.00
2283 35 0.00
2276 35 0.00
2269 35 0.00
2272 35 0.00
2347 36 0.00
2311 36 0.00
2448 38 0.00
2354 36 0.00
2377 37 0.00
2350 36 0.00
2283 35 0.00
2185 34 0.00
2102 32 0.00
2385 37 0.00
2489 38 0.00
2304 36 0.00
2248 35 0.00
2385 37 0.00
2217 34 0.00
2489 38 0.00
2321 36 0.00
2300 35 0.00
2294 35 0.00
3571 55 0.00
2301 35 0.00
2200 34 0.00
2346 36 0.00
2297 35 0.00
2434 38 0.00
2304 36 0.00
2276 35 0.00
2287 35 0.00
2252 35 0.00
2297 35 0.00
2283 35 0.00
2259 35 0.00
2259 35 0.00
2307 36 0.00
2378 37 0.00
2364 36 0.00
2245 35 0.00
2315 36 0.00
2326 36 0.00
2566 40 0.00
2493 38 0.00
2297 35 0.00
2430 37 0.00
2392 37 0.00
2318 36 0.00
2322 36 0.00
2399 37 0.00
2374 37 0.00
2325 36 0.00
2283 35 0.00
2342 36 0.00
2451 38 0.00
2590 40 0.00
2374 37 0.00
2326 36 0.00
2382 37 0.00
2353 36 0.00
2423 37 0.00
2364 36 0.00
2391 37 0.00
2256 35 0.00
2312 36 0.00
2312 36 0.00
2300 35 0.00
2322 36 0.00
2242 35 0.00
2294 35 0.00
2294 35 0.00
2315 36 0.00
2231 34 0.00
2245 35 0.00
2363 36 0.00
2294 35 0.00
2297 35 0.00
2252 35 0.00
2419 37 0.00
2308 36 0.00
2332 36 0.00
2315 36 0.00
3244 50 0.00
2297 35 0.00
2339 36 0.00
2318 36 0.00
2314 36 0.00
2374 37 0.00
2388 37 0.00
2269 35 0.00
2307 36 0.00
2315 36 0.00
2360 36 0.00
2196 34 0.00
2304 36 0.00
2305 36 0.00
2426 37 0.00
2385 37 0.00
2454 38 0.00
2308 36 0.00
2326 36 0.00
2485 38 0.00
2193 34 0.00
2312 36 0.00
2286 35 0.00
2269 35 0.00
2643 41 0.00
2346 36 0.00
2577 40 0.00
2248 35 0.00
2318 36 0.00
2318 36 0.00
2248 35 0.00
2245 35 0.00
2322 36 0.00
2276 35 0.00
2245 35 0.00
2332 36 0.00
2266 35 0.00
2298 35 0.00
2371 37 0.00
2297 35 0.00
2308 36 0.00
2315 36 0.00
2326 36 0.00
2290 35 0.00
2328 36 0.00
2440 38 0.00
2221 34 0.00
2367 36 0.00
2398 37 0.00
2451 38 0.00
2409 37 0.00
2419 37 0.00
2381 37 0.00
2451 38 0.00
2280 35 0.00
2339 36 0.00
2235 34 0.00
2269 35 0.00
2265 35 0.00
2305 36 0.00
2354 36 0.00
2301 35 0.00
2291 35 0.00
2385 37 0.00
2521 39 0.00
2304 36 0.00
2297 35 0.00
2343 36 0.00
2703 42 0.00
2727 42 0.00
2318 36 0.00
2398 37 0.00
2357 36 0.00
2263 35 0.00
2270 35 0.00
2228 34 0.00
2280 35 0.00
2269 35 0.00
2333 36 0.00
2126 33 0.00
2273 35 0.00
2255 35 0.00
2304 36 0.00
2287 35 0.00
2287 35 0.00
2416 37 0.00
2384 37 0.00
2304 36 0.00
2388 37 0.00
2273 35 0.00
2385 37 0.00
2405 37 0.00
2276 35 0.00
2270 35 0.00
2256 35 0.00
2221 34 0.00
2269 35 0.00
2326 36 0.00
2409 37 0.00
2245 35 0.00
2238 34 0.00
2221 34 0.00
2244 35 0.00
2255 35 0.00
2290 35 0.00
2340 36 0.00
2364 36 0.00
2594 40 0.00
2353 36 0.00
2070 32 0.00
2353 36 0.00
2346 36 0.00
2234 34 0.00
2283 35 0.00
2158 33 0.00
2200 34 0.00
2297 35 0.00
2248 35 0.00
2196 34 0.00
2332 36 0.00
2377 37 0.00
2349 36 0.00
2349 36 0.00
2430 37 0.00
2294 35 0.00
2308 36 0.00
2363 36 0.00
2074 32 0.00
2221 34 0.00
2276 35 0.00
2277 35 0.00
2360 36 0.00
2300 35 0.00
2251 35 0.00
2364 36 0.00
2199 34 0.00
2277 35 0.00
2862 44 0.00
2629 41 0.00
2440 38 0.00
2143 33 0.00
2367 36 0.00
2311 36 0.00
2252 35 0.00
2231 34 0.00
2305 36 0.00
2395 37 0.00
2321 36 0.00
2322 36 0.00
2262 35 0.00
2277 35 0.00
2346 36 0.00
2336 36 0.00
2235 34 0.00
2311 36 0.00
2587 40 0.00
2298 35 0.00
2364 36 0.00
2548 39 0.00
2245 35 0.00
2339 36 0.00
2367 36 0.00
2489 38 0.00
2318 36 0.00
2304 36 0.00
2291 35 0.00
2381 37 0.00
2490 38 0.00
2123 33 0.00
2200 34 0.00
2263 35 0.00
2291 35 0.00
2325 36 0.00
2308 36 0.00
2297 35 0.00
2364 36 0.00
2465 38 0.00
2332 36 0.00
2095 32 0.00
2294 35 0.00
2238 34 0.00
2298 35 0.00
2199 34 0.00
2085 32 0.00
2151 33 0.00
2224 34 0.00
2389 37 0.00
2437 38 0.00
2287 35 0.00
2266 35 0.00
2084 32 0.00
2179 34 0.00
48876 763 0.01
2294 35 0.00
2273 35 0.00
2321 36 0.00
2297 35 0.00
2276 35 0.00
2336 36 0.00
2328 36 0.00
2354 36 0.00
2249 35 0.00
2325 36 0.00
2349 36 0.00
2360 36 0.00
2444 38 0.00
2311 36 0.00
2370 37 0.00
2307 36 0.00
2284 35 0.00
2259 35 0.00
2221 34 0.00
2402 37 0.00
2332 36 0.00
2297 35 0.00
2413 37 0.00
2053 32 0.00
2249 35 0.00
2228 34 0.00
2290 35 0.00
2325 36 0.00
2346 36 0.00
2496 39 0.00
2346 36 0.00
2276 35 0.00
2339 36 0.00
2325 36 0.00
20655725 322745 5.90
2206 34 0.00
2200 34 0.00
2238 34 0.00
2262 35 0.00
2245 35 0.00
2332 36 0.00
2325 36 0.00
2356 36 0.00
2312 36 0.00
2297 35 0.00
2412 37 0.00
2440 38 0.00
2294 35 0.00
2249 35 0.00
2286 35 0.00
2321 36 0.00
2493 38 0.00
2151 33 0.00
2193 34 0.00
2447 38 0.00
2207 34 0.00
2374 37 0.00
2444 38 0.00
2552 39 0.00
2301 35 0.00
2308 36 0.00
2353 36 0.00
2210 34 0.00
2284 35 0.00
2283 35 0.00
2346 36 0.00
2290 35 0.00
2353 36 0.00
2371 37 0.00
2364 36 0.00
2353 36 0.00
2402 37 0.00
2325 36 0.00
2276 35 0.00
2332 36 0.00
2329 36 0.00
2277 35 0.00
2430 37 0.00
2300 35 0.00
2374 37 0.00
2349 36 0.00
2287 35 0.00
2570 40 0.00
2308 36 0.00
2217 34 0.00
2444 38 0.00
2227 34 0.00
2391 37 0.00
2563 40 0.00
2426 37 0.00
2245 35 0.00
2332 36 0.00
2220 34 0.00
2413 37 0.00
2280 35 0.00
2242 35 0.00
2455 38 0.00
2349 36 0.00
2367 36 0.00
2395 37 0.00
2290 35 0.00
2319 36 0.00
2350 36 0.00
2343 36 0.00
2304 36 0.00
2354 36 0.00
2298 35 0.00
2339 36 0.00
2343 36 0.00
2301 35 0.00
2304 36 0.00
2262 35 0.00
2343 36 0.00
2270 35 0.00
2224 34 0.00
2304 36 0.00
2291 35 0.00
2315 36 0.00
2287 35 0.00
2311 36 0.00
2353 36 0.00
2294 35 0.00
2231 34 0.00
2402 37 0.00
2245 35 0.00
2283 35 0.00
2287 35 0.00
2381 37 0.00
2363 36 0.00
2392 37 0.00
2500 39 0.00
2328 36 0.00
2304 36 0.00
2315 36 0.00
2329 36 0.00
2458 38 0.00
2336 36 0.00
2458 38 0.00
2395 37 0.00
2339 36 0.00
2346 36 0.00
2298 35 0.00
2325 36 0.00
2308 36 0.00
2402 37 0.00
2231 34 0.00
2248 35 0.00
2256 35 0.00
2283 35 0.00
2472 38 0.00
2371 37 0.00
2273 35 0.00
2207 34 0.00
2412 37 0.00
2231 34 0.00
2272 35 0.00
2249 35 0.00
2290 35 0.00
2315 36 0.00
2266 35 0.00
2322 36 0.00
2210 34 0.00
2112 33 0.00
2416 37 0.00
2343 36 0.00
2189 34 0.00
2346 36 0.00
2116 33 0.00
2287 35 0.00
2241 35 0.00
2298 35 0.00
2304 36 0.00
2325 36 0.00
2297 35 0.00
2273 35 0.00
2294 35 0.00
2255 35 0.00
2409 37 0.00
2266 35 0.00
2311 36 0.00
2392 37 0.00
2304 36 0.00
2493 38 0.00
2308 36 0.00
2305 36 0.00
2304 36 0.00
2364 36 0.00
2433 38 0.00
2486 38 0.00
2287 35 0.00
2405 37 0.00
2137 33 0.00
2305 36 0.00
2347 36 0.00
2336 36 0.00
2368 37 0.00
2367 36 0.00
2329 36 0.00
2364 36 0.00
2325 36 0.00
2817 44 0.00
2322 36 0.00
2304 36 0.00
2245 35 0.00
2354 36 0.00
2314 36 0.00
2322 36 0.00
3522 55 0.00
2349 36 0.00
