4434236 67 1.27
4094233 62 1.17
4098677 62 1.17
4081137 62 1.17
4126528 62 1.18
4080197 62 1.17
4103238 62 1.17
4103370 62 1.17
4094421 62 1.17
4120436 62 1.18
26135803 398 7.47
4108425 62 1.17
4101851 62 1.17
4104511 62 1.17
4088678 62 1.17
4099582 62 1.17
4114839 62 1.18
23167744 353 6.62
24599700 375 7.03
23587008 359 6.74
23262573 354 6.65
4429846 67 1.27
4254524 64 1.22
4112415 62 1.17
4102769 62 1.17
4093388 62 1.17
4094812 62 1.17
4092327 62 1.17
4107130 62 1.17
4093004 62 1.17
4095707 62 1.17
4098241 62 1.17
4077572 62 1.17
23658395 360 6.76
23280816 355 6.65
23631163 360 6.75
25449949 388 7.27
4207649 64 1.20
4430073 67 1.27
4093444 62 1.17
4103499 62 1.17
4103282 62 1.17
4081758 62 1.17
4098730 62 1.17
4121779 62 1.18
4082756 62 1.17
4096939 62 1.17
4101726 62 1.17
4106467 62 1.17
24378523 371 6.97
22780745 347 6.51
24049843 366 6.87
23435717 357 6.70
26477173 404 7.56
22886187 349 6.54
4198268 64 1.20
4114294 62 1.18
4284540 65 1.22
4301344 65 1.23
4082977 62 1.17
4095270 62 1.17
4105577 62 1.17
4133532 63 1.18
4098115 62 1.17
4097093 62 1.17
4090916 62 1.17
4094488 62 1.17
4121979 62 1.18
25565890 390 7.30
24492089 373 7.00
24286864 370 6.94
23953695 365 6.84
25235546 385 7.21
4314995 65 1.23
4455525 67 1.27
4131346 63 1.18
4093926 62 1.17
4079527 62 1.17
4097326 62 1.17
4103062 62 1.17
4094980 62 1.17
4082146 62 1.17
4102497 62 1.17
4081102 62 1.17
25857880 394 7.39
23856467 364 6.82
23514447 358 6.72
4418409 67 1.26
4085574 62 1.17
4097361 62 1.17
4112618 62 1.18
4096139 62 1.17
4080100 62 1.17
4100109 62 1.17
4079751 62 1.17
4094642 62 1.17
4084398 62 1.17
4103793 62 1.17
24286281 370 6.94
22788035 347 6.51
26644860 406 7.61
24977091 381 7.14
25679509 391 7.34
4197270 64 1.20
4201030 64 1.20
4098297 62 1.17
4114357 62 1.18
4083189 62 1.17
4124241 62 1.18
4108422 62 1.17
4081650 62 1.17
4093848 62 1.17
4104564 62 1.17
25505783 389 7.29
25360620 386 7.25
24511348 374 7.00
24983909 381 7.14
4438519 67 1.27
4084011 62 1.17
4102102 62 1.17
4095507 62 1.17
4092544 62 1.17
4098143 62 1.17
4121214 62 1.18
4084555 62 1.17
4094160 62 1.17
4109954 62 1.17
4109344 62 1.17
23826882 363 6.81
25010113 381 7.15
24390030 372 6.97
23901229 364 6.83
4211246 64 1.20
4108740 62 1.17
4083448 62 1.17
4081445 62 1.17
4121368 62 1.18
4101258 62 1.17
4091991 62 1.17
4094139 62 1.17
4109647 62 1.17
4082037 62 1.17
26076596 397 7.45
25632240 391 7.32
24700492 376 7.06
4416147 67 1.26
4438791 67 1.27
4121235 62 1.18
4125467 62 1.18
24871767 379 7.11
25666815 391 7.33
22804291 347 6.52
24171485 368 6.91
4451877 67 1.27
4332846 66 1.24
4589935 70 1.31
4098318 62 1.17
4094208 62 1.17
4096795 62 1.17
4079346 62 1.17
4083347 62 1.17
4096683 62 1.17
4121787 62 1.18
4107176 62 1.17
25937447 395 7.41
23548275 359 6.73
4425276 67 1.26
4435447 67 1.27
4097096 62 1.17
4128130 62 1.18
4108736 62 1.17
4096404 62 1.17
4084793 62 1.17
4096495 62 1.17
4093269 62 1.17
4095409 62 1.17
26283497 401 7.51
25913337 395 7.40
26551145 405 7.59
25803599 393 7.37
4441058 67 1.27
4123818 62 1.18
4116173 62 1.18
4082405 62 1.17
4097899 62 1.17
4082143 62 1.17
4120303 62 1.18
4087725 62 1.17
4098091 62 1.17
4102574 62 1.17
4124454 62 1.18
24053104 367 6.87
24549226 374 7.01
24960622 380 7.13
25522270 389 7.29
23050250 351 6.59
4099673 62 1.17
4089551 62 1.17
4114727 62 1.18
4095099 62 1.17
4097155 62 1.17
4093824 62 1.17
4083976 62 1.17
4106938 62 1.17
4082911 62 1.17
4098412 62 1.17
4108293 62 1.17
24603414 375 7.03
26634675 406 7.61
25296432 385 7.23
22776926 347 6.51
24070093 367 6.88
4091230 62 1.17
4096523 62 1.17
4111400 62 1.17
4099980 62 1.17
4103488 62 1.17
4092365 62 1.17
4119332 62 1.18
4090271 62 1.17
4098171 62 1.17
4082683 62 1.17
24346877 371 6.96
24513481 374 7.00
24299419 370 6.94
24632913 375 7.04
4420102 67 1.26
4443026 67 1.27
4215931 64 1.20
4081556 62 1.17
4081825 62 1.17
4095353 62 1.17
4083472 62 1.17
25023299 381 7.15
25016571 381 7.15
24903679 379 7.12
4433335 67 1.27
4423227 67 1.26
4098527 62 1.17
4095448 62 1.17
4093308 62 1.17
4093280 62 1.17
4095804 62 1.17
4095934 62 1.17
4095936 62 1.17
4121835 62 1.18
4100465 62 1.17
24928823 380 7.12
23192638 353 6.63
24767641 377 7.08
25376579 387 7.25
4213679 64 1.20
4223001 64 1.21
4129233 63 1.18
4243925 64 1.21
4098733 62 1.17
4100322 62 1.17
4093639 62 1.17
4085219 62 1.17
4097372 62 1.17
4130211 63 1.18
4096523 62 1.17
25735679 392 7.35
25116885 383 7.18
26613147 406 7.60
4425507 67 1.26
4432636 67 1.27
4093828 62 1.17
4099205 62 1.17
4095248 62 1.17
4098391 62 1.17
4094128 62 1.17
4091541 62 1.17
4099163 62 1.17
4091311 62 1.17
4080040 62 1.17
4079293 62 1.17
22792528 347 6.51
24378222 371 6.97
26598588 405 7.60
4115830 62 1.18
4094753 62 1.17
4086363 62 1.17
4097204 62 1.17
4095490 62 1.17
4115886 62 1.18
4094041 62 1.17
23027427 351 6.58
24726761 377 7.06
4160140 63 1.19
4462002 68 1.27
4179820 63 1.19
4081476 62 1.17
4094872 62 1.17
4080435 62 1.17
4108726 62 1.17
4079922 62 1.17
4128731 62 1.18
4091695 62 1.17
23089559 352 6.60
25035693 382 7.15
25532000 389 7.29
25689516 391 7.34
4494747 68 1.28
4096558 62 1.17
4085176 62 1.17
4092547 62 1.17
4081821 62 1.17
4097794 62 1.17
4095863 62 1.17
4081657 62 1.17
25085291 382 7.17
25414663 387 7.26
4136133 63 1.18
4126071 62 1.18
4083703 62 1.17
4097455 62 1.17
4101010 62 1.17
4081608 62 1.17
4081489 62 1.17
4079122 62 1.17
4098447 62 1.17
4106585 62 1.17
4083842 62 1.17
4096753 62 1.17
4082638 62 1.17
24825350 378 7.09
24628884 375 7.04
25130348 383 7.18
4543923 69 1.30
4350593 66 1.24
4113247 62 1.18
4081619 62 1.17
4126741 62 1.18
4103206 62 1.17
4080596 62 1.17
4081346 62 1.17
4094712 62 1.17
24782308 378 7.08
25670645 391 7.33
24435841 372 6.98
25571965 390 7.31
25792975 393 7.37
4087924 62 1.17
4096331 62 1.17
4093458 62 1.17
4098974 62 1.17
4082974 62 1.17
4086681 62 1.17
4094785 62 1.17
4081441 62 1.17
4105119 62 1.17
4081043 62 1.17
4107930 62 1.17
25779167 393 7.37
25186209 384 7.20
25200876 384 7.20
4454063 67 1.27
4421237 67 1.26
4095640 62 1.17
4083741 62 1.17
4079216 62 1.17
4092571 62 1.17
4080390 62 1.17
4118082 62 1.18
4093363 62 1.17
4091080 62 1.17
4110513 62 1.17
22942458 350 6.55
25184180 384 7.20
25672014 391 7.33
4181751 63 1.19
4094974 62 1.17
4081391 62 1.17
4117500 62 1.18
4096851 62 1.17
4080033 62 1.17
4109242 62 1.17
4132630 63 1.18
4124203 62 1.18
4120753 62 1.18
4093248 62 1.17
25578658 390 7.31
23712637 361 6.78
23400056 357 6.69
4193230 63 1.20
4165002 63 1.19
4084262 62 1.17
4094226 62 1.17
4079171 62 1.17
4082568 62 1.17
4092449 62 1.17
25175585 384 7.19
24869760 379 7.11
24544376 374 7.01
25513140 389 7.29
4208470 64 1.20
4117206 62 1.18
4095811 62 1.17
4096209 62 1.17
4095322 62 1.17
4082443 62 1.17
4104449 62 1.17
4085683 62 1.17
4098964 62 1.17
4091562 62 1.17
4122597 62 1.18
25703981 392 7.34
24485201 373 7.00
25026466 381 7.15
26433517 403 7.55
25503958 389 7.29
4416234 67 1.26
4421474 67 1.26
4137410 63 1.18
4080788 62 1.17
4093643 62 1.17
4094191 62 1.17
4119856 62 1.18
4082921 62 1.17
4101701 62 1.17
4091527 62 1.17
25178242 384 7.19
25550480 389 7.30
25524546 389 7.29
26037392 397 7.44
4215851 64 1.20
4403298 67 1.26
4136925 63 1.18
4097243 62 1.17
4116923 62 1.18
25755692 393 7.36
25710712 392 7.35
24058627 367 6.87
6052223 92 1.73
4098611 62 1.17
4080317 62 1.17
4120617 62 1.18
4101124 62 1.17
4102651 62 1.17
4095123 62 1.17
4090881 62 1.17
4098276 62 1.17
4099589 62 1.17
25313364 386 7.23
23533205 359 6.72
24818371 378 7.09
26405017 402 7.54
4587265 69 1.31
4244752 64 1.21
4427578 67 1.27
4086168 62 1.17
4093165 62 1.17
4086573 62 1.17
4092888 62 1.17
4123264 62 1.18
4097993 62 1.17
4085508 62 1.17
4092078 62 1.17
4081329 62 1.17
24306534 370 6.94
26166143 399 7.48
25798338 393 7.37
4436997 67 1.27
4147913 63 1.19
4095221 62 1.17
4120728 62 1.18
4094380 62 1.17
4089335 62 1.17
4078079 62 1.17
4081283 62 1.17
4098813 62 1.17
4098388 62 1.17
4083937 62 1.17
4093297 62 1.17
4081021 62 1.17
4124545 62 1.18
23314535 355 6.66
24371944 371 6.96
4255167 64 1.22
4093280 62 1.17
4313434 65 1.23
4097993 62 1.17
4087948 62 1.17
4101946 62 1.17
4107511 62 1.17
4097358 62 1.17
4127373 62 1.18
4095165 62 1.17
4095022 62 1.17
4097288 62 1.17
23817733 363 6.81
24688807 376 7.05
26508075 404 7.57
25833056 394 7.38
24778646 378 7.08
24585081 375 7.02
4424589 67 1.26
4608251 70 1.32
4095975 62 1.17
4091275 62 1.17
4079202 62 1.17
4096949 62 1.17
4091328 62 1.17
4117401 62 1.18
4094233 62 1.17
4097689 62 1.17
4094820 62 1.17
4081399 62 1.17
4127687 62 1.18
25008744 381 7.15
23871592 364 6.82
22891009 349 6.54
22407806 341 6.40
26852022 409 7.67
4215963 64 1.20
4422675 67 1.26
4118204 62 1.18
4099638 62 1.17
4096540 62 1.17
4108467 62 1.17
4093007 62 1.17
4098308 62 1.17
4085099 62 1.17
4101655 62 1.17
24794975 378 7.08
25448236 388 7.27
26749558 408 7.64
4428523 67 1.27
4082621 62 1.17
4106281 62 1.17
4111382 62 1.17
4123463 62 1.18
4099962 62 1.17
4081790 62 1.17
25378444 387 7.25
26296900 401 7.51
24931190 380 7.12
4416311 67 1.26
4100849 62 1.17
4094938 62 1.17
4424853 67 1.26
4098195 62 1.17
4107343 62 1.17
4099393 62 1.17
4080369 62 1.17
4107349 62 1.17
4105018 62 1.17
4084467 62 1.17
4121315 62 1.18
4098750 62 1.17
4093095 62 1.17
4092895 62 1.17
23738655 362 6.78
24456938 373 6.99
24459142 373 6.99
23105452 352 6.60
25607801 390 7.32
4459408 68 1.27
4350785 66 1.24
4133616 63 1.18
4091122 62 1.17
4081723 62 1.17
4082271 62 1.17
4094348 62 1.17
4147018 63 1.18
4093119 62 1.17
4078029 62 1.17
4107294 62 1.17
22666065 345 6.48
25478914 388 7.28
24475202 373 6.99
24545155 374 7.01
24565844 374 7.02
4211773 64 1.20
4103740 62 1.17
32123076 490 9.18
4126221 62 1.18
4103283 62 1.17
4096939 62 1.17
4096087 62 1.17
4123609 62 1.18
4090605 62 1.17
4079237 62 1.17
4094718 62 1.17
4125949 62 1.18
25425095 387 7.26
26257054 400 7.50
25503270 389 7.29
4566205 69 1.30
4233406 64 1.21
4116327 62 1.18
4085749 62 1.17
4084931 62 1.17
4093004 62 1.17
4121815 62 1.18
4095260 62 1.17
4098007 62 1.17
4095630 62 1.17
4082868 62 1.17
25194467 384 7.20
26321162 401 7.52
25266601 385 7.22
4464757 68 1.28
4386337 66 1.25
4138524 63 1.18
4158984 63 1.19
4100217 62 1.17
4097637 62 1.17
4095179 62 1.17
4096104 62 1.17
4107151 62 1.17
26463648 403 7.56
25110841 383 7.17
25608743 390 7.32
4170390 63 1.19
4149078 63 1.19
4102015 62 1.17
4086178 62 1.17
4118871 62 1.18
4098521 62 1.17
4093329 62 1.17
4083242 62 1.17
4092235 62 1.17
4079318 62 1.17
24604368 375 7.03
25960955 396 7.42
24929071 380 7.12
27440760 418 7.84
4325109 65 1.24
4097221 62 1.17
4082122 62 1.17
4080791 62 1.17
4098904 62 1.17
4078885 62 1.17
4079468 62 1.17
4121043 62 1.18
4094114 62 1.17
4096875 62 1.17
25011774 381 7.15
24990805 381 7.14
24283861 370 6.94
23149516 353 6.61
4208396 64 1.20
4204902 64 1.20
4091890 62 1.17
4112992 62 1.18
4081895 62 1.17
4081256 62 1.17
4093870 62 1.17
4099665 62 1.17
4094711 62 1.17
4116577 62 1.18
4090581 62 1.17
4090675 62 1.17
4081988 62 1.17
4097012 62 1.17
4078934 62 1.17
24628815 375 7.04
25680575 391 7.34
24563058 374 7.02
4215139 64 1.20
4100259 62 1.17
4094013 62 1.17
4128406 62 1.18
4126786 62 1.18
4095057 62 1.17
4080774 62 1.17
4097301 62 1.17
4107409 62 1.17
4120306 62 1.18
4094781 62 1.17
4097777 62 1.17
4082411 62 1.17
25088441 382 7.17
25748453 392 7.36
26449180 403 7.56
4468443 68 1.28
4469976 68 1.28
4110841 62 1.17
4382961 66 1.25
4091946 62 1.17
4101460 62 1.17
4112349 62 1.17
4104023 62 1.17
4093716 62 1.17
24241623 369 6.93
24434269 372 6.98
25642658 391 7.33
4418472 67 1.26
4434940 67 1.27
4349874 66 1.24
4088025 62 1.17
4095884 62 1.17
4080805 62 1.17
4132397 63 1.18
4078700 62 1.17
4096534 62 1.17
4118177 62 1.18
4117785 62 1.18
24598227 375 7.03
24289713 370 6.94
24367067 371 6.96
24040849 366 6.87
4457515 68 1.27
4305237 65 1.23
4553947 69 1.30
4080955 62 1.17
4081601 62 1.17
4083186 62 1.17
4106861 62 1.17
4122181 62 1.18
4095343 62 1.17
4081011 62 1.17
4125976 62 1.18
23961002 365 6.85
24071765 367 6.88
23026771 351 6.58
26188396 399 7.48
4086723 62 1.17
4099431 62 1.17
4098192 62 1.17
4082777 62 1.17
4084793 62 1.17
4096254 62 1.17
36782507 561 10.51
26960963 411 7.70
4096872 62 1.17
4094858 62 1.17
4086440 62 1.17
4083835 62 1.17
4080586 62 1.17
4098202 62 1.17
25237155 385 7.21
25760276 393 7.36
26657641 406 7.62
26258726 400 7.50
25846827 394 7.38
4628264 70 1.32
4428132 67 1.27
4131943 63 1.18
4093063 62 1.17
4094474 62 1.17
4103387 62 1.17
4087044 62 1.17
4082264 62 1.17
4082436 62 1.17
4093102 62 1.17
4094166 62 1.17
4086154 62 1.17
4090567 62 1.17
24804108 378 7.09
24800669 378 7.09
25590707 390 7.31
23907402 364 6.83
4101216 62 1.17
4404122 67 1.26
4095825 62 1.17
4123068 62 1.18
4083602 62 1.17
4095203 62 1.17
4095095 62 1.17
4102276 62 1.17
4087051 62 1.17
4081898 62 1.17
4080707 62 1.17
24195540 369 6.91
24338487 371 6.95
24479758 373 6.99
25184604 384 7.20
25106016 383 7.17
4549394 69 1.30
4102829 62 1.17
4082683 62 1.17
4097903 62 1.17
4107077 62 1.17
4085075 62 1.17
4092048 62 1.17
4091691 62 1.17
4123459 62 1.18
4105520 62 1.17
24113277 367 6.89
22954237 350 6.56
24556770 374 7.02
25387014 387 7.25
22962159 350 6.56
4403696 67 1.26
4097637 62 1.17
4194808 64 1.20
4106386 62 1.17
4436578 67 1.27
4082942 62 1.17
4095085 62 1.17
4124730 62 1.18
4093772 62 1.17
4101498 62 1.17
24181641 368 6.91
24555287 374 7.02
24381728 372 6.97
4577713 69 1.31
4104131 62 1.17
4376072 66 1.25
4098245 62 1.17
4097465 62 1.17
4097536 62 1.17
4079790 62 1.17
4094934 62 1.17
4093985 62 1.17
4094938 62 1.17
4080627 62 1.17
4082635 62 1.17
24588402 375 7.03
23011018 351 6.57
23974985 365 6.85
4097085 62 1.17
4103035 62 1.17
4271007 65 1.22
4089153 62 1.17
4097292 62 1.17
4080348 62 1.17
4081402 62 1.17
4129174 63 1.18
4093088 62 1.17
4084290 62 1.17
4081716 62 1.17
24181834 368 6.91
26501110 404 7.57
25537928 389 7.30
24622551 375 7.04
4082796 62 1.17
4112046 62 1.17
4081856 62 1.17
4150356 63 1.19
4083664 62 1.17
4081328 62 1.17
4099585 62 1.17
4121825 62 1.18
4080683 62 1.17
4094432 62 1.17
4081409 62 1.17
4080404 62 1.17
23373595 356 6.68
22881202 349 6.54
22859098 348 6.53
26587706 405 7.60
24770057 377 7.08
4435523 67 1.27
4277637 65 1.22
4123850 62 1.18
4110419 62 1.17
4110020 62 1.17
4097759 62 1.17
4082408 62 1.17
4119318 62 1.18
4097392 62 1.17
4103722 62 1.17
4092082 62 1.17
4098007 62 1.17
23785844 362 6.80
24652943 376 7.04
24489796 373 7.00
24934782 380 7.12
4424997 67 1.26
4371921 66 1.25
4097927 62 1.17
4097633 62 1.17
4081754 62 1.17
4095668 62 1.17
4095857 62 1.17
4098639 62 1.17
24425931 372 6.98
24978704 381 7.14
24907519 380 7.12
4462711 68 1.28
4098521 62 1.17
4126560 62 1.18
4081699 62 1.17
4088528 62 1.17
37940290 578 10.84
22588326 344 6.45
4094669 62 1.17
4097005 62 1.17
4082548 62 1.17
4079066 62 1.17
4106920 62 1.17
4120477 62 1.18
25703136 392 7.34
24451736 373 6.99
4425336 67 1.26
4104770 62 1.17
4451898 67 1.27
4080470 62 1.17
4079747 62 1.17
4096935 62 1.17
4081916 62 1.17
4081060 62 1.17
4099048 62 1.17
4081696 62 1.17
4081772 62 1.17
26680485 407 7.62
23958799 365 6.85
24317731 371 6.95
4421506 67 1.26
4123504 62 1.18
4098251 62 1.17
4094107 62 1.17
4095260 62 1.17
4108621 62 1.17
4113533 62 1.18
4079332 62 1.17
4107035 62 1.17
4085603 62 1.17
4080809 62 1.17
4081619 62 1.17
4092728 62 1.17
23835131 363 6.81
25338708 386 7.24
26048533 397 7.44
4213205 64 1.20
4094383 62 1.17
4097340 62 1.17
4533030 69 1.30
4090867 62 1.17
4111079 62 1.17
4093793 62 1.17
4123714 62 1.18
4091042 62 1.17
4099624 62 1.17
4108834 62 1.17
4079786 62 1.17
23699216 361 6.77
25120156 383 7.18
24063770 367 6.88
25345555 386 7.24
25601492 390 7.31
4647655 70 1.33
4457135 68 1.27
4094059 62 1.17
4110523 62 1.17
4234673 64 1.21
4088850 62 1.17
4083392 62 1.17
4093880 62 1.17
4096398 62 1.17
4082149 62 1.17
4081011 62 1.17
4082111 62 1.17
4107787 62 1.17
26127783 398 7.47
25430971 388 7.27
4817655 73 1.38
4098646 62 1.17
4096754 62 1.17
4091101 62 1.17
4121504 62 1.18
4097200 62 1.17
23592848 359 6.74
24445302 373 6.98
22978262 350 6.57
24915022 380 7.12
4412466 67 1.26
4420389 67 1.26
4381404 66 1.25
4112014 62 1.17
4079771 62 1.17
4108743 62 1.17
4103101 62 1.17
4096552 62 1.17
25642348 391 7.33
4100092 62 1.17
4185322 63 1.20
4097609 62 1.17
4125076 62 1.18
4082279 62 1.17
4092330 62 1.17
4092015 62 1.17
4083490 62 1.17
4120742 62 1.18
25088852 382 7.17
24837234 378 7.10
24018337 366 6.86
24710208 377 7.06
4766804 72 1.36
4218239 64 1.21
4457023 68 1.27
4128571 62 1.18
4126270 62 1.18
4083525 62 1.17
4093535 62 1.17
4081378 62 1.17
4093737 62 1.17
4095134 62 1.17
4097099 62 1.17
25801923 393 7.37
24870884 379 7.11
26806771 409 7.66
26028426 397 7.44
23063699 351 6.59
4429616 67 1.27
4097134 62 1.17
