74764327 380 21.36
74436223 378 21.27
74420104 378 21.26
93514525 475 26.72
75858650 385 21.67
73746555 375 21.07
76026179 386 21.72
74400992 378 21.26
72795746 370 20.80
75895302 386 21.68
92923770 472 26.55
73620530 374 21.03
95559741 486 27.30
75422022 383 21.55
114754745 583 32.79
73725310 374 21.06
95219005 484 27.21
72665862 369 20.76
94658897 481 27.05
75365228 383 21.53
73919283 375 21.12
74584844 379 21.31
74937603 381 21.41
94249784 479 26.93
77609053 394 22.17
72516941 368 20.72
100504967 511 28.72
73822066 375 21.09
93908266 477 26.83
73622705 374 21.04
75685514 384 21.62
73739258 375 21.07
75034638 381 21.44
73801620 375 21.09
75436853 383 21.55
74553979 379 21.30
74155470 377 21.19
95050837 483 27.16
73232634 372 20.92
72432838 368 20.70
95819857 487 27.38
94820623 482 27.09
74466021 378 21.28
95741476 486 27.35
73729258 375 21.07
96106662 488 27.46
75196463 382 21.48
95224549 484 27.21
72870193 370 20.82
94308386 479 26.95
75438430 383 21.55
93460815 475 26.70
76479732 388 21.85
73504506 373 21.00
73749338 375 21.07
96235077 489 27.50
96761151 492 27.65
73318417 372 20.95
98023346 498 28.01
75139924 382 21.47
73207796 372 20.92
100111998 509 28.60
75002598 381 21.43
75034959 381 21.44
71761042 364 20.50
92422824 470 26.41
75667725 384 21.62
93926914 477 26.84
75114538 382 21.46
76121504 387 21.75
94631078 481 27.04
74321120 378 21.23
93730291 476 26.78
74959724 381 21.42
95110141 483 27.17
73746335 375 21.07
95111849 483 27.17
72386127 368 20.68
136203387 692 38.92
98188309 499 28.05
76174412 387 21.76
93113480 473 26.60
75943962 386 21.70
73573240 374 21.02
72962085 371 20.85
73794962 375 21.08
75633266 384 21.61
73820963 375 21.09
95316487 484 27.23
73063702 371 20.88
74324654 378 21.24
74131236 377 21.18
74849331 380 21.39
77410963 393 22.12
72195177 367 20.63
94601842 481 27.03
73138493 372 20.90
94023421 478 26.86
77255301 392 22.07
77191298 392 22.05
95034822 483 27.15
75466275 383 21.56
102925241 523 29.41
74085649 376 21.17
72648841 369 20.76
74222496 377 21.21
96200533 489 27.49
73240395 372 20.93
74720580 380 21.35
75318083 383 21.52
72992415 371 20.85
72549525 369 20.73
77618032 394 22.18
95014192 483 27.15
73969802 376 21.13
72891455 370 20.83
75158672 382 21.47
74456906 378 21.27
74216117 377 21.20
96738422 492 27.64
74777091 380 21.36
95419426 485 27.26
74438094 378 21.27
95046905 483 27.16
73843095 375 21.10
93940841 477 26.84
73408033 373 20.97
98038090 498 28.01
100295942 510 28.66
73319873 372 20.95
75823769 385 21.66
74504410 378 21.29
73245674 372 20.93
72356549 368 20.67
74536223 379 21.30
74279007 377 21.22
74326193 378 21.24
74645550 379 21.33
73972131 376 21.13
74055344 376 21.16
75072743 381 21.45
99157360 504 28.33
96733653 492 27.64
71855479 365 20.53
92703232 471 26.49
73324250 372 20.95
93744595 476 26.78
75063683 381 21.45
94302859 479 26.94
74249181 377 21.21
73967404 376 21.13
72227187 367 20.64
73873472 375 21.11
75889821 385 21.68
81409997 414 23.26
75563966 384 21.59
71812986 365 20.52
74126397 377 21.18
74377436 378 21.25
73106955 371 20.89
73181755 372 20.91
73511342 373 21.00
94898970 482 27.11
73724978 374 21.06
73649321 374 21.04
75199000 382 21.49
78943528 401 22.56
95620818 486 27.32
74654565 379 21.33
102721503 522 29.35
96777085 492 27.65
75057384 381 21.44
91859496 467 26.25
73201424 372 20.91
94702951 481 27.06
74039347 376 21.15
94770698 482 27.08
75665802 384 21.62
96058641 488 27.45
75301922 383 21.51
103553413 526 29.59
74945256 381 21.41
75175350 382 21.48
93204350 474 26.63
76791408 390 21.94
71916120 365 20.55
71996837 366 20.57
74152945 377 21.19
73934250 376 21.12
93791694 477 26.80
73328300 372 20.95
94373898 480 26.96
74344788 378 21.24
94276856 479 26.94
73656862 374 21.04
94716816 481 27.06
74297347 377 21.23
111104308 565 31.74
75444820 383 21.56
73600246 374 21.03
94348460 479 26.96
74320306 378 21.23
75309331 383 21.52
74218991 377 21.21
75060519 381 21.45
73672639 374 21.05
76118044 387 21.75
74833138 380 21.38
72879518 370 20.82
95514730 485 27.29
73296023 372 20.94
79413954 403 22.69
72969788 371 20.85
74352473 378 21.24
72549973 369 20.73
92903318 472 26.54
74922202 381 21.41
72844423 370 20.81
72394018 368 20.68
93615634 476 26.75
72988414 371 20.85
72165571 367 20.62
74640953 379 21.33
93700153 476 26.77
75052605 381 21.44
73948481 376 21.13
73479442 373 20.99
73251641 372 20.93
74046459 376 21.16
73058444 371 20.87
80708630 410 23.06
75173108 382 21.48
79930274 406 22.84
73479344 373 20.99
93343676 474 26.67
75703184 385 21.63
74424971 378 21.26
99103492 504 28.32
74453320 378 21.27
95831159 487 27.38
74687216 379 21.34
98725168 502 28.21
73914475 375 21.12
93813777 477 26.80
73696981 374 21.06
93217089 474 26.63
70799170 360 20.23
94521481 480 27.01
72854021 370 20.82
73863575 375 21.10
73552906 374 21.02
96454485 490 27.56
73625467 374 21.04
95581896 486 27.31
73876852 375 21.11
92856823 472 26.53
73544713 374 21.01
92364127 469 26.39
98391314 500 28.11
70226539 357 20.06
94314273 479 26.95
72898427 370 20.83
96110236 488 27.46
97751614 497 27.93
74286873 377 21.22
94594394 481 27.03
71663710 364 20.48
72654588 369 20.76
94302853 479 26.94
72913339 370 20.83
128238256 652 36.64
74537549 379 21.30
73026543 371 20.86
78228869 397 22.35
94899525 482 27.11
73722978 374 21.06
92082468 468 26.31
71198011 362 20.34
76443334 388 21.84
75840533 385 21.67
74532026 379 21.29
74872897 380 21.39
73435544 373 20.98
73093137 371 20.88
95719253 486 27.35
72609399 369 20.75
96361726 490 27.53
74696790 379 21.34
91570667 465 26.16
76735124 390 21.92
71659659 364 20.47
74632595 379 21.32
73320686 372 20.95
75278775 382 21.51
75084924 381 21.45
74374880 378 21.25
76036657 386 21.72
72703089 369 20.77
93322218 474 26.66
75134983 382 21.47
95924479 487 27.41
74433346 378 21.27
73347004 373 20.96
138733315 705 39.64
138006114 701 39.43
74087014 376 21.17
111517430 567 31.86
75116314 382 21.46
75702632 385 21.63
104080534 529 29.74
75756186 385 21.64
70646744 359 20.18
90782602 461 25.94
74467115 378 21.28
99283083 504 28.37
93011728 473 26.57
75060833 381 21.45
73512955 373 21.00
73706749 374 21.06
96548643 491 27.59
75463911 383 21.56
74329168 378 21.24
73503085 373 21.00
73427556 373 20.98
74944952 381 21.41
93042518 473 26.58
74786180 380 21.37
95559286 486 27.30
73609058 374 21.03
75310145 383 21.52
72551544 369 20.73
74057900 376 21.16
73346515 373 20.96
94979809 483 27.14
73865124 375 21.10
101660281 517 29.05
72968911 371 20.85
72329983 367 20.67
72115575 366 20.60
72506212 368 20.72
97783511 497 27.94
73334669 372 20.95
73796366 375 21.08
72616267 369 20.75
72473125 368 20.71
73520800 373 21.01
74469387 378 21.28
74843926 380 21.38
74808712 380 21.37
76735592 390 21.92
75440537 383 21.55
73991508 376 21.14
73828392 375 21.09
75795652 385 21.66
75007821 381 21.43
92926180 472 26.55
73502589 373 21.00
94838199 482 27.10
72983868 371 20.85
95374161 485 27.25
74824602 380 21.38
98807434 502 28.23
73220459 372 20.92
95576740 486 27.31
72833184 370 20.81
74964200 381 21.42
97039968 493 27.73
74809767 380 21.37
95853447 487 27.39
71576293 364 20.45
94063852 478 26.88
74165510 377 21.19
96243850 489 27.50
73029157 371 20.87
93775919 476 26.79
72717446 369 20.78
97133937 494 27.75
74218142 377 21.21
73168313 372 20.91
76321904 388 21.81
96313248 489 27.52
74117120 376 21.18
93968401 477 26.85
72376606 368 20.68
74391440 378 21.25
96354079 490 27.53
73308184 372 20.95
101573157 516 29.02
71682943 364 20.48
77232705 392 22.07
95047796 483 27.16
74881989 380 21.39
75648460 384 21.61
94720313 481 27.06
74013717 376 21.15
95939373 487 27.41
71074631 361 20.31
73797592 375 21.09
75785450 385 21.65
95873565 487 27.39
71887272 365 20.54
73984661 376 21.14
72573448 369 20.74
72214206 367 20.63
73706799 374 21.06
75549201 384 21.59
73417491 373 20.98
96469501 490 27.56
72956199 371 20.84
71201855 362 20.34
92594843 470 26.46
73992881 376 21.14
74017033 376 21.15
102681035 522 29.34
71955803 365 20.56
76721832 390 21.92
92787419 471 26.51
73659439 374 21.05
96998724 493 27.71
95671579 486 27.33
73904577 375 21.12
94773878 482 27.08
74400237 378 21.26
103659372 527 29.62
95501326 485 27.29
73524379 373 21.01
92697841 471 26.49
72981581 371 20.85
91796300 466 26.23
73168718 372 20.91
72674153 369 20.76
75543703 384 21.58
95522795 485 27.29
74305357 377 21.23
92297062 469 26.37
73708191 374 21.06
73775721 375 21.08
72818632 370 20.81
72099263 366 20.60
77098274 392 22.03
72835133 370 20.81
73884603 375 21.11
72836284 370 20.81
73946662 376 21.13
76039782 386 21.73
97131333 494 27.75
75518376 384 21.58
73673847 374 21.05
73909402 375 21.12
72931774 370 20.84
73127813 371 20.89
74250964 377 21.21
94299473 479 26.94
72606843 369 20.74
75273687 382 21.51
71508096 363 20.43
73852685 375 21.10
74297788 377 21.23
101628339 516 29.04
74776585 380 21.36
74149617 377 21.19
73918218 375 21.12
92465274 470 26.42
72809583 370 20.80
72430855 368 20.69
101228896 514 28.92
71738456 364 20.50
73035833 371 20.87
73535830 374 21.01
73622084 374 21.03
98140058 499 28.04
73498337 373 21.00
96113840 488 27.46
74431521 378 21.27
73287333 372 20.94
102058799 519 29.16
72939046 370 20.84
93489210 475 26.71
73412188 373 20.97
73387982 373 20.97
73697763 374 21.06
73492802 373 21.00
74204156 377 21.20
76586776 389 21.88
93525984 475 26.72
75547336 384 21.58
94140239 478 26.90
72351852 368 20.67
96512748 490 27.58
76512103 389 21.86
72277186 367 20.65
97497056 495 27.86
72322371 367 20.66
73582827 374 21.02
95431754 485 27.27
73460788 373 20.99
96145649 489 27.47
74597084 379 21.31
76377103 388 21.82
73145996 372 20.90
94035373 478 26.87
72425426 368 20.69
72290590 367 20.65
73074744 371 20.88
74803346 380 21.37
73896746 375 21.11
73842005 375 21.10
72618804 369 20.75
73062797 371 20.88
95527295 485 27.29
81559857 414 23.30
94465075 480 26.99
74405727 378 21.26
94435912 480 26.98
72281439 367 20.65
72894723 370 20.83
72700374 369 20.77
82025712 417 23.44
70882169 360 20.25
74131208 377 21.18
83319521 423 23.81
72766029 370 20.79
73235019 372 20.92
76896878 391 21.97
75630620 384 21.61
72520851 368 20.72
73720237 374 21.06
75279630 382 21.51
92716753 471 26.49
72084561 366 20.60
95417712 485 27.26
73883343 375 21.11
73013527 371 20.86
72338770 367 20.67
73754916 375 21.07
74823614 380 21.38
74131638 377 21.18
74842579 380 21.38
73977065 376 21.14
73618464 374 21.03
93782252 477 26.79
71864148 365 20.53
73642809 374 21.04
104701863 532 29.91
71867559 365 20.53
73447576 373 20.99
72780423 370 20.79
74071342 376 21.16
74552992 379 21.30
74691176 379 21.34
74847693 380 21.39
74304229 377 21.23
72633441 369 20.75
73356804 373 20.96
75190503 382 21.48
93084017 473 26.60
72945868 371 20.84
97146069 494 27.76
74178627 377 21.19
73876416 375 21.11
74081544 376 21.17
74393967 378 21.26
76990408 391 22.00
95584781 486 27.31
73986271 376 21.14
95321494 484 27.23
72121172 366 20.61
74790921 380 21.37
73077042 371 20.88
95890404 487 27.40
73753922 375 21.07
73598829 374 21.03
73077949 371 20.88
94649268 481 27.04
74696130 379 21.34
97705102 496 27.92
75127623 382 21.47
76859518 390 21.96
74648418 379 21.33
96440571 490 27.55
73553731 374 21.02
73424170 373 20.98
72873224 370 20.82
73644048 374 21.04
74733394 380 21.35
73587007 374 21.02
77438709 393 22.13
74671726 379 21.33
95566538 486 27.30
73709885 374 21.06
73426223 373 20.98
72664504 369 20.76
73232264 372 20.92
72750457 370 20.79
71869018 365 20.53
101970903 518 29.13
74109167 376 21.17
96399143 490 27.54
74260653 377 21.22
73720722 374 21.06
96450989 490 27.56
75406614 383 21.54
96266415 489 27.50
75320874 383 21.52
95575406 486 27.31
73921695 375 21.12
92494815 470 26.43
72817219 370 20.80
73192368 372 20.91
72662681 369 20.76
95193933 484 27.20
74041096 376 21.15
95648700 486 27.33
72778712 370 20.79
116612590 593 33.32
75649176 384 21.61
77138603 392 22.04
74985421 381 21.42
94152047 478 26.90
73231377 372 20.92
72607231 369 20.74
76162070 387 21.76
94673103 481 27.05
75755990 385 21.64
73065960 371 20.88
73162308 372 20.90
94130934 478 26.89
70957136 360 20.27
95241381 484 27.21
74824769 380 21.38
97029674 493 27.72
76009623 386 21.72
73524850 373 21.01
72901685 370 20.83
92040932 468 26.30
72799154 370 20.80
74303702 377 21.23
71537193 363 20.44
71775394 365 20.51
75466843 383 21.56
100427990 510 28.69
74176368 377 21.19
74727469 380 21.35
75149490 382 21.47
76138475 387 21.75
96583452 491 27.60
74973497 381 21.42
72950179 371 20.84
75343075 383 21.53
74020332 376 21.15
93425304 475 26.69
74556752 379 21.30
96637330 491 27.61
74610065 379 21.32
74346785 378 21.24
75794543 385 21.66
76261218 387 21.79
94714721 481 27.06
99059326 503 28.30
105123186 534 30.04
73144959 372 20.90
95707502 486 27.35
74144758 377 21.18
74326825 378 21.24
75077714 381 21.45
72451841 368 20.70
95968997 488 27.42
73672419 374 21.05
103094205 524 29.46
74425208 378 21.26
94100309 478 26.89
73999211 376 21.14
93354848 474 26.67
72580899 369 20.74
94137104 478 26.90
77110144 392 22.03
74618503 379 21.32
99825850 507 28.52
72299726 367 20.66
94108663 478 26.89
74403838 378 21.26
74767330 380 21.36
74831057 380 21.38
75550060 384 21.59
73647666 374 21.04
73179377 372 20.91
77906736 396 22.26
78026165 396 22.29
95610687 486 27.32
74586655 379 21.31
73066847 371 20.88
74209826 377 21.20
76239268 387 21.78
74653902 379 21.33
104317832 530 29.81
96083109 488 27.45
74017351 376 21.15
93175270 473 26.62
74783529 380 21.37
74979698 381 21.42
102494192 521 29.28
74698598 379 21.34
92111202 468 26.32
73551992 374 21.01
73455442 373 20.99
74402088 378 21.26
74466018 378 21.28
95961766 488 27.42
74712508 380 21.35
95517952 485 27.29
74122455 377 21.18
94909106 482 27.12
107391513 546 30.68
95104534 483 27.17
74299519 377 21.23
99307788 505 28.37
95648019 486 27.33
80907392 411 23.12
73914650 375 21.12
94710339 481 27.06
73985482 376 21.14
93034170 473 26.58
74159809 377 21.19
93735625 476 26.78
76016023 386 21.72
74426988 378 21.26
73478279 373 20.99
75142825 382 21.47
74450793 378 21.27
74927094 381 21.41
78561163 399 22.45
75658903 384 21.62
73094027 371 20.88
73908040 375 21.12
74399683 378 21.26
72022813 366 20.58
72573407 369 20.74
80182908 407 22.91
74447696 378 21.27
73798908 375 21.09
73824493 375 21.09
73923231 375 21.12
73885525 375 21.11
73364300 373 20.96
95506515 485 27.29
73332131 372 20.95
77933728 396 22.27
76091988 387 21.74
73450592 373 20.99
74422555 378 21.26
74941052 381 21.41
96906682 492 27.69
74343321 378 21.24
73918693 375 21.12
72921202 370 20.83
75163898 382 21.48
95629205 486 27.32
75270591 382 21.51
74881525 380 21.39
72781823 370 20.79
97024514 493 27.72
74334391 378 21.24
94080401 478 26.88
74651940 379 21.33
75503091 384 21.57
73746122 375 21.07
73629399 374 21.04
94812440 482 27.09
76356853 388 21.82
105456705 536 30.13
74431234 378 21.27
73163715 372 20.90
72549875 369 20.73
94700612 481 27.06
73635477 374 21.04
72321726 367 20.66
75290953 382 21.51
93980729 478 26.85
74263468 377 21.22
94748642 481 27.07
73362603 373 20.96
94915508 482 27.12
75866143 385 21.68
74877045 380 21.39
74918596 381 21.41
75111933 382 21.46
71293808 362 20.37
94332364 479 26.95
71201548 362 20.34
74918533 381 21.41
76266455 387 21.79
74014027 376 21.15
93232078 474 26.64
75506711 384 21.57
97194505 494 27.77
74403949 378 21.26
76415546 388 21.83
75733974 385 21.64
93221345 474 26.63
73781559 375 21.08
92044824 468 26.30
73139101 372 20.90
74128335 377 21.18
74026425 376 21.15
75589271 384 21.60
95768691 487 27.36
75278622 382 21.51
96024000 488 27.44
74750980 380 21.36
96637208 491 27.61
74477191 378 21.28
94924016 482 27.12
73149128 372 20.90
94884139 482 27.11
71501763 363 20.43
94976209 483 27.14
74466640 378 21.28
75175322 382 21.48
93697416 476 26.77
74116614 376 21.18
94544279 480 27.01
79503434 404 22.72
94888168 482 27.11
74898727 380 21.40
74979063 381 21.42
73178141 372 20.91
70758922 359 20.22
72364710 368 20.68
95535577 485 27.30
75494449 383 21.57
75401007 383 21.54
95459134 485 27.27
74522481 379 21.29
92779856 471 26.51
75833977 385 21.67
74683443 379 21.34
73805475 375 21.09
72552850 369 20.73
71948454 365 20.56
72841651 370 20.81
72849825 370 20.81
94973590 483 27.14
74816753 380 21.38
75583077 384 21.60
95597398 486 27.31
74871784 380 21.39
94755660 481 27.07
72424888 368 20.69
72596655 369 20.74
93579401 475 26.74
97574026 496 27.88
74744465 380 21.36
74708479 379 21.35
72125162 366 20.61
95236696 484 27.21
73878437 375 21.11
102871506 523 29.39
75102126 381 21.46
75648278 384 21.61
74700934 379 21.34
73981114 376 21.14
97144418 494 27.76
73918448 375 21.12
93037749 473 26.58
73222642 372 20.92
91604614 465 26.17
73272906 372 20.94
94596468 481 27.03
75040091 381 21.44
73699348 374 21.06
93854757 477 26.82
74682298 379 21.34
93338864 474 26.67
74289952 377 21.23
72651313 369 20.76
76695511 390 21.91
75270940 382 21.51
93350655 474 26.67
71494096 363 20.43
92737670 471 26.50
73951187 376 21.13
96211661 489 27.49
96553049 491 27.59
74220046 377 21.21
97684597 496 27.91
94767925 482 27.08
73818319 375 21.09
95284548 484 27.22
73120813 371 20.89
97098625 493 27.74
72548866 369 20.73
92146943 468 26.33
72551527 369 20.73
72899747 370 20.83
73868895 375 21.11
74942673 381 21.41
74299833 377 21.23
94545771 480 27.01
74026949 376 21.15
93250540 474 26.64
75185566 382 21.48
95632140 486 27.32
74986314 381 21.42
73113603 371 20.89
72776017 370 20.79
71290068 362 20.37
74183603 377 21.20
75573703 384 21.59
96300970 489 27.51
75302397 383 21.51
99535592 506 28.44
94482203 480 26.99
72834103 370 20.81
74073803 376 21.16
74397315 378 21.26
74075353 376 21.16
73866182 375 21.10
73188416 372 20.91
74201046 377 21.20
74624393 379 21.32
74337854 378 21.24
74933854 381 21.41
98050404 498 28.01
94219095 479 26.92
74796723 380 21.37
103616146 527 29.60
72617122 369 20.75
95367332 485 27.25
74279367 377 21.22
76150263 387 21.76
74322388 378 21.23
95695104 486 27.34
74919081 381 21.41
73653960 374 21.04
74375491 378 21.25
72753233 370 20.79
97276136 494 27.79
74563493 379 21.30
75104510 382 21.46
73902259 375 21.11
75083108 381 21.45
95732584 486 27.35
75211248 382 21.49
100591992 511 28.74
94683100 481 27.05
74320907 378 21.23
94581417 481 27.02
74917413 381 21.40
74574132 379 21.31
73785542 375 21.08
74501396 378 21.29
95226277 484 27.21
77117693 392 22.03
94738986 481 27.07
75510583 384 21.57
76575712 389 21.88
96223077 489 27.49
72681915 369 20.77
94595920 481 27.03
73730617 375 21.07
98269947 499 28.08
74419594 378 21.26
75945861 386 21.70
75291630 382 21.51
94924879 482 27.12
73707661 374 21.06
95408949 485 27.26
74153245 377 21.19
74968937 381 21.42
73244654 372 20.93
94668408 481 27.05
75309443 383 21.52
93063871 473 26.59
73600131 374 21.03
93215333 474 26.63
72308629 367 20.66
74322523 378 21.24
100822035 512 28.81
94521547 480 27.01
77097334 392 22.03
75697378 385 21.63
93092301 473 26.60
73038745 371 20.87
75980034 386 21.71
74642471 379 21.33
74632811 379 21.32
72165337 367 20.62
94458975 480 26.99
74575196 379 21.31
94935091 482 27.12
72364746 368 20.68
93955563 477 26.84
71665944 364 20.48
73496441 373 21.00
77413348 393 22.12
94934764 482 27.12
74384059 378 21.25
96833481 492 27.67
73429306 373 20.98
94849334 482 27.10
