135179 37 0.04
107876 30 0.03
102381 28 0.03
110341 30 0.03
115399 32 0.03
109161 30 0.03
111253 31 0.03
111329 31 0.03
111947 31 0.03
104964 29 0.03
113445 31 0.03
120508 33 0.03
119896 33 0.03
119638 33 0.03
133935 37 0.04
129888 36 0.04
127648 35 0.04
129990 36 0.04
125022 34 0.04
122651 34 0.04
125899 35 0.04
115704 32 0.03
121443 33 0.03
119988 33 0.03
121482 33 0.03
121444 33 0.03
111559 31 0.03
114757 32 0.03
113102 31 0.03
114401 31 0.03
115131 32 0.03
116429 32 0.03
122885 34 0.04
116890 32 0.03
133663 37 0.04
115306 32 0.03
116444 32 0.03
116811 32 0.03
130563 36 0.04
125549 35 0.04
107010 29 0.03
115194 32 0.03
106490 29 0.03
121014 33 0.03
106294 29 0.03
127459 35 0.04
105208 29 0.03
105900 29 0.03
106699 29 0.03
111332 31 0.03
112988 31 0.03
109168 30 0.03
110120 30 0.03
104681 29 0.03
103976 29 0.03
104258 29 0.03
104734 29 0.03
104217 29 0.03
104528 29 0.03
104503 29 0.03
106287 29 0.03
105907 29 0.03
102901 28 0.03
104259 29 0.03
138544 38 0.04
112803 31 0.03
104587 29 0.03
102492 28 0.03
102000 28 0.03
100785 28 0.03
104416 29 0.03
104692 29 0.03
104458 29 0.03
103048 28 0.03
105684 29 0.03
102055 28 0.03
104790 29 0.03
110676 30 0.03
145317 40 0.04
103725 28 0.03
102346 28 0.03
102146 28 0.03
102324 28 0.03
103438 28 0.03
111996 31 0.03
105348 29 0.03
110906 30 0.03
188285 52 0.05
100792 28 0.03
95799 26 0.03
97688 27 0.03
94804 26 0.03
93139 25 0.03
94874 26 0.03
92741 25 0.03
94455 26 0.03
117659 32 0.03
100300 27 0.03
119010 33 0.03
102384 28 0.03
165292 46 0.05
102158 28 0.03
115564 32 0.03
103634 28 0.03
105920 29 0.03
108159 30 0.03
106923 29 0.03
106954 29 0.03
105596 29 0.03
114098 31 0.03
114230 31 0.03
123241 34 0.04
20920983 5837 5.98
120776 33 0.03
120169 33 0.03
121339 33 0.03
118545 33 0.03
119600 33 0.03
118738 33 0.03
113651 31 0.03
124160 34 0.04
113913 31 0.03
127948 35 0.04
120937 33 0.03
127651 35 0.04
111958 31 0.03
118112 32 0.03
122561 34 0.04
128322 35 0.04
126890 35 0.04
122697 34 0.04
117089 32 0.03
115567 32 0.03
114010 31 0.03
113636 31 0.03
111318 31 0.03
114527 31 0.03
113064 31 0.03
112394 31 0.03
111486 31 0.03
130915 36 0.04
110687 30 0.03
111528 31 0.03
113186 31 0.03
112055 31 0.03
146613 40 0.04
111119 31 0.03
122330 34 0.03
122659 34 0.04
123319 34 0.04
116908 32 0.03
116685 32 0.03
116259 32 0.03
115606 32 0.03
113096 31 0.03
119604 33 0.03
107439 29 0.03
114063 31 0.03
115638 32 0.03
115452 32 0.03
18933163 5282 5.41
107324 29 0.03
114537 31 0.03
115903 32 0.03
115797 32 0.03
116433 32 0.03
122770 34 0.04
116213 32 0.03
123056 34 0.04
121486 33 0.03
122463 34 0.03
116105 32 0.03
122309 34 0.03
116566 32 0.03
130507 36 0.04
132037 36 0.04
130207 36 0.04
153724 42 0.04
124422 34 0.04
130957 36 0.04
124338 34 0.04
122917 34 0.04
123775 34 0.04
124970 34 0.04
124306 34 0.04
20202731 5636 5.77
131439 36 0.04
186044 51 0.05
125895 35 0.04
127990 35 0.04
127236 35 0.04
125581 35 0.04
117687 32 0.03
121059 33 0.03
124209 34 0.04
122204 34 0.03
115110 32 0.03
117250 32 0.03
123678 34 0.04
128552 35 0.04
129114 36 0.04
129484 36 0.04
135395 37 0.04
125082 34 0.04
125755 35 0.04
127484 35 0.04
126691 35 0.04
127969 35 0.04
186669 52 0.05
142175 39 0.04
127599 35 0.04
150683 42 0.04
123995 34 0.04
122553 34 0.04
191721 53 0.05
129072 36 0.04
122550 34 0.04
128262 35 0.04
130231 36 0.04
126024 35 0.04
121698 33 0.03
126767 35 0.04
120794 33 0.03
122557 34 0.04
123898 34 0.04
124980 34 0.04
178108 49 0.05
124303 34 0.04
124617 34 0.04
116776 32 0.03
117963 32 0.03
111204 31 0.03
121059 33 0.03
116482 32 0.03
111109 31 0.03
112516 31 0.03
120221 33 0.03
111646 31 0.03
119789 33 0.03
108930 30 0.03
116070 32 0.03
113535 31 0.03
118078 32 0.03
126579 35 0.04
125619 35 0.04
121350 33 0.03
138966 38 0.04
117854 32 0.03
138886 38 0.04
118329 33 0.03
120871 33 0.03
119865 33 0.03
118643 33 0.03
117460 32 0.03
117997 32 0.03
118761 33 0.03
125396 34 0.04
120539 33 0.03
124383 34 0.04
19879551 5546 5.68
123657 34 0.04
172968 48 0.05
122410 34 0.03
192625 53 0.06
127868 35 0.04
125741 35 0.04
141026 39 0.04
119537 33 0.03
118566 33 0.03
120479 33 0.03
191088 53 0.05
115190 32 0.03
168821 47 0.05
113441 31 0.03
114604 31 0.03
120713 33 0.03
110945 30 0.03
105645 29 0.03
109782 30 0.03
111887 31 0.03
106923 29 0.03
110701 30 0.03
106025 29 0.03
107161 29 0.03
105310 29 0.03
103281 28 0.03
103561 28 0.03
102946 28 0.03
105600 29 0.03
111846 31 0.03
97270 27 0.03
100886 28 0.03
103055 28 0.03
105401 29 0.03
102283 28 0.03
101043 28 0.03
101647 28 0.03
101281 28 0.03
100935 28 0.03
99926 27 0.03
101948 28 0.03
100170 27 0.03
103550 28 0.03
100419 28 0.03
104817 29 0.03
99835 27 0.03
103057 28 0.03
112803 31 0.03
104667 29 0.03
104115 29 0.03
103623 28 0.03
127159 35 0.04
104077 29 0.03
109786 30 0.03
105733 29 0.03
103393 28 0.03
114520 31 0.03
112983 31 0.03
114014 31 0.03
114328 31 0.03
120096 33 0.03
114509 31 0.03
103480 28 0.03
105418 29 0.03
103686 28 0.03
101675 28 0.03
99723 27 0.03
101106 28 0.03
97751 27 0.03
95289 26 0.03
98024 27 0.03
98603 27 0.03
96948 27 0.03
97315 27 0.03
102195 28 0.03
102129 28 0.03
110225 30 0.03
103261 28 0.03
111556 31 0.03
101885 28 0.03
102764 28 0.03
90489 25 0.03
97691 27 0.03
90834 25 0.03
98969 27 0.03
91372 25 0.03
108664 30 0.03
97876 27 0.03
100568 28 0.03
95970 26 0.03
95740 26 0.03
95460 26 0.03
95314 26 0.03
101103 28 0.03
96927 27 0.03
96404 26 0.03
97775 27 0.03
98966 27 0.03
97730 27 0.03
98173 27 0.03
109394 30 0.03
108672 30 0.03
97262 27 0.03
95877 26 0.03
94500 26 0.03
96260 26 0.03
97454 27 0.03
104451 29 0.03
99280 27 0.03
104280 29 0.03
102083 28 0.03
113455 31 0.03
111046 30 0.03
101302 28 0.03
110117 30 0.03
96966 27 0.03
95907 26 0.03
97866 27 0.03
100806 28 0.03
95398 26 0.03
95467 26 0.03
95059 26 0.03
94413 26 0.03
94745 26 0.03
95835 26 0.03
95111 26 0.03
103463 28 0.03
104001 29 0.03
120874 33 0.03
95883 26 0.03
95237 26 0.03
110296 30 0.03
95656 26 0.03
97209 27 0.03
95059 26 0.03
102960 28 0.03
102939 28 0.03
112697 31 0.03
102859 28 0.03
113182 31 0.03
105474 29 0.03
102451 28 0.03
105072 29 0.03
112830 31 0.03
102792 28 0.03
104709 29 0.03
102035 28 0.03
101847 28 0.03
104975 29 0.03
99996 27 0.03
99385 27 0.03
101407 28 0.03
99273 27 0.03
100146 27 0.03
94912 26 0.03
97538 27 0.03
96393 26 0.03
96159 26 0.03
103526 28 0.03
101218 28 0.03
96061 26 0.03
101309 28 0.03
96532 26 0.03
149479 41 0.04
99653 27 0.03
100436 28 0.03
168518 47 0.05
115525 32 0.03
109388 30 0.03
102926 28 0.03
108204 30 0.03
99929 27 0.03
97300 27 0.03
102824 28 0.03
105017 29 0.03
102514 28 0.03
96313 26 0.03
100491 28 0.03
97283 27 0.03
96145 26 0.03
97018 27 0.03
102070 28 0.03
96176 26 0.03
20611045 5750 5.89
96302 26 0.03
103843 28 0.03
96899 27 0.03
95244 26 0.03
95768 26 0.03
97140 27 0.03
94511 26 0.03
97716 27 0.03
97137 27 0.03
109150 30 0.03
101710 28 0.03
108071 30 0.03
102901 28 0.03
95289 26 0.03
102150 28 0.03
102066 28 0.03
95828 26 0.03
96885 27 0.03
98047 27 0.03
100740 28 0.03
101040 28 0.03
95615 26 0.03
96096 26 0.03
107691 30 0.03
100136 27 0.03
115302 32 0.03
96152 26 0.03
99986 27 0.03
102436 28 0.03
97503 27 0.03
96476 26 0.03
89151 24 0.03
88837 24 0.03
178021 49 0.05
100205 27 0.03
104911 29 0.03
110595 30 0.03
104165 29 0.03
168123 46 0.05
110770 30 0.03
104726 29 0.03
104545 29 0.03
110819 30 0.03
111950 31 0.03
111119 31 0.03
105642 29 0.03
114820 32 0.03
112236 31 0.03
115522 32 0.03
112358 31 0.03
110002 30 0.03
19339113 5395 5.53
112572 31 0.03
111856 31 0.03
109349 30 0.03
109649 30 0.03
109457 30 0.03
101812 28 0.03
118075 32 0.03
116025 32 0.03
109503 30 0.03
108200 30 0.03
104738 29 0.03
103505 28 0.03
104681 29 0.03
91153 25 0.03
96931 27 0.03
90957 25 0.03
96850 27 0.03
97996 27 0.03
159775 44 0.05
98921 27 0.03
105467 29 0.03
104287 29 0.03
103512 28 0.03
97937 27 0.03
97014 27 0.03
96697 26 0.03
98115 27 0.03
96327 26 0.03
197248 55 0.06
95876 26 0.03
89522 24 0.03
94870 26 0.03
88296 24 0.03
95911 26 0.03
89012 24 0.03
99409 27 0.03
95646 26 0.03
95157 26 0.03
99402 27 0.03
96299 26 0.03
94762 26 0.03
95454 26 0.03
96986 27 0.03
95657 26 0.03
179899 50 0.05
99127 27 0.03
157907 44 0.05
98864 27 0.03
100872 28 0.03
96522 26 0.03
94368 26 0.03
97273 27 0.03
100170 27 0.03
97758 27 0.03
191473 53 0.05
100059 27 0.03
92249 25 0.03
90803 25 0.03
99867 27 0.03
103840 28 0.03
96721 26 0.03
114802 32 0.03
107003 29 0.03
112338 31 0.03
121510 33 0.03
106532 29 0.03
98013 27 0.03
99933 27 0.03
100101 27 0.03
108798 30 0.03
111367 31 0.03
21419396 5976 6.12
112488 31 0.03
112705 31 0.03
114712 32 0.03
112174 31 0.03
112610 31 0.03
114174 31 0.03
112984 31 0.03
119104 33 0.03
106312 29 0.03
113441 31 0.03
110617 30 0.03
112104 31 0.03
106148 29 0.03
96525 26 0.03
110721 30 0.03
103675 28 0.03
105219 29 0.03
98935 27 0.03
131152 36 0.04
110813 30 0.03
116192 32 0.03
117547 32 0.03
115826 32 0.03
123670 34 0.04
114105 31 0.03
121981 34 0.03
113253 31 0.03
115738 32 0.03
110938 30 0.03
117889 32 0.03
113742 31 0.03
112551 31 0.03
118179 32 0.03
121332 33 0.03
112575 31 0.03
102252 28 0.03
103885 28 0.03
103903 28 0.03
112680 31 0.03
112216 31 0.03
110861 30 0.03
130755 36 0.04
113902 31 0.03
131670 36 0.04
113016 31 0.03
111772 31 0.03
118884 33 0.03
186602 52 0.05
111451 31 0.03
117323 32 0.03
118276 33 0.03
112216 31 0.03
113099 31 0.03
112199 31 0.03
113546 31 0.03
117990 32 0.03
111231 31 0.03
108742 30 0.03
101791 28 0.03
108309 30 0.03
109842 30 0.03
108567 30 0.03
110006 30 0.03
103425 28 0.03
108780 30 0.03
105048 29 0.03
102143 28 0.03
111500 31 0.03
108889 30 0.03
110581 30 0.03
111291 31 0.03
118975 33 0.03
117736 32 0.03
118618 33 0.03
124802 34 0.04
120704 33 0.03
116566 32 0.03
120871 33 0.03
115819 32 0.03
122078 34 0.03
117990 32 0.03
120019 33 0.03
115159 32 0.03
124683 34 0.04
115550 32 0.03
170078 47 0.05
113905 31 0.03
123521 34 0.04
116077 32 0.03
124080 34 0.04
133139 37 0.04
129107 36 0.04
131698 36 0.04
127120 35 0.04
130831 36 0.04
129330 36 0.04
128230 35 0.04
127292 35 0.04
127093 35 0.04
125895 35 0.04
124219 34 0.04
127700 35 0.04
127190 35 0.04
124879 34 0.04
126450 35 0.04
121657 33 0.03
124837 34 0.04
117089 32 0.03
119398 33 0.03
111232 31 0.03
111133 31 0.03
111625 31 0.03
125870 35 0.04
118563 33 0.03
127742 35 0.04
118333 33 0.03
120351 33 0.03
127515 35 0.04
125536 35 0.04
131422 36 0.04
117777 32 0.03
123371 34 0.04
123189 34 0.04
121175 33 0.03
117156 32 0.03
119293 33 0.03
121352 33 0.03
120483 33 0.03
111046 30 0.03
112181 31 0.03
110983 30 0.03
114006 31 0.03
116995 32 0.03
114520 31 0.03
111724 31 0.03
116911 32 0.03
116817 32 0.03
125455 35 0.04
119038 33 0.03
126097 35 0.04
125898 35 0.04
120151 33 0.03
124942 34 0.04
126216 35 0.04
125702 35 0.04
122320 34 0.03
122645 34 0.04
21164530 5905 6.05
111640 31 0.03
113571 31 0.03
112687 31 0.03
113253 31 0.03
107566 30 0.03
113378 31 0.03
121447 33 0.03
119611 33 0.03
122413 34 0.03
115979 32 0.03
117097 32 0.03
122247 34 0.03
121911 34 0.03
115100 32 0.03
108169 30 0.03
105889 29 0.03
104636 29 0.03
103970 29 0.03
102904 28 0.03
112760 31 0.03
111004 30 0.03
108847 30 0.03
105816 29 0.03
112509 31 0.03
113099 31 0.03
104147 29 0.03
104964 29 0.03
111960 31 0.03
103892 28 0.03
108421 30 0.03
107943 30 0.03
148547 41 0.04
105240 29 0.03
103445 28 0.03
104740 29 0.03
118179 32 0.03
109436 30 0.03
97193 27 0.03
110515 30 0.03
103389 28 0.03
111081 30 0.03
103365 28 0.03
102904 28 0.03
103945 29 0.03
110351 30 0.03
168496 47 0.05
103812 28 0.03
192287 53 0.05
104838 29 0.03
103177 28 0.03
97762 27 0.03
104057 29 0.03
105641 29 0.03
106756 29 0.03
105683 29 0.03
105862 29 0.03
116360 32 0.03
112708 31 0.03
123478 34 0.04
98781 27 0.03
105128 29 0.03
98820 27 0.03
106413 29 0.03
98830 27 0.03
113423 31 0.03
106381 29 0.03
112921 31 0.03
122892 34 0.04
102032 28 0.03
104346 29 0.03
102052 28 0.03
194322 54 0.06
105585 29 0.03
105243 29 0.03
96637 26 0.03
98177 27 0.03
99689 27 0.03
97308 27 0.03
97964 27 0.03
105125 29 0.03
107282 29 0.03
103592 28 0.03
99071 27 0.03
102412 28 0.03
102786 28 0.03
104304 29 0.03
102632 28 0.03
103054 28 0.03
103620 28 0.03
119352 33 0.03
102998 28 0.03
114227 31 0.03
110456 30 0.03
114740 32 0.03
110310 30 0.03
116248 32 0.03
116301 32 0.03
115243 32 0.03
117403 32 0.03
116105 32 0.03
122854 34 0.04
116094 32 0.03
124439 34 0.04
119470 33 0.03
127096 35 0.04
128946 35 0.04
173783 48 0.05
124854 34 0.04
119474 33 0.03
119523 33 0.03
114290 31 0.03
115846 32 0.03
119918 33 0.03
177515 49 0.05
120780 33 0.03
118234 32 0.03
121195 33 0.03
133321 37 0.04
185642 51 0.05
134015 37 0.04
133649 37 0.04
133583 37 0.04
116440 32 0.03
127351 35 0.04
125158 34 0.04
120222 33 0.03
126209 35 0.04
119314 33 0.03
127438 35 0.04
127829 35 0.04
126199 35 0.04
125329 34 0.04
126673 35 0.04
124928 34 0.04
125172 34 0.04
120532 33 0.03
134155 37 0.04
125515 35 0.04
121727 33 0.03
127065 35 0.04
117840 32 0.03
121757 33 0.03
121712 33 0.03
125800 35 0.04
190747 53 0.05
125714 35 0.04
128381 35 0.04
127546 35 0.04
116280 32 0.03
115710 32 0.03
119188 33 0.03
120382 33 0.03
118420 33 0.03
120898 33 0.03
115930 32 0.03
115508 32 0.03
142559 39 0.04
116119 32 0.03
194262 54 0.06
118950 33 0.03
116769 32 0.03
106794 29 0.03
113337 31 0.03
114101 31 0.03
113402 31 0.03
111964 31 0.03
113036 31 0.03
104213 29 0.03
114652 31 0.03
119076 33 0.03
118325 33 0.03
122162 34 0.03
123172 34 0.04
121981 34 0.03
122516 34 0.04
122068 34 0.03
120965 33 0.03
120717 33 0.03
118193 32 0.03
122295 34 0.03
120672 33 0.03
118385 33 0.03
121670 33 0.03
119708 33 0.03
121821 33 0.03
119848 33 0.03
174425 48 0.05
118832 33 0.03
120846 33 0.03
118859 33 0.03
122173 34 0.03
126799 35 0.04
114286 31 0.03
116210 32 0.03
106123 29 0.03
112597 31 0.03
184683 51 0.05
117721 32 0.03
113888 31 0.03
110019 30 0.03
104615 29 0.03
105351 29 0.03
102754 28 0.03
103061 28 0.03
110732 30 0.03
107087 29 0.03
113856 31 0.03
111312 31 0.03
20979632 5853 5.99
179065 49 0.05
114167 31 0.03
111723 31 0.03
111943 31 0.03
111982 31 0.03
117190 32 0.03
119634 33 0.03
118965 33 0.03
119128 33 0.03
120630 33 0.03
122944 34 0.04
110652 30 0.03
112010 31 0.03
112121 31 0.03
119883 33 0.03
117568 32 0.03
114586 31 0.03
118664 33 0.03
115696 32 0.03
118633 33 0.03
117746 32 0.03
117320 32 0.03
124062 34 0.04
115239 32 0.03
117844 32 0.03
127459 35 0.04
118856 33 0.03
123021 34 0.04
121743 33 0.03
128898 35 0.04
130378 36 0.04
122476 34 0.03
127561 35 0.04
184308 51 0.05
128527 35 0.04
122037 34 0.03
127742 35 0.04
128024 35 0.04
128649 35 0.04
121143 33 0.03
123661 34 0.04
122839 34 0.04
129501 36 0.04
113584 31 0.03
121593 33 0.03
113560 31 0.03
104800 29 0.03
134879 37 0.04
111577 31 0.03
117494 32 0.03
120560 33 0.03
118137 32 0.03
119425 33 0.03
117135 32 0.03
118042 32 0.03
117550 32 0.03
112387 31 0.03
111497 31 0.03
114478 31 0.03
113598 31 0.03
111880 31 0.03
111930 31 0.03
107995 30 0.03
112003 31 0.03
115453 32 0.03
112896 31 0.03
119715 33 0.03
175789 49 0.05
104514 29 0.03
140004 39 0.04
176621 49 0.05
118818 33 0.03
124899 34 0.04
118859 33 0.03
112187 31 0.03
