184023 39 0.05
185733 40 0.05
186327 40 0.05
187343 40 0.05
242073 52 0.07
188041 40 0.05
183593 39 0.05
185429 40 0.05
193948 42 0.06
195652 42 0.06
189752 41 0.05
198030 42 0.06
188974 41 0.05
196825 42 0.06
188844 40 0.05
189061 41 0.05
180168 39 0.05
190370 41 0.05
249300 54 0.07
243497 52 0.07
198693 43 0.06
193079 41 0.06
191854 41 0.05
204932 44 0.06
195163 42 0.06
188422 40 0.05
197056 42 0.06
201602 43 0.06
204154 44 0.06
202076 43 0.06
200400 43 0.06
212865 46 0.06
198613 43 0.06
270298 58 0.08
199230 43 0.06
194870 42 0.06
197314 42 0.06
198578 43 0.06
208406 45 0.06
196518 42 0.06
196196 42 0.06
188013 40 0.05
200641 43 0.06
202300 43 0.06
250201 54 0.07
212565 46 0.06
196515 42 0.06
195865 42 0.06
195827 42 0.06
193742 42 0.06
194032 42 0.06
189162 41 0.05
186117 40 0.05
190056 41 0.05
185496 40 0.05
191040 41 0.05
184626 40 0.05
185244 40 0.05
192423 41 0.05
191375 41 0.05
191899 41 0.05
201637 43 0.06
203470 44 0.06
206608 44 0.06
203131 44 0.06
197129 42 0.06
192555 41 0.06
198284 43 0.06
197932 42 0.06
194779 42 0.06
192038 41 0.05
20031941 4347 5.72
200369 43 0.06
192074 41 0.05
199538 43 0.06
193146 41 0.06
206939 44 0.06
199999 43 0.06
196968 42 0.06
204328 44 0.06
200470 43 0.06
202090 43 0.06
201388 43 0.06
200924 43 0.06
208259 45 0.06
207746 45 0.06
205533 44 0.06
210106 45 0.06
208427 45 0.06
206353 44 0.06
207736 45 0.06
203204 44 0.06
213524 46 0.06
198966 43 0.06
195621 42 0.06
216481 46 0.06
194370 42 0.06
197380 42 0.06
185112 40 0.05
183624 39 0.05
183404 39 0.05
183708 39 0.05
254992 55 0.07
177155 38 0.05
184989 40 0.05
195855 42 0.06
186853 40 0.05
184620 40 0.05
182734 39 0.05
168137 36 0.05
20808569 4515 5.95
230733 50 0.07
176782 38 0.05
175762 38 0.05
176397 38 0.05
189958 41 0.05
175504 38 0.05
176631 38 0.05
175860 38 0.05
179899 39 0.05
170281 36 0.05
181998 39 0.05
173395 37 0.05
171946 37 0.05
182668 39 0.05
175685 38 0.05
172477 37 0.05
175444 38 0.05
224184 48 0.06
180754 39 0.05
175039 37 0.05
180943 39 0.05
178646 38 0.05
180251 39 0.05
210571 45 0.06
180552 39 0.05
179714 39 0.05
180848 39 0.05
183810 39 0.05
178726 38 0.05
174805 37 0.05
179847 39 0.05
180472 39 0.05
183646 39 0.05
181086 39 0.05
179966 39 0.05
180821 39 0.05
183035 39 0.05
188749 40 0.05
182228 39 0.05
190031 41 0.05
186547 40 0.05
187364 40 0.05
187929 40 0.05
188952 41 0.05
186243 40 0.05
196807 42 0.06
194182 42 0.06
195348 42 0.06
194035 42 0.06
195701 42 0.06
183383 39 0.05
199852 43 0.06
192157 41 0.05
177919 38 0.05
184501 40 0.05
176778 38 0.05
177574 38 0.05
247963 53 0.07
178999 38 0.05
206807 44 0.06
174051 37 0.05
172766 37 0.05
166447 36 0.05
233264 50 0.07
187978 40 0.05
212250 46 0.06
172271 37 0.05
186368 40 0.05
175190 38 0.05
175283 38 0.05
174798 37 0.05
174110 37 0.05
174962 37 0.05
174878 37 0.05
174366 37 0.05
181285 39 0.05
173761 37 0.05
19548266 4242 5.59
180838 39 0.05
180073 39 0.05
173782 37 0.05
186571 40 0.05
185231 40 0.05
205260 44 0.06
184040 39 0.05
178886 38 0.05
190872 41 0.05
183411 39 0.05
194468 42 0.06
195596 42 0.06
191686 41 0.05
192890 41 0.06
186316 40 0.05
192450 41 0.05
188191 40 0.05
187451 40 0.05
186389 40 0.05
187486 40 0.05
185209 40 0.05
191595 41 0.05
188272 40 0.05
193051 41 0.06
198385 43 0.06
181079 39 0.05
189416 41 0.05
188599 40 0.05
195066 42 0.06
199276 43 0.06
196085 42 0.06
194235 42 0.06
193680 42 0.06
185485 40 0.05
176342 38 0.05
175259 38 0.05
173925 37 0.05
168342 36 0.05
182489 39 0.05
177483 38 0.05
182039 39 0.05
188840 40 0.05
181903 39 0.05
196095 42 0.06
20635995 4478 5.90
201912 43 0.06
201053 43 0.06
202847 44 0.06
200707 43 0.06
203173 44 0.06
201308 43 0.06
200309 43 0.06
199964 43 0.06
201123 43 0.06
203379 44 0.06
207617 45 0.06
194423 42 0.06
197652 42 0.06
194147 42 0.06
198159 43 0.06
197646 42 0.06
194968 42 0.06
200561 43 0.06
191051 41 0.05
191480 41 0.05
193114 41 0.06
182867 39 0.05
192102 41 0.05
182340 39 0.05
186658 40 0.05
199702 43 0.06
182207 39 0.05
182099 39 0.05
182469 39 0.05
180915 39 0.05
182284 39 0.05
183970 39 0.05
187985 40 0.05
183125 39 0.05
183666 39 0.05
183673 39 0.05
180185 39 0.05
193518 41 0.06
21482781 4662 6.14
186236 40 0.05
177326 38 0.05
254233 55 0.07
176062 38 0.05
183150 39 0.05
190087 41 0.05
230970 50 0.07
181494 39 0.05
185007 40 0.05
183967 39 0.05
184298 39 0.05
173628 37 0.05
172145 37 0.05
235712 51 0.07
179484 38 0.05
170640 37 0.05
178101 38 0.05
191937 41 0.05
171809 37 0.05
186878 40 0.05
181173 39 0.05
171551 37 0.05
180877 39 0.05
177124 38 0.05
190143 41 0.05
185423 40 0.05
171282 37 0.05
181274 39 0.05
176600 38 0.05
181394 39 0.05
179319 38 0.05
179431 38 0.05
179274 38 0.05
161831 35 0.05
170584 37 0.05
169358 36 0.05
163679 35 0.05
179344 38 0.05
172047 37 0.05
179969 39 0.05
178328 38 0.05
172609 37 0.05
173329 37 0.05
174072 37 0.05
177466 38 0.05
187989 40 0.05
189347 41 0.05
190167 41 0.05
191557 41 0.05
192283 41 0.05
196923 42 0.06
199873 43 0.06
194573 42 0.06
196046 42 0.06
195826 42 0.06
200341 43 0.06
197317 42 0.06
210061 45 0.06
199901 43 0.06
198839 43 0.06
256974 55 0.07
202579 43 0.06
199241 43 0.06
178342 38 0.05
176229 38 0.05
183732 39 0.05
176673 38 0.05
172134 37 0.05
168733 36 0.05
177235 38 0.05
244915 53 0.07
187157 40 0.05
191425 41 0.05
178443 38 0.05
189364 41 0.05
185450 40 0.05
192967 41 0.06
187773 40 0.05
187140 40 0.05
189078 41 0.05
184298 39 0.05
190816 41 0.05
184570 40 0.05
184060 39 0.05
178238 38 0.05
223768 48 0.06
185262 40 0.05
184009 39 0.05
186630 40 0.05
185468 40 0.05
185960 40 0.05
212156 46 0.06
186282 40 0.05
186847 40 0.05
179598 38 0.05
187838 40 0.05
185653 40 0.05
183086 39 0.05
194999 42 0.06
185499 40 0.05
200753 43 0.06
185503 40 0.05
191368 41 0.05
177434 38 0.05
178314 38 0.05
177947 38 0.05
176806 38 0.05
183324 39 0.05
178701 38 0.05
175790 38 0.05
176216 38 0.05
178652 38 0.05
179043 38 0.05
181648 39 0.05
175549 38 0.05
189612 41 0.05
182915 39 0.05
182245 39 0.05
170933 37 0.05
175734 38 0.05
174791 37 0.05
181997 39 0.05
176635 38 0.05
181589 39 0.05
180462 39 0.05
177385 38 0.05
245848 53 0.07
176840 38 0.05
179526 38 0.05
177337 38 0.05
188743 40 0.05
182155 39 0.05
179920 39 0.05
178936 38 0.05
181645 39 0.05
187465 40 0.05
187077 40 0.05
181662 39 0.05
179819 39 0.05
180457 39 0.05
178555 38 0.05
185398 40 0.05
180021 39 0.05
183597 39 0.05
181397 39 0.05
185377 40 0.05
179337 38 0.05
185318 40 0.05
181376 39 0.05
187395 40 0.05
185688 40 0.05
192946 41 0.06
188914 40 0.05
189186 41 0.05
190272 41 0.05
186966 40 0.05
191410 41 0.05
187346 40 0.05
187898 40 0.05
199790 43 0.06
186823 40 0.05
187650 40 0.05
198823 43 0.06
248912 54 0.07
180122 39 0.05
181188 39 0.05
192618 41 0.06
187852 40 0.05
198609 43 0.06
187276 40 0.05
192677 41 0.06
185957 40 0.05
182070 39 0.05
184578 40 0.05
236647 51 0.07
188827 40 0.05
192849 41 0.06
187106 40 0.05
185852 40 0.05
210815 45 0.06
181984 39 0.05
182668 39 0.05
176949 38 0.05
173084 37 0.05
241920 52 0.07
177309 38 0.05
180737 39 0.05
173485 37 0.05
173905 37 0.05
180447 39 0.05
178674 38 0.05
182473 39 0.05
20717731 4496 5.92
181505 39 0.05
173650 37 0.05
180793 39 0.05
177819 38 0.05
181645 39 0.05
173828 37 0.05
190056 41 0.05
182287 39 0.05
185663 40 0.05
190743 41 0.05
201769 43 0.06
182664 39 0.05
20554981 4460 5.87
184204 39 0.05
179082 38 0.05
176506 38 0.05
248898 54 0.07
191072 41 0.05
192391 41 0.05
185600 40 0.05
185188 40 0.05
184400 40 0.05
192730 41 0.06
241819 52 0.07
191742 41 0.05
190552 41 0.05
186920 40 0.05
186634 40 0.05
182357 39 0.05
182741 39 0.05
184057 39 0.05
186997 40 0.05
185209 40 0.05
186829 40 0.05
187022 40 0.05
181240 39 0.05
180318 39 0.05
181041 39 0.05
180360 39 0.05
190917 41 0.05
256364 55 0.07
181009 39 0.05
181016 39 0.05
182193 39 0.05
186687 40 0.05
187077 40 0.05
181160 39 0.05
184487 40 0.05
185576 40 0.05
181355 39 0.05
190446 41 0.05
190837 41 0.05
191375 41 0.05
179997 39 0.05
178663 38 0.05
180953 39 0.05
180653 39 0.05
181188 39 0.05
188219 40 0.05
178862 38 0.05
178454 38 0.05
177773 38 0.05
177088 38 0.05
180458 39 0.05
181879 39 0.05
179853 39 0.05
181152 39 0.05
182305 39 0.05
177874 38 0.05
177085 38 0.05
177577 38 0.05
204408 44 0.06
179913 39 0.05
188527 40 0.05
180342 39 0.05
182067 39 0.05
21065240 4571 6.02
179149 38 0.05
182518 39 0.05
258234 56 0.07
191577 41 0.05
180895 39 0.05
22658384 4917 6.47
192332 41 0.05
187510 40 0.05
206671 44 0.06
196591 42 0.06
195893 42 0.06
199493 43 0.06
189476 41 0.05
190750 41 0.05
189825 41 0.05
195736 42 0.06
260923 56 0.07
188003 40 0.05
189099 41 0.05
188129 40 0.05
180989 39 0.05
180314 39 0.05
181320 39 0.05
180576 39 0.05
185562 40 0.05
182483 39 0.05
181812 39 0.05
179682 38 0.05
182262 39 0.05
182283 39 0.05
228440 49 0.07
183478 39 0.05
181551 39 0.05
181282 39 0.05
241208 52 0.07
181382 39 0.05
182371 39 0.05
181149 39 0.05
183520 39 0.05
179201 38 0.05
189602 41 0.05
186383 40 0.05
187235 40 0.05
190764 41 0.05
197149 42 0.06
189280 41 0.05
191505 41 0.05
191040 41 0.05
192555 41 0.06
195080 42 0.06
247359 53 0.07
191030 41 0.05
191923 41 0.05
190069 41 0.05
191229 41 0.05
249806 54 0.07
189937 41 0.05
239350 51 0.07
182842 39 0.05
182594 39 0.05
185119 40 0.05
191818 41 0.05
188481 40 0.05
182909 39 0.05
187640 40 0.05
186833 40 0.05
188806 40 0.05
187539 40 0.05
22525405 4888 6.44
249695 54 0.07
192905 41 0.06
186295 40 0.05
192461 41 0.05
188945 41 0.05
187992 40 0.05
189036 41 0.05
185081 40 0.05
196189 42 0.06
189532 41 0.05
189001 41 0.05
197157 42 0.06
191022 41 0.05
238815 51 0.07
190827 41 0.05
196361 42 0.06
194675 42 0.06
191941 41 0.05
193725 42 0.06
196891 42 0.06
194842 42 0.06
243295 52 0.07
199409 43 0.06
190136 41 0.05
202240 43 0.06
207809 45 0.06
200593 43 0.06
193582 42 0.06
199538 43 0.06
205994 44 0.06
196668 42 0.06
200515 43 0.06
202034 43 0.06
209607 45 0.06
199084 43 0.06
203874 44 0.06
200997 43 0.06
211290 45 0.06
202582 43 0.06
193348 41 0.06
212620 46 0.06
202170 43 0.06
198184 43 0.06
195003 42 0.06
195289 42 0.06
200138 43 0.06
197384 42 0.06
195233 42 0.06
196881 42 0.06
195893 42 0.06
198030 42 0.06
195648 42 0.06
196270 42 0.06
198878 43 0.06
197283 42 0.06
199723 43 0.06
200128 43 0.06
205044 44 0.06
200537 43 0.06
202474 43 0.06
202970 44 0.06
206835 44 0.06
205183 44 0.06
209995 45 0.06
211380 45 0.06
204953 44 0.06
200044 43 0.06
201204 43 0.06
201360 43 0.06
205019 44 0.06
200635 43 0.06
198571 43 0.06
197688 42 0.06
201049 43 0.06
200299 43 0.06
200100 43 0.06
202478 43 0.06
201064 43 0.06
199412 43 0.06
200222 43 0.06
199426 43 0.06
19201481 4166 5.49
199391 43 0.06
198731 43 0.06
200072 43 0.06
210718 45 0.06
198148 43 0.06
196476 42 0.06
198780 43 0.06
193013 41 0.06
205047 44 0.06
205606 44 0.06
191078 41 0.05
203578 44 0.06
205802 44 0.06
191707 41 0.05
189246 41 0.05
190663 41 0.05
187909 40 0.05
191822 41 0.05
191794 41 0.05
191399 41 0.05
189839 41 0.05
189088 41 0.05
190785 41 0.05
189616 41 0.05
196102 42 0.06
200111 43 0.06
190956 41 0.05
191246 41 0.05
190778 41 0.05
190339 41 0.05
189585 41 0.05
192433 41 0.05
192716 41 0.06
188208 40 0.05
186979 40 0.05
190642 41 0.05
191829 41 0.05
188774 40 0.05
189092 41 0.05
190352 41 0.05
189081 41 0.05
190823 41 0.05
190161 41 0.05
190652 41 0.05
188704 40 0.05
213088 46 0.06
244029 52 0.07
186121 40 0.05
190182 41 0.05
191773 41 0.05
188698 40 0.05
189489 41 0.05
190310 41 0.05
194018 42 0.06
190380 41 0.05
189378 41 0.05
261499 56 0.07
189318 41 0.05
188201 40 0.05
183575 39 0.05
183229 39 0.05
224645 48 0.06
193037 41 0.06
186578 40 0.05
187122 40 0.05
188059 40 0.05
185244 40 0.05
204304 44 0.06
181075 39 0.05
182831 39 0.05
181868 39 0.05
199385 43 0.06
189305 41 0.05
174903 37 0.05
175395 38 0.05
174048 37 0.05
177232 38 0.05
176157 38 0.05
257735 55 0.07
181683 39 0.05
186306 40 0.05
182074 39 0.05
180010 39 0.05
175552 38 0.05
181543 39 0.05
181296 39 0.05
20855811 4526 5.96
180901 39 0.05
180957 39 0.05
257226 55 0.07
184326 40 0.05
190547 41 0.05
191536 41 0.05
183073 39 0.05
185859 40 0.05
184682 40 0.05
180388 39 0.05
176592 38 0.05
182381 39 0.05
180545 39 0.05
178262 38 0.05
176753 38 0.05
175567 38 0.05
176289 38 0.05
175238 38 0.05
176031 38 0.05
175056 37 0.05
184190 39 0.05
183966 39 0.05
178911 38 0.05
243795 52 0.07
173423 37 0.05
181760 39 0.05
173709 37 0.05
185783 40 0.05
186749 40 0.05
189309 41 0.05
191452 41 0.05
193477 41 0.06
188924 40 0.05
198700 43 0.06
182590 39 0.05
188219 40 0.05
182057 39 0.05
183600 39 0.05
249737 54 0.07
237423 51 0.07
192751 41 0.06
182074 39 0.05
180151 39 0.05
176819 38 0.05
177270 38 0.05
20904644 4536 5.97
178611 38 0.05
178360 38 0.05
169981 36 0.05
177204 38 0.05
183737 39 0.05
176376 38 0.05
181310 39 0.05
176279 38 0.05
176432 38 0.05
176275 38 0.05
169044 36 0.05
187133 40 0.05
181344 39 0.05
181380 39 0.05
240582 52 0.07
175490 38 0.05
176614 38 0.05
169949 36 0.05
169998 36 0.05
169628 36 0.05
177463 38 0.05
170524 37 0.05
176474 38 0.05
169439 36 0.05
178010 38 0.05
172407 37 0.05
163406 35 0.05
163056 35 0.05
178286 38 0.05
212923 46 0.06
177654 38 0.05
180210 39 0.05
194071 42 0.06
176390 38 0.05
185282 40 0.05
180255 39 0.05
185638 40 0.05
186536 40 0.05
185310 40 0.05
181921 39 0.05
179634 38 0.05
224358 48 0.06
175958 38 0.05
173192 37 0.05
176327 38 0.05
22272896 4833 6.36
250327 54 0.07
247461 53 0.07
177382 38 0.05
178754 38 0.05
178754 38 0.05
176831 38 0.05
180982 39 0.05
176991 38 0.05
174264 37 0.05
192814 41 0.06
183076 39 0.05
175800 38 0.05
183321 39 0.05
183523 39 0.05
184019 39 0.05
254743 55 0.07
184218 39 0.05
240222 52 0.07
175238 38 0.05
180234 39 0.05
189008 41 0.05
176904 38 0.05
183118 39 0.05
185360 40 0.05
182465 39 0.05
176722 38 0.05
183363 39 0.05
176572 38 0.05
177029 38 0.05
176292 38 0.05
174530 37 0.05
177026 38 0.05
184019 39 0.05
172749 37 0.05
181470 39 0.05
232119 50 0.07
180192 39 0.05
190160 41 0.05
204618 44 0.06
188397 40 0.05
186875 40 0.05
185021 40 0.05
186131 40 0.05
184361 40 0.05
184926 40 0.05
181289 39 0.05
186861 40 0.05
191211 41 0.05
196940 42 0.06
190461 41 0.05
187688 40 0.05
245331 53 0.07
190126 41 0.05
190723 41 0.05
189396 41 0.05
193708 42 0.06
194451 42 0.06
206217 44 0.06
193560 42 0.06
193107 41 0.06
192737 41 0.06
194542 42 0.06
295466 64 0.08
239996 52 0.07
194517 42 0.06
195558 42 0.06
192119 41 0.05
200736 43 0.06
198138 42 0.06
194720 42 0.06
186994 40 0.05
192918 41 0.06
181693 39 0.05
187647 40 0.05
178701 38 0.05
177051 38 0.05
175685 38 0.05
179107 38 0.05
205711 44 0.06
182622 39 0.05
183782 39 0.05
181348 39 0.05
182148 39 0.05
229787 49 0.07
181240 39 0.05
180045 39 0.05
186983 40 0.05
188652 40 0.05
195564 42 0.06
189891 41 0.05
190352 41 0.05
190750 41 0.05
189776 41 0.05
188819 40 0.05
193099 41 0.06
188959 41 0.05
238379 51 0.07
176613 38 0.05
178963 38 0.05
183038 39 0.05
205665 44 0.06
184602 40 0.05
183718 39 0.05
182123 39 0.05
183108 39 0.05
181544 39 0.05
179090 38 0.05
183582 39 0.05
185154 40 0.05
180318 39 0.05
189078 41 0.05
202680 43 0.06
185025 40 0.05
190841 41 0.05
182228 39 0.05
177183 38 0.05
181534 39 0.05
172979 37 0.05
176376 38 0.05
176286 38 0.05
172540 37 0.05
182954 39 0.05
175668 38 0.05
176527 38 0.05
178583 38 0.05
173744 37 0.05
186829 40 0.05
