5097 19 0.00
4884 19 0.00
4975 19 0.00
4758 18 0.00
5101 19 0.00
4915 19 0.00
5045 19 0.00
4724 18 0.00
5084 19 0.00
4983 19 0.00
5080 19 0.00
5041 19 0.00
4996 19 0.00
4769 18 0.00
4996 19 0.00
5181 20 0.00
4916 19 0.00
4703 18 0.00
5003 19 0.00
5059 19 0.00
4849 18 0.00
4944 19 0.00
5097 19 0.00
5150 20 0.00
5146 20 0.00
5362 20 0.00
4996 19 0.00
5157 20 0.00
5387 21 0.00
4989 19 0.00
5076 19 0.00
4962 19 0.00
4941 19 0.00
5118 19 0.00
5086 19 0.00
4985 19 0.00
5003 19 0.00
4937 19 0.00
4846 18 0.00
5034 19 0.00
4920 19 0.00
4993 19 0.00
4867 19 0.00
5080 19 0.00
5017 19 0.00
4951 19 0.00
4643 18 0.00
4937 19 0.00
4884 19 0.00
5143 20 0.00
5017 19 0.00
4842 18 0.00
4919 19 0.00
4905 19 0.00
5038 19 0.00
5094 19 0.00
5056 19 0.00
4978 19 0.00
4989 19 0.00
4982 19 0.00
4992 19 0.00
5014 19 0.00
5066 19 0.00
4867 19 0.00
4926 19 0.00
4874 19 0.00
5014 19 0.00
5011 19 0.00
5052 19 0.00
4888 19 0.00
4902 19 0.00
5139 20 0.00
4954 19 0.00
4884 19 0.00
4940 19 0.00
5087 19 0.00
5076 19 0.00
4877 19 0.00
5234 20 0.00
5000 19 0.00
5017 19 0.00
4969 19 0.00
5000 19 0.00
4894 19 0.00
5090 19 0.00
5568 21 0.00
4919 19 0.00
5059 19 0.00
4850 18 0.00
4870 19 0.00
4992 19 0.00
5775 22 0.00
4972 19 0.00
4975 19 0.00
4926 19 0.00
4906 19 0.00
5147 20 0.00
4957 19 0.00
5038 19 0.00
5084 19 0.00
4978 19 0.00
4982 19 0.00
4713 18 0.00
4856 18 0.00
4909 19 0.00
5003 19 0.00
4724 18 0.00
4989 19 0.00
4933 19 0.00
4874 19 0.00
4951 19 0.00
4898 19 0.00
4951 19 0.00
4936 19 0.00
4710 18 0.00
5115 19 0.00
4972 19 0.00
5052 19 0.00
5094 19 0.00
5115 19 0.00
5401 21 0.00
5070 19 0.00
5073 19 0.00
5038 19 0.00
5052 19 0.00
5163 20 0.00
4769 18 0.00
5192 20 0.00
4912 19 0.00
5041 19 0.00
5150 20 0.00
4978 19 0.00
4934 19 0.00
4888 19 0.00
4832 18 0.00
5087 19 0.00
5052 19 0.00
4881 19 0.00
4964 19 0.00
5279 20 0.00
4975 19 0.00
5042 19 0.00
4954 19 0.00
4950 19 0.00
5055 19 0.00
5163 20 0.00
5198 20 0.00
4933 19 0.00
4930 19 0.00
4895 19 0.00
5084 19 0.00
4969 19 0.00
4933 19 0.00
4703 18 0.00
5167 20 0.00
5097 19 0.00
4993 19 0.00
5000 19 0.00
4930 19 0.00
4940 19 0.00
5035 19 0.00
5080 19 0.00
4993 19 0.00
4832 18 0.00
4863 18 0.00
4909 19 0.00
5093 19 0.00
4741 18 0.00
5045 19 0.00
4937 19 0.00
5105 19 0.00
5090 19 0.00
4933 19 0.00
4640 18 0.00
5038 19 0.00
4908 19 0.00
4951 19 0.00
4975 19 0.00
5028 19 0.00
4986 19 0.00
4870 19 0.00
4968 19 0.00
5014 19 0.00
4999 19 0.00
4948 19 0.00
5118 19 0.00
5191 20 0.00
4955 19 0.00
5122 20 0.00
5027 19 0.00
5063 19 0.00
4975 19 0.00
4818 18 0.00
5017 19 0.00
5080 19 0.00
5083 19 0.00
4969 19 0.00
5017 19 0.00
4986 19 0.00
4874 19 0.00
5028 19 0.00
4961 19 0.00
4934 19 0.00
5003 19 0.00
4933 19 0.00
5153 20 0.00
5041 19 0.00
4999 19 0.00
4912 19 0.00
5007 19 0.00
5101 19 0.00
4986 19 0.00
5048 19 0.00
4884 19 0.00
4937 19 0.00
5034 19 0.00
4961 19 0.00
5125 20 0.00
4971 19 0.00
5076 19 0.00
4877 19 0.00
5028 19 0.00
5101 19 0.00
5003 19 0.00
4968 19 0.00
4884 19 0.00
5031 19 0.00
6365 24 0.00
5108 19 0.00
5191 20 0.00
4937 19 0.00
5286 20 0.00
20909902 81679 5.97
4822 18 0.00
5073 19 0.00
4899 19 0.00
5038 19 0.00
4755 18 0.00
5007 19 0.00
5230 20 0.00
4927 19 0.00
4885 19 0.00
4874 19 0.00
5181 20 0.00
4745 18 0.00
4679 18 0.00
5083 19 0.00
4898 19 0.00
4972 19 0.00
5018 19 0.00
4968 19 0.00
5164 20 0.00
4752 18 0.00
4940 19 0.00
4972 19 0.00
4898 19 0.00
5056 19 0.00
4916 19 0.00
5212 20 0.00
5003 19 0.00
4999 19 0.00
4972 19 0.00
5104 19 0.00
5286 20 0.00
5041 19 0.00
5028 19 0.00
5118 19 0.00
5076 19 0.00
4990 19 0.00
4675 18 0.00
5129 20 0.00
4979 19 0.00
4944 19 0.00
5049 19 0.00
4822 18 0.00
5014 19 0.00
4923 19 0.00
5052 19 0.00
5160 20 0.00
4972 19 0.00
4769 18 0.00
4961 19 0.00
4899 19 0.00
4954 19 0.00
5024 19 0.00
6742 26 0.00
4915 19 0.00
5011 19 0.00
5223 20 0.00
5125 20 0.00
5132 20 0.00
5206 20 0.00
4934 19 0.00
5157 20 0.00
5024 19 0.00
4933 19 0.00
5024 19 0.00
4968 19 0.00
4877 19 0.00
4972 19 0.00
4944 19 0.00
4843 18 0.00
4979 19 0.00
4909 19 0.00
5021 19 0.00
4877 19 0.00
4898 19 0.00
4909 19 0.00
5195 20 0.00
4926 19 0.00
4978 19 0.00
5045 19 0.00
4930 19 0.00
5087 19 0.00
4874 19 0.00
4948 19 0.00
5262 20 0.00
4989 19 0.00
4927 19 0.00
5182 20 0.00
5233 20 0.00
4877 19 0.00
5132 20 0.00
4909 19 0.00
4867 19 0.00
5192 20 0.00
5041 19 0.00
5097 19 0.00
5000 19 0.00
5118 19 0.00
5038 19 0.00
5017 19 0.00
4996 19 0.00
4989 19 0.00
4979 19 0.00
5091 19 0.00
4989 19 0.00
4972 19 0.00
4975 19 0.00
5122 20 0.00
5101 19 0.00
4937 19 0.00
4727 18 0.00
5101 19 0.00
5010 19 0.00
4982 19 0.00
4968 19 0.00
4971 19 0.00
4919 19 0.00
4929 19 0.00
4926 19 0.00
5119 19 0.00
5010 19 0.00
5161 20 0.00
5121 20 0.00
4968 19 0.00
4916 19 0.00
5038 19 0.00
5006 19 0.00
4962 19 0.00
4992 19 0.00
5076 19 0.00
4877 19 0.00
4961 19 0.00
4888 19 0.00
5007 19 0.00
5153 20 0.00
4930 19 0.00
4930 19 0.00
4867 19 0.00
5132 20 0.00
5062 19 0.00
4874 19 0.00
4978 19 0.00
5007 19 0.00
4985 19 0.00
5101 19 0.00
4989 19 0.00
4926 19 0.00
4996 19 0.00
4864 19 0.00
5038 19 0.00
5132 20 0.00
20910188 81680 5.97
4930 19 0.00
5010 19 0.00
4971 19 0.00
5077 19 0.00
5115 19 0.00
5066 19 0.00
4948 19 0.00
4825 18 0.00
5013 19 0.00
4982 19 0.00
4860 18 0.00
5314 20 0.00
5045 19 0.00
4999 19 0.00
4986 19 0.00
4975 19 0.00
5907 23 0.00
4682 18 0.00
4870 19 0.00
4986 19 0.00
4888 19 0.00
5028 19 0.00
5055 19 0.00
5045 19 0.00
4986 19 0.00
4699 18 0.00
5090 19 0.00
5087 19 0.00
5143 20 0.00
4958 19 0.00
4961 19 0.00
5171 20 0.00
5108 19 0.00
5422 21 0.00
5118 19 0.00
4985 19 0.00
4878 19 0.00
5038 19 0.00
4895 19 0.00
5010 19 0.00
4968 19 0.00
4979 19 0.00
4849 18 0.00
4933 19 0.00
4881 19 0.00
4940 19 0.00
5035 19 0.00
5024 19 0.00
5101 19 0.00
5024 19 0.00
5087 19 0.00
5115 19 0.00
4957 19 0.00
5007 19 0.00
5066 19 0.00
4870 19 0.00
5247 20 0.00
4962 19 0.00
5003 19 0.00
5279 20 0.00
4927 19 0.00
5007 19 0.00
5115 19 0.00
4954 19 0.00
5143 20 0.00
5073 19 0.00
5097 19 0.00
4954 19 0.00
4912 19 0.00
4887 19 0.00
4825 18 0.00
5125 20 0.00
4947 19 0.00
4934 19 0.00
5091 19 0.00
5052 19 0.00
5199 20 0.00
5112 19 0.00
4797 18 0.00
5031 19 0.00
4878 19 0.00
4881 19 0.00
4950 19 0.00
4755 18 0.00
4895 19 0.00
4975 19 0.00
4982 19 0.00
5073 19 0.00
4891 19 0.00
4808 18 0.00
5178 20 0.00
4965 19 0.00
5052 19 0.00
4922 19 0.00
5090 19 0.00
4783 18 0.00
5055 19 0.00
4947 19 0.00
4790 18 0.00
5052 19 0.00
4979 19 0.00
5083 19 0.00
5097 19 0.00
5199 20 0.00
4898 19 0.00
5052 19 0.00
4958 19 0.00
4906 19 0.00
4912 19 0.00
5010 19 0.00
5049 19 0.00
5199 20 0.00
5031 19 0.00
4905 19 0.00
4835 18 0.00
4856 18 0.00
5055 19 0.00
5104 19 0.00
4881 19 0.00
4985 19 0.00
4916 19 0.00
5066 19 0.00
5356 20 0.00
5143 20 0.00
5024 19 0.00
5027 19 0.00
4962 19 0.00
5062 19 0.00
5548 21 0.00
4909 19 0.00
4993 19 0.00
5010 19 0.00
5108 19 0.00
5080 19 0.00
5055 19 0.00
4745 18 0.00
5125 20 0.00
4972 19 0.00
5104 19 0.00
4965 19 0.00
5108 19 0.00
4867 19 0.00
4899 19 0.00
4971 19 0.00
5066 19 0.00
5168 20 0.00
5300 20 0.00
4951 19 0.00
4983 19 0.00
4965 19 0.00
5021 19 0.00
4968 19 0.00
4916 19 0.00
5003 19 0.00
5048 19 0.00
4822 18 0.00
4884 19 0.00
4989 19 0.00
4891 19 0.00
5042 19 0.00
4993 19 0.00
4965 19 0.00
5146 20 0.00
4979 19 0.00
5052 19 0.00
4923 19 0.00
5055 19 0.00
5534 21 0.00
5135 20 0.00
4902 19 0.00
5031 19 0.00
4940 19 0.00
5049 19 0.00
5178 20 0.00
5021 19 0.00
5017 19 0.00
4958 19 0.00
5129 20 0.00
4926 19 0.00
4909 19 0.00
4937 19 0.00
5140 20 0.00
4811 18 0.00
5091 19 0.00
5188 20 0.00
5121 20 0.00
4926 19 0.00
5209 20 0.00
5530 21 0.00
4968 19 0.00
5142 20 0.00
4874 19 0.00
4989 19 0.00
5024 19 0.00
4982 19 0.00
5181 20 0.00
5233 20 0.00
4937 19 0.00
5048 19 0.00
5042 19 0.00
5003 19 0.00
5031 19 0.00
5073 19 0.00
5084 19 0.00
5031 19 0.00
5094 19 0.00
5132 20 0.00
5125 20 0.00
5107 19 0.00
4985 19 0.00
5471 21 0.00
5014 19 0.00
4916 19 0.00
5084 19 0.00
4993 19 0.00
4839 18 0.00
5115 19 0.00
4961 19 0.00
5156 20 0.00
4975 19 0.00
5066 19 0.00
5090 19 0.00
5313 20 0.00
5013 19 0.00
4958 19 0.00
5045 19 0.00
4989 19 0.00
5111 19 0.00
5007 19 0.00
5383 21 0.00
5087 19 0.00
5084 19 0.00
4891 19 0.00
5084 19 0.00
5195 20 0.00
4930 19 0.00
4992 19 0.00
4846 18 0.00
4999 19 0.00
4989 19 0.00
5048 19 0.00
5098 19 0.00
4976 19 0.00
5114 19 0.00
5177 20 0.00
5202 20 0.00
5059 19 0.00
4895 19 0.00
5031 19 0.00
5112 19 0.00
4926 19 0.00
4947 19 0.00
4951 19 0.00
5223 20 0.00
5034 19 0.00
5205 20 0.00
5059 19 0.00
4923 19 0.00
5066 19 0.00
4961 19 0.00
5020 19 0.00
4985 19 0.00
5275 20 0.00
4948 19 0.00
4944 19 0.00
4986 19 0.00
5255 20 0.00
5035 19 0.00
5031 19 0.00
4888 19 0.00
5076 19 0.00
5083 19 0.00
5024 19 0.00
5181 20 0.00
5129 20 0.00
5010 19 0.00
4933 19 0.00
4874 19 0.00
5069 19 0.00
4912 19 0.00
5432 21 0.00
5034 19 0.00
4983 19 0.00
4947 19 0.00
5090 19 0.00
5248 20 0.00
4878 19 0.00
5108 19 0.00
5143 20 0.00
5206 20 0.00
5007 19 0.00
5157 20 0.00
5206 20 0.00
5045 19 0.00
5132 20 0.00
5013 19 0.00
4983 19 0.00
5024 19 0.00
4941 19 0.00
4961 19 0.00
4832 18 0.00
5014 19 0.00
4765 18 0.00
5125 20 0.00
4962 19 0.00
4950 19 0.00
4944 19 0.00
5076 19 0.00
5013 19 0.00
5021 19 0.00
5048 19 0.00
5303 20 0.00
4954 19 0.00
5108 19 0.00
5167 20 0.00
4962 19 0.00
4821 18 0.00
5147 20 0.00
5024 19 0.00
5059 19 0.00
4905 19 0.00
5307 20 0.00
4972 19 0.00
5000 19 0.00
5154 20 0.00
4968 19 0.00
5195 20 0.00
5021 19 0.00
5007 19 0.00
4968 19 0.00
5108 19 0.00
5132 20 0.00
4999 19 0.00
5121 20 0.00
4920 19 0.00
4898 19 0.00
18763616 73295 5.36
6326 24 0.00
4916 19 0.00
5007 19 0.00
5147 20 0.00
4972 19 0.00
4905 19 0.00
4902 19 0.00
4958 19 0.00
5132 20 0.00
4926 19 0.00
4958 19 0.00
5125 20 0.00
4696 18 0.00
5090 19 0.00
5041 19 0.00
4972 19 0.00
5237 20 0.00
5031 19 0.00
5041 19 0.00
5174 20 0.00
5073 19 0.00
5046 19 0.00
5000 19 0.00
5017 19 0.00
5006 19 0.00
5007 19 0.00
5094 19 0.00
5244 20 0.00
4721 18 0.00
4905 19 0.00
4776 18 0.00
4906 19 0.00
5178 20 0.00
4874 19 0.00
4891 19 0.00
4839 18 0.00
4770 18 0.00
4982 19 0.00
5006 19 0.00
4926 19 0.00
5017 19 0.00
5069 19 0.00
4943 19 0.00
5146 20 0.00
4997 19 0.00
4989 19 0.00
5010 19 0.00
5178 20 0.00
4989 19 0.00
5087 19 0.00
4940 19 0.00
4972 19 0.00
4982 19 0.00
5070 19 0.00
4920 19 0.00
4860 18 0.00
4947 19 0.00
4930 19 0.00
4940 19 0.00
5010 19 0.00
4986 19 0.00
4891 19 0.00
5139 20 0.00
4895 19 0.00
4993 19 0.00
4934 19 0.00
5094 19 0.00
4916 19 0.00
5063 19 0.00
4905 19 0.00
4975 19 0.00
5178 20 0.00
4944 19 0.00
5153 20 0.00
5080 19 0.00
4881 19 0.00
5114 19 0.00
4905 19 0.00
4982 19 0.00
4874 19 0.00
5111 19 0.00
4742 18 0.00
4888 19 0.00
4878 19 0.00
4881 19 0.00
4926 19 0.00
4839 18 0.00
5307 20 0.00
5052 19 0.00
4887 19 0.00
5345 20 0.00
5035 19 0.00
4947 19 0.00
4877 19 0.00
4891 19 0.00
4961 19 0.00
5038 19 0.00
4940 19 0.00
4940 19 0.00
5093 19 0.00
5087 19 0.00
5010 19 0.00
4934 19 0.00
4996 19 0.00
4752 18 0.00
4944 19 0.00
5118 19 0.00
5017 19 0.00
4975 19 0.00
5017 19 0.00
4937 19 0.00
5080 19 0.00
4979 19 0.00
4975 19 0.00
4860 18 0.00
5017 19 0.00
5000 19 0.00
4922 19 0.00
5014 19 0.00
4888 19 0.00
5031 19 0.00
4968 19 0.00
5226 20 0.00
4968 19 0.00
4979 19 0.00
5161 20 0.00
4724 18 0.00
4919 19 0.00
5258 20 0.00
4783 18 0.00
4902 19 0.00
5000 19 0.00
4920 19 0.00
5021 19 0.00
4898 19 0.00
4923 19 0.00
5049 19 0.00
5324 20 0.00
5163 20 0.00
5000 19 0.00
5258 20 0.00
4975 19 0.00
5108 19 0.00
4919 19 0.00
5199 20 0.00
5056 19 0.00
4982 19 0.00
5135 20 0.00
5317 20 0.00
5104 19 0.00
4982 19 0.00
4866 19 0.00
5059 19 0.00
5076 19 0.00
5027 19 0.00
4853 18 0.00
4979 19 0.00
5062 19 0.00
5317 20 0.00
4975 19 0.00
4885 19 0.00
4996 19 0.00
5230 20 0.00
5132 20 0.00
5160 20 0.00
4860 18 0.00
5024 19 0.00
5031 19 0.00
5063 19 0.00
4818 18 0.00
4717 18 0.00
4950 19 0.00
5101 19 0.00
5017 19 0.00
4948 19 0.00
5024 19 0.00
5147 20 0.00
5094 19 0.00
4811 18 0.00
5028 19 0.00
4999 19 0.00
4873 19 0.00
5035 19 0.00
5013 19 0.00
5122 20 0.00
4898 19 0.00
4895 19 0.00
5195 20 0.00
4944 19 0.00
5024 19 0.00
5077 19 0.00
5160 20 0.00
4996 19 0.00
4940 19 0.00
4919 19 0.00
5122 20 0.00
5387 21 0.00
4664 18 0.00
4954 19 0.00
4933 19 0.00
4885 19 0.00
5119 19 0.00
4790 18 0.00
5073 19 0.00
5000 19 0.00
5010 19 0.00
4965 19 0.00
5045 19 0.00
4986 19 0.00
5115 19 0.00
4962 19 0.00
4947 19 0.00
4933 19 0.00
5080 19 0.00
4993 19 0.00
4958 19 0.00
5248 20 0.00
5100 19 0.00
4955 19 0.00
4894 19 0.00
5073 19 0.00
4937 19 0.00
4846 18 0.00
4926 19 0.00
4867 19 0.00
5010 19 0.00
5094 19 0.00
5017 19 0.00
5307 20 0.00
5150 20 0.00
10052 39 0.00
5171 20 0.00
4927 19 0.00
4944 19 0.00
5056 19 0.00
5063 19 0.00
5097 19 0.00
5170 20 0.00
4979 19 0.00
5024 19 0.00
5464 21 0.00
4979 19 0.00
56382 220 0.02
4860 18 0.00
5111 19 0.00
4944 19 0.00
4891 19 0.00
4912 19 0.00
4937 19 0.00
5125 20 0.00
4954 19 0.00
5122 20 0.00
4985 19 0.00
4947 19 0.00
4954 19 0.00
5080 19 0.00
4972 19 0.00
4958 19 0.00
5170 20 0.00
4864 19 0.00
4961 19 0.00
4885 19 0.00
5526 21 0.00
4913 19 0.00
5066 19 0.00
5077 19 0.00
5076 19 0.00
5027 19 0.00
4944 19 0.00
4941 19 0.00
5569 21 0.00
5129 20 0.00
4971 19 0.00
5024 19 0.00
5045 19 0.00
4780 18 0.00
5108 19 0.00
4909 19 0.00
5390 21 0.00
