18444 24 0.01
18441 24 0.01
18556 24 0.01
18368 23 0.01
18452 24 0.01
18479 24 0.01
18361 23 0.01
18661 24 0.01
18277 23 0.01
18123 23 0.01
18361 23 0.01
18368 23 0.01
18578 24 0.01
18487 24 0.01
18651 24 0.01
18215 23 0.01
18351 23 0.01
18459 24 0.01
18515 24 0.01
18320 23 0.01
18372 23 0.01
18406 23 0.01
18322 23 0.01
18469 24 0.01
18500 24 0.01
18435 24 0.01
18158 23 0.01
18298 23 0.01
18602 24 0.01
18542 24 0.01
18466 24 0.01
18385 23 0.01
18479 24 0.01
18490 24 0.01
18343 23 0.01
18200 23 0.01
18442 24 0.01
18379 23 0.01
18316 23 0.01
18438 24 0.01
18465 24 0.01
18354 23 0.01
18323 23 0.01
18616 24 0.01
18431 23 0.01
18253 23 0.01
18480 24 0.01
18500 24 0.01
18577 24 0.01
18260 23 0.01
18214 23 0.01
18267 23 0.01
18434 24 0.01
18470 24 0.01
18665 24 0.01
18378 23 0.01
18354 23 0.01
18469 24 0.01
18578 24 0.01
18285 23 0.01
18375 23 0.01
18459 24 0.01
18570 24 0.01
18473 24 0.01
18357 23 0.01
18379 23 0.01
18306 23 0.01
18497 24 0.01
18438 24 0.01
18431 23 0.01
18486 24 0.01
18421 23 0.01
18351 23 0.01
18441 24 0.01
18365 23 0.01
18313 23 0.01
18438 24 0.01
18466 24 0.01
18437 24 0.01
18340 23 0.01
18354 23 0.01
18427 23 0.01
18553 24 0.01
18514 24 0.01
18410 23 0.01
18382 23 0.01
18389 23 0.01
18372 23 0.01
18399 23 0.01
18305 23 0.01
18400 23 0.01
18546 24 0.01
18326 23 0.01
18169 23 0.01
18546 24 0.01
18550 24 0.01
18441 24 0.01
18550 24 0.01
18396 23 0.01
18368 23 0.01
18776 24 0.01
18364 23 0.01
18364 23 0.01
18264 23 0.01
18470 24 0.01
18309 23 0.01
18466 24 0.01
18445 24 0.01
18368 23 0.01
18494 24 0.01
18434 24 0.01
18480 24 0.01
18413 23 0.01
18462 24 0.01
18536 24 0.01
18525 24 0.01
18493 24 0.01
18455 24 0.01
18187 23 0.01
18361 23 0.01
18438 24 0.01
18333 23 0.01
18396 23 0.01
18525 24 0.01
18406 23 0.01
18148 23 0.01
18340 23 0.01
18455 24 0.01
18221 23 0.01
18470 24 0.01
18438 24 0.01
18532 24 0.01
18428 23 0.01
18594 24 0.01
18347 23 0.01
18479 24 0.01
18358 23 0.01
18595 24 0.01
18308 23 0.01
18508 24 0.01
18526 24 0.01
18497 24 0.01
18350 23 0.01
18466 24 0.01
18487 24 0.01
18333 23 0.01
18424 23 0.01
18616 24 0.01
18567 24 0.01
18347 23 0.01
18099 23 0.01
18539 24 0.01
18494 24 0.01
18644 24 0.01
18396 23 0.01
18560 24 0.01
18437 24 0.01
18441 24 0.01
18305 23 0.01
18406 23 0.01
18169 23 0.01
18207 23 0.01
18630 24 0.01
18358 23 0.01
18382 23 0.01
18407 23 0.01
18218 23 0.01
18151 23 0.01
18444 24 0.01
18336 23 0.01
18323 23 0.01
18113 23 0.01
18093 23 0.01
18595 24 0.01
18518 24 0.01
18452 24 0.01
18435 24 0.01
18410 23 0.01
18407 23 0.01
18312 23 0.01
18463 24 0.01
18459 24 0.01
18473 24 0.01
18137 23 0.01
18351 23 0.01
18458 24 0.01
18392 23 0.01
18231 23 0.01
18368 23 0.01
18399 23 0.01
18462 24 0.01
18466 24 0.01
18322 23 0.01
18403 23 0.01
18452 24 0.01
18462 24 0.01
18473 24 0.01
18487 24 0.01
18438 24 0.01
18329 23 0.01
18459 24 0.01
18393 23 0.01
18386 23 0.01
18371 23 0.01
18378 23 0.01
18396 23 0.01
18456 24 0.01
18243 23 0.01
18361 23 0.01
18368 23 0.01
18462 24 0.01
18180 23 0.01
18473 24 0.01
18369 23 0.01
18354 23 0.01
18358 23 0.01
18372 23 0.01
18455 24 0.01
18145 23 0.01
18560 24 0.01
18456 24 0.01
18392 23 0.01
18584 24 0.01
18539 24 0.01
18403 23 0.01
18584 24 0.01
18518 24 0.01
18441 24 0.01
18229 23 0.01
18399 23 0.01
18515 24 0.01
18462 24 0.01
18106 23 0.01
18529 24 0.01
18424 23 0.01
18396 23 0.01
18417 23 0.01
18452 24 0.01
18319 23 0.01
18392 23 0.01
18420 23 0.01
18379 23 0.01
18542 24 0.01
18386 23 0.01
18480 24 0.01
18504 24 0.01
18322 23 0.01
18480 24 0.01
18298 23 0.01
18599 24 0.01
18647 24 0.01
18629 24 0.01
18291 23 0.01
18385 23 0.01
18420 23 0.01
18518 24 0.01
18469 24 0.01
18550 24 0.01
18504 24 0.01
18428 23 0.01
18682 24 0.01
18123 23 0.01
18337 23 0.01
18459 24 0.01
18396 23 0.01
18231 23 0.01
18242 23 0.01
18588 24 0.01
18507 24 0.01
18410 23 0.01
18348 23 0.01
18477 24 0.01
18413 23 0.01
18609 24 0.01
18640 24 0.01
18647 24 0.01
18640 24 0.01
18393 23 0.01
18127 23 0.01
18368 23 0.01
18351 23 0.01
18466 24 0.01
18340 23 0.01
18116 23 0.01
18420 23 0.01
18379 23 0.01
18406 23 0.01
18368 23 0.01
18445 24 0.01
18291 23 0.01
18560 24 0.01
18423 23 0.01
18525 24 0.01
18287 23 0.01
18316 23 0.01
18343 23 0.01
18375 23 0.01
18330 23 0.01
18403 23 0.01
18452 24 0.01
18386 23 0.01
18585 24 0.01
18501 24 0.01
18403 23 0.01
18250 23 0.01
18326 23 0.01
18487 24 0.01
18428 23 0.01
18420 23 0.01
18410 23 0.01
18647 24 0.01
18316 23 0.01
18378 23 0.01
18351 23 0.01
18319 23 0.01
18491 24 0.01
18430 23 0.01
18368 23 0.01
18385 23 0.01
18448 24 0.01
18434 24 0.01
18463 24 0.01
18431 23 0.01
18456 24 0.01
18470 24 0.01
18316 23 0.01
18424 23 0.01
18402 23 0.01
18466 24 0.01
18463 24 0.01
18606 24 0.01
18417 23 0.01
18424 23 0.01
18491 24 0.01
18452 24 0.01
18651 24 0.01
18431 23 0.01
18508 24 0.01
18512 24 0.01
18592 24 0.01
18340 23 0.01
18271 23 0.01
19098 24 0.01
18679 24 0.01
18416 23 0.01
18630 24 0.01
18487 24 0.01
18403 23 0.01
18323 23 0.01
18413 23 0.01
18529 24 0.01
18403 23 0.01
18462 24 0.01
18403 23 0.01
18525 24 0.01
18403 23 0.01
18306 23 0.01
18329 23 0.01
18379 23 0.01
18050 23 0.01
18295 23 0.01
18508 24 0.01
18574 24 0.01
18378 23 0.01
18533 24 0.01
18375 23 0.01
18368 23 0.01
18469 24 0.01
18494 24 0.01
18542 24 0.01
18333 23 0.01
18567 24 0.01
18368 23 0.01
18403 23 0.01
18396 23 0.01
18078 23 0.01
18221 23 0.01
18448 24 0.01
18445 24 0.01
18518 24 0.01
18403 23 0.01
18466 24 0.01
18340 23 0.01
18361 23 0.01
18438 24 0.01
18193 23 0.01
18420 23 0.01
18508 24 0.01
18410 23 0.01
18451 24 0.01
18357 23 0.01
18518 24 0.01
18305 23 0.01
18320 23 0.01
18036 23 0.01
18260 23 0.01
18473 24 0.01
18340 23 0.01
18413 23 0.01
18382 23 0.01
18312 23 0.01
18413 23 0.01
18420 23 0.01
18480 24 0.01
18498 24 0.01
18375 23 0.01
18337 23 0.01
18532 24 0.01
18322 23 0.01
18235 23 0.01
18410 23 0.01
18441 24 0.01
18449 24 0.01
18822 24 0.01
18553 24 0.01
18302 23 0.01
18459 24 0.01
18613 24 0.01
18382 23 0.01
18449 24 0.01
18442 24 0.01
18456 24 0.01
18557 24 0.01
18378 23 0.01
18967658 24697 5.42
18382 23 0.01
18462 24 0.01
18319 23 0.01
18445 24 0.01
18375 23 0.01
18386 23 0.01
18505 24 0.01
18427 23 0.01
18372 23 0.01
18504 24 0.01
18487 24 0.01
18263 23 0.01
18490 24 0.01
18424 23 0.01
18347 23 0.01
18421 23 0.01
18354 23 0.01
18574 24 0.01
18514 24 0.01
18330 23 0.01
18375 23 0.01
18518 24 0.01
18361 23 0.01
18721 24 0.01
18396 23 0.01
18323 23 0.01
18246 23 0.01
18451 24 0.01
18299 23 0.01
18417 23 0.01
18298 23 0.01
18040 23 0.01
18452 24 0.01
18483 24 0.01
18525 24 0.01
18494 24 0.01
18567 24 0.01
18323 23 0.01
18183 23 0.01
18424 23 0.01
18068 23 0.01
18256 23 0.01
18313 23 0.01
18414 23 0.01
18375 23 0.01
18518 24 0.01
18571 24 0.01
18452 24 0.01
18036 23 0.01
18490 24 0.01
18459 24 0.01
18207 23 0.01
18249 23 0.01
18577 24 0.01
18442 24 0.01
18406 23 0.01
18532 24 0.01
18413 23 0.01
18577 24 0.01
18724 24 0.01
18616 24 0.01
18445 24 0.01
67722 88 0.02
18400 23 0.01
18263 23 0.01
18435 24 0.01
18309 23 0.01
18326 23 0.01
18162 23 0.01
18413 23 0.01
18455 24 0.01
18459 24 0.01
18389 23 0.01
18403 23 0.01
18455 24 0.01
18250 23 0.01
18452 24 0.01
18449 24 0.01
18553 24 0.01
18546 24 0.01
18347 23 0.01
18406 23 0.01
18529 24 0.01
18337 23 0.01
18403 23 0.01
18305 23 0.01
18469 24 0.01
18494 24 0.01
18364 23 0.01
18553 24 0.01
18703 24 0.01
18472 24 0.01
18365 23 0.01
18448 24 0.01
18218 23 0.01
18372 23 0.01
18371 23 0.01
18396 23 0.01
18448 24 0.01
18641 24 0.01
18368 23 0.01
18441 24 0.01
18581 24 0.01
18368 23 0.01
18497 24 0.01
18400 23 0.01
18469 24 0.01
18410 23 0.01
18438 24 0.01
18417 23 0.01
18424 23 0.01
18386 23 0.01
18420 23 0.01
18543 24 0.01
18378 23 0.01
18340 23 0.01
18350 23 0.01
18442 24 0.01
18364 23 0.01
18445 24 0.01
18546 24 0.01
18302 23 0.01
18323 23 0.01
18529 24 0.01
18571 24 0.01
18400 23 0.01
18515 24 0.01
18336 23 0.01
18392 23 0.01
18449 24 0.01
18361 23 0.01
18340 23 0.01
18280 23 0.01
18574 24 0.01
18487 24 0.01
18169 23 0.01
18466 24 0.01
18693 24 0.01
18284 23 0.01
18602 24 0.01
18228 23 0.01
18679 24 0.01
18396 23 0.01
18581 24 0.01
18452 24 0.01
18196 23 0.01
18400 23 0.01
18348 23 0.01
18452 24 0.01
18392 23 0.01
18441 24 0.01
18556 24 0.01
18588 24 0.01
18563 24 0.01
18546 24 0.01
18539 24 0.01
18364 23 0.01
18511 24 0.01
18469 24 0.01
18465 24 0.01
18480 24 0.01
18330 23 0.01
18484 24 0.01
18536 24 0.01
18420 23 0.01
18357 23 0.01
18400 23 0.01
18410 23 0.01
18420 23 0.01
18427 23 0.01
18497 24 0.01
18507 24 0.01
18403 23 0.01
18540 24 0.01
18270 23 0.01
18605 24 0.01
18396 23 0.01
18336 23 0.01
18455 24 0.01
18469 24 0.01
18634 24 0.01
18508 24 0.01
18386 23 0.01
18407 23 0.01
18291 23 0.01
18619 24 0.01
18288 23 0.01
18480 24 0.01
18494 24 0.01
18417 23 0.01
18438 24 0.01
18393 23 0.01
18790 24 0.01
18532 24 0.01
18385 23 0.01
18525 24 0.01
18141 23 0.01
18676 24 0.01
18564 24 0.01
18459 24 0.01
18550 24 0.01
18507 24 0.01
18424 23 0.01
18633 24 0.01
18280 23 0.01
18442 24 0.01
18159 23 0.01
18473 24 0.01
18497 24 0.01
18498 24 0.01
18264 23 0.01
18438 24 0.01
18528 24 0.01
18393 23 0.01
18480 24 0.01
18358 23 0.01
18550 24 0.01
18658 24 0.01
18445 24 0.01
18368 23 0.01
18518 24 0.01
18155 23 0.01
18099 23 0.01
18239 23 0.01
18145 23 0.01
18459 24 0.01
18557 24 0.01
18479 24 0.01
18480 24 0.01
18372 23 0.01
18358 23 0.01
18375 23 0.01
18497 24 0.01
18455 24 0.01
18420 23 0.01
18406 23 0.01
18514 24 0.01
18197 23 0.01
18368 23 0.01
18166 23 0.01
18438 24 0.01
18476 24 0.01
18682 24 0.01
18494 24 0.01
18484 24 0.01
18630 24 0.01
18382 23 0.01
18574 24 0.01
18431 23 0.01
18570 24 0.01
18634 24 0.01
18330 23 0.01
18155 23 0.01
18512 24 0.01
18253 23 0.01
18375 23 0.01
18326 23 0.01
18542 24 0.01
18549 24 0.01
18494 24 0.01
18354 23 0.01
18448 24 0.01
18315 23 0.01
18431 23 0.01
18452 24 0.01
18064 23 0.01
18130 23 0.01
18403 23 0.01
18375 23 0.01
18399 23 0.01
18746 24 0.01
18284 23 0.01
18448 24 0.01
18430 23 0.01
18507 24 0.01
18364 23 0.01
18455 24 0.01
18441 24 0.01
18494 24 0.01
18529 24 0.01
18361 23 0.01
18570 24 0.01
18487 24 0.01
18452 24 0.01
18284 23 0.01
18385 23 0.01
18463 24 0.01
18385 23 0.01
18389 23 0.01
18393 23 0.01
18606 24 0.01
18445 24 0.01
18309 23 0.01
18504 24 0.01
18605 24 0.01
18546 24 0.01
18431 23 0.01
18385 23 0.01
18330 23 0.01
18434 24 0.01
18330 23 0.01
18441 24 0.01
18438 24 0.01
18797 24 0.01
18316 23 0.01
18305 23 0.01
18347 23 0.01
18337 23 0.01
18465 24 0.01
18413 23 0.01
18438 24 0.01
18110 23 0.01
18490 24 0.01
18361 23 0.01
18480 24 0.01
18832 24 0.01
18054 23 0.01
18518 24 0.01
18543 24 0.01
18371 23 0.01
18361 23 0.01
18288 23 0.01
18340 23 0.01
18532 24 0.01
18298 23 0.01
18365 23 0.01
18204 23 0.01
18406 23 0.01
18585 24 0.01
18427 23 0.01
18337 23 0.01
18448 24 0.01
18343 23 0.01
18504 24 0.01
18127 23 0.01
18445 24 0.01
18368 23 0.01
18508 24 0.01
18428 23 0.01
18410 23 0.01
18435 24 0.01
18522 24 0.01
18291 23 0.01
18442 24 0.01
18326 23 0.01
18501 24 0.01
18483 24 0.01
18368 23 0.01
18445 24 0.01
18486 24 0.01
18452 24 0.01
18540 24 0.01
18476 24 0.01
18885 24 0.01
18260 23 0.01
18518 24 0.01
18365 23 0.01
18354 23 0.01
18449 24 0.01
18316 23 0.01
18361 23 0.01
18385 23 0.01
18292 23 0.01
18246 23 0.01
18480 24 0.01
18291 23 0.01
18448 24 0.01
18333 23 0.01
18371 23 0.01
18773 24 0.01
18368 23 0.01
22349 29 0.01
18361 23 0.01
18435 24 0.01
18208 23 0.01
18469 24 0.01
18312 23 0.01
18382 23 0.01
18410 23 0.01
18406 23 0.01
23385 30 0.01
18456 24 0.01
18392 23 0.01
18494 24 0.01
18382 23 0.01
18490 24 0.01
18574 24 0.01
18235 23 0.01
18361 23 0.01
18756 24 0.01
18469 24 0.01
18267 23 0.01
18344 23 0.01
18082 23 0.01
18473 24 0.01
18473 24 0.01
18616 24 0.01
18438 24 0.01
18211 23 0.01
18375 23 0.01
18497 24 0.01
18417 23 0.01
18647 24 0.01
18284 23 0.01
18354 23 0.01
18654 24 0.01
18277 23 0.01
18606 24 0.01
18595 24 0.01
18466 24 0.01
18117 23 0.01
18413 23 0.01
18507 24 0.01
18441 24 0.01
18494 24 0.01
18288 23 0.01
18620 24 0.01
18491 24 0.01
18410 23 0.01
18696 24 0.01
18522 24 0.01
18232 23 0.01
18507 24 0.01
18424 23 0.01
18557 24 0.01
18609 24 0.01
18424 23 0.01
18515 24 0.01
18403 23 0.01
19011 24 0.01
18040 23 0.01
18372 23 0.01
18463 24 0.01
18556 24 0.01
18120 23 0.01
18529 24 0.01
18479 24 0.01
18148 23 0.01
18421 23 0.01
18571 24 0.01
18515 24 0.01
18379 23 0.01
18389 23 0.01
18421 23 0.01
18400 23 0.01
18574 24 0.01
18409 23 0.01
18504 24 0.01
18476 24 0.01
18130 23 0.01
18399 23 0.01
18567 24 0.01
18396 23 0.01
18445 24 0.01
18514 24 0.01
18449 24 0.01
63316 82 0.02
18456 24 0.01
18312 23 0.01
18431 23 0.01
18672 24 0.01
18501 24 0.01
18340 23 0.01
18277 23 0.01
18512 24 0.01
18473 24 0.01
18389 23 0.01
18358 23 0.01
18731 24 0.01
18382 23 0.01
18351 23 0.01
18497 24 0.01
18400 23 0.01
18368 23 0.01
18470 24 0.01
18358 23 0.01
18414 23 0.01
18602 24 0.01
18445 24 0.01
18431 23 0.01
18375 23 0.01
18158 23 0.01
18491 24 0.01
18575 24 0.01
18437 24 0.01
18578 24 0.01
18148 23 0.01
18396 23 0.01
18361 23 0.01
18494 24 0.01
18316 23 0.01
18479 24 0.01
18529 24 0.01
18539 24 0.01
18445 24 0.01
69181 90 0.02
18410 23 0.01
18494 24 0.01
18466 24 0.01
18274 23 0.01
18288 23 0.01
18511 24 0.01
18347 23 0.01
18605 24 0.01
18487 24 0.01
18218 23 0.01
18344 23 0.01
18497 24 0.01
18350 23 0.01
18535 24 0.01
18378 23 0.01
18512 24 0.01
18560 24 0.01
18557 24 0.01
18522 24 0.01
18490 24 0.01
18536 24 0.01
18232 23 0.01
18392 23 0.01
18417 23 0.01
18403 23 0.01
18442 24 0.01
18246 23 0.01
18327 23 0.01
18305 23 0.01
62411 81 0.02
18372 23 0.01
18396 23 0.01
18592 24 0.01
18497 24 0.01
18483 24 0.01
18585 24 0.01
18462 24 0.01
18455 24 0.01
18528 24 0.01
18528 24 0.01
18550 24 0.01
18399 23 0.01
18497 24 0.01
18410 23 0.01
18442 24 0.01
18368 23 0.01
18176 23 0.01
18479 24 0.01
18662 24 0.01
18452 24 0.01
18305 23 0.01
18424 23 0.01
18455 24 0.01
18438 24 0.01
18371 23 0.01
18361 23 0.01
18267 23 0.01
18428 23 0.01
18529 24 0.01
18309 23 0.01
18672 24 0.01
18463 24 0.01
18403 23 0.01
18368 23 0.01
57628 75 0.02
18386 23 0.01
18535 24 0.01
18428 23 0.01
18504 24 0.01
18567 24 0.01
18340 23 0.01
18371 23 0.01
18378 23 0.01
18396 23 0.01
18494 24 0.01
22997 29 0.01
18441 24 0.01
18643 24 0.01
18525 24 0.01
