29559981 225 8.45
30869781 235 8.82
10335105 78 2.95
30337394 231 8.67
9355452 71 2.67
31465668 240 8.99
9448049 72 2.70
30465488 232 8.70
27893306 212 7.97
31643601 241 9.04
33834515 258 9.67
28539915 217 8.15
29766850 227 8.50
27856859 212 7.96
28744386 219 8.21
29899205 228 8.54
10116061 77 2.89
30524126 232 8.72
9880066 75 2.82
28639681 218 8.18
9819547 74 2.81
28440080 216 8.13
9420475 71 2.69
28820110 219 8.23
30731052 234 8.78
29510505 225 8.43
29767916 227 8.51
30744437 234 8.78
29209913 222 8.35
30282685 231 8.65
31692945 241 9.06
29695673 226 8.48
31139761 237 8.90
30311914 231 8.66
10467201 79 2.99
31055824 236 8.87
9532631 72 2.72
31751698 242 9.07
29980801 228 8.57
31112846 237 8.89
31373290 239 8.96
30772767 234 8.79
29841318 227 8.53
9869546 75 2.82
31531811 240 9.01
10013544 76 2.86
30638450 233 8.75
9870109 75 2.82
29496951 225 8.43
9623682 73 2.75
30536395 232 8.72
9590609 73 2.74
31390660 239 8.97
9833034 75 2.81
29064438 221 8.30
29461427 224 8.42
31001342 236 8.86
9813077 74 2.80
30623427 233 8.75
9663465 73 2.76
31240958 238 8.93
9595454 73 2.74
31341249 239 8.95
9657014 73 2.76
30450109 232 8.70
8971329 68 2.56
29274217 223 8.36
30518418 232 8.72
31853767 243 9.10
30017680 229 8.58
9546638 72 2.73
30991224 236 8.85
28994294 221 8.28
9611647 73 2.75
30942879 236 8.84
9731076 74 2.78
29807651 227 8.52
29941108 228 8.55
9594099 73 2.74
28619487 218 8.18
9796326 74 2.80
30269292 230 8.65
9342355 71 2.67
30913555 235 8.83
30366921 231 8.68
30372064 231 8.68
31134282 237 8.90
29674341 226 8.48
30400982 231 8.69
33401586 254 9.54
30713228 234 8.78
9981927 76 2.85
30447208 232 8.70
9567994 72 2.73
27910392 212 7.97
9142375 69 2.61
30205194 230 8.63
9129921 69 2.61
27791036 212 7.94
9684295 73 2.77
31631144 241 9.04
9261583 70 2.65
31109385 237 8.89
29882320 227 8.54
9635504 73 2.75
29902127 228 8.54
9820343 74 2.81
29105668 222 8.32
9653463 73 2.76
10384916 79 2.97
9101710 69 2.60
30049088 229 8.59
9399516 71 2.69
30257851 230 8.65
29801140 227 8.51
31390792 239 8.97
28072942 214 8.02
32293985 246 9.23
29734594 226 8.50
10299249 78 2.94
29643354 226 8.47
30830684 235 8.81
9460932 72 2.70
30503719 232 8.72
9396835 71 2.68
30045003 229 8.58
9831941 75 2.81
30687078 234 8.77
9044267 69 2.58
30736421 234 8.78
29748099 226 8.50
9829909 74 2.81
10013694 76 2.86
28208586 215 8.06
9665687 73 2.76
30633782 233 8.75
9722739 74 2.78
30669192 233 8.76
9569377 73 2.73
30746501 234 8.78
30519371 232 8.72
28301470 215 8.09
29462502 224 8.42
31417742 239 8.98
30236428 230 8.64
10235873 78 2.92
28188479 215 8.05
9899352 75 2.83
32398520 247 9.26
9939021 75 2.84
31069542 237 8.88
9556763 72 2.73
30237210 230 8.64
9765801 74 2.79
30636212 233 8.75
9442795 72 2.70
30963698 236 8.85
9398169 71 2.69
30739725 234 8.78
31149382 237 8.90
31704172 241 9.06
30496876 232 8.71
9985145 76 2.85
30097319 229 8.60
9086317 69 2.60
30183837 230 8.62
9721715 74 2.78
33096948 252 9.46
30965793 236 8.85
30268783 230 8.65
29499458 225 8.43
28737076 219 8.21
29226934 222 8.35
28983006 221 8.28
9788198 74 2.80
29142764 222 8.33
9683102 73 2.77
30372053 231 8.68
29978350 228 8.57
30044938 229 8.58
29420187 224 8.41
28658890 218 8.19
29775394 227 8.51
9982077 76 2.85
29954285 228 8.56
9674823 73 2.76
30600482 233 8.74
9892580 75 2.83
30263196 230 8.65
29232659 223 8.35
9103159 69 2.60
29456518 224 8.42
9725647 74 2.78
30982963 236 8.85
9576951 73 2.74
31044652 236 8.87
9396681 71 2.68
31652515 241 9.04
9847167 75 2.81
30013749 228 8.58
28945027 220 8.27
9710736 74 2.77
30928579 235 8.84
9717994 74 2.78
30238686 230 8.64
29376081 224 8.39
29612226 225 8.46
30033077 229 8.58
10340301 78 2.95
30424818 232 8.69
9716524 74 2.78
28623079 218 8.18
9063515 69 2.59
29454790 224 8.42
30697699 234 8.77
9609605 73 2.75
30361935 231 8.67
9103969 69 2.60
30297736 231 8.66
9471756 72 2.71
28118166 214 8.03
30246057 230 8.64
30701742 234 8.77
30387625 231 8.68
9273080 70 2.65
30011399 228 8.57
9991347 76 2.85
30833121 235 8.81
9890016 75 2.83
31779586 242 9.08
9619999 73 2.75
30167002 230 8.62
30365953 231 8.68
10204078 77 2.92
30716566 234 8.78
9728112 74 2.78
28190259 215 8.05
9794064 74 2.80
28785232 219 8.22
9719254 74 2.78
30400337 231 8.69
9624423 73 2.75
30649854 233 8.76
30778332 234 8.79
31949542 243 9.13
30914976 235 8.83
9834787 75 2.81
30591013 233 8.74
9756025 74 2.79
29103263 222 8.32
31325759 238 8.95
28488232 217 8.14
29575999 225 8.45
28955418 220 8.27
31183441 237 8.91
9779767 74 2.79
30892694 235 8.83
30208891 230 8.63
30532425 232 8.72
28088958 214 8.03
9916226 75 2.83
28855324 220 8.24
31112538 237 8.89
32005857 244 9.14
31042236 236 8.87
9490085 72 2.71
30477408 232 8.71
29974559 228 8.56
27943969 213 7.98
29336831 223 8.38
9811154 74 2.80
29738672 226 8.50
9896591 75 2.83
28325835 216 8.09
9122781 69 2.61
32181947 245 9.19
10100398 77 2.89
29632252 226 8.47
9163559 69 2.62
30998340 236 8.86
30007357 228 8.57
31004086 236 8.86
30503803 232 8.72
9873559 75 2.82
31124873 237 8.89
9683325 73 2.77
32041498 244 9.15
27843432 212 7.96
31582087 240 9.02
28953972 220 8.27
9760749 74 2.79
28333119 216 8.10
9816991 74 2.80
27897935 212 7.97
9771387 74 2.79
30981315 236 8.85
9660317 73 2.76
32463093 247 9.28
30386570 231 8.68
29870209 227 8.53
30355758 231 8.67
10078326 76 2.88
30028186 229 8.58
9669534 73 2.76
31424079 239 8.98
29671816 226 8.48
31393857 239 8.97
30373562 231 8.68
10076468 76 2.88
31458144 240 8.99
28423300 216 8.12
31104564 237 8.89
29649887 226 8.47
31127216 237 8.89
30822417 235 8.81
33934968 258 9.70
31421478 239 8.98
9838090 75 2.81
29527267 225 8.44
30717711 234 8.78
31022824 236 8.86
29956072 228 8.56
9992830 76 2.86
30119656 229 8.61
9871983 75 2.82
29942941 228 8.56
9451572 72 2.70
31774450 242 9.08
32301914 246 9.23
30050160 229 8.59
30431494 232 8.69
31122192 237 8.89
29291523 223 8.37
9104838 69 2.60
27820486 212 7.95
10100375 77 2.89
28310959 215 8.09
9669436 73 2.76
30280901 231 8.65
8981845 68 2.57
30246539 230 8.64
33300599 254 9.51
9705159 74 2.77
31651230 241 9.04
9446733 72 2.70
30458310 232 8.70
29528730 225 8.44
10288293 78 2.94
28227540 215 8.07
8992465 68 2.57
29952591 228 8.56
29492060 225 8.43
9695719 73 2.77
30658508 233 8.76
9647465 73 2.76
28906385 220 8.26
30060509 229 8.59
31547470 240 9.01
30810211 235 8.80
30329571 231 8.67
30691641 234 8.77
9288505 70 2.65
28485907 217 8.14
9727463 74 2.78
31593469 241 9.03
9755275 74 2.79
31086154 237 8.88
30065725 229 8.59
27799339 212 7.94
28243723 215 8.07
31732596 242 9.07
31578086 240 9.02
10213731 77 2.92
30414382 232 8.69
9614692 73 2.75
30193093 230 8.63
9686230 73 2.77
27892938 212 7.97
29290577 223 8.37
31202514 238 8.92
30950961 236 8.84
9728310 74 2.78
31031368 236 8.87
9056784 69 2.59
32224943 245 9.21
30872714 235 8.82
10032289 76 2.87
31345670 239 8.96
9114070 69 2.60
31601433 241 9.03
31571368 240 9.02
30559082 233 8.73
28514676 217 8.15
10049554 76 2.87
29184615 222 8.34
10012769 76 2.86
31579957 240 9.02
9797995 74 2.80
31488065 240 9.00
9402117 71 2.69
30031698 229 8.58
29989714 228 8.57
29744608 226 8.50
32090359 244 9.17
31030802 236 8.87
29069603 221 8.31
29472103 224 8.42
29867838 227 8.53
10157046 77 2.90
31643424 241 9.04
9611120 73 2.75
30314785 231 8.66
9726014 74 2.78
29835222 227 8.52
9492728 72 2.71
31025754 236 8.86
31509027 240 9.00
29280879 223 8.37
31107922 237 8.89
10343362 78 2.96
30637972 233 8.75
9612730 73 2.75
30640678 233 8.75
30683591 234 8.77
30237755 230 8.64
28978464 221 8.28
10352397 78 2.96
30140685 229 8.61
30271907 230 8.65
31469935 240 8.99
30507566 232 8.72
10080952 76 2.88
31726318 242 9.06
9040018 68 2.58
32284863 246 9.22
30083206 229 8.60
9740981 74 2.78
30588116 233 8.74
9425613 71 2.69
28184418 215 8.05
9229626 70 2.64
29275928 223 8.36
29793874 227 8.51
30433037 232 8.70
29560763 225 8.45
31363759 239 8.96
28461744 217 8.13
10026521 76 2.86
30469018 232 8.71
10207615 77 2.92
31160398 237 8.90
9580343 73 2.74
30720676 234 8.78
30421770 232 8.69
30365203 231 8.68
29567044 225 8.45
9686118 73 2.77
31312527 238 8.95
9717341 74 2.78
30147692 230 8.61
9357540 71 2.67
30371033 231 8.68
30600144 233 8.74
9729669 74 2.78
30850320 235 8.81
9884993 75 2.82
30482813 232 8.71
9638342 73 2.75
12966798 98 3.70
28732872 219 8.21
29585475 225 8.45
63432704 483 18.12
30152450 230 8.61
9785363 74 2.80
28136248 214 8.04
9709670 74 2.77
29888514 228 8.54
9713500 74 2.78
32395140 247 9.26
9176547 70 2.62
12178751 92 3.48
30075053 229 8.59
30092148 229 8.60
9694124 73 2.77
30086275 229 8.60
9709217 74 2.77
30630734 233 8.75
9849283 75 2.81
31270539 238 8.93
9992770 76 2.86
28695455 218 8.20
29884541 228 8.54
30871104 235 8.82
31558929 240 9.02
9699267 73 2.77
27955968 213 7.99
9504497 72 2.72
29384198 224 8.40
9839036 75 2.81
29650463 226 8.47
9925087 75 2.84
30011930 228 8.57
9364798 71 2.68
30768276 234 8.79
30793159 234 8.80
31364279 239 8.96
31098060 237 8.89
29562421 225 8.45
29640817 226 8.47
9923873 75 2.84
30358908 231 8.67
9779658 74 2.79
30525969 232 8.72
28531532 217 8.15
31598210 241 9.03
29140970 222 8.33
9847904 75 2.81
30107520 229 8.60
9765738 74 2.79
29824431 227 8.52
9567548 72 2.73
30879794 235 8.82
28032701 213 8.01
31319415 238 8.95
29984115 228 8.57
9737416 74 2.78
10718847 81 3.06
28043559 213 8.01
9714139 74 2.78
31961563 243 9.13
28375179 216 8.11
9731408 74 2.78
29050651 221 8.30
30503244 232 8.72
9509441 72 2.72
27841131 212 7.95
9356254 71 2.67
28701746 218 8.20
28237267 215 8.07
30442697 232 8.70
28583103 218 8.17
10217935 77 2.92
30752723 234 8.79
9954977 75 2.84
30617346 233 8.75
9739267 74 2.78
30342690 231 8.67
29919835 228 8.55
28652668 218 8.19
30340921 231 8.67
9034372 68 2.58
29888158 228 8.54
9809278 74 2.80
28820296 219 8.23
9868573 75 2.82
29352801 223 8.39
9004598 68 2.57
31134401 237 8.90
30924113 235 8.84
31380807 239 8.97
27995225 213 8.00
9036928 68 2.58
31261110 238 8.93
9344521 71 2.67
30137689 229 8.61
29332547 223 8.38
30347376 231 8.67
31206481 238 8.92
10077586 76 2.88
29699471 226 8.49
9454048 72 2.70
30334151 231 8.67
30164359 230 8.62
9151570 69 2.61
31523003 240 9.01
28960617 220 8.27
31683602 241 9.05
30260075 230 8.65
10101282 77 2.89
30495923 232 8.71
31745891 242 9.07
29833801 227 8.52
29781584 227 8.51
9116035 69 2.60
29814305 227 8.52
10200719 77 2.91
30140566 229 8.61
10017493 76 2.86
30266223 230 8.65
9381759 71 2.68
30183566 230 8.62
31293674 238 8.94
28776276 219 8.22
29380494 224 8.39
29730509 226 8.49
30624733 233 8.75
10302436 78 2.94
29686529 226 8.48
9459459 72 2.70
30826352 235 8.81
9499958 72 2.71
27902638 212 7.97
9825832 74 2.81
30178021 230 8.62
9352857 71 2.67
30636994 233 8.75
9084002 69 2.60
29672245 226 8.48
31569843 240 9.02
30680323 234 8.77
27850885 212 7.96
9853374 75 2.82
28081280 214 8.02
9781013 74 2.79
29446561 224 8.41
9762484 74 2.79
30005684 228 8.57
31515280 240 9.00
9734668 74 2.78
30753114 234 8.79
28022790 213 8.01
10053513 76 2.87
29617878 225 8.46
9682371 73 2.77
31568038 240 9.02
9793285 74 2.80
30510315 232 8.72
9419522 71 2.69
28773644 219 8.22
9339227 71 2.67
28397516 216 8.11
9324378 71 2.66
29618357 225 8.46
29545132 225 8.44
9822413 74 2.81
31273703 238 8.94
9651920 73 2.76
27767529 211 7.93
9716175 74 2.78
30194692 230 8.63
9948930 75 2.84
28502267 217 8.14
9821236 74 2.81
28625771 218 8.18
9385551 71 2.68
31846190 242 9.10
30168035 230 8.62
30669028 233 8.76
29484533 224 8.42
9064737 69 2.59
28179646 214 8.05
31565615 240 9.02
30434744 232 8.70
10143192 77 2.90
30485414 232 8.71
9796263 74 2.80
31513667 240 9.00
9279686 70 2.65
30101280 229 8.60
29798699 227 8.51
30124062 229 8.61
29069909 221 8.31
10068247 76 2.88
31153282 237 8.90
30566235 233 8.73
9668277 73 2.76
28669482 218 8.19
9544924 72 2.73
27511816 209 7.86
9093778 69 2.60
28089090 214 8.03
9747119 74 2.78
29105389 222 8.32
30972817 236 8.85
29092680 221 8.31
29827866 227 8.52
9127909 69 2.61
28661355 218 8.19
10116015 77 2.89
30724973 234 8.78
9500311 72 2.71
29340525 223 8.38
30083632 229 8.60
31522231 240 9.01
9069227 69 2.59
32377837 247 9.25
30136718 229 8.61
30214652 230 8.63
28333443 216 8.10
9124251 69 2.61
27732608 211 7.92
9977297 76 2.85
30194933 230 8.63
10006325 76 2.86
31153628 237 8.90
9680476 73 2.77
30261786 230 8.65
9817567 74 2.81
30375862 231 8.68
29793798 227 8.51
32175977 245 9.19
30371239 231 8.68
10078082 76 2.88
30056047 229 8.59
9120130 69 2.61
30821027 235 8.81
9093732 69 2.60
28461978 217 8.13
9711604 74 2.77
33911227 258 9.69
31108237 237 8.89
30329507 231 8.67
10282420 78 2.94
30060432 229 8.59
30932734 235 8.84
30510859 232 8.72
28875759 220 8.25
30466868 232 8.70
30052430 229 8.59
10176870 77 2.91
30013303 228 8.58
9849656 75 2.81
30746686 234 8.78
9754001 74 2.79
31488857 240 9.00
29994236 228 8.57
10200754 77 2.91
30520551 232 8.72
9699186 73 2.77
28625142 218 8.18
31314461 238 8.95
30319920 231 8.66
31146652 237 8.90
9484659 72 2.71
30900403 235 8.83
29194880 222 8.34
9228247 70 2.64
34635316 264 9.90
31494530 240 9.00
29371619 224 8.39
31886697 243 9.11
30423401 232 8.69
9951719 75 2.84
29754882 227 8.50
9925806 75 2.84
30223069 230 8.64
29489393 224 8.43
30963803 236 8.85
30138663 229 8.61
9887084 75 2.82
28388055 216 8.11
9885684 75 2.82
30553062 233 8.73
9479562 72 2.71
30338449 231 8.67
30302592 231 8.66
9665523 73 2.76
31564407 240 9.02
31625275 241 9.04
9647256 73 2.76
28026312 213 8.01
28693154 218 8.20
31967871 243 9.13
30310797 231 8.66
9717666 74 2.78
30723713 234 8.78
30024468 229 8.58
31052909 236 8.87
28887148 220 8.25
31037956 236 8.87
30452707 232 8.70
31202532 238 8.92
29946150 228 8.56
9728998 74 2.78
31772332 242 9.08
31467735 240 8.99
10033979 76 2.87
30834284 235 8.81
9786505 74 2.80
27942963 213 7.98
9206839 70 2.63
31433977 239 8.98
28252926 215 8.07
28408912 216 8.12
29533338 225 8.44
9783045 74 2.80
29259675 223 8.36
9546205 72 2.73
30607929 233 8.75
29801171 227 8.51
32067721 244 9.16
30172232 230 8.62
10184743 77 2.91
30925444 235 8.84
30262445 230 8.65
29959462 228 8.56
31652965 241 9.04
9820773 74 2.81
29783662 227 8.51
9601714 73 2.74
30923841 235 8.84
30230356 230 8.64
30507843 232 8.72
32077095 244 9.16
31713226 241 9.06
29683135 226 8.48
29119257 222 8.32
28359307 216 8.10
10034842 76 2.87
28077907 214 8.02
9642322 73 2.75
31000839 236 8.86
30886581 235 8.82
9448377 72 2.70
30279431 231 8.65
30827061 235 8.81
31104917 237 8.89
30531189 232 8.72
9920503 75 2.83
31604893 241 9.03
30043932 229 8.58
29131449 222 8.32
30422081 232 8.69
30290055 231 8.65
31021690 236 8.86
10032282 76 2.87
30888502 235 8.83
9811172 74 2.80
30776010 234 8.79
30642242 233 8.75
10251162 78 2.93
29167971 222 8.33
9902383 75 2.83
30475237 232 8.71
28951930 220 8.27
10307803 78 2.95
28952010 220 8.27
29911519 228 8.55
32129364 245 9.18
28059299 214 8.02
9927933 75 2.84
31018474 236 8.86
9279452 70 2.65
31221608 238 8.92
29687339 226 8.48
33819303 258 9.66
32900867 251 9.40
30532348 232 8.72
9764739 74 2.79
29846607 227 8.53
9222473 70 2.63
28827871 219 8.24
9652901 73 2.76
30916851 235 8.83
31292514 238 8.94
29911589 228 8.55
31527846 240 9.01
10503319 80 3.00
30810020 235 8.80
30290981 231 8.65
28081758 214 8.02
29738313 226 8.50
9169066 69 2.62
30264501 230 8.65
9523641 72 2.72
30596230 233 8.74
31927839 243 9.12
30809869 235 8.80
32016185 244 9.15
9865361 75 2.82
28970088 221 8.28
31494485 240 9.00
30740045 234 8.78
29831665 227 8.52
9194468 70 2.63
30937991 236 8.84
30495587 232 8.71
30778904 234 8.79
30395400 231 8.68
10118808 77 2.89
31054065 236 8.87
9519176 72 2.72
31680295 241 9.05
28087104 214 8.02
9110969 69 2.60
28794141 219 8.23
9872853 75 2.82
31246935 238 8.93
30635396 233 8.75
10099247 77 2.89
31591423 241 9.03
10381463 79 2.97
10322243 78 2.95
31432200 239 8.98
28785916 219 8.22
9722564 74 2.78
28061554 214 8.02
28770512 219 8.22
9969344 76 2.85
30056472 229 8.59
9847446 75 2.81
30828722 235 8.81
29942805 228 8.56
28174370 214 8.05
29764274 227 8.50
10529330 80 3.01
31209364 238 8.92
28632792 218 8.18
31471837 240 8.99
30548652 233 8.73
9361042 71 2.67
31563761 240 9.02
9771373 74 2.79
28051230 214 8.01
9512199 72 2.72
28823242 219 8.24
30360162 231 8.67
31511209 240 9.00
31035044 236 8.87
9186365 70 2.62
30355050 231 8.67
29313404 223 8.38
9919029 75 2.83
30275080 230 8.65
9826641 74 2.81
10213829 77 2.92
30249691 230 8.64
28682540 218 8.20
30978233 236 8.85
30895306 235 8.83
9507612 72 2.72
31266877 238 8.93
31355945 239 8.96
28023065 213 8.01
28560696 217 8.16
10214154 77 2.92
32348405 246 9.24
32166823 245 9.19
31636032 241 9.04
9207890 70 2.63
30053554 229 8.59
9833495 75 2.81
29865111 227 8.53
9519573 72 2.72
31035613 236 8.87
29976960 228 8.56
29916924 228 8.55
30113417 229 8.60
9185932 70 2.62
29573635 225 8.45
9635874 73 2.75
31594254 241 9.03
9539260 72 2.73
32133302 245 9.18
31659399 241 9.05
9530131 72 2.72
31503821 240 9.00
10069755 76 2.88
32476143 247 9.28
9366324 71 2.68
30914240 235 8.83
31772910 242 9.08
30723126 234 8.78
28821891 219 8.23
9865469 75 2.82
29405394 224 8.40
28395837 216 8.11
31182013 237 8.91
28229153 215 8.07
9872524 75 2.82
31424697 239 8.98
28177823 214 8.05
10181482 77 2.91
30002532 228 8.57
9838945 75 2.81
31007756 236 8.86
28659787 218 8.19
9595642 73 2.74
29182398 222 8.34
9886882 75 2.82
30801783 234 8.80
29645851 226 8.47
9665715 73 2.76
31340681 239 8.95
31437646 239 8.98
10160917 77 2.90
28556348 217 8.16
30095765 229 8.60
31097064 237 8.88
28036692 213 8.01
9952386 75 2.84
30615575 233 8.75
29737827 226 8.50
10407778 79 2.97
30332269 231 8.67
9173855 69 2.62
30499927 232 8.71
29667239 226 8.48
9830196 74 2.81
30046170 229 8.58
