1899 59 0.00
1868 58 0.00
1875 58 0.00
1850 57 0.00
1599 49 0.00
1896 59 0.00
1830 57 0.00
1906 59 0.00
2042 63 0.00
1997 62 0.00
2011 62 0.00
1861 58 0.00
1868 58 0.00
1976 61 0.00
1976 61 0.00
1854 57 0.00
2028 63 0.00
1930 60 0.00
1924 60 0.00
1928 60 0.00
1914 59 0.00
1889 59 0.00
1924 60 0.00
1832 57 0.00
1749 54 0.00
1990 62 0.00
1857 58 0.00
1885 58 0.00
1858 58 0.00
1997 62 0.00
1924 60 0.00
2032 63 0.00
1857 58 0.00
1962 61 0.00
1903 59 0.00
1882 58 0.00
1972 61 0.00
1892 59 0.00
1886 58 0.00
1924 60 0.00
2018 63 0.00
1903 59 0.00
1878 58 0.00
1927 60 0.00
1938 60 0.00
1875 58 0.00
1924 60 0.00
1924 60 0.00
1833 57 0.00
1868 58 0.00
1812 56 0.00
2008 62 0.00
1735 54 0.00
1941 60 0.00
1923 60 0.00
1857 58 0.00
2134 66 0.00
1917 59 0.00
1889 59 0.00
1955 61 0.00
1822 56 0.00
1868 58 0.00
1910 59 0.00
1879 58 0.00
1871 58 0.00
2001 62 0.00
2015 62 0.00
2011 62 0.00
1924 60 0.00
1959 61 0.00
1819 56 0.00
1949 60 0.00
1844 57 0.00
1941 60 0.00
2042 63 0.00
1920 60 0.00
1952 61 0.00
52427 1638 0.01
1878 58 0.00
1927 60 0.00
1987 62 0.00
2071 64 0.00
1906 59 0.00
1900 59 0.00
1847 57 0.00
1920 60 0.00
1955 61 0.00
1850 57 0.00
1826 57 0.00
1920 60 0.00
1906 59 0.00
1868 58 0.00
2001 62 0.00
1899 59 0.00
1889 59 0.00
1858 58 0.00
1909 59 0.00
1875 58 0.00
1924 60 0.00
2005 62 0.00
1959 61 0.00
1987 62 0.00
1854 57 0.00
1865 58 0.00
1896 59 0.00
1896 59 0.00
1893 59 0.00
1969 61 0.00
1942 60 0.00
1945 60 0.00
1955 61 0.00
1889 59 0.00
1801 56 0.00
1774 55 0.00
1826 57 0.00
1893 59 0.00
1944 60 0.00
1892 59 0.00
1973 61 0.00
1892 59 0.00
1892 59 0.00
1907 59 0.00
1795 56 0.00
1889 59 0.00
1878 58 0.00
1763 55 0.00
1847 57 0.00
1879 58 0.00
1910 59 0.00
1882 58 0.00
1872 58 0.00
1878 58 0.00
1861 58 0.00
1896 59 0.00
1840 57 0.00
1690 52 0.00
1882 58 0.00
1795 56 0.00
1917 59 0.00
1907 59 0.00
1892 59 0.00
1962 61 0.00
2217 69 0.00
1924 60 0.00
1609 50 0.00
1910 59 0.00
1893 59 0.00
2105 65 0.00
1836 57 0.00
1889 59 0.00
2001 62 0.00
1903 59 0.00
1882 58 0.00
1878 58 0.00
1843 57 0.00
1962 61 0.00
1931 60 0.00
1882 58 0.00
1815 56 0.00
1868 58 0.00
1980 61 0.00
1895 59 0.00
1854 57 0.00
1885 58 0.00
1903 59 0.00
1868 58 0.00
1795 56 0.00
1948 60 0.00
1770 55 0.00
2028 63 0.00
1801 56 0.00
1809 56 0.00
1959 61 0.00
1934 60 0.00
1931 60 0.00
1973 61 0.00
1854 57 0.00
1816 56 0.00
1837 57 0.00
1997 62 0.00
1906 59 0.00
1826 57 0.00
1938 60 0.00
1735 54 0.00
1864 58 0.00
1865 58 0.00
1809 56 0.00
1910 59 0.00
1921 60 0.00
2057 64 0.00
1895 59 0.00
1651 51 0.00
1833 57 0.00
1903 59 0.00
1900 59 0.00
1854 57 0.00
1878 58 0.00
1966 61 0.00
1924 60 0.00
1875 58 0.00
1896 59 0.00
1878 58 0.00
1861 58 0.00
1878 58 0.00
1819 56 0.00
1882 58 0.00
1987 62 0.00
1861 58 0.00
1914 59 0.00
1819 56 0.00
1839 57 0.00
1945 60 0.00
1881 58 0.00
1798 56 0.00
1836 57 0.00
1843 57 0.00
1885 58 0.00
1920 60 0.00
1826 57 0.00
1962 61 0.00
1756 54 0.00
1826 57 0.00
1802 56 0.00
1749 54 0.00
1812 56 0.00
2028 63 0.00
1910 59 0.00
1861 58 0.00
1889 59 0.00
1826 57 0.00
1899 59 0.00
1914 59 0.00
1833 57 0.00
1861 58 0.00
1984 62 0.00
1917 59 0.00
1857 58 0.00
1665 52 0.00
1844 57 0.00
1896 59 0.00
1931 60 0.00
1921 60 0.00
1872 58 0.00
1847 57 0.00
2081 65 0.00
2060 64 0.00
1840 57 0.00
1822 56 0.00
1847 57 0.00
1990 62 0.00
44578 1393 0.01
1861 58 0.00
2116 66 0.00
1941 60 0.00
1983 61 0.00
1802 56 0.00
2158 67 0.00
1868 58 0.00
1867 58 0.00
1812 56 0.00
1875 58 0.00
1913 59 0.00
1714 53 0.00
1680 52 0.00
1703 53 0.00
1823 56 0.00
1910 59 0.00
1917 59 0.00
1826 57 0.00
1913 59 0.00
1938 60 0.00
1763 55 0.00
2071 64 0.00
1914 59 0.00
1889 59 0.00
1900 59 0.00
1837 57 0.00
1899 59 0.00
1927 60 0.00
1853 57 0.00
1868 58 0.00
1934 60 0.00
1815 56 0.00
1860 58 0.00
2025 63 0.00
1592 49 0.00
1907 59 0.00
1906 59 0.00
1857 58 0.00
1823 56 0.00
1892 59 0.00
1990 62 0.00
1784 55 0.00
1851 57 0.00
1903 59 0.00
2064 64 0.00
1913 59 0.00
1965 61 0.00
1875 58 0.00
1885 58 0.00
1889 59 0.00
1906 59 0.00
1879 58 0.00
2060 64 0.00
2004 62 0.00
1893 59 0.00
1840 57 0.00
2036 63 0.00
1781 55 0.00
1885 58 0.00
1871 58 0.00
1865 58 0.00
1920 60 0.00
1854 57 0.00
2189 68 0.00
1906 59 0.00
2032 63 0.00
1738 54 0.00
1819 56 0.00
1941 60 0.00
1802 56 0.00
1902 59 0.00
1910 59 0.00
2193 68 0.00
1865 58 0.00
1924 60 0.00
1959 61 0.00
1882 58 0.00
1662 51 0.00
1889 59 0.00
1910 59 0.00
1819 56 0.00
1857 58 0.00
1784 55 0.00
1858 58 0.00
1861 58 0.00
1662 51 0.00
1773 55 0.00
1930 60 0.00
1868 58 0.00
1864 58 0.00
1900 59 0.00
1900 59 0.00
1952 61 0.00
1966 61 0.00
1878 58 0.00
1902 59 0.00
2021 63 0.00
1843 57 0.00
1938 60 0.00
1889 59 0.00
2014 62 0.00
1851 57 0.00
1854 57 0.00
1857 58 0.00
2032 63 0.00
1893 59 0.00
1865 58 0.00
1816 56 0.00
1830 57 0.00
1966 61 0.00
1882 58 0.00
1944 60 0.00
1871 58 0.00
1858 58 0.00
1816 56 0.00
1847 57 0.00
1875 58 0.00
1990 62 0.00
1864 58 0.00
1819 56 0.00
2032 63 0.00
1921 60 0.00
1823 56 0.00
1714 53 0.00
1753 54 0.00
1927 60 0.00
1826 57 0.00
1861 58 0.00
1815 56 0.00
1903 59 0.00
1858 58 0.00
1948 60 0.00
3310 103 0.00
1771 55 0.00
1809 56 0.00
1896 59 0.00
1899 59 0.00
1962 61 0.00
2039 63 0.00
1941 60 0.00
1837 57 0.00
1802 56 0.00
1937 60 0.00
1955 61 0.00
1868 58 0.00
1798 56 0.00
1892 59 0.00
1917 59 0.00
1861 58 0.00
2046 63 0.00
2147 67 0.00
1931 60 0.00
1829 57 0.00
2008 62 0.00
1868 58 0.00
1850 57 0.00
1875 58 0.00
1955 61 0.00
1931 60 0.00
1829 57 0.00
1909 59 0.00
1885 58 0.00
1987 62 0.00
1882 58 0.00
1987 62 0.00
1914 59 0.00
1815 56 0.00
1791 55 0.00
1836 57 0.00
1942 60 0.00
1903 59 0.00
1826 57 0.00
1990 62 0.00
1787 55 0.00
1854 57 0.00
1885 58 0.00
1952 61 0.00
1836 57 0.00
1798 56 0.00
1861 58 0.00
1874 58 0.00
2119 66 0.00
2032 63 0.00
1920 60 0.00
1994 62 0.00
1843 57 0.00
1854 57 0.00
1857 58 0.00
1878 58 0.00
1882 58 0.00
1909 59 0.00
1836 57 0.00
1791 55 0.00
1850 57 0.00
2046 63 0.00
2029 63 0.00
1980 61 0.00
1826 57 0.00
2004 62 0.00
1879 58 0.00
1916 59 0.00
1861 58 0.00
1937 60 0.00
1857 58 0.00
1899 59 0.00
1931 60 0.00
1805 56 0.00
1934 60 0.00
1872 58 0.00
2015 62 0.00
1917 59 0.00
1846 57 0.00
1997 62 0.00
1983 61 0.00
1847 57 0.00
1815 56 0.00
1830 57 0.00
1885 58 0.00
1913 59 0.00
2168 67 0.00
1878 58 0.00
1857 58 0.00
1938 60 0.00
2025 63 0.00
1833 57 0.00
2000 62 0.00
1910 59 0.00
1851 57 0.00
2025 63 0.00
1924 60 0.00
1914 59 0.00
1903 59 0.00
1882 58 0.00
1987 62 0.00
1941 60 0.00
1858 58 0.00
1903 59 0.00
2101 65 0.00
1680 52 0.00
1864 58 0.00
1826 57 0.00
1846 57 0.00
1840 57 0.00
1875 58 0.00
1893 59 0.00
1777 55 0.00
1949 60 0.00
1923 60 0.00
1874 58 0.00
2158 67 0.00
1920 60 0.00
1980 61 0.00
1885 58 0.00
1980 61 0.00
1833 57 0.00
1802 56 0.00
1721 53 0.00
1850 57 0.00
1896 59 0.00
1882 58 0.00
1854 57 0.00
2028 63 0.00
1984 62 0.00
1826 57 0.00
1839 57 0.00
1791 55 0.00
1892 59 0.00
1906 59 0.00
1850 57 0.00
1949 60 0.00
1917 59 0.00
1875 58 0.00
1801 56 0.00
2063 64 0.00
1934 60 0.00
1885 58 0.00
1944 60 0.00
1914 59 0.00
1917 59 0.00
1941 60 0.00
1896 59 0.00
1781 55 0.00
1763 55 0.00
1788 55 0.00
1938 60 0.00
1906 59 0.00
1903 59 0.00
1910 59 0.00
1815 56 0.00
1955 61 0.00
2035 63 0.00
1833 57 0.00
2126 66 0.00
1965 61 0.00
1966 61 0.00
2178 68 0.00
1861 58 0.00
1860 58 0.00
1770 55 0.00
1875 58 0.00
1830 57 0.00
1997 62 0.00
1910 59 0.00
1815 56 0.00
1987 62 0.00
1857 58 0.00
1850 57 0.00
1973 61 0.00
1948 60 0.00
1938 60 0.00
1850 57 0.00
1878 58 0.00
1889 59 0.00
1840 57 0.00
1812 56 0.00
2000 62 0.00
1735 54 0.00
2067 64 0.00
1861 58 0.00
1896 59 0.00
1990 62 0.00
2164 67 0.00
1965 61 0.00
1868 58 0.00
1868 58 0.00
1808 56 0.00
2056 64 0.00
1829 57 0.00
1858 58 0.00
1924 60 0.00
1913 59 0.00
1893 59 0.00
1965 61 0.00
1868 58 0.00
1935 60 0.00
1805 56 0.00
1875 58 0.00
1861 58 0.00
1920 60 0.00
1892 59 0.00
1913 59 0.00
1847 57 0.00
1973 61 0.00
1948 60 0.00
2025 63 0.00
1864 58 0.00
1626 50 0.00
1888 59 0.00
1906 59 0.00
1868 58 0.00
1868 58 0.00
1850 57 0.00
1809 56 0.00
1889 59 0.00
1846 57 0.00
1990 62 0.00
1990 62 0.00
1854 57 0.00
1872 58 0.00
1864 58 0.00
1889 59 0.00
2049 64 0.00
1878 58 0.00
1819 56 0.00
1840 57 0.00
1850 57 0.00
1907 59 0.00
1907 59 0.00
1861 58 0.00
1986 62 0.00
1830 57 0.00
1906 59 0.00
2052 64 0.00
1903 59 0.00
1913 59 0.00
1788 55 0.00
1875 58 0.00
1910 59 0.00
1672 52 0.00
1902 59 0.00
2112 66 0.00
1847 57 0.00
2057 64 0.00
1913 59 0.00
1836 57 0.00
1938 60 0.00
1854 57 0.00
1837 57 0.00
1867 58 0.00
1893 59 0.00
2203 68 0.00
1917 59 0.00
1896 59 0.00
1780 55 0.00
1878 58 0.00
1893 59 0.00
1920 60 0.00
1819 56 0.00
1927 60 0.00
1872 58 0.00
1997 62 0.00
1840 57 0.00
2014 62 0.00
2063 64 0.00
1885 58 0.00
1721 53 0.00
1700 53 0.00
1763 55 0.00
1830 57 0.00
1808 56 0.00
1931 60 0.00
1875 58 0.00
1888 59 0.00
1945 60 0.00
1930 60 0.00
1857 58 0.00
1910 59 0.00
1867 58 0.00
1861 58 0.00
1843 57 0.00
1833 57 0.00
1924 60 0.00
2053 64 0.00
2018 63 0.00
1882 58 0.00
1791 55 0.00
1840 57 0.00
1676 52 0.00
1742 54 0.00
1955 61 0.00
1896 59 0.00
1934 60 0.00
1907 59 0.00
1921 60 0.00
1871 58 0.00
1920 60 0.00
1910 59 0.00
1949 60 0.00
2004 62 0.00
2063 64 0.00
1931 60 0.00
1861 58 0.00
1819 56 0.00
1868 58 0.00
1854 57 0.00
2018 63 0.00
1902 59 0.00
1836 57 0.00
1875 58 0.00
1931 60 0.00
1896 59 0.00
1955 61 0.00
2109 65 0.00
1882 58 0.00
1743 54 0.00
1767 55 0.00
1962 61 0.00
2000 62 0.00
1892 59 0.00
1927 60 0.00
2008 62 0.00
1879 58 0.00
1913 59 0.00
1680 52 0.00
1847 57 0.00
1882 58 0.00
1879 58 0.00
1910 59 0.00
1829 57 0.00
1787 55 0.00
1903 59 0.00
1606 50 0.00
1941 60 0.00
2084 65 0.00
2210 69 0.00
1882 58 0.00
1937 60 0.00
1892 59 0.00
1899 59 0.00
2015 62 0.00
1885 58 0.00
1886 58 0.00
1861 58 0.00
2011 62 0.00
2025 63 0.00
1907 59 0.00
1945 60 0.00
1983 61 0.00
1868 58 0.00
1878 58 0.00
2078 64 0.00
1938 60 0.00
1819 56 0.00
1854 57 0.00
1854 57 0.00
1819 56 0.00
1770 55 0.00
1924 60 0.00
1791 55 0.00
1920 60 0.00
1896 59 0.00
1882 58 0.00
1868 58 0.00
1882 58 0.00
2025 63 0.00
2036 63 0.00
1815 56 0.00
2011 62 0.00
1823 56 0.00
1913 59 0.00
1909 59 0.00
1951 60 0.00
1962 61 0.00
1805 56 0.00
1872 58 0.00
1917 59 0.00
1983 61 0.00
1963 61 0.00
1924 60 0.00
1930 60 0.00
1882 58 0.00
1826 57 0.00
1878 58 0.00
1826 57 0.00
1920 60 0.00
1854 57 0.00
1937 60 0.00
1938 60 0.00
1899 59 0.00
1840 57 0.00
1913 59 0.00
1864 58 0.00
1937 60 0.00
1854 57 0.00
1840 57 0.00
1924 60 0.00
1899 59 0.00
1913 59 0.00
1791 55 0.00
1924 60 0.00
2025 63 0.00
2077 64 0.00
1878 58 0.00
2127 66 0.00
2057 64 0.00
2150 67 0.00
1986 62 0.00
1906 59 0.00
1945 60 0.00
1885 58 0.00
1952 61 0.00
1840 57 0.00
2039 63 0.00
1757 54 0.00
1673 52 0.00
1921 60 0.00
1808 56 0.00
1843 57 0.00
1875 58 0.00
1861 58 0.00
2015 62 0.00
1909 59 0.00
2029 63 0.00
1955 61 0.00
1917 59 0.00
2060 64 0.00
1865 58 0.00
1851 57 0.00
1864 58 0.00
1969 61 0.00
2119 66 0.00
1773 55 0.00
1907 59 0.00
1987 62 0.00
1983 61 0.00
1885 58 0.00
2000 62 0.00
1850 57 0.00
1854 57 0.00
1948 60 0.00
1809 56 0.00
1892 59 0.00
1916 59 0.00
1980 61 0.00
1829 57 0.00
1853 57 0.00
1882 58 0.00
1906 59 0.00
2043 63 0.00
1907 59 0.00
1924 60 0.00
1865 58 0.00
1847 57 0.00
2063 64 0.00
1903 59 0.00
1899 59 0.00
1941 60 0.00
1815 56 0.00
1819 56 0.00
1924 60 0.00
1844 57 0.00
1843 57 0.00
1934 60 0.00
1886 58 0.00
1920 60 0.00
1958 61 0.00
1731 54 0.00
1711 53 0.00
1927 60 0.00
1749 54 0.00
1791 55 0.00
1872 58 0.00
2060 64 0.00
1949 60 0.00
2074 64 0.00
2029 63 0.00
1899 59 0.00
1812 56 0.00
2056 64 0.00
1801 56 0.00
1819 56 0.00
1787 55 0.00
1881 58 0.00
1903 59 0.00
1837 57 0.00
1868 58 0.00
1868 58 0.00
1871 58 0.00
1812 56 0.00
1878 58 0.00
1889 59 0.00
2025 63 0.00
1958 61 0.00
1840 57 0.00
2113 66 0.00
1902 59 0.00
2171 67 0.00
1882 58 0.00
1885 58 0.00
1840 57 0.00
1896 59 0.00
1700 53 0.00
1966 61 0.00
1931 60 0.00
2074 64 0.00
1819 56 0.00
1896 59 0.00
1945 60 0.00
1923 60 0.00
1868 58 0.00
1924 60 0.00
1788 55 0.00
1864 58 0.00
1910 59 0.00
1913 59 0.00
1937 60 0.00
1962 61 0.00
1627 50 0.00
1899 59 0.00
1851 57 0.00
1969 61 0.00
1798 56 0.00
1830 57 0.00
1798 56 0.00
1812 56 0.00
1830 57 0.00
1871 58 0.00
1899 59 0.00
1875 58 0.00
2008 62 0.00
1788 55 0.00
1864 58 0.00
1815 56 0.00
2029 63 0.00
1816 56 0.00
1780 55 0.00
2106 65 0.00
1909 59 0.00
1907 59 0.00
1899 59 0.00
1941 60 0.00
1942 60 0.00
1962 61 0.00
1861 58 0.00
1938 60 0.00
1916 59 0.00
5617 175 0.00
2155 67 0.00
1836 57 0.00
1872 58 0.00
1844 57 0.00
1979 61 0.00
1889 59 0.00
1906 59 0.00
2011 62 0.00
1781 55 0.00
1858 58 0.00
1847 57 0.00
1833 57 0.00
1959 61 0.00
1931 60 0.00
2015 62 0.00
1962 61 0.00
1881 58 0.00
1888 59 0.00
1875 58 0.00
1819 56 0.00
1868 58 0.00
1959 61 0.00
1780 55 0.00
1920 60 0.00
1927 60 0.00
2192 68 0.00
1847 57 0.00
1976 61 0.00
1934 60 0.00
1955 61 0.00
1900 59 0.00
1854 57 0.00
1990 62 0.00
1843 57 0.00
1902 59 0.00
2022 63 0.00
1976 61 0.00
1843 57 0.00
1861 58 0.00
1708 53 0.00
1809 56 0.00
1854 57 0.00
1847 57 0.00
1812 56 0.00
1910 59 0.00
1844 57 0.00
1913 59 0.00
1861 58 0.00
1843 57 0.00
1942 60 0.00
1830 57 0.00
1634 51 0.00
1920 60 0.00
2077 64 0.00
2022 63 0.00
1875 58 0.00
1913 59 0.00
1882 58 0.00
2004 62 0.00
1998 62 0.00
1917 59 0.00
1909 59 0.00
1840 57 0.00
1987 62 0.00
1895 59 0.00
1874 58 0.00
1844 57 0.00
2028 63 0.00
1833 57 0.00
2018 63 0.00
1826 57 0.00
1896 59 0.00
1822 56 0.00
1840 57 0.00
1945 60 0.00
1886 58 0.00
1861 58 0.00
1976 61 0.00
1896 59 0.00
1900 59 0.00
1871 58 0.00
1875 58 0.00
1893 59 0.00
1875 58 0.00
1885 58 0.00
1853 57 0.00
1886 58 0.00
1879 58 0.00
1948 60 0.00
1930 60 0.00
1840 57 0.00
1937 60 0.00
1959 61 0.00
1651 51 0.00
1878 58 0.00
1958 61 0.00
1868 58 0.00
1934 60 0.00
1948 60 0.00
1899 59 0.00
1896 59 0.00
1941 60 0.00
1963 61 0.00
1885 58 0.00
1913 59 0.00
1914 59 0.00
1808 56 0.00
1942 60 0.00
1959 61 0.00
1763 55 0.00
1781 55 0.00
1896 59 0.00
1955 61 0.00
1861 58 0.00
1878 58 0.00
1840 57 0.00
1854 57 0.00
1892 59 0.00
1794 56 0.00
1895 59 0.00
1906 59 0.00
1934 60 0.00
1931 60 0.00
1878 58 0.00
1861 58 0.00
1903 59 0.00
1826 57 0.00
1865 58 0.00
1861 58 0.00
1892 59 0.00
2050 64 0.00
1987 62 0.00
1882 58 0.00
1976 61 0.00
1997 62 0.00
2032 63 0.00
1843 57 0.00
1903 59 0.00
1875 58 0.00
1990 62 0.00
1896 59 0.00
1941 60 0.00
1815 56 0.00
1948 60 0.00
1879 58 0.00
1889 59 0.00
1854 57 0.00
1920 60 0.00
1882 58 0.00
1861 58 0.00
1840 57 0.00
1860 58 0.00
1861 58 0.00
1812 56 0.00
1948 60 0.00
1896 59 0.00
2028 63 0.00
1997 62 0.00
1903 59 0.00
1910 59 0.00
1906 59 0.00
1916 59 0.00
1889 59 0.00
1889 59 0.00
1938 60 0.00
1871 58 0.00
1833 57 0.00
1812 56 0.00
1861 58 0.00
1934 60 0.00
1871 58 0.00
1882 58 0.00
