116037231 505 33.15
135358524 590 38.67
134285509 585 38.37
136013566 592 38.86
142720206 622 40.78
137795787 600 39.37
135603642 591 38.74
136187875 593 38.91
135454044 590 38.70
137113287 597 39.18
114937886 501 32.84
135407483 590 38.69
135520747 590 38.72
137171967 598 39.19
114005216 497 32.57
115426893 503 32.98
136306997 594 38.94
115860879 505 33.10
115276185 502 32.94
113042775 492 32.30
115278176 502 32.94
112989219 492 32.28
162642620 709 46.47
135844256 592 38.81
141705164 617 40.49
148926573 649 42.55
115772873 504 33.08
115197264 502 32.91
113727333 495 32.49
136134827 593 38.90
136045075 593 38.87
135601481 591 38.74
134981560 588 38.57
134958792 588 38.56
136207242 593 38.92
134087115 584 38.31
136499391 595 39.00
136594636 595 39.03
134232516 585 38.35
113416780 494 32.40
115029787 501 32.87
114481252 499 32.71
115207975 502 32.92
114811870 500 32.80
142642020 621 40.75
115247109 502 32.93
114679136 499 32.77
112523904 490 32.15
117339856 511 33.53
135286180 589 38.65
134805267 587 38.52
135248295 589 38.64
135357233 590 38.67
136298859 594 38.94
135757254 591 38.79
133832890 583 38.24
136020790 593 38.86
134071760 584 38.31
135794197 592 38.80
134889485 588 38.54
137549294 599 39.30
134360457 585 38.39
160557097 699 45.87
115010399 501 32.86
141605974 617 40.46
114836425 500 32.81
113960824 496 32.56
137816045 600 39.38
134260542 585 38.36
140970199 614 40.28
138450825 603 39.56
135548702 590 38.73
132991022 579 38.00
134078370 584 38.31
142001346 619 40.57
139629842 608 39.89
115779273 504 33.08
116245934 506 33.21
136774960 596 39.08
115243961 502 32.93
112623495 490 32.18
114851853 500 32.81
114838303 500 32.81
134573298 586 38.45
138540243 603 39.58
135675208 591 38.76
134885201 588 38.54
135649644 591 38.76
115503867 503 33.00
116039755 505 33.15
140383707 612 40.11
115592911 503 33.03
113493035 494 32.43
115231412 502 32.92
136706554 595 39.06
135276809 589 38.65
135886645 592 38.82
134620951 586 38.46
135568244 591 38.73
134456812 586 38.42
134625200 586 38.46
134205490 585 38.34
136579301 595 39.02
134177867 584 38.34
141344853 616 40.38
136330923 594 38.95
137201996 598 39.20
135564686 591 38.73
138711543 604 39.63
134533112 586 38.44
138635801 604 39.61
136795717 596 39.08
113882981 496 32.54
136447639 594 38.99
136257838 594 38.93
136703276 595 39.06
136476139 594 38.99
133988003 584 38.28
138856064 605 39.67
132817390 579 37.95
137029048 597 39.15
113507887 494 32.43
136746101 596 39.07
114288390 498 32.65
140356932 611 40.10
134825929 587 38.52
136553622 595 39.02
137932531 601 39.41
135059843 588 38.59
135092096 588 38.60
137033268 597 39.15
114200928 497 32.63
113036642 492 32.30
134213028 585 38.35
136420613 594 38.98
119575200 521 34.16
137233089 598 39.21
135545452 590 38.73
137356219 598 39.24
135289347 589 38.65
134808143 587 38.52
134614496 586 38.46
137524471 599 39.29
133674280 582 38.19
137669349 600 39.33
134734389 587 38.50
137449232 599 39.27
136743915 596 39.07
135300285 589 38.66
134644204 587 38.47
138859852 605 39.67
114501094 499 32.71
114245282 498 32.64
113856813 496 32.53
134878973 588 38.54
140074837 610 40.02
116385078 507 33.25
114689411 500 32.77
137060103 597 39.16
169049303 736 48.30
136824552 596 39.09
138088464 602 39.45
135870424 592 38.82
137308338 598 39.23
133959091 584 38.27
133920369 583 38.26
136025527 593 38.86
133207444 580 38.06
136844268 596 39.10
138103359 602 39.46
135719716 591 38.78
137224194 598 39.21
133223368 580 38.06
136294006 594 38.94
134333410 585 38.38
114456279 498 32.70
114913804 500 32.83
113574855 495 32.45
140214156 611 40.06
137371616 598 39.25
136849033 596 39.10
136783905 596 39.08
113403094 494 32.40
135983425 592 38.85
114671231 499 32.76
113402032 494 32.40
114756741 500 32.79
115261759 502 32.93
113500129 494 32.43
134489037 586 38.43
135316849 589 38.66
137218873 598 39.21
115348250 502 32.96
134102031 584 38.31
136546158 595 39.01
140955095 614 40.27
135866671 592 38.82
135935806 592 38.84
136723680 596 39.06
134081041 584 38.31
136702156 595 39.06
136698853 595 39.06
134346032 585 38.38
140519154 612 40.15
116217410 506 33.20
148970819 649 42.56
114304855 498 32.66
115068935 501 32.88
140140453 610 40.04
135852146 592 38.81
135801099 592 38.80
137416616 599 39.26
136763331 596 39.08
136494915 595 39.00
135979553 592 38.85
135964173 592 38.85
136023890 593 38.86
134822158 587 38.52
134866083 587 38.53
134842156 587 38.53
134467209 586 38.42
138183744 602 39.48
134955999 588 38.56
135817952 592 38.81
137190537 598 39.20
135258923 589 38.65
136513692 595 39.00
136358040 594 38.96
135498916 590 38.71
135804786 592 38.80
136347807 594 38.96
137429426 599 39.27
136226245 593 38.92
136113227 593 38.89
136315316 594 38.95
139974080 610 39.99
136067923 593 38.88
135861287 592 38.82
136444860 594 38.98
135686290 591 38.77
114685895 499 32.77
113445462 494 32.41
113788435 496 32.51
114942583 501 32.84
116109540 506 33.17
114571563 499 32.73
115793000 504 33.08
115762639 504 33.08
115684569 504 33.05
113506599 494 32.43
113893403 496 32.54
116824686 509 33.38
139614620 608 39.89
134189947 585 38.34
136845221 596 39.10
134352683 585 38.39
135151277 589 38.61
115217813 502 32.92
114940834 501 32.84
115065654 501 32.88
116290114 506 33.23
116918949 509 33.41
136157997 593 38.90
115801819 504 33.09
137344177 598 39.24
114537449 499 32.72
138428223 603 39.55
114766521 500 32.79
114909764 500 32.83
114538592 499 32.73
119555956 521 34.16
137429744 599 39.27
115462984 503 32.99
112780002 491 32.22
115578862 503 33.02
141715244 617 40.49
135918342 592 38.83
134533611 586 38.44
135490393 590 38.71
136217506 593 38.92
135224512 589 38.64
133660315 582 38.19
134775810 587 38.51
135339207 590 38.67
135758851 591 38.79
135477838 590 38.71
136136752 593 38.90
135567391 591 38.73
134126163 584 38.32
133058943 580 38.02
136373604 594 38.96
136912091 596 39.12
137414888 599 39.26
136712962 596 39.06
135879616 592 38.82
113839318 496 32.53
116342572 507 33.24
114203254 497 32.63
116214131 506 33.20
117353985 511 33.53
167947446 732 47.98
135643573 591 38.76
137441970 599 39.27
134079320 584 38.31
115605337 503 33.03
113513177 494 32.43
114194563 497 32.63
114325744 498 32.66
136904758 596 39.12
134077204 584 38.31
136074518 593 38.88
136893342 596 39.11
134801056 587 38.51
135719209 591 38.78
134897746 588 38.54
136321228 594 38.95
136685998 595 39.05
136189066 593 38.91
136153939 593 38.90
134507311 586 38.43
134022578 584 38.29
135272305 589 38.65
134210651 585 38.35
134250302 585 38.36
138265724 602 39.50
136127126 593 38.89
136336132 594 38.95
136274231 594 38.94
138164527 602 39.48
135027512 588 38.58
134023904 584 38.29
137008847 597 39.15
134666052 587 38.48
136166002 593 38.90
136538348 595 39.01
136096569 593 38.88
136408378 594 38.97
134176142 584 38.34
136112078 593 38.89
135334944 590 38.67
136913966 596 39.12
136734929 596 39.07
136786178 596 39.08
136597757 595 39.03
138727837 604 39.64
113715531 495 32.49
115536043 503 33.01
115639754 504 33.04
114973045 501 32.85
116186895 506 33.20
115811466 504 33.09
137900940 601 39.40
135652120 591 38.76
134991118 588 38.57
135296330 589 38.66
142587269 621 40.74
116959273 509 33.42
115212671 502 32.92
115078446 501 32.88
114111154 497 32.60
135291246 589 38.65
142109071 619 40.60
138293439 602 39.51
140415764 612 40.12
135306182 589 38.66
134637744 586 38.47
135526277 590 38.72
135465196 590 38.70
135973733 592 38.85
135488860 590 38.71
135940530 592 38.84
137284161 598 39.22
135708857 591 38.77
135282001 589 38.65
136499056 595 39.00
134734812 587 38.50
136469778 594 38.99
136529739 595 39.01
115037852 501 32.87
114418077 498 32.69
115978395 505 33.14
115452555 503 32.99
116302941 507 33.23
113367576 494 32.39
138806235 605 39.66
136840797 596 39.10
136269214 594 38.93
136828182 596 39.09
134539973 586 38.44
116101109 506 33.17
117331155 511 33.52
137617401 599 39.32
113072138 492 32.31
114421621 498 32.69
115495083 503 33.00
143174497 624 40.91
135526483 590 38.72
132970252 579 37.99
116523158 508 33.29
117198670 510 33.49
115166980 502 32.90
115717014 504 33.06
114217491 497 32.63
115199177 502 32.91
135838638 592 38.81
113614523 495 32.46
115588075 503 33.03
114804035 500 32.80
113926651 496 32.55
114944762 501 32.84
136109819 593 38.89
114336033 498 32.67
116506490 507 33.29
115237249 502 32.92
113570187 495 32.45
115413755 503 32.98
116798333 509 33.37
117376896 511 33.54
116071541 506 33.16
114154604 497 32.62
136155787 593 38.90
137476866 599 39.28
115187031 502 32.91
114203581 497 32.63
138210721 602 39.49
115298698 502 32.94
115416199 503 32.98
114401412 498 32.69
114895816 500 32.83
116454427 507 33.27
115562142 503 33.02
116514091 507 33.29
115243042 502 32.93
115132833 501 32.90
114313318 498 32.66
137847911 600 39.39
113561794 495 32.45
116809411 509 33.37
136089230 593 38.88
134680968 587 38.48
136066240 593 38.88
135442558 590 38.70
131958170 575 37.70
134917947 588 38.55
137095949 597 39.17
135024346 588 38.58
114419396 498 32.69
135859331 592 38.82
137530986 599 39.29
114681000 499 32.77
112269468 489 32.08
137991234 601 39.43
134710857 587 38.49
135233167 589 38.64
135598534 591 38.74
134199750 585 38.34
136410767 594 38.97
135296096 589 38.66
135189417 589 38.63
111683011 486 31.91
115432574 503 32.98
113397518 494 32.40
138684980 604 39.62
135394908 590 38.68
118168704 515 33.76
113003893 492 32.29
138576979 604 39.59
114921240 501 32.83
115400900 503 32.97
115001887 501 32.86
115547411 503 33.01
115745630 504 33.07
115049718 501 32.87
114130036 497 32.61
134368110 585 38.39
138437723 603 39.55
116922063 509 33.41
115278266 502 32.94
116587455 508 33.31
114754559 500 32.79
114056179 497 32.59
136262758 594 38.93
136229943 593 38.92
113505261 494 32.43
138051173 601 39.44
134014217 584 38.29
135065390 588 38.59
113750836 495 32.50
115814015 504 33.09
114558565 499 32.73
114522583 499 32.72
115552250 503 33.01
116198427 506 33.20
113278050 493 32.37
117746072 513 33.64
112621721 490 32.18
137533566 599 39.30
115629567 504 33.04
140115731 610 40.03
135813909 592 38.80
137315266 598 39.23
136907705 596 39.12
138327019 603 39.52
134663489 587 38.48
138258295 602 39.50
133945493 583 38.27
136310659 594 38.95
134945002 588 38.56
136450345 594 38.99
135728769 591 38.78
136949002 597 39.13
114014709 497 32.58
134722686 587 38.49
115602892 503 33.03
136407555 594 38.97
134136756 584 38.32
136655560 595 39.04
133049973 580 38.01
136430636 594 38.98
133778742 583 38.22
134521870 586 38.43
135925464 592 38.84
137789035 600 39.37
135150775 589 38.61
139884837 609 39.97
115608852 504 33.03
137938445 601 39.41
136593794 595 39.03
134508634 586 38.43
132424197 577 37.84
133654611 582 38.19
137850916 600 39.39
136792169 596 39.08
136449322 594 38.99
139303970 607 39.80
135203449 589 38.63
136926611 596 39.12
134385239 585 38.40
136884306 596 39.11
134988808 588 38.57
137178205 598 39.19
135304031 589 38.66
138043436 601 39.44
114011903 497 32.57
142776113 622 40.79
134586415 586 38.45
136276291 594 38.94
135848494 592 38.81
136981418 597 39.14
137380141 598 39.25
172915153 753 49.40
136028684 593 38.87
134925376 588 38.55
135456743 590 38.70
136347755 594 38.96
140871083 614 40.25
135322598 589 38.66
136547946 595 39.01
135764559 591 38.79
136109320 593 38.89
136110360 593 38.89
136372952 594 38.96
136938220 597 39.13
135676154 591 38.76
137805172 600 39.37
134958028 588 38.56
135646415 591 38.76
134939956 588 38.55
141264523 615 40.36
139718816 609 39.92
135430167 590 38.69
134104929 584 38.32
133244582 580 38.07
134589169 586 38.45
136262296 594 38.93
131508704 573 37.57
136334851 594 38.95
134887139 588 38.54
135262736 589 38.65
135246260 589 38.64
134732598 587 38.50
134578510 586 38.45
134963652 588 38.56
133481345 581 38.14
137731920 600 39.35
134871735 587 38.53
136119190 593 38.89
135867833 592 38.82
136446089 594 38.98
136377972 594 38.97
134495283 586 38.43
134074931 584 38.31
133611677 582 38.17
134778939 587 38.51
135351157 590 38.67
140531160 612 40.15
137049022 597 39.16
137020854 597 39.15
135510343 590 38.72
136811554 596 39.09
135823922 592 38.81
134685785 587 38.48
147608205 643 42.17
165920665 723 47.41
136449339 594 38.99
135731828 591 38.78
113417240 494 32.40
114932626 501 32.84
139519383 608 39.86
134235666 585 38.35
135461544 590 38.70
134395098 585 38.40
133851994 583 38.24
134951422 588 38.56
137688261 600 39.34
114602727 499 32.74
134669914 587 38.48
136677594 595 39.05
133537747 582 38.15
135919292 592 38.83
137287980 598 39.23
137199974 598 39.20
135715973 591 38.78
138106421 602 39.46
136223529 593 38.92
134496279 586 38.43
135374371 590 38.68
132317236 576 37.80
135071361 588 38.59
136364160 594 38.96
135061148 588 38.59
136022922 593 38.86
133329034 581 38.09
133359691 581 38.10
137448230 599 39.27
137167965 598 39.19
136823522 596 39.09
137425944 599 39.26
134345518 585 38.38
135968066 592 38.85
135688842 591 38.77
134616513 586 38.46
136274014 594 38.94
137831599 600 39.38
135571773 591 38.73
135994800 592 38.86
136762517 596 39.08
134549246 586 38.44
136090665 593 38.88
136222094 593 38.92
135506512 590 38.72
133402879 581 38.12
133832044 583 38.24
135506760 590 38.72
137057059 597 39.16
114717220 500 32.78
115988206 505 33.14
114765746 500 32.79
114619712 499 32.75
134984820 588 38.57
142832805 622 40.81
145124713 632 41.46
133711372 582 38.20
162806867 709 46.52
133961158 584 38.27
137744653 600 39.36
134724638 587 38.49
134395772 585 38.40
135301741 589 38.66
138137451 602 39.47
135856709 592 38.82
136396770 594 38.97
133889009 583 38.25
135373810 590 38.68
136168925 593 38.91
116253175 506 33.22
114246727 498 32.64
115123641 501 32.89
112143182 488 32.04
115891345 505 33.11
115890046 505 33.11
134795725 587 38.51
136420354 594 38.98
144984818 632 41.42
136129748 593 38.89
134213067 585 38.35
135069217 588 38.59
134977031 588 38.56
134876833 588 38.54
137493408 599 39.28
136406888 594 38.97
116573297 508 33.31
134448726 586 38.41
134710455 587 38.49
117805418 513 33.66
115355338 502 32.96
136180054 593 38.91
116705819 508 33.34
114445888 498 32.70
115907762 505 33.12
114580071 499 32.74
114228797 497 32.64
114141327 497 32.61
143006259 623 40.86
115075509 501 32.88
116917304 509 33.40
113847505 496 32.53
114824813 500 32.81
137690736 600 39.34
136687464 595 39.05
136581686 595 39.02
133606772 582 38.17
135465531 590 38.70
134968082 588 38.56
135353661 590 38.67
114567820 499 32.73
115216246 502 32.92
113268596 493 32.36
114434300 498 32.70
116348343 507 33.24
136691298 595 39.05
133501172 582 38.14
134331737 585 38.38
143386570 625 40.97
134665826 587 38.48
136613307 595 39.03
135648119 591 38.76
135026396 588 38.58
136855698 596 39.10
136149621 593 38.90
116007879 505 33.15
112999884 492 32.29
116351495 507 33.24
115922247 505 33.12
116319895 507 33.23
113003397 492 32.29
113669232 495 32.48
114825172 500 32.81
114215976 497 32.63
115565308 503 33.02
115261057 502 32.93
137825475 600 39.38
134360604 585 38.39
142836440 622 40.81
112848709 491 32.24
114680972 499 32.77
114382685 498 32.68
113695914 495 32.48
137614705 599 39.32
114963925 501 32.85
113423777 494 32.41
114165131 497 32.62
114403171 498 32.69
135474291 590 38.71
136774318 596 39.08
135992142 592 38.85
135992889 592 38.86
136221252 593 38.92
136868872 596 39.11
136458361 594 38.99
136542265 595 39.01
134476619 586 38.42
136047805 593 38.87
144275783 628 41.22
135449443 590 38.70
134465635 586 38.42
135712418 591 38.77
139274709 607 39.79
141842046 618 40.53
134816683 587 38.52
135081339 588 38.59
114597976 499 32.74
115993373 505 33.14
116019031 505 33.15
113616517 495 32.46
134858866 587 38.53
134452263 586 38.41
136035505 593 38.87
136749393 596 39.07
137405395 599 39.26
135324602 589 38.66
139063562 606 39.73
114877102 500 32.82
142408037 620 40.69
115160094 502 32.90
114971806 501 32.85
112510358 490 32.15
112578167 490 32.17
138712157 604 39.63
134372995 585 38.39
135563125 591 38.73
115675628 504 33.05
116115787 506 33.18
115559959 503 33.02
114684823 499 32.77
115114313 501 32.89
116593851 508 33.31
115075537 501 32.88
116428504 507 33.27
113818174 496 32.52
115346567 502 32.96
115220009 502 32.92
135368502 590 38.68
162044010 706 46.30
133761896 583 38.22
134812305 587 38.52
135198038 589 38.63
136355456 594 38.96
137738006 600 39.35
135966688 592 38.85
136012243 592 38.86
134846723 587 38.53
134668133 587 38.48
135128122 589 38.61
136699432 595 39.06
136025844 593 38.86
136389340 594 38.97
138259101 602 39.50
135453353 590 38.70
131714446 574 37.63
135504900 590 38.72
141933069 618 40.55
115698783 504 33.06
139380567 607 39.82
112817597 491 32.23
135298955 589 38.66
135937925 592 38.84
136652847 595 39.04
116091470 506 33.17
114062332 497 32.59
117702734 513 33.63
113694039 495 32.48
114345264 498 32.67
114617332 499 32.75
115465947 503 32.99
135103348 589 38.60
116309696 507 33.23
115910160 505 33.12
116182786 506 33.20
114811797 500 32.80
113663014 495 32.48
136495586 595 39.00
135612552 591 38.75
137905958 601 39.40
135036967 588 38.58
135777141 591 38.79
133344972 581 38.10
135071371 588 38.59
135007406 588 38.57
135496618 590 38.71
135776527 591 38.79
136675887 595 39.05
136198992 593 38.91
134796814 587 38.51
133325903 581 38.09
136431467 594 38.98
136479334 595 38.99
133222011 580 38.06
134448339 586 38.41
136181074 593 38.91
136802940 596 39.09
142098252 619 40.60
116363865 507 33.25
138961111 605 39.70
136320480 594 38.95
133469662 581 38.13
136245220 593 38.93
135544421 590 38.73
137237932 598 39.21
133917390 583 38.26
136583408 595 39.02
135333073 590 38.67
138948072 605 39.70
135558049 590 38.73
136250441 594 38.93
133117915 580 38.03
137260095 598 39.22
135078120 588 38.59
137005596 597 39.14
134279775 585 38.37
136705929 595 39.06
115076773 501 32.88
117635878 512 33.61
136569864 595 39.02
134129350 584 38.32
133513067 582 38.15
137229504 598 39.21
135369505 590 38.68
135195168 589 38.63
134494972 586 38.43
116031607 505 33.15
136729284 596 39.07
134292138 585 38.37
134390434 585 38.40
137283386 598 39.22
136232163 593 38.92
137034606 597 39.15
135965741 592 38.85
136902849 596 39.12
132892380 579 37.97
135850240 592 38.81
135995345 592 38.86
135810882 592 38.80
116636519 508 33.32
115650364 504 33.04
113416752 494 32.40
113449260 494 32.41
135175382 589 38.62
135375832 590 38.68
134548652 586 38.44
115989124 505 33.14
114809081 500 32.80
135914837 592 38.83
134602775 586 38.46
136386694 594 38.97
134990606 588 38.57
136388852 594 38.97
134896786 588 38.54
136298076 594 38.94
135168301 589 38.62
135341103 590 38.67
135373908 590 38.68
137298943 598 39.23
140007540 610 40.00
136510438 595 39.00
135369523 590 38.68
116271198 506 33.22
116230810 506 33.21
116764383 509 33.36
112063276 488 32.02
136746499 596 39.07
113953992 496 32.56
115903331 505 33.12
140897847 614 40.26
115322369 502 32.95
114296721 498 32.66
137282136 598 39.22
116999568 510 33.43
112595424 490 32.17
112948785 492 32.27
113523399 494 32.44
139725213 609 39.92
136223424 593 38.92
141355672 616 40.39
111914328 487 31.98
115186646 502 32.91
136004363 592 38.86
135023749 588 38.58
134506455 586 38.43
134497099 586 38.43
135749965 591 38.79
134751025 587 38.50
135526099 590 38.72
133931841 583 38.27
137419207 599 39.26
115174909 502 32.91
118095633 514 33.74
116609849 508 33.32
135604058 591 38.74
134276466 585 38.36
115228144 502 32.92
113212539 493 32.35
116579638 508 33.31
136018045 592 38.86
136247721 593 38.93
135841582 592 38.81
136478995 595 38.99
135506223 590 38.72
134591347 586 38.45
133575929 582 38.16
135508324 590 38.72
136350660 594 38.96
137220549 598 39.21
115254197 502 32.93
114092417 497 32.60
117190733 510 33.48
138645214 604 39.61
136080568 593 38.88
136394487 594 38.97
136361469 594 38.96
135644924 591 38.76
140894705 614 40.26
135128755 589 38.61
115401591 503 32.97
114959303 501 32.85
114476947 499 32.71
114856993 500 32.82
115343359 502 32.96
114550102 499 32.73
113769312 495 32.51
115171727 502 32.91
136545893 595 39.01
136774200 596 39.08
136370093 594 38.96
136661055 595 39.05
114260438 498 32.65
115507023 503 33.00
139343492 607 39.81
115136552 501 32.90
115418842 503 32.98
