901406 55 0.26
934853 57 0.27
899104 54 0.26
900260 54 0.26
938529 57 0.27
902649 55 0.26
937226 57 0.27
941748 57 0.27
940153 57 0.27
903297 55 0.26
943683 57 0.27
903371 55 0.26
937383 57 0.27
941325 57 0.27
906161 55 0.26
943469 57 0.27
906621 55 0.26
21189992 1293 6.05
903542 55 0.26
23492845 1433 6.71
907368 55 0.26
23466744 1432 6.70
906890 55 0.26
19560654 1193 5.59
907009 55 0.26
20960346 1279 5.99
904516 55 0.26
21944203 1339 6.27
903860 55 0.26
19625194 1197 5.61
906594 55 0.26
21641464 1320 6.18
903700 55 0.26
900916 54 0.26
903643 55 0.26
20891615 1275 5.97
903448 55 0.26
21739463 1326 6.21
902634 55 0.26
902991 55 0.26
902585 55 0.26
1323451 80 0.38
900903 54 0.26
910078 55 0.26
939167 57 0.27
927321 56 0.26
904069 55 0.26
903434 55 0.26
903245 55 0.26
898399 54 0.26
903370 55 0.26
900697 54 0.26
941315 57 0.27
903088 55 0.26
903396 55 0.26
946940 57 0.27
941657 57 0.27
903406 55 0.26
900986 54 0.26
903350 55 0.26
903619 55 0.26
948343 57 0.27
906646 55 0.26
907233 55 0.26
936036 57 0.27
907393 55 0.26
907138 55 0.26
946356 57 0.27
906059 55 0.26
938329 57 0.27
900358 54 0.26
907079 55 0.26
905965 55 0.26
907030 55 0.26
906607 55 0.26
946838 57 0.27
937949 57 0.27
946234 57 0.27
942236 57 0.27
946353 57 0.27
906548 55 0.26
944502 57 0.27
906782 55 0.26
947380 57 0.27
903595 55 0.26
903493 55 0.26
899520 54 0.26
941374 57 0.27
940875 57 0.27
944844 57 0.27
937695 57 0.27
903395 55 0.26
899488 54 0.26
948822 57 0.27
938431 57 0.27
946301 57 0.27
948406 57 0.27
938697 57 0.27
938627 57 0.27
940941 57 0.27
938735 57 0.27
903242 55 0.26
938655 57 0.27
943103 57 0.27
937820 57 0.27
947020 57 0.27
941622 57 0.27
944506 57 0.27
939007 57 0.27
946440 57 0.27
940854 57 0.27
942544 57 0.27
941598 57 0.27
949226 57 0.27
937290 57 0.27
942656 57 0.27
903993 55 0.26
939549 57 0.27
937744 57 0.27
900138 54 0.26
942875 57 0.27
912613 55 0.26
903483 55 0.26
903489 55 0.26
903032 55 0.26
946674 57 0.27
903430 55 0.26
942352 57 0.27
899468 54 0.26
900284 54 0.26
900351 54 0.26
903280 55 0.26
900396 54 0.26
899464 54 0.26
900194 54 0.26
899440 54 0.26
904377 55 0.26
903000 55 0.26
900955 54 0.26
903019 55 0.26
902746 55 0.26
903706 55 0.26
20902323 1275 5.97
944241 57 0.27
902742 55 0.26
903273 55 0.26
1133532 69 0.32
900871 54 0.26
902830 55 0.26
941315 57 0.27
903246 55 0.26
904188 55 0.26
903256 55 0.26
907002 55 0.26
943846 57 0.27
21706015 1324 6.20
899601 54 0.26
1045291 63 0.30
941340 57 0.27
903120 55 0.26
903545 55 0.26
994059 60 0.28
903590 55 0.26
1036189 63 0.30
939098 57 0.27
903098 55 0.26
903420 55 0.26
903288 55 0.26
902955 55 0.26
1058621 64 0.30
900026 54 0.26
947760 57 0.27
903280 55 0.26
904097 55 0.26
937855 57 0.27
899426 54 0.26
903091 55 0.26
903049 55 0.26
942422 57 0.27
903901 55 0.26
903102 55 0.26
904031 55 0.26
903542 55 0.26
903940 55 0.26
942226 57 0.27
899296 54 0.26
934776 57 0.27
900414 54 0.26
904470 55 0.26
900295 54 0.26
903647 55 0.26
898909 54 0.26
903469 55 0.26
903158 55 0.26
904254 55 0.26
940373 57 0.27
902823 55 0.26
907519 55 0.26
938836 57 0.27
907909 55 0.26
907529 55 0.26
945672 57 0.27
907403 55 0.26
903381 55 0.26
903245 55 0.26
902841 55 0.26
906922 55 0.26
947792 57 0.27
942341 57 0.27
907306 55 0.26
907170 55 0.26
907431 55 0.26
907498 55 0.26
903577 55 0.26
906705 55 0.26
942656 57 0.27
902585 55 0.26
946074 57 0.27
905504 55 0.26
902917 55 0.26
903374 55 0.26
903123 55 0.26
903716 55 0.26
899402 54 0.26
900200 54 0.26
903458 55 0.26
939171 57 0.27
903664 55 0.26
903277 55 0.26
900389 54 0.26
904118 55 0.26
903399 55 0.26
902976 55 0.26
900002 54 0.26
934954 57 0.27
903409 55 0.26
899167 54 0.26
904062 55 0.26
904111 55 0.26
937199 57 0.27
939430 57 0.27
903416 55 0.26
938162 57 0.27
899398 54 0.26
941068 57 0.27
903532 55 0.26
903026 55 0.26
903514 55 0.26
902991 55 0.26
903427 55 0.26
903441 55 0.26
937223 57 0.27
946964 57 0.27
904167 55 0.26
903601 55 0.26
940771 57 0.27
940875 57 0.27
940334 57 0.27
939831 57 0.27
899335 54 0.26
21656438 1321 6.19
907550 55 0.26
22358483 1364 6.39
902921 55 0.26
903758 55 0.26
904701 55 0.26
903720 55 0.26
904380 55 0.26
1006890 61 0.29
903566 55 0.26
903326 55 0.26
903301 55 0.26
899468 54 0.26
902781 55 0.26
904345 55 0.26
903252 55 0.26
935799 57 0.27
938013 57 0.27
942205 57 0.27
902798 55 0.26
938868 57 0.27
903542 55 0.26
903605 55 0.26
903004 55 0.26
904261 55 0.26
906702 55 0.26
906629 55 0.26
902550 55 0.26
902292 55 0.26
903123 55 0.26
902355 55 0.26
902848 55 0.26
903451 55 0.26
937188 57 0.27
899499 54 0.26
903245 55 0.26
903842 55 0.26
900857 54 0.26
940578 57 0.27
903060 55 0.26
903507 55 0.26
938735 57 0.27
941521 57 0.27
903137 55 0.26
941535 57 0.27
941109 57 0.27
903263 55 0.26
941227 57 0.27
940885 57 0.27
940571 57 0.27
941643 57 0.27
22214196 1355 6.35
944527 57 0.27
23242561 1418 6.64
906768 55 0.26
19616345 1197 5.60
903772 55 0.26
903319 55 0.26
903783 55 0.26
903196 55 0.26
940645 57 0.27
903238 55 0.26
900358 54 0.26
936751 57 0.27
904014 55 0.26
903957 55 0.26
942328 57 0.27
899601 54 0.26
899136 54 0.26
899056 54 0.26
939981 57 0.27
943088 57 0.27
903818 55 0.26
903898 55 0.26
904254 55 0.26
903028 55 0.26
899366 54 0.26
900577 54 0.26
938235 57 0.27
903755 55 0.26
900522 54 0.26
944743 57 0.27
937841 57 0.27
945676 57 0.27
938086 57 0.27
907637 55 0.26
944245 57 0.27
941651 57 0.27
902452 55 0.26
904523 55 0.26
906461 55 0.26
903269 55 0.26
903469 55 0.26
903531 55 0.26
906544 55 0.26
943169 57 0.27
902973 55 0.26
903356 55 0.26
899761 54 0.26
903413 55 0.26
903227 55 0.26
904003 55 0.26
902983 55 0.26
903298 55 0.26
903532 55 0.26
909376 55 0.26
938036 57 0.27
904212 55 0.26
898986 54 0.26
903912 55 0.26
903290 55 0.26
908975 55 0.26
902558 55 0.26
903262 55 0.26
939251 57 0.27
904376 55 0.26
941116 57 0.27
903085 55 0.26
902390 55 0.26
903070 55 0.26
940218 57 0.27
941825 57 0.27
903081 55 0.26
900466 54 0.26
903950 55 0.26
903937 55 0.26
903410 55 0.26
899534 54 0.26
903643 55 0.26
904213 55 0.26
903403 55 0.26
903800 55 0.26
903898 55 0.26
903608 55 0.26
900142 54 0.26
903120 55 0.26
903280 55 0.26
903245 55 0.26
903609 55 0.26
903542 55 0.26
903451 55 0.26
909436 55 0.26
902600 55 0.26
908975 55 0.26
903043 55 0.26
899324 54 0.26
903455 55 0.26
938802 57 0.27
903120 55 0.26
900533 54 0.26
903790 55 0.26
903137 55 0.26
906887 55 0.26
21155729 1291 6.04
941545 57 0.27
22097361 1348 6.31
903350 55 0.26
899198 54 0.26
903169 55 0.26
20773673 1267 5.94
903521 55 0.26
21798390 1330 6.23
906988 55 0.26
22171053 1353 6.33
944635 57 0.27
23405973 1428 6.69
900022 54 0.26
21937901 1338 6.27
906296 55 0.26
23230683 1417 6.64
907591 55 0.26
23312835 1422 6.66
904324 55 0.26
1139565 69 0.33
904674 55 0.26
1259472 76 0.36
903479 55 0.26
903569 55 0.26
938557 57 0.27
959519 58 0.27
903262 55 0.26
902945 55 0.26
902833 55 0.26
903040 55 0.26
900857 54 0.26
902816 55 0.26
902861 55 0.26
904237 55 0.26
902899 55 0.26
900944 54 0.26
899649 54 0.26
944286 57 0.27
938037 57 0.27
900459 54 0.26
903594 55 0.26
947181 57 0.27
906461 55 0.26
907888 55 0.26
942415 57 0.27
942726 57 0.27
904243 55 0.26
903148 55 0.26
900386 54 0.26
902994 55 0.26
903106 55 0.26
903224 55 0.26
903542 55 0.26
935467 57 0.27
904045 55 0.26
903958 55 0.26
934385 57 0.27
899551 54 0.26
903894 55 0.26
904363 55 0.26
903458 55 0.26
902977 55 0.26
904439 55 0.26
941340 57 0.27
939374 57 0.27
900228 54 0.26
900769 54 0.26
903368 55 0.26
934839 57 0.27
940990 57 0.27
903542 55 0.26
902798 55 0.26
899198 54 0.26
903239 55 0.26
938567 57 0.27
901479 55 0.26
899394 54 0.26
935883 57 0.27
936081 57 0.27
903584 55 0.26
904823 55 0.26
941856 57 0.27
947288 57 0.27
941053 57 0.27
910699 55 0.26
945948 57 0.27
21308091 1300 6.09
944332 57 0.27
21564937 1316 6.16
939423 57 0.27
21922822 1338 6.26
945068 57 0.27
22088968 1348 6.31
903077 55 0.26
902453 55 0.26
902770 55 0.26
926201 56 0.26
902760 55 0.26
903545 55 0.26
941828 57 0.27
903874 55 0.26
908862 55 0.26
903175 55 0.26
941252 57 0.27
903500 55 0.26
904111 55 0.26
947320 57 0.27
906576 55 0.26
946312 57 0.27
938470 57 0.27
907613 55 0.26
903255 55 0.26
903382 55 0.26
903109 55 0.26
903186 55 0.26
899255 54 0.26
903762 55 0.26
903381 55 0.26
902792 55 0.26
937632 57 0.27
903099 55 0.26
939342 57 0.27
903130 55 0.26
903148 55 0.26
903950 55 0.26
903525 55 0.26
941609 57 0.27
903825 55 0.26
904115 55 0.26
935607 57 0.27
941225 57 0.27
899764 54 0.26
937199 57 0.27
937586 57 0.27
942135 57 0.27
903204 55 0.26
907124 55 0.26
21628657 1320 6.18
906475 55 0.26
20956969 1279 5.99
899921 54 0.26
903783 55 0.26
902903 55 0.26
903399 55 0.26
903821 55 0.26
899161 54 0.26
903723 55 0.26
903699 55 0.26
903291 55 0.26
1000372 61 0.29
903343 55 0.26
902774 55 0.26
902896 55 0.26
904135 55 0.26
904488 55 0.26
899325 54 0.26
903968 55 0.26
898424 54 0.26
903916 55 0.26
902868 55 0.26
942213 57 0.27
903168 55 0.26
903482 55 0.26
903769 55 0.26
941681 57 0.27
939737 57 0.27
903322 55 0.26
903525 55 0.26
907396 55 0.26
903545 55 0.26
906464 55 0.26
947282 57 0.27
907372 55 0.26
902952 55 0.26
898930 54 0.26
903074 55 0.26
936221 57 0.27
903759 55 0.26
903644 55 0.26
903169 55 0.26
903319 55 0.26
904058 55 0.26
935718 57 0.27
901137 55 0.26
939538 57 0.27
936130 57 0.27
899775 54 0.26
942093 57 0.27
904481 55 0.26
20783205 1268 5.94
902812 55 0.26
22253191 1358 6.36
900811 54 0.26
908570 55 0.26
903961 55 0.26
1078895 65 0.31
899296 54 0.26
904017 55 0.26
902547 55 0.26
936357 57 0.27
899583 54 0.26
900602 54 0.26
902892 55 0.26
938417 57 0.27
900494 54 0.26
944070 57 0.27
903769 55 0.26
942279 57 0.27
907375 55 0.26
900383 54 0.26
906506 55 0.26
900121 54 0.26
901181 55 0.26
937356 57 0.27
903958 55 0.26
899743 54 0.26
934437 57 0.27
903769 55 0.26
939349 57 0.27
901067 54 0.26
903514 55 0.26
941601 57 0.27
903915 55 0.26
903402 55 0.26
940973 57 0.27
903646 55 0.26
903566 55 0.26
900543 54 0.26
934779 57 0.27
947212 57 0.27
21119614 1289 6.03
907208 55 0.26
21076241 1286 6.02
907089 55 0.26
1103674 67 0.32
898836 54 0.26
899652 54 0.26
900819 54 0.26
935219 57 0.27
904055 55 0.26
905801 55 0.26
900620 54 0.26
902903 55 0.26
899712 54 0.26
903406 55 0.26
899879 54 0.26
899087 54 0.26
939185 57 0.27
944227 57 0.27
903060 55 0.26
903748 55 0.26
904282 55 0.26
903581 55 0.26
906765 55 0.26
903469 55 0.26
906007 55 0.26
903106 55 0.26
899960 54 0.26
900623 54 0.26
898801 54 0.26
902973 55 0.26
902865 55 0.26
902980 55 0.26
900368 54 0.26
903210 55 0.26
938745 57 0.27
903273 55 0.26
903546 55 0.26
900141 54 0.26
903598 55 0.26
936497 57 0.27
899404 54 0.26
903455 55 0.26
939304 57 0.27
903416 55 0.26
935998 57 0.27
902760 55 0.26
943389 57 0.27
904059 55 0.26
938448 57 0.27
903678 55 0.26
900659 54 0.26
936573 57 0.27
900194 54 0.26
936651 57 0.27
902997 55 0.26
902718 55 0.26
902983 55 0.26
935421 57 0.27
903489 55 0.26
936490 57 0.27
900774 54 0.26
900770 54 0.26
901070 54 0.26
902875 55 0.26
900277 54 0.26
941657 57 0.27
936458 57 0.27
900822 54 0.26
934444 57 0.27
899806 54 0.26
899450 54 0.26
933697 56 0.27
903364 55 0.26
943933 57 0.27
22001876 1342 6.29
945937 57 0.27
903567 55 0.26
939112 57 0.27
22674695 1383 6.48
907040 55 0.26
942035 57 0.27
942160 57 0.27
903273 55 0.26
942296 57 0.27
903151 55 0.26
900138 54 0.26
935069 57 0.27
938522 57 0.27
900166 54 0.26
900987 54 0.26
902952 55 0.26
940431 57 0.27
941591 57 0.27
941336 57 0.27
902557 55 0.26
940983 57 0.27
903333 55 0.26
900564 54 0.26
939982 57 0.27
902941 55 0.26
938557 57 0.27
904206 55 0.26
23182935 1414 6.62
906328 55 0.26
22507330 1373 6.43
904791 55 0.26
903681 55 0.26
945221 57 0.27
903158 55 0.26
907616 55 0.26
21748365 1327 6.21
907714 55 0.26
21407375 1306 6.12
944642 57 0.27
21844158 1333 6.24
907127 55 0.26
20590129 1256 5.88
907121 55 0.26
19658286 1199 5.62
942369 57 0.27
21177437 1292 6.05
903200 55 0.26
898783 54 0.26
943064 57 0.27
21587916 1317 6.17
907170 55 0.26
22131727 1350 6.32
944555 57 0.27
22566997 1377 6.45
941500 57 0.27
22523586 1374 6.44
945002 57 0.27
22363029 1364 6.39
907358 55 0.26
21361020 1303 6.10
906845 55 0.26
21874117 1335 6.25
902893 55 0.26
22526309 1374 6.44
940568 57 0.27
21833460 1332 6.24
942362 57 0.27
21446604 1308 6.13
903028 55 0.26
20694621 1263 5.91
900292 54 0.26
899600 54 0.26
900783 54 0.26
904157 55 0.26
904121 55 0.26
21965290 1340 6.28
906573 55 0.26
21182448 1292 6.05
899638 54 0.26
899210 54 0.26
899980 54 0.26
22698912 1385 6.49
899196 54 0.26
20258939 1236 5.79
900638 54 0.26
1055511 64 0.30
903437 55 0.26
903529 55 0.26
904349 55 0.26
21932653 1338 6.27
902806 55 0.26
922050 56 0.26
903880 55 0.26
20755175 1266 5.93
903399 55 0.26
20784835 1268 5.94
945344 57 0.27
20234151 1234 5.78
906430 55 0.26
22410344 1367 6.40
904575 55 0.26
20022591 1222 5.72
903346 55 0.26
22161057 1352 6.33
903319 55 0.26
1011756 61 0.29
903769 55 0.26
1111341 67 0.32
904216 55 0.26
1264953 77 0.36
903660 55 0.26
903288 55 0.26
904164 55 0.26
903790 55 0.26
940778 57 0.27
908828 55 0.26
937893 57 0.27
942648 57 0.27
937960 57 0.27
903657 55 0.26
900773 54 0.26
903280 55 0.26
901004 54 0.26
936095 57 0.27
938543 57 0.27
903870 55 0.26
900833 54 0.26
903008 55 0.26
902746 55 0.26
940575 57 0.27
938655 57 0.27
900724 54 0.26
900340 54 0.26
903839 55 0.26
936186 57 0.27
903248 55 0.26
902844 55 0.26
899789 54 0.26
933467 56 0.27
899212 54 0.26
899376 54 0.26
903734 55 0.26
904090 55 0.26
941074 57 0.27
903305 55 0.26
899506 54 0.26
898769 54 0.26
904104 55 0.26
940714 57 0.27
945669 57 0.27
900155 54 0.26
903755 55 0.26
21725469 1326 6.21
907396 55 0.26
22023938 1344 6.29
903276 55 0.26
1073560 65 0.31
903067 55 0.26
949184 57 0.27
901102 54 0.26
903660 55 0.26
900201 54 0.26
899304 54 0.26
899562 54 0.26
902739 55 0.26
899537 54 0.26
902808 55 0.26
900288 54 0.26
934688 57 0.27
903724 55 0.26
903836 55 0.26
903790 55 0.26
935432 57 0.27
938767 57 0.27
911460 55 0.26
903828 55 0.26
20168453 1230 5.76
902736 55 0.26
23480877 1433 6.71
907480 55 0.26
19605807 1196 5.60
907166 55 0.26
21069034 1285 6.02
904300 55 0.26
903283 55 0.26
903988 55 0.26
925349 56 0.26
900037 54 0.26
903018 55 0.26
902956 55 0.26
903465 55 0.26
903183 55 0.26
903384 55 0.26
903099 55 0.26
904334 55 0.26
903759 55 0.26
900460 54 0.26
939280 57 0.27
907173 55 0.26
906283 55 0.26
945927 57 0.27
906335 55 0.26
903018 55 0.26
903758 55 0.26
903022 55 0.26
903986 55 0.26
903454 55 0.26
902990 55 0.26
900724 54 0.26
901259 55 0.26
899342 54 0.26
933976 57 0.27
903329 55 0.26
904998 55 0.26
903800 55 0.26
903622 55 0.26
936832 57 0.27
937753 57 0.27
902987 55 0.26
902952 55 0.26
941986 57 0.27
904062 55 0.26
937293 57 0.27
900330 54 0.26
901011 54 0.26
934853 57 0.27
935034 57 0.27
903294 55 0.26
903822 55 0.26
937572 57 0.27
900407 54 0.26
937903 57 0.27
903748 55 0.26
903867 55 0.26
903354 55 0.26
903842 55 0.26
941577 57 0.27
903207 55 0.26
941458 57 0.27
900295 54 0.26
942949 57 0.27
22091772 1348 6.31
906865 55 0.26
21449159 1309 6.13
899726 54 0.26
903664 55 0.26
904066 55 0.26
1031975 62 0.29
903794 55 0.26
900008 54 0.26
904069 55 0.26
940180 57 0.27
903786 55 0.26
902630 55 0.26
903137 55 0.26
899359 54 0.26
899953 54 0.26
903091 55 0.26
908632 55 0.26
940201 57 0.27
940693 57 0.27
900833 54 0.26
938505 57 0.27
940648 57 0.27
22051115 1345 6.30
906450 55 0.26
20480724 1250 5.85
903417 55 0.26
903856 55 0.26
903518 55 0.26
900557 54 0.26
900194 54 0.26
903968 55 0.26
938815 57 0.27
900794 54 0.26
903800 55 0.26
903116 55 0.26
903737 55 0.26
943714 57 0.27
903496 55 0.26
