437048 53 0.12
439059 53 0.13
438064 53 0.13
436744 53 0.12
819599 100 0.23
436691 53 0.12
438895 53 0.13
437251 53 0.12
437809 53 0.13
438566 53 0.13
438434 53 0.13
436304 53 0.12
484098 59 0.14
438309 53 0.13
438968 53 0.13
438402 53 0.13
435903 53 0.12
438085 53 0.13
436856 53 0.12
487125 59 0.14
483790 59 0.14
438686 53 0.13
438476 53 0.13
436472 53 0.12
438469 53 0.13
439052 53 0.13
436416 53 0.12
438818 53 0.13
438724 53 0.13
436807 53 0.12
20373867 2487 5.82
438441 53 0.13
438106 53 0.13
438657 53 0.13
438609 53 0.13
478124 58 0.14
437260 53 0.12
436737 53 0.12
436388 53 0.12
438717 53 0.13
486688 59 0.14
438745 53 0.13
438693 53 0.13
442394 54 0.13
443092 54 0.13
436391 53 0.12
436018 53 0.12
436102 53 0.12
436748 53 0.12
435969 53 0.12
438437 53 0.13
437897 53 0.13
436277 53 0.12
438770 53 0.13
438769 53 0.13
437600 53 0.13
483274 58 0.14
441998 53 0.13
443081 54 0.13
440291 53 0.13
465670 56 0.13
438238 53 0.13
435899 53 0.12
438319 53 0.13
439059 53 0.13
439192 53 0.13
483602 59 0.14
436598 53 0.12
438759 53 0.13
439496 53 0.13
440249 53 0.13
548510 66 0.16
436577 53 0.12
478299 58 0.14
437823 53 0.13
438975 53 0.13
478015 58 0.14
438393 53 0.13
481612 58 0.14
438078 53 0.13
438340 53 0.13
438679 53 0.13
438469 53 0.13
438724 53 0.13
438640 53 0.13
439139 53 0.13
438793 53 0.13
436808 53 0.12
478393 58 0.14
438180 53 0.13
438835 53 0.13
438710 53 0.13
437823 53 0.13
438333 53 0.13
476926 58 0.14
438731 53 0.13
31596168 3856 9.03
439272 53 0.13
438616 53 0.13
438835 53 0.13
438235 53 0.13
437066 53 0.12
438769 53 0.13
439164 53 0.13
438452 53 0.13
439062 53 0.13
438954 53 0.13
438399 53 0.13
438605 53 0.13
438969 53 0.13
438266 53 0.13
481458 58 0.14
438849 53 0.13
438972 53 0.13
482474 58 0.14
436524 53 0.12
438961 53 0.13
437603 53 0.13
439370 53 0.13
437980 53 0.13
438358 53 0.13
436510 53 0.12
438633 53 0.13
438095 53 0.13
438294 53 0.13
439293 53 0.13
438745 53 0.13
439118 53 0.13
439178 53 0.13
439254 53 0.13
438947 53 0.13
439132 53 0.13
438651 53 0.13
437984 53 0.13
811322 99 0.23
447229 54 0.13
442697 54 0.13
442508 54 0.13
20714460 2528 5.92
435934 53 0.12
436168 53 0.12
438194 53 0.13
438717 53 0.13
439087 53 0.13
437348 53 0.12
439230 53 0.13
438046 53 0.13
439042 53 0.13
438892 53 0.13
439063 53 0.13
441950 53 0.13
438563 53 0.13
439383 53 0.13
436203 53 0.12
436200 53 0.12
437097 53 0.12
436632 53 0.12
439017 53 0.13
480910 58 0.14
436213 53 0.12
439020 53 0.13
440658 53 0.13
442771 54 0.13
439035 53 0.13
486747 59 0.14
482393 58 0.14
442651 54 0.13
442526 54 0.13
438580 53 0.13
443364 54 0.13
440762 53 0.13
440540 53 0.13
21042204 2568 6.01
438305 53 0.13
438696 53 0.13
438458 53 0.13
437261 53 0.12
439265 53 0.13
439153 53 0.13
437868 53 0.13
438623 53 0.13
438805 53 0.13
439408 53 0.13
438699 53 0.13
438999 53 0.13
436989 53 0.12
438535 53 0.13
486862 59 0.14
438814 53 0.13
438538 53 0.13
438779 53 0.13
438375 53 0.13
436392 53 0.12
436423 53 0.12
442592 54 0.13
21421689 2614 6.12
435965 53 0.12
437236 53 0.12
436852 53 0.12
436025 53 0.12
437108 53 0.12
436189 53 0.12
437628 53 0.13
436050 53 0.12
436954 53 0.12
438235 53 0.13
479559 58 0.14
436088 53 0.12
440630 53 0.13
440944 53 0.13
677037 82 0.19
438116 53 0.13
438105 53 0.13
436940 53 0.12
438291 53 0.13
438538 53 0.13
438769 53 0.13
438221 53 0.13
436712 53 0.12
436517 53 0.12
436332 53 0.12
438940 53 0.13
443321 54 0.13
438783 53 0.13
438535 53 0.13
445249 54 0.13
478903 58 0.14
437820 53 0.13
438930 53 0.13
477177 58 0.14
438249 53 0.13
481294 58 0.14
437149 53 0.12
438239 53 0.13
486178 59 0.14
438490 53 0.13
439007 53 0.13
439247 53 0.13
436307 53 0.12
438842 53 0.13
438546 53 0.13
440919 53 0.13
443647 54 0.13
479097 58 0.14
483050 58 0.14
438273 53 0.13
438940 53 0.13
439265 53 0.13
436360 53 0.12
485197 59 0.14
437251 53 0.12
438675 53 0.13
436343 53 0.12
438354 53 0.13
439321 53 0.13
438211 53 0.13
439370 53 0.13
438800 53 0.13
438358 53 0.13
485836 59 0.14
437966 53 0.13
436835 53 0.12
438864 53 0.13
436437 53 0.12
436765 53 0.12
436378 53 0.12
437041 53 0.12
438825 53 0.13
438116 53 0.13
438444 53 0.13
439520 53 0.13
436511 53 0.12
443430 54 0.13
484247 59 0.14
436029 53 0.12
438193 53 0.13
438944 53 0.13
439383 53 0.13
439136 53 0.13
438605 53 0.13
439055 53 0.13
437963 53 0.13
436681 53 0.12
436283 53 0.12
436877 53 0.12
441224 53 0.13
436406 53 0.12
437045 53 0.12
439251 53 0.13
575888 70 0.16
438347 53 0.13
438675 53 0.13
436587 53 0.12
438822 53 0.13
438884 53 0.13
439380 53 0.13
489153 59 0.14
438601 53 0.13
436590 53 0.12
436332 53 0.12
436629 53 0.12
437009 53 0.12
478504 58 0.14
486932 59 0.14
438480 53 0.13
439342 53 0.13
480124 58 0.14
489823 59 0.14
488849 59 0.14
20988454 2562 6.00
437955 53 0.13
438780 53 0.13
437974 53 0.13
436626 53 0.12
436126 53 0.12
436702 53 0.12
439467 53 0.13
436859 53 0.12
438867 53 0.13
438552 53 0.13
438211 53 0.13
479032 58 0.14
436723 53 0.12
437851 53 0.13
438221 53 0.13
436490 53 0.12
438919 53 0.13
438361 53 0.13
438204 53 0.13
438169 53 0.13
436925 53 0.12
438588 53 0.13
437240 53 0.12
437041 53 0.12
482034 58 0.14
438179 53 0.13
438423 53 0.13
481448 58 0.14
485924 59 0.14
437041 53 0.12
436849 53 0.12
438594 53 0.13
437879 53 0.13
438291 53 0.13
438438 53 0.13
439538 53 0.13
438266 53 0.13
438700 53 0.13
439160 53 0.13
436745 53 0.12
481039 58 0.14
438835 53 0.13
436224 53 0.12
437062 53 0.12
824620 100 0.24
436402 53 0.12
437892 53 0.13
442372 54 0.13
21437980 2616 6.13
438591 53 0.13
438071 53 0.13
436612 53 0.12
437994 53 0.13
436974 53 0.12
438312 53 0.13
439411 53 0.13
438811 53 0.13
480473 58 0.14
487533 59 0.14
439122 53 0.13
482869 58 0.14
438253 53 0.13
438158 53 0.13
436437 53 0.12
436702 53 0.12
438853 53 0.13
438263 53 0.13
437108 53 0.12
438403 53 0.13
731310 89 0.21
436692 53 0.12
438396 53 0.13
438165 53 0.13
438448 53 0.13
438102 53 0.13
438769 53 0.13
438860 53 0.13
438584 53 0.13
438175 53 0.13
438797 53 0.13
437309 53 0.12
437764 53 0.13
485487 59 0.14
442952 54 0.13
489649 59 0.14
442068 53 0.13
21281889 2597 6.08
438811 53 0.13
436273 53 0.12
436507 53 0.12
439119 53 0.13
436105 53 0.12
439150 53 0.13
438047 53 0.13
438294 53 0.13
436640 53 0.12
437138 53 0.12
485784 59 0.14
438605 53 0.13
484283 59 0.14
489509 59 0.14
591432 72 0.17
436967 53 0.12
438748 53 0.13
436311 53 0.12
438078 53 0.13
437883 53 0.13
486545 59 0.14
438354 53 0.13
442456 54 0.13
438846 53 0.13
438413 53 0.13
437013 53 0.12
438943 53 0.13
438414 53 0.13
437173 53 0.12
437956 53 0.13
439306 53 0.13
492305 60 0.14
438347 53 0.13
438378 53 0.13
438707 53 0.13
438633 53 0.13
438288 53 0.13
436803 53 0.12
436346 53 0.12
439513 53 0.13
477384 58 0.14
439317 53 0.13
436946 53 0.12
826456 100 0.24
479534 58 0.14
441786 53 0.13
440658 53 0.13
437973 53 0.13
436406 53 0.12
436154 53 0.12
436828 53 0.12
438228 53 0.13
439482 53 0.13
438263 53 0.13
438769 53 0.13
438403 53 0.13
443259 54 0.13
442875 54 0.13
436102 53 0.12
438441 53 0.13
438825 53 0.13
438689 53 0.13
436835 53 0.12
438448 53 0.13
438542 53 0.13
437247 53 0.12
438385 53 0.13
438266 53 0.13
483486 59 0.14
439135 53 0.13
483570 59 0.14
491324 59 0.14
21821035 2663 6.23
438577 53 0.13
436835 53 0.12
436566 53 0.12
435976 53 0.12
442567 54 0.13
442823 54 0.13
20244655 2471 5.78
437865 53 0.13
442068 53 0.13
442170 53 0.13
449142 54 0.13
436839 53 0.12
437073 53 0.12
437191 53 0.12
438281 53 0.13
436947 53 0.12
436695 53 0.12
436496 53 0.12
477576 58 0.14
436538 53 0.12
439391 53 0.13
439489 53 0.13
474870 57 0.14
437114 53 0.12
436919 53 0.12
815116 99 0.23
441933 53 0.13
438284 53 0.13
436368 53 0.12
437491 53 0.12
436852 53 0.12
438120 53 0.13
436566 53 0.12
436608 53 0.12
439049 53 0.13
437976 53 0.13
438975 53 0.13
436252 53 0.12
438424 53 0.13
441552 53 0.13
21925828 2676 6.26
438221 53 0.13
436503 53 0.12
438138 53 0.13
438829 53 0.13
436169 53 0.12
438661 53 0.13
445385 54 0.13
475254 58 0.14
437760 53 0.13
439132 53 0.13
481109 58 0.14
438923 53 0.13
480442 58 0.14
437673 53 0.13
438594 53 0.13
438884 53 0.13
435847 53 0.12
437436 53 0.12
436493 53 0.12
437341 53 0.12
438252 53 0.13
438043 53 0.13
437956 53 0.13
435819 53 0.12
435959 53 0.12
435637 53 0.12
442582 54 0.13
441506 53 0.13
438252 53 0.13
614322 74 0.18
434611 53 0.12
432638 52 0.12
436220 53 0.12
444945 54 0.13
436821 53 0.12
438508 53 0.13
432051 52 0.12
439764 53 0.13
484429 59 0.14
438291 53 0.13
21624691 2639 6.18
432206 52 0.12
434150 52 0.12
434328 53 0.12
431846 52 0.12
432069 52 0.12
432209 52 0.12
431713 52 0.12
434059 52 0.12
431706 52 0.12
435424 53 0.12
440787 53 0.13
476843 58 0.14
434035 52 0.12
437705 53 0.13
437865 53 0.13
434101 52 0.12
433459 52 0.12
478159 58 0.14
433699 52 0.12
436702 53 0.12
433050 52 0.12
432558 52 0.12
436406 53 0.12
435410 53 0.12
433071 52 0.12
433805 52 0.12
472046 57 0.13
435201 53 0.12
434164 52 0.12
434276 53 0.12
433959 52 0.12
431895 52 0.12
475767 58 0.14
438825 53 0.13
433717 52 0.12
434151 52 0.12
435249 53 0.12
432722 52 0.12
433036 52 0.12
434391 53 0.12
438793 53 0.13
434122 52 0.12
434241 53 0.12
431902 52 0.12
478501 58 0.14
434160 52 0.12
483105 58 0.14
438217 53 0.13
431860 52 0.12
432143 52 0.12
432478 52 0.12
431371 52 0.12
437425 53 0.12
434304 53 0.12
437404 53 0.12
438322 53 0.13
438046 53 0.13
486440 59 0.14
440414 53 0.13
703592 85 0.20
437582 53 0.13
436992 53 0.12
437799 53 0.13
438378 53 0.13
436109 53 0.12
438881 53 0.13
435808 53 0.12
437009 53 0.12
437942 53 0.13
435802 53 0.12
436364 53 0.12
437844 53 0.13
436940 53 0.12
442142 53 0.13
437219 53 0.12
437659 53 0.13
438134 53 0.13
436472 53 0.12
437136 53 0.12
438437 53 0.13
438018 53 0.13
436727 53 0.12
436496 53 0.12
441723 53 0.13
439935 53 0.13
436964 53 0.12
437991 53 0.13
438039 53 0.13
436050 53 0.12
501914 61 0.14
435937 53 0.12
438462 53 0.13
437687 53 0.13
438700 53 0.13
438504 53 0.13
483347 59 0.14
480048 58 0.14
436825 53 0.12
436192 53 0.12
480142 58 0.14
20793700 2538 5.94
436039 53 0.12
435931 53 0.12
435914 53 0.12
436147 53 0.12
435603 53 0.12
437914 53 0.13
437872 53 0.13
437446 53 0.12
437352 53 0.12
436441 53 0.12
437355 53 0.12
436482 53 0.12
436961 53 0.12
437383 53 0.12
437565 53 0.13
437645 53 0.13
437575 53 0.13
436758 53 0.12
475205 58 0.14
432900 52 0.12
434119 52 0.12
432559 52 0.12
479363 58 0.14
433347 52 0.12
436406 53 0.12
435285 53 0.12
432966 52 0.12
432369 52 0.12
431989 52 0.12
474221 57 0.14
434534 53 0.12
437139 53 0.12
432981 52 0.12
437414 53 0.12
486660 59 0.14
476770 58 0.14
437121 53 0.12
436025 53 0.12
480170 58 0.14
436420 53 0.12
436776 53 0.12
438273 53 0.13
437132 53 0.12
436667 53 0.12
435962 53 0.12
436951 53 0.12
436814 53 0.12
441894 53 0.13
441723 53 0.13
442791 54 0.13
461016 56 0.13
434810 53 0.12
435853 53 0.12
435411 53 0.12
437596 53 0.13
436245 53 0.12
487006 59 0.14
438057 53 0.13
437114 53 0.12
437415 53 0.12
486657 59 0.14
21962961 2681 6.28
438543 53 0.13
437108 53 0.12
438731 53 0.13
436318 53 0.12
438217 53 0.13
438829 53 0.13
436335 53 0.12
441359 53 0.13
437802 53 0.13
438682 53 0.13
438413 53 0.13
438105 53 0.13
438679 53 0.13
438095 53 0.13
438256 53 0.13
438559 53 0.13
437819 53 0.13
436123 53 0.12
476218 58 0.14
438462 53 0.13
438790 53 0.13
19116951 2333 5.46
438531 53 0.13
439317 53 0.13
438532 53 0.13
438993 53 0.13
436297 53 0.12
438923 53 0.13
438637 53 0.13
438651 53 0.13
436660 53 0.12
438120 53 0.13
438494 53 0.13
437750 53 0.13
438787 53 0.13
438116 53 0.13
800160 97 0.23
442058 53 0.13
490615 59 0.14
438089 53 0.13
438414 53 0.13
438368 53 0.13
436689 53 0.12
439226 53 0.13
476996 58 0.14
438301 53 0.13
438154 53 0.13
438693 53 0.13
477402 58 0.14
438295 53 0.13
436416 53 0.12
714230 87 0.20
442641 54 0.13
442750 54 0.13
441849 53 0.13
436169 53 0.12
436881 53 0.12
438497 53 0.13
438319 53 0.13
438378 53 0.13
436276 53 0.12
438085 53 0.13
437976 53 0.13
438441 53 0.13
434905 53 0.12
438532 53 0.13
437565 53 0.13
437418 53 0.12
437921 53 0.13
436619 53 0.12
430694 52 0.12
432237 52 0.12
432442 52 0.12
431615 52 0.12
430900 52 0.12
432628 52 0.12
473846 57 0.14
430763 52 0.12
430446 52 0.12
433032 52 0.12
438587 53 0.13
433417 52 0.12
431776 52 0.12
440867 53 0.13
436881 53 0.12
440885 53 0.13
434674 53 0.12
432868 52 0.12
431863 52 0.12
432164 52 0.12
430257 52 0.12
432673 52 0.12
432541 52 0.12
475795 58 0.14
431748 52 0.12
437293 53 0.12
481574 58 0.14
758382 92 0.22
437907 53 0.13
433966 52 0.12
434684 53 0.12
433159 52 0.12
433410 52 0.12
430323 52 0.12
430536 52 0.12
433749 52 0.12
432097 52 0.12
480320 58 0.14
436685 53 0.12
435131 53 0.12
435372 53 0.12
437931 53 0.13
435899 53 0.12
441004 53 0.13
441552 53 0.13
437547 53 0.13
437076 53 0.12
435571 53 0.12
435976 53 0.12
431504 52 0.12
431281 52 0.12
432237 52 0.12
435173 53 0.12
475062 57 0.14
471671 57 0.13
436189 53 0.12
435281 53 0.12
19343481 2361 5.53
441971 53 0.13
440676 53 0.13
440781 53 0.13
22819943 2785 6.52
436971 53 0.12
430707 52 0.12
432314 52 0.12
434081 52 0.12
473557 57 0.14
484286 59 0.14
433288 52 0.12
432460 52 0.12
435819 53 0.12
436657 53 0.12
438323 53 0.13
440923 53 0.13
438256 53 0.13
436109 53 0.12
437205 53 0.12
438263 53 0.13
437251 53 0.12
435449 53 0.12
437547 53 0.13
435149 53 0.12
437418 53 0.12
437736 53 0.13
438940 53 0.13
481898 58 0.14
437429 53 0.12
438354 53 0.13
479293 58 0.14
436297 53 0.12
437847 53 0.13
437537 53 0.13
437656 53 0.13
437659 53 0.13
434807 53 0.12
436689 53 0.12
437694 53 0.13
437708 53 0.13
435666 53 0.12
477024 58 0.14
436758 53 0.12
432464 52 0.12
435956 53 0.12
432796 52 0.12
435539 53 0.12
436199 53 0.12
432904 52 0.12
472018 57 0.13
440029 53 0.13
487086 59 0.14
20774053 2535 5.94
479524 58 0.14
434807 53 0.12
437670 53 0.13
435501 53 0.12
438500 53 0.13
436877 53 0.12
437072 53 0.12
438517 53 0.13
436444 53 0.12
438029 53 0.13
438668 53 0.13
437823 53 0.13
438608 53 0.13
438727 53 0.13
494038 60 0.14
438022 53 0.13
436486 53 0.12
436039 53 0.12
436409 53 0.12
438172 53 0.13
437065 53 0.12
437603 53 0.13
438235 53 0.13
436105 53 0.12
436723 53 0.12
438001 53 0.13
436643 53 0.12
438162 53 0.13
438039 53 0.13
485455 59 0.14
477244 58 0.14
436569 53 0.12
485847 59 0.14
438688 53 0.13
436859 53 0.12
438022 53 0.13
437816 53 0.13
437684 53 0.13
439513 53 0.13
438989 53 0.13
435763 53 0.12
437893 53 0.13
487121 59 0.14
438441 53 0.13
437641 53 0.13
441730 53 0.13
436908 53 0.12
438133 53 0.13
436451 53 0.12
435690 53 0.12
438120 53 0.13
473166 57 0.14
432935 52 0.12
430533 52 0.12
430372 52 0.12
439192 53 0.13
442005 53 0.13
437760 53 0.13
437226 53 0.12
433393 52 0.12
433627 52 0.12
432803 52 0.12
434639 53 0.12
432607 52 0.12
437059 53 0.12
433473 52 0.12
430763 52 0.12
438061 53 0.13
431968 52 0.12
435767 53 0.12
432401 52 0.12
438413 53 0.13
437345 53 0.12
609221 74 0.17
432596 52 0.12
429712 52 0.12
432139 52 0.12
472572 57 0.14
429741 52 0.12
431825 52 0.12
482481 58 0.14
437414 53 0.12
440839 53 0.13
441063 53 0.13
19294350 2355 5.51
436535 53 0.12
437512 53 0.13
436350 53 0.12
436747 53 0.12
436699 53 0.12
436971 53 0.12
436925 53 0.12
478536 58 0.14
436660 53 0.12
438012 53 0.13
486161 59 0.14
436332 53 0.12
438357 53 0.13
437306 53 0.12
437932 53 0.13
437411 53 0.12
435344 53 0.12
436811 53 0.12
437457 53 0.12
