1837232 56 0.52
1824915 55 0.52
1823905 55 0.52
1832885 55 0.52
1858844 56 0.53
1833279 55 0.52
1868403 57 0.53
1826283 55 0.52
1825641 55 0.52
1860565 56 0.53
1870396 57 0.53
1868553 57 0.53
1866901 56 0.53
1869978 57 0.53
1838555 56 0.53
1836460 56 0.52
1871374 57 0.53
1829924 55 0.52
1867903 57 0.53
1836024 56 0.52
1829690 55 0.52
1839019 56 0.53
1829352 55 0.52
1832232 55 0.52
1829638 55 0.52
1832358 55 0.52
1870005 57 0.53
1870494 57 0.53
1872145 57 0.53
1836453 56 0.52
1862139 56 0.53
1871755 57 0.53
1861888 56 0.53
1869362 57 0.53
1835508 56 0.52
1835800 56 0.52
1867013 56 0.53
1832323 55 0.52
1835431 56 0.52
1833381 55 0.52
1838677 56 0.53
1828908 55 0.52
1835643 56 0.52
1833433 55 0.52
1828633 55 0.52
1836094 56 0.52
1838398 56 0.53
1839518 56 0.53
1861699 56 0.53
1839767 56 0.53
1870285 57 0.53
1870815 57 0.53
1836083 56 0.52
1870288 57 0.53
1872459 57 0.53
1870462 57 0.53
1836674 56 0.52
1871817 57 0.53
1866825 56 0.53
1874798 57 0.54
1866891 56 0.53
20866592 636 5.96
1860837 56 0.53
22756201 694 6.50
1869866 57 0.53
1829442 55 0.52
1870037 57 0.53
1863654 56 0.53
1869674 57 0.53
1835856 56 0.52
1862907 56 0.53
1873388 57 0.54
1863316 56 0.53
1859256 56 0.53
1832561 55 0.52
1863071 56 0.53
1871988 57 0.53
1868891 57 0.53
1868559 57 0.53
1869108 57 0.53
1835350 56 0.52
1862216 56 0.53
1828874 55 0.52
1836349 56 0.52
1839442 56 0.53
1868832 57 0.53
1836048 56 0.52
1835413 56 0.52
1867034 56 0.53
1835371 56 0.52
1835381 56 0.52
1858099 56 0.53
1832930 55 0.52
1835332 56 0.52
1839092 56 0.53
1835542 56 0.52
1867314 56 0.53
1833081 55 0.52
1833032 55 0.52
1839519 56 0.53
1839166 56 0.53
1842957 56 0.53
1869520 57 0.53
1836537 56 0.52
1872841 57 0.54
1827746 55 0.52
1875424 57 0.54
1873539 57 0.54
1870469 57 0.53
1841648 56 0.53
1831820 55 0.52
1876970 57 0.54
1870124 57 0.53
1839226 56 0.53
1869988 57 0.53
1870627 57 0.53
1837180 56 0.52
1869715 57 0.53
1870759 57 0.53
1832694 55 0.52
1870068 57 0.53
1836914 56 0.52
1837033 56 0.52
1875235 57 0.54
1836548 56 0.52
1865969 56 0.53
1832372 55 0.52
1866416 56 0.53
1839089 56 0.53
1873486 57 0.54
1868588 57 0.53
1871643 57 0.53
1871108 57 0.53
1836244 56 0.52
1877358 57 0.54
1836327 56 0.52
1870917 57 0.53
1870431 57 0.53
1836048 56 0.52
1867470 56 0.53
1835978 56 0.52
1866311 56 0.53
1860425 56 0.53
1858567 56 0.53
1868654 57 0.53
1866674 56 0.53
1863916 56 0.53
1836377 56 0.52
1867195 56 0.53
1863819 56 0.53
1836282 56 0.52
1869590 57 0.53
1865767 56 0.53
1863526 56 0.53
1858435 56 0.53
1870256 57 0.53
1873095 57 0.54
1862408 56 0.53
1832243 55 0.52
1869618 57 0.53
1838747 56 0.53
1869991 57 0.53
1869813 57 0.53
1832246 55 0.52
1869387 57 0.53
1832389 55 0.52
1873511 57 0.54
1869656 57 0.53
1836226 56 0.52
1860704 56 0.53
1866588 56 0.53
1868951 57 0.53
1867178 56 0.53
1859021 56 0.53
1832683 55 0.52
1870022 57 0.53
1833053 55 0.52
1833098 55 0.52
1858655 56 0.53
1824408 55 0.52
1835898 56 0.52
1862593 56 0.53
1873141 57 0.54
1857126 56 0.53
1869800 57 0.53
1873008 57 0.54
1870274 57 0.53
1869380 57 0.53
1868413 57 0.53
1872177 57 0.53
1832578 55 0.52
1858013 56 0.53
1866629 56 0.53
1862998 56 0.53
1869520 57 0.53
1877372 57 0.54
1870319 57 0.53
1866915 56 0.53
1867038 56 0.53
1839208 56 0.53
1839602 56 0.53
1832379 55 0.52
1835479 56 0.52
1865317 56 0.53
1824125 55 0.52
1833102 55 0.52
1832818 55 0.52
1832648 55 0.52
1867924 57 0.53
1866724 56 0.53
1835511 56 0.52
1832393 55 0.52
1832616 55 0.52
1867495 56 0.53
1868022 57 0.53
1832717 55 0.52
1833175 55 0.52
1832526 55 0.52
1832567 55 0.52
1832633 55 0.52
1873203 57 0.54
1865264 56 0.53
1827736 55 0.52
1859821 56 0.53
1866542 56 0.53
1872614 57 0.54
1864523 56 0.53
1870099 57 0.53
1865418 56 0.53
1869028 57 0.53
1869667 57 0.53
1869199 57 0.53
1868892 57 0.53
1866916 56 0.53
1862932 56 0.53
1839393 56 0.53
1865449 56 0.53
1836126 56 0.52
1866186 56 0.53
1834893 55 0.52
1832860 55 0.52
1862460 56 0.53
1867810 57 0.53
1870445 57 0.53
1866577 56 0.53
1869803 57 0.53
1871388 57 0.53
1866545 56 0.53
1863923 56 0.53
1832019 55 0.52
1871308 57 0.53
1870633 57 0.53
1869555 57 0.53
1832874 55 0.52
1872268 57 0.53
1837029 56 0.52
1868518 57 0.53
1873011 57 0.54
1870505 57 0.53
1832407 55 0.52
1864922 56 0.53
1870868 57 0.53
1831813 55 0.52
24287181 741 6.94
1829194 55 0.52
1824279 55 0.52
1833011 55 0.52
1835253 56 0.52
1858711 56 0.53
1864244 56 0.53
1836390 56 0.52
1867331 56 0.53
1864052 56 0.53
1836861 56 0.52
1867683 56 0.53
1873315 57 0.54
1870969 57 0.53
1875734 57 0.54
1864685 56 0.53
1870931 57 0.53
1837068 56 0.52
1865173 56 0.53
1866604 56 0.53
1829398 55 0.52
1862296 56 0.53
1871314 57 0.53
1828071 55 0.52
1863637 56 0.53
1873772 57 0.54
1868165 57 0.53
1866399 56 0.53
1870362 57 0.53
1877344 57 0.54
1871563 57 0.53
1869212 57 0.53
1872229 57 0.53
1867596 56 0.53
1828681 55 0.52
1862970 56 0.53
1872019 57 0.53
1868462 57 0.53
1839920 56 0.53
1871803 57 0.53
1871772 57 0.53
1835514 56 0.52
1838877 56 0.53
1867076 56 0.53
1873657 57 0.54
1866608 56 0.53
1838380 56 0.53
1870470 57 0.53
1867397 56 0.53
1832483 55 0.52
1835706 56 0.52
1869918 57 0.53
1834837 55 0.52
1868145 57 0.53
1839550 56 0.53
1864115 56 0.53
1833224 55 0.52
1832700 55 0.52
1824694 55 0.52
1870159 57 0.53
1836045 56 0.52
1835483 56 0.52
1835287 56 0.52
1823909 55 0.52
1835430 56 0.52
1858183 56 0.53
1824987 55 0.52
1867205 56 0.53
1856242 56 0.53
1838433 56 0.53
1832997 55 0.52
1835260 56 0.52
1828968 55 0.52
1834917 55 0.52
1833147 55 0.52
1836757 56 0.52
1839760 56 0.53
1838723 56 0.53
1836247 56 0.52
1839358 56 0.53
1860501 56 0.53
1835898 56 0.52
1831872 55 0.52
1870407 57 0.53
1832658 55 0.52
1838754 56 0.53
1838468 56 0.53
1838625 56 0.53
1863061 56 0.53
1873221 57 0.54
1864820 56 0.53
1838140 56 0.53
1869014 57 0.53
1865162 56 0.53
1838419 56 0.53
1841651 56 0.53
1836970 56 0.52
1838025 56 0.53
1838223 56 0.53
1836279 56 0.52
1839320 56 0.53
1838848 56 0.53
1836055 56 0.52
1836006 56 0.52
1832529 55 0.52
1870169 57 0.53
1835336 56 0.52
1839515 56 0.53
1864593 56 0.53
1873035 57 0.54
1870616 57 0.53
1835950 56 0.52
1838395 56 0.53
1862243 56 0.53
1863068 56 0.53
1872568 57 0.54
1863441 56 0.53
1832501 55 0.52
1871171 57 0.53
1870078 57 0.53
1838443 56 0.53
1865829 56 0.53
1858732 56 0.53
1859388 56 0.53
1864579 56 0.53
1872673 57 0.54
1863357 56 0.53
1835266 56 0.52
1861273 56 0.53
1833139 55 0.52
1858645 56 0.53
1873067 57 0.54
1870372 57 0.53
1828839 55 0.52
1857670 56 0.53
1859214 56 0.53
1868203 57 0.53
1866919 56 0.53
1857884 56 0.53
1867907 57 0.53
1870033 57 0.53
1835375 56 0.52
1871426 57 0.53
1832442 55 0.52
1832403 55 0.52
1868853 57 0.53
1866908 56 0.53
1860208 56 0.53
1829540 55 0.52
1860575 56 0.53
1835043 56 0.52
1867603 56 0.53
1835667 56 0.52
1863811 56 0.53
1832494 55 0.52
1836799 56 0.52
1838562 56 0.53
1839127 56 0.53
1836632 56 0.52
1870467 57 0.53
1839456 56 0.53
1869632 57 0.53
1840632 56 0.53
1836142 56 0.52
1833971 55 0.52
1837518 56 0.53
1835654 56 0.52
1831900 55 0.52
1865924 56 0.53
1835783 56 0.52
1825033 55 0.52
1868895 57 0.53
1835950 56 0.52
1865596 56 0.53
1867589 56 0.53
1832386 55 0.52
1864493 56 0.53
1836062 56 0.52
1861483 56 0.53
1838447 56 0.53
1829272 55 0.52
1870019 57 0.53
1836596 56 0.52
1841750 56 0.53
1865756 56 0.53
1865362 56 0.53
1836505 56 0.52
1836418 56 0.52
1861748 56 0.53
1838318 56 0.53
1871842 57 0.53
1840615 56 0.53
1832484 55 0.52
1866332 56 0.53
1827774 55 0.52
1838677 56 0.53
1836782 56 0.52
1828964 55 0.52
1866922 56 0.53
1836187 56 0.52
1861689 56 0.53
1835894 56 0.52
1866451 56 0.53
1863134 56 0.53
1866461 56 0.53
1829593 55 0.52
1870022 57 0.53
1835832 56 0.52
1873541 57 0.54
1869167 57 0.53
1865425 56 0.53
1829254 55 0.52
1833129 55 0.52
1832962 55 0.52
1832232 55 0.52
1863665 56 0.53
1826031 55 0.52
1824722 55 0.52
1826067 55 0.52
1832920 55 0.52
1838964 56 0.53
1825644 55 0.52
22395824 683 6.40
23373710 713 6.68
22318413 681 6.38
22979047 701 6.57
21498014 656 6.14
20742509 633 5.93
23617711 720 6.75
1835364 56 0.52
23597608 720 6.74
21258758 648 6.07
21502566 656 6.14
23994714 732 6.86
22578271 689 6.45
22507365 686 6.43
22622803 690 6.46
22853425 697 6.53
1824603 55 0.52
1871856 57 0.53
2075465 63 0.59
1835696 56 0.52
2005163 61 0.57
1835406 56 0.52
1869286 57 0.53
1832581 55 0.52
1828594 55 0.52
1902157 58 0.54
1912394 58 0.55
1895203 57 0.54
1836411 56 0.52
1892793 57 0.54
1824219 55 0.52
1865937 56 0.53
1824540 55 0.52
1970623 60 0.56
2212870 67 0.63
1835025 56 0.52
1873497 57 0.54
2146998 65 0.61
1832312 55 0.52
2001885 61 0.57
1977999 60 0.57
2140180 65 0.61
1835559 56 0.52
2068974 63 0.59
1825040 55 0.52
1829118 55 0.52
1988080 60 0.57
1870267 57 0.53
1879079 57 0.54
1862512 56 0.53
1876370 57 0.54
1874206 57 0.54
1873647 57 0.54
1877295 57 0.54
1868228 57 0.53
1865907 56 0.53
1863699 56 0.53
2003588 61 0.57
1851809 56 0.53
1984152 60 0.57
1983558 60 0.57
20713227 632 5.92
23176501 707 6.62
2063978 62 0.59
2101604 64 0.60
1824687 55 0.52
1835619 56 0.52
23417244 714 6.69
22984927 701 6.57
24173311 737 6.91
2368030 72 0.68
1843918 56 0.53
1834959 55 0.52
1974892 60 0.56
22126783 675 6.32
22314795 680 6.38
2183309 66 0.62
2188515 66 0.63
2003854 61 0.57
1827875 55 0.52
1832924 55 0.52
1835353 56 0.52
23250019 709 6.64
22088629 674 6.31
22268703 679 6.36
22849116 697 6.53
1824468 55 0.52
2388729 72 0.68
1866357 56 0.53
1835340 56 0.52
2216752 67 0.63
1931303 58 0.55
1831956 55 0.52
2225265 67 0.64
1824412 55 0.52
2162071 65 0.62
2177133 66 0.62
1834984 55 0.52
1960481 59 0.56
1834746 55 0.52
22829701 696 6.52
23592797 719 6.74
20662093 630 5.90
22231191 678 6.35
23692499 723 6.77
21794179 665 6.23
24436940 745 6.98
1835399 56 0.52
1865037 56 0.53
1824614 55 0.52
1870490 57 0.53
1857908 56 0.53
1838513 56 0.53
1829412 55 0.52
1832274 55 0.52
1835482 56 0.52
1866552 56 0.53
1835954 56 0.52
1861528 56 0.53
1870756 57 0.53
1868008 57 0.53
1828552 55 0.52
1862736 56 0.53
1839132 56 0.53
1862024 56 0.53
1866852 56 0.53
1828979 55 0.52
1866363 56 0.53
1872519 57 0.54
1836660 56 0.52
1832190 55 0.52
1873783 57 0.54
1866762 56 0.53
1860683 56 0.53
1866531 56 0.53
1866486 56 0.53
1869139 57 0.53
1868588 57 0.53
1824104 55 0.52
1867080 56 0.53
1860690 56 0.53
1824073 55 0.52
1867243 56 0.53
1866542 56 0.53
1833496 55 0.52
1868997 57 0.53
1824380 55 0.52
1833230 55 0.52
1829100 55 0.52
1835392 56 0.52
1824227 55 0.52
1856204 56 0.53
1829300 55 0.52
1867303 56 0.53
1864227 56 0.53
1869611 57 0.53
1864475 56 0.53
1828046 55 0.52
1872910 57 0.54
1859388 56 0.53
1829467 55 0.52
1872048 57 0.53
1835916 56 0.52
1861577 56 0.53
1874272 57 0.54
1832201 55 0.52
1877249 57 0.54
1873451 57 0.54
1838576 56 0.53
1873514 57 0.54
1868382 57 0.53
1873587 57 0.54
1824453 55 0.52
1866699 56 0.53
1829083 55 0.52
1866733 56 0.53
1838782 56 0.53
1841984 56 0.53
1836171 56 0.52
1870700 57 0.53
1832546 55 0.52
1829125 55 0.52
1832532 55 0.52
1870110 57 0.53
1832762 55 0.52
1865882 56 0.53
1861825 56 0.53
1872984 57 0.54
1868559 57 0.53
1870120 57 0.53
1869121 57 0.53
1858361 56 0.53
1866671 56 0.53
1870836 57 0.53
1864053 56 0.53
1869604 57 0.53
1866172 56 0.53
1865949 56 0.53
1867582 56 0.53
1867258 56 0.53
1869768 57 0.53
1869604 57 0.53
1833371 55 0.52
1832466 55 0.52
1836170 56 0.52
1860725 56 0.53
1832008 55 0.52
1866566 56 0.53
1829599 55 0.52
1839694 56 0.53
1827986 55 0.52
1842047 56 0.53
1868836 57 0.53
1870351 57 0.53
1836415 56 0.52
1836349 56 0.52
1859706 56 0.53
1837581 56 0.53
1870968 57 0.53
1869314 57 0.53
1868908 57 0.53
1828000 55 0.52
1838446 56 0.53
1867031 56 0.53
1870882 57 0.53
1868168 57 0.53
1870923 57 0.53
1862527 56 0.53
1827854 55 0.52
1870375 57 0.53
1870952 57 0.53
1871643 57 0.53
1863480 56 0.53
1870612 57 0.53
1870026 57 0.53
1862628 56 0.53
1866367 56 0.53
1827881 55 0.52
1829251 55 0.52
1832375 55 0.52
1835178 56 0.52
1835396 56 0.52
1824380 55 0.52
1832864 55 0.52
1833035 55 0.52
1833800 55 0.52
1839666 56 0.53
1832784 55 0.52
1871192 57 0.53
1831607 55 0.52
1869754 57 0.53
1840807 56 0.53
1866786 56 0.53
1836377 56 0.52
1829013 55 0.52
1832798 55 0.52
1833025 55 0.52
1863588 56 0.53
1829453 55 0.52
1824206 55 0.52
1832857 55 0.52
1825165 55 0.52
1872652 57 0.54
1828650 55 0.52
1873336 57 0.54
1836527 56 0.52
1875252 57 0.54
1872208 57 0.53
1832515 55 0.52
1837131 56 0.52
1870808 57 0.53
1871685 57 0.53
1871566 57 0.53
1873766 57 0.54
1836457 56 0.52
1862932 56 0.53
1867397 56 0.53
1836554 56 0.52
1838056 56 0.53
1835912 56 0.52
1871287 57 0.53
1829585 55 0.52
1835214 56 0.52
1865299 56 0.53
1824758 55 0.52
1863120 56 0.53
1863110 56 0.53
1825526 55 0.52
1835542 56 0.52
1870071 57 0.53
1866884 56 0.53
1865547 56 0.53
1856846 56 0.53
1824513 55 0.52
1824334 55 0.52
1864936 56 0.53
1832825 55 0.52
1862561 56 0.53
1868997 57 0.53
1866497 56 0.53
1864754 56 0.53
1869667 57 0.53
1862593 56 0.53
1872837 57 0.54
1869087 57 0.53
1871799 57 0.53
1865491 56 0.53
1861825 56 0.53
1870784 57 0.53
1870295 57 0.53
1836362 56 0.52
1870166 57 0.53
1873326 57 0.54
1867157 56 0.53
1873640 57 0.54
1861427 56 0.53
1836118 56 0.52
1878196 57 0.54
1836164 56 0.52
1872875 57 0.54
1835831 56 0.52
1866894 56 0.53
1861884 56 0.53
1867160 56 0.53
1862160 56 0.53
1838827 56 0.53
1870567 57 0.53
1836185 56 0.52
1861277 56 0.53
1839215 56 0.53
1861996 56 0.53
1836038 56 0.52
1827683 55 0.52
1871591 57 0.53
1832400 55 0.52
1869984 57 0.53
1872875 57 0.54
1862495 56 0.53
1865892 56 0.53
1871025 57 0.53
1870829 57 0.53
1870790 57 0.53
1829639 55 0.52
1871046 57 0.53
1869632 57 0.53
1835137 56 0.52
1832344 55 0.52
1862987 56 0.53
1832627 55 0.52
1956280 59 0.56
2419384 73 0.69
1901400 58 0.54
2001755 61 0.57
2197410 67 0.63
1832966 55 0.52
2103930 64 0.60
2254564 68 0.64
2096902 63 0.60
1998784 60 0.57
1832840 55 0.52
1960365 59 0.56
2244443 68 0.64
1953610 59 0.56
1872296 57 0.53
2208694 67 0.63
2000380 61 0.57
1996277 60 0.57
1832812 55 0.52
2027531 61 0.58
1836087 56 0.52
1943107 59 0.56
1828643 55 0.52
24539879 748 7.01
22703537 692 6.49
21558956 657 6.16
23936115 730 6.84
22101292 674 6.31
22263452 679 6.36
20571586 627 5.88
22122778 675 6.32
22240036 678 6.35
1867502 56 0.53
1858648 56 0.53
1863989 56 0.53
1865267 56 0.53
1867407 56 0.53
1832421 55 0.52
1870431 57 0.53
1858330 56 0.53
1833067 55 0.52
1824474 55 0.52
1838182 56 0.53
1837030 56 0.52
1869911 57 0.53
1862464 56 0.53
1828032 55 0.52
1836258 56 0.52
1875724 57 0.54
1839421 56 0.53
1832836 55 0.52
1838625 56 0.53
1866231 56 0.53
1830060 55 0.52
1837176 56 0.52
1872822 57 0.54
1829562 55 0.52
1837536 56 0.53
1867369 56 0.53
1829984 55 0.52
1828552 55 0.52
1837051 56 0.52
1832550 55 0.52
1839211 56 0.53
1832103 55 0.52
1838541 56 0.53
1871841 57 0.53
1863469 56 0.53
1838650 56 0.53
1868846 57 0.53
1832071 55 0.52
1838858 56 0.53
1872777 57 0.54
1869478 57 0.53
1872980 57 0.54
1833175 55 0.52
1829879 55 0.52
1826175 55 0.52
1862366 56 0.53
1835793 56 0.52
1836275 56 0.52
1832958 55 0.52
1824380 55 0.52
1835106 56 0.52
1836317 56 0.52
1828283 55 0.52
1829296 55 0.52
1866395 56 0.53
1833608 55 0.52
1835441 56 0.52
1858540 56 0.53
1836090 56 0.52
1863357 56 0.53
1872320 57 0.53
1866751 56 0.53
1838349 56 0.53
1872278 57 0.53
1866001 56 0.53
1870599 57 0.53
1832173 55 0.52
1839228 56 0.53
1835787 56 0.52
1828479 55 0.52
1842808 56 0.53
1866298 56 0.53
1862970 56 0.53
1831813 55 0.52
1838771 56 0.53
1832508 55 0.52
1836649 56 0.52
1828357 55 0.52
1833007 55 0.52
1834924 55 0.52
1825008 55 0.52
1868780 57 0.53
1835539 56 0.52
1869143 57 0.53
1866817 56 0.53
1832243 55 0.52
1863249 56 0.53
1833642 55 0.52
1824862 55 0.52
1866957 56 0.53
1824230 55 0.52
1833388 55 0.52
1832546 55 0.52
1835961 56 0.52
1832341 55 0.52
1838251 56 0.53
1835032 56 0.52
1858186 56 0.53
1871314 57 0.53
1832844 55 0.52
1834648 55 0.52
1867066 56 0.53
1835811 56 0.52
1825120 55 0.52
1866636 56 0.53
1833545 55 0.52
1867219 56 0.53
1832938 55 0.52
1835895 56 0.52
1832875 55 0.52
1869447 57 0.53
1865913 56 0.53
1832448 55 0.52
1866308 56 0.53
1869928 57 0.53
1828524 55 0.52
1869527 57 0.53
1870679 57 0.53
1862093 56 0.53
1868444 57 0.53
1872767 57 0.54
1862534 56 0.53
1836174 56 0.52
1866402 56 0.53
1858456 56 0.53
1872791 57 0.54
1870020 57 0.53
1866625 56 0.53
1866681 56 0.53
1859203 56 0.53
1862460 56 0.53
1866385 56 0.53
1863466 56 0.53
