47053 22 0.01
46868 22 0.01
47171 23 0.01
47084 22 0.01
47081 22 0.01
47416 23 0.01
47008 22 0.01
46892 22 0.01
47392 23 0.01
46969 22 0.01
52028 25 0.01
46944 22 0.01
47115 23 0.01
47381 23 0.01
46798 22 0.01
47109 23 0.01
46662 22 0.01
47915 23 0.01
47018 22 0.01
47238 23 0.01
46728 22 0.01
47008 22 0.01
47573 23 0.01
46823 22 0.01
46931 22 0.01
46892 22 0.01
46998 22 0.01
46802 22 0.01
47050 22 0.01
48460 23 0.01
47136 23 0.01
47004 22 0.01
46882 22 0.01
46459 22 0.01
46732 22 0.01
46732 22 0.01
46620 22 0.01
46595 22 0.01
46620 22 0.01
46529 22 0.01
46397 22 0.01
46924 22 0.01
46676 22 0.01
46456 22 0.01
46763 22 0.01
47042 22 0.01
47046 22 0.01
46704 22 0.01
46536 22 0.01
46746 22 0.01
47022 22 0.01
46816 22 0.01
47032 22 0.01
46759 22 0.01
48024 23 0.01
48942 23 0.01
47793 23 0.01
48401 23 0.01
48254 23 0.01
48167 23 0.01
48209 23 0.01
48742 23 0.01
48023 23 0.01
46414 22 0.01
46878 22 0.01
101916 49 0.03
22711728 11089 6.49
46907 22 0.01
46833 22 0.01
47133 23 0.01
46742 22 0.01
47042 22 0.01
46823 22 0.01
46585 22 0.01
46700 22 0.01
46697 22 0.01
46830 22 0.01
46529 22 0.01
46467 22 0.01
46484 22 0.01
46537 22 0.01
46588 22 0.01
46766 22 0.01
46882 22 0.01
47078 22 0.01
46466 22 0.01
46624 22 0.01
46634 22 0.01
46672 22 0.01
46847 22 0.01
46885 22 0.01
46630 22 0.01
46962 22 0.01
58494 28 0.02
46931 22 0.01
47403 23 0.01
46743 22 0.01
48390 23 0.01
47004 22 0.01
47235 23 0.01
46756 22 0.01
46759 22 0.01
47134 23 0.01
46809 22 0.01
46630 22 0.01
46882 22 0.01
46854 22 0.01
46998 22 0.01
46850 22 0.01
46606 22 0.01
46805 22 0.01
46938 22 0.01
46697 22 0.01
46658 22 0.01
48299 23 0.01
48879 23 0.01
46815 22 0.01
46994 22 0.01
47968 23 0.01
46637 22 0.01
46417 22 0.01
47116 23 0.01
46819 22 0.01
46718 22 0.01
48652 23 0.01
47224 23 0.01
48446 23 0.01
46844 22 0.01
48401 23 0.01
46753 22 0.01
46442 22 0.01
46847 22 0.01
46756 22 0.01
46340 22 0.01
46707 22 0.01
46847 22 0.01
46729 22 0.01
46575 22 0.01
46749 22 0.01
46711 22 0.01
48216 23 0.01
48624 23 0.01
47014 22 0.01
46917 22 0.01
46917 22 0.01
46851 22 0.01
46394 22 0.01
47063 22 0.01
48069 23 0.01
46662 22 0.01
48984 23 0.01
48544 23 0.01
47437 23 0.01
47008 22 0.01
47092 22 0.01
46777 22 0.01
47280 23 0.01
47192 23 0.01
46844 22 0.01
46906 22 0.01
47169 23 0.01
46645 22 0.01
47130 23 0.01
47095 22 0.01
46812 22 0.01
46847 22 0.01
46843 22 0.01
91686 44 0.03
47154 23 0.01
46788 22 0.01
47000 22 0.01
46865 22 0.01
47667 23 0.01
48394 23 0.01
48031 23 0.01
48355 23 0.01
47947 23 0.01
47951 23 0.01
97500 47 0.03
46780 22 0.01
47741 23 0.01
46634 22 0.01
47912 23 0.01
47629 23 0.01
47968 23 0.01
46616 22 0.01
47626 23 0.01
46543 22 0.01
46774 22 0.01
47639 23 0.01
48111 23 0.01
47888 23 0.01
46721 22 0.01
47696 23 0.01
48010 23 0.01
47863 23 0.01
47964 23 0.01
52014 25 0.01
47940 23 0.01
47325 23 0.01
46369 22 0.01
46554 22 0.01
46631 22 0.01
46813 22 0.01
46763 22 0.01
46770 22 0.01
46714 22 0.01
46641 22 0.01
46794 22 0.01
46798 22 0.01
46679 22 0.01
46812 22 0.01
46784 22 0.01
46906 22 0.01
46502 22 0.01
46721 22 0.01
46554 22 0.01
48030 23 0.01
46690 22 0.01
46760 22 0.01
46738 22 0.01
46627 22 0.01
47305 23 0.01
47039 22 0.01
46438 22 0.01
46746 22 0.01
46781 22 0.01
46634 22 0.01
46697 22 0.01
46511 22 0.01
46515 22 0.01
46823 22 0.01
46693 22 0.01
52046 25 0.01
46568 22 0.01
46484 22 0.01
46756 22 0.01
46945 22 0.01
48236 23 0.01
46704 22 0.01
46962 22 0.01
46728 22 0.01
47765 23 0.01
97360 47 0.03
47727 23 0.01
47681 23 0.01
47290 23 0.01
47776 23 0.01
48059 23 0.01
56522 27 0.02
47901 23 0.01
47681 23 0.01
47391 23 0.01
47423 23 0.01
55736 27 0.02
55369 27 0.02
48044 23 0.01
46731 22 0.01
46683 22 0.01
46637 22 0.01
46718 22 0.01
46687 22 0.01
46788 22 0.01
46882 22 0.01
105313 51 0.03
46694 22 0.01
46830 22 0.01
46397 22 0.01
46993 22 0.01
47890 23 0.01
46729 22 0.01
46383 22 0.01
47333 23 0.01
46983 22 0.01
46792 22 0.01
47021 22 0.01
47196 23 0.01
46857 22 0.01
46728 22 0.01
46592 22 0.01
46418 22 0.01
46578 22 0.01
46791 22 0.01
46676 22 0.01
46634 22 0.01
46742 22 0.01
46648 22 0.01
46481 22 0.01
46690 22 0.01
46669 22 0.01
46819 22 0.01
46648 22 0.01
47074 22 0.01
47207 23 0.01
46641 22 0.01
46668 22 0.01
95405 46 0.03
46736 22 0.01
46938 22 0.01
46962 22 0.01
46620 22 0.01
47039 22 0.01
46700 22 0.01
47084 22 0.01
47263 23 0.01
46495 22 0.01
47273 23 0.01
46843 22 0.01
46749 22 0.01
50597 24 0.01
46739 22 0.01
46679 22 0.01
46511 22 0.01
46739 22 0.01
46446 22 0.01
46697 22 0.01
46959 22 0.01
46913 22 0.01
46627 22 0.01
46648 22 0.01
46735 22 0.01
46429 22 0.01
46784 22 0.01
46449 22 0.01
46592 22 0.01
46735 22 0.01
52224 25 0.01
46596 22 0.01
46648 22 0.01
46523 22 0.01
46906 22 0.01
46767 22 0.01
47137 23 0.01
46707 22 0.01
46871 22 0.01
46714 22 0.01
46760 22 0.01
46739 22 0.01
46872 22 0.01
46812 22 0.01
47011 22 0.01
72537 35 0.02
47000 22 0.01
46935 22 0.01
47336 23 0.01
47067 22 0.01
46781 22 0.01
46522 22 0.01
46840 22 0.01
46665 22 0.01
47074 22 0.01
47025 22 0.01
46965 22 0.01
46850 22 0.01
46648 22 0.01
46980 22 0.01
46858 22 0.01
46749 22 0.01
46949 22 0.01
47063 22 0.01
46595 22 0.01
46645 22 0.01
46739 22 0.01
46473 22 0.01
46659 22 0.01
46718 22 0.01
46690 22 0.01
60271 29 0.02
46896 22 0.01
46544 22 0.01
47074 22 0.01
46791 22 0.01
46809 22 0.01
102090 49 0.03
47154 23 0.01
46708 22 0.01
46616 22 0.01
46774 22 0.01
46599 22 0.01
46662 22 0.01
46910 22 0.01
46715 22 0.01
47085 22 0.01
46746 22 0.01
46599 22 0.01
46522 22 0.01
46732 22 0.01
46750 22 0.01
46781 22 0.01
46717 22 0.01
47000 22 0.01
46816 22 0.01
46561 22 0.01
46624 22 0.01
46701 22 0.01
46843 22 0.01
46637 22 0.01
46578 22 0.01
46606 22 0.01
46575 22 0.01
46617 22 0.01
46592 22 0.01
46878 22 0.01
46903 22 0.01
47116 23 0.01
46927 22 0.01
100715 49 0.03
46795 22 0.01
48289 23 0.01
48314 23 0.01
48974 23 0.01
47025 22 0.01
48069 23 0.01
47011 22 0.01
47972 23 0.01
86170 42 0.02
48212 23 0.01
47695 23 0.01
48551 23 0.01
48163 23 0.01
47364 23 0.01
114642 55 0.03
46889 22 0.01
47542 23 0.01
47350 23 0.01
47374 23 0.01
47057 22 0.01
49075 23 0.01
47197 23 0.01
47074 22 0.01
47276 23 0.01
47242 23 0.01
47190 23 0.01
47371 23 0.01
47702 23 0.01
47430 23 0.01
48806 23 0.01
46938 22 0.01
48813 23 0.01
48659 23 0.01
48009 23 0.01
48502 23 0.01
47347 23 0.01
47214 23 0.01
47206 23 0.01
46704 22 0.01
46913 22 0.01
47581 23 0.01
47029 22 0.01
48370 23 0.01
47109 23 0.01
48418 23 0.01
48265 23 0.01
46913 22 0.01
46393 22 0.01
46798 22 0.01
46907 22 0.01
46994 22 0.01
46623 22 0.01
47109 23 0.01
46585 22 0.01
46637 22 0.01
46910 22 0.01
46631 22 0.01
46690 22 0.01
106124 51 0.03
46613 22 0.01
46934 22 0.01
46816 22 0.01
46987 22 0.01
47033 22 0.01
46515 22 0.01
46791 22 0.01
47081 22 0.01
47210 23 0.01
46836 22 0.01
46896 22 0.01
47399 23 0.01
46550 22 0.01
47071 22 0.01
46826 22 0.01
47071 22 0.01
46791 22 0.01
46826 22 0.01
46672 22 0.01
46522 22 0.01
47200 23 0.01
46952 22 0.01
47039 22 0.01
48910 23 0.01
49288 24 0.01
46672 22 0.01
56546 27 0.02
47123 23 0.01
47190 23 0.01
48118 23 0.01
47011 22 0.01
46777 22 0.01
47175 23 0.01
47123 23 0.01
46882 22 0.01
46686 22 0.01
46697 22 0.01
46816 22 0.01
46899 22 0.01
48838 23 0.01
47133 23 0.01
47336 23 0.01
47280 23 0.01
49085 23 0.01
47277 23 0.01
46941 22 0.01
47227 23 0.01
47039 22 0.01
50851 24 0.01
47427 23 0.01
46739 22 0.01
46962 22 0.01
46481 22 0.01
47232 23 0.01
46669 22 0.01
47308 23 0.01
47364 23 0.01
47123 23 0.01
47367 23 0.01
47140 23 0.01
46952 22 0.01
47161 23 0.01
46763 22 0.01
47301 23 0.01
47035 22 0.01
46977 22 0.01
46704 22 0.01
46843 22 0.01
46708 22 0.01
47046 22 0.01
46662 22 0.01
46718 22 0.01
46896 22 0.01
47200 23 0.01
46819 22 0.01
47190 23 0.01
48317 23 0.01
46990 22 0.01
47144 23 0.01
47008 22 0.01
47053 22 0.01
46777 22 0.01
46466 22 0.01
46745 22 0.01
46812 22 0.01
51641 25 0.01
46777 22 0.01
46861 22 0.01
46722 22 0.01
46879 22 0.01
47008 22 0.01
46787 22 0.01
46717 22 0.01
46872 22 0.01
46724 22 0.01
47039 22 0.01
46725 22 0.01
46879 22 0.01
46962 22 0.01
46750 22 0.01
46816 22 0.01
46694 22 0.01
46743 22 0.01
46819 22 0.01
47057 22 0.01
47063 22 0.01
47147 23 0.01
46508 22 0.01
47245 23 0.01
48341 23 0.01
47091 22 0.01
47472 23 0.01
108979 53 0.03
47046 22 0.01
47092 22 0.01
47227 23 0.01
47374 23 0.01
48869 23 0.01
48666 23 0.01
47095 22 0.01
47067 22 0.01
46704 22 0.01
47105 23 0.01
47028 22 0.01
47207 23 0.01
46693 22 0.01
46861 22 0.01
47326 23 0.01
53498 26 0.02
47312 23 0.01
49549 24 0.01
48393 23 0.01
56448 27 0.02
56566 27 0.02
56874 27 0.02
56214 27 0.02
56661 27 0.02
56948 27 0.02
55635 27 0.02
56755 27 0.02
48383 23 0.01
48953 23 0.01
48495 23 0.01
61472 30 0.02
56498 27 0.02
101857 49 0.03
56647 27 0.02
48198 23 0.01
62611 30 0.02
56159 27 0.02
61769 30 0.02
56190 27 0.02
62055 30 0.02
65550 32 0.02
65526 31 0.02
65320 31 0.02
64988 31 0.02
62719 30 0.02
61839 30 0.02
65484 31 0.02
62118 30 0.02
62904 30 0.02
64988 31 0.02
48736 23 0.01
56246 27 0.02
57167 27 0.02
56431 27 0.02
49008 23 0.01
56612 27 0.02
48614 23 0.01
56424 27 0.02
56270 27 0.02
48750 23 0.01
48998 23 0.01
48935 23 0.01
57097 27 0.02
48198 23 0.01
55711 27 0.02
56200 27 0.02
56490 27 0.02
56529 27 0.02
56110 27 0.02
48652 23 0.01
55834 27 0.02
56881 27 0.02
62282 30 0.02
57255 27 0.02
62747 30 0.02
62307 30 0.02
56357 27 0.02
56490 27 0.02
58002 28 0.02
57447 28 0.02
49340 24 0.01
57922 28 0.02
49200 24 0.01
49029 23 0.01
48666 23 0.01
57237 27 0.02
49208 24 0.01
49525 24 0.01
48840 23 0.01
49330 24 0.01
50593 24 0.01
56839 27 0.02
49092 23 0.01
56888 27 0.02
57136 27 0.02
56738 27 0.02
48121 23 0.01
50035 24 0.01
49842 24 0.01
48544 23 0.01
56909 27 0.02
48516 23 0.01
48963 23 0.01
48586 23 0.01
48827 23 0.01
57024 27 0.02
49016 23 0.01
57139 27 0.02
54538 26 0.02
49256 24 0.01
47507 23 0.01
47329 23 0.01
47147 23 0.01
48684 23 0.01
47651 23 0.01
49340 24 0.01
48886 23 0.01
47528 23 0.01
97678 47 0.03
48282 23 0.01
47307 23 0.01
47241 23 0.01
47007 22 0.01
47207 23 0.01
48090 23 0.01
47249 23 0.01
47510 23 0.01
47140 23 0.01
46941 22 0.01
47479 23 0.01
47004 22 0.01
48090 23 0.01
47280 23 0.01
46718 22 0.01
46662 22 0.01
46701 22 0.01
47224 23 0.01
46826 22 0.01
46735 22 0.01
46868 22 0.01
46906 22 0.01
46547 22 0.01
46620 22 0.01
46634 22 0.01
106109 51 0.03
46791 22 0.01
46694 22 0.01
51672 25 0.01
46543 22 0.01
46743 22 0.01
46588 22 0.01
46816 22 0.01
46627 22 0.01
50503 24 0.01
46736 22 0.01
46655 22 0.01
46338 22 0.01
46637 22 0.01
46652 22 0.01
46648 22 0.01
46826 22 0.01
46837 22 0.01
46815 22 0.01
46945 22 0.01
46809 22 0.01
46658 22 0.01
46630 22 0.01
46739 22 0.01
46923 22 0.01
46735 22 0.01
46411 22 0.01
46823 22 0.01
46456 22 0.01
46617 22 0.01
46875 22 0.01
46630 22 0.01
46544 22 0.01
46958 22 0.01
46624 22 0.01
46428 22 0.01
46442 22 0.01
46833 22 0.01
46589 22 0.01
46431 22 0.01
46802 22 0.01
46958 22 0.01
46791 22 0.01
46802 22 0.01
46617 22 0.01
46537 22 0.01
46689 22 0.01
46729 22 0.01
47447 23 0.01
47025 22 0.01
47262 23 0.01
46704 22 0.01
46872 22 0.01
46638 22 0.01
46602 22 0.01
46826 22 0.01
48896 23 0.01
46540 22 0.01
46620 22 0.01
46844 22 0.01
46809 22 0.01
46575 22 0.01
47594 23 0.01
47528 23 0.01
47018 22 0.01
49773 24 0.01
47164 23 0.01
50335 24 0.01
49950 24 0.01
49888 24 0.01
50216 24 0.01
49584 24 0.01
47563 23 0.01
47165 23 0.01
22534818 11003 6.44
47196 23 0.01
49340 24 0.01
46994 22 0.01
47350 23 0.01
47525 23 0.01
47154 23 0.01
47311 23 0.01
47517 23 0.01
47381 23 0.01
46376 22 0.01
99367 48 0.03
46645 22 0.01
46822 22 0.01
98690 48 0.03
46951 22 0.01
47095 22 0.01
46965 22 0.01
46666 22 0.01
47021 22 0.01
47780 23 0.01
48244 23 0.01
47884 23 0.01
48481 23 0.01
48704 23 0.01
48733 23 0.01
48893 23 0.01
46980 22 0.01
47084 22 0.01
46806 22 0.01
46728 22 0.01
46934 22 0.01
46725 22 0.01
46878 22 0.01
46777 22 0.01
47071 22 0.01
46878 22 0.01
46805 22 0.01
46816 22 0.01
46847 22 0.01
47168 23 0.01
46812 22 0.01
51864 25 0.01
47120 23 0.01
46833 22 0.01
46732 22 0.01
46924 22 0.01
46480 22 0.01
46886 22 0.01
46931 22 0.01
46923 22 0.01
46742 22 0.01
46812 22 0.01
48739 23 0.01
48481 23 0.01
48735 23 0.01
48488 23 0.01
47270 23 0.01
48125 23 0.01
48686 23 0.01
48928 23 0.01
48042 23 0.01
48286 23 0.01
48593 23 0.01
49148 23 0.01
47161 23 0.01
47947 23 0.01
46805 22 0.01
59981 29 0.02
46875 22 0.01
46847 22 0.01
46879 22 0.01
46722 22 0.01
47014 22 0.01
46865 22 0.01
46837 22 0.01
46924 22 0.01
47007 22 0.01
47018 22 0.01
46941 22 0.01
47685 23 0.01
47640 23 0.01
46816 22 0.01
46910 22 0.01
46553 22 0.01
47007 22 0.01
46815 22 0.01
47168 23 0.01
99560 48 0.03
47095 22 0.01
46868 22 0.01
46808 22 0.01
46564 22 0.01
46711 22 0.01
46997 22 0.01
46889 22 0.01
47046 22 0.01
46379 22 0.01
46837 22 0.01
46868 22 0.01
98382 48 0.03
46906 22 0.01
46948 22 0.01
46358 22 0.01
46801 22 0.01
46438 22 0.01
46711 22 0.01
47197 23 0.01
46662 22 0.01
46941 22 0.01
47277 23 0.01
46899 22 0.01
47091 22 0.01
47259 23 0.01
46655 22 0.01
46861 22 0.01
46969 22 0.01
47049 22 0.01
47476 23 0.01
46962 22 0.01
51253 25 0.01
47364 23 0.01
47140 23 0.01
48848 23 0.01
48956 23 0.01
47265 23 0.01
46833 22 0.01
47077 22 0.01
46474 22 0.01
46609 22 0.01
46571 22 0.01
46669 22 0.01
46822 22 0.01
46892 22 0.01
46826 22 0.01
46770 22 0.01
46537 22 0.01
46714 22 0.01
46449 22 0.01
46724 22 0.01
46770 22 0.01
46540 22 0.01
46683 22 0.01
46760 22 0.01
46627 22 0.01
46585 22 0.01
46732 22 0.01
46470 22 0.01
46700 22 0.01
103131 50 0.03
46645 22 0.01
46564 22 0.01
46641 22 0.01
46662 22 0.01
46592 22 0.01
46756 22 0.01
46532 22 0.01
46523 22 0.01
46921 22 0.01
46627 22 0.01
46826 22 0.01
46306 22 0.01
46746 22 0.01
46896 22 0.01
46582 22 0.01
46487 22 0.01
46767 22 0.01
46613 22 0.01
46711 22 0.01
46634 22 0.01
46561 22 0.01
46973 22 0.01
46515 22 0.01
46928 22 0.01
46738 22 0.01
46634 22 0.01
46662 22 0.01
46529 22 0.01
46889 22 0.01
46739 22 0.01
46728 22 0.01
46624 22 0.01
46606 22 0.01
46718 22 0.01
46445 22 0.01
46673 22 0.01
46843 22 0.01
46708 22 0.01
46616 22 0.01
46561 22 0.01
47185 23 0.01
46645 22 0.01
46673 22 0.01
46759 22 0.01
46589 22 0.01
46819 22 0.01
46704 22 0.01
46836 22 0.01
46924 22 0.01
46830 22 0.01
46648 22 0.01
46696 22 0.01
46711 22 0.01
