150831 36 0.04
145443 35 0.04
218852 53 0.06
146874 35 0.04
146867 35 0.04
150460 36 0.04
146811 35 0.04
148467 36 0.04
147325 35 0.04
148533 36 0.04
146741 35 0.04
153484 37 0.04
140729 34 0.04
148232 36 0.04
146871 35 0.04
145889 35 0.04
208154 50 0.06
149783 36 0.04
147042 35 0.04
145411 35 0.04
152160 37 0.04
144804 35 0.04
150079 36 0.04
145771 35 0.04
145960 35 0.04
145209 35 0.04
145220 35 0.04
151644 37 0.04
145939 35 0.04
145680 35 0.04
142493 34 0.04
144144 35 0.04
145111 35 0.04
145317 35 0.04
145439 35 0.04
148607 36 0.04
153120 37 0.04
146138 35 0.04
146724 35 0.04
150858 36 0.04
165326 40 0.05
159010 38 0.05
145991 35 0.04
149012 36 0.04
158158 38 0.05
145645 35 0.04
153647 37 0.04
145583 35 0.04
158409 38 0.05
157156 38 0.04
152188 37 0.04
155959 38 0.04
142971 34 0.04
142095 34 0.04
141641 34 0.04
142859 34 0.04
141320 34 0.04
147946 36 0.04
140880 34 0.04
146753 35 0.04
216020 52 0.06
139217 33 0.04
150722 36 0.04
144727 35 0.04
144647 35 0.04
144466 35 0.04
146417 35 0.04
144539 35 0.04
141847 34 0.04
142434 34 0.04
144528 35 0.04
149853 36 0.04
147094 35 0.04
138045 33 0.04
145841 35 0.04
139434 34 0.04
142632 34 0.04
132057 32 0.04
142967 34 0.04
133327 32 0.04
141815 34 0.04
141393 34 0.04
142895 34 0.04
141581 34 0.04
134145 32 0.04
147684 36 0.04
142897 34 0.04
142618 34 0.04
151249 36 0.04
142636 34 0.04
150324 36 0.04
136899 33 0.04
136624 33 0.04
132518 32 0.04
136453 33 0.04
134110 32 0.04
139175 33 0.04
147311 35 0.04
138865 33 0.04
142234 34 0.04
126632 30 0.04
140601 34 0.04
129596 31 0.04
129676 31 0.04
131090 32 0.04
132532 32 0.04
130307 31 0.04
138743 33 0.04
185035 45 0.05
133995 32 0.04
143920 35 0.04
132242 32 0.04
148152 36 0.04
146546 35 0.04
148526 36 0.04
137573 33 0.04
142304 34 0.04
131069 31 0.04
135210 33 0.04
133688 32 0.04
139431 34 0.04
132947 32 0.04
134533 32 0.04
141488 34 0.04
132720 32 0.04
136062 33 0.04
134505 32 0.04
142510 34 0.04
147709 36 0.04
142395 34 0.04
147136 35 0.04
141987 34 0.04
140527 34 0.04
141166 34 0.04
139986 34 0.04
141773 34 0.04
141543 34 0.04
141362 34 0.04
141225 34 0.04
140454 34 0.04
141690 34 0.04
163148 39 0.05
141864 34 0.04
149580 36 0.04
149133 36 0.04
140259 34 0.04
144312 35 0.04
144054 35 0.04
142646 34 0.04
142175 34 0.04
135381 33 0.04
132382 32 0.04
142748 34 0.04
143163 34 0.04
141930 34 0.04
143212 34 0.04
152143 37 0.04
137919 33 0.04
143764 35 0.04
144273 35 0.04
146609 35 0.04
213898 52 0.06
163451 39 0.05
148888 36 0.04
144420 35 0.04
152638 37 0.04
146623 35 0.04
153536 37 0.04
148093 36 0.04
141624 34 0.04
141624 34 0.04
146864 35 0.04
139337 34 0.04
142046 34 0.04
150177 36 0.04
178422 43 0.05
154297 37 0.04
141637 34 0.04
149773 36 0.04
144455 35 0.04
146899 35 0.04
136236 33 0.04
154496 37 0.04
135370 33 0.04
136557 33 0.04
136638 33 0.04
130133 31 0.04
136540 33 0.04
122142 29 0.03
134993 32 0.04
153449 37 0.04
19415340 4740 5.55
133373 32 0.04
136785 33 0.04
136411 33 0.04
136742 33 0.04
141899 34 0.04
142112 34 0.04
143704 35 0.04
142552 34 0.04
141655 34 0.04
142042 34 0.04
143100 34 0.04
143131 34 0.04
141446 34 0.04
140830 34 0.04
158270 38 0.05
152883 37 0.04
154751 37 0.04
142793 34 0.04
197558 48 0.06
206783 50 0.06
165826 40 0.05
144647 35 0.04
149458 36 0.04
155843 38 0.04
155707 38 0.04
146197 35 0.04
153543 37 0.04
146336 35 0.04
152447 37 0.04
158497 38 0.05
152328 37 0.04
154754 37 0.04
144716 35 0.04
158644 38 0.05
146696 35 0.04
153693 37 0.04
144518 35 0.04
197163 48 0.06
159394 38 0.05
159164 38 0.05
150219 36 0.04
149664 36 0.04
150166 36 0.04
149140 36 0.04
157963 38 0.05
146284 35 0.04
150028 36 0.04
142646 34 0.04
142074 34 0.04
142273 34 0.04
151452 36 0.04
145876 35 0.04
141902 34 0.04
152506 37 0.04
147531 36 0.04
149793 36 0.04
157097 38 0.04
153096 37 0.04
236323 57 0.07
143564 35 0.04
143948 35 0.04
152732 37 0.04
151692 37 0.04
152366 37 0.04
151800 37 0.04
151228 36 0.04
151867 37 0.04
150038 36 0.04
158577 38 0.05
221209 54 0.06
152332 37 0.04
151563 37 0.04
148725 36 0.04
144026 35 0.04
151221 36 0.04
150764 36 0.04
151350 36 0.04
147935 36 0.04
239064 58 0.07
144521 35 0.04
152614 37 0.04
153927 37 0.04
150453 36 0.04
152681 37 0.04
145105 35 0.04
153379 37 0.04
155742 38 0.04
153096 37 0.04
152313 37 0.04
144765 35 0.04
145938 35 0.04
183607 44 0.05
152244 37 0.04
153721 37 0.04
153288 37 0.04
142702 34 0.04
142164 34 0.04
144267 35 0.04
165727 40 0.05
145534 35 0.04
153347 37 0.04
143910 35 0.04
135297 33 0.04
135713 33 0.04
142535 34 0.04
136142 33 0.04
139330 34 0.04
143530 35 0.04
143690 35 0.04
154241 37 0.04
142011 34 0.04
153068 37 0.04
149552 36 0.04
149252 36 0.04
140999 34 0.04
150037 36 0.04
157251 38 0.04
156095 38 0.04
146648 35 0.04
180371 44 0.05
147838 36 0.04
148368 36 0.04
147674 36 0.04
149305 36 0.04
149685 36 0.04
179138 43 0.05
151668 37 0.04
150733 36 0.04
152052 37 0.04
142786 34 0.04
143704 35 0.04
142779 34 0.04
147188 35 0.04
148243 36 0.04
141721 34 0.04
140433 34 0.04
138230 33 0.04
140143 34 0.04
140744 34 0.04
138889 33 0.04
135084 32 0.04
141117 34 0.04
141669 34 0.04
142272 34 0.04
142733 34 0.04
144804 35 0.04
136509 33 0.04
164684 40 0.05
144179 35 0.04
135318 33 0.04
198753 48 0.06
136966 33 0.04
143194 34 0.04
143288 34 0.04
148037 36 0.04
140412 34 0.04
143913 35 0.04
202142 49 0.06
135088 32 0.04
137542 33 0.04
137231 33 0.04
127945 31 0.04
134665 32 0.04
157572 38 0.05
135465 33 0.04
136442 33 0.04
127249 31 0.04
128649 31 0.04
136941 33 0.04
129044 31 0.04
122215 29 0.03
121021 29 0.03
129146 31 0.04
122770 29 0.04
147530 36 0.04
129802 31 0.04
140049 34 0.04
131073 32 0.04
128289 31 0.04
135223 33 0.04
133003 32 0.04
134002 32 0.04
127093 31 0.04
125986 30 0.04
132717 32 0.04
168691 41 0.05
132553 32 0.04
126468 30 0.04
142119 34 0.04
140831 34 0.04
149981 36 0.04
148613 36 0.04
171708 41 0.05
150896 36 0.04
156668 38 0.04
147457 36 0.04
154196 37 0.04
162111 39 0.05
163308 39 0.05
152268 37 0.04
155885 38 0.04
152520 37 0.04
154255 37 0.04
164010 40 0.05
147234 35 0.04
147429 35 0.04
149339 36 0.04
148034 36 0.04
225007 54 0.06
152579 37 0.04
147070 35 0.04
146574 35 0.04
148131 36 0.04
149511 36 0.04
148009 36 0.04
143435 35 0.04
143208 34 0.04
147150 35 0.04
146634 35 0.04
152747 37 0.04
145299 35 0.04
151312 36 0.04
145230 35 0.04
144207 35 0.04
143628 35 0.04
146015 35 0.04
157135 38 0.04
142681 34 0.04
150268 36 0.04
142768 34 0.04
148731 36 0.04
143131 34 0.04
150893 36 0.04
222165 54 0.06
150195 36 0.04
144147 35 0.04
144567 35 0.04
152097 37 0.04
149741 36 0.04
147269 35 0.04
150704 36 0.04
153184 37 0.04
142277 34 0.04
142577 34 0.04
141340 34 0.04
140091 34 0.04
207435 50 0.06
137486 33 0.04
139364 34 0.04
138003 33 0.04
137423 33 0.04
190911 46 0.05
140234 34 0.04
139458 34 0.04
154053 37 0.04
140750 34 0.04
146924 35 0.04
142269 34 0.04
140684 34 0.04
140748 34 0.04
142999 34 0.04
142325 34 0.04
142279 34 0.04
145485 35 0.04
142992 34 0.04
141634 34 0.04
142123 34 0.04
141773 34 0.04
146169 35 0.04
145181 35 0.04
146927 35 0.04
143331 34 0.04
145488 35 0.04
142958 34 0.04
144203 35 0.04
143607 35 0.04
144203 35 0.04
144525 35 0.04
144553 35 0.04
144336 35 0.04
144262 35 0.04
145496 35 0.04
145673 35 0.04
145170 35 0.04
146428 35 0.04
155449 37 0.04
150760 36 0.04
194590 47 0.06
147776 36 0.04
147150 35 0.04
208102 50 0.06
144088 35 0.04
145366 35 0.04
144438 35 0.04
147238 35 0.04
144580 35 0.04
148631 36 0.04
146996 35 0.04
147018 35 0.04
148910 36 0.04
153819 37 0.04
145296 35 0.04
146731 35 0.04
200630 48 0.06
141648 34 0.04
147150 35 0.04
145506 35 0.04
144137 35 0.04
145440 35 0.04
235038 57 0.07
152143 37 0.04
142895 34 0.04
151427 36 0.04
150020 36 0.04
170825 41 0.05
142597 34 0.04
142147 34 0.04
146134 35 0.04
145188 35 0.04
145003 35 0.04
148394 36 0.04
143474 35 0.04
143411 35 0.04
145184 35 0.04
143837 35 0.04
144800 35 0.04
144626 35 0.04
144424 35 0.04
161391 39 0.05
145575 35 0.04
142538 34 0.04
151109 36 0.04
214453 52 0.06
150229 36 0.04
150558 36 0.04
151728 37 0.04
155174 37 0.04
153229 37 0.04
151552 37 0.04
168088 41 0.05
155040 37 0.04
151640 37 0.04
150090 36 0.04
144954 35 0.04
151933 37 0.04
148557 36 0.04
146082 35 0.04
146647 35 0.04
145306 35 0.04
155509 37 0.04
154964 37 0.04
148361 36 0.04
147081 35 0.04
147915 36 0.04
218234 53 0.06
149134 36 0.04
148267 36 0.04
146505 35 0.04
147461 36 0.04
150017 36 0.04
147422 35 0.04
155181 37 0.04
150087 36 0.04
146176 35 0.04
147806 36 0.04
204569 49 0.06
147817 36 0.04
146595 35 0.04
148501 36 0.04
146903 35 0.04
148362 36 0.04
147667 36 0.04
147255 35 0.04
148826 36 0.04
146354 35 0.04
147579 36 0.04
156926 38 0.04
147754 36 0.04
147642 36 0.04
148023 36 0.04
148135 36 0.04
148456 36 0.04
148711 36 0.04
146225 35 0.04
148006 36 0.04
148124 36 0.04
145949 35 0.04
144294 35 0.04
142982 34 0.04
146341 35 0.04
147111 35 0.04
144853 35 0.04
146151 35 0.04
145003 35 0.04
147276 35 0.04
146400 35 0.04
150900 36 0.04
148411 36 0.04
145184 35 0.04
150411 36 0.04
144113 35 0.04
146840 35 0.04
143562 35 0.04
145544 35 0.04
145359 35 0.04
144053 35 0.04
154021 37 0.04
149419 36 0.04
155253 37 0.04
149911 36 0.04
151538 36 0.04
152010 37 0.04
144724 35 0.04
150317 36 0.04
150771 36 0.04
156996 38 0.04
144639 35 0.04
150572 36 0.04
150931 36 0.04
150306 36 0.04
143519 35 0.04
171105 41 0.05
143844 35 0.04
150149 36 0.04
143691 35 0.04
151330 36 0.04
150464 36 0.04
144155 35 0.04
144524 35 0.04
145272 35 0.04
150564 36 0.04
145813 35 0.04
157952 38 0.05
151801 37 0.04
152163 37 0.04
157680 38 0.05
156546 38 0.04
156863 38 0.04
153180 37 0.04
155463 37 0.04
156326 38 0.04
161957 39 0.05
154398 37 0.04
157740 38 0.05
154660 37 0.04
155596 37 0.04
157893 38 0.05
176209 43 0.05
155477 37 0.04
152733 37 0.04
152168 37 0.04
155125 37 0.04
151937 37 0.04
153868 37 0.04
154147 37 0.04
155254 37 0.04
152998 37 0.04
155166 37 0.04
170410 41 0.05
161367 39 0.05
162170 39 0.05
160104 39 0.05
169973 41 0.05
157220 38 0.04
162198 39 0.05
159942 39 0.05
176261 43 0.05
159873 39 0.05
156452 38 0.04
152949 37 0.04
151916 37 0.04
158361 38 0.05
157660 38 0.05
151078 36 0.04
155223 37 0.04
150505 36 0.04
158141 38 0.05
156018 38 0.04
155515 37 0.04
155380 37 0.04
221394 54 0.06
152241 37 0.04
152348 37 0.04
169415 41 0.05
161737 39 0.05
150271 36 0.04
152865 37 0.04
150397 36 0.04
161814 39 0.05
161727 39 0.05
165584 40 0.05
162239 39 0.05
152890 37 0.04
155812 38 0.04
154821 37 0.04
154845 37 0.04
154140 37 0.04
207132 50 0.06
160753 39 0.05
152167 37 0.04
210564 51 0.06
154384 37 0.04
152859 37 0.04
154876 37 0.04
219411 53 0.06
156046 38 0.04
154220 37 0.04
154074 37 0.04
154202 37 0.04
218461 53 0.06
152052 37 0.04
153459 37 0.04
151462 36 0.04
154304 37 0.04
151892 37 0.04
153892 37 0.04
150198 36 0.04
152265 37 0.04
150732 36 0.04
151127 36 0.04
148152 36 0.04
154778 37 0.04
152757 37 0.04
154527 37 0.04
152768 37 0.04
161685 39 0.05
153507 37 0.04
155781 38 0.04
153871 37 0.04
156329 38 0.04
155955 38 0.04
152262 37 0.04
217746 53 0.06
153271 37 0.04
156392 38 0.04
156413 38 0.04
158256 38 0.05
156291 38 0.04
155310 37 0.04
155075 37 0.04
154080 37 0.04
154569 37 0.04
155411 37 0.04
153766 37 0.04
153966 37 0.04
151702 37 0.04
157506 38 0.05
154343 37 0.04
155009 37 0.04
154342 37 0.04
155739 38 0.04
155323 37 0.04
157492 38 0.04
153864 37 0.04
155986 38 0.04
155910 38 0.04
157037 38 0.04
214499 52 0.06
155742 38 0.04
157055 38 0.04
158588 38 0.05
155446 37 0.04
165127 40 0.05
153749 37 0.04
154259 37 0.04
154018 37 0.04
153414 37 0.04
152691 37 0.04
155470 37 0.04
154699 37 0.04
153714 37 0.04
152059 37 0.04
151559 37 0.04
156622 38 0.04
156064 38 0.04
156294 38 0.04
155205 37 0.04
158249 38 0.05
154405 37 0.04
157792 38 0.05
155400 37 0.04
154252 37 0.04
155229 37 0.04
154321 37 0.04
155365 37 0.04
155309 37 0.04
155857 38 0.04
153585 37 0.04
155271 37 0.04
156060 38 0.04
155833 38 0.04
157143 38 0.04
155236 37 0.04
155466 37 0.04
153264 37 0.04
152136 37 0.04
207478 50 0.06
154698 37 0.04
154031 37 0.04
152841 37 0.04
153403 37 0.04
211182 51 0.06
153320 37 0.04
156214 38 0.04
153696 37 0.04
156064 38 0.04
154039 37 0.04
173932 42 0.05
155924 38 0.04
157921 38 0.05
155812 38 0.04
155334 37 0.04
154517 37 0.04
155987 38 0.04
155931 38 0.04
209230 51 0.06
154482 37 0.04
153079 37 0.04
159181 38 0.05
151183 36 0.04
155411 37 0.04
156018 38 0.04
150104 36 0.04
149918 36 0.04
149563 36 0.04
150404 36 0.04
149699 36 0.04
151791 37 0.04
144036 35 0.04
151640 37 0.04
169324 41 0.05
147234 35 0.04
143425 35 0.04
150349 36 0.04
143233 34 0.04
19151858 4675 5.47
146256 35 0.04
152311 37 0.04
144238 35 0.04
140848 34 0.04
148428 36 0.04
151756 37 0.04
159112 38 0.05
148404 36 0.04
151542 36 0.04
159108 38 0.05
150547 36 0.04
150987 36 0.04
141127 34 0.04
156800 38 0.04
156095 38 0.04
149249 36 0.04
215665 52 0.06
149539 36 0.04
148843 36 0.04
146542 35 0.04
139692 34 0.04
148365 36 0.04
224078 54 0.06
156026 38 0.04
147866 36 0.04
149120 36 0.04
155219 37 0.04
149832 36 0.04
151619 37 0.04
21339437 5209 6.10
153086 37 0.04
155501 37 0.04
152897 37 0.04
155495 37 0.04
156699 38 0.04
148100 36 0.04
153868 37 0.04
146134 35 0.04
147209 35 0.04
151493 36 0.04
154510 37 0.04
148829 36 0.04
153808 37 0.04
146221 35 0.04
155230 37 0.04
19818630 4838 5.66
154807 37 0.04
152268 37 0.04
152726 37 0.04
156018 38 0.04
152984 37 0.04
154674 37 0.04
156234 38 0.04
154800 37 0.04
154311 37 0.04
149542 36 0.04
149574 36 0.04
153895 37 0.04
168765 41 0.05
149922 36 0.04
151567 37 0.04
151772 37 0.04
150400 36 0.04
155515 37 0.04
223894 54 0.06
155565 37 0.04
157464 38 0.04
157792 38 0.05
153518 37 0.04
156064 38 0.04
150495 36 0.04
152108 37 0.04
150966 36 0.04
135119 32 0.04
144846 35 0.04
137148 33 0.04
143278 34 0.04
142559 34 0.04
142636 34 0.04
136275 33 0.04
150453 36 0.04
141704 34 0.04
136705 33 0.04
143279 34 0.04
136910 33 0.04
135799 33 0.04
137071 33 0.04
141948 34 0.04
136114 33 0.04
137061 33 0.04
21075050 5145 6.02
145230 35 0.04
135653 33 0.04
153134 37 0.04
144863 35 0.04
148976 36 0.04
150100 36 0.04
149370 36 0.04
144535 35 0.04
137521 33 0.04
149270 36 0.04
147730 36 0.04
148879 36 0.04
148802 36 0.04
149810 36 0.04
138854 33 0.04
135971 33 0.04
139228 33 0.04
128360 31 0.04
143306 34 0.04
134857 32 0.04
149643 36 0.04
137357 33 0.04
22733748 5550 6.50
147905 36 0.04
222340 54 0.06
144374 35 0.04
142468 34 0.04
148432 36 0.04
142845 34 0.04
144954 35 0.04
143401 35 0.04
215524 52 0.06
148781 36 0.04
142971 34 0.04
148445 36 0.04
148851 36 0.04
153121 37 0.04
152772 37 0.04
152709 37 0.04
144752 35 0.04
158214 38 0.05
148204 36 0.04
152631 37 0.04
146881 35 0.04
146997 35 0.04
218842 53 0.06
156975 38 0.04
153529 37 0.04
149877 36 0.04
152552 37 0.04
158375 38 0.05
153913 37 0.04
159453 38 0.05
151825 37 0.04
153054 37 0.04
156340 38 0.04
159111 38 0.05
158232 38 0.05
157600 38 0.05
158172 38 0.05
147737 36 0.04
158382 38 0.05
157129 38 0.04
154132 37 0.04
157010 38 0.04
163137 39 0.05
163749 39 0.05
163741 39 0.05
163063 39 0.05
147151 35 0.04
155672 38 0.04
154876 37 0.04
155442 37 0.04
153560 37 0.04
154598 37 0.04
154136 37 0.04
160850 39 0.05
153102 37 0.04
152967 37 0.04
152513 37 0.04
151350 36 0.04
