10160 19 0.00
10275 20 0.00
11179 21 0.00
10457 20 0.00
10414 20 0.00
10174 19 0.00
10086 19 0.00
10411 20 0.00
10411 20 0.00
10456 20 0.00
10412 20 0.00
10656 20 0.00
10645 20 0.00
10149 19 0.00
10645 20 0.00
10456 20 0.00
10345 20 0.00
10251 20 0.00
10370 20 0.00
10300 20 0.00
10188 19 0.00
10404 20 0.00
10555 20 0.00
10576 20 0.00
10593 20 0.00
10373 20 0.00
10740 20 0.00
10662 20 0.00
10205 19 0.00
10428 20 0.00
10984 21 0.00
10586 20 0.00
9762 19 0.00
10132 19 0.00
10450 20 0.00
10362 20 0.00
10208 19 0.00
10597 20 0.00
10181 19 0.00
10062 19 0.00
10428 20 0.00
10603 20 0.00
10670 20 0.00
10303 20 0.00
10467 20 0.00
10125 19 0.00
10534 20 0.00
10418 20 0.00
10087 19 0.00
10548 20 0.00
10551 20 0.00
10463 20 0.00
10578 20 0.00
10729 20 0.00
9988 19 0.00
10250 20 0.00
10401 20 0.00
10275 20 0.00
10314 20 0.00
10401 20 0.00
10436 20 0.00
10328 20 0.00
10056 19 0.00
10163 19 0.00
10677 20 0.00
10460 20 0.00
10345 20 0.00
10160 19 0.00
62582 122 0.02
10331 20 0.00
10338 20 0.00
10317 20 0.00
10460 20 0.00
10401 20 0.00
10450 20 0.00
10408 20 0.00
10152 19 0.00
10460 20 0.00
10370 20 0.00
10397 20 0.00
10474 20 0.00
10251 20 0.00
9996 19 0.00
10579 20 0.00
10463 20 0.00
10516 20 0.00
10593 20 0.00
10383 20 0.00
10659 20 0.00
10310 20 0.00
10320 20 0.00
10408 20 0.00
10002 19 0.00
10296 20 0.00
10474 20 0.00
10327 20 0.00
10698 20 0.00
10527 20 0.00
10505 20 0.00
10572 20 0.00
10488 20 0.00
10174 19 0.00
10114 19 0.00
10240 20 0.00
10394 20 0.00
10680 20 0.00
10331 20 0.00
10383 20 0.00
10278 20 0.00
10223 19 0.00
10334 20 0.00
10083 19 0.00
10446 20 0.00
10163 19 0.00
10387 20 0.00
10163 19 0.00
10446 20 0.00
10254 20 0.00
10464 20 0.00
10362 20 0.00
10450 20 0.00
10475 20 0.00
10261 20 0.00
10404 20 0.00
10624 20 0.00
10044 19 0.00
10327 20 0.00
10166 19 0.00
10558 20 0.00
10174 19 0.00
10359 20 0.00
10296 20 0.00
10513 20 0.00
10017 19 0.00
10495 20 0.00
10299 20 0.00
10317 20 0.00
10450 20 0.00
9884 19 0.00
10607 20 0.00
10645 20 0.00
10796 21 0.00
61032 119 0.02
10467 20 0.00
10523 20 0.00
10303 20 0.00
10590 20 0.00
10201 19 0.00
10254 20 0.00
10212 19 0.00
10335 20 0.00
10149 19 0.00
10227 19 0.00
10760 21 0.00
10306 20 0.00
10352 20 0.00
10152 19 0.00
10461 20 0.00
10331 20 0.00
10652 20 0.00
10886 21 0.00
10124 19 0.00
10571 20 0.00
10320 20 0.00
9982 19 0.00
10680 20 0.00
10324 20 0.00
10484 20 0.00
10436 20 0.00
10442 20 0.00
10460 20 0.00
10275 20 0.00
10834 21 0.00
10247 20 0.00
10097 19 0.00
10634 20 0.00
10355 20 0.00
10229 19 0.00
10177 19 0.00
10317 20 0.00
10509 20 0.00
10331 20 0.00
10269 20 0.00
10526 20 0.00
10649 20 0.00
10474 20 0.00
10279 20 0.00
10156 19 0.00
10523 20 0.00
10290 20 0.00
10328 20 0.00
10635 20 0.00
10421 20 0.00
10132 19 0.00
10313 20 0.00
10488 20 0.00
10345 20 0.00
10362 20 0.00
10404 20 0.00
10736 20 0.00
10345 20 0.00
10122 19 0.00
10300 20 0.00
10324 20 0.00
16790 32 0.00
10401 20 0.00
10327 20 0.00
10477 20 0.00
10659 20 0.00
10261 20 0.00
10219 19 0.00
10523 20 0.00
10243 20 0.00
10516 20 0.00
10219 19 0.00
10443 20 0.00
10055 19 0.00
10188 19 0.00
10216 19 0.00
10310 20 0.00
10321 20 0.00
10561 20 0.00
10341 20 0.00
10132 19 0.00
10484 20 0.00
10038 19 0.00
10649 20 0.00
10143 19 0.00
10411 20 0.00
10460 20 0.00
10533 20 0.00
10160 19 0.00
10572 20 0.00
10638 20 0.00
10300 20 0.00
10383 20 0.00
10523 20 0.00
10282 20 0.00
10491 20 0.00
10516 20 0.00
10299 20 0.00
10456 20 0.00
10398 20 0.00
10376 20 0.00
10254 20 0.00
9930 19 0.00
10254 20 0.00
10474 20 0.00
10659 20 0.00
10377 20 0.00
10436 20 0.00
10464 20 0.00
10278 20 0.00
10209 19 0.00
10432 20 0.00
10355 20 0.00
10293 20 0.00
10498 20 0.00
10369 20 0.00
10498 20 0.00
10488 20 0.00
10107 19 0.00
10356 20 0.00
10076 19 0.00
10118 19 0.00
10439 20 0.00
10617 20 0.00
10380 20 0.00
10579 20 0.00
10320 20 0.00
10481 20 0.00
10631 20 0.00
10467 20 0.00
10348 20 0.00
10243 20 0.00
10188 19 0.00
10519 20 0.00
10362 20 0.00
61651 120 0.02
10185 19 0.00
10509 20 0.00
10205 19 0.00
10192 19 0.00
10554 20 0.00
10328 20 0.00
10408 20 0.00
9779 19 0.00
10439 20 0.00
10369 20 0.00
10369 20 0.00
10768 21 0.00
10513 20 0.00
10495 20 0.00
10310 20 0.00
10481 20 0.00
10436 20 0.00
10425 20 0.00
10125 19 0.00
10408 20 0.00
10230 19 0.00
10328 20 0.00
10300 20 0.00
10223 19 0.00
10495 20 0.00
10642 20 0.00
10400 20 0.00
10544 20 0.00
10530 20 0.00
10094 19 0.00
10387 20 0.00
10446 20 0.00
10198 19 0.00
10432 20 0.00
10506 20 0.00
10439 20 0.00
10575 20 0.00
10342 20 0.00
10404 20 0.00
10433 20 0.00
10282 20 0.00
10613 20 0.00
10125 19 0.00
10258 20 0.00
10376 20 0.00
10376 20 0.00
10365 20 0.00
10785 21 0.00
10303 20 0.00
9829 19 0.00
10523 20 0.00
10358 20 0.00
9929 19 0.00
10244 20 0.00
10436 20 0.00
10418 20 0.00
10478 20 0.00
10202 19 0.00
10401 20 0.00
10505 20 0.00
10492 20 0.00
10418 20 0.00
10481 20 0.00
10680 20 0.00
10729 20 0.00
10453 20 0.00
10387 20 0.00
10177 19 0.00
10261 20 0.00
10100 19 0.00
10519 20 0.00
10380 20 0.00
9929 19 0.00
10334 20 0.00
10502 20 0.00
9905 19 0.00
10439 20 0.00
10433 20 0.00
10474 20 0.00
57010 111 0.02
10359 20 0.00
10334 20 0.00
10324 20 0.00
10474 20 0.00
10118 19 0.00
10820 21 0.00
10222 19 0.00
10321 20 0.00
10296 20 0.00
10265 20 0.00
10523 20 0.00
10233 19 0.00
10474 20 0.00
10275 20 0.00
10342 20 0.00
10383 20 0.00
10544 20 0.00
10041 19 0.00
10484 20 0.00
10219 19 0.00
10530 20 0.00
10331 20 0.00
9954 19 0.00
10215 19 0.00
10282 20 0.00
10380 20 0.00
10107 19 0.00
10139 19 0.00
10492 20 0.00
10198 19 0.00
10157 19 0.00
10272 20 0.00
10031 19 0.00
10338 20 0.00
10261 20 0.00
10285 20 0.00
10341 20 0.00
10555 20 0.00
10150 19 0.00
10306 20 0.00
10251 20 0.00
10600 20 0.00
10268 20 0.00
10300 20 0.00
10366 20 0.00
10042 19 0.00
10271 20 0.00
10086 19 0.00
10240 20 0.00
10551 20 0.00
10429 20 0.00
10341 20 0.00
10680 20 0.00
10241 20 0.00
10555 20 0.00
10296 20 0.00
10195 19 0.00
10401 20 0.00
9999 19 0.00
10352 20 0.00
10498 20 0.00
10227 19 0.00
10080 19 0.00
10516 20 0.00
10261 20 0.00
10488 20 0.00
10478 20 0.00
10156 19 0.00
10334 20 0.00
21906761 42786 6.26
10275 20 0.00
10366 20 0.00
10167 19 0.00
10470 20 0.00
10443 20 0.00
10446 20 0.00
10220 19 0.00
10209 19 0.00
10303 20 0.00
10187 19 0.00
10286 20 0.00
10642 20 0.00
10785 21 0.00
10408 20 0.00
10509 20 0.00
10220 19 0.00
10387 20 0.00
10586 20 0.00
10631 20 0.00
10010 19 0.00
10370 20 0.00
10265 20 0.00
10398 20 0.00
10338 20 0.00
10185 19 0.00
10208 19 0.00
10352 20 0.00
10303 20 0.00
10432 20 0.00
10289 20 0.00
10198 19 0.00
10383 20 0.00
10387 20 0.00
10415 20 0.00
10303 20 0.00
10355 20 0.00
10143 19 0.00
10442 20 0.00
10397 20 0.00
10335 20 0.00
10349 20 0.00
10027 19 0.00
10393 20 0.00
10223 19 0.00
10331 20 0.00
10240 20 0.00
10586 20 0.00
10582 20 0.00
10684 20 0.00
9839 19 0.00
10435 20 0.00
10453 20 0.00
10250 20 0.00
10558 20 0.00
10377 20 0.00
10261 20 0.00
11573 22 0.00
10268 20 0.00
10551 20 0.00
10115 19 0.00
10156 19 0.00
10625 20 0.00
10275 20 0.00
10366 20 0.00
10435 20 0.00
10041 19 0.00
10293 20 0.00
10513 20 0.00
10359 20 0.00
10163 19 0.00
10561 20 0.00
10125 19 0.00
10271 20 0.00
10516 20 0.00
10363 20 0.00
10513 20 0.00
10541 20 0.00
10317 20 0.00
10715 20 0.00
10356 20 0.00
9985 19 0.00
10362 20 0.00
10463 20 0.00
10468 20 0.00
10366 20 0.00
10013 19 0.00
10212 19 0.00
10645 20 0.00
10292 20 0.00
10292 20 0.00
10562 20 0.00
10306 20 0.00
10481 20 0.00
10383 20 0.00
10240 20 0.00
10638 20 0.00
10362 20 0.00
10173 19 0.00
10198 19 0.00
10568 20 0.00
10306 20 0.00
10390 20 0.00
10268 20 0.00
10303 20 0.00
10429 20 0.00
10380 20 0.00
10194 19 0.00
10481 20 0.00
10711 20 0.00
10159 19 0.00
10356 20 0.00
10422 20 0.00
10184 19 0.00
10307 20 0.00
10478 20 0.00
10233 19 0.00
10369 20 0.00
10306 20 0.00
10194 19 0.00
10244 20 0.00
10338 20 0.00
10268 20 0.00
10478 20 0.00
10593 20 0.00
10090 19 0.00
10376 20 0.00
10502 20 0.00
10509 20 0.00
10143 19 0.00
10132 19 0.00
10192 19 0.00
10320 20 0.00
10394 20 0.00
10201 19 0.00
10268 20 0.00
10349 20 0.00
10041 19 0.00
10331 20 0.00
10108 19 0.00
10408 20 0.00
10380 20 0.00
10785 21 0.00
10264 20 0.00
10335 20 0.00
10192 19 0.00
10237 19 0.00
10129 19 0.00
10387 20 0.00
10257 20 0.00
10578 20 0.00
10474 20 0.00
10851 21 0.00
10513 20 0.00
10492 20 0.00
10209 19 0.00
10117 19 0.00
10442 20 0.00
10338 20 0.00
10129 19 0.00
10132 19 0.00
10222 19 0.00
10589 20 0.00
10617 20 0.00
10599 20 0.00
10432 20 0.00
10331 20 0.00
10495 20 0.00
10212 19 0.00
10289 20 0.00
10286 20 0.00
10303 20 0.00
10289 20 0.00
10250 20 0.00
10575 20 0.00
10303 20 0.00
10582 20 0.00
10474 20 0.00
10331 20 0.00
10352 20 0.00
10157 19 0.00
10429 20 0.00
10474 20 0.00
10383 20 0.00
10464 20 0.00
10264 20 0.00
10275 20 0.00
10418 20 0.00
10436 20 0.00
10299 20 0.00
10585 20 0.00
10474 20 0.00
10167 19 0.00
10194 19 0.00
10243 20 0.00
10628 20 0.00
10705 20 0.00
10303 20 0.00
10534 20 0.00
10237 19 0.00
10324 20 0.00
10670 20 0.00
10397 20 0.00
10205 19 0.00
10313 20 0.00
10349 20 0.00
10341 20 0.00
10802 21 0.00
10366 20 0.00
10310 20 0.00
10230 19 0.00
10338 20 0.00
10429 20 0.00
10236 19 0.00
10163 19 0.00
10384 20 0.00
10243 20 0.00
10565 20 0.00
10366 20 0.00
10680 20 0.00
10855 21 0.00
10421 20 0.00
10348 20 0.00
10044 19 0.00
10104 19 0.00
10422 20 0.00
10020 19 0.00
10572 20 0.00
10314 20 0.00
10282 20 0.00
10597 20 0.00
10307 20 0.00
10872 21 0.00
10575 20 0.00
10603 20 0.00
10411 20 0.00
10213 19 0.00
10296 20 0.00
10299 20 0.00
10293 20 0.00
10415 20 0.00
10610 20 0.00
10432 20 0.00
10447 20 0.00
10425 20 0.00
10394 20 0.00
10174 19 0.00
10090 19 0.00
10314 20 0.00
10652 20 0.00
10114 19 0.00
10160 19 0.00
9989 19 0.00
10415 20 0.00
10254 20 0.00
10213 19 0.00
10184 19 0.00
10554 20 0.00
10547 20 0.00
10391 20 0.00
10631 20 0.00
10136 19 0.00
10265 20 0.00
10412 20 0.00
10422 20 0.00
10411 20 0.00
10533 20 0.00
10474 20 0.00
10586 20 0.00
10247 20 0.00
10855 21 0.00
10160 19 0.00
10198 19 0.00
10582 20 0.00
10314 20 0.00
10314 20 0.00
10226 19 0.00
10195 19 0.00
10422 20 0.00
10495 20 0.00
9832 19 0.00
10432 20 0.00
10038 19 0.00
10359 20 0.00
10205 19 0.00
10313 20 0.00
10299 20 0.00
10593 20 0.00
12317 24 0.00
10418 20 0.00
10080 19 0.00
10411 20 0.00
10834 21 0.00
10446 20 0.00
10440 20 0.00
10296 20 0.00
10648 20 0.00
10198 19 0.00
10209 19 0.00
10509 20 0.00
10209 19 0.00
10405 20 0.00
10160 19 0.00
10464 20 0.00
10572 20 0.00
10523 20 0.00
10704 20 0.00
10376 20 0.00
10460 20 0.00
10345 20 0.00
10516 20 0.00
10597 20 0.00
10338 20 0.00
10293 20 0.00
10576 20 0.00
10185 19 0.00
10202 19 0.00
10398 20 0.00
10289 20 0.00
10939 21 0.00
10237 19 0.00
10582 20 0.00
10212 19 0.00
10481 20 0.00
10404 20 0.00
10513 20 0.00
10519 20 0.00
10478 20 0.00
10366 20 0.00
10324 20 0.00
10335 20 0.00
10484 20 0.00
10526 20 0.00
10411 20 0.00
10174 19 0.00
10391 20 0.00
10265 20 0.00
15233 29 0.00
10435 20 0.00
10460 20 0.00
10282 20 0.00
10178 19 0.00
10009 19 0.00
10418 20 0.00
10397 20 0.00
10327 20 0.00
10411 20 0.00
10310 20 0.00
10481 20 0.00
10543 20 0.00
10143 19 0.00
10457 20 0.00
10321 20 0.00
10101 19 0.00
10373 20 0.00
10356 20 0.00
10132 19 0.00
10391 20 0.00
10481 20 0.00
10467 20 0.00
10159 19 0.00
10401 20 0.00
10306 20 0.00
12646 24 0.00
10289 20 0.00
10331 20 0.00
9689 18 0.00
10450 20 0.00
10586 20 0.00
10655 20 0.00
54884 107 0.02
10195 19 0.00
10309 20 0.00
10216 19 0.00
10569 20 0.00
9958 19 0.00
10114 19 0.00
10540 20 0.00
10226 19 0.00
10449 20 0.00
10380 20 0.00
10436 20 0.00
10561 20 0.00
10278 20 0.00
10809 21 0.00
10125 19 0.00
10666 20 0.00
10418 20 0.00
10529 20 0.00
10649 20 0.00
10394 20 0.00
10250 20 0.00
10142 19 0.00
10334 20 0.00
10855 21 0.00
10129 19 0.00
10439 20 0.00
10446 20 0.00
10132 19 0.00
10023 19 0.00
10094 19 0.00
10669 20 0.00
10705 20 0.00
10540 20 0.00
11354 22 0.00
10422 20 0.00
10122 19 0.00
10443 20 0.00
10191 19 0.00
10334 20 0.00
20597600 40229 5.89
10327 20 0.00
10313 20 0.00
10506 20 0.00
10432 20 0.00
10509 20 0.00
10195 19 0.00
10931 21 0.00
10394 20 0.00
10401 20 0.00
10314 20 0.00
9979 19 0.00
10268 20 0.00
10202 19 0.00
10823 21 0.00
10188 19 0.00
10505 20 0.00
10582 20 0.00
10272 20 0.00
10698 20 0.00
10498 20 0.00
10697 20 0.00
10397 20 0.00
10404 20 0.00
10206 19 0.00
10296 20 0.00
10219 19 0.00
10565 20 0.00
10233 19 0.00
10495 20 0.00
10383 20 0.00
10456 20 0.00
10230 19 0.00
10202 19 0.00
10530 20 0.00
10121 19 0.00
10387 20 0.00
10191 19 0.00
10638 20 0.00
10013 19 0.00
10321 20 0.00
10352 20 0.00
10450 20 0.00
10125 19 0.00
10467 20 0.00
10485 20 0.00
10282 20 0.00
10037 19 0.00
10094 19 0.00
10645 20 0.00
10289 20 0.00
10439 20 0.00
10276 20 0.00
10505 20 0.00
10708 20 0.00
10184 19 0.00
10363 20 0.00
10484 20 0.00
10610 20 0.00
11934 23 0.00
10718 20 0.00
10272 20 0.00
10450 20 0.00
10432 20 0.00
10757 21 0.00
10268 20 0.00
10286 20 0.00
10286 20 0.00
10837 21 0.00
10484 20 0.00
10212 19 0.00
10164 19 0.00
10345 20 0.00
10093 19 0.00
10464 20 0.00
10397 20 0.00
10485 20 0.00
10506 20 0.00
10429 20 0.00
10453 20 0.00
10527 20 0.00
10299 20 0.00
10206 19 0.00
10582 20 0.00
10139 19 0.00
10307 20 0.00
10366 20 0.00
10261 20 0.00
10094 19 0.00
10369 20 0.00
10502 20 0.00
10226 19 0.00
10544 20 0.00
9877 19 0.00
10488 20 0.00
10278 20 0.00
10471 20 0.00
9929 19 0.00
10387 20 0.00
9933 19 0.00
10293 20 0.00
10223 19 0.00
10523 20 0.00
10404 20 0.00
10341 20 0.00
10474 20 0.00
10579 20 0.00
10006 19 0.00
10205 19 0.00
11884 23 0.00
10132 19 0.00
10341 20 0.00
11284 22 0.00
10303 20 0.00
10351 20 0.00
10307 20 0.00
10645 20 0.00
10324 20 0.00
10617 20 0.00
10209 19 0.00
10411 20 0.00
10279 20 0.00
10327 20 0.00
10328 20 0.00
10139 19 0.00
10293 20 0.00
10355 20 0.00
10163 19 0.00
10442 20 0.00
10436 20 0.00
10558 20 0.00
10464 20 0.00
10366 20 0.00
10303 20 0.00
10565 20 0.00
10024 19 0.00
10289 20 0.00
10582 20 0.00
10349 20 0.00
10565 20 0.00
10142 19 0.00
10146 19 0.00
10809 21 0.00
10450 20 0.00
10327 20 0.00
10306 20 0.00
10296 20 0.00
10701 20 0.00
10379 20 0.00
10551 20 0.00
10621 20 0.00
10251 20 0.00
10589 20 0.00
10192 19 0.00
10398 20 0.00
10645 20 0.00
10055 19 0.00
10627 20 0.00
10342 20 0.00
10603 20 0.00
10712 20 0.00
10278 20 0.00
