1000
999
995
1019
996
997
997
1020
997
995
998
1039
998
996
994
1019
996
996
1024
995
997
997
1017
996
996
994
1023
998
997
995
1017
997
995
998
999
997
995
1017
997
997
996
1017
997
996
997
1021
997
996
998
996
996
999
1017
997
999
997
1017
994
997
997
1021
998
996
998
1020
996
996
1018
997
996
997
1020
993
995
997
1021
995
995
998
1022
998
997
1021
994
996
997
1020
996
996
997
1021
995
998
995
1020
997
996
1021
996
998
997
1019
996
995
997
1018
997
994
998
1019
994
997
1018
994
995
997
1022
998
995
996
1019
996
997
1001
1020
997
995
1020
996
998
995
1021
996
995
997
1023
997
996
996
1020
998
996
1020
997
997
995
1021
996
995
998
1019
998
997
999
1019
995
996
1020
994
994
998
1019
996
997
998
1021
994
997
998
1021
998
996
1018
996
997
997
1018
998
994
994
1018
997
995
996
1021
997
997
1000
996
997
998
1020
998
997
996
1023
995
997
996
1020
1024
996
998
1020
998
998
1018
997
997
995
1019
998
998
995
1021
997
996
998
1016
995
996
1017
996
996
996
1021
997
995
994
1022
997
995
996
1023
997
995
1003
998
999
997
1020
998
998
997
1020
999
996
994
1019
999
995
997
1017
997
995
1018
994
996
996
1018
997
996
999
1019
998
996
997
1019
996
995
1022
996
997
996
1020
997
997
997
1020
997
996
997
1019
994
997
997
1017
996
997
1020
995
996
998
1021
998
995
998
1020
998
997
997
1020
996
998
1022
997
997
995
1019
998
999
996
1018
998
998
995
936
892
934
952
897
894
914
893
932
929
895
892
913
896
915
916
913
893
913
896
934
916
929
895
914
892
893
914
934
911
915
895
893
935
919
892
935
894
893
951
895
894
915
893
894
954
894
944
915
896
893
936
942
927
916
893
893
915
892
935
917
894
895
914
933
894
918
893
893
915
919
895
953
894
894
916
920
907
953
894
894
930
894
894
955
896
897
915
894
932
933
894
931
956
896
928
918
960
895
895
897
933
896
960
894
895
895
894
896
927
894
894
896
897
934
935
895
895
895
895
918
896
895
893
892
893
935
891
931
894
896
896
896
895
926
896
896
931
894
947
937
896
895
897
894
918
893
894
894
895
894
932
895
932
895
895
895
894
893
927
895
893
894
894
919
935
893
894
934
894
932
905
916
894
893
894
936
896
943
894
895
892
945
893
949
894
893
893
895
917
932
896
892
892
896
930
895
894
897
893
893
932
893
917
894
912
911
913
915
932
895
916
894
893
934
933
893
914
894
893
951
923
895
913
896
893
955
932
893
947
893
894
935
893
931
914
895
895
913
909
916
915
893
936
913
931
933
914
895
893
913
934
895
954
896
896
914
915
894
955
894
895
915
896
934
948
896
894
912
893
932
951
933
894
915
893
920
916
894
894
916
895
933
914
917
896
915
894
895
916
931
893
914
896
893
951
933
893
915
892
895
940
907
895
917
894
895
954
893
915
954
899
892
916
895
931
916
934
935
914
932
933
1000
896
895
916
922
954
962
894
894
897
933
899
895
894
895
896
904
893
934
895
895
897
895
916
931
895
895
896
894
934
939
895
894
898
937
932
898
895
894
896
935
910
895
931
895
895
895
896
913
917
893
912
895
892
933
931
893
897
893
894
936
892
895
893
896
895
909
894
931
893
936
920
895
914
931
897
894
895
892
934
933
932
894
893
894
937
910
893
895
896
895
910
895
909
896
893
921
894
911
932
916
895
893
892
933
919
914
894
895
914
916
933
954
896
894
914
935
934
915
895
896
915
894
946
938
894
893
915
892
918
950
895
896
914
893
933
952
893
894
916
892
941
960
893
895
949
895
913
919
896
894
913
892
894
931
930
894
915
894
893
950
929
891
914
894
933
938
933
892
897
895
895
943
892
896
940
895
894
935
897
920
896
896
935
898
932
968
895
892
895
893
928
933
933
893
896
893
952
916
896
893
894
894
892
893
909
894
893
942
894
919
931
913
895
893
893
935
926
915
895
895
914
932
935
914
943
933
916
920
913
916
893
894
917
894
894
931
894
893
914
896
933
961
897
895
914
893
926
953
895
895
913
895
934
938
895
894
914
912
895
917
896
896
916
894
895
954
930
933
914
893
894
950
917
895
917
893
897
955
933
896
974
894
893
915
892
941
922
893
893
913
894
908
895
895
915
894
931
939
894
894
892
897
933
934
893
893
894
896
912
913
893
895
896
895
895
905
907
894
895
894
894
930
933
895
894
896
893
933
934
894
894
934
895
917
920
895
895
896
896
894
946
894
920
894
894
892
932
949
896
895
895
895
918
946
896
895
915
895
932
952
893
