22067 21
21364 20
21462 20
21384 20
21316 20
21942 21
21942 21
21875 21
21414 20
21402 20
21479 20
21417 20
21928 21
21322 20
21328 20
22000 21
21453 20
21447 20
21357 20
21951 21
21453 20
21414 20
21375 20
21337 20
21396 20
21414 20
21375 20
21379 20
21414 20
21310 20
21384 20
21319 20
21348 20
21354 20
21473 20
21429 20
22033 21
21343 20
21316 20
21357 20
21331 20
21295 20
21904 21
21930 21
21352 20
21376 20
21366 20
21423 20
21366 20
21286 20
21316 20
21325 20
21307 20
21346 20
21884 21
20259 19
21429 20
21352 20
21384 20
21408 20
21411 20
21458 20
21402 20
22088 21
21907 21
21447 20
21372 20
21980 21
21396 20
21348 20
21399 20
21363 20
21459 20
21965 21
21411 20
21369 20
21363 20
21521 21
21334 20
21393 20
21331 20
22102 21
21895 21
21450 20
21393 20
20217 19
20228 19
21435 20
21417 20
22073 21
21965 21
21461 20
21441 20
20318 19
21417 20
21399 20
21316 20
21372 20
22009 21
22032 21
21378 20
21986 21
21354 20
21387 20
21989 21
22012 21
21393 20
21429 20
21372 20
21983 21
21980 21
21420 20
21354 20
21426 20
21438 20
21405 20
21465 20
21340 20
21402 20
22053 21
21316 20
21372 20
155318 151
21346 20
21417 20
21402 20
21962 21
21919 21
20387 19
21444 20
21381 20
22050 21
21313 20
20238 19
21354 20
21301 20
21378 20
21456 20
21402 20
21441 20
21459 20
22114 21
21983 21
21962 21
21310 20
21925 21
22015 21
21927 21
22070 21
21325 20
21322 20
21355 20
21340 20
20267 19
21316 20
21310 20
21313 20
21358 20
21939 21
22179 21
20371 19
21330 20
21319 20
21916 21
21921 21
21348 20
21354 20
21346 20
21408 20
21417 20
20243 19
21402 20
22003 21
21429 20
21372 20
21396 20
21339 20
21343 20
21536 21
21426 20
22047 21
21360 20
21369 20
21381 20
21420 20
21957 21
21384 20
21355 20
21928 21
21352 20
21367 20
21348 20
21420 20
21399 20
21313 20
21396 20
21465 20
21414 20
21354 20
21390 20
21328 20
24876 24
20208 19
21411 20
21515 21
21343 20
22024 21
21623 21
21345 20
21375 20
21372 20
21301 20
21322 20
21361 20
21420 20
21307 20
21939 21
21289 20
21396 20
21390 20
21331 20
21366 20
22018 21
21396 20
21375 20
21328 20
21423 20
21907 21
21473 20
21369 20
21295 20
21316 20
21426 20
21375 20
21898 21
21372 20
21399 20
21468 20
21364 20
21402 20
21354 20
21393 20
21339 20
21980 21
21465 20
21408 20
21414 20
22254 21
21995 21
21384 20
21369 20
21426 20
21474 20
21980 21
21432 20
22000 21
21551 21
21355 20
22094 21
21387 20
21441 20
21349 20
21957 21
22006 21
22149 21
20202 19
21414 20
22079 21
21971 21
22003 21
21399 20
21378 20
21417 20
21408 20
21339 20
21399 20
21379 20
21301 20
21393 20
21307 20
21393 20
24293 23
21298 20
21283 20
21429 20
21521 21
22686 22
21283 20
21375 20
21316 20
21432 20
22009 21
21569 21
21354 20
21435 20
21503 20
21337 20
21438 20
21411 20
21524 21
21396 20
21488 20
21346 20
21402 20
22009 21
21364 20
21423 20
21372 20
21515 21
21974 21
21351 20
21369 20
21360 20
20229 19
21459 20
21488 20
21319 20
21360 20
21497 20
21349 20
21455 20
21396 20
21304 20
20219 19
21334 20
21375 20
21363 20
21733 21
21411 20
20309 19
20276 19
21486 20
21384 20
21381 20
20303 19
21408 20
21948 21
21411 20
21334 20
21369 20
21399 20
21922 21
21994 21
21942 21
21361 20
21357 20
21357 20
21474 20
22003 21
21295 20
21438 20
21450 20
21963 21
21375 20
22260 21
21459 20
22053 21
21399 20
21438 20
21977 21
21325 20
21301 20
22047 21
21310 20
21393 20
21310 20
22018 21
21414 20
21313 20
21384 20
21319 20
22076 21
21339 20
21986 21
21351 20
20258 19
21393 20
21340 20
21375 20
21298 20
21942 21
21396 20
21340 20
21420 20
21399 20
21402 20
21349 20
21277 20
21361 20
21423 20
21390 20
21339 20
21376 20
21346 20
21390 20
21474 20
63083 61
21354 20
21444 20
21387 20
21301 20
23727 23
21411 20
21387 20
21455 20
21438 20
22012 21
21355 20
21310 20
21399 20
21364 20
21331 20
21319 20
21473 20
21459 20
21429 20
21396 20
21387 20
21515 21
21954 21
21945 21
21971 21
22785 22
20235 19
21367 20
21378 20
21516 21
23234 22
21325 20
21500 20
21313 20
21426 20
21980 21
21310 20
21325 20
21997 21
21307 20
21390 20
21399 20
21426 20
21352 20
21328 20
21405 20
20238 19
21337 20
21432 20
21438 20
21957 21
22003 21
21447 20
21399 20
21423 20
21998 21
21441 20
20229 19
21453 20
21435 20
21473 20
21467 20
61277 59
21527 21
21390 20
21328 20
21352 20
21447 20
21340 20
21357 20
21417 20
21304 20
21408 20
21372 20
21405 20
21426 20
21346 20
21390 20
21968 21
21441 20
21393 20
21482 20
21358 20
21916 21
21342 20
21337 20
22006 21
21331 20
21907 21
21405 20
21363 20
21995 21
21328 20
21379 20
21295 20
21349 20
21390 20
21405 20
21343 20
21426 20
21405 20
21307 20
21358 20
21390 20
21986 21
20368 19
21342 20
21417 20
21450 20
21450 20
20330 19
21349 20
21322 20
21376 20
21343 20
21325 20
21479 20
21945 21
21354 20
21399 20
21402 20
20333 19
21402 20
21962 21
21378 20
21357 20
20243 19
20261 19
21358 20
21343 20
21313 20
21992 21
20222 19
21387 20
21515 21
21334 20
21399 20
21399 20
21482 20
21322 20
21310 20
21339 20
21887 21
21280 20
21313 20
21358 20
21444 20
21399 20
21319 20
21357 20
21405 20
22059 21
21411 20
22009 21
21399 20
21390 20
21358 20
21983 21
21405 20
20267 19
21417 20
21485 20
21992 21
21381 20
21957 21
20214 19
21408 20
21438 20
21435 20
21977 21
21375 20
21414 20
21375 20
21402 20
21432 20
21429 20
21376 20
21426 20
21497 20
22076 21
22123 21
21325 20
21322 20
21411 20
21390 20
21536 21
21363 20
21393 20
21373 20
21429 20
21393 20
21339 20
21411 20
21340 20
21435 20
21432 20
22452 21
21417 20
21304 20
21361 20
21382 20
21402 20
21438 20
21349 20
21328 20
21337 20
21462 20
20249 19
21319 20
21986 21
21357 20
21432 20
21971 21
20273 19
20250 19
21390 20
21462 20
21916 21
21429 20
21360 20
21619 21
21423 20
21396 20
21372 20
21933 21
21319 20
21355 20
21351 20
21640 21
21414 20
21396 20
21913 21
21328 20
22035 21
21429 20
21367 20
21396 20
21429 20
22012 21
20231 19
21348 20
21357 20
21363 20
21349 20
21342 20
21375 20
21367 20
21354 20
21351 20
21304 20
21393 20
22038 21
21352 20
21408 20
21977 21
21325 20
21411 20
21485 20
21390 20
21405 20
22003 21
21319 20
21426 20
21459 20
21962 21
21414 20
21960 21
20220 19
21476 20
21432 20
21349 20
21420 20
21366 20
21351 20
22018 21
21411 20
21319 20
21948 21
20211 19
21399 20
21307 20
21420 20
22021 21
21468 20
21366 20
21921 21
21977 21
21328 20
20259 19
21402 20
21337 20
21414 20
22123 21
21966 21
20270 19
21378 20
21381 20
21292 20
21551 21
21351 20
21936 21
21447 20
21301 20
21393 20
22073 21
21304 20
21310 20
21414 20
21417 20
21980 21
20208 19
21358 20
21384 20
21491 20
21381 20
21414 20
21960 21
21357 20
21411 20
21515 21
21426 20
21322 20
21307 20
21355 20
21461 20
62158 60
21399 20
21304 20
21414 20
21423 20
21390 20
62069 60
21438 20
21962 21
21393 20
21426 20
22053 21
21313 20
21470 20
21390 20
21465 20
22041 21
21408 20
21995 21
21426 20
21435 20
22065 21
21971 21
21530 21
21399 20
22015 21
21414 20
21482 20
20282 19
21408 20
21372 20
21997 21
21355 20
21992 21
20220 19
21402 20
22003 21
21521 21
21444 20
20246 19
21354 20
21402 20
21387 20
21491 20
21337 20
21339 20
21447 20
21363 20
21414 20
21974 21
21319 20
21307 20
21402 20
21411 20
21405 20
21530 21
21322 20
21399 20
21423 20
21378 20
21503 20
21331 20
21396 20
21560 21
21429 20
21974 21
20190 19
21357 20
21396 20
21494 20
21399 20
20341 19
20377 19
21509 21
21349 20
21456 20
20336 19
21492 20
21357 20
21501 20
22079 21
21997 21
21310 20
21459 20
21450 20
21364 20
21322 20
20312 19
21417 20
21501 20
21342 20
21325 20
21342 20
21378 20
21334 20
21357 20
21497 20
21393 20
21346 20
21328 20
21474 20
21366 20
21366 20
21304 20
21408 20
21369 20
21396 20
21405 20
22003 21
20235 19
21420 20
21334 20
21387 20
21965 21
21316 20
21352 20
21420 20
21942 21
22105 21
20282 19
22149 21
21608 21
21512 21
21322 20
20276 19
21343 20
21384 20
21455 20
21494 20
21992 21
20273 19
21316 20
21351 20
21358 20
21319 20
20303 19
21358 20
21390 20
21390 20
21334 20
20294 19
21361 20
21328 20
21366 20
21366 20
21933 21
20241 19
21310 20
21295 20
21977 21
21360 20
21375 20
21366 20
21304 20
21503 20
21313 20
21340 20
21414 20
21349 20
21483 20
21992 21
21355 20
21363 20
21348 20
21963 21
21336 20
21959 21
21301 20
21524 21
21426 20
21405 20
21951 21
21432 20
21980 21
21483 20
21432 20
21450 20
21957 21
21342 20
21983 21
21417 20
21408 20
21486 20
20255 19
21411 20
21384 20
21423 20
21342 20
62559 61
21387 20
21441 20
21435 20
21390 20
21954 21
21357 20
22067 21
21551 21
21396 20
21581 21
21319 20
21348 20
21316 20
21319 20
21307 20
21345 20
21333 20
21402 20
21461 20
21402 20
20249 19
21363 20
21316 20
21337 20
21316 20
21304 20
21426 20
21378 20
21420 20
21453 20
22365 21
21381 20
21402 20
21399 20
21364 20
21396 20
21393 20
21405 20
21426 20
21405 20
21337 20
21343 20
21367 20
21367 20
21411 20
20309 19
61894 60
20217 19
21378 20
21405 20
21578 21
22032 21
21596 21
21402 20
21387 20
21334 20
21954 21
21370 20
21966 21
21340 20
21381 20
21396 20
20220 19
21322 20
21375 20
21441 20
21378 20
21325 20
21945 21
21485 20
21387 20
21360 20
21417 20
20237 19
21939 21
21355 20
21342 20
22009 21
20270 19
21393 20
21426 20
21396 20
21351 20
21372 20
21295 20
21942 21
21334 20
21474 20
20324 19
