151769 37
145111 35
148007 36
139642 34
151302 36
149021 36
150777 36
143086 34
152674 37
141379 34
143217 34
144241 35
150997 36
144406 35
157551 38
147805 36
153017 37
141537 34
152502 37
143563 35
158057 38
144268 35
297279 72
112250 27
145296 35
115932 28
127939 31
119027 29
138600 33
122682 29
139520 34
128329 31
148183 36
126831 30
133247 32
144709 35
136447 33
139592 34
128654 31
133289 32
136095 33
126610 30
137334 33
118755 28
126706 30
115235 28
126355 30
129795 31
118720 28
127892 31
117409 28
142279 34
110064 26
120442 29
108258 26
118461 28
121657 29
132982 32
234701 57
120737 29
115229 28
131874 32
113483 27
132488 32
112652 27
132985 32
113469 27
118077 28
116415 28
112554 27
115566 28
123313 30
114118 27
103135 25
107130 26
108220 26
107645 26
111523 27
105119 25
107565 26
135715 33
107058 26
105784 25
106305 25
108777 26
115360 28
127787 31
117408 28
112629 27
113629 27
123376 30
119111 29
121389 29
127796 31
117633 28
106754 26
134376 32
118634 28
125878 30
113150 27
144185 35
126006 30
127153 31
143530 35
158191 38
143372 35
153598 37
147989 36
159433 38
168639 41
153383 37
131579 32
147000 35
118693 28
127745 31
134755 32
143535 35
134040 32
135133 32
130941 31
138451 33
139793 34
144212 35
137457 33
143193 34
126316 30
133910 32
130261 31
130083 31
126488 30
240012 58
139931 34
140081 34
146513 35
144760 35
129685 31
132496 32
138663 33
135395 33
139571 34
127990 31
142559 34
121752 29
124618 30
129411 31
131198 32
128097 31
144927 35
146309 35
143491 35
136447 33
117886 28
139178 33
111115 27
137704 33
115872 28
144862 35
129214 31
140849 34
121517 29
137551 33
128511 31
126770 30
127192 31
127084 31
123745 30
130411 31
121916 29
129643 31
139249 33
143268 34
129336 31
146815 35
137223 33
147429 35
146505 35
160189 39
129044 31
156574 38
135633 33
174811 42
124537 30
143643 35
111857 27
149692 36
117927 28
140480 34
116069 28
140482 34
121427 29
136232 33
142895 34
142693 34
142198 34
196825 48
143321 34
123891 30
143312 34
126370 30
146248 35
129089 31
204114 49
136852 33
145326 35
139014 33
141109 34
120446 29
141028 34
123912 30
145204 35
124052 30
146913 35
105998 25
139211 33
107875 26
186690 45
145380 35
147974 36
141748 34
148457 36
152008 37
147078 35
144256 35
143827 35
110460 26
139091 33
113391 27
146491 35
120945 29
145242 35
123664 30
139041 33
117621 28
148290 36
136420 33
132881 32
147650 36
174622 42
150188 36
131305 32
146970 35
146803 35
144870 35
139169 33
124081 30
116230 28
134838 32
132220 32
131787 32
130486 31
126280 30
136443 33
134793 32
126956 30
115711 28
121305 29
115011 28
126336 30
107577 26
114687 27
101285 24
122579 29
113633 27
111090 27
117110 28
157800 38
116468 28
114332 27
143564 35
126557 30
119462 29
119048 29
122430 29
111035 27
120826 29
105965 25
122308 29
108115 26
113284 27
108932 26
107118 26
109721 26
109855 26
142779 34
134213 32
128693 31
172516 42
147521 36
115971 28
137709 33
110072 26
122943 30
113796 27
129695 31
141501 34
149812 36
129223 31
127216 31
131937 32
111383 27
132674 32
130707 31
124177 30
118396 28
128058 31
137477 33
118041 28
137731 33
109927 26
121174 29
137766 33
122039 29
122911 30
105137 25
109282 26
107913 26
116090 28
124213 30
114404 27
125136 30
117618 28
138413 33
123119 30
135538 33
118875 29
140583 34
123414 30
131695 32
135007 32
131850 32
128702 31
121976 29
124807 30
142742 34
135306 33
157678 38
114800 28
140104 34
132541 32
131915 32
120510 29
121934 29
141009 34
114449 27
136098 33
120436 29
125398 30
113582 27
111282 27
134209 32
104637 25
116534 28
111113 27
110061 26
107990 26
107598 26
111948 27
110380 26
103120 25
117743 28
119187 29
118535 28
116474 28
117384 28
112283 27
116769 28
117877 28
158372 38
143518 35
140750 34
175608 42
109477 26
120936 29
148424 36
134605 32
130960 31
130704 31
138991 33
163409 39
132050 32
138472 33
143993 35
144793 35
137935 33
129652 31
137331 33
122950 30
113713 27
126125 30
123555 30
132330 32
127394 31
140432 34
113903 27
122586 29
140218 34
118017 28
142124 34
117091 28
177300 43
145034 35
141132 34
143646 35
145201 35
151879 37
145418 35
144451 35
146473 35
139750 34
153088 37
135076 32
150474 36
135350 33
145895 35
109689 26
124660 30
129905 31
145775 35
112018 27
134266 32
115893 28
125640 30
119724 29
110949 27
133635 32
148269 36
146035 35
148607 36
118416 28
119173 29
105447 25
132279 32
136372 33
125633 30
116432 28
131725 32
119057 29
149815 36
142514 34
158221 38
191029 46
146896 35
141945 34
153315 37
140366 34
150789 36
141171 34
152711 37
146678 35
143777 35
145702 35
147047 35
144474 35
145502 35
141412 34
137692 33
146005 35
143631 35
138758 33
140217 34
125351 30
131271 32
124889 30
130864 31
138722 33
121684 29
130096 31
129128 31
126262 30
116057 28
129995 31
128934 31
114895 28
129252 31
129182 31
128858 31
122744 29
124513 30
106757 26
106498 26
107463 26
108777 26
110443 26
108741 26
106665 26
108938 26
106460 25
120715 29
104532 25
107797 26
109277 26
126658 30
112453 27
128821 31
117425 28
136406 33
137783 33
112980 27
118300 28
112101 27
109218 26
136420 33
117480 28
114103 27
103141 25
135660 33
105551 25
116206 28
108133 26
108116 26
105733 25
115023 28
109016 26
117317 28
113216 27
117956 28
110525 26
110293 26
133587 32
111214 27
144185 35
140099 34
145367 35
175351 42
265659 64
137235 33
155138 37
150185 36
141902 34
152915 37
142496 34
194874 47
157704 38
150818 36
145701 35
146765 35
133786 32
128252 31
117364 28
107499 26
110395 26
136792 33
108241 26
127406 31
162265 39
108208 26
110606 27
131384 32
113308 27
113340 27
114964 28
125318 30
116528 28
117955 28
121748 29
143089 34
125233 30
138454 33
131422 32
142692 34
120814 29
136678 33
120502 29
122605 29
120290 29
124233 30
123087 30
107860 26
121422 29
132449 32
129713 31
130641 31
120817 29
137852 33
123763 30
127137 31
129442 31
116951 28
128204 31
122322 29
120415 29
120668 29
128401 31
133355 32
145570 35
132255 32
139109 33
133192 32
136539 33
112546 27
114470 27
112572 27
117713 28
106907 26
133274 32
110093 26
120766 29
109381 26
126595 30
116346 28
115431 28
117636 28
128937 31
115211 28
132114 32
118554 28
121657 29
125014 30
110963 27
120173 29
118339 28
124358 30
125211 30
123323 30
138707 33
133992 32
119808 29
110251 26
113993 27
113709 27
113692 27
115363 28
132813 32
119504 29
112766 27
110108 26
108178 26
109260 26
121622 29
109757 26
118921 29
109051 26
120712 29
118279 28
126137 30
108698 26
139971 34
124160 30
122244 29
120430 29
124359 30
115392 28
120181 29
119810 29
264597 64
102144 24
130826 31
125947 30
122709 29
129876 31
121190 29
140530 34
132108 32
133375 32
132414 32
128928 31
137891 33
117359 28
204438 49
122214 29
109355 26
137614 33
122602 29
139330 34
109420 26
290636 70
125768 30
137313 33
118887 29
135934 33
111210 27
141864 34
123273 30
147331 35
127859 31
156050 38
124603 30
132270 32
147575 36
143384 35
139613 34
133456 32
145948 35
141480 34
140346 34
139753 34
146525 35
127975 31
148487 36
141326 34
151751 37
132069 32
157147 38
127725 31
150455 36
131836 32
151203 36
127886 31
147313 35
128380 31
153694 37
144880 35
152612 37
152108 37
148021 36
154861 37
155742 38
150532 36
141793 34
151346 36
120013 29
147340 35
135967 33
146845 35
150229 36
152826 37
152037 37
300189 73
156994 38
157208 38
161939 39
153437 37
157226 38
151692 37
157818 38
144254 35
159865 39
153652 37
166171 40
148117 36
153437 37
152236 37
151410 36
145240 35
146962 35
151609 37
152096 37
163491 39
148874 36
157673 38
137736 33
158352 38
151515 36
159347 38
157780 38
163742 39
152710 37
156526 38
154233 37
149818 36
147914 36
150414 36
152302 37
151486 36
142237 34
141978 34
138999 33
137942 33
145466 35
133493 32
136264 33
112501 27
132904 32
123206 30
128895 31
104062 25
129482 31
128788 31
121826 29
145496 35
129780 31
154602 37
116188 28
145104 35
124377 30
127047 31
119767 29
130313 31
160573 39
128716 31
114088 27
124713 30
118785 29
129330 31
120082 29
143351 34
172127 42
152844 37
117603 28
145344 35
117284 28
154185 37
126128 30
155275 37
142121 34
156484 38
111151 27
153095 37
126925 30
151515 36
138889 33
163264 39
121097 29
143673 35
141361 34
134373 32
139172 33
131358 32
134511 32
146878 35
141713 34
150104 36
144045 35
144995 35
147093 35
146500 35
144468 35
145195 35
152445 37
146125 35
154697 37
145844 35
153529 37
137468 33
149505 36
136488 33
144617 35
117335 28
152448 37
125577 30
151528 36
146872 35
190480 46
147589 36
157235 38
152245 37
154113 37
152752 37
158929 38
151361 36
151978 37
158274 38
151051 36
155114 37
158465 38
154348 37
163526 39
155218 37
159549 38
156127 38
152722 37
151846 37
150526 36
157745 38
146276 35
242233 59
144674 35
162295 39
142020 34
146764 35
149979 36
146443 35
135044 32
153157 37
149267 36
138100 33
118330 28
137576 33
121767 29
150803 36
119942 29
112435 27
115256 28
105923 25
117757 28
120894 29
117373 28
120075 29
115131 28
129911 31
114797 28
145225 35
120099 29
156818 38
112831 27
148990 36
126819 30
153268 37
153545 37
151302 36
155269 37
139917 34
148504 36
141418 34
141975 34
112481 27
103259 25
115101 28
133724 32
108345 26
140560 34
147861 36
131388 32
114562 27
134310 32
114425 27
133658 32
107139 26
118658 28
136655 33
126405 30
116191 28
119608 29
114261 27
117189 28
128797 31
116185 28
133006 32
127060 31
136521 33
133846 32
127811 31
125392 30
120656 29
124326 30
116471 28
120972 29
131963 32
130024 31
120838 29
126694 30
119910 29
123565 30
99459 24
121481 29
106063 25
142628 34
125303 30
116572 28
116745 28
121386 29
136804 33
145177 35
116170 28
133092 32
136300 33
134611 32
131962 32
115369 28
125512 30
115952 28
117013 28
137858 33
129247 31
133072 32
137185 33
135725 33
135401 33
129774 31
153652 37
148063 36
140855 34
114908 28
125050 30
114797 28
131531 32
128207 31
117296 28
127013 31
151451 36
119810 29
106787 26
127478 31
133590 32
138305 33
144661 35
153217 37
328168 80
110335 26
103156 25
114182 27
109763 26
127090 31
135437 33
116769 28
116120 28
129220 31
144364 35
145889 35
153157 37
152007 37
144830 35
259866 63
117365 28
116403 28
143881 35
107705 26
107100 26
121356 29
153979 37
