413099 50
424801 51
424646 51
413158 50
423643 51
424290 51
412273 50
413578 50
413194 50
425034 51
563541 68
413158 50
412642 50
424792 51
413244 50
413185 50
411874 50
407847 49
411284 50
423585 51
412941 50
413143 50
413232 50
412386 50
413676 50
413402 50
412815 50
457977 55
423993 51
702525 85
412515 50
407468 49
418055 51
406834 49
407585 49
407957 49
411025 50
424503 51
423506 51
413307 50
425303 51
412792 50
411338 50
408216 49
420210 51
406974 49
412091 50
411231 50
424241 51
446839 54
414010 50
413182 50
412762 50
425005 51
413158 50
413522 50
413706 50
413167 50
413134 50
425043 51
413211 50
412848 50
413217 50
424451 51
412473 50
413069 50
454778 55
424728 51
584822 71
412473 50
412949 50
413268 50
413054 50
413414 50
413119 50
413411 50
413227 50
413247 50
413274 50
413071 50
413343 50
412899 50
413143 50
413420 50
413658 50
424929 51
617364 75
391735 47
413146 50
413736 50
413328 50
413307 50
413221 50
412738 50
413221 50
413938 50
413113 50
413003 50
412910 50
391967 47
412595 50
412839 50
412458 50
423127 51
424550 51
411719 50
406947 49
401836 49
401970 49
400510 48
400546 48
399715 48
413179 50
412068 50
401386 48
417833 51
399778 48
398890 48
399196 48
400570 48
385578 47
457399 55
424935 51
411323 50
406920 49
418296 51
413533 50
424632 51
424576 51
413503 50
413164 50
412943 50
413104 50
413096 50
412988 50
412982 50
413429 50
412643 50
423900 51
454061 55
424527 51
573230 69
412350 50
412625 50
412708 50
412830 50
408225 49
413265 50
413185 50
413262 50
413253 50
413003 50
413086 50
407224 49
412071 50
413453 50
391834 47
413432 50
461423 56
456418 55
407757 49
413265 50
413643 50
413411 50
412839 50
412106 50
413390 50
413256 50
412354 50
413057 50
413426 50
412815 50
413277 50
412723 50
413396 50
408258 49
408624 49
412488 50
433069 52
414806 50
628626 76
401502 49
400602 48
407254 49
423754 51
401845 49
400522 48
400206 48
400790 48
413199 50
411838 50
411934 50
413247 50
418052 51
412103 50
408163 49
387362 47
413465 50
425028 51
479474 58
412407 50
408234 49
418731 51
413089 50
412345 50
412151 50
412345 50
413253 50
406199 49
417267 50
410386 50
411830 50
401541 49
400224 48
406524 49
400668 48
442651 54
412586 50
629318 76
406247 49
419738 51
423074 51
412061 50
402021 49
400984 48
401112 48
407010 49
412366 50
413313 50
413411 50
413620 50
392590 47
413116 50
413420 50
412282 50
407233 49
460496 56
462790 56
413533 50
412318 50
407397 49
401669 49
414345 50
403087 49
402020 49
400870 48
400930 48
408210 49
407299 49
400790 48
400194 48
403394 49
402023 49
403462 49
452459 55
683724 83
405395 49
403712 49
414275 50
402041 49
400766 48
400870 48
407704 49
395453 48
412344 50
411627 50
411746 50
412199 50
413464 50
413137 50
413420 50
424538 51
412303 50
412958 50
413137 50
424623 51
412666 50
412556 50
423281 51
413515 50
413200 50
413819 50
413220 50
412795 50
413256 50
392208 47
392149 47
436495 53
424754 51
413304 50
412926 50
424760 51
424346 51
418988 51
414534 50
400665 48
410867 50
423176 51
424678 51
413051 50
413140 50
411656 50
407906 49
401243 48
401818 49
446803 54
412367 50
400132 48
400904 48
412092 50
423479 51
423529 51
413503 50
423591 51
424935 51
413110 50
424215 51
413465 50
412053 50
412339 50
412624 50
412160 50
424769 51
623296 76
407087 49
412720 50
423363 51
412148 50
407400 49
406581 49
411749 50
407471 49
407531 49
400447 48
412625 50
412830 50
424766 51
413626 50
413024 50
412985 50
413471 50
424707 51
571693 69
413158 50
413134 50
412595 50
412372 50
413173 50
407093 49
407024 49
412231 50
422255 51
413358 50
412997 50
413077 50
413116 50
413119 50
412264 50
413152 50
413375 50
413345 50
424188 51
702075 85
407207 49
401520 49
412884 50
424518 51
412937 50
412902 50
413661 50
413432 50
412917 50
413337 50
413057 50
413623 50
412657 50
413420 50
412914 50
413125 50
461679 56
431054 52
413310 50
413185 50
424807 51
424734 51
413536 50
413247 50
423745 51
412574 50
423302 51
425238 51
410521 50
423876 51
412064 50
411719 50
412616 50
411871 50
467417 57
494372 60
392405 47
413033 50
412481 50
413751 50
413936 50
413795 50
413116 50
411731 50
412160 50
424958 51
400680 48
400579 48
399816 48
406375 49
390282 47
389885 47
434842 53
424334 51
598761 73
412265 50
413616 50
413021 50
413262 50
413670 50
413149 50
407543 49
412595 50
412833 50
413030 50
412386 50
413137 50
407704 49
413402 50
413292 50
413143 50
424739 51
689811 84
413158 50
412830 50
424518 51
425259 51
413271 50
413173 50
413640 50
412896 50
412211 50
411570 50
412809 50
412809 50
413015 50
412994 50
413137 50
392134 47
458451 55
454577 55
413063 50
412333 50
413113 50
425267 51
413426 50
412360 50
411892 50
407111 49
391249 47
413614 50
407680 49
413176 50
413110 50
412887 50
413486 50
412380 50
412714 50
466574 56
432299 52
412994 50
413420 50
424935 51
413137 50
424606 51
411961 50
413110 50
413572 50
413054 50
413369 50
407275 49
412145 50
412890 50
413387 50
413518 50
412923 50
412982 50
412934 50
412940 50
462789 56
497183 60
391279 47
413140 50
412565 50
423042 51
411743 50
400546 48
401106 48
411615 50
406661 49
413059 50
412782 50
412020 50
411936 50
411960 50
407775 49
407260 49
391056 47
412991 50
459293 56
424900 51
413348 50
413259 50
413024 50
413149 50
424670 51
412839 50
412991 50
425023 51
406429 49
419061 51
407948 49
413158 50
413307 50
413066 50
391628 47
413274 50
424996 51
623533 76
412917 50
411999 50
413381 50
413468 50
413146 50
413241 50
413569 50
424769 51
413330 50
413706 50
425259 51
413298 50
413021 50
413054 50
392033 47
464796 56
425489 51
413000 50
413429 50
424253 51
413209 50
413134 50
412702 50
413581 50
407254 49
411437 50
408302 49
411746 50
405461 49
412530 50
410152 50
406578 49
419700 51
601254 73
406623 49
412336 50
424631 51
424322 51
412163 50
424810 51
424124 51
412184 50
413122 50
413512 50
413867 50
413649 50
413855 50
411463 50
411871 50
411957 50
424311 51
610038 74
408368 49
424524 51
424381 51
412881 50
405717 49
410944 50
407397 49
407573 49
407728 49
418822 51
424451 51
413110 50
412872 50
413417 50
413494 50
413539 50
413030 50
425037 51
413161 50
411823 50
412762 50
413036 50
424043 51
413214 50
413345 50
412959 50
413021 50
412794 50
412446 50
413387 50
413447 50
413748 50
413426 50
391994 47
463325 56
627807 76
413093 50
413667 50
413539 50
424451 51
412958 50
413217 50
412938 50
424398 51
424028 51
411808 50
413056 50
412199 50
413310 50
413015 50
411898 50
412154 50
412958 50
423307 51
547144 66
413405 50
412961 50
407111 49
407034 49
412231 50
412524 50
411165 50
422890 51
410840 50
411781 50
412249 50
413182 50
411511 50
412916 50
466864 56
424851 51
400376 48
400293 48
411901 50
413338 50
400957 48
400358 48
407123 49
406855 49
400814 48
399924 48
400022 48
406000 49
406158 49
410528 50
412470 50
412434 50
424028 51
557478 68
407013 49
412768 50
422549 51
423389 51
412244 50
400945 48
407897 49
413006 50
413241 50
413143 50
401973 49
387806 47
388336 47
401088 48
411603 50
411701 50
424982 51
596913 72
406867 49
399551 48
411189 50
405881 49
406230 49
399658 48
411901 50
406277 49
412225 50
410790 50
411299 50
400307 48
411278 50
400504 48
407239 49
424346 51
426000 52
579452 70
399429 48
394356 48
399052 48
399662 48
399652 48
413298 50
423955 51
424034 51
419268 51
423027 51
411823 50
412815 50
412050 50
411510 50
407341 49
454151 55
438670 53
407867 49
401327 48
412070 50
401508 49
410707 50
411810 50
406887 49
400433 48
411673 50
407847 49
418087 51
423920 51
412812 50
413563 50
412836 50
463613 56
593314 72
423999 51
408157 49
411606 50
412402 50
400135 48
408195 49
422263 51
407072 49
412259 50
424815 51
413214 50
412997 50
413131 50
407010 49
407400 49
452580 55
424605 51
547877 66
411165 50
417722 50
422832 51
422978 51
423622 51
419373 51
407948 49
418498 51
413387 50
424754 51
412917 50
413584 50
413188 50
413226 50
456844 55
424250 51
527126 64
423596 51
423167 51
413643 50
413280 50
413369 50
424442 51
413745 50
412786 50
407850 49
408389 49
423413 51
424425 51
413206 50
411832 50
412458 50
463159 56
424713 51
423526 51
412848 50
424938 51
425037 51
424250 51
425093 51
413390 50
424116 51
413158 50
425095 51
413649 50
413381 50
413557 50
424066 51
412455 50
452782 55
428286 52
411427 50
405482 49
411615 50
424667 51
405818 49
401937 49
408017 49
406125 49
410605 50
411746 50
422820 51
419489 51
424171 51
410891 50
409884 50
456004 55
458252 55
402062 49
401449 49
401538 49
412615 50
412530 50
400587 48
400570 48
401946 49
412464 50
412681 50
413077 50
412065 50
412229 50
411901 50
412297 50
412952 50
419883 51
626433 76
411939 50
401249 48
419539 51
423319 51
408115 49
407301 49
408168 49
407832 49
407584 49
412401 50
407534 49
402065 49
413566 50
401428 49
402253 49
403617 49
416763 50
593779 72
403873 49
403134 49
404121 49
405324 49
403725 49
404803 49
404731 49
402873 49
413166 50
413245 50
401788 49
401082 48
402178 49
400859 48
401666 49
444121 54
419863 51
539756 65
407701 49
401094 48
418950 51
401416 49
412949 50
419102 51
413345 50
413340 50
413354 50
413184 50
412714 50
412011 50
407198 49
406462 49
412309 50
411680 50
423591 51
578798 70
411579 50
407567 49
401353 48
401204 48
423334 51
412682 50
412755 50
412475 50
418527 51
419682 51
412443 50
408404 49
419860 51
407474 49
401612 49
419373 51
401874 49
400763 48
412819 50
412729 50
415024 50
402110 49
401726 49
403531 49
412971 50
406143 49
422567 51
407659 49
401359 48
401645 49
403185 49
401642 49
412697 50
446942 54
416109 50
588291 71
417880 51
418775 51
412145 50
401002 48
401862 49
403644 49
404838 49
403751 49
403477 49
405258 49
418381 51
404844 49
403340 49
402053 49
401508 49
401335 48
381104 46
445617 54
450512 54
512415 62
402071 49
412898 50
412422 50
423546 51
413265 50
413170 50
424699 51
424979 51
413509 50
424614 51
424538 51
424480 51
422873 51
413509 50
412949 50
413128 50
458738 55
413006 50
412175 50
424165 51
423771 51
424016 51
407174 49
423491 51
423541 51
412934 50
413622 50
412785 50
412562 50
413238 50
411788 50
411576 50
411781 50
406718 49
407832 49
411427 50
459732 56
424751 51
407701 49
407609 49
423156 51
423999 51
413119 50
