3841683 58
3844626 58
3843262 58
3950677 60
3843691 58
3946968 60
3983487 60
3985330 60
3987352 60
3949175 60
3949855 60
3952728 60
3841865 58
3948866 60
3918466 59
3984981 60
4025087 61
3948828 60
3948779 60
3840999 58
3842860 58
3843292 58
3841740 58
3939871 60
3881438 59
3950640 60
3949995 60
3947294 60
3948295 60
3949823 60
3947708 60
3941635 60
3977145 60
3843968 58
3845869 58
3841949 58
3950797 60
3949587 60
3842151 58
3847015 58
3882599 59
3982836 60
3841936 58
3842595 58
3947571 60
3949091 60
3843101 58
3840381 58
3843467 58
3878343 59
3874005 59
3842452 58
3843837 58
3841442 58
3949598 60
3949482 60
3841311 58
3921754 59
3872710 59
3985138 60
3947828 60
3949718 60
3843003 58
3947326 60
3843462 58
3841758 58
3873466 59
3871533 59
3998468 61
3950024 60
3946495 60
3951357 60
3951949 60
3949887 60
3986258 60
3874229 59
3955857 60
3841728 58
3846789 58
3843768 58
3841359 58
3953839 60
3950762 60
3945316 60
3992886 60
3949435 60
3954519 60
3946649 60
3948907 60
3948052 60
3946696 60
3984015 60
3980990 60
3947886 60
3949065 60
3841490 58
3841633 58
3841177 58
3841213 58
3894460 59
3872379 59
3984522 60
3842464 58
3844996 58
3843000 58
3843062 58
3841365 58
3841058 58
3987477 60
3985821 60
3873672 59
3841454 58
3843652 58
3841737 58
3848776 58
3839801 58
3841246 58
3895706 59
3879927 59
3870747 59
3840465 58
3948700 60
3841836 58
3840700 58
3841412 58
3842086 58
3844874 58
3870410 59
3875849 59
3982446 60
3850572 58
3840358 58
3950430 60
3842291 58
3842172 58
3841964 58
3844418 58
3937819 60
3870922 59
3872463 59
3951103 60
3950981 60
3947119 60
3842327 58
3840000 58
3841680 58
3937535 60
3980973 60
3951202 60
3951722 60
3841648 58
3841984 58
3842088 58
3842449 58
3841124 58
3842922 58
3981317 60
3981785 60
3908508 59
3841770 58
3948703 60
3948671 60
3842634 58
3841734 58
3841106 58
3873913 59
3873800 59
3987206 60
3891507 59
3842315 58
3951092 60
3841919 58
3846828 58
3840936 58
3843069 58
3870404 59
3873544 59
3982382 60
3899945 59
3952486 60
3847459 58
3842568 58
3841749 58
3841442 58
3841245 58
3919119 59
3887278 59
3983843 60
3947674 60
3847632 58
3841618 58
3846562 58
3842312 58
3841880 58
3846071 58
3932973 60
3983021 60
3877932 59
3841722 58
3841740 58
3948892 60
3947428 60
3842711 58
3840867 58
3913324 59
3983930 60
3979888 60
3949785 60
3947437 60
3949047 60
3840676 58
3841308 58
3845666 58
3844066 58
3875203 59
3873675 59
3948866 60
3947522 60
3846059 58
3843280 58
3844808 58
3842202 58
3840578 58
3844356 58
4028643 61
3980856 60
3843143 58
3948895 60
3949960 60
3843205 58
3843911 58
3841927 58
3917794 59
3985365 60
3979337 60
3947945 60
3951156 60
3949365 60
3841311 58
3842449 58
3841618 58
3840644 58
3870824 59
3999988 61
3876392 59
3842645 58
3949502 60
3842345 58
3841216 58
3846154 58
3841579 58
3645061 55
3872487 59
4007800 61
3985079 60
3840700 58
3950858 60
3947799 60
3842687 58
3848505 58
3841761 58
3845672 58
3930947 59
3990726 60
3979682 60
3949105 60
3840486 58
3843324 58
3842499 58
3840194 58
3848344 58
3840900 58
4018907 61
3987124 60
3948085 60
3946947 60
3947253 60
3842792 58
3844659 58
3839661 58
3936190 60
3985392 60
3912648 59
3841305 58
3948560 60
3842121 58
3843855 58
3841335 58
3949035 60
4001349 61
3989559 60
3839562 58
3949951 60
3845270 58
3843277 58
3949508 60
3948146 60
3984788 60
3979010 60
3952063 60
3946084 60
3842363 58
3840960 58
3842509 58
3841469 58
3840611 58
3875167 59
3987600 60
3947615 60
3949744 60
3949797 60
3947370 60
3948846 60
3919394 59
3871444 59
3987351 60
3949648 60
3949683 60
3952130 60
3948610 60
3841588 58
3839059 58
3929119 59
3984276 60
3950867 60
3949365 60
3949003 60
3950243 60
3842767 58
3843435 58
3840903 58
3778695 57
3984355 60
3879019 59
3884650 59
3947489 60
3949855 60
3842124 58
3842461 58
3841886 58
3872165 59
3979296 60
3948648 60
3951299 60
3842240 58
3839390 58
3844391 58
3849479 58
3846929 58
3921011 59
3873904 59
3875653 59
3844916 58
3951223 60
3950068 60
3842595 58
3842937 58
3841153 58
3844668 58
3995159 60
3985031 60
3949768 60
3949657 60
3841189 58
3841630 58
3847834 58
3842425 58
3870881 59
3873749 59
3978243 60
3840549 58
3838842 58
3841862 58
3842017 58
3842235 58
3844388 58
3841829 58
3980670 60
3980588 60
3949470 60
3947475 60
3950409 60
3843307 58
3845154 58
3982589 60
3980200 60
3981221 60
3892766 59
3955840 60
3947183 60
3839890 58
3839470 58
3841520 58
3841931 58
3990703 60
4016282 61
3950007 60
3951226 60
3950634 60
3843807 58
3839893 58
3954353 60
3953491 60
3990313 60
3879245 59
3852845 58
3845162 58
3946314 60
3950243 60
3844355 58
3840888 58
3847701 58
3740788 57
3870681 59
3874750 59
3843173 58
3950444 60
3948916 60
3954215 60
3951337 60
3842294 58
3981591 60
3991996 60
3948750 60
3949534 60
3952617 60
3946682 60
3948187 60
3843420 58
3923788 59
3981410 60
3954119 60
3952781 60
3946393 60
3948782 60
3843438 58
3843822 58
3841120 58
3878602 59
3872835 59
3949385 60
3951637 60
3951010 60
3950835 60
3949523 60
3841204 58
3842187 58
3869966 59
3873315 59
3842568 58
3948029 60
3951293 60
3948574 60
3948128 60
3949435 60
3993098 60
3986938 60
3948219 60
3948187 60
3948102 60
3842547 58
3842294 58
3847531 58
3922983 59
3879224 59
3983009 60
3953037 60
3953667 60
3843512 58
3842723 58
3845172 58
3841678 58
3916975 59
3986482 60
3981901 60
3899945 59
3848794 58
3841544 58
3841746 58
3840230 58
3842083 58
3986132 60
3986153 60
3977948 60
3841895 58
3949324 60
3948948 60
3949954 60
3841049 58
3839509 58
3841448 58
3872930 59
3875787 59
3870949 59
3845752 58
3839345 58
3842669 58
3842410 58
3841853 58
3841931 58
3841278 58
3937160 60
3986551 60
3949581 60
3949461 60
3950713 60
3949948 60
3951392 60
3844397 58
3926278 59
3879162 59
3980180 60
3949531 60
3948505 60
3952935 60
3841240 58
3841916 58
3842437 58
3930410 59
3874997 59
3950170 60
3949178 60
3950911 60
3948344 60
3947554 60
3844081 58
3840819 58
3874518 59
3874893 59
3844638 58
3842774 58
3949718 60
3949464 60
3844162 58
3840697 58
3841049 58
3864012 58
4029483 61
3952617 60
3948227 60
3948020 60
3841219 58
3947449 60
3840965 58
3847629 58
3985638 60
3985686 60
3949998 60
3949692 60
3842509 58
3847900 58
3845967 58
3841001 58
3841180 58
3940994 60
3985150 60
3949735 60
3949736 60
3841404 58
3857524 58
3846491 58
3840144 58
3842520 58
3994489 60
3977948 60
3950925 60
3948300 60
3947927 60
3948423 60
3841534 58
3845252 58
3986351 60
3987458 60
3844549 58
3842333 58
3844430 58
3949109 60
3845056 58
3950543 60
3981197 60
3987995 60
3995692 60
3842789 58
3842038 58
3842943 58
3842797 58
3948085 60
3951319 60
4049158 61
3992342 60
3948359 60
3842220 58
3842922 58
3841225 58
3840757 58
3842193 58
3998628 61
3873002 59
3980260 60
3950931 60
3950015 60
3950911 60
3846199 58
3842372 58
3846753 58
3953075 60
3987099 60
3948808 60
3952856 60
3947758 60
3948989 60
3948592 60
3847834 58
3843333 58
3997640 60
3980031 60
3952585 60
3950129 60
3842854 58
3950243 60
3841168 58
3845702 58
3940780 60
3978272 60
3914596 59
3843006 58
3948239 60
3951395 60
3845922 58
3840846 58
3839521 58
3879072 59
3869824 59
3949732 60
3844129 58
3948980 60
3843906 58
3950132 60
3841124 58
3992246 60
3987518 60
3988685 60
3959098 60
3948490 60
3952786 60
3948930 60
3841549 58
3841722 58
3938871 60
3990400 60
3844984 58
3844090 58
3950345 60
3841949 58
3843584 58
3840676 58
3842824 58
3847236 58
3878075 59
3872668 59
3872394 59
3897493 59
3948519 60
3841046 58
3840179 58
3841883 58
3842505 58
3843527 58
3941066 60
3982178 60
3991817 60
3950091 60
3955659 60
3842255 58
3841252 58
3848257 58
3841481 58
3921957 59
3987873 60
4030690 61
3951427 60
3948601 60
3842505 58
3842565 58
3841740 58
3841752 58
3846884 58
3880190 59
3887741 59
3901080 59
3843414 58
3953334 60
3840322 58
3843107 58
3843497 58
3842547 58
3933043 60
3984361 60
3995552 60
3951287 60
3946646 60
3947481 60
3853327 58
3852681 58
3844948 58
3994594 60
3985887 60
3951357 60
3948732 60
3948933 60
3840837 58
3842005 58
3842139 58
3840164 58
3872308 59
3871971 59
3870276 59
3841219 58
3948942 60
3946008 60
3844054 58
3842762 58
3841621 58
3845934 58
3880457 59
3979074 60
3947384 60
3950631 60
3949543 60
3842717 58
3840704 58
3841272 58
3977534 60
3868418 59
3872254 59
3841737 58
3844427 58
3841662 58
3948309 60
3949027 60
3948058 60
3945185 60
3879912 59
3980112 60
3842207 58
3842312 58
3949213 60
3842806 58
3842890 58
3841067 58
3966235 60
3986730 60
3881404 59
3842079 58
3948817 60
3841153 58
3847954 58
3842079 58
3840834 58
3938297 60
3986098 60
3842651 58
3948149 60
3842288 58
3841976 58
3840358 58
3841350 58
3842151 58
3899953 59
3983119 60
3987060 60
3844880 58
3842580 58
3957386 60
3948575 60
3843027 58
3841594 58
3991960 60
3983615 60
3894040 59
3842267 58
3842547 58
3842735 58
3843816 58
3841520 58
3845445 58
3887693 59
3871036 59
3951034 60
3841868 58
3841776 58
3947014 60
3948846 60
3842318 58
3843378 58
3981937 60
3888357 59
3842523 58
3842020 58
3843903 58
3848433 58
3842199 58
3841329 58
3841904 58
3980165 60
3886007 59
3843658 58
3844761 58
3947848 60
3949009 60
3841498 58
3839357 58
3947944 60
3988340 60
3980060 60
3949665 60
3842387 58
3841812 58
3841987 58
3841987 58
3948857 60
4030410 61
3987124 60
3951363 60
3840346 58
3839965 58
3841743 58
3841993 58
3839217 58
3932548 60
3871462 59
3911774 59
3841824 58
3949461 60
3951106 60
3842044 58
3947860 60
3842976 58
3880038 59
3985726 60
3845058 58
3846226 58
3949814 60
3843039 58
3842127 58
3841928 58
3930202 59
3982095 60
3879552 59
3949622 60
3949505 60
3948207 60
3950471 60
3844710 58
3986331 60
3990298 60
3841418 58
3844418 58
3844364 58
3842934 58
3841478 58
3842011 58
3841782 58
3990391 60
3984884 60
3849696 58
3848404 58
3840891 58
3947729 60
3947580 60
3840322 58
3843822 58
3989532 60
3877208 59
3900704 59
3842955 58
3842073 58
3842470 58
3841430 58
3840691 58
3951590 60
3937322 60
3873014 59
3879051 59
3947323 60
3949989 60
3842604 58
3840665 58
3843104 58
3843036 58
3931588 59
3983072 60
4031741 61
3949225 60
3948598 60
3842380 58
3948236 60
3953579 60
3928798 59
3983009 60
3875414 59
3847248 58
3949339 60
3948508 60
3848201 58
3840099 58
3840680 58
3924364 59
3880353 59
3882081 59
3840397 58
3953440 60
3948589 60
3840965 58
3841556 58
3947592 60
3989035 60
3985752 60
3950307 60
3954507 60
3949852 60
3950085 60
3952725 60
3841391 58
3846837 58
3728149 56
3871685 59
3869931 59
3894278 59
3843795 58
3842473 58
3844168 58
3947388 60
3842526 58
3842580 58
3994057 60
3981582 60
3949207 60
3949126 60
3950044 60
3951051 60
3842175 58
3841978 58
3843617 58
3868644 59
3984150 60
3946761 60
3948723 60
3951690 60
3841156 58
3950065 60
3948604 60
3979569 60
3878518 59
3952661 60
3844177 58
3845782 58
3841737 58
3841219 58
3842166 58
3841922 58
3873785 59
3986673 60
4031428 61
3842613 58
3842166 58
3948213 60
3842767 58
3843372 58
3838949 58
3841320 58
3870041 59
3988209 60
3949036 60
3948986 60
3843155 58
3847468 58
3839801 58
3840748 58
3841814 58
3984978 60
3997184 60
3954090 60
3948169 60
3842184 58
3841064 58
3847453 58
3850879 58
3846095 58
3974070 60
3983545 60
3842011 58
3843104 58
3949391 60
3842306 58
3947563 60
3845737 58
3843220 58
3882269 59
3981341 60
