16102985 98
16509044 100
16831938 102
16534598 100
16149983 98
15735098 96
15876384 96
16353566 99
16749180 102
16540407 100
16436087 100
16216933 98
15778083 96
16069242 98
16286267 99
16476469 100
16267979 99
16604116 101
16485512 100
17023815 103
16548115 101
15616553 95
15678189 95
15844384 96
16079684 98
15655893 95
15671579 95
15948317 97
16008062 97
15757205 96
15617441 95
15782754 96
15751799 96
15805056 96
15551099 94
15977053 97
15909546 97
15937784 97
15858588 96
15433931 94
15950662 97
15776689 96
16075474 98
16188288 98
15756440 96
15837515 96
15859859 96
15492954 94
15547638 94
15513686 94
15592896 95
16204866 98
15963143 97
15907929 97
15595991 95
16026848 97
15620929 95
15595237 95
15718598 95
15988802 97
15721396 95
15613867 95
16026252 97
15754646 96
15687033 95
15599515 95
15734594 96
16166681 98
15552573 94
15629668 95
15910595 97
15568703 95
15442938 94
15878478 96
15563888 94
16008892 97
15748401 96
15403074 94
15623550 95
16348455 99
15972358 97
15886044 96
15702391 95
15289403 93
15877141 96
15994291 97
16153045 98
15827620 96
15848986 96
15990335 97
16262797 99
16043087 97
15485254 94
15735428 96
15994163 97
15886782 96
15913347 97
15888984 96
16217413 98
15849224 96
15824918 96
16351102 99
15803986 96
15915579 97
15642718 95
15562287 94
15710782 95
15553148 94
15686079 95
15627413 95
15936526 97
16113229 98
15503815 94
15501497 94
15641024 95
15509856 94
15180426 92
15399273 93
15855831 96
15970967 97
16236622 99
15812484 96
16198633 98
15735595 96
15612913 95
15591171 95
15644839 95
15732658 96
16068077 98
16334315 99
15820187 96
15761582 96
16596222 101
16258337 99
16182389 98
16488587 100
16095061 98
15802268 96
16242386 99
15810471 96
15943036 97
15872673 96
15624724 95
15937680 97
16284541 99
16192756 98
16500983 100
16508993 100
16250166 99
15810087 96
15973032 97
15860043 96
16640418 101
15713338 95
16184822 98
16265256 99
16192409 98
16514030 100
16389876 100
15927547 97
15899511 97
15865771 96
15978638 97
15854148 96
16012807 97
16022776 97
16006849 97
16131059 98
16365490 99
16568794 101
16292637 99
15939483 97
15661794 95
16367295 99
16183086 98
15946205 97
16279658 99
16026950 97
16352322 99
16238681 99
16185182 98
16313300 99
16183333 98
16418821 100
15972516 97
16090697 98
16380656 99
16069060 98
16163194 98
16074739 98
16269700 99
16118429 98
15947427 97
16033658 97
15883763 96
15954637 97
15943921 97
16145786 98
16343981 99
16280547 99
16498892 100
16157897 98
16246727 99
15974950 97
16307002 99
16002316 97
16136993 98
16148052 98
16302685 99
15738931 96
15878297 96
15909765 97
15599253 95
15924344 97
16204890 98
16041939 97
16313825 99
16646356 101
15930994 97
16065394 98
15785033 96
16073738 98
15599011 95
16005238 97
16232946 99
16487196 100
16290600 99
16505403 100
16282670 99
16713165 102
16802079 102
15916198 97
15823074 96
16009375 97
15663597 95
16381054 99
16347702 99
17056999 104
16383476 99
16804224 102
16165699 98
16050062 97
15734416 96
16056904 98
16007395 97
16180902 98
15860838 96
16027984 97
16139795 98
16172020 98
16277949 99
16670315 101
16145780 98
16449355 100
16172360 98
15708828 95
15646153 95
16003662 97
15967590 97
16201401 98
15659569 95
15895990 97
16139311 98
16166124 98
15844744 96
15633730 95
15983562 97
16238240 99
16124676 98
16072867 98
16103610 98
16141851 98
16212331 98
16236390 99
16311972 99
16327884 99
16489977 100
16220066 98
16575452 101
16248707 99
16301391 99
16634514 101
16342492 99
16167242 98
16455362 100
16515779 100
16123094 98
16406660 100
16214755 98
16522812 100
16435583 100
16655156 101
16285548 99
16308722 99
16449976 100
16642376 101
16625259 101
16854895 102
16692123 101
16702268 101
16453440 100
16198893 98
16168028 98
16590587 101
16531724 100
16338545 99
16590665 101
16134333 98
16187709 98
16544214 100
16187976 98
16280976 99
16797518 102
16792896 102
16020507 97
16148622 98
16192716 98
16238296 99
16699839 101
16040357 97
16273763 99
16271848 99
16210701 98
16231919 99
16405650 100
16272596 99
16229041 99
16446020 100
16616127 101
16476171 100
17201252 104
16242350 99
16264789 99
15885743 96
16159679 98
16266736 99
15968725 97
16288994 99
16368371 99
16403088 100
16065858 98
16134896 98
15958120 97
16513798 100
15786999 96
16190878 98
16089362 98
16241299 99
16389009 100
15929239 97
16466883 100
16437957 100
16288536 99
16609714 101
16144061 98
16261882 99
16197303 98
16840638 102
16743786 102
16587474 101
16403556 100
16733568 102
16370477 99
16481050 100
16954927 103
16408736 100
16709634 101
16569843 101
16765661 102
16669794 101
16707419 101
16536320 100
16861660 102
16469120 100
16340072 99
16298955 99
15894483 97
16626611 101
16308639 99
16595128 101
16494097 100
16344163 99
16289846 99
16077049 98
16172898 98
15944752 97
16089080 98
16030155 97
16411286 100
15824772 96
16548192 101
16365507 99
16593438 101
16592407 101
17449055 106
16728528 102
16604679 101
16238489 99
17026584 103
16661885 101
16716337 102
16724038 102
16338905 99
16178144 98
16381481 99
16350924 99
16793998 102
16815314 102
16240813 99
16028883 97
16590383 101
16736448 102
16384948 100
16286599 99
16617933 101
16396452 100
16409394 100
16002247 97
16526329 100
16694233 101
16108787 98
15988426 97
15737504 96
15824920 96
16125459 98
15946078 97
15703302 95
15733647 96
15998312 97
15770249 96
15901346 97
16201026 98
15945910 97
16058336 98
16189853 98
16354368 99
16292652 99
16218446 98
16197681 98
16162335 98
16366790 99
16451394 100
16657405 101
16699247 101
16474470 100
16254128 99
16114945 98
16185240 98
16282688 99
16364040 99
16066135 98
16416749 100
16587996 101
16522317 100
16757337 102
16260854 99
16541926 100
16696796 101
16399895 100
16415352 100
16603171 101
16304945 99
16341360 99
16662874 101
17078521 104
16454584 100
16513634 100
16706335 101
16083117 98
16084755 98
16595327 101
16053371 97
16290626 99
16439899 100
16259088 99
16145080 98
16733727 102
16316246 99
15933793 97
16592468 101
16670664 101
16431874 100
16883964 103
16538245 100
16310930 99
16566120 101
16257479 99
16276290 99
16398024 100
16200285 98
16063436 98
15855310 96
16198638 98
15918176 97
16244885 99
15998306 97
15719566 95
15914997 97
16340178 99
16182025 98
16185573 98
16219101 98
16292759 99
16294713 99
16669392 101
16460756 100
16220040 98
16091272 98
16653640 101
16415358 100
16741197 102
16661391 101
16497296 100
16500674 100
15861389 96
16271041 99
16654334 101
16204035 98
16319499 99
16438183 100
15554403 94
16332272 99
16551268 101
16200386 98
16106935 98
15839111 96
15622722 95
15774241 96
16484925 100
16652044 101
16276031 99
15977450 97
16697675 101
16002926 97
16075500 98
16627764 101
16572089 101
16363137 99
16334947 99
16437811 100
16540291 100
16456783 100
15864538 96
15863531 96
15886357 96
16268730 99
16396624 100
16407583 100
16326118 99
16120625 98
16378773 99
16324098 99
17010107 103
17054883 104
17145225 104
16325880 99
16463181 100
16585261 101
17004921 103
16863721 102
16746419 102
16392347 100
15982829 97
16581660 101
16729592 102
15862548 96
16186582 98
16302145 99
16062262 98
16627434 101
16579941 101
16301356 99
16205152 98
16522931 100
16433590 100
16602743 101
16683824 101
16450483 100
16594250 101
16410463 100
16574537 101
16758277 102
16599907 101
16314316 99
16690416 101
16980621 103
16614217 101
16349823 99
16725770 102
16608614 101
16430972 100
16235904 99
16000656 97
16188346 98
16152256 98
16463061 100
16580319 101
16173992 98
16385472 100
16404866 100
16309166 99
16232803 99
16094889 98
16604116 101
16314036 99
17058348 104
16441964 100
16555858 101
16571633 101
16388052 100
16379550 99
16386294 100
16240224 99
16197094 98
16458186 100
16098671 98
16278818 99
16325769 99
16331858 99
16512392 100
16272846 99
16537130 100
16576110 101
16454730 100
16514528 100
16302321 99
16674444 101
16417168 100
16560010 101
16251974 99
16601000 101
16462052 100
16425786 100
16377489 99
16472436 100
16455964 100
16144079 98
16944176 103
16212140 98
16015333 97
16368660 99
16285405 99
16384045 100
16370864 99
16656184 101
16486114 100
16630624 101
16386157 100
16446974 100
16295312 99
16459642 100
16559793 101
16510513 100
16762650 102
16229616 99
16296590 99
16257685 99
16285384 99
16207794 98
16417764 100
15823143 96
16380077 99
16444936 100
16015687 97
16501684 100
16524388 100
16385868 100
16533508 100
16468748 100
16346331 99
16525103 100
16502506 100
16445118 100
16259195 99
16497791 100
16425911 100
16542042 100
16551780 101
16268769 99
16487672 100
16310593 99
15831766 96
15866495 96
16030230 97
16101522 98
16248975 99
16126940 98
16176017 98
16284159 99
16010692 97
16085848 98
16224055 99
16669788 101
16629176 101
16281595 99
16242430 99
16410657 100
16207127 98
15830631 96
16101334 98
16352841 99
16294338 99
16284322 99
15860180 96
16011270 97
16068896 98
16096548 98
16137323 98
16030515 97
15992995 97
15779263 96
15914956 97
16048882 97
16186910 98
16195602 98
16403300 100
16525067 100
16442994 100
16438851 100
16376071 99
16447888 100
15908334 97
15858012 96
16419888 100
16296110 99
15819902 96
16430069 100
16160742 98
16131050 98
15986936 97
16332653 99
16196737 98
16703984 101
16546174 100
16350639 99
16234060 99
16155684 98
16096497 98
16536439 100
16355286 99
16361011 99
16361931 99
16079614 98
15909466 97
15836002 96
15987714 97
16129686 98
16255972 99
16244206 99
16058405 98
16179401 98
16379226 99
16139456 98
16284752 99
16390637 100
16047554 97
16195763 98
16685030 101
16396508 100
16473761 100
16539547 100
16376857 99
16113544 98
16645121 101
15953930 97
16168383 98
16486492 100
16049868 97
16382639 99
15960441 97
16193598 98
16141705 98
15876953 96
15911709 97
15659042 95
15623973 95
15936897 97
15664767 95
16073216 98
15991670 97
16118477 98
16035823 97
15910577 97
15961683 97
16216129 98
15800823 96
15766595 96
15988899 97
16005074 97
16150709 98
16051935 97
15732622 96
15881698 96
15752079 96
15541585 94
15616220 95
16168505 98
15790545 96
16064354 98
15991000 97
15993844 97
15936781 97
16046523 97
16330217 99
16140573 98
15791708 96
15553124 94
16394307 100
16408593 100
16009128 97
16129990 98
16182242 98
15990350 97
16208372 98
16462010 100
16105186 98
16069835 98
16176920 98
15862573 96
16091549 98
15878350 96
16234606 99
16341241 99
16210067 98
16443348 100
16331098 99
16197696 98
15545515 94
15880530 96
16391534 100
15857279 96
15854875 96
16233849 99
15761519 96
16017418 97
16107655 98
15960751 97
15997127 97
16296870 99
16324432 99
16357195 99
16410261 100
16153673 98
16250003 99
16110276 98
16098680 98
15986389 97
16182862 98
16315267 99
15888308 96
15875601 96
16007537 97
15749060 96
15698873 95
16106288 98
16005711 97
16005053 97
16087632 98
16031236 97
16439360 100
16310624 99
15747221 96
16188704 98
16404255 100
16024590 97
15685656 95
15866638 96
15931115 97
15775906 96
16086274 98
15851956 96
15521678 94
15621039 95
15841461 96
16384361 100
16180601 98
15893935 97
16049281 97
16238609 99
16394350 100
15996421 97
16345502 99
16141711 98
16623247 101
17361314 105
16823928 102
16066861 98
16188135 98
16572759 101
16572241 101
16253053 99
16174042 98
16455457 100
16406022 100
16452315 100
16414247 100
16309142 99
16241043 99
16010138 97
16646056 101
16363369 99
16378156 99
16657290 101
16321829 99
16480023 100
16475381 100
16528272 100
16706039 101
16460390 100
16707133 101
16353159 99
16528990 100
16600562 101
16384105 100
16405617 100
16625956 101
16567996 101
16689471 101
16367171 99
16613979 101
16353495 99
16403368 100
16374504 99
16155982 98
16324509 99
16402266 100
16499195 100
16639354 101
16126159 98
16629668 101
16381772 99
16307233 99
15828221 96
16100557 98
16424022 100
16342218 99
16459347 100
16374471 99
16545650 100
16597893 101
16251432 99
15986790 97
16164543 98
16298139 99
16168862 98
16555366 101
16403559 100
16016218 97
16151434 98
16137946 98
16232789 99
16296191 99
16390408 100
16587042 101
16544241 100
16400526 100
16141735 98
16259889 99
15532672 94
15587484 95
16169464 98
16627884 101
16038629 97
16146480 98
16342480 99
16191164 98
16408000 100
16061929 98
16173593 98
16114914 98
16163119 98
16246881 99
16105007 98
16147210 98
16607086 101
16733065 102
16355354 99
16414306 100
16522166 100
16469365 100
16689060 101
16452797 100
16429754 100
16440781 100
16377453 99
16581663 101
16714900 102
16683684 101
16313509 99
16533014 100
16463842 100
16523592 100
16568657 101
16555301 101
16312559 99
16841884 102
16747699 102
17095957 104
16880086 103
17232186 105
