3497 13
3582 13
3503 13
3405 13
3604 14
3613 14
3556 13
4547 17
3512 13
3464 13
3444 13
3497 13
3268 12
3482 13
3631 14
3739 14
3458 13
3607 14
3515 13
3437 13
3428 13
3506 13
3568 13
3497 13
3573 13
3634 14
3723 14
3541 13
3428 13
3521 13
3435 13
3521 13
3464 13
3500 13
3527 13
3795 14
3533 13
3530 13
3428 13
3390 13
3384 13
3497 13
3616 14
3419 13
3405 13
3605 14
3602 14
3567 13
3527 13
3533 13
3512 13
3556 13
3509 13
3649 14
3459 13
3652 14
3757 14
3711 14
3512 13
3607 14
3503 13
3592 14
3529 13
3393 13
3422 13
3681 14
3491 13
3408 13
3530 13
3619 14
3552 13
3570 13
3555 13
3503 13
3506 13
3429 13
3541 13
3503 13
3387 13
3479 13
3716 14
3518 13
3538 13
3488 13
3440 13
3652 14
3736 14
3567 13
3431 13
3539 13
3592 14
3390 13
3696 14
3458 13
3473 13
3428 13
3541 13
3511 13
3220 12
3583 13
3637 14
3556 13
3410 13
3429 13
3470 13
3701 14
3646 14
3500 13
3602 14
3443 13
3574 13
3567 13
3580 13
3464 13
3515 13
3551 13
3575 13
3655 14
3577 13
3437 13
3551 13
3628 14
3547 13
3476 13
3715 14
3524 13
3446 13
3705 14
3643 14
3699 14
3547 13
3587 14
3411 13
3485 13
3503 13
3705 14
3765 14
3500 13
3470 13
3506 13
3595 14
3548 13
3613 14
3396 13
3503 13
3443 13
3599 14
3390 13
3759 14
3545 13
3500 13
3538 13
3503 13
3515 13
3479 13
3605 14
3547 13
3387 13
3538 13
3467 13
3464 13
3506 13
3414 13
3369 13
3333 13
3265 12
3625 14
3452 13
3535 13
3777 14
3491 13
3491 13
3482 13
3482 13
3506 13
3613 14
3739 14
3235 12
3554 13
3500 13
3419 13
3573 13
3551 13
3399 13
3402 13
3393 13
3517 13
3351 13
3521 13
3408 13
3482 13
3390 13
3473 13
3518 13
3399 13
3628 14
4174 16
3414 13
3429 13
3485 13
3553 13
3660 14
3628 14
3690 14
3447 13
3473 13
3640 14
3521 13
3491 13
3432 13
3434 13
3390 13
3420 13
3524 13
3547 13
3518 13
3315 12
3479 13
3387 13
3491 13
3619 14
3393 13
3503 13
3578 13
3574 13
3710 14
3604 14
3564 13
3598 14
3598 14
3479 13
3390 13
3693 14
3500 13
3458 13
3580 13
3640 14
3491 13
3682 14
3819 14
3476 13
3602 14
3689 14
3663 14
3660 14
3256 12
3437 13
3616 14
3432 13
3541 13
3432 13
3444 13
3503 13
3500 13
3530 13
3381 13
3777 14
3485 13
3503 13
3497 13
3661 14
3527 13
3628 14
3503 13
3241 12
3476 13
3515 13
3574 13
3479 13
3470 13
3497 13
3637 14
3491 13
3536 13
3348 13
3521 13
3521 13
3506 13
3503 13
3220 12
3220 12
3515 13
3467 13
3547 13
3485 13
3399 13
3485 13
3470 13
3494 13
3422 13
3387 13
3570 13
3497 13
3476 13
3366 13
3217 12
3598 14
3461 13
3514 13
3435 13
3512 13
3591 14
3512 13
3579 13
3506 13
3550 13
3452 13
3446 13
3527 13
3485 13
3541 13
4002 15
3544 13
3491 13
3575 13
3458 13
3488 13
3646 14
3497 13
3479 13
3523 13
3554 13
3608 14
3467 13
3435 13
3707 14
3512 13
3527 13
3449 13
3408 13
3509 13
3599 14
3631 14
3521 13
3536 13
3552 13
3455 13
3809 14
3414 13
3521 13
3417 13
3482 13
3535 13
3527 13
3506 13
3479 13
3491 13
3704 14
3449 13
3366 13
3476 13
3437 13
3441 13
3491 13
3563 13
3631 14
3396 13
3693 14
3345 13
3506 13
3604 14
3527 13
3602 14
3288 12
3470 13
3580 13
3547 13
3693 14
3393 13
3582 13
3470 13
3768 14
3494 13
3482 13
3518 13
3512 13
3526 13
3567 13
3372 13
3619 14
3747 14
3524 13
3515 13
3580 13
3634 14
3515 13
3663 14
3494 13
3420 13
3611 14
3572 13
3553 13
3588 14
3447 13
3574 13
3506 13
3560 13
3509 13
3399 13
3544 13
3637 14
3512 13
3289 12
3551 13
3455 13
3559 13
3453 13
3509 13
3399 13
3443 13
3434 13
3491 13
3542 13
3551 13
3649 14
3524 13
3503 13
3494 13
3408 13
3962 15
3583 13
3446 13
3521 13
3452 13
3538 13
3366 13
3545 13
3560 13
3321 12
3399 13
3384 13
3360 13
3378 13
3716 14
3265 12
3461 13
3366 13
3500 13
3614 14
3479 13
3768 14
3500 13
3509 13
3555 13
3467 13
3396 13
3393 13
3476 13
3405 13
3473 13
3393 13
3467 13
3548 13
3562 13
3622 14
3479 13
3562 13
3524 13
3432 13
3426 13
3559 13
3399 13
3512 13
3482 13
4060 15
3643 14
3426 13
3707 14
3503 13
3719 14
3461 13
3491 13
3551 13
3432 13
3620 14
3446 13
3399 13
3494 13
3393 13
3509 13
3464 13
3390 13
3687 14
3661 14
3444 13
3411 13
3568 13
3637 14
3408 13
3518 13
3527 13
3637 14
3592 14
3494 13
3538 13
3580 13
3536 13
3663 14
3488 13
3434 13
3491 13
3582 13
3666 14
3585 14
3625 14
3518 13
3521 13
3428 13
3617 14
3515 13
3479 13
3456 13
3567 13
3710 14
3611 14
3512 13
3714 14
3512 13
3533 13
3567 13
3634 14
3444 13
3479 13
3419 13
3640 14
3646 14
3722 14
3588 14
3473 13
3375 13
3503 13
3447 13
3576 13
3464 13
3566 13
3518 13
3423 13
3634 14
3672 14
3541 13
3518 13
3579 13
3601 14
3539 13
3572 13
3754 14
3547 13
3500 13
3607 14
3557 13
3616 14
3554 13
3437 13
3414 13
3535 13
3634 14
3447 13
3435 13
3619 14
3417 13
3521 13
3593 14
3620 14
3491 13
3762 14
3595 14
3482 13
3701 14
3500 13
3500 13
3420 13
3518 13
3596 14
3497 13
3422 13
3399 13
3458 13
3515 13
3491 13
3500 13
3556 13
3503 13
3556 13
3437 13
3360 13
3455 13
3789 14
3608 14
3443 13
3595 14
3574 13
3554 13
3557 13
3500 13
3602 14
3588 14
3529 13
3716 14
3488 13
3575 13
3649 14
3535 13
3617 14
3599 14
3500 13
3476 13
3455 13
3564 13
3583 13
3585 14
3488 13
3429 13
3408 13
3482 13
3663 14
3661 14
3539 13
4200 16
3628 14
3574 13
3488 13
3527 13
3631 14
3417 13
3557 13
3565 13
3479 13
3745 14
3586 14
3467 13
3402 13
3440 13
3560 13
3429 13
3628 14
3544 13
3476 13
3387 13
3458 13
3521 13
3304 12
3652 14
3658 14
3512 13
3497 13
3399 13
3530 13
3716 14
3521 13
3616 14
3405 13
3586 14
3721 14
3598 14
3518 13
3443 13
3545 13
4168 16
3482 13
3512 13
3473 13
3527 13
3506 13
3655 14
3858 15
3530 13
3491 13
3608 14
3527 13
3569 13
3586 14
3625 14
3482 13
3521 13
3497 13
3503 13
3535 13
3727 14
3387 13
3446 13
3625 14
3521 13
3637 14
3533 13
3575 13
3476 13
3497 13
3429 13
3399 13
3577 13
3631 14
3494 13
3473 13
3494 13
3652 14
3455 13
3610 14
3605 14
3393 13
3482 13
3602 14
3461 13
3491 13
3282 12
3524 13
3497 13
3570 13
3554 13
3515 13
3503 13
3634 14
3479 13
3428 13
3545 13
3661 14
3402 13
3494 13
3616 14
4200 16
3396 13
3458 13
3569 13
3541 13
4454 17
3485 13
3479 13
3414 13
3464 13
3515 13
3372 13
3449 13
3646 14
3468 13
3494 13
3664 14
3553 13
3488 13
3414 13
3393 13
3440 13
3738 14
3527 13
3417 13
3450 13
3521 13
3850 15
3494 13
3544 13
3441 13
3491 13
3497 13
3494 13
3491 13
3467 13
3506 13
3553 13
3533 13
3649 14
3485 13
3399 13
3585 14
3533 13
3533 13
3292 12
3449 13
3443 13
3524 13
3500 13
3399 13
3595 14
3441 13
3587 14
3626 14
3378 13
3497 13
3599 14
3557 13
3503 13
3494 13
3530 13
3500 13
3530 13
3593 14
3435 13
3527 13
3503 13
3512 13
3593 14
3226 12
3432 13
3521 13
3387 13
3561 13
3378 13
3530 13
3608 14
3527 13
3586 14
3431 13
3554 13
3497 13
3500 13
3610 14
3527 13
3619 14
3538 13
3497 13
3598 14
3605 14
3461 13
3652 14
3575 13
3452 13
3432 13
3246 12
3729 14
3804 14
3622 14
3423 13
3396 13
3518 13
3643 14
3524 13
3541 13
3488 13
3512 13
3467 13
3554 13
3588 14
3393 13
3428 13
3652 14
3564 13
3607 14
3449 13
3497 13
3599 14
3390 13
3524 13
3512 13
3539 13
3687 14
3461 13
3646 14
3570 13
3447 13
3687 14
3506 13
3524 13
3399 13
3467 13
3503 13
3506 13
3518 13
3580 13
3745 14
3425 13
3643 14
3679 14
3396 13
3739 14
3363 13
3464 13
3551 13
3497 13
3631 14
3583 13
3580 13
3491 13
3568 13
3553 13
3634 14
3503 13
3613 14
3514 13
3625 14
3488 13
3429 13
3515 13
3583 13
3688 14
3585 14
3399 13
3461 13
3613 14
3574 13
3655 14
3443 13
3601 14
3488 13
3613 14
3634 14
3396 13
3479 13
3628 14
3578 13
3509 13
3393 13
3625 14
3640 14
3509 13
3464 13
3586 14
3515 13
3575 13
3381 13
3574 13
3232 12
3530 13
3777 14
3649 14
3623 14
3491 13
3762 14
3658 14
3441 13
3576 13
3577 13
3461 13
3625 14
3509 13
3666 14
3643 14
3707 14
3547 13
3585 14
3610 14
3455 13
3565 13
3467 13
3500 13
3601 14
3598 14
3509 13
3282 12
3449 13
3473 13
3488 13
3494 13
3518 13
3500 13
3503 13
3307 12
3646 14
3384 13
3408 13
3586 14
3324 12
3518 13
3485 13
3903 15
3602 14
3431 13
3533 13
3579 13
3491 13
3476 13
3259 12
3485 13
3494 13
3438 13
3482 13
3509 13
3500 13
3396 13
3605 14
3695 14
3452 13
3405 13
3601 14
3497 13
3602 14
3422 13
3589 14
3429 13
3506 13
3675 14
3560 13
3446 13
3521 13
3485 13
3521 13
3226 12
3473 13
3432 13
3452 13
3500 13
3437 13
3652 14
3500 13
3509 13
3488 13
3425 13
3444 13
3402 13
3363 13
3415 13
3363 13
3455 13
3527 13
