28760265 146
28544645 145
28455408 144
28917212 147
28542893 145
29048234 147
29257552 148
28837852 146
28763629 146
28741705 146
29030683 147
28642022 145
28233583 143
28786133 146
28494369 144
27962625 142
28911695 147
28596197 145
28985031 147
29042494 147
29037850 147
29373492 149
29363373 149
29169146 148
29190200 148
28761290 146
29254802 148
29329810 149
29063538 147
29001777 147
29674365 150
29211450 148
29250927 148
29233469 148
29459390 149
29116182 148
29186038 148
29089468 147
28913825 147
29299072 149
29411509 149
29077565 147
29188713 148
28630263 145
28845368 146
28786231 146
29412243 149
28857589 146
28979461 147
28767152 146
28598911 145
28506934 144
28699473 145
28768207 146
28740535 146
28869537 146
29009337 147
28756453 146
28863568 146
28477957 144
28453558 144
28501870 144
29038606 147
28912362 147
28542097 145
28160848 143
28866828 146
29298211 149
28716109 146
28652072 145
28838964 146
28873764 146
28663630 145
28502499 144
28620126 145
28691258 145
28701117 145
28754123 146
28419911 144
28620769 145
28472095 144
28549336 145
28615661 145
28876689 146
28539652 145
28263042 143
28518196 145
28529349 145
28539161 145
28344495 144
28332983 144
28542172 145
28450833 144
28349145 144
28473826 144
28695595 145
28419765 144
28416294 144
28200951 143
28529197 145
28576988 145
28226994 143
28238059 143
28513595 145
28139994 143
28379293 144
28149246 143
28406420 144
28086800 142
28036620 142
28231340 143
28456782 144
28297959 143
28367541 144
28446633 144
28674126 145
28539903 145
28551773 145
29112065 148
28828010 146
28542548 145
28554068 145
28577610 145
28416694 144
28545211 145
28540630 145
28540543 145
28586022 145
28178407 143
28197108 143
28668181 145
28556825 145
28319590 144
28512361 145
28679632 145
28690385 145
28624242 145
28888642 146
28634641 145
28684180 145
28572144 145
28227086 143
28376624 144
28235367 143
27823734 141
28372790 144
28393153 144
27914778 141
28699935 145
28185148 143
28383701 144
27738036 141
28153464 143
28092335 142
28383409 144
28566384 145
28327111 144
28441995 144
28743689 146
28683614 145
28940544 147
28539000 145
28752497 146
29001530 147
28487242 144
28587920 145
28463031 144
28576380 145
28557769 145
28969860 147
28997411 147
29024192 147
28524931 145
28840092 146
28608812 145
28900101 146
28690733 145
28729361 146
28755183 146
28754082 146
29045625 147
28868491 146
28841516 146
28650181 145
28555267 145
28733049 146
28803125 146
28115235 143
28547791 145
28792576 146
28580628 145
28343629 144
28202109 143
28092072 142
28349589 144
28282678 143
28004641 142
28058922 142
28555844 145
28506347 144
28980878 147
28322110 144
28935872 147
28702442 145
28608641 145
28564835 145
28696083 145
28500145 144
28583133 145
28438370 144
28790732 146
28694814 145
28621350 145
28608378 145
28621168 145
28862489 146
28599939 145
28754333 146
28675736 145
28726034 146
28682917 145
28656412 145
28455128 144
28403382 144
28774257 146
28642308 145
28811562 146
29080637 147
28793314 146
28785459 146
28670043 145
29100118 148
29072992 147
29093308 147
28629041 145
28858870 146
28743930 146
28504215 144
28449653 144
28668214 145
28661497 145
28303553 143
28398854 144
28500856 144
28821988 146
28283792 143
28944008 147
28882428 146
28933750 147
28637667 145
28596924 145
28771424 146
28870737 146
28963882 147
28850267 146
28529664 145
29320289 149
29180405 148
28733958 146
28256474 143
29007702 147
28571277 145
28540492 145
28745086 146
28675029 145
29037851 147
29031995 147
28412247 144
28820367 146
28604082 145
28704070 145
28557837 145
28934959 147
28598050 145
28514303 145
28762193 146
28707164 146
28324833 144
28443014 144
28176965 143
28363330 144
28233636 143
28556730 145
28416729 144
28375537 144
28186647 143
28400254 144
28646204 145
28503398 144
28225865 143
28684245 145
28548312 145
28663502 145
28452897 144
28585319 145
28138174 143
28750544 146
28716982 146
28528623 145
28371870 144
28159955 143
28555880 145
28740978 146
28758467 146
28459709 144
28264913 143
28661277 145
28287992 143
28575448 145
28844257 146
29059251 147
29159215 148
29053562 147
28497866 144
28490137 144
28791697 146
28961344 147
28515012 145
28798480 146
28655093 145
28878303 146
28500575 144
28477084 144
28944353 147
28476927 144
28740195 146
28337260 144
28382822 144
28465944 144
28741929 146
28582358 145
28609604 145
28823525 146
29091924 147
28536769 145
28874519 146
28785117 146
28973783 147
28889408 146
28544445 145
28473724 144
28698007 145
28430622 144
28410471 144
28572761 145
28428188 144
28400029 144
28436252 144
28716958 146
28084211 142
28476420 144
28618139 145
28566949 145
28644694 145
28746471 146
28747812 146
28691516 145
28510786 145
28610737 145
28448042 144
28342696 144
28168983 143
28938708 147
27950389 142
28474776 144
28495400 144
29026428 147
28509555 145
28709248 146
28536879 145
28561261 145
28287187 143
28494540 144
28438998 144
28684010 145
28250701 143
28602274 145
28273397 143
28725667 146
29032506 147
28593250 145
28443839 144
28699643 145
28821121 146
28542107 145
28173775 143
28700730 145
28941819 147
28698859 145
28716407 146
28948444 147
28444637 144
28455283 144
28195815 143
28823854 146
28699845 145
28904413 147
28688603 145
28821717 146
29082188 147
29153664 148
28449823 144
28710521 146
28371256 144
28799048 146
28371200 144
28710575 146
28561403 145
28584232 145
28131299 143
28592492 145
28269357 143
28386447 144
28519325 145
28529738 145
28535744 145
28917896 147
28838383 146
28327969 144
28660588 145
28561075 145
28844674 146
28610162 145
28667600 145
28915549 147
29125325 148
28966849 147
28628469 145
28602763 145
28933249 147
29087023 147
29129469 148
29103096 148
28989886 147
28992928 147
29344506 149
29222099 148
28445763 144
28644006 145
28845802 146
28938405 147
28720216 146
28822130 146
28838046 146
28937542 147
28605351 145
29090341 147
28907138 147
29318854 149
29208548 148
28903075 147
28875453 146
29047608 147
28925879 147
28967168 147
29049166 147
29187716 148
28613018 145
29073464 147
28897388 146
28666836 145
28790258 146
28854581 146
28647330 145
28601383 145
28860345 146
28676256 145
28434735 144
28907924 147
29173886 148
28413336 144
28162057 143
28502094 144
28557540 145
28556125 145
28744612 146
28952700 147
28647990 145
28742900 146
28370032 144
28283360 143
29056061 147
29007786 147
28753735 146
28617096 145
28911486 147
29021132 147
28408955 144
28635359 145
28966852 147
28829148 146
28387994 144
28552058 145
29065692 147
29010700 147
28803696 146
28924411 147
28585754 145
28910310 147
28809132 146
28724750 146
28821147 146
28674612 145
28437786 144
28924718 147
28769679 146
28742369 146
28486253 144
28658858 145
28989288 147
28376242 144
28703658 145
28596034 145
28602778 145
28509046 145
28325658 144
28710056 146
28896477 146
28914343 147
28814511 146
28648120 145
28911586 147
28896817 146
28885071 146
28556327 145
28825553 146
28403298 144
29119625 148
28475404 144
28693831 145
28494385 144
28417438 144
28893652 146
29202965 148
28412771 144
28744946 146
28658226 145
28115193 143
28403823 144
28921979 147
28790813 146
28530573 145
28539378 145
28472720 144
28840700 146
28808924 146
28657321 145
28788620 146
28344507 144
29118524 148
28658022 145
28670850 145
28440702 144
28526799 145
28399891 144
28518941 145
28985945 147
28797693 146
28887204 146
28432511 144
28419401 144
28501432 144
28545738 145
28561284 145
29051081 147
28707210 146
28974802 147
28527017 145
28476876 144
28625249 145
28571915 145
28397189 144
28502037 144
28388887 144
28664035 145
28591003 145
28447213 144
28548714 145
28643640 145
28377115 144
28478419 144
28330763 144
28714894 146
28186745 143
28430256 144
28153210 143
28004925 142
28245691 143
28211892 143
28600246 145
28573556 145
28538589 145
28745104 146
28327460 144
28087664 142
28374148 144
28452447 144
28478264 144
28452790 144
28499026 144
28417942 144
28641084 145
28691999 145
28768880 146
28292198 143
28427712 144
28692919 145
28309138 143
28375590 144
28170276 143
28074751 142
28408595 144
28238381 143
28525608 145
28516004 145
28728408 146
28141954 143
27897791 141
28306820 143
28264189 143
28057665 142
28431081 144
28591551 145
28417278 144
28125827 143
28261678 143
28246963 143
28230130 143
28326668 144
28555294 145
28553140 145
28487024 144
28120525 143
28117892 143
28187609 143
28266170 143
28101956 142
28256128 143
28377264 144
28115506 143
27779375 141
28020729 142
28254261 143
28136268 143
28364813 144
28525059 145
27853304 141
28403510 144
28144766 143
28796618 146
28065893 142
28153559 143
28013988 142
27919741 142
28034285 142
28156988 143
28417188 144
28167210 143
27954738 142
27678018 140
28113397 142
27913504 141
27931591 142
27713593 140
28217617 143
28482920 144
28532215 145
28173576 143
28137495 143
28394496 144
28420524 144
28106501 142
28005484 142
28141376 143
28330066 144
28285385 143
28541723 145
28311199 143
28389632 144
28440136 144
28226616 143
28202342 143
28225060 143
28353667 144
28437634 144
28351617 144
28263900 143
28150935 143
28298504 143
28019701 142
28246409 143
28283348 143
28359493 144
28183597 143
28322506 144
28300318 143
28165560 143
28046924 142
28164092 143
28234303 143
27505788 139
28222379 143
28365117 144
28319406 144
28001406 142
28031658 142
28261317 143
28190966 143
28151996 143
28101506 142
28121427 143
28155632 143
28459998 144
28208273 143
28187663 143
27875120 141
28312742 144
28061841 142
27999452 142
28024307 142
27978380 142
27990653 142
27816559 141
28151662 143
28074548 142
27994254 142
28119075 143
28250546 143
28283822 143
28039179 142
28231613 143
27812790 141
28069318 142
28449707 144
28289454 143
28362624 144
28262184 143
28320019 144
28191970 143
27992371 142
27862803 141
28226561 143
28487260 144
28553152 145
28300270 143
28550638 145
28400710 144
28528646 145
28408627 144
28635642 145
28703607 145
28592102 145
28701602 145
28211516 143
28352843 144
28500175 144
28256662 143
28502816 144
28920040 147
28403307 144
28740656 146
28761216 146
28308395 143
28927339 147
28736343 146
28443216 144
28876960 146
28613078 145
28970123 147
28697596 145
28358019 144
28374214 144
28161602 143
28332116 144
28758897 146
28349595 144
28450692 144
28506719 144
28542500 145
28467859 144
28484534 144
28686732 145
28924219 147
28651530 145
28355639 144
29089438 147
28501268 144
28592102 145
28452444 144
28196682 143
28178574 143
28707035 146
28238539 143
28909452 147
28535273 145
28786695 146
28552991 145
28422118 144
28380499 144
28712639 146
28563426 145
28986789 147
28637322 145
28949096 147
28624960 145
28171950 143
28520446 145
28779275 146
28407117 144
28667803 145
28997253 147
28547489 145
28705740 146
28490000 144
28378080 144
28527463 145
28588748 145
28523430 145
28554406 145
28828365 146
28760665 146
28562660 145
28667154 145
28634707 145
28327332 144
29105312 148
28955917 147
28830609 146
28938995 147
29137220 148
28894120 146
28510452 145
28553685 145
28623131 145
28670376 145
28695455 145
28546489 145
28647966 145
28341478 144
29060932 147
29045576 147
28585659 145
29008038 147
28762640 146
28463317 144
28644063 145
28713345 146
28525551 145
28568482 145
28421605 144
28553892 145
28528755 145
28874732 146
28631045 145
28375915 144
28733574 146
28612914 145
28073670 142
28602121 145
28924652 147
28925592 147
28907590 147
28946108 147
28533755 145
28232123 143
28550637 145
28568686 145
28276247 143
28563004 145
28618767 145
28929171 147
29110136 148
28841327 146
28939502 147
28562675 145
28558117 145
28784316 146
28987658 147
28993428 147
28481916 144
28845804 146
28706761 146
28498963 144
28952748 147
28258032 143
28537106 145
28411236 144
28016502 142
28126423 143
28294045 143
28361335 144
28199029 143
28572502 145
28736341 146
29293385 148
28372477 144
28928765 147
28633115 145
28549672 145
28892202 146
28679927 145
28588706 145
28744707 146
28706482 146
28340605 144
28680790 145
28665825 145
28588206 145
28508230 145
28761043 146
28870925 146
28922374 147
29025604 147
29442976 149
29459214 149
29121528 148
29234564 148
29137673 148
29065474 147
28535244 145
28885068 146
28953130 147
29106655 148
28055887 142
28947804 147
28725593 146
28766687 146
29060899 147
29054165 147
29113672 148
29016373 147
28826560 146
28799516 146
28804938 146
29196407 148
28957487 147
29049544 147
28842210 146
29024851 147
28657613 145
29044770 147
28386197 144
28818136 146
28915535 147
28755624 146
28572996 145
29022500 147
28916339 147
28950043 147
28988409 147
28916002 147
28715701 146
28519296 145
28643860 145
28580068 145
28535610 145
28660910 145
28703009 145
28676036 145
28736031 146
28146363 143
28598268 145
28766816 146
28461663 144
28365313 144
28487030 144
28596573 145
28829875 146
28484150 144
28705126 146
28822274 146
28656752 145
28382572 144
28551344 145
28685330 145
29025420 147
28834704 146
28801673 146
28889098 146
28162459 143
28654021 145
28930479 147
28499225 144
28604163 145
28607923 145
28791033 146
28575828 145
28086166 142
28830906 146
29130664 148
28634745 145
28255411 143
28155993 143
28444592 144
28522855 145
28304873 143
28573979 145
28699616 145
28499818 144
28646371 145
