16192 21
15936 20
16020 20
16482 21
15370 20
15218 19
16168 21
16094 20
16079 20
16115 20
16070 20
16216 21
16091 20
16103 20
15147 19
15990 20
16058 20
15998 20
16511 21
16412 21
15975 20
15999 20
16023 20
15966 20
16517 21
16049 20
16535 21
16441 21
15966 20
16467 21
16073 20
16035 20
16124 20
16005 20
16450 21
16026 20
16037 20
15984 20
15960 20
16482 21
16034 20
16058 20
16552 21
16100 20
57999 75
15227 19
16020 20
15963 20
16103 20
16040 20
16049 20
16049 20
16008 20
16103 20
16034 20
15188 19
16008 20
15984 20
16085 20
16025 20
15975 20
15296 19
15942 20
16029 20
16005 20
16532 21
16070 20
16035 20
16091 20
15990 20
16032 20
16034 20
15996 20
16447 21
16450 21
16002 20
15951 20
16002 20
16467 21
16447 21
16130 21
15153 19
16052 20
16052 20
16043 20
16067 20
15948 20
16049 20
16040 20
16534 21
16097 20
15972 20
16022 20
15960 20
15996 20
15969 20
16479 21
16450 21
15972 20
16112 20
16207 21
16531 21
15996 20
16005 20
15981 20
16470 21
16421 21
16064 20
15981 20
16043 20
16034 20
16602 21
16056 20
16011 20
16058 20
16085 20
16430 21
16001 20
16034 20
16020 20
16019 20
16070 20
15215 19
15263 19
16017 20
16020 20
16017 20
15990 20
16115 20
16064 20
16151 21
16046 20
16150 21
16064 20
16031 20
16025 20
16085 20
16517 21
16079 20
16091 20
15990 20
16572 21
16165 21
16085 20
16058 20
16616 21
16549 21
16070 20
16046 20
15990 20
16082 20
16038 20
16112 20
16064 20
16508 21
16485 21
16444 21
15984 20
15233 19
16031 20
15996 20
16444 21
16409 21
15981 20
16082 20
16100 20
16067 20
16035 20
15972 20
16049 20
16138 21
15930 20
16040 20
15173 19
16002 20
16022 20
16058 20
16028 20
16523 21
16091 20
16023 20
16067 20
16409 21
16473 21
15293 19
15966 20
16026 20
16142 21
16067 20
16049 20
15963 20
16584 21
16061 20
16141 21
15996 20
15999 20
16219 21
16076 20
16106 20
16523 21
15171 19
16264 21
16165 21
16103 20
16546 21
16040 20
16540 21
16201 21
16109 20
16183 21
16073 20
16088 20
16523 21
16160 21
16058 20
16505 21
15182 19
16026 20
16543 21
16488 21
16508 21
15987 20
16064 20
15993 20
16026 20
16511 21
15999 20
16085 20
16482 21
15978 20
16124 20
15984 20
15990 20
16142 21
16068 20
16046 20
16065 20
16100 20
16005 20
15966 20
16523 21
16491 21
16011 20
16473 21
16538 21
16100 20
16046 20
16121 20
15954 20
16094 20
16508 21
16088 20
16038 20
16109 20
16070 20
16121 20
16094 20
16511 21
16079 20
16549 21
16564 21
16531 21
16183 21
15266 19
15963 20
16109 20
16432 21
16561 21
16118 20
16103 20
16058 20
16450 21
16100 20
16508 21
15990 20
16034 20
15984 20
15957 20
16409 21
16061 20
16094 20
16085 20
16109 20
16067 20
16034 20
16013 20
15996 20
16053 20
16062 20
16020 20
16022 20
15963 20
16025 20
16109 20
15186 19
16014 20
16014 20
16444 21
16017 20
16088 20
15978 20
16013 20
15984 20
16013 20
16067 20
16450 21
16049 20
16094 20
16055 20
16050 20
16526 21
16035 20
16038 20
16520 21
15960 20
15993 20
15209 19
16032 20
15996 20
16148 21
16038 20
16112 20
16076 20
16008 20
15981 20
16073 20
15969 20
16028 20
15278 19
16014 20
16491 21
16070 20
15361 20
16032 20
15963 20
16014 20
16127 20
16094 20
16156 21
16058 20
16488 21
16450 21
15996 20
16106 20
16049 20
16034 20
16517 21
15972 20
16091 20
16166 21
15993 20
16055 20
15227 19
16133 21
15999 20
15951 20
16118 20
16067 20
17611 22
16040 20
16156 21
16097 20
16049 20
16470 21
15981 20
16103 20
16121 20
16124 20
16097 20
15972 20
16091 20
16569 21
16041 20
15996 20
15993 20
16549 21
16047 20
16543 21
16038 20
16008 20
15996 20
16064 20
16052 20
16017 20
16491 21
15188 19
15957 20
15996 20
16037 20
16485 21
16058 20
16013 20
16450 21
16023 20
16366 21
16020 20
16008 20
16535 21
16508 21
16055 20
16153 21
16037 20
16538 21
16038 20
16056 20
15326 19
16022 20
16088 20
16532 21
16052 20
16456 21
16118 20
16085 20
16506 21
15990 20
56880 74
16004 20
16020 20
15972 20
16133 21
16094 20
16046 20
15272 19
16035 20
16052 20
16094 20
16133 21
16088 20
16142 21
16061 20
16070 20
18136 23
15957 20
16061 20
16079 20
16124 20
16526 21
16085 20
16028 20
15999 20
16017 20
16017 20
16067 20
16103 20
16097 20
16049 20
16073 20
15996 20
16106 20
16032 20
16043 20
16070 20
16034 20
15972 20
16500 21
15939 20
15969 20
16094 20
16094 20
16026 20
15981 20
16584 21
16549 21
15227 19
15990 20
16130 21
16035 20
16491 21
16231 21
16026 20
16130 21
15972 20
16543 21
15165 19
15189 19
16097 20
16014 20
16207 21
15314 19
15987 20
16038 20
16046 20
16052 20
16097 20
16050 20
16088 20
15981 20
16010 20
16503 21
15230 19
16073 20
16049 20
16005 20
16109 20
15230 19
16085 20
16005 20
15996 20
16082 20
15978 20
16067 20
16002 20
16094 20
16002 20
16450 21
15269 19
15966 20
16049 20
15981 20
16097 20
16008 20
16019 20
16520 21
16293 21
15984 20
16450 21
15198 19
16034 20
16064 20
16031 20
16052 20
16008 20
16517 21
16058 20
16043 20
16019 20
16017 20
16100 20
16020 20
16046 20
16038 20
16034 20
16002 20
16073 20
16025 20
16019 20
115453 150
15993 20
16177 21
16593 21
16035 20
16067 20
15278 19
16085 20
16115 20
16073 20
16106 20
15159 19
16070 20
16097 20
16121 20
16058 20
55631 72
16011 20
16142 21
16109 20
16156 21
15972 20
15159 19
16031 20
15302 19
16085 20
16115 20
15978 20
16450 21
16546 21
16061 20
16115 20
19629 25
16127 20
16115 20
16511 21
16511 21
17996 23
16094 20
15987 20
16091 20
16163 21
16491 21
16019 20
16046 20
16121 20
16514 21
16424 21
16079 20
16479 21
16121 20
16124 20
16011 20
16022 20
16494 21
16485 21
16427 21
16097 20
15963 20
15987 20
16079 20
16019 20
15975 20
16479 21
16008 20
15990 20
16017 20
16070 20
16476 21
16055 20
16052 20
16034 20
16043 20
16441 21
15948 20
15984 20
15978 20
16112 20
16508 21
16061 20
15960 20
15990 20
16447 21
16479 21
16031 20
15954 20
16103 20
16578 21
16473 21
16076 20
16046 20
16028 20
15999 20
16450 21
15969 20
16034 20
16005 20
16022 20
16240 21
15996 20
16082 20
16007 20
15960 20
16085 20
16011 20
15984 20
16453 21
15993 20
16309 21
15269 19
16082 20
15993 20
16008 20
15972 20
94905 123
16094 20
16038 20
16029 20
16121 20
16424 21
15984 20
16073 20
16401 21
16067 20
16517 21
15996 20
16464 21
16567 21
16549 21
16549 21
16026 20
16019 20
16584 21
16017 20
16044 20
16171 21
16590 21
16514 21
16052 20
16085 20
16046 20
16067 20
16470 21
16479 21
15975 20
15254 19
16145 21
16103 20
15972 20
15266 19
16094 20
16025 20
16085 20
16014 20
16118 20
15266 19
16055 20
16047 20
16156 21
16183 21
15213 19
16040 20
15996 20
16038 20
15966 20
16572 21
16056 20
16076 20
16091 20
16038 20
16505 21
16031 20
16156 21
16103 20
16067 20
16153 21
16097 20
16067 20
16552 21
16465 21
16106 20
16017 20
16023 20
16106 20
16065 20
16538 21
15996 20
16047 20
16020 20
15978 20
16041 20
17914 23
15972 20
15984 20
16061 20
15981 20
16447 21
16052 20
16479 21
16073 20
16067 20
16070 20
15183 19
16064 20
16037 20
15999 20
16488 21
15981 20
15969 20
16076 20
16097 20
16082 20
16088 20
16142 21
16444 21
16383 21
16025 20
15304 19
16017 20
16088 20
16034 20
16106 20
16005 20
16046 20
16570 21
16549 21
16476 21
16011 20
15984 20
16073 20
16073 20
16079 20
16043 20
16061 20
16485 21
16037 20
15975 20
16008 20
16002 20
16040 20
15948 20
16091 20
16491 21
15204 19
15998 20
15195 19
15990 20
16082 20
16073 20
16002 20
16008 20
16497 21
16064 20
16040 20
15999 20
16064 20
16415 21
16043 20
16034 20
15957 20
15969 20
16052 20
16438 21
15975 20
15999 20
16008 20
15993 20
16064 20
16497 21
16514 21
16506 21
16421 21
15963 20
16032 20
16118 20
16037 20
16450 21
16494 21
16082 20
15969 20
16106 20
16061 20
15969 20
16508 21
16103 20
15972 20
15993 20
16085 20
16453 21
15975 20
16537 21
16561 21
16494 21
16034 20
55647 72
16028 20
16070 20
16061 20
16061 20
16593 21
15987 20
16497 21
16561 21
16613 21
16065 20
15266 19
16032 20
16067 20
16115 20
16115 20
122162 159
15984 20
16103 20
16103 20
15996 20
16680 21
16097 20
16038 20
15984 20
16100 20
16035 20
16029 20
16576 21
16228 21
15987 20
16100 20
15206 19
16013 20
16094 20
16567 21
16067 20
17127 22
16028 20
16106 20
16055 20
16526 21
16555 21
16008 20
16046 20
16043 20
16061 20
16088 20
15972 20
15996 20
16097 20
16546 21
16540 21
16049 20
16142 21
16500 21
16433 21
16590 21
16479 21
16409 21
16447 21
16587 21
16517 21
16017 20
16418 21
16532 21
16605 21
16520 21
15972 20
16517 21
16584 21
16529 21
16520 21
16473 21
16473 21
16526 21
16625 21
16564 21
16485 21
16005 20
16067 20
16124 20
16605 21
16575 21
16094 20
16112 20
16500 21
16631 21
16476 21
16171 21
16517 21
16438 21
16073 20
16488 21
15951 20
16207 21
16453 21
16052 20
16651 21
16016 20
16168 21
16578 21
16106 20
16596 21
16085 20
16467 21
16500 21
16678 21
16511 21
15981 20
15996 20
16566 21
16118 20
16517 21
16004 20
16014 20
16488 21
16576 21
16465 21
16056 20
16121 20
16622 21
16023 20
16082 20
16034 20
16067 20
16020 20
16438 21
16453 21
16124 20
15984 20
16523 21
16534 21
16555 21
16165 21
16409 21
16453 21
16555 21
16040 20
16392 21
15260 19
16088 20
16094 20
16008 20
16546 21
15984 20
16097 20
16035 20
16207 21
16001 20
16091 20
16055 20
16558 21
16106 20
16079 20
16020 20
16103 20
16097 20
16005 20
15993 20
16520 21
16028 20
16118 20
16216 21
16112 20
16473 21
16002 20
16091 20
16555 21
16100 20
