541776 117
528850 114
681078 147
499857 108
500933 108
535675 116
538534 116
517558 112
516123 112
525304 113
538742 116
747928 162
556023 120
560816 121
619756 134
586215 127
495939 107
592305 128
525140 113
573545 124
546921 118
697456 151
530565 115
525046 113
513776 111
545451 118
568295 123
534439 115
537471 116
530027 115
568726 123
538254 116
485986 105
543270 117
525326 114
472207 102
540376 117
567875 123
503440 109
450415 97
510359 110
546923 118
494410 107
555356 120
562194 122
536049 116
553864 120
523845 113
492835 106
527918 114
492754 106
545569 118
671860 145
566884 123
591804 128
455573 98
490315 106
537215 116
543539 117
509355 110
638750 138
507734 110
523274 113
521465 113
496567 107
504991 109
510359 110
555041 120
531580 115
525805 114
515189 111
547190 118
507500 110
527485 114
564970 122
543211 117
576555 125
558998 121
573604 124
522154 113
738091 160
233496 50
533365 115
456110 98
543305 117
522211 113
515187 111
556244 120
542198 117
562566 122
563500 122
546315 118
537705 116
589553 127
521080 113
538707 116
531930 115
540750 117
510429 110
538838 116
539991 117
660006 143
498295 108
551519 119
506754 109
537705 116
544937 118
533750 115
526306 114
720475 156
528756 114
521476 113
530541 115
518048 112
509005 110
531287 115
494084 107
611264 132
542979 117
538569 116
550445 119
507559 110
489860 106
551145 119
536596 116
531742 115
597275 129
551403 119
540203 117
556325 120
538882 116
466598 101
569776 123
586858 127
536679 116
495786 107
516204 112
536830 116
534367 115
546420 118
562439 122
522375 113
506695 109
555577 120
489451 106
493185 107
537705 116
530565 115
543585 117
564550 122
541229 117
525035 113
518770 112
602794 130
506881 110
551985 119
541310 117
531173 115
535395 116
615217 133
525361 114
596061 129
560116 121
536865 116
553525 120
529154 114
569905 123
750144 162
568984 123
518046 112
510020 110
532805 115
597170 129
544705 118
579156 125
674778 146
584338 126
511619 111
548135 118
503755 109
545370 118
554319 120
492251 106
643125 139
533645 115
564537 122
500594 108
536666 116
506006 109
543690 117
559593 121
549128 119
542336 117
567932 123
552825 119
564504 122
569741 123
547166 118
620515 134
524160 113
519575 112
545173 118
529480 114
580569 125
540389 117
566241 122
631074 136
521699 113
505586 109
534544 116
621086 134
542955 117
556255 120
564865 122
595337 129
522830 113
530204 115
505273 109
541089 117
493546 107
551191 119
568726 123
530366 115
517674 112
512085 111
536095 116
520089 112
528161 114
495482 107
498411 108
596330 129
586237 127
518186 112
557738 121
465850 101
537471 116
549163 119
571316 123
487550 105
572099 124
735326 159
570395 123
527638 114
520485 112
520461 112
526179 114
568190 123
502473 109
530751 115
517136 112
521815 113
575448 124
488272 105
545814 118
496906 107
508117 110
511501 111
537589 116
495215 107
579053 125
528931 114
518046 112
508259 110
524276 113
522095 113
754449 163
519039 112
484295 105
518374 112
521651 113
560713 121
498131 108
511711 111
690736 149
505750 109
576916 125
536876 116
514349 111
546490 118
543047 117
512702 111
489031 106
504840 109
520089 112
539932 117
528780 114
512247 111
468650 101
555612 120
690340 149
559079 121
528675 114
462875 100
560081 121
474226 102
514231 111
513227 111
555439 120
519168 112
558985 121
540809 117
557981 121
564060 122
539245 117
523193 113
521990 113
729282 158
547470 118
555052 120
537355 116
522981 113
578900 125
543467 117
563034 122
706510 153
583905 126
585585 127
577104 125
588862 127
586508 127
586646 127
595046 129
702299 152
593495 128
505562 109
584489 126
526155 114
557458 120
479721 104
531847 115
504724 109
596063 129
536970 116
572414 124
514303 111
536423 116
538090 116
536106 116
513533 111
555264 120
567584 123
558716 121
538860 116
526914 114
557515 120
515668 111
551786 119
576111 125
711071 154
572309 124
513695 111
555789 120
594300 128
538149 116
530355 115
533820 115
586996 127
553676 120
545801 118
559650 121
515375 111
566777 122
589844 128
565891 122
504759 109
733075 159
524790 113
532549 115
544425 118
548485 119
502856 109
550375 119
504094 109
699545 151
533413 115
525770 114
525934 114
554761 120
520520 112
514756 111
546105 118
525525 114
554623 120
566009 122
529817 114
543760 118
525724 114
544016 118
516261 112
752850 163
568575 123
543655 117
519295 112
567304 123
535478 116
567140 123
537018 116
547037 118
658116 142
543703 117
515738 111
583752 126
587521 127
564946 122
569358 123
506415 109
673704 146
536504 116
526680 114
560711 121
591338 128
474694 103
558401 121
525140 113
529410 114
542196 117
549966 119
549500 119
563314 122
518326 112
570990 123
570955 123
551088 119
526098 114
592736 128
602514 130
556850 120
578633 125
519120 112
579576 125
701214 152
523775 113
582901 126
577721 125
556045 120
678567 147
558996 121
534288 115
538569 116
584769 126
546210 118
592410 128
495086 107
523799 113
539654 117
542933 117
560934 121
549067 119
547236 118
514430 111
564561 122
534415 115
619476 134
526772 114
518116 112
590741 128
537950 116
588245 127
512995 111
509250 110
614985 133
539724 117
508515 110
586414 127
553792 120
561026 121
517545 112
583415 126
802130 174
594696 129
581350 126
512726 111
523123 113
559324 121
528594 114
516438 112
503416 109
624026 135
532304 115
539409 117
552486 119
533306 115
559941 121
535594 116
564012 122
492030 106
620806 134
594685 129
512492 111
578528 125
523657 113
512249 111
539816 117
573184 124
562940 122
556581 120
533925 115
542559 117
571421 124
557795 121
595059 129
542920 117
636814 138
534555 116
559195 121
524696 113
538499 116
536957 116
522725 113
546129 118
531195 115
505505 109
522014 113
521338 113
543561 117
514651 111
553013 120
542489 117
556454 120
521955 113
549710 119
552009 119
588641 127
589155 127
593296 128
493196 107
564771 122
520240 112
551998 119
515690 111
527625 114
543830 118
536189 116
561947 121
541625 117
543655 117
529014 114
519131 112
552359 119
506590 109
550725 119
561085 121
588070 127
731128 158
509110 110
534148 115
546724 118
527065 114
487854 105
506135 109
613889 133
491142 106
512015 111
544156 118
481915 104
537005 116
529084 114
542279 117
497619 107
546151 118
560899 121
527999 114
466143 101
523226 113
537053 116
522935 113
505026 109
535150 116
513485 111
495517 107
526260 114
537401 116
531055 115
538206 116
647209 140
592071 128
530670 115
511840 111
522574 113
551530 119
539619 117
535137 116
582667 126
569673 123
494025 107
570220 123
566777 122
550633 119
576310 125
543725 117
763407 165
552068 119
553711 120
569334 123
570430 123
496814 107
626161 135
542500 117
688019 149
497000 107
548065 118
589936 128
563675 122
549885 119
552453 119
724885 157
509635 110
564690 122
507080 110
533667 115
433440 94
557071 120
522585 113
499043 108
476444 103
474799 103
556863 120
986720 214
483186 104
481414 104
500780 108
539083 116
538440 116
564563 122
563942 122
528093 114
593939 128
565751 122
565552 122
499485 108
560864 121
583509 126
530390 115
528255 114
546923 118
543445 117
544541 118
508550 110
562787 122
546676 118
487211 105
559486 121
515060 111
545637 118
505505 109
504689 109
534498 115
542979 117
526529 114
547107 118
547807 118
513636 111
574466 124
464146 100
506369 109
514535 111
520717 113
693934 150
540610 117
534824 116
508211 110
557959 121
541999 117
551600 119
631715 137
691740 150
566801 123
556898 120
541894 117
519120 112
559370 121
583017 126
576321 125
688006 149
535710 116
553011 120
503661 109
554133 120
525956 114
533260 115
552871 119
549465 119
547890 118
534940 116
488204 105
498400 108
500697 108
500640 108
554028 120
529329 114
516495 112
508340 110
550480 119
530716 115
513111 111
546700 118
545941 118
506811 109
534461 115
515270 111
549955 119
548262 118
515620 111
552405 119
523950 113
530121 115
534054 115
518573 112
505645 109
504536 109
551716 119
518022 112
545381 118
503230 109
530926 115
532164 115
572075 124
536515 116
546186 118
524849 113
546490 118
696966 151
507454 110
496790 107
526317 114
521559 113
493325 107
534030 115
574197 124
521045 113
523600 113
524068 113
554971 120
533273 115
549487 119
554470 120
537051 116
622545 135
556570 120
570056 123
588466 127
534695 116
650733 141
513859 111
532781 115
541297 117
624739 135
580346 125
551053 119
555030 120
537659 116
580125 125
551099 119
545090 118
676270 146
540249 117
534192 115
593377 128
538405 116
572961 124
587650 127
621145 134
516495 112
571445 124
544425 118
591406 128
525011 113
579274 125
559313 121
568680 123
571935 124
673505 146
593705 128
547155 118
552066 119
507454 110
582925 126
492310 106
530576 115
567746 123
513111 111
529003 114
513743 111
531545 115
533201 115
500430 108
526890 114
583334 126
531184 115
577489 125
591535 128
483046 104
545195 118
544377 118
540936 117
598793 129
543596 117
542920 117
544379 118
546059 118
529294 114
559943 121
558810 121
586974 127
554352 120
552534 119
546945 118
565274 122
534695 116
548625 119
513929 111
719659 156
554354 120
538112 116
542150 117
564760 122
533166 115
540470 117
552954 119
515469 111
511490 111
545790 118
508014 110
489300 106
519236 112
518525 112
502727 109
587650 127
526295 114
533109 115
543012 117
493662 107
519201 112
517020 112
564141 122
611380 132
502635 109
586893 127
524195 113
574654 124
553479 120
503604 109
508491 110
552569 119
551891 119
513999 111
487911 105
553641 120
513531 111
523460 113
562590 122
582597 126
532455 115
525932 114
584347 126
588245 127
598371 129
510707 110
549279 119
516659 112
579821 125
744778 161
553328 120
536563 116
570933 123
620526 134
549093 119
547645 118
528791 114
715645 155
577511 125
555776 120
565915 122
536865 116
532490 115
601300 130
569159 123
748101 162
529165 114
534579 116
531895 115
529830 114
535592 116
566615 122
543060 117
705167 153
491109 106
528874 114
486172 105
537285 116
541824 117
586355 127
582037 126
554844 120
509810 110
540820 117
578294 125
481751 104
465605 101
531639 115
551075 119
543502 117
471275 102
537062 116
504374 109
563780 122
550596 119
542161 117
593926 128
554798 120
555975 120
547492 118
514034 111
566044 122
482790 104
511945 111
599480 130
522235 113
567197 123
535115 116
467412 101
528524 114
517919 112
539897 117
525059 113
542384 117
559965 121
509412 110
594241 128
556734 120
586869 127
489114 106
639100 138
531930 115
521909 113
532245 115
531790 115
557806 121
561599 121
572821 124
511643 111
556767 120
539864 117
525081 113
543281 117
518035 112
570080 123
487130 105
509576 110
558508 121
553746 120
546910 118
582470 126
547131 118
603971 131
595258 129
562719 122
568796 123
604986 131
583778 126
544740 118
559836 121
599012 129
596949 129
517580 112
564526 122
532549 115
513708 111
562334 122
523939 113
525431 114
566418 122
570885 123
508165 110
569684 123
527485 114
508399 110
549126 119
552451 119
735315 159
533505 115
557701 121
543386 117
520533 112
572648 124
560339 121
448549 97
467624 101
527100 114
511094 110
502659 109
518783 112
531475 115
541065 117
506577 109
665210 144
487878 105
544075 118
496521 107
573206 124
