4061676 61
5264575 80
11891309 181
11946981 182
11897248 181
6883170 105
6072299 92
8362760 127
11993568 183
11890329 181
11883014 181
10026395 152
8357212 127
4060752 61
7482762 114
4061212 61
8409076 128
11890574 181
11880726 181
9677363 147
8359564 127
4062132 61
7480228 114
4062244 61
7536942 115
11888870 181
11892171 181
11880389 181
8529753 130
8362464 127
4063428 62
7529473 114
11897806 181
11925014 181
11896244 181
5768486 88
9651049 147
8361560 127
4061644 61
7532028 114
11892602 181
11884670 181
11997031 183
9909061 151
8990512 137
4066736 62
7482461 114
4065952 62
7581063 115
11888111 181
11884285 181
11852039 180
7362510 112
5099656 77
8365652 127
11904445 181
11884390 181
11903745 181
8824094 134
8362560 127
4060900 61
7522886 114
11952034 182
11892182 181
11976405 182
9281498 141
8365272 127
4063048 61
8433368 128
11851153 180
11889126 181
10832662 165
8329414 127
4060892 61
7488173 114
4061904 61
7528451 114
11909951 181
11883224 181
11890491 181
9253361 141
8365832 127
4062072 61
7482279 114
4060988 61
8416568 128
11847898 180
11902124 181
10443832 159
8359968 127
4063668 62
7481999 114
4062724 61
7575232 115
11898963 181
11901166 181
11907105 181
5721949 87
9533524 145
8366448 127
4061996 61
7484904 114
11978295 182
11844444 180
11885768 181
9816383 149
8362304 127
4066836 62
7484841 114
4062088 61
7548345 115
11992203 182
11895415 181
11849379 180
6913354 105
6111476 93
8368136 127
11901271 181
11978470 182
11887610 181
9313776 142
8372580 127
4063468 62
7527254 114
11991022 182
11895870 181
11877239 181
5083193 77
11682792 178
7762046 118
4061648 61
8430500 128
11880971 181
11888404 181
11888380 181
9307613 142
8365220 127
4062832 61
7590016 115
11934009 182
12028240 183
11893934 181
6424030 98
7008477 106
8522444 130
11908144 181
11891589 181
11899311 181
9453764 144
8363024 127
4061760 61
7536158 114
11890911 181
11915317 181
11907223 181
9256471 141
8363608 127
4060172 61
7529494 114
11911526 181
11884471 181
11885195 181
9369722 142
8366768 127
4061620 61
7525462 114
11895695 181
11900897 181
11962020 182
6567830 100
7158519 109
8375508 127
4059816 61
7522368 114
11901376 181
11897270 181
11847185 180
7415422 113
4973028 75
8366408 127
11888065 181
11887096 181
11876528 181
9273646 141
8366260 127
4061044 61
7536879 115
11885265 181
11932854 182
11895999 181
9854630 150
8363912 127
4066528 62
7483574 114
4061736 61
8411700 128
11884204 181
11900617 181
5779093 88
9552265 145
8362372 127
4066812 62
7479962 114
4067376 62
8417920 128
11879035 181
11885335 181
9232411 140
8358628 127
4065912 62
7485982 114
4063568 62
8406036 128
11845855 180
11877891 181
10415826 158
8360292 127
4061336 61
7482951 114
4061508 61
8479068 129
11850978 180
11886711 181
10005302 152
8362376 127
4061940 61
7483175 114
4060816 61
8405348 128
11885429 181
11882058 181
4503024 68
4133816 63
8520440 130
7643034 116
4062008 61
7487172 114
4060448 61
7539056 115
11941451 182
11891040 181
11896139 181
9263012 141
8363696 127
4062712 61
7524580 114
11921304 181
11882653 181
11897200 181
9954405 151
8367924 127
4063780 62
7597478 115
11893127 181
11886595 181
11885976 181
9136367 139
8372272 127
4061412 61
7534170 114
11902577 181
12007275 183
11886595 181
9774959 149
8372100 127
4061500 61
7528192 114
11922470 181
11883946 181
11888369 181
9476277 144
8359940 127
4066572 62
7495194 114
4063916 62
8407228 128
11850440 180
11886910 181
9944904 151
8383156 127
4062324 61
7518770 114
11952758 182
11890305 181
11891193 181
9408216 143
8364944 127
4062436 61
7482608 114
4067812 62
8414800 128
11843427 180
11890141 181
9904471 151
8363364 127
4062780 61
7517209 114
11895170 181
12074499 184
11876782 181
9229606 140
8365896 127
4061068 61
7526750 114
11906101 181
11881544 181
11889430 181
8837669 134
8365600 127
4061732 61
7579222 115
11885895 181
11888299 181
12048319 183
9386441 143
8363172 127
4065056 62
7540316 115
11887562 181
11897364 181
11885208 181
9166269 139
8364028 127
4062132 61
7483420 114
4061992 61
8459748 129
11881717 181
11930859 182
6283466 95
7172816 109
8363160 127
4061756 61
7596876 115
11894085 181
11886409 181
11845190 180
7592698 115
4064004 62
7482132 114
4061816 61
7581189 115
11976650 182
11885978 181
11882570 181
6459878 98
6653245 101
8361428 127
4061484 61
8423660 128
11846813 180
11887459 181
9828556 149
8366020 127
4064056 62
7523313 114
11896443 181
11888369 181
12047153 183
6697394 102
6503919 99
8361880 127
4061760 61
8368860 127
11902288 181
12099592 184
6775442 103
6232432 95
8371400 127
4066532 62
8415732 128
11959966 182
11894424 181
10039845 153
8360872 127
4060720 61
7494382 114
4060464 61
7485499 114
4062084 61
7533393 114
12042321 183
11875640 181
11910161 181
6439758 98
6866681 104
8363632 127
4059468 61
8504456 129
11851105 180
11886748 181
10424469 159
5456001 83
10793051 164
8422834 128
4058884 61
7480235 114
4061004 61
7516600 114
11884845 181
11961810 182
11910745 181
6736350 102
6257882 95
8361844 127
11907687 181
11885464 181
11889732 181
5498492 83
10155029 154
8198218 125
4060664 61
7481418 114
4063616 62
7534317 114
4061720 61
7626612 116
11892930 181
11881894 181
11890445 181
4067616 62
6460802 98
4063448 62
7479521 114
4062248 61
7107352 108
4062608 61
7528479 114
4064808 62
7529718 114
11933891 182
11900420 181
11904900 181
6357334 97
7404925 112
8361516 127
4060216 61
7537271 115
11887098 181
11928188 182
11882406 181
5040195 76
11684755 178
7557806 115
5255735 80
8360940 127
4065064 62
7521507 114
11889045 181
11982169 182
11925607 181
6842758 104
6580343 100
8365116 127
4064176 62
7518812 114
11910196 181
11886595 181
11985424 182
5207333 79
11398185 173
7875246 120
4615232 70
4060952 61
11927044 181
12127664 185
11839857 180
7550194 115
5314046 81
8365544 127
4060488 61
7522802 114
11906965 181
11883515 181
11885615 181
5652255 86
10198106 155
8339758 127
4077928 62
7490308 114
4062036 61
8412376 128
11843580 180
11988830 182
10949757 167
8082674 123
4061328 61
7481495 114
4062664 61
7532140 114
4058940 61
8428488 128
11884600 181
11900829 181
10549847 160
8048406 122
4300089 65
7491302 114
4065336 62
7527982 114
11905261 181
11854430 180
11914783 181
10458006 159
8368032 127
4072080 62
7478261 114
4073464 62
7532770 114
4062772 61
8403656 128
11853146 180
11937345 182
10937306 166
6309787 96
8648179 131
8360356 127
4063560 62
7481278 114
4063112 61
7491323 114
11847139 180
11926377 181
11107441 169
8362796 127
4060140 61
7482034 114
4063000 61
7555079 115
11878523 181
11852050 180
11908960 181
10658834 162
8121786 123
4062296 61
7484869 114
4060256 61
7532819 114
11880960 181
11886431 181
11886560 181
10642736 162
8089870 123
4060968 61
7488649 114
4060668 61
7486115 114
4065248 62
7526435 114
11886921 181
11883749 181
11980139 182
5468973 83
10746661 163
8054158 122
4328970 66
8408352 128
11899591 181
11891377 181
11892007 181
4957502 75
11844304 180
7302634 111
4797952 73
7482790 114
4061220 61
7480424 114
4062924 61
7515893 114
12017845 183
11869025 181
11888229 181
10800092 164
7931526 121
4507873 68
7482559 114
4060272 61
7485450 114
4065380 62
8418280 128
11851372 180
11891729 181
10266732 156
8361448 127
4060432 61
7482181 114
4061104 61
7524300 114
4065224 62
7514360 114
11882430 181
11896058 181
11884075 181
5268507 80
11252555 171
8014062 122
4061468 61
7480872 114
4062896 61
7528367 114
4060044 61
7522914 114
11890119 181
11967038 182
11910255 181
6629062 101
6637310 101
8366128 127
4063448 62
7532287 114
11892206 181
11884075 181
11965555 182
5155030 78
11748788 179
7525502 114
5058718 77
8362520 127
11922400 181
11900094 181
11885020 181
5423308 82
10502001 160
8158322 124
4060852 61
7484827 114
4060576 61
7483833 114
4063972 62
7517377 114
11913208 181
11972531 182
11903874 181
4937049 75
11844735 180
7218294 110
5788960 88
8361460 127
4060996 61
7564151 115
11902577 181
11881054 181
11914234 181
4857252 74
11819315 180
7279874 111
5654637 86
8365760 127
11892324 181
11888962 181
11882303 181
4980684 75
11922072 181
7230866 110
5870234 89
8367644 127
4063080 61
7527114 114
11898904 181
11974784 182
11890305 181
5046354 77
11980325 182
7648382 116
5024820 76
8359352 127
4063256 62
7521997 114
11920079 181
11883924 181
11886700 181
4937692 75
11846052 180
7343706 112
5656424 86
8359936 127
4061204 61
7529067 114
11933460 182
11886910 181
11940099 182
7267486 110
5255646 80
7479150 114
4060080 61
7480158 114
4059880 61
7532112 114
11894973 181
11846240 180
11886221 181
10722659 163
8168378 124
4060480 61
7480725 114
4062296 61
7534324 114
4062780 61
7528815 114
11908494 181
11885803 181
11963409 182
5192755 79
11600617 177
7670650 117
5160300 78
7481775 114
4074852 62
7482629 114
4061972 61
7524986 114
11889605 181
11938721 182
11959804 182
10267825 156
8361740 127
4061352 61
7485751 114
4062784 61
7523124 114
11886339 181
11882371 181
11980979 182
10095762 154
8277006 126
4061884 61
7486472 114
4063480 62
7520219 114
11908610 181
11885044 181
11957435 182
5154328 78
11319208 172
8073898 123
4294440 65
7497826 114
4061204 61
7551502 115
11898169 181
11833896 180
11880470 181
10552997 161
8168166 124
4063772 62
7480130 114
4116388 62
7106645 108
11909402 181
11888673 181
7045754 107
6006727 91
8368360 127
4060612 61
7525672 114
11888157 181
11870985 181
11899265 181
5197854 79
11606995 177
7340302 112
5009892 76
7479283 114
4062956 61
7555842 115
11883841 181
11844608 180
11870740 181
10664685 162
7999046 122
4352914 66
7489594 114
4068784 62
7480557 114
4063024 61
7525266 114
11891589 181
11878720 181
11967014 182
5095465 77
10893505 166
7903862 120
4589787 70
7478296 114
4067804 62
7484813 114
4061592 61
7561897 115
4059508 61
7544929 115
11909708 181
11887260 181
11904808 181
5889106 89
9771299 149
8374676 127
4066708 62
7491421 114
4062484 61
7531363 114
4061088 61
7534450 114
11895800 181
11889815 181
11882045 181
10614813 161
8140298 124
4062260 61
7483721 114
4061344 61
7575127 115
4069092 62
7529011 114
11946526 182
11947589 182
11888684 181
5420343 82
9703389 148
8362964 127
4060632 61
7483042 114
4061480 61
7524657 114
11995071 183
11840944 180
11889594 181
10312014 157
8417630 128
4059212 61
7483798 114
4061828 61
7534513 114
4062540 61
8361320 127
11874730 181
11959629 182
5188747 79
11091873 169
7882166 120
4572878 69
7492030 114
4063112 61
7489433 114
4064400 62
7529697 114
11891298 181
11885241 181
11905064 181
5135901 78
11925674 181
7377226 112
5496880 83
8361796 127
4061096 61
8419000 128
11879525 181
11905355 181
10398089 158
8257782 126
4063688 62
7481096 114
4062892 61
7671818 117
4062344 61
7531440 114
11895439 181
11899208 181
11894214 181
4961995 75
11920755 181
7152834 109
5348964 81
8362960 127
4062516 61
8456640 129
11854979 180
11882675 181
11000492 167
8047066 122
4423680 67
7480508 114
4067100 62
7538839 115
4061720 61
7570521 115
11900385 181
11857427 180
11956792 182
10817277 165
7029715 107
7499932 114
8394944 128
4063672 62
7529620 114
4061592 61
8410812 128
11842589 180
11893083 181
10742298 163
7884286 120
4579433 69
8361656 127
11890865 181
11851199 180
11894960 181
10834658 165
7766730 118
5035980 76
8365024 127
4063156 61
7563738 115
11923590 181
12049612 183
11890073 181
7079530 108
6208793 94
8362384 127
11909100 181
11846334 180
11872129 181
10693482 163
8000250 122
4462976 68
7478891 114
4061276 61
7590408 115
11913451 181
11889384 181
11882898 181
4894039 74
11856902 180
7448974 113
5450071 83
8409404 128
11941499 182
11874437 181
11901365 181
5099396 77
11807546 180
7800670 119
4915906 75
8411776 128
11889990 181
11895428 181
11875325 181
5125052 78
11763044 179
7687294 117
4852691 74
7481656 114
4075168 62
7482475 114
4060428 61
7534807 114
11890060 181
11969731 182
11882242 181
10591250 161
8375666 127
4061572 61
7482496 114
4058888 61
7488649 114
4060760 61
7535171 114
11946771 182
11888404 181
11892276 181
10440528 159
8144162 124
4315624 65
7485450 114
4060028 61
7524860 114
4062496 61
7531468 114
11930555 182
11853227 180
11885427 181
10498391 160
7984390 121
4063080 61
7480788 114
4060484 61
7544257 115
4061480 61
7526071 114
11891624 181
11971352 182
11930612 182
5575992 85
9057941 138
8360780 127
4062128 61
7502089 114
4061864 61
7530649 114
4063360 62
7523292 114
11908457 181
