286055 79
305316 85
289730 80
317393 88
339745 94
286287 79
294232 82
263701 73
262058 73
257285 71
278355 77
286370 79
308175 85
265324 74
263458 73
233019 65
285541 79
272593 76
281960 78
285460 79
308094 85
278191 77
260529 72
303636 84
263329 73
275754 76
307766 85
293906 82
306915 85
302435 84
291607 81
280595 78
285810 79
285834 79
286871 80
277620 77
284108 79
304266 84
289496 80
270224 75
284141 79
389725 108
281715 78
270060 75
309656 86
262885 73
421960 117
288691 80
281120 78
259197 72
284189 79
303006 84
283839 79
278788 77
268636 74
311664 86
284550 79
279335 77
285974 79
260632 72
292368 81
285565 79
433405 120
259746 72
274435 76
285834 79
288505 80
283640 79
285740 79
301641 84
285484 79
303520 84
255686 71
260960 72
283301 79
323120 90
304102 84
261041 72
284038 79
280302 78
281973 78
302411 84
280094 78
338345 94
306519 85
253400 70
314906 87
256259 71
280759 78
276734 77
282870 78
300147 83
275988 77
288938 80
274750 76
285134 79
280105 78
287267 80
263270 73
278915 77
255336 71
288212 80
276220 77
285681 79
472513 131
283093 78
281505 78
314696 87
283745 79
315105 87
284690 79
371442 103
282006 78
286803 80
300486 83
412801 115
280875 78
286685 79
307685 85
266514 74
414914 115
282822 78
301245 84
304279 84
294092 82
395233 110
322267 89
281551 78
337809 94
263830 73
347981 97
297476 83
305830 85
269686 75
282625 78
290441 81
298340 83
284677 79
310380 86
282415 78
283861 79
301781 84
283653 79
258556 72
289894 80
286825 80
284130 79
271167 75
305771 85
265871 74
307009 85
235994 65
312817 87
255931 71
306904 85
261216 72
319235 89
282089 78
287921 80
259886 72
285377 79
260273 72
301829 84
258138 72
352426 98
264764 73
324089 90
289870 80
297231 82
271191 75
280840 78
268216 74
563034 157
282041 78
329829 92
260785 72
284515 79
308326 86
288971 80
281971 78
286532 79
285552 79
283338 79
302142 84
299412 83
314136 87
255863 71
285379 79
265254 74
259092 72
294549 82
279195 77
277213 77
326235 91
307672 85
309949 86
256852 71
239656 66
264821 73
276336 77
236016 65
288960 80
281575 78
289905 80
300871 83
302995 84
284329 79
334845 93
261391 72
274984 76
294746 82
262559 73
291246 81
299565 83
281435 78
292902 81
291526 81
325535 90
310905 86
253505 70
262581 73
304174 84
260702 72
285355 79
287886 80
288168 80
341834 95
277130 77
285891 79
279451 77
498481 139
296603 82
283758 79
286976 80
263526 73
277620 77
287991 80
284375 79
256084 71
305981 85
294385 82
259291 72
285272 79
260737 72
287326 80
291537 81
257519 71
289579 80
258801 72
255931 71
278250 77
463050 129
256187 71
291014 81
254787 71
290955 81
258720 72
299298 83
260319 72
283815 79
291292 81
285191 79
278029 77
305154 85
302365 84
288424 80
278893 77
280223 78
303065 84
274096 76
286777 80
264589 73
284108 79
458443 127
310927 86
364864 101
298235 83
335987 93
478636 133
319235 89
294676 82
306681 85
417690 116
388032 108
374640 104
334121 93
303043 84
291679 81
316831 88
286731 80
288494 80
325850 90
260529 72
312480 87
296170 82
326364 91
304137 84
295656 82
290489 81
357431 99
258499 72
284830 79
280466 78
282765 78
279626 78
306342 85
283301 79
283185 79
308350 86
278552 77
280875 78
275988 77
287630 80
303730 84
296870 82
280197 78
285132 79
294816 82
314650 87
305434 85
285331 79
272276 75
289227 80
256631 71
316726 88
310870 86
304465 84
274529 76
282929 78
292180 81
290045 80
263922 73
290371 81
299915 83
308140 85
295645 82
282905 78
287048 80
301770 84
279357 77
265989 74
302807 84
291876 81
262441 73
265534 74
272243 75
233835 65
305283 85
259980 72
282684 78
283303 79
252875 70
259980 72
305970 85
254299 70
281774 78
266116 74
282765 78
325653 90
262360 73
283581 79
544193 151
284178 79
275288 76
235434 65
258451 72
485846 135
266105 74
273606 76
259000 72
308781 86
310076 86
266781 74
283244 79
279604 78
281446 78
461300 128
302074 84
303065 84
258359 72
260785 72
507196 141
282017 78
263504 73
257062 71
277327 77
288190 80
302715 84
277598 77
293731 81
258976 72
317638 88
301875 84
275603 76
305795 85
293768 81
326736 91
420153 117
300987 83
287525 80
304336 84
294991 82
303205 84
312316 87
310148 86
265593 74
291456 81
283745 79
322398 89
266013 74
297452 82
282076 78
305911 85
310076 86
320040 89
296253 82
306753 85
304115 84
269325 75
288844 80
266175 74
276126 77
310450 86
238140 66
285191 79
282905 78
306355 85
289649 80
280127 78
278250 77
267634 74
310450 86
296391 82
412033 114
287746 80
414376 115
308000 85
311023 86
295575 82
296100 82
310999 86
281785 78
282752 78
290640 81
261019 72
307626 85
283034 78
284012 79
296404 82
276430 77
264657 73
260877 72
372131 103
264484 73
261660 73
284585 79
311546 86
304931 85
270819 75
285624 79
312351 87
272952 76
300593 83
258860 72
258009 71
308479 86
263270 73
283653 79
298679 83
295680 82
300661 83
325406 90
263714 73
284596 79
282415 78
258650 72
295855 82
379774 105
410060 114
379120 105
297826 83
291152 81
274575 76
340375 94
279943 78
283150 79
257729 71
257985 71
261065 72
349790 97
287827 80
291924 81
303135 84
280431 78
281026 78
254216 70
275192 76
259267 72
290524 81
260422 72
283966 79
290594 81
287549 80
266223 74
289927 80
290231 80
260457 72
298959 83
289776 80
299484 83
282649 78
320298 89
280199 78
350129 97
262990 73
277316 77
288739 80
275647 76
278366 77
282087 78
257005 71
302866 84
288669 80
241933 67
282730 78
280724 78
275953 76
285681 79
276080 77
305071 85
286114 79
404624 112
291038 81
278132 77
283815 79
240332 67
288422 80
259840 72
308059 85
287407 80
281621 78
279615 78
287059 80
280175 78
308000 85
239435 66
291843 81
275089 76
283441 79
263561 73
290443 81
285414 79
306331 85
284725 79
240835 67
280269 78
285541 79
296601 82
280536 78
319771 89
351866 98
287315 80
299134 83
255244 71
306856 85
282765 78
266676 74
325303 90
259304 72
318373 88
300462 83
306099 85
277994 77
311384 86
294991 82
275065 76
293639 81
305421 85
283605 79
287792 80
307324 85
261684 73
262349 73
287221 80
265930 74
283557 79
261076 72
265311 74
431957 120
275929 76
308735 86
276839 77
311406 86
285425 79
277421 77
256305 71
283699 79
291001 81
261544 72
582389 162
259956 72
261835 73
265184 73
282017 78
279768 78
263620 73
295306 82
280046 78
293101 81
253422 70
291668 81
262430 73
303194 84
303752 84
465301 129
304115 84
305305 85
275754 76
300009 83
297990 83
290896 81
308993 86
281470 78
292530 81
279429 77
290023 80
310275 86
241244 67
315315 87
240719 67
340784 95
278169 77
289520 80
275660 76
305900 85
274376 76
256690 71
286243 79
267330 74
373636 104
262966 73
285764 79
286930 80
279860 78
315374 87
280923 78
314335 87
270738 75
256049 71
298316 83
277935 77
261695 73
472406 131
260995 72
300324 83
281575 78
298060 83
302540 84
286989 80
297220 82
304360 84
256830 71
305981 85
302085 84
300943 83
286405 79
313799 87
290627 81
286243 79
278950 77
288225 80
298537 83
283605 79
280525 78
281131 78
279230 77
276384 77
293206 81
283524 79
288761 80
295085 82
261426 72
291620 81
278449 77
283546 79
287735 80
270690 75
300230 83
280280 78
305281 85
304139 84
265254 74
300978 83
284922 79
300090 83
278810 77
279954 78
304336 84
305760 85
285495 79
256782 71
277655 77
286464 79
262699 73
289345 80
407995 113
299261 83
298270 83
285775 79
284992 79
272965 76
301337 84
255710 71
281586 78
288750 80
271681 75
279604 78
321020 89
286497 79
303846 84
323540 90
283513 79
262699 73
313484 87
279707 78
277493 77
302621 84
297616 83
284515 79
302831 84
397659 110
266735 74
261555 72
277992 77
286033 79
277703 77
282754 78
305305 85
277878 77
282041 78
304454 84
308687 86
257473 71
286871 80
317041 88
259934 72
281704 78
282065 78
281155 78
319130 89
279429 77
280232 78
303636 84
389537 108
302820 84
295728 82
280140 78
304198 84
293580 81
303682 84
337004 94
285799 79
404646 112
283686 79
291445 81
281632 78
284515 79
286488 79
330516 92
316599 88
322035 89
301221 84
297920 83
315140 87
290045 80
281319 78
286906 80
302564 84
305187 85
273024 76
287105 80
278880 77
299239 83
282275 78
385420 107
284480 79
305865 85
279790 78
287175 80
310030 86
284224 79
308851 86
257110 71
265637 74
378267 105
298294 83
236659 66
286254 79
279405 77
301934 84
257705 71
261614 72
283688 79
261006 72
302925 84
272604 76
285460 79
295798 82
315326 87
299075 83
301304 84
364897 101
307720 85
283244 79
348460 97
258265 72
266304 74
283347 79
290128 80
285718 79
423909 118
287175 80
276452 77
286009 79
371081 103
260203 72
264086 73
282986 78
255080 71
267877 74
302820 84
258650 72
288225 80
300860 83
282929 78
282835 78
283220 79
293965 82
286090 79
279114 77
297150 82
281225 78
108908 30
103348 28
289321 80
291038 81
282776 78
270375 75
256270 71
280827 78
293720 81
300195 83
240332 67
280665 78
264530 73
261870 73
354666 98
258031 71
253798 70
283511 79
279661 78
285856 79
282682 78
380870 106
286206 79
286917 80
281470 78
296636 82
261754 73
291959 81
282170 78
289520 80
280816 78
266127 74
601219 167
304990 85
282859 78
353793 98
312316 87
260389 72
299659 83
300265 83
303135 84
280595 78
305633 85
291585 81
324813 90
288553 80
269815 75
302249 84
282332 78
265628 74
306869 85
280757 78
294490 82
284609 79
282229 78
284270 79
286311 79
259665 72
286499 79
309212 86
276721 77
291981 81
284141 79
282463 78
284318 79
283839 79
291714 81
287164 80
284178 79
299762 83
300254 83
290465 81
289485 80
287291 80
305935 85
467158 130
355018 99
266328 74
280735 78
292274 81
282439 78
276137 77
253866 70
287372 80
287280 80
262907 73
271950 75
268426 74
300628 83
290080 80
288214 80
361572 100
285753 79
303929 84
285099 79
271799 75
473340 132
304653 85
306963 85
293114 81
311885 87
335521 93
288352 80
281750 78
269395 75
378676 105
260761 72
290279 80
258836 72
263036 73
305526 85
304139 84
290161 80
270375 75
276325 77
261638 73
288131 80
384357 107
350687 97
281459 78
300720 83
285576 79
298445 83
293744 81
273455 76
271027 75
267820 74
359391 100
275822 76
308993 86
272591 76
320600 89
290244 80
417014 116
255233 71
329385 91
279569 78
288236 80
315652 88
304710 85
339185 94
283721 79
277749 77
287549 80
324671 90
316632 88
275122 76
303170 84
283662 79
421282 117
284189 79
261881 73
261730 73
273256 76
297592 83
257834 71
290360 81
277596 77
