58619224 255
50690424 220
50904768 221
50548940 220
50814976 221
52272600 227
51136684 222
50555828 220
50904348 221
50079252 218
50975712 222
50354576 219
50637380 220
57917032 252
50843888 221
51144992 222
50618952 220
50962352 222
50239280 219
50419636 219
51082528 222
52932904 230
50590616 220
50574940 220
51650836 225
50215272 218
50699288 221
50625144 220
50776632 221
50281868 219
50558092 220
50830596 221
53507476 233
50804672 221
50191376 218
51086264 222
51108600 222
50572696 220
51548400 224
50577764 220
51456196 224
50268968 219
50301052 219
50435464 219
50867304 221
51254228 223
50260412 219
50799140 221
50759024 221
55054804 240
50452264 219
50615696 220
50582388 220
53955136 235
50278180 219
50087616 218
50350740 219
50315924 219
50594176 220
51659912 225
50621108 220
51102072 222
50521968 220
50590456 220
50488880 220
50609484 220
51703092 225
50737308 221
50924548 222
50230536 218
50488680 220
50175220 218
50781228 221
50551352 220
54021528 235
50752552 221
50683692 220
51039716 222
50302344 219
50725456 221
52053980 226
50623132 220
50943372 222
50756700 221
52200032 227
50378844 219
50723452 221
51917844 226
50150228 218
50259168 219
50034604 218
50413456 219
50351844 219
50334468 219
50825208 221
54006544 235
50529364 220
50023200 218
50450244 219
50089960 218
50778496 221
51563108 224
50589764 220
50837884 221
50327300 219
50801248 221
50423660 219
50745904 221
51813996 225
50291576 219
50526048 220
49987552 217
50078468 218
50208752 218
50831584 221
50314820 219
53081080 231
50869268 221
50835456 221
56914536 248
50857624 221
50862516 221
52082224 227
50514628 220
50160956 218
50412164 219
50463364 220
50427760 219
50606208 220
53033084 231
50442292 219
50619216 220
50213584 218
50613188 220
50251576 219
51063604 222
50545612 220
53920008 235
51002904 222
50305940 219
50690856 220
50709944 221
50395404 219
50364272 219
50589564 220
50433816 219
50759848 221
50926448 222
54266492 236
50651420 220
50278096 219
51327048 223
50506856 220
50258324 219
50789128 221
58257596 253
50221192 218
50709912 221
50451744 219
54216420 236
50527524 220
50199020 218
50831560 221
50754984 221
50689600 220
50698492 221
50891676 221
50556240 220
50758176 221
50700080 221
54118684 235
50584340 220
50907532 221
50710052 221
50066912 218
51572384 224
50552028 220
50907948 221
50629336 220
50883356 221
50925528 222
54247452 236
50711388 221
51647832 225
50417324 219
50305204 219
50981616 222
50189032 218
50735552 221
50503448 220
50707020 221
51230336 223
54796548 238
51021324 222
50616296 220
50827816 221
50486180 220
50516404 220
50834016 221
50850088 221
50702624 221
50921588 222
50449672 219
50478864 220
50980504 222
50470392 220
50365652 219
50452536 219
50760008 221
51819960 225
50466456 220
51069468 222
50484868 220
50911284 221
50368756 219
50876792 221
50283416 219
50668320 220
50377376 219
50887452 221
50338564 219
51012132 222
50686956 220
50491772 220
50477344 220
50357288 219
50542516 220
50873740 221
52187768 227
50721356 221
50757200 221
51849604 226
50668604 220
50538064 220
50258040 219
50522344 220
50490756 220
50823364 221
51798992 225
50679440 220
51036504 222
50764728 221
50678312 220
50649360 220
50870676 221
50862544 221
50724052 221
50788160 221
51118236 222
50988268 222
51041164 222
50942884 222
50617684 220
50965832 222
51539040 224
50896468 221
50614156 220
50956388 222
50513656 220
50545180 220
52036480 226
50861064 221
50888980 221
50870512 221
51467752 224
50761252 221
50984728 222
50449152 219
50955296 222
50362412 219
50597732 220
50533584 220
50955680 222
50572400 220
50675776 220
51620184 225
50229180 218
50705192 221
50165140 218
50638084 220
50159660 218
50480540 220
51790888 225
50512740 220
50368888 219
50467340 220
50731232 221
50405980 219
50374572 219
50874420 221
50792368 221
51048400 222
50477188 220
50797720 221
50483884 220
52345308 228
50435724 219
50515924 220
50617064 220
50645580 220
50789076 221
51640764 225
50587092 220
50798336 221
51532408 224
50497904 220
50430460 219
50715032 221
50766304 221
50747072 221
50479860 220
50774768 221
50774832 221
50791104 221
50953240 222
52834864 230
50333016 219
51065656 222
51157648 223
50758948 221
50572120 220
50698248 221
50226284 218
50948452 222
50457360 219
50657660 220
51693980 225
50943360 222
50623972 220
50218844 218
50434124 219
50494252 220
50597136 220
50398972 219
50725256 221
50222596 218
50777852 221
51515968 224
51410996 224
50878984 221
51212492 223
51321224 223
50456296 219
50529432 220
50593952 220
50988700 222
50810920 221
50976984 222
52160904 227
50714236 221
50976844 222
50415040 219
50424352 219
50434056 219
50569804 220
50502408 220
50663840 220
50557212 220
50797116 221
50834932 221
50811900 221
50593176 220
50478020 220
50627588 220
50580744 220
50981228 222
50653148 220
51123932 222
50918596 221
50744992 221
51869400 226
50464956 220
50865636 221
62464652 272
56679640 247
50743716 221
50792616 221
50808728 221
50938272 222
50697432 221
50537816 220
50963628 222
51179088 223
50606572 220
51007108 222
50858480 221
50528204 220
50446832 219
51196580 223
50422708 219
50275792 219
51419304 224
51460044 224
50879768 221
50781424 221
51168052 223
50606740 220
51299968 223
50602892 220
50573720 220
50618636 220
50885472 221
51842940 226
50356048 219
50631972 220
50818464 221
50740424 221
50748412 221
50849812 221
50921640 222
52560208 229
50566364 220
51886652 226
50695728 221
50891032 221
51689432 225
50507492 220
50717860 221
50628352 220
51029436 222
50672872 220
51130968 222
50578420 220
50665528 220
50345784 219
50888884 221
51804384 225
51015692 222
50681560 220
50585244 220
51156440 223
50505924 220
50711508 221
52122648 227
50860528 221
50996576 222
50425760 219
50664488 220
50251852 219
50925944 222
50315356 219
50550096 220
50380004 219
50596296 220
50904228 221
51497392 224
50776148 221
50605296 220
51303448 223
50655336 220
50676796 220
51399664 224
50405940 219
51045996 222
50804964 221
52133324 227
50692260 221
51033928 222
50090416 218
50970136 222
50294932 219
50207740 218
50302112 219
50443620 219
50525160 220
50585348 220
50657172 220
50469460 220
50745988 221
50300284 219
50452588 219
50230328 218
50663432 220
50212232 218
50781568 221
50466016 220
50506044 220
51588432 224
50766868 221
50438648 219
51235836 223
50566556 220
51241420 223
50521552 220
50643704 220
50623536 220
53232964 232
51007876 222
50544064 220
50621340 220
50386036 219
50189744 218
50457352 219
50074708 218
50499904 220
50505084 220
50289916 219
50452636 219
50519092 220
50611288 220
50807020 221
52379832 228
51246104 223
50408668 219
50225952 218
50221924 218
50527784 220
50499196 220
50560488 220
50645964 220
50604736 220
50925896 222
50256600 219
50472620 220
50508900 220
50958584 222
50843724 221
55805040 243
50751568 221
50278488 219
55534032 242
51156276 223
50725780 221
50812280 221
50869148 221
50625200 220
50454432 219
50487712 220
50006180 218
50562556 220
50224724 218
50824040 221
49923304 217
50551300 220
51560940 224
50247528 219
50273732 219
50088148 218
50952368 222
50432564 219
50043748 218
50135492 218
50594052 220
49976820 217
53182620 231
50472068 220
50668032 220
50771832 221
50326768 219
50458596 219
50497416 220
50181680 218
51180324 223
50576160 220
50832292 221
50296380 219
52084720 227
50423396 219
50579712 220
50290192 219
50604076 220
50440312 219
50951608 222
50747548 221
50607436 220
50171728 218
50572664 220
50381216 219
50769920 221
50307696 219
50880712 221
50416916 219
50389460 219
50823112 221
50252144 219
50669332 220
50360308 219
51037616 222
51584728 224
50738928 221
50805240 221
50052852 218
50417900 219
50387132 219
50330360 219
50291928 219
50497760 220
50163676 218
50484256 220
50486896 220
50595592 220
52498764 228
50308716 219
51349260 223
50202920 218
50322932 219
50141016 218
50558636 220
49968428 217
50595096 220
51482412 224
50605896 220
50617684 220
50433328 219
50664328 220
50387004 219
50231572 218
50697876 221
50425576 219
50221492 218
50117404 218
50292072 219
50483624 220
50412336 219
50753896 221
50471564 220
50724064 221
50667264 220
50296040 219
50506636 220
50273796 219
50733392 221
50327916 219
50533888 220
50157148 218
50612476 220
50851940 221
50550136 220
51324552 223
50276988 219
50854316 221
50091680 218
50342736 219
50038040 218
50399812 219
50248016 219
50765704 221
51032952 222
50439032 219
50871676 221
50184812 218
50349112 219
50363948 219
50821396 221
51801144 225
50832588 221
50811852 221
50605528 220
51333976 223
50706588 221
50504804 220
50541216 220
50291132 219
50390056 219
50788368 221
50227956 218
50389976 219
50452152 219
50569920 220
50316140 219
50162376 218
50428964 219
50500680 220
50421596 219
58703964 255
50884908 221
51391020 224
50113760 218
50295264 219
50498220 220
50325468 219
49889688 217
50880820 221
51270812 223
50456556 219
50474020 220
50827036 221
50631096 220
50887092 221
50429872 219
50662352 220
51023000 222
50133356 218
50368400 219
49978700 217
50413388 219
50641860 220
50434132 219
51253004 223
50698132 221
50431284 219
50536212 220
51218400 223
50390428 219
50219288 218
50819324 221
50918024 221
50334668 219
50514400 220
50955928 222
50444868 219
59161900 257
50693396 221
50976836 222
50220056 218
50341216 219
50601280 220
50434128 219
50619988 220
50758976 221
51731720 225
50667024 220
50965408 222
50398432 219
50633512 220
50108592 218
50660996 220
50671464 220
50338648 219
50136372 218
50976900 222
50501528 220
50627312 220
50599236 220
50520916 220
50450756 219
50534868 220
50672880 220
50392224 219
50431968 219
49998288 217
50299088 219
51422916 224
50605032 220
50417460 219
50594300 220
50433740 219
50198312 218
51076572 222
50002040 217
50301116 219
50301964 219
50510460 220
50900224 221
50669072 220
50529016 220
50553616 220
50580016 220
50305244 219
50635824 220
50269956 219
50730540 221
50371048 219
51133596 222
51506504 224
50780100 221
50809352 221
50679424 220
51172448 223
50353736 219
50395696 219
51213084 223
50853824 221
50550100 220
50508056 220
50564236 220
50401540 219
50768960 221
50111848 218
50492852 220
50270316 219
50675592 220
51034456 222
50684864 220
51298332 223
50960240 222
52016752 226
50466580 220
50566128 220
50309704 219
50179428 218
50379620 219
50499396 220
51261336 223
50643320 220
51408536 224
50687288 220
50572508 220
50705492 221
50690836 220
50645040 220
50428916 219
50522376 220
50386984 219
50431332 219
50848580 221
50492532 220
50632668 220
51197524 223
50914524 221
50902020 221
50354172 219
51139648 222
50736684 221
50289180 219
51067188 222
50493560 220
50492864 220
51080088 222
50443320 219
50561796 220
53021048 231
50303156 219
51483440 224
50250152 219
50350876 219
50380948 219
50664436 220
50298488 219
50786892 221
51123848 222
50278436 219
50943012 222
50266208 219
50310516 219
50575996 220
50371064 219
51629144 225
50525328 220
50572952 220
50465012 220
51171488 223
50561836 220
50806416 221
50547076 220
50642012 220
50381324 219
50652624 220
50121900 218
50598144 220
50605572 220
50541168 220
51025600 222
50381824 219
50353768 219
51040624 222
50373464 219
50587324 220
50435740 219
51098944 222
50472136 220
50341332 219
50367224 219
50770880 221
51056288 222
50704324 221
50383948 219
50449296 219
50251796 219
50511468 220
50172552 218
50550728 220
50217588 218
50780168 221
51587312 224
50556808 220
50771836 221
50867916 221
50983168 222
50455140 219
50821292 221
50410540 219
50589160 220
50293212 219
50517256 220
50633328 220
50573076 220
50697088 221
50737136 221
50955720 222
50923152 222
50693220 221
50766780 221
50710804 221
50591132 220
50685440 220
51612092 225
50501804 220
50312036 219
50644336 220
50693936 221
50895248 221
50466772 220
50143788 218
50464380 220
50911308 221
50544120 220
50550048 220
50477312 220
50325772 219
50946880 222
50353076 219
50279688 219
50282412 219
50036560 218
50544264 220
50669904 220
50603352 220
51551492 224
50803340 221
50576256 220
50452084 219
50552052 220
50309384 219
50422044 219
50654372 220
50866416 221
50391100 219
50817840 221
50343832 219
50794932 221
59959488 261
50569912 220
50615412 220
50233172 218
50205680 218
50748624 221
50389424 219
50150936 218
50921220 221
51830688 225
50528520 220
51402628 224
50477048 220
50433004 219
50496340 220
50736696 221
50610604 220
50566456 220
50323796 219
50547568 220
50127924 218
50759176 221
50521376 220
50574052 220
50388840 219
50721160 221
50619224 220
50264628 219
50353812 219
50627716 220
50545324 220
51633376 225
50598724 220
50420024 219
51100768 222
50416136 219
50164532 218
59740556 260
51590784 224
50560680 220
50229136 218
50624668 220
50661268 220
50318220 219
50422008 219
50095220 218
50397040 219
50086456 218
50407344 219
50155072 218
50595060 220
53633032 233
51097976 222
50559968 220
50061496 218
50162856 218
50363976 219
50107692 218
49946048 217
50182072 218
51118316 222
50575144 220
50441928 219
50392868 219
50103416 218
49989888 217
49940056 217
49985340 217
49771860 216
49909000 217
50354596 219
50532136 220
50319152 219
51112092 222
50737972 221
51180500 223
50370196 219
50492768 220
50032028 218
