15925216 121
8811368 67
16169041 123
12890882 98
8808336 67
8865976 67
16235142 123
8853888 67
16244452 123
8920164 68
16148860 123
14066050 107
9531010 72
8868596 67
8979968 68
16309993 124
13791226 105
8928928 68
8955724 68
8945916 68
16245992 123
14590982 111
8940168 68
8899564 67
13981946 106
8825300 67
8927292 68
14048698 107
8921052 68
8890900 67
13996342 106
8941028 68
8906576 67
16149315 123
13396214 102
8836872 67
8807928 67
8762600 66
15296043 116
8891580 67
8838564 67
13973750 106
8925044 68
8990980 68
15848609 120
8954868 68
8932772 68
16376073 124
13631586 104
8979488 68
8918540 68
8917580 68
14043716 107
8974656 68
8950372 68
14143902 107
8968192 68
8933272 68
14098192 107
8908264 67
8900592 67
13939076 106
8902056 67
8914044 68
16326933 124
12916194 98
8916440 68
8914740 68
14041172 107
8915660 68
9017992 68
14092098 107
9031360 68
8973120 68
14128642 107
8883500 67
8957620 68
9239528 70
14241974 108
9064744 69
8921716 68
15377208 117
8885924 67
8828204 67
15387645 117
8884292 67
8936748 68
13555882 103
8893120 67
8926000 68
8917312 68
14107760 107
9061000 69
9084412 69
14038716 107
8867020 67
8838444 67
14008668 106
8870576 67
8867576 67
14063642 107
8908992 67
8854784 67
15390256 117
8942284 68
8920320 68
16218363 123
14121090 107
10328754 78
8999376 68
9019168 68
15479415 118
8973536 68
9011316 68
16443140 125
13857226 105
9026036 68
9116832 69
9010252 68
16340317 124
13813362 105
8982204 68
8987680 68
8971160 68
14107088 107
8971068 68
9067912 69
14225056 108
9067640 69
9003920 68
14182086 108
9008704 68
9045720 69
15536913 118
9034572 68
9118568 69
15469188 118
9013480 68
8964460 68
16326625 124
13948882 106
9083882 69
8986288 68
8824080 67
15292802 116
8847540 67
8875276 67
14052086 107
8910252 67
8958452 68
19735849 150
11484050 87
10802765 82
8893084 67
8952044 68
8918492 68
14077584 107
8912352 67
8926876 68
15546321 118
8923848 68
8921728 68
15640660 119
8997000 68
8879900 67
14098052 107
8995740 68
8875988 67
15369830 117
8954496 68
9021744 68
14028180 107
8900768 67
8900520 67
15138160 115
8798820 67
8848176 67
8905460 67
15336251 117
8877044 67
8860572 67
14036226 107
8877120 67
8828660 67
16170476 123
13875958 105
8930712 68
8914192 68
8926652 68
16183461 123
14058106 107
9358854 71
8852688 67
9106760 69
16169776 123
13151822 100
8877920 67
8896140 67
16250493 123
13848730 105
8949628 68
8940052 68
9000940 68
14181434 108
9092196 69
9040088 68
14138104 107
9058320 69
9026872 68
14089180 107
9091432 69
8961652 68
15452360 117
8961452 68
9048524 69
16351230 124
13287318 101
8965812 68
9760620 74
14115022 107
8936776 68
9152248 69
14093852 107
8975456 68
9020580 68
14143768 107
8968668 68
9037972 68
14053392 107
8970972 68
8975352 68
14153632 107
8979932 68
8961032 68
14019396 106
8868296 67
8882888 67
14073658 107
9012920 68
8925696 68
14295878 109
8927652 68
8917764 68
14146778 107
8892552 67
9045072 69
14154018 107
8922888 68
8897576 67
16232510 123
13984614 106
8942972 68
8970124 68
8882212 67
16193723 123
12555404 95
8894980 67
8952228 68
14186836 108
9005932 68
8876016 67
14062708 107
8923584 68
8908240 67
14171950 108
8889996 67
9067900 69
15366120 117
8929860 68
8925000 68
16206645 123
14580150 111
9560618 72
8908048 67
8929792 68
16233644 123
14005274 106
9063826 69
8964428 68
8861112 67
16160487 123
13775558 105
8924776 68
8948172 68
8992004 68
13904286 106
8830288 67
8864664 67
16143785 123
13003698 99
8889104 67
8967384 68
8853872 67
14029884 107
8956428 68
8892608 67
16166311 123
12936206 98
8855100 67
8872624 67
8811808 67
15366071 117
8923872 68
8939668 68
16296931 124
14082322 107
9479176 72
11568295 88
11119531 84
8843496 67
8875544 67
16129022 123
14216554 108
9238550 70
9014660 68
8948604 68
16284170 124
13471002 102
8971432 68
9007084 68
8999436 68
14005768 106
8984180 68
8958112 68
16200303 123
13750094 104
11003518 83
8883620 67
8968580 68
14294752 109
8831500 67
8892416 67
16171526 123
13727474 104
8996002 68
8904360 67
8902856 67
16179359 123
13772634 105
8966664 68
8856472 67
8841376 67
16168754 123
11136350 84
9077604 69
9000640 68
16127594 123
10864541 82
9802568 74
8981600 68
14300890 109
10209168 77
14197604 108
9022460 68
8918068 68
14129798 107
8918956 68
8942360 68
14042648 107
8934272 68
9036540 68
16552851 126
13059794 99
8987476 68
9039928 68
14197814 108
9043684 68
8987360 68
14158194 108
9080852 69
9056864 69
14985101 114
10551290 80
9118048 69
9052944 69
14461212 110
9109848 69
9002168 68
14087488 107
8983860 68
9043436 68
14070030 107
9041880 68
9124884 69
14173466 108
9029316 68
9020164 68
14096116 107
9046684 69
9020316 68
14237440 108
9021844 68
9066584 69
15474865 118
9386596 71
16239671 123
13180402 100
8914664 68
9079344 69
16351951 124
9047752 69
16344874 124
8995440 68
15578696 118
9011044 68
9134156 69
16310770 124
13368466 101
8972956 68
9071120 69
9096484 69
16528071 126
12762790 97
12393845 94
8953608 68
9138888 69
9153952 69
16292059 124
10422052 79
8910232 67
8971116 68
15481221 118
8984436 68
9196844 70
16238530 123
13606118 103
8962296 68
8899288 67
9035156 68
15553706 118
9088596 69
9101720 69
16177105 123
14046566 107
9019636 68
9030108 68
8970816 68
14080162 107
8981576 68
8956488 68
14108512 107
9039040 68
9075244 69
14148464 107
9430716 71
14132860 107
8970080 68
8974936 68
14220600 108
9019448 68
9015924 68
14105810 107
9002676 68
8998068 68
14086824 107
9051356 69
8999736 68
14059388 107
9053168 69
9051848 69
14304238 109
9097884 69
9032528 68
14149718 107
9074336 69
9043928 68
14165200 108
9110940 69
9108616 69
14181144 108
9087500 69
8942532 68
14167586 108
9027972 68
9217312 70
15523732 118
9002996 68
8974300 68
16245936 123
14022946 106
8949952 68
8981860 68
9025340 68
16177728 123
13426038 102
8952156 68
8972840 68
9060404 69
16453402 125
13579018 103
9022396 68
9005236 68
9020372 68
15722070 119
9006012 68
16428363 125
9118736 69
16258060 124
16267489 124
12631182 96
8933228 68
9068820 69
16363865 124
14417886 109
8949692 68
8970852 68
8959360 68
14159356 108
9017700 68
8970720 68
14304926 109
9105376 69
9267492 70
14235380 108
9036520 68
9000876 68
14211388 108
13431900 102
16528652 126
9905027 75
8916740 68
8980444 68
16301712 124
13293590 101
8939564 68
8970652 68
16280698 124
8959292 68
15440026 117
8957588 68
16328389 124
9152748 69
15565914 118
9018628 68
16316139 124
9085196 69
16443035 125
14784310 112
9853402 75
8967316 68
9018688 68
16229738 123
14047530 107
8997368 68
9064120 69
9030120 68
14154018 107
9060244 69
9225108 70
15553797 118
9006096 68
9104172 69
16639840 126
13177498 100
9161184 69
9135500 69
14204664 108
9069096 69
9122448 69
14329828 109
9080772 69
9278784 70
16341388 124
9044200 69
16465029 125
12056454 91
9095812 69
9210572 70
15577877 118
9021888 68
9211712 70
16581005 126
13751638 104
9116444 69
9223808 70
9126836 69
15578549 118
9139284 69
16587963 126
9303164 70
16448299 125
13462129 102
9149376 69
9035588 68
16636438 126
14516378 110
9250852 70
9187876 70
9212692 70
16618560 126
13599334 103
9243160 70
9190244 70
16595068 126
13114202 100
9179724 70
9225440 70
16689680 127
14164446 108
9285956 70
9231700 70
9213344 70
16517249 126
13351714 101
9341400 71
9455384 72
9282020 70
14331194 109
9220192 70
9255856 70
15728566 119
9162372 69
9149908 69
16382681 124
13550226 103
9204668 70
9230564 70
16595194 126
13382918 102
9118404 69
9235540 70
16513364 125
13226198 100
9220036 70
9138052 69
15604708 119
9177868 70
16458855 125
9121816 69
15616426 119
9199004 70
16451848 125
9123024 69
15715504 119
9190396 70
16498167 125
15162010 115
9201314 70
9205368 70
9154100 69
14463530 110
9214900 70
9326120 71
15704423 119
9157108 69
16499042 125
15185922 115
10017494 76
9445284 72
9344604 71
14319928 109
9182052 70
9107388 69
9263800 70
16513238 125
13331518 101
9068596 69
9086632 69
16392040 125
9194856 70
16354576 124
13242258 101
9175508 70
9121932 69
16415180 125
11659058 88
9293132 70
9328224 71
14357886 109
9253992 70
9224676 70
15735097 120
9198948 70
16531333 126
9147352 69
15678789 119
9174568 69
16556554 126
14768718 112
9175420 70
9267152 70
9185364 70
15766751 120
9202092 70
16594354 126
9274196 70
16599254 126
13218646 100
9166820 69
9206384 70
16489914 125
14083110 107
9381684 71
9179304 70
16526153 126
9198240 70
16570463 126
13918114 106
9344404 71
9297524 70
16684864 127
13663110 104
9278364 70
9199920 70
16442629 125
13910938 106
9212344 70
9209668 70
16467969 125
14076146 107
9209468 70
9173776 69
9391520 71
16547832 126
10105446 77
9083016 69
9114940 69
14311192 109
9173192 69
9201336 70
15684879 119
9225380 70
16388337 125
9297660 70
16693992 127
13973174 106
9146384 69
9189960 70
16548084 126
9320836 71
16529450 126
13243262 101
9073536 69
9119876 69
14315280 109
14818676 113
9055304 69
9244636 70
16615690 126
13604850 103
9157868 69
9218432 70
16722664 127
13777870 105
9209356 70
9164416 69
9149796 69
16486967 125
13388038 102
9113868 69
9186532 70
16371929 124
14374466 109
9169756 69
9251984 70
9149672 69
14212258 108
9151140 69
9124360 69
15737113 120
9325744 71
9317944 71
16512384 125
13227754 100
9245104 70
9376648 71
16509192 125
13440178 102
9161068 69
9199460 70
15900780 121
9199516 70
16528624 126
14820490 113
9421906 71
9238344 70
9207668 70
14402040 109
9230612 70
9254288 70
15779190 120
9234380 70
16634072 126
9217112 70
16673125 127
13887938 105
9153632 69
9196600 70
9287332 70
15864023 121
15407986 117
9421148 71
9368276 71
9365648 71
15992424 122
9385316 71
16711765 127
14631162 111
11638247 88
9220592 70
9240964 70
16737098 127
13200566 100
9512188 72
9332568 71
16537976 126
13904510 106
9242984 70
9302560 70
16333772 124
9292596 70
16584946 126
13845818 105
9388780 71
9319452 71
16607374 126
13063218 99
9187992 70
9281612 70
16594319 126
13424170 102
9166708 69
9267616 70
16690121 127
10283693 78
9365036 71
9576972 73
15816087 120
9259700 70
16528393 126
9143376 69
15756461 120
9263444 70
16580249 126
15151862 115
9781826 74
9405436 71
9317360 71
15840804 120
9323276 71
16717008 127
14945174 114
9738258 74
9428984 71
9420752 71
15937845 121
9460784 72
16651810 127
14134126 107
9299244 70
9413700 71
16547041 126
14870218 113
9656633 73
9395328 71
9350564 71
15757315 120
9309472 71
16489746 125
9215952 70
16591211 126
13711022 104
9379708 71
9400560 71
14395208 109
9234208 70
9245476 70
15925903 121
9292200 70
16643193 126
13912530 106
9341012 71
9366416 71
16099895 122
9418820 71
16452478 125
9134596 69
16576007 126
13726554 104
9313584 71
9374440 71
16228415 123
15068542 114
9315344 71
9294584 70
9373812 71
15775991 120
9203276 70
16803997 128
15360098 117
9675012 73
9449068 72
9394228 71
15972341 121
9457304 72
16757524 127
13703846 104
9367596 71
9390320 71
16075444 122
9493396 72
16660434 127
14684052 112
13130298 100
9410188 71
9497168 72
14723636 112
9428864 71
9313552 71
15987685 121
9380808 71
16582034 126
13721094 104
9261196 70
9471736 72
16726381 127
13194238 100
9495548 72
9342032 71
16590315 126
9366952 71
16698388 127
10632760 81
9283392 70
9193520 70
16793637 128
13301518 101
9286824 70
9504892 72
16642395 126
13250030 101
9307424 71
9314660 71
16771643 127
13197779 100
9155696 69
9159460 69
14347158 109
9344120 71
9529504 72
16009063 122
15227573 116
9921606 75
9401244 71
9394664 71
15744785 120
9302548 70
16638860 126
14435654 110
9311368 71
9367264 71
9472092 72
15849883 120
9311696 71
16849581 128
12138114 92
9183160 70
9155956 69
14335406 109
9203632 70
9221872 70
14433516 110
9229628 70
9234640 70
15638007 119
9112564 69
9194956 70
16560838 126
14056735 107
9258204 70
9278992 70
16587200 126
9187976 70
16442685 125
13853538 105
9178228 70
9177144 70
16589496 126
9284008 70
16710127 127
13542798 103
9081116 69
9238828 70
16462271 125
13227506 100
9105952 69
9203364 70
16638951 126
13615242 103
9212696 70
9301724 70
16587459 126
12874422 98
9298856 70
9404732 71
16645853 126
13129062 100
9292208 70
9243028 70
15861797 121
