3244 50
3150 49
3091 48
3174 49
3115 48
3080 48
3045 47
3128 48
3314 51
3266 51
3220 50
3279 51
3045 47
3408 53
3616 56
3080 48
3242 50
3209 50
3185 49
3266 51
3069 47
3209 50
3231 50
3196 49
3255 50
3045 47
3115 48
3102 48
3126 48
3255 50
3150 49
3150 49
3290 51
3150 49
2975 46
3045 47
2964 46
3244 50
3255 50
3161 49
3268 51
3010 47
3091 48
3220 50
3220 50
3244 50
3069 47
3268 51
3244 50
3174 49
3360 52
2940 45
3150 49
3443 53
3045 47
3115 48
3349 52
3233 50
3815 59
3163 49
3034 47
3371 52
3139 49
3056 47
3231 50
3207 50
3266 51
3255 50
3115 48
3511 54
3220 50
3231 50
3231 50
3268 51
3244 50
3056 47
3303 51
3091 48
3139 49
3209 50
3266 51
3163 49
3360 52
3255 50
3091 48
3209 50
3874 60
3174 49
3207 50
3255 50
3710 57
3301 51
3104 48
3242 50
3150 49
3126 48
3196 49
3476 54
3163 49
3198 49
3128 48
3137 49
3163 49
3104 48
3163 49
3139 49
3209 50
3535 55
3231 50
3080 48
3163 49
3080 48
3233 50
3185 49
3489 54
3174 49
3056 47
3244 50
3312 51
3349 52
3209 50
3454 53
3382 52
3185 49
3185 49
3382 52
3266 51
3034 47
3174 49
3045 47
3487 54
3430 53
3196 49
3255 50
3196 49
3137 49
3279 51
3207 50
3583 55
3045 47
3150 49
3115 48
3174 49
3408 53
3185 49
3266 51
3209 50
3185 49
3266 51
3231 50
3161 49
3220 50
3220 50
3314 51
3150 49
3395 53
3172 49
3056 47
3255 50
3220 50
3290 51
3056 47
3045 47
3034 47
3161 49
3034 47
3244 50
3360 52
3080 48
3163 49
3196 49
3115 48
3104 48
3231 50
3325 51
3220 50
3220 50
3209 50
3174 49
3242 50
3430 53
3255 50
3115 48
3056 47
3056 47
3093 48
3325 51
3069 47
3279 51
3185 49
3196 49
3045 47
3150 49
3163 49
3196 49
3338 52
3207 50
3056 47
3163 49
3185 49
3067 47
3139 49
3034 47
3023 47
3174 49
3220 50
3115 48
3091 48
3102 48
3277 51
3244 50
3244 50
3056 47
3185 49
3207 50
2988 46
3034 47
3209 50
3524 55
3255 50
3242 50
3242 50
3185 49
3102 48
3137 49
3207 50
3279 51
3266 51
3196 49
3045 47
3220 50
3290 51
3373 52
3058 47
3242 50
3093 48
3021 47
3465 54
3233 50
3244 50
3045 47
3244 50
3161 49
3231 50
3115 48
3231 50
3163 49
3056 47
3301 51
3115 48
3058 47
3137 49
3185 49
3209 50
3161 49
3067 47
3268 51
3045 47
3174 49
3185 49
3233 50
3312 51
3150 49
3244 50
3255 50
2940 45
3174 49
3244 50
3196 49
3172 49
3032 47
3185 49
3115 48
3080 48
3093 48
3045 47
3091 48
3266 51
3045 47
3161 49
3244 50
3290 51
3231 50
3150 49
3172 49
3163 49
3104 48
3139 49
3150 49
3150 49
3163 49
3137 49
3102 48
3161 49
3080 48
3137 49
3161 49
3382 52
3058 47
3452 53
3500 54
3139 49
3091 48
3080 48
3220 50
3185 49
3137 49
3163 49
3115 48
3198 49
3885 60
3266 51
3231 50
3231 50
3058 47
3172 49
3244 50
3489 54
3209 50
3104 48
3185 49
3185 49
3231 50
3128 48
3395 53
3220 50
3769 58
3198 49
3093 48
3478 54
3277 51
3384 52
3535 55
3395 53
3255 50
3244 50
3349 52
3465 54
3163 49
3268 51
3010 47
3093 48
3373 52
3406 53
3242 50
3093 48
3196 49
3209 50
3161 49
2986 46
3220 50
3255 50
3244 50
3185 49
3465 54
3104 48
2953 46
3174 49
3688 57
2951 46
3465 54
3268 51
3209 50
3290 51
3279 51
3115 48
3161 49
3045 47
3209 50
3093 48
3209 50
3793 59
3301 51
3616 56
3207 50
3220 50
3209 50
3594 56
3172 49
3220 50
3338 52
3172 49
3290 51
3137 49
3115 48
3255 50
3209 50
3091 48
3196 49
2986 46
3336 52
3115 48
3209 50
3244 50
3220 50
3268 51
2975 46
3255 50
3325 51
3126 48
3185 49
3174 49
3115 48
3220 50
3174 49
3080 48
3185 49
3231 50
3034 47
3128 48
3570 55
1072 16
1116 17
3231 50
3244 50
3128 48
3115 48
3163 49
3244 50
3032 47
3080 48
3137 49
3314 51
3150 49
3104 48
3056 47
3045 47
3220 50
3185 49
3139 49
3336 52
3314 51
2975 46
3091 48
3139 49
3174 49
3174 49
3139 49
3244 50
3185 49
4073 63
3220 50
3220 50
3021 47
3220 50
3185 49
3233 50
3150 49
3244 50
3058 47
3231 50
3207 50
3231 50
3231 50
3034 47
3174 49
3629 56
3115 48
3161 49
3373 52
3255 50
3231 50
3150 49
3301 51
3185 49
3338 52
3244 50
3231 50
3163 49
3126 48
3163 49
3220 50
4095 63
3080 48
3150 49
3220 50
3045 47
3139 49
2986 46
3233 50
3279 51
3279 51
3185 49
3056 47
3255 50
3465 54
3174 49
3220 50
3069 47
3161 49
3220 50
3058 47
3220 50
3034 47
3209 50
3220 50
3312 51
3233 50
3174 49
3069 47
3231 50
3069 47
3045 47
3174 49
3058 47
3231 50
3174 49
3231 50
3023 47
3115 48
3196 49
3513 54
3174 49
3023 47
3139 49
3231 50
3209 50
3069 47
3266 51
3161 49
3034 47
3312 51
3150 49
3150 49
3128 48
3312 51
3174 49
3231 50
3150 49
3242 50
3371 52
3161 49
3244 50
3244 50
3266 51
3115 48
3174 49
3056 47
3045 47
3487 54
3371 52
3137 49
3161 49
3163 49
3255 50
3174 49
3220 50
3233 50
3290 51
3150 49
3058 47
3314 51
3791 59
3489 54
3277 51
3279 51
3126 48
3231 50
3756 58
3524 55
3045 47
3325 51
3115 48
3102 48
3290 51
3360 52
3244 50
3196 49
3126 48
3767 58
3242 50
3115 48
3069 47
3255 50
3303 51
3839 59
3198 49
3115 48
3524 55
3266 51
3174 49
3056 47
3045 47
3032 47
3104 48
3150 49
3231 50
3032 47
3465 54
3091 48
3172 49
3045 47
3021 47
3115 48
3115 48
2975 46
3430 53
3209 50
3150 49
3559 55
3255 50
3325 51
3115 48
3023 47
3465 54
3231 50
3126 48
3104 48
3080 48
3209 50
3220 50
3034 47
3115 48
3977 62
3371 52
3045 47
3233 50
3126 48
3220 50
3360 52
3723 58
3196 49
3301 51
3791 59
3161 49
3032 47
3091 48
3605 56
3244 50
3058 47
3080 48
3069 47
3325 51
3139 49
3266 51
3034 47
3034 47
3139 49
3163 49
3115 48
3325 51
3196 49
3161 49
2962 46
3441 53
3279 51
3115 48
3137 49
3150 49
3371 52
3244 50
3045 47
3209 50
3209 50
3150 49
3231 50
3500 54
3137 49
3290 51
3255 50
3115 48
3244 50
3185 49
3174 49
3780 59
3220 50
3384 52
3314 51
3185 49
3115 48
3198 49
3161 49
3220 50
3441 53
3371 52
3032 47
3174 49
3115 48
3452 53
3244 50
3067 47
3115 48
3150 49
3314 51
3828 59
3163 49
3115 48
3091 48
3231 50
3209 50
3126 48
3045 47
3220 50
3220 50
3032 47
3115 48
3126 48
3058 47
3174 49
3349 52
3161 49
3207 50
3325 51
3080 48
3196 49
3220 50
3115 48
3150 49
3104 48
3139 49
3172 49
3231 50
3091 48
3651 57
3220 50
3056 47
3056 47
3535 55
3172 49
3452 53
3185 49
3419 53
3220 50
3266 51
3196 49
3150 49
3174 49
3441 53
3185 49
3373 52
3091 48
3139 49
3056 47
3653 57
3220 50
3489 54
3233 50
3150 49
3045 47
3150 49
3277 51
3150 49
3128 48
3185 49
3209 50
3209 50
3150 49
3220 50
3045 47
3150 49
3314 51
3255 50
3104 48
3161 49
3209 50
3303 51
3115 48
3021 47
3209 50
3874 60
3664 57
1068 16
3034 47
1040 16
3209 50
3174 49
3231 50
3115 48
3150 49
3139 49
3069 47
3034 47
3290 51
3056 47
3395 53
3045 47
3174 49
3056 47
3314 51
3336 52
3196 49
3207 50
3172 49
3255 50
3279 51
3756 58
2986 46
3478 54
3104 48
3161 49
3172 49
3268 51
3172 49
3172 49
3032 47
3233 50
3139 49
3290 51
3163 49
3056 47
3034 47
3231 50
3080 48
3150 49
3349 52
3126 48
3115 48
3476 54
3465 54
3174 49
3161 49
3056 47
3209 50
3255 50
3196 49
3220 50
3126 48
3325 51
3209 50
3150 49
3524 55
3452 53
3032 47
3220 50
3045 47
3231 50
3244 50
3163 49
3150 49
3255 50
3058 47
3290 51
3032 47
3150 49
3069 47
3115 48
3454 53
3231 50
3045 47
3220 50
3185 49
3172 49
3126 48
3244 50
3174 49
3080 48
3080 48
3233 50
3045 47
3220 50
3126 48
3174 49
3336 52
3102 48
3231 50
3161 49
3091 48
3255 50
3102 48
3244 50
3034 47
3150 49
3174 49
3196 49
3336 52
3697 57
3220 50
3126 48
3163 49
3244 50
3489 54
3220 50
3126 48
3034 47
3266 51
3137 49
3266 51
3244 50
3209 50
3091 48
3139 49
2964 46
3093 48
3126 48
3290 51
3290 51
1040 16
3347 52
3231 50
3034 47
3244 50
3045 47
2975 46
3185 49
3126 48
3277 51
3034 47
3115 48
2975 46
3093 48
3174 49
3139 49
3161 49
3032 47
3312 51
3058 47
3139 49
3045 47
3139 49
3231 50
3220 50
3196 49
3104 48
3242 50
3454 53
3196 49
3115 48
3220 50
3150 49
3034 47
3150 49
2988 46
3489 54
3034 47
3220 50
3174 49
3115 48
3174 49
3150 49
3128 48
2940 45
3255 50
3104 48
3093 48
3244 50
3067 47
3419 53
3371 52
3277 51
3244 50
3325 51
3150 49
3045 47
3325 51
2927 45
3150 49
3093 48
2975 46
3139 49
3093 48
3242 50
3220 50
3115 48
3150 49
3277 51
3266 51
3056 47
3139 49
3408 53
3301 51
3023 47
3102 48
3618 56
3163 49
3091 48
3172 49
3126 48
3104 48
3220 50
3091 48
3255 50
3233 50
3220 50
3548 55
3115 48
3231 50
3126 48
3115 48
3174 49
3255 50
3115 48
3139 49
3139 49
3266 51
3395 53
3303 51
3290 51
3231 50
3244 50
3045 47
3325 51
3231 50
3102 48
3371 52
3104 48
3255 50
3570 55
3207 50
3161 49
3231 50
