10745 41
10675 41
10548 41
10898 42
10723 41
11036 43
11143 43
10909 42
10885 42
10802 42
10909 42
10734 41
10977 42
10920 42
10920 42
10815 42
10791 42
11036 43
10686 41
10686 41
10815 42
10839 42
10896 42
10535 41
10885 42
10802 42
10826 42
10721 41
10896 42
10885 42
11049 43
10629 41
10942 42
10780 42
10979 42
10872 42
11025 43
10756 42
10629 41
11340 44
11176 43
10828 42
10839 42
10898 42
10885 42
11014 43
10966 42
10885 42
10826 42
10850 42
10874 42
10828 42
10885 42
10898 42
10837 42
10618 41
11200 43
10896 42
11106 43
11364 44
10640 41
10627 41
10557 41
11211 43
10780 42
11025 43
10791 42
10780 42
10710 41
11095 43
10594 41
10745 41
10955 42
10756 42
11187 43
10885 42
10675 41
10710 41
10826 42
10874 42
11108 43
10780 42
11154 43
10686 41
10780 42
10627 41
10767 42
10791 42
141785 553
11143 43
11025 43
10756 42
10662 41
10699 41
10686 41
10780 42
11025 43
10979 42
11224 43
10745 41
10885 42
10780 42
10640 41
11071 43
10627 41
10955 42
10815 42
10850 42
10826 42
10990 42
10837 42
10767 42
10872 42
10605 41
10697 41
10828 42
11119 43
11224 43
11003 42
10745 41
10769 42
10885 42
11119 43
10688 41
11084 43
11106 43
11246 43
10896 42
10804 42
10756 42
11014 43
10791 42
10839 42
10767 42
10826 42
10686 41
10861 42
10734 41
10933 42
10723 41
11001 42
10664 41
10804 42
10662 41
10780 42
10979 42
11036 43
10837 42
10850 42
10662 41
10850 42
10732 41
10885 42
10710 41
11106 43
10686 41
10780 42
10780 42
10651 41
11141 43
10861 42
10710 41
10931 42
11480 44
10839 42
10815 42
10675 41
10839 42
10828 42
10629 41
10640 41
10723 41
10815 42
10699 41
10920 42
11084 43
10686 41
10815 42
10815 42
10990 42
10769 42
10863 42
10804 42
10815 42
10861 42
10885 42
10872 42
10815 42
10721 41
10780 42
10885 42
11012 43
10942 42
10872 42
10640 41
10675 41
10780 42
11364 44
10944 42
11095 43
10721 41
10686 41
10675 41
10815 42
10710 41
10944 42
11469 44
10802 42
10896 42
10780 42
10850 42
11749 45
10699 41
10850 42
10815 42
11491 44
10723 41
10815 42
10686 41
10651 41
10804 42
10826 42
10815 42
10662 41
10920 42
10955 42
11025 43
11316 44
11001 42
11036 43
10756 42
10605 41
10861 42
10885 42
10734 41
10920 42
11095 43
10826 42
10629 41
10780 42
10874 42
10780 42
10885 42
11178 43
10942 42
10898 42
10769 42
11154 43
10837 42
10664 41
11200 43
10780 42
10955 42
10732 41
10907 42
10804 42
10791 42
10767 42
10791 42
10861 42
10618 41
11025 43
10732 41
10839 42
10826 42
10828 42
10872 42
11165 43
10791 42
11001 42
10885 42
10850 42
10756 42
10745 41
10802 42
10920 42
10815 42
10769 42
10850 42
10850 42
10767 42
10721 41
11316 44
10804 42
10874 42
11900 46
11375 44
10874 42
3804 14
3684 14
10675 41
10780 42
10896 42
10885 42
10734 41
10815 42
10627 41
10968 42
10839 42
10686 41
11049 43
10769 42
10990 42
10686 41
10839 42
10885 42
10815 42
10872 42
10664 41
10804 42
10710 41
10769 42
10861 42
10640 41
10815 42
10710 41
10885 42
10710 41
10570 41
10605 41
10780 42
11165 43
10874 42
10990 42
11609 45
10802 42
10920 42
10780 42
10839 42
10802 42
11095 43
10885 42
10780 42
10920 42
11071 43
10734 41
10804 42
10977 42
10605 41
10758 42
10804 42
10802 42
10804 42
10979 42
10920 42
10699 41
10732 41
10688 41
11329 44
10804 42
10966 42
10675 41
10931 42
10955 42
11001 42
10837 42
10968 42
10793 42
10942 42
10872 42
10920 42
10791 42
11071 43
10968 42
10898 42
10839 42
10955 42
10675 41
10675 41
10627 41
11060 43
10944 42
10850 42
11082 43
10850 42
10815 42
11176 43
10896 42
10769 42
11130 43
10920 42
10769 42
10756 42
10616 41
10815 42
10745 41
10804 42
11095 43
10745 41
10710 41
10640 41
10723 41
10861 42
10896 42
10653 41
11117 43
11270 44
11130 43
10874 42
10979 42
10909 42
11305 44
10675 41
10861 42
10745 41
11014 43
10979 42
10734 41
10699 41
10896 42
10933 42
10896 42
11119 43
10944 42
10721 41
10756 42
10745 41
10909 42
10686 41
10885 42
10990 42
11257 43
10839 42
10815 42
11165 43
10872 42
10896 42
10872 42
11084 43
11060 43
10828 42
73734 288
10933 42
10721 41
10767 42
11014 43
10909 42
10570 41
10767 42
10640 41
10605 41
10979 42
10756 42
10699 41
11012 43
11537 45
10850 42
10850 42
10896 42
10780 42
10804 42
10896 42
12659 49
4792 18
3604 14
11036 43
6776 26
10920 42
11001 42
10686 41
10933 42
10780 42
10758 42
11071 43
11082 43
10732 41
10861 42
10909 42
11049 43
11211 43
10629 41
10767 42
10605 41
10616 41
10721 41
10885 42
10863 42
10850 42
10745 41
10758 42
10780 42
10815 42
10804 42
11119 43
10804 42
10664 41
10804 42
10920 42
10699 41
10931 42
10990 42
11130 43
10653 41
10758 42
11246 43
10640 41
10802 42
10861 42
11014 43
10697 41
10662 41
11130 43
10662 41
10966 42
11060 43
10721 41
10732 41
10907 42
10815 42
10605 41
10968 42
10640 41
10675 41
10721 41
10780 42
10675 41
10966 42
10780 42
10688 41
11084 43
10968 42
10745 41
10885 42
10826 42
10583 41
10804 42
10767 42
11108 43
10699 41
10756 42
10804 42
10699 41
10664 41
10721 41
10756 42
10734 41
10721 41
11141 43
10898 42
10966 42
10791 42
10990 42
10896 42
10710 41
10780 42
10675 41
10675 41
10662 41
10850 42
10968 42
10699 41
10931 42
10793 42
10664 41
10769 42
10990 42
10791 42
10872 42
10710 41
11060 43
10990 42
11130 43
10828 42
11224 43
10885 42
10769 42
10791 42
10979 42
10734 41
10815 42
10675 41
10861 42
10979 42
10769 42
10734 41
11143 43
10828 42
10804 42
11283 44
10850 42
11213 43
10640 41
10850 42
10675 41
10815 42
10815 42
11257 43
10745 41
10837 42
10675 41
10559 41
10664 41
10769 42
10802 42
10815 42
10697 41
10745 41
10734 41
10756 42
10662 41
10804 42
11047 43
10732 41
10863 42
10756 42
10640 41
11014 43
10651 41
10861 42
10780 42
10920 42
10815 42
10686 41
10710 41
11012 43
10570 41
11014 43
10699 41
10874 42
10931 42
10769 42
10850 42
10885 42
10723 41
10627 41
10769 42
10793 42
10734 41
10570 41
11106 43
10791 42
10780 42
10780 42
10710 41
10756 42
10791 42
10721 41
10675 41
10745 41
10732 41
10942 42
10767 42
10756 42
14315 55
12928 50
10826 42
11141 43
10651 41
10863 42
10629 41
10885 42
10618 41
11259 43
11211 43
10815 42
10758 42
11143 43
10815 42
10874 42
10990 42
10662 41
10977 42
10769 42
10815 42
11003 42
10850 42
10804 42
10688 41
10990 42
10780 42
10605 41
10723 41
11036 43
11211 43
10675 41
10618 41
10780 42
10861 42
10675 41
10732 41
10839 42
10745 41
10710 41
10874 42
10907 42
10955 42
10872 42
10688 41
10662 41
10863 42
10745 41
11200 43
10966 42
10885 42
10723 41
10815 42
11001 42
10885 42
10874 42
10804 42
10769 42
10618 41
10745 41
10826 42
11340 44
10979 42
11386 44
11049 43
10780 42
11141 43
10804 42
10861 42
10686 41
10581 41
10791 42
10804 42
10758 42
10780 42
10756 42
10769 42
10839 42
11165 43
10863 42
10756 42
10968 42
11200 43
10535 41
10767 42
10861 42
11014 43
10640 41
10756 42
10874 42
11025 43
10828 42
10909 42
10627 41
10920 42
10734 41
10686 41
10686 41
10651 41
10769 42
10616 41
10535 41
10756 42
10710 41
10745 41
10546 41
10944 42
11025 43
10780 42
10651 41
10874 42
10861 42
10769 42
10850 42
11410 44
11117 43
10966 42
10769 42
10640 41
10594 41
10780 42
11014 43
10898 42
10769 42
10966 42
10793 42
10874 42
10745 41
10802 42
10710 41
10780 42
10979 42
10699 41
10804 42
10804 42
11294 44
10909 42
10850 42
10837 42
10745 41
10723 41
10570 41
10756 42
10653 41
10909 42
10699 41
10734 41
11014 43
10699 41
10874 42
10839 42
11353 44
10828 42
10802 42
10697 41
10872 42
10710 41
10745 41
10629 41
10570 41
10699 41
11049 43
10791 42
10815 42
10769 42
10979 42
10592 41
10942 42
10931 42
10570 41
10769 42
10990 42
10629 41
10686 41
11012 43
10686 41
11106 43
11283 44
10640 41
11060 43
10826 42
10942 42
11364 44
10686 41
11388 44
10896 42
11200 43
10804 42
10664 41
11071 43
11620 45
10769 42
11865 46
10942 42
10767 42
10874 42
11060 43
10850 42
11049 43
10802 42
11526 45
10675 41
10896 42
11036 43
10793 42
10791 42
10955 42
11106 43
10793 42
11200 43
10874 42
10721 41
11491 44
10909 42
10802 42
10745 41
11222 43
10872 42
10909 42
11071 43
10990 42
10874 42
10697 41
10662 41
11084 43
10723 41
10791 42
10780 42
10767 42
10664 41
10570 41
11292 44
10710 41
10640 41
10977 42
10885 42
10583 41
11130 43
11200 43
10931 42
10780 42
11259 43
10909 42
10804 42
10815 42
10850 42
10874 42
10966 42
10804 42
11049 43
10885 42
10745 41
11082 43
10828 42
10745 41
10745 41
10791 42
10710 41
10767 42
10769 42
10767 42
10931 42
10675 41
10826 42
10791 42
11130 43
11130 43
10780 42
11071 43
11117 43
11165 43
10942 42
10955 42
10791 42
11119 43
10933 42
11025 43
11176 43
11294 44
10898 42
10791 42
10769 42
10793 42
11025 43
11060 43
10791 42
10966 42
11073 43
10955 42
10664 41
10699 41
10815 42
10804 42
10710 41
10837 42
10874 42
11049 43
10758 42
11141 43
11270 44
10815 42
10839 42
10826 42
10861 42
10804 42
11189 43
10688 41
10697 41
10780 42
11585 45
10839 42
10896 42
10804 42
10769 42
11178 43
10968 42
10804 42
10990 42
11117 43
10826 42
10931 42
10802 42
10990 42
15015 58
10885 42
11235 43
10699 41
10885 42
10944 42
10804 42
10734 41
10780 42
10791 42
10990 42
10732 41
10605 41
10756 42
10804 42
10675 41
10756 42
10675 41
10861 42
10756 42
10815 42
10804 42
11187 43
10909 42
10686 41
10815 42
10745 41
11620 45
10780 42
10721 41
10675 41
10955 42
10898 42
10758 42
