422428 103
376215 91
435599 106
491295 119
389246 95
458640 111
356394 87
403270 98
504899 123
429404 104
353303 86
468626 114
376460 91
333130 81
401426 98
363103 88
368375 89
420000 102
572821 139
650556 158
151936 37
356825 87
370357 90
405847 99
398965 97
354388 86
417318 101
326014 79
422730 103
360045 87
395384 96
404447 98
382445 93
342416 83
393599 96
452515 110
365621 89
328418 80
408393 99
351807 85
374010 91
319095 77
452631 110
361270 88
444126 108
345857 84
350875 85
355250 86
396736 96
448501 109
616304 150
361178 88
360419 87
355099 86
330050 80
423721 103
416618 101
320226 78
395524 96
391742 95
435225 106
324719 79
480165 117
384324 93
437045 106
365562 89
425016 103
351658 85
319876 78
369729 90
397495 97
414072 101
313484 76
355764 86
330015 80
413221 100
464485 113
435831 106
376156 91
436205 106
356987 87
436986 106
328591 80
465093 113
452399 110
454895 111
442306 107
434735 106
436986 106
334250 81
351260 85
435295 106
331649 80
390261 95
443625 108
439296 107
389176 95
480152 117
481799 117
378280 92
451034 110
445025 108
322490 78
344050 83
369530 90
456667 111
402524 98
474401 115
555065 135
379634 92
346874 84
379028 92
478881 116
352240 85
389283 95
368970 90
435411 106
335499 81
396084 96
356219 86
412628 100
474858 115
337225 82
483070 117
333572 81
384416 93
346174 84
433359 105
375784 91
385770 94
361539 88
395966 96
366124 89
423010 103
340084 83
403981 98
377976 92
433871 105
466025 113
320517 78
451758 110
388920 94
423767 103
364794 89
378151 92
333819 81
320274 78
386586 94
375679 91
416279 101
400658 97
345638 84
418355 102
391254 95
410795 100
408986 99
425659 103
369156 90
472010 115
363125 88
357897 87
359835 87
576625 140
323131 78
432821 105
418659 102
483350 118
421973 103
437220 106
415975 101
497525 121
438655 107
475650 116
464603 113
443275 108
457636 111
442120 107
477120 116
406337 99
415192 101
358610 87
354539 86
384838 93
376215 91
417270 101
443986 108
314744 76
487060 118
343105 83
491914 120
372142 90
420980 102
359881 87
330133 80
408975 99
431213 105
462000 112
616584 150
451430 110
400378 97
370825 90
400144 97
431515 105
435109 106
368329 89
337061 82
426217 104
342219 83
436043 106
427956 104
328709 80
428225 104
441431 107
474097 115
396701 96
428693 104
411589 100
400750 97
359008 87
350374 85
403456 98
541192 132
375106 91
400772 97
428551 104
403141 98
332325 81
499240 121
379855 92
370418 90
420409 102
341985 83
384569 93
640745 156
451885 110
343315 83
388441 94
414912 101
434934 106
454359 110
613353 149
352614 86
411134 100
345975 84
443358 108
401905 98
400540 97
455759 111
432274 105
419838 102
327565 79
418145 102
348484 85
369132 90
365365 89
474845 115
387601 94
472581 115
371490 90
385046 94
391709 95
449365 109
448267 109
415999 101
409804 100
372785 91
407971 99
479686 117
342790 83
439659 107
430371 105
444500 108
360325 87
456459 111
359520 87
459283 112
421214 102
389992 95
451710 110
324822 79
409675 100
442155 107
402931 98
428494 104
365551 89
410701 100
383250 93
465686 113
358330 87
341880 83
470354 114
454895 111
423885 103
379610 92
379260 92
439320 107
395395 96
420444 102
374850 91
466609 113
360325 87
449308 109
326154 79
405895 99
330785 80
321814 78
359706 87
443135 108
365026 89
392024 95
333119 81
430268 105
383309 93
470796 114
463645 113
458325 111
466784 113
455162 111
448175 109
370954 90
327018 79
393050 95
433289 105
566405 138
432390 105
395244 96
449973 109
418961 102
353080 86
408216 99
438434 107
356287 86
413223 100
476245 116
401555 98
421050 102
532595 130
346161 84
409909 100
319854 78
383169 93
346185 84
529911 129
483350 118
373894 91
363497 88
361025 88
446123 108
693888 169
361117 88
361561 88
358109 87
403959 98
356173 86
403434 98
355716 86
426801 104
357024 87
434980 106
407260 99
448070 109
447418 109
424712 103
305095 74
460368 112
410725 100
449796 109
370814 90
464122 113
454031 110
349917 85
356965 87
448105 109
418600 102
328346 80
330037 80
321009 78
418123 102
379107 92
426744 104
606038 147
442656 108
328429 80
366437 89
335346 81
442249 107
461650 112
340701 83
371501 90
410911 100
331813 81
415743 101
349744 85
354421 86
397963 97
459981 112
419906 102
372540 90
357046 87
353546 86
348834 85
442868 108
374056 91
443345 108
465312 113
705180 172
394113 96
458371 111
450754 110
404064 98
419521 102
378654 92
462781 112
319283 77
345660 84
322934 78
390204 95
425519 103
380999 93
413678 100
411320 100
461313 112
468871 114
502320 122
362204 88
412814 100
456050 111
426394 104
424095 103
368992 90
450450 109
387498 94
377709 92
355449 86
441153 107
434770 106
468020 114
408964 99
433346 105
451780 110
402721 98
455396 111
426766 104
400761 97
427245 104
371210 90
482090 117
362775 88
562170 137
401577 98
421785 102
440615 107
381640 93
345356 84
361421 88
412265 100
404613 98
474821 115
347073 84
327600 79
388303 94
441888 107
333292 81
431900 105
357081 87
427549 104
409185 99
466003 113
398580 97
376215 91
336560 82
421831 102
358691 87
389830 95
346850 84
488797 119
342160 83
439228 107
329630 80
470424 114
362088 88
429846 104
409546 99
360373 87
369075 90
420676 102
441256 107
438935 107
424001 103
354633 86
428155 104
473375 115
465802 113
371129 90
366846 89
361353 88
398777 97
356825 87
469164 114
334587 81
355062 86
447987 109
350619 85
405243 98
323645 79
368353 89
447079 109
405066 98
319467 77
426462 104
324636 79
396270 96
328884 80
411578 100
317509 77
447720 109
361399 88
398895 97
338894 82
455304 111
354036 86
430697 105
442995 108
486207 118
406035 99
335604 81
316201 77
320740 78
413385 100
332979 81
363661 88
348904 85
390799 95
339955 82
343490 83
414866 101
318010 77
388196 94
359369 87
400761 97
387905 94
416618 101
424550 103
402478 98
387310 94
455805 111
331054 80
352719 86
375922 91
385630 94
441315 107
393763 96
367382 89
381524 93
388360 94
388500 94
416653 101
346360 84
437150 106
327611 79
369438 90
454906 111
455678 111
340469 83
346769 84
375889 91
367430 89
323260 78
368677 90
395850 96
390611 95
352240 85
366905 89
440930 107
414693 101
368725 90
464159 113
440952 107
374874 91
331041 80
332301 81
426626 104
449004 109
392608 95
410399 100
366332 89
357350 87
362425 88
328066 80
386831 94
364232 88
434234 106
399794 97
463855 113
320250 78
439296 107
334565 81
406118 99
391217 95
377639 92
509576 124
428061 104
447451 109
470901 114
393726 96
419801 102
432904 105
475661 116
344107 84
382703 93
333876 81
394813 96
429065 104
455932 111
340362 83
345240 84
391777 95
357827 87
454184 110
370836 90
329573 80
322466 78
341576 83
324671 79
346756 84
397576 97
414912 101
316925 77
377324 92
323621 79
460379 112
406000 99
439937 107
377615 92
433265 105
465126 113
385910 94
418705 102
408811 99
362180 88
411436 100
431001 105
462958 113
411891 100
396434 96
406199 99
348099 84
410948 100
328462 80
452981 110
368924 90
448151 109
366100 89
474565 115
435936 106
405416 98
413805 101
431771 105
453530 110
425880 103
323518 78
380859 92
460484 112
455827 111
428890 104
437548 106
351015 85
468790 114
404845 98
471100 115
352332 86
392606 95
363217 88
390729 95
373997 91
419265 102
388500 94
306716 74
342020 83
363591 88
368502 89
356884 87
464614 113
350980 85
412300 100
420851 102
348517 85
411681 100
360034 87
434258 106
415334 101
391510 95
342101 83
404740 98
430697 105
427967 104
368970 90
383764 93
365341 89
319515 78
447416 109
355425 86
460869 112
337866 82
466270 113
369799 90
397646 97
431970 105
444535 108
326491 79
480585 117
372855 91
385245 94
387706 94
443682 108
446309 108
468801 114
452900 110
362099 88
389410 95
347795 84
393225 96
413339 100
612675 149
381839 93
326165 79
401590 98
637582 155
382001 93
330656 80
451185 110
343665 83
428726 104
350420 85
347434 84
439296 107
402780 98
401660 98
707910 172
457649 111
476466 116
372295 90
411169 100
434654 106
323459 78
418716 102
402220 98
323658 79
419044 102
350851 85
394975 96
560608 136
419394 102
383681 93
320027 78
317881 77
405370 98
432261 105
332756 81
434326 106
324999 79
415962 101
344050 83
439915 107
510195 124
328954 80
434921 106
322350 78
422017 103
313694 76
401008 97
372448 90
348121 84
404985 98
373135 91
392700 95
496521 121
360675 88
412569 100
362495 88
382911 93
383040 93
352706 86
389493 95
321149 78
390412 95
432193 105
335860 81
325034 79
369985 90
490934 119
431784 105
352940 86
334053 81
423452 103
404296 98
369342 90
321661 78
401275 97
363464 88
403165 98
547610 133
367430 89
410703 100
347830 84
386667 94
344061 83
393903 96
391497 95
461464 112
379107 92
382375 93
453904 110
368830 90
395745 96
445550 108
375386 91
381559 93
364805 89
441678 107
334075 81
325382 79
422894 103
371934 90
398742 97
370720 90
388697 94
416931 101
335300 81
337680 82
489370 119
439379 107
412871 100
425915 103
423605 103
358422 87
377674 92
360861 88
447335 109
356265 86
353301 86
374093 91
319585 78
345205 84
381056 93
384755 93
397285 96
390145 95
342532 83
444570 108
375994 91
425692 103
537823 131
428785 104
473351 115
357829 87
386820 94
343956 83
333388 81
427011 104
389222 95
482475 117
459038 112
409546 99
421179 102
587418 143
370265 90
348751 85
391453 95
393212 95
408555 99
417410 101
350853 85
461650 112
361817 88
457496 111
431876 105
472360 115
324111 79
337448 82
429649 104
445248 108
391604 95
377685 92
421004 102
412836 100
361281 88
370031 90
425797 103
458301 111
448444 109
410353 100
411670 100
350420 85
339010 82
428203 104
457859 111
470271 114
392514 95
444837 108
336991 82
348110 84
363405 88
351411 85
648362 158
428411 104
421750 102
471030 114
344481 84
363195 88
346758 84
327005 79
394916 96
443183 108
358680 87
448886 109
448396 109
551309 134
471251 115
434757 106
332734 81
440790 107
431784 105
455746 111
585386 142
477645 116
370042 90
483571 118
353745 86
335626 81
493791 120
340375 83
328427 80
353640 86
333038 81
417340 101
424725 103
435225 106
368913 90
394089 96
354703 86
351144 85
394881 96
399011 97
388594 94
386844 94
499752 122
342287 83
485894 118
419989 102
422299 103
361550 88
382038 93
367115 89
360570 88
391208 95
317135 77
487644 119
386483 94
436730 106
351015 85
412661 100
349895 85
439939 107
424900 103
371781 90
353546 86
466493 113
413932 101
334027 81
399326 97
322083 78
348670 85
340550 83
328523 80
376449 91
376123 91
402885 98
483267 117
428562 104
342825 83
466108 113
386540 94
446390 108
392431 95
481062 117
353769 86
409441 99
382399 93
358669 87
307873 75
428166 104
446519 109
452178 110
325979 79
417817 102
409745 100
407212 99
331100 80
382819 93
