24814240 151
15241500 93
17594307 107
15058788 91
15290256 93
16421400 100
15280612 93
15682784 95
17490451 106
15139168 92
15486668 94
15945308 97
16797005 102
15975976 97
17139799 104
15872392 96
16014420 97
16535897 100
16296776 99
15429096 94
15947996 97
16203372 98
17652176 107
15965108 97
18303055 111
15365532 93
15944212 97
18314393 111
15859136 96
15978704 97
16770941 102
15735748 96
15967736 97
16778602 102
15736664 96
15820180 96
18085896 110
15670688 95
15784024 96
16532294 100
15821080 96
15817348 96
17452583 106
15239848 93
15666952 95
16586701 101
15306604 93
15428452 94
17512337 106
15380232 93
15653896 95
17006986 103
15383704 93
15711756 95
16686598 101
15616928 95
15941424 97
17037310 103
15602100 95
15879472 96
16392453 100
15413748 94
15670144 95
18008007 109
15687736 95
15634408 95
16535434 100
15650032 95
15723372 95
16694553 101
15472140 94
15470112 94
18921099 115
15550848 94
18783392 114
17971307 109
15322880 93
16122212 98
15743916 96
15646408 95
16766346 102
15685748 95
15807764 96
17880703 109
15758556 96
16901116 103
17212800 105
16193872 98
16032076 97
15917840 97
16131692 98
17777921 108
15660544 95
16306496 99
17791151 108
15704680 95
15683024 95
16795135 102
15361124 93
15489512 94
16621424 101
15581420 95
15831996 96
16525591 100
15437288 94
15674224 95
18076707 110
15629200 95
15900480 97
16621715 101
16010076 97
17016866 103
15896016 97
15871524 96
16657904 101
15588572 95
15765808 96
18251905 111
15813804 96
16268604 99
15891340 96
16487744 100
16351052 99
16546299 100
16106284 98
16062188 98
16938537 103
15954900 97
16088884 98
17048274 104
16225904 99
16163124 98
17733565 108
15958436 97
16025076 97
16699428 101
15688120 95
15743488 96
16735547 102
15587956 95
16515196 100
16502838 100
15277160 93
15363504 93
16886473 103
15826848 96
15958380 97
17251496 105
15792200 96
15441024 94
15471368 94
16197504 98
15838788 96
15583048 95
16402455 100
15651424 95
15867408 96
16593792 101
15845840 96
17086419 104
15652456 95
15956656 97
16659040 101
15892156 96
15987104 97
16649047 101
15683064 95
16396420 100
15943626 97
15344160 93
15445488 94
16627375 101
15405148 94
15329064 93
16622291 101
15417332 94
15513824 94
16221674 99
15235428 92
15321908 93
17677701 107
15588776 95
15756304 96
17609001 107
15738980 96
15421736 94
17242099 105
15491344 94
15455652 94
16486971 100
15747508 96
15593008 95
18107181 110
15493168 94
15584264 95
15583392 95
16206030 98
15518056 94
15824688 96
17538631 107
15714152 95
17766315 108
15664708 95
15706764 95
16626298 101
15607116 95
16004476 97
18163983 110
15686444 95
27632008 168
15652112 95
17312117 105
15386656 93
15628068 95
16533616 100
15463204 94
15401488 94
16977474 103
15534700 94
15541652 94
16618927 101
15569732 95
15637680 95
19199492 117
15820280 96
15186324 92
15323064 93
16407462 100
14969584 91
15280244 93
17332241 105
15210912 92
15498952 94
17547235 107
15323440 93
15615956 95
16303063 99
15363864 93
15713468 95
18029335 110
15649412 95
15515704 94
16925045 103
15834516 96
16082104 98
16292032 99
15860904 96
15513580 94
16826262 102
15703320 95
15426408 94
17762890 108
15313628 93
15900436 97
16842779 102
15617184 95
15746004 96
17698763 108
16151896 98
15647784 95
16581584 101
15464236 94
15372696 93
17496439 106
15568776 95
15468316 94
17550041 107
15791864 96
15913340 97
18391977 112
15944064 97
16249020 99
16417606 100
15786364 96
15379368 93
17478667 106
15617320 95
15733444 96
17960295 109
15385524 93
15116376 92
17475767 106
15122016 92
15372348 93
15516972 94
15319712 93
15522720 94
17527775 106
15073928 92
15287844 93
17545429 107
14795732 90
15428532 94
16497198 100
15064412 91
15362152 93
17453011 106
15103280 92
17807804 108
16026602 97
15136996 92
15427524 94
17550743 107
15312980 93
15587144 95
17882099 109
15402520 94
15899860 97
17393179 106
15272456 93
15356196 93
17808217 108
15643856 95
15355076 93
17650809 107
15489808 94
15377780 93
17745092 108
15612412 95
15719564 95
18274575 111
15656768 95
15627856 95
16363539 99
15040392 91
15222416 92
18131131 110
15784974 96
15358344 93
15297904 93
16229941 99
15367552 93
15432796 94
18096981 110
15302256 93
15492264 94
16763564 102
15362252 93
15317928 93
15417992 94
15633680 95
16461067 100
15277692 93
15369040 93
15299936 93
15588700 95
15738676 96
15713582 95
15438820 94
15384208 93
16538820 100
15476840 94
15389324 93
16304472 99
15336752 93
15504100 94
17371615 106
15272776 93
15504088 94
17858871 109
15283468 93
15559260 94
15701928 95
15579912 95
15657088 95
16410400 100
15921632 97
15344428 93
17587416 107
15239352 93
15535800 94
15851710 96
15116640 92
15288080 93
16617981 101
15362584 93
15625720 95
16928290 103
15251708 93
15450052 94
16338803 99
15375360 93
15387996 93
17508115 106
15301440 93
15156460 92
16363533 99
15099068 92
15000556 91
17703021 108
15144500 92
15173364 92
16213240 98
15161152 92
15159064 92
16273395 99
15530148 94
15621824 95
17767507 108
15467140 94
15421568 94
17837547 108
15491644 94
15890828 96
18044509 110
15274624 93
15722140 95
15813836 96
15806544 96
15737260 96
16656702 101
15443048 94
15530440 94
17644759 107
15418760 94
15319624 93
17258905 105
15338708 93
15295416 93
16993287 103
15089608 92
15238208 93
16537328 100
14999592 91
15058948 91
17335449 105
15378820 93
15254200 93
15787583 96
15186620 92
15137492 92
16655516 101
15486080 94
16184820 98
18142699 110
15279384 93
15474172 94
16184494 98
15358552 93
15301184 93
16567607 101
15210216 92
15386072 93
16462913 100
15471420 94
15772680 96
17713283 108
15502928 94
16008412 97
17863969 109
15379992 93
16367897 99
15395184 93
15854616 96
18152035 110
15372504 93
15692732 95
16602076 101
15786288 96
15657568 95
18794223 114
15495312 94
17350759 105
15223724 92
15697640 95
17879285 109
15065092 91
15628068 95
15218684 92
15466424 94
17396763 106
15181676 92
15840832 96
16598458 101
15586904 95
15621336 95
18020901 109
15497124 94
15789448 96
17604061 107
15476192 94
15619856 95
16588844 101
15718640 95
15850180 96
16889037 103
15587128 95
15636760 95
16546819 100
15672648 95
15986636 97
18068049 110
15914960 97
15905684 97
16743349 102
15786820 96
16225288 99
16851564 102
15416988 94
15345180 93
17406300 106
15793208 96
15770149 96
15703612 95
15650328 95
16462711 100
15524664 94
15635168 95
17530125 106
15425160 94
15625116 95
17911175 109
15516708 94
15620092 95
17951803 109
15626968 95
15666468 95
17694877 108
16548992 101
15950788 97
17964846 109
15899076 97
28374232 173
15991364 97
17947527 109
15577476 95
15936596 97
16478311 100
15581208 95
15410520 94
17446841 106
15591936 95
15261084 93
17417945 106
15330736 93
15361620 93
16244139 99
15188940 92
15692892 95
17553951 107
15580924 95
15685164 95
16490163 100
15599840 95
15739944 96
16812571 102
15750556 96
15643988 95
16807865 102
15502528 94
15347832 93
17588087 107
15210004 92
15371356 93
16461311 100
15081860 92
15291348 93
16290268 99
16387408 100
15527404 94
16503551 100
15160888 92
15394412 93
17375186 106
15134860 92
15485516 94
17013365 103
15207984 92
15440792 94
16531862 100
15660444 95
15902460 97
18255302 111
15659160 95
15591512 95
16169794 98
15537664 94
15417640 94
16607542 101
15353424 93
15461940 94
16440772 100
15228780 92
16354876 99
17777267 108
15860624 96
15036776 91
17333877 105
15139520 92
15473896 94
16191357 98
15139804 92
15480596 94
17600951 107
15105696 92
15353656 93
17588135 107
15283856 93
15661916 95
17885737 109
15446480 94
15690056 95
16422835 100
15521968 94
15707404 95
18053815 110
15133132 92
15144092 92
17839498 108
15412428 94
16015324 97
15871300 96
15991372 97
15989226 97
15766396 96
15714852 95
16884497 103
15393096 93
15491756 94
17468891 106
15720808 95
15492236 94
16483229 100
15122312 92
15502748 94
16237735 99
15360384 93
15616176 95
16679804 101
15882036 96
15701180 95
17824577 108
15598220 95
16018552 97
16764314 102
15434264 94
15577876 95
16510912 100
15752512 96
15638136 95
16610912 101
15428216 94
15633832 95
17758969 108
15124468 92
15486320 94
15964363 97
15592692 95
15714304 95
15684476 95
15606580 95
16704969 101
16407975 100
15601172 95
15712964 95
17571957 107
15729116 96
15727268 95
17771671 108
15462824 94
15690444 95
16653868 101
15192200 92
15283320 93
15338340 93
15095268 92
15450372 94
17668743 107
15556424 94
15632640 95
17348361 105
15460952 94
15575412 95
16666030 101
15858480 96
15553768 94
18312241 111
15742892 96
15690184 95
17025140 103
15504640 94
15649148 95
18028837 110
15680884 95
15872036 96
16863987 102
15920468 97
16209000 98
17150580 104
16067412 98
16112932 98
16746802 102
15982432 97
15605684 95
17642591 107
15539844 94
15791332 96
16333546 99
15548028 94
15702092 95
16638436 101
15756564 96
15679056 95
17510411 106
15232284 92
15501204 94
15615132 95
15206640 92
15582336 95
18042515 110
25065156 152
15658112 95
15759056 96
16810492 102
15454784 94
15623744 95
17843065 108
15669960 95
15851848 96
18185895 110
15601600 95
16004964 97
17151953 104
15999820 97
15914708 97
16865114 102
15981532 97
15868544 96
16522874 100
15980704 97
15971076 97
16594429 101
15842496 96
15755624 96
17660847 107
15270180 93
15470604 94
16822085 102
15158284 92
15396376 93
17600040 107
15671608 95
15308092 93
16382615 99
15184352 92
16300124 99
17626831 107
15238000 93
15645332 95
17906645 109
15354644 93
15566860 95
16596250 101
14865052 90
15408080 94
17398415 106
15107788 92
15271892 93
16425653 100
15224092 92
15698064 95
17881269 109
15379816 93
15678908 95
16817678 102
15864048 96
16313224 99
17871369 109
15812220 96
15617856 95
16507223 100
15437720 94
15537068 94
16426537 100
15693588 95
15401264 94
16819198 102
15457516 94
15577192 95
16542245 100
15435268 94
15449792 94
16270659 99
15339636 93
15071924 91
16078347 98
14975176 91
15056704 91
16056106 97
15182688 92
15274772 93
16168159 98
15057584 91
15290852 93
16543985 100
15350460 93
15821508 96
17852451 108
15638480 95
15998348 97
17891293 109
16191264 98
16320148 99
16661841 101
16003516 97
15690204 95
16604830 101
15896072 97
15904488 97
16258551 99
15587960 95
15740996 96
18142903 110
15714812 95
16536338 100
15944012 97
15858896 96
16688206 101
15912196 97
15906152 97
16852509 102
16194536 98
17008255 103
15974024 97
16040228 97
16701673 101
16209352 98
16112764 98
16652007 101
16280096 99
16494716 100
17150161 104
16032252 97
15746496 96
16716924 102
16826536 102
15713412 95
16779576 102
15567452 95
15645136 95
16593970 101
16034424 97
15988992 97
16801482 102
15905784 97
16435472 100
17961443 109
15725108 95
15718112 95
16620136 101
15685476 95
15911592 97
18284963 111
15598340 95
16034564 97
18550367 113
16100288 98
16116912 98
18183041 110
16212684 98
15811272 96
16431346 100
15673832 95
15840348 96
18126553 110
15615480 95
15793852 96
16477327 100
15932920 97
16052028 97
16773897 102
16181116 98
16516557 100
15600180 95
15817836 96
16247412 99
15506144 94
15836388 96
17614227 107
15158484 92
15735236 96
18113193 110
15502136 94
15831208 96
17839797 108
15859344 96
15824492 96
16202874 98
15747744 96
15778536 96
16466426 100
16051228 97
15901592 97
16666876 101
15711312 95
16781196 102
18050091 110
15980100 97
16141048 98
17910953 109
16019120 97
16134336 98
18333727 111
15861440 96
15995072 97
16763078 102
15486916 94
16046048 97
17056790 104
15801424 96
15943532 97
16573261 101
15547828 94
15921476 97
17871671 109
16055684 97
16360124 99
18134777 110
15614972 95
15678040 95
16702732 101
15833162 96
15664636 95
15635936 95
16332602 99
15568936 95
15729648 96
17741305 108
15683580 95
15785232 96
17436397 106
15699924 95
16567264 101
16643095 101
15479260 94
15835468 96
18376533 112
15753200 96
16129548 98
17189259 104
15840392 96
15880640 96
17701251 108
15607532 95
15791344 96
16509571 100
15416952 94
15577572 95
18046937 110
15466796 94
15553068 94
17486305 106
15591372 95
15489732 94
16370205 99
16068284 98
15860360 96
18164885 110
16003688 97
16246792 99
18285905 111
16318196 99
15978152 97
18231845 111
15852348 96
15685324 95
18093387 110
15290924 93
15666528 95
17590671 107
15800996 96
15719736 95
16355903 99
15418308 94
15741048 96
17868293 109
15553056 94
15891984 96
17759655 108
15733912 96
15861916 96
16811459 102
15931956 97
16070148 98
17573523 107
16035604 97
17569968 107
16457325 100
15868748 96
15812036 96
16076944 98
15588684 95
15976200 97
16398649 100
16080308 98
16499127 100
15725048 95
15893440 97
17988703 109
15595320 95
