49630 64
49490 64
49374 64
49514 64
49584 64
49606 64
49549 64
49746 64
49503 64
49350 64
49606 64
49396 64
49374 64
49409 64
49888 64
49455 64
49477 64
49630 64
49431 64
49582 64
49455 64
49549 64
49514 64
49560 64
49501 64
49477 64
49538 64
49444 64
49525 64
49630 64
49455 64
49501 64
49501 64
49606 64
49501 64
49468 64
49689 64
49477 64
49619 64
49455 64
49525 64
49479 64
49549 64
49431 64
49420 64
49433 64
49560 64
49374 64
49468 64
49501 64
49490 64
49560 64
49431 64
49385 64
49455 64
49641 64
49617 64
49689 64
49433 64
49582 64
49571 64
49479 64
49770 64
49232 64
49538 64
49442 64
49409 64
49641 64
49455 64
49455 64
49573 64
49665 64
49595 64
49794 64
49525 64
49490 64
49442 64
49420 64
49409 64
49617 64
49538 64
49713 64
49525 64
49573 64
110309 143
49630 64
49652 64
49606 64
49643 64
49420 64
49468 64
49724 64
49455 64
49654 64
49490 64
49689 64
49442 64
49654 64
49363 64
49490 64
49514 64
49455 64
49549 64
49584 64
49466 64
49490 64
49396 64
49538 64
49829 64
49455 64
49676 64
49407 64
49501 64
49536 64
49372 64
49608 64
49431 64
49687 64
49361 64
49455 64
49477 64
49350 64
49525 64
49654 64
49350 64
49582 64
49713 64
49584 64
49525 64
49420 64
49584 64
49700 64
49829 64
49466 64
49514 64
49479 64
49584 64
49875 64
49468 64
49409 64
49514 64
49547 64
49291 64
49315 64
49713 64
49455 64
49442 64
49444 64
49442 64
49455 64
49466 64
49442 64
49525 64
49864 64
49442 64
49501 64
49829 64
49396 64
49735 64
49608 64
54180 70
49444 64
49829 64
49619 64
49700 64
49479 64
49514 64
49549 64
49608 64
49584 64
49304 64
49560 64
49455 64
49512 64
49711 64
49326 64
49525 64
49420 64
49525 64
49468 64
49466 64
49477 64
49665 64
49886 64
49490 64
49536 64
49479 64
49479 64
49560 64
49560 64
49573 64
49665 64
49654 64
49560 64
49652 64
49536 64
49385 64
49409 64
49339 64
49431 64
49501 64
49757 64
49409 64
49630 64
49503 64
49606 64
49630 64
49536 64
49595 64
49643 64
49466 64
49619 64
49608 64
49396 64
49595 64
49431 64
49676 64
49455 64
49584 64
49619 64
49468 64
49665 64
49525 64
49676 64
49514 64
49536 64
49608 64
49433 64
49455 64
49525 64
49630 64
49549 64
49748 64
49888 64
49525 64
49339 64
49479 64
49711 64
49361 64
49735 64
49687 64
49361 64
49420 64
49466 64
49372 64
49608 64
49536 64
49512 64
49350 64
49444 64
49711 64
49455 64
49361 64
49536 64
49396 64
49678 64
49501 64
49477 64
49630 64
49549 64
49442 64
49619 64
49617 64
49549 64
49477 64
49538 64
49444 64
49409 64
49783 64
49420 64
49571 64
49536 64
49619 64
49735 64
49538 64
49584 64
49372 64
49595 64
49374 64
49420 64
49396 64
49643 64
49711 64
49444 64
49536 64
49549 64
49444 64
49409 64
49525 64
49525 64
49361 64
49409 64
49630 64
49547 64
49409 64
49361 64
49374 64
49466 64
49477 64
49560 64
49350 64
49503 64
49468 64
49606 64
49326 64
49619 64
49420 64
49409 64
49514 64
49466 64
49501 64
49431 64
49560 64
49444 64
49560 64
49431 64
49584 64
49490 64
49420 64
49538 64
49619 64
49571 64
49571 64
49560 64
49652 64
49560 64
49514 64
49490 64
49431 64
49444 64
49643 64
49374 64
49291 64
49302 64
49547 64
49420 64
49595 64
49444 64
49350 64
49328 64
51426 66
49595 64
50575 65
49374 64
49512 64
49525 64
49711 64
53690 69
49501 64
49444 64
49536 64
49490 64
49547 64
49490 64
49547 64
49293 64
49409 64
49455 64
49687 64
49643 64
49573 64
49770 64
49501 64
49361 64
49512 64
49781 64
49431 64
49652 64
49396 64
49560 64
49350 64
49396 64
49479 64
49525 64
49433 64
49433 64
49490 64
49490 64
49350 64
49350 64
49536 64
49608 64
49490 64
49549 64
49490 64
49840 64
49420 64
49547 64
49560 64
49326 64
49433 64
49630 64
49304 64
49477 64
49514 64
49396 64
49595 64
49468 64
49479 64
49512 64
49396 64
49746 64
49525 64
49431 64
49431 64
49431 64
49490 64
49442 64
49606 64
143745 187
49560 64
49514 64
49245 64
49525 64
49409 64
49595 64
49374 64
49514 64
49514 64
49431 64
49571 64
49455 64
49676 64
49864 64
49689 64
49665 64
49536 64
49560 64
49700 64
49560 64
49549 64
49630 64
49547 64
49676 64
49536 64
49829 64
49571 64
49571 64
49396 64
49420 64
49490 64
49385 64
49420 64
49514 64
49875 64
49490 64
49514 64
49433 64
49372 64
49385 64
49466 64
49560 64
49630 64
50179 65
49479 64
49466 64
49304 64
49514 64
49536 64
49433 64
49431 64
49584 64
49409 64
49512 64
49477 64
49455 64
49676 64
49571 64
49361 64
49444 64
49372 64
49372 64
49433 64
49538 64
49442 64
49293 64
49396 64
49420 64
49584 64
49396 64
49735 64
49490 64
49560 64
49503 64
49525 64
49687 64
49409 64
49643 64
49748 64
49315 64
49385 64
49560 64
49665 64
49549 64
49643 64
49687 64
49525 64
49315 64
49560 64
49466 64
49444 64
49571 64
49269 64
49748 64
49409 64
49619 64
49582 64
49431 64
49573 64
49514 64
49466 64
49477 64
49479 64
49503 64
49678 64
49792 64
49442 64
49514 64
49584 64
49468 64
49455 64
49630 64
49490 64
49466 64
49477 64
49525 64
49490 64
49547 64
49560 64
49759 64
49573 64
49431 64
49396 64
49525 64
49514 64
49512 64
49665 64
49442 64
49350 64
49164 64
49549 64
49315 64
49431 64
49455 64
49396 64
49444 64
49619 64
49630 64
49571 64
49676 64
49829 64
49372 64
49479 64
49501 64
49536 64
49654 64
49503 64
49409 64
49361 64
49455 64
49549 64
49501 64
49466 64
49444 64
49468 64
49525 64
49525 64
49444 64
49431 64
49560 64
49748 64
49420 64
49433 64
49420 64
49466 64
49536 64
49689 64
49361 64
49372 64
49606 64
49490 64
49549 64
49466 64
49571 64
49840 64
49525 64
49514 64
49595 64
49560 64
49466 64
49490 64
49735 64
49595 64
49619 64
49444 64
49606 64
49501 64
49479 64
49466 64
49525 64
49444 64
49665 64
49547 64
49477 64
49805 64
49514 64
49407 64
49525 64
49525 64
49363 64
49724 64
49525 64
49490 64
49547 64
49455 64
49514 64
49385 64
49571 64
49420 64
49547 64
49420 64
49490 64
49630 64
49501 64
49584 64
49512 64
49361 64
49549 64
111639 145
49560 64
49479 64
49560 64
49630 64
49479 64
49584 64
49512 64
49665 64
49468 64
49584 64
16940 22
16996 22
49514 64
49571 64
49501 64
49479 64
49514 64
49781 64
49490 64
49573 64
49442 64
49363 64
49514 64
49606 64
49722 64
49571 64
49818 64
49700 64
49571 64
49536 64
49501 64
49350 64
49735 64
49536 64
49361 64
49455 64
49549 64
49398 64
49536 64
49665 64
49468 64
49479 64
49536 64
49538 64
49606 64
49608 64
49490 64
49608 64
49501 64
49490 64
49490 64
49571 64
49549 64
49455 64
49477 64
49573 64
49652 64
49455 64
49630 64
49617 64
49582 64
49444 64
49409 64
49477 64
49665 64
49571 64
49337 64
49759 64
49490 64
49503 64
49560 64
49361 64
49490 64
49490 64
49431 64
49560 64
49409 64
49444 64
49595 64
49490 64
49676 64
49468 64
49350 64
49455 64
49455 64
49490 64
49444 64
49617 64
52139 67
49582 64
49304 64
49420 64
49536 64
49652 64
55488 72
49409 64
49840 64
49536 64
49479 64
49584 64
49547 64
49619 64
49641 64
49689 64
49514 64
49560 64
49643 64
49385 64
49409 64
49490 64
49595 64
49396 64
49641 64
49512 64
49711 64
49396 64
49490 64
49372 64
49759 64
49619 64
49560 64
49735 64
49560 64
124285 161
49514 64
49503 64
49630 64
49372 64
49280 64
49748 64
49641 64
49490 64
49700 64
49573 64
49433 64
49536 64
49490 64
49466 64
49514 64
49595 64
49514 64
49641 64
49479 64
49396 64
49571 64
49315 64
49361 64
49654 64
49409 64
49676 64
49444 64
49573 64
49291 64
49608 64
50190 65
49431 64
49571 64
49326 64
49490 64
49619 64
49514 64
49724 64
49606 64
49468 64
49409 64
49654 64
49503 64
49503 64
49431 64
49444 64
49617 64
49619 64
49549 64
49514 64
49560 64
49455 64
49512 64
49606 64
49525 64
49571 64
49326 64
49549 64
49584 64
49608 64
49735 64
49514 64
49536 64
49757 64
49409 64
49363 64
49571 64
49538 64
49676 64
49770 64
49350 64
49700 64
49676 64
49490 64
49431 64
49398 64
49361 64
49420 64
49525 64
49665 64
49444 64
49689 64
49851 64
49409 64
49374 64
49630 64
49477 64
49468 64
49746 64
49490 64
49433 64
49420 64
49853 64
49549 64
49525 64
49501 64
49595 64
49514 64
49538 64
49514 64
49490 64
49431 64
49560 64
49584 64
49245 64
49792 64
49350 64
49630 64
49501 64
49608 64
49372 64
49490 64
49641 64
49525 64
49363 64
51402 66
49573 64
49420 64
49407 64
49538 64
49455 64
49420 64
49407 64
49455 64
49654 64
49571 64
49525 64
49455 64
49595 64
49350 64
49514 64
49538 64
49525 64
49479 64
49350 64
49549 64
49547 64
49339 64
49573 64
49573 64
49479 64
49407 64
49431 64
49455 64
49560 64
49525 64
49455 64
49560 64
49291 64
49608 64
49746 64
49525 64
49582 64
49713 64
49652 64
49652 64
49479 64
49337 64
49431 64
49514 64
51264 66
49547 64
49512 64
49525 64
49606 64
49993 65
49455 64
49538 64
49549 64
49584 64
49455 64
49503 64
49350 64
49466 64
49641 64
49921 65
49571 64
49501 64
49584 64
49490 64
49608 64
49654 64
49525 64
49595 64
49547 64
49407 64
49514 64
49676 64
49654 64
49549 64
49525 64
49466 64
49676 64
49479 64
49490 64
49584 64
49560 64
49433 64
49455 64
49479 64
49536 64
49468 64
49560 64
49372 64
49536 64
49536 64
49689 64
49328 64
49805 64
49711 64
49678 64
49512 64
49409 64
49315 64
49396 64
49479 64
49420 64
49466 64
49280 64
49549 64
49560 64
49293 64
49689 64
49536 64
49665 64
49455 64
49641 64
49643 64
49595 64
49256 64
49654 64
49337 64
49466 64
49560 64
49560 64
49654 64
49608 64
49374 64
49420 64
49339 64
49433 64
49619 64
49442 64
49455 64
49573 64
49525 64
49466 64
