41603168 211
30255728 153
30810704 156
30873648 157
30154468 153
31624964 160
30313868 154
30438812 154
30007112 152
30291976 154
29938988 152
29847092 151
30242344 153
30497008 155
30294216 154
30629944 155
30194880 153
30417972 154
30186908 153
31536260 160
30323732 154
29764904 151
30390768 154
29904156 152
31263412 159
30243848 153
30307372 154
30067784 152
32834504 167
30206524 153
30005144 152
30495212 155
30472396 154
29931812 152
30338428 154
30183924 153
30114052 153
30020980 152
30188212 153
29944948 152
29733248 151
30630216 155
33586684 170
31001000 157
30738580 156
30617644 155
30768120 156
31393316 159
30325572 154
30142364 153
30850252 156
30696120 156
30615228 155
30738492 156
30565708 155
30288780 154
30234048 153
32665728 166
30414324 154
30223088 153
30498232 155
30546928 155
32257044 164
30268972 153
41357860 210
31154456 158
30141908 153
30434864 154
30320236 154
30601244 155
30630116 155
31716176 161
30447484 154
30495360 155
30815772 156
30041684 152
30649508 155
30549564 155
30478620 155
30220368 153
30282088 154
31464744 160
30150772 153
30128780 153
30681064 156
33993540 172
29824064 151
30110960 153
30225768 153
30436780 154
30405632 154
30597092 155
30684104 156
30511628 155
30713588 156
30571952 155
30721136 156
30449364 154
30213788 153
29949764 152
30652904 155
30316832 154
30243504 153
30597724 155
30387980 154
30197232 153
30142512 153
30609844 155
30602016 155
29994656 152
30786092 156
30265524 153
43617312 221
30304696 154
31105832 158
30959708 157
30195832 153
29953576 152
29893412 152
31229772 158
29822404 151
29870848 151
30246700 153
29852288 151
30188168 153
29872336 151
30271956 153
30468352 154
33709884 171
30192024 153
30512060 155
30124804 153
30178568 153
30388708 154
30608600 155
30495300 155
30173292 153
29868432 151
31663688 161
30320960 154
29803804 151
30181692 153
32650948 166
30163772 153
29848792 151
30181128 153
30384224 154
30095004 153
29843624 151
30125860 153
30431904 154
29849284 151
30223288 153
30230392 153
30480184 155
30254480 153
30169784 153
30975956 157
30790580 156
30366232 154
31182916 158
30318080 154
31460068 160
30634568 155
30274180 153
30213320 153
30746960 156
30840464 156
30043560 152
30109096 153
30087712 153
31419900 159
30713056 156
30139376 153
30528572 155
30284768 154
30542016 155
30349368 154
30576972 155
30132128 153
30210188 153
30523444 155
30378180 154
30521124 155
30669004 155
34293044 174
31315388 159
30510500 155
30578008 155
30701000 156
30482140 155
30729320 156
30275820 153
30101812 153
30672000 156
30841588 156
30816448 156
31134756 158
30459768 154
30183396 153
30856792 156
30392648 154
30275924 153
30953956 157
30413960 154
31104484 158
30148444 153
30762544 156
30711936 156
30471456 154
31277060 159
29919960 152
30301392 154
30434860 154
31415776 159
30530684 155
30566640 155
30126120 153
30387716 154
30713716 156
30834940 156
30389376 154
30412604 154
30261424 153
31460244 160
29893848 152
30665980 155
30694708 156
34324144 174
31704548 161
30300464 154
30445812 154
30272272 153
31321908 159
30893716 157
36262848 184
30840264 156
37252464 189
30283780 154
30307456 154
30822044 156
30108684 153
31869492 162
31122040 158
30437372 154
30557700 155
30744592 156
30580316 155
30478340 155
30280032 154
30842452 156
30628392 155
31860804 162
30506232 155
30814600 156
30844812 156
34990100 177
30954432 157
30652632 155
30522320 155
30801488 156
30640152 155
31246196 158
30657240 155
30812356 156
30298464 154
30475060 155
30726704 156
30713556 156
30188220 153
30568304 155
30295072 154
29928196 152
30585028 155
30965228 157
30105068 153
30651896 155
30936040 157
30366944 154
30269284 153
30823364 156
30774084 156
30300260 154
30774796 156
30449616 154
30636928 155
31045752 157
30287912 154
30361004 154
30403176 154
32184364 163
30216180 153
30916144 157
30828680 156
31812192 161
30979800 157
30777540 156
30776128 156
30738816 156
30686572 156
30556416 155
30240736 153
31469524 160
30526364 155
31071048 158
31476236 160
30595272 155
30407716 154
30593144 155
32335872 164
30911740 157
30643580 155
30860436 156
30804068 156
30500576 155
30736400 156
31016268 157
30581308 155
30563244 155
30544464 155
30327764 154
30755956 156
30616196 155
30429204 154
31286880 159
30790280 156
30557028 155
30752932 156
31347580 159
31599216 160
30534108 155
30796864 156
30384936 154
30386840 154
30370244 154
30578988 155
30744820 156
30510796 155
30596804 155
30988252 157
30561256 155
31025844 157
30986644 157
30941888 157
30491676 155
30491644 155
30612616 155
31329196 159
31192460 158
30510872 155
44204392 224
30794464 156
31064664 158
31245120 158
30940796 157
30857008 156
30821256 156
30577776 155
30147148 153
31057680 157
30822336 156
30527444 155
31089616 158
30605204 155
30165948 153
30526152 155
31664892 161
30426496 154
30443276 154
31393648 159
30252052 153
30525320 155
30943984 157
30577580 155
30647552 155
30928752 157
30537292 155
30588480 155
30893236 157
30661200 155
30086456 153
30823652 156
30336096 154
30533620 155
30238928 153
30650884 155
30669136 155
30865200 156
30924496 157
30574624 155
30612428 155
30781288 156
30588144 155
30876860 157
30088452 153
31054188 157
30606596 155
30720404 156
31683332 161
31405152 159
31244616 158
30668120 155
30566024 155
31366096 159
31072304 158
30792436 156
30435652 154
30413628 154
30322596 154
30657884 155
30482584 155
30767188 156
31231036 158
30735940 156
30072708 152
30462508 154
30487400 155
30388180 154
29976976 152
30179996 153
30311428 154
30328456 154
30118748 153
30991216 157
30609776 155
30476328 155
30930236 157
30405864 154
30388708 154
30687956 156
30565596 155
30711824 156
31044504 157
31485548 160
30253284 153
30661128 155
30842024 156
30671244 156
30851792 156
30992296 157
30498476 155
30973456 157
30822188 156
30897888 157
31241972 158
31530000 160
32113412 163
31329992 159
30742384 156
30749632 156
31086196 158
30758520 156
30934112 157
30879148 157
30649840 155
31099988 158
30661208 155
30501692 155
30774864 156
30508928 155
31998520 162
31099864 158
30595400 155
30695780 156
30846604 156
30589096 155
31328676 159
30841132 156
30727608 156
30575548 155
30396728 154
31229460 158
30769456 156
30530352 155
30771768 156
30967096 157
30287164 154
30755356 156
30760264 156
31526412 160
31020864 157
30882844 157
30565468 155
30927480 157
30948564 157
30524084 155
30734056 156
31495164 160
30318776 154
30866664 156
30784580 156
30744512 156
34207592 173
31266944 159
31163172 158
30822668 156
30903856 157
30268336 153
30899648 157
30952312 157
30577512 155
30172288 153
30283112 154
31073180 158
30766224 156
30758044 156
30355184 154
30678784 156
32253736 164
30405756 154
30472332 154
30846996 156
30339476 154
30429612 154
30525696 155
30411576 154
30735520 156
31392168 159
30825000 156
30485800 155
31057000 157
30563256 155
30802740 156
31498556 160
30927524 157
30694900 156
30817264 156
30951092 157
31364504 159
30937232 157
30480252 155
32446496 165
30759172 156
30404628 154
30710040 156
30812940 156
30742264 156
31013364 157
30427616 154
30319156 154
30433356 154
31201928 158
30768644 156
30381212 154
30936052 157
30426340 154
31399040 159
31376252 159
30514892 155
30227656 153
30670812 155
30536104 155
29926604 152
30453748 154
30627976 155
30053076 152
30386932 154
30537632 155
30627960 155
30352156 154
30489264 155
30436780 154
30227712 153
30730512 156
30502696 155
31049260 157
31146656 158
30974956 157
30462668 154
30427100 154
30983668 157
30463100 154
30409936 154
31077172 158
30402328 154
30643132 155
30636068 155
30730016 156
30943416 157
30936740 157
30952576 157
30448424 154
30972600 157
30779328 156
30578456 155
30768488 156
30392320 154
30575176 155
32263700 164
30904480 157
30652164 155
30966224 157
31108740 158
30375432 154
31081408 158
30893180 157
31085468 158
30864044 156
30486356 155
30804868 156
30727044 156
30792296 156
30603652 155
31755188 161
31386232 159
30713748 156
31704672 161
30990020 157
30689476 156
30622992 155
30852840 156
30518780 155
30885352 157
30783056 156
30823832 156
30824708 156
30953376 157
30952552 157
31152272 158
30699676 156
30702240 156
30164492 153
31651008 160
30846768 156
30730220 156
30634984 155
30817616 156
30507352 155
30565868 155
31245884 158
31194744 158
30500732 155
30928880 157
30706024 156
30806988 156
30923864 157
31453444 159
31004468 157
30829176 156
31079020 158
31897188 162
31125688 158
31567864 160
30598356 155
30766680 156
30916560 157
30885656 157
30694236 156
31080492 158
31115344 158
30591028 155
31070372 158
30925236 157
30832792 156
30910772 157
30644164 155
30405020 154
30118648 153
30709960 156
30269688 153
31167432 158
31171812 158
30438768 154
30416988 154
30831544 156
31126004 158
30830136 156
30550296 155
31321492 159
31347692 159
31088860 158
31064796 158
31310544 159
31440344 159
31225700 158
30834692 156
32044904 162
30796796 156
30866072 156
31378152 159
31192788 158
31029680 157
31397940 159
32521836 165
31519224 160
31458924 160
31130396 158
31042216 157
31195792 158
31692192 161
31320748 159
31710524 161
31210876 158
30977640 157
31206276 158
31247632 158
31070532 158
31155940 158
31400484 159
31467940 160
31252160 158
31450004 159
30956868 157
31347300 159
31185600 158
31020208 157
31251436 158
31714516 161
31318468 159
31268692 159
31883300 162
31662468 161
31411776 159
31331024 159
31059988 157
31595960 160
31017776 157
31282268 159
31535232 160
31519100 160
31022208 157
31709500 161
32019140 162
31769576 161
31587268 160
32122316 163
31319548 159
31752376 161
31800644 161
31719040 161
31498200 160
32363152 164
31644984 160
31299980 159
31766312 161
31154056 158
31501140 160
32091428 163
31531196 160
31198992 158
31339784 159
32195868 163
31314300 159
31517908 160
31333744 159
30819028 156
31604708 160
31485416 160
31210932 158
31698340 161
31413124 159
31362592 159
31204728 158
31885932 162
31486404 160
32134876 163
31514880 160
31288304 159
31223876 158
31881268 162
31439628 159
31367664 159
30559876 155
31049848 157
31058764 157
32055068 163
30736584 156
31196492 158
31402908 159
32733460 166
30988164 157
31097056 158
30712304 156
30803576 156
31048756 157
31062264 157
30699096 156
31138412 158
34125680 173
31736928 161
31372700 159
30924224 157
31229988 158
30974464 157
31365176 159
31037120 157
30695228 156
30841088 156
31237828 158
30816548 156
31435292 159
31109444 158
31044664 157
30617920 155
31464432 160
30908676 157
31301620 159
31362120 159
30965564 157
30692532 156
30939116 157
31159208 158
30583284 155
31607016 160
31368492 159
30911040 157
31451968 159
30918352 157
32123240 163
31616924 160
31358388 159
31614000 160
30791872 156
30854044 156
31440616 159
31555168 160
31411148 159
31607096 160
31715424 161
31438324 159
31499648 160
31358372 159
33041552 168
31547528 160
31059584 157
30692220 156
41784384 212
31963048 162
30948716 157
31347960 159
31185224 158
30889920 157
30878576 157
31133364 158
31132480 158
30938844 157
30906440 157
31314916 159
30953108 157
30762816 156
31087044 158
31136380 158
31270688 159
31135132 158
31137408 158
30979824 157
31731716 161
31650912 160
30919892 157
31746152 161
31613120 160
31427368 159
31362464 159
32181504 163
31019124 157
31204652 158
31583436 160
30998160 157
30796712 156
30953664 157
31523860 160
30868236 157
31149228 158
30810032 156
30813668 156
31324924 159
31127904 158
30876968 157
31195064 158
30845524 156
30689412 156
30605384 155
31284308 159
30986120 157
33066720 168
32224020 163
31063780 157
31176064 158
31238280 158
31201240 158
31127072 158
31001464 157
30697576 156
30499724 155
31189212 158
31135228 158
30855028 156
31095748 158
31150988 158
31723912 161
30753988 156
31353048 159
31303040 159
30818432 156
31244420 158
30877476 157
31149952 158
31183248 158
30960900 157
30939968 157
31278084 159
31395116 159
31112312 158
31303412 159
31442792 159
31062840 157
30796336 156
31469672 160
31416876 159
30400832 154
30626488 155
31062508 157
30338488 154
30932044 157
30653868 155
31010712 157
30952492 157
30838840 156
30805640 156
30738728 156
30948080 157
30540008 155
31355288 159
31454460 159
30704620 156
30866896 156
30793672 156
31075892 158
31030984 157
30857572 156
31124660 158
30700504 156
31019036 157
31053336 157
31187920 158
31249960 158
31030520 157
30686244 156
30539920 155
31059440 157
30414680 154
30465124 154
31495652 160
30623552 155
30539024 155
30970436 157
32642040 166
31200028 158
30795904 156
31052784 157
30493752 155
30812036 156
31013200 157
30946980 157
30947924 157
30914044 157
31021452 157
31094444 158
31301752 159
31051808 157
30587788 155
31241532 158
30807228 156
31218896 158
31107528 158
32948276 167
31079544 158
30880140 157
31184760 158
31196600 158
32388712 164
31160824 158
30965552 157
31069140 158
31000264 157
31634200 160
30716964 156
31115376 158
31311604 159
30959112 157
30635224 155
31268012 159
30962084 157
30635696 155
30894532 157
30892232 157
30498144 155
31046972 157
31095044 158
31061780 157
31296784 159
31203756 158
30844948 156
31128796 158
31599208 160
30602724 155
31036292 157
32591740 165
30954308 157
31065776 158
