67117 65
66058 64
65752 64
66198 64
65916 64
66115 64
65999 64
66010 64
65951 64
65881 64
65846 64
66126 64
66115 64
65986 64
66056 64
66104 64
65916 64
65870 64
65964 64
65999 64
65905 64
65929 64
65929 64
65846 64
65916 64
65881 64
65822 64
65988 64
65894 64
66045 64
66242 64
66091 64
65859 64
65870 64
65870 64
65964 64
66196 64
66023 64
66454 64
66069 64
65962 64
65881 64
66067 64
65813 64
65929 64
65953 64
65846 64
65918 64
65953 64
65754 64
66045 64
65951 64
65811 64
65905 64
66056 64
65964 64
68344 66
66021 64
66021 64
65859 64
66023 64
66080 64
65892 64
66010 64
65940 64
65870 64
65881 64
66325 64
65835 64
66126 64
65964 64
66021 64
65859 64
65916 64
65881 64
66360 64
65905 64
65927 64
65951 64
66045 64
65835 64
66067 64
65940 64
66255 64
65964 64
65883 64
65916 64
66034 64
65870 64
66150 64
65916 64
65929 64
65951 64
65765 64
65975 64
65918 64
66010 64
65953 64
65859 64
65905 64
65940 64
65927 64
66021 64
65929 64
22628 22
22600 22
31640 30
31620 30
31725 30
65835 64
65951 64
66150 64
65964 64
66010 64
65975 64
66163 64
66185 64
66023 64
65940 64
65975 64
65997 64
65940 64
66091 64
65789 64
66290 64
65835 64
65881 64
65905 64
65964 64
66034 64
66161 64
66021 64
65929 64
65975 64
66056 64
66185 64
66196 64
66185 64
66023 64
65975 64
66115 64
65975 64
65918 64
66056 64
66126 64
65940 64
65975 64
66034 64
66010 64
65951 64
65811 64
66126 64
65870 64
65986 64
65857 64
66091 64
66091 64
65962 64
65905 64
65975 64
65870 64
65929 64
66023 64
66010 64
65846 64
65975 64
66023 64
65881 64
65929 64
66314 64
65964 64
65870 64
65846 64
65986 64
65859 64
65883 64
65813 64
65999 64
65905 64
66161 64
65894 64
65940 64
65975 64
66104 64
65964 64
65883 64
65951 64
65940 64
66058 64
65859 64
66104 64
65953 64
66034 64
65892 64
66032 64
65999 64
65892 64
66034 64
65846 64
65986 64
65999 64
65951 64
66150 64
65870 64
66010 64
65811 64
65999 64
65916 64
65940 64
66056 64
65870 64
66056 64
65916 64
65986 64
66010 64
65975 64
65883 64
65894 64
66023 64
66091 64
65953 64
65975 64
65951 64
65940 64
65975 64
185220 180
65951 64
65905 64
65822 64
66174 64
65859 64
66349 64
65813 64
66115 64
66010 64
65881 64
65859 64
65964 64
65951 64
66021 64
65870 64
66021 64
65975 64
65892 64
65883 64
66010 64
65883 64
65975 64
65999 64
65964 64
65905 64
66115 64
66080 64
65964 64
65986 64
65975 64
65859 64
65776 64
65754 64
66080 64
65986 64
65929 64
66010 64
65859 64
65951 64
65835 64
66069 64
65951 64
66021 64
65800 64
65870 64
65916 64
65986 64
65940 64
66115 64
65846 64
65870 64
66023 64
65905 64
22608 22
22628 22
65905 64
66231 64
66104 64
66336 64
65846 64
257670 251
65918 64
65951 64
65953 64
66056 64
65927 64
65986 64
66034 64
65940 64
66115 64
65975 64
65975 64
66023 64
66010 64
66021 64
66128 64
66067 64
65953 64
66010 64
65975 64
66664 65
66010 64
66010 64
65881 64
65789 64
66056 64
66220 64
66163 64
66069 64
65999 64
65894 64
65940 64
66115 64
65964 64
65892 64
66104 64
65835 64
66010 64
66091 64
66220 64
65824 64
65894 64
66021 64
66045 64
65905 64
66150 64
65905 64
65964 64
66021 64
66093 64
65951 64
65951 64
65905 64
66675 65
65870 64
65813 64
65962 64
65881 64
66058 64
66056 64
65881 64
66209 64
65881 64
65859 64
65929 64
66091 64
65997 64
65940 64
65951 64
65857 64
65883 64
66021 64
66010 64
65953 64
66067 64
83941 81
65964 64
66056 64
66034 64
228841 223
65951 64
66021 64
65894 64
66023 64
65918 64
66126 64
65975 64
65940 64
66021 64
66242 64
65927 64
66034 64
65986 64
66080 64
65824 64
66196 64
65964 64
65999 64
66034 64
65986 64
65881 64
65916 64
65929 64
65951 64
66185 64
65859 64
66209 64
65870 64
65940 64
65940 64
66069 64
66476 64
65951 64
66023 64
65929 64
65859 64
65870 64
65787 64
66102 64
66244 64
66126 64
66058 64
65894 64
66756 65
65870 64
66115 64
66454 64
66021 64
65986 64
65905 64
65940 64
66034 64
65859 64
65951 64
66115 64
65975 64
66010 64
65975 64
66266 64
65881 64
65848 64
65940 64
66056 64
65951 64
66093 64
65929 64
65988 64
66137 64
65986 64
65870 64
65776 64
65916 64
65835 64
65997 64
65964 64
65859 64
65975 64
65813 64
66128 64
66279 64
66128 64
66091 64
65916 64
65940 64
65929 64
66021 64
65905 64
66010 64
66091 64
65997 64
66115 64
65927 64
66023 64
65916 64
66023 64
65940 64
65986 64
65951 64
66069 64
65953 64
73734 72
65927 64
66104 64
66021 64
66034 64
66104 64
65916 64
65905 64
66209 64
65765 64
65916 64
66360 64
66010 64
66091 64
66721 65
65778 64
66058 64
66150 64
65870 64
66010 64
65988 64
65951 64
65905 64
65883 64
65964 64
65929 64
65986 64
66137 64
65905 64
65940 64
66010 64
65929 64
66104 64
65859 64
66010 64
65894 64
65905 64
68355 66
65940 64
66255 64
65859 64
66034 64
66056 64
66023 64
65929 64
65975 64
65951 64
66023 64
65859 64
65986 64
66102 64
65929 64
66220 64
65951 64
66045 64
65892 64
66023 64
66139 64
65940 64
65962 64
65929 64
66034 64
65999 64
65929 64
66150 64
66021 64
66091 64
65870 64
65964 64
65975 64
65881 64
65975 64
66115 64
65870 64
65988 64
66058 64
65848 64
66161 64
65962 64
65846 64
66115 64
65752 64
65916 64
66045 64
65859 64
65964 64
65918 64
65776 64
65997 64
65916 64
65953 64
65964 64
69615 67
65905 64
66010 64
66010 64
66080 64
66091 64
65870 64
65813 64
65916 64
65929 64
66045 64
66465 64
65975 64
65988 64
65881 64
65953 64
65905 64
65929 64
65894 64
66080 64
65927 64
65940 64
66137 64
65905 64
66080 64
65870 64
66115 64
66511 64
65870 64
65883 64
65883 64
65892 64
66045 64
65905 64
65918 64
66185 64
66032 64
66651 65
65929 64
66034 64
65940 64
65859 64
65870 64
66104 64
65975 64
65813 64
66080 64
65986 64
65905 64
66080 64
65859 64
65870 64
65940 64
65835 64
65848 64
66010 64
65916 64
65870 64
65870 64
65986 64
65905 64
66091 64
66430 64
65962 64
65824 64
65964 64
65776 64
65848 64
66021 64
65940 64
65916 64
65695 64
65999 64
65940 64
65905 64
66115 64
66034 64
66021 64
66209 64
66476 64
65953 64
66150 64
66021 64
65951 64
65857 64
66185 64
65905 64
65870 64
179607 175
66080 64
65927 64
65999 64
65870 64
65940 64
65870 64
65870 64
66010 64
65822 64
66126 64
66080 64
66126 64
65929 64
65962 64
66045 64
65964 64
66161 64
65951 64
65905 64
65929 64
66207 64
65929 64
66056 64
65988 64
65975 64
66104 64
66290 64
65929 64
65997 64
65951 64
65975 64
65940 64
65883 64
66021 64
65975 64
65776 64
65813 64
65951 64
65951 64
65800 64
66058 64
66067 64
66021 64
65881 64
65918 64
66023 64
65975 64
66080 64
65859 64
65892 64
65929 64
65881 64
66301 64
65975 64
65870 64
66045 64
65951 64
65916 64
65951 64
66067 64
66010 64
65905 64
67003 65
66056 64
66314 64
65951 64
66093 64
65905 64
65951 64
65916 64
66021 64
66209 64
66115 64
65905 64
65929 64
65870 64
65986 64
66150 64
65988 64
65940 64
65940 64
65940 64
65905 64
66067 64
65929 64
65870 64
65894 64
66102 64
65870 64
65975 64
65905 64
65940 64
65999 64
65975 64
65940 64
65857 64
66010 64
65929 64
66021 64
65835 64
65929 64
65883 64
65929 64
66045 64
66067 64
66104 64
66104 64
65859 64
65892 64
65846 64
65905 64
65988 64
65986 64
65789 64
65892 64
65822 64
66010 64
66174 64
66045 64
65964 64
65940 64
65999 64
65857 64
65916 64
66080 64
66139 64
66010 64
65894 64
65964 64
66115 64
65962 64
66045 64
65964 64
65975 64
65997 64
65999 64
66069 64
65905 64
66034 64
65940 64
66080 64
65953 64
65929 64
66069 64
65859 64
65765 64
65870 64
66045 64
66255 64
65835 64
67259 65
65929 64
65916 64
66010 64
65916 64
65951 64
66010 64
65929 64
66034 64
66010 64
66045 64
66104 64
65870 64
65870 64
66045 64
65953 64
65916 64
65986 64
65986 64
65964 64
65951 64
65975 64
65918 64
66034 64
65999 64
65859 64
65999 64
65918 64
66010 64
65835 64
65929 64
66056 64
65988 64
65905 64
65894 64
66032 64
65999 64
65905 64
66231 64
65940 64
65929 64
65962 64
65951 64
65905 64
65859 64
65859 64
65870 64
65918 64
66080 64
66034 64
66058 64
65940 64
65964 64
65988 64
66034 64
65857 64
66080 64
65940 64
66115 64
65929 64
66058 64
66045 64
65929 64
66139 64
66244 64
66104 64
65894 64
66010 64
65929 64
65975 64
66058 64
65894 64
65835 64
65940 64
66174 64
65859 64
66126 64
66325 64
66010 64
66045 64
65940 64
65776 64
66196 64
66091 64
65857 64
65962 64
65997 64
65905 64
65962 64
66128 64
66045 64
66045 64
65776 64
65905 64
65999 64
65894 64
66058 64
65940 64
65964 64
66045 64
65951 64
65975 64
66139 64
66150 64
65800 64
65870 64
66080 64
66058 64
65905 64
65964 64
65997 64
65929 64
66056 64
65894 64
65929 64
66021 64
65951 64
66021 64
65964 64
66091 64
65975 64
66021 64
66045 64
66093 64
65951 64
65951 64
66185 64
66058 64
66023 64
66174 64
65999 64
65892 64
65916 64
66091 64
65846 64
66034 64
66021 64
65988 64
66080 64
66325 64
65916 64
65916 64
65940 64
65940 64
65813 64
65905 64
65918 64
65870 64
66056 64
65881 64
65953 64
66056 64
65822 64
65975 64
65916 64
66102 64
65988 64
65999 64
66010 64
66196 64
66242 64
65988 64
65988 64
65999 64
65894 64
65953 64
66161 64
66069 64
65927 64
65997 64
66010 64
65951 64
65986 64
65894 64
65951 64
66010 64
65894 64
65859 64
65870 64
65892 64
65905 64
65986 64
65964 64
65975 64
66150 64
65905 64
65916 64
65883 64
65870 64
65927 64
65892 64
65894 64
65999 64
65953 64
65953 64
65986 64
66067 64
66032 64
65894 64
65916 64
65986 64
70840 69
65835 64
