537272 116
578504 125
567361 123
550200 119
557865 121
565974 122
493850 107
441280 95
509950 110
836535 181
574993 124
595547 129
534345 115
526435 114
533400 115
524510 113
570909 123
560899 121
497571 107
530344 115
546619 118
502926 109
189836 41
175664 38
452790 98
533039 115
588059 127
771739 167
538079 116
542966 117
562964 122
544132 118
544775 118
590765 128
551937 119
564537 122
504991 109
535196 116
538020 116
566871 123
541264 117
524766 113
559532 121
517567 112
523718 113
571351 123
546501 118
559217 121
496908 107
612863 132
578946 125
571270 123
570559 123
578771 125
541647 117
552381 119
552637 119
565261 122
629591 136
551694 119
501830 108
533107 115
701133 152
509029 110
442074 95
470028 102
491378 106
517908 112
540096 117
536375 116
539991 117
558261 121
595538 129
466410 101
544086 118
565401 122
514850 111
485439 105
551239 119
548251 118
632345 137
528419 114
551635 119
563091 122
601405 130
579902 125
559591 121
549734 119
543830 118
558694 121
586753 127
594149 128
516600 112
523239 113
715529 155
486524 105
551635 119
582505 126
571913 124
554284 120
586996 127
562916 122
567770 123
533715 115
554658 120
674159 146
543318 117
548905 119
576717 125
542115 117
523519 113
518630 112
604253 131
566720 122
562146 121
544495 118
548824 119
540890 117
496615 107
499695 108
507091 110
522620 113
562857 122
564397 122
539326 117
563408 122
507734 110
520916 113
512249 111
486605 105
528091 114
545917 118
546549 118
564550 122
581805 126
574350 124
503416 109
502239 108
510860 110
515550 111
774784 168
521524 113
495051 107
484750 105
484365 105
507815 110
506579 109
543889 118
518350 112
543211 117
531160 115
542990 117
593239 128
556769 120
581293 126
580497 125
573989 124
583253 126
591185 128
655703 142
558097 121
532081 115
563174 122
586425 127
634270 137
506019 109
509379 110
540610 117
577080 125
550911 119
602525 130
656821 142
578865 125
546245 118
587989 127
588899 127
586740 127
557620 121
604695 131
544519 118
539571 117
521734 113
563314 122
709741 154
523565 113
529504 114
549268 119
544075 118
544519 118
539958 117
561796 121
533085 115
503499 109
493441 107
481705 104
513695 111
546606 118
561247 121
522749 113
652214 141
565425 122
532326 115
485857 105
552884 119
564666 122
500570 108
552930 119
555988 120
528990 114
551799 119
626863 136
517324 112
537845 116
543235 117
570557 123
588643 127
605454 131
589201 127
562065 121
577032 125
579331 125
553363 120
568225 123
550913 119
576695 125
568282 123
575074 124
597789 129
709017 153
603632 130
738721 160
528406 114
521570 113
566930 123
491551 106
497991 108
523436 113
556384 120
670016 145
579716 125
724209 157
529176 114
550655 119
494841 107
508257 110
550666 119
558412 121
519470 112
486977 105
511339 110
537705 116
601908 130
561446 121
552009 119
507522 110
645389 140
489849 106
524300 113
508259 110
502180 108
498949 108
566289 122
532175 115
543421 117
541135 117
541684 117
571364 123
576391 125
577697 125
550725 119
545230 118
777057 168
549277 119
567094 123
560770 121
532851 115
484750 105
520531 112
542080 117
577233 125
529351 114
521686 113
572880 124
510370 110
507419 110
495893 107
556896 120
539897 117
568597 123
553829 120
510661 110
498761 108
525853 114
550340 119
494270 107
524149 113
522329 113
514524 111
587289 127
537460 116
525794 114
525326 114
528977 114
538567 116
580720 126
586040 127
530974 115
552521 119
547505 118
535546 116
561702 121
543830 118
566919 123
555299 120
522213 113
856089 185
562124 121
552252 119
521570 113
522281 113
540109 117
513706 111
496265 107
549021 119
553127 120
511980 111
561575 121
617470 133
520391 112
525560 114
546046 118
511722 111
546291 118
501165 108
527124 114
554914 120
650696 141
552020 119
586576 127
587965 127
571375 123
497748 108
530845 115
552720 119
673352 146
731745 158
543351 117
508981 110
540739 117
550445 119
550830 119
524184 113
521581 113
533098 115
541870 117
609584 132
545849 118
493231 107
521290 113
433545 94
520229 112
519072 112
567700 123
520496 112
584163 126
551541 119
505249 109
510812 110
516902 112
489976 106
499135 108
482254 104
537191 116
537097 116
528839 114
539374 117
701481 152
541404 117
560770 121
557049 120
546816 118
579646 125
550981 119
566650 122
537379 116
529642 114
599130 130
529025 114
528815 114
532619 115
528220 114
556675 120
484715 105
625380 135
520310 112
505214 109
518199 112
491004 106
541531 117
560794 121
522970 113
549839 119
552801 119
517136 112
537727 116
555822 120
725189 157
497573 107
504582 109
560514 121
551611 119
552615 119
548054 118
565716 122
541461 117
544963 118
668395 145
564410 122
622521 135
555940 120
508935 110
550981 119
537834 116
531254 115
527404 114
572519 124
558344 121
506905 110
489392 106
433031 93
497420 107
514093 111
519061 112
503265 109
534811 116
544775 118
602409 130
718014 155
499986 108
522782 113
476514 103
490665 106
493559 107
515060 111
545276 118
571970 124
530239 115
577395 125
554212 120
600950 130
604590 131
594079 128
546700 118
535629 116
491214 106
518818 112
521885 113
524965 113
523972 113
530320 115
560188 121
521745 113
525665 114
703452 152
603378 130
596761 129
504232 109
548999 119
521325 113
531779 115
524545 113
522817 113
517895 112
555332 120
658678 142
669749 145
595256 129
580976 126
556942 120
544495 118
525490 114
500629 108
566989 123
536924 116
507710 110
593075 128
487071 105
512750 111
499358 108
531871 115
569894 123
569859 123
531160 115
558086 121
552464 119
756536 164
540050 117
542594 117
565552 122
543784 118
547540 118
506951 110
584581 126
601195 130
508679 110
549920 119
633325 137
746211 161
574302 124
567083 123
507559 110
553466 120
477982 103
538672 116
514990 111
519925 112
577559 125
771144 167
532560 115
518921 112
527590 114
521977 113
529865 114
547855 118
503287 109
546245 118
586541 127
560606 121
659610 143
788224 171
556546 120
532571 115
519179 112
541450 117
525840 114
526995 114
572285 124
526739 114
689627 149
541590 117
537775 116
531335 115
652564 141
532794 115
533212 115
541894 117
522270 113
548393 119
614530 133
530764 115
499030 108
521863 113
577640 125
582575 126
561761 121
568039 123
509786 110
525713 114
505844 109
630652 136
541380 117
558390 121
534649 116
533282 115
549255 119
550305 119
582551 126
546993 118
533096 115
600099 130
543760 118
578808 125
575365 124
557852 121
579996 125
613283 133
558821 121
571655 124
579331 125
590975 128
593961 128
579950 125
557211 120
574805 124
688041 149
519177 112
527789 114
534019 115
570150 123
560956 121
566068 122
557620 121
571830 124
524125 113
562520 122
546011 118
538031 116
501959 108
543992 118
494434 107
503440 109
501924 108
494141 107
537751 116
735350 159
524930 113
537110 116
559138 121
522585 113
571003 123
563417 122
533844 115
507618 110
565880 122
535115 116
778131 168
552604 119
579810 125
547387 118
567503 123
561306 121
588468 127
528885 114
526575 114
528966 114
629090 136
506065 109
475125 103
476595 103
465907 101
513391 111
496195 107
495204 107
471717 102
447392 97
436638 94
507500 110
617785 134
492111 106
489545 106
534415 115
542826 117
588619 127
571596 124
573882 124
585316 127
577546 125
736015 159
523018 113
517184 112
633710 137
528325 114
522725 113
490280 106
521056 113
494561 107
495132 107
737019 159
524989 113
549979 119
582481 126
588258 127
558823 121
516926 112
455571 98
474285 102
533308 115
543060 117
603085 130
526667 114
515270 111
534262 115
518923 112
496731 107
540225 117
534671 116
561002 121
570548 123
563102 122
529784 114
531219 115
523215 113
506474 109
529329 114
695776 150
529329 114
527859 114
549150 119
566383 122
554319 120
498785 108
494865 107
495961 107
493745 107
561658 121
515878 111
539910 117
522060 113
538230 116
533446 115
510440 110
524171 113
513824 111
532245 115
554540 120
538149 116
547225 118
579123 125
589133 127
581188 126
569019 123
581304 126
556710 120
689966 149
512564 111
502121 108
500384 108
511234 110
517779 112
528347 114
530928 115
468381 101
490921 106
540562 117
577710 125
554667 120
574420 124
578060 125
598069 129
686361 148
643206 139
523425 113
509390 110
523788 113
523460 113
556548 120
541369 117
544425 118
538545 116
542758 117
524884 113
744124 161
557574 121
536106 116
545090 118
517055 112
495331 107
491739 106
535815 116
511162 110
522117 113
613760 133
784315 170
467893 101
527870 114
489427 106
520113 112
559615 121
482171 104
449505 97
521384 113
583380 126
532538 115
563793 122
525081 113
538580 116
583275 126
541415 117
528570 114
507196 110
524545 113
515515 111
514279 111
544121 118
527927 114
495191 107
453016 98
427151 92
498061 108
492964 106
533306 115
574258 124
533634 115
569439 123
781946 169
543970 118
510733 110
517847 112
462770 100
508025 110
514395 111
471813 102
484610 105
487922 105
510007 110
521126 113
557434 120
690036 149
589796 127
716905 155
585865 127
554995 120
574291 124
536911 116
559755 121
557294 120
530576 115
653426 141
511444 110
499369 108
497280 107
526271 114
547540 118
547831 118
537425 116
510742 110
581035 126
545825 118
671230 145
522760 113
535664 116
526271 114
551379 119
547144 118
534752 116
563745 122
567151 123
525805 114
673925 146
521500 113
511444 110
562240 122
519284 112
557935 121
554203 120
558250 121
550154 119
545650 118
569310 123
550515 119
540562 117
530331 115
535408 116
505376 109
539619 117
563616 122
599165 130
482278 104
494526 107
541577 117
684307 148
523705 113
542419 117
525525 114
519179 112
497234 107
507314 110
518070 112
516169 112
521115 113
504582 109
535802 116
768858 166
522246 113
542990 117
514745 111
548684 119
447254 97
502075 108
505995 109
525350 114
522865 113
571913 124
766279 166
557375 120
561984 121
555450 120
512096 111
537261 116
583706 126
545615 118
578246 125
551307 119
525129 113
556511 120
516974 112
548450 119
561844 121
577662 125
613561 133
544659 118
591605 128
521419 113
578410 125
511350 110
505890 109
538615 116
519446 112
445176 96
497210 107
811989 176
554037 120
523554 113
543911 118
558379 121
553805 120
537099 116
708796 153
521419 113
533844 115
518057 112
555859 120
533155 115
518757 112
529187 114
550515 119
541065 117
583100 126
543690 117
573580 124
579064 125
597146 129
555439 120
513485 111
505982 109
496136 107
561096 121
586845 127
552871 119
737124 159
527765 114
536644 116
511070 110
491890 106
529935 115
542699 117
556745 120
553326 120
570220 123
569778 123
546525 118
536130 116
522725 113
511396 110
536025 116
535885 116
531626 115
524453 113
540599 117
513577 111
517265 112
529900 114
538989 116
555905 120
545884 118
593204 128
692615 150
541159 117
544097 118
537051 116
541439 117
544764 118
559182 121
563710 122
544296 118
505632 109
490700 106
498238 108
517114 112
534719 116
499426 108
493861 107
492555 106
492684 106
522609 113
541229 117
497479 107
541485 117
510825 110
534684 116
605686 131
529143 114
526435 114
544810 118
622044 134
501900 108
499345 108
539188 117
482965 104
518420 112
538731 116
543340 117
517009 112
478122 103
507861 110
597323 129
428457 92
510895 110
606841 131
612325 132
