1855 57
1645 51
1621 50
2019 63
1949 60
2065 64
1796 56
2017 63
2159 67
1739 54
1807 56
1785 55
1680 52
1750 54
2275 71
1949 60
1890 59
1960 61
1982 61
1866 58
1866 58
1890 59
1610 50
1645 51
1634 51
1728 54
1621 50
1774 55
1763 55
1785 55
1798 56
1831 57
1785 55
1658 51
1982 61
1890 59
1704 53
1715 53
1831 57
1844 57
1809 56
2170 67
1901 59
1820 56
1761 55
2205 68
1890 59
2369 74
1914 59
1737 54
1903 59
1901 59
1879 58
1634 51
2485 77
1785 55
2054 64
1798 56
2170 67
1667 52
2264 70
1842 57
1947 60
2660 83
2485 77
1912 59
1820 56
2089 65
1715 53
1855 57
2345 73
2345 73
1903 59
1831 57
1785 55
1901 59
1903 59
1761 55
1774 55
1914 59
1890 59
1726 53
2054 64
1901 59
2089 65
1912 59
1529 47
1785 55
2078 64
1831 57
1726 53
1855 57
2170 67
1610 50
1750 54
1588 49
596 18
568 17
1798 56
1610 50
1984 62
1890 59
2194 68
1820 56
1772 55
1971 61
1973 61
1866 58
1739 54
1669 52
1774 55
2017 63
2111 65
1575 49
1833 57
1855 57
1971 61
660 20
752 23
696 21
708 22
1726 53
1925 60
1855 57
2030 63
1984 62
1971 61
1901 59
1914 59
1890 59
1774 55
1796 56
1925 60
2076 64
2019 63
1879 58
2205 68
1879 58
1984 62
1750 54
1868 58
1914 59
1774 55
1774 55
1960 61
1995 62
1726 53
1890 59
1960 61
2135 66
1774 55
1901 59
1761 55
1796 56
1901 59
1831 57
1726 53
1809 56
2078 64
1726 53
1761 55
2030 63
1693 52
2323 72
1761 55
1844 57
1785 55
1820 56
2030 63
1691 52
2159 67
1774 55
1903 59
1785 55
2111 65
1551 48
1807 56
1656 51
2345 73
1995 62
1772 55
552 17
612 19
1645 51
1798 56
1914 59
1901 59
1938 60
1761 55
1750 54
1914 59
1877 58
1855 57
1855 57
1796 56
1750 54
1807 56
1772 55
2334 72
1879 58
1634 51
1739 54
1949 60
2019 63
1691 52
1903 59
1960 61
1809 56
1866 58
1925 60
1774 55
1947 60
1763 55
1960 61
1575 49
1925 60
1844 57
2111 65
1960 61
2078 64
1610 50
1610 50
1842 57
2240 70
1949 60
2216 69
1890 59
1960 61
1879 58
1890 59
1763 55
1831 57
584 18
656 20
608 19
1866 58
1844 57
588 18
1763 55
1890 59
1914 59
1877 58
1680 52
1890 59
1693 52
1877 58
1855 57
2017 63
1901 59
1785 55
1949 60
1809 56
1960 61
1844 57
1925 60
1938 60
1693 52
1995 62
1914 59
1820 56
1842 57
1960 61
2194 68
1737 54
2461 76
1809 56
1796 56
2170 67
1938 60
1796 56
1785 55
1842 57
1728 54
1879 58
1737 54
1597 49
1901 59
2065 64
1901 59
1831 57
1761 55
1750 54
1623 50
1774 55
1621 50
1691 52
2019 63
2218 69
1704 53
1715 53
1656 51
1890 59
1890 59
1947 60
1855 57
1588 49
1831 57
2404 75
1844 57
1774 55
1809 56
1960 61
2041 63
1842 57
1645 51
1949 60
1914 59
1879 58
1693 52
1798 56
1621 50
1960 61
1842 57
1809 56
1879 58
1750 54
1855 57
1691 52
1984 62
2404 75
1879 58
1623 50
1562 48
1704 53
1890 59
1715 53
1831 57
1645 51
2194 68
1658 51
1645 51
1842 57
2089 65
1914 59
1796 56
1982 61
1737 54
1667 52
1728 54
1737 54
1610 50
2345 73
1704 53
2146 67
1879 58
1855 57
1656 51
1774 55
1774 55
1785 55
1938 60
1925 60
1982 61
1772 55
1658 51
2113 66
1634 51
1634 51
1785 55
1890 59
1680 52
1844 57
1936 60
1831 57
1973 61
1925 60
1785 55
1772 55
1774 55
1868 58
1890 59
1774 55
1855 57
1750 54
1901 59
1960 61
1774 55
1772 55
1610 50
1890 59
2369 74
1890 59
1938 60
1866 58
1949 60
1855 57
1949 60
1621 50
1984 62
2275 71
1936 60
1890 59
1796 56
1610 50
1739 54
1855 57
1995 62
1879 58
656 20
1890 59
1634 51
1739 54
1844 57
1599 49
1586 49
1750 54
1855 57
1995 62
604 18
1728 54
1715 53
2299 71
1669 52
1820 56
2485 77
1901 59
1750 54
2065 64
1868 58
2017 63
1715 53
1971 61
1866 58
1925 60
2008 62
1925 60
1798 56
1750 54
1774 55
2183 68
1599 49
1995 62
1737 54
2065 64
1586 49
1868 58
1424 44
1774 55
2113 66
2391 74
1844 57
1914 59
1960 61
2041 63
1833 57
1669 52
2789 87
1960 61
1702 53
1868 58
1995 62
2183 68
1833 57
1726 53
1610 50
1925 60
1844 57
1715 53
1833 57
1691 52
1879 58
620 19
564 17
644 20
692 21
636 19
1820 56
1914 59
1656 51
632 19
588 18
596 18
588 18
748 23
688 21
1344 42
724 22
652 20
620 19
632 19
668 20
720 22
754 23
820 25
638 19
696 21
624 19
612 19
728 22
676 21
608 19
572 17
680 21
1691 52
2030 63
1645 51
556 17
1912 59
1750 54
1855 57
1842 57
1656 51
1831 57
1750 54
2008 62
1984 62
1599 49
1645 51
1726 53
1842 57
1529 47
1982 61
1949 60
1656 51
1634 51
1949 60
1960 61
1737 54
1890 59
1586 49
1610 50
1610 50
1610 50
1610 50
1610 50
2297 71
1575 49
1597 49
1623 50
1761 55
1971 61
1901 59
1739 54
1772 55
1925 60
1960 61
1737 54
1785 55
1750 54
1901 59
1925 60
2008 62
1914 59
2065 64
1984 62
1877 58
1844 57
1809 56
1726 53
1693 52
1761 55
1809 56
1901 59
2159 67
1866 58
1844 57
1947 60
1796 56
1960 61
1785 55
2078 64
1914 59
1971 61
1949 60
1798 56
1855 57
1925 60
1914 59
1785 55
1774 55
1796 56
2146 67
1610 50
1774 55
2089 65
2052 64
1995 62
1855 57
1634 51
1971 61
1796 56
1669 52
1715 53
1925 60
1575 49
1669 52
1750 54
2043 63
1833 57
1914 59
2181 68
1586 49
1809 56
1842 57
1726 53
1855 57
1774 55
1855 57
1750 54
1772 55
2345 73
1855 57
1936 60
1877 58
1973 61
1912 59
1669 52
2275 71
1774 55
1726 53
1914 59
1912 59
1947 60
1842 57
2146 67
2205 68
536 16
1044 32
898 28
1796 56
1914 59
1912 59
1645 51
1901 59
1855 57
1914 59
1901 59
1807 56
1855 57
1610 50
1739 54
2345 73
1761 55
2078 64
1761 55
1960 61
1796 56
1809 56
1599 49
1855 57
1890 59
1973 61
1901 59
1809 56
1518 47
1761 55
1645 51
1785 55
2159 67
1726 53
1855 57
1693 52
1726 53
1925 60
1831 57
1693 52
1704 53
1855 57
1844 57
2148 67
1879 58
2076 64
1866 58
1982 61
1820 56
1868 58
1995 62
1798 56
1833 57
1610 50
1610 50
1610 50
1901 59
1938 60
2170 67
1610 50
1588 49
1914 59
1842 57
1866 58
1855 57
1785 55
1772 55
1820 56
1610 50
2124 66
1855 57
1645 51
1623 50
1750 54
1726 53
2358 73
2835 88
1855 57
2415 75
1855 57
1551 48
1610 50
1855 57
1960 61
1879 58
1774 55
1901 59
1912 59
1621 50
1739 54
1844 57
1575 49
1831 57
1960 61
1914 59
1691 52
1844 57
1586 49
1842 57
1833 57
1936 60
1890 59
1820 56
1761 55
1879 58
1540 48
1890 59
1680 52
1890 59
1842 57
1715 53
1772 55
1971 61
2229 69
1866 58
1901 59
1693 52
1726 53
1772 55
2054 64
2227 69
1973 61
1739 54
1831 57
1936 60
1588 49
1599 49
1984 62
1809 56
1645 51
2100 65
1796 56
1936 60
1855 57
2135 66
1761 55
1599 49
2030 63
1844 57
1796 56
1763 55
2019 63
1960 61
1715 53
1984 62
1890 59
1785 55
1774 55
1610 50
1772 55
1842 57
1656 51
1669 52
2240 70
1750 54
1750 54
1936 60
2146 67
2052 64
1925 60
1785 55
1796 56
1949 60
2076 64
1890 59
1925 60
1831 57
1925 60
1912 59
2078 64
1890 59
1877 58
1774 55
1925 60
1844 57
1984 62
1866 58
2030 63
1704 53
1761 55
1866 58
1785 55
1960 61
1704 53
2006 62
1750 54
1551 48
1774 55
1774 55
2148 67
1925 60
1750 54
1750 54
1599 49
1772 55
1586 49
1879 58
1785 55
1901 59
1868 58
1796 56
1621 50
1901 59
1796 56
1844 57
1890 59
1785 55
1866 58
1586 49
1599 49
1855 57
1971 61
1809 56
2006 62
1656 51
1890 59
1785 55
1739 54
1726 53
1960 61
1914 59
1960 61
1774 55
2135 66
1796 56
1737 54
1726 53
2030 63
1809 56
1879 58
1925 60
1855 57
1761 55
1890 59
1704 53
1912 59
1868 58
1995 62
1669 52
1726 53
1973 61
1588 49
2159 67
1879 58
1982 61
1960 61
2100 65
1774 55
1796 56
1844 57
1739 54
1739 54
2135 66
2065 64
2030 63
1868 58
1973 61
1855 57
1901 59
1763 55
1820 56
1833 57
2100 65
1785 55
1833 57
1680 52
2240 70
2299 71
2078 64
1855 57
1796 56
1868 58
1833 57
1726 53
1868 58
1855 57
1844 57
1879 58
1960 61
1796 56
2030 63
2076 64
1960 61
1586 49
1599 49
1610 50
1774 55
1739 54
1796 56
1632 51
1879 58
1715 53
1936 60
1737 54
1737 54
2310 72
1761 55
1597 49
2275 71
1634 51
1798 56
1774 55
1728 54
1774 55
1809 56
2135 66
2054 64
1610 50
1599 49
1798 56
2275 71
1597 49
1842 57
1842 57
1774 55
1809 56
1785 55
1704 53
1925 60
1680 52
1866 58
2089 65
1785 55
1936 60
2019 63
1971 61
1645 51
1960 61
1877 58
1960 61
2043 63
1540 48
1879 58
1553 48
1855 57
1750 54
1645 51
1562 48
1807 56
1667 52
1844 57
1645 51
2122 66
1772 55
1702 53
1715 53
1715 53
1739 54
2356 73
2054 64
2122 66
1820 56
2065 64
2100 65
1949 60
1925 60
1925 60
2076 64
1785 55
1750 54
1844 57
1844 57
2205 68
1599 49
1610 50
1610 50
2146 67
1772 55
1914 59
1901 59
1971 61
1868 58
1737 54
1960 61
1842 57
1890 59
2461 76
2148 67
1772 55
1831 57
1798 56
1960 61
1866 58
2531 79
