38099524 193
30016312 152
30765604 156
30641028 155
30995912 157
31162328 158
30520628 155
30024728 152
30857252 156
30536020 155
30655728 155
31232100 158
31113800 158
31238928 158
34122388 173
30879284 157
31373212 159
30657868 155
31505404 160
30570992 155
31543572 160
30355700 154
30490428 155
30493340 155
30544512 155
30386856 154
30788056 156
30344284 154
29843772 151
35593300 181
30999440 157
31069348 158
30404436 154
30520796 155
31150488 158
30463636 154
30989252 157
30253888 153
30027364 152
29713792 151
30691896 156
30359924 154
30515672 155
30646616 155
30669556 155
30535532 155
30825144 156
31188180 158
30888552 157
31137828 158
30862364 156
30904396 157
31058004 157
31114480 158
30299700 154
30290840 154
32313824 164
30584580 155
30837872 156
31518040 160
34854796 177
30458292 154
30704596 156
30112536 153
30193932 153
30689620 156
30257832 153
30458768 154
29988720 152
30117152 153
30184388 153
30621820 155
30413724 154
29618320 150
30137524 153
36091556 183
30156884 153
30317116 154
29979684 152
29740748 151
30626856 155
30152808 153
30469800 154
30464860 154
30501340 155
30352816 154
30765076 156
30670532 155
30015816 152
30038216 152
30625252 155
30088756 153
30386376 154
30682644 156
30423848 154
30754272 156
30758512 156
30275372 153
30575984 155
30260540 153
30481548 155
30007000 152
30095000 153
30383924 154
30214524 153
30396568 154
33394976 169
30909172 157
29789904 151
30352012 154
30655892 155
30006704 152
29755592 151
29584236 150
29942388 152
30191428 153
30617536 155
30704436 156
30493320 155
30479968 155
39010284 198
31141404 158
30893448 157
30115196 153
30659097 155
30589640 155
30174312 153
30564292 155
30015332 152
30070516 152
30851108 156
30629428 155
30282708 154
30412588 154
29913460 152
31379516 159
30138300 153
30368828 154
29990656 152
30263320 153
30810476 156
30806016 156
30472540 154
30501904 155
30338824 154
31132820 158
30353816 154
30898316 157
29981952 152
29819632 151
37147940 188
30526740 155
30897840 157
30754612 156
30360840 154
31067460 158
30570300 155
32481180 165
30449560 154
30751592 156
30271300 153
30738388 156
30947408 157
31145296 158
30672548 156
31441876 159
30447496 154
29935936 152
30415956 154
30339300 154
29988468 152
31112380 158
30753888 156
30212292 153
30894832 157
30877312 157
30329532 154
30884436 157
30148992 153
30826000 156
31008156 157
30551228 155
30926836 157
30323188 154
31266872 159
31198728 158
30126576 153
31010828 157
29792344 151
30463964 154
30097560 153
30635638 155
30508100 155
30404612 154
30886996 157
35281496 179
30579756 155
30927374 157
30773980 156
30735804 156
30326552 154
30209156 153
30293652 154
30427796 154
30164992 153
30851000 156
30181076 153
40080768 203
29943128 152
30193012 153
32025468 162
30362148 154
30829052 156
30065716 152
30206656 153
30995460 157
30866764 156
29270560 148
30364228 154
29668640 150
30741708 156
30343992 154
30100932 153
29451440 149
29639412 150
29662076 150
29926924 152
29890376 152
30558584 155
29625160 150
29641216 150
29907192 152
30107204 153
30077116 152
29656656 150
32853876 167
29792964 151
29654700 150
29585832 150
37174012 189
29518140 150
30352720 154
29214132 148
30091160 153
30354788 154
30000940 152
29852316 151
29616576 150
29690848 151
29753508 151
29946500 152
30209920 153
29659932 150
37122936 188
29613336 150
30468620 154
30288044 154
30311832 154
29938420 152
29673092 150
29896268 152
29598072 150
29590788 150
30274700 153
30831232 156
30721516 156
30367252 154
37716396 191
30213024 153
29873956 151
29220260 148
29764516 151
30565496 155
29636512 150
30241304 153
30036744 152
30088096 153
29905572 152
30540672 155
29744048 151
29845628 151
29762988 151
30297852 154
30172468 153
30155232 153
30515248 155
29796888 151
30126284 153
30010896 152
30120172 153
30374300 154
30719348 156
29978828 152
29705036 151
29302116 149
29561892 150
29704756 151
29695728 151
29935152 152
30207976 153
30237812 153
30145052 153
43415788 220
29877180 151
30244424 153
30509724 155
29863652 151
30327148 154
29668192 150
29909384 152
30868336 157
30215568 153
30738784 156
29815092 151
30546552 155
29974000 152
30754556 156
30035308 152
30076760 152
29913436 152
29921104 152
29854788 151
29830336 151
30676972 156
30228744 153
29953400 152
30369504 154
29999872 152
30809956 156
29348688 149
30003840 152
29902220 152
30045608 152
29597740 150
29381840 149
30128208 153
29849332 151
29878708 151
30577184 155
29905636 152
29991260 152
29842748 151
30274276 153
29959356 152
29966440 152
29722508 151
30002408 152
29820300 151
30097292 153
37898512 192
30338048 154
30526656 155
30645952 155
29808884 151
30144984 153
29707992 151
30066036 152
31178100 158
29241948 148
29176980 148
29371408 149
29005560 147
29129076 148
29661824 150
29732844 151
29591808 150
29611420 150
29506364 150
29494292 150
28828572 146
29417988 149
28855300 146
29395700 149
29427324 149
29194564 148
29986304 152
29359408 149
30249324 153
30042276 152
30263024 153
29985108 152
29772092 151
30016404 152
29572740 150
30368096 154
30750840 156
31180532 158
30415156 154
30561840 155
30462148 154
30318348 154
30529772 155
30437652 154
31746732 161
31134160 158
30214832 153
30603888 155
30321668 154
30291368 154
30546048 155
31655924 161
31120960 158
31189984 158
31926612 162
30579608 155
31189524 158
33163032 168
30293028 154
31357828 159
30393144 154
30810788 156
30467576 154
31120948 158
30919416 157
31099252 158
30377572 154
30424024 154
30563360 155
30729540 156
30503512 155
30693344 156
31697164 161
30698336 156
30910548 157
30627432 155
30882680 157
31109896 158
30914880 157
30643136 155
30954184 157
31061444 157
30597912 155
30763204 156
31517764 160
30985048 157
30387840 154
30664722 155
31126696 158
30567652 155
30452368 154
31027860 157
30178248 153
30984276 157
30295448 154
31287292 159
30758208 156
30921335 157
30809836 156
30628284 155
30188012 153
30378940 154
30938080 157
30452060 154
30244584 153
30663724 155
30765884 156
30424180 154
30158652 153
31293896 159
30258076 153
30312656 154
30774788 156
30206372 153
31031428 157
30498420 155
30942084 157
30899772 157
30489896 155
31171695 158
30843760 156
30098528 153
30853088 156
30332400 154
30395540 154
30578556 155
30552680 155
30646912 155
30504972 155
30703300 156
30310304 154
30421680 154
30577364 155
30858224 156
30822084 156
31054476 157
30123084 153
30204392 153
30849972 156
30572980 155
30598876 155
30988160 157
31050724 157
31183124 158
31012984 157
30769448 156
31090204 158
31200980 158
30634472 155
30456604 154
30939172 157
31439444 159
31259872 158
30929316 157
31093540 158
31274304 159
31038876 157
31105328 158
31301652 159
31516900 160
30781756 156
31696140 161
31716524 161
31343712 159
31532620 160
31775814 161
31744440 161
31234140 158
31328004 159
30870560 157
30991128 157
30474480 155
30486712 155
30482120 155
30344448 154
31011764 157
31262484 159
30912796 157
30852768 156
31030692 157
31135684 158
31579236 160
31140832 158
31143620 158
30231976 153
30690776 156
30317016 154
30268544 153
29550596 150
30409732 154
30502680 155
29734388 151
32067492 163
30337952 154
31166116 158
30300436 154
30230116 153
30600680 155
30413504 154
30401500 154
30479384 155
30648460 155
30681440 156
28996236 147
29958628 152
29464160 149
30670172 155
29415936 149
29863348 151
30024188 152
29950924 152
30040308 152
29963772 152
31179804 158
29884220 151
30755492 156
30893084 157
30929096 157
30128516 153
30750344 156
30963240 157
30664728 155
30998992 157
30515128 155
30949928 157
30362420 154
30750964 156
30953060 157
30884548 157
31061068 157
30331428 154
31001488 157
31113468 158
30453652 154
30995468 157
30519652 155
31236800 158
30424608 154
44288340 225
30994396 157
31079652 158
30075388 152
30722440 156
30515772 155
30316028 154
30433012 154
30260388 153
30761472 156
30691932 156
30594392 155
31626120 160
30346760 154
30853768 156
30651896 155
30730848 156
31255720 158
30784416 156
30348836 154
29804808 151
30288820 154
30274052 153
31113312 158
30115368 153
30411944 154
30807628 156
29981740 152
29607224 150
29557996 150
30365224 154
29657628 150
30539744 155
29969892 152
29950172 152
29769172 151
30093920 153
30507156 155
30282540 154
30293720 154
29722372 151
30320688 154
30180652 153
30047700 152
30614216 155
30950956 157
31052540 157
30811756 156
30713716 156
30637192 155
30586960 155
31282620 159
30262976 153
30372568 154
31496328 160
30504276 155
30848372 156
30744556 156
30841764 156
30341028 154
30634344 155
30571572 155
30467892 154
30438972 154
30832036 156
30959904 157
30839584 156
30926140 157
30623892 155
30914164 157
30234244 153
30869992 157
30672336 156
30354992 154
30048280 152
30316516 154
30579028 155
30389832 154
30842348 156
30201336 153
30539344 155
30533056 155
30359496 154
30636352 155
29935988 152
30673764 156
30629616 155
30284100 154
30279232 154
29860624 151
30699544 156
29939888 152
30234036 153
30385704 154
30809452 156
29590524 150
30253572 153
29950272 152
29799556 151
29989832 152
30817072 156
30109492 153
30406720 154
30368112 154
30168176 153
30047936 152
30669524 155
30205272 153
30761248 156
29885752 152
29975684 152
30979140 157
30902884 157
30517460 155
29930912 152
30477360 155
30848796 156
30973204 157
31439576 159
30434404 154
30492924 155
30044908 152
30815804 156
31008496 157
29805580 151
30542192 155
30116884 153
30471824 154
30856204 156
30458632 154
30355096 154
30088644 153
30577600 155
29456212 149
30350996 154
30651348 155
30873772 157
30300116 154
30465600 154
30030980 152
30622964 155
29756924 151
30252948 153
31287584 159
30649976 155
30851472 156
30680500 156
30025576 152
30630852 155
30264052 153
30727284 156
30373236 154
30499212 155
30619476 155
30267576 153
30412424 154
30228564 153
30394636 154
30668996 155
30568680 155
30724132 156
30770832 156
31241756 158
30752220 156
31314724 159
31330004 159
30489280 155
30761628 156
30304920 154
31335100 159
30991380 157
30886092 157
30642936 155
30771692 156
31621824 160
31217540 158
30721484 156
30455980 154
30446396 154
30351796 154
30572456 155
30341892 154
30676404 156
30892516 157
30567344 155
31191980 158
30667476 155
31290228 159
30981124 157
31365780 159
30868420 157
31379072 159
30615772 155
30426852 154
31024296 157
31086916 158
30609532 155
30098252 153
29855960 151
30689860 156
30108776 153
31031768 157
30482892 155
30955376 157
30426948 154
30741748 156
30618688 155
30877428 157
30417336 154
31043272 157
30454364 154
31106440 158
30119908 153
30661908 155
30451340 154
30555728 155
31128360 158
30312092 154
30247236 153
30586380 155
30544020 155
30754308 156
29780376 151
30699724 156
30864344 156
31078444 158
30756348 156
30723956 156
30344732 154
29914216 152
30245428 153
30377604 154
29944940 152
30967124 157
30375496 154
30485436 155
30997732 157
30625612 155
30705100 156
29870096 151
30305776 154
30313988 154
31138540 158
31203840 158
30304052 154
30543852 155
29709760 151
30325940 154
30442784 154
30429832 154
30433680 154
30677932 156
30080752 152
30340240 154
30326844 154
30322684 154
30924480 157
30695500 156
31101832 158
31276196 159
30565480 155
29829104 151
29861856 151
30295284 154
30537596 155
30492468 155
30253872 153
30065992 152
29710408 151
30138916 153
30713060 156
31565004 160
30693688 156
30316816 154
30048116 152
30253760 153
29956420 152
30124856 153
30297028 154
30559816 155
30320128 154
30371840 154
30465952 154
31883948 162
31068352 158
31009180 157
30991616 157
30556008 155
30495124 155
30639408 155
31173024 158
30158576 153
30498700 155
30174572 153
30865516 156
30840404 156
30848324 156
30795488 156
29752416 151
30736504 156
30667692 155
30212420 153
30657264 155
30657972 155
30435848 154
30508052 155
30261928 153
30073564 152
30803720 156
30405564 154
30395532 154
31027900 157
30406764 154
30888684 157
29759964 151
30488980 155
30465604 154
30444252 154
30726700 156
30754900 156
30634656 155
29783464 151
30103264 153
29556372 150
30106324 153
30284836 154
30169644 153
30366580 154
30112572 153
29704060 151
30325868 154
30784104 156
30426856 154
29845788 151
30618484 155
29984772 152
30440308 154
30526436 155
30601924 155
30593404 155
29953568 152
30247068 153
29396644 149
30487252 155
30178816 153
30065776 152
30399404 154
30590768 155
30780716 156
30127896 153
30956652 157
30067916 152
30174688 153
30235508 153
30256336 153
30957072 157
30281520 154
29933044 152
29925972 152
29406436 149
30523716 155
29609876 150
30004520 152
30385324 154
30263392 153
30624368 155
30400344 154
30610896 155
30276536 153
30374056 154
29893356 152
29898512 152
30304072 154
29571408 150
30197832 153
30444716 154
30215084 153
29628292 150
29718488 151
29545128 150
29769696 151
30214700 153
29710320 151
29494624 150
30134768 153
29569032 150
30246504 153
29744004 151
30209544 153
29793096 151
30292636 154
29348660 149
29793040 151
29803368 151
30750644 156
29676064 150
29913008 152
30337584 154
30500580 155
30475324 155
30562628 155
30357540 154
30081480 153
30581460 155
30017144 152
29966868 152
30063340 152
29953176 152
30464580 154
30186804 153
30277832 154
30464084 154
29852988 151
