5996 46
5438 42
5788 45
5858 45
5810 45
5764 45
5589 43
5985 46
5508 43
5718 44
5576 43
5578 43
5600 43
5646 44
5694 44
5331 41
5998 46
5447 42
5670 44
5484 42
5508 43
5681 44
5670 44
5974 46
5775 45
6009 46
5694 44
5554 43
5624 43
5473 42
5495 42
5821 45
5694 44
5799 45
5775 45
5611 43
5600 43
5681 44
5810 45
5786 45
5823 45
5554 43
5473 42
5670 44
5589 43
5856 45
5716 44
5508 43
5694 44
6031 47
5449 42
6464 50
5718 44
5788 45
5670 44
5320 41
5471 42
5646 44
5810 45
5622 43
5705 44
5902 46
5576 43
5856 45
5657 44
5508 43
5670 44
5716 44
6077 47
6825 53
5543 43
5541 43
5751 44
5834 45
5740 44
5729 44
5670 44
6068 47
5681 44
5775 45
1984 15
1904 14
4068 31
4028 31
5611 43
5589 43
5950 46
5589 43
5740 44
5856 45
6160 48
5716 44
5379 42
5996 46
5541 43
5705 44
5646 44
5670 44
5624 43
5869 45
5613 43
5484 42
5613 43
5681 44
5902 46
5624 43
2032 15
5670 44
5692 44
5939 46
5797 45
5705 44
6066 47
5659 44
5543 43
5436 42
5751 44
6042 47
5552 43
5740 44
5659 44
5775 45
5716 44
5705 44
5692 44
6252 48
5869 45
5775 45
6020 47
5565 43
6171 48
5646 44
5589 43
6265 48
5786 45
5506 43
5858 45
5646 44
5694 44
5716 44
5635 44
5716 44
5775 45
5587 43
5880 45
6184 48
5517 43
5705 44
6079 47
5799 45
5718 44
5974 46
5823 45
5541 43
5893 46
5810 45
5764 45
5659 44
5705 44
5867 45
5786 45
5519 43
5589 43
5799 45
5764 45
5727 44
5670 44
6171 48
5635 44
5705 44
5810 45
5788 45
5775 45
5622 43
5473 42
5869 45
6173 48
5449 42
5600 43
6182 48
5589 43
5823 45
5635 44
5587 43
5716 44
5718 44
5471 42
5788 45
5659 44
5821 45
5681 44
1980 15
1868 14
2012 15
5659 44
5600 43
5659 44
5727 44
5740 44
5495 42
5823 45
5939 46
5484 42
5681 44
5727 44
5541 43
6066 47
5753 44
6090 47
5611 43
6147 48
5972 46
5799 45
5438 42
5425 42
5401 42
6077 47
5379 42
5425 42
5425 42
5753 44
5576 43
5635 44
5657 44
5611 43
5740 44
5635 44
6136 47
5902 46
5401 42
5845 45
5762 45
5692 44
6101 47
5775 45
5659 44
5810 45
5401 42
5683 44
5624 43
5880 45
5775 45
5670 44
5460 42
5576 43
5436 42
5729 44
6031 47
5845 45
5858 45
5600 43
5705 44
5613 43
5425 42
5471 42
5904 46
5904 46
5425 42
5753 44
5670 44
5495 42
5401 42
5751 44
6136 47
5939 46
5412 42
5438 42
5764 45
5797 45
5694 44
5659 44
5681 44
5635 44
5985 46
5600 43
5390 42
5611 43
6486 50
5858 45
5635 44
6567 51
5565 43
5904 46
6090 47
5543 43
5425 42
5611 43
5729 44
5858 45
6009 46
5541 43
5670 44
5611 43
5683 44
6160 48
5530 43
5611 43
5902 46
6136 47
5519 43
6265 48
5506 43
5589 43
5436 42
5600 43
6055 47
5705 44
5578 43
5799 45
5447 42
5613 43
5764 45
5506 43
5939 46
5530 43
5473 42
5821 45
5740 44
5506 43
5775 45
6790 53
6068 47
5600 43
5974 46
5751 44
5635 44
5950 46
5587 43
5740 44
5670 44
6766 52
5926 46
5425 42
5659 44
5495 42
5508 43
5996 46
5775 45
5565 43
5657 44
5447 42
5622 43
5495 42
5705 44
5799 45
5775 45
5565 43
5821 45
5565 43
5902 46
5716 44
5646 44
5880 45
5635 44
5530 43
5786 45
6451 50
6370 49
5460 42
6068 47
5390 42
5377 42
5764 45
5670 44
5578 43
5786 45
5635 44
5832 45
5659 44
5799 45
5985 46
5449 42
5589 43
6090 47
5915 46
5788 45
5635 44
5797 45
5635 44
5589 43
5797 45
5670 44
6009 46
5543 43
5613 43
5845 45
5937 46
6068 47
5904 46
5552 43
5775 45
5657 44
6160 48
5786 45
5624 43
6136 47
5611 43
6278 49
5412 42
5718 44
5904 46
5939 46
6103 47
5425 42
6090 47
5670 44
5832 45
5683 44
5635 44
5786 45
5635 44
5821 45
5810 45
5832 45
5519 43
5856 45
5576 43
5600 43
5657 44
6322 49
5517 43
5775 45
5578 43
5880 45
5482 42
6136 47
5799 45
5460 42
5939 46
5401 42
5845 45
5775 45
6241 48
5692 44
5587 43
5589 43
5810 45
5624 43
5554 43
5705 44
5495 42
5578 43
5705 44
5495 42
5611 43
5786 45
5635 44
5624 43
5379 42
5412 42
5646 44
5368 41
5412 42
5438 42
5974 46
5379 42
5729 44
5751 44
5635 44
5810 45
1872 14
6055 47
5530 43
6044 47
5823 45
5657 44
5740 44
6335 49
5926 46
6136 47
5751 44
5832 45
5799 45
2080 16
1864 14
6241 48
5519 43
5624 43
5412 42
5716 44
6346 49
5845 45
5681 44
6173 48
5845 45
5683 44
5447 42
5659 44
5891 46
5904 46
5718 44
5589 43
5705 44
5788 45
5694 44
5764 45
5939 46
5589 43
5939 46
5425 42
5425 42
5694 44
6182 48
1984 15
2028 15
5786 45
5834 45
5646 44
5519 43
5740 44
5482 42
5786 45
5471 42
5379 42
5786 45
5764 45
5950 46
6066 47
5530 43
5972 46
5775 45
5495 42
5425 42
5401 42
5891 46
5775 45
5786 45
5797 45
5624 43
5740 44
5764 45
5611 43
5727 44
5657 44
5670 44
5635 44
5622 43
5753 44
5436 42
5858 45
5635 44
5764 45
5762 45
5659 44
6101 47
5681 44
5729 44
5530 43
6230 48
5565 43
6230 48
5587 43
5554 43
5915 46
5799 45
5681 44
5460 42
5974 46
5869 45
5578 43
5681 44
5694 44
5646 44
5786 45
5589 43
5775 45
7326 57
6311 49
5821 45
5705 44
5716 44
6171 48
6324 49
5823 45
5648 44
5460 42
5902 46
5718 44
5799 45
5788 45
5635 44
5635 44
5412 42
5799 45
5902 46
5718 44
5915 46
6206 48
5775 45
5320 41
5552 43
5436 42
5880 45
5600 43
5506 43
5635 44
5764 45
6033 47
5775 45
5788 45
5718 44
5753 44
6066 47
5810 45
5611 43
5974 46
5764 45
5753 44
5996 46
5705 44
5624 43
5797 45
6007 46
5856 45
5659 44
5705 44
5670 44
5937 46
5797 45
5508 43
5648 44
5414 42
5401 42
5659 44
5786 45
5729 44
5589 43
5821 45
6090 47
5670 44
5613 43
6510 50
5729 44
5482 42
5482 42
5788 45
5810 45
5657 44
5762 45
5589 43
5659 44
5834 45
5705 44
5519 43
5775 45
5705 44
5519 43
5530 43
5963 46
5646 44
2176 17
5578 43
5694 44
6138 47
5379 42
6090 47
5751 44
5692 44
5600 43
5543 43
7000 54
5751 44
5646 44
5622 43
5576 43
5589 43
5635 44
5775 45
5823 45
5414 42
5576 43
5613 43
5786 45
5810 45
5576 43
5775 45
5786 45
5589 43
6510 50
5751 44
5705 44
5495 42
5718 44
5985 46
5576 43
5648 44
5950 46
5657 44
5670 44
5996 46
5891 46
6112 47
5775 45
5624 43
6079 47
5530 43
5788 45
5425 42
5867 45
5740 44
5635 44
5589 43
5716 44
6149 48
5902 46
5552 43
5657 44
5659 44
5611 43
5646 44
5543 43
5729 44
5683 44
5613 43
5530 43
6265 48
6206 48
5950 46
5530 43
5799 45
5624 43
5495 42
5613 43
5589 43
5495 42
5320 41
5519 43
5471 42
5449 42
5554 43
5635 44
5414 42
5670 44
5753 44
5694 44
5996 46
5799 45
5729 44
5659 44
5858 45
5670 44
5471 42
5823 45
6663 52
5611 43
5681 44
5856 45
5961 46
5670 44
5320 41
5705 44
5915 46
5541 43
5786 45
5729 44
5799 45
5996 46
5670 44
5926 46
5705 44
5775 45
5834 45
1988 15
1872 14
5797 45
5915 46
6265 48
5845 45
5729 44
5659 44
5764 45
6103 47
5926 46
5729 44
6219 48
5764 45
6357 49
5670 44
6370 49
5799 45
5775 45
5705 44
5974 46
5799 45
6031 47
5974 46
5517 43
5764 45
5775 45
5797 45
5764 45
5716 44
5565 43
5928 46
5622 43
5880 45
5751 44
5961 46
6020 47
5624 43
5657 44
5530 43
5600 43
6685 52
6171 48
5681 44
5821 45
5764 45
5613 43
5554 43
5963 46
5670 44
5764 45
5589 43
5659 44
5449 42
5517 43
5519 43
2068 16
6626 51
5740 44
5484 42
5740 44
5530 43
6276 49
5740 44
5751 44
5482 42
6208 48
6241 48
2052 16
1912 14
1952 15
5764 45
5762 45
5565 43
5716 44
5622 43
5775 45
5659 44
5821 45
5613 43
6313 49
5764 45
5716 44
5904 46
5902 46
6348 49
6112 47
5974 46
5659 44
6101 47
5915 46
5821 45
5681 44
5611 43
5576 43
5519 43
5657 44
5506 43
5530 43
6125 47
5622 43
5727 44
5904 46
5495 42
6033 47
5810 45
5788 45
5460 42
5414 42
5670 44
5996 46
5600 43
5902 46
5727 44
5683 44
5552 43
6031 47
5554 43
5762 45
5646 44
5508 43
6265 48
5646 44
5915 46
5692 44
6241 48
5659 44
5344 41
5775 45
5998 46
5834 45
5484 42
6184 48
5578 43
5845 45
5659 44
6357 49
5401 42
5425 42
5856 45
5565 43
5670 44
5915 46
5530 43
5751 44
5670 44
5694 44
5716 44
5646 44
5729 44
5823 45
5786 45
5506 43
5657 44
5764 45
5856 45
5554 43
5683 44
5788 45
5891 46
5716 44
5414 42
5425 42
5799 45
5624 43
5856 45
5670 44
5799 45
5694 44
5786 45
5670 44
6510 50
5775 45
5622 43
5998 46
5495 42
5915 46
5902 46
5484 42
6020 47
5810 45
5729 44
5635 44
5974 46
5786 45
5554 43
5786 45
5648 44
5799 45
5377 42
5425 42
5600 43
5786 45
5775 45
5716 44
5600 43
5587 43
6184 48
5552 43
5589 43
5578 43
5425 42
6521 50
5517 43
5635 44
6208 48
5519 43
6300 49
5425 42
6101 47
5425 42
5552 43
5600 43
5998 46
5342 41
5646 44
5460 42
5589 43
5611 43
5530 43
5401 42
5425 42
5915 46
5670 44
5764 45
6068 47
5727 44
5810 45
6276 49
5530 43
5611 43
5659 44
5578 43
5425 42
5414 42
5821 45
6138 47
5692 44
