1279508 156
1272716 155
1275074 155
1274361 155
1274083 155
1355841 165
1275866 155
1273943 155
1274116 155
1360474 166
1432036 174
1276544 155
1272121 155
1273777 155
1273639 155
1254365 153
1234649 150
1344967 164
1255765 153
1238790 151
1259790 153
1256325 153
1160045 141
1275459 155
437220 53
1272904 155
1272893 155
1274245 155
1273416 155
1274862 155
1275120 155
1270839 155
1251775 152
1257351 153
1271176 155
1272683 155
1269778 155
1464750 178
1258320 153
1271504 155
1273416 155
1275190 155
1274022 155
1358805 165
1279005 156
1273814 155
1273976 155
1273954 155
1273556 155
1235395 150
1271211 155
1273873 155
1275002 155
1235255 150
1267676 154
1272869 155
1270290 155
1274538 155
1259009 153
1247505 152
1239945 151
1239057 151
1271679 155
1235944 150
1323407 161
1254470 153
1266160 154
1271539 155
1274407 155
1274234 155
1274000 155
1273628 155
1274759 155
1273674 155
1272390 155
1272519 155
1274420 155
1272926 155
1275505 155
1456781 177
1273779 155
1273370 155
1274245 155
1272624 155
1273416 155
1272939 155
1461775 178
1274851 155
1228624 149
1271738 155
1351652 164
1257327 153
1253105 152
1269332 154
1271270 155
1269754 154
1275424 155
1259836 153
1237099 151
1230646 150
1232127 150
1242511 151
1436505 175
1245720 152
1244040 151
1233658 150
1240400 151
1243235 151
1243970 151
1340699 163
1260385 153
1269776 155
1270487 155
1270804 155
1256010 153
1254422 153
1232129 150
1226995 149
1278362 156
1236561 150
1241006 151
1237939 151
1239700 151
1270395 155
1255682 153
1263872 154
1254295 153
1239337 151
1253035 152
1274337 155
1273825 155
1255625 153
1256688 153
1272937 155
1288652 157
1270651 155
1270850 155
1235419 150
1253805 153
1234789 150
1234544 150
1420033 173
1272506 155
1269299 154
1272075 155
1273650 155
1275131 155
1369502 167
1270828 155
1272075 155
1268190 154
1265832 154
1356285 165
1463724 178
1344081 164
1272611 155
1273685 155
1274945 155
1355469 165
1272121 155
1266698 154
1274129 155
1356250 165
1275050 155
1274280 155
1258320 153
1274280 155
1270266 155
1280545 156
1274337 155
1274851 155
1276940 155
1271911 155
1273475 155
1403045 171
1274234 155
1271819 155
1273545 155
1274210 155
1272705 155
1271073 155
1274853 155
1274000 155
1272858 155
1269170 154
1273265 155
1270535 155
1273755 155
1274945 155
1272425 155
1274035 155
1273567 155
1273359 155
1274490 155
1270898 155
1281595 156
1275925 155
1271491 155
1273556 155
1272635 155
1274151 155
1271095 155
1422120 173
1273300 155
1255275 153
1269870 155
1235010 150
1234905 150
1234310 150
1274711 155
1273873 155
1271970 155
1274046 155
1275610 155
1272425 155
1273534 155
1273510 155
1420965 173
1275074 155
1274304 155
1272670 155
1270791 155
1274641 155
1270056 155
1416544 172
1274735 155
1274490 155
1356600 165
1273416 155
1271375 155
1270196 155
1324190 161
1273628 155
1275295 155
1274781 155
1274630 155
1275282 155
1275236 155
1273965 155
1274059 155
1273919 155
1272810 155
1274022 155
1273989 155
1274304 155
1254844 153
1232665 150
1255253 153
1255927 153
1343989 164
1256126 153
1234157 150
1238639 151
1332262 162
1237939 151
1273066 155
1253969 153
1273348 155
1271854 155
1426053 174
1274700 155
1275120 155
1272904 155
1275004 155
1274245 155
1274606 155
1274934 155
1274409 155
1274606 155
1270977 155
1269393 154
1273462 155
1274024 155
1370845 167
1273044 155
1250771 152
1266160 154
1254109 153
1251086 152
1232070 150
1356519 165
1247564 152
1235417 150
1231777 150
1340349 163
1220334 148
1221360 149
1219214 148
1347699 164
1201060 146
1240120 151
1252871 152
1258331 153
1371545 167
1263629 154
1230263 150
1236281 150
1239514 151
1235675 150
1255542 153
1422984 173
1240610 151
1249570 152
1238873 151
1239057 151
1245031 151
1246162 152
1380457 168
1273278 155
1275354 155
1274385 155
1273252 155
1273044 155
1274199 155
1416251 172
1274781 155
1274267 155
1273731 155
1273814 155
1274643 155
1274129 155
1436411 175
1273114 155
1274431 155
1273895 155
1275142 155
1274151 155
1274433 155
1274466 155
1342053 163
1275133 155
1273952 155
1273790 155
1274442 155
1273394 155
1273930 155
1274711 155
1272705 155
1273777 155
1272810 155
1361290 166
1273007 155
1272403 155
1274350 155
1273324 155
1272998 155
1273149 155
1269951 155
1269170 154
1372969 167
1273766 155
1273860 155
1274735 155
1274490 155
1272810 155
1274420 155
1417115 172
1274105 155
1273803 155
1272797 155
1274363 155
1273464 155
1273882 155
1273405 155
1427278 174
1275448 155
1273661 155
1274059 155
1272659 155
1274140 155
1270966 155
1270559 155
1423590 173
1272729 155
1272834 155
1272565 155
1274302 155
1273755 155
1274921 155
1275177 155
1442442 176
1274676 155
1273744 155
1274932 155
1274269 155
1272845 155
1273265 155
1273567 155
1432327 174
1273987 155
1273895 155
1274875 155
1274444 155
1269951 155
1274899 155
1451286 177
1274291 155
1269216 154
1272821 155
1275352 155
1274479 155
1274140 155
1417207 172
1274910 155
1270745 155
1273440 155
1273138 155
1274851 155
1274256 155
1273674 155
1346100 164
1274641 155
1269765 155
1273755 155
1273125 155
1270395 155
1274396 155
1274431 155
1270126 155
1435783 175
1263277 154
1270815 155
1273079 155
1271106 155
1273672 155
1275575 155
1274501 155
1274140 155
1271854 155
1256115 153
1256220 153
1255275 153
1271294 155
1449407 176
1271165 155
1271747 155
1256699 153
1272169 155
1274724 155
1362281 166
1354080 165
1270115 155
1270279 155
1253724 153
1271878 155
1416647 172
1266451 154
1272530 155
1271176 155
1272611 155
1272202 155
1453364 177
1238217 151
1237027 151
1234824 150
1236294 150
1256559 153
1235045 150
1341082 163
1237005 151
1270478 155
1275658 155
1274479 155
1274617 155
1274956 155
1439049 175
1275236 155
1274641 155
1274479 155
1275855 155
1272683 155
1273254 155
1274385 155
1426880 174
1274501 155
1272355 155
1273650 155
1273650 155
1273510 155
1273497 155
1362259 166
1274595 155
1269986 155
1273755 155
1271922 155
1417196 172
1274864 155
1271924 155
1273814 155
1271539 155
1273184 155
1255636 153
1272169 155
1434475 175
1275085 155
1273884 155
1272495 155
1273733 155
1273836 155
1271714 155
1286786 157
1274862 155
1274337 155
1272296 155
1274757 155
1274153 155
1272764 155
1274466 155
1272379 155
1272355 155
1273906 155
1274851 155
1273160 155
1274363 155
1277465 155
1273836 155
1274396 155
1273252 155
1273943 155
1274573 155
1276765 155
1274816 155
1274490 155
1274372 155
1275691 155
1272670 155
1273661 155
1273976 155
1357031 165
1273486 155
1275061 155
1274221 155
1275492 155
1451776 177
1275680 155
1275389 155
1274245 155
1359551 165
1273182 155
1273744 155
1273989 155
1274676 155
1272834 155
1274164 155
1274339 155
1271515 155
1273287 155
1273300 155
1284174 156
1273814 155
1273941 155
1273626 155
1272051 155
1274444 155
1273790 155
1346612 164
1272355 155
1262953 154
1259252 153
1270640 155
1270557 155
1271865 155
1271911 155
1274396 155
1273696 155
1271876 155
1273930 155
1274512 155
1274713 155
1270931 155
1387411 169
1251274 152
1263535 154
1110981 135
1240072 151
1233658 150
1195786 145
1360706 166
1271364 155
1255988 153
1279099 156
1322136 161
1234988 150
1257340 153
1271598 155
1274070 155
1271876 155
1419998 173
1274477 155
1359308 165
1275144 155
1271213 155
1235045 150
1274385 155
1351560 164
1269765 155
1274083 155
1256058 153
1235231 150
1256045 153
1349403 164
1271176 155
1268936 154
1275518 155
1357777 165
1275656 155
1282995 156
1273556 155
1274573 155
1274070 155
1273720 155
1274221 155
1274011 155
1423695 173
1273871 155
1274689 155
1355154 165
1273742 155
1275026 155
1276065 155
1352050 165
1438242 175
1272296 155
1269719 154
1266090 154
1234997 150
1243887 151
1236095 150
1256441 153
1345459 164
1262052 154
1255404 153
1274980 155
1257644 153
1271071 155
1273276 155
1417443 173
1275634 155
1273895 155
1272670 155
1239455 151
1238742 151
1238324 151
1238475 151
1252545 152
1242675 151
1244576 151
1248717 152
1248555 152
1246897 152
1244204 151
1249115 152
1244121 151
1239339 151
1254669 153
1257106 153
1275750 155
1236095 150
1234124 150
1236213 150
1237250 151
1236165 150
1254483 153
1256557 153
1274794 155
1262986 154
1275236 155
1274735 155
1275282 155
1275282 155
1275225 155
1274700 155
1273685 155
1273276 155
1271539 155
1259989 153
1272226 155
1349799 164
1273381 155
1270454 155
1342134 163
1273475 155
1272436 155
1275435 155
1347931 164
1426880 174
1258473 153
1272670 155
1328414 162
1275796 155
1274186 155
1274619 155
1427276 174
1274197 155
1274805 155
1272495 155
1275015 155
1274291 155
1273860 155
1270581 155
1274945 155
1274162 155
1274339 155
1274374 155
1270441 155
1270955 155
1256137 153
1400665 170
1260875 153
1239197 151
1243224 151
1249826 152
1246652 152
1255708 153
1243911 151
1352726 165
1257388 153
1269194 154
1265565 154
1269778 155
1272915 155
1269065 154
1272659 155
1270290 155
1272996 155
1269894 155
1273160 155
1256139 153
1416426 172
1274862 155
1273241 155
1276859 155
1275424 155
435936 53
1272659 155
1320071 161
1233844 150
1271480 155
1267477 154
1269717 154
1270185 155
1275085 155
430516 52
1271596 155
1257095 153
431252 52
1251834 152
1270933 155
1269065 154
1430671 174
1273545 155
1274245 155
1273112 155
1273930 155
1273090 155
1269566 154
1272272 155
1234730 150
1235139 150
1256067 153
1273930 155
1273475 155
1412928 172
1274735 155
1272950 155
1267899 154
1253991 153
1271073 155
1273311 155
1432666 174
1235430 150
1235209 150
1236235 150
1257432 153
1254564 153
1447751 176
1327270 162
1273731 155
1254844 153
1266184 154
1402918 171
1253829 153
1442606 176
1273919 155
1272740 155
1273184 155
1274455 155
1274210 155
1416030 172
1278294 156
1274339 155
1274584 155
1272729 155
1268774 154
1275330 155
1274770 155
1427031 174
1274770 155
1271631 155
1273709 155
1273663 155
1275085 155
1274630 155
1274676 155
1277594 155
1273860 155
1274374 155
1275308 155
1272412 155
1273674 155
1274374 155
1281748 156
1273895 155
1275435 155
1274129 155
1271154 155
1273322 155
1271981 155
1427020 174
1234997 150
1235839 150
1272565 155
1275120 155
1273020 155
1273254 155
1273663 155
1272307 155
1259381 153
1254785 153
1270979 155
1256511 153
1254295 153
1254562 153
1271025 155
1276367 155
1272145 155
1274000 155
1273685 155
1271924 155
1272589 155
1272729 155
1344805 164
1274431 155
1256032 153
1268236 154
1272414 155
1275131 155
1273488 155
1345002 164
1274490 155
1274864 155
1272051 155
1369456 167
1274993 155
1274315 155
1273580 155
1272950 155
1273090 155
1271375 155
1465951 178
1261634 154
1271340 155
1271666 155
1272937 155
1271399 155
1273978 155
1451695 177
1274538 155
1270220 155
1271760 155
1275796 155
1273626 155
1274234 155
1348340 164
1273965 155
1273930 155
1274770 155
1275691 155
1272974 155
1255159 153
1425259 173
1275516 155
1274490 155
1270745 155
1270861 155
1256349 153
1255743 153
1255345 153
1439679 175
1238895 151
1271679 155
1256279 153
1255695 153
1267024 154
1270955 155
1379011 168
1272156 155
1276065 155
1273556 155
1234369 150
1235745 150
1233901 150
1414350 172
1265670 154
1231790 150
1238720 151
1238685 151
1235325 150
1236399 150
1271130 155
1374299 167
1273731 155
1275050 155
1356309 165
1265484 154
1254446 153
1259604 153
1255929 153
1234345 150
1235780 150
1265005 154
1419495 173
1274140 155
1273943 155
1274374 155
1269240 154
1255671 153
1267490 154
1411701 172
1273639 155
1271911 155
1274584 155
1273707 155
1272263 155
1273370 155
1274302 155
1275271 155
1272963 155
1273768 155
1272961 155
1351210 164
1273604 155
1275308 155
1275459 155
1478155 180
1274921 155
1274794 155
1270163 155
1268693 154
1236353 150
1239735 151
1240737 151
1438220 175
1238254 151
1234811 150
1271200 155
1273580 155
1274304 155
1275015 155
1419005 173
1275330 155
1255555 153
1268365 154
1268938 154
1273790 155
1274385 155
1273987 155
1354885 165
1265473 154
1236141 150
1235874 150
1237845 151
1233855 150
1255404 153
1419064 173
1271502 155
1269684 154
1270150 155
1235793 150
1274617 155
1274700 155
1422704 173
1273871 155
1274024 155
1274059 155
1360113 166
1274514 155
1274258 155
1274654 155
1509036 184
1275273 155
1273661 155
1275365 155
1360369 166
1274654 155
1274245 155
1464492 178
1273370 155
1271154 155
1258204 153
