2632234 160
2633446 160
2634612 160
2706852 165
2632805 160
2632665 160
2631941 160
2634216 160
902584 55
2633085 160
2632258 160
2642990 161
2632888 160
2631429 160
2761839 168
2632385 160
2632431 160
2720526 166
2633236 160
2773890 169
2633971 160
2632444 160
2633343 160
2712395 165
2633960 160
2633352 160
2632409 160
2728670 166
2631954 160
2632374 160
2706550 165
2632969 160
2633411 160
2632608 160
2632923 160
2630998 160
2630565 160
2632385 160
1297217 79
901872 55
2631243 160
2631919 160
2724645 166
2632315 160
2633004 160
902764 55
902808 55
2632840 160
2716000 165
2634638 160
2807980 171
2632013 160
2707471 165
2633809 160
2632853 160
2632781 160
903008 55
2632234 160
2724551 166
2632910 160
2633308 160
2713703 165
902572 55
2633448 160
2632547 160
2631160 160
2717715 165
2713843 165
2632910 160
2710809 165
2632967 160
2633271 160
2629410 160
2633446 160
2708044 165
2631348 160
2632525 160
2759400 168
2631777 160
2634111 160
2632057 160
2631965 160
983705 60
902888 55
2709315 165
2631779 160
2686810 163
2708381 165
2631873 160
2633026 160
2631475 160
2631558 160
2633319 160
2632654 160
2634181 160
2774076 169
2631777 160
2633142 160
2714202 165
2631370 160
902680 55
902528 55
2632035 160
2632991 160
2632689 160
2633190 160
2630635 160
2631125 160
2632315 160
2722252 166
2632210 160
2632466 160
2195445 133
902220 55
902220 55
2631416 160
1891592 115
902696 55
2633096 160
2790421 170
2630447 160
2633004 160
2633308 160
2632337 160
2632116 160
2630799 160
2632573 160
2773109 169
2632374 160
2631626 160
2636784 160
2632223 160
901788 55
902788 55
2257230 137
2630482 160
2709665 165
2632700 160
2631313 160
2757265 168
2632619 160
2632514 160
2713152 165
2632385 160
2632617 160
2632269 160
2632280 160
2631779 160
2633726 160
902428 55
2631429 160
2788601 170
2631919 160
2633411 160
2714320 165
2630355 160
2758175 168
2631429 160
2633085 160
2720561 166
2631311 160
2633271 160
2633037 160
2633540 160
2708405 165
2631558 160
2632245 160
2766098 168
2630344 160
2634905 160
2632945 160
2630460 160
2712616 165
2637963 161
2631825 160
1774900 108
902708 55
902988 55
2801120 170
2632932 160
2707309 165
2634194 160
2633378 160
2758175 168
2633050 160
2632105 160
2632116 160
2632923 160
902800 55
902380 55
2631569 160
2633376 160
2632501 160
2633096 160
2781986 169
2632070 160
2635010 160
2722055 166
2632921 160
2632862 160
2713073 165
2633072 160
2631709 160
2633505 160
2631265 160
2714134 165
2632269 160
2631779 160
2767719 168
2632199 160
2632431 160
2633282 160
2713119 165
1336177 81
903140 55
2631208 160
902996 55
902356 55
902680 55
901968 55
1587783 96
903088 55
2633470 160
2631895 160
2719850 166
2632700 160
2632116 160
2770167 169
2632606 160
2632199 160
2632164 160
2632385 160
902796 55
902992 55
2769749 169
2631895 160
2630902 160
2707939 165
2630786 160
2632350 160
2631206 160
2631171 160
2632665 160
2631114 160
2632945 160
2797130 170
2632899 160
2631860 160
2720259 166
2631779 160
2632280 160
2632396 160
2631976 160
1626640 99
902472 55
2632092 160
2633107 160
2632374 160
2632501 160
2727117 166
2631731 160
2631707 160
2709805 165
2632816 160
2715195 165
2632315 160
2634614 160
2703831 165
2630775 160
2631440 160
2630869 160
2632910 160
2631276 160
2630775 160
2632105 160
2806976 171
2632956 160
2632337 160
2711299 165
2630449 160
2715077 165
2631405 160
2633050 160
2632676 160
2633273 160
2633844 160
2726548 166
2632584 160
2712920 165
2781240 169
2631755 160
2631650 160
2712791 165
2632851 160
2634496 160
2633575 160
2631731 160
2716151 165
2632118 160
2633319 160
2704870 165
2632956 160
2635721 160
2752225 167
2632175 160
2633376 160
2633133 160
2715381 165
902116 55
969124 59
2630156 160
2856595 174
2630495 160
2633516 160
2633470 160
2713362 165
1814834 110
902496 55
2814794 171
2634286 160
2631989 160
2707449 165
2631965 160
2633925 160
2722160 166
2631335 160
2714296 165
2633271 160
2633761 160
2709991 165
2631440 160
2632151 160
2892238 176
2633166 160
2633470 160
2631976 160
2716116 165
1647000 100
902676 55
2633004 160
2630368 160
2631440 160
2631335 160
2689995 164
2719675 165
2636235 160
2632713 160
2632746 160
2717505 165
2633085 160
903272 55
2633190 160
2634159 160
2715838 165
2632372 160
2731691 166
2634087 160
2633142 160
2706305 165
2633168 160
2632665 160
2632221 160
902296 55
902372 55
2633903 160
2632293 160
2631755 160
2630856 160
2646899 161
2632501 160
2632140 160
1708431 104
902708 55
2632654 160
2769889 169
2631873 160
2632735 160
2632549 160
2632827 160
902540 55
902580 55
2631031 160
2631416 160
2633260 160
2631615 160
2634299 160
2633319 160
2632759 160
2699841 164
2633610 160
2633623 160
2357757 143
902716 55
2201218 134
2631814 160
2632256 160
2705349 165
2632374 160
2712207 165
2631031 160
903488 55
2631475 160
2634439 160
2632315 160
2631322 160
2631628 160
2756331 168
2631066 160
2632770 160
2729871 166
2631066 160
2631860 160
2631068 160
2630517 160
2633750 160
2632326 160
2632175 160
2631978 160
2631941 160
2631510 160
2770342 169
2629714 160
2632897 160
2704181 165
2632140 160
2634334 160
2633844 160
2719406 165
2633271 160
2631941 160
2631709 160
2715324 165
2631626 160
2630333 160
2632921 160
2719209 165
2633527 160
2710387 165
2631733 160
2631558 160
2709431 165
2632221 160
2633236 160
2719371 165
2633306 160
2632490 160
2632267 160
2632619 160
2754699 168
2630950 160
2631919 160
2793490 170
2633527 160
2631440 160
2633155 160
2631335 160
2633249 160
2631838 160
2632350 160
2709186 165
2641496 161
2631160 160
2642710 161
2632956 160
2632339 160
2703960 165
2633306 160
2630530 160
2712570 165
2630799 160
2634601 160
2714110 165
2638534 161
2640785 161
2715440 165
2711927 165
2633085 160
2632619 160
2689284 164
2632116 160
2635723 160
2632829 160
2631825 160
2710144 165
2632969 160
2632945 160
2687967 164
969872 59
901772 55
2632396 160
2633306 160
2645335 161
2631814 160
2632630 160
2707414 165
2632956 160
2631335 160
2719279 165
2628756 160
2632851 160
2631849 160
2632269 160
2841020 173
2632398 160
2633177 160
2794411 170
2630880 160
2633004 160
2631871 160
2633995 160
2714414 165
2631416 160
2632186 160
2720375 166
2631779 160
2632700 160
2800643 170
2633586 160
2632910 160
2632011 160
2632350 160
2761511 168
2633890 160
2629795 160
2706294 165
2633144 160
902772 55
902232 55
995952 60
2632059 160
2631055 160
2716455 165
2632875 160
2687532 164
2633004 160
2631475 160
2801039 170
2633376 160
2632221 160
2632280 160
2632420 160
2632350 160
2632059 160
2708976 165
2633785 160
2633866 160
2793304 170
2632652 160
2632851 160
2631976 160
2634310 160
2805611 171
2632245 160
2631591 160
2786503 170
2632678 160
2633658 160
2631173 160
2629655 160
2715370 165
2633295 160
2631965 160
2632315 160
2631488 160
2631871 160
2633785 160
2631359 160
2712430 165
1458791 89
902788 55
1987222 121
2633774 160
2632805 160
2632409 160
2630471 160
2639059 161
2632875 160
2633621 160
2632083 160
2632210 160
1410665 86
902448 55
2058056 125
2631429 160
2634043 160
2632617 160
2630285 160
2631499 160
2632665 160
2631545 160
2713620 165
2767135 168
2632958 160
2633901 160
2706467 165
2632514 160
902716 55
902656 55
2633435 160
2631510 160
2632967 160
2636865 160
2633074 160
2631895 160
2630716 160
2717715 165
2712021 165
2633435 160
2632536 160
2711638 165
2632584 160
2634485 160
2632665 160
2631287 160
2711356 165
2631510 160
2631895 160
2762913 168
2633890 160
2632980 160
2632083 160
2631171 160
2632910 160
2632735 160
2632781 160
2633597 160
2628721 160
902608 55
2633306 160
2633868 160
2726780 166
2631287 160
2632011 160
2765479 168
2632420 160
2631930 160
2632853 160
2632092 160
902640 55
902304 55
2632175 160
2631206 160
2713935 165
2639000 161
2631475 160
1966243 120
902516 55
2632083 160
2632630 160
2711264 165
2632455 160
2718218 165
2633107 160
2630856 160
2720703 166
2632000 160
2632536 160
2263393 138
902716 55
2605532 159
902520 55
2707064 165
2630961 160
2704485 165
2632805 160
2633855 160
2632245 160
2634962 160
2630928 160
2632223 160
2630530 160
2633085 160
2631755 160
2715219 165
2782839 169
2632199 160
2633061 160
2633061 160
2632934 160
903180 55
902376 55
2634719 160
2632035 160
2634052 160
2631453 160
2631895 160
2781393 169
2632899 160
2632083 160
2630016 160
2631580 160
2631103 160
2632140 160
2707309 165
2631394 160
2631952 160
2262564 138
902364 55
901996 55
902788 55
2632840 160
2631943 160
902620 55
2770587 169
2630296 160
2632899 160
2727795 166
2632549 160
2715615 165
2634509 160
2632921 160
2631510 160
2632748 160
2633995 160
2706655 165
2631847 160
2632164 160
2762095 168
2631639 160
2631825 160
2633529 160
2632713 160
967456 59
902512 55
2633809 160
2631591 160
2631569 160
2633704 160
2631965 160
2632164 160
2710903 165
2633798 160
2632886 160
2757965 168
2632035 160
2633459 160
2699119 164
2715009 165
2632129 160
2632315 160
2634275 160
2708241 165
2631545 160
2632641 160
2698664 164
2632840 160
2706865 165
2631451 160
2631965 160
2632269 160
2630320 160
2706178 165
2715556 165
903108 55
902684 55
2630541 160
2792055 170
2631241 160
2632606 160
2631580 160
2632199 160
2633015 160
2632606 160
2634437 160
2737676 167
2630926 160
2632304 160
2762946 168
2632455 160
2633411 160
2635021 160
2633096 160
2631628 160
2633225 160
2633389 160
2632466 160
2631532 160
2632921 160
2707263 165
2715031 165
2633330 160
2752446 167
2631615 160
2631895 160
2704380 165
2633413 160
2632385 160
2717201 165
2630460 160
2632724 160
2632921 160
2631195 160
2710133 165
2632805 160
2704065 165
2840506 173
2632304 160
2632326 160
2632514 160
2633341 160
902764 55
902152 55
2631790 160
2633494 160
2632361 160
2634113 160
2632687 160
2632304 160
2633177 160
902372 55
2710365 165
2633632 160
2633225 160
2633551 160
902484 55
2632070 160
904700 55
902452 55
2631125 160
2632221 160
2719032 165
2632665 160
2633855 160
2799147 170
903584 55
1679568 102
2631031 160
2632536 160
2630950 160
2631943 160
902828 55
902936 55
2767577 168
2630788 160
2634157 160
2631895 160
2634205 160
2632711 160
2631836 160
2709059 165
2631930 160
2633949 160
2281411 139
902460 55
2633120 160
2631930 160
2632840 160
2707132 165
2703516 165
2630705 160
2721648 166
2632514 160
2633004 160
2632455 160
902424 55
2634695 160
2705056 165
2716595 165
2631335 160
2632269 160
2631079 160
2633319 160
2633260 160
2631674 160
1737179 106
902516 55
2632827 160
2632827 160
2708906 165
2680031 163
2633155 160
2632606 160
2633004 160
2631698 160
2631418 160
2630436 160
1870625 114
902616 55
2760647 168
2630121 160
2634776 160
2696877 164
2634579 160
902728 55
902544 55
903312 55
2254870 137
2633877 160
2714401 165
2630740 160
2631440 160
2633295 160
2631755 160
2708954 165
2631954 160
2632584 160
2264540 138
901472 55
902536 55
2632573 160
2631836 160
2708160 165
2632197 160
2632350 160
2718894 165
2633494 160
2633691 160
2765993 168
2631475 160
2632875 160
2632910 160
2633492 160
2803244 171
2635885 160
2632805 160
2717411 165
2631195 160
2633448 160
2707180 165
2633435 160
2632910 160
2632921 160
2630541 160
2633330 160
2633015 160
2632127 160
1772221 108
902556 55
2632455 160
2633201 160
2632291 160
2632886 160
2785416 170
2633866 160
2632011 160
2713327 165
2631405 160
2631475 160
2622063 160
902584 55
2631849 160
2632538 160
2632140 160
2787527 170
2631650 160
2706701 165
2633785 160
2633260 160
2632162 160
2632420 160
2630191 160
2714902 165
2631685 160
2644296 161
2631930 160
2631895 160
1739641 106
902608 55
2632711 160
902932 55
2631556 160
2633575 160
2632092 160
2633597 160
1305677 79
902268 55
2633131 160
2633155 160
2632398 160
2729989 166
2702643 164
2631324 160
2632385 160
2632689 160
2725043 166
2633459 160
2634450 160
2634159 160
2718089 165
2630016 160
2632116 160
2633715 160
2721821 166
2631626 160
2631521 160
2704216 165
902676 55
2631475 160
2632455 160
2707565 165
2701943 164
2632851 160
2631895 160
2633785 160
2632770 160
2631418 160
2633319 160
2755386 168
2633575 160
2632851 160
