65918 64
65951 64
65789 64
65811 64
65684 64
66021 64
65940 64
66021 64
65883 64
66021 64
65951 64
65824 64
65916 64
66010 64
66010 64
66067 64
65975 64
66056 64
66021 64
65870 64
65964 64
65660 64
65730 64
65730 64
66067 64
65789 64
65916 64
65940 64
65811 64
22700 22
22836 22
22616 22
65822 64
65870 64
65964 64
66080 64
66161 64
65999 64
66045 64
66511 64
65953 64
65940 64
65787 64
66349 64
66023 64
65824 64
65999 64
65905 64
65940 64
65975 64
66069 64
65940 64
72017 70
66185 64
65962 64
66010 64
65894 64
65846 64
65975 64
65940 64
66172 64
66209 64
69031 67
65975 64
65997 64
65881 64
65835 64
66150 64
65999 64
65986 64
66336 64
65787 64
66010 64
65999 64
66161 64
66010 64
65800 64
66010 64
66172 64
65719 64
66045 64
66139 64
75053 73
65999 64
65999 64
65975 64
66150 64
65848 64
65881 64
66093 64
65673 64
65813 64
66338 64
65988 64
65835 64
66093 64
66150 64
65953 64
66172 64
66023 64
65929 64
66032 64
66161 64
65999 64
66115 64
65905 64
66126 64
66207 64
66325 64
65940 64
65940 64
66220 64
65811 64
65951 64
65905 64
66126 64
66139 64
66104 64
66032 64
66266 64
66010 64
66139 64
66476 64
65894 64
66150 64
65800 64
66032 64
66207 64
66045 64
65929 64
66080 64
65940 64
66314 64
65730 64
66174 64
65859 64
66058 64
65894 64
66058 64
65892 64
65951 64
65813 64
66104 64
65870 64
66058 64
66034 64
69171 67
65894 64
66010 64
66045 64
65789 64
66045 64
65870 64
65975 64
65905 64
65811 64
65813 64
65859 64
65881 64
65741 64
65719 64
65789 64
66242 64
65835 64
65789 64
65964 64
65892 64
65986 64
65916 64
66231 64
65940 64
66056 64
66069 64
65894 64
65857 64
65870 64
65940 64
66137 64
65743 64
65999 64
65730 64
65846 64
65835 64
65754 64
65730 64
66045 64
65962 64
66336 64
66034 64
65778 64
65741 64
65940 64
66010 64
66021 64
66069 64
65929 64
67106 65
66056 64
65813 64
65999 64
66174 64
66010 64
66067 64
65953 64
65975 64
65894 64
65927 64
66104 64
66069 64
65846 64
66172 64
65999 64
66594 65
65918 64
65787 64
65988 64
65962 64
65999 64
66080 64
66034 64
65857 64
65929 64
66104 64
66244 64
65986 64
65892 64
65857 64
65999 64
65929 64
65916 64
65929 64
65870 64
65905 64
65870 64
65905 64
65846 64
83112 81
65846 64
66069 64
65765 64
65776 64
65800 64
65870 64
65800 64
65730 64
65717 64
65789 64
235246 229
65811 64
65881 64
65846 64
69440 67
65894 64
65824 64
66080 64
66255 64
65881 64
66277 64
66010 64
66034 64
65719 64
65857 64
66032 64
65929 64
66080 64
66209 64
66266 64
66023 64
65905 64
65625 64
65929 64
66150 64
66023 64
66056 64
65870 64
66023 64
66034 64
66209 64
65776 64
66196 64
65894 64
65999 64
65999 64
66163 64
66091 64
66010 64
66021 64
65905 64
66034 64
66069 64
65765 64
66268 64
65787 64
65881 64
66032 64
65719 64
65778 64
65859 64
65894 64
65905 64
65800 64
66034 64
65789 64
65964 64
65870 64
65940 64
66312 64
65894 64
65962 64
65905 64
65824 64
65741 64
66220 64
65894 64
65846 64
66080 64
65835 64
65929 64
65673 64
65905 64
65953 64
65905 64
65824 64
65940 64
65671 64
66093 64
65776 64
65894 64
65824 64
66139 64
65800 64
65717 64
65916 64
65824 64
65822 64
65975 64
65671 64
65800 64
65975 64
66244 64
65916 64
65940 64
65894 64
66196 64
65964 64
66034 64
65765 64
66266 64
65951 64
66045 64
66032 64
65940 64
65997 64
66080 64
66056 64
65975 64
65859 64
66021 64
66303 64
65800 64
65765 64
66476 64
65835 64
65811 64
65800 64
65846 64
66034 64
65870 64
65997 64
65706 64
65999 64
65951 64
66406 64
66139 64
65881 64
65811 64
66266 64
66115 64
65811 64
66115 64
66128 64
66010 64
66102 64
66045 64
65787 64
65975 64
65986 64
65835 64
66266 64
65905 64
66209 64
66185 64
66150 64
66150 64
65929 64
65905 64
66080 64
66080 64
66069 64
65905 64
65894 64
65997 64
65846 64
66115 64
65824 64
65741 64
65857 64
66115 64
65927 64
65776 64
65929 64
65800 64
65719 64
65822 64
65822 64
65695 64
66150 64
65835 64
66233 64
65857 64
65835 64
65929 64
66220 64
65741 64
65835 64
65894 64
66640 65
65962 64
66382 64
65894 64
66010 64
65835 64
65927 64
65905 64
22636 22
22624 22
22568 22
22540 22
22648 22
66419 64
66104 64
65988 64
66209 64
66255 64
66010 64
65754 64
66220 64
65905 64
65813 64
66185 64
65975 64
66023 64
65892 64
66080 64
65940 64
66384 64
65870 64
65975 64
65612 64
66150 64
65975 64
66010 64
65964 64
66220 64
66045 64
65822 64
66115 64
70059 68
66290 64
66325 64
65881 64
65999 64
66150 64
66196 64
65649 64
65765 64
66067 64
66080 64
65881 64
65894 64
65881 64
66349 64
66920 65
66067 64
65706 64
65940 64
66091 64
66126 64
65940 64
65800 64
65765 64
66021 64
65940 64
65988 64
65835 64
65964 64
66023 64
65719 64
65894 64
66021 64
65846 64
66150 64
65905 64
66023 64
65927 64
66139 64
66279 64
66279 64
65881 64
65916 64
65916 64
65975 64
65929 64
65999 64
65975 64
65881 64
66069 64
66091 64
66034 64
65999 64
66115 64
65929 64
65951 64
65905 64
66115 64
65940 64
65940 64
66032 64
66034 64
65835 64
66185 64
66080 64
65999 64
65916 64
66104 64
65940 64
65765 64
66115 64
65883 64
67911 66
66080 64
66115 64
66080 64
66126 64
65951 64
65730 64
70000 68
66255 64
65870 64
65894 64
65848 64
65754 64
65986 64
66207 64
66021 64
66080 64
65695 64
65822 64
66161 64
65929 64
66058 64
65835 64
65918 64
66010 64
65918 64
65975 64
66174 64
66325 64
65905 64
65927 64
66255 64
65975 64
65881 64
66010 64
66220 64
66021 64
65953 64
66196 64
66080 64
66172 64
66056 64
66325 64
66010 64
65999 64
65986 64
66115 64
66045 64
66139 64
66115 64
66102 64
65881 64
65975 64
66209 64
67025 65
65870 64
66045 64
65614 64
66347 64
66021 64
66069 64
66185 64
65894 64
66080 64
65824 64
66150 64
66150 64
66126 64
65835 64
65835 64
150419 146
66161 64
65953 64
65988 64
65881 64
66115 64
65857 64
65975 64
65953 64
65894 64
65986 64
66045 64
65848 64
66115 64
66161 64
66325 64
65975 64
65951 64
66301 64
66115 64
66255 64
66032 64
66045 64
65940 64
65951 64
22644 22
22584 22
22772 22
66034 64
66032 64
65894 64
66290 64
65929 64
66010 64
65940 64
65800 64
66056 64
65883 64
66150 64
66137 64
65951 64
22676 22
22608 22
22572 22
65953 64
66395 64
65706 64
65859 64
66395 64
66172 64
66091 64
65940 64
65881 64
65881 64
66209 64
65962 64
66303 64
66010 64
65859 64
65754 64
65997 64
66371 64
65997 64
65951 64
65953 64
65940 64
65975 64
65905 64
65892 64
65813 64
66010 64
65752 64
65835 64
66174 64
65743 64
66198 64
65813 64
65894 64
66023 64
65848 64
65988 64
65859 64
65730 64
66034 64
65846 64
65776 64
65800 64
65813 64
66010 64
65905 64
65905 64
66093 64
65717 64
65776 64
65951 64
65684 64
65999 64
65789 64
65800 64
65916 64
65881 64
65822 64
66010 64
65813 64
65883 64
66266 64
65892 64
65975 64
65859 64
65789 64
65940 64
65927 64
65776 64
66021 64
66069 64
65940 64
65824 64
65730 64
65695 64
65752 64
65741 64
65730 64
65894 64
65927 64
65708 64
65881 64
65743 64
66058 64
65905 64
65765 64
65824 64
65988 64
66885 65
65730 64
65940 64
65927 64
66198 64
66080 64
66139 64
66021 64
66406 64
66161 64
65859 64
66231 64
65883 64
66137 64
65975 64
65719 64
65754 64
65881 64
66163 64
65986 64
66021 64
66220 64
66115 64
65905 64
66091 64
65905 64
66056 64
65964 64
66104 64
66069 64
66034 64
65997 64
66161 64
66034 64
65999 64
66021 64
66104 64
65835 64
66150 64
65962 64
66023 64
65846 64
65800 64
65953 64
65975 64
65951 64
65881 64
66056 64
65892 64
66452 64
66010 64
65894 64
65870 64
65870 64
66137 64
65986 64
66104 64
66629 65
65857 64
65835 64
65848 64
65905 64
65765 64
65695 64
66465 64
68484 66
65859 64
65846 64
65859 64
65684 64
66021 64
65916 64
65835 64
65787 64
65848 64
65929 64
65929 64
65905 64
65940 64
65846 64
65953 64
65870 64
66139 64
65997 64
65964 64
66034 64
66021 64
66091 64
65800 64
66198 64
66303 64
66279 64
65870 64
66021 64
65962 64
66023 64
66021 64
66126 64
65940 64
211820 206
65905 64
66034 64
65940 64
66150 64
65881 64
66034 64
65835 64
66115 64
65835 64
66196 64
65905 64
65765 64
65905 64
66139 64
65953 64
66067 64
65905 64
66150 64
65883 64
66290 64
66093 64
66067 64
65940 64
66115 64
66115 64
65870 64
65754 64
66301 64
65857 64
66150 64
66102 64
66174 64
66290 64
66209 64
66430 64
65929 64
66244 64
65929 64
66093 64
65929 64
65927 64
66150 64
65916 64
66104 64
66384 64
66104 64
65951 64
65846 64
65846 64
66150 64
65857 64
22628 22
22616 22
65846 64
65778 64
65708 64
65881 64
65765 64
66115 64
66172 64
65883 64
65754 64
65787 64
66115 64
65940 64
66172 64
66021 64
65951 64
65905 64
234804 229
65730 64
66559 64
65964 64
65962 64
65870 64
66139 64
66045 64
65905 64
66021 64
65752 64
65916 64
65870 64
66010 64
66115 64
65719 64
65870 64
66137 64
65800 64
65800 64
65706 64
65695 64
65778 64
65800 64
65905 64
65859 64
65824 64
66021 64
65717 64
65999 64
66207 64
65787 64
65951 64
65951 64
66069 64
65997 64
65975 64
65789 64
65870 64
66102 64
66045 64
65940 64
65916 64
65918 64
65892 64
66174 64
65835 64
65927 64
65940 64
65964 64
65892 64
65787 64
65962 64
65870 64
65964 64
65824 64
65929 64
65883 64
65859 64
66032 64
65835 64
66174 64
65708 64
65964 64
65776 64
65894 64
65848 64
66010 64
65881 64
65789 64
65824 64
66277 64
66045 64
66045 64
65776 64
65754 64
65857 64
65835 64
66209 64
65964 64
65824 64
65870 64
65905 64
65940 64
66010 64
66196 64
66032 64
65940 64
65975 64
65988 64
