11942011 182
10215040 155
4061808 61
7495607 114
4128480 62
4952790 75
8419904 128
12026525 183
12007577 183
9840900 150
9535400 145
4062048 61
9528328 145
11922750 181
4059984 61
9561977 145
11903056 181
4063620 62
8401492 128
11932607 182
4091392 62
8029946 122
9537297 145
11966907 182
11903056 181
10238507 156
9562831 145
11996869 183
11932421 182
4059304 61
4059964 61
8835886 134
12015465 183
7986744 121
11940215 182
10353130 157
4061640 61
4068672 62
7490826 114
4064268 62
4061552 61
4097680 62
8375144 127
4085556 62
5146640 78
4061224 61
10261300 156
11987034 182
6798618 103
4061220 61
9560225 145
12007356 183
11939607 182
10803462 164
8363732 127
4060872 61
8398724 128
11926029 181
11887761 181
6597235 100
11895345 181
8160811 124
9616844 146
11843919 180
11966966 182
7866551 120
9562980 145
11848876 180
4061672 61
4130732 63
7481894 114
11894553 181
4062140 61
9475227 144
10240760 156
11852446 180
11905145 181
7174501 109
10150590 154
11885812 181
8869224 135
9623808 146
11849786 180
11966373 182
8510664 129
9585231 146
11993275 183
4060076 61
8433516 128
4093036 62
7105679 108
12000811 183
8317074 126
8364268 127
4061828 61
10450245 159
11898764 181
11980500 182
7097069 108
9552900 145
11978634 182
4094248 62
4061820 61
9480330 144
11909006 181
4099744 62
9661170 147
4060956 61
9480782 144
11961368 182
10944976 167
8363832 127
4064612 62
7532203 114
12064734 184
4061668 61
4075588 62
11932423 182
11902299 181
10188632 155
10290790 157
4061852 61
9527158 145
12085067 184
10233300 156
11980417 182
11840325 180
7383114 112
4129780 63
8416544 128
11900245 181
11896734 181
9477074 144
11917966 181
11964061 182
11988558 182
8362932 127
4066332 62
4794676 73
11910511 181
9170689 139
8413976 128
11902415 181
4064632 62
5335542 81
7481761 114
4062884 61
8515516 129
11894424 181
11846496 180
9488437 144
11905263 181
11963619 182
10884602 166
9632262 146
11945710 182
11894844 181
10949591 167
4127436 62
6584178 100
10240220 156
11893186 181
11977350 182
4101388 62
8011994 122
8364936 127
4063052 61
4061544 61
7273224 110
4795078 73
4062088 61
11894820 181
11937170 182
10203760 155
11922575 181
11988642 182
10219000 155
11898753 181
11894389 181
11211616 171
9606172 146
11924815 181
4061076 61
7482657 114
11849355 180
11898891 181
4131996 63
6060784 92
4062456 61
4127792 62
7565943 115
11979345 182
9559051 145
4062216 61
9616921 146
12007846 183
10209760 155
11933705 182
12002690 183
8220636 125
4067396 62
4126944 62
11848351 180
7788158 118
4128824 63
9566837 145
11955685 182
9354086 142
8439488 128
11904200 181
12096140 184
8823097 134
10164880 155
11903150 181
9663100 147
8365436 127
4063444 62
10157340 154
11907127 181
8083178 123
4061600 61
11906965 181
9149764 139
4131548 63
11915120 181
11941475 182
9786131 149
9640766 147
4065280 62
7546413 115
11894518 181
11896640 181
10223490 155
11931861 182
11930625 182
6933656 105
4067600 62
6553452 99
9568264 146
4060904 61
4441295 67
11934812 182
9485745 144
4062092 61
4061332 61
7427797 113
4085700 62
11913173 181
7140865 108
8362908 127
4063268 62
4329170 66
12004580 183
4090992 62
8162706 124
9477666 144
4061000 61
10256850 156
11931592 182
4067524 62
10316340 157
12002714 183
11897539 181
10511498 160
4070912 62
6743938 102
10139716 154
11973710 182
10131654 154
8443820 128
11981515 182
4063848 62
9679627 147
4095968 62
8416954 128
9475873 144
11929995 182
4065132 62
8447528 128
10416091 158
12003611 183
4065096 62
10233350 156
11892615 181
11892440 181
10418621 158
10293390 157
4064688 62
7480956 114
11898961 181
8309496 126
11891438 181
8048626 122
8426296 128
11897773 181
11964982 182
4094920 62
7424814 113
10225410 156
11995294 183
4100808 62
6509776 99
4060276 61
10277050 156
4064024 62
9659467 147
4095208 62
7898222 120
4063392 62
8378416 127
7251474 110
10173110 155
11907350 181
4101932 62
8444264 128
6422208 97
10154000 154
11892720 181
5882647 89
7423866 113
8362628 127
12000041 183
11908691 181
11412746 174
10294960 157
4062140 61
8361800 127
11914444 181
11347263 173
6923575 105
6511933 99
7480179 114
5737070 87
9555474 145
11897983 181
11930472 182
10290870 157
11983803 182
11895905 181
7495694 114
4127904 62
8418680 128
11904364 181
11847023 180
7984554 121
4061308 61
10200180 155
11848480 180
10215540 155
11847896 180
11962160 182
8437512 128
4062924 61
8424584 128
11908890 181
11898097 181
10544423 160
9542707 145
4061480 61
7530040 114
11897725 181
11893455 181
10969426 167
9608859 146
11970407 182
11909905 181
9108757 138
4065284 62
9475069 144
11982355 182
4065064 62
9482990 144
8361656 127
5260217 80
4060672 61
8415712 128
4062764 61
7157290 109
11972485 182
11970829 182
11911480 181
4089208 62
8451308 128
10931612 166
11970293 182
4093800 62
6463514 98
4855834 74
9536538 145
11981283 182
10715326 163
4062856 61
11859984 180
11963794 182
10223740 156
4069364 62
4066148 62
4551342 69
8378932 127
12014905 183
4062656 61
8429220 128
11996904 183
4059624 61
11993485 183
4061952 61
11991864 182
11911725 181
4058212 61
10234870 156
4062220 61
11748827 179
4063104 61
7646807 116
11900818 181
4115736 62
5147261 78
4062844 61
4064720 62
6170094 94
4063288 62
10241430 156
4061452 61
10242060 156
4061816 61
10213430 155
11896535 181
7065616 107
4061684 61
4065156 62
4058716 61
11938605 182
5254948 80
7560868 115
4061124 61
10239140 156
11972509 182
8405427 128
4064412 62
5762100 87
11975145 182
4124528 62
6126039 93
9547431 145
11927254 181
11902999 181
4062808 61
4060544 61
8404712 128
12008255 183
4062620 61
5909558 90
7481390 114
4062180 61
4061944 61
4366001 66
8494268 129
4062496 61
9478501 144
11971739 182
10289680 157
4061244 61
7531832 114
4065184 62
8361844 127
12008872 183
10953399 167
8357852 127
4126288 62
4062148 61
6438219 98
9176120 140
4062468 61
6462278 98
11883760 181
9453438 144
4062648 61
6504098 99
10498528 160
11911305 181
10231530 156
12077835 184
11908925 181
4097052 62
8442792 128
4059804 61
12112008 184
7201624 109
8416880 128
11992551 182
4059748 61
4130184 63
5690708 86
12004195 183
5705244 87
7122711 108
11848364 180
11912097 181
11902496 181
4089156 62
7529165 114
4093844 62
10237610 156
4062996 61
9538980 145
9543574 145
11895240 181
4060764 61
4061108 61
9616898 146
11913534 181
7490176 114
10155270 154
11898928 181
8640327 131
11891250 181
9411591 143
8363072 127
11926799 181
11935910 182
4098004 62
8358340 127
4063848 62
11939049 182
11891565 181
10217260 155
4062344 61
7150913 109
4061072 61
4593020 70
11906405 181
9479102 144
4128724 62
6462658 98
10276310 156
11889034 181
7701511 117
8496996 129
11893781 181
11963035 182
4102748 62
7341322 112
9572130 146
4061768 61
7528598 114
12017893 183
11903511 181
10404962 158
4131416 63
10324990 157
4062148 61
10205280 155
7898752 120
4062060 61
5595030 85
8421944 128
12037445 183
11889804 181
10149523 154
9534289 145
11922586 181
11890095 181
4099084 62
7516411 114
10229620 156
11906182 181
10097509 154
8514148 129
4062180 61
10248960 156
9443170 144
10212930 155
4061808 61
5945032 90
9529249 145
11916881 181
4113956 62
7535759 114
12067790 184
10234600 156
4061292 61
10211610 155
9742163 148
8373036 127
4061272 61
8359820 127
4061880 61
8434764 128
11964015 182
4095664 62
8404708 128
4066968 62
11865455 181
10223100 155
12051071 183
4064228 62
7579754 115
4058812 61
4764044 72
10204450 155
11896535 181
8429198 128
4064628 62
4159328 63
9477842 144
4060788 61
7108906 108
4058800 61
4062652 61
10203290 155
12035975 183
4059272 61
8442652 128
11886945 181
11845995 180
4133688 63
6461474 98
11895299 181
9475841 144
4062908 61
4691974 71
8489592 129
4066040 62
9532433 145
12048096 183
11950925 182
9588934 146
12071839 184
4063748 62
8627836 131
5041637 76
11901376 181
9601853 146
4062484 61
6460614 98
12012864 183
10252940 156
4065396 62
4845725 73
6718584 102
12062669 184
8634851 131
4062740 61
11855817 180
11975134 182
7095635 108
4063700 62
11906847 181
11850033 180
4062036 61
6677211 101
11627273 177
9653000 147
4063224 61
6465468 98
5777545 88
4062708 61
10214650 155
11958264 182
11915295 181
8744271 133
4066040 62
10246940 156
11920031 181
11902124 181
8996636 137
10219830 155
4061476 61
6461280 98
12065633 184
4065904 62
10153600 154
6686277 102
10149510 154
11928829 182
9363747 142
9568797 146
4063256 62
6466384 98
5757744 87
4061912 61
11922890 181
12067451 184
10576877 161
5444660 83
11917443 181
6598568 100
4336149 66
9638291 147
11892289 181
11997943 183
10845568 165
4062708 61
6695416 102
11914000 181
9404794 143
4061344 61
12053077 183
11890760 181
4060332 61
8455052 129
11996915 183
4062236 61
8414216 128
4060680 61
10164540 155
4061932 61
7052072 107
5470887 83
6631624 101
10149270 154
11896021 181
8434001 128
8545424 130
4062240 61
5361480 81
11900606 181
8666671 132
9563707 145
12009152 183
11898366 181
10812241 164
11888894 181
4095136 62
7725751 117
9547643 145
11846752 180
11974725 182
7741854 118
10155390 154
11903161 181
4112940 62
7541765 115
4099796 62
8417772 128
4109972 62
5548424 84
10316090 157
11919390 181
8724211 133
11894645 181
7137525 108
11923590 181
8038608 122
10223880 156
4061836 61
7528199 114
4062876 61
4062852 61
10274930 156
9655142 147
11906464 181
11909568 181
11895765 181
11468758 174
10210860 155
4062932 61
7530124 114
11972218 182
4064400 62
7531447 114
4062356 61
7490336 114
11974469 182
4103580 62
8360052 127
8039499 122
8361836 127
4062708 61
8486992 129
4061928 61
4068396 62
10206510 155
11905974 181
7555695 115
11995539 183
7964713 121
10225170 156
11912263 181
4103696 62
4072264 62
8434456 128
11920779 181
4062312 61
4129952 63
8440792 128
11894190 181
11184052 170
11891541 181
4097572 62
10233150 156
4062508 61
6107018 93
10155840 154
11911830 181
9458170 144
11994198 183
4094284 62
7530593 114
4064444 62
10167080 155
4064380 62
5290174 80
11906696 181
9189460 140
11890084 181
4096820 62
8436872 128
11938325 182
4061460 61
4063340 62
7548884 115
11965428 182
11892930 181
9418884 143
11888811 181
4103640 62
5338254 81
9532749 145
4060172 61
8362404 127
11975506 182
7562439 115
8361104 127
11988690 182
11897480 181
4099044 62
9581943 146
4061832 61
10097988 154
11980933 182
11882966 181
6778619 103
10302450 157
4061960 61
8800744 134
4062624 61
4063336 62
6779861 103
11930264 182
4066544 62
7579891 115
8362420 127
5138143 78
4062488 61
8410008 128
11981491 182
11890773 181
7063816 107
11906908 181
7467305 113
9569402 146
4063296 62
4063096 61
10282000 156
11093145 169
9534149 145
11913499 181
11942339 182
8527621 130
11912902 181
7971930 121
4061520 61
6462802 98
11902986 181
11838203 180
8460910 129
6440373 98
8425560 128
4129516 63
7550172 115
4061388 61
8529804 130
11845225 180
11888800 181
8610954 131
7478730 114
8341218 127
9635071 147
4062240 61
6691632 102
8418076 128
11966618 182
11911598 181
10374950 158
4060396 61
10295680 157
11915004 181
4060684 61
8396880 128
12004943 183
4089840 62
8361140 127
4129732 63
11992155 182
4063552 62
11888975 181
11921293 181
10275280 156
4061528 61
6465182 98
6837153 104
9539523 145
11922575 181
11970315 182
8150552 124
9532609 145
4065020 62
9576998 146
4102672 62
8359876 127
7713114 117
4060992 61
10215480 155
11926366 181
6781269 103
9564416 145
12009596 183
11914444 181
4065592 62
10242330 156
11936085 182
11907057 181
4097072 62
8363204 127
7979910 121
7205347 109
4135664 63
11908551 181
11905646 181
9978233 152
9615927 146
4061488 61
9511392 145
11892696 181
4113732 62
4739178 72
7109291 108
4861825 74
4061620 61
12001395 183
11850217 180
10196780 155
11928057 182
11926705 181
8526980 130
8493264 129
4061740 61
10228010 156
11902321 181
10293890 157
11974305 182
11915973 181
4138556 63
7528339 114
4117028 62
7532112 114
11930870 182
4165700 63
9491630 144
4062028 61
4063828 62
6181444 94
4063204 61
9552051 145
11965636 182
8447344 128
11937614 182
11692864 178
11892009 181
11891226 181
7455598 113
9542328 145
4061180 61
10155550 154
11887120 181
11904900 181
10215610 155
11845599 180
4060948 61
10233810 156
11975961 182
11906674 181
11646422 177
10295050 157
4060764 61
10155410 154
7284879 111
10236170 156
11885812 181
8333604 127
11976451 182
9248939 141
11980161 182
8030846 122
11916146 181
9570513 146
4132136 63
7119854 108
4061604 61
