49783 64
49374 64
49477 64
49363 64
49420 64
49420 64
49442 64
49256 64
49466 64
49617 64
49665 64
49816 64
49431 64
49315 64
49525 64
49595 64
49210 64
49783 64
49409 64
49595 64
49595 64
49689 64
49584 64
49571 64
49711 64
49840 64
49291 64
49897 64
49816 64
49862 64
49617 64
49711 64
49525 64
49512 64
49525 64
49888 64
49641 64
49711 64
49654 64
49630 64
49722 64
49431 64
49291 64
49654 64
49549 64
49431 64
49433 64
49339 64
49269 64
53784 70
49326 64
49442 64
49455 64
49431 64
49455 64
82333 107
49280 64
49606 64
49455 64
49630 64
49595 64
49374 64
49503 64
53434 69
49396 64
49409 64
49409 64
49385 64
49455 64
49234 64
49886 64
49245 64
49538 64
49676 64
49606 64
49409 64
49525 64
49654 64
49479 64
49654 64
49385 64
49783 64
50155 65
49466 64
49350 64
49584 64
49584 64
53666 69
49175 64
49980 65
49304 64
49315 64
49304 64
49665 64
49304 64
49549 64
49398 64
49490 64
49398 64
49617 64
49328 64
49442 64
49748 64
49431 64
49420 64
49573 64
49339 64
49490 64
49280 64
49560 64
52791 68
49654 64
49350 64
16912 22
16944 22
49643 64
49525 64
49735 64
49258 64
49477 64
49396 64
49256 64
49536 64
49385 64
49315 64
49466 64
49643 64
49711 64
49619 64
49643 64
49479 64
49501 64
49455 64
49619 64
49689 64
49619 64
49490 64
49420 64
49431 64
49735 64
49221 64
49420 64
49549 64
49385 64
49490 64
49652 64
49455 64
49689 64
49560 64
49547 64
49479 64
133175 173
49571 64
49245 64
49466 64
49584 64
49549 64
49630 64
49676 64
49512 64
49536 64
52301 68
49571 64
49630 64
49652 64
49571 64
49455 64
49514 64
49619 64
49654 64
49490 64
49547 64
49514 64
49409 64
50039 65
49361 64
49549 64
49595 64
49455 64
49409 64
49606 64
49501 64
49477 64
49490 64
49407 64
49549 64
49525 64
16996 22
49582 64
49573 64
49501 64
49350 64
49479 64
49514 64
49490 64
49676 64
49350 64
49514 64
49468 64
49315 64
49805 64
49326 64
49245 64
49431 64
49547 64
49560 64
49477 64
49350 64
49420 64
49490 64
49932 65
49687 64
49468 64
49431 64
49477 64
49595 64
49455 64
49291 64
49420 64
49641 64
49385 64
49676 64
49619 64
49490 64
49490 64
49851 64
49584 64
49455 64
49501 64
49245 64
49455 64
49363 64
49630 64
49466 64
49455 64
49606 64
49477 64
49490 64
49433 64
49536 64
49617 64
49549 64
49280 64
49396 64
49267 64
49455 64
49595 64
49525 64
49652 64
49582 64
49339 64
49560 64
49525 64
49490 64
49372 64
49641 64
49420 64
49713 64
49829 64
49617 64
49676 64
49455 64
49477 64
49549 64
49735 64
49652 64
49875 64
49407 64
49339 64
49466 64
49503 64
49512 64
49584 64
49501 64
49315 64
49538 64
49536 64
49361 64
49455 64
49407 64
49595 64
49571 64
49549 64
49339 64
49805 64
49361 64
49302 64
49221 64
49339 64
49374 64
49315 64
49641 64
49420 64
49573 64
49547 64
49641 64
49538 64
49584 64
49665 64
49479 64
49385 64
49374 64
49759 64
49304 64
49350 64
49374 64
49525 64
49571 64
49501 64
49385 64
49549 64
49256 64
49549 64
49256 64
49641 64
49398 64
49654 64
49385 64
49783 64
49770 64
49619 64
49350 64
49525 64
49258 64
49525 64
49770 64
49665 64
49571 64
49770 64
49549 64
49735 64
49536 64
49372 64
49477 64
49606 64
49770 64
49630 64
49536 64
49549 64
49827 64
49385 64
49431 64
49455 64
49584 64
49746 64
49431 64
49431 64
49713 64
49549 64
49665 64
49420 64
49490 64
49420 64
49455 64
49945 65
49654 64
49689 64
49455 64
49396 64
49538 64
49584 64
49455 64
49617 64
49385 64
49361 64
49374 64
49536 64
49617 64
49980 65
244219 317
49980 65
49538 64
49433 64
49420 64
49571 64
49385 64
49536 64
49956 65
49304 64
49536 64
49735 64
49652 64
49280 64
49350 64
49490 64
49560 64
49584 64
49549 64
50037 65
49455 64
49606 64
49595 64
49759 64
52535 68
49315 64
49654 64
49641 64
49304 64
49875 64
49280 64
49374 64
49280 64
49280 64
49245 64
49606 64
49910 64
49256 64
49735 64
49291 64
49595 64
50015 65
49864 64
49560 64
49490 64
49514 64
49816 64
49466 64
49770 64
49385 64
49549 64
49652 64
49280 64
49479 64
49652 64
49455 64
49477 64
49477 64
49455 64
49455 64
49571 64
49630 64
49420 64
49724 64
49501 64
49396 64
49490 64
49549 64
49466 64
49293 64
49525 64
49606 64
49560 64
49431 64
49433 64
49245 64
49490 64
49433 64
49396 64
49525 64
49186 64
49444 64
49315 64
49560 64
49420 64
49407 64
49455 64
49490 64
49770 64
49536 64
49512 64
49372 64
49641 64
49641 64
49641 64
17016 22
16952 22
16996 22
27004 35
26910 35
49444 64
52511 68
50190 65
49875 64
49514 64
49617 64
49350 64
49466 64
49619 64
49560 64
49490 64
49805 64
49466 64
49328 64
49280 64
49385 64
49700 64
49676 64
49582 64
49571 64
49676 64
49372 64
49420 64
49466 64
49735 64
49770 64
49584 64
49374 64
49573 64
49409 64
49315 64
49396 64
49560 64
49538 64
49420 64
49735 64
49678 64
49584 64
49641 64
49829 64
49490 64
49722 64
49617 64
49374 64
49582 64
49652 64
49571 64
49361 64
49466 64
49630 64
49525 64
49724 64
49512 64
49444 64
49315 64
49619 64
49606 64
49444 64
49291 64
49514 64
49547 64
49700 64
49490 64
49455 64
49490 64
49547 64
49617 64
49444 64
49851 64
49641 64
49713 64
49886 64
49945 65
49455 64
49361 64
49967 65
49584 64
49735 64
49584 64
49525 64
49571 64
49759 64
49536 64
49816 64
49536 64
49420 64
49514 64
49512 64
49829 64
49689 64
49700 64
49816 64
49490 64
49374 64
49595 64
49689 64
49420 64
49396 64
49315 64
49630 64
49431 64
49770 64
49302 64
49818 64
49431 64
49431 64
49501 64
49514 64
49746 64
49490 64
49466 64
49490 64
49444 64
49350 64
49525 64
49746 64
49676 64
49503 64
49304 64
49595 64
49337 64
49339 64
49560 64
49361 64
49584 64
49490 64
49385 64
49490 64
49770 64
49794 64
49431 64
49759 64
49573 64
49385 64
49455 64
49302 64
49396 64
49654 64
49280 64
49536 64
49536 64
55252 71
49407 64
49654 64
49490 64
49361 64
49245 64
49245 64
16984 22
49315 64
49326 64
49444 64
17048 22
49280 64
49420 64
49700 64
49466 64
49665 64
49466 64
49363 64
49641 64
49339 64
49514 64
49735 64
49420 64
49490 64
49571 64
49291 64
49361 64
49433 64
49514 64
49525 64
49536 64
49372 64
49735 64
49641 64
49665 64
49641 64
49829 64
49433 64
49293 64
49722 64
49514 64
49490 64
49619 64
49735 64
49735 64
49512 64
49525 64
49455 64
49291 64
49398 64
49455 64
49617 64
49582 64
49560 64
49748 64
49385 64
49490 64
49350 64
49490 64
49444 64
49525 64
49420 64
49315 64
49477 64
49269 64
49641 64
49396 64
49396 64
49175 64
49385 64
49479 64
49385 64
49433 64
49759 64
49676 64
49468 64
49851 64
49374 64
17052 22
49328 64
49444 64
49385 64
49466 64
49501 64
49396 64
49479 64
49350 64
49455 64
49420 64
49501 64
49746 64
49326 64
49409 64
49466 64
49700 64
49385 64
49525 64
49304 64
49608 64
49431 64
49468 64
49350 64
49584 64
49293 64
49385 64
49595 64
49280 64
49921 65
54250 70
49525 64
49665 64
49689 64
49818 64
49678 64
49794 64
49606 64
49805 64
49479 64
49455 64
49711 64
49547 64
49396 64
49490 64
49245 64
49315 64
49700 64
49361 64
49455 64
49501 64
49466 64
49350 64
49490 64
49538 64
49595 64
49501 64
49538 64
49781 64
49468 64
49630 64
49595 64
49711 64
49676 64
49549 64
49490 64
49700 64
49549 64
49479 64
49479 64
49431 64
49700 64
49676 64
49641 64
49700 64
49514 64
49536 64
49665 64
49606 64
49571 64
49501 64
49409 64
49805 64
49875 64
49746 64
49652 64
49501 64
49409 64
49479 64
49571 64
49654 64
49409 64
49816 64
49805 64
49665 64
49665 64
49466 64
49514 64
49442 64
49711 64
49783 64
49560 64
49501 64
49479 64
49361 64
49372 64
49514 64
49641 64
49608 64
49269 64
49431 64
49652 64
49724 64
49573 64
49199 64
49315 64
49350 64
49409 64
49245 64
49385 64
49197 64
49514 64
49608 64
49433 64
49444 64
49538 64
49374 64
49420 64
49420 64
49315 64
49385 64
49608 64
49923 65
49455 64
49315 64
49398 64
49444 64
49466 64
49549 64
49385 64
49746 64
49490 64
49466 64
49442 64
49315 64
49582 64
49442 64
49700 64
49396 64
49689 64
49455 64
49547 64
49759 64
49654 64
49512 64
49595 64
49536 64
49783 64
49687 64
49571 64
49582 64
49560 64
49630 64
49385 64
49700 64
49617 64
49363 64
49280 64
50002 65
49560 64
49337 64
49584 64
16972 22
16984 22
49468 64
49477 64
49409 64
49571 64
49665 64
49805 64
49676 64
49525 64
49641 64
52395 68
49899 64
49409 64
49385 64
49711 64
49385 64
49525 64
49619 64
49455 64
49374 64
49420 64
49501 64
49886 64
49501 64
49199 64
50050 65
49420 64
49608 64
49490 64
49503 64
49455 64
49608 64
16992 22
49396 64
49396 64
221589 288
49676 64
49851 64
49501 64
49444 64
49652 64
49374 64
49326 64
49431 64
49269 64
49409 64
49536 64
49549 64
49455 64
49713 64
49477 64
49512 64
49676 64
49547 64
49455 64
49582 64
49363 64
49490 64
49536 64
49536 64
49619 64
49466 64
49350 64
49514 64
49477 64
49280 64
49724 64
49385 64
49595 64
49595 64
49643 64
49398 64
49477 64
49315 64
49676 64
49433 64
49501 64
49641 64
49444 64
49479 64
16984 22
27026 35
27020 35
49536 64
49794 64
49490 64
49560 64
49805 64
49840 64
49501 64
49840 64
49606 64
49372 64
49407 64
49665 64
49818 64
49746 64
49444 64
49549 64
49420 64
49372 64
49291 64
49608 64
49479 64
49536 64
49455 64
49678 64
49840 64
49363 64
49350 64
49256 64
49374 64
49617 64
49606 64
49724 64
49665 64
49573 64
49468 64
49291 64
49606 64
49538 64
49711 64
49455 64
49409 64
49536 64
54915 71
49503 64
49444 64
49652 64
49783 64
49759 64
49466 64
49385 64
49514 64
49713 64
49479 64
53318 69
49805 64
