346966 84
333620 81
328790 80
373555 91
392059 95
528524 129
395091 96
370521 90
463155 113
395045 96
384672 93
325885 79
397320 97
344772 84
367406 89
379599 92
335801 81
432449 105
572705 139
425263 103
425285 103
434619 106
365667 89
375060 91
427455 104
415776 101
441048 107
425880 103
441770 107
403211 98
360045 87
700897 171
379260 92
378431 92
407949 99
471881 115
458979 112
473152 115
465430 113
574969 140
374034 91
434689 106
453926 110
361399 88
430756 105
374489 91
409465 99
561529 137
397937 97
398650 97
498868 121
378046 92
426965 104
371151 90
387822 94
702369 171
375922 91
382784 93
400459 97
403585 98
427956 104
538523 131
448956 109
449107 109
418331 102
433090 105
372947 91
383657 93
342685 83
334355 81
333434 81
459760 112
341904 83
380310 92
432648 105
437804 106
411390 100
450415 109
387194 94
588921 143
379072 92
370346 90
391182 95
409161 99
377871 92
387953 94
530086 129
417189 101
373579 91
370160 90
443240 108
379236 92
392361 95
395605 96
407481 99
436415 106
449516 109
465161 113
426836 104
447569 109
427188 104
421168 102
395955 96
395699 96
408089 99
413361 100
357816 87
355018 86
354596 86
413899 101
370906 90
404121 98
324905 79
362996 88
327869 80
381675 93
344680 84
591198 144
371140 90
393562 96
353850 86
389970 95
348554 85
387391 94
350455 85
527905 128
413256 100
343770 83
418333 102
346360 84
324649 79
372481 90
473563 115
498855 121
571445 139
450531 109
421971 103
429975 104
454311 110
474309 115
371759 90
403749 98
420512 102
449343 109
409115 99
148412 36
142884 34
363030 88
449995 109
645190 157
327261 79
333738 81
422334 103
434864 106
339091 82
353885 86
476468 116
470074 114
462980 113
383786 93
367032 89
388347 94
380498 92
332220 81
419976 102
433569 105
363965 88
417983 102
493137 120
418565 102
341659 83
357339 87
393995 96
346920 84
433206 105
408813 99
387159 94
526260 128
352426 86
360067 87
354410 86
414691 101
354003 86
402627 98
386575 94
398322 97
400155 97
395583 96
390261 95
429415 104
387428 94
436520 106
424224 103
425856 103
418775 102
437640 106
396749 96
424073 103
345065 84
410865 100
343293 83
429485 104
365155 89
439263 107
454744 111
445224 108
452281 110
436089 106
461265 112
437885 106
638330 155
457881 111
452165 110
458279 111
446659 109
440370 107
431014 105
397797 97
424270 103
561319 137
388115 94
376040 91
353500 86
397180 96
373835 91
402301 98
358575 87
369635 90
439436 107
516705 126
450299 109
429789 104
359485 87
350724 85
355215 86
374979 91
322899 78
321510 78
474191 115
437979 106
465021 113
456319 111
407061 99
438329 107
487994 119
484761 118
454744 111
454405 110
445749 108
391429 95
369939 90
407004 99
422030 103
367548 89
451137 110
447626 109
363580 88
439204 107
325605 79
323553 78
337352 82
341263 83
423255 103
427956 104
347502 84
344750 84
351702 85
330623 80
397228 96
374384 91
418764 102
416513 101
404670 98
423301 103
359310 87
439414 107
350094 85
406676 99
390005 95
374570 91
402605 98
421761 102
361644 88
390005 95
388371 94
383029 93
364374 88
430325 105
345159 84
335147 81
381408 93
383088 93
415835 101
418729 102
450043 109
447523 109
333760 81
332839 81
450159 109
542010 132
461090 112
399921 97
511153 124
521244 127
355226 86
396782 96
382948 93
355331 86
401566 98
427385 104
362786 88
326259 79
411261 100
432856 105
368351 89
438784 107
545335 133
470155 114
369613 90
408507 99
373146 91
319259 77
335416 81
328125 80
323949 79
555310 135
382445 93
414260 101
402861 98
353034 86
466703 113
490409 119
349569 85
343921 83
356790 87
341250 83
373951 91
374255 91
382655 93
358693 87
419532 102
443509 108
350081 85
580987 141
346955 84
416465 101
416605 101
484809 118
385910 94
443461 108
401846 98
450566 110
459620 112
388907 94
364687 89
429542 104
403537 98
432648 105
363766 88
442704 108
364748 89
445773 108
420221 102
447871 109
338089 82
333585 81
359076 87
362285 88
364326 88
342497 83
351422 85
658199 160
362285 88
329652 80
330247 80
396887 96
375841 91
420337 102
372155 90
654909 159
446296 108
437839 106
397961 97
440287 107
391173 95
523377 127
435960 106
547936 133
427689 104
429356 104
368456 89
450472 109
361620 88
442984 108
427676 104
466515 113
435726 106
464017 113
371735 90
411788 100
397950 97
415787 101
331100 80
455781 111
500244 122
454720 111
340200 83
467250 114
349744 85
346756 84
330960 80
352334 86
563804 137
395874 96
399011 97
402395 98
392840 95
398917 97
357759 87
396620 96
500559 122
409769 100
481099 117
368900 90
386341 94
432075 105
408986 99
364420 88
370556 90
433580 105
363370 88
389480 95
334751 81
339373 82
448899 109
357665 87
443614 108
350164 85
450625 110
338146 82
445841 108
606213 148
547947 133
405230 98
432355 105
417749 101
473060 115
452410 110
448197 109
485579 118
444546 108
486511 118
454510 110
678359 165
444231 108
453950 110
443054 108
424725 103
449820 109
422159 103
450835 110
647826 158
447418 109
421284 102
443859 108
381780 93
374535 91
376250 91
349077 85
511385 124
414446 101
407949 99
426230 104
442306 107
416279 101
423592 103
453867 110
444815 108
471008 114
438246 106
433976 105
395756 96
422695 103
426663 104
657626 160
404239 98
516460 126
364385 88
445316 108
401835 98
393050 95
367815 89
387789 94
471603 115
440160 107
480003 117
466176 113
480760 117
392477 95
464111 113
396434 96
458592 111
410959 100
405427 98
402837 98
431736 105
445633 108
421704 102
439694 107
410609 100
431749 105
422822 103
492030 120
455164 111
453565 110
388220 94
408625 99
422100 103
430069 104
386225 94
466644 113
442947 108
325196 79
441654 107
463529 113
431014 105
431165 105
420094 102
433580 105
420805 102
459211 112
470271 114
576660 140
447989 109
457870 111
462888 113
560164 136
424165 103
423804 103
418867 102
433090 105
425799 103
445329 108
422227 103
475217 116
433335 105
486198 118
430944 105
458371 111
473259 115
467985 114
483442 118
430583 105
475475 116
439775 107
480795 117
443625 108
478030 116
453121 110
468965 114
458093 111
574676 140
465629 113
437570 106
442376 108
429262 104
469186 114
341786 83
352776 86
464555 113
465664 113
446379 108
461801 112
340935 83
415601 101
459305 112
457964 111
394894 96
428833 104
446298 108
408135 99
344890 84
371608 90
346874 84
384650 93
346933 84
351179 85
340480 83
351214 85
346196 84
445515 108
336081 82
431143 105
407868 99
438607 107
455956 111
451592 110
458010 111
459561 112
479395 117
448619 109
455094 111
451966 110
595781 145
436590 106
473946 115
446823 109
474788 115
504420 123
477551 116
470750 114
488460 119
448479 109
469210 114
414680 101
469221 114
410806 100
450288 109
450297 109
451697 110
461545 112
458185 111
464345 113
482440 117
462619 112
469302 114
459073 112
483746 118
474156 115
468523 114
463866 113
475615 116
454068 110
522375 127
459887 112
439937 107
449949 109
422870 103
419976 102
401962 98
323422 78
406140 99
434560 106
431432 105
346395 84
355086 86
431994 105
402021 98
344492 84
348576 85
605699 147
425937 103
382841 93
381185 93
344761 84
337214 82
360325 87
333095 81
581350 141
340760 83
361725 88
316901 77
354782 86
362869 88
356685 87
378350 92
372284 90
322433 78
329302 80
367664 89
328882 80
334471 81
328943 80
359719 87
354703 86
355928 86
336560 82
342114 83
409734 100
344282 84
333607 81
375329 91
337050 82
367419 89
351774 85
340445 83
472419 115
326491 79
344901 84
368981 90
324590 79
352717 86
340830 83
361876 88
306950 74
351446 85
335615 81
328405 80
326388 79
348438 85
350153 85
351039 85
364199 88
303450 74
400144 97
675185 164
356779 87
438596 107
347738 84
323260 78
361983 88
324636 79
356335 86
344938 84
333213 81
347397 84
365901 89
394940 96
325417 79
358866 87
324461 79
362565 88
427000 104
362716 88
436251 106
358177 87
431305 105
329197 80
354714 86
403375 98
447184 109
432156 105
439377 107
421693 102
439390 107
422835 103
463096 113
446705 109
446869 109
429170 104
412440 100
442247 107
441234 107
442505 108
438620 107
432961 105
462899 113
599364 146
390613 95
437233 106
410725 100
430336 105
427490 104
447020 109
472723 115
443509 108
476853 116
445677 108
470341 114
442179 107
421516 102
400667 97
391182 95
398510 97
442750 108
374163 91
675395 164
434921 106
432261 105
428866 104
365225 89
333504 81
362029 88
303218 74
321440 78
319714 78
378059 92
336770 82
364969 89
389642 95
448304 109
474460 115
510289 124
406035 99
397611 97
422251 103
640336 156
364221 88
367732 89
458408 111
365645 89
376705 91
360277 87
488099 119
562684 137
413186 100
427501 104
459176 112
462466 112
471439 115
382642 93
444979 108
334412 81
334926 81
375878 91
422800 103
366251 89
677088 165
389935 95
448164 109
412604 100
389141 95
382316 93
331754 80
431364 105
415286 101
580427 141
458710 111
556290 135
464159 113
470634 114
395209 96
449796 109
461965 112
407260 99
561984 137
380111 92
446191 108
369880 90
449844 109
375784 91
459911 112
590496 144
449050 109
513078 125
450030 109
382375 93
448129 109
401813 98
498203 121
388850 94
447311 109
397506 97
445539 108
378361 92
440779 107
339942 82
374255 91
415951 101
404215 98
448188 109
460355 112
507850 123
508353 124
473340 115
468416 114
404622 98
446565 109
361224 88
389773 95
450743 110
411810 100
390926 95
429800 104
432401 105
436544 106
377674 92
429485 104
523285 127
454615 110
458430 111
427676 104
381791 93
381268 93
351389 85
474692 115
376484 91
398335 97
435190 106
449796 109
428645 104
339618 82
366776 89
423745 103
446495 109
372855 91
356871 87
337704 82
520883 127
467261 114
407726 99
450507 109
381023 93
370954 90
374021 91
392234 95
376377 91
478264 116
367968 89
467005 114
342044 83
452025 110
491074 119
493441 120
410071 100
458791 112
679035 165
473316 115
454731 111
482849 117
459375 112
413630 100
450030 109
361854 88
388382 94
348495 85
326854 79
441525 107
453891 110
393831 96
349604 85
427816 104
570058 139
447370 109
414774 101
379680 92
405147 98
396841 96
416907 101
462757 112
376366 91
462140 112
439121 107
450824 110
459865 112
423454 103
437616 106
379179 92
393879 96
375585 91
378046 92
353067 86
343956 83
340165 83
368515 89
416338 101
388336 94
447965 109
488250 119
390904 95
536305 130
431445 105
392560 95
447254 109
396329 96
469899 114
411694 100
470634 114
456984 111
451290 110
476512 116
413888 101
669865 163
418576 102
435691 106
423920 103
427326 104
392175 95
423559 103
406328 99
513846 125
398462 97
433335 105
386669 94
434560 106
414505 101
434466 106
431106 105
444242 108
439845 107
439263 107
709719 173
443078 108
457741 111
437290 106
456505 111
449271 109
462560 112
456737 111
561995 137
458500 111
464940 113
446355 108
467996 114
432869 105
471159 115
418204 102
485111 118
447184 109
484295 118
