22701616 138
16343504 99
15597736 95
15388964 93
15739128 96
15439880 94
15672688 95
16180249 98
15478596 94
17331831 105
15669436 95
15831608 96
15178308 92
15273240 93
15471488 94
15302596 93
15577004 95
18319824 111
16144440 98
15730816 96
15377472 93
15931144 97
15609732 95
15606048 95
15490192 94
15861808 96
15670028 95
16150276 98
15744868 96
15748776 96
15959160 97
16207212 98
15776092 96
15840576 96
18604640 113
15673944 95
16014652 97
16064536 98
16115292 98
16118848 98
17334184 105
18351771 112
16098924 98
18647478 113
15565644 95
15673872 95
16064020 98
16733978 102
15716628 95
19376253 118
17890499 109
15813504 96
15651860 95
17966025 109
16010084 97
16080716 98
17293545 105
15668084 95
15791460 96
15662772 95
15887896 96
16535275 100
15433448 94
16338952 99
15983264 97
15915940 97
15757260 96
18384760 112
15595428 95
16849277 102
15225112 92
15140972 92
15362156 93
15446524 94
15685024 95
15535448 94
15776016 96
15470000 94
15733992 96
15248240 93
15587188 95
15385944 93
15456620 94
15419972 94
15316432 93
18887250 115
18101944 110
17443794 106
15603476 95
17392193 106
15448571 94
15348892 93
15766192 96
17402832 106
15819144 96
15541516 94
15629708 95
15826380 96
18433657 112
16643665 101
15841544 96
15823432 96
15920664 97
17658094 107
15640028 95
16302603 99
16677120 101
15900644 97
18766291 114
16100512 98
15771344 96
15682016 95
16546044 100
23740988 144
16177492 98
16621863 101
15822948 96
18109071 110
16097768 98
16252548 99
15872220 96
15765904 96
16063520 98
16014940 97
17547242 107
15457728 94
15641952 95
17728543 108
16311348 99
19349876 118
15647916 95
15653544 95
19230552 117
20887176 127
15498524 94
15997456 97
15836968 96
16347116 99
16044772 97
18123024 110
15706716 95
17906922 109
16404484 100
16043524 97
15501812 94
16023588 97
15971496 97
15955680 97
16003716 97
18075720 110
15943548 97
17648398 107
16092344 98
15861848 96
15550792 94
15909757 97
15960932 97
17981443 109
15794280 96
19646656 119
15765600 96
19076454 116
17019486 103
15758820 96
15905752 97
15917500 97
15760228 96
15807336 96
19298455 117
15848876 96
16015408 97
15373948 93
15807940 96
17203660 105
16449438 100
16021152 97
16262426 99
15717264 95
18285406 111
16131892 98
18138411 110
15941716 97
15668924 95
15440372 94
15573612 95
15611480 95
15283540 93
15555076 94
15395880 93
15407588 94
15847088 96
18112320 110
16197404 98
15950140 97
15285708 93
15866160 96
15984428 97
15797492 96
15610792 95
15982056 97
15494216 94
15516860 94
15913876 97
16069232 98
15479264 94
15621692 95
15367524 93
15286380 93
15836904 96
20164680 123
15071708 91
15244488 93
15711919 95
15210128 92
15630352 95
15243704 93
15234080 92
15551544 94
15674908 95
15591944 95
15767760 96
15121700 92
15042904 91
15320764 93
15297848 93
15059624 91
15288180 93
16607408 101
15279660 93
15309300 93
18657556 113
16254836 99
16579503 101
15944592 97
15711860 95
15620588 95
16290663 99
15482744 94
15579104 95
15358160 93
15174040 92
15391388 93
15392284 93
15817088 96
15459088 94
16373972 99
15527140 94
21253016 129
15524124 94
18768174 114
15061964 91
15528968 94
16587524 101
15567644 95
15652768 95
18923326 115
15791416 96
15088440 92
15337184 93
15493448 94
15171880 92
15235004 92
15190604 92
15346040 93
16924411 103
15879684 96
15717400 95
16140096 98
15926688 97
15754112 96
15036004 91
15115360 92
15269436 93
15416284 94
16171196 98
17746241 108
15540504 94
15753168 96
15496492 94
15750844 96
14904628 90
15213592 92
15051852 91
15732534 96
15505044 94
15796352 96
15421972 94
15306608 93
15286660 93
15441212 94
15338484 93
15310188 93
15213600 92
14810712 90
15404092 94
14978964 91
15245608 93
14765588 90
15357016 93
15095992 92
15397056 93
15256812 93
15297560 93
15181132 92
14952252 91
14773284 90
15210700 92
15087632 92
14608364 89
14646620 89
14951624 91
15124412 92
14952188 91
14874256 90
14753748 90
15004260 91
14555964 88
15164896 92
15143288 92
14813024 90
14882232 90
16534644 100
14784636 90
15059580 91
14755684 90
14505144 88
14741636 89
15091920 92
14920868 91
15019844 91
15185216 92
15110084 92
15607236 95
15108036 92
15260400 93
15649328 95
15513580 94
15323996 93
15394772 93
15566784 95
14752084 90
15182024 92
14868220 90
14967760 91
14994588 91
15140704 92
15634336 95
15442732 94
15397036 93
15639980 95
15182232 92
14911076 91
15588272 95
15359536 93
15310416 93
15347956 93
17376804 106
15301444 93
16074700 98
15176344 92
15432120 94
15823060 96
15590692 95
15486256 94
15358304 93
15364540 93
15161128 92
16029608 97
15253680 93
15281292 93
15010140 91
15303772 93
15873048 96
15359152 93
15092068 92
15321912 93
15074984 92
15220332 92
15443624 94
15014952 91
14924904 91
15178060 92
15000408 91
15323908 93
15534036 94
15213096 92
14903980 90
15466504 94
15180984 92
15592448 95
15646896 95
15342972 93
15467304 94
15610120 95
15299096 93
15490624 94
15032280 91
15408352 94
15050536 91
15548344 94
15201036 92
16041844 97
16343348 99
15563756 94
15391188 93
15860704 96
15525004 94
15428640 94
15722264 95
18263045 111
15943348 97
15873276 96
19071795 116
18525221 113
17297313 105
15845221 96
18378040 112
17861648 109
15726696 95
15435052 94
15481532 94
16082600 98
18786952 114
17287737 105
15653096 95
16143424 98
15644132 95
15669464 95
16170600 98
15661332 95
16223224 99
15954480 97
15989604 97
18726850 114
16547112 100
16473284 100
15850936 96
15647052 95
16096128 98
15581512 95
16119532 98
16075852 98
16268036 99
16208240 98
16529740 100
16430560 100
16277532 99
16241720 99
16208076 98
19276423 117
17256003 105
16010208 97
16132112 98
16089736 98
16518584 100
16090224 98
16596424 101
16619500 101
18832203 114
18024583 110
16428256 100
16374116 99
18260505 111
16256424 99
16448732 100
15833444 96
18287936 111
16189328 98
18140418 110
16675318 101
15770468 96
16578434 101
16130900 98
15698644 95
15696752 95
15603776 95
15340024 93
15524196 94
15891896 96
15193276 92
18419390 112
15673200 95
15835756 96
16059448 98
15789408 96
15511288 94
15254052 93
15568632 95
15471256 94
15666100 95
15793812 96
17603282 107
16351588 99
15776416 96
15776628 96
16307596 99
18305230 111
15927100 97
16160364 98
16028754 97
15936000 97
15713620 95
15737340 96
15853616 96
15879944 96
16418132 100
16061748 98
15734072 96
16353616 99
16138940 98
15643120 95
16190611 98
15879404 96
15338608 93
15791563 96
15720352 95
16019075 97
15886312 96
19101530 116
18532963 113
15370740 93
18622970 113
15988104 97
15676104 95
15531344 94
16104572 98
15443352 94
15433096 94
15527708 94
15438548 94
15755220 96
15384392 93
15427508 94
15101444 92
15164136 92
14935596 91
14855224 90
14547440 88
14608664 89
15767744 96
15015300 91
18183587 110
15042264 91
14727080 89
14966708 91
15760272 96
15150004 92
14934420 91
18585158 113
16760750 102
24522928 149
15568924 95
15240504 93
15431816 94
18714531 114
15444396 94
15051044 91
15107808 92
15316808 93
14939884 91
15867680 96
15525648 94
16104044 98
15251532 93
15353512 93
18607973 113
15448808 94
15423972 94
15937304 97
15617872 95
15680968 95
15187420 92
15698364 95
15343956 93
15540744 94
15757760 96
15128020 92
15408080 94
15865016 96
15852284 96
15762964 96
15366020 93
15418224 94
15530100 94
14980092 91
15075012 92
15988136 97
15148076 92
15611532 95
15376508 93
15300640 93
15262632 93
15872188 96
15419404 94
15522852 94
15378964 93
15516292 94
15537936 94
15601740 95
15383264 93
15121488 92
15368092 93
15654200 95
15187248 92
15335144 93
15029908 91
17558547 107
15720228 95
15450460 94
15654376 95
16073656 98
15090800 92
15359864 93
15635172 95
15216532 92
15665728 95
15477376 94
15684808 95
15445052 94
15727516 95
15552980 94
16030252 97
17388860 106
15819540 96
15541204 94
15651728 95
15788432 96
15761800 96
16087172 98
16300924 99
16261496 99
15851812 96
15277212 93
15507440 94
15385640 93
15706652 95
15437588 94
15508612 94
15583764 95
15567896 95
15868532 96
15516832 94
15618748 95
15529408 94
15484776 94
15700948 95
15707976 95
15409032 94
15373408 93
15652108 95
15686352 95
15725920 95
16043340 97
15935836 97
15584536 95
15905804 97
15795688 96
17634224 107
16973148 103
15863308 96
16007228 97
15807644 96
15629996 95
15870368 96
17905543 109
15963184 97
15724392 95
15716820 95
15794968 96
15558072 94
15668776 95
16062496 98
15613584 95
16067280 98
16106168 98
15822624 96
15529552 94
15700256 95
19242625 117
15565748 95
18175320 110
16888590 103
15721764 95
15806540 96
15441412 94
15932212 97
15629892 95
15778224 96
15849108 96
15661480 95
15992372 97
18569969 113
17082669 104
15961104 97
16076716 98
16144348 98
16174312 98
15600472 95
15946712 97
16437144 100
15487048 94
15830092 96
19466633 118
16598683 101
16074224 98
17469761 106
16425496 100
15673976 95
16066076 98
16328668 99
15819480 96
16116560 98
16629680 101
15598660 95
16003704 97
15656376 95
17650752 107
16149668 98
17878495 109
16114896 98
16305752 99
19177521 117
15956580 97
15865560 96
15723104 95
16320372 99
16192612 98
15668336 95
16390336 100
18070913 110
15512744 94
18912675 115
18992773 115
15820036 96
16420920 100
16256132 99
16045012 97
16723001 102
17388600 106
15916848 97
15657328 95
16310516 99
16069280 98
16299616 99
17328631 105
15929240 97
15909812 97
19119523 116
17721124 108
15970112 97
16000252 97
15677748 95
16051200 97
17338313 105
15735532 96
16039884 97
17749734 108
15340476 93
15311336 93
15614488 95
15376380 93
15135208 92
15772504 96
15481288 94
14947728 91
15145180 92
15558064 94
15483564 94
16120016 98
15849716 96
15633640 95
15626552 95
15278956 93
15444628 94
15967840 97
15008936 91
15100632 92
16556916 101
17560922 107
15139900 92
15373052 93
19378968 118
15535328 94
15390092 93
15584488 95
15817876 96
15474796 94
15429240 94
15253484 93
15425216 94
18390262 112
15384340 93
18512039 112
16085636 98
15468692 94
15295320 93
15680068 95
15608308 95
15885112 96
15982920 97
15575780 95
15617012 95
15506764 94
15378200 93
28435794 173
15583760 95
15839832 96
15628132 95
16098181 98
15514408 94
16347516 99
19014492 116
15322476 93
15349108 93
15064528 91
15443708 94
15691500 95
15096028 92
15521524 94
15426816 94
15760440 96
15430052 94
15289800 93
15109824 92
15362656 93
15385972 93
18229236 111
14961636 91
15318444 93
15266824 93
15137884 92
17261707 105
16495179 100
15454664 94
14998784 91
17542075 107
15559196 94
15776180 96
15438652 94
15033308 91
15120416 92
18224948 111
17941976 109
15705996 95
14720116 89
15296512 93
15437600 94
15515244 94
18654325 113
15069236 91
15587516 95
15410672 94
15460932 94
15504372 94
15623144 95
14757024 90
15364872 93
18968513 115
15475268 94
15557740 94
15352856 93
15345160 93
17617394 107
15920400 97
18204090 111
15629048 95
15543600 94
15491764 94
18793984 114
15536004 94
16055648 97
15164796 92
15274176 93
17281802 105
15381284 93
17458820 106
18562271 113
15271376 93
18701508 114
15376840 93
17862977 109
15845862 96
15215692 92
17581721 107
15998666 97
15308848 93
15823052 96
15522516 94
15604348 95
15646172 95
15330484 93
16043876 97
15735800 96
15066204 91
15231616 92
15578024 95
15729072 96
15308020 93
15568824 95
18097485 110
18726828 114
17945231 109
15124444 92
18479548 112
14871344 90
16967101 103
14894388 90
15282064 93
15532948 94
15316104 93
16866341 102
15395940 93
18743280 114
18614983 113
15329432 93
17290622 105
15331288 93
15514100 94
18835411 114
15762456 96
15081780 92
15570000 95
15770628 96
15492076 94
15480332 94
15723000 95
15182116 92
15855242 96
15601204 95
15643976 95
15734404 96
15629820 95
18762825 114
15651056 95
15666728 95
15602504 95
15839496 96
18897658 115
15727940 95
15757520 96
15727768 95
18394370 112
18920223 115
15834368 96
18467029 112
15416444 94
17034500 103
15759512 96
17886735 109
15566868 95
16294972 99
15700232 95
17576247 107
15860508 96
15439392 94
15683628 95
15816918 96
15600736 95
15183372 92
15559616 94
20083696 122
15473264 94
17707796 108
19697532 120
17954332 109
15435632 94
15498712 94
15733496 96
15629484 95
15163912 92
18177935 110
15574112 95
15422188 94
15263780 93
15707800 95
14928980 91
15430116 94
16042600 97
16468728 100
18969310 115
19022404 116
16137816 98
15795348 96
18320372 111
15665792 95
15958400 97
15821168 96
15458632 94
15423824 94
15509380 94
15467000 94
15165436 92
15882420 96
17168269 104
15638656 95
15154072 92
15948468 97
15960660 97
15909488 97
15565412 95
