6257878 1527 1.787965
6291203 1535 1.797487
6184363 1509 1.766961
6888715 1681 1.968204
6248036 1525 1.785153
6966458 1700 1.990417
6321348 1543 1.806099
6985716 1705 1.995919
7031065 1716 2.008876
7130758 1740 2.037359
7011350 1711 2.003243
6996944 1708 1.999127
6966681 1700 1.990480
6342656 1548 1.812187
6963703 1700 1.989629
6953557 1697 1.986731
6331044 1545 1.808870
6321729 1543 1.806208
6457215 1576 1.844919
6325304 1544 1.807230
6415713 1566 1.833061
6980936 1704 1.994553
6327384 1544 1.807824
6989240 1706 1.996926
6986373 1705 1.996107
6910558 1687 1.974445
6307704 1539 1.802201
6954552 1697 1.987015
6345913 1549 1.813118
6847974 1671 1.956564
6323896 1543 1.806827
6958403 1698 1.988115
6900795 1684 1.971656
6867484 1676 1.962138
6282678 1533 1.795051
6904185 1685 1.972624
6349782 1550 1.814223
6421124 1567 1.834607
6246042 1524 1.784583
6356457 1551 1.816131
6402756 1563 1.829359
6319927 1542 1.805693
6335918 1546 1.810262
6353496 1551 1.815285
6270423 1530 1.791549
6356747 1551 1.816213
6366840 1554 1.819097
6282192 1533 1.794912
6979068 1703 1.994019
6987832 1706 1.996523
6943037 1695 1.983725
6957101 1698 1.987743
6934379 1692 1.981251
7551236 1843 2.157496
6976429 1703 1.993265
6975242 1702 1.992926
7607148 1857 2.173471
7044739 1719 2.012783
7694568 1878 2.198448
7033960 1717 2.009703
7038928 1718 2.011122
7051588 1721 2.014739
7046424 1720 2.013264
6976418 1703 1.993262
7050098 1721 2.014314
7060928 1723 2.017408
6985587 1705 1.995882
7673184 1873 2.192338
7056840 1722 2.016240
7036805 1717 2.010516
6992936 1707 1.997982
7004535 1710 2.001296
6986495 1705 1.996141
7017642 1713 2.005041
6906315 1686 1.973233
7062184 1724 2.017767
7580976 1850 2.165993
7007586 1710 2.002167
6980060 1704 1.994303
6998107 1708 1.999459
7077816 1727 2.022233
7105393 1734 2.030112
7105366 1734 2.030105
7038848 1718 2.011099
7024247 1714 2.006928
7155589 1746 2.044454
7139075 1742 2.039736
7631385 1863 2.180396
7059182 1723 2.016909
7150751 1745 2.043072
7111671 1736 2.031906
7073552 1726 2.021015
7160837 1748 2.045953
7794597 1902 2.227028
7108333 1735 2.030952
7187428 1754 2.053551
7739642 1889 2.211326
7241872 1768 2.069106
7135001 1741 2.038572
7095964 1732 2.027418
7119785 1738 2.034224
7099179 1733 2.028337
7113434 1736 2.032410
7105537 1734 2.030153
6585090 1607 1.881454
6517095 1591 1.862027
6605892 1612 1.887398
6503053 1587 1.858015
7184197 1753 2.052628
6580230 1606 1.880066
6638369 1620 1.896677
6646413 1622 1.898975
6577420 1605 1.879263
6572361 1604 1.877817
7153641 1746 2.043897
6650404 1623 1.900115
6484626 1583 1.852750
6563521 1602 1.875292
6665462 1627 1.904418
7101714 1733 2.029061
6584385 1607 1.881253
7087176 1730 2.024907
7128256 1740 2.036645
7148219 1745 2.042348
7067240 1725 2.019211
7059167 1723 2.016905
7050020 1721 2.014291
7096382 1732 2.027538
7053271 1721 2.015220
7157261 1747 2.044932
7137752 1742 2.039358
7150663 1745 2.043047
7095632 1732 2.027323
7044288 1719 2.012654
6936376 1693 1.981822
7055953 1722 2.015987
6962338 1699 1.989239
7033943 1717 2.009698
6950708 1696 1.985917
7113613 1736 2.032461
7014625 1712 2.004179
7129739 1740 2.037068
7167125 1749 2.047750
7048606 1720 2.013887
7032868 1717 2.009391
6964122 1700 1.989749
7029795 1716 2.008513
6319644 1542 1.805613
6846361 1671 1.956103
6367476 1554 1.819279
6883597 1680 1.966742
6871303 1677 1.963229
6945608 1695 1.984459
6925829 1690 1.978808
6993813 1707 1.998232
6931365 1692 1.980390
6274458 1531 1.792702
6408056 1564 1.830873
6594905 1610 1.884259
6428743 1569 1.836784
6453046 1575 1.843727
6757613 1649 1.930747
6478422 1581 1.850978
6417340 1566 1.833526
6387667 1559 1.825048
6403280 1563 1.829509
6480946 1582 1.851699
6403105 1563 1.829459
6530740 1594 1.865926
6545959 1598 1.870274
6541602 1597 1.869029
7100034 1733 2.028581
6537912 1596 1.867975
6555637 1600 1.873039
6465417 1578 1.847262
6604066 1612 1.886876
6537363 1596 1.867818
6601126 1611 1.886036
6532430 1594 1.866409
6525507 1593 1.864431
6528771 1593 1.865363
6535300 1595 1.867229
6504785 1588 1.858510
6460727 1577 1.845922
6554642 1600 1.872755
7014705 1712 2.004201
7085441 1729 2.024412
7066800 1725 2.019086
7098320 1732 2.028091
7121821 1738 2.034806
7039449 1718 2.011271
7041282 1719 2.011795
7089019 1730 2.025434
7142863 1743 2.040818
6938366 1693 1.982390
6991714 1706 1.997633
6886244 1681 1.967498
7032162 1716 2.009189
7020082 1713 2.005738
6994683 1707 1.998481
7081125 1728 2.023179
6978643 1703 1.993898
7013655 1712 2.003901
6997154 1708 1.999187
6928116 1691 1.979462
7005272 1710 2.001506
6879784 1679 1.965653
6935126 1693 1.981465
6965330 1700 1.990094
6911796 1687 1.974799
6928786 1691 1.979653
6977099 1703 1.993457
6919761 1689 1.977075
7134829 1741 2.038523
7063229 1724 2.018065
7044899 1719 2.012828
7017854 1713 2.005101
7096212 1732 2.027489
7031223 1716 2.008921
6968263 1701 1.990932
7059251 1723 2.016929
7090227 1731 2.025779
7094106 1731 2.026887
7047793 1720 2.013655
7035329 1717 2.010094
7108320 1735 2.030949
7011459 1711 2.003274
7063074 1724 2.018021
7719678 1884 2.205622
7649767 1867 2.185648
6456615 1576 1.844747
6510047 1589 1.860013
6988233 1706 1.996638
6489810 1584 1.854231
6450944 1574 1.843127
6411967 1565 1.831991
6923706 1690 1.978202
6396405 1561 1.827544
6425932 1568 1.835981
6388344 1559 1.825241
6431149 1570 1.837471
6340959 1548 1.811703
6454331 1575 1.844095
6967365 1701 1.990676
6906053 1686 1.973158
7009454 1711 2.002701
6902027 1685 1.972008
6392122 1560 1.826321
6305347 1539 1.801528
7005296 1710 2.001513
6370727 1555 1.820208
6372162 1555 1.820618
6439405 1572 1.839830
6417085 1566 1.833453
6442737 1572 1.840782
6374250 1556 1.821214
6471498 1579 1.848999
6344391 1548 1.812683
6524190 1592 1.864054
6473589 1580 1.849597
6448528 1574 1.842437
6475489 1580 1.850140
6448930 1574 1.842551
5681412 1387 1.623261
5770076 1408 1.648593
5841499 1426 1.669000
6315972 1541 1.804563
5692291 1389 1.626369
6325817 1544 1.807376
6380101 1557 1.822886
5769154 1408 1.648330
6316998 1542 1.804857
6404659 1563 1.829903
6454003 1575 1.844001
6363084 1553 1.818024
6430342 1569 1.837241
5732813 1399 1.637947
5581231 1362 1.594637
5656610 1381 1.616174
5537550 1351 1.582157
5576270 1361 1.593220
5603485 1368 1.600996
5705241 1392 1.630069
6328686 1545 1.808196
5628392 1374 1.608112
5611162 1369 1.603189
5612364 1370 1.603533
6244649 1524 1.784185
6215800 1517 1.775943
6809673 1662 1.945621
6830354 1667 1.951530
6346954 1549 1.813415
6213007 1516 1.775145
6312389 1541 1.803540
6317351 1542 1.804957
6247237 1525 1.784925
6902481 1685 1.972137
6388658 1559 1.825331
6440889 1572 1.840254
6298934 1537 1.799695
6426285 1568 1.836081
6262535 1528 1.789296
6299024 1537 1.799721
6282122 1533 1.794892
6235003 1522 1.781429
6308918 1540 1.802548
6303808 1539 1.801088
6241622 1523 1.783321
6294146 1536 1.798327
6261460 1528 1.788989
6316397 1542 1.804685
6324050 1543 1.806871
6240111 1523 1.782889
6305483 1539 1.801567
5553202 1355 1.586629
6229190 1520 1.779769
5735686 1400 1.638767
5633975 1375 1.609707
5742005 1401 1.640573
6161432 1504 1.760409
6243836 1524 1.783953
6263646 1529 1.789613
6271519 1531 1.791863
6365817 1554 1.818805
6327869 1544 1.807963
6225132 1519 1.778609
6884731 1680 1.967066
6346263 1549 1.813218
6401500 1562 1.829000
6351485 1550 1.814710
6302449 1538 1.800700
6368362 1554 1.819532
6158046 1503 1.759442
6270094 1530 1.791455
6221575 1518 1.777593
6275890 1532 1.793111
6178223 1508 1.765207
6815634 1663 1.947324
6381218 1557 1.823205
6295212 1536 1.798632
6287283 1534 1.796367
6343228 1548 1.812351
6276358 1532 1.793245
6294479 1536 1.798423
6341880 1548 1.811966
6255644 1527 1.787327
6351922 1550 1.814835
6328596 1545 1.808170
6286521 1534 1.796149
6320818 1543 1.805948
6295997 1537 1.798856
6168160 1505 1.762331
6218083 1518 1.776595
6215957 1517 1.775988
6227804 1520 1.779373
6176435 1507 1.764696
6241604 1523 1.783315
6246978 1525 1.784851
6172918 1507 1.763691
6782319 1655 1.937805
6171062 1506 1.763161
6760990 1650 1.931711
6775598 1654 1.935885
6790000 1657 1.940000
6817212 1664 1.947775
6867089 1676 1.962025
6830388 1667 1.951539
6827100 1666 1.950600
6912376 1687 1.974965
6706315 1637 1.916090
6669558 1628 1.905588
6150228 1501 1.757208
6170978 1506 1.763137
5992474 1463 1.712135
6179528 1508 1.765579
6131444 1496 1.751841
6138074 1498 1.753735
6199422 1513 1.771263
6392265 1560 1.826361
6260605 1528 1.788744
7007488 1710 2.002139
6833279 1668 1.952365
6845513 1671 1.955861
6288811 1535 1.796803
6803466 1661 1.943847
6829701 1667 1.951343
6272081 1531 1.792023
6837507 1669 1.953573
6294684 1536 1.798481
6292795 1536 1.797941
6223889 1519 1.778254
6235725 1522 1.781636
6113041 1492 1.746583
6743278 1646 1.926651
6223911 1519 1.778260
6114127 1492 1.746893
6150742 1501 1.757355
6158859 1503 1.759674
6086392 1485 1.738969
6170115 1506 1.762890
6059190 1479 1.731197
6679906 1630 1.908545
5589959 1364 1.597131
5478950 1337 1.565414
6104257 1490 1.744073
5464102 1334 1.561172
6008220 1466 1.716634
5580410 1362 1.594403
6081846 1484 1.737670
6073606 1482 1.735316
6054400 1478 1.729829
6075582 1483 1.735881
6086336 1485 1.738953
6086032 1485 1.738866
6008517 1466 1.716719
6146935 1500 1.756267
6077614 1483 1.736461
6195508 1512 1.770145
6120673 1494 1.748764
6155011 1502 1.758575
6211802 1516 1.774801
6772892 1653 1.935112
6092208 1487 1.740631
6145393 1500 1.755827
6193920 1512 1.769691
5610509 1369 1.603003
5586611 1363 1.596175
6091884 1487 1.740538
6160189 1503 1.760054
6208259 1515 1.773788
6833859 1668 1.952531
6148709 1501 1.756774
6820371 1665 1.948677
6173687 1507 1.763911
6832934 1668 1.952267
6867474 1676 1.962135
6150176 1501 1.757193
6792427 1658 1.940693
5634163 1375 1.609761
6126435 1495 1.750410
6213915 1517 1.775404
6234615 1522 1.781319
5679995 1386 1.622856
5611595 1370 1.603313
6148210 1501 1.756631
5613173 1370 1.603764
5621291 1372 1.606083
6289849 1535 1.797100
5615568 1370 1.604448
6151255 1501 1.757501
6228900 1520 1.779686
6185920 1510 1.767406
6289007 1535 1.796859
6089300 1486 1.739800
6178229 1508 1.765208
6100092 1489 1.742883
6190753 1511 1.768787
6043535 1475 1.726724
6173114 1507 1.763747
5556355 1356 1.587530
5569248 1359 1.591214
5630263 1374 1.608647
6083058 1485 1.738017
6192087 1511 1.769168
6767375 1652 1.933536
6272413 1531 1.792118
6691086 1633 1.911739
6131546 1496 1.751870
6252609 1526 1.786460
6229619 1520 1.779891
6234437 1522 1.781268
6171547 1506 1.763299
6219420 1518 1.776977
6222724 1519 1.777921
6333774 1546 1.809650
6208827 1515 1.773951
6344479 1548 1.812708
6332601 1546 1.809315
6237167 1522 1.782048
6242251 1523 1.783500
6350225 1550 1.814350
6119260 1493 1.748360
6015098 1468 1.718599
5542693 1353 1.583627
5615512 1370 1.604432
5603963 1368 1.601132
5595280 1366 1.598651
5631587 1374 1.609025
6111467 1492 1.746133
5568480 1359 1.590994
6200061 1513 1.771446
6115873 1493 1.747392
6247900 1525 1.785114
6103468 1490 1.743848
6187328 1510 1.767808
5674437 1385 1.621268
5653911 1380 1.615403
6276686 1532 1.793339
6261691 1528 1.789055
6209523 1515 1.774149
6256583 1527 1.787595
6184419 1509 1.766977
6170088 1506 1.762882
6216435 1517 1.776124
5686458 1388 1.624702
6265538 1529 1.790154
6308238 1540 1.802354
6277381 1532 1.793537
6259138 1528 1.788325
6306984 1539 1.801995
6355364 1551 1.815818
6166016 1505 1.761719
6371439 1555 1.820411
6323827 1543 1.806808
6309883 1540 1.802824
6346566 1549 1.813305
6348057 1549 1.813731
6863560 1675 1.961017
6245442 1524 1.784412
6778964 1655 1.936847
6850540 1672 1.957297
6166170 1505 1.761763
6197320 1513 1.770663
6073327 1482 1.735236
6169308 1506 1.762659
6234423 1522 1.781264
6805449 1661 1.944414
6160506 1504 1.760145
6218820 1518 1.776806
6101987 1489 1.743425
6158426 1503 1.759550
6252620 1526 1.786463
6801385 1660 1.943253
6239472 1523 1.782706
6748703 1647 1.928201
6732074 1643 1.923450
6718642 1640 1.919612
6339947 1547 1.811413
6807268 1661 1.944934
6765885 1651 1.933110
6732692 1643 1.923626
6756660 1649 1.930474
6279622 1533 1.794178
6726774 1642 1.921935
6301800 1538 1.800514
6250484 1525 1.785853
6279214 1533 1.794061
6219707 1518 1.777059
6796905 1659 1.941973
6271621 1531 1.791892
6282625 1533 1.795036
6265500 1529 1.790143
6252166 1526 1.786333
6247222 1525 1.784921
6234493 1522 1.781284
6257857 1527 1.787959
6259355 1528 1.788387
6255235 1527 1.787210
6337363 1547 1.810675
6374892 1556 1.821398
5703488 1392 1.629568
6244317 1524 1.784091
6311701 1540 1.803343
6281427 1533 1.794693
6351712 1550 1.814775
6209757 1516 1.774216
6305819 1539 1.801663
6287168 1534 1.796334
6238333 1523 1.782381
6281458 1533 1.794702
6293584 1536 1.798167
5626067 1373 1.607448
6253709 1526 1.786774
6289527 1535 1.797008
6346294 1549 1.813227
6273481 1531 1.792423
6300961 1538 1.800275
6401053 1562 1.828872
6266275 1529 1.790364
6408500 1564 1.831000
6314819 1541 1.804234
6405263 1563 1.830075
6421470 1567 1.834706
6400525 1562 1.828721
6419403 1567 1.834115
6501140 1587 1.857469
6518747 1591 1.862499
6555599 1600 1.873028
6416202 1566 1.833201
6462718 1577 1.846491
6488138 1584 1.853754
6521533 1592 1.863295
6348417 1549 1.813833
6447115 1574 1.842033
6440945 1572 1.840270
6435129 1571 1.838608
6438752 1571 1.839643
6505064 1588 1.858590
6467490 1578 1.847854
6508894 1589 1.859684
6390058 1560 1.825731
6497035 1586 1.856296
6571663 1604 1.877618
6393410 1560 1.826689
6560309 1601 1.874374
6453891 1575 1.843969
6603053 1612 1.886587
6532647 1594 1.866471
6459432 1577 1.845552
6476592 1581 1.850455
7090468 1731 2.025848
6504460 1588 1.858417
6541751 1597 1.869072
6981013 1704 1.994575
6461915 1577 1.846261
6969261 1701 1.991217
6942479 1694 1.983565
6247369 1525 1.784963
6928339 1691 1.979525
6441490 1572 1.840426
6917665 1688 1.976476
7526085 1837 2.150310
6863556 1675 1.961016
6858665 1674 1.959619
6870515 1677 1.963004
6331005 1545 1.808859
6231155 1521 1.780330
6956567 1698 1.987591
6380233 1557 1.822924
6319864 1542 1.805675
6318080 1542 1.805166
6320388 1543 1.805825
6325890 1544 1.807397
6451719 1575 1.843348
6383882 1558 1.823966
6319777 1542 1.805651
6505075 1588 1.858593
6394426 1561 1.826979
6277322 1532 1.793521
6392377 1560 1.826393
6463971 1578 1.846849
6513908 1590 1.861117
6425255 1568 1.835787
7102761 1734 2.029360
6974421 1702 1.992692
6560668 1601 1.874477
6512529 1589 1.860723
6567343 1603 1.876384
6478324 1581 1.850950
6605805 1612 1.887373
6609555 1613 1.888444
6634395 1619 1.895541
6553357 1599 1.872388
6580782 1606 1.880223
6654412 1624 1.901261
6565780 1602 1.875937
6626673 1617 1.893335
6597321 1610 1.884949
6617295 1615 1.890656
6560608 1601 1.874459
6599346 1611 1.885527
6614443 1614 1.889841
6475154 1580 1.850044
6522120 1592 1.863463
6556014 1600 1.873147
6588512 1608 1.882432
6461603 1577 1.846172
6527661 1593 1.865046
6475691 1580 1.850197
6494203 1585 1.855487
6520479 1591 1.862994
6477713 1581 1.850775
6975808 1703 1.993088
6343909 1548 1.812545
7003847 1709 2.001099
6509729 1589 1.859923
6443599 1573 1.841028
6390564 1560 1.825875
6349360 1550 1.814103
7015934 1712 2.004553
6411855 1565 1.831959
7002084 1709 2.000595
6318339 1542 1.805240
6265751 1529 1.790215
6282377 1533 1.794965
6267786 1530 1.790796
6894787 1683 1.969939
6254994 1527 1.787141
6261059 1528 1.788874
6151502 1501 1.757572
6296531 1537 1.799009
6249952 1525 1.785701
6281127 1533 1.794608
6883160 1680 1.966617
6847978 1671 1.956565
6330684 1545 1.808767
6909018 1686 1.974005
6325492 1544 1.807283
6964817 1700 1.989948
6415021 1566 1.832863
6460665 1577 1.845904
6463552 1578 1.846729
6504003 1587 1.858287
6443563 1573 1.841018
6514886 1590 1.861396
6456974 1576 1.844850
6478048 1581 1.850871
7036247 1717 2.010356
6927878 1691 1.979394
6975958 1703 1.993131
6974076 1702 1.992593
7053697 1722 2.015342
7021782 1714 2.006223
7033667 1717 2.009619
7021405 1714 2.006116
6962642 1699 1.989326
6969296 1701 1.991227
6951252 1697 1.986072
6986453 1705 1.996129
6914240 1688 1.975497
7058697 1723 2.016771
6969317 1701 1.991233
7024519 1714 2.007005
6889843 1682 1.968527
6946791 1695 1.984797
6892950 1682 1.969414
6345358 1549 1.812959
6884924 1680 1.967121
6282307 1533 1.794945
6272416 1531 1.792119
6266568 1529 1.790448
6264526 1529 1.789865
6910247 1687 1.974356
6977494 1703 1.993570
6941522 1694 1.983292
6787252 1657 1.939215
6910002 1687 1.974286
6964241 1700 1.989783
6886261 1681 1.967503
6940398 1694 1.982971
6991872 1707 1.997678
6991152 1706 1.997472
7028101 1715 2.008029
7013420 1712 2.003834
7031276 1716 2.008936
6958846 1698 1.988242
7167307 1749 2.047802
6958034 1698 1.988010
7055827 1722 2.015951
7096826 1732 2.027665
7304703 1783 2.087058
7057060 1722 2.016303
7014394 1712 2.004113
7086411 1730 2.024689
7105401 1734 2.030115
7126769 1739 2.036220
7114080 1736 2.032594
7026527 1715 2.007579
7043146 1719 2.012327
7122694 1738 2.035055
7187487 1754 2.053568
6609369 1613 1.888391
7155415 1746 2.044404
6575908 1605 1.878831
6664418 1627 1.904119
7173849 1751 2.049671
7230885 1765 2.065967
6616419 1615 1.890405
6649154 1623 1.899758
6670263 1628 1.905789
6694643 1634 1.912755
6714115 1639 1.918319
6660854 1626 1.903101
6729204 1642 1.922630
6675308 1629 1.907231
6640604 1621 1.897315
6649814 1623 1.899947
6621662 1616 1.891903
6640338 1621 1.897239
6650795 1623 1.900227
6543456 1597 1.869559
6640530 1621 1.897294
6595456 1610 1.884416
6544894 1597 1.869970
6548490 1598 1.870997
6520339 1591 1.862954
6494011 1585 1.855432
6409223 1564 1.831207
6503452 1587 1.858129
6544626 1597 1.869893
6425125 1568 1.835750
6534399 1595 1.866971
6535656 1595 1.867330
6398123 1562 1.828035
6480268 1582 1.851505
6504859 1588 1.858531
6491622 1584 1.854749
6423589 1568 1.835311
6331780 1545 1.809080
6413657 1565 1.832473
6436923 1571 1.839121
6387733 1559 1.825067
6405319 1563 1.830091
6471324 1579 1.848950
6433582 1570 1.838166
6967383 1701 1.990681
6346762 1549 1.813361
7005464 1710 2.001561
6324009 1543 1.806860
6897147 1683 1.970613
6409569 1564 1.831305
6468115 1579 1.848033
6407878 1564 1.830822
6421408 1567 1.834688
6516938 1591 1.861982
7037458 1718 2.010702
6934487 1692 1.981282
7033974 1717 2.009707
6983035 1704 1.995153
6952122 1697 1.986321
6952828 1697 1.986522
6482618 1582 1.852177
6299879 1538 1.799965
6373132 1555 1.820895
6333114 1546 1.809461
6383693 1558 1.823912
6327444 1544 1.807841
6545676 1598 1.870193
6459216 1576 1.845490
6598864 1611 1.885390
6613835 1614 1.889667
6571662 1604 1.877618
6541619 1597 1.869034
6367850 1554 1.819386
6424564 1568 1.835590
6423241 1568 1.835212
6360532 1552 1.817295
6409128 1564 1.831179
6419809 1567 1.834231
6353437 1551 1.815268
6476387 1581 1.850396
6465375 1578 1.847250
6541166 1596 1.868905
6411806 1565 1.831945
6463552 1578 1.846729
6261726 1528 1.789065
6496647 1586 1.856185
6292488 1536 1.797854
6193895 1512 1.769684
6218121 1518 1.776606
6123386 1494 1.749539
5380305 1313 1.537230
5442553 1328 1.555015
5430961 1325 1.551703
4778314 1166 1.365233
6001013 1465 1.714575
4807956 1173 1.373702
6023201 1470 1.720915
5487756 1339 1.567930
5516106 1346 1.576030
4902471 1196 1.400706
6101729 1489 1.743351
6074640 1483 1.735611
6664167 1626 1.904048
6064853 1480 1.732815
6049041 1476 1.728297
6584410 1607 1.881260
6092502 1487 1.740715
6047732 1476 1.727923
6682660 1631 1.909331
5415791 1322 1.547369
6044897 1475 1.727113
6052232 1477 1.729209
6088962 1486 1.739703
5966044 1456 1.704584
6038116 1474 1.725176
6746208 1647 1.927488
6540831 1596 1.868809
6115607 1493 1.747316
6714304 1639 1.918373
5960549 1455 1.703014
6628953 1618 1.893987
6647530 1622 1.899294
6126501 1495 1.750429
7290517 1779 2.083005
6676889 1630 1.907683
6673793 1629 1.906798
6658745 1625 1.902499
6096461 1488 1.741846
7294550 1780 2.084157
7199259 1757 2.056931
7255471 1771 2.072992
7304340 1783 2.086954
6830451 1667 1.951557
6830060 1667 1.951446
6832061 1667 1.952017
6204589 1514 1.772740
6786020 1656 1.938863
6768378 1652 1.933822
6813015 1663 1.946576
6213283 1516 1.775224
6744329 1646 1.926951
6804636 1661 1.944182
6130254 1496 1.751501
6179968 1508 1.765705
6264033 1529 1.789724
6816161 1664 1.947475
6308915 1540 1.802547
6263053 1529 1.789444
6781321 1655 1.937520
6220806 1518 1.777373
6252917 1526 1.786548
6177915 1508 1.765119
6303088 1538 1.800882
6247746 1525 1.785070
6875350 1678 1.964386
6817065 1664 1.947733
6857324 1674 1.959235
7350625 1794 2.100179
6848058 1671 1.956588
7378438 1801 2.108125
7325756 1788 2.093073
6747610 1647 1.927889
7302968 1782 2.086562
6826199 1666 1.950343
6797542 1659 1.942155
6254698 1527 1.787057
6332663 1546 1.809332
6395306 1561 1.827230
6349111 1550 1.814032
6341832 1548 1.811952
6221840 1519 1.777669
6314324 1541 1.804093
6302320 1538 1.800663
6260169 1528 1.788620
6821580 1665 1.949023
6287126 1534 1.796322
7340930 1792 2.097409
6200553 1513 1.771587
6795998 1659 1.941714
6221948 1519 1.777699
6821974 1665 1.949135
6924890 1690 1.978540
6817407 1664 1.947831
6805815 1661 1.944519
6816112 1664 1.947461
6180656 1508 1.765902
6795136 1658 1.941467
6788020 1657 1.939434
6660539 1626 1.903011
6816158 1664 1.947474
6614585 1614 1.889881
6825933 1666 1.950267
6672637 1629 1.906468
7318578 1786 2.091022
6652443 1624 1.900698
6830863 1667 1.951675
6693659 1634 1.912474
6791790 1658 1.940511
7344494 1793 2.098427
6817100 1664 1.947743
7292354 1780 2.083530
7281712 1777 2.080489
7219171 1762 2.062620
6821841 1665 1.949097
6723810 1641 1.921089
6855338 1673 1.958668
6714928 1639 1.918551
6818455 1664 1.948130
7242130 1768 2.069180
7270675 1775 2.077336
6132856 1497 1.752245
6742416 1646 1.926405
6065821 1480 1.733092
6173715 1507 1.763919
6202470 1514 1.772134
6100026 1489 1.742865
6185917 1510 1.767405
6263957 1529 1.789702
6262543 1528 1.789298
6188682 1510 1.768195
6193832 1512 1.769666
6261107 1528 1.788888
6191553 1511 1.769015
6849657 1672 1.957045
6773248 1653 1.935214
6258150 1527 1.788043
6864192 1675 1.961198
6865582 1676 1.961595
6284549 1534 1.795585
6283826 1534 1.795379
6258583 1527 1.788167
6337650 1547 1.810757
6799224 1659 1.942635
6352117 1550 1.814891
6340683 1548 1.811624
6341626 1548 1.811893
6300176 1538 1.800050
6309072 1540 1.802592
6420908 1567 1.834545
