33527674 8185 9.579335
33246206 8116 9.498916
30840915 7529 8.811690
33088776 8078 9.453936
30520860 7451 8.720246
30705184 7496 8.772910
27995424 6834 7.998693
30468835 7438 8.705381
27605133 6739 7.887181
27816243 6791 7.947498
33792974 8250 9.655135
33470451 8171 9.562986
33500082 8178 9.571452
33628927 8210 9.608265
31317123 7645 8.947749
31125970 7599 8.893134
28677577 7001 8.193593
31229004 7624 8.922573
28307261 6910 8.087789
28434965 6942 8.124276
28633100 6990 8.180886
28201304 6885 8.057515
28654891 6995 8.187112
28399202 6933 8.114058
28520665 6963 8.148761
28506894 6959 8.144827
28454052 6946 8.129729
31031244 7575 8.866070
28558835 6972 8.159667
28512763 6961 8.146504
28343710 6919 8.098203
28376990 6927 8.107711
28413001 6936 8.118000
27829419 6794 7.951263
28425070 6939 8.121449
25683057 6270 7.338016
27832471 6795 7.952135
25549798 6237 7.299942
30465033 7437 8.704295
22208052 5421 6.345158
25097671 6127 7.170763
25173381 6145 7.192395
27593793 6736 7.883941
25262687 6167 7.217911
27921284 6816 7.977510
24957167 6093 7.130619
25466427 6217 7.276122
28049638 6848 8.014182
28595872 6981 8.170249
25818044 6303 7.376584
28930378 7063 8.265822
28697406 7006 8.199259
28681962 7002 8.194846
25399871 6201 7.257106
25697616 6273 7.342176
25260851 6167 7.217386
25702301 6274 7.343515
28395446 6932 8.112985
25300813 6176 7.228804
25731001 6281 7.351715
27684674 6758 7.909907
27613917 6741 7.889691
30795765 7518 8.798790
30245292 7384 8.641512
30562904 7461 8.732258
30266195 7389 8.647484
27654798 6751 7.901371
30218887 7377 8.633968
27606003 6739 7.887429
27267865 6657 7.790819
27538479 6723 7.868137
27205872 6642 7.773106
27296219 6664 7.798920
27331894 6672 7.809113
27267229 6657 7.790637
27277543 6659 7.793584
30480356 7441 8.708673
30596096 7469 8.741742
30432688 7429 8.695054
27281949 6660 7.794843
27728543 6769 7.922441
27476636 6708 7.850467
27383577 6685 7.823879
27273490 6658 7.792426
27311438 6667 7.803268
27257702 6654 7.787915
27241534 6650 7.783295
24548885 5993 7.013967
27172900 6634 7.763686
24518740 5986 7.005354
27561899 6728 7.874828
29892750 7298 8.540786
26802135 6543 7.657753
24819180 6059 7.091194
24547153 5992 7.013472
27539031 6723 7.868295
24483170 5977 6.995191
27461504 6704 7.846144
27336852 6674 7.810529
24681986 6025 7.051996
30175514 7367 8.621575
27324579 6671 7.807023
26895674 6566 7.684478
26905610 6568 7.687317
26921485 6572 7.691853
24668845 6022 7.048241
27468732 6706 7.848209
24209344 5910 6.916955
24431584 5964 6.980453
24561659 5996 7.017617
27327530 6671 7.807866
26935957 6576 7.695988
26930189 6574 7.694340
26931345 6575 7.694670
26996756 6591 7.713359
26687120 6515 7.624891
26726844 6525 7.636241
26950436 6579 7.700125
29322719 7158 8.377920
29553286 7215 8.443796
29675977 7245 8.478851
27119862 6621 7.748532
29959704 7314 8.559915
29602644 7227 8.457898
29945222 7310 8.555778
27249721 6652 7.785635
30388244 7419 8.682355
27530215 6721 7.865776
30253745 7386 8.643927
29959031 7314 8.559723
30298180 7397 8.656623
29741123 7261 8.497464
30195568 7371 8.627305
27489159 6711 7.854045
29707095 7252 8.487741
27689269 6760 7.911220
27792097 6785 7.940599
33713098 8230 9.632314
30607059 7472 8.744874
30335740 7406 8.667354
30682682 7490 8.766481
27691279 6760 7.911794
30611954 7473 8.746273
30451989 7434 8.700568
30811735 7522 8.803353
30978068 7563 8.850877
30982243 7564 8.852069
36061553 8804 10.303301
33541898 8188 9.583399
30508749 7448 8.716785
33239003 8114 9.496858
33547610 8190 9.585031
30395377 7420 8.684393
30926534 7550 8.836153
30564596 7462 8.732742
30844099 7530 8.812600
31066151 7584 8.876043
30998397 7567 8.856685
31187665 7614 8.910761
30949498 7556 8.842714
31137491 7601 8.896426
30719687 7499 8.777053
31398454 7665 8.970987
31624560 7720 9.035589
31523648 7696 9.006757
31155461 7606 8.901560
31113743 7596 8.889641
31027310 7575 8.864946
28429801 6940 8.122800
28509817 6960 8.145662
28398103 6933 8.113744
28215102 6888 8.061458
27979500 6830 7.994143
27995246 6834 7.998642
28056963 6849 8.016275
27982415 6831 7.994976
28275964 6903 8.078847
30502984 7447 8.715138
31066696 7584 8.876199
30832910 7527 8.809403
27893249 6809 7.969500
28029246 6843 8.008356
28409645 6935 8.117041
28180251 6879 8.051500
31045360 7579 8.870103
28326770 6915 8.093363
30709293 7497 8.774084
28521397 6963 8.148971
28221393 6889 8.063255
27856837 6800 7.959096
28415427 6937 8.118693
28461545 6948 8.131870
28279441 6904 8.079840
28327943 6916 8.093698
30886873 7540 8.824821
27994820 6834 7.998520
27942048 6821 7.983442
27936053 6820 7.981729
28455505 6947 8.130144
28036853 6844 8.010529
27973247 6829 7.992356
31034390 7576 8.866969
31003980 7569 8.858280
31385966 7662 8.967419
31373627 7659 8.963893
30825972 7525 8.807421
31338210 7650 8.953774
31123857 7598 8.892531
30767104 7511 8.790601
28721712 7012 8.206203
28423743 6939 8.121069
31114476 7596 8.889850
30712244 7498 8.774927
28231131 6892 8.066037
31340393 7651 8.954398
31033866 7576 8.866819
31078535 7587 8.879581
28011467 6838 8.003276
30694867 7493 8.769962
27964720 6827 7.989920
27942499 6821 7.983571
30427661 7428 8.693617
27767932 6779 7.933695
30630660 7478 8.751617
30370511 7414 8.677289
30361632 7412 8.674752
30577989 7465 8.736568
30398710 7421 8.685346
30100197 7348 8.600056
30015318 7327 8.575805
32608781 7961 9.316795
32947424 8043 9.413550
32657238 7972 9.330639
30422417 7427 8.692119
30661919 7485 8.760548
30313682 7400 8.661052
30186602 7369 8.624743
26858913 6557 7.673975
24416145 5960 6.976041
27052901 6604 7.729400
27121440 6621 7.748983
27345832 6676 7.813095
27517415 6718 7.862119
29801677 7275 8.514765
28020925 6841 8.005979
28299705 6909 8.085630
30948907 7555 8.842545
30470797 7439 8.705942
31405852 7667 8.973101
28228875 6891 8.065393
31161413 7607 8.903261
27711208 6765 7.917488
28641260 6992 8.183217
27597001 6737 7.884857
28114568 6863 8.032734
24813000 6057 7.089429
27382760 6685 7.823646
27416906 6693 7.833402
28135373 6868 8.038678
27585295 6734 7.881513
27323047 6670 7.806585
27199944 6640 7.771413
27251965 6653 7.786276
27370236 6682 7.820067
28081937 6855 8.023411
24345774 5943 6.955935
24434399 5965 6.981257
24320908 5937 6.948831
27425578 6695 7.835879
27121953 6621 7.749129
24745337 6041 7.070096
27321870 6670 7.806249
25019680 6108 7.148480
24676470 6024 7.050420
27554228 6727 7.872637
24948162 6090 7.128046
30569296 7463 8.734085
27545772 6725 7.870221
27790822 6784 7.940235
24698145 6029 7.056613
27450737 6701 7.843068
27594079 6736 7.884023
27834318 6795 7.952662
27597996 6737 7.885142
30527878 7453 8.722251
30638513 7480 8.753861
28063845 6851 8.018241
31011753 7571 8.860501
31020498 7573 8.862999
27378385 6684 7.822396
30213325 7376 8.632379
30360372 7412 8.674392
30769767 7512 8.791362
27748747 6774 7.928213
30536019 7455 8.724577
27275131 6658 7.792895
27952459 6824 7.986417
27890246 6809 7.968642
28090139 6857 8.025754
30830756 7527 8.808787
30854720 7532 8.815634
28447663 6945 8.127904
28056852 6849 8.016243
28000735 6836 8.000210
28248787 6896 8.071082
27998514 6835 7.999575
28609726 6984 8.174207
28127039 6866 8.036297
27922978 6817 7.977994
28317853 6913 8.090815
25441600 6211 7.269029
25087864 6124 7.167961
25399319 6201 7.256948
27960768 6826 7.988791
28004013 6836 8.001147
27968220 6828 7.990920
28078997 6855 8.022571
27959721 6826 7.988492
28357655 6923 8.102187
28065817 6852 8.018805
28046761 6847 8.013360
28176002 6878 8.050286
30537985 7455 8.725139
30521143 7451 8.720327
30888192 7541 8.825198
30256849 7386 8.644814
30499196 7446 8.714056
30460100 7436 8.702886
30195369 7371 8.627248
30383471 7417 8.680992
30167983 7365 8.619424
27993486 6834 7.998139
27905175 6812 7.972907
30660952 7485 8.760272
28052655 6848 8.015044
28008164 6837 8.002333
30338505 7406 8.668144
30081595 7344 8.594741
27253219 6653 7.786634
27771047 6780 7.934585
27710813 6765 7.917375
27723219 6768 7.920920
28051140 6848 8.014611
28002466 6836 8.000705
25015428 6107 7.147265
25006193 6105 7.144627
27926040 6817 7.978869
28033749 6844 8.009643
28211394 6887 8.060398
27896343 6810 7.970384
27655210 6751 7.901489
28081417 6855 8.023262
27877730 6806 7.965066
27840536 6797 7.954439
27998172 6835 7.999478
27699739 6762 7.914211
27366008 6681 7.818859
24512574 5984 7.003593
29732254 7258 8.494930
24611307 6008 7.031802
24315210 5936 6.947203
24684036 6026 7.052582
27459455 6703 7.845559
27274189 6658 7.792625
27457021 6703 7.844863
27858629 6801 7.959608
27283510 6661 7.795289
27232446 6648 7.780699
27250737 6653 7.785925
27348656 6676 7.813902
24461732 5972 6.989066
27419485 6694 7.834139
27400622 6689 7.828749
30057376 7338 8.587822
30214289 7376 8.632654
27583682 6734 7.881052
30356099 7411 8.673171
30163612 7364 8.618175
27126866 6622 7.750533
27132832 6624 7.752238
26955541 6580 7.701583
27208599 6642 7.773885
27037319 6600 7.724948
25080944 6123 7.165984
25048110 6115 7.156603
25030256 6110 7.151502
30402551 7422 8.686443
24649713 6017 7.042775
25216783 6156 7.204795
25183792 6148 7.195369
28135967 6869 8.038848
27909729 6813 7.974208
27971333 6828 7.991809
27708816 6764 7.916805
30521551 7451 8.720443
30282392 7393 8.652112
30479896 7441 8.708542
27685107 6759 7.910031
27604362 6739 7.886961
27667960 6754 7.905131
27552689 6726 7.872197
27787317 6784 7.939233
27529544 6721 7.865584
27614301 6741 7.889800
27942872 6821 7.983678
27968495 6828 7.990999
27510674 6716 7.860193
27656676 6752 7.901907
27641583 6748 7.897595
27625955 6744 7.893130
30144789 7359 8.612797
30234951 7381 8.638557
32228950 7868 9.208271
30185098 7369 8.624314
29946060 7311 8.556017
30055511 7337 8.587289
29941416 7309 8.554690
29974431 7317 8.564123
27670132 6755 7.905752
27566905 6730 7.876259
30655289 7484 8.758654
27708544 6764 7.916727
27713436 6765 7.918125
27754285 6775 7.929796
25152901 6140 7.186543
27765957 6778 7.933131
24904269 6080 7.115505
30438502 7431 8.696715
27662766 6753 7.903647
27710723 6765 7.917349
27802015 6787 7.943433
30629945 7478 8.751413
27754724 6776 7.929921
27823600 6792 7.949600
30006324 7325 8.573235
30192430 7371 8.626409
29975146 7318 8.564327
30103399 7349 8.600971
30396814 7421 8.684804
33049173 8068 9.442621
30096535 7347 8.599010
30236540 7381 8.639011
30339556 7407 8.668445
30316185 7401 8.661767
28077440 6854 8.022126
29931176 7307 8.551765
30194220 7371 8.626920
27406693 6691 7.830484
30120671 7353 8.605906
27252290 6653 7.786369
27291893 6663 7.797684
24570133 5998 7.020038
24326602 5939 6.950458
24872044 6072 7.106298
24406496 5958 6.973285
27362520 6680 7.817863
27505363 6715 7.858675
27224956 6646 7.778559
27052482 6604 7.729281
26792853 6541 7.655101
24210730 5910 6.917351
27213630 6643 7.775323
24150745 5896 6.900213
27494543 6712 7.855584
26941959 6577 7.697703
26953128 6580 7.700894
27011158 6594 7.717474
26637395 6503 7.610684
24117618 5888 6.890748
24070995 5876 6.877427
23860275 5825 6.817221
26798557 6542 7.656731
23596966 5760 6.741990
26966321 6583 7.704663
26557553 6483 7.587872
27410362 6691 7.831532
27327914 6671 7.807975
26957049 6581 7.702014
26890876 6565 7.683107
27047325 6603 7.727807
27015578 6595 7.718737
27401753 6689 7.829072
27061989 6606 7.731997
29821501 7280 8.520429
27425935 6695 7.835981
26979620 6586 7.708463
27428361 6696 7.836675
29909167 7302 8.545476
29946671 7311 8.556192
29924259 7305 8.549788
30047649 7335 8.585043
32635151 7967 9.324329
32771305 8000 9.363230
32978515 8051 9.422433
32865146 8023 9.390042
32897804 8031 9.399373
32829449 8015 9.379843
32341400 7895 9.240400
30274585 7391 8.649881
35648015 8703 10.185147
33324801 8135 9.521372
33068142 8073 9.448041
30633017 7478 8.752291
33146209 8092 9.470345
30915879 7547 8.833108
30610344 7473 8.745813
30517826 7450 8.719379
33027363 8063 9.436389
33287942 8126 9.510841
30108053 7350 8.602301
32698606 7983 9.342459
32683528 7979 9.338151
29926655 7306 8.550473
30034095 7332 8.581170
30025562 7330 8.578732
32663107 7974 9.332316
30062271 7339 8.589220
30011031 7326 8.574580
30148647 7360 8.613899
30240792 7383 8.640226
32498016 7934 9.285147
32755674 7996 9.358764
30241979 7383 8.640565
33127604 8087 9.465030
33151471 8093 9.471849
30549424 7458 8.728407
30665442 7486 8.761555
31065038 7584 8.875725
28140376 6870 8.040107
30873092 7537 8.820883
25170826 6145 7.191665
28138553 6869 8.039587
24879739 6074 7.108497
30449619 7433 8.699891
28232720 6892 8.066491
28017602 6840 8.005029
31073197 7586 8.878056
30636288 7479 8.753225
30799933 7519 8.799981
28054708 6849 8.015631
28046220 6847 8.013206
27790030 6784 7.940009
28030869 6843 8.008820
28211056 6887 8.060302
28455058 6947 8.130017
28031793 6843 8.009084
31190026 7614 8.911436
28474951 6951 8.135700
31000454 7568 8.857273
28209432 6887 8.059838
31112587 7595 8.889311
30933067 7552 8.838019
30626342 7477 8.750383
30558047 7460 8.730871
32785588 8004 9.367311
33367451 8146 9.533557
32636949 7968 9.324843
33180023 8100 9.480007
33201135 8105 9.486039
33302232 8130 9.514923
33299450 8129 9.514129
33522039 8184 9.577725
33662927 8218 9.617979
35974857 8782 10.278531
33073008 8074 9.449431
33194307 8104 9.484088
30533513 7454 8.723861
33146834 8092 9.470524
30834791 7528 8.809940
32850454 8020 9.385844
33146324 8092 9.470378
33152455 8093 9.472130
30575793 7464 8.735941
35947349 8776 10.270671
33522849 8184 9.577957
33704928 8228 9.629979
33633424 8211 9.609550
33375453 8148 9.535844
33411048 8156 9.546014
33618321 8207 9.605235
30595726 7469 8.741636
30930556 7551 8.837302
31439516 7675 8.982719
28425099 6939 8.121457
28470071 6950 8.134306
28440282 6943 8.125795
31041861 7578 8.869103
28223128 6890 8.063751
28013883 6839 8.003967
28385667 6930 8.110191
28567215 6974 8.162061
31458195 7680 8.988056
28111876 6863 8.031965
31283751 7637 8.938215
28483806 6954 8.138230
31287582 7638 8.939309
30999204 7568 8.856915
28385981 6930 8.110280
31034620 7576 8.867034
30929077 7551 8.836879
30679059 7490 8.765445
31016937 7572 8.861982
33799807 8251 9.657088
31043360 7578 8.869531
31094655 7591 8.884187
31196649 7616 8.913328
28225632 6891 8.064466
31193828 7615 8.912522
28496151 6957 8.141757
30985836 7564 8.853096
30843746 7530 8.812499
30601298 7471 8.743228
31043409 7578 8.869545
33343779 8140 9.526794
33145860 8092 9.470246
32950940 8044 9.414554
33498057 8178 9.570873
33058785 8070 9.445367
33122056 8086 9.463445
33235568 8114 9.495877
33091219 8078 9.454634
29914445 7303 8.546984
32771814 8000 9.363375
32714912 7987 9.347118
30292583 7395 8.655024
30178062 7367 8.622303
27697361 6762 7.913532
30592818 7468 8.740805
28009606 6838 8.002745
28044698 6846 8.012771
27809954 6789 7.945701
30443487 7432 8.698139
30892427 7542 8.826408
27727809 6769 7.922231
30533754 7454 8.723930
30481561 7441 8.709017
30550153 7458 8.728615
30351766 7410 8.671933
32886031 8028 9.396009
32764905 7999 9.361401
30562753 7461 8.732215
30356318 7411 8.673234
30327116 7404 8.664890
30170591 7365 8.620169
27239498 6650 7.782714
30098246 7348 8.599499
27853838 6800 7.958239
30059847 7338 8.588528
27800867 6787 7.943105
27877339 6805 7.964954
27566923 6730 7.876264
27774482 6780 7.935566
25152296 6140 7.186370
25072840 6121 7.163669
25207565 6154 7.202161
25147726 6139 7.185065
25278469 6171 7.222420
25086732 6124 7.167638
25060854 6118 7.160244
25065096 6119 7.161456
24895080 6077 7.112880
25020130 6108 7.148609
25257118 6166 7.216319
25407332 6202 7.259238
25055474 6117 7.158707
27905951 6812 7.973129
24962045 6094 7.132013
27851140 6799 7.957469
27890337 6809 7.968668
27914424 6815 7.975550
28160853 6875 8.045958
30985546 7564 8.853013
28210588 6887 8.060168
27918911 6816 7.976832
28272657 6902 8.077902
27999477 6835 7.999851
28344136 6919 8.098325
28308643 6911 8.088184
28451116 6946 8.128890
28331033 6916 8.094581
27905800 6812 7.973086
27852853 6800 7.957958
28220486 6889 8.062996
30412303 7424 8.689229
27856551 6800 7.959015
27619214 6742 7.891204
28240313 6894 8.068661
27807794 6789 7.945084
28143728 6871 8.041065
25039944 6113 7.154270
24998432 6103 7.142409
27878949 6806 7.965414
30632748 7478 8.752214
27947749 6823 7.985071
30413305 7425 8.689516
27674325 6756 7.906950
27654654 6751 7.901330
30395341 7420 8.684383
27818484 6791 7.948138
27580843 6733 7.880241
27642428 6748 7.897837
28009631 6838 8.002752
27924549 6817 7.978443
27960137 6826 7.988611
27578190 6732 7.879483
27903146 6812 7.972327
27968220 6828 7.990920
27712612 6765 7.917889
28035669 6844 8.010191
27934214 6819 7.981204
28628370 6989 8.179534
27950874 6823 7.985964
27997530 6835 7.999294
27956715 6825 7.987633
27883459 6807 7.966703
28094981 6859 8.027137
27961795 6826 7.989084
28029061 6843 8.008303
27846164 6798 7.956047
30719733 7499 8.777067
28269634 6901 8.077038
28468150 6950 8.133757
28295788 6908 8.084511
28793512 7029 8.226718
28463787 6949 8.132511
28378610 6928 8.108174
28684980 7003 8.195709
28328331 6916 8.093809
28410145 6936 8.117184
31153464 7605 8.900990
28300561 6909 8.085875
28395505 6932 8.113001
28021341 6841 8.006097
28233826 6893 8.066807
30814300 7523 8.804086
27983931 6832 7.995409
28078089 6855 8.022311
30848083 7531 8.813738
27952418 6824 7.986405
28480301 6953 8.137229
31086192 7589 8.881769
28359366 6923 8.102676
28347216 6920 8.099205
28686264 7003 8.196075
30838834 7529 8.811095
28402984 6934 8.115138
28286308 6905 8.081802
30751239 7507 8.786068
30458790 7436 8.702511
30563891 7461 8.732540
30513518 7449 8.718148
30529421 7453 8.722692
30535503 7454 8.724429
30501004 7446 8.714573
27918495 6816 7.976713
30424679 7427 8.692765
27498213 6713 7.856632
27720199 6767 7.920057
24590568 6003 7.025877
27294260 6663 7.798360
24413970 5960 6.975420
24359309 5947 6.959803
24353552 5945 6.958158
27222114 6646 7.777747
27310293 6667 7.802941
27196439 6639 7.770411
30216911 7377 8.633403
27628120 6745 7.893749
27199472 6640 7.771278
24840656 6064 7.097330
24993278 6101 7.140937
27834915 6795 7.952833
27725348 6768 7.921528
27821840 6792 7.949097
25137989 6137 7.182283
25149745 6140 7.185641
25153043 6140 7.186584
24944619 6089 7.127034
24838550 6064 7.096729
24819760 6059 7.091360
27748890 6774 7.928254
24778132 6049 7.079466
24744520 6041 7.069863
27641409 6748 7.897545
24960036 6093 7.131439
27893763 6810 7.969647
28006460 6837 8.001846
30815366 7523 8.804390
30912360 7546 8.832103
25053173 6116 7.158049
27622702 6743 7.892201
24706178 6031 7.058908
25097618 6127 7.170748
24889707 6076 7.111345
25180497 6147 7.194428
24922669 6084 7.120763
27228667 6647 7.779619
27317607 6669 7.805031
27448450 6701 7.842414
27256850 6654 7.787671
30734379 7503 8.781251
27227805 6647 7.779373
30117731 7352 8.605066
27587662 6735 7.882189
27621257 6743 7.891788
30398351 7421 8.685243
30307523 7399 8.659292
30430964 7429 8.694561
30300854 7397 8.657387
30564524 7462 8.732721
30152875 7361 8.615107
30202970 7373 8.629420
30171513 7366 8.620432
30128680 7355 8.608194
24939542 6088 7.125583
27444281 6700 7.841223
27630407 6745 7.894402
27299790 6664 7.799940
27096717 6615 7.741919
27357451 6679 7.816415
27646831 6749 7.899095
27789645 6784 7.939899
27608666 6740 7.888190
27599665 6738 7.885619
27916477 6815 7.976136
30317721 7401 8.662206
27904515 6812 7.972719
27657368 6752 7.902105
30135353 7357 8.610101
27241928 6650 7.783408
27860580 6801 7.960166
27556829 6727 7.873380
27595416 6737 7.884405
27633067 6746 7.895162
27576273 6732 7.878935
25011824 6106 7.146235
28087639 6857 8.025040
27751761 6775 7.929075
27529771 6721 7.865649
30249185 7385 8.642624
27284816 6661 7.795662
27562667 6729 7.875048
26851168 6555 7.671762
30272127 7390 8.649179
27235661 6649 7.781617
27990547 6833 7.997299
27216633 6644 7.776181
27265495 6656 7.790141
30173715 7366 8.621061
27276709 6659 7.793345
27670743 6755 7.905927
27634363 6746 7.895532
27633944 6746 7.895413
27286733 6661 7.796209
27179477 6635 7.765565
27846471 6798 7.956135
27822049 6792 7.949157
28082782 6856 8.023652
27534163 6722 7.866904
27981131 6831 7.994609
27967933 6828 7.990838
28115563 6864 8.033018
27639275 6747 7.896936
27882083 6807 7.966309
28628517 6989 8.179576
31129045 7599 8.894013
28411926 6936 8.117693
28641383 6992 8.183252
28024982 6842 8.007138
28616939 6986 8.176268
28279179 6904 8.079765
28436271 6942 8.124649
28389259 6930 8.111217
28311035 6911 8.088867
28096297 6859 8.027513
28258409 6899 8.073831
28012326 6838 8.003522
28089559 6857 8.025588
27923603 6817 7.978172
28100368 6860 8.028677
28283850 6905 8.081100
28085816 6856 8.024519
30945084 7554 8.841453
28435181 6942 8.124337
28209904 6887 8.059973
28352872 6922 8.100821
28263063 6900 8.075161
28325164 6915 8.092904
28241825 6894 8.069093
30970184 7561 8.848624
28146961 6871 8.041989
28479232 6952 8.136923
28213608 6888 8.061031
28266722 6901 8.076206
28355392 6922 8.101541
27968991 6828 7.991140
28089855 6857 8.025673
28837057 7040 8.239159
28069651 6852 8.019900
28236033 6893 8.067438
28504520 6959 8.144149
28249349 6896 8.071243
28606929 6984 8.173408
28235771 6893 8.067363
28040778 6845 8.011651
27870272 6804 7.962935
27902239 6812 7.972068
28424728 6939 8.121351
28254433 6898 8.072695
27916557 6815 7.976159
28088435 6857 8.025267
27773983 6780 7.935424
27957903 6825 7.987972
28317979 6913 8.090851
28286396 6905 8.081827
28253888 6897 8.072539
27968723 6828 7.991064
28020328 6840 8.005808
28014661 6839 8.004189
27817430 6791 7.947837
28395453 6932 8.112987
28318921 6913 8.091120
27908024 6813 7.973721
28159540 6874 8.045583
27914732 6815 7.975638
28311730 6912 8.089066
30441093 7431 8.697455
28298672 6908 8.085335
28795548 7030 8.227299
28607925 6984 8.173693
28374805 6927 8.107087
28455592 6947 8.130169
28440674 6943 8.125907
31392871 7664 8.969392
31158513 7607 8.902432
30725029 7501 8.778580
30907821 7545 8.830806
31094540 7591 8.884154
30717213 7499 8.776347
31048691 7580 8.871055
31068725 7585 8.876779
30768396 7511 8.790970
31221082 7622 8.920309
30936415 7552 8.838976
31194407 7615 8.912688
31205838 7618 8.915954
31149079 7604 8.899737
30807552 7521 8.802158
30778049 7514 8.793728
31182509 7612 8.909288
30758124 7509 8.788035
31385330 7662 8.967237
30768766 7511 8.791076
31168497 7609 8.905285
30743952 7505 8.783986
31196775 7616 8.913364
30922743 7549 8.835069
31241318 7627 8.926091
30791879 7517 8.797680
31583882 7710 9.023966
31384146 7662 8.966899
31145395 7603 8.898684
31146848 7604 8.899099
31773611 7757 9.078175
30977330 7562 8.850666
31183640 7613 8.909611
30812261 7522 8.803503
31135899 7601 8.895971
31244599 7628 8.927028
31228515 7624 8.922433
30784481 7515 8.795566
31116769 7596 8.890505
30927743 7550 8.836498
31131388 7600 8.894682
31243185 7627 8.926624
30926838 7550 8.836239
31284011 7637 8.938289
30747479 7506 8.784994
30812450 7522 8.803557
30743118 7505 8.783748
31117038 7596 8.890582
30691788 7493 8.769082
31428043 7672 8.979441
30860910 7534 8.817403
30429595 7429 8.694170
30781436 7514 8.794696
30803083 7520 8.800881
31108202 7594 8.888058
31022055 7573 8.863444
31639171 7724 9.039763
31511729 7693 9.003351
31525184 7696 9.007195
31494868 7689 8.998534
31563586 7705 9.018167
31736769 7748 9.067648
31849565 7775 9.099876
31584339 7711 9.024097
31951409 7800 9.128974
31647414 7726 9.042118
31091101 7590 8.883172
