14611770 3567 4.174791
14344005 3501 4.098287
14456833 3529 4.130524
14755566 3602 4.215876
14732191 3596 4.209197
13569201 3312 3.876915
13472828 3289 3.849379
13470590 3288 3.848740
13333592 3255 3.809598
13141789 3208 3.754797
13359962 3261 3.817132
13358660 3261 3.816760
14791506 3611 4.226145
13559404 3310 3.874115
14743545 3599 4.212441
14864333 3628 4.246952
13767281 3361 3.933509
13905512 3394 3.973003
13779724 3364 3.937064
13825535 3375 3.950153
13661981 3335 3.903423
13601126 3320 3.886036
14802783 3613 4.229367
13631966 3328 3.894847
14977212 3656 4.279203
14742075 3599 4.212021
15005318 3663 4.287234
14886192 3634 4.253198
14799253 3613 4.228358
14739293 3598 4.211227
14699389 3588 4.199825
14639624 3574 4.182750
14424795 3521 4.121370
14446749 3527 4.127643
14465083 3531 4.132881
14425525 3521 4.121579
14407035 3517 4.116296
14510457 3542 4.145845
14381561 3511 4.109017
14435793 3524 4.124512
14347967 3502 4.099419
14238820 3476 4.068234
14541418 3550 4.154691
14441240 3525 4.126069
14449420 3527 4.128406
13437586 3280 3.839310
14436477 3524 4.124708
14473853 3533 4.135387
14463375 3531 4.132393
14431510 3523 4.123289
14481174 3535 4.137478
14462146 3530 4.132042
14336379 3500 4.096108
14356238 3504 4.101782
14265763 3482 4.075932
14341973 3501 4.097707
14344689 3502 4.098483
14260306 3481 4.074373
14304919 3492 4.087120
14440800 3525 4.125943
14418260 3520 4.119503
14461999 3530 4.132000
14394762 3514 4.112789
13345860 3258 3.813103
13270377 3239 3.791536
13620503 3325 3.891572
13583766 3316 3.881076
13442631 3281 3.840752
14741342 3598 4.211812
13310272 3249 3.802935
13503063 3296 3.858018
13303737 3247 3.801068
13403733 3272 3.829638
11773537 2874 3.363868
13234210 3231 3.781203
11872714 2898 3.392204
12984397 3170 3.709828
11807735 2882 3.373639
13055150 3187 3.730043
11975894 2923 3.421684
13106840 3199 3.744811
12980892 3169 3.708826
12991000 3171 3.711714
13059727 3188 3.731351
13262025 3237 3.789150
13222863 3228 3.777961
13390086 3269 3.825739
13365210 3262 3.818631
12265320 2994 3.504377
13413726 3274 3.832493
12195621 2977 3.484463
12152914 2967 3.472261
14749410 3600 4.214117
13497006 3295 3.856287
14737162 3597 4.210618
13544841 3306 3.869955
14711658 3591 4.203331
13493885 3294 3.855396
14609081 3566 4.174023
14726615 3595 4.207604
14625438 3570 4.178697
14582854 3560 4.166530
14802888 3613 4.229397
13512256 3298 3.860645
14555520 3553 4.158720
14837718 3622 4.239348
14701474 3589 4.200421
14753083 3601 4.215167
14632781 3572 4.180795
15072957 3679 4.306559
14960628 3652 4.274465
13509257 3298 3.859788
13519333 3300 3.862667
13789535 3366 3.939867
13708123 3346 3.916607
13793986 3367 3.941139
13850257 3381 3.957216
14052066 3430 4.014876
13745498 3355 3.927285
13659526 3334 3.902722
13584434 3316 3.881267
13617766 3324 3.890790
13522095 3301 3.863456
13485310 3292 3.852946
13531288 3303 3.866082
13149282 3210 3.756938
13378561 3266 3.822446
12080779 2949 3.451651
13222080 3228 3.777737
11809683 2883 3.374195
11726110 2862 3.350317
11778885 2875 3.365396
11697596 2855 3.342170
11858483 2895 3.388138
11951504 2917 3.414715
11819120 2885 3.376891
10617121 2592 3.033463
11731211 2864 3.351775
13293664 3245 3.798190
12097659 2953 3.456474
13386801 3268 3.824800
13370859 3264 3.820245
13289224 3244 3.796921
12045146 2940 3.441470
13499250 3295 3.856929
12575278 3070 3.592937
12273419 2996 3.506691
13289335 3244 3.796953
11990192 2927 3.425769
11855403 2894 3.387258
12055365 2943 3.444390
13174731 3216 3.764209
12049671 2941 3.442763
13317895 3251 3.805113
13172517 3215 3.763576
13355562 3260 3.815875
13340767 3257 3.811648
13419005 3276 3.834001
13168896 3215 3.762542
13409271 3273 3.831220
13150574 3210 3.757307
13240749 3232 3.783071
12109820 2956 3.459949
12193920 2977 3.483977
13339318 3256 3.811234
13123686 3204 3.749625
13253461 3235 3.786703
13190672 3220 3.768763
11890617 2902 3.397319
12063591 2945 3.446740
12064981 2945 3.447137
12127881 2960 3.465109
12186170 2975 3.481763
12246455 2989 3.498987
12159736 2968 3.474210
12265302 2994 3.504372
12106807 2955 3.459088
13154892 3211 3.758541
13378170 3266 3.822334
13349379 3259 3.814108
11842789 2891 3.383654
13345022 3258 3.812863
13304407 3248 3.801259
13470768 3288 3.848791
14740957 3598 4.211702
14408462 3517 4.116703
14391495 3513 4.111856
12120692 2959 3.463055
12060640 2944 3.445897
13158695 3212 3.759627
13261785 3237 3.789081
13189652 3220 3.768472
13343015 3257 3.812290
13110922 3200 3.745978
13147784 3209 3.756510
14549501 3552 4.157000
13158195 3212 3.759484
13203712 3223 3.772489
13489080 3293 3.854023
13146900 3209 3.756257
13575367 3314 3.878676
12236634 2987 3.496181
13319431 3251 3.805552
12165734 2970 3.475924
12014726 2933 3.432779
12185911 2975 3.481689
12024162 2935 3.435475
12447056 3038 3.556302
12187891 2975 3.482255
12081777 2949 3.451936
12038271 2939 3.439506
12121234 2959 3.463210
13198161 3222 3.770903
11916649 2909 3.404757
11974309 2923 3.421231
11822591 2886 3.377883
11830775 2888 3.380221
11999303 2929 3.428372
11849069 2892 3.385448
11863507 2896 3.389573
11947537 2916 3.413582
12975595 3167 3.707313
12990455 3171 3.711559
13094579 3196 3.741308
13048370 3185 3.728106
13128592 3205 3.751026
13199551 3222 3.771300
13174339 3216 3.764097
12959671 3163 3.702763
12181809 2974 3.480517
13286584 3243 3.796167
12282940 2998 3.509411
12308662 3005 3.516761
12201350 2978 3.486100
12264698 2994 3.504199
12450111 3039 3.557175
12258497 2992 3.502428
12123241 2959 3.463783
12114963 2957 3.461418
12248735 2990 3.499639
12095994 2953 3.455998
12334515 3011 3.524147
12352073 3015 3.529164
12273263 2996 3.506647
12192873 2976 3.483678
11966757 2921 3.419073
11995355 2928 3.427244
12239553 2988 3.497015
12044252 2940 3.441215
11996088 2928 3.427454
12141200 2964 3.468914
11989347 2927 3.425528
12006563 2931 3.430447
11926268 2911 3.407505
12006618 2931 3.430462
12024648 2935 3.435614
12137967 2963 3.467991
12048491 2941 3.442426
12126135 2960 3.464610
11860832 2895 3.388809
11984574 2925 3.424164
11842380 2891 3.383537
12156546 2967 3.473299
13402553 3272 3.829301
12071321 2947 3.448949
13343416 3257 3.812405
13337537 3256 3.810725
13226099 3229 3.778885
13393577 3269 3.826736
13092934 3196 3.740838
13107685 3200 3.745053
13215877 3226 3.775965
13360028 3261 3.817151
13210154 3225 3.774330
13143141 3208 3.755183
13264337 3238 3.789811
13185403 3219 3.767258
13170296 3215 3.762942
13065265 3189 3.732933
12878344 3144 3.679527
12882118 3145 3.680605
12880309 3144 3.680088
12847703 3136 3.670772
12960894 3164 3.703113
12824025 3130 3.664007
12922076 3154 3.692022
12871591 3142 3.677597
12461336 3042 3.560382
12586841 3072 3.596240
12718819 3105 3.633948
12714130 3104 3.632609
12940707 3159 3.697345
12821570 3130 3.663306
13104260 3199 3.744074
13116990 3202 3.747711
12988151 3170 3.710900
12847218 3136 3.670634
13042431 3184 3.726409
12953506 3162 3.701002
12841943 3135 3.669127
12848310 3136 3.670946
13111679 3201 3.746194
12931943 3157 3.694841
13071183 3191 3.734624
12880661 3144 3.680189
13218362 3227 3.776675
13309141 3249 3.802612
13016253 3177 3.718929
13163258 3213 3.760931
13166069 3214 3.761734
12872188 3142 3.677768
12733598 3108 3.638171
13749342 3356 3.928383
13974365 3411 3.992676
13789706 3366 3.939916
13978827 3412 3.993951
13925926 3399 3.978836
15193763 3709 4.341075
13928034 3400 3.979438
14056727 3431 4.016208
14116018 3446 4.033148
14160201 3457 4.045772
15199910 3710 4.342831
15234349 3719 4.352671
14125615 3448 4.035890
15164030 3702 4.332580
14054768 3431 4.015648
15253839 3724 4.358240
14143572 3453 4.041021
15232988 3718 4.352282
14069876 3435 4.019965
12760296 3115 3.645799
14173971 3460 4.049706
14309157 3493 4.088331
14169317 3459 4.048376
14282947 3487 4.080842
14308487 3493 4.088139
14441809 3525 4.126231
14221109 3471 4.063174
14354353 3504 4.101244
14112474 3445 4.032135
14343729 3501 4.098208
14188621 3464 4.053892
14029075 3425 4.008307
12930375 3156 3.694393
12913565 3152 3.689590
12510390 3054 3.574397
12634561 3084 3.609875
12717886 3104 3.633682
13903280 3394 3.972366
12630473 3083 3.608707
12835675 3133 3.667336
13856612 3382 3.959032
12900593 3149 3.685884
14106510 3443 4.030431
13004082 3174 3.715452
12811850 3127 3.660529
12890629 3147 3.683037
14129872 3449 4.037106
12891122 3147 3.683178
12841055 3135 3.668873
12860404 3139 3.674401
12881140 3144 3.680326
13925527 3399 3.978722
14257708 3480 4.073631
14265801 3482 4.075943
14168280 3459 4.048080
14235416 3475 4.067262
14044496 3428 4.012713
14446886 3527 4.127682
14373675 3509 4.106764
14358952 3505 4.102558
14351582 3503 4.100452
14275399 3485 4.078685
14106689 3444 4.030483
14184368 3462 4.052677
14068077 3434 4.019451
14013409 3421 4.003831
12796596 3124 3.656170
14009244 3420 4.002641
12838573 3134 3.668164
12868089 3141 3.676597
12916361 3153 3.690389
13093133 3196 3.740895
11849844 2893 3.385670
13019975 3178 3.719993
13042424 3184 3.726407
13192191 3220 3.769197
11601199 2832 3.314628
11652917 2844 3.329405
13028060 3180 3.722303
11719850 2861 3.348529
12798426 3124 3.656693
11932168 2913 3.409191
11620901 2837 3.320257
13083130 3194 3.738037
12791488 3122 3.654711
12817499 3129 3.662143
12906285 3150 3.687510
12973030 3167 3.706580
11945282 2916 3.412938
13034698 3182 3.724199
11784431 2877 3.366980
11816757 2884 3.376216
11744765 2867 3.355647
11596747 2831 3.313356
11398520 2782 3.256720
11901521 2905 3.400435
11639915 2841 3.325690
12916245 3153 3.690356
11484454 2803 3.281273
11732178 2864 3.352051
12802682 3125 3.657909
13348629 3258 3.813894
12929468 3156 3.694134
12898608 3149 3.685317
13101446 3198 3.743270
12989983 3171 3.711424
12907165 3151 3.687761
12555188 3065 3.587197
12908090 3151 3.688026
13426473 3277 3.836135
13056589 3187 3.730454
13002347 3174 3.714956
12857035 3138 3.673439
13098517 3197 3.742433
13131786 3206 3.751939
12850751 3137 3.671643
13590121 3317 3.882892
12941164 3159 3.697475
13053432 3186 3.729552
12957238 3163 3.702068
13106404 3199 3.744687
12873728 3143 3.678208
13015261 3177 3.718646
12880455 3144 3.680130
12877767 3143 3.679362
13016127 3177 3.718893
12950901 3161 3.700257
13001045 3174 3.714584
13058415 3188 3.730976
12928242 3156 3.693783
12904364 3150 3.686961
11809317 2883 3.374091
12951342 3161 3.700383
12160086 2968 3.474310
11680070 2851 3.337163
11783806 2876 3.366802
11804240 2881 3.372640
11794947 2879 3.369985
11797778 2880 3.370794
11774731 2874 3.364209
11866613 2897 3.390461
11757707 2870 3.359345
11792153 2878 3.369187
11746898 2867 3.356257
12904057 3150 3.686873
11757965 2870 3.359419
11789028 2878 3.368294
13176765 3216 3.764790
12931447 3157 3.694699
12899783 3149 3.685652
12982690 3169 3.709340
13128682 3205 3.751052
12962894 3164 3.703684
11838473 2890 3.382421
11809233 2883 3.374067
11963423 2920 3.418121
11914938 2908 3.404268
12024927 2935 3.435693
11990701 2927 3.425915
11969509 2922 3.419860
11861624 2895 3.389035
11873953 2898 3.392558
11744178 2867 3.355479
11956482 2919 3.416138
11714914 2860 3.347118
11840694 2890 3.383055
11811122 2883 3.374606
11809271 2883 3.374077
11746514 2867 3.356147
11641775 2842 3.326221
11678166 2851 3.336619
11665668 2848 3.333048
11591280 2829 3.311794
11526494 2814 3.293284
11496377 2806 3.284679
11522374 2813 3.292107
11708660 2858 3.345331
11485515 2804 3.281576
11408227 2785 3.259493
11404016 2784 3.258290
11245553 2745 3.213015
11492289 2805 3.283511
11701667 2856 3.343333
11717113 2860 3.347747
11527464 2814 3.293561
11513296 2810 3.289513
11520929 2812 3.291694
11670147 2849 3.334328
11542966 2818 3.297990
11516306 2811 3.290373
11597578 2831 3.313594
12930204 3156 3.694344
12804032 3125 3.658295
12923330 3155 3.692380
13037348 3182 3.724957
13136064 3207 3.753161
12989600 3171 3.711314
13083441 3194 3.738126
13298028 3246 3.799437
12991346 3171 3.711813
13004944 3175 3.715698
13276039 3241 3.793154
13133260 3206 3.752360
13127234 3204 3.750638
13090868 3196 3.740248
13013107 3177 3.718031
13007762 3175 3.716503
13027258 3180 3.722074
13023620 3179 3.721034
13139855 3207 3.754244
12845032 3135 3.670009
13156257 3211 3.758931
12958065 3163 3.702304
12915694 3153 3.690198
13127691 3205 3.750769
12825285 3131 3.664367
13018784 3178 3.719653
12962237 3164 3.703496
12894759 3148 3.684217
12893716 3147 3.683919
14033282 3426 4.009509
12975652 3167 3.707329
13112116 3201 3.746319
13203059 3223 3.772303
11953549 2918 3.415300
12009398 2931 3.431257
11968757 2922 3.419645
12186498 2975 3.481857
11827420 2887 3.379263
11905302 2906 3.401515
11885506 2901 3.395859
11826306 2887 3.378945
11802516 2881 3.372147
11805871 2882 3.373106
11745847 2867 3.355956
11703940 2857 3.343983
11674731 2850 3.335637
14221698 3472 4.063342
13079691 3193 3.737055
14248006 3478 4.070859
13005108 3175 3.715745
14206001 3468 4.058857
11684370 2852 3.338391
11834381 2889 3.381252
12938151 3158 3.696615
12113748 2957 3.461071
11899824 2905 3.399950
12011314 2932 3.431804
13091482 3196 3.740423
11767428 2872 3.362122
12950451 3161 3.700129
12862112 3140 3.674889
12981971 3169 3.709135
12902825 3150 3.686521
11807794 2882 3.373655
13211976 3225 3.774850
12997976 3173 3.713707
13182816 3218 3.766519
13111931 3201 3.746266
13340009 3256 3.811431
13293647 3245 3.798185
13277475 3241 3.793564
13356135 3260 3.816039
13297533 3246 3.799295
13473942 3289 3.849698
13263753 3238 3.789644
13506014 3297 3.858861
13201918 3223 3.771977
13394621 3270 3.827035
11800138 2880 3.371468
11953979 2918 3.415423
12174100 2972 3.478314
12005529 2931 3.430151
13242246 3232 3.783499
11810054 2883 3.374301
11833240 2888 3.380926
11948197 2917 3.413771
11880782 2900 3.394509
13087128 3195 3.739179
12929104 3156 3.694030
13063282 3189 3.732366
12985756 3170 3.710216
11756345 2870 3.358956
13141073 3208 3.754592
12995246 3172 3.712927
12943374 3160 3.698107
11717225 2860 3.347779
13151729 3210 3.757637
13057825 3187 3.730807
12089964 2951 3.454275
13031782 3181 3.723366
11808786 2883 3.373939
13059316 3188 3.731233
11918834 2909 3.405381
11694244 2855 3.341213
12950064 3161 3.700018
12975065 3167 3.707161
11782283 2876 3.366367
11686657 2853 3.339045
12997281 3173 3.713509
11703521 2857 3.343863
11762434 2871 3.360695
11680324 2851 3.337235
13242376 3233 3.783536
13324972 3253 3.807135
13280307 3242 3.794373
13473142 3289 3.849469
13259068 3237 3.788305
13251872 3235 3.786249
13394697 3270 3.827056
13354662 3260 3.815618
13273540 3240 3.792440
13286912 3243 3.796261
13068595 3190 3.733884
13103788 3199 3.743939
12872118 3142 3.677748
13142613 3208 3.755032
13116774 3202 3.747650
11948334 2917 3.413810
13126473 3204 3.750421
13254446 3235 3.786985
13054386 3187 3.729825
13174982 3216 3.764281
13111840 3201 3.746240
13107395 3200 3.744970
13124210 3204 3.749774
12039053 2939 3.439729
13138580 3207 3.753880
13180229 3217 3.765780
13099746 3198 3.742785
13239481 3232 3.782709
14483101 3535 4.138029
13166603 3214 3.761887
13180941 3218 3.765983
12028736 2936 3.436782
13146439 3209 3.756125
12055340 2943 3.444383
11838072 2890 3.382306
13360032 3261 3.817152
11880820 2900 3.394520
13252819 3235 3.786520
11969784 2922 3.419938
13155535 3211 3.758724
11908978 2907 3.402565
11944468 2916 3.412705
11848878 2892 3.385394
11929853 2912 3.408529
11878223 2899 3.393778
11900131 2905 3.400037
11852610 2893 3.386460
11735980 2865 3.353137
12760369 3115 3.645820
13164389 3213 3.761254
13017181 3178 3.719195
13156875 3212 3.759107
11704125 2857 3.344036
12800070 3125 3.657163
11554045 2820 3.301156
12771479 3118 3.648994
12810331 3127 3.660095
12975592 3167 3.707312
12981943 3169 3.709127
12958910 3163 3.702546
13003945 3174 3.715413
12992881 3172 3.712252
12832840 3133 3.666526
12958079 3163 3.702308
12802776 3125 3.657936
12887990 3146 3.682283
12876653 3143 3.679044
14103598 3443 4.029599
12956330 3163 3.701809
13000413 3173 3.714404
13087153 3195 3.739187
12877578 3143 3.679308
11727807 2863 3.350802
12777575 3119 3.650736
11700456 2856 3.342987
12959179 3163 3.702623
12937114 3158 3.696318
12842075 3135 3.669164
11901929 2905 3.400551
12912420 3152 3.689263
12804201 3126 3.658343
13007018 3175 3.716291
12988347 3170 3.710956
12871395 3142 3.677541
12809675 3127 3.659907
12819077 3129 3.662593
12819172 3129 3.662621
12950975 3161 3.700279
12822352 3130 3.663529
12825379 3131 3.664394
13002305 3174 3.714944
12842110 3135 3.669174
13359602 3261 3.817029
13124196 3204 3.749770
13120571 3203 3.748735
13334911 3255 3.809975
12970554 3166 3.705873
13018173 3178 3.719478
11816725 2884 3.376207
11705791 2857 3.344512
11638651 2841 3.325329
11654530 2845 3.329866
11583170 2827 3.309477
11635114 2840 3.324318
11661844 2847 3.331955
11665562 2848 3.333018
12870481 3142 3.677280
12809186 3127 3.659767
11578697 2826 3.308199
12856323 3138 3.673235
13007193 3175 3.716341
13017266 3178 3.719219
11675461 2850 3.335846
12990274 3171 3.711507
11840177 2890 3.382908
11859611 2895 3.388460
11806803 2882 3.373372
12864552 3140 3.675586
11612770 2835 3.317934
11667277 2848 3.333508
11505067 2808 3.287162
11432865 2791 3.266533
11491115 2805 3.283176
12637692 3085 3.610769
11459424 2797 3.274121
11552246 2820 3.300642
12869786 3142 3.677082
12713658 3103 3.632474
12919915 3154 3.691404
12983141 3169 3.709469
13776805 3363 3.936230
13779529 3364 3.937008
12707237 3102 3.630639
13736204 3353 3.924630
12697779 3100 3.627937
13850823 3381 3.957378
13967037 3409 3.990582
15069916 3679 4.305690
13845851 3380 3.955957
13996815 3417 3.999090
15107972 3688 4.316563
14161231 3457 4.046066
14274848 3485 4.078528
14150576 3454 4.043022
14083775 3438 4.023936
14017211 3422 4.004917
13872054 3386 3.963444
13816911 3373 3.947689
12501051 3052 3.571729
12775026 3118 3.650007
12713246 3103 3.632356
12774765 3118 3.649933
12632397 3084 3.609256
12706030 3102 3.630294
12714493 3104 3.632712
12767753 3117 3.647929
12814925 3128 3.661407
12758002 3114 3.645143
12522351 3057 3.577815
12494777 3050 3.569936
12594829 3074 3.598523
14066251 3434 4.018929
12758058 3114 3.645159
13882678 3389 3.966479
12663564 3091 3.618161
13885189 3389 3.967197
12392318 3025 3.540662
12496627 3050 3.570465
13560179 3310 3.874337
12479694 3046 3.565627
12341082 3012 3.526023
13584661 3316 3.881332
12532215 3059 3.580633
12469475 3044 3.562707
12276021 2997 3.507435
12333213 3011 3.523775
11276979 2753 3.221994
12322766 3008 3.520790
12413148 3030 3.546614
12440287 3037 3.554368
12483737 3047 3.566782
12456633 3041 3.559038
12571779 3069 3.591937
12191703 2976 3.483344
12400732 3027 3.543066
12205174 2979 3.487193
12384669 3023 3.538477
12780794 3120 3.651655
12649818 3088 3.614234
12696795 3099 3.627656
11370489 2775 3.248711
13045493 3184 3.727284
11441059 2793 3.268874
12438041 3036 3.553726
12385874 3023 3.538821
11349855 2770 3.242816
11165429 2725 3.190123
11576218 2826 3.307491
12443617 3037 3.555319
12459646 3041 3.559899
11181636 2729 3.194753
11150039 2722 3.185725
12170218 2971 3.477205
11096348 2709 3.170385
12247925 2990 3.499407
11037414 2694 3.153547
11109745 2712 3.174213
9601125 2344 2.743179
9612336 2346 2.746382
12112990 2957 3.460854
10975634 2679 3.135895
12609490 3078 3.602711
12393834 3025 3.541095
12621315 3081 3.606090
12275343 2996 3.507241
12270888 2995 3.505968
12199556 2978 3.485587
12269111 2995 3.505460
12170842 2971 3.477383
13443902 3282 3.841115
13508234 3297 3.859495
13285673 3243 3.795907
11835104 2889 3.381458
13150070 3210 3.757163
10501585 2563 3.000453
12094524 2952 3.455578
11918468 2909 3.405277
11860804 2895 3.388801
12188488 2975 3.482425
12215357 2982 3.490102
11806594 2882 3.373313
13110164 3200 3.745761
12044280 2940 3.441223
12046336 2941 3.441810
13361198 3262 3.817485
13236050 3231 3.781729
13567082 3312 3.876309
12052477 2942 3.443565
13302707 3247 3.800773
13591755 3318 3.883359
12121768 2959 3.463362
13284877 3243 3.795679
13215510 3226 3.775860
13518017 3300 3.862291
14471042 3532 4.134583
13318299 3251 3.805228
12213172 2981 3.489478
13176658 3216 3.764759
13334887 3255 3.809968
10906763 2662 3.116218
10911609 2663 3.117603
12002139 2930 3.429183
13138720 3207 3.753920
11729957 2863 3.351416
11855194 2894 3.387198
11885946 2901 3.395985
10737888 2621 3.067968
11874054 2898 3.392587
11998343 2929 3.428098
10842361 2647 3.097817
10748373 2624 3.070964
10773468 2630 3.078134
11972633 2923 3.420752
10884519 2657 3.109863
12251689 2991 3.500483
12013685 2933 3.432481
12145488 2965 3.470139
12434326 3035 3.552665
12038449 2939 3.439557
11999429 2929 3.428408
13263024 3238 3.789435
12109810 2956 3.459946
12091836 2952 3.454810
11903815 2906 3.401090
11884298 2901 3.395514
13087051 3195 3.739157
13074409 3191 3.735545
13304027 3248 3.801151
13138445 3207 3.753841
13084834 3194 3.738524
12202304 2979 3.486373
11827206 2887 3.379202
13040351 3183 3.725815
13231923 3230 3.780549
13065663 3189 3.733047
11918489 2909 3.405283
11891713 2903 3.397632
11914047 2908 3.404013
10777030 2631 3.079151
12033583 2937 3.438167
11077307 2704 3.164945
11986351 2926 3.424672
11937769 2914 3.410791
10947811 2672 3.127946
12130119 2961 3.465748
10873395 2654 3.106684
12166555 2970 3.476159
10977648 2680 3.136471
12235216 2987 3.495776
11130092 2717 3.180026
11057360 2699 3.159246
11218676 2738 3.205336
9954383 2430 2.844109
11010617 2688 3.145891
11024377 2691 3.149822
12136739 2963 3.467640
11109689 2712 3.174197
12259663 2993 3.502761
12204768 2979 3.487077
10902388 2661 3.114968
10873263 2654 3.106647
12298425 3002 3.513836
12316922 3007 3.519121
13502170 3296 3.857763
12387155 3024 3.539187
12342361 3013 3.526389
12293491 3001 3.512426
12312201 3005 3.517772
12003043 2930 3.429441
12177158 2972 3.479188
12095156 2952 3.455759
12164016 2969 3.475433
12130021 2961 3.465720
12114429 2957 3.461265
12217610 2982 3.490746
11021102 2690 3.148886
11047092 2697 3.156312
11148821 2721 3.185377
12478028 3046 3.565151
13581267 3315 3.880362
13478655 3290 3.851044
13641762 3330 3.897646
12462219 3042 3.560634
12205764 2979 3.487361
12455757 3040 3.558788
11228291 2741 3.208083
13718992 3349 3.919712
12410851 3029 3.545957
12674383 3094 3.621252
12442022 3037 3.554863
13685838 3341 3.910239
12535790 3060 3.581654
13070796 3191 3.734513
12558414 3066 3.588118
12436995 3036 3.553427
12542504 3062 3.583573
12456714 3041 3.559061
12657328 3090 3.616379
12418525 3031 3.548150
11320261 2763 3.234360
12435884 3036 3.553110
12349266 3014 3.528362
11132593 2717 3.180741
13550302 3308 3.871515
12335719 3011 3.524491
14720554 3593 4.205873
12518330 3056 3.576666
12492639 3049 3.569325
12510533 3054 3.574438
12651522 3088 3.614721
12368242 3019 3.533783
12596292 3075 3.598941
12509500 3054 3.574143
12464488 3043 3.561282
12455212 3040 3.558632
12436980 3036 3.553423
12354957 3016 3.529988
12185273 2974 3.481507
12380849 3022 3.537385
12337580 3012 3.525023
13634217 3328 3.895491
13615965 3324 3.890276
13545976 3307 3.870279
12528490 3058 3.579569
12603501 3077 3.601000
12469017 3044 3.562576
12317526 3007 3.519293
12455404 3040 3.558687
13756762 3358 3.930503
13511726 3298 3.860493
13699338 3344 3.914097
13567532 3312 3.876438
12666273 3092 3.618935
13749387 3356 3.928396
12517571 3056 3.576449
