10167159 2482 2.904903
10224539 2496 2.921297
10109208 2468 2.888345
10130356 2473 2.894387
10252157 2502 2.929188
9952327 2429 2.843522
9979500 2436 2.851286
10775357 2630 3.078673
9862623 2407 2.817892
10932582 2669 3.123595
9949237 2429 2.842639
10921070 2666 3.120306
9888473 2414 2.825278
10893164 2659 3.112333
10796505 2635 3.084716
10936087 2669 3.124596
10933888 2669 3.123968
10294891 2513 2.941397
10925114 2667 3.121461
10399346 2538 2.971242
10876430 2655 3.107551
10097844 2465 2.885098
10885319 2657 3.110091
9320502 2275 2.663001
9400388 2295 2.685825
9395116 2293 2.684319
9074049 2215 2.592585
9205294 2247 2.630084
9770139 2385 2.791468
9202919 2246 2.629405
9852937 2405 2.815125
9916344 2420 2.833241
9016015 2201 2.576004
9943598 2427 2.841028
9034188 2205 2.581197
9858164 2406 2.816618
8848942 2160 2.528269
10992616 2683 3.140747
8983360 2193 2.566674
9799652 2392 2.799901
9862636 2407 2.817896
9852550 2405 2.815014
9826375 2399 2.807536
9992007 2439 2.854859
9084177 2217 2.595479
9986406 2438 2.853259
10894390 2659 3.112683
10731107 2619 3.066031
9986018 2437 2.853148
9155772 2235 2.615935
10863637 2652 3.103896
9049399 2209 2.585543
9988215 2438 2.853776
10124480 2471 2.892709
9992876 2439 2.855107
9963782 2432 2.846795
9045950 2208 2.584557
9995065 2440 2.855733
8920990 2177 2.548854
10085017 2462 2.881433
9235396 2254 2.638685
8996952 2196 2.570558
9007988 2199 2.573711
9185302 2242 2.624372
9213456 2249 2.632416
8968728 2189 2.562494
8943359 2183 2.555245
9807801 2394 2.802229
9082955 2217 2.595130
10728535 2619 3.065296
8926286 2179 2.550367
9043880 2207 2.583966
9017422 2201 2.576406
9026367 2203 2.578962
10092426 2463 2.883550
9056462 2211 2.587561
9998647 2441 2.856756
9115240 2225 2.604354
9987478 2438 2.853565
9936804 2425 2.839087
10005584 2442 2.858738
8944997 2183 2.555713
9902613 2417 2.829318
9952023 2429 2.843435
9773041 2385 2.792297
9940558 2426 2.840159
10841436 2646 3.097553
9783271 2388 2.795220
10796292 2635 3.084655
9969871 2434 2.848535
9901297 2417 2.828942
9990516 2439 2.854433
9907738 2418 2.830782
9891964 2415 2.826275
10752699 2625 3.072200
10731178 2619 3.066051
9963514 2432 2.846718
10195135 2489 2.912896
8437126 2059 2.410607
9272642 2263 2.649326
9298275 2270 2.656650
9244386 2256 2.641253
9416595 2298 2.690456
8438733 2060 2.411067
9368662 2287 2.676761
8599022 2099 2.456863
8237782 2011 2.353652
8451434 2063 2.414695
8343089 2036 2.383740
9318330 2274 2.662380
9408481 2296 2.688137
9400109 2294 2.685745
8312383 2029 2.374967
8336913 2035 2.381975
8411115 2053 2.403176
9221693 2251 2.634769
9239491 2255 2.639855
9200419 2246 2.628691
9317398 2274 2.662114
9237599 2255 2.639314
9350513 2282 2.671575
8410239 2053 2.402925
9500943 2319 2.714555
9484590 2315 2.709883
9650566 2356 2.757305
9377834 2289 2.679381
9454934 2308 2.701410
9408128 2296 2.688037
9484904 2315 2.709973
9337509 2279 2.667860
9448095 2306 2.699456
8409453 2053 2.402701
8360644 2041 2.388755
8364222 2042 2.389778
8234723 2010 2.352778
8282713 2022 2.366489
9145147 2232 2.612899
8164770 1993 2.332791
8218415 2006 2.348119
9196886 2245 2.627682
9358645 2284 2.673899
10119278 2470 2.891222
10129242 2472 2.894069
10226571 2496 2.921877
10124491 2471 2.892712
10027235 2448 2.864924
10021167 2446 2.863191
10028216 2448 2.865205
10140928 2475 2.897408
10118003 2470 2.890858
10089308 2463 2.882659
9321067 2275 2.663162
9306774 2272 2.659078
9266759 2262 2.647645
10089427 2463 2.882693
9978593 2436 2.851027
9272660 2263 2.649331
9268159 2262 2.648045
9326609 2277 2.664745
9266902 2262 2.647686
9168323 2238 2.619521
9201163 2246 2.628904
9098268 2221 2.599505
9209154 2248 2.631187
10143843 2476 2.898241
9157350 2235 2.616386
9248432 2257 2.642409
9040796 2207 2.583085
9093328 2220 2.598094
8972100 2190 2.563457
8962642 2188 2.560755
9224136 2251 2.635467
9265875 2262 2.647393
9098408 2221 2.599545
9220973 2251 2.634564
9123473 2227 2.606707
9015659 2201 2.575903
10059376 2455 2.874107
9281929 2266 2.651980
9252996 2259 2.643713
9206096 2247 2.630313
10099105 2465 2.885459
9149442 2233 2.614126
9193848 2244 2.626814
9188535 2243 2.625296
9106469 2223 2.601848
10040753 2451 2.868787
9321762 2275 2.663361
10387895 2536 2.967970
11102294 2710 3.172084
10315015 2518 2.947147
10207114 2491 2.916318
10335842 2523 2.953098
9254962 2259 2.644275
10172284 2483 2.906367
10241847 2500 2.926242
10273684 2508 2.935338
10348865 2526 2.956819
10999700 2685 3.142771
10400268 2539 2.971505
11182432 2730 3.194981
10517285 2567 3.004939
10284581 2510 2.938452
10213855 2493 2.918244
10209002 2492 2.916858
10507321 2565 3.002092
10451682 2551 2.986195
9268854 2262 2.648244
10175719 2484 2.907348
9555210 2332 2.730060
9559836 2333 2.731382
9292445 2268 2.654984
9439341 2304 2.696955
9465953 2311 2.704558
10275706 2508 2.935916
9350982 2282 2.671709
10431896 2546 2.980542
10297814 2514 2.942233
10423085 2544 2.978024
10412896 2542 2.975113
10435556 2547 2.981587
10422322 2544 2.977806
10308256 2516 2.945216
10437469 2548 2.982134
10228572 2497 2.922449
10298570 2514 2.942449
10310288 2517 2.945797
10372212 2532 2.963489
10345917 2525 2.955976
9469147 2311 2.705471
10544053 2574 3.012587
10571167 2580 3.020333
10589731 2585 3.025637
10435342 2547 2.981526
10676174 2606 3.050335
10557942 2577 3.016555
10772401 2629 3.077829
10664276 2603 3.046936
10755250 2625 3.072929
10744449 2623 3.069843
10654001 2601 3.044000
10567194 2579 3.019198
10559468 2577 3.016991
10632169 2595 3.037763
10567265 2579 3.019219
10480957 2558 2.994559
10448145 2550 2.985184
10435870 2547 2.981677
10456032 2552 2.987438
10559045 2577 3.016870
10661319 2602 3.046091
10559122 2577 3.016892
10659339 2602 3.045525
10653781 2601 3.043937
10671011 2605 3.048860
10641208 2597 3.040345
10651919 2600 3.043405
10598267 2587 3.028076
10583942 2583 3.023983
10584708 2584 3.024202
10517949 2567 3.005128
10477281 2557 2.993509
10527940 2570 3.007983
10603983 2588 3.029709
10403790 2539 2.972511
10472256 2556 2.992073
9429911 2302 2.694260
10454670 2552 2.987049
9491681 2317 2.711909
9447159 2306 2.699188
9341824 2280 2.669093
9411986 2297 2.689139
9497801 2318 2.713657
9339114 2280 2.668318
9401470 2295 2.686134
9233902 2254 2.638258
9270439 2263 2.648697
9253889 2259 2.643968
9329604 2277 2.665601
9400890 2295 2.685969
9301798 2270 2.657657
10218025 2494 2.919436
10347481 2526 2.956423
10309426 2516 2.945550
10341425 2524 2.954693
10219962 2495 2.919989
10383097 2534 2.966599
10312564 2517 2.946447
10347258 2526 2.956359
10167738 2482 2.905068
10222333 2495 2.920667
10329847 2521 2.951385
10325524 2520 2.950150
10667603 2604 3.047887
10504273 2564 3.001221
10602150 2588 3.029186
10332036 2522 2.952010
10479065 2558 2.994019
10451765 2551 2.986219
10369265 2531 2.962647
10771234 2629 3.077495
10356273 2528 2.958935
10451755 2551 2.986216
10473116 2556 2.992319
10465463 2555 2.990132
10617411 2592 3.033546
10516304 2567 3.004658
10412139 2542 2.974897
10202484 2490 2.914995
10322246 2520 2.949213
10250501 2502 2.928715
10216712 2494 2.919061
10651246 2600 3.043213
10533195 2571 3.009484
10644392 2598 3.041255
10463459 2554 2.989560
10750646 2624 3.071613
10645643 2599 3.041612
10948852 2673 3.128243
10888080 2658 3.110880
10851732 2649 3.100495
10720030 2617 3.062866
10792528 2634 3.083579
10476729 2557 2.993351
10479987 2558 2.994282
10498271 2563 2.999506
10581457 2583 3.023273
10640059 2597 3.040017
10701937 2612 3.057696
10486718 2560 2.996205
10609978 2590 3.031422
10622037 2593 3.034868
10704807 2613 3.058516
10571164 2580 3.020333
10631980 2595 3.037709
10597817 2587 3.027948
10704269 2613 3.058363
10583198 2583 3.023771
10667223 2604 3.047778
10594399 2586 3.026971
10670299 2605 3.048657
10361262 2529 2.960361
10357722 2528 2.959349
10367948 2531 2.962271
10608445 2589 3.030984
10490318 2561 2.997234
10354841 2528 2.958526
10359572 2529 2.959878
10552175 2576 3.014907
10334923 2523 2.952835
10254471 2503 2.929849
10186683 2486 2.910481
10124445 2471 2.892699
10276935 2509 2.936267
10251158 2502 2.928902
10349374 2526 2.956964
10213014 2493 2.918004
10285981 2511 2.938852
10528189 2570 3.008054
10475859 2557 2.993103
10456475 2552 2.987564
10500470 2563 3.000134
10384194 2535 2.966913
10365888 2530 2.961682
10320203 2519 2.948629
10380846 2534 2.965956
10538125 2572 3.010893
10503214 2564 3.000918
10356664 2528 2.959047
10493858 2561 2.998245
10355571 2528 2.958735
10475371 2557 2.992963
10352086 2527 2.957739
10376788 2533 2.964797
10363549 2530 2.961014
10299642 2514 2.942755
10368182 2531 2.962338
10235869 2498 2.924534
10360396 2529 2.960113
10398453 2538 2.970987
10456001 2552 2.987429
10386139 2535 2.967468
10368594 2531 2.962455
10464844 2554 2.989955
10543872 2574 3.012535
10369282 2531 2.962652
10367466 2531 2.962133
10668274 2604 3.048078
10361915 2529 2.960547
10666360 2604 3.047531
10803492 2637 3.086712
10531711 2571 3.009060
10291110 2512 2.940317
10245516 2501 2.927290
10274774 2508 2.935650
10301989 2515 2.943425
10245527 2501 2.927293
10424435 2545 2.978410
10381540 2534 2.966154
10407003 2540 2.973429
10477783 2558 2.993652
10596662 2587 3.027618
10511032 2566 3.003152
10666018 2604 3.047434
10583789 2583 3.023940
10632263 2595 3.037789
10591700 2585 3.026200
11049986 2697 3.157139
10739920 2622 3.068549
10865826 2652 3.104522
10786079 2633 3.081737
10759985 2626 3.074281
10641019 2597 3.040291
10627976 2594 3.036565
10882463 2656 3.109275
10642908 2598 3.040831
10667153 2604 3.047758
10795220 2635 3.084349
10724572 2618 3.064163
10719806 2617 3.062802
10725913 2618 3.064547
10625717 2594 3.035919
10546853 2574 3.013387
10341009 2524 2.954574
10458742 2553 2.988212
10369823 2531 2.962807
10381268 2534 2.966077
10610931 2590 3.031695
9635977 2352 2.753136
10538684 2572 3.011053
9697924 2367 2.770835
9707616 2370 2.773605
9699331 2368 2.771237
9675093 2362 2.764312
9660895 2358 2.760256
9800071 2392 2.800020
9742879 2378 2.783680
9749034 2380 2.785438
9781657 2388 2.794759
11401223 2783 3.257492
10614614 2591 3.032747
10617977 2592 3.033708
10544169 2574 3.012620
10451832 2551 2.986238
9668107 2360 2.762316
9672018 2361 2.763434
9566467 2335 2.733276
10472449 2556 2.992128
10400093 2539 2.971455
9739614 2377 2.782747
9603328 2344 2.743808
10500247 2563 3.000071
9683661 2364 2.766760
9484907 2315 2.709973
9661457 2358 2.760416
9543950 2330 2.726843
10525452 2569 3.007272
10521869 2568 3.006248
10462438 2554 2.989268
10680895 2607 3.051684
10390303 2536 2.968658
10527983 2570 3.007995
10502974 2564 3.000850
10710327 2614 3.060093
10528196 2570 3.008056
10660334 2602 3.045810
10705048 2613 3.058585
10539773 2573 3.011364
10640835 2597 3.040239
10551043 2575 3.014584
10536463 2572 3.010418
10565393 2579 3.018684
10548638 2575 3.013897
10490153 2561 2.997187
10087265 2462 2.882076
10640998 2597 3.040285
9703855 2369 2.772530
9811156 2395 2.803187
9628853 2350 2.751101
9808806 2394 2.802516
10490398 2561 2.997257
9705476 2369 2.772993
9656199 2357 2.758914
10482158 2559 2.994902
8847179 2159 2.527765
10585252 2584 3.024358
10595991 2586 3.027426
10605561 2589 3.030160
9757421 2382 2.787835
10549217 2575 3.014062
9670027 2360 2.762865
9593622 2342 2.741035
10489095 2560 2.996884
9742229 2378 2.783494
8841715 2158 2.526204
9632314 2351 2.752090
8852618 2161 2.529319
9795200 2391 2.798629
9030780 2204 2.580223
10647185 2599 3.042053
10496008 2562 2.998859
9622604 2349 2.749315
10497268 2562 2.999219
9703447 2369 2.772413
10540052 2573 3.011443
10513343 2566 3.003812
10500802 2563 3.000229
10533862 2571 3.009675
10500928 2563 3.000265
10639966 2597 3.039990
10380975 2534 2.965993
8642482 2109 2.469281
9556725 2333 2.730493
8578510 2094 2.451003
9724570 2374 2.778449
9668918 2360 2.762548
9577949 2338 2.736557
9797861 2392 2.799389
8777741 2143 2.507926
10541208 2573 3.011774
8841103 2158 2.526029
10547199 2574 3.013485
10551389 2576 3.014683
10591546 2585 3.026156
10581558 2583 3.023302
10667122 2604 3.047749
10617055 2592 3.033444
10661793 2602 3.046227
10509754 2565 3.002787
10459824 2553 2.988521
10504248 2564 3.001214
10467512 2555 2.990718
10483642 2559 2.995326
10582759 2583 3.023645
10412114 2542 2.974890
10340457 2524 2.954416
9482977 2315 2.709422
10324523 2520 2.949864
9465062 2310 2.704303
8626638 2106 2.464754
9505186 2320 2.715767
9442962 2305 2.697989
8666831 2115 2.476237
8433345 2058 2.409527
9507999 2321 2.716571
9476905 2313 2.707687
10311482 2517 2.946138
10319890 2519 2.948540
9372383 2288 2.677824
10418947 2543 2.976842
10924799 2667 3.121371
10401801 2539 2.971943
10370008 2531 2.962859
10411461 2541 2.974703
10426439 2545 2.978983
11245486 2745 3.212996
10416324 2543 2.976093
10415780 2542 2.975937
11384492 2779 3.252712
10520756 2568 3.005930
10562243 2578 3.017784
10594672 2586 3.027049
10596082 2586 3.027452
10490887 2561 2.997396
11363928 2774 3.246837
11400605 2783 3.257316
10559544 2578 3.017013
10565815 2579 3.018804
11504889 2808 3.287111
11635411 2840 3.324403
10676604 2606 3.050458
10682787 2608 3.052225
10691271 2610 3.054649
10712789 2615 3.060797
10586610 2584 3.024746
10587594 2584 3.025027
11416900 2787 3.261971
11488008 2804 3.282288
11484981 2803 3.281423
10435890 2547 2.981683
10731694 2620 3.066198
10545771 2574 3.013077
10639120 2597 3.039749
10583140 2583 3.023754
9741210 2378 2.783203
10526586 2569 3.007596
10655547 2601 3.044442
10542109 2573 3.012031
10610885 2590 3.031681
10660917 2602 3.045976
10619119 2592 3.034034
10652011 2600 3.043432
10514914 2567 3.004261
10975093 2679 3.135741
9700203 2368 2.771487
10518772 2568 3.005363
10386826 2535 2.967665
10636209 2596 3.038917
10536058 2572 3.010302
10423591 2544 2.978169
10497178 2562 2.999194
10495129 2562 2.998608
10602066 2588 3.029162
9736252 2377 2.781786
10559901 2578 3.017115
10521091 2568 3.006026
10555756 2577 3.015930
10477096 2557 2.993456
10389476 2536 2.968422
10467641 2555 2.990755
9636741 2352 2.753355
10374236 2532 2.964067
10542486 2573 3.012139
10535224 2572 3.010064
10551162 2575 3.014618
11343762 2769 3.241075
10555523 2577 3.015864
9478906 2314 2.708259
10428701 2546 2.979629
10501849 2563 3.000528
10537514 2572 3.010718
10423381 2544 2.978109
10554415 2576 3.015547
11397187 2782 3.256339
10538544 2572 3.011013
10511032 2566 3.003152
11238322 2743 3.210949
11376843 2777 3.250527
10442821 2549 2.983663
10504964 2564 3.001418
11352598 2771 3.243599
10757014 2626 3.073433
10834610 2645 3.095603
10746739 2623 3.070497
10551787 2576 3.014796
10630856 2595 3.037387
10675909 2606 3.050260
10535478 2572 3.010137
10657740 2601 3.045069
10571664 2580 3.020475
11479451 2802 3.279843
10615756 2591 3.033073
9593518 2342 2.741005
11356097 2772 3.244599
10589456 2585 3.025559
11443155 2793 3.269473
10649200 2599 3.042629
10642095 2598 3.040599
10828165 2643 3.093761
10523461 2569 3.006703
10438750 2548 2.982500
10467655 2555 2.990759
10392762 2537 2.969361
10435824 2547 2.981664
10295886 2513 2.941682
10480828 2558 2.994522
10458539 2553 2.988154
10361657 2529 2.960473
10481886 2559 2.994825
10358235 2528 2.959496
10418213 2543 2.976632
10384424 2535 2.966978
10384606 2535 2.967030
10232758 2498 2.923645
10204925 2491 2.915693
9264936 2261 2.647125
11110848 2712 3.174528
10338292 2523 2.953798
11210953 2737 3.203129
11358994 2773 3.245427
11105999 2711 3.173143
11155563 2723 3.187304
11314954 2762 3.232844
11294568 2757 3.227019
11280962 2754 3.223132
11130724 2717 3.180207
11210907 2737 3.203116
12010232 2932 3.431495
10370252 2531 2.962929
11160852 2724 3.188815
11274727 2752 3.221351
11145598 2721 3.184457
10153507 2478 2.901002
11264322 2750 3.218378
11157842 2724 3.187955
11285829 2755 3.224523
10366499 2530 2.961857
10303484 2515 2.943853
10345907 2525 2.955973
10343195 2525 2.955199
10317410 2518 2.947831
10454122 2552 2.986892
11180085 2729 3.194310
10351102 2527 2.957458
11143590 2720 3.183883
9576333 2337 2.736095
10317916 2519 2.947976
9524161 2325 2.721189
11111421 2712 3.174692
11180344 2729 3.194384
11338542 2768 3.239583
11302933 2759 3.229409
11412766 2786 3.260790
10991848 2683 3.140528
11142665 2720 3.183619
11088025 2707 3.168007
11114615 2713 3.175604
11287240 2755 3.224926
11159954 2724 3.188558
11222436 2739 3.206410
11193583 2732 3.198167
10988996 2682 3.139713
11009259 2687 3.145503
11182851 2730 3.195100
11035256 2694 3.152930
11175024 2728 3.192864
10923400 2666 3.120971
10334944 2523 2.952841
11167161 2726 3.190617
10361363 2529 2.960389
11034090 2693 3.152597
11132906 2717 3.180830
11016860 2689 3.147674
11008555 2687 3.145301
11118379 2714 3.176680
11197550 2733 3.199300
10389197 2536 2.968342
10306981 2516 2.944852
10244420 2501 2.926977
10262117 2505 2.932033
10331522 2522 2.951863
10331529 2522 2.951865
10178394 2484 2.908113
11130979 2717 3.180280
10341396 2524 2.954685
10347432 2526 2.956409
10342088 2524 2.954882
10307718 2516 2.945062
10356946 2528 2.959127
10372895 2532 2.963684
10314949 2518 2.947128
10459014 2553 2.988290
10311133 2517 2.946038
10372326 2532 2.963522
10294109 2513 2.941174
10415937 2542 2.975982
10290852 2512 2.940243
10325891 2520 2.950255
10124826 2471 2.892807
10311349 2517 2.946100
10350970 2527 2.957420
9474916 2313 2.707119
10421011 2544 2.977432
9548262 2331 2.728075
10492626 2561 2.997893
9483260 2315 2.709503
10380098 2534 2.965742
11206348 2735 3.201814
11221165 2739 3.206047
11253397 2747 3.215256
11407396 2785 3.259256
10586819 2584 3.024805
10568968 2580 3.019705
10567271 2579 3.019220
10554074 2576 3.015450
10557705 2577 3.016487
11479227 2802 3.279779
11692701 2854 3.340772
10824596 2642 3.092742
10827355 2643 3.093530
10901225 2661 3.114636
10915425 2664 3.118693
10904092 2662 3.115455
10935556 2669 3.124445
11025198 2691 3.150057
11047870 2697 3.156534
10938370 2670 3.125249
11086167 2706 3.167476
10975899 2679 3.135971
10898649 2660 3.113900
10091560 2463 2.883303
10948063 2672 3.128018
10752911 2625 3.072260
10895408 2660 3.112974
10792797 2634 3.083656
10928042 2667 3.122298
10681324 2607 3.051807
11725680 2862 3.350194
11630544 2839 3.323013
11859900 2895 3.388543
11750798 2868 3.357371
11769944 2873 3.362841
10906058 2662 3.116017
11644286 2842 3.326939
10784488 2632 3.081282
11874242 2898 3.392641
11782649 2876 3.366471
11913220 2908 3.403777
11760839 2871 3.360240
11687087 2853 3.339168
11690292 2854 3.340083
11012562 2688 3.146446
11886131 2901 3.396037
10928814 2668 3.122518
11890467 2902 3.397276
10858030 2650 3.102294
11034781 2694 3.152795
11085033 2706 3.167152
11098146 2709 3.170899
10948705 2673 3.128201
10880337 2656 3.108668
10895538 2660 3.113011
11160021 2724 3.188577
11087428 2706 3.167837
11006508 2687 3.144717
10935751 2669 3.124500
11023982 2691 3.149709
11088101 2707 3.168029
10991285 2683 3.140367
10983664 2681 3.138190
11136664 2718 3.181904
11005653 2686 3.144472
11860605 2895 3.388744
11070512 2702 3.163003
11843536 2891 3.383867
11835897 2889 3.381685
11850232 2893 3.385781
10975428 2679 3.135837
11874218 2898 3.392634
10812328 2639 3.089237
10788806 2633 3.082516
10922872 2666 3.120821
10815107 2640 3.090031
10812206 2639 3.089202
11012890 2688 3.146540
10908316 2663 3.116662
10655659 2601 3.044474
10775811 2630 3.078803
10730445 2619 3.065841
10688729 2609 3.053923
10960611 2675 3.131603
11470984 2800 3.277424
10799874 2636 3.085678
10798520 2636 3.085291
10797161 2636 3.084903
10640698 2597 3.040199
10653864 2601 3.043961
10751609 2624 3.071888
10821193 2641 3.091769
10739980 2622 3.068566
11628959 2839 3.322560
11593319 2830 3.312377
11607141 2833 3.316326
10779509 2631 3.079860
10791506 2634 3.083287
10844976 2647 3.098565
10803027 2637 3.086579
10815494 2640 3.090141
10619513 2592 3.034147
10728238 2619 3.065211
10647130 2599 3.042037
10616482 2591 3.033281
10516419 2567 3.004691
10529282 2570 3.008366
10593939 2586 3.026840
10630685 2595 3.037339
10623322 2593 3.035235
10549004 2575 3.014001
10550391 2575 3.014397
10784229 2632 3.081208
10516221 2567 3.004635
10640080 2597 3.040023
10434846 2547 2.981385
10668920 2604 3.048263
10572069 2581 3.020591
10623608 2593 3.035317
10545328 2574 3.012951
10586366 2584 3.024676
10649113 2599 3.042604
10677696 2606 3.050770
10592842 2586 3.026526
10711901 2615 3.060543
10669048 2604 3.048299
10794138 2635 3.084039
10740085 2622 3.068596
10605994 2589 3.030284
10619667 2592 3.034191
10704951 2613 3.058557
10626321 2594 3.036092
10578590 2582 3.022454
10668057 2604 3.048016
10652105 2600 3.043459
10725075 2618 3.064307
10511479 2566 3.003280
10275570 2508 2.935877
10366094 2530 2.961741
10524641 2569 3.007040
10650740 2600 3.043069
10617111 2592 3.033460
10600635 2588 3.028753
10410452 2541 2.974415
10525626 2569 3.007322
10435011 2547 2.981432
10566398 2579 3.018971
10441180 2549 2.983194
10657792 2602 3.045083
10506130 2564 3.001751
10561210 2578 3.017489
10503515 2564 3.001004
10472613 2556 2.992175
9843490 2403 2.812426
9881229 2412 2.823208
10528485 2570 3.008139
9653793 2356 2.758227
10609939 2590 3.031411
9722576 2373 2.777879
10773849 2630 3.078243
10700796 2612 3.057370
9836134 2401 2.810324
9859401 2407 2.816972
9896570 2416 2.827591
9791094 2390 2.797455
9906872 2418 2.830535
9843396 2403 2.812399
9833117 2400 2.809462
9903908 2417 2.829688
9771229 2385 2.791780
9750668 2380 2.785905
9789447 2390 2.796985
9811673 2395 2.803335
9801998 2393 2.800571
9964490 2432 2.846997
9798398 2392 2.799542
9830760 2400 2.808789
9731801 2375 2.780515
9916097 2420 2.833171
9733518 2376 2.781005
9901772 2417 2.829078
9884043 2413 2.824012
9813858 2395 2.803959
9886833 2413 2.824809
10708896 2614 3.059685
9742945 2378 2.783699
9631147 2351 2.751756
9659728 2358 2.759922
9841074 2402 2.811735
9724385 2374 2.778396
9638098 2353 2.753742
9898608 2416 2.828174
9825056 2398 2.807159
9838749 2402 2.811071
9877964 2411 2.822275
9820824 2397 2.805950
9922815 2422 2.835090
9780854 2387 2.794530
10603662 2588 3.029618
9658384 2358 2.759538
9671288 2361 2.763225
9618876 2348 2.748250
9590577 2341 2.740165
9507742 2321 2.716498
9503859 2320 2.715388
9599564 2343 2.742733
9518753 2323 2.719644
9583176 2339 2.738050
9794355 2391 2.798387
9787181 2389 2.796337
9710804 2370 2.774515
9773376 2386 2.792393
9681703 2363 2.766201
9590365 2341 2.740104
10798995 2636 3.085427
9816911 2396 2.804832
10775232 2630 3.078638
9685701 2364 2.767343
9705957 2369 2.773131
9931099 2424 2.837457
9890386 2414 2.825825
10030635 2448 2.865896
10920697 2666 3.120199
10846634 2648 3.099038
10093295 2464 2.883799
9843647 2403 2.812471
9981170 2436 2.851763
10002582 2442 2.857881
9926372 2423 2.836106
10881000 2656 3.108857
10007334 2443 2.859238
9935544 2425 2.838727
10907059 2662 3.116303
9922978 2422 2.835137
9855874 2406 2.815964
9919885 2421 2.834253
10897723 2660 3.113635
10831516 2644 3.094719
10714367 2615 3.061248
10704305 2613 3.058373
10658571 2602 3.045306
10727243 2618 3.064927
10791530 2634 3.083294
