2091873 510 0.597678
2598364 634 0.742390
2972993 725 0.849427
2979969 727 0.851420
3017348 736 0.862099
2973751 726 0.849643
2984891 728 0.852826
2770569 676 0.791591
2609613 637 0.745604
2781630 679 0.794751
2800071 683 0.800020
2746884 670 0.784824
2779455 678 0.794130
2872665 701 0.820761
2899315 707 0.828376
3219600 786 0.919886
3270676 798 0.934479
3242751 791 0.926500
3294738 804 0.941354
3299354 805 0.942673
3325647 811 0.950185
3234847 789 0.924242
3283715 801 0.938204
2895579 706 0.827308
3249280 793 0.928366
2804133 684 0.801181
3192713 779 0.912204
3129288 763 0.894082
3436419 838 0.981834
3412174 833 0.974907
3369639 822 0.962754
3467265 846 0.990647
3410955 832 0.974559
3370944 822 0.963127
3396449 829 0.970414
3375378 824 0.964394
3417243 834 0.976355
3102024 757 0.886293
3066785 748 0.876224
3140248 766 0.897214
3061681 747 0.874766
3082043 752 0.880584
2764780 674 0.789937
3112621 759 0.889320
3056754 746 0.873358
3111936 759 0.889125
2470953 603 0.705987
3007980 734 0.859423
3061566 747 0.874733
3089325 754 0.882664
2951455 720 0.843273
3090125 754 0.882893
3058783 746 0.873938
3078272 751 0.879506
3084710 753 0.881346
3121922 762 0.891978
2730342 666 0.780098
3099136 756 0.885467
3192398 779 0.912114
3127291 763 0.893512
3103804 757 0.886801
3043774 743 0.869650
3126314 763 0.893233
3089235 754 0.882639
2688616 656 0.768176
2807030 685 0.802009
3105274 758 0.887221
3095376 755 0.884393
2850306 695 0.814373
2853249 696 0.815214
2773142 677 0.792326
2861265 698 0.817504
3087661 753 0.882189
3079466 751 0.879847
3086494 753 0.881855
3009335 734 0.859810
3387504 827 0.967858
3338080 814 0.953737
3389323 827 0.968378
3324359 811 0.949817
3368410 822 0.962403
3355254 819 0.958644
3476586 848 0.993310
3447604 841 0.985030
3078873 751 0.879678
3131864 764 0.894818
3137870 766 0.896534
3111311 759 0.888946
3100568 756 0.885877
3150471 769 0.900135
3085999 753 0.881714
3139814 766 0.897090
3085545 753 0.881584
3161747 771 0.903356
3461092 844 0.988883
3123471 762 0.892420
3186962 778 0.910561
3058444 746 0.873841
3052565 745 0.872161
3097663 756 0.885047
3151196 769 0.900342
3080053 751 0.880015
3091784 754 0.883367
3161455 771 0.903273
3139860 766 0.897103
3165487 772 0.904425
3171290 774 0.906083
3176332 775 0.907523
3104656 757 0.887045
3166541 773 0.904726
3166625 773 0.904750
3136415 765 0.896119
3154649 770 0.901328
3108078 758 0.888022
3131104 764 0.894601
3204841 782 0.915669
3165606 772 0.904459
3195170 780 0.912906
3127239 763 0.893497
3146180 768 0.898909
3148564 768 0.899590
3102883 757 0.886538
3132965 764 0.895133
3122442 762 0.892126
3428748 837 0.979642
3093135 755 0.883753
3104577 757 0.887022
3166810 773 0.904803
3168217 773 0.905205
3194312 779 0.912661
3482679 850 0.995051
3233960 789 0.923989
3463379 845 0.989537
3184829 777 0.909951
3214896 784 0.918542
3168287 773 0.905225
3411860 832 0.974817
3144092 767 0.898312
3121601 762 0.891886
3131502 764 0.894715
3385290 826 0.967226
3094909 755 0.884260
3133942 765 0.895412
3158343 771 0.902384
3164237 772 0.904068
3172239 774 0.906354
3152551 769 0.900729
3140716 766 0.897347
3153595 769 0.901027
3123576 762 0.892450
3160033 771 0.902867
3087737 753 0.882211
3153309 769 0.900945
3166317 773 0.904662
3162911 772 0.903689
3173140 774 0.906611
2821830 688 0.806237
3174027 774 0.906865
3489037 851 0.996868
3119557 761 0.891302
3444825 841 0.984236
3522648 860 1.006471
3541907 864 1.011973
3585601 875 1.024457
3544327 865 1.012665
3563368 869 1.018105
3488545 851 0.996727
3516549 858 1.004728
3463449 845 0.989557
3441121 840 0.983177
3402977 830 0.972279
3401316 830 0.971805
3665519 894 1.047291
3418333 834 0.976667
3188676 778 0.911050
3438653 839 0.982472
3191599 779 0.911885
3471123 847 0.991749
3461986 845 0.989139
3421709 835 0.977631
3477261 848 0.993503
3443778 840 0.983937
3385996 826 0.967427
3378294 824 0.965227
3404733 831 0.972781
3378018 824 0.965148
3132406 764 0.894973
3442685 840 0.983624
3394884 828 0.969967
3119062 761 0.891161
3130168 764 0.894334
3451309 842 0.986088
3153805 769 0.901087
3415291 833 0.975797
3142437 767 0.897839
3119278 761 0.891222
2744964 670 0.784275
3094050 755 0.884014
3103993 757 0.886855
3119041 761 0.891155
2819561 688 0.805589
3131931 764 0.894837
3135367 765 0.895819
3135587 765 0.895882
3424223 835 0.978349
3194067 779 0.912591
3149866 769 0.899962
3456044 843 0.987441
3161161 771 0.903189
3143659 767 0.898188
3134183 765 0.895481
3101685 757 0.886196
3134379 765 0.895537
3136225 765 0.896064
3074979 750 0.878565
3114209 760 0.889774
3044161 743 0.869760
3100760 757 0.885931
3091281 754 0.883223
3095460 755 0.884417
3083135 752 0.880896
3096833 756 0.884809
3141403 766 0.897544
3044339 743 0.869811
2970971 725 0.848849
3054650 745 0.872757
3063290 747 0.875226
3031320 740 0.866091
3344344 816 0.955527
2774686 677 0.792767
2742520 669 0.783577
2486109 606 0.710317
2751077 671 0.786022
2365891 577 0.675969
2666914 651 0.761975
2471892 603 0.706255
2734245 667 0.781213
2808469 685 0.802420
3056213 746 0.873204
3082629 752 0.880751
3030489 739 0.865854
3124952 762 0.892843
3098554 756 0.885301
3085615 753 0.881604
3142653 767 0.897901
3021094 737 0.863170
3444099 840 0.984028
3452786 842 0.986510
3373427 823 0.963836
3338192 814 0.953769
3104230 757 0.886923
3113269 760 0.889505
3151535 769 0.900439
3086190 753 0.881769
3015423 736 0.861549
3082922 752 0.880835
3141812 767 0.897661
2856339 697 0.816097
3182804 777 0.909373
3086620 753 0.881891
2901887 708 0.829111
2904900 709 0.829971
2807491 685 0.802140
3172697 774 0.906485
2929741 715 0.837069
3186802 778 0.910515
3229407 788 0.922688
3480780 849 0.994509
3203599 782 0.915314
3473916 848 0.992547
3222120 786 0.920606
3479024 849 0.994007
3446048 841 0.984585
3134833 765 0.895667
2771366 676 0.791819
3124148 762 0.892614
2847101 695 0.813457
3023992 738 0.863998
2831445 691 0.808984
3415219 833 0.975777
3160260 771 0.902931
3106971 758 0.887706
2765413 675 0.790118
3161971 771 0.903420
2825828 689 0.807379
3138749 766 0.896785
3146993 768 0.899141
3111214 759 0.888918
2699453 659 0.771272
2814313 687 0.804089
3090325 754 0.882950
3084536 753 0.881296
3370790 822 0.963083
3329229 812 0.951208
3415980 833 0.975994
3372159 823 0.963474
3386093 826 0.967455
3420686 835 0.977339
3378852 824 0.965386
3449325 842 0.985521
3401574 830 0.971878
3137462 765 0.896418
3388098 827 0.968028
3369024 822 0.962578
3122117 762 0.892033
3406958 831 0.973417
3123377 762 0.892393
3106046 758 0.887442
3143763 767 0.898218
3074809 750 0.878517
3095230 755 0.884351
3062337 747 0.874953
3117425 761 0.890693
3109216 759 0.888347
3118412 761 0.890975
3081460 752 0.880417
3079759 751 0.879931
3053815 745 0.872519
3084713 753 0.881347
2664295 650 0.761227
2791099 681 0.797457
2776382 677 0.793252
2754551 672 0.787015
2674347 652 0.764099
2743644 669 0.783898
3099308 756 0.885517
3042289 742 0.869225
3137109 765 0.896317
3102209 757 0.886345
3095512 755 0.884432
3095597 755 0.884456
3159844 771 0.902813
3334466 814 0.952705
3342531 816 0.955009
3087880 753 0.882251
3067752 748 0.876501
3011042 735 0.860298
3307625 807 0.945036
3334511 814 0.952717
3368332 822 0.962381
2652292 647 0.757798
2797747 683 0.799356
2786092 680 0.796026
2726250 665 0.778929
2752843 672 0.786527
2797942 683 0.799412
2420988 591 0.691711
2755155 672 0.787187
2318872 566 0.662535
3019512 737 0.862718
2729836 666 0.779953
2641021 644 0.754577
2329873 568 0.665678
2766813 675 0.790518
2734042 667 0.781155
2981135 727 0.851753
3023028 738 0.863722
3019131 737 0.862609
2942855 718 0.840816
3005502 733 0.858715
3021537 737 0.863296
2931553 715 0.837587
2739789 668 0.782797
2729186 666 0.779767
2964177 723 0.846908
3286107 802 0.938888
3284036 801 0.938296
2755166 672 0.787190
2750654 671 0.785901
3036369 741 0.867534
2960472 722 0.845849
3019963 737 0.862847
3319296 810 0.948370
2975841 726 0.850240
2772525 676 0.792150
2770629 676 0.791608
2758856 673 0.788245
2996976 731 0.856279
3061877 747 0.874822
3025901 738 0.864543
3098610 756 0.885317
3099237 756 0.885496
3139955 766 0.897130
3135562 765 0.895875
3493293 852 0.998084
3432745 838 0.980784
3204440 782 0.915554
3181139 776 0.908897
3154168 770 0.901191
3103424 757 0.886693
3150721 769 0.900206
3176275 775 0.907507
3162708 772 0.903631
3170085 773 0.905739
3439529 839 0.982723
3197876 780 0.913679
3156123 770 0.901749
3428189 836 0.979483
3435877 838 0.981679
3427208 836 0.979202
3441945 840 0.983413
3485807 851 0.995945
3138167 766 0.896619
3099992 756 0.885712
3175700 775 0.907343
3130974 764 0.894564
3125005 762 0.892859
3163287 772 0.903796
3153822 769 0.901092
3124411 762 0.892689
3140034 766 0.897153
3052590 745 0.872169
3133394 764 0.895255
3181795 776 0.909084
3104807 758 0.887088
3169310 773 0.905517
3152530 769 0.900723
3447308 841 0.984945
3185042 777 0.910012
3146183 768 0.898909
3172879 774 0.906537
3199482 781 0.914138
3202335 781 0.914953
3179281 776 0.908366
3161957 771 0.903416
3178831 776 0.908237
2865270 699 0.818649
3147014 768 0.899147
3476081 848 0.993166
3117822 761 0.890806
2865088 699 0.818597
3162899 772 0.903685
3129794 764 0.894227
2874082 701 0.821166
2862463 698 0.817847
3165270 772 0.904363
2903825 708 0.829664
3167885 773 0.905110
2903256 708 0.829502
2872612 701 0.820746
2890886 705 0.825967
3151424 769 0.900407
2858088 697 0.816597
2866523 699 0.819007
2790418 681 0.797262
3145339 767 0.898668
2900187 708 0.828625
3471321 847 0.991806
3169701 773 0.905629
3719409 908 1.062688
3405352 831 0.972958
3082315 752 0.880661
3121513 762 0.891861
3402814 830 0.972233
3133184 764 0.895195
3155373 770 0.901535
3091742 754 0.883355
2877574 702 0.822164
2847139 695 0.813468
2697673 658 0.770764
2770256 676 0.791502
2837956 692 0.810845
2750990 671 0.785997
2831948 691 0.809128
3166161 772 0.904617
3125451 763 0.892986
3195631 780 0.913037
3093366 755 0.883819
3120672 761 0.891621
3185706 777 0.910202
3177675 775 0.907907
3165731 772 0.904495
2833872 691 0.809678
2832000 691 0.809143
2795166 682 0.798619
2836494 692 0.810427
2849708 695 0.814202
2772703 676 0.792201
2895631 706 0.827323
3184490 777 0.909854
3133792 765 0.895369
3096647 756 0.884756
3183457 777 0.909559
3160348 771 0.902957
3152851 769 0.900815
3181307 776 0.908945
3120500 761 0.891571
3154939 770 0.901411
3164031 772 0.904009
3146626 768 0.899036
3187518 778 0.910719
3089113 754 0.882604
3442486 840 0.983567
3083142 752 0.880898
3425113 836 0.978604
3390405 827 0.968687
3368466 822 0.962419
3410111 832 0.974317
3411954 832 0.974844
3429815 837 0.979947
3720648 908 1.063042
3724073 909 1.064021
3168141 773 0.905183
3132176 764 0.894907
3440695 840 0.983056
3092413 754 0.883547
3142032 767 0.897723
3405597 831 0.973028
3425472 836 0.978706
3359925 820 0.959979
3665034 894 1.047153
3411724 832 0.974778
3434998 838 0.981428
3445426 841 0.984407
3121953 762 0.891987
3344665 816 0.955619
3363057 821 0.960873
3462890 845 0.989397
3426681 836 0.979052
3460324 844 0.988664
3424055 835 0.978301
3465582 846 0.990166
3403163 830 0.972332
3384291 826 0.966940
3062009 747 0.874860
3103605 757 0.886744
3113507 760 0.889573
3150474 769 0.900135
2768890 675 0.791111
2868611 700 0.819603
2860033 698 0.817152
2881400 703 0.823257
2752457 671 0.786416
2780596 678 0.794456
2871586 701 0.820453
3152935 769 0.900839
3160361 771 0.902960
2915727 711 0.833065
3104325 757 0.886950
2909478 710 0.831279
2835858 692 0.810245
2879410 702 0.822689
2872766 701 0.820790
2869012 700 0.819718
3118528 761 0.891008
2832377 691 0.809251
2841752 693 0.811929
3142136 767 0.897753
3177127 775 0.907751
3444710 840 0.984203
3118137 761 0.890896
3435682 838 0.981623
3447727 841 0.985065
3471087 847 0.991739
3469583 847 0.991309
3469185 846 0.991196
3507482 856 1.002138
3470540 847 0.991583
3430263 837 0.980075
3439442 839 0.982698
3432057 837 0.980588
3345803 816 0.955944
3392776 828 0.969365
3426831 836 0.979095
3411120 832 0.974606
3673730 896 1.049637
3062128 747 0.874894
3439508 839 0.982717
3444843 841 0.984241
3378255 824 0.965216
3415131 833 0.975752
3151029 769 0.900294
3134179 765 0.895480
3122089 762 0.892025
3148145 768 0.899470
3102509 757 0.886431
3120682 761 0.891623
3196748 780 0.913357
3134165 765 0.895476
3151804 769 0.900515
3139057 766 0.896873
3169023 773 0.905435
2894206 706 0.826916
2865905 699 0.818830
3141016 766 0.897433
2841644 693 0.811898
3114960 760 0.889989
2850299 695 0.814371
3051689 745 0.871911
3094371 755 0.884106
3132082 764 0.894881
3063218 747 0.875205
2807658 685 0.802188
3025807 738 0.864516
3355900 819 0.958829
3089853 754 0.882815
3040757 742 0.868788
3293565 804 0.941019
3282207 801 0.937773
3304838 806 0.944239
3077524 751 0.879293
3066324 748 0.876093
3324257 811 0.949788
2983320 728 0.852377
3321604 810 0.949030
3071454 749 0.877558
3042499 742 0.869285
3335294 814 0.952941
3320602 810 0.948743
3039099 741 0.868314
3121617 762 0.891891
3020469 737 0.862991
3359489 820 0.959854
3014544 735 0.861298
3109167 759 0.888333
3351131 818 0.957466
3109848 759 0.888528
3351826 818 0.957665
2985094 728 0.852884
3085496 753 0.881570
3077968 751 0.879419
2670559 651 0.763017
3054109 745 0.872603
2745812 670 0.784518
2690052 656 0.768586
2730531 666 0.780152
3041815 742 0.869090
2763199 674 0.789485
3049796 744 0.871370
3070636 749 0.877325
3013807 735 0.861088
3055305 745 0.872944
3007041 734 0.859155
3098861 756 0.885389
3364872 821 0.961392
3094821 755 0.884235
3089671 754 0.882763
3111413 759 0.888975
3079571 751 0.879877
3138635 766 0.896753
2748260 670 0.785217
2773300 677 0.792371
3120699 761 0.891628
2829235 690 0.808353
3073904 750 0.878258
2856834 697 0.816238
2806161 685 0.801760
2833222 691 0.809492
2838498 692 0.810999
3138265 766 0.896647
3054122 745 0.872606
2890589 705 0.825883
2836619 692 0.810463
3094475 755 0.884136
3129606 764 0.894173
2878425 702 0.822407
3078411 751 0.879546
3127430 763 0.893551
3001839 732 0.857668
2822933 689 0.806552
3113605 760 0.889601
3035517 741 0.867291
3114307 760 0.889802
2875060 701 0.821446
3108480 758 0.888137
3129585 764 0.894167
3034961 740 0.867132
3107048 758 0.887728
3112226 759 0.889207
3165316 772 0.904376
2857222 697 0.816349
3125430 763 0.892980
3115423 760 0.890121
3409643 832 0.974184
3146801 768 0.899086
3169746 773 0.905642
3122466 762 0.892133
3113318 760 0.889519
3138251 766 0.896643
3139193 766 0.896912
3189040 778 0.911154
3160501 771 0.903000
3209150 783 0.916900
3176847 775 0.907671
3487486 851 0.996425
3180535 776 0.908724
3471691 847 0.991912
3117907 761 0.890831
3431474 837 0.980421
3211748 784 0.917642
3153889 769 0.901111
3212764 784 0.917933
3434229 838 0.981208
3449972 842 0.985706
3156716 770 0.901919
3136819 765 0.896234
3150194 769 0.900055
3191473 779 0.911849
3090178 754 0.882908
3166803 773 0.904801
3182678 777 0.909337
3459618 844 0.988462
3479317 849 0.994091
3470361 847 0.991532
3461930 845 0.989123
3509674 856 1.002764
3471730 847 0.991923
3256821 795 0.930520
3475194 848 0.992913
3429666 837 0.979905
3176799 775 0.907657
3197342 780 0.913526
3166370 773 0.904677
3143023 767 0.898007
3145509 767 0.898717
3169586 773 0.905596
2786036 680 0.796010
2885293 704 0.824369
3466922 846 0.990549
3440716 840 0.983062
3480465 849 0.994419
3462083 845 0.989167
3450583 842 0.985881
3177636 775 0.907896
3464377 845 0.989822
3239888 790 0.925682
3410338 832 0.974382
3435043 838 0.981441
3424768 836 0.978505
3415271 833 0.975792
3400101 830 0.971457
3437884 839 0.982253
3439131 839 0.982609
3432155 837 0.980616
3422512 835 0.977861
3433691 838 0.981055
3408864 832 0.973961
3474670 848 0.992763
3425435 836 0.978696
3455013 843 0.987147
3436401 838 0.981829
3164248 772 0.904071
3153794 769 0.901084
3157369 770 0.902105
3167788 773 0.905082
3474589 848 0.992740
3189507 778 0.911288
3498955 854 0.999701
3479397 849 0.994113
3476318 848 0.993234
3481942 850 0.994841
3467680 846 0.990766
3172404 774 0.906401
3436890 839 0.981969
3496736 853 0.999067
3477201 848 0.993486
3551812 867 1.014803
3461905 845 0.989116
3508983 856 1.002567
3457035 844 0.987724
3153417 769 0.900976
3496491 853 0.998997
3192252 779 0.912072
3214153 784 0.918329
3223280 786 0.920937
3193771 779 0.912506
3245446 792 0.927270
3144629 767 0.898465
3235088 789 0.924311
3149542 768 0.899869
3199255 781 0.914073
3427481 836 0.979280
3422466 835 0.977847
3167302 773 0.904943
3030499 739 0.865857
3441387 840 0.983253
3094151 755 0.884043
3171781 774 0.906223
3139431 766 0.896980
3086002 753 0.881715
3441788 840 0.983368
3423953 835 0.978272
3383740 826 0.966783
3051441 744 0.871840
3398174 829 0.970907
3189361 778 0.911246
3657827 893 1.045093
3649264 890 1.042647
3101936 757 0.886267
3395625 829 0.970179
3110411 759 0.888689
3149109 768 0.899745
3094839 755 0.884240
3196990 780 0.913426
3179225 776 0.908350
3165400 772 0.904400
3202003 781 0.914858
3185915 777 0.910261
3536855 863 1.010530
3488555 851 0.996730
3486824 851 0.996235
3529632 861 1.008466
3564427 870 1.018408
3463019 845 0.989434
3546484 865 1.013281
3485877 851 0.995965
3506947 856 1.001985
3540350 864 1.011529
3504996 855 1.001427
3443443 840 0.983841
3178831 776 0.908237
3434613 838 0.981318
3449675 842 0.985621
3445255 841 0.984359
3426950 836 0.979129
3199042 781 0.914012
3200076 781 0.914307
3154863 770 0.901389
3140991 766 0.897426
3155146 770 0.901470
3159356 771 0.902673
3190828 779 0.911665
3127542 763 0.893583
3166419 773 0.904691
3163619 772 0.903891
3149294 768 0.899798
3094609 755 0.884174
3122888 762 0.892254
3198592 780 0.913883
3173164 774 0.906618
3190342 778 0.911526
3010221 734 0.860063
3171614 774 0.906175
3105358 758 0.887245
3107129 758 0.887751
2829012 690 0.808289
3012295 735 0.860656
2825077 689 0.807165
3343555 816 0.955301
3351679 818 0.957623
3660715 893 1.045919
3365836 821 0.961667
3630323 886 1.037235
3088365 753 0.882390
3095890 755 0.884540
2674847 653 0.764242
2841270 693 0.811791
2780143 678 0.794327
2834556 692 0.809873
3071600 749 0.877600
3103054 757 0.886587
3115780 760 0.890223
2832193 691 0.809198
3074323 750 0.878378
2826201 689 0.807486
3107453 758 0.887844
2825653 689 0.807329
2833051 691 0.809443
2747257 670 0.784931
2824770 689 0.807077
3104862 758 0.887103
2749247 671 0.785499
2823841 689 0.806812
2833062 691 0.809446
2748207 670 0.785202
2811066 686 0.803162
2837754 692 0.810787
2784022 679 0.795435
3070071 749 0.877163
2489856 607 0.711387
3120148 761 0.891471
2368435 578 0.676696
2777860 678 0.793674
2500381 610 0.714395
2472489 603 0.706425
2743487 669 0.783853
2739982 668 0.782852
3037109 741 0.867745
2664697 650 0.761342
2753829 672 0.786808
2479884 605 0.708538
2751230 671 0.786066
2669508 651 0.762717
2756286 672 0.787510
2753507 672 0.786716
2776589 677 0.793311
2733812 667 0.781089
2751154 671 0.786044
2753849 672 0.786814
2326546 568 0.664727
2727185 665 0.779196
3042164 742 0.869190
2734082 667 0.781166
2652225 647 0.757779
2809411 685 0.802689
3059831 747 0.874237
2963835 723 0.846810
2724920 665 0.778549
2762801 674 0.789372
2695850 658 0.770243
2705812 660 0.773089
2798791 683 0.799655
2750655 671 0.785901
2639457 644 0.754131
2730988 666 0.780282
3312464 808 0.946418
3271611 798 0.934746
3034930 740 0.867123
3014624 735 0.861321
3063256 747 0.875216
3019111 737 0.862603
3053316 745 0.872376
2631630 642 0.751894
3020430 737 0.862980
3031956 740 0.866273
3274649 799 0.935614
3013859 735 0.861103
3050082 744 0.871452
2757069 673 0.787734
3023632 738 0.863895
3021279 737 0.863223
2733987 667 0.781139
2715231 662 0.775780
2732524 667 0.780721
2349062 573 0.671161
3035014 740 0.867147
3039277 742 0.868365
3072298 750 0.877799
3077504 751 0.879287
3309876 808 0.945679
3053654 745 0.872473
3045380 743 0.870109
3041257 742 0.868931
2794569 682 0.798448
3069994 749 0.877141
2751528 671 0.786151
3140101 766 0.897172
3359245 820 0.959784
3113629 760 0.889608
3105763 758 0.887361
3076736 751 0.879067
3351969 818 0.957705
3079944 751 0.879984
3087954 753 0.882273
3318245 810 0.948070
3260487 796 0.931568
3096790 756 0.884797
3295254 804 0.941501
3323311 811 0.949517
3285911 802 0.938832
3060815 747 0.874519
3076778 751 0.879079
3302460 806 0.943560
3089284 754 0.882653
3042880 742 0.869394
3365267 821 0.961505
3373971 823 0.963992
3099716 756 0.885633
3370934 822 0.963124
3357094 819 0.959170
3111870 759 0.889106
3356721 819 0.959063
3106573 758 0.887592
3056329 746 0.873237
3316185 809 0.947481
3061168 747 0.874619
3299081 805 0.942595
3111971 759 0.889135
3041574 742 0.869021
2997541 731 0.856440
3017239 736 0.862068
2991626 730 0.854750
3040928 742 0.868837
3007222 734 0.859206
3084462 753 0.881275
3051518 744 0.871862
3368944 822 0.962555
2777706 678 0.793630
3072211 750 0.877775
2947572 719 0.842163
2801007 683 0.800288
3061810 747 0.874803
3070783 749 0.877367
2851870 696 0.814820
3059405 746 0.874116
2788386 680 0.796682
3388272 827 0.968078
2690798 656 0.768799
3324603 811 0.949887
3332920 813 0.952263
3023887 738 0.863968
3341016 815 0.954576
3364310 821 0.961231
3113312 760 0.889518
3098110 756 0.885174
3056182 746 0.873195
3085139 753 0.881468
3344358 816 0.955531
3067788 748 0.876511
3106545 758 0.887584
1927830 470 0.550809
1928878 470 0.551108
2656782 648 0.759081
2976163 726 0.850332
3348153 817 0.956615
3691666 901 1.054762
3738957 912 1.068273
3817220 931 1.090634
3834003 936 1.095429
3846415 939 1.098976
3724719 909 1.064205
3391558 828 0.969017
3421112 835 0.977461
3401682 830 0.971909
3132651 764 0.895043
3017085 736 0.862024
3089539 754 0.882725
3387256 826 0.967787
3113001 760 0.889429
3149835 769 0.899953
3400772 830 0.971649
3443939 840 0.983983
3475486 848 0.992996
2870005 700 0.820001
2830674 691 0.808764
3429750 837 0.979929
3125968 763 0.893134
3113430 760 0.889551
3422142 835 0.977755
3105889 758 0.887397
2805249 684 0.801500
3056825 746 0.873379
2748976 671 0.785422
3098034 756 0.885153
2353318 574 0.672377
2993526 730 0.855293
3025880 738 0.864537
3060574 747 0.874450
3111060 759 0.888874
2810741 686 0.803069
3128499 763 0.893857
3321684 810 0.949053
3028363 739 0.865247
3054280 745 0.872651
3416967 834 0.976276
3294092 804 0.941169
3064072 748 0.875449
3108752 758 0.888215
3366601 821 0.961886
3404532 831 0.972723
3384131 826 0.966895
3378339 824 0.965240
3106562 758 0.887589
2774620 677 0.792749
2751566 671 0.786162
2843840 694 0.812526
2883107 703 0.823745
2721886 664 0.777682
2828868 690 0.808248
2874173 701 0.821192
2873408 701 0.820974
2853067 696 0.815162
3332940 813 0.952269
2721631 664 0.777609
2846965 695 0.813419
3169544 773 0.905584
3080535 752 0.880153
2835869 692 0.810248
2785359 680 0.795817
2738354 668 0.782387
2793854 682 0.798244
2843927 694 0.812551
3127919 763 0.893691
3161105 771 0.903173
3173622 774 0.906749
3151870 769 0.900534
3198830 780 0.913951
3076802 751 0.879086
3135612 765 0.895889
3148539 768 0.899583
3117435 761 0.890696
3130423 764 0.894407
3049978 744 0.871422
3086728 753 0.881922
3085705 753 0.881630
3097077 756 0.884879
2820908 688 0.805974
2789604 681 0.797030
2907432 709 0.830695
2879330 702 0.822666
2824536 689 0.807010
2789102 680 0.796886
3114789 760 0.889940
3144584 767 0.898453
3123223 762 0.892349
3121174 762 0.891764
3140642 766 0.897326
3437905 839 0.982259
3445216 841 0.984347
3426744 836 0.979070
3387891 827 0.967969
3090649 754 0.883043
3054523 745 0.872721
3353401 818 0.958115
3662914 894 1.046547
3003414 733 0.858118
3068608 749 0.876745
3093544 755 0.883870
3415543 833 0.975869
2790904 681 0.797401
2995167 731 0.855762
3055878 746 0.873108
3363783 821 0.961081
3371370 823 0.963249
3688957 900 1.053988
3632509 886 1.037860
3646732 890 1.041923
2983023 728 0.852292
3308344 807 0.945241
2983868 728 0.852534
3324062 811 0.949732
3373629 823 0.963894
3693457 901 1.055273
3651759 891 1.043360
3647098 890 1.042028
3658445 893 1.045270
3410100 832 0.974314
3442089 840 0.983454
3762604 918 1.075030
3756609 917 1.073317
3162592 772 0.903598
3640870 888 1.040249
3417268 834 0.976362
3099171 756 0.885477
3115043 760 0.890012
2793050 681 0.798014
3103472 757 0.886706
3376897 824 0.964828
2813709 686 0.803917
3123880 762 0.892537
3451902 842 0.986258
3395395 828 0.970113
3439362 839 0.982675
3066893 748 0.876255
3170633 774 0.905895
3249026 793 0.928293
3186983 778 0.910567
3183119 777 0.909463
2961670 723 0.846191
2947827 719 0.842236
2948047 719 0.842299
3278269 800 0.936648
3475176 848 0.992907
3187905 778 0.910830
2905494 709 0.830141
2855361 697 0.815817
2933188 716 0.838054
2947083 719 0.842024
3237402 790 0.924972
3174819 775 0.907091
2830226 690 0.808636
3170235 773 0.905781
3280514 800 0.937290
3194951 780 0.912843
3284969 801 0.938563
3187591 778 0.910740
3266740 797 0.933354
3241421 791 0.926120
2946032 719 0.841723
3253920 794 0.929691
3193781 779 0.912509
3270930 798 0.934551
3295377 804 0.941536
3334617 814 0.952748
3309786 808 0.945653
3268595 797 0.933884
3268856 798 0.933959
3189553 778 0.911301
3281125 801 0.937464
3262149 796 0.932043
3279431 800 0.936980
3187081 778 0.910595
3289752 803 0.939929
3229568 788 0.922734
2998452 732 0.856701
3244252 792 0.926929
3463072 845 0.989449
3287043 802 0.939155
2876767 702 0.821933
3272728 799 0.935065
3188900 778 0.911114
3537713 863 1.010775
3572418 872 1.020691
3303592 806 0.943883
3250146 793 0.928613
2981027 727 0.851722
3629876 886 1.037107
3595793 877 1.027369
3628717 885 1.036776
3589836 876 1.025667
3501403 854 1.000401
3254161 794 0.929760
3339365 815 0.954104
3334797 814 0.952799
3338761 815 0.953932
3359632 820 0.959895
3332476 813 0.952136
3355096 819 0.958599
3020158 737 0.862902
3068748 749 0.876785
3340510 815 0.954431
3325734 811 0.950210
3339585 815 0.954167
3002963 733 0.857989
3273940 799 0.935411
3270005 798 0.934287
3278650 800 0.936757
2984022 728 0.852578
3343826 816 0.955379
3353089 818 0.958025
3033188 740 0.866625
2940586 717 0.840167
2959028 722 0.845437
3334917 814 0.952833
2915619 711 0.833034
2959886 722 0.845682
3008322 734 0.859521
2937806 717 0.839373
2923461 713 0.835275
3238093 790 0.925169
3254077 794 0.929736
3243736 791 0.926782
3511319 857 1.003234
3553812 867 1.015375
3563962 870 1.018275
3507335 856 1.002096
3491401 852 0.997543
3481562 849 0.994732
3587916 875 1.025119
3573040 872 1.020869
3474352 848 0.992672
3496896 853 0.999113
3531928 862 1.009122
3536747 863 1.010499
3509692 856 1.002769
3295387 804 0.941539
3508546 856 1.002442
3365145 821 0.961470
3315568 809 0.947305
3338250 815 0.953786
3317847 810 0.947956
3319108 810 0.948317
3170043 773 0.905727
3263933 796 0.932552
3272843 799 0.935098
3237368 790 0.924962
2965221 723 0.847206
3124875 762 0.892821
3228157 788 0.922331
3193393 779 0.912398
3188174 778 0.910907
3095401 755 0.884400
3122801 762 0.892229
3138125 766 0.896607
2728352 666 0.779529
2785638 680 0.795897
2865389 699 0.818683
3137789 766 0.896511
3162372 772 0.903535
3217083 785 0.919167
3196955 780 0.913416
2889874 705 0.825678
3191173 779 0.911764
3217990 785 0.919426
3203553 782 0.915301
3238435 790 0.925267
2934054 716 0.838301
3271280 798 0.934651
3238164 790 0.925190
3217212 785 0.919203
3174515 775 0.907004
3207676 783 0.916479
2909519 710 0.831291
3206717 782 0.916205
3130046 764 0.894299
3161262 771 0.903218
3196623 780 0.913321
3203837 782 0.915382
2945240 719 0.841497
3168458 773 0.905274
2953347 721 0.843813
3003539 733 0.858154
3004545 733 0.858441
3016733 736 0.861924
2928425 714 0.836693
2967504 724 0.847858
3012075 735 0.860593
2913189 711 0.832340
2962148 723 0.846328
2953815 721 0.843947
2950288 720 0.842939
3188736 778 0.911067
3127794 763 0.893655
3156874 770 0.901964
3167438 773 0.904982
3423591 835 0.978169
2832800 691 0.809371
2407364 587 0.687818
2849188 695 0.814054
3169725 773 0.905636
2777852 678 0.793672
3157314 770 0.902090
3419136 834 0.976896
3124998 762 0.892857
3100421 756 0.885835
2841218 693 0.811777
3173454 774 0.906701
3095834 755 0.884524
3472201 847 0.992057
3258494 795 0.930998
3183147 777 0.909471
3208937 783 0.916839
3470124 847 0.991464
3503694 855 1.001055
3465746 846 0.990213
3202276 781 0.914936
3485462 850 0.995846
3209943 783 0.917127
3154779 770 0.901365
3227229 787 0.922065
3171063 774 0.906018
3223078 786 0.920879
3110784 759 0.888795
3742804 913 1.069373
3195757 780 0.913073
3532222 862 1.009206
3455003 843 0.987144
3145897 768 0.898828
3159067 771 0.902591
3080029 751 0.880008
2822773 689 0.806507
2734762 667 0.781361
3148341 768 0.899526
2806817 685 0.801948
3182110 776 0.909174
3134201 765 0.895486
3064062 748 0.875446
3402587 830 0.972168
3224990 787 0.921426
3470247 847 0.991499
3484061 850 0.995446
3771933 920 1.077695
3497500 853 0.999286
3408320 832 0.973806
3470187 847 0.991482
3450904 842 0.985973
3564444 870 1.018413
3243519 791 0.926720
3580281 874 1.022937
3550957 866 1.014559
3278618 800 0.936748
3238394 790 0.925255
3256891 795 0.930540
3244074 792 0.926878
3219505 786 0.919859
3187039 778 0.910583
3217404 785 0.919258
2838522 692 0.811006
3197786 780 0.913653
3223426 786 0.920979
3202489 781 0.914997
3200156 781 0.914330
3175256 775 0.907216
3174753 775 0.907072
3215753 785 0.918787
3238886 790 0.925396
3215358 784 0.918674
3160895 771 0.903113
3201458 781 0.914702
3147216 768 0.899205
3267174 797 0.933478
3254357 794 0.929816
3278814 800 0.936804
3251228 793 0.928922
3293670 804 0.941049
3253131 794 0.929466
3488182 851 0.996623
3181216 776 0.908919
3217767 785 0.919362
3195052 780 0.912872
3136358 765 0.896102
3175046 775 0.907156
3178045 775 0.908013
3169222 773 0.905492
3476695 848 0.993341
3234340 789 0.924097
3230716 788 0.923062
3268738 798 0.933925
3257949 795 0.930843
3262984 796 0.932281
3242238 791 0.926354
3190514 778 0.911575
3237259 790 0.924931
3212208 784 0.917774
3266241 797 0.933212
3257988 795 0.930854
3296700 804 0.941914
3299148 805 0.942614
3268692 798 0.933912
3273877 799 0.935393
3261360 796 0.931817
3289567 803 0.939876
3215836 785 0.918810
3243523 791 0.926721
3274215 799 0.935490
3251919 793 0.929120
3249462 793 0.928418
3237064 790 0.924875
3260669 796 0.931620
3247723 792 0.927921
3244633 792 0.927038
2936861 717 0.839103
2995488 731 0.855854
2952798 720 0.843657
3254164 794 0.929761
2980974 727 0.851707
3556085 868 1.016024
3242835 791 0.926524
3512778 857 1.003651
3255607 794 0.930173
3233516 789 0.923862
3246344 792 0.927527
3185877 777 0.910251
3293544 804 0.941013
3273165 799 0.935190
3281837 801 0.937668
3285028 802 0.938579
3277344 800 0.936384
3319296 810 0.948370
3255865 794 0.930247
3308158 807 0.945188
3230165 788 0.922904
2965842 724 0.847383
3293610 804 0.941031
3272145 798 0.934899
3221174 786 0.920335
3248257 793 0.928073
3255093 794 0.930027
3443174 840 0.983764
3304475 806 0.944136
3250599 793 0.928743
3264328 796 0.932665
3300248 805 0.942928
3532830 862 1.009380
3262383 796 0.932109
3290922 803 0.940263
3250383 793 0.928681
3223999 787 0.921143
3517823 858 1.005092
3485604 850 0.995887
3569506 871 1.019859
3540925 864 1.011693
3550206 866 1.014345
3249214 793 0.928347
3521307 859 1.006088
3476771 848 0.993363
3565082 870 1.018595
3488321 851 0.996663
3210491 783 0.917283
3192779 779 0.912223
3486010 851 0.996003
3207321 783 0.916377
3502584 855 1.000738
3485953 851 0.995987
3201427 781 0.914693
3499287 854 0.999796
3137929 766 0.896551
3165396 772 0.904399
2823764 689 0.806790
2847621 695 0.813606
2760141 673 0.788612
3386031 826 0.967437
3083634 752 0.881038
3069268 749 0.876934
3115693 760 0.890198
3397528 829 0.970722
3450439 842 0.985840
3499755 854 0.999930
3488950 851 0.996843
3456428 843 0.987551
3435203 838 0.981487
3110829 759 0.888808
3439019 839 0.982577
3489725 851 0.997064
3079511 751 0.879860
3114502 760 0.889858
2787999 680 0.796571
2784660 679 0.795617
3099357 756 0.885531
3089434 754 0.882695
3060627 747 0.874465
3085646 753 0.881613
3438747 839 0.982499
3418822 834 0.976806
3399210 829 0.971203
3363989 821 0.961140
3404782 831 0.972795
3411134 832 0.974610
3390873 827 0.968821
3436152 838 0.981758
3155599 770 0.901600
3197475 780 0.913564
3158542 771 0.902441
3150173 769 0.900049
3087353 753 0.882101
3170521 774 0.905863
2918146 712 0.833756
2920381 712 0.834395
2922029 713 0.834865
2842852 694 0.812243
3186972 778 0.910563
3219750 786 0.919929
3442385 840 0.983539
3200966 781 0.914562
3444302 840 0.984086
3224554 787 0.921301
3506260 856 1.001789
3498575 854 0.999593
3210690 783 0.917340
3507416 856 1.002119
3200838 781 0.914525
3181854 776 0.909101
3135496 765 0.895856
2867976 700 0.819422
3130800 764 0.894514
3165535 772 0.904439
3119812 761 0.891375
3424851 836 0.978529
3173046 774 0.906585
3136449 765 0.896128
3157236 770 0.902067
3107272 758 0.887792
3077009 751 0.879145
3080318 752 0.880091
3440007 839 0.982859
3448795 841 0.985370
3420155 834 0.977187
3393799 828 0.969657
3428007 836 0.979431
3454196 843 0.986913
3451246 842 0.986070
3462589 845 0.989311
3446009 841 0.984574
3463735 845 0.989639
3353603 818 0.958172
3441624 840 0.983321
3458187 844 0.988053
3468081 846 0.990880
3486157 851 0.996045
3496337 853 0.998953
3548858 866 1.013959
3500524 854 1.000150
3520766 859 1.005933
3388083 827 0.968024
3425448 836 0.978699
3135185 765 0.895767
3110640 759 0.888754
3454744 843 0.987070
3155763 770 0.901647
3068192 749 0.876626
3439236 839 0.982639
3468497 846 0.990999
3137276 765 0.896365
3178283 775 0.908081
3126306 763 0.893230
3144141 767 0.898326
3125940 763 0.893126
3140590 766 0.897311
3083401 752 0.880972
3404765 831 0.972790
3200995 781 0.914570
3174013 774 0.906861
3181641 776 0.909040
3080518 752 0.880148
3159942 771 0.902841
3070654 749 0.877330
3187528 778 0.910722
3136644 765 0.896184
3132996 764 0.895142
3154510 770 0.901289
3128723 763 0.893921
3178122 775 0.908035
3125562 763 0.893018
3169052 773 0.905443
3145324 767 0.898664
3139675 766 0.897050
3156441 770 0.901840
3122647 762 0.892185
3102163 757 0.886332
3335573 814 0.953021
3394574 828 0.969878
3116279 760 0.890365
3112732 759 0.889352
3143649 767 0.898185
3369300 822 0.962657
3149513 768 0.899861
3088146 753 0.882327
3171394 774 0.906113
3114391 760 0.889826
3088529 754 0.882437
3122906 762 0.892259
3394287 828 0.969796
3106908 758 0.887688
3033058 740 0.866588
3120714 761 0.891633
3145897 768 0.898828
3393705 828 0.969630
3123653 762 0.892472
3101416 757 0.886119
3113071 760 0.889449
3032965 740 0.866561
3095973 755 0.884564
3023779 738 0.863937
3102237 757 0.886353
3120814 761 0.891661
3037112 741 0.867746
3047855 744 0.870816
3071621 749 0.877606
3373657 823 0.963902
3094088 755 0.884025
3352629 818 0.957894
3397601 829 0.970743
3341648 815 0.954757
3346686 817 0.956196
3297045 804 0.942013
3016380 736 0.861823
3336215 814 0.953204
3010389 734 0.860111
2755595 672 0.787313
2607689 636 0.745054
3022092 737 0.863455
3318629 810 0.948180
3046644 743 0.870470
3113724 760 0.889635
3287884 802 0.939395
3366828 821 0.961951
2999171 732 0.856906
2800853 683 0.800244
2770929 676 0.791694
2710902 661 0.774543
2753626 672 0.786750
3098529 756 0.885294
2974913 726 0.849975
2797394 682 0.799255
3120748 761 0.891642
3045397 743 0.870113
3050628 744 0.871608
2972497 725 0.849285
3047171 743 0.870620
3051723 745 0.871921
3031813 740 0.866232
3086676 753 0.881907
3052177 745 0.872051
3085070 753 0.881449
3104115 757 0.886890
3099374 756 0.885535
3079232 751 0.879781
3103117 757 0.886605
3055686 746 0.873053
2793847 682 0.798242
3084728 753 0.881351
2792031 681 0.797723
3084647 753 0.881328
3111126 759 0.888893
2809065 685 0.802590
3090150 754 0.882900
2770653 676 0.791615
2772203 676 0.792058
2647771 646 0.756506
2838889 693 0.811111
2834067 691 0.809733
2694698 657 0.769914
3060096 747 0.874313
3073262 750 0.878075
2657886 648 0.759396
2768478 675 0.790994
3048815 744 0.871090
3087772 753 0.882221
2793375 681 0.798107
3117285 761 0.890653
3092294 754 0.883513
3162170 772 0.903477
3142356 767 0.897816
3108947 759 0.888271
3019372 737 0.862678
2842025 693 0.812007
3104646 757 0.887042
3063004 747 0.875144
3045690 743 0.870197
3072926 750 0.877979
3314499 809 0.947000
3323507 811 0.949573
3355114 819 0.958604
3355306 819 0.958659
3315816 809 0.947376
3313877 809 0.946822
3364440 821 0.961269
3358148 819 0.959471
3330047 812 0.951442
3325441 811 0.950126
3398387 829 0.970968
3326411 812 0.950403
3327986 812 0.950853
3373773 823 0.963935
3284659 801 0.938474
3622763 884 1.035075
2922633 713 0.835038
3333101 813 0.952315
3024291 738 0.864083
3300904 805 0.943115
3013510 735 0.861003
3310694 808 0.945913
3302552 806 0.943586
3232480 789 0.923566
2999615 732 0.857033
3331855 813 0.951959
3274365 799 0.935533
3052558 745 0.872159
3311870 808 0.946249
3337821 814 0.953663
3278032 800 0.936581
3371252 823 0.963215
3312691 808 0.946483
3284194 801 0.938341
2910068 710 0.831448
3029166 739 0.865476
2712364 662 0.774961
2912103 710 0.832029
3278961 800 0.936846
3295502 804 0.941572
2960609 722 0.845888
2991937 730 0.854839
3240950 791 0.925986
2991546 730 0.854727
3294441 804 0.941269
3303152 806 0.943758
2731190 666 0.780340
2856216 697 0.816062
2976421 726 0.850406
3355565 819 0.958733
3309908 808 0.945688
3284780 801 0.938509
3376803 824 0.964801
3325137 811 0.950039
3280671 800 0.937335
2744709 670 0.784203
2993696 730 0.855342
2759791 673 0.788512
2763723 674 0.789635
2949503 720 0.842715
3327406 812 0.950687
3046479 743 0.870423
3058148 746 0.873757
3353540 818 0.958154
3383879 826 0.966823
3035496 741 0.867285
3061415 747 0.874690
3650722 891 1.043063
3371262 823 0.963218
3353710 818 0.958203
3049280 744 0.871223
3376705 824 0.964773
3374289 823 0.964083
3053476 745 0.872422
3369230 822 0.962637
2972958 725 0.849417
3015298 736 0.861514
2717912 663 0.776546
3046274 743 0.870364
3070043 749 0.877155
2969728 725 0.848494
3091592 754 0.883312
3116587 760 0.890453
3343823 816 0.955378
3352995 818 0.957999
3422069 835 0.977734
3435377 838 0.981536
3478538 849 0.993868
3448855 842 0.985387
3517251 858 1.004929
3474712 848 0.992775
3437902 839 0.982258
3444773 841 0.984221
3443523 840 0.983864
3120424 761 0.891550
3093365 755 0.883819
2790515 681 0.797290
2989302 729 0.854086
2809523 685 0.802721
3143694 767 0.898198
2826683 690 0.807624
2819794 688 0.805655
2830541 691 0.808726
3129822 764 0.894235
3103595 757 0.886741
3136774 765 0.896221
3111555 759 0.889016
3116898 760 0.890542
3047332 743 0.870666
3144078 767 0.898308
3000742 732 0.857355
3106127 758 0.887465
2802624 684 0.800750
3349912 817 0.957118
2775943 677 0.793127
3427965 836 0.979419
3421741 835 0.977640
3376663 824 0.964761
3364224 821 0.961207
3379072 824 0.965449
3625630 885 1.035894
3680099 898 1.051457
3344431 816 0.955552
3395143 828 0.970041
3363197 821 0.960913
3074805 750 0.878516
3396278 829 0.970365
3065909 748 0.875974
3045222 743 0.870063
3622932 884 1.035123
3361902 820 0.960543
3060606 747 0.874459
3061545 747 0.874727
3071233 749 0.877495
3375668 824 0.964477
3341086 815 0.954596
3031806 740 0.866230
3316426 809 0.947550
3355656 819 0.958759
3059300 746 0.874086
3072340 750 0.877811
3416444 834 0.976127
3055107 745 0.872888
3672320 896 1.049234
3654853 892 1.044244
3385339 826 0.967240
3632641 886 1.037897
3636205 887 1.038916
3375459 824 0.964417
3374610 823 0.964174
3038499 741 0.868143
3057195 746 0.873484
3305459 806 0.944417
3074690 750 0.878483
3011046 735 0.860299
3369670 822 0.962763
3117962 761 0.890846
3060647 747 0.874471
3081610 752 0.880460
3341473 815 0.954707
3083150 752 0.880900
2975619 726 0.850177
3123600 762 0.892457
3072889 750 0.877968
3056259 746 0.873217
3077302 751 0.879229
3379445 825 0.965556
3366458 821 0.961845
3319907 810 0.948545
3367652 822 0.962186
3320424 810 0.948693
3305464 806 0.944418
3020968 737 0.863134
2955274 721 0.844364
3073688 750 0.878197
3107024 758 0.887721
3075940 750 0.878840
3104514 757 0.887004
3044018 743 0.869719
3094574 755 0.884164
3095201 755 0.884343
3010061 734 0.860017
2992346 730 0.854956
3351238 818 0.957497
3355764 819 0.958790
3102073 757 0.886307
3352894 818 0.957970
3074930 750 0.878551
3666399 895 1.047543
3688852 900 1.053958
3386300 826 0.967514
3690622 901 1.054463
3623961 884 1.035417
3343391 816 0.955255
3371097 823 0.963171
3380238 825 0.965782
3399500 829 0.971286
3369482 822 0.962709
3384393 826 0.966969
3418522 834 0.976721
3597462 878 1.027846
3389522 827 0.968435
3642843 889 1.040812
3659333 893 1.045524
3400938 830 0.971697
3689903 900 1.054258
3414503 833 0.975572
3415068 833 0.975734
3377529 824 0.965008
3668306 895 1.048087
3406410 831 0.973260
3730672 910 1.065906
3404011 831 0.972575
3684013 899 1.052575
3676608 897 1.050459
3333912 813 0.952546
3373993 823 0.963998
3706612 904 1.059032
3430602 837 0.980172
3415114 833 0.975747
3685790 899 1.053083
3422124 835 0.977750
3420420 835 0.977263
3418120 834 0.976606
3428011 836 0.979432
3434609 838 0.981317
3162558 772 0.903588
3112229 759 0.889208
3089800 754 0.882800
3432577 838 0.980736
3136432 765 0.896123
3382982 825 0.966566
3120846 761 0.891670
3134386 765 0.895539
2819948 688 0.805699
2770025 676 0.791436
2861478 698 0.817565
3115288 760 0.890082
3032968 740 0.866562
2797610 683 0.799317
3120365 761 0.891533
3038973 741 0.868278
3053410 745 0.872403
3099818 756 0.885662
3361905 820 0.960544
3064764 748 0.875647
3081334 752 0.880381
3073517 750 0.878148
3018765 737 0.862504
3081366 752 0.880390
3099249 756 0.885500
2799394 683 0.799827
3093676 755 0.883907
2748972 671 0.785421
2814212 687 0.804061
3369219 822 0.962634
3395335 828 0.970096
3671396 896 1.048970
3409266 832 0.974076
3374785 823 0.964224
3138002 766 0.896572
3429066 837 0.979733
3394536 828 0.969867
3414003 833 0.975429
2732513 667 0.780718
3408557 832 0.973873
3407629 831 0.973608
3413878 833 0.975394
3419610 834 0.977031
3378919 824 0.965405
3406592 831 0.973312
3116014 760 0.890290
3376817 824 0.964805
3396669 829 0.970477
3368559 822 0.962445
3170815 774 0.905947
3084560 753 0.881303
3149052 768 0.899729
3144898 767 0.898542
3200337 781 0.914382
3127249 763 0.893500
3181603 776 0.909029
3434652 838 0.981329
3411479 832 0.974708
3411294 832 0.974655
3407744 831 0.973641
3385741 826 0.967355
3080070 751 0.880020
3105763 758 0.887361
3398309 829 0.970945
3146752 768 0.899072
3396588 829 0.970454
3400390 830 0.971540
3401529 830 0.971865
3415425 833 0.975836
3390796 827 0.968799
3149109 768 0.899745
3431157 837 0.980331
3426538 836 0.979011
3068475 749 0.876707
