24140854 5893 6.897387
23977369 5853 6.850677
24188259 5905 6.910931
24662058 6021 7.046302
24279116 5927 6.936890
24308035 5934 6.945153
24413673 5960 6.975335
24851619 6067 7.100463
24310444 5935 6.945841
24249614 5920 6.928461
24602690 6006 7.029340
24612832 6008 7.032238
24561297 5996 7.017513
24710584 6032 7.060167
24527036 5988 7.007725
24222216 5913 6.920633
24884920 6075 7.109977
24674752 6024 7.049929
24545285 5992 7.012939
24541493 5991 7.011855
24556793 5995 7.016227
24934665 6087 7.124190
24351527 5945 6.957579
24188616 5905 6.911033
24169266 5900 6.905505
22056544 5384 6.301870
24152183 5896 6.900624
22109525 5397 6.317007
24679141 6025 7.051183
22392218 5466 6.397777
22284349 5440 6.366957
24477497 5975 6.993571
22230372 5427 6.351535
24623600 6011 7.035314
22608189 5519 6.459483
22305566 5445 6.373019
22304393 5445 6.372684
22660644 5532 6.474470
22348486 5456 6.385282
24487726 5978 6.996493
24615695 6009 7.033056
24314487 5936 6.946996
26982828 6587 7.709379
24320021 5937 6.948577
24590914 6003 7.025975
22482876 5488 6.423679
22058869 5385 6.302534
22446814 5480 6.413375
22445141 5479 6.412897
22667594 5534 6.476455
22549362 5505 6.442675
22237142 5428 6.353469
22131706 5403 6.323345
22468617 5485 6.419605
22790383 5564 6.511538
22163816 5411 6.332519
22458387 5483 6.416682
22510377 5495 6.431536
22502354 5493 6.429244
22463817 5484 6.418233
22625848 5523 6.464528
22538420 5502 6.439549
22734018 5550 6.495434
22751130 5554 6.500323
22841543 5576 6.526155
22807362 5568 6.516389
22794227 5564 6.512636
22831927 5574 6.523408
23018451 5619 6.576700
23031826 5623 6.580522
22885628 5587 6.538751
22487167 5490 6.424905
22832580 5574 6.523594
22706084 5543 6.487453
22655420 5531 6.472977
22469082 5485 6.419738
22629103 5524 6.465458
22590017 5515 6.454291
22531046 5500 6.437442
22902834 5591 6.543667
24589936 6003 7.025696
22387090 5465 6.396311
22565297 5509 6.447228
22686253 5538 6.481787
22418872 5473 6.405392
22444956 5479 6.412845
22227922 5426 6.350835
22257267 5433 6.359219
24542984 5991 7.012281
22466017 5484 6.418862
22376850 5463 6.393386
24149296 5895 6.899799
24031476 5867 6.866136
23834554 5818 6.809873
23757737 5800 6.787925
23743304 5796 6.783801
23484281 5733 6.709795
21897096 5345 6.256313
23803429 5811 6.800980
21741068 5307 6.211734
23877872 5829 6.822249
24013372 5862 6.860963
21956222 5360 6.273206
26032191 6355 7.437769
25993888 6346 7.426825
23557485 5751 6.730710
23919088 5839 6.834025
23461214 5727 6.703204
23971465 5852 6.848990
25955270 6336 7.415791
24131800 5891 6.894800
24074594 5877 6.878455
24230079 5915 6.922880
24102267 5884 6.886362
24053939 5872 6.872554
24187020 5905 6.910577
23664745 5777 6.761356
23880948 5830 6.823128
24041859 5869 6.869103
23964207 5850 6.846916
25800381 6298 7.371537
23778451 5805 6.793843
24032457 5867 6.866416
21882837 5342 6.252239
21640322 5283 6.182949
21848492 5334 6.242426
22180526 5415 6.337293
22159110 5409 6.331174
23927146 5841 6.836327
24273673 5926 6.935335
22000835 5371 6.285953
22029981 5378 6.294280
22161096 5410 6.331742
22143636 5406 6.326753
21988116 5368 6.282319
22155420 5409 6.330120
21542601 5259 6.155029
21741687 5308 6.211911
21615020 5277 6.175720
21805457 5323 6.230131
21970194 5363 6.277198
21682861 5293 6.195103
21971444 5364 6.277555
21957933 5360 6.273695
21795335 5321 6.227239
22184485 5416 6.338424
21744707 5308 6.212773
21833646 5330 6.238185
19732989 4817 5.637997
19561308 4775 5.588945
19963295 4873 5.703799
19402160 4736 5.543474
19662017 4800 5.617719
19462557 4751 5.560731
19838059 4843 5.668017
19192164 4685 5.483475
19624216 4791 5.606919
19626904 4791 5.607687
19450159 4748 5.557188
19475706 4754 5.564487
19586871 4781 5.596249
19379584 4731 5.537024
19176250 4681 5.478929
21544822 5259 6.155663
19520312 4765 5.577232
22055350 5384 6.301529
21901502 5347 6.257572
23976232 5853 6.850352
24011002 5862 6.860286
23955824 5848 6.844521
24099236 5883 6.885496
24350975 5945 6.957421
21720110 5302 6.205746
21536665 5257 6.153333
21104709 5152 6.029917
18679161 4560 5.336903
18658810 4555 5.331089
21285953 5196 6.081701
21305184 5201 6.087195
21551082 5261 6.157452
20973426 5120 5.992407
21425350 5230 6.121529
21006301 5128 6.001800
21214624 5179 6.061321
23055009 5628 6.587145
21328041 5207 6.093726
21272742 5193 6.077926
21247328 5187 6.070665
20928980 5109 5.979709
21535835 5257 6.153096
21228998 5182 6.065428
21288838 5197 6.082525
21254618 5189 6.072748
23303268 5689 6.658077
23297723 5687 6.656492
23268036 5680 6.648010
23195887 5663 6.627396
21211157 5178 6.060331
21227127 5182 6.064893
21400819 5224 6.114520
21295761 5199 6.084503
22832650 5574 6.523614
20984930 5123 5.995694
22921398 5596 6.548971
23007830 5617 6.573666
25168682 6144 7.191052
22928024 5597 6.550864
25435574 6209 7.267307
23172938 5657 6.620839
25092891 6126 7.169397
23130043 5646 6.608584
25433426 6209 7.266693
25357775 6190 7.245079
25990556 6345 7.425873
25593734 6248 7.312495
25919389 6327 7.405540
25559616 6240 7.302747
23984170 5855 6.852620
25968114 6339 7.419461
23999537 5859 6.857011
25835812 6307 7.381661
24256854 5922 6.930530
23697423 5785 6.770692
24037907 5868 6.867973
23623196 5767 6.749485
21954944 5360 6.272841
23644456 5772 6.755559
23943653 5845 6.841044
23722858 5791 6.777959
21817090 5326 6.233454
24013149 5862 6.860900
21828363 5329 6.236675
24123225 5889 6.892350
21569876 5266 6.162822
23686506 5782 6.767573
22235962 5428 6.353132
23958324 5849 6.845235
23820889 5815 6.805968
23662181 5776 6.760623
24127000 5890 6.893429
22288144 5441 6.368041
22071120 5388 6.306034
21913212 5349 6.260918
24180149 5903 6.908614
24169961 5900 6.905703
24206145 5909 6.916041
22015453 5374 6.290129
22091907 5393 6.311973
22457291 5482 6.416369
22309249 5446 6.374071
22292592 5442 6.369312
22037082 5380 6.296309
22202682 5420 6.343623
22224133 5425 6.349752
22232729 5427 6.352208
22355046 5457 6.387156
21775438 5316 6.221554
22385410 5465 6.395831
22340951 5454 6.383129
22380062 5463 6.394303
22837674 5575 6.525050
22500615 5493 6.428747
20913709 5105 5.975345
22963266 5606 6.560933
22928628 5597 6.551037
20761457 5068 5.931845
20811736 5080 5.946210
24486685 5978 6.996196
24474731 5975 6.992780
24539932 5991 7.011409
24544793 5992 7.012798
23945598 5846 6.841599
24440742 5966 6.983069
24610759 6008 7.031645
24408328 5959 6.973808
24404136 5958 6.972610
24406014 5958 6.973147
24416278 5961 6.976079
24411321 5959 6.974663
25426126 6207 7.264607
24644262 6016 7.041218
24960372 6093 7.131535
20700885 5053 5.914539
22773903 5560 6.506829
20745969 5064 5.927420
21957730 5360 6.273637
22258426 5434 6.359550
22083993 5391 6.309712
22905417 5592 6.544405
22264623 5435 6.361321
22437377 5477 6.410679
21992236 5369 6.283496
22321427 5449 6.377551
21879503 5341 6.251287
22029331 5378 6.294095
23705377 5787 6.772965
21507062 5250 6.144875
23790284 5808 6.797224
24058848 5873 6.873957
23409314 5715 6.688375
23610387 5764 6.745825
23085960 5636 6.595989
23737476 5795 6.782136
23439019 5722 6.696863
23420860 5717 6.691674
23641893 5771 6.754827
23681838 5781 6.766239
23768840 5802 6.791097
23985784 5855 6.853081
23590807 5759 6.740231
23765446 5802 6.790127
23670508 5778 6.763002
21477742 5243 6.136498
25905245 6324 7.401499
23827380 5817 6.807823
24009239 5861 6.859783
25846097 6310 7.384599
24036706 5868 6.867630
24198901 5907 6.913972
21685556 5294 6.195873
21856019 5335 6.244577
21659412 5287 6.188403
21717121 5302 6.204892
23627799 5768 6.750800
21717816 5302 6.205090
21732519 5305 6.209291
21762880 5313 6.217966
21384291 5220 6.109797
23658652 5776 6.759615
23783762 5806 6.795361
23845804 5821 6.813087
23834747 5819 6.809928
23888014 5832 6.825147
24217804 5912 6.919373
24191025 5906 6.911721
24002043 5859 6.857727
23878804 5829 6.822515
23692682 5784 6.769338
23941076 5844 6.840307
24255870 5921 6.930249
24284263 5928 6.938361
23972928 5852 6.849408
24230865 5915 6.923104
24318307 5937 6.948088
24542408 5991 7.012117
24212368 5911 6.917819
24296280 5931 6.941794
24604737 6007 7.029925
24396234 5956 6.970353
24313199 5935 6.946628
24565839 5997 7.018811
23864667 5826 6.818476
24276742 5926 6.936212
24258104 5922 6.930887
24189834 5905 6.911381
24683663 6026 7.052475
24157839 5897 6.902240
24554111 5994 7.015460
24260576 5922 6.931593
24547146 5992 7.013470
24985621 6100 7.138749
24137854 5893 6.896530
24241702 5918 6.926201
23924552 5840 6.835586
24264155 5923 6.932616
24273865 5926 6.935390
24271257 5925 6.934645
24204718 5909 6.915634
24131413 5891 6.894689
24489363 5978 6.996961
24816191 6058 7.090340
24458384 5971 6.988110
24619121 6010 7.034035
24450888 5969 6.985968
23959622 5849 6.845606
24632524 6013 7.037864
24665288 6021 7.047225
22369228 5461 6.391208
24444007 5967 6.984002
22042026 5381 6.297722
22236482 5428 6.353281
22309913 5446 6.374261
22384503 5464 6.395572
22423152 5474 6.406615
22407305 5470 6.402087
22604138 5518 6.458325
22633725 5525 6.466779
24468722 5973 6.991063
24224483 5914 6.921281
24633781 6014 7.038223
24547037 5992 7.013439
24243475 5918 6.926707
24163861 5899 6.903960
24478338 5976 6.993811
22059183 5385 6.302624
22434800 5477 6.409943
22156037 5409 6.330296
22569431 5510 6.448409
22228420 5426 6.350977
22398528 5468 6.399579
22321462 5449 6.377561
22066357 5387 6.304673
22654491 5530 6.472712
24226442 5914 6.921841
23874621 5828 6.821320
23659347 5776 6.759813
24635903 6014 7.038829
24223121 5913 6.920892
22364944 5460 6.389984
24300751 5932 6.943072
22279052 5439 6.365443
22360056 5458 6.388587
22220112 5424 6.348603
22304446 5445 6.372699
22038528 5380 6.296722
22293311 5442 6.369517
22344195 5455 6.384056
24402627 5957 6.972179
23879205 5829 6.822630
24047508 5870 6.870717
24260650 5923 6.931614
25854089 6312 7.386883
23568463 5754 6.733847
25787752 6295 7.367929
21730088 5305 6.208597
24193329 5906 6.912380
24046398 5870 6.870399
24276972 5926 6.936278
24197669 5907 6.913620
26021909 6353 7.434831
23978490 5854 6.850997
24225251 5914 6.921500
24169650 5900 6.905614
24061299 5874 6.874657
23973267 5852 6.849505
23934168 5843 6.838334
21936349 5355 6.267528
23923054 5840 6.835158
23762359 5801 6.789245
24233337 5916 6.923811
23987837 5856 6.853668
24314120 5936 6.946891
23999313 5859 6.856947
23663382 5777 6.760966
24151114 5896 6.900318
23770505 5803 6.791573
23580682 5757 6.737338
23867028 5826 6.819151
24111257 5886 6.888931
21687682 5294 6.196481
21729781 5305 6.208509
21759406 5312 6.216973
21448851 5236 6.128243
21453529 5237 6.129580
21973218 5364 6.278062
21441341 5234 6.126097
21625584 5279 6.178738
21864570 5338 6.247020
21379970 5219 6.108563
21621279 5278 6.177508
21354775 5213 6.101364
21620508 5278 6.177288
21450271 5236 6.128649
19689484 4807 5.625567
21762185 5313 6.217767
19970114 4875 5.705747
19814412 4837 5.661261
19797562 4833 5.656446
19513200 4763 5.575200
20090940 4905 5.740269
19587867 4782 5.596533
21776339 5316 6.221811
22044739 5382 6.298497
19624568 4791 5.607019
21456619 5238 6.130463
23802741 5811 6.800783
23700698 5786 6.771628
21505432 5250 6.144409
21656239 5287 6.187497
22159525 5410 6.331293
21826946 5328 6.236270
22215541 5423 6.347297
19611636 4787 5.603325
21840583 5332 6.240167
21825477 5328 6.235851
21699123 5297 6.199749
22141520 5405 6.326149
21698062 5297 6.199446
22047319 5382 6.299234
21782047 5317 6.223442
21824876 5328 6.235679
21722687 5303 6.206482
22019649 5375 6.291328
24061742 5874 6.874783
22029188 5378 6.294054
24083494 5879 6.880998
24259739 5922 6.931354
20178968 4926 5.765419
22125757 5401 6.321645
22129639 5402 6.322754
24256474 5921 6.930421
24310880 5935 6.945966
23991957 5857 6.854845
24558339 5995 7.016668
24286294 5929 6.938941
24403378 5957 6.972394
24182003 5903 6.909144
23966064 5851 6.847447
24119434 5888 6.891267
21998377 5370 6.285251
24186312 5904 6.910375
24676857 6024 7.050531
22217894 5424 6.347970
24581749 6001 7.023357
22054193 5384 6.301198
22177489 5414 6.336425
23935148 5843 6.838614
24417591 5961 6.976455
24363928 5948 6.961122
22355975 5458 6.387421
22276305 5438 6.364659
21789596 5319 6.225599
22030107 5378 6.294316
23888720 5832 6.825349
22028469 5378 6.293848
23982324 5855 6.852093
21999239 5370 6.285497
22075149 5389 6.307185
22056805 5384 6.301944
22097969 5395 6.313705
22213268 5423 6.346648
22092176 5393 6.312050
24044935 5870 6.869981
24388358 5954 6.968102
24258352 5922 6.930958
22135211 5404 6.324346
22273310 5437 6.363803
22423121 5474 6.406606
22256484 5433 6.358995
22439000 5478 6.411143
22526218 5499 6.436062
24531721 5989 7.009063
22366379 5460 6.390394
22382566 5464 6.395019
22445459 5479 6.412988
22339586 5454 6.382739
22310978 5447 6.374565
22284933 5440 6.367124
22264222 5435 6.361206
24506817 5983 7.001948
24527834 5988 7.007953
24529364 5988 7.008390
24507617 5983 7.002176
21984474 5367 6.281278
22298276 5443 6.370936
22036670 5380 6.296191
22075756 5389 6.307359
22242711 5430 6.355060
21860334 5336 6.245810
22054406 5384 6.301259
22079025 5390 6.308293
21754489 5311 6.215568
24121169 5888 6.891763
22023071 5376 6.292306
22171521 5412 6.334720
22053460 5384 6.300989
22042267 5381 6.297791
22058107 5385 6.302316
22142812 5405 6.326518
21985449 5367 6.281557
22124737 5401 6.321353
21747451 5309 6.213557
21899190 5346 6.256911
22027903 5377 6.293687
21756630 5311 6.216180
21782379 5317 6.223537
22085372 5391 6.310106
22222534 5425 6.349295
21826964 5328 6.236275
21901864 5347 6.257675
24047218 5870 6.870634
22195200 5418 6.341486
24071308 5876 6.877517
21991628 5369 6.283322
24580946 6001 7.023127
24279650 5927 6.937043
22574008 5511 6.449717
22579720 5512 6.451349
22666100 5533 6.476029
22622454 5523 6.463558
22795858 5565 6.513102
22300308 5444 6.371517
22426029 5475 6.407437
22589866 5515 6.454247
22332146 5452 6.380613
22602044 5518 6.457727
22403441 5469 6.400983
22216809 5424 6.347660
22550664 5505 6.443047
21680986 5293 6.194567
21955782 5360 6.273081
23826950 5817 6.807700
21660149 5288 6.188614
26012574 6350 7.432164
23776678 5804 6.793337
26457477 6459 7.559279
26362543 6436 7.532155
26394894 6444 7.541398
26067189 6364 7.447768
26861227 6557 7.674636
26467239 6461 7.562068
26567797 6486 7.590799
24049093 5871 6.871169
26192467 6394 7.483562
21931524 5354 6.266150
24085323 5880 6.881521
21940821 5356 6.268806
22102473 5396 6.314992
21746917 5309 6.213405
21710128 5300 6.202894
21741429 5307 6.211837
23376112 5707 6.678889
21664492 5289 6.189855
23897595 5834 6.827884
22011089 5373 6.288883
21823979 5328 6.235423
24547303 5992 7.013515
24592607 6004 7.026459
26813301 6546 7.660943
26670552 6511 7.620158
26911860 6570 7.689103
26533952 6478 7.581129
26947569 6578 7.699305
27112726 6619 7.746493
26716733 6522 7.633352
27100632 6616 7.743038
26755400 6532 7.644400
26906480 6568 7.687566
26902935 6568 7.686553
26658190 6508 7.616626
26666156 6510 7.618902
26608528 6496 7.602437
26451692 6457 7.557626
26642238 6504 7.612068
26552771 6482 7.586506
26557491 6483 7.587855
26372148 6438 7.534899
26696807 6517 7.627659
27017921 6596 7.719406
26982427 6587 7.709265
26611465 6496 7.603276
26787510 6539 7.653574
26214613 6400 7.489889
26567428 6486 7.590694
26518321 6474 7.576663
26542653 6480 7.583615
26561991 6484 7.589140
26600324 6494 7.600093
26644164 6504 7.612618
26610407 6496 7.602973
26492332 6467 7.569238
26594922 6492 7.598549
26584710 6490 7.595631
26587133 6490 7.596324
26304900 6422 7.515686
26623645 6499 7.606756
26688540 6515 7.625297
24715581 6034 7.061595
24863053 6070 7.103729
24999622 6103 7.142749
24703849 6031 7.058243
27051906 6604 7.729116
27436677 6698 7.839051
25275462 6170 7.221561
26844626 6553 7.669893
26883056 6563 7.680873
27087975 6613 7.739421
26741103 6528 7.640315
27201634 6641 7.771895
26533167 6477 7.580905
26711269 6521 7.631791
26815697 6546 7.661628
24327297 5939 6.950656
26777665 6537 7.650761
24320143 5937 6.948612
26939385 6576 7.696967
26573991 6487 7.592569
26613347 6497 7.603813
26472836 6463 7.563667
24929340 6086 7.122669
23927928 5841 6.836551
24086221 5880 6.881777
21732578 5305 6.209308
21905810 5348 6.258803
21935807 5355 6.267373
21880438 5341 6.251554
19520106 4765 5.577173
21738213 5307 6.210918
21743436 5308 6.212410
21992944 5369 6.283698
21836223 5331 6.238921
22033954 5379 6.295415
19734288 4817 5.638368
19490425 4758 5.568693
19899194 4858 5.685484
19348941 4723 5.528269
19847468 4845 5.670705
19820637 4839 5.663039
19660449 4799 5.617271
19636767 4794 5.610505
21726684 5304 6.207624
19620445 4790 5.605841
21733272 5305 6.209506
21684662 5294 6.195618
19701266 4809 5.628933
19721656 4814 5.634759
19621534 4790 5.606153
21680965 5293 6.194561
21743408 5308 6.212402
19784260 4830 5.652646
21480315 5244 6.137233
21439539 5234 6.125583
19343152 4722 5.526615
21360567 5214 6.103019
19131219 4670 5.466063
23423626 5718 6.692465
21505771 5250 6.144506
21357670 5214 6.102191
21314593 5203 6.089884
23870854 5827 6.820244
21603983 5274 6.172567
21472383 5242 6.134967
22072244 5388 6.306355
21786471 5318 6.224706
22005206 5372 6.287202
22036936 5380 6.296267
22263240 5435 6.360926
21674094 5291 6.192598
22048380 5382 6.299537
21833423 5330 6.238121
22532325 5501 6.437807
22288420 5441 6.368120
22215855 5423 6.347387
23948755 5846 6.842501
22349987 5456 6.385711
23940532 5844 6.840152
24260500 5922 6.931571
23763096 5801 6.789456
24026629 5865 6.864751
23820226 5815 6.805779
21784946 5318 6.224270
21789086 5319 6.225453
23772690 5803 6.792197
22288078 5441 6.368022
21865209 5338 6.247203
21983584 5367 6.281024
21695625 5296 6.198750
21708690 5299 6.202483
24130558 5891 6.894445
22056302 5384 6.301801
23880567 5830 6.823019
23923899 5840 6.835400
24015615 5863 6.861604
23966033 5851 6.847438
23792979 5808 6.797994
21850503 5334 6.243001
21485328 5245 6.138665
21750684 5310 6.214481
21499224 5248 6.142635
21352052 5212 6.100586
21623622 5279 6.178178
21489983 5246 6.139995
21576614 5267 6.164747
21641261 5283 6.183217
21479366 5243 6.136962
21895276 5345 6.255793
23751522 5798 6.786149
23935172 5843 6.838621
21809944 5324 6.231413
24046143 5870 6.870327
21788119 5319 6.225177
24305556 5933 6.944445
23961410 5849 6.846117
24392468 5955 6.969277
24316215 5936 6.947490
26496332 6468 7.570381
24362333 5947 6.960667
24317077 5936 6.947736
24334273 5940 6.952649
22065893 5387 6.304541
22249027 5431 6.356865
22018641 5375 6.291040
22338567 5453 6.382448
22333633 5452 6.381038
22417503 5473 6.405001
24286228 5929 6.938922
22470768 5486 6.420219
22393130 5467 6.398037
22111941 5398 6.317697
22325750 5450 6.378786
22352264 5457 6.386361
22255356 5433 6.358673
22549914 5505 6.442833
22019943 5375 6.291412
22248772 5431 6.356792
22323372 5450 6.378106
24649863 6018 7.042818
21977414 5365 6.279261
24319665 5937 6.948476
24357382 5946 6.959252
24029419 5866 6.865548
22352336 5457 6.386382
22173069 5413 6.335163
22481252 5488 6.423215
22442820 5479 6.412234
22375159 5462 6.392903
24252131 5920 6.929180
22594820 5516 6.455663
22650616 5529 6.471605
22450839 5481 6.414525
24215457 5911 6.918702
24505707 5982 7.001631
24710455 6032 7.060130
24297826 5932 6.942236
22383738 5464 6.395354
22401939 5469 6.400554
22174957 5413 6.335702
22313171 5447 6.375192
24462120 5972 6.989177
26548990 6481 7.585426
24674916 6024 7.049976
24527071 5988 7.007735
25083377 6123 7.166679
24676851 6024 7.050529
24603748 6006 7.029642
25052076 6116 7.157736
24838466 6064 7.096705
24915473 6082 7.118707
24852862 6067 7.100818
27076467 6610 7.736133
24925562 6085 7.121589
24884113 6075 7.109747
24638798 6015 7.039657
24557854 5995 7.016530
24358189 5946 6.959483
24515056 5985 7.004302
24362564 5947 6.960733
24295927 5931 6.941693
24260291 5922 6.931512
24250616 5920 6.928747
24187858 5905 6.910817
26530981 6477 7.580280
24560975 5996 7.017421
22295183 5443 6.370052
22287858 5441 6.367959
24492565 5979 6.997876
22378826 5463 6.393950
24641895 6016 7.040541
24741043 6040 7.068869
24017154 5863 6.862044
23967070 5851 6.847734
21828263 5329 6.236647
21941663 5356 6.269047
23772100 5803 6.792029
21910080 5349 6.260023
21746132 5309 6.213181
24018631 5863 6.862466
24228239 5915 6.922354
24232482 5916 6.923566
24148161 5895 6.899475
24386772 5953 6.967649
22436874 5477 6.410535
26524396 6475 7.578399
24657096 6019 7.044885
26881641 6562 7.680469
21984240 5367 6.281211
22111875 5398 6.317679
23957074 5848 6.844878
24363258 5948 6.960931
24299327 5932 6.942665
24957470 6093 7.130706
22396468 5467 6.398991
24267190 5924 6.933483
24329849 5939 6.951385
24322542 5938 6.949298
24351067 5945 6.957448
24148241 5895 6.899497
26657770 6508 7.616506
24935136 6087 7.124325
24423038 5962 6.978011
24452446 5969 6.986413
24470688 5974 6.991625
24183054 5904 6.909444
26804883 6544 7.658538
24510793 5984 7.003084
26245819 6407 7.498805
26620531 6499 7.605866
24504534 5982 7.001295
26266094 6412 7.504598
26402002 6445 7.543429
26466087 6461 7.561739
24763702 6045 7.075343
24615116 6009 7.032890
24802722 6055 7.086492
24231877 5915 6.923393
24599136 6005 7.028325
24542370 5991 7.012106
24723694 6036 7.063913
24489094 5978 6.996884
24861695 6069 7.103341
24400151 5957 6.971472
24421746 5962 6.977642
24516498 5985 7.004714
24072719 5877 6.877920
24308147 5934 6.945185
26271662 6413 7.506189
24538529 5990 7.011008
24252389 5920 6.929254
24197305 5907 6.913516
26248905 6408 7.499687
26160098 6386 7.474314
26413737 6448 7.546782
26648532 6505 7.613866
26424651 6451 7.549900
24381365 5952 6.966104
25044941 6114 7.155697
24988659 6100 7.139617
24653686 6018 7.043910
24402005 5957 6.972001
24762533 6045 7.075009
24290078 5930 6.940022
24466089 5973 6.990311
24163073 5899 6.903735
24279747 5927 6.937071
24131458 5891 6.894702
26272143 6414 7.506327
23948953 5846 6.842558
24149781 5895 6.899937
24056104 5873 6.873173
24190270 5905 6.911506
24479018 5976 6.994005
24310234 5935 6.945781
24487153 5978 6.996329
24258925 5922 6.931121
24490788 5979 6.997368
24548064 5993 7.013733
26194220 6395 7.484063
26039970 6357 7.439991
26173387 6389 7.478111
24194170 5906 6.912620
26210853 6399 7.488815
24354550 5945 6.958443
24493993 5979 6.998284
24543288 5992 7.012368
24836526 6063 7.096150
22445207 5479 6.412916
24445997 5968 6.984571
24710748 6032 7.060214
22789413 5563 6.511261
24748515 6042 7.071004
22799957 5566 6.514273
22867095 5582 6.533456
24620727 6010 7.034493
24949461 6091 7.128417
24270014 5925 6.934290
24359889 5947 6.959968
23990201 5856 6.854343
24294034 5931 6.941153
23952089 5847 6.843454
24175143 5902 6.907184
24292785 5930 6.940796
24216515 5912 6.919004
26027384 6354 7.436395
24249655 5920 6.928473
25934827 6331 7.409951
24029311 5866 6.865517
23860425 5825 6.817264
26078386 6366 7.450967
23456466 5726 6.701847
23726992 5792 6.779141
23330385 5695 6.665824
23576789 5756 6.736225
23693024 5784 6.769435
23626174 5768 6.750335
21653435 5286 6.186696
23715732 5789 6.775923
21583838 5269 6.166811
23717999 5790 6.776571
21570885 5266 6.163110
21976189 5365 6.278911
21961913 5361 6.274832
24175614 5902 6.907318
22077404 5389 6.307830
22316704 5448 6.376201
24770748 6047 7.077357
22593253 5515 6.455215
22419668 5473 6.405619
22377331 5463 6.393523
22930946 5598 6.551699
22846741 5577 6.527640
