25986807 6344 7.424802
26043675 6358 7.441050
25786395 6295 7.367541
25516340 6229 7.290383
25763534 6289 7.361010
25795901 6297 7.370257
25560938 6240 7.303125
26115559 6375 7.461588
26113688 6375 7.461054
25802141 6299 7.372040
26074601 6365 7.449886
26166418 6388 7.476119
26250127 6408 7.500036
26570695 6486 7.591627
25892938 6321 7.397982
26401531 6445 7.543295
26214655 6400 7.489901
26147844 6383 7.470813
26117902 6376 7.462258
26264212 6412 7.504061
26369595 6437 7.534170
26112438 6375 7.460697
26202170 6397 7.486334
26506157 6471 7.573188
25874029 6316 7.392580
26104201 6373 7.458343
25811467 6301 7.374705
26247973 6408 7.499421
25972220 6340 7.420634
28408092 6935 8.116598
28209079 6886 8.059737
28513109 6961 8.146603
28085164 6856 8.024333
28090889 6858 8.025968
28183826 6880 8.052522
28091615 6858 8.026176
28125209 6866 8.035774
28901026 7055 8.257436
28712167 7009 8.203476
28647555 6994 8.185016
28335876 6917 8.095965
28652502 6995 8.186429
28351992 6921 8.100569
28397572 6933 8.113592
26099202 6371 7.456915
26025876 6353 7.435965
23245020 5675 6.641434
23487898 5734 6.710828
25958286 6337 7.416653
23549319 5749 6.728377
23457998 5727 6.702285
23162537 5654 6.617868
23749138 5798 6.785468
23567974 5753 6.733707
23372421 5706 6.677835
26410818 6447 7.545948
23983849 5855 6.852528
24063791 5874 6.875369
24265436 5924 6.932982
23846299 5821 6.813228
23758886 5800 6.788253
25962612 6338 7.417889
23241522 5674 6.640435
23309786 5690 6.659939
23693269 5784 6.769505
23435894 5721 6.695970
22849517 5578 6.528433
23320204 5693 6.662915
25356913 6190 7.244832
22839161 5575 6.525475
25695936 6273 7.341696
25644257 6260 7.326931
25814298 6302 7.375514
25751443 6286 7.357555
26355071 6434 7.530020
26519505 6474 7.577001
28220472 6889 8.062992
26245874 6407 7.498821
28572749 6975 8.163643
26392251 6443 7.540643
26127863 6378 7.465104
26327856 6427 7.522245
26476225 6463 7.564636
26142603 6382 7.469315
26239883 6406 7.497109
26253569 6409 7.501020
26339517 6430 7.525576
26036224 6356 7.438921
26026169 6354 7.436048
26213046 6399 7.489442
26344467 6431 7.526991
26053758 6360 7.443931
26649859 6506 7.614245
26348756 6432 7.528216
26862317 6558 7.674948
26199893 6396 7.485684
28614921 6986 8.175692
28576478 6976 8.164708
28677421 7001 8.193549
28581442 6977 8.166126
28336658 6918 8.096188
28291113 6907 8.083175
28526058 6964 8.150302
28435101 6942 8.124315
28036633 6844 8.010467
28308528 6911 8.088151
28397303 6932 8.113515
28724656 7012 8.207045
25894359 6321 7.398388
28424951 6939 8.121415
28287412 6906 8.082118
28061911 6851 8.017689
28051715 6848 8.014776
28676855 7001 8.193387
28480083 6953 8.137167
28339158 6918 8.096902
28376508 6927 8.107574
28042621 6846 8.012177
28142035 6870 8.040581
28280280 6904 8.080080
28319079 6913 8.091165
28335883 6917 8.095967
28363849 6924 8.103957
27992806 6834 7.997945
28156248 6874 8.044642
28042383 6846 8.012109
27849488 6799 7.956997
28027391 6842 8.007826
25736632 6283 7.353323
27997107 6835 7.999173
28296343 6908 8.084669
28042585 6846 8.012167
27648405 6750 7.899544
27532090 6721 7.866311
27331262 6672 7.808932
27489876 6711 7.854250
27803981 6788 7.943995
27612001 6741 7.889143
27879909 6806 7.965688
30091298 7346 8.597514
27696478 6761 7.913279
27898706 6811 7.971059
28279598 6904 8.079885
27516944 6718 7.861984
27735428 6771 7.924408
27390046 6687 7.825727
27986923 6832 7.996264
27454155 6702 7.844044
27541576 6724 7.869022
25305582 6178 7.230166
27510810 6716 7.860231
25246065 6163 7.213161
27732373 6770 7.923535
27890672 6809 7.968763
27868593 6803 7.962455
27781350 6782 7.937529
28255731 6898 8.073066
28316464 6913 8.090418
28214369 6888 8.061248
28488163 6955 8.139475
28072629 6853 8.020751
28257198 6898 8.073485
28102449 6860 8.029271
28210661 6887 8.060189
28065496 6851 8.018713
30592975 7468 8.740850
27808066 6789 7.945162
28085007 6856 8.024288
30297991 7396 8.656569
28063817 6851 8.018233
28010517 6838 8.003005
28237702 6893 8.067915
28447387 6945 8.127825
28090117 6857 8.025748
28168244 6877 8.048070
28027101 6842 8.007743
28083041 6856 8.023726
27626877 6744 7.893393
27994670 6834 7.998477
27947784 6823 7.985081
27974284 6829 7.992653
28181571 6880 8.051877
25701460 6274 7.343274
25954110 6336 7.415460
25760202 6289 7.360058
25609367 6252 7.316962
25464402 6216 7.275543
25700203 6274 7.342915
25447179 6212 7.270623
25411092 6203 7.260312
25477380 6220 7.279251
27942948 6822 7.983699
25473088 6219 7.278025
25911142 6325 7.403183
27985893 6832 7.995969
25620219 6254 7.320063
25292210 6174 7.226346
26274899 6414 7.507114
26150085 6384 7.471453
25874482 6317 7.392709
25929556 6330 7.408445
25819374 6303 7.376964
25975627 6341 7.421608
28221770 6890 8.063363
28094925 6859 8.027121
25807218 6300 7.373491
28029971 6843 8.008563
25863442 6314 7.389555
28153301 6873 8.043800
25900689 6323 7.400197
25762367 6289 7.360676
26326079 6427 7.521737
26283393 6416 7.509541
26228823 6403 7.493949
26264002 6412 7.504001
29036467 7088 8.296133
26593843 6492 7.598241
26359680 6435 7.531337
26654052 6507 7.615443
29052793 7092 8.300798
29010163 7082 8.288618
28840520 7041 8.240149
29407866 7179 8.402247
29207786 7130 8.345082
26955645 6580 7.701613
29187142 7125 8.339183
29154340 7117 8.329811
28901099 7055 8.257457
28565951 6974 8.161700
28648274 6994 8.185221
29378162 7172 8.393761
28715909 7010 8.204545
26412714 6448 7.546490
26368475 6437 7.533850
28791418 7029 8.226119
26339381 6430 7.525537
28872516 7048 8.249290
28803271 7032 8.229506
26345944 6432 7.527413
26352530 6433 7.529294
28665902 6998 8.190258
26427472 6452 7.550706
28647405 6993 8.184973
28835824 7039 8.238807
26116383 6376 7.461824
28929641 7062 8.265612
25898377 6322 7.399536
25834670 6307 7.381334
26372720 6438 7.535063
26252002 6409 7.500572
26632458 6502 7.609274
26160870 6386 7.474534
25954624 6336 7.415607
25735871 6283 7.353106
26186756 6393 7.481930
25854620 6312 7.387034
25741831 6284 7.354809
25869748 6315 7.391357
28466247 6949 8.133213
26357637 6434 7.530753
28627672 6989 8.179335
28177451 6879 8.050700
28517631 6962 8.147895
28603329 6983 8.172380
26078546 6366 7.451013
26062706 6362 7.446487
25800368 6298 7.371534
25633877 6258 7.323965
25452713 6214 7.272204
25688587 6271 7.339596
25977754 6342 7.422215
25656240 6263 7.330354
25847958 6310 7.385131
25449074 6213 7.271164
26336442 6429 7.524698
26248591 6408 7.499597
26183111 6392 7.480889
25418057 6205 7.262302
26001467 6348 7.428991
26061778 6362 7.446222
26154994 6385 7.472855
25878927 6318 7.393979
25716078 6278 7.347451
25807563 6300 7.373589
28343717 6919 8.098205
25482480 6221 7.280709
25526255 6231 7.293216
28089828 6857 8.025665
25877663 6317 7.393618
25816358 6302 7.376102
25686247 6271 7.338928
25534910 6234 7.295689
26119895 6376 7.462827
25762968 6289 7.360848
26414215 6448 7.546919
25950517 6335 7.414433
26247774 6408 7.499364
25671859 6267 7.334817
26021972 6353 7.434849
25401219 6201 7.257491
25746317 6285 7.356091
25736412 6283 7.353261
26053063 6360 7.443732
28402788 6934 8.115082
28646100 6993 8.184600
28642629 6992 8.183608
26677871 6513 7.622249
28918270 7060 8.262363
26069906 6364 7.448545
25726922 6280 7.350549
26014285 6351 7.432653
25754151 6287 7.358329
25984556 6343 7.424159
26093350 6370 7.455243
26129490 6379 7.465569
25965415 6339 7.418690
26400469 6445 7.542991
25987627 6344 7.425036
26405927 6446 7.544551
25960028 6337 7.417151
26199677 6396 7.485622
26323352 6426 7.520958
25755063 6287 7.358589
26328317 6427 7.522376
28851542 7043 8.243298
28529075 6965 8.151164
26102969 6372 7.457991
28673067 7000 8.192305
26328030 6427 7.522294
26188686 6393 7.482482
28790884 7029 8.225967
26343466 6431 7.526705
26009602 6350 7.431315
26294450 6419 7.512700
26543152 6480 7.583758
26113765 6375 7.461076
26468160 6461 7.562331
26088305 6369 7.453801
26223701 6402 7.492486
26112284 6375 7.460653
26130956 6379 7.465987
26127545 6378 7.465013
26099121 6371 7.456892
26051300 6360 7.443229
26165133 6387 7.475752
26274095 6414 7.506884
26260860 6411 7.503103
25973903 6341 7.421115
26850820 6555 7.671663
26251349 6409 7.500385
26378045 6439 7.536584
25977234 6342 7.422067
26036210 6356 7.438917
26282224 6416 7.509207
26315909 6424 7.518831
26166201 6388 7.476057
26289091 6418 7.511169
25988201 6344 7.425200
25957106 6337 7.416316
26082276 6367 7.452079
25964556 6339 7.418445
25921717 6328 7.406205
26133284 6380 7.466653
25994666 6346 7.427047
26074769 6365 7.449934
26134496 6380 7.466999
25989768 6345 7.425648
25723438 6280 7.349554
26059633 6362 7.445609
25939467 6332 7.411276
25699578 6274 7.342737
25682187 6270 7.337768
25886842 6320 7.396241
25920953 6328 7.405987
25737106 6283 7.353459
25753823 6287 7.358235
26033756 6355 7.438216
25766365 6290 7.361819
26462155 6460 7.560616
26007968 6349 7.430848
26457980 6459 7.559423
26424197 6451 7.549771
26021717 6352 7.434776
25680365 6269 7.337247
26021871 6352 7.434820
26282241 6416 7.509212
26425995 6451 7.550284
26760798 6533 7.645942
26978199 6586 7.708057
26304467 6421 7.515562
26370269 6438 7.534363
26430115 6452 7.551461
25873445 6316 7.392413
26290805 6418 7.511659
26058855 6362 7.445387
26337960 6430 7.525131
25710206 6276 7.345773
26310828 6423 7.517379
26344496 6431 7.526999
26051555 6360 7.443301
26349834 6433 7.528524
26374102 6438 7.535458
26330223 6428 7.522921
26314871 6424 7.518535
26468807 6462 7.562516
26690304 6516 7.625801
26257546 6410 7.502156
26403088 6446 7.543739
26263911 6412 7.503975
26271459 6413 7.506131
26244821 6407 7.498520
26891512 6565 7.683289
26740593 6528 7.640169
27343430 6675 7.812409
26538784 6479 7.582510
26978562 6586 7.708161
26725779 6524 7.635937
26846874 6554 7.670535
26585928 6490 7.595979
26847890 6554 7.670826
26700156 6518 7.628616
26569791 6486 7.591369
26714090 6521 7.632597
26600173 6494 7.600049
26156370 6385 7.473249
26314554 6424 7.518444
25408889 6203 7.259683
25455304 6214 7.272944
22942363 5601 6.554961
25529820 6232 7.294234
22513639 5496 6.432468
25058480 6117 7.159566
22839702 5576 6.525629
25099165 6127 7.171190
25392609 6199 7.255031
25157670 6142 7.187906
25151913 6140 7.186261
27581650 6733 7.880471
24885458 6075 7.110131
24818619 6059 7.091034
25123710 6133 7.178203
25159220 6142 7.188349
25003728 6104 7.143922
25182871 6148 7.195106
22940062 5600 6.554303
22894727 5589 6.541351
22761010 5556 6.503146
22811363 5569 6.517532
22816638 5570 6.519039
25168054 6144 7.190873
22776840 5560 6.507669
22808000 5568 6.516571
22938198 5600 6.553771
25248610 6164 7.213889
22748996 5553 6.499713
25381122 6196 7.251749
25394986 6199 7.255710
25099360 6127 7.171246
25388625 6198 7.253893
24866209 6070 7.104631
25719155 6279 7.348330
25139288 6137 7.182654
25659532 6264 7.331295
25333384 6184 7.238110
25355481 6190 7.244423
25353205 6189 7.243773
22848389 5578 6.528111
25941178 6333 7.411765
25715412 6278 7.347261
26457871 6459 7.559392
26035826 6356 7.438807
26314585 6424 7.518453
26467441 6461 7.562126
26004285 6348 7.429796
26318792 6425 7.519655
26399831 6445 7.542809
26272549 6414 7.506443
25952777 6336 7.415079
26181392 6391 7.480398
26232335 6404 7.494953
25429185 6208 7.265481
25995323 6346 7.427235
25496686 6224 7.284767
25667363 6266 7.333532
25404200 6202 7.258343
25489568 6223 7.282734
25952023 6335 7.414864
25734080 6282 7.352594
25130151 6135 7.180043
25841604 6308 7.383315
25572265 6243 7.306361
25480770 6220 7.280220
25714441 6277 7.346983
25597860 6249 7.313674
28030533 6843 8.008724
26236102 6405 7.496029
25857004 6312 7.387715
26088190 6369 7.453769
25589289 6247 7.311225
26199027 6396 7.485436
28010063 6838 8.002875
25719437 6279 7.348411
28108021 6862 8.030863
28223848 6890 8.063957
28266767 6901 8.076219
28617215 6986 8.176347
28568356 6974 8.162387
28537584 6967 8.153595
28501033 6958 8.143152
28353186 6922 8.100910
28338753 6918 8.096787
28549143 6970 8.156898
26148597 6383 7.471028
28586233 6979 8.167495
28206220 6886 8.058920
27988669 6833 7.996763
28886150 7052 8.253186
28579152 6977 8.165472
28603507 6983 8.172431
28145400 6871 8.041543
28296130 6908 8.084609
28017811 6840 8.005089
28433970 6941 8.123991
28629390 6989 8.179826
28257547 6898 8.073585
28125688 6866 8.035911
25220672 6157 7.205906
25134026 6136 7.181150
22255960 5433 6.358846
22380798 5464 6.394514
24548155 5993 7.013759
22513073 5496 6.432307
21915051 5350 6.261443
22163432 5410 6.332409
22182058 5415 6.337731
25080971 6123 7.165992
25268103 6168 7.219458
24931889 6086 7.123397
25225623 6158 7.207321
25380155 6196 7.251473
23025455 5621 6.578701
25119017 6132 7.176862
25441209 6211 7.268917
25180416 6147 7.194405
25290084 6174 7.225738
27777936 6781 7.936553
25398195 6200 7.256627
25092192 6126 7.169198
25555775 6239 7.301650
25314510 6180 7.232717
25478689 6220 7.279625
25439773 6210 7.268507
25715272 6278 7.347221
25262732 6167 7.217923
25492909 6223 7.283688
25464479 6216 7.275565
25581748 6245 7.309071
25649836 6262 7.328525
25512792 6228 7.289369
25499776 6225 7.285650
27308743 6667 7.802498
25081624 6123 7.166178
27370512 6682 7.820146
27726763 6769 7.921932
22421379 5473 6.406108
24816147 6058 7.090328
22183595 5415 6.338170
22540847 5503 6.440242
22747355 5553 6.499244
22853455 5579 6.529559
22903839 5591 6.543954
23820606 5815 6.805887
25799879 6298 7.371394
23823924 5816 6.806835
23501962 5737 6.714846
23948660 5846 6.842474
23561305 5752 6.731801
23413769 5716 6.689648
23816801 5814 6.804800
23919315 5839 6.834090
23510680 5739 6.717337
25926892 6329 7.407683
25827918 6305 7.379405
23549982 5749 6.728566
25573393 6243 7.306684
25555108 6239 7.301459
28063583 6851 8.018167
28295257 6908 8.084359
25522198 6231 7.292057
25428699 6208 7.265343
26122133 6377 7.463467
26245466 6407 7.498705
28026358 6842 8.007531
28119337 6865 8.034096
27525191 6720 7.864340
27436496 6698 7.838999
27740990 6772 7.925997
27767985 6779 7.933710
27685194 6759 7.910055
27814986 6790 7.947139
24663116 6021 7.046605
25244533 6163 7.212724
25107122 6129 7.173463
25243038 6162 7.212297
24884951 6075 7.109986
25232368 6160 7.209248
24651287 6018 7.043225
25019834 6108 7.148524
24707645 6032 7.059327
24616753 6009 7.033358
24684269 6026 7.052648
24953682 6092 7.129623
24611492 6008 7.031855
24978206 6098 7.136630
24962743 6094 7.132212
24620646 6010 7.034470
24896074 6078 7.113164
25875180 6317 7.392909
25209999 6154 7.202857
26423704 6451 7.549630
24899297 6078 7.114085
25316811 6180 7.233375
27586663 6735 7.881904
24898735 6078 7.113924
27449568 6701 7.842734
25347797 6188 7.242228
24750194 6042 7.071484
25041864 6113 7.154818
25154227 6141 7.186922
25182643 6148 7.195041
24867096 6071 7.104885
25609982 6252 7.317138
25059978 6118 7.159994
24340962 5942 6.954561
24969236 6096 7.134067
24923129 6084 7.120894
24478488 5976 6.993854
24746944 6041 7.070555
24795862 6053 7.084532
24734863 6038 7.067104
25134058 6136 7.181159
24984878 6099 7.138537
24972473 6096 7.134992
25150530 6140 7.185866
25004862 6104 7.144246
25025888 6109 7.150254
27307922 6666 7.802263
24729556 6037 7.065587
24814663 6058 7.089904
24950760 6091 7.128789
24765183 6046 7.075767
24800865 6054 7.085961
24888379 6076 7.110965
24993631 6101 7.141037
24886721 6075 7.110492
25633954 6258 7.323987
25621588 6255 7.320454
27960363 6826 7.988675
25345017 6187 7.241433
28065188 6851 8.018625
28084252 6856 8.024072
28386320 6930 8.110377
28201657 6885 8.057616
28618775 6987 8.176793
28437384 6942 8.124967
28596267 6981 8.170362
27958799 6825 7.988228
28087715 6857 8.025061
27567719 6730 7.876491
27914682 6815 7.975623
28102693 6861 8.029341
30087800 7345 8.596514
28007312 6837 8.002089
27960395 6826 7.988684
24727057 6036 7.064873
25093288 6126 7.169511
27027606 6598 7.722173
24818636 6059 7.091039
24813653 6058 7.089615
24793407 6053 7.083831
24748337 6042 7.070953
24741399 6040 7.068971
22565534 5509 6.447295
27030877 6599 7.723108
24721131 6035 7.063180
26904485 6568 7.686996
24764313 6045 7.075518
27073025 6609 7.735150
24958389 6093 7.130968
24509851 5983 7.002815
24828087 6061 7.093739
24574361 5999 7.021246
24773122 6048 7.078035
24808256 6056 7.088073
24559086 5995 7.016882
25156297 6141 7.187513
27589366 6735 7.882676
25186488 6149 7.196139
27404455 6690 7.829844
27308948 6667 7.802557
24478561 5976 6.993875
25124320 6133 7.178377
27069395 6608 7.734113
25303386 6177 7.229539
27438381 6698 7.839537
25237542 6161 7.210726
25091760 6125 7.169074
24972815 6096 7.135090
24856591 6068 7.101883
24919886 6083 7.119967
24640861 6015 7.040246
24539835 5991 7.011381
24198860 5907 6.913960
26649744 6506 7.614213
24155172 5897 6.901478
21994233 5369 6.284067
26671910 6511 7.620546
26804904 6544 7.658544
26598414 6493 7.599547
26580705 6489 7.594487
28768424 7023 8.219550
26781533 6538 7.651867
26533593 6477 7.581027
26592137 6492 7.597753
26584368 6490 7.595534
26963975 6583 7.703993
24211998 5911 6.917714
24519253 5986 7.005501
29044752 7091 8.298501
28674054 7000 8.192587
28943513 7066 8.269575
28821053 7036 8.234587
28825731 7037 8.235923
29253428 7141 8.358122
28897398 7055 8.256399
28989952 7077 8.282843
31022628 7573 8.863608
31031632 7576 8.866181
28892905 7053 8.255116
28953956 7068 8.272559
26532221 6477 7.580635
31193394 7615 8.912398
26833314 6551 7.666661
29080622 7099 8.308749
26863476 6558 7.675279
26795404 6541 7.655830
29765063 7266 8.504304
29432174 7185 8.409193
29467814 7194 8.419375
29638092 7235 8.468026
29548084 7213 8.442310
29290389 7150 8.368683
29812169 7278 8.517763
29518774 7206 8.433935
29616246 7230 8.461785
27358425 6679 7.816693
30009435 7326 8.574124
26866751 6559 7.676215
27528410 6720 7.865260
27134644 6624 7.752755
27079925 6611 7.737121
24606793 6007 7.030512
24627346 6012 7.036385
25139383 6137 7.182681
22315052 5448 6.375729
27644358 6749 7.898388
24883949 6075 7.109700
27435762 6698 7.838789
25433189 6209 7.266625
25523961 6231 7.292560
25632983 6258 7.323709
27867382 6803 7.962109
25533137 6233 7.295182
27801618 6787 7.943319
25126876 6134 7.179107
27881626 6807 7.966179
25305868 6178 7.230248
25188073 6149 7.196592
22707169 5543 6.487763
25560499 6240 7.303000
22966589 5607 6.561883
25069590 6120 7.162740
25415865 6205 7.261676
25322006 6182 7.234859
25376736 6195 7.250496
22740201 5551 6.497200
23100516 5639 6.600147
22890412 5588 6.540118
23288450 5685 6.653843
22956615 5604 6.559033
22719299 5546 6.491228
22342198 5454 6.383485
25293306 6175 7.226659
25024543 6109 7.149869
24890831 6076 7.111666
24994011 6102 7.141146
24888823 6076 7.111092
24862459 6069 7.103560
24607599 6007 7.030743
25301364 6177 7.228961
27144393 6627 7.755541
27913662 6814 7.975332
27606327 6739 7.887522
27534216 6722 7.866919
27142197 6626 7.754913
25030943 6111 7.151698
27476413 6708 7.850404
27355429 6678 7.815837
27645225 6749 7.898636
27498712 6713 7.856775
27283793 6661 7.795369
27258456 6654 7.788130
27246208 6651 7.784631
27382595 6685 7.823599
27437488 6698 7.839282
27257545 6654 7.787870
27748084 6774 7.928024
25226859 6158 7.207674
27514919 6717 7.861405
25460128 6215 7.274322
25447515 6212 7.270719
25209799 6154 7.202800
24926771 6085 7.121935
25266852 6168 7.219101
25629879 6257 7.322823
27819839 6791 7.948525
25485668 6222 7.281619
25949324 6335 7.414093
25693643 6272 7.341041
25582292 6245 7.309226
25556721 6239 7.301920
25692665 6272 7.340761
25663341 6265 7.332383
25585130 6246 7.310037
25890099 6320 7.397171
25869661 6315 7.391332
25807629 6300 7.373608
25715111 6278 7.347175
25770715 6291 7.363061
25811431 6301 7.374695
25594620 6248 7.312749
25771176 6291 7.363193
25588433 6247 7.310981
25555140 6239 7.301469
25520166 6230 7.291476
26091946 6370 7.454842
25932485 6331 7.409281
26098290 6371 7.456654
25950657 6335 7.414473
25863233 6314 7.389495
25588584 6247 7.311024
25812636 6301 7.375039
22938658 5600 6.553902
25516751 6229 7.290500
23098152 5639 6.599472
25441655 6211 7.269044
22797090 5565 6.513454
23202964 5664 6.629418
23113504 5642 6.603858
23227326 5670 6.636379
23251508 5676 6.643288
25728106 6281 7.350887
25521926 6230 7.291979
25821536 6304 7.377582
26063924 6363 7.446835
26098402 6371 7.456686
26093218 6370 7.455205
25769580 6291 7.362737
26212721 6399 7.489349
26065269 6363 7.447220
26082101 6367 7.452029
26146028 6383 7.470294
26021455 6352 7.434701
25479216 6220 7.279776
26086294 6368 7.453227
25985676 6344 7.424479
25996161 6346 7.427475
25568236 6242 7.305210
25502765 6226 7.286504
25342309 6187 7.240660
25308616 6178 7.231033
25191016 6150 7.197433
25212111 6155 7.203460
25423908 6207 7.263974
27810252 6789 7.945786
25256707 6166 7.216202
27982387 6831 7.994968
27862755 6802 7.960787
28165668 6876 8.047334
28042708 6846 8.012202
28035131 6844 8.010037
28098249 6859 8.028071
28173198 6878 8.049485
25638675 6259 7.325336
28097282 6859 8.027795
25063448 6119 7.160985
25433071 6209 7.266592
25079659 6122 7.165617
27804784 6788 7.944224
27897865 6811 7.970819
25307213 6178 7.230632
25229659 6159 7.208474
25774029 6292 7.364008
25518250 6230 7.290929
25553883 6238 7.301109
25664315 6265 7.332661
25256832 6166 7.216238
25501337 6225 7.286096
25573641 6243 7.306755
25476671 6219 7.279049
25515139 6229 7.290040
27807022 6788 7.944863
25493104 6223 7.283744
25207297 6154 7.202085
25960509 6338 7.417288
25631147 6257 7.323185
27752393 6775 7.929255
25565872 6241 7.304535
25498876 6225 7.285393
27910120 6813 7.974320
25646474 6261 7.327564
25654864 6263 7.329961
25589690 6247 7.311340
22976550 5609 6.564729
22979410 5610 6.565546
25382459 6196 7.252131
25338691 6186 7.239626
25285440 6173 7.224411
25368671 6193 7.248192
25215406 6156 7.204402
24975025 6097 7.135721
22872231 5584 6.534923
25179526 6147 7.194150
25191766 6150 7.197647
27448572 6701 7.842449
25163441 6143 7.189555
25239487 6161 7.211282
25316518 6180 7.233291
25465313 6217 7.275804
25267882 6168 7.219395
25229163 6159 7.208332
25141017 6137 7.183148
25474876 6219 7.278536
25556903 6239 7.301972
25361605 6191 7.246173
25532229 6233 7.294923
25172683 6145 7.192195
24867679 6071 7.105051
25104273 6128 7.172649
25446767 6212 7.270505
25434473 6209 7.266992
25657556 6264 7.330730
25418696 6205 7.262485
25603613 6250 7.315318
25549239 6237 7.299783
25142884 6138 7.183681
25259678 6166 7.217051
25183007 6148 7.195145
25045639 6114 7.155897
25381618 6196 7.251891
25299225 6176 7.228350
25311601 6179 7.231886
25156546 6141 7.187585
25413061 6204 7.260875
25324334 6182 7.235524
25154057 6141 7.186873
25157272 6141 7.187792
25467649 6217 7.276471
25200432 6152 7.200123
25502825 6226 7.286521
25695465 6273 7.341561
25187926 6149 7.196550
25588144 6247 7.310898
25522285 6231 7.292081
25252862 6165 7.215103
27390057 6687 7.825731
25295342 6175 7.227241
27137801 6625 7.753657
27002639 6592 7.715040
27222774 6646 7.777935
25336079 6185 7.238880
27364660 6680 7.818474
25452776 6214 7.272222
25204692 6153 7.201341
24882165 6074 7.109190
25310785 6179 7.231653
24938932 6088 7.125409
27125699 6622 7.750200
24747199 6041 7.070628
24562012 5996 7.017718
27209465 6642 7.774133
27431143 6697 7.837469
27254260 6653 7.786931
27862021 6802 7.960577
27243575 6651 7.783879
27915744 6815 7.975927
27543726 6724 7.869636
25464828 6216 7.275665
27354840 6678 7.815669
27753849 6775 7.929671
