34588730 8444 9.882494
34759769 8486 9.931363
37410193 9133 10.688627
37405421 9132 10.687263
38007439 9279 10.859268
37551263 9167 10.728932
34651743 8459 9.900498
37516520 9159 10.719006
34827058 8502 9.950588
37902286 9253 10.829225
37566258 9171 10.733217
38059213 9291 10.874061
37887459 9249 10.824988
34944170 8531 9.984049
37647594 9191 10.756455
34604692 8448 9.887055
34425243 8404 9.835784
34629254 8454 9.894073
34746970 8483 9.927706
34593352 8445 9.883815
35043810 8555 10.012517
34680661 8466 9.908760
35012042 8547 10.003441
34695057 8470 9.912873
34933448 8528 9.980985
35002521 8545 10.000720
34631479 8454 9.894708
34713550 8474 9.918157
35005590 8546 10.001597
34625931 8453 9.893123
34258578 8363 9.788165
34664964 8463 9.904275
34419032 8403 9.834009
35209285 8596 10.059796
34608009 8449 9.888003
34749320 8483 9.928377
35185459 8590 10.052988
35261125 8608 10.074607
34594110 8445 9.884031
34894836 8519 9.969953
35601793 8691 10.171941
34967524 8536 9.990721
35699559 8715 10.199874
35297188 8617 10.084911
35331592 8625 10.094741
35500075 8667 10.142879
35696145 8714 10.198899
35665682 8707 10.190195
36110620 8816 10.317320
35654813 8704 10.187089
35644978 8702 10.184279
35868433 8756 10.248124
35840992 8750 10.240283
35666687 8707 10.190482
35504306 8668 10.144087
34642951 8457 9.897986
34749717 8483 9.928491
34990895 8542 9.997399
34597423 8446 9.884978
35174417 8587 10.049833
35102948 8570 10.029414
34894603 8519 9.969887
35438103 8651 10.125172
34681957 8467 9.909131
35228177 8600 10.065193
35037285 8554 10.010653
34993615 8543 9.998176
34988947 8542 9.996842
35455578 8656 10.130165
35050993 8557 10.014569
35411167 8645 10.117476
35116914 8573 10.033404
35648124 8703 10.185178
35373250 8636 10.106643
35648854 8703 10.185387
35760941 8730 10.217412
35413311 8645 10.118089
35384032 8638 10.109723
34821842 8501 9.949098
35386920 8639 10.110549
35019626 8549 10.005607
35248239 8605 10.070925
34653146 8460 9.900899
35510441 8669 10.145840
35063481 8560 10.018137
34989275 8542 9.996936
35354362 8631 10.101246
35179744 8588 10.051355
35705661 8717 10.201617
35781275 8735 10.223221
35643089 8701 10.183740
35470856 8659 10.134530
35239108 8603 10.068317
35425464 8648 10.121561
35437098 8651 10.124885
35333825 8626 10.095379
35868503 8756 10.248144
35738715 8725 10.211061
36480630 8906 10.423037
36085196 8809 10.310056
36724678 8965 10.492765
35267029 8610 10.076294
35656444 8705 10.187555
36029896 8796 10.294256
35661848 8706 10.189099
35724295 8721 10.206941
35996697 8788 10.284771
36023510 8794 10.292431
36503282 8911 10.429509
36447441 8898 10.413555
36529094 8918 10.436884
36390486 8884 10.397282
36272610 8855 10.363603
37099481 9057 10.599852
35300627 8618 10.085893
35651458 8703 10.186131
35525950 8673 10.150271
35567438 8683 10.162125
36007918 8790 10.287977
35483243 8662 10.138069
36001350 8789 10.286100
36138747 8822 10.325356
33584360 8199 9.595531
33692691 8225 9.626483
33395445 8153 9.541556
33969390 8293 9.705540
33562497 8193 9.589285
33529074 8185 9.579735
33822382 8257 9.663538
33219898 8110 9.491399
33218952 8110 9.491129
33226130 8111 9.493180
33530967 8186 9.580276
33159592 8095 9.474169
33512745 8181 9.575070
33153673 8094 9.472478
33583222 8199 9.595206
33058303 8070 9.445229
32971413 8049 9.420404
32582176 7954 9.309193
33056766 8070 9.444790
32870096 8024 9.391456
32843300 8018 9.383800
33026179 8063 9.436051
36061859 8804 10.303388
32618116 7963 9.319462
33466830 8170 9.561951
32923605 8037 9.406744
33053918 8069 9.443977
33490233 8176 9.568638
35784145 8736 10.224041
35895010 8763 10.255717
36670198 8952 10.477199
35832406 8748 10.237830
35968143 8781 10.276612
35694716 8714 10.198490
38808632 9474 11.088181
36105980 8814 10.315994
36186516 8834 10.339005
36365226 8878 10.390065
36518490 8915 10.433854
36762347 8975 10.503528
35834266 8748 10.238362
35732790 8723 10.209369
35436382 8651 10.124681
36353753 8875 10.386787
36236429 8846 10.353265
35932455 8772 10.266416
36010037 8791 10.288582
35965173 8780 10.275764
36216703 8841 10.347629
36470945 8904 10.420270
36376848 8881 10.393385
36408593 8888 10.402455
36446656 8898 10.413330
36152594 8826 10.329313
36429533 8893 10.408438
36097381 8812 10.313537
36570648 8928 10.448757
35989483 8786 10.282709
36173926 8831 10.335407
35624494 8697 10.178427
36133719 8821 10.323920
35504966 8668 10.144276
35296207 8617 10.084631
35561674 8682 10.160478
36009454 8791 10.288415
35720981 8720 10.205995
36683651 8955 10.481043
36530693 8918 10.437341
33975304 8294 9.707230
33876830 8270 9.679094
33115617 8084 9.461605
33419814 8159 9.548518
33070715 8073 9.448776
33272000 8123 9.506286
33227799 8112 9.493657
33665605 8219 9.618744
33583575 8199 9.595307
33399669 8154 9.542763
33734857 8236 9.638531
33993777 8299 9.712508
33575545 8197 9.593013
33932534 8284 9.695010
34077127 8319 9.736322
33989748 8298 9.711357
33780373 8247 9.651535
33946029 8287 9.698865
34467240 8414 9.847783
34139734 8334 9.754210
33950435 8288 9.700124
33589238 8200 9.596925
34036893 8309 9.724827
33629326 8210 9.608379
33586661 8199 9.596189
34018419 8305 9.719548
33619927 8207 9.605693
33814756 8255 9.661359
33564757 8194 9.589931
34055456 8314 9.730130
33785153 8248 9.652901
33776826 8246 9.650522
33533512 8186 9.581003
33554345 8191 9.586956
33784424 8248 9.652693
34013671 8304 9.718192
33448088 8166 9.556597
33550452 8191 9.585843
33206020 8106 9.487434
33192764 8103 9.483647
33716079 8231 9.633165
33568387 8195 9.590968
33347634 8141 9.527895
33432517 8162 9.552148
33901929 8276 9.686265
33242519 8115 9.497863
33016861 8060 9.433389
33413848 8157 9.546814
32918326 8036 9.405236
33389974 8151 9.539993
33112810 8084 9.460803
33181312 8100 9.480375
32404911 7911 9.258546
32830103 8015 9.380029
33128724 8088 9.465350
32894669 8030 9.398477
32679614 7978 9.337033
33066819 8072 9.447663
33112022 8083 9.460578
32669286 7975 9.334082
32809406 8010 9.374116
32469799 7927 9.277085
30262326 7388 8.646379
30303452 7398 8.658129
30311905 7400 8.660544
30278402 7392 8.650972
33084778 8077 9.452794
33304722 8131 9.515635
33159417 8095 9.474119
32777222 8002 9.364921
33038608 8066 9.439602
32801620 8008 9.371891
33762819 8242 9.646520
33127080 8087 9.464880
33197847 8104 9.485099
33182293 8101 9.480655
33150587 8093 9.471596
30128314 7355 8.608090
30013967 7327 8.575419
30229731 7380 8.637066
33286116 8126 9.510319
33189195 8102 9.482627
30133823 7356 8.609664
32972439 8049 9.420697
29640787 7236 8.468796
29918279 7304 8.548080
29621316 7231 8.463233
32792661 8006 9.369332
32935571 8040 9.410163
32556999 7948 9.302000
32870429 8025 9.391551
35688917 8713 10.196833
33349212 8141 9.528346
33083329 8076 9.452380
32876741 8026 9.393355
33039610 8066 9.439889
29600186 7226 8.457196
30007840 7326 8.573669
29647442 7238 8.470698
30005982 7325 8.573138
29957927 7313 8.559408
29532149 7209 8.437757
29549854 7214 8.442815
29575495 7220 8.450141
29744258 7261 8.498359
29620733 7231 8.463067
29730931 7258 8.494552
29866631 7291 8.533323
29529863 7209 8.437104
29607668 7228 8.459334
29640427 7236 8.468693
29370219 7170 8.391491
29477677 7196 8.422193
32549483 7946 9.299852
32502831 7935 9.286523
29329656 7160 8.379902
32906218 8033 9.401777
32544085 7945 9.298310
32915740 8036 9.404497
32788800 8005 9.368229
32414946 7913 9.261413
32908153 8034 9.402329
32727292 7990 9.350655
32534456 7942 9.295559
32479746 7929 9.279927
29649805 7238 8.471373
32986304 8053 9.424658
33023536 8062 9.435296
30137643 7357 8.610755
29619144 7231 8.462613
29950358 7312 8.557245
29651946 7239 8.471985
29616508 7230 8.461859
29625174 7232 8.464335
29784270 7271 8.509791
29618558 7231 8.462445
32434529 7918 9.267008
29617339 7230 8.462097
29202622 7129 8.343606
29595633 7225 8.455895
29242106 7139 8.354887
29194550 7127 8.341300
29342043 7163 8.383441
29230864 7136 8.351675
29344955 7164 8.384273
29978924 7319 8.565407
32539888 7944 9.297111
29281737 7148 8.366211
29146879 7115 8.327680
29182708 7124 8.337917
29505521 7203 8.430149
29478291 7196 8.422369
29350360 7165 8.385817
29592495 7224 8.454999
32324711 7891 9.235632
32306923 7887 9.230549
33032593 8064 9.437884
32273863 7879 9.221104
32477620 7929 9.279320
32381516 7905 9.251862
32927534 8038 9.407867
32648258 7970 9.328074
32769294 8000 9.362655
32746205 7994 9.356059
32787116 8004 9.367747
33114940 8084 9.461411
32848607 8019 9.385316
33006721 8058 9.430492
32766710 7999 9.361917
33103202 8081 9.458058
32902717 8032 9.400776
33197508 8104 9.485002
33170474 8098 9.477278
33372982 8147 9.535138
32810028 8010 9.374294
33072680 8074 9.449337
33187662 8102 9.482189
32941237 8042 9.411782
32846286 8019 9.384653
32652675 7971 9.329336
32930969 8039 9.408848
32658477 7973 9.330993
32874175 8025 9.392621
32720323 7988 9.348664
32826252 8014 9.378929
32772016 8000 9.363433
33261792 8120 9.503369
32682885 7979 9.337967
32749916 7995 9.357119
29899003 7299 8.542572
29655476 7240 8.472993
30235569 7381 8.638734
29591775 7224 8.454793
29582547 7222 8.452156
29903950 7300 8.543986
29615855 7230 8.461673
30230949 7380 8.637414
32895273 8031 9.398649
30162219 7363 8.617777
30155867 7362 8.615962
29938466 7309 8.553847
30518458 7450 8.719559
33593773 8201 9.598221
30991627 7566 8.854751
33755599 8241 9.644457
31028710 7575 8.865346
33822336 8257 9.663525
30971322 7561 8.848949
33596203 8202 9.598915
31356261 7655 8.958932
30778427 7514 8.793836
31065139 7584 8.875754
31073022 7586 8.878006
31109343 7595 8.888384
31320680 7646 8.948766
31000503 7568 8.857287
31145545 7603 8.898727
31164720 7608 8.904206
31183483 7613 8.909567
31059647 7582 8.874185
31273577 7635 8.935308
30738642 7504 8.782469
30487542 7443 8.710726
30674823 7488 8.764235
30010734 7326 8.574495
33519917 8183 9.577119
30725700 7501 8.778771
30424330 7427 8.692666
30317825 7401 8.662236
30384428 7418 8.681265
30296916 7396 8.656262
30246071 7384 8.641735
29906977 7301 8.544851
30297199 7396 8.656343
30688663 7492 8.768189
30349486 7409 8.671282
29912312 7302 8.546375
30115339 7352 8.604383
30337053 7406 8.667729
30075032 7342 8.592866
33040591 8066 9.440169
30051688 7336 8.586197
29361250 7168 8.388929
29540812 7212 8.440232
32163580 7852 9.189594
32584886 7955 9.309967
32594714 7957 9.312775
32131927 7844 9.180551
32597091 7958 9.313455
32591055 7956 9.311730
32399650 7910 9.257043
32704745 7984 9.344213
32793059 8006 9.369445
32787728 8004 9.367922
32862231 8023 9.389209
33012472 8059 9.432135
32555931 7948 9.301695
32408260 7912 9.259503
32534519 7942 9.295577
32852727 8020 9.386493
32641432 7969 9.326123
32921511 8037 9.406146
32121635 7842 9.177610
29246484 7140 8.356138
28916388 7059 8.261825
28908833 7057 8.259667
28897685 7055 8.256481
32107526 7838 9.173579
28844378 7042 8.241251
29513488 7205 8.432425
29311298 7156 8.374657
29370006 7170 8.391430
32612873 7962 9.317964
29871641 7292 8.534755
32595563 7957 9.313018
29478602 7196 8.422458
29682551 7246 8.480729
29441723 7187 8.411921
33884668 8272 9.681334
33297012 8129 9.513432
33769484 8244 9.648424
33526976 8185 9.579136
33144789 8091 9.469940
33317591 8134 9.519312
33191779 8103 9.483365
33637157 8212 9.610616
33594335 8201 9.598381
33678152 8222 9.622329
33456041 8167 9.558869
30509108 7448 8.716888
33924187 8282 9.692625
33572116 8196 9.592033
34125186 8331 9.750053
33592017 8201 9.597719
34210002 8352 9.774286
33750009 8239 9.642860
33979214 8295 9.708347
33309675 8132 9.517050
33677831 8222 9.622237
33737768 8236 9.639362
33276424 8124 9.507550
33704834 8228 9.629953
33576313 8197 9.593232
33786616 8248 9.653319
33758741 8241 9.645355
32823451 8013 9.378129
33974044 8294 9.706870
33507260 8180 9.573503
30734481 7503 8.781280
34100390 8325 9.742969
29926808 7306 8.550517
30846414 7530 8.813261
30171223 7366 8.620349
29962204 7314 8.560630
30290185 7395 8.654339
29793476 7273 8.512422
29625024 7232 8.464293
29922891 7305 8.549397
29858974 7289 8.531135
29514057 7205 8.432588
29618523 7231 8.462435
29339655 7163 8.382759
29349490 7165 8.385569
29835676 7284 8.524479
32685828 7979 9.338808
32481363 7930 9.280389
32524816 7940 9.292805
31676630 7733 9.050466
31690990 7737 9.054569
31618363 7719 9.033818
31329186 7648 8.951196
31319269 7646 8.948363
31300902 7641 8.943115
31874913 7781 9.107118
31283267 7637 8.938076
31447305 7677 8.984944
31273330 7635 8.935237
31240867 7627 8.925962
31639583 7724 9.039881
31311065 7644 8.946019
31344754 7652 8.955644
31777182 7758 9.079195
31767888 7755 9.076539
31398664 7665 8.971047
31275864 7635 8.935961
31873436 7781 9.106696
31490843 7688 8.997384
34375232 8392 9.821495
31408792 7668 8.973941
34892952 8518 9.969415
31644824 7725 9.041378
32430304 7917 9.265801
35042561 8555 10.012160
35613136 8694 10.175182
32771507 8000 9.363288
34915851 8524 9.975957
31977472 7807 9.136421
35551838 8679 10.157668
31829340 7770 9.094097
34985285 8541 9.995796
35097798 8568 10.027942
34937547 8529 9.982156
34297699 8373 9.799343
34287818 8371 9.796519
34229565 8356 9.779876
34136666 8334 9.753333
30992081 7566 8.854880
34129170 8332 9.751191
31024506 7574 8.864145
34284732 8370 9.795638
34213518 8352 9.775291
30976782 7562 8.850509
30980707 7563 8.851631
31416623 7670 8.976178
34121778 8330 9.749079
34344301 8384 9.812657
34407628 8400 9.830751
34325696 8380 9.807342
34881244 8515 9.966070
34118294 8329 9.748084
34423337 8404 9.835239
34376252 8392 9.821786
34298254 8373 9.799501
34100041 8325 9.742869
34477093 8417 9.850598
33787059 8248 9.653445
33819857 8256 9.662816
34514220 8426 9.861206
34284725 8370 9.795636
31688375 7736 9.053821
31818795 7768 9.091084
28390935 6931 8.111696
31304125 7642 8.944036
28263688 6900 8.075339
31197867 7616 8.913676
28710843 7009 8.203098
28443773 6944 8.126792
28561360 6972 8.160389
31192484 7615 8.912138
28565291 6973 8.161512
31776937 7758 9.079125
28668992 6999 8.191141
28469096 6950 8.134027
31372314 7659 8.963518
32070462 7829 9.162989
31319807 7646 8.948516
31573564 7708 9.021018
31648707 7726 9.042488
31353653 7654 8.958187
31413704 7669 8.975344
31194711 7615 8.912775
31345948 7652 8.955985
31009326 7570 8.859807
31924645 7794 9.121327
31223494 7622 8.920998
31744719 7750 9.069920
31408276 7668 8.973793
31449264 7678 8.985504
31401649 7666 8.971900
31287065 7638 8.939161
31152001 7605 8.900572
32017337 7816 9.147811
31386056 7662 8.967445
31495022 7689 8.998578
31387111 7662 8.967746
31861628 7778 9.103322
32010508 7815 9.145859
31370743 7658 8.963069
31426252 7672 8.978929
31882657 7783 9.109331
31307074 7643 8.944878
31028054 7575 8.865158
31386329 7662 8.967523
30847852 7531 8.813672
31076486 7587 8.878996
31526905 7696 9.007687
31417538 7670 8.976439
31489873 7687 8.997107
34246850 8361 9.784814
31408677 7668 8.973908
34092549 8323 9.740728
31267338 7633 8.933525
31331761 7649 8.951932
31462710 7681 8.989346
31513419 7693 9.003834
34277589 8368 9.793597
34297744 8373 9.799355
34300202 8374 9.800058
30579603 7465 8.737029
34206965 8351 9.773419
31191049 7615 8.911728
31029366 7575 8.865533
30984219 7564 8.852634
31120694 7597 8.891627
31101432 7593 8.886123
30957475 7557 8.844993
30877742 7538 8.822212
31008334 7570 8.859524
30977411 7562 8.850689
34255578 8363 9.787308
30678479 7489 8.765280
30942371 7554 8.840677
30762335 7510 8.789239
34436422 8407 9.838978
30740898 7505 8.783114
30784732 7515 8.795638
30652203 7483 8.757772
30757202 7509 8.787772
30981321 7563 8.851806
34020926 8305 9.720265
31312014 7644 8.946290
30955883 7557 8.844538
31143762 7603 8.898218
30519370 7451 8.719820
30562746 7461 8.732213
34236080 8358 9.781737
30620962 7475 8.748846
30616284 7474 8.747510
31281382 7637 8.937538
33649422 8215 9.614121
33720577 8232 9.634451
30670972 7488 8.763135
30759981 7509 8.788566
30548494 7458 8.728141
30584082 7466 8.738309
30857293 7533 8.816369
33767445 8244 9.647841
34016384 8304 9.718967
31168418 7609 8.905262
33814226 8255 9.661207
33844625 8262 9.669893
33909090 8278 9.688311
33958283 8290 9.702367
33985196 8297 9.710056
34340513 8383 9.811575
34205694 8350 9.773055
34019718 8305 9.719919
33903288 8277 9.686654
37128805 9064 10.608230
33929529 8283 9.694151
34254203 8362 9.786915
34299881 8373 9.799966
34157597 8339 9.759313
36940798 9018 10.554514
34629327 8454 9.894093
34237811 8358 9.782232
31822933 7769 9.092267
31464798 7681 8.989942
34322225 8379 9.806350
31468265 7682 8.990933
34389878 8395 9.825679
34460917 8413 9.845976
34300572 8374 9.800163
31342530 7651 8.955009
31320425 7646 8.948693
30650244 7482 8.757213
34176230 8343 9.764637
30993283 7566 8.855224
37299925 9106 10.657121
31217778 7621 8.919365
33874020 8270 9.678291
31091792 7590 8.883369
31130532 7600 8.894438
31300706 7641 8.943059
31056808 7582 8.873374
30886073 7540 8.824592
34115117 8328 9.747176
34349849 8386 9.814243
33813314 8255 9.660947
34922737 8526 9.977925
34073559 8318 9.735303
34557314 8436 9.873518
34103260 8325 9.743789
34207998 8351 9.773714
34567478 8439 9.876422
31012656 7571 8.860759
34134417 8333 9.752691
34288052 8371 9.796586
36962723 9024 10.560778
34431195 8406 9.837484
33932210 8284 9.694917
34252342 8362 9.786383
33578499 8197 9.593857
33486091 8175 9.567455
33409019 8156 9.545434
34438252 8407 9.839501
34281561 8369 9.794732
34300779 8374 9.800223
34078964 8320 9.736847
30634278 7479 8.752651
33769386 8244 9.648396
34251054 8362 9.786015
33924983 8282 9.692852
34123538 8330 9.749582
36637016 8944 10.467719
33594716 8201 9.598490
33339122 8139 9.525463
30699793 7495 8.771369
36706753 8961 10.487644
33413949 8157 9.546843
33507204 8180 9.573487
33624706 8209 9.607059
33485093 8175 9.567169
37150229 9069 10.614351
33574490 8196 9.592711
36586516 8932 10.453290
33490344 8176 9.568670
33583962 8199 9.595418
33600843 8203 9.600241
30318179 7401 8.662337
33421868 8159 9.549105
30151768 7361 8.614791
33705145 8228 9.630041
30941935 7554 8.840553
31029429 7575 8.865551
30694686 7493 8.769910
31366732 7657 8.961923
31097319 7592 8.884948
31437446 7675 8.982127
31510929 7693 9.003123
31176905 7611 8.907687
31464043 7681 8.989727
31847945 7775 9.099413
31660967 7729 9.045991
32030751 7820 9.151643
34519286 8427 9.862653
31875639 7782 9.107325
31396520 7665 8.970434
31271948 7634 8.934842
32101905 7837 9.171973
32210633 7863 9.203038
32272535 7879 9.220724
31768007 7755 9.076573
32246619 7872 9.213320
31619215 7719 9.034061
31706649 7740 9.059043
31615433 7718 9.032981
32470204 7927 9.277201
31807582 7765 9.087881
32050543 7824 9.157298
31427474 7672 8.979278
32208085 7863 9.202310
31275746 7635 8.935927
31293915 7640 8.941119
31620457 7719 9.034416
31742666 7749 9.069333
31618289 7719 9.033797
31349505 7653 8.957001
32743879 7994 9.355394
32141773 7847 9.183364
32474855 7928 9.278530
31922846 7793 9.120813
31813381 7766 9.089537
31796944 7762 9.084841
31832447 7771 9.094985
31475020 7684 8.992863
32078175 7831 9.165193
31513433 7693 9.003838
31372674 7659 8.963621
31900285 7788 9.114367
31836361 7772 9.096103
31746440 7750 9.070411
31985087 7808 9.138596
31760867 7754 9.074533
31888993 7785 9.111141
31768887 7756 9.076825
32105425 7838 9.172979
32134920 7845 9.181406
31932430 7796 9.123551
32108936 7839 9.173982
32279271 7880 9.222649
32061628 7827 9.160465
31907606 7789 9.116459
32145090 7847 9.184311
32097911 7836 9.170832
31809128 7765 9.088322
31783201 7759 9.080915
31747306 7750 9.070659
32099465 7836 9.171276
31804052 7764 9.086872
31706210 7740 9.058917
31587548 7711 9.025014
31751112 7751 9.071746
31389230 7663 8.968351
31902631 7788 9.115037
31761813 7754 9.074804
31413527 7669 8.975293
32192702 7859 9.197915
31684905 7735 9.052830
32139626 7846 9.182750
32404894 7911 9.258541
32631171 7966 9.323192
32011335 7815 9.146096
32104363 7837 9.172675
32373881 7903 9.249680
31787837 7760 9.082239
32575078 7952 9.307165
32182853 7857 9.195101
32458247 7924 9.273785
32427721 7916 9.265063
32092995 7835 9.169427
32110323 7839 9.174378
32107764 7838 9.173647
32517705 7938 9.290773
32542088 7944 9.297739
35489416 8664 10.139833
32316203 7889 9.233201
35438434 8651 10.125267
31708632 7741 9.059609
32458135 7924 9.273753
32136477 7845 9.181851
32780001 8002 9.365715
32413923 7913 9.261121
33163279 8096 9.475223
32802553 8008 9.372158
33146816 8092 9.470519
32914402 8035 9.404115
32791928 8005 9.369122
32761818 7998 9.360519
33178508 8100 9.479574
33173515 8099 9.478147
32810192 8010 9.374341
33373610 8147 9.535317
32461497 7925 9.274713
33267612 8121 9.505032
32780804 8003 9.365944
33329000 8136 9.522571
32453522 7923 9.272435
32942351 8042 9.412100
32937910 8041 9.410831
35748976 8727 10.213993
32853854 8020 9.386815
32921277 8037 9.406079
33211334 8108 9.488953
35107847 8571 10.030813
35039527 8554 10.011293
35049030 8556 10.014009
35528823 8674 10.151092
34972139 8538 9.992040
35554768 8680 10.158505
32686415 7980 9.338976
35105768 8570 10.030219
32470916 7927 9.277405
35567057 8683 10.162016
35409575 8644 10.117021
35937769 8773 10.267934
35376027 8636 10.107436
35755372 8729 10.215821
35388012 8639 10.110861
35644360 8702 10.184103
35003328 8545 10.000951
35761897 8730 10.217685
35422856 8648 10.120816
35397180 8641 10.113480
35871338 8757 10.248954
35835464 8748 10.238704
35426344 8649 10.121813
35740848 8725 10.211671
35778646 8735 10.222470
35373363 8636 10.106675
35472092 8660 10.134883
35389978 8640 10.111422
35490303 8664 10.140087
35443916 8653 10.126833
35405075 8643 10.115736
35550759 8679 10.157360
35461705 8657 10.131916
34987355 8541 9.996387
34727401 8478 9.922115
34570777 8440 9.877365
34719022 8476 9.919721
31806981 7765 9.087709
34919123 8525 9.976892
31874581 7781 9.107023
34530445 8430 9.865841
34952588 8533 9.986454
31546632 7701 9.013323
31577915 7709 9.022261
34786185 8492 9.938910
34864225 8511 9.961207
34677474 8466 9.907850
31482341 7686 8.994955
35002033 8545 10.000581
31755386 7752 9.072967
31818621 7768 9.091035
31750243 7751 9.071498
32005867 7813 9.144533
31794664 7762 9.084190
35378593 8637 10.108169
34948364 8532 9.985247
35382217 8638 10.109205
32488534 7931 9.282438
35541714 8677 10.154775
34905514 8521 9.973004
35629074 8698 10.179735
35381794 8638 10.109084
35828603 8747 10.236744
35996703 8788 10.284772
32391054 7907 9.254587
32427079 7916 9.264880
32548251 7946 9.299500
32425626 7916 9.264465
32214338 7864 9.204097
32178936 7856 9.193982
33060387 8071 9.445825
32535353 7943 9.295815
32589533 7956 9.311295
32436812 7919 9.267661
32514785 7938 9.289939
32853551 8020 9.386729
32680152 7978 9.337186
32856878 8021 9.387679
32568053 7951 9.305158
33211871 8108 9.489106
32612977 7962 9.317993
33078843 8075 9.451098
32953226 8045 9.415207
32210152 7863 9.202901
35045511 8556 10.013003
35337485 8627 10.096424
32156636 7850 9.187610
32138533 7846 9.182438
31916718 7792 9.119062
32553149 7947 9.300900
32131743 7844 9.180498
32813435 8011 9.375267
32129162 7844 9.179761
32594445 7957 9.312699
32606009 7960 9.316003
32957873 8046 9.416535
32898863 8031 9.399675
32622076 7964 9.320593
32767614 7999 9.362175
32687686 7980 9.339339
33066299 8072 9.447514
32723476 7989 9.349565
32844459 8018 9.384131
32891565 8030 9.397590
32581359 7954 9.308960
35938028 8773 10.268008
32747633 7995 9.356467
32586317 7955 9.310376
35396905 8641 10.113401
35461132 8657 10.131752
35856154 8753 10.244615
35416488 8646 10.118997
36140957 8823 10.325988
35279231 8613 10.079780
32960498 8046 9.417285
32773053 8001 9.363729
