17217459 4203 4.919274
17187517 4196 4.910719
16923446 4131 4.835270
16921354 4131 4.834673
16893524 4124 4.826721
16877446 4120 4.822127
15528907 3791 4.436831
15444555 3770 4.412730
15447606 3771 4.413602
15556067 3797 4.444591
16794160 4100 4.798331
15690338 3830 4.482954
15312700 3738 4.375057
15453322 3772 4.415235
16922021 4131 4.834863
16964822 4141 4.847092
17071955 4167 4.877701
16894953 4124 4.827129
16927736 4132 4.836496
16638287 4062 4.753796
16754065 4090 4.786876
16865181 4117 4.818623
16759183 4091 4.788338
17065754 4166 4.875930
17122384 4180 4.892110
17027088 4157 4.864882
16932778 4133 4.837937
17119291 4179 4.891226
17193895 4197 4.912541
17072472 4168 4.877849
17060570 4165 4.874449
17210895 4201 4.917399
17352320 4236 4.957806
17057291 4164 4.873512
17067060 4166 4.876303
17063391 4165 4.875255
15493079 3782 4.426594
17028408 4157 4.865259
15516331 3788 4.433237
15678306 3827 4.479516
15706730 3834 4.487637
15854447 3870 4.529842
15969928 3898 4.562837
15703752 3833 4.486786
17267654 4215 4.933615
16055177 3919 4.587193
17212250 4202 4.917786
17271823 4216 4.934807
17336930 4232 4.953409
17614149 4300 5.032614
17286899 4220 4.939114
17722774 4326 5.063650
17435579 4256 4.981594
17630838 4304 5.037382
17612564 4299 5.032161
17938914 4379 5.125404
17225006 4205 4.921430
17581125 4292 5.023179
17397087 4247 4.970596
17462379 4263 4.989251
17308974 4225 4.945421
17723999 4327 5.064000
17422804 4253 4.977944
17359166 4238 4.959762
17240327 4209 4.925808
17281079 4219 4.937451
17241011 4209 4.926003
17456667 4261 4.987619
17251213 4211 4.928918
17664268 4312 5.046934
17472521 4265 4.992149
17707104 4323 5.059173
17527179 4279 5.007765
16202688 3955 4.629339
16035842 3915 4.581669
15806901 3859 4.516257
15899353 3881 4.542672
15549720 3796 4.442777
15651203 3821 4.471772
15638236 3817 4.468067
15421938 3765 4.406268
15685415 3829 4.481547
14095457 3441 4.027273
14181613 3462 4.051889
14000223 3418 4.000064
15680960 3828 4.480274
14080196 3437 4.022913
14178748 3461 4.051071
14074812 3436 4.021375
14188384 3463 4.053824
13882507 3389 3.966431
14397583 3515 4.113595
14228304 3473 4.065230
14111587 3445 4.031882
14195485 3465 4.055853
14159262 3456 4.045503
14223748 3472 4.063928
14111740 3445 4.031926
14276328 3485 4.078951
14097684 3441 4.027910
14063846 3433 4.018242
14413005 3518 4.118001
15694811 3831 4.484232
14062240 3433 4.017783
14073677 3435 4.021051
15664673 3824 4.475621
14163580 3457 4.046737
14068489 3434 4.019568
13950484 3405 3.985853
14314272 3494 4.089792
14186586 3463 4.053310
14289222 3488 4.082635
14581301 3559 4.166086
14639484 3574 4.182710
14812810 3616 4.232231
14496529 3539 4.141865
14421883 3520 4.120538
14229906 3474 4.065687
15895481 3880 4.541566
15891152 3879 4.540329
15818350 3861 4.519529
16032567 3914 4.580733
16034547 3914 4.581299
14256522 3480 4.073292
14576283 3558 4.164652
15883844 3877 4.538241
14495269 3538 4.141505
14465062 3531 4.132875
14517094 3544 4.147741
14520917 3545 4.148833
14643918 3575 4.183977
14284609 3487 4.081317
14487187 3536 4.139196
14592811 3562 4.169375
14441366 3525 4.126105
15616439 3812 4.461840
15922969 3887 4.549420
17035320 4159 4.867234
17102438 4175 4.886411
15559188 3798 4.445482
15769285 3849 4.505510
17285691 4220 4.938769
17309562 4225 4.945589
18769235 4582 5.362639
17535286 4281 5.010082
17284936 4219 4.938553
17183274 4195 4.909507
17064658 4166 4.875617
17441633 4258 4.983324
17341528 4233 4.954722
15889832 3879 4.539952
15909154 3884 4.545473
15911049 3884 4.546014
16054588 3919 4.587025
17383955 4244 4.966844
17395808 4247 4.970231
17221826 4204 4.920522
16206159 3956 4.630331
17349045 4235 4.956870
17486994 4269 4.996284
17138721 4184 4.896777
17295393 4222 4.941541
17306904 4225 4.944830
15874128 3875 4.535465
18789481 4587 5.368423
17276055 4217 4.936016
17591497 4294 5.026142
17322154 4229 4.949187
15948917 3893 4.556833
15880063 3876 4.537161
15815361 3861 4.518675
15857205 3871 4.530630
15770511 3850 4.505860
15867425 3873 4.533550
15584727 3804 4.452779
15421271 3764 4.406077
15757097 3846 4.502028
15708015 3834 4.488004
15811594 3860 4.517598
15797000 3856 4.513429
15767763 3849 4.505075
15820151 3862 4.520043
15675136 3826 4.478610
17285408 4220 4.938688
15718482 3837 4.490995
17316925 4227 4.947693
15867473 3873 4.533564
17200787 4199 4.914511
15661338 3823 4.474668
15701032 3833 4.486009
15532402 3792 4.437829
15720210 3837 4.491489
14231077 3474 4.066022
15534022 3792 4.438292
15746416 3844 4.498976
15505057 3785 4.430016
15695233 3831 4.484352
15654821 3821 4.472806
15802806 3858 4.515087
16013549 3909 4.575300
16361466 3994 4.674705
17047139 4161 4.870611
15759418 3847 4.502691
15595599 3807 4.455885
15465137 3775 4.418611
17290607 4221 4.940173
17060953 4165 4.874558
17121595 4180 4.891884
13892779 3391 3.969365
16081795 3926 4.594799
15736243 3841 4.496069
15710522 3835 4.488721
15938883 3891 4.553967
15805903 3858 4.515972
16575352 4046 4.735815
15841906 3867 4.526259
15815484 3861 4.518710
15489091 3781 4.425455
15671450 3826 4.477557
15510641 3786 4.431612
15820360 3862 4.520103
15583093 3804 4.452312
15607026 3810 4.459150
15763943 3848 4.503984
15699140 3832 4.485469
15437094 3768 4.410598
15434433 3768 4.409838
16833479 4109 4.809565
16883274 4121 4.823793
16748098 4088 4.785171
16749463 4089 4.785561
16729489 4084 4.779854
16720293 4082 4.777227
15204394 3712 4.344113
15356540 3749 4.387583
15274535 3729 4.364153
13860121 3383 3.960035
15381194 3755 4.394627
13749705 3356 3.928487
15293745 3733 4.369641
13935318 3402 3.981519
15548777 3796 4.442508
15438941 3769 4.411126
15393741 3758 4.398212
15484531 3780 4.424152
14058336 3432 4.016667
15470098 3776 4.420028
13955655 3407 3.987330
15330911 3742 4.380260
15548113 3795 4.442318
16944712 4136 4.841346
14058542 3432 4.016726
15623374 3814 4.463821
15652202 3821 4.472058
14146354 3453 4.041815
15727088 3839 4.493454
14108008 3444 4.030859
16996541 4149 4.856155
15761307 3847 4.503231
15694993 3831 4.484284
15569634 3801 4.448467
15398040 3759 4.399440
15567728 3800 4.447922
15442732 3770 4.412209
15438896 3769 4.411113
15557040 3798 4.444869
15510479 3786 4.431565
14194682 3465 4.055623
16987673 4147 4.853621
14069774 3435 4.019935
17005113 4151 4.858604
16938057 4135 4.839445
15802192 3857 4.514912
15491664 3782 4.426190
15520954 3789 4.434558
17097516 4174 4.885005
17093134 4173 4.883753
15576473 3802 4.450421
17239891 4208 4.925683
17038655 4159 4.868187
17125401 4181 4.892972
15657292 3822 4.473512
17010528 4152 4.860151
17299935 4223 4.942839
17260842 4214 4.931669
16070777 3923 4.591651
15786030 3854 4.510294
17342105 4233 4.954887
17103437 4175 4.886696
17324910 4229 4.949974
15700742 3833 4.485926
15690310 3830 4.482946
15579588 3803 4.451311
17480762 4267 4.994503
17628642 4303 5.036755
15882284 3877 4.537795
15926928 3888 4.550551
18733856 4573 5.352530
17075883 4168 4.878824
17189946 4196 4.911413
17149638 4186 4.899897
17247000 4210 4.927714
18830565 4597 5.380161
17041486 4160 4.868996
17227329 4205 4.922094
17034224 4158 4.866921
17193301 4197 4.912372
18574932 4534 5.307123
16973219 4143 4.849491
17075705 4168 4.878773
17043759 4161 4.869645
16759955 4091 4.788559
16950755 4138 4.843073
15192571 3709 4.340735
15249122 3722 4.356892
16979102 4145 4.851172
13784912 3365 3.938546
13956849 3407 3.987671
13931725 3401 3.980493
13943170 3404 3.983763
13722214 3350 3.920633
13902795 3394 3.972227
13871963 3386 3.963418
14029097 3425 4.008313
13958591 3407 3.988169
17065587 4166 4.875882
15601832 3809 4.457666
17129071 4181 4.894020
16974381 4144 4.849823
15658604 3822 4.473887
15768640 3849 4.505326
15701748 3833 4.486214
15557162 3798 4.444903
15943997 3892 4.555428
17289828 4221 4.939951
15814370 3860 4.518391
15669275 3825 4.476936
15725905 3839 4.493116
15896406 3880 4.541830
17114624 4178 4.889893
15783373 3853 4.509535
17219931 4204 4.919980
15748218 3844 4.499491
17424316 4253 4.978376
18833931 4598 5.381123
17384535 4244 4.967010
15586037 3805 4.453153
15546919 3795 4.441977
17474236 4266 4.992639
15783767 3853 4.509648
17296929 4222 4.941980
17177605 4193 4.907887
15535090 3792 4.438597
17219456 4203 4.919845
17115835 4178 4.890239
17295138 4222 4.941468
15893774 3880 4.541078
15740910 3842 4.497403
15749175 3845 4.499764
17137845 4184 4.896527
17263814 4214 4.932518
17233142 4207 4.923755
16916889 4130 4.833397
16822426 4107 4.806407
16925691 4132 4.835912
17092809 4173 4.883660
16938906 4135 4.839687
16914917 4129 4.832833
16837736 4110 4.810782
18376259 4486 5.250360
16819245 4106 4.805499
18561183 4531 5.303195
18421731 4497 5.263352
18675575 4559 5.335879
18591157 4538 5.311759
17264701 4215 4.932772
17006921 4152 4.859120
17080341 4170 4.880097
17299907 4223 4.942831
17153262 4187 4.900932
15602037 3809 4.457725
17219808 4204 4.919945
17182597 4194 4.909313
16975021 4144 4.850006
15601468 3808 4.457562
15591661 3806 4.454760
15632957 3816 4.466559
15714995 3836 4.489999
15588830 3805 4.453951
18605511 4542 5.315860
18634649 4549 5.324185
18579451 4535 5.308415
18446977 4503 5.270565
17187268 4196 4.910648
18587952 4538 5.310843
18633280 4549 5.323794
18754404 4578 5.358401
18745539 4576 5.355868
17112661 4177 4.889332
17195602 4198 4.913029
16990561 4148 4.854446
16958800 4140 4.845371
17159121 4189 4.902606
17101939 4175 4.886268
15537499 3793 4.439285
15774114 3851 4.506890
15507808 3786 4.430802
17071397 4167 4.877542
15421656 3765 4.406187
15475712 3778 4.421632
16846161 4112 4.813189
17048514 4162 4.871004
16824915 4107 4.807119
17183599 4195 4.909600
16935414 4134 4.838690
17405361 4249 4.972960
15703623 3833 4.486749
17480261 4267 4.994360
17534124 4280 5.009750
17614541 4300 5.032726
17630465 4304 5.037276
17331739 4231 4.951925
17363109 4239 4.960888
17336640 4232 4.953326
17427916 4254 4.979405
15874711 3875 4.535632
17338414 4233 4.953833
14334278 3499 4.095508
15735960 3841 4.495989
15940503 3891 4.554429
15853246 3870 4.529499
15913636 3885 4.546753
15764383 3848 4.504109
17557166 4286 5.016333
16128619 3937 4.608177
17692443 4319 5.054984
17564101 4288 5.018315
17602471 4297 5.029277
17563207 4287 5.018059
17726918 4327 5.064834
17799668 4345 5.085619
17477364 4266 4.993533
17556542 4286 5.016155
17345976 4234 4.955993
17401186 4248 4.971767
17806049 4347 5.087443
15725185 3839 4.492910
15833547 3865 4.523871
17104939 4176 4.887125
15473003 3777 4.420858
16968422 4142 4.848121
16952316 4138 4.843519
16915622 4129 4.833035
16963035 4141 4.846581
17338637 4233 4.953896
15568318 3800 4.448091
17153521 4187 4.901006
17109285 4177 4.888367
17459666 4262 4.988476
16975223 4144 4.850064
17081727 4170 4.880493
16829730 4108 4.808494
17141709 4184 4.897631
17030222 4157 4.865778
18594620 4539 5.312749
15273991 3729 4.363997
18242452 4453 5.212129
18325777 4474 5.235936
18200447 4443 5.200128
18515900 4520 5.290257
18193565 4441 5.198161
17013663 4153 4.861047
18321908 4473 5.234831
18368774 4484 5.248221
18396687 4491 5.256196
18323574 4473 5.235307
18352797 4480 5.243656
17181134 4194 4.908895
18599121 4540 5.314035
17244010 4209 4.926860
17228589 4206 4.922454
18769933 4582 5.362838
17444426 4258 4.984122
17468091 4264 4.990883
17250788 4211 4.928797
19009833 4641 5.431381
18793126 4588 5.369465
18875380 4608 5.392966
19240226 4697 5.497207
18966889 4630 5.419111
19201185 4687 5.486053
18802145 4590 5.372041
18949443 4626 5.414127
18896008 4613 5.398859
19010444 4641 5.431555
18870775 4607 5.391650
18729077 4572 5.351165
18860933 4604 5.388838
18736940 4574 5.353411
19052068 4651 5.443448
18955584 4627 5.415881
19050742 4651 5.443069
18706373 4566 5.344678
18989499 4636 5.425571
18860916 4604 5.388833
18720967 4570 5.348848
18801994 4590 5.371998
18990711 4636 5.425917
18620460 4546 5.320131
18599840 4540 5.314240
18599666 4540 5.314190
18527227 4523 5.293493
18608356 4543 5.316673
18579039 4535 5.308297
18809969 4592 5.374277
18883313 4610 5.395232
18787530 4586 5.367866
18705640 4566 5.344469
18499906 4516 5.285687
18514465 4520 5.289847
18363921 4483 5.246835
18654177 4554 5.329765
18639824 4550 5.325664
18287959 4464 5.225131
18375948 4486 5.250271
16719283 4081 4.776938
18270868 4460 5.220248
18209871 4445 5.202820
18479796 4511 5.279942
18296370 4466 5.227534
18443866 4502 5.269676
17962589 4385 5.132168
18170917 4436 5.191691
16636419 4061 4.753263
18101305 4419 5.171801
18237351 4452 5.210672
16796077 4100 4.798879
16791297 4099 4.797513
16806778 4103 4.801937
16812618 4104 4.803605
16777893 4096 4.793684
15196576 3710 4.341879
15105367 3687 4.315819
15227618 3717 4.350748
15186277 3707 4.338936
15219315 3715 4.348376
16770813 4094 4.791661
15247788 3722 4.356511
15251465 3723 4.357561
15561377 3799 4.446108
16817450 4105 4.804986
16803122 4102 4.800892
16901091 4126 4.828883
15231524 3718 4.351864
16526646 4034 4.721899
17017535 4154 4.862153
15349352 3747 4.385529
17225984 4205 4.921710
15221634 3716 4.349038
15554779 3797 4.444223
15633827 3816 4.466808
15563447 3799 4.446699
15563471 3799 4.446706
17166006 4190 4.904573
16991911 4148 4.854832
15433697 3767 4.409628
15537381 3793 4.439252
15237499 3720 4.353571
15214327 3714 4.346951
15338424 3744 4.382407
16787554 4098 4.796444
15550927 3796 4.443122
15459303 3774 4.416944
15352557 3748 4.386445
16639980 4062 4.754280
16862622 4116 4.817892
16602340 4053 4.743526
15237052 3719 4.353443
18256819 4457 5.216234
15157766 3700 4.330790
15399422 3759 4.399835
15126979 3693 4.321994
15110978 3689 4.317422
15112465 3689 4.317847
16663418 4068 4.760977
16580424 4047 4.737264
14985638 3658 4.281611
15034279 3670 4.295508
16422677 4009 4.692193
14961669 3652 4.274763
16555226 4041 4.730065
15210898 3713 4.345971
15258370 3725 4.359534
16769546 4094 4.791299
16903140 4126 4.829469
16757804 4091 4.787944
16735697 4085 4.781628
16965667 4142 4.847333
15537133 3793 4.439181
15536435 3793 4.438981
16689059 4074 4.768303
15185121 3707 4.338606
15067116 3678 4.304890
16517946 4032 4.719413
15150116 3698 4.328605
16541677 4038 4.726193
15000252 3662 4.285786
15289593 3732 4.368455
15035501 3670 4.295857
16640490 4062 4.754426
15036835 3671 4.296239
18194400 4441 5.198400
16632180 4060 4.752051
16549878 4040 4.728537
16590448 4050 4.740128
16946080 4137 4.841737
16632436 4060 4.752125
16714476 4080 4.775565
16660998 4067 4.760285
15276477 3729 4.364708
15347316 3746 4.384947
15450152 3772 4.414329
15239664 3720 4.354190
15708846 3835 4.488242
15416617 3763 4.404748
13967348 3409 3.990671
15543490 3794 4.440997
15515835 3788 4.433096
15333857 3743 4.381102
15559593 3798 4.445598
16706362 4078 4.773246
16780058 4096 4.794302
15465716 3775 4.418776
15587025 3805 4.453436
15419648 3764 4.405614
15603773 3809 4.458221
15353235 3748 4.386639
15522043 3789 4.434869
16823602 4107 4.806743
16844523 4112 4.812721
18472879 4509 5.277965
18625994 4547 5.321713
17194737 4197 4.912782
15714834 3836 4.489953
17442600 4258 4.983600
17434186 4256 4.981196
17440488 4257 4.982997
15929847 3889 4.551385
16032714 3914 4.580775
15797468 3856 4.513562
15858871 3871 4.531106
17383578 4244 4.966737
18825230 4596 5.378637
16054849 3919 4.587100
17368635 4240 4.962467
17356454 4237 4.958987
17398529 4247 4.971008
17361649 4238 4.960471
17389807 4245 4.968516
17216355 4203 4.918959
17246992 4210 4.927712
17172155 4192 4.906330
18559479 4531 5.302708
16895117 4124 4.827176
17075269 4168 4.878648
18331088 4475 5.237454
18543932 4527 5.298266
18628361 4547 5.322389
18389108 4489 5.254031
16971187 4143 4.848911
18420959 4497 5.263131
18575121 4534 5.307177
18436566 4501 5.267590
18544090 4527 5.298311
18428899 4499 5.265400
17074235 4168 4.878353
18367548 4484 5.247871
18528351 4523 5.293815
18410219 4494 5.260063
18187378 4440 5.196394
18366427 4483 5.247551
15148342 3698 4.328098
16770506 4094 4.791573
16955842 4139 4.844526
15446485 3771 4.413281
17028121 4157 4.865177
17002183 4150 4.857767
17248644 4211 4.928184
17392084 4246 4.969167
17027412 4157 4.864975
17366415 4239 4.961833
17107651 4176 4.887900
17199436 4199 4.914125
17332070 4231 4.952020
17183976 4195 4.909707
17108999 4177 4.888285
17171128 4192 4.906037
16875334 4119 4.821524
16988640 4147 4.853897
17207560 4201 4.916446
17120862 4179 4.891675
16994600 4149 4.855600
17136193 4183 4.896055
17134294 4183 4.895513
17174993 4193 4.907141
16985236 4146 4.852925
16823928 4107 4.806837
16740263 4086 4.782932
16945225 4137 4.841493
16941095 4136 4.840313
17070650 4167 4.877329
16871306 4118 4.820373
16837732 4110 4.810781
16965946 4142 4.847413
17222489 4204 4.920711
16871089 4118 4.820311
16856775 4115 4.816221
16785193 4097 4.795769
15412037 3762 4.403439
15169958 3703 4.334274
15392854 3758 4.397958
15431556 3767 4.409016
15195588 3709 4.341597
16886315 4122 4.824661
15485010 3780 4.424289
15351597 3747 4.386171
15256226 3724 4.358922
15281441 3730 4.366126
15032865 3670 4.295104
13816942 3373 3.947698
15075349 3680 4.307243
15303646 3736 4.372470
16709958 4079 4.774274
15382666 3755 4.395047
15459586 3774 4.417025
15511597 3787 4.431885
15463206 3775 4.418059
15520699 3789 4.434485
15465364 3775 4.418675
17009571 4152 4.859877
15305259 3736 4.372931
15168052 3703 4.333729
15522260 3789 4.434931
15327897 3742 4.379399
15405399 3761 4.401543
15613203 3811 4.460915
15618646 3813 4.462470
15707317 3834 4.487805
15394625 3758 4.398464
15798208 3856 4.513774
15907530 3883 4.545009
15822504 3862 4.520715
15920053 3886 4.548587
15950177 3894 4.557193
15664941 3824 4.475697
15573855 3802 4.449673
15734441 3841 4.495555
15734491 3841 4.495569
15641057 3818 4.468873
15733865 3841 4.495390
15769300 3849 4.505514
15557481 3798 4.444995
16985924 4146 4.853121
17184804 4195 4.909944
17002141 4150 4.857755
17172409 4192 4.906403
17315423 4227 4.947264
17169795 4191 4.905656
17356087 4237 4.958882
15580799 3803 4.451657
15788512 3854 4.511003
15799066 3857 4.514019
15906489 3883 4.544711
16057921 3920 4.587977
16118828 3935 4.605379
17409639 4250 4.974183
15554488 3797 4.444139
15724497 3838 4.492713
15735342 3841 4.495812
15798138 3856 4.513754
15595170 3807 4.455763
15743365 3843 4.498104
15553368 3797 4.443819
15520210 3789 4.434346
15548382 3795 4.442395
15536661 3793 4.439046
15541221 3794 4.440349
15386389 3756 4.396111
15525440 3790 4.435840
15487761 3781 4.425075
15388798 3757 4.396799
17044443 4161 4.869841
15537768 3793 4.439362
17051834 4163 4.871953
15591731 3806 4.454780
17409376 4250 4.974107
17153108 4187 4.900888
16006968 3907 4.573419
16049455 3918 4.585559
16100841 3930 4.600240
15909293 3884 4.545512
15894339 3880 4.541240
17355686 4237 4.958767
15807195 3859 4.516341
15762910 3848 4.503689
17336494 4232 4.953284
15360297 3750 4.388656
15380076 3754 4.394307
13659306 3334 3.902659
15094614 3685 4.312747
13735859 3353 3.924531
15564317 3799 4.446948
16866763 4117 4.819075
15502478 3784 4.429279
15348371 3747 4.385249
16975810 4144 4.850231
15092383 3684 4.312109
15439978 3769 4.411422
15055094 3675 4.301455
15184234 3707 4.338353
15135260 3695 4.324360
15393742 3758 4.398212
15192642 3709 4.340755
14096106 3441 4.027459
14127039 3448 4.036297
15627507 3815 4.465002
17168017 4191 4.905148
15928447 3888 4.550985
15586068 3805 4.453162
16959400 4140 4.845543
15472985 3777 4.420853
17094300 4173 4.884086
15419442 3764 4.405555
17064522 4166 4.875578
15505113 3785 4.430032
17059383 4164 4.874109
15673820 3826 4.478234
15771719 3850 4.506205
15508049 3786 4.430871
18681071 4560 5.337449
16996762 4149 4.856218
17007274 4152 4.859221
17068261 4167 4.876646
17025419 4156 4.864405
18721389 4570 5.348968
17081322 4170 4.880378
18450716 4504 5.271633
17238201 4208 4.925200
17279221 4218 4.936920
17267874 4215 4.933678
18587389 4537 5.310683
17396200 4247 4.970343
18789003 4587 5.368287
17435213 4256 4.981489
18775405 4583 5.364401
18745986 4576 5.355996
17263283 4214 4.932367
18738752 4574 5.353929
17343846 4234 4.955385
18752867 4578 5.357962
17040128 4160 4.868608
17055399 4163 4.872971
17212514 4202 4.917861
17237810 4208 4.925089
17244988 4210 4.927139
15908036 3883 4.545153
18696101 4564 5.341743
17188899 4196 4.911114
18598995 4540 5.313999
17336588 4232 4.953311
18617943 4545 5.319412
18611414 4543 5.317547
17031898 4158 4.866257
16805447 4102 4.801556
18527785 4523 5.293653
15208129 3712 4.345180
16878990 4120 4.822569
17040557 4160 4.868731
15729012 3840 4.494003
15592314 3806 4.454947
15655763 3822 4.473075
17028005 4157 4.865144
17024545 4156 4.864156
15617235 3812 4.462067
15633306 3816 4.466659
15419162 3764 4.405475
15712079 3835 4.489165
15731735 3840 4.494781
15530376 3791 4.437250
17170329 4191 4.905808
17238742 4208 4.925355
17275213 4217 4.935775
17250864 4211 4.928818
17045061 4161 4.870017
17514652 4276 5.004186
15754849 3846 4.501385
15877665 3876 4.536476
15766283 3849 4.504652
17164770 4190 4.904220
17342446 4233 4.954985
17179507 4194 4.908431
17333955 4231 4.952559
16915300 4129 4.832943
17103890 4175 4.886826
17055912 4164 4.873118
17229287 4206 4.922653
17148235 4186 4.899496
18779308 4584 5.365517
17154470 4188 4.901277
18822311 4595 5.377803
15740589 3842 4.497311
17044712 4161 4.869918
17376952 4242 4.964843
17344636 4234 4.955610
18780652 4585 5.365901
17392950 4246 4.969414
17457641 4262 4.987897
17418772 4252 4.976792
17485422 4268 4.995835
17216400 4203 4.918971
17148322 4186 4.899521
17351521 4236 4.957577
17128369 4181 4.893820
17366635 4239 4.961896
17165147 4190 4.904328
17226640 4205 4.921897
16921341 4131 4.834669
17083900 4170 4.881114
17028662 4157 4.865332
17290289 4221 4.940083
15554034 3797 4.444010
17042763 4160 4.869361
17030111 4157 4.865746
16993207 4148 4.855202
17004806 4151 4.858516
15845754 3868 4.527358
17100127 4174 4.885751
17110217 4177 4.888633
15807320 3859 4.516377
15761925 3848 4.503407
17350923 4236 4.957407
17154785 4188 4.901367
17604712 4298 5.029918
17222151 4204 4.920615
17382761 4243 4.966503
17160336 4189 4.902953
17566701 4288 5.019057
17166149 4190 4.904614
17369910 4240 4.962831
17125844 4181 4.893098
16009943 3908 4.574269
16068127 3922 4.590893
18188643 4440 5.196755
17646549 4308 5.041871
17448375 4259 4.985250
17396465 4247 4.970419
17392561 4246 4.969303
17490313 4270 4.997232
17384406 4244 4.966973
15825800 3863 4.521657
17612387 4299 5.032111
17294548 4222 4.941299
17249178 4211 4.928337
17089059 4172 4.882588
16917755 4130 4.833644
17105078 4176 4.887165
18644621 4551 5.327035
17342121 4233 4.954892
15410120 3762 4.402891
17001610 4150 4.857603
15558570 3798 4.445306
17186472 4195 4.910421
17059669 4164 4.874191
15419470 3764 4.405563
17337374 4232 4.953535
17019444 4155 4.862698
17244209 4210 4.926917
17009557 4152 4.859873
17097603 4174 4.885029
17023453 4156 4.863844
17019465 4155 4.862704
17150623 4187 4.900178
18390085 4489 5.254310
17030268 4157 4.865791
17092391 4172 4.883540
18599421 4540 5.314120
17055615 4163 4.873033
17173928 4192 4.906837
17131784 4182 4.894795
15677288 3827 4.479225
15603354 3809 4.458101
15761206 3847 4.503202
17286196 4220 4.938913
15908773 3883 4.545364
17130219 4182 4.894348
15641640 3818 4.469040
15778520 3852 4.508149
15729354 3840 4.494101
15444862 3770 4.412818
15572930 3801 4.449409
