18704086 4566 5.344025
18638197 4550 5.325199
18725023 4571 5.350007
18636032 4549 5.324581
18626864 4547 5.321961
19038089 4647 5.439454
18941053 4624 5.411729
20736563 5062 5.924732
19275670 4705 5.507334
20790107 5075 5.940031
20732352 5061 5.923529
18681965 4561 5.337704
18897816 4613 5.399376
18634311 4549 5.324089
19112047 4666 5.460585
18828243 4596 5.379498
19129190 4670 5.465483
18973023 4632 5.420864
19215835 4691 5.490239
19022277 4644 5.434936
18815608 4593 5.375888
20825411 5084 5.950117
18895794 4613 5.398798
19015032 4642 5.432866
19084375 4659 5.452679
18875446 4608 5.392985
19116341 4667 5.461812
18916858 4618 5.404817
20763974 5069 5.932564
18935942 4623 5.410269
18742320 4575 5.354949
22510238 5495 6.431497
22564843 5508 6.447098
20846063 5089 5.956018
22318917 5448 6.376833
20561701 5019 5.874772
20497480 5004 5.856423
22366794 5460 6.390513
22354962 5457 6.387132
22397694 5468 6.399341
20717717 5058 5.919348
22184656 5416 6.338473
19056454 4652 5.444701
19046580 4650 5.441880
18457626 4506 5.273607
20432014 4988 5.837718
20220983 4936 5.777424
18434411 4500 5.266975
18219056 4448 5.205445
18470044 4509 5.277155
18424995 4498 5.264284
18352280 4480 5.243509
18197364 4442 5.199247
18473923 4510 5.278264
18476172 4510 5.278906
18677740 4559 5.336497
20279601 4951 5.794172
18672098 4558 5.334885
18738969 4574 5.353991
20307723 4957 5.802207
20503513 5005 5.858147
20574706 5023 5.878487
18677534 4559 5.336438
20689694 5051 5.911341
20781309 5073 5.937517
22172772 5413 6.335078
22400368 5468 6.400105
20672510 5046 5.906431
20719679 5058 5.919908
20345567 4967 5.813019
20573837 5022 5.878239
20676648 5048 5.907614
22288860 5441 6.368246
18721159 4570 5.348903
22327506 5451 6.379287
22265070 5435 6.361449
22384947 5465 6.395699
20735990 5062 5.924569
20705581 5055 5.915880
20559270 5019 5.874077
20505049 5006 5.858585
20499708 5004 5.857059
22410552 5471 6.403015
18671976 4558 5.334850
18647061 4552 5.327732
18379496 4487 5.251285
18559016 4531 5.302576
18091422 4416 5.168978
18105014 4420 5.172861
16460875 4018 4.703107
16339766 3989 4.668505
19867363 4850 5.676389
18292183 4465 5.226338
19923399 4864 5.692400
18139365 4428 5.182676
18302193 4468 5.229198
19885759 4854 5.681645
16272114 3972 4.649175
20075159 4901 5.735760
20008082 4884 5.716595
20222904 4937 5.777973
19864160 4849 5.675474
21861745 5337 6.246213
19837612 4843 5.667889
19888607 4855 5.682459
19999878 4882 5.714251
18075459 4412 5.164417
18463920 4507 5.275406
20320792 4961 5.805941
20187456 4928 5.767845
18659389 4555 5.331254
18486737 4513 5.281925
18741479 4575 5.354708
18890851 4612 5.397386
18578054 4535 5.308015
18774367 4583 5.364105
20333919 4964 5.809691
18725694 4571 5.350198
18594467 4539 5.312705
18841842 4600 5.383383
18481653 4512 5.280472
18641803 4551 5.326229
18558408 4530 5.302402
20355824 4969 5.815950
20669724 5046 5.905635
20614724 5032 5.889921
18691283 4563 5.340367
20329444 4963 5.808413
20498664 5004 5.856761
20422374 4985 5.834964
20744227 5064 5.926922
20214724 4935 5.775635
20298611 4955 5.799603
20441995 4990 5.840570
18138726 4428 5.182493
20135071 4915 5.752877
19988715 4880 5.711061
20130002 4914 5.751429
21792546 5320 6.226442
20042330 4893 5.726380
21674768 5291 6.192791
19959839 4873 5.702811
20028741 4889 5.722497
21649357 5285 6.185531
19978123 4877 5.708035
18014569 4398 5.147020
17962426 4385 5.132122
20191904 4929 5.769115
20367440 4972 5.819269
20489653 5002 5.854187
20272516 4949 5.792147
20290686 4953 5.797339
18457391 4506 5.273540
18730313 4572 5.351518
18713076 4568 5.346593
20115097 4910 5.747171
18464682 4507 5.275623
20203530 4932 5.772437
20144358 4918 5.755531
18413984 4495 5.261138
20464643 4996 5.847041
18124240 4424 5.178354
20333256 4964 5.809502
20326549 4962 5.807585
20159204 4921 5.759773
19975899 4876 5.707400
18215201 4447 5.204343
20286171 4952 5.796049
18196526 4442 5.199007
20171706 4924 5.763345
18783582 4585 5.366738
18260656 4458 5.217330
19083132 4658 5.452323
18473298 4510 5.278085
18795661 4588 5.370189
18532128 4524 5.294894
19845792 4845 5.670226
19812230 4836 5.660637
18312241 4470 5.232069
18227910 4450 5.207974
18209385 4445 5.202681
18386130 4488 5.253180
18504207 4517 5.286916
20482597 5000 5.852171
18667521 4557 5.333577
18688277 4562 5.339508
18930014 4621 5.408575
18760504 4580 5.360144
18756104 4579 5.358887
18964613 4630 5.418461
18742261 4575 5.354932
20581908 5024 5.880545
20599833 5029 5.885667
20130257 4914 5.751502
20303516 4956 5.801005
19833799 4842 5.666800
21831300 5329 6.237514
20267985 4948 5.790853
20108408 4909 5.745259
19982055 4878 5.709159
20168553 4923 5.762444
20284715 4952 5.795633
20130714 4914 5.751633
20440899 4990 5.840257
20339485 4965 5.811281
20533895 5013 5.866827
20412490 4983 5.832140
20352815 4968 5.815090
20612737 5032 5.889353
22406327 5470 6.401808
20806366 5079 5.944676
20617126 5033 5.890607
20653573 5042 5.901021
22509275 5495 6.431221
20798849 5077 5.942528
22500874 5493 6.428821
20566865 5021 5.876247
22492463 5491 6.426418
22302040 5444 6.372011
22511345 5495 6.431813
22545777 5504 6.441651
22564002 5508 6.446858
22621966 5522 6.463419
22253018 5432 6.358005
20660008 5043 5.902859
22548402 5504 6.442401
20426172 4986 5.836049
20322206 4961 5.806345
20021008 4887 5.720288
22031852 5378 6.294815
20270579 4948 5.791594
20389460 4977 5.825560
20140993 4917 5.754569
22088290 5392 6.310940
20087854 4904 5.739387
20384883 4976 5.824252
20408873 4982 5.831107
20129230 4914 5.751209
20389548 4977 5.825585
20504316 5005 5.858376
20395217 4979 5.827205
20666924 5045 5.904835
20390357 4978 5.825816
22098768 5395 6.313934
20544461 5015 5.869846
22382806 5464 6.395087
22106669 5397 6.316191
22200155 5419 6.342901
22123966 5401 6.321133
22116456 5399 6.318987
22171365 5412 6.334676
20378794 4975 5.822513
20390686 4978 5.825910
20478993 4999 5.851141
20144204 4918 5.755487
20507162 5006 5.859189
20100059 4907 5.742874
22001418 5371 6.286119
20197023 4930 5.770578
20368799 4972 5.819657
20608324 5031 5.888093
18576888 4535 5.307682
20158736 4921 5.759639
20346600 4967 5.813314
20435850 4989 5.838814
20688103 5050 5.910887
22352986 5457 6.386567
22291265 5442 6.368933
22374870 5462 6.392820
20361557 4971 5.817588
22483734 5489 6.423924
20362727 4971 5.817922
20784203 5074 5.938344
20449097 4992 5.842599
22345284 5455 6.384367
22392397 5466 6.397828
22665730 5533 6.475923
22743847 5552 6.498242
22507662 5495 6.430761
22352036 5457 6.386296
22431043 5476 6.408869
22296412 5443 6.370403
22060049 5385 6.302871
22230679 5427 6.351623
22068403 5387 6.305258
22365440 5460 6.390126
22297774 5443 6.370793
22620343 5522 6.462955
22421701 5474 6.406200
22599045 5517 6.456870
22527322 5499 6.436378
20718896 5058 5.919685
20692233 5051 5.912067
20555084 5018 5.872881
20755832 5067 5.930238
20446694 4991 5.841913
22495948 5492 6.427414
20671574 5046 5.906164
20663254 5044 5.903787
20953727 5115 5.986779
20894524 5101 5.969864
21103976 5152 6.029707
22417674 5473 6.405050
20749223 5065 5.928349
22311142 5447 6.374612
22426766 5475 6.407647
22546957 5504 6.441988
22540184 5502 6.440053
22506324 5494 6.430378
20783337 5074 5.938096
22546150 5504 6.441757
22601066 5517 6.457447
20899087 5102 5.971168
22541189 5503 6.440340
20917658 5106 5.976474
22555089 5506 6.444311
22604879 5518 6.458537
22654097 5530 6.472599
22558636 5507 6.445325
22655236 5531 6.472925
22623590 5523 6.463883
22591605 5515 6.454744
22603021 5518 6.458006
22586821 5514 6.453377
24183187 5904 6.909482
22472849 5486 6.420814
23946045 5846 6.841727
24200532 5908 6.914438
22326022 5450 6.378863
23987711 5856 6.853632
24196317 5907 6.913233
24257413 5922 6.930689
24270482 5925 6.934423
24219975 5913 6.919993
24077788 5878 6.879368
24325241 5938 6.950069
20368093 4972 5.819455
22268896 5436 6.362542
20427974 4987 5.836564
22404159 5469 6.401188
22076790 5389 6.307654
22609951 5520 6.459986
22643267 5528 6.469505
22639161 5527 6.468332
22669529 5534 6.477008
22911192 5593 6.546055
22643473 5528 6.469564
22564198 5508 6.446914
20914142 5105 5.975469
22519752 5497 6.434215
22478236 5487 6.422353
21130202 5158 6.037201
22543993 5503 6.441141
20802275 5078 5.943507
20871156 5095 5.963187
21721880 5303 6.206251
20209738 4934 5.774211
19909716 4860 5.688490
19900751 4858 5.685929
17979690 4389 5.137054
18169659 4435 5.191331
20118200 4911 5.748057
18154416 4432 5.186976
19790287 4831 5.654368
20054113 4896 5.729747
20085225 4903 5.738636
20080571 4902 5.737306
20280463 4951 5.794418
20185134 4928 5.767181
20348685 4967 5.813910
20169570 4924 5.762734
20313813 4959 5.803947
20309986 4958 5.802853
18416982 4496 5.261995
20615136 5032 5.890039
20493961 5003 5.855417
20744849 5064 5.927100
20509522 5007 5.859863
20620635 5034 5.891610
18433706 4500 5.266773
20690582 5051 5.911595
20733826 5061 5.923950
20960602 5117 5.988743
20845903 5089 5.955972
20651670 5041 5.900477
20762829 5069 5.932237
20720604 5058 5.920173
20510468 5007 5.860134
20891392 5100 5.968969
20687212 5050 5.910632
20701269 5054 5.914648
20719113 5058 5.919747
20542006 5015 5.869145
20604945 5030 5.887127
20555242 5018 5.872926
20291161 4953 5.797475
20177844 4926 5.765098
20492836 5003 5.855096
20472262 4998 5.849218
20683784 5049 5.909653
20632750 5037 5.895071
20905703 5103 5.973058
20691018 5051 5.911719
20902659 5103 5.972188
20793975 5076 5.941136
20928977 5109 5.979708
20683407 5049 5.909545
20566987 5021 5.876282
20512926 5008 5.860836
21136343 5160 6.038955
20655158 5042 5.901474
21288712 5197 6.082489
20904680 5103 5.972766
21012086 5129 6.003453
20608272 5031 5.888078
20382974 4976 5.823707
18902868 4614 5.400819
22177432 5414 6.336409
20597372 5028 5.884963
20644931 5040 5.898552
20729950 5061 5.922843
20708366 5055 5.916676
20576742 5023 5.879069
20767225 5070 5.933493
20670479 5046 5.905851
20903189 5103 5.972340
20695305 5052 5.912944
21029612 5134 6.008461
20653806 5042 5.901087
20695923 5052 5.913121
20718942 5058 5.919698
21058416 5141 6.016690
22602002 5518 6.457715
22365059 5460 6.390017
20843379 5088 5.955251
20806409 5079 5.944688
20697167 5053 5.913476
20743571 5064 5.926735
20692987 5051 5.912282
20574133 5022 5.878324
20545902 5016 5.870258
18547107 4528 5.299173
18625931 4547 5.321695
20336992 4965 5.810569
20524580 5010 5.864166
20529629 5012 5.865608
20164078 4922 5.761165
20474528 4998 5.849865
18426064 4498 5.264590
20264511 4947 5.789860
20299742 4955 5.799926
18580721 4536 5.308777
20309357 4958 5.802673
20631640 5037 5.894754
20569944 5021 5.877127
20653744 5042 5.901070
20458684 4994 5.845338
20419071 4985 5.834020
18538053 4525 5.296587
18511910 4519 5.289117
20450556 4992 5.843016
18569856 4533 5.305673
20389349 4977 5.825528
18752507 4578 5.357859
20558568 5019 5.873877
20274091 4949 5.792597
22037040 5380 6.296297
18680938 4560 5.337411
18618634 4545 5.319610
18692948 4563 5.340842
18839007 4599 5.382573
20526144 5011 5.864613
20630659 5036 5.894474
18529729 4523 5.294208
20372813 4973 5.820804
20761666 5068 5.931905
18965800 4630 5.418800
19080454 4658 5.451558
16925858 4132 4.835959
18762113 4580 5.360604
16858045 4115 4.816584
18759271 4579 5.359792
17037527 4159 4.867865
18797267 4589 5.370648
18794509 4588 5.369860
17026819 4156 4.864805
18697407 4564 5.342116
17191413 4197 4.911832
18770663 4582 5.363047
17086448 4171 4.881842
17083463 4170 4.880989
19014623 4642 5.432749
18823757 4595 5.378216
18820604 4594 5.377315
18958077 4628 5.416593
18711544 4568 5.346155
18383762 4488 5.252503
18662109 4556 5.332031
18572363 4534 5.306389
18420582 4497 5.263023
20255290 4945 5.787226
18493933 4515 5.283981
18387749 4489 5.253643
19852667 4846 5.672191
19993848 4881 5.712528
19767711 4826 5.647917
19872355 4851 5.677816
20277407 4950 5.793545
19979304 4877 5.708373
21986646 5367 6.281899
18349536 4479 5.242725
18447242 4503 5.270641
20228727 4938 5.779636
18403907 4493 5.258259
18216183 4447 5.204624
19821702 4839 5.663343
19915948 4862 5.690271
21753798 5310 6.215371
21709259 5300 6.202645
21736966 5306 6.210562
21998411 5370 6.285260
21788345 5319 6.225241
19920390 4863 5.691540
19850523 4846 5.671578
16669301 4069 4.762657
16411466 4006 4.688990
18417335 4496 5.262096
18345958 4478 5.241702
18319800 4472 5.234229
18522412 4522 5.292118
18410069 4494 5.260020
18152147 4431 5.186328
18450088 4504 5.271454
16326657 3986 4.664759
18090594 4416 5.168741
18699253 4565 5.342644
18546446 4527 5.298985
20318421 4960 5.805263
18679867 4560 5.337105
18592651 4539 5.312186
18557298 4530 5.302085
18469084 4509 5.276881
18428511 4499 5.265289
18143129 4429 5.183751
18280382 4462 5.222966
18308502 4469 5.231001
18378556 4486 5.251016
18280745 4463 5.223070
18213836 4446 5.203953
20002524 4883 5.715007
18320607 4472 5.234459
20309703 4958 5.802772
18693769 4563 5.341077
20253289 4944 5.786654
20102451 4907 5.743557
20251501 4944 5.786143
20558779 5019 5.873937
20047640 4894 5.727897
20141467 4917 5.754705
20085197 4903 5.738628
19887169 4855 5.682048
20189624 4929 5.768464
20114612 4910 5.747032
18474765 4510 5.278504
20018602 4887 5.719601
18467059 4508 5.276303
19971130 4875 5.706037
20322618 4961 5.806462
19934571 4866 5.695592
20029523 4890 5.722721
20328983 4963 5.808281
18462032 4507 5.274866
18654794 4554 5.329941
18637233 4550 5.324924
18861812 4604 5.389089
18725896 4571 5.350256
18623826 4546 5.321093
18937628 4623 5.410751
18805441 4591 5.372983
18669228 4557 5.334065
18918300 4618 5.405229
16693901 4075 4.769686
18775234 4583 5.364353
16597514 4052 4.742147
18946580 4625 5.413309
19055231 4652 5.444352
18581242 4536 5.308926
18859219 4604 5.388348
19019927 4643 5.434265
18586510 4537 5.310431
20727695 5060 5.922199
18876805 4608 5.393373
20514218 5008 5.861205
20715552 5057 5.918729
21235541 5184 6.067297
20860388 5092 5.960111
20594757 5028 5.884216
20854837 5091 5.958525
20969819 5119 5.991377
20747303 5065 5.927801
20944597 5113 5.984171
20853291 5091 5.958083
20600937 5029 5.885982
21120818 5156 6.034519
20728808 5060 5.922517
20607211 5031 5.887775
21224100 5181 6.064029
20334520 4964 5.809863
20270488 4948 5.791568
20354406 4969 5.815545
20524134 5010 5.864038
18233465 4451 5.209561
18617116 4545 5.319176
18648643 4552 5.328184
20422524 4985 5.835007
18381992 4487 5.251998
20415185 4984 5.832910
20088936 4904 5.739696
18554836 4529 5.301382
18425540 4498 5.264440
20117953 4911 5.747987
18230033 4450 5.208581
18209413 4445 5.202689
18300035 4467 5.228581
18631091 4548 5.323169
18671550 4558 5.334729
18679311 4560 5.336946
18554707 4529 5.301345
20284013 4952 5.795432
18641628 4551 5.326179
18489981 4514 5.282852
18541080 4526 5.297451
18665150 4556 5.332900
18772754 4583 5.363644
18476926 4510 5.279122
18444802 4503 5.269943
18378473 4486 5.250992
18442134 4502 5.269181
18452884 4505 5.272253
18538590 4526 5.296740
19944924 4869 5.698550
18087305 4415 5.167801
20118434 4911 5.748124
20224018 4937 5.778291
19864287 4849 5.675511
20188919 4928 5.768263
20148757 4919 5.756788
20450269 4992 5.842934
20318676 4960 5.805336
20138461 4916 5.753846
20158223 4921 5.759492
20304982 4957 5.801423
20162912 4922 5.760832
22156379 5409 6.330394
20585125 5025 5.881464
20606921 5030 5.887692
19190865 4685 5.483104
18898154 4613 5.399473
18943553 4624 5.412444
17272878 4217 4.935108
18628191 4547 5.322340
16917332 4130 4.833523
19088019 4660 5.453720
18951527 4626 5.414722
20928453 5109 5.979558
16697651 4076 4.770757
16618292 4057 4.748083
18340183 4477 5.240052
16746334 4088 4.784667
16623484 4058 4.749567
16730323 4084 4.780092
20293144 4954 5.798041
20059887 4897 5.731396
20095643 4906 5.741612
20117496 4911 5.747856
20378756 4975 5.822502
20119922 4912 5.748549
19850708 4846 5.671631
20348992 4968 5.813998
20270868 4948 5.791677
19882487 4854 5.680711
20129304 4914 5.751230
20047622 4894 5.727892
20395738 4979 5.827354
20163669 4922 5.761048
20516731 5008 5.861923
20218609 4936 5.776745
20251317 4944 5.786091
21856107 5335 6.244602
20169430 4924 5.762694
20132041 4915 5.752012
20373124 4973 5.820893
20355010 4969 5.815717
20131699 4914 5.751914
20335767 4964 5.810219
20383239 4976 5.823783
18274795 4461 5.221370
20249652 4943 5.785615
20153352 4920 5.758101
19815034 4837 5.661438
20183092 4927 5.766598
18278706 4462 5.222487
18159315 4433 5.188376
18691940 4563 5.340554
18447899 4503 5.270828
18933979 4622 5.409708
18960479 4629 5.417280
18662943 4556 5.332269
20606781 5030 5.887652
18896597 4613 5.399028
20664790 5045 5.904226
18561442 4531 5.303269
18400978 4492 5.257422
18493056 4514 5.283730
18520167 4521 5.291476
20309689 4958 5.802768
18824955 4595 5.378559
18746932 4576 5.356266
20517241 5009 5.862069
20512459 5007 5.860703
20330893 4963 5.808827
20338025 4965 5.810864
20236796 4940 5.781942
20108323 4909 5.745235
18442941 4502 5.269412
18708771 4567 5.345363
18431269 4499 5.266077
18570513 4533 5.305861
20372328 4973 5.820665
18598970 4540 5.313991
20023260 4888 5.720931
20401258 4980 5.828931
18790208 4587 5.368631
20612944 5032 5.889413
18629049 4548 5.322585
18629758 4548 5.322788
20519039 5009 5.862583
20439694 4990 5.839913
20880931 5097 5.965980
18990016 4636 5.425719
20589670 5026 5.882763
18679814 4560 5.337090
20542355 5015 5.869244
20341932 4966 5.811981
18868865 4606 5.391104
18726500 4571 5.350429
18722649 4570 5.349328
20426162 4986 5.836046
18701837 4565 5.343382
20059517 4897 5.731291
20177977 4926 5.765136
18506135 4518 5.287467
18551233 4529 5.300352
17989229 4391 5.139780
20003827 4883 5.715379
20321357 4961 5.806102
20350591 4968 5.814455
20108550 4909 5.745300
18435783 4500 5.267367
20146959 4918 5.756274
20181838 4927 5.766239
21681366 5293 6.194676
19938042 4867 5.696583
19801490 4834 5.657569
19851291 4846 5.671797
21520794 5254 6.148798
20149399 4919 5.756971
19775158 4827 5.650045
19931485 4866 5.694710
19968005 4875 5.705144
19932256 4866 5.694930
18310366 4470 5.231533
18380546 4487 5.251585
16297832 3978 4.656523
16358107 3993 4.673745
18509462 4518 5.288418
18257157 4457 5.216331
18482872 4512 5.280821
18433308 4500 5.266659
20349264 4968 5.814075
20679528 5048 5.908437
20794342 5076 5.941241
20665276 5045 5.904365
20681193 5049 5.908912
20447693 4992 5.842198
20603053 5030 5.886587
20598580 5028 5.885309
20237135 4940 5.782039
20351166 4968 5.814619
20450067 4992 5.842876
20762029 5068 5.932008
20381346 4975 5.823242
20607916 5031 5.887976
20380487 4975 5.822996
18513928 4520 5.289694
20143556 4917 5.755302
18297155 4467 5.227759
20133748 4915 5.752499
20349599 4968 5.814171
18452067 4504 5.272019
20223997 4937 5.778285
18436573 4501 5.267592
19804280 4835 5.658366
20059447 4897 5.731271
19909008 4860 5.688288
18265861 4459 5.218817
20060188 4897 5.731482
18739890 4575 5.354254
18746168 4576 5.356048
18672475 4558 5.334993
18987942 4635 5.425126
18464856 4508 5.275673
18423522 4497 5.263863
18583990 4537 5.309711
18521228 4521 5.291779
18141233 4429 5.183209
18464388 4507 5.275539
19753233 4822 5.643781
18160248 4433 5.188642
19880381 4853 5.680109
19564443 4776 5.589841
18015679 4398 5.147337
20104535 4908 5.744153
18333646 4475 5.238185
18210457 4445 5.202988
16268797 3971 4.648228
16254793 3968 4.644227
17951944 4382 5.129127
18263833 4458 5.218238
18082012 4414 5.166289
18167049 4435 5.190585
18284939 4464 5.224268
18418809 4496 5.262517
18331503 4475 5.237572
18447452 4503 5.270701
18387139 4489 5.253468
18532159 4524 5.294903
18252517 4456 5.215005
20191831 4929 5.769095
18622056 4546 5.320587
18559979 4531 5.302851
20432017 4988 5.837719
18330201 4475 5.237200
18765356 4581 5.361530
18519347 4521 5.291242
18285706 4464 5.224487
18421302 4497 5.263229
18265289 4459 5.218654
18462280 4507 5.274937
18433476 4500 5.266707
20356431 4969 5.816123
18296516 4466 5.227576
18533811 4524 5.295375
18309999 4470 5.231428
18208268 4445 5.202362
18262311 4458 5.217803
18236660 4452 5.210474
18171326 4436 5.191807
20179286 4926 5.765510
20103097 4907 5.743742
20225323 4937 5.778664
16458450 4018 4.702414
18428895 4499 5.265399
16847424 4113 4.813550
16530264 4035 4.722933
18609933 4543 5.317124
16809626 4103 4.802750
18736702 4574 5.353343
18531490 4524 5.294711
18540462 4526 5.297275
18407493 4494 5.259284
20368498 4972 5.819571
20649952 5041 5.899986
18708785 4567 5.345367
18731675 4573 5.351907
20463034 4995 5.846581
18672859 4558 5.335103
18852117 4602 5.386319
20711014 5056 5.917433
20562859 5020 5.875103
20843909 5088 5.955403
18868603 4606 5.391029
16968212 4142 4.848061
19135401 4671 5.467257
18859728 4604 5.388494
17135792 4183 4.895941
16978599 4145 4.851028
17192401 4197 4.912115
16990612 4148 4.854461
16872503 4119 4.820715
18850130 4602 5.385751
17186990 4196 4.910569
20751077 5066 5.928879
16971120 4143 4.848891
19224756 4693 5.492787
18999698 4638 5.428485
18906994 4615 5.401998
18678997 4560 5.336856
20814822 5081 5.947092
20830823 5085 5.951664
20642034 5039 5.897724
20990562 5124 5.997303
22285079 5440 6.367165
20613767 5032 5.889648
22584028 5513 6.452579
22319581 5449 6.377023
22499432 5493 6.428409
20678257 5048 5.908073
22415248 5472 6.404357
20871575 5095 5.963307
20608122 5031 5.888035
18885494 4610 5.395855
20877782 5097 5.965081
20583061 5025 5.880875
18993490 4637 5.426711
20809959 5080 5.945703
20671211 5046 5.906060
21088976 5148 6.025422
18902403 4614 5.400687
20895114 5101 5.970033
21019128 5131 6.005465
20434845 4988 5.838527
20505402 5006 5.858686
20655873 5042 5.901678
20658216 5043 5.902347
20402434 4981 5.829267
22018473 5375 6.290992
22088916 5392 6.311119
22050140 5383 6.300040
22068463 5387 6.305275
23795730 5809 6.798780
23609790 5764 6.745654
23805869 5811 6.801677
23808680 5812 6.802480
23668818 5778 6.762519
23956959 5848 6.844845
23943161 5845 6.840903
22407187 5470 6.402053
21757513 5311 6.216432
21898073 5346 6.256592
23870087 5827 6.820025
23730874 5793 6.780250
21820058 5327 6.234302
23697427 5785 6.770693
21966141 5362 6.276040
23961460 5849 6.846131
22122754 5401 6.320787
22215834 5423 6.347381
22448612 5480 6.413889
22379248 5463 6.394071
20360733 4970 5.817352
22089533 5392 6.311295
22140242 5405 6.325783
20520900 5009 5.863114
22284028 5440 6.366865
20445584 4991 5.841595
20713517 5057 5.918148
20165810 4923 5.761660
20020808 4887 5.720231
19835825 4842 5.667379
18278528 4462 5.222437
20558579 5019 5.873880
20435540 4989 5.838726
21976374 5365 6.278964
20481413 5000 5.851832
20125261 4913 5.750075
20459246 4994 5.845499
20496534 5004 5.856153
18587756 4538 5.310787
18629387 4548 5.322682
19049624 4650 5.442750
18985376 4635 5.424393
20829438 5085 5.951268
18765471 4581 5.361563
20565189 5020 5.875768
20561659 5019 5.874760
20568935 5021 5.876839
18923107 4619 5.406602
18633044 4549 5.323727
18918974 4618 5.405421
18677956 4560 5.336559
20762808 5069 5.932231
20632820 5037 5.895091
20742823 5064 5.926521
20607934 5031 5.887981
18985292 4635 5.424369
20599844 5029 5.885670
20762892 5069 5.932255
21082954 5147 6.023701
21108979 5153 6.031137
21101256 5151 6.028930
20622779 5034 5.892223
20774469 5071 5.935563
20921387 5107 5.977539
20964990 5118 5.989997
20844074 5088 5.955450
21018517 5131 6.005291
21014219 5130 6.004063
21053772 5140 6.015363
20883655 5098 5.966759
