9395 18
9015 17
9161 17
9524 18
9046 17
9448 18
9077 17
8861 17
9653 18
9032 17
9028 17
8822 17
9102 17
8920 17
9130 17
9039 17
9011 17
8903 17
9067 17
8977 17
9120 17
9039 17
9172 17
9140 17
8882 17
9147 17
9018 17
8938 17
9092 17
9067 17
9755 19
8983 17
9182 17
8990 17
9018 17
8928 17
9154 17
9227 18
8917 17
9011 17
9025 17
9088 17
9130 17
9119 17
8998 17
9099 17
8979 17
9382 18
9070 17
9057 17
9133 17
9116 17
8945 17
8955 17
9081 17
9004 17
8923 17
9476 18
9385 18
8882 17
9161 17
9088 17
9001 17
8945 17
9671 18
8966 17
9297 18
9301 18
9011 17
9029 17
9211 17
8924 17
9238 18
8857 17
9395 18
8952 17
8910 17
9203 17
8944 17
9081 17
9022 17
8998 17
8972 17
9217 18
9067 17
9050 17
9018 17
9001 17
9098 17
9685 18
9604 18
9752 19
9276 18
9071 17
9234 18
9102 17
8965 17
9116 17
9018 17
9183 17
9127 17
9692 18
9235 18
8994 17
9078 17
9095 17
9015 17
8955 17
9043 17
8991 17
8833 17
9371 18
8819 17
8854 17
8948 17
9196 17
8938 17
8900 17
8941 17
9196 17
9032 17
9492 18
8956 17
9646 18
9078 17
8875 17
9095 17
9196 17
9064 17
9057 17
8917 17
9350 18
9127 17
9538 18
8907 17
9022 17
8984 17
9102 17
8973 17
9270 18
9168 17
8875 17
9053 17
9084 17
8907 17
9814 19
8948 17
9064 17
9713 18
9112 17
8966 17
8962 17
9102 17
9241 18
8991 17
9485 18
9022 17
9102 17
8959 17
8781 17
9169 17
9105 17
9158 17
9000 17
9001 17
8973 17
9105 17
8983 17
9444 18
8976 17
9350 18
9088 17
9085 17
9242 18
8889 17
8969 17
9182 17
9151 17
8920 17
9085 17
9112 17
8994 17
9458 18
8948 17
9081 17
9011 17
9057 17
8938 17
9007 17
8903 17
9105 17
8892 17
9810 19
9137 17
8861 17
9060 17
8893 17
8847 17
8984 17
9039 17
8903 17
9102 17
9615 18
9433 18
8851 17
9004 17
9067 17
8781 17
8805 17
9588 18
8987 17
9155 17
8994 17
9001 17
9008 17
9022 17
9046 17
8958 17
9081 17
9113 17
8959 17
9385 18
9015 17
9287 18
9626 18
9022 17
8892 17
8885 17
9276 18
8980 17
9109 17
9175 17
9109 17
9263 18
9074 17
8997 17
9280 18
9161 17
9116 17
9070 17
9157 17
9057 17
8788 17
9227 18
9130 17
8966 17
9094 17
9245 18
8980 17
9098 17
9011 17
9625 18
9213 17
9126 17
9056 17
9130 17
9053 17
9001 17
9162 17
9088 17
8906 17
9595 18
8885 17
9000 17
9060 17
8739 17
8917 17
9190 17
9113 17
9221 18
8990 17
9095 17
9221 18
9140 17
8931 17
9165 17
9015 17
9032 17
8906 17
9123 17
9241 18
9154 17
8973 17
9535 18
9064 17
8847 17
8913 17
9064 17
9706 18
9025 17
9179 17
9063 17
8984 17
9391 18
9011 17
9067 17
9085 17
8941 17
9039 17
9042 17
8986 17
8921 17
8945 17
9577 18
8920 17
9182 17
8892 17
8955 17
8973 17
8952 17
8850 17
9032 17
9326 18
8997 17
9521 18
9095 17
9046 17
9151 17
8903 17
9671 18
8990 17
9074 17
8941 17
9099 17
9214 17
9517 18
9001 17
9113 17
9577 18
9004 17
9008 17
8955 17
9000 17
9116 17
8993 17
9113 17
8914 17
9130 17
8983 17
9248 18
9112 17
8987 17
8962 17
9175 17
9168 17
9081 17
9081 17
8907 17
9189 17
8977 17
9294 18
8952 17
9657 18
9095 17
9026 17
9636 18
8966 17
8815 17
9204 17
9032 17
9067 17
9088 17
9064 17
9060 17
9224 18
9018 17
9113 17
9001 17
9133 17
8976 17
8868 17
9025 17
9134 17
8958 17
9000 17
9011 17
8868 17
9179 17
8931 17
8973 17
9088 17
9148 17
8966 17
9095 17
50499 98
8934 17
8987 17
8990 17
9381 18
9559 18
9036 17
9029 17
9210 17
9532 18
9081 17
8875 17
8991 17
9189 17
8854 17
9078 17
8980 17
9353 18
9197 17
9161 17
9008 17
8924 17
9154 17
8896 17
8966 17
9234 18
9029 17
8997 17
8976 17
9141 17
9015 17
9102 17
8871 17
9113 17
9070 17
9552 18
9130 17
9190 17
8927 17
8955 17
9071 17
8913 17
9563 18
9050 17
9039 17
9120 17
9021 17
9025 17
9032 17
9036 17
9032 17
9074 17
9099 17
9161 17
9217 18
8952 17
9087 17
9340 18
9088 17
8924 17
10712 20
9256 18
8959 17
8993 17
8938 17
8983 17
9105 17
9008 17
9053 17
9036 17
8956 17
9056 17
9077 17
9022 17
9741 19
9084 17
9063 17
9042 17
8979 17
8882 17
9029 17
9085 17
9050 17
9228 18
9294 18
8917 17
8892 17
9029 17
8854 17
8949 17
8973 17
9155 17
9011 17
9046 17
8735 17
8987 17
9626 18
8997 17
9095 17
8864 17
8875 17
8962 17
9329 18
8896 17
8972 17
9084 17
9011 17
9014 17
9130 17
9071 17
9060 17
9008 17
9039 17
9657 18
9046 17
9109 17
8812 17
9227 18
8969 17
9127 17
9140 17
9042 17
9133 17
9063 17
9001 17
9171 17
9060 17
9157 17
8931 17
9018 17
9207 17
9399 18
9005 17
9524 18
9179 17
9239 18
9008 17
9161 17
8917 17
9098 17
8938 17
8987 17
8980 17
9040 17
8959 17
9046 17
9029 17
9039 17
8942 17
8955 17
8966 17
8924 17
9099 17
9129 17
9102 17
9430 18
8987 17
9046 17
9137 17
8934 17
9120 17
9004 17
9056 17
8969 17
8910 17
9490 18
9067 17
9092 17
9164 17
9098 17
9011 17
8970 17
8931 17
8893 17
9200 17
9241 18
9022 17
9412 18
9169 17
9119 17
8997 17
8986 17
9147 17
8980 17
9060 17
9081 17
9011 17
9647 18
9126 17
8913 17
9116 17
8903 17
9084 17
8948 17
9025 17
9056 17
9349 18
8959 17
9067 17
9113 17
9151 17
9270 18
9510 18
8910 17
8983 17
9043 17
9067 17
9207 17
9148 17
9514 18
9168 17
8885 17
9165 17
9141 17
9098 17
8889 17
8980 17
9106 17
8969 17
8889 17
9028 17
9165 17
9001 17
8969 17
9004 17
8973 17
8913 17
8976 17
8840 17
9490 18
8991 17
9218 18
9105 17
8864 17
8816 17
9029 17
9531 18
9168 17
9046 17
8997 17
8847 17
9028 17
8986 17
9042 17
9133 17
9217 18
9144 17
9049 17
8994 17
8994 17
9015 17
9521 18
9168 17
8990 17
8878 17
9179 17
9095 17
8986 17
8854 17
9085 17
9196 17
9573 18
9227 18
8969 17
8997 17
9224 18
9315 18
9078 17
8938 17
9161 17
9081 17
8980 17
9050 17
9000 17
8903 17
8910 17
8903 17
8986 17
9028 17
9035 17
8973 17
9577 18
9014 17
9105 17
9130 17
8861 17
9001 17
9207 17
9340 18
9186 17
9123 17
9102 17
9071 17
8893 17
8980 17
8959 17
12223 23
9000 17
8959 17
9039 17
9033 17
9032 17
8980 17
9248 18
8921 17
9325 18
9025 17
8997 17
9056 17
8784 17
9067 17
8983 17
9018 17
9186 17
8858 17
8931 17
8920 17
9126 17
9019 17
9070 17
9504 18
9193 17
9032 17
9161 17
8994 17
9007 17
8945 17
8948 17
8906 17
9161 17
8966 17
9113 17
9088 17
8983 17
8868 17
8875 17
9113 17
9632 18
9029 17
8847 17
9046 17
8959 17
9577 18
9106 17
9185 17
8917 17
9109 17
9015 17
9018 17
9004 17
9102 17
8976 17
9231 18
8973 17
9168 17
8959 17
8959 17
14499 28
9018 17
9454 18
9140 17
9049 17
9095 17
9070 17
9113 17
8822 17
8983 17
9552 18
9095 17
9584 18
8994 17
9109 17
8951 17
9029 17
8896 17
9126 17
8976 17
9000 17
8987 17
9007 17
8966 17
9022 17
8952 17
8935 17
9151 17
9057 17
8924 17
9221 18
9552 18
8962 17
8938 17
9416 18
8938 17
8969 17
9430 18
9039 17
9099 17
8966 17
8994 17
8962 17
9168 17
9660 18
8998 17
8917 17
9454 18
8951 17
9046 17
8872 17
9081 17
9447 18
8875 17
8990 17
8937 17
8991 17
8865 17
9084 17
8973 17
8770 17
9203 17
9102 17
9042 17
9650 18
8910 17
9060 17
9063 17
9161 17
9014 17
9106 17
9510 18
9102 17
9186 17
9008 17
9074 17
9004 17
9084 17
9005 17
9025 17
8934 17
9158 17
9252 18
9140 17
9157 17
8937 17
8986 17
9088 17
9095 17
9043 17
8903 17
9566 18
9102 17
9678 18
8819 17
8882 17
9015 17
9346 18
9000 17
8850 17
9046 17
9092 17
8872 17
9018 17
8970 17
9081 17
9109 17
8959 17
8900 17
9053 17
9098 17
9099 17
9133 17
9123 17
8987 17
9277 18
9088 17
8826 17
9381 18
9050 17
8938 17
9074 17
9266 18
8972 17
8864 17
8910 17
8938 17
9074 17
9161 17
9067 17
8938 17
8920 17
8959 17
8980 17
8931 17
8955 17
8885 17
9113 17
8958 17
128367 250
8987 17
8951 17
9675 18
9178 17
9105 17
9426 18
8917 17
9018 17
8833 17
9091 17
9046 17
8882 17
9012 17
9112 17
8903 17
8934 17
8969 17
8980 17
8879 17
9081 17
9064 17
9074 17
9088 17
9056 17
9143 17
9028 17
8959 17
8906 17
9015 17
9011 17
9217 18
9105 17
9018 17
9081 17
9039 17
8983 17
8955 17
9081 17
8924 17
9451 18
9015 17
9095 17
9242 18
9050 17
8955 17
9133 17
9000 17
9134 17
9151 17
8847 17
9532 18
9099 17
8914 17
9036 17
9004 17
8983 17
9012 17
9011 17
9168 17
9070 17
8997 17
9510 18
9203 17
9025 17
48749 95
9001 17
9067 17
9133 17
8938 17
9287 18
9011 17
178949 349
9546 18
9594 18
9486 18
9507 18
9856 19
9378 18
9618 18
9504 18
9378 18
9461 18
9556 18
9507 18
9500 18
9542 18
9650 18
9601 18
9629 18
9430 18
9696 18
9511 18
9560 18
9511 18
12698 24
9500 18
9706 18
9339 18
9535 18
9381 18
9654 18
9661 18
9594 18
9423 18
9626 18
9510 18
9518 18
9525 18
9647 18
9395 18
9486 18
9552 18
9675 18
9371 18
9664 18
9259 18
9626 18
9395 18
9371 18
