2081 32
2098 32
2133 33
2360 36
2245 35
2136 33
2060 32
2172 33
2140 33
2102 32
2137 33
2165 33
2151 33
2011 31
2150 33
2210 34
2179 34
2175 33
2269 35
2025 31
2116 33
2088 32
2119 33
2126 33
2228 34
2112 33
2106 32
2227 34
2214 34
2262 35
2123 33
2130 33
2161 33
2141 33
2155 33
2182 34
2171 33
2213 34
2116 33
2098 32
2112 33
2280 35
2116 33
2098 32
2081 32
2238 34
2112 33
2119 33
2088 32
2297 35
44525 695
2252 35
2200 34
2116 33
2140 33
2147 33
2105 32
2126 33
2144 33
2126 33
2119 33
2109 32
2092 32
2336 36
2109 32
2175 33
2224 34
2130 33
2150 33
2064 32
2122 33
2144 33
2087 32
2099 32
2175 33
2137 33
2049 32
2098 32
2060 32
2122 33
2081 32
2143 33
2140 33
2101 32
2102 32
2122 33
2242 35
2133 33
2091 32
2130 33
2113 33
2164 33
2053 32
2134 33
2095 32
2178 34
2120 33
2144 33
2203 34
2098 32
2178 34
2057 32
2347 36
2074 32
2067 32
2119 33
2112 33
2094 32
2081 32
2134 33
2095 32
2136 33
2085 32
2081 32
2154 33
1781 27
2171 33
2304 36
2210 34
2140 33
2175 33
2112 33
2165 33
2472 38
2084 32
2071 32
2057 32
2108 32
2070 32
2133 33
2123 33
2134 33
2109 32
2266 35
2105 32
2217 34
2113 33
2441 38
2273 35
2032 31
2101 32
2315 36
2140 33
2112 33
2050 32
2161 33
2099 32
2144 33
2301 35
2203 34
2084 32
2399 37
2151 33
2119 33
2210 34
2353 36
2186 34
2091 32
2050 32
2301 35
2098 32
2161 33
2161 33
2311 36
2287 35
2050 32
2112 33
2042 31
2053 32
2148 33
2350 36
2098 32
2126 33
2120 33
2081 32
2179 34
2035 31
2112 33
2101 32
2420 37
2081 32
2113 33
2102 32
2106 32
2255 35
2057 32
2063 32
2241 35
2091 32
2081 32
2144 33
2130 33
2046 31
2105 32
2109 32
2112 33
2144 33
2199 34
2133 33
2105 32
2105 32
2273 35
2276 35
2165 33
2095 32
2130 33
2210 34
2196 34
2095 32
2116 33
2032 31
2113 33
2140 33
2182 34
2123 33
2098 32
2120 33
2321 36
2032 31
2249 35
2098 32
2157 33
2361 36
2143 33
2088 32
2063 32
2091 32
2325 36
2074 32
2189 34
2073 32
2088 32
2067 32
2158 33
2077 32
2081 32
2060 32
2384 37
2203 34
2220 34
2056 32
2043 31
2137 33
2217 34
2151 33
2123 33
2101 32
2108 32
2161 33
2186 34
2084 32
2224 34
1973 30
2231 34
2283 35
2151 33
2137 33
2193 34
2144 33
2085 32
2213 34
2112 33
2014 31
2053 32
2105 32
2133 33
2067 32
2091 32
2070 32
2088 32
2130 33
2178 34
2133 33
2080 32
2050 32
2092 32
2092 32
2123 33
2029 31
2106 32
2207 34
2179 34
2140 33
2119 33
2046 31
2157 33
2148 33
2269 35
2108 32
2298 35
2137 33
2235 34
2123 33
2109 32
2088 32
2126 33
2150 33
2140 33
2084 32
2084 32
2175 33
2101 32
2064 32
2137 33
2186 34
2213 34
2102 32
2175 33
2147 33
2158 33
2095 32
2155 33
2112 33
2203 34
2109 32
2129 33
2256 35
2326 36
2127 33
2112 33
2217 34
2060 32
2252 35
2088 32
2042 31
2248 35
2144 33
2123 33
2102 32
2060 32
2457 38
2102 32
2101 32
2099 32
2088 32
2112 33
2147 33
2211 34
2106 32
2119 33
2077 32
2144 33
2116 33
2130 33
2120 33
2227 34
2399 37
2210 34
2091 32
2105 32
2112 33
2235 34
2098 32
2231 34
2123 33
2277 35
2060 32
2126 33
2221 34
2144 33
2133 33
2175 33
2307 36
2101 32
2154 33
2133 33
2157 33
2119 33
2119 33
2088 32
2126 33
2119 33
2154 33
2126 33
2196 34
2126 33
2189 34
2189 34
2133 33
2039 31
2053 32
2102 32
2113 33
2113 33
2108 32
2123 33
2073 32
2077 32
2094 32
2168 33
2133 33
2155 33
2070 32
2112 33
2144 33
2168 33
2022 31
2067 32
2179 34
2078 32
1984 31
2252 35
2049 32
2071 32
2084 32
2112 33
2221 34
2029 31
2465 38
2343 36
2154 33
2301 35
44521 695
2189 34
2115 33
2126 33
2039 31
2140 33
2049 32
2221 34
2168 33
2099 32
2071 32
2273 35
2192 34
2168 33
2112 33
2045 31
2088 32
2333 36
2071 32
2102 32
2095 32
2178 34
2186 34
2144 33
2112 33
2042 31
2007 31
2133 33
2098 32
2178 34
2283 35
2098 32
2081 32
2430 37
2165 33
2256 35
2189 34
2039 31
2035 31
2087 32
2196 34
2221 34
2098 32
2088 32
2238 34
2043 31
2161 33
2108 32
2228 34
2157 33
2113 33
2193 34
2078 32
2130 33
2228 34
2067 32
2095 32
2140 33
2207 34
2293 35
2105 32
2120 33
2063 32
2011 31
2228 34
2130 33
2130 33
2091 32
2171 33
2091 32
2120 33
2130 33
2064 32
2175 33
2235 34
2221 34
2192 34
2175 33
2150 33
2165 33
2175 33
2106 32
2221 34
2192 34
2091 32
2228 34
2318 36
2133 33
2063 32
2123 33
2137 33
2164 33
2050 32
2172 33
2164 33
2277 35
2032 31
2266 35
2063 32
2186 34
2088 32
2347 36
2129 33
2115 33
2129 33
2147 33
2238 34
2203 34
1993 31
2308 36
2045 31
2227 34
2151 33
2234 34
2074 32
2123 33
2210 34
2081 32
2123 33
2165 33
2081 32
2220 34
2101 32
2214 34
2227 34
2095 32
2071 32
2119 33
2266 35
2056 32
2087 32
2150 33
2053 32
2098 32
2073 32
2137 33
2273 35
2123 33
2192 34
2099 32
2224 34
2098 32
2193 34
2224 34
2252 35
2078 32
2102 32
2109 32
2084 32
2179 34
2122 33
2193 34
2172 33
2220 34
2137 33
2091 32
2231 34
2234 34
2081 32
2147 33
2185 34
2140 33
2092 32
2081 32
2088 32
2092 32
2213 34
2140 33
2224 34
2091 32
2099 32
2102 32
2098 32
2262 35
2217 34
2161 33
2039 31
2137 33
2116 33
2120 33
2259 35
2140 33
2046 31
2171 33
2081 32
2099 32
2241 35
2112 33
2224 34
2161 33
2144 33
2367 36
2136 33
2206 34
2147 33
2231 34
2015 31
2109 32
2099 32
1990 31
2133 33
2106 32
2217 34
2105 32
2122 33
2119 33
2140 33
2269 35
2141 33
2161 33
2116 33
2130 33
1892 29
2112 33
2095 32
2133 33
2063 32
2151 33
2234 34
2127 33
2238 34
2161 33
2168 33
2102 32
2161 33
2252 35
2095 32
2119 33
2179 34
2130 33
2095 32
2140 33
2074 32
2144 33
2182 34
2098 32
2168 33
80497 1257
2210 34
2046 31
2193 34
2137 33
2137 33
2182 34
2193 34
2231 34
2109 32
2095 32
2235 34
2129 33
2182 34
2206 34
2105 32
2127 33
2353 36
2154 33
2220 34
2105 32
2063 32
2081 32
2161 33
2088 32
2066 32
2213 34
2196 34
2098 32
2122 33
2154 33
2157 33
2133 33
2116 33
2115 33
2158 33
2112 33
2008 31
2112 33
2102 32
2077 32
2203 34
2176 34
2102 32
2119 33
2102 32
2095 32
2178 34
2266 35
2141 33
2227 34
2210 34
2077 32
2235 34
2259 35
2245 35
2227 34
2112 33
2221 34
2064 32
2094 32
2179 34
2088 32
2043 31
2109 32
2325 36
2189 34
2157 33
2067 32
2171 33
2094 32
2105 32
2094 32
2035 31
2113 33
2158 33
2035 31
2039 31
2078 32
2060 32
2091 32
2021 31
2060 32
2112 33
2140 33
2262 35
2112 33
2102 32
2224 34
2151 33
2035 31
2122 33
2091 32
2085 32
2130 33
2179 34
2084 32
2150 33
2165 33
2227 34
2116 33
2140 33
2115 33
2105 32
2120 33
2130 33
2136 33
2161 33
2116 33
2063 32
2147 33
2227 34
2130 33
2276 35
2046 31
2234 34
2161 33
2130 33
2074 32
2122 33
2155 33
2126 33
2161 33
2109 32
2091 32
2185 34
2081 32
2374 37
2091 32
2207 34
2245 35
2158 33
2165 33
2029 31
2206 34
2095 32
2161 33
2329 36
2032 31
2130 33
2134 33
2070 32
2199 34
2127 33
2336 36
2123 33
2224 34
2231 34
2266 35
2234 34
2095 32
2182 34
2151 33
2119 33
2067 32
2098 32
2067 32
2071 32
2151 33
2126 33
2154 33
2081 32
2192 34
2133 33
2217 34
2130 33
2092 32
2186 34
2297 35
2199 34
2119 33
2207 34
2137 33
1966 30
2116 33
2088 32
2210 34
2221 34
2151 33
2294 35
2276 35
2081 32
2179 34
2220 34
2336 36
2172 33
2091 32
2123 33
2154 33
2137 33
2147 33
2158 33
2091 32
2112 33
2091 32
2098 32
2109 32
2043 31
2112 33
2140 33
2140 33
2119 33
2109 32
2101 32
2273 35
2206 34
2234 34
2091 32
2115 33
2196 34
2210 34
2189 34
2234 34
2199 34
2144 33
2091 32
2231 34
2136 33
2165 33
2165 33
2099 32
2074 32
2409 37
2161 33
2158 33
2210 34
2115 33
2182 34
2102 32
2084 32
2199 34
2078 32
2116 33
2080 32
2095 32
2133 33
2311 36
2095 32
2123 33
2109 32
2140 33
2213 34
2214 34
2102 32
2165 33
2231 34
2151 33
2148 33
2091 32
2085 32
2102 32
2186 34
2182 34
2151 33
2391 37
2123 33
2025 31
2122 33
2074 32
2137 33
2175 33
2126 33
2105 32
2241 35
2328 36
2280 35
2151 33
2088 32
2077 32
2130 33
2094 32
2161 33
2147 33
2189 34
2217 34
2074 32
2137 33
2238 34
2113 33
2035 31
2126 33
2074 32
2130 33
2214 34
2217 34
2008 31
2060 32
2101 32
2206 34
2060 32
2133 33
2102 32
2063 32
2259 35
2273 35
2168 33
2116 33
2151 33
2119 33
2095 32
2116 33
2119 33
2063 32
2235 34
2116 33
2053 32
2144 33
2099 32
2245 35
2133 33
2126 33
2084 32
2129 33
2189 34
2120 33
2339 36
2057 32
2106 32
2382 37
2238 34
2154 33
2185 34
2133 33
2140 33
2070 32
2228 34
2071 32
2088 32
2106 32
2112 33
2106 32
2190 34
2119 33
2220 34
2105 32
2465 38
2126 33
2161 33
2102 32
2123 33
2144 33
2105 32
2116 33
2140 33
2154 33
2102 32
2161 33
2206 34
2074 32
2168 33
2196 34
