21559 21
21472 20
21552 21
22666 22
22690 22
21549 21
21549 21
21514 21
21615 21
21587 21
21535 21
21612 21
22770 22
21549 21
21570 21
21548 21
21587 21
21457 20
21569 21
21660 21
21650 21
21549 21
21555 21
21500 20
21513 21
21395 20
21538 21
21556 21
21496 20
21597 21
21381 20
26046 25
21622 21
21577 21
21531 21
21580 21
21485 20
21549 21
21573 21
21535 21
21486 20
21455 20
21556 21
21548 21
22712 22
21580 21
21538 21
21608 21
21528 21
21576 21
21629 21
21650 21
21608 21
21507 21
21608 21
21552 21
21559 21
21681 21
21681 21
21576 21
21548 21
22802 22
21469 20
21699 21
21583 21
21563 21
21542 21
21698 21
21605 21
21510 21
21434 20
21566 21
21552 21
21580 21
22809 22
21608 21
21524 21
21423 20
21514 21
21622 21
21577 21
21548 21
21535 21
21601 21
21527 21
21594 21
21580 21
21549 21
21563 21
21615 21
21443 20
21555 21
21608 21
21427 20
21615 21
21573 21
21531 21
21647 21
21517 21
21569 21
21562 21
21513 21
21580 21
21615 21
21541 21
62369 60
21573 21
21528 21
21520 21
21552 21
21500 20
21569 21
21566 21
21535 21
21510 21
21559 21
21524 21
21563 21
22886 22
21660 21
21762 21
21636 21
21699 21
21653 21
21570 21
21496 20
22691 22
21503 20
21489 20
21542 21
21562 21
21598 21
21629 21
21556 21
21583 21
21510 21
21562 21
22733 22
21514 21
21492 20
21510 21
21562 21
21541 21
21496 20
21580 21
21535 21
21566 21
21580 21
21562 21
21433 20
21594 21
21496 20
21451 20
21524 21
21563 21
21451 20
21517 21
21573 21
21671 21
22719 22
21688 21
21580 21
21563 21
21650 21
21559 21
21671 21
21510 21
21628 21
21535 21
21698 21
21650 21
21496 20
21590 21
21500 20
22750 22
21590 21
21556 21
21500 20
21556 21
22753 22
21535 21
21538 21
21685 21
21667 21
21478 20
21562 21
21500 20
21468 20
22879 22
21737 21
21601 21
21451 20
22683 22
22799 22
21583 21
21653 21
21587 21
21471 20
21625 21
21611 21
21674 21
21668 21
21873 21
21528 21
21646 21
21497 20
21472 20
21612 21
21562 21
21734 21
21511 21
21646 21
21615 21
21548 21
21450 20
21660 21
21548 21
21580 21
21479 20
21608 21
21678 21
21462 20
21674 21
21605 21
21559 21
21570 21
21555 21
21570 21
21590 21
21528 21
21541 21
21580 21
21475 20
21499 20
21545 21
21608 21
21576 21
21489 20
21510 21
21584 21
21559 21
21573 21
21528 21
21600 21
21476 20
21535 21
21706 21
22662 22
21500 20
21542 21
21413 20
21503 20
21622 21
21506 21
21580 21
21671 21
21538 21
21478 20
21360 20
21611 21
21465 20
21525 21
21570 21
21510 21
22694 22
22760 22
21629 21
21542 21
21615 21
21562 21
21405 20
21604 21
21646 21
21490 20
21444 20
21573 21
21569 21
21535 21
21514 21
22704 22
21604 21
21545 21
21607 21
21590 21
21569 21
21657 21
21476 20
21562 21
21493 20
22666 22
21566 21
22693 22
21517 21
21433 20
21577 21
21559 21
21524 21
21559 21
21650 21
21583 21
21583 21
21552 21
21510 21
21535 21
21625 21
21552 21
21520 21
21552 21
22669 22
21482 20
21490 20
21175 20
21608 21
21706 21
21566 21
21493 20
21556 21
21573 21
21639 21
21608 21
21524 21
21604 21
21538 21
21703 21
21629 21
21573 21
21615 21
22728 22
21475 20
21489 20
21632 21
21538 21
21591 21
21521 21
21563 21
21647 21
21556 21
21469 20
21559 21
21594 21
21566 21
21569 21
21566 21
21518 21
21524 21
21660 21
21636 21
21517 21
21629 21
21500 20
21556 21
21531 21
21552 21
22666 22
21524 21
21618 21
21563 21
21528 21
21573 21
21566 21
21612 21
21632 21
22673 22
21500 20
21587 21
21661 21
21615 21
21584 21
21500 20
21545 21
21562 21
21490 20
21573 21
21636 21
21779 21
21573 21
21597 21
22896 22
21552 21
22809 22
21576 21
21580 21
21521 21
21594 21
21538 21
21520 21
21566 21
21751 21
21740 21
21583 21
21489 20
21444 20
21657 21
21598 21
22830 22
21642 21
21577 21
21534 21
21674 21
21542 21
21559 21
21496 20
21566 21
21569 21
21639 21
22711 22
22753 22
21908 21
21776 21
21625 21
21416 20
21622 21
21559 21
21576 21
21583 21
21479 20
21622 21
22735 22
21437 20
21605 21
21513 21
22665 22
21664 21
21674 21
21580 21
21552 21
21562 21
21541 21
21517 21
21608 21
21657 21
21545 21
21674 21
21496 20
21531 21
21688 21
21859 21
21972 21
22819 22
21622 21
21461 20
21678 21
21587 21
21797 21
22061 21
21635 21
21814 21
21482 20
21541 21
21521 21
21625 21
21587 21
21604 21
21656 21
21503 20
21716 21
21699 21
21894 21
22599 22
21587 21
22728 22
21566 21
21493 20
21751 21
21699 21
21605 21
21556 21
21555 21
21591 21
141072 137
22868 22
21465 20
21542 21
21468 20
21605 21
21566 21
21566 21
22670 22
21692 21
21563 21
21566 21
21601 21
21629 21
21647 21
21597 21
21552 21
21517 21
22704 22
21560 21
21570 21
21423 20
21653 21
22767 22
21556 21
21520 21
21472 20
21657 21
21566 21
21580 21
21255 20
21531 21
21629 21
21657 21
21705 21
22743 22
21566 21
21677 21
21583 21
21500 20
21499 20
21524 21
21573 21
21535 21
21601 21
21559 21
21549 21
21591 21
21524 21
21573 21
22435 21
21619 21
21549 21
21475 20
22663 22
21490 20
21552 21
21531 21
21639 21
21570 21
21556 21
22781 22
22687 22
21545 21
21472 20
21521 21
21615 21
22701 22
21625 21
21496 20
21311 20
21496 20
21559 21
21601 21
21566 21
21535 21
21454 20
21548 21
21552 21
21531 21
21636 21
21643 21
21608 21
21567 21
22781 22
21573 21
22648 22
21538 21
21538 21
21489 20
21640 21
21542 21
21576 21
21577 21
22600 22
21483 20
21608 21
21541 21
21549 21
21534 21
21604 21
21514 21
21677 21
21587 21
143215 139
21580 21
21576 21
21678 21
21476 20
21559 21
21507 21
22686 22
21492 20
21420 20
21566 21
21549 21
21608 21
21583 21
21559 21
21545 21
21514 21
22676 22
21664 21
21678 21
21570 21
21566 21
21499 20
21521 21
21650 21
21706 21
21766 21
21454 20
21545 21
21454 20
21573 21
21496 20
21605 21
21629 21
22697 22
21594 21
21577 21
21650 21
21566 21
21549 21
21552 21
21447 20
22698 22
22694 22
21559 21
26157 25
21576 21
22708 22
21521 21
21639 21
21500 20
22767 22
21591 21
21538 21
21598 21
21577 21
22676 22
21562 21
21674 21
21552 21
21576 21
21607 21
21646 21
21569 21
21573 21
21496 20
21545 21
21430 20
21587 21
21640 21
21545 21
21570 21
21705 21
21591 21
21573 21
21611 21
21500 20
21517 21
22673 22
21520 21
21542 21
21643 21
21549 21
21667 21
21615 21
21541 21
23329 22
21583 21
21524 21
21517 21
21591 21
21597 21
21608 21
21590 21
21556 21
21653 21
21591 21
21584 21
21621 21
21576 21
21490 20
21590 21
21629 21
21514 21
21692 21
21560 21
21500 20
21646 21
21504 21
21584 21
21545 21
21531 21
21555 21
21562 21
21542 21
22718 22
21476 20
21580 21
21619 21
21482 20
21563 21
21598 21
21576 21
21464 20
21573 21
21521 21
21468 20
21531 21
21559 21
21461 20
21605 21
21524 21
22694 22
21566 21
21660 21
21562 21
21535 21
21629 21
21524 21
21528 21
21566 21
21499 20
21538 21
21731 21
21611 21
21524 21
21507 21
21559 21
21444 20
21472 20
21514 21
21569 21
21520 21
21598 21
64356 62
21559 21
21552 21
21587 21
21541 21
22774 22
21612 21
21475 20
22976 22
21546 21
21546 21
21562 21
21577 21
21615 21
21667 21
62101 60
21716 21
21580 21
21587 21
21552 21
21503 20
21538 21
21612 21
21636 21
21660 21
21538 21
21562 21
22714 22
21486 20
21451 20
21549 21
21563 21
21632 21
21521 21
21562 21
21510 21
21531 21
21517 21
21549 21
21430 20
21471 20
21538 21
21559 21
21549 21
21469 20
21527 21
21580 21
21548 21
21485 20
21562 21
21615 21
21653 21
21513 21
21594 21
21472 20
21615 21
21462 20
21465 20
21604 21
22698 22
21611 21
21622 21
21601 21
21608 21
21454 20
21566 21
21570 21
22795 22
22735 22
21559 21
21538 21
21566 21
21524 21
21496 20
21570 21
21472 20
21518 21
21573 21
21580 21
21573 21
21642 21
22691 22
21615 21
21419 20
21569 21
21566 21
21566 21
21499 20
21555 21
21573 21
21619 21
21584 21
21419 20
21539 21
21549 21
21482 20
21723 21
21807 21
21597 21
21629 21
21594 21
21545 21
21587 21
21563 21
21663 21
21531 21
21632 21
21591 21
21552 21
21503 20
21640 21
21514 21
21685 21
22843 22
22746 22
21678 21
21541 21
21531 21
21563 21
21520 21
21552 21
21611 21
21577 21
22725 22
21622 21
21625 21
22579 22
21455 20
21500 20
21608 21
21573 21
21472 20
21594 21
21549 21
21500 20
22767 22
22589 22
21642 21
21580 21
21622 21
21562 21
21534 21
21416 20
21493 20
21500 20
21556 21
21534 21
21528 21
21594 21
21436 20
21598 21
21559 21
22764 22
21716 21
21524 21
21615 21
22764 22
22998 22
22694 22
21587 21
21472 20
21566 21
21684 21
21698 21
21583 21
21591 21
21632 21
21577 21
21619 21
21678 21
21671 21
21377 20
21615 21
21496 20
21600 21
21556 21
21549 21
22767 22
21566 21
22736 22
21524 21
22729 22
21363 20
21583 21
21681 21
21643 21
21559 21
21485 20
21555 21
21622 21
21576 21
21517 21
21614 21
21908 21
21573 21
21559 21
21654 21
21510 21
21534 21
21545 21
21514 21
22834 22
21632 21
22656 22
21542 21
21594 21
21496 20
21552 21
21601 21
21552 21
21580 21
21640 21
21566 21
21549 21
21521 21
21545 21
21807 21
21730 21
21545 21
21552 21
21640 21
21573 21
21559 21
21559 21
21573 21
22589 22
21584 21
21580 21
21535 21
21573 21
21510 21
21458 20
21584 21
21503 20
21556 21
21737 21
21682 21
21566 21
21594 21
21534 21
21559 21
21601 21
21608 21
21601 21
21640 21
21548 21
21483 20
22732 22
21626 21
21622 21
22732 22
21601 21
21206 20
21566 21
21468 20
22722 22
21583 21
21486 20
21562 21
21510 21
21761 21
21552 21
21670 21
21591 21
21629 21
21524 21
21549 21
21629 21
21618 21
21559 21
21646 21
21563 21
21541 21
