2835 22
3212 25
2933 22
3020 23
2937 22
2870 22
2856 22
2887 22
2968 23
2870 22
2985 23
2922 22
2916 22
2957 23
2923 22
2832 22
3215 25
2933 22
2919 22
2824 22
2835 22
2901 22
3076 24
3114 24
2946 23
2898 22
2975 23
2905 22
2818 22
2989 23
2954 23
2870 22
3415 26
2895 22
2842 22
2943 22
2841 22
2789 21
2929 22
2936 22
3020 23
2877 22
3104 24
3034 23
3017 23
2842 22
3044 23
2951 23
2887 22
3184 24
2883 22
2974 23
2953 23
2968 23
2838 22
3062 23
2852 22
2845 22
3104 24
3250 25
3104 24
3006 23
2957 23
2849 22
3003 23
2908 22
3006 23
2880 22
2888 22
2852 22
2904 22
3094 24
2947 23
3107 24
2817 22
2919 22
2911 22
2891 22
2961 23
2904 22
2947 23
2891 22
2888 22
2902 22
2877 22
2890 22
2968 23
3118 24
2849 22
3467 27
2880 22
2884 22
2860 22
3017 23
2954 23
2863 22
2835 22
2922 22
2884 22
3038 23
2978 23
2992 23
2849 22
2964 23
3096 24
2923 22
2804 21
2891 22
2909 22
3016 23
2967 23
2845 22
2825 22
2835 22
3114 24
2957 23
2853 22
2898 22
2894 22
2856 22
2867 22
2940 22
2859 22
2821 22
2898 22
2866 22
2890 22
2989 23
2915 22
2989 23
2912 22
2887 22
2832 22
2839 22
2891 22
2947 23
2894 22
2918 22
2817 22
2912 22
2867 22
3129 24
2849 22
2891 22
2898 22
2867 22
3278 25
2894 22
2902 22
2915 22
3090 24
2940 22
3048 23
2863 22
2904 22
3135 24
2884 22
2902 22
2902 22
3024 23
3023 23
2877 22
2877 22
2849 22
2968 23
2876 22
3108 24
3132 24
2887 22
2944 23
3145 24
3034 23
2961 23
2936 22
2943 22
2940 22
3167 24
2877 22
2803 21
2950 23
2895 22
3149 24
2915 22
2929 22
2904 22
2793 21
2999 23
2828 22
2884 22
2880 22
2947 23
2923 22
2835 22
2894 22
2933 22
2901 22
3090 24
2842 22
2919 22
2918 22
2821 22
2929 22
2839 22
2895 22
2922 22
2852 22
3072 24
2873 22
2870 22
2905 22
3027 23
2873 22
2918 22
3072 24
2944 23
2926 22
2853 22
2866 22
2853 22
2726 21
2866 22
2801 21
2881 22
2884 22
2821 22
2950 23
2902 22
2884 22
2923 22
2961 23
2922 22
2852 22
2992 23
2881 22
2940 22
2842 22
2922 22
2922 22
3003 23
2960 23
2957 23
2880 22
3122 24
3030 23
2919 22
2891 22
2912 22
2849 22
2999 23
2842 22
2873 22
2839 22
2926 22
2978 23
2933 22
2902 22
2873 22
2863 22
2930 22
3052 23
2876 22
2849 22
2877 22
2964 23
2939 22
2888 22
2957 23
2901 22
2870 22
2884 22
2902 22
2964 23
3097 24
2940 22
3013 23
2904 22
2842 22
2856 22
3090 24
2894 22
2905 22
2988 23
2898 22
2930 22
2835 22
2933 22
2940 22
2943 22
3131 24
3076 24
3000 23
2883 22
3055 23
2859 22
2975 23
3103 24
2971 23
2922 22
2922 22
2863 22
2919 22
2923 22
2881 22
2936 22
2870 22
3065 23
2849 22
2953 23
2873 22
2832 22
3066 23
2863 22
2852 22
2730 21
2870 22
3058 23
2919 22
2936 22
2932 22
2866 22
2908 22
2911 22
3230 25
2856 22
2926 22
2894 22
2933 22
2842 22
2922 22
2755 21
3045 23
2968 23
2852 22
2873 22
3020 23
2863 22
2918 22
2982 23
2936 22
3156 24
2894 22
2895 22
2866 22
2884 22
2884 22
2933 22
2964 23
2964 23
2880 22
2922 22
2846 22
2992 23
3293 25
2989 23
2860 22
3023 23
3180 24
2909 22
2856 22
2926 22
2873 22
2891 22
2884 22
2926 22
2933 22
2884 22
2842 22
2953 23
2860 22
2884 22
2905 22
2874 22
2978 23
3166 24
3065 23
2807 21
2957 23
2957 23
2957 23
3153 24
2898 22
2895 22
3317 25
2866 22
3124 24
3041 23
3093 24
3124 24
2915 22
3027 23
2992 23
3107 24
2978 23
2905 22
2870 22
2965 23
3037 23
2888 22
2814 21
2824 22
2922 22
3020 23
2881 22
2923 22
2912 22
3076 24
3034 23
2863 22
2877 22
2873 22
2919 22
2898 22
2856 22
3027 23
2939 22
2905 22
2922 22
2905 22
2915 22
2912 22
2898 22
3068 23
2933 22
3128 24
2894 22
3002 23
3090 24
3202 25
2842 22
3006 23
2929 22
2898 22
2880 22
2915 22
3017 23
3132 24
2873 22
2961 23
3045 23
2905 22
2825 22
2832 22
2842 22
3110 24
2894 22
2915 22
2978 23
2904 22
2933 22
2853 22
2870 22
2856 22
3237 25
2894 22
2961 23
2968 23
2933 22
2856 22
3191 24
2996 23
3124 24
2881 22
2898 22
3369 26
2887 22
3062 23
3159 24
2859 22
2967 23
2950 23
3066 23
2971 23
2860 22
3013 23
2954 23
2940 22
3066 23
3087 24
3009 23
2874 22
2905 22
2954 23
2950 23
2825 22
2860 22
2979 23
2891 22
2901 22
3010 23
2884 22
2950 23
2824 22
2950 23
2901 22
2901 22
2835 22
3006 23
2873 22
3128 24
3082 24
2905 22
2832 22
2953 23
2859 22
2978 23
2985 23
2982 23
2912 22
2939 22
2898 22
2940 22
2908 22
2873 22
2923 22
2974 23
2818 22
2905 22
2957 23
2891 22
2950 23
3122 24
3013 23
2908 22
2992 23
2890 22
3069 23
3219 25
2912 22
2964 23
2926 22
2905 22
2912 22
2772 21
2811 21
2901 22
2891 22
2915 22
2891 22
2908 22
2908 22
2901 22
2912 22
3121 24
2922 22
2918 22
2873 22
2738 21
2988 23
2968 23
2852 22
3013 23
3184 24
2957 23
3048 23
3002 23
2957 23
3160 24
2940 22
3062 23
2902 22
2888 22
2989 23
3031 23
2835 22
2915 22
3107 24
2881 22
2824 22
2880 22
2870 22
2943 22
2895 22
3093 24
2901 22
2996 23
2824 22
2881 22
2867 22
3037 23
2887 22
2957 23
2918 22
2957 23
2880 22
2869 22
2863 22
2838 22
2919 22
2915 22
2932 22
2894 22
2926 22
2748 21
3002 23
2975 23
2953 23
2992 23
2971 23
2874 22
3047 23
2898 22
2818 22
2821 22
2916 22
2933 22
3188 24
3051 23
2939 22
2849 22
3065 23
2912 22
2922 22
2883 22
2986 23
2821 22
2898 22
2985 23
2881 22
2860 22
2890 22
3006 23
2856 22
2825 22
2863 22
2898 22
2951 23
2978 23
2853 22
2943 22
3076 24
3062 23
2943 22
3013 23
2912 22
2951 23
2919 22
2838 22
2902 22
2975 23
2926 22
2807 21
2933 22
2839 22
2915 22
3062 23
2982 23
2877 22
2856 22
2832 22
3090 24
2939 22
2853 22
2905 22
3044 23
2930 22
3142 24
2933 22
3097 24
2936 22
2981 23
2923 22
2995 23
2999 23
2932 22
2922 22
3062 23
2846 22
3093 24
3062 23
2953 23
2947 23
2908 22
3034 23
2894 22
2985 23
2912 22
2884 22
2936 22
2894 22
2901 22
2967 23
2821 22
2891 22
2960 23
2989 23
2940 22
2874 22
2975 23
2929 22
2866 22
2933 22
2842 22
2898 22
2950 23
2646 20
2926 22
2825 22
2915 22
2870 22
2950 23
3100 24
2905 22
2835 22
2912 22
2891 22
2873 22
2870 22
2880 22
3030 23
2950 23
2831 22
2964 23
2940 22
2919 22
2845 22
3086 24
2880 22
2863 22
2978 23
2870 22
2898 22
2901 22
2922 22
2877 22
2936 22
2985 23
2925 22
2929 22
2842 22
3073 24
2912 22
3045 23
3359 26
2887 22
2863 22
2982 23
2933 22
2803 21
2867 22
2946 23
2902 22
3066 23
2839 22
2978 23
2870 22
2853 22
2919 22
2905 22
2982 23
2944 23
3181 24
2898 22
2943 22
2902 22
3027 23
2950 23
2919 22
2890 22
2880 22
3250 25
2926 22
2915 22
2859 22
2835 22
2989 23
2940 22
2873 22
2961 23
2863 22
2909 22
2901 22
2912 22
2877 22
2884 22
2999 23
2891 22
2950 23
2786 21
2933 22
3006 23
2943 22
2968 23
3017 23
3136 24
2933 22
2898 22
2947 23
3038 23
2828 22
2908 22
2929 22
2877 22
2919 22
2933 22
2947 23
3145 24
3030 23
2919 22
2818 22
2965 23
2842 22
2916 22
2901 22
3048 23
3083 24
2925 22
2895 22
2901 22
2947 23
2925 22
2982 23
2982 23
2831 22
2954 23
2888 22
2985 23
2849 22
2873 22
2905 22
3125 24
2877 22
2961 23
2842 22
2883 22
2932 22
2947 23
2918 22
2912 22
2828 22
2988 23
2911 22
2877 22
2908 22
2870 22
2916 22
3129 24
3146 24
2975 23
2922 22
2845 22
2884 22
2954 23
2996 23
2936 22
2905 22
2832 22
2895 22
2982 23
3013 23
2943 22
3250 25
2835 22
2877 22
2996 23
3034 23
3121 24
2936 22
2891 22
2884 22
2996 23
3080 24
2867 22
2835 22
2925 22
2912 22
2908 22
2975 23
2999 23
2933 22
2936 22
2926 22
2877 22
2908 22
2926 22
2894 22
2951 23
2884 22
2859 22
2918 22
3118 24
2867 22
3223 25
2950 23
3006 23
2845 22
2954 23
2898 22
2936 22
2944 23
2888 22
2835 22
2975 23
2908 22
2904 22
2947 23
2832 22
2922 22
2919 22
3065 23
2835 22
2961 23
2873 22
3094 24
3178 24
2929 22
2965 23
2904 22
2901 22
2852 22
2866 22
2870 22
3009 23
2884 22
2950 23
2971 23
2923 22
3117 24
2856 22
2933 22
2936 22
3104 24
2926 22
2832 22
2912 22
2936 22
2905 22
2876 22
3180 24
2863 22
2944 23
2849 22
2867 22
2905 22
2929 22
2863 22
2947 23
2943 22
2898 22
2988 23
2918 22
2884 22
2880 22
3061 23
2937 22
2880 22
2909 22
2939 22
2922 22
2811 21
2884 22
2989 23
2887 22
2873 22
2866 22
2860 22
2923 22
2880 22
3135 24
2985 23
2915 22
2887 22
2923 22
2867 22
3219 25
2828 22
2866 22
2939 22
2821 22
2862 22
3160 24
2751 21
2954 23
2908 22
2894 22
2905 22
2926 22
2814 21
2852 22
2859 22
2923 22
3132 24
2954 23
2939 22
3083 24
3017 23
2919 22
2961 23
3003 23
2978 23
2989 23
3027 23
2856 22
2894 22
2905 22
3090 24
2915 22
2842 22
2856 22
2870 22
2926 22
