171037 37
170312 36
184510 40
180433 39
183194 39
175227 38
159439 34
186148 40
155980 33
168740 36
221875 48
165716 35
173981 37
170580 37
163930 35
146085 31
160197 34
164701 35
146744 31
176285 38
173904 37
173594 37
155100 33
173181 37
165965 36
169686 36
175140 38
165514 35
171376 37
177870 38
174016 37
192876 41
176896 38
170737 37
168486 36
163591 35
177762 38
187150 40
168059 36
180803 39
166547 36
184503 40
166795 36
175447 38
171400 37
174302 37
160591 34
174508 37
160486 34
170039 36
153546 33
214830 46
164499 35
171390 37
166359 36
171663 37
176634 38
173488 37
184441 40
164250 35
169927 36
181197 39
171886 37
173129 37
168960 36
165389 35
168608 36
170807 37
166163 36
158182 34
152268 33
166362 36
158514 34
172815 37
166014 36
182817 39
175751 38
172895 37
164285 35
221903 48
163263 35
180600 39
169655 36
165615 35
166062 36
202837 44
272493 59
182909 39
175716 38
177678 38
180342 39
168904 36
175628 38
218824 47
161562 35
167668 36
166604 36
174148 37
179864 39
174958 37
182450 39
162896 35
163273 35
159638 34
156004 33
175968 38
172532 37
171174 37
173394 37
158291 34
184165 39
159796 34
174512 37
170674 37
176962 38
166255 36
165141 35
165581 35
152803 33
168495 36
299841 65
163007 35
161331 35
179766 39
162795 35
173608 37
169086 36
167658 36
174389 37
183428 39
185761 40
187548 40
167127 36
177043 38
172378 37
171414 37
164467 35
169218 36
174825 37
172549 37
173694 37
180199 39
178694 38
170311 36
182004 39
183431 39
175213 38
167550 36
176550 38
185463 40
175115 38
178994 38
173160 37
171488 37
176851 38
172993 37
180771 39
178135 38
171443 37
163185 35
175719 38
172221 37
164830 35
161726 35
166128 36
162040 35
176697 38
173799 37
164900 35
176163 38
178967 38
164362 35
175761 38
159589 34
181938 39
170217 36
163095 35
169543 36
164401 35
160581 34
162686 35
157415 34
173474 37
163406 35
168827 36
150169 32
168772 36
155693 33
167466 36
175852 38
165148 35
192576 41
168828 36
184922 40
169864 36
177549 38
162365 35
300319 65
167438 36
159845 34
165301 35
168248 36
165256 35
159659 34
177636 38
155767 33
274681 59
164554 35
172389 37
158068 34
167641 36
159632 34
160194 34
170360 36
163706 35
165588 35
163566 35
166450 36
168922 36
162352 35
163308 35
166205 36
157652 34
163189 35
156668 33
149405 32
162124 35
156894 34
161457 35
165371 35
164935 35
166429 36
171435 37
163964 35
171048 37
158954 34
215106 46
167822 36
180290 39
175384 38
215702 46
163332 35
162784 35
166321 36
162986 35
164638 35
168433 36
162847 35
166150 36
161608 35
184542 40
160054 34
164523 35
160277 34
178017 38
172835 37
172287 37
173656 37
168415 36
175929 38
166530 36
167158 36
173855 37
173642 37
178848 38
168496 36
173111 37
174015 37
225639 48
163252 35
168210 36
175614 38
164247 35
168576 36
167549 36
161502 35
220492 47
294914 64
171872 37
161531 35
177884 38
156852 34
182008 39
153773 33
176131 38
170074 36
168287 36
161597 35
169665 36
164551 35
165637 35
176096 38
158989 34
165636 35
185178 40
179071 38
170796 37
159893 34
165563 35
330976 71
162026 35
159565 34
175531 38
178764 38
171275 37
155668 33
168855 36
167441 36
168789 36
167539 36
163427 35
164624 35
159017 34
162424 35
158790 34
159935 34
162361 35
154684 33
170130 36
180188 39
179273 38
202914 44
163933 35
162079 35
164963 35
172682 37
159610 34
170444 36
181372 39
150987 32
176630 38
169540 36
169431 36
177252 38
210598 45
168786 36
148232 32
171694 37
153406 33
219383 47
161087 34
184015 39
166463 36
170765 37
175028 37
171934 37
153714 33
168112 36
175632 38
172937 37
173237 37
162546 35
181317 39
159327 34
177950 38
174152 37
169858 36
170280 36
189091 41
163381 35
182587 39
172612 37
186692 40
186218 40
187053 40
179207 38
174958 37
176421 38
177636 38
171718 37
160522 34
177930 38
180922 39
183474 39
183247 39
167253 36
172068 37
161426 35
177465 38
317381 68
183177 39
154705 33
172881 37
168984 36
169229 36
165469 35
169197 36
160016 34
192097 41
161254 34
169131 36
168855 36
168852 36
180024 39
173534 37
169613 36
171994 37
165615 35
178824 38
177717 38
166331 36
162753 35
155078 33
156272 33
157732 34
164356 35
159767 34
169023 36
157219 34
167396 36
150246 32
159202 34
153993 33
153337 33
158381 34
168251 36
157491 34
170546 37
164076 35
166967 36
171676 37
161245 34
208629 45
166960 36
166604 36
165057 35
165144 35
166911 36
157868 34
165574 35
180126 39
181466 39
176331 38
171023 37
165675 35
167753 36
173799 37
153088 33
174470 37
180722 39
182234 39
165815 35
177667 38
182451 39
178778 38
186026 40
175821 38
180387 39
179828 39
178792 38
174218 37
176540 38
176456 38
174658 37
183069 39
178041 38
190942 41
172633 37
167577 36
168726 36
173429 37
177326 38
181173 39
310297 67
183872 39
163542 35
177388 38
176037 38
187213 40
176337 38
232178 50
180496 39
178687 38
173695 37
164600 35
178694 38
147886 32
190271 41
161412 35
193211 41
166285 36
164131 35
182265 39
175486 38
158064 34
170737 37
161122 34
182790 39
158465 34
184468 40
169557 36
192660 41
180164 39
191511 41
171202 37
188494 40
159764 34
173195 37
164516 35
177458 38
168186 36
172773 37
171407 37
190613 41
174232 37
184808 40
184915 40
178167 38
265290 57
174511 37
168091 36
172594 37
173252 37
178432 38
177220 38
167462 36
176889 38
169324 36
158451 34
163263 35
157498 34
164778 35
168310 36
156095 33
171914 37
163695 35
296398 64
159649 34
163032 35
168067 36
155462 33
167270 36
171233 37
169474 36
217741 47
167522 36
172916 37
170472 36
170961 37
175223 38
221173 47
191472 41
167225 36
188864 40
185872 40
159781 34
183697 39
171114 37
183813 39
153501 33
169184 36
152055 32
157544 34
167846 36
159320 34
175147 38
159736 34
309881 67
158127 34
158231 34
156465 33
163172 35
170192 36
167002 36
165015 35
174316 37
157802 34
179298 38
167829 36
184036 39
166042 36
182304 39
163273 35
170807 37
180380 39
188009 40
155944 33
168601 36
164865 35
177762 38
160086 34
165947 36
154974 33
158357 34
155830 33
170158 36
163804 35
167815 36
165681 35
159785 34
164369 35
152230 33
168388 36
154059 33
172476 37
169595 36
174536 37
206136 44
171561 37
179151 38
188009 40
176030 38
197150 42
172365 37
175691 38
173950 37
217584 47
170528 37
170965 37
214152 46
170374 36
181787 39
153550 33
166956 36
167047 36
180698 39
162522 35
176038 38
169829 36
170095 36
172839 37
163290 35
177808 38
160665 34
173524 37
162505 35
175137 38
163845 35
185229 40
170650 37
174431 37
165734 35
164585 35
174397 37
182370 39
178921 38
179808 39
176980 38
184940 40
176403 38
167232 36
172106 37
194579 42
179591 38
161129 34
163828 35
169016 36
161894 35
169240 36
181640 39
183313 39
228669 49
168387 36
169739 36
165982 36
165926 36
159279 34
170849 37
161730 35
174410 37
166533 36
171983 37
160487 34
167665 36
160270 34
160081 34
160885 34
158866 34
159014 34
159516 34
164107 35
157481 34
214735 46
166035 36
167463 36
158329 34
172067 37
173600 37
155448 33
186354 40
162756 35
167253 36
158081 34
160337 34
171254 37
161615 35
194028 42
161230 34
179878 39
166932 36
182126 39
165829 35
176380 38
171296 37
178373 38
175876 38
169592 36
171579 37
175548 38
181907 39
187828 40
170517 37
168210 36
167222 36
180981 39
166415 36
175968 38
177042 38
178980 38
235659 51
179022 38
175573 38
182112 39
165197 35
176075 38
160375 34
173317 37
168841 36
170684 37
170563 37
174669 37
177859 38
168433 36
170657 37
176813 38
178736 38
173003 37
164837 35
173000 37
167836 36
171390 37
165797 35
307821 66
157219 34
164847 35
162770 35
167292 36
169204 36
167183 36
178795 38
174400 37
153574 33
164764 35
178128 38
162560 35
176076 38
166471 36
161904 35
173740 37
172657 37
167630 36
166422 36
217776 47
165716 35
173227 37
171924 37
161374 35
166666 36
189454 41
166701 36
183261 39
181040 39
161597 35
170657 37
166167 36
175549 38
172288 37
168458 36
171411 37
172748 37
179294 38
172853 37
175929 38
164903 35
170186 36
155938 33
164858 35
164320 35
173499 37
159216 34
170622 37
173105 37
161971 35
167365 36
166732 36
163339 35
155100 33
215280 46
156259 33
166653 36
168112 36
166838 36
169090 36
172158 37
224507 48
188826 40
168175 36
180893 39
172717 37
180530 39
181753 39
199677 43
184221 39
170863 37
161297 35
163092 35
160665 34
166750 36
157212 34
174508 37
158067 34
170741 37
163423 35
165336 35
166209 36
173869 37
169198 36
175769 38
168332 36
156605 33
159062 34
174176 37
171701 37
160629 34
190955 41
167207 36
167264 36
167962 36
160905 34
205784 44
172458 37
161935 35
168325 36
167361 36
170475 36
157708 34
168831 36
168015 36
173631 37
164645 35
176540 38
160344 34
169882 36
163332 35
176788 38
160836 34
226892 49
168000 36
174923 37
161747 35
174717 37
166335 36
170507 37
169062 36
166439 36
168908 36
167812 36
156688 34
176431 38
162264 35
165958 36
170022 36
161779 35
174801 37
171872 37
164173 35
161367 35
180880 39
170224 36
189475 41
165755 35
170622 37
182116 39
162581 35
172570 37
174693 37
165748 35
177901 38
172144 37
178320 38
166743 36
179940 39
167585 36
159900 34
159254 34
174473 37
150872 32
170647 37
160867 34
172574 37
175632 38
168426 36
169197 36
178471 38
176739 38
166939 36
188522 40
217217 47
184535 40
168475 36
166178 36
180642 39
184511 40
185625 40
290455 63
172577 37
178844 38
180356 39
180886 39
184437 40
157913 34
169829 36
165311 35
174944 37
173388 37
182730 39
178506 38
171481 37
219057 47
166631 36
166565 36
175566 38
167738 36
181525 39
160685 34
188260 40
172322 37
185875 40
171826 37
178673 38
175440 38
169690 36
173174 37
169572 36
165633 35
160249 34
173541 37
149870 32
169760 36
170535 37
167155 36
160336 34
169268 36
167120 36
174351 37
173631 37
181281 39
179606 38
170668 37
168730 36
172152 37
189098 41
177340 38
164991 35
164701 35
170510 37
212822 46
169892 36
170403 36
175699 38
174191 37
159303 34
180258 39
169634 36
168558 36
162578 35
175217 38
160846 34
160053 34
166887 36
203046 44
180827 39
150044 32
223610 48
171212 37
167190 36
168985 36
167012 36
159408 34
158988 34
169809 36
165451 35
171868 37
163573 35
161360 35
174477 37
195550 42
185782 40
198958 43
169700 36
173007 37
176655 38
180837 39
179881 39
167435 36
179923 39
174455 37
174818 37
294415 63
176966 38
