8288829 63
8268555 63
8096858 61
7939362 60
8017998 61
7986838 60
7939195 60
7959599 60
8051550 61
7980595 60
8102499 61
7911295 60
8225049 62
7932579 60
8202261 62
7963718 60
8178907 62
8048673 61
8100198 61
7942742 60
7948196 60
8154590 62
7975603 60
8145066 62
8264791 63
8131212 62
7935198 60
8028239 61
8032142 61
8279199 63
8120826 61
7993971 60
8017388 61
8176299 62
9525251 72
7974136 60
7998953 61
8294233 63
7973393 60
7994414 60
7942086 60
8219247 62
7994076 60
8177504 62
8384572 63
8415380 64
7937017 60
8228914 62
8486680 64
8495524 64
8065806 61
8241252 62
7927520 60
8280722 63
8045151 61
8333826 63
7976745 60
7936479 60
8123539 61
8346464 63
8019200 61
8083031 61
7975809 60
8317828 63
8034073 61
7993974 60
8164666 62
8097063 61
7953105 60
7976500 60
8176474 62
7993080 60
7999990 61
8050283 61
8333236 63
7981106 60
8156552 62
7988148 60
8150076 62
8000307 61
8189609 62
7915032 60
9009237 68
8181184 62
8290198 63
7915325 60
7948073 60
8116273 61
8153114 62
7951094 60
7948786 60
7929831 60
8291538 63
7983780 60
7988797 60
8224201 62
8046041 61
7907186 60
8083458 61
8255117 62
8033088 61
8016720 61
7915083 60
8069178 61
7984789 60
8112865 61
7988339 60
7987966 60
8127567 62
8226170 62
7895403 60
7980403 60
8096997 61
8218730 62
8130242 62
8008764 61
8490248 64
8275450 63
7984247 60
7930829 60
8070103 61
8258185 63
7953258 60
8048052 61
8281923 63
8044673 61
7952536 60
7990822 60
8105386 61
8033350 61
8261254 63
8389823 64
7975736 60
7953304 60
8129504 62
8010527 61
7948346 60
8272080 63
8141760 62
7920495 60
8135419 62
8228583 62
8386570 63
8043192 61
7968764 60
8830313 67
8222417 62
7971881 60
7935526 60
8107303 61
8298867 63
8001742 61
7973662 60
8319214 63
8115242 61
7897875 60
7908615 60
8261450 63
8147517 62
8151752 62
7894775 60
8035567 61
7972422 60
8040452 61
7971124 60
7956543 60
8241626 62
8058833 61
7890379 60
7900274 60
8303552 63
8475965 64
7992400 60
7911282 60
8955822 68
8159381 62
7886717 60
7926365 60
8241050 62
8326501 63
7995797 61
8248158 62
8236242 62
8220227 62
7957154 60
8026322 61
8262333 63
8298374 63
8076328 61
7913646 60
8123688 61
8133147 62
7981052 60
8476216 64
7917430 60
8137214 62
7921651 60
7928124 60
8159789 62
8102597 61
8128542 62
7872814 60
7873582 60
9536968 72
8067006 61
8118374 61
7895453 60
8175723 62
8142039 62
7943570 60
7947281 60
8133687 62
8192936 62
7886469 60
7854854 59
7904201 60
8103680 61
7963453 60
7872825 60
7866844 60
8197681 62
7964057 60
7947068 60
7976189 60
15803920 120
8356251 63
8317088 63
8417122 64
8096529 61
7867305 60
7998593 61
8156549 62
8751921 66
7891734 60
7879580 60
8088471 61
7989516 60
7933043 60
7957909 60
8152844 62
8027808 61
7898405 60
7965108 60
8231504 62
8283208 63
7890128 60
7933833 60
7897302 60
8353408 63
7986311 60
7953925 60
7965980 60
8230946 62
7972227 60
7911928 60
7953196 60
8390340 64
8129655 62
7930854 60
8038171 61
8033263 61
9196862 70
7915590 60
7859952 59
8168541 62
8034212 61
8905942 67
7869741 60
8157632 62
7973783 60
7914281 60
7939760 60
8102982 61
8193965 62
7877559 60
7991520 60
7860312 59
8370513 63
7967576 60
7906077 60
7998105 61
8309711 63
8042368 61
7874808 60
7922475 60
8147534 62
8093404 61
7945245 60
8082222 61
8074593 61
9511344 72
7856796 59
7978574 60
8132096 62
7936241 60
7956746 60
7900557 60
8002375 61
8009528 61
7856195 59
7933892 60
7928515 60
8341133 63
7992522 60
8023738 61
7880816 60
8252683 62
8071143 61
7947319 60
7944149 60
8201189 62
8129274 62
7978919 60
7913949 60
8223021 62
8133781 62
8032728 61
7956582 60
7886741 60
10762220 82
8091142 61
7905999 60
7925391 60
8081939 61
8041631 61
7993307 60
7947096 60
8312078 63
7882691 60
7894548 60
7906831 60
8342310 63
7964773 60
7957186 60
7941524 60
8163475 62
7983183 60
7882091 60
7962943 60
8077330 61
8302149 63
7888927 60
7892921 60
7922381 60
8245233 62
8164446 62
7943458 60
7950102 60
9169786 69
8074513 61
8068549 61
7957235 60
8144475 62
8031953 61
7897791 60
8387973 63
7922534 60
7947389 60
8175985 62
7953918 60
7956100 60
8171517 62
7900682 60
7965355 60
7899327 60
8182000 62
7969496 60
7947445 60
7944062 60
7872308 60
7912444 60
7918103 60
7877392 60
7948552 60
8331804 63
7954798 60
7927674 60
8119977 61
8629085 65
8121660 61
7962221 60
7966525 60
8243208 62
7931106 60
7938204 60
7913268 60
7922164 60
8088300 61
7974503 60
7950022 60
7915272 60
8265744 63
8016469 61
8019848 61
7945717 60
8322293 63
8119894 61
8137580 62
7899143 60
7965590 60
8095370 61
7971501 60
7965048 60
7961881 60
8298049 63
7951831 60
7881106 60
7916941 60
8301768 63
8009504 61
7960611 60
7976021 60
8411375 64
8059567 61
7953666 60
7992812 60
8111804 61
8129515 62
8121579 61
7922608 60
7918321 60
8274993 63
7962639 60
8029952 61
7944942 60
8347438 63
7927667 60
8182737 62
7915621 60
8275300 63
7977910 60
8193861 62
7879765 60
8017359 61
8098903 61
7910929 60
8011770 61
8114185 61
7946580 60
7922820 60
7955308 60
8116018 61
8040200 61
7860717 59
8010240 61
7849785 59
8325219 63
8109611 61
7912881 60
7916868 60
8300127 63
7875492 60
7898098 60
8023546 61
8155543 62
7921121 60
7944966 60
7969790 60
8235447 62
7864973 60
8210780 62
7849800 59
8300396 63
7979688 60
7925297 60
7907511 60
8531732 65
7979097 60
7900409 60
7890777 60
8203183 62
7963397 60
7948940 60
8076538 61
8277528 63
8076439 61
8081572 61
7950818 60
8099479 61
8520158 65
7956366 60
7947731 60
8071552 61
8129879 62
7950423 60
7929074 60
8146343 62
8285341 63
7940082 60
8248235 62
7971868 60
8165459 62
8080301 61
7972538 60
8102904 61
8269606 63
7997812 61
8012045 61
8113322 61
8134473 62
8040958 61
7943419 60
7960594 60
8244737 62
8154385 62
8099482 61
7892201 60
8133590 62
8282248 63
7889346 60
7931375 60
8078852 61
8241239 62
7951695 60
7957288 60
7942777 60
8038182 61
7880998 60
8047672 61
7987662 60
8065474 61
8100820 61
7885777 60
8168570 62
8131761 62
7903374 60
7883585 60
7874706 60
8035442 61
7984782 60
7929695 60
7926172 60
8027687 61
8023483 61
8057384 61
7934234 60
8270122 63
8297260 63
7917915 60
7983996 60
8031785 61
8098418 61
7926843 60
8076722 61
8302452 63
7905046 60
7897547 60
7913820 60
7913628 60
8112442 61
8240613 62
7926989 60
8015676 61
8208207 62
8203120 62
7956907 60
7936531 60
8115797 61
8285439 63
7927771 60
7863140 59
8000706 61
8005681 61
8023060 61
7958006 60
7960974 60
8058452 61
8223000 62
7955343 60
8059064 61
8225709 62
8262260 63
7999924 61
8055813 61
8047640 61
7973400 60
7980606 60
7996819 61
8008372 61
8264788 63
8102387 61
7904662 60
7890361 60
8178038 62
8256559 62
7965757 60
8126331 61
8075619 61
8285487 63
8004023 61
7973648 60
8303545 63
8081492 61
7933763 60
7939646 60
8300277 63
7998618 61
8084802 61
7988706 60
7948894 60
7942623 60
8226114 62
7964294 60
7947473 60
8280341 63
8130975 62
7917937 60
8181379 62
8205889 62
7995088 60
7989341 60
7966016 60
8116950 61
7918533 60
8083356 61
7929276 60
9208362 70
8073033 61
7941667 60
7944921 60
8297233 63
7900549 60
7998788 61
7860277 59
7852976 59
7917445 60
8209998 62
7952194 60
7908045 60
8020456 61
8052004 61
7872081 60
7868611 60
8225199 62
7899080 60
7909313 60
7903032 60
8039823 61
7844158 59
8099375 61
7917112 60
8062573 61
7950766 60
8117387 61
8078769 61
7833900 59
8066667 61
8070152 61
7896761 60
7891604 60
8216555 62
7850459 59
7969026 60
7843648 59
8187772 62
7996491 61
8194402 62
7840149 59
7983096 60
7942334 60
8037365 61
7930544 60
7906642 60
8143177 62
7941764 60
8103913 61
7823925 59
8213702 62
7913237 60
8072198 61
7833683 59
8017439 61
7840033 59
8153801 62
8028657 61
7962465 60
7912950 60
8175974 62
7862127 59
7830404 59
8197680 62
7881867 60
8059262 61
8095510 61
8212840 62
7875876 60
8131370 62
7847827 59
8025700 61
7905183 60
8071213 61
8037386 61
7840194 59
8135977 62
7842073 59
7897676 60
8007374 61
8165878 62
7910486 60
8071251 61
7842994 59
8075131 61
7854348 59
8212913 62
7930705 60
8122411 61
7861935 59
7919703 60
7850637 59
7922552 60
8055265 61
8044885 61
8176083 62
7830269 59
8082612 61
7968187 60
8091993 61
7911058 60
8167888 62
7881982 60
8154650 62
7882481 60
8234734 62
7950863 60
8144462 62
7897998 60
8019126 61
8020027 61
8323198 63
7967607 60
7962828 60
7931972 60
7922374 60
8037131 61
7932837 60
8101955 61
7949313 60
8265307 63
8284640 63
8176792 62
7887988 60
8234161 62
7968005 60
8137703 62
7896175 60
7933361 60
7895606 60
8005820 61
8150642 62
7937338 60
8106364 61
8396017 64
8384160 63
8019339 61
7957011 60
7942341 60
8107739 61
7887282 60
8080776 61
7929636 60
8257613 63
7936046 60
8148083 62
7883735 60
8168933 62
7971962 60
8369961 63
7887946 60
8157621 62
7866191 60
7965502 60
7971500 60
8071964 61
7923072 60
7917008 60
8023854 61
7847013 59
8314221 63
7924786 60
8357958 63
7984952 60
8060739 61
7945504 60
8123936 61
7919916 60
8228677 62
7930749 60
8052587 61
7885899 60
7990399 60
8005625 61
7878302 60
8189769 62
8011749 61
7884831 60
8060638 61
8085008 61
7902302 60
8056323 61
7930174 60
8234381 62
7977356 60
8102709 61
7929573 60
8071898 61
7947312 60
8220926 62
7884067 60
7871679 60
8011074 61
7945508 60
8072345 61
7982237 60
8027680 61
8073899 61
7888846 60
7976776 60
8222721 62
7933839 60
8200516 62
7896814 60
8040091 61
7882478 60
8158713 62
8127910 62
7985183 60
7914512 60
8260134 63
7876536 60
7999135 61
8239057 62
8108232 61
7980330 60
7913603 60
8169131 62
7888215 60
7966135 60
7951213 60
8133775 62
7930174 60
8168123 62
7889988 60
7985805 60
7993028 60
8258884 63
8043502 61
8022272 61
8071890 61
8116660 61
8089553 61
8030836 61
8288679 63
8053844 61
7917028 60
7875681 60
8275076 63
7960245 60
7953021 60
8142119 62
8032743 61
7908241 60
8080211 61
7993018 60
7983783 60
8107520 61
8372632 63
7880289 60
7923637 60
8259959 63
8092168 61
8030361 61
7941014 60
8173133 62
7992668 60
8164854 62
7930767 60
8108745 61
7980096 60
7986286 60
7984481 60
7890439 60
8181334 62
8215536 62
7948353 60
8331682 63
8137280 62
8209806 62
7945493 60
7953482 60
8252096 62
8118193 61
8000971 61
7981615 60
8012824 61
7902585 60
8008135 61
7946572 60
7994435 60
7981898 60
8151124 62
8035570 61
8355999 63
8132280 62
8265335 63
7909610 60
7867891 60
8219096 62
8258444 63
7969800 60
7984953 60
8077917 61
8045831 61
7880495 60
8002137 61
7915611 60
8003510 61
8166105 62
7886780 60
7921836 60
8113829 61
8076387 61
7918673 60
7952581 60
8217623 62
8166660 62
7839549 59
7937740 60
8042773 61
8075868 61
7904704 60
7890603 60
7920388 60
8057709 61
7860706 59
7902879 60
8056776 61
8071374 61
8008428 61
7830460 59
7858279 59
8085740 61
8209883 62
7944970 60
7924846 60
7980739 60
8012551 61
7855388 59
7910109 60
7925289 60
8067390 61
8131156 62
8002954 61
7947344 60
8061668 61
7943632 60
8118972 61
7893560 60
8140025 62
8010003 61
8073022 61
7899520 60
8342816 63
8223544 62
7852484 59
7856991 59
7954777 60
7998482 61
7927635 60
7913935 60
7896031 60
8045747 61
7865203 60
7847802 59
7897826 60
8228006 62
8406990 64
7880415 60
8051083 61
8219442 62
8778735 66
8570745 65
8282332 63
8010590 61
8092469 61
8121939 61
8174927 62
7998995 61
7980291 60
7994223 60
8314891 63
8177116 62
7942585 60
7900500 60
8176673 62
8312608 63
8132071 62
7898099 60
8234724 62
8156248 62
7972946 60
