1983 61
1871 58
1865 58
1980 61
1931 60
1941 60
1878 58
1948 60
1903 59
1927 60
2120 66
1871 58
2008 62
1972 61
1878 58
2256 70
1872 58
1868 58
1871 58
1899 59
1972 61
1910 59
1920 60
1878 58
1952 61
1987 62
2287 71
1896 59
1906 59
1889 59
1882 58
1902 59
1938 60
1910 59
1916 59
2000 62
1928 60
1952 61
2021 63
1930 60
1851 57
1910 59
2157 67
1861 58
1959 61
1896 59
1955 61
1868 58
1910 59
1900 59
1991 62
1861 58
1923 60
1924 60
1903 59
1945 60
1815 56
1840 57
1889 59
1969 61
1906 59
1872 58
1819 56
1924 60
1899 59
1952 61
1858 58
2106 65
1910 59
1966 61
1949 60
1893 59
1816 56
1965 61
1875 58
1913 59
1917 59
1983 61
1963 61
1959 61
1892 59
1840 57
1875 58
2022 63
1900 59
1882 58
1896 59
1990 62
1972 61
1921 60
1864 58
1927 60
1934 60
1934 60
2015 62
1899 59
1844 57
1945 60
1867 58
1920 60
1658 51
1920 60
1959 61
1924 60
1923 60
1962 61
1941 60
1913 59
1906 59
1931 60
1931 60
1928 60
1942 60
1874 58
1955 61
1889 59
2066 64
1903 59
1959 61
1853 57
1917 59
1944 60
1969 61
1948 60
1934 60
1917 59
1906 59
2011 62
1910 59
1907 59
1854 57
1973 61
1910 59
1948 60
1924 60
1931 60
1923 60
1916 59
1899 59
1921 60
1868 58
1885 58
1861 58
1851 57
1920 60
1979 61
1917 59
1941 60
2004 62
1896 59
1914 59
2008 62
1924 60
1819 56
1861 58
1864 58
1941 60
1899 59
1850 57
1868 58
1837 57
1958 61
2080 65
1913 59
1865 58
1881 58
1973 61
1983 61
1909 59
1888 59
1924 60
1875 58
1966 61
1875 58
1882 58
1931 60
1976 61
1972 61
1886 58
2001 62
2042 63
1858 58
1882 58
1836 57
1959 61
1878 58
1979 61
1986 62
1895 59
1942 60
1969 61
1924 60
1851 57
1997 62
1892 59
1885 58
1980 61
1878 58
1937 60
1983 61
1896 59
1889 59
1930 60
2011 62
1914 59
1907 59
1927 60
1941 60
2021 63
2001 62
1875 58
1969 61
1914 59
1966 61
1917 59
1875 58
2000 62
1868 58
1924 60
1917 59
1955 61
2014 62
1921 60
1868 58
1878 58
1885 58
1886 58
1837 57
1903 59
1979 61
1868 58
1931 60
1906 59
2105 65
1931 60
1900 59
1899 59
2032 63
1903 59
1910 59
1864 58
1945 60
1889 59
1924 60
1948 60
1913 59
1913 59
1878 58
1850 57
1850 57
1871 58
1976 61
1864 58
1888 59
1965 61
1994 62
1851 57
1920 60
2154 67
1850 57
1840 57
1871 58
1941 60
1924 60
1910 59
1854 57
1885 58
1938 60
2102 65
1861 58
2060 64
2036 63
1885 58
1895 59
1851 57
1994 62
1931 60
1903 59
1896 59
1969 61
1934 60
1934 60
1990 62
1924 60
1941 60
1865 58
2025 63
1955 61
1903 59
1851 57
1924 60
1997 62
1913 59
1934 60
2137 66
1920 60
1840 57
1882 58
1955 61
1976 61
1927 60
2078 64
1892 59
1882 58
1994 62
1889 59
1969 61
1888 59
1934 60
1886 58
1930 60
1826 57
1889 59
1913 59
1836 57
2004 62
1837 57
1917 59
1892 59
2029 63
1850 57
2007 62
1871 58
1902 59
1822 56
1910 59
1951 60
1959 61
1892 59
2116 66
1910 59
1924 60
1903 59
1948 60
1941 60
1865 58
2130 66
1948 60
1840 57
1809 56
1875 58
1944 60
1906 59
1909 59
1914 59
1899 59
1858 58
1910 59
1917 59
1927 60
1875 58
1990 62
1941 60
1976 61
1966 61
1924 60
1871 58
1906 59
1868 58
2070 64
1871 58
1994 62
1616 50
1941 60
1945 60
1885 58
1899 59
1931 60
1843 57
1959 61
1907 59
1934 60
1903 59
1941 60
2028 63
1857 58
1937 60
1990 62
1945 60
1874 58
1896 59
1920 60
1959 61
1923 60
1951 60
1973 61
1945 60
1913 59
1969 61
1941 60
1930 60
1875 58
2653 82
1951 60
1885 58
2049 64
1945 60
1924 60
2126 66
1931 60
1956 61
1938 60
1951 60
1858 58
1986 62
1896 59
1966 61
1847 57
1976 61
1906 59
1928 60
1913 59
2021 63
1948 60
1854 57
1941 60
1913 59
1896 59
1878 58
1892 59
1951 60
1872 58
1986 62
1914 59
1896 59
1903 59
2130 66
1903 59
1913 59
1885 58
1949 60
1966 61
2119 66
1844 57
1962 61
1854 57
1826 57
1983 61
1854 57
1973 61
1875 58
1986 62
1892 59
1998 62
1920 60
1941 60
1956 61
1924 60
1802 56
1923 60
1980 61
1896 59
1959 61
1895 59
2070 64
2004 62
2070 64
1885 58
2091 65
1896 59
1902 59
1948 60
1993 62
1927 60
1944 60
1858 58
1857 58
1920 60
1906 59
1885 58
1843 57
1878 58
1795 56
1900 59
1871 58
1927 60
1886 58
1938 60
1913 59
1952 61
1952 61
1917 59
1948 60
1924 60
2039 63
1986 62
1903 59
1875 58
1941 60
1879 58
1938 60
1868 58
2130 66
1888 59
1886 58
1812 56
1948 60
1983 61
1934 60
1952 61
1920 60
1868 58
1927 60
1843 57
1973 61
1812 56
1952 61
1896 59
2071 64
1875 58
1840 57
1948 60
1871 58
1889 59
1857 58
1914 59
1907 59
1941 60
1833 57
1959 61
1847 57
2028 63
1920 60
1861 58
1931 60
1931 60
1872 58
1844 57
1875 58
1886 58
1948 60
1886 58
1844 57
1934 60
1910 59
1931 60
1983 61
1917 59
2011 62
1945 60
1868 58
1896 59
1878 58
1935 60
1892 59
1914 59
1956 61
1906 59
1850 57
1871 58
1892 59
1906 59
2108 65
1924 60
1927 60
1903 59
1969 61
1931 60
1836 57
1941 60
1868 58
1934 60
1934 60
1875 58
1948 60
2025 63
1935 60
1941 60
1934 60
1990 62
1931 60
1847 57
1854 57
1930 60
1945 60
1955 61
1865 58
1927 60
1781 55
1987 62
1875 58
1920 60
1990 62
2029 63
1938 60
1949 60
1959 61
1885 58
1934 60
2032 63
1938 60
1913 59
2109 65
1847 57
1840 57
1808 56
1903 59
1924 60
1906 59
1914 59
1934 60
1878 58
1917 59
1959 61
1888 59
1882 58
1994 62
1924 60
1969 61
1892 59
2004 62
1962 61
2000 62
1941 60
1868 58
1917 59
1902 59
1910 59
1990 62
1833 57
1896 59
1944 60
1833 57
1934 60
2636 82
1994 62
1934 60
1868 58
1979 61
2004 62
1923 60
1976 61
1941 60
1896 59
1920 60
1833 57
1885 58
1983 61
1882 58
1909 59
1931 60
1997 62
1899 59
1903 59
1872 58
1865 58
1917 59
2004 62
1934 60
2437 76
1983 61
1840 57
1903 59
1913 59
1934 60
1903 59
1987 62
1920 60
1900 59
1844 57
2437 76
1958 61
1868 58
1910 59
1896 59
1930 60
1872 58
1945 60
1903 59
1993 62
1903 59
2102 65
1987 62
1951 60
1794 56
1924 60
1889 59
1955 61
1798 56
1973 61
1871 58
1847 57
1914 59
1843 57
1980 61
1948 60
1938 60
1826 57
1941 60
1882 58
2102 65
1934 60
1900 59
1965 61
1958 61
1885 58
1868 58
1948 60
1868 58
1875 58
2045 63
1921 60
1941 60
1986 62
2151 67
1959 61
1910 59
1973 61
1902 59
1927 60
1931 60
1847 57
1865 58
1889 59
2001 62
1969 61
1976 61
1980 61
1906 59
1875 58
1973 61
1871 58
1917 59
1994 62
1812 56
1879 58
1826 57
1934 60
1913 59
1990 62
1850 57
1941 60
1944 60
2028 63
1948 60
1864 58
1895 59
2007 62
1979 61
1928 60
1896 59
1990 62
1973 61
1959 61
1956 61
1875 58
1847 57
1878 58
1895 59
1931 60
1931 60
1889 59
1938 60
1864 58
1864 58
1924 60
1896 59
1909 59
1840 57
1896 59
1934 60
1801 56
1983 61
1983 61
1878 58
1895 59
1889 59
2000 62
1920 60
1934 60
1976 61
1966 61
1872 58
1840 57
1892 59
1920 60
1955 61
1878 58
2018 63
1878 58
1913 59
1969 61
1840 57
1927 60
2025 63
1927 60
1924 60
2018 63
1896 59
1672 52
1917 59
1980 61
1980 61
1920 60
1903 59
1882 58
2221 69
2618 81
2577 80
1867 58
1955 61
1921 60
1885 58
1930 60
1976 61
1868 58
1986 62
1910 59
1924 60
2000 62
2049 64
1942 60
1896 59
1948 60
1871 58
1994 62
1871 58
1941 60
1990 62
1889 59
1889 59
1913 59
1868 58
1903 59
1892 59
1945 60
1990 62
1956 61
1837 57
1924 60
2011 62
1867 58
1965 61
1882 58
1875 58
1927 60
1854 57
1865 58
1927 60
1941 60
1916 59
1962 61
1938 60
1906 59
1923 60
2092 65
1850 57
1931 60
1909 59
1976 61
1934 60
1937 60
1864 58
1938 60
1931 60
1879 58
1878 58
1934 60
2000 62
1885 58
1951 60
1993 62
1969 61
1882 58
1868 58
1903 59
1847 57
1962 61
1983 61
2007 62
1938 60
2108 65
1837 57
1844 57
1872 58
1910 59
1920 60
1892 59
1875 58
1871 58
2049 64
1938 60
2105 65
1892 59
1847 57
1948 60
1857 58
2021 63
2137 66
1924 60
1903 59
1994 62
1913 59
1882 58
1966 61
1885 58
1851 57
1941 60
1990 62
1927 60
1882 58
1927 60
1819 56
1920 60
1983 61
1931 60
1882 58
1857 58
1945 60
1872 58
1907 59
1888 59
1906 59
1921 60
1857 58
1906 59
1963 61
1969 61
1847 57
1875 58
1920 60
1948 60
2046 63
1860 58
1927 60
1920 60
1889 59
1941 60
1903 59
1920 60
1976 61
1924 60
1819 56
1899 59
1909 59
1955 61
1990 62
1882 58
1909 59
1836 57
1976 61
1885 58
1924 60
1885 58
1948 60
1931 60
1955 61
1920 60
1858 58
1934 60
1955 61
1896 59
1857 58
1924 60
1934 60
1861 58
1938 60
1924 60
1840 57
1899 59
1951 60
1917 59
1917 59
1906 59
1930 60
1882 58
1959 61
1865 58
1910 59
1881 58
1871 58
1850 57
1766 55
1941 60
1948 60
1927 60
1959 61
1962 61
1983 61
1917 59
2091 65
1791 55
1906 59
1924 60
1966 61
1889 59
1909 59
1847 57
1896 59
1899 59
1864 58
1812 56
1717 53
1647 51
1634 51
1854 57
1729 54
1680 52
1696 53
1934 60
