19125677 116
14375373 87
14028228 85
24018114 146
14594968 89
14288648 87
14178733 86
14810220 90
13782249 84
14397169 87
13956562 85
14239968 86
15752967 96
14263988 87
14396310 87
14470526 88
14013365 85
14862066 90
14323142 87
14154546 86
14636798 89
13919822 84
16233380 99
14653466 89
14631840 89
14431737 88
14111853 86
13980457 85
14965316 91
14114059 86
14287796 87
14515107 88
14885546 90
14983175 91
14205525 86
14139469 86
14552025 88
14059720 85
14243040 86
15525520 94
14322318 87
14472509 88
14421563 88
14222798 86
17825828 108
14165117 86
14146854 86
14551595 88
14051292 85
14322510 87
14692911 89
14734011 89
15150881 92
14152056 86
14466728 88
15061286 91
14141327 86
14598096 89
14332824 87
14019727 85
14433015 88
14100018 86
14260825 87
14411320 87
13981545 85
14644010 89
20388036 124
14002238 85
13984964 85
14441426 88
13961624 85
14196256 86
13887995 84
14118162 86
14488922 88
14044372 85
14611360 89
19105043 116
13857288 84
13964787 85
14125657 86
13802757 84
14368366 87
14870055 90
13977146 85
14768439 90
14034024 85
14773309 90
20109455 122
13947445 85
14148181 86
14384077 87
14096721 86
14522449 88
13924043 84
14678111 89
14627487 89
14692967 89
14832686 90
14833119 90
14049823 85
14413478 87
13970754 85
14290279 87
14630255 89
14587588 89
14205575 86
14409543 87
14188534 86
14769515 90
21630641 132
13910542 84
14202446 86
13912861 84
18744432 114
14435867 88
13891329 84
14084596 85
14372206 87
14083846 85
14806976 90
13856804 84
14489714 88
14756132 90
14367853 87
14547377 88
14716156 89
14090689 86
14508544 88
14417674 87
14489732 88
15079762 92
20836157 127
14195048 86
14718264 89
14093195 86
14754735 90
14893034 90
13937020 85
14384831 87
14896788 90
14279228 87
15538029 94
14366931 87
14096886 86
14698445 89
14047655 85
14510938 88
14330055 87
14020841 85
14586567 89
14352149 87
14229592 86
14769441 90
17414055 106
14117652 86
14551221 88
13899767 84
14583056 89
14797236 90
14032069 85
14557195 88
13924340 84
14058841 85
14423037 88
13887816 84
14265291 87
13997675 85
14325125 87
15154788 92
13827532 84
14245191 86
14356742 87
14092452 86
14423578 88
13877360 84
14257240 87
14718607 89
13970618 85
15305757 93
15022811 91
13903789 84
14294394 87
14283191 87
14154120 86
14431925 88
14263943 87
14123630 86
14648354 89
14687765 89
14838800 90
14431311 88
14509200 88
14421270 88
13919675 84
15901157 97
15210918 92
14401045 87
14116545 86
17127399 104
13952787 85
15139709 92
14233034 86
14027167 85
14458307 88
13953785 85
14511514 88
14237992 86
13719678 83
14054176 85
14085144 85
13920555 84
14386004 87
13857456 84
13964141 85
14043650 85
14753419 90
14778850 90
13933215 85
13804115 84
14038656 85
13919466 84
13856325 84
14179634 86
13786183 84
14292342 87
14547021 88
14276878 87
14584724 89
13905601 84
14015967 85
14202419 86
14192262 86
14613580 89
14187776 86
14142758 86
14184320 86
13751528 83
14413572 87
14033255 85
13663983 83
13839384 84
14944420 91
14820009 90
14097175 86
14622434 89
13746972 83
14269777 87
14075460 85
14750343 90
14221799 86
13920761 84
14337942 87
14509759 88
14607065 89
14412210 87
14093495 86
14089086 85
14101934 86
13873185 84
17334526 105
14213165 86
13828478 84
14343685 87
14408188 87
16210085 98
14511269 88
14258183 87
13845278 84
14585088 89
13927077 85
14621534 89
14349625 87
13754590 83
14209345 86
14390672 87
14438224 88
14012853 85
13641007 83
14197000 86
14143750 86
14093328 86
14265800 87
14083692 85
13943301 85
14297470 87
14300295 87
21594729 131
13996932 85
13811877 84
14344170 87
14423452 88
14006013 85
14290310 87
14177260 86
13932160 85
14093967 86
14318966 87
14368774 87
14265274 87
13956544 85
14308779 87
14285858 87
14787928 90
14233523 86
14128737 86
14770607 90
14237336 86
14721365 89
19054094 116
14292331 87
14076535 85
14232469 86
14432938 88
14301835 87
14261667 87
14225580 86
14481667 88
14720007 89
14979404 91
14257170 87
14247153 86
14503013 88
14455555 88
14586969 89
14450660 88
14409085 87
14324123 87
14222424 86
14218175 86
14519010 88
14274253 87
14066269 85
14397344 87
14874814 90
15206166 92
14282869 87
14383493 87
14442860 88
14267428 87
14216929 86
14381584 87
14269973 87
14806205 90
14135919 86
14692649 89
14665434 89
14248839 86
14328393 87
14517554 88
14414109 87
14817660 90
14183461 86
14426639 88
14302676 87
14320870 87
14779995 90
14799240 90
14212966 86
14022859 85
14324001 87
14610756 89
14003440 85
15712115 95
14877819 90
14135353 86
14088482 85
14770079 90
14438088 88
14303759 87
13976885 85
14200233 86
20516260 125
14710402 89
14424259 88
14137099 86
14161217 86
14545140 88
14767043 90
14539086 88
14502570 88
14523870 88
14445800 88
14281473 87
14398443 87
14413174 87
14362486 87
14433720 88
14342177 87
15468883 94
15030558 91
16146239 98
14584882 89
14304805 87
14059462 85
14402522 87
14331951 87
14001069 85
14004239 85
13997948 85
14769385 90
14508966 88
14018610 85
14214610 86
14231016 86
14178918 86
13982139 85
14127176 86
14371853 87
14308265 87
14345654 87
14900824 90
14335512 87
14209146 86
14069594 85
14109678 86
14778906 90
14309145 87
14169073 86
14661807 89
14803175 90
14289793 87
15449820 94
14323069 87
14314166 87
14651347 89
14477225 88
15339596 93
14465471 88
14146372 86
14410806 87
14284926 87
14492071 88
14491344 88
14093851 86
14491939 88
14338567 87
14481768 88
14675374 89
14122386 86
14221429 86
14291354 87
14424590 88
14501040 88
14279857 87
14095091 86
14262809 87
13980090 85
14750577 90
14359240 87
14312473 87
14583251 89
14494372 88
14549371 88
14226512 86
14154011 86
14699562 89
14528315 88
13996213 85
14551385 88
14071943 85
14099926 86
14234902 86
14267253 87
15179049 92
14326298 87
14103907 86
14380805 87
13975513 85
13994208 85
14210627 86
13806078 84
14333166 87
14005964 85
14257840 87
14120235 86
13745590 83
14126503 86
14065763 85
14154636 86
14247066 86
13594149 82
13913272 84
14113532 86
14045326 85
14540269 88
14063044 85
14019276 85
14269166 87
13985079 85
14840731 90
14212607 86
14068612 85
14582647 89
14024814 85
13979552 85
14977504 91
13802478 84
14217837 86
14202632 86
14331381 87
14864140 90
13902889 84
14056616 85
14366560 87
14201112 86
14353311 87
14170619 86
13979258 85
14863289 90
13749283 83
15133463 92
14481569 88
13784714 84
14323603 87
14284301 87
14458941 88
14319787 87
13793962 84
13989425 85
15274764 93
14007926 85
14648692 89
14324667 87
14466260 88
14459700 88
14326340 87
14466685 88
14342335 87
14111986 86
14586659 89
14373941 87
13987450 85
14441907 88
13949024 85
14094431 86
14348025 87
14596693 89
15066453 91
14204639 86
13887569 84
14408352 87
14069018 85
14004759 85
14555366 88
13823820 84
14124838 86
14362245 87
14771152 90
15206307 92
14265902 87
14080340 85
14471060 88
14680255 89
14063351 85
14871877 90
13903144 84
14283435 87
14286996 87
14743936 89
14548669 88
13899079 84
14132040 86
14600666 89
14532100 88
14158393 86
14938642 91
14450339 88
14529212 88
13748205 83
14958592 91
14458680 88
14100080 86
14325034 87
14216485 86
14682066 89
14565728 88
13947784 85
14067353 85
14401690 87
13850236 84
14228548 86
13770350 84
14063683 85
14524230 88
14390595 87
14363900 87
14350947 87
13874008 84
14265891 87
14159272 86
13886092 84
14528109 88
13988584 85
14324074 87
14012842 85
14290142 87
14439055 88
14456990 88
14031353 85
14533622 88
14647739 89
14119265 86
14499327 88
14246396 86
14294000 87
13767540 84
13966557 85
14085022 85
13795324 84
14159007 86
14156539 86
14580136 88
14427202 88
13702667 83
13966708 85
14193386 86
13838721 84
14310965 87
13634352 83
14023679 85
13928505 85
14129753 86
14626118 89
13608209 83
13894196 84
14450901 88
14199632 86
13950958 85
13601715 83
13820214 84
14642244 89
14125068 86
13961069 85
13667191 83
13751888 83
14187748 86
14178137 86
14159290 86
13911341 84
13876819 84
14449651 88
14539117 88
13962371 85
14142801 86
13789525 84
14126615 86
13834245 84
13924749 84
14290931 87
13919902 84
13919061 84
14346660 87
14056840 85
14279190 87
13756888 83
13977017 85
14473563 88
13710195 83
14255735 87
14014423 85
13830744 84
14213510 86
14137183 86
13953206 85
13775039 84
13820151 84
14511521 88
15479793 94
14520515 88
14111182 86
13811168 84
14269847 87
13738262 83
14859071 90
14356495 87
14297278 87
14127497 86
14493369 88
14083328 85
14274050 87
13804000 84
14139961 86
14646329 89
14000517 85
15387724 93
14072000 85
13979126 85
14661555 89
14986777 91
14170172 86
14414270 87
13877049 84
14387536 87
14396334 87
13910235 84
14687789 89
14305721 87
14534599 88
14621303 89
14057129 85
14000679 85
13974314 85
13997864 85
14750455 90
14299523 87
14464782 88
14771372 90
13986287 85
14511200 88
14033459 85
14008771 85
14472506 88
14287935 87
13979678 85
14646912 89
14343633 87
14053114 85
13829228 84
14068040 85
14804934 90
13618114 83
13946922 85
14071182 85
13846591 84
13966306 85
14806240 90
13738048 83
14198047 86
13707398 83
14086349 85
14563769 88
14052587 85
13982509 85
14137929 86
13637504 83
14061679 85
13947180 85
13776369 84
14067597 85
13633573 83
14344073 87
17991517 109
14328973 87
13956984 85
13553939 82
13790073 84
14018792 85
14660221 89
14052406 85
14181463 86
13744609 83
14490773 88
13861188 84
13847387 84
13997341 85
13610701 83
14428490 88
13573009 82
13971637 85
14029688 85
13621553 83
14092133 86
14724098 89
13714632 83
14092131 86
13481585 82
14199464 86
14391664 87
13935606 85
14136111 86
14141927 86
13817745 84
13946531 85
13552864 82
14105170 86
13621410 83
13871931 84
15004702 91
13788540 84
14326047 87
13955947 85
13874194 84
14470718 88
13649330 83
13916062 84
14209191 86
14521035 88
14449504 88
13968656 85
14520669 88
14223199 86
13840369 84
14435441 88
14397057 87
13877220 84
14328208 87
14225412 86
14100506 86
14060278 85
13762750 84
14151829 86
13980197 85
13782961 84
14543045 88
13693785 83
14142434 86
14602824 89
14691420 89
14469583 88
13751919 83
13878631 84
13896922 84
13636883 83
14419245 88
14054043 85
14180674 86
14349227 87
13860431 84
14209614 86
14476482 88
13738911 83
14292261 87
14231711 86
14620109 89
14367604 87
14005053 85
14138848 86
14448083 88
13950284 85
14721690 89
14514604 88
14035179 85
15137799 92
13915988 84
14291996 87
14199629 86
15115947 92
14404128 87
14199486 86
13942006 85
14546145 88
13735064 83
14107803 86
14503257 88
14499406 88
14540898 88
14116720 86
13956785 85
13835932 84
13614902 83
14170082 86
14898062 90
14047043 85
14226387 86
14168734 86
14295752 87
14512541 88
13940449 85
14215697 86
14276425 87
14349331 87
14018564 85
13800369 84
14693546 89
14120637 86
13941890 85
15239523 93
14161297 86
13915451 84
13779337 84
13790203 84
14588576 89
14322129 87
13840750 84
13971127 85
14198644 86
14244751 86
14049623 85
13836344 84
14300253 87
14557160 88
14814232 90
15353526 93
14229148 86
14179840 86
14022601 85
14082498 85
14591903 89
14273974 87
14616848 89
18034506 110
13891807 84
13874235 84
14555282 88
14118078 86
13931906 85
13876128 84
14654439 89
14363163 87
14092825 86
14193327 86
14220012 86
14104172 86
14367751 87
15755611 96
14181707 86
14329277 87
14248563 86
14074206 85
14188279 86
14941725 91
13990766 85
13882364 84
14210243 86
14903931 90
14118898 86
14001830 85
14484885 88
15681021 95
15698076 95
14313195 87
14216199 86
14145635 86
13939178 85
14267344 87
14869130 90
14060904 85
14443636 88
14200023 86
14346227 87
14254276 87
13984911 85
14131925 86
14628289 89
14251838 86
14242087 86
14497224 88
14174059 86
14068194 85
13989407 85
14247090 86
14735313 89
13988112 85
13942739 85
14227724 86
14301000 87
13985183 85
13850641 84
14196057 86
14152851 86
13968243 85
14296440 87
14134673 86
14120533 86
14143268 86
14293580 87
14048492 85
14010387 85
14041300 85
14024817 85
13809136 84
14107357 86
14425334 88
13942087 85
15529510 94
14045636 85
13877720 84
14806197 90
13827524 84
14224903 86
14365157 87
14254003 86
14638739 89
14269735 87
13909572 84
13821680 84
13780999 84
14321096 87
14471036 88
13796409 84
14059682 85
13566481 82
14241588 86
14019608 85
14291332 87
14257477 87
14985639 91
13939973 85
15608498 95
14735435 89
13818412 84
13690747 83
13486989 82
14065659 85
14007510 85
13724083 83
13788980 84
13556310 82
14014532 85
