392323 47
391495 47
392008 47
412823 50
392183 47
381915 46
391875 47
382361 46
392280 47
382564 46
392291 47
391782 47
392123 47
392263 47
392106 47
391215 47
391408 47
493806 60
391146 47
391555 47
412673 50
391359 47
391596 47
390382 47
391946 47
387847 47
392127 47
390727 47
391649 47
409644 50
391757 47
412035 50
391328 47
391191 47
390653 47
391600 47
392173 47
391585 47
413836 50
391282 47
392144 47
391935 47
391059 47
391792 47
391583 47
387899 47
391481 47
402912 49
391461 47
382051 46
387452 47
387833 47
388109 47
391607 47
387274 47
382481 46
392207 47
382680 46
387274 47
382114 46
391516 47
382725 46
387103 47
381828 46
390859 47
381985 46
388084 47
382980 46
387361 47
381307 46
391202 47
382205 46
391697 47
395258 48
390158 47
390625 47
391861 47
390947 47
391422 47
391041 47
391572 47
391383 47
389637 47
392022 47
387106 47
396320 48
386625 47
391094 47
387717 47
387805 47
391310 47
413019 50
412830 50
387473 47
392012 47
409098 49
391107 47
391792 47
391743 47
387819 47
392211 47
391327 47
391271 47
391044 47
388468 47
444211 54
391988 47
392204 47
392245 47
391617 47
391767 47
392002 47
413197 50
392058 47
392095 47
392019 47
496801 60
391911 47
388164 47
391132 47
388025 47
381123 46
388266 47
381852 46
394270 48
382075 46
391694 47
381856 46
387979 47
382065 46
403481 49
392106 47
430494 52
387966 47
384321 46
388294 47
383101 46
391279 47
493651 60
440796 53
382149 46
387816 47
382533 46
383905 46
383465 46
381999 46
381601 46
381573 46
381849 46
390923 47
382770 46
382097 46
388601 47
381580 46
387776 47
381863 46
390664 47
388370 47
392326 47
401652 49
387557 47
381733 46
388119 47
382858 46
381751 46
388210 47
391107 47
382100 46
412419 50
381981 46
393171 47
383193 46
382729 46
383276 46
388249 47
382152 46
387375 47
441826 53
390734 47
387836 47
390710 47
382055 46
412925 50
384739 46
392382 47
387427 47
391136 47
388538 47
437951 53
382264 46
391292 47
382306 46
392009 47
387061 47
392399 47
381570 46
391687 47
386674 47
391841 47
407478 49
392123 47
387585 47
387337 47
382128 46
387847 47
381908 46
391024 47
391307 47
388178 47
388077 47
391258 47
392194 47
391108 47
387019 47
391918 47
381555 46
392253 47
382341 46
391817 47
492507 60
444026 54
391596 47
392309 47
387375 47
412967 50
391785 47
553969 67
392099 47
390975 47
392340 47
387589 47
390936 47
391034 47
388318 47
387480 47
422736 51
391139 47
387917 47
390776 47
381656 46
391579 47
387305 47
391939 47
391516 47
392193 47
392249 47
392009 47
391526 47
391886 47
392560 47
391429 47
392005 47
391569 47
413525 50
391722 47
412646 50
435968 53
390993 47
391628 47
382522 46
387707 47
382110 46
387445 47
387749 47
391757 47
391673 47
381650 46
388258 47
381890 46
387204 47
386635 47
436014 53
382135 46
436736 53
382089 46
381880 46
381960 46
389303 47
387229 47
387630 47
437902 53
388053 47
403736 49
388102 47
391387 47
382731 46
381835 46
382149 46
382875 46
387825 47
381471 46
493265 60
382243 46
402385 49
388178 47
382208 46
382421 46
381621 46
382449 46
382292 46
384659 46
381636 46
383175 46
380494 46
382497 46
383553 46
382320 46
383035 46
383158 46
442511 54
403048 49
381726 46
381325 46
382931 46
382515 46
382916 46
387983 47
370079 45
386171 47
376695 45
390943 47
391415 47
382219 46
391327 47
388828 47
382718 46
382114 46
408603 49
492241 60
382875 46
382341 46
437878 53
390908 47
387511 47
381932 46
391488 47
382023 46
388510 47
412140 50
389812 47
445408 54
390692 47
387512 47
390102 47
387808 47
437738 53
382460 46
381314 46
391425 47
382156 46
391865 47
381771 46
392218 47
387362 47
391802 47
390570 47
391872 47
391590 47
497028 60
386953 47
408798 49
390863 47
387759 47
391785 47
389903 47
412803 50
391496 47
430913 52
392065 47
387508 47
386774 47
390032 47
386652 47
388077 47
387948 47
390989 47
392263 47
392162 47
448519 54
391785 47
392330 47
392089 47
381558 46
391837 47
390769 47
412614 50
381702 46
391460 47
391393 47
391216 47
387368 47
381960 46
387222 47
381545 46
391421 47
387278 47
391757 47
386129 47
412474 50
388343 47
391733 47
385997 47
497590 60
445489 54
391837 47
387941 47
391300 47
391488 47
391569 47
391527 47
391980 47
392434 47
436429 53
391397 47
392197 47
390357 47
440985 53
391035 47
393363 48
392483 47
391142 47
392165 47
387435 47
391708 47
387955 47
391551 47
391450 47
449060 54
436645 53
392236 47
391855 47
391942 47
387791 47
392064 47
387976 47
391659 47
388038 47
392553 47
391712 47
392581 47
390828 47
435336 53
392120 47
391865 47
392644 47
413473 50
392435 47
392266 47
392322 47
392196 47
392378 47
392253 47
448819 54
392155 47
391621 47
391435 47
413605 50
392012 47
392661 47
391806 47
392511 47
439480 53
391561 47
390968 47
392448 47
391995 47
391910 47
392961 47
391854 47
391782 47
391962 47
392151 47
391687 47
444934 54
388443 47
391645 47
391719 47
392148 47
390936 47
412981 50
391093 47
392043 47
447915 54
392022 47
494416 60
391038 47
413191 50
388242 47
392424 47
390961 47
444308 54
391317 47
392127 47
391816 47
412915 50
388461 47
391174 47
391463 47
415243 50
390989 47
392026 47
391907 47
390689 47
433727 52
391495 47
387361 47
455530 55
392549 47
391474 47
390909 47
391593 47
388359 47
413598 50
387406 47
387403 47
412573 50
409423 49
387830 47
388541 47
453041 55
412851 50
444099 54
392106 47
413079 50
391865 47
392231 47
392595 47
392288 47
392529 47
392218 47
391565 47
390929 47
391551 47
391530 47
392245 47
391272 47
437166 53
413420 50
392395 47
392229 47
382155 46
392123 47
387889 47
441554 53
391617 47
492566 60
391527 47
391893 47
391649 47
391436 47
391732 47
391890 47
390915 47
391785 47
391324 47
391831 47
391834 47
413463 50
392319 47
392022 47
392116 47
413152 50
391652 47
388000 47
391938 47
381971 46
391719 47
491107 59
391792 47
386974 47
387602 47
391687 47
387344 47
386810 47
391276 47
391610 47
387920 47
391816 47
388360 47
391875 47
391331 47
408282 49
412314 50
381538 46
451473 55
391907 47
382211 46
391861 47
382303 46
391792 47
387585 47
391170 47
381915 46
388730 47
391914 47
401986 49
387466 47
489030 59
387536 47
388143 47
392459 47
391830 47
391300 47
392556 47
453907 55
391575 47
391282 47
391041 47
391233 47
392469 47
439781 53
392267 47
391439 47
392399 47
389093 47
392103 47
391740 47
392302 47
391153 47
497339 60
390563 47
392214 47
439606 53
392333 47
392969 47
391373 47
391440 47
392092 47
392281 47
390957 47
391677 47
391722 47
392364 47
390881 47
390709 47
388007 47
387665 47
438185 53
388105 47
412258 50
391519 47
391663 47
442455 54
391192 47
391649 47
391505 47
387937 47
392089 47
380843 46
392522 47
391216 47
392081 47
387197 47
392326 47
381650 46
391719 47
381642 46
392319 47
381730 46
392022 47
440667 53
392238 47
391261 47
492995 60
381915 46
390402 47
441250 53
413505 50
389942 47
381639 46
392410 47
392511 47
391649 47
392110 47
391048 47
392106 47
381685 46
392015 47
381712 46
391886 47
387738 47
391122 47
392214 47
381542 46
391994 47
495957 60
412265 50
391841 47
392354 47
412754 50
392857 47
391998 47
392131 47
392074 47
391684 47
392409 47
391226 47
392654 47
411755 50
391547 47
390692 47
392166 47
392274 47
392134 47
392068 47
392158 47
392518 47
391711 47
391747 47
390797 47
391213 47
391342 47
391946 47
443914 54
497436 60
392260 47
643180 78
391939 47
392329 47
392078 47
392196 47
412594 50
391641 47
392270 47
391803 47
391687 47
392609 47
391418 47
391872 47
391520 47
413578 50
391038 47
392273 47
440999 53
391914 47
391663 47
392037 47
391817 47
391942 47
391949 47
391865 47
392183 47
391356 47
392134 47
391848 47
413200 50
392060 47
392109 47
391436 47
392008 47
496770 60
450261 54
391918 47
392110 47
390961 47
391816 47
392082 47
391653 47
392197 47
391966 47
413009 50
392354 47
392469 47
392256 47
391670 47
392302 47
391659 47
391827 47
391918 47
391974 47
391917 47
432372 52
413400 50
392353 47
391911 47
392190 47
391673 47
392190 47
392012 47
392263 47
450705 55
391743 47
392169 47
391534 47
392211 47
392166 47
491690 60
391610 47
391565 47
392040 47
392134 47
392221 47
450408 54
391435 47
396871 48
392026 47
392200 47
391935 47
413941 50
392012 47
391796 47
391952 47
392022 47
381670 46
391904 47
381067 46
391963 47
391935 47
391729 47
392176 47
450674 55
391171 47
392089 47
391132 47
392158 47
391443 47
391868 47
392225 47
451805 55
413651 50
391729 47
392504 47
392141 47
391917 47
392169 47
396816 48
391037 47
396201 48
387089 47
387944 47
491470 59
381650 46
386628 47
382331 46
390752 47
391426 47
390818 47
496843 60
390531 47
392347 47
392288 47
392486 47
391984 47
392281 47
497521 60
412953 50
392165 47
391998 47
439944 53
391994 47
392340 47
391806 47
391921 47
413833 50
392215 47
392183 47
397469 48
442497 54
391547 47
392337 47
391910 47
391956 47
391669 47
392553 47
391677 47
392127 47
448471 54
397340 48
391819 47
391767 47
391205 47
392046 47
391335 47
391970 47
521733 63
387658 47
391188 47
437127 53
387410 47
389638 47
392193 47
412918 50
392189 47
391258 47
392630 47
387256 47
391146 47
386921 47
496068 60
381039 46
392186 47
382400 46
391579 47
387438 47
391952 47
410006 50
392214 47
381343 46
392232 47
388179 47
392504 47
387895 47
391572 47
451243 55
413790 50
391942 47
396921 48
392218 47
391987 47
391051 47
390396 47
390329 47
390884 47
392102 47
389410 47
391290 47
391338 47
392769 47
392277 47
387889 47
392535 47
387794 47
391799 47
391677 47
495726 60
390808 47
392435 47
392253 47
392037 47
392431 47
391135 47
449444 54
383535 46
413756 50
388650 47
389058 47
388932 47
395408 48
390399 47
515337 62
432382 52
411298 50
431625 52
386607 47
391994 47
390818 47
495991 60
387075 47
391565 47
382544 46
391820 47
412534 50
390817 47
492098 60
391101 47
388985 47
390926 47
392113 47
392354 47
391712 47
390046 47
391600 47
392183 47
391513 47
396177 48
392078 47
391049 47
391725 47
556119 67
392368 47
392480 47
391017 47
392263 47
413599 50
392144 47
391666 47
385909 47
392430 47
443097 54
392029 47
390665 47
391565 47
385762 47
391495 47
391014 47
390964 47
392061 47
390905 47
386838 47
390179 47
489801 59
386157 47
391118 47
391582 47
388971 47
393366 48
391066 47
476559 58
404211 49
391635 47
