4455 17
4734 18
4616 18
4784 18
4539 17
4563 17
4570 17
4577 17
4423 17
4731 18
4486 17
4608 18
4514 17
4581 17
4508 17
4479 17
4682 18
4616 18
4553 17
4430 17
4476 17
4465 17
4476 17
4612 18
4564 17
4496 17
4567 17
4521 17
4431 17
4591 17
4678 18
4605 17
4606 17
4563 17
4968 19
4581 17
4482 17
4469 17
4912 19
4643 18
4619 18
4518 17
4518 17
4567 17
4504 17
4580 17
4395 17
4580 17
4563 17
4469 17
4588 17
4584 17
4763 18
4755 18
5014 19
4574 17
4518 17
4486 17
4843 18
4727 18
4420 17
4552 17
4609 18
4507 17
4496 17
4465 17
4591 17
4570 17
4542 17
4500 17
4514 17
4487 17
4773 18
4511 17
4689 18
4487 17
4577 17
4685 18
4706 18
4584 17
4504 17
4685 18
4885 19
4462 17
4462 17
4759 18
4682 18
4626 18
4644 18
4531 17
4588 17
4517 17
4581 17
4549 17
4441 17
4668 18
4501 17
4528 17
4706 18
4620 18
4511 17
4609 18
4780 18
4528 17
4522 17
4608 18
4752 18
4525 17
124596 486
4619 18
4532 17
4504 17
4571 17
4549 17
4508 17
4839 18
4619 18
4584 17
4494 17
4518 17
4668 18
4503 17
4483 17
4573 17
4522 17
4417 17
4532 17
4556 17
4521 17
4570 17
4605 17
4487 17
4444 17
4476 17
4651 18
4549 17
4525 17
4518 17
4535 17
4543 17
4535 17
4591 17
4640 18
4706 18
4514 17
4521 17
4444 17
4619 18
4511 17
4529 17
4563 17
4462 17
4532 17
4462 17
4490 17
4629 18
4644 18
4501 17
4874 19
4514 17
4514 17
4580 17
4766 18
4842 18
4434 17
4382 17
4462 17
4574 17
4508 17
4535 17
4532 17
4494 17
4549 17
4490 17
4633 18
4448 17
4605 17
4661 18
4525 17
4515 17
4584 17
4612 18
4417 17
4818 18
4501 17
4602 17
4672 18
4699 18
4588 17
4559 17
4479 17
4612 18
4584 17
4573 17
4707 18
4612 18
4874 19
4595 17
4524 17
4196 16
4615 18
4779 18
4601 17
4514 17
4468 17
4647 18
4522 17
4580 17
4539 17
4716 18
4458 17
4504 17
4545 17
4479 17
4494 17
4441 17
4465 17
4493 17
4657 18
4601 17
4752 18
4528 17
4591 17
4511 17
4532 17
4528 17
4525 17
4594 17
4559 17
4745 18
4528 17
4888 19
4501 17
4734 18
4521 17
4735 18
4686 18
4745 18
4462 17
4483 17
4647 18
4651 18
4598 17
4511 17
4510 17
4522 17
4783 18
4459 17
4563 17
4469 17
4578 17
4510 17
4493 17
4539 17
4486 17
4571 17
4560 17
4570 17
4504 17
4601 17
4511 17
4752 18
4511 17
4525 17
4717 18
4476 17
4573 17
4511 17
4538 17
4532 17
4626 18
4476 17
4564 17
4549 17
4560 17
4584 17
4511 17
4546 17
4497 17
4762 18
4493 17
4867 19
4609 18
4727 18
4497 17
4926 19
4448 17
4567 17
4713 18
4588 17
4423 17
4518 17
4682 18
4556 17
4455 17
4556 17
4462 17
4538 17
4500 17
4493 17
4595 17
4518 17
4364 17
4486 17
4822 18
4535 17
4587 17
4846 18
4522 17
4672 18
4539 17
4577 17
4535 17
4752 18
4538 17
4658 18
4521 17
4570 17
4507 17
4633 18
4517 17
4476 17
4601 17
4594 17
4595 17
4630 18
4406 17
4507 17
4613 18
4504 17
4605 17
4744 18
4542 17
4494 17
4503 17
4403 17
4602 17
4382 17
4493 17
4518 17
4787 18
4591 17
4623 18
4532 17
4759 18
4570 17
4529 17
4640 18
4434 17
4741 18
4595 17
4577 17
4594 17
4462 17
4640 18
4623 18
4532 17
4536 17
4860 18
4912 19
4940 19
4438 17
4598 17
4515 17
4469 17
4619 18
4441 17
4728 18
4703 18
4570 17
4588 17
4651 18
4465 17
4557 17
4567 17
4742 18
4580 17
4574 17
4633 18
4532 17
4567 17
4615 18
4578 17
4535 17
4605 17
4608 18
4504 17
4581 17
4933 19
4521 17
4487 17
4577 17
4657 18
4497 17
4529 17
4501 17
4758 18
4549 17
4573 17
4497 17
4560 17
4577 17
4448 17
4469 17
4487 17
4514 17
4497 17
4804 18
4476 17
4591 17
4668 18
4779 18
4476 17
4515 17
4459 17
4507 17
4487 17
4511 17
4441 17
4532 17
4609 18
4738 18
5146 20
4497 17
4539 17
4459 17
4553 17
5080 19
4462 17
4724 18
4504 17
4623 18
4563 17
4563 17
4528 17
4462 17
4507 17
4587 17
4605 17
4658 18
4448 17
4616 18
4605 17
4591 17
4591 17
4556 17
4553 17
4413 17
4560 17
4584 17
4423 17
4489 17
4490 17
4612 18
4556 17
4592 17
4609 18
4486 17
4602 17
4573 17
4524 17
4466 17
4752 18
4829 18
4822 18
4577 17
4591 17
4546 17
4556 17
4759 18
4448 17
4608 18
4721 18
4559 17
4486 17
4724 18
4448 17
4511 17
4539 17
4542 17
4500 17
4602 17
4707 18
4755 18
4525 17
4501 17
4511 17
4507 17
4905 19
4773 18
4521 17
4570 17
4553 17
4587 17
4511 17
4608 18
4487 17
4476 17
4591 17
4577 17
4528 17
4570 17
4486 17
4570 17
4731 18
4560 17
4459 17
4490 17
4888 19
4560 17
4578 17
4665 18
4542 17
4465 17
4514 17
4493 17
4532 17
4524 17
4535 17
4794 18
4657 18
4525 17
4518 17
4758 18
4633 18
4999 19
4724 18
4622 18
4549 17
4494 17
4870 19
4497 17
4762 18
4678 18
4545 17
4608 18
4402 17
4629 18
4630 18
4539 17
4542 17
4773 18
4543 17
4717 18
4685 18
4515 17
4874 19
4472 17
4538 17
4598 17
4790 18
4678 18
4514 17
4542 17
4395 17
4801 18
4511 17
4305 16
4504 17
4577 17
4545 17
4706 18
4563 17
4532 17
4685 18
4734 18
4514 17
4504 17
4542 17
4640 18
4546 17
4434 17
4612 18
4532 17
4609 18
4556 17
4619 18
4508 17
4441 17
4459 17
4626 18
4469 17
4501 17
4469 17
4504 17
4612 18
4514 17
4494 17
4738 18
4609 18
4780 18
4500 17
4615 18
4466 17
4564 17
4640 18
4451 17
4713 18
4416 17
4560 17
4622 18
4542 17
4853 18
4989 19
4608 18
4714 18
4752 18
4549 17
4721 18
4633 18
4521 17
4629 18
4567 17
4389 17
4494 17
4734 18
4501 17
4675 18
4556 17
4514 17
4476 17
4510 17
4518 17
4622 18
4438 17
4734 18
4612 18
4577 17
4577 17
4469 17
4720 18
4448 17
4472 17
4525 17
4476 17
4657 18
4580 17
4661 18
4528 17
4319 16
4758 18
4623 18
4466 17
4584 17
4839 18
4427 17
4466 17
4647 18
4531 17
4574 17
4508 17
4570 17
4563 17
4553 17
4413 17
4392 17
4633 18
4567 17
4559 17
4801 18
4601 17
4535 17
4532 17
4500 17
4913 19
4532 17
4595 17
4493 17
4602 17
4577 17
4459 17
4595 17
4598 17
4500 17
4472 17
4480 17
4504 17
4695 18
4448 17
4571 17
4504 17
4598 17
4546 17
4528 17
4504 17
4567 17
4661 18
4560 17
4651 18
4546 17
4476 17
4525 17
4546 17
4545 17
4476 17
4679 18
4857 18
4759 18
4581 17
4455 17
4469 17
4727 18
4462 17
4605 17
4396 17
4473 17
4528 17
4630 18
4542 17
4528 17
4508 17
4783 18
4619 18
4546 17
4616 18
4451 17
4874 19
4508 17
4578 17
4573 17
4564 17
4480 17
4525 17
4598 17
4835 18
4427 17
4808 18
4759 18
4581 17
4566 17
4403 17
4521 17
4511 17
4546 17
4507 17
4581 17
4434 17
4553 17
4564 17
4490 17
4413 17
4564 17
4619 18
4466 17
4535 17
4553 17
4542 17
4511 17
4567 17
4560 17
4490 17
4570 17
4539 17
4507 17
4549 17
4672 18
4462 17
4539 17
4633 18
4385 17
4382 17
4511 17
4626 18
4559 17
4710 18
4622 18
4480 17
4591 17
4581 17
4518 17
4494 17
4542 17
4511 17
4814 18
4574 17
4623 18
4602 17
4626 18
4434 17
4563 17
4469 17
4986 19
4608 18
4595 17
4476 17
4581 17
4441 17
4588 17
4487 17
4549 17
4633 18
4587 17
4507 17
4577 17
4511 17
4490 17
4784 18
4584 17
4496 17
4531 17
4564 17
4500 17
4564 17
4497 17
4539 17
4490 17
4504 17
4692 18
4644 18
4612 18
4434 17
4458 17
4494 17
4451 17
4500 17
4640 18
4609 18
4525 17
4538 17
4567 17
4700 18
4552 17
4564 17
4486 17
4545 17
4749 18
4396 17
4476 17
4895 19
4581 17
4486 17
4542 17
4489 17
4612 18
4602 17
4487 17
4556 17
4511 17
4503 17
4716 18
4717 18
4654 18
4553 17
4651 18
4403 17
4525 17
4601 17
4487 17
4465 17
4528 17
4545 17
4469 17
4496 17
4899 19
4475 17
4556 17
4507 17
4748 18
4518 17
4529 17
4678 18
4654 18
4577 17
4486 17
4514 17
4489 17
4469 17
4539 17
4549 17
4399 17
4591 17
4581 17
4644 18
4465 17
4546 17
4602 17
4609 18
4805 18
4556 17
4647 18
4445 17
4515 17
4497 17
4552 17
4580 17
4751 18
4556 17
4455 17
4531 17
4598 17
4483 17
4598 17
4749 18
4451 17
4601 17
4874 19
4518 17
4584 17
4731 18
4535 17
4577 17
4476 17
4556 17
4630 18
4469 17
4588 17
4542 17
4514 17
4476 17
4602 17
4703 18
4525 17
4539 17
4546 17
4518 17
4629 18
4573 17
4525 17
4525 17
4895 19
4518 17
4501 17
4644 18
4518 17
4522 17
5059 19
4595 17
4496 17
4434 17
4556 17
4566 17
4619 18
4609 18
4563 17
4720 18
4571 17
4535 17
4786 18
4560 17
4476 17
4507 17
4672 18
4521 17
4504 17
4462 17
4822 18
4574 17
4507 17
4566 17
4539 17
4553 17
4542 17
124955 488
4396 17
4574 17
4640 18
4594 17
4591 17
4549 17
4563 17
4580 17
4486 17
4580 17
4487 17
4752 18
4458 17
4570 17
4539 17
4685 18
4525 17
4776 18
4657 18
4605 17
4657 18
4539 17
4535 17
4682 18
4608 18
4539 17
4601 17
4496 17
4406 17
4598 17
4567 17
4543 17
4480 17
4675 18
4437 17
4588 17
4528 17
4735 18
4528 17
4612 18
4612 18
4679 18
4473 17
4850 18
4483 17
4511 17
4594 17
