41917 20
42105 20
42357 20
44103 21
44137 21
42162 20
42245 20
44270 21
42050 20
41879 20
42466 20
42242 20
43966 21
43258 21
42088 20
42280 20
42042 20
41987 20
42022 20
41998 20
42134 20
84990 41
43680 21
41886 20
42346 20
42033 20
41892 20
42018 20
42277 20
44099 21
44271 21
41827 20
44833 21
41952 20
42636 20
41935 20
42067 20
42050 20
42193 20
42487 20
42409 20
41991 20
42060 20
42360 20
42447 20
42943 20
42008 20
41976 20
42367 20
43715 21
41980 20
42231 20
42500 20
41805 20
41861 20
42116 20
42140 20
42566 20
42508 20
42126 20
42559 20
47517 23
41945 20
45066 22
42574 20
45566 22
41785 20
45021 21
41997 20
44329 21
43530 21
45946 22
49204 24
42133 20
48575 23
42035 20
45398 22
42207 20
42291 20
41945 20
41952 20
42141 20
41914 20
42026 20
42584 20
41921 20
41980 20
42078 20
42238 20
43495 21
42364 20
43125 21
43496 21
42787 20
43925 21
42158 20
42535 20
41984 20
42021 20
42077 20
42256 20
43851 21
44186 21
48833 23
42043 20
48086 23
43272 21
44637 21
42688 20
41889 20
42901 20
42660 20
41962 20
42632 20
42089 20
42288 20
42503 20
42706 20
42570 20
42793 20
45433 22
43474 21
44927 21
48837 23
42022 20
43869 21
42232 20
83342 40
42559 20
41913 20
42507 20
42357 20
43649 21
42507 20
51058 24
41847 20
41931 20
48770 23
42517 20
42874 20
42989 20
42566 20
46302 22
49326 24
42005 20
42926 20
41900 20
48522 23
41896 20
42119 20
43401 21
42462 20
48630 23
42647 20
42252 20
42797 20
41907 20
43387 21
42343 20
42211 20
42102 20
43383 21
42542 20
43680 21
42109 20
42773 20
42029 20
42912 20
41941 20
48855 23
43659 21
49375 24
42022 20
43188 21
41934 20
43090 21
42308 20
44969 21
41886 20
43757 21
42298 20
42130 20
42103 20
42385 20
41907 20
42371 20
42713 20
42584 20
41959 20
43027 21
42668 20
43000 20
41952 20
42235 20
44249 21
43509 21
41533 20
84682 41
42612 20
45216 22
48327 23
42018 20
44403 21
42542 20
42525 20
42263 20
42919 20
42249 20
41875 20
42252 20
42228 20
42197 20
42092 20
45478 22
41602 20
43967 21
42032 20
48118 23
42961 20
45209 22
42078 20
42036 20
42469 20
43537 21
47231 23
42221 20
41994 20
42252 20
43069 21
42315 20
42793 20
42469 20
42158 20
42245 20
42664 20
42119 20
42280 20
43045 21
41969 20
41865 20
42200 20
42566 20
41864 20
43764 21
43387 21
45272 22
47870 23
43607 21
51305 25
42476 20
43676 21
43887 21
42053 20
44214 21
41966 20
42441 20
42050 20
41767 20
49937 24
42542 20
42099 20
44944 21
43345 21
42183 20
42263 20
44508 21
42420 20
42232 20
43282 21
44448 21
42936 20
42507 20
42183 20
42008 20
44696 21
43551 21
42063 20
42500 20
42012 20
44155 21
42075 20
42116 20
42354 20
42026 20
42657 20
42001 20
44256 21
44693 21
42332 20
42053 20
45209 22
42273 20
44420 21
41997 20
42179 20
42148 20
42552 20
42280 20
44720 21
42755 20
43076 21
43938 21
41945 20
42361 20
42155 20
42281 20
41984 20
42012 20
175161 85
41987 20
41984 20
42001 20
41969 20
42147 20
41921 20
42029 20
42661 20
42367 20
42088 20
42266 20
52444 25
42288 20
42322 20
44444 21
42901 20
41987 20
41809 20
42800 20
41840 20
43097 21
42353 20
42025 20
42144 20
42095 20
42329 20
44498 21
41931 20
42270 20
42242 20
42053 20
48666 23
43841 21
43149 21
42120 20
49004 23
42364 20
45911 22
43526 21
42430 20
43045 21
46337 22
42204 20
44022 21
45879 22
42238 20
42294 20
41879 20
42277 20
42137 20
42737 20
42445 20
41945 20
42033 20
42211 20
41882 20
41949 20
43213 21
42671 20
42074 20
41994 20
41913 20
42319 20
41900 20
44431 21
42682 20
42354 20
41844 20
45712 22
45164 22
43146 21
42863 20
42605 20
50370 24
41952 20
42263 20
42053 20
42207 20
42008 20
43348 21
42392 20
42064 20
42025 20
43045 21
42347 20
42870 20
42462 20
42623 20
42035 20
42123 20
43254 21
42182 20
46145 22
41911 20
42545 20
42029 20
43433 21
42071 20
42448 20
42881 20
42636 20
41987 20
45303 22
42189 20
47793 23
44972 21
42696 20
42573 20
43449 21
42119 20
50419 24
41966 20
42060 20
42196 20
44159 21
45150 22
43757 21
42015 20
42043 20
50446 24
42738 20
42410 20
41945 20
42259 20
44651 21
49577 24
41994 20
42828 20
42127 20
42783 20
42305 20
48295 23
42022 20
43048 21
43641 21
44312 21
43063 21
49926 24
42053 20
43607 21
49999 24
42151 20
41987 20
41973 20
43265 21
42050 20
42025 20
42168 20
49496 24
42940 20
42717 20
42144 20
42409 20
42433 20
44627 21
45538 22
44682 21
42978 20
45617 22
48819 23
43478 21
46439 22
42828 20
49434 24
44805 21
43527 21
42060 20
41519 20
42032 20
42434 20
41953 20
42266 20
42525 20
42074 20
44246 21
47964 23
50533 24
48690 23
48009 23
48030 23
41948 20
42064 20
42106 20
41886 20
42189 20
42469 20
42183 20
43310 21
42859 20
41962 20
42350 20
42618 20
44365 21
45273 22
41907 20
42165 20
43048 21
48387 23
44505 21
42123 20
42035 20
43122 21
41963 20
42245 20
41878 20
48749 23
42266 20
41952 20
41872 20
43520 21
41903 20
43073 21
42151 20
42168 20
44214 21
42165 20
42598 20
42577 20
42127 20
86240 42
42005 20
42636 20
43247 21
43341 21
42116 20
42081 20
42137 20
42542 20
42001 20
42852 20
43561 21
42601 20
42245 20
43265 21
42361 20
42626 20
42197 20
43143 21
42367 20
42374 20
43122 21
42088 20
42333 20
42402 20
42130 20
42001 20
46659 22
41858 20
42277 20
41934 20
48603 23
42266 20
48712 23
42165 20
42214 20
42304 20
42493 20
42654 20
42640 20
42049 20
42367 20
48557 23
42168 20
45443 22
43845 21
42493 20
42514 20
45063 22
42546 20
47796 23
42001 20
49267 24
42636 20
52374 25
48729 23
42881 20
42783 20
42168 20
49451 24
42609 20
50206 24
42340 20
41848 20
42538 20
42996 20
42270 20
42197 20
41976 20
42539 20
42081 20
42378 20
41942 20
42378 20
42717 20
42032 20
41788 20
42388 20
42036 20
42036 20
42326 20
41882 20
41966 20
42374 20
42113 20
42332 20
41928 20
42033 20
42842 20
43397 21
43230 21
42036 20
42734 20
42012 20
49689 24
42001 20
42091 20
42839 20
43967 21
42445 20
49779 24
42287 20
42622 20
42207 20
45363 22
42028 20
41872 20
42291 20
42234 20
45045 21
48184 23
42444 20
42144 20
42252 20
42943 20
42999 20
43261 21
43010 21
43551 21
42368 20
43299 21
48404 23
43080 21
48209 23
42919 20
42594 20
42402 20
42413 20
42448 20
42032 20
43010 21
42269 20
42413 20
41854 20
42745 20
42179 20
43362 21
42440 20
45321 22
44312 21
43613 21
48666 23
42361 20
44507 21
44409 21
48774 23
41920 20
42074 20
43105 21
43017 21
46211 22
42392 20
49783 24
42298 20
42936 20
42818 20
41980 20
42936 20
42859 20
41987 20
42619 20
42294 20
42385 20
43233 21
43111 21
45653 22
42015 20
45642 22
41903 20
43390 21
41998 20
42186 20
42469 20
53212 25
41998 20
44752 21
48288 23
42462 20
41746 20
44434 21
42043 20
50383 24
42438 20
42720 20
41991 20
42036 20
43041 21
42500 20
42175 20
42075 20
43621 21
42239 20
43209 21
42821 20
48156 23
43621 21
42008 20
42113 20
48094 23
43674 21
42633 20
42587 20
42829 20
43590 21
41785 20
42210 20
42549 20
43876 21
49836 24
49232 24
42204 20
42493 20
41962 20
47706 23
42371 20
42266 20
42653 20
43771 21
44654 21
43593 21
42329 20
42787 20
42385 20
44748 21
42332 20
42689 20
42259 20
42664 20
42081 20
42825 20
44400 21
44379 21
49329 24
42779 20
44710 21
42046 20
46815 22
42165 20
43991 21
42019 20
42148 20
42409 20
42105 20
42063 20
42130 20
42050 20
42049 20
42280 20
42451 20
42060 20
42535 20
47269 23
43024 21
43625 21
44585 21
42640 20
49151 23
48778 23
42165 20
41927 20
42204 20
42196 20
42179 20
42532 20
42193 20
42019 20
41956 20
41829 20
42134 20
42332 20
41938 20
42092 20
42008 20
41948 20
42025 20
41928 20
42252 20
42092 20
44665 21
42378 20
42574 20
42410 20
41875 20
42193 20
42587 20
43035 21
49552 24
42109 20
43356 21
42339 20
44521 21
42067 20
48205 23
43247 21
45209 22
47964 23
49134 23
42151 20
45143 22
42091 20
50659 24
41948 20
51365 25
42601 20
42671 20
42092 20
42982 20
42318 20
42004 20
42067 20
50006 24
42476 20
42050 20
42064 20
42070 20
43816 21
42881 20
163824 79
44424 21
41990 20
42859 20
42196 20
43621 21
42368 20
42986 20
42176 20
42004 20
41879 20
47817 23
42633 20
42734 20
42081 20
42029 20
41994 20
44134 21
41718 20
42221 20
42039 20
42361 20
43073 21
42214 20
43285 21
42482 20
41819 20
43670 21
44172 21
44888 21
42063 20
42252 20
42148 20
44525 21
48408 23
48470 23
42161 20
45841 22
43394 21
43073 21
45587 22
43276 21
42095 20
44924 21
42346 20
44239 21
42040 20
45663 22
41973 20
43307 21
42050 20
41878 20
41980 20
44599 21
41896 20
42049 20
43101 21
42263 20
41823 20
42043 20
42444 20
42022 20
41889 20
47559 23
43118 21
45345 22
43122 21
42403 20
44805 21
43115 21
48474 23
43562 21
42256 20
42462 20
41980 20
42702 20
42199 20
43516 21
42235 20
44057 21
48292 23
42001 20
43192 21
49727 24
82912 40
42395 20
42595 20
44033 21
43436 21
43852 21
44958 21
43285 21
42636 20
42210 20
43447 21
42175 20
49699 24
41764 20
42332 20
42692 20
42204 20
43537 21
42493 20
43510 21
42325 20
49888 24
41991 20
43107 21
44253 21
44361 21
42675 20
43213 21
44438 21
44389 21
45793 22
42686 20
42728 20
43761 21
43007 20
41802 20
43715 21
42193 20
43481 21
42668 20
41694 20
44550 21
42332 20
42203 20
42148 20
42368 20
46194 22
41882 20
44075 21
41977 20
43656 21
42001 20
41963 20
42042 20
45806 22
41970 20
42113 20
42801 20
47472 23
44176 21
43324 21
48526 23
43733 21
42371 20
42102 20
42832 20
41892 20
42032 20
42587 20
41945 20
42479 20
