86107 24
103532 28
90768 25
102963 28
94679 26
93121 25
90552 25
102262 28
85416 23
156922 43
87929 24
115899 32
90747 25
98239 27
94011 26
100715 28
85322 23
95237 26
103348 28
103979 29
106839 29
107261 29
93997 26
99989 27
90796 25
87982 24
91571 25
89382 24
97639 27
91484 25
95101 26
84546 23
99388 27
95911 26
88352 24
97793 27
86236 24
99528 27
89214 24
108186 30
98840 27
94515 26
94270 26
82641 23
106891 29
101664 28
92807 25
99703 27
89836 25
88079 24
94696 26
99696 27
92989 25
90265 25
92122 25
93474 26
85129 23
93460 26
87602 24
97049 27
86649 24
96637 26
95862 26
91023 25
89249 24
91672 25
90154 25
90695 25
85450 23
84661 23
86264 24
86543 24
93362 26
98323 27
90174 25
91449 25
83649 23
92416 25
84668 23
115277 32
88862 24
91372 25
101692 28
100104 27
100251 27
101480 28
148029 41
96571 26
88201 24
105607 29
85978 23
99413 27
90042 25
93900 26
88185 24
91683 25
85070 23
97080 27
86648 24
89187 24
89955 25
99409 27
94857 26
101001 28
136005 37
98641 27
88641 24
88540 24
101015 28
87546 24
93917 26
96668 26
105798 29
92922 25
88956 24
88216 24
104583 29
86623 24
91648 25
85587 23
84843 23
91358 25
85014 23
87227 24
86073 24
87490 24
82089 22
89536 24
93251 26
92626 25
90936 25
92880 25
94113 26
92863 25
103522 28
99811 27
99898 27
91327 25
118457 33
95034 26
107732 30
85671 23
89054 24
87584 24
90276 25
93607 26
118524 33
83991 23
93121 25
89951 25
102017 28
85681 23
88736 24
87852 24
88484 24
89626 25
91578 25
93980 26
92478 25
99175 27
90761 25
86592 24
88585 24
95282 26
83387 23
89357 24
84341 23
85095 23
83705 23
89180 24
89120 24
90014 25
87863 24
86708 24
92989 25
84945 23
87392 24
92022 25
87871 24
91857 25
89451 24
93519 26
86233 24
91847 25
88181 24
87123 24
100051 27
89812 25
96424 26
91522 25
86456 24
94895 26
124289 34
90670 25
91690 25
90859 25
91477 25
88827 24
92378 25
84777 23
99888 27
87748 24
97067 27
91553 25
97196 27
90691 25
93495 26
85764 23
97387 27
90275 25
100960 28
91187 25
101605 28
92374 25
103246 28
100879 28
96525 26
91097 25
103976 29
106591 29
132088 36
152544 42
104866 29
96322 26
99696 27
93442 26
94123 26
93997 26
91851 25
84246 23
143707 40
95603 26
85898 23
92939 25
91683 25
95760 26
93592 26
91201 25
89787 25
93641 26
86499 24
88994 24
89776 25
91141 25
104507 29
95066 26
86941 24
89120 24
86746 24
88139 24
89057 24
89975 25
92671 25
91420 25
93900 26
90869 25
93250 26
94364 26
93917 26
87116 24
81760 22
93226 26
87249 24
93882 26
93345 26
92758 25
96532 26
96720 26
93037 25
118301 33
136445 38
102590 28
93568 26
95160 26
93052 25
98473 27
104824 29
92615 25
96655 26
97031 27
95600 26
91079 25
91676 25
93784 26
98815 27
93108 25
104922 29
89951 25
90129 25
100625 28
95289 26
94650 26
91582 25
103724 28
85447 23
111098 30
84672 23
108378 30
89344 24
95241 26
97025 27
98715 27
90401 25
88432 24
92060 25
94763 26
95262 26
93387 26
110089 30
96305 26
97366 27
106231 29
97053 27
97293 27
88202 24
96180 26
89766 25
107429 29
98638 27
88764 24
97234 27
91438 25
101958 28
91424 25
91477 25
95656 26
91001 25
88457 24
93125 25
90370 25
91086 25
90105 25
105002 29
91446 25
103934 28
97517 27
92332 25
105753 29
92789 25
98445 27
88261 24
92388 25
99667 27
93125 25
94070 26
106273 29
91557 25
99129 27
100453 28
95244 26
87392 24
99144 27
85999 23
88537 24
93848 26
90845 25
93872 26
101371 28
97587 27
94458 26
92032 25
89124 24
87318 24
92783 25
89298 24
84958 23
94730 26
87227 24
101109 28
93128 25
92968 25
89141 24
87419 24
94162 26
104757 29
88359 24
88628 24
87193 24
86474 24
93844 26
85521 23
96110 26
115179 32
104308 29
101902 28
102140 28
86068 24
95041 26
94797 26
95516 26
89459 24
95572 26
95464 26
101225 28
95170 26
94539 26
107373 29
92437 25
113064 31
112693 31
106549 29
92828 25
98233 27
105648 29
96710 26
97684 27
96958 27
96326 26
92654 25
94137 26
101650 28
87971 24
92130 25
94357 26
101081 28
89113 24
99549 27
95030 26
107876 30
107122 29
93673 26
105127 29
92661 25
111286 31
87197 24
99761 27
83307 23
111751 31
108927 30
105282 29
102485 28
99409 27
96860 27
106040 29
91379 25
110801 30
92930 25
98878 27
89015 24
96839 27
79417 22
102782 28
86459 24
119697 33
89396 24
107150 29
89955 25
119579 33
84093 23
111985 31
101727 28
94500 26
92063 25
95506 26
93306 26
93449 26
99650 27
89637 25
94612 26
93704 26
93593 26
88931 24
84557 23
87598 24
91407 25
91236 25
91473 25
91872 25
97565 27
84358 23
103246 28
90904 25
86952 24
86449 24
91243 25
98959 27
90831 25
88963 24
101990 28
86292 24
98652 27
87103 24
96798 27
104740 29
93938 26
135349 37
149891 41
93257 26
100921 28
94008 26
212043 59
88660 24
92807 25
97429 27
93195 26
92409 25
103990 29
94804 26
99999 27
92329 25
92901 25
92891 25
101549 28
94525 26
83412 23
90209 25
88586 24
95687 26
85478 23
93847 26
80036 22
103309 28
92056 25
102157 28
89958 25
96742 26
78803 21
95279 26
88586 24
93652 26
92699 25
99717 27
92639 25
87046 24
101476 28
95185 26
94657 26
92224 25
94217 26
93599 26
92894 25
100914 28
99301 27
96605 26
104059 29
92573 25
98980 27
91092 25
90691 25
102335 28
92646 25
112065 31
91554 25
101877 28
87172 24
105079 29
132675 37
107481 29
91707 25
93558 26
88635 24
96065 26
100771 28
87468 24
98927 27
88876 24
94312 26
89846 25
87500 24
100355 28
91236 25
101410 28
89075 24
92196 25
89571 24
92789 25
99018 27
101082 28
93240 26
100537 28
250896 70
95279 26
95533 26
100990 28
93016 25
90398 25
95795 26
90164 25
101633 28
94500 26
90946 25
90748 25
98111 27
96892 27
93379 26
92343 25
95830 26
96588 26
95729 26
102101 28
92039 25
96218 26
98676 27
91571 25
130747 36
107907 30
99063 27
107181 29
97007 27
109901 30
105005 29
111936 31
113255 31
99671 27
105648 29
97901 27
104496 29
99144 27
103930 28
99157 27
96620 26
101557 28
98553 27
94378 26
96826 27
105320 29
95673 26
101783 28
104946 29
115511 32
93020 25
107873 30
94926 26
104692 29
107928 30
119795 33
110784 30
110459 30
101239 28
101333 28
102907 28
103888 28
119684 33
96979 27
106074 29
106277 29
106116 29
97912 27
98969 27
94074 26
107841 30
97628 27
117047 32
111349 31
147582 41
120165 33
92482 25
102052 28
94514 26
101109 28
98931 27
114157 31
110173 30
90880 25
100348 27
94431 26
101109 28
99249 27
91103 25
105058 29
93156 25
95383 26
96089 26
93676 26
94057 26
105065 29
103947 29
88534 24
108284 30
100094 27
102227 28
92940 25
91449 25
89832 25
88313 24
92237 25
91934 25
98906 27
99255 27
91376 25
104317 29
104416 29
104982 29
91700 25
101130 28
100131 27
106018 29
112261 31
98616 27
123255 34
98931 27
101570 28
94067 26
92786 25
96435 26
94898 26
87141 24
90286 25
89623 25
100386 28
87036 24
98120 27
82536 23
89430 24
82902 23
88645 24
93289 26
86040 24
85692 23
89543 24
93020 25
93237 26
92887 25
98711 27
91923 25
142991 39
88541 24
94399 26
262344 73
88509 24
90363 25
89228 24
83097 23
85060 23
85269 23
86812 24
84107 23
92332 25
90894 25
99430 27
96420 26
88492 24
98669 27
94486 26
100889 28
96232 26
89975 25
101242 28
97332 27
92248 25
109555 30
97464 27
113919 31
92817 25
94755 26
102978 28
111838 31
98938 27
110445 30
92385 25
91589 25
101455 28
91745 25
106748 29
91278 25
99493 27
92810 25
95646 26
99140 27
85772 23
107394 29
94200 26
97786 27
96672 26
133896 37
94965 26
142517 39
101539 28
115204 32
94441 26
103295 28
89208 24
97385 27
102401 28
90580 25
92545 25
97838 27
98281 27
88324 24
89571 24
100732 28
93006 25
95230 26
93198 26
93292 26
101633 28
104523 29
106228 29
94179 26
107907 30
91256 25
97492 27
89753 25
96850 27
89260 24
106968 29
93669 26
114383 31
97150 27
93994 26
92870 25
94011 26
97772 27
95649 26
95590 26
95129 26
94521 26
104908 29
85887 23
96431 26
105135 29
89543 24
90101 25
89563 24
89022 24
102143 28
92388 25
93013 25
91951 25
93617 26
111301 31
90489 25
116611 32
104499 29
114233 31
100799 28
101270 28
99810 27
103075 28
99768 27
98777 27
100163 27
89365 24
98477 27
94033 26
101839 28
95265 26
106382 29
102663 28
88101 24
124477 34
275638 76
122592 34
95914 26
129619 36
92360 25
108867 30
92416 25
108916 30
98833 27
122162 34
95904 26
101078 28
101898 28
106238 29
100002 27
93143 25
111120 31
91592 25
121003 33
105226 29
109468 30
92318 25
101092 28
93757 26
115787 32
103560 28
99685 27
95956 26
102331 28
92587 25
87357 24
92413 25
93247 26
85499 23
96316 26
85182 23
105571 29
95705 26
105648 29
98449 27
94982 26
89577 24
97087 27
95537 26
97164 27
94996 26
86858 24
89616 25
96438 26
95363 26
95739 26
121960 34
96686 26
96993 27
86582 24
94385 26
84246 23
102729 28
93872 26
98002 27
94682 26
95035 26
92032 25
101920 28
104447 29
99176 27
101780 28
107213 29
107010 29
112890 31
87769 24
110180 30
92193 25
115295 32
93938 26
106849 29
96064 26
106158 29
104852 29
120870 33
98330 27
110941 30
93648 26
110344 30
94134 26
92573 25
92814 25
97706 27
101487 28
92482 25
113367 31
100034 27
96448 26
91358 25
93642 26
97615 27
108842 30
91288 25
98704 27
93502 26
108671 30
105142 29
105086 29
115347 32
100938 28
106326 29
100101 27
90674 25
98959 27
89256 24
104042 29
96759 26
106151 29
92852 25
95136 26
94902 26
99545 27
91969 25
100034 27
99608 27
113790 31
102907 28
118992 33
105125 29
115301 32
100250 27
119142 33
100610 28
111269 31
104740 29
97667 27
102464 28
106835 29
94060 26
118364 33
101260 28
108193 30
137520 38
112568 31
118464 33
99479 27
100516 28
115138 32
99356 27
115536 32
101570 28
114656 31
105847 29
109799 30
101671 28
102880 28
95610 26
113192 31
95614 26
111981 31
90388 25
104105 29
98121 27
113724 31
