144314 35
133963 32
124641 30
144556 35
133268 32
207679 50
129668 31
140223 34
139134 33
125396 30
117180 28
138491 33
115187 28
121858 29
133264 32
126436 30
117763 28
114419 27
125004 30
132388 32
145456 35
118101 28
147953 36
126590 30
133600 32
130256 31
131310 32
121820 29
132829 32
121307 29
128136 31
136120 33
118207 28
124979 30
121125 29
114352 27
121936 29
119131 29
127388 31
122815 29
126729 30
140139 34
123234 30
126349 30
125018 30
135175 33
110850 27
134742 32
125964 30
124236 30
118186 28
121268 29
127392 31
126272 30
113151 27
131139 32
137922 33
123614 30
131833 32
141720 34
186431 45
130625 31
126505 30
115672 28
122675 29
123772 30
120033 29
146787 35
116363 28
137318 33
122375 29
134532 32
126261 30
120228 29
117407 28
119966 29
128981 31
158685 38
146043 35
121715 29
139085 33
121146 29
119945 29
111660 27
125825 30
128548 31
143773 35
140167 34
130116 31
132678 32
126557 30
142178 34
136717 33
140206 34
121887 29
144464 35
133206 32
136184 33
132119 32
126889 30
128632 31
147645 36
180478 44
120325 29
145711 35
134794 32
130824 31
141281 34
132650 32
136711 33
130998 31
119673 29
144465 35
125189 30
125695 30
128098 31
141920 34
120127 29
154084 37
117850 28
126568 30
151549 36
135935 33
136218 33
154000 37
144116 35
164397 40
145659 35
282803 69
143819 35
142974 34
141113 34
139912 34
146843 35
146525 35
140834 34
148941 36
131488 32
137598 33
130765 31
115480 28
126817 30
129704 31
135716 33
131351 32
123636 30
137311 33
140052 34
146595 35
116622 28
127089 31
132762 32
146587 35
134550 32
133429 32
141438 34
129592 31
151860 37
116807 28
138156 33
130824 31
117141 28
174163 42
127399 31
114094 27
131753 32
121956 29
132692 32
134675 32
145188 35
137039 33
149105 36
139552 34
128966 31
126086 30
122434 29
134996 32
140405 34
116601 28
132105 32
129330 31
125737 30
123105 30
116939 28
139692 34
150250 36
131544 32
135247 33
126051 30
131481 32
138271 33
128013 31
173897 42
131470 32
114097 27
138125 33
135377 33
109426 26
124198 30
133247 32
112980 27
129078 31
114607 27
116709 28
135059 32
118011 28
128276 31
122655 29
112309 27
140447 34
113832 27
128446 31
134637 32
110358 26
131858 32
136861 33
133520 32
130991 31
127515 31
138424 33
138858 33
139176 33
142199 34
139825 34
142933 34
175998 42
127277 31
141812 34
137996 33
132420 32
124138 30
137573 33
120242 29
127462 31
132521 32
124376 30
121757 29
117515 28
130764 31
121796 29
140503 34
117180 28
126285 30
126711 30
143065 34
141358 34
144943 35
133498 32
143222 34
143313 34
137709 33
130140 31
127545 31
135876 33
117065 28
140299 34
122710 29
134294 32
148180 36
131369 32
139451 34
120039 29
144884 35
129306 31
118231 28
129026 31
122455 29
110777 27
139409 34
120814 29
109789 26
129261 31
124191 30
121614 29
132455 32
123269 30
125873 30
290477 70
134969 32
141085 34
144618 35
152394 37
150404 36
142336 34
139598 34
148833 36
132654 32
132067 32
125476 30
110312 26
125106 30
130039 31
133953 32
132409 32
113308 27
145596 35
131729 32
129218 31
127574 31
128087 31
129355 31
136270 33
143260 34
154705 37
128244 31
127944 31
119903 29
123883 30
118472 28
123514 30
137489 33
118915 29
126754 30
140932 34
117145 28
125734 30
141187 34
157317 38
139325 34
141497 34
144958 35
150571 36
127381 31
118653 28
136896 33
113745 27
117659 28
111727 27
121352 29
112281 27
137066 33
115713 28
138051 33
110868 27
166555 40
136462 33
147911 36
142740 34
125276 30
108022 26
133945 32
139350 34
142970 34
127203 31
141686 34
143564 35
119463 29
128821 31
122117 29
136034 33
132374 32
115864 28
135318 33
133285 32
131100 32
141232 34
138749 33
144811 35
145418 35
131124 32
198378 48
123513 30
148417 36
137455 33
130032 31
129274 31
137262 33
121304 29
138478 33
158395 38
142374 34
105515 25
122864 29
108926 26
128178 31
119506 29
127476 31
120643 29
126704 30
125713 30
125828 30
124966 30
134004 32
123454 30
126432 30
129951 31
126129 30
124202 30
123828 30
127895 31
134857 32
124501 30
124799 30
118999 29
122878 29
126942 30
123468 30
124617 30
133023 32
129766 31
132720 32
117057 28
139120 33
141595 34
130901 31
135014 32
146553 35
132493 32
139032 33
122218 29
134850 32
126704 30
146735 35
117603 28
131075 32
138746 33
137423 33
143093 34
123179 30
122040 29
140935 34
124819 30
136256 33
131781 32
128995 31
122120 29
128715 31
122826 29
140862 34
130524 31
126132 30
124763 30
132678 32
120388 29
130193 31
135559 33
118346 28
127735 31
110948 27
132343 32
133436 32
110966 27
120937 29
122232 29
118081 28
126841 30
128446 31
125437 30
123387 30
124044 30
121621 29
150551 36
126233 30
123360 30
134357 32
140485 34
115536 28
123604 30
115825 28
118409 28
115403 28
118001 28
141815 34
116932 28
119408 29
140275 34
123472 30
113651 27
170765 41
127071 31
121551 29
124446 30
140198 34
128338 31
142419 34
150732 36
145187 35
139067 33
187422 45
129973 31
126789 30
137011 33
177482 43
141885 34
137908 33
136190 33
126062 30
122602 29
126554 30
127553 31
123580 30
143338 34
103749 25
130349 31
122351 29
127190 31
126690 30
126659 30
132989 32
122218 29
115466 28
129218 31
111695 27
125831 30
131355 32
131802 32
128841 31
121624 29
147642 36
131509 32
129120 31
127113 31
117442 28
143896 35
127958 31
132549 32
189433 46
123813 30
143323 34
122885 30
169951 41
132538 32
129232 31
140485 34
121446 29
137297 33
134068 32
135851 33
132636 32
138247 33
137838 33
118479 28
123891 30
129895 31
116922 28
134996 32
125789 30
132046 32
180275 44
126184 30
130301 31
144709 35
144388 35
125811 30
147139 35
145934 35
123985 30
123045 30
113487 27
136309 33
114345 27
137249 33
120004 29
132447 32
121429 29
115804 28
147719 36
125573 30
117833 28
126746 30
168022 41
125796 30
127948 31
121370 29
124743 30
125702 30
139975 34
133813 32
140164 34
123482 30
145037 35
139790 34
118569 28
145435 35
145977 35
131156 32
136375 33
134892 32
118053 28
134113 32
123740 30
125553 30
140258 34
125000 30
281640 68
127466 31
141714 34
133914 32
140341 34
120749 29
130067 31
136686 33
140065 34
141878 34
168835 41
119872 29
129885 31
125831 30
134996 32
122965 30
124892 30
150023 36
127371 31
132542 32
120119 29
152107 37
132524 32
139350 34
113992 27
137266 33
116974 28
145966 35
144056 35
131146 32
137283 33
133230 32
144273 35
140499 34
128586 31
131065 31
129892 31
137570 33
136910 33
130971 31
122968 30
128548 31
128984 31
145419 35
129392 31
146354 35
146794 35
130880 31
154681 37
156160 38
139902 34
128810 31
128276 31
127605 31
156524 38
133387 32
140991 34
127183 31
132734 32
139591 34
114953 28
133746 32
140076 34
129819 31
120968 29
132933 32
116492 28
121977 29
110867 27
136186 33
131296 32
130035 31
116513 28
126142 30
117407 28
133499 32
142782 34
118039 28
128237 31
120989 29
135143 32
118901 29
122931 30
113410 27
121946 29
132416 32
131041 31
114031 27
128296 31
131473 32
127305 31
139979 34
143694 35
141808 34
119055 29
126425 30
135765 33
117271 28
129142 31
120120 29
123146 30
107876 26
127790 31
132612 32
116213 28
120985 29
128241 31
126976 31
136644 33
117208 28
131875 32
120748 29
120441 29
256841 62
130915 31
124383 30
144786 35
125601 30
140077 34
133492 32
136892 33
120644 29
130880 31
120417 29
124641 30
127308 31
138624 33
123276 30
127402 31
121977 29
124501 30
133087 32
130939 31
126471 30
114191 27
131163 32
129836 31
138023 33
141965 34
139912 34
180684 44
130235 31
114411 27
137308 33
136344 33
136435 33
133569 32
131365 32
125831 30
122756 29
131785 32
142706 34
115232 28
139577 34
115686 28
111590 27
124404 30
123399 30
180852 44
135035 32
136337 33
136952 33
144559 35
139672 34
128709 31
153302 37
125937 30
143966 35
126464 30
130894 31
139574 34
127539 31
120280 29
124952 30
142419 34
127668 31
131274 32
126212 30
132043 32
143222 34
133023 32
122952 30
131030 31
128129 31
129267 31
104800 25
125454 30
133495 32
120895 29
136393 33
121862 29
137559 33
143868 35
130461 31
119583 29
123744 30
117470 28
126562 30
119027 29
126237 30
131090 32
129571 31
125696 30
172430 42
132204 32
133533 32
141390 34
136145 33
128226 31
150641 36
123021 30
129805 31
124047 30
132880 32
121188 29
122714 29
119495 29
128751 31
116143 28
128844 31
113783 27
127368 31
140663 34
116133 28
127895 31
139849 34
123164 30
137482 33
136976 33
141424 34
121258 29
105148 25
122267 29
120790 29
118371 28
118496 28
129875 31
117886 28
151845 37
133244 32
144710 35
130853 31
138177 33
138512 33
124027 30
135160 32
156088 38
134902 32
134072 32
148316 36
118807 29
132678 32
145013 35
119309 29
129222 31
133963 32
114848 28
252096 61
119641 29
179808 43
126303 30
128534 31
123538 30
136358 33
128894 31
135129 32
134944 32
127497 31
116884 28
128904 31
137060 33
119240 29
131292 32
150826 36
157156 38
134403 32
115012 28
129924 31
126331 30
149105 36
118206 28
117568 28
132483 32
115686 28
132364 32
130213 31
135094 32
137022 33
116209 28
131247 32
126638 30
123419 30
141868 34
132123 32
128635 31
115148 28
133226 32
128297 31
116171 28
127166 31
115057 28
120180 29
124379 30
132476 32
137185 33
142936 34
130625 31
143658 35
133279 32
133440 32
135300 33
119893 29
129348 31
137706 33
118629 28
124735 30
137528 33
114938 28
109269 26
132266 32
153501 37
129575 31
127280 31
148389 36
122738 29
112872 27
119425 29
135750 33
270496 66
122983 30
113227 27
122885 30
139123 33
125873 30
118464 28
117637 28
130657 31
124966 30
130349 31
120036 29
145310 35
126816 30
129131 31
122927 30
131962 32
135929 33
128802 31
148277 36
138157 33
287893 70
132211 32
121925 29
130455 31
137720 33
139360 34
138379 33
117208 28
122078 29
143362 35
130227 31
134193 32
128094 31
107551 26
130067 31
139503 34
140461 34
117860 28
120529 29
126261 30
121531 29
290438 70
144057 35
122197 29
133771 32
140729 34
134208 32
127536 31
115822 28
151129 36
129661 31
125308 30
132326 32
116196 28
128401 31
128709 31
108867 26
135960 33
133436 32
126621 30
130255 31
119697 29
122340 29
122134 29
117096 28
113567 27
122776 29
131069 31
120085 29
115864 28
118661 28
130444 31
132909 32
137028 33
137391 33
114370 27
123108 30
128886 31
132074 32
136242 33
138010 33
170033 41
150938 36
123203 30
148368 36
127769 31
115416 28
