17251 22
17516 22
17339 22
17442 22
17393 22
16472 21
16501 21
17415 22
16573 21
16493 21
16437 21
16518 21
16455 21
17352 22
16517 21
16403 21
16532 21
16479 21
16451 21
16462 21
16538 21
16580 21
16490 21
16154 21
16392 21
16535 21
16448 21
16427 21
16518 21
16595 21
16511 21
16479 21
16431 21
16490 21
16468 21
16462 21
16416 21
16525 21
16462 21
16472 21
16416 21
16524 21
16672 21
16476 21
16570 21
16451 21
16573 21
16472 21
16525 21
16515 21
16490 21
16465 21
16454 21
16717 21
16409 21
16521 21
16444 21
16441 21
16535 21
134871 175
16535 21
16542 21
17363 22
16472 21
16566 21
16577 21
16494 21
17321 22
16517 21
16489 21
16451 21
16532 21
16504 21
16562 21
16528 21
16475 21
16462 21
16490 21
16504 21
16511 21
16570 21
16514 21
16580 21
16528 21
17293 22
16525 21
16563 21
16559 21
16402 21
16458 21
16542 21
16507 21
17401 22
16654 21
16500 21
16441 21
16538 21
16434 21
16500 21
16448 21
16475 21
16517 21
16535 21
16483 21
16584 21
16507 21
16472 21
16430 21
16448 21
16504 21
16440 21
16459 21
16538 21
16508 21
16622 21
16521 21
16462 21
16479 21
16479 21
16454 21
16664 21
17419 22
16322 21
16308 21
16462 21
16514 21
16444 21
16472 21
16437 21
16448 21
16479 21
16475 21
16496 21
16483 21
16619 21
16455 21
16678 21
16431 21
17418 22
16455 21
16431 21
16475 21
16560 21
16494 21
16500 21
16549 21
16507 21
16409 21
16461 21
16423 21
16375 21
16430 21
16479 21
16552 21
16528 21
16451 21
16587 21
16507 21
16542 21
17398 22
17453 22
16409 21
16433 21
16525 21
16406 21
16458 21
16618 21
16455 21
16448 21
16556 21
16511 21
16475 21
16535 21
16601 21
16483 21
16532 21
17440 22
16430 21
17359 22
16570 21
16430 21
16528 21
16469 21
16612 21
16507 21
16493 21
16392 21
17425 22
17394 22
16622 21
16528 21
16458 21
16626 21
16438 21
16392 21
16444 21
16482 21
16399 21
16709 21
16465 21
16472 21
16584 21
16496 21
16406 21
16458 21
16524 21
16556 21
16503 21
16535 21
16417 21
17293 22
16458 21
16482 21
16441 21
17394 22
16434 21
16500 21
16496 21
16539 21
16486 21
16469 21
16511 21
16434 21
16514 21
16434 21
16535 21
16441 21
16633 21
16437 21
16469 21
16584 21
16500 21
16475 21
16490 21
16441 21
16403 21
16483 21
17404 22
17366 22
16629 21
16469 21
17457 22
17345 22
16598 21
16399 21
16465 21
17118 22
16647 21
16500 21
16440 21
16556 21
16500 21
16469 21
16525 21
16399 21
16563 21
17380 22
16475 21
16472 21
16486 21
16431 21
16482 21
16490 21
16508 21
16441 21
16378 21
16458 21
16531 21
16482 21
55904 72
16424 21
16451 21
16503 21
59311 77
16472 21
16566 21
16528 21
16518 21
16559 21
16406 21
16493 21
16514 21
16455 21
16532 21
16514 21
16521 21
16549 21
16409 21
16507 21
16521 21
59272 77
17338 22
16452 21
16500 21
16490 21
16524 21
16500 21
16559 21
17265 22
16511 21
16609 21
16382 21
16423 21
16556 21
16615 21
16423 21
16510 21
16381 21
16514 21
16525 21
16409 21
16496 21
16504 21
16441 21
16441 21
16465 21
16511 21
17307 22
17412 22
16466 21
16475 21
16399 21
16419 21
16399 21
16500 21
16629 21
16528 21
17530 22
16587 21
16427 21
16420 21
16501 21
16448 21
16472 21
16496 21
16437 21
16598 21
16490 21
16444 21
16455 21
17380 22
16503 21
16419 21
16500 21
16563 21
16563 21
16535 21
16388 21
16688 21
16508 21
16431 21
16559 21
16465 21
16465 21
17502 22
16584 21
16507 21
16546 21
16605 21
16217 21
16503 21
16473 21
16493 21
16510 21
16584 21
16521 21
16612 21
17320 22
16462 21
16389 21
16469 21
17359 22
16542 21
16486 21
16479 21
16514 21
16431 21
17272 22
16637 21
16420 21
16538 21
16445 21
16525 21
16493 21
16546 21
16434 21
16357 21
16653 21
16452 21
16448 21
16528 21
16480 21
16483 21
17470 22
16455 21
16465 21
16266 21
16524 21
16402 21
17394 22
16475 21
16486 21
16552 21
17348 22
16619 21
16511 21
16469 21
16619 21
16528 21
16490 21
17317 22
16542 21
16490 21
16441 21
16441 21
16482 21
16489 21
16462 21
16402 21
16483 21
16518 21
17394 22
16479 21
16444 21
16646 21
16416 21
16531 21
16532 21
16427 21
16472 21
16521 21
16438 21
16563 21
16447 21
16570 21
16528 21
16542 21
16493 21
16507 21
16496 21
16531 21
16514 21
17398 22
17285 22
16399 21
16511 21
16493 21
16465 21
16489 21
16416 21
16546 21
16500 21
16423 21
16507 21
16476 21
16479 21
16360 21
16441 21
16570 21
17296 22
16567 21
16532 21
16675 21
16535 21
16566 21
16528 21
16563 21
16517 21
16563 21
17320 22
17425 22
16455 21
16493 21
16459 21
16458 21
16581 21
16452 21
16563 21
16490 21
16489 21
17397 22
16574 21
16598 21
16494 21
16535 21
16528 21
17363 22
16559 21
16364 21
16423 21
16472 21
16455 21
16518 21
16444 21
16587 21
16514 21
16521 21
17383 22
16434 21
16542 21
16447 21
16465 21
16524 21
16462 21
16497 21
16475 21
16500 21
16521 21
17324 22
16448 21
16389 21
16476 21
16458 21
16462 21
16437 21
16469 21
16518 21
16388 21
16416 21
17401 22
16472 21
17307 22
16423 21
16399 21
16472 21
16500 21
16517 21
16458 21
16532 21
16511 21
16437 21
16549 21
16504 21
16388 21
16472 21
16451 21
16497 21
16545 21
16528 21
16406 21
17383 22
16472 21
16490 21
16483 21
16559 21
16546 21
17289 22
16409 21
16382 21
16500 21
16448 21
16556 21
16462 21
16539 21
16483 21
16465 21
17230 22
16497 21
16472 21
16472 21
16441 21
17391 22
16392 21
16409 21
16622 21
16542 21
16574 21
17299 22
16472 21
16507 21
16496 21
16423 21
16420 21
16496 21
16503 21
16479 21
16486 21
16500 21
16480 21
16515 21
16410 21
16413 21
16434 21
17387 22
16623 21
16465 21
16531 21
16441 21
16403 21
16301 21
16528 21
16454 21
17363 22
16423 21
16472 21
16423 21
16350 21
16521 21
16566 21
16424 21
17324 22
16479 21
16444 21
16489 21
16503 21
16454 21
16196 21
16591 21
16493 21
16430 21
16451 21
16437 21
16552 21
16594 21
16441 21
16584 21
17373 22
16503 21
16521 21
16437 21
16556 21
16465 21
16444 21
16479 21
16444 21
16507 21
16490 21
16497 21
16475 21
16406 21
16441 21
16500 21
17450 22
16441 21
16524 21
16454 21
16560 21
17456 22
16458 21
16521 21
16556 21
16528 21
16497 21
16573 21
16416 21
16469 21
16399 21
16563 21
16465 21
16448 21
16462 21
16559 21
16574 21
16409 21
16413 21
16503 21
16496 21
16542 21
16504 21
16409 21
16500 21
16500 21
16406 21
16532 21
16423 21
17551 22
17293 22
16427 21
16515 21
16479 21
17447 22
16730 21
17376 22
16542 21
16598 21
16504 21
16395 21
16549 21
17342 22
16424 21
17383 22
17380 22
16489 21
16402 21
16482 21
16514 21
16427 21
16562 21
16493 21
16514 21
16458 21
16521 21
16514 21
16609 21
16424 21
16461 21
16395 21
16524 21
16545 21
16455 21
16504 21
16458 21
16479 21
16409 21
16437 21
16531 21
16573 21
16559 21
17411 22
16431 21
16570 21
16403 21
16549 21
16508 21
16483 21
16598 21
16480 21
16546 21
17377 22
16500 21
16643 21
16567 21
16482 21
16500 21
16448 21
16503 21
16395 21
16451 21
16486 21
16577 21
16458 21
16556 21
16409 21
16455 21
16643 21
16538 21
16521 21
16465 21
16504 21
16452 21
16461 21
16559 21
23011 29
16518 21
16490 21
16469 21
16521 21
16469 21
16489 21
16427 21
16462 21
16476 21
16525 21
16521 21
16507 21
16475 21
16493 21
16510 21
16476 21
16528 21
16616 21
16472 21
16508 21
17499 22
16424 21
16438 21
16619 21
16479 21
16514 21
16535 21
16465 21
16573 21
16605 21
16466 21
16472 21
16486 21
16524 21
16466 21
16423 21
16413 21
16532 21
16374 21
16507 21
16441 21
16618 21
16434 21
16473 21
16496 21
16441 21
16570 21
17474 22
16532 21
16511 21
16472 21
16605 21
16409 21
16664 21
16563 21
16476 21
16427 21
16385 21
17425 22
16497 21
16504 21
16567 21
16413 21
16528 21
16472 21
16434 21
16458 21
16567 21
16518 21
16507 21
17460 22
16486 21
16570 21
17377 22
16466 21
16563 21
16497 21
16588 21
56780 73
16409 21
16570 21
16500 21
16165 21
16511 21
16451 21
16466 21
16458 21
16459 21
16441 21
16395 21
16553 21
16489 21
16458 21
16472 21
16441 21
16615 21
17468 22
16458 21
16563 21
16451 21
16441 21
16482 21
16486 21
16651 21
16563 21
16605 21
16469 21
16570 21
16427 21
16560 21
17324 22
16496 21
16448 21
16476 21
16461 21
16507 21
16458 21
16461 21
16532 21
16517 21
16476 21
16416 21
17073 22
17450 22
16507 21
16451 21
16539 21
16518 21
16535 21
16521 21
16458 21
16504 21
16427 21
16472 21
16472 21
16423 21
16545 21
17457 22
16514 21
16503 21
16465 21
16524 21
16462 21
16518 21
16493 21
16458 21
16559 21
16611 21
16619 21
16539 21
16483 21
16584 21
16528 21
16619 21
17373 22
16437 21
16472 21
16461 21
16420 21
16507 21
16818 21
16514 21
16465 21
16364 21
16381 21
16406 21
16434 21
16528 21
16399 21
16535 21
16465 21
16618 21
17404 22
16438 21
16622 21
16266 21
16528 21
16560 21
16500 21
16329 21
16486 21
17348 22
16465 21
16458 21
16503 21
16465 21
16580 21
16448 21
16441 21
16434 21
16409 21
16521 21
16490 21
16630 21
16469 21
16479 21
16611 21
16473 21
16375 21
16381 21
16545 21
16458 21
16493 21
16636 21
17488 22
16430 21
16420 21
16517 21
16601 21
16601 21
16548 21
16392 21
16560 21
16535 21
16465 21
16458 21
16378 21
16458 21
16532 21
16423 21
16524 21
16402 21
16535 21
16473 21
19233 25
17401 22
16455 21
16395 21
16444 21
16454 21
16493 21
17390 22
16539 21
16371 21
16524 21
16532 21
16430 21
16608 21
16368 21
16392 21
16507 21
16437 21
16528 21
16514 21
16403 21
16493 21
16482 21
16472 21
16539 21
16521 21
16633 21
16668 21
16472 21
16427 21
16525 21
16430 21
16591 21
