1688792 51
1639302 50
1728010 52
1639155 50
1639375 50
1639194 50
1685853 51
1638911 50
1638666 50
1638772 50
1638900 50
1784137 54
1639131 50
1639993 50
1739106 53
1639459 50
1639376 50
1639361 50
1639403 50
1638782 50
1639414 50
1706276 52
1639275 50
1772853 54
1639205 50
1728038 52
1638659 50
1639019 50
1644533 50
1639689 50
1695967 51
1638189 49
1639026 50
1743467 53
1639341 50
1778383 54
1776987 54
1718616 52
1642783 50
1646984 50
1702167 51
1638943 50
1639246 50
1638681 50
1639078 50
1739095 53
1639193 50
1638981 50
1639309 50
1639117 50
1638779 50
1639491 50
1714789 52
1639390 50
1723402 52
1638799 50
1639428 50
1638956 50
1638988 50
1638967 50
1639096 50
1773007 54
1638872 50
1639305 50
1712547 52
1643021 50
1639578 50
1638516 50
1771090 54
2103595 64
1639285 50
1714935 52
1639187 50
1639072 50
1776924 54
1638600 50
1638908 50
1639239 50
1639152 50
1639826 50
1638499 50
1638981 50
1639745 50
1639261 50
1639169 50
1824288 55
1639086 50
1724197 52
1639030 50
1639009 50
1639403 50
1639299 50
1791204 54
1639257 50
1640448 50
1643369 50
1639386 50
1638785 50
1639404 50
1789650 54
1639476 50
1639822 50
1749744 53
1639257 50
1643453 50
1639543 50
1639620 50
1638786 50
1639494 50
1701843 51
1643911 50
1639327 50
1639435 50
1639176 50
1718046 52
1638782 50
1639467 50
1638681 50
1639952 50
1713556 52
1639693 50
1804251 55
1639630 50
1639560 50
1638684 50
1639302 50
1716517 52
1773478 54
1738037 53
1638723 50
1638911 50
1775217 54
1643908 50
1774184 54
1638877 50
1744074 53
1639152 50
1639798 50
1706374 52
1639427 50
1639505 50
1642950 50
1701608 51
1704824 52
1639836 50
1768841 53
1639125 50
1639026 50
1639299 50
1714020 52
1639606 50
1639588 50
1639152 50
1639421 50
1638788 50
1777892 54
1739340 53
1701905 51
1640105 50
1639669 50
1639302 50
1685653 51
1710651 52
1744266 53
1640070 50
1639469 50
1639267 50
1712669 52
1638618 50
1639302 50
1705715 52
1638946 50
1638586 50
1731411 52
1701295 51
1638593 50
1706392 52
1638912 50
1639079 50
1730629 52
1639722 50
1639515 50
1639400 50
1639337 50
1738955 53
1639463 50
1729414 52
1638744 50
1638667 50
1639260 50
1639790 50
1706029 52
1772438 54
1722333 52
1638897 50
1639874 50
1638398 49
1638894 50
1778044 54
1640294 50
1729298 52
1639285 50
1638817 50
1638925 50
1638918 50
1758420 53
1639274 50
1644455 50
1639837 50
1644945 50
1772162 54
1639229 50
1823443 55
1638583 50
1638957 50
1638590 50
1639648 50
1638673 50
1638922 50
1700230 51
1639110 50
1644263 50
1732461 52
1639219 50
1721998 52
1638394 49
1777559 54
1639183 50
1639033 50
1639138 50
1638901 50
1639449 50
1639777 50
1701797 51
1638845 50
1639497 50
1638499 50
1639271 50
2152065 65
1639068 50
1705149 52
1639358 50
1640056 50
1745946 53
1638691 50
1638758 50
1639498 50
1702367 51
1639030 50
1638164 49
1638970 50
1643732 50
1775796 54
1639166 50
1716398 52
1639892 50
1639400 50
1639467 50
1692273 51
1638450 50
1688087 51
1702838 51
1639518 50
1639801 50
1638635 50
1639236 50
1639051 50
1639176 50
1639865 50
1639662 50
1714586 52
1639539 50
1691484 51
1638408 50
1639229 50
1639177 50
1688583 51
1643998 50
1638545 50
1693990 51
1638974 50
1642993 50
1786630 54
1778558 54
1774494 54
1639065 50
1639452 50
1639264 50
1638827 50
1740893 53
1639368 50
1690698 51
1638921 50
1638887 50
1638751 50
1638925 50
1810856 55
1639127 50
1639400 50
1638262 49
1639358 50
1639036 50
1639285 50
1844139 56
1639784 50
1639344 50
1679589 51
1774808 54
1643087 50
1638974 50
1704772 52
1643028 50
1639501 50
1638737 50
1639295 50
1690523 51
1638666 50
1702017 51
1726143 52
1639173 50
1639274 50
1638646 50
1639023 50
1639752 50
1639725 50
1701245 51
1639368 50
1688429 51
1640077 50
1638949 50
1638785 50
1742384 53
1639526 50
1701308 51
1639330 50
1639316 50
1638789 50
1639777 50
1639396 50
1702369 51
1638827 50
1638580 50
1686037 51
1639051 50
1644875 50
1639212 50
1639016 50
1707345 52
1639036 50
1639096 50
1638907 50
1696477 51
1639001 50
1640150 50
1701483 51
1639452 50
1639690 50
1638607 50
1638946 50
1718339 52
1644043 50
1639414 50
1639069 50
1696302 51
1639082 50
1638911 50
1638178 49
1639532 50
1639285 50
1639103 50
1639020 50
1638597 50
1718629 52
1642504 50
1643014 50
1728216 52
1639466 50
1638443 50
1639284 50
1639522 50
1639124 50
1638583 50
1706151 52
1639833 50
1638824 50
1638778 50
1639634 50
1843263 56
1639735 50
1639881 50
1725060 52
1638855 50
1638510 50
1639365 50
1793498 54
1639539 50
1638939 50
1720542 52
1639630 50
1740163 53
1639037 50
1686306 51
1638503 50
1639051 50
1638656 50
1639030 50
1896010 57
1639253 50
1639159 50
1687103 51
1639232 50
1638883 50
1639256 50
1714806 52
1638817 50
1638796 50
1639142 50
1639508 50
1791794 54
1639250 50
1639009 50
1776225 54
1643781 50
1638824 50
1639253 50
1702097 51
1639596 50
1638768 50
1724610 52
1638213 49
1738229 53
1639191 50
1639435 50
1639023 50
1638966 50
1639089 50
1639313 50
1781801 54
1639344 50
1639075 50
1638349 49
1639330 50
1738746 53
1640228 50
1725922 52
1638545 50
1639582 50
1638807 50
1638967 50
1836839 56
1643537 50
1639613 50
1724820 52
1639602 50
1639295 50
1645014 50
1702482 51
1638688 50
1639693 50
1684131 51
1639546 50
1638967 50
1639033 50
1640046 50
1720001 52
1638859 50
1639375 50
1639526 50
1876428 57
1638789 50
1638659 50
1769176 53
1639686 50
1638806 50
1639096 50
1838403 56
1638506 50
1638541 50
1638534 50
1639389 50
1705973 52
1643111 50
1639791 50
1644375 50
1639546 50
1639438 50
1639752 50
1738847 53
1640032 50
1638914 50
1639627 50
1638891 50
1639177 50
1640465 50
1739884 53
1692709 51
1638932 50
1638558 50
1639575 50
1722790 52
1639257 50
1721244 52
1639410 50
1638964 50
1638869 50
1639382 50
1680936 51
1776212 54
1704771 52
1639407 50
1639794 50
1739871 53
1644993 50
1639159 50
1708665 52
1638503 50
1639626 50
1639794 50
1711189 52
1639417 50
1739528 53
1639264 50
1639449 50
1639235 50
1639061 50
1638890 50
1698861 51
1702206 51
1640056 50
1639788 50
1712565 52
1639054 50
1638905 50
1639061 50
1639110 50
1639809 50
1638848 50
1639282 50
1639711 50
1694853 51
1639324 50
1644763 50
1734123 52
1644916 50
1639470 50
1639397 50
1740614 53
1639103 50
1639711 50
1771083 54
1702080 51
1639375 50
1639194 50
1638705 50
1772403 54
1701609 51
1639638 50
1639302 50
1639187 50
1639578 50
1639316 50
1768273 53
1639456 50
1639215 50
1639767 50
1639403 50
1639323 50
1739088 53
1642905 50
1639557 50
1638324 49
1639131 50
1775905 54
1711064 52
1841276 56
1681257 51
1639539 50
1638922 50
1639184 50
1638691 50
1639400 50
1756182 53
1639738 50
1639655 50
2050527 62
1699050 51
1772650 54
1639972 50
1701326 51
1639693 50
1638950 50
1638901 50
1639843 50
1710477 52
1639564 50
1699845 51
1638869 50
1733890 52
1680528 51
1638639 50
1741678 53
1639107 50
1639054 50
1639257 50
1800892 54
1697486 51
1639411 50
1705979 52
1639673 50
1639469 50
1789755 54
1639166 50
1638838 50
1639061 50
1717533 52
1639526 50
1701172 51
1699790 51
1639246 50
1639312 50
1639243 50
1701200 51
1639299 50
1639438 50
1639547 50
1644609 50
1642658 50
1639048 50
1711890 52
1692996 51
1638408 50
1638942 50
1639752 50
1740101 53
1697664 51
1687147 51
1639261 50
1639078 50
1638981 50
1639204 50
1785974 54
1774484 54
1639432 50
1638824 50
1638715 50
1639333 50
1639683 50
1872748 57
1684197 51
1639404 50
1639467 50
1639005 50
1638845 50
1704098 52
1703134 51
1638992 50
1639801 50
1639310 50
1638939 50
1679288 51
1768667 53
1701759 51
1638164 49
1685996 51
1639222 50
1823942 55
1639693 50
1638946 50
1739999 53
1771575 54
1639418 50
1700275 51
1704862 52
1638691 50
1639417 50
1709814 52
1638953 50
1718479 52
1639585 50
1639323 50
1639159 50
1638831 50
1701371 51
1638607 50
1776418 54
1638978 50
1639651 50
1639327 50
1640147 50
1766191 53
1638936 50
1638813 50
1773265 54
1639392 50
1638719 50
1726310 52
1833735 55
1639135 50
1639299 50
1638729 50
1712984 52
1738837 53
1728150 52
1639526 50
1639445 50
1639082 50
1639309 50
1639865 50
1716265 52
1639571 50
1638699 50
1638981 50
1644427 50
1639072 50
1686753 51
1701895 51
1639386 50
1639197 50
1639515 50
1639543 50
1929957 58
1639306 50
1639745 50
1638778 50
1639368 50
1638872 50
1726596 52
1834133 55
1639672 50
1639219 50
1638779 50
1684389 51
1744039 53
1730000 52
1639099 50
1639540 50
1639302 50
1638516 50
1643589 50
1746738 53
1639152 50
1639407 50
1638778 50
1639062 50
1638419 50
1639805 50
1704119 52
1639738 50
1639644 50
1730248 52
1639389 50
1715602 52
1639560 50
1702348 51
1639285 50
1638998 50
1639267 50
1686798 51
1639317 50
1639480 50
1639249 50
1639176 50
1697650 51
1701536 51
1639284 50
1639511 50
1642859 50
1738386 53
1639327 50
1705111 52
1639787 50
1640196 50
1639386 50
1638437 50
1707118 52
1704521 52
1700963 51
1639090 50
1639117 50
1740398 53
1639124 50
1639885 50
1684770 51
1638576 50
1638918 50
1639470 50
1702114 51
1721192 52
1694182 51
1638300 49
1639012 50
1638817 50
1638897 50
1833462 55
1769386 53
1638964 50
1642689 50
1638862 50
1639229 50
1639788 50
1704741 52
1638440 50
1639316 50
1638953 50
1639634 50
1718228 52
1638981 50
1723395 52
1638681 50
1640022 50
1639333 50
1639456 50
1701997 51
1638978 50
1639257 50
1639128 50
1639557 50
1738205 53
1734333 52
1639567 50
1639040 50
1638887 50
1642671 50
1638694 50
1638691 50
1777267 54
1640147 50
1638572 50
1638443 50
1738705 53
1639184 50
1701339 51
1638879 50
1639488 50
1638992 50
1639121 50
1644703 50
1687636 51
1688107 51
1638419 50
1638646 50
1738934 53
1639787 50
1701410 51
1638695 50
1639403 50
1638628 50
1639704 50
1639117 50
1639676 50
1771132 54
1643111 50
1639417 50
1639462 50
1639085 50
1639117 50
1643729 50
1639225 50
1639466 50
1639619 50
1639916 50
1777193 54
1819742 55
1638593 50
1639375 50
1638524 50
1639777 50
1639215 50
1718227 52
1774254 54
1639341 50
1639756 50
1639145 50
1638876 50
1681331 51
1698400 51
1639672 50
1639829 50
1643370 50
1638681 50
1639488 50
1713242 52
1639512 50
1770602 54
1638555 50
1639565 50
1638698 50
1639271 50
1700928 51
1638820 50
1639752 50
1639424 50
1694619 51
1706406 52
1639061 50
1702824 51
1638988 50
1639480 50
1638810 50
1639701 50
1639418 50
1639446 50
1707750 52
1638964 50
1695694 51
1774693 54
1642941 50
1642975 50
1638496 50
1639110 50
1638831 50
1682344 51
1769725 54
1638967 50
1819288 55
1638949 50
1726181 52
1638614 50
1643851 50
1639065 50
1638653 50
1701867 51
1638992 50
1768527 53
1678859 51
1638960 50
1638827 50
1638925 50
1638701 50
1639675 50
1639498 50
1639096 50
1638701 50
1739563 53
1643422 50
1700579 51
1732517 52
1639131 50
1638646 50
1639417 50
1701937 51
1640203 50
1639867 50
1769777 54
1639759 50
1729128 52
1638970 50
1754353 53
1689120 51
1639473 50
1777113 54
1639798 50
1639135 50
1639285 50
1701751 51
1714111 52
1639166 50
1638593 50
1639243 50
1875744 57
1638691 50
1639320 50
1642612 50
1639065 50
1638541 50
1639508 50
1639355 50
1638566 50
1644738 50
1639267 50
1639365 50
1774913 54
1639320 50
1741456 53
1639344 50
1639096 50
1701724 51
1639260 50
1708846 52
1719701 52
1718430 52
1639253 50
1639557 50
1695555 51
1639753 50
1638188 49
1702411 51
1701664 51
1638782 50
1639173 50
1768248 53
1692902 51
1643428 50
1639033 50
1638712 50
1639183 50
1639767 50
1638925 50
1771034 54
1637976 49
