5893 46
5648 44
6042 47
5403 42
5799 45
5963 46
6230 48
6219 48
6324 49
6160 48
5670 44
5576 43
5414 42
5412 42
5891 46
1920 15
5705 44
5506 43
5587 43
5786 45
5880 45
5775 45
5856 45
5985 46
5657 44
5788 45
5659 44
5985 46
5775 45
5578 43
6532 51
5950 46
5587 43
5705 44
5659 44
5611 43
5611 43
5788 45
5390 42
5425 42
5412 42
5554 43
6370 49
5648 44
5307 41
5541 43
5694 44
5611 43
5810 45
5775 45
5414 42
5670 44
5788 45
5646 44
5727 44
5856 45
5578 43
5683 44
6322 49
6462 50
5683 44
6044 47
5880 45
5449 42
5368 41
5589 43
5635 44
5403 42
5716 44
5624 43
5974 46
5517 43
5530 43
5635 44
5473 42
5412 42
5869 45
2072 16
1880 14
5449 42
5659 44
5495 42
5390 42
5845 45
5366 41
5635 44
5869 45
5414 42
5764 45
5552 43
5681 44
5786 45
6486 50
5681 44
5624 43
5519 43
5635 44
5635 44
5683 44
5460 42
5950 46
5764 45
5565 43
6545 51
5576 43
6392 49
5670 44
5635 44
5845 45
5904 46
5390 42
5775 45
5390 42
5331 41
6521 50
5705 44
5985 46
5694 44
5775 45
6114 47
1884 14
5762 45
5845 45
5635 44
5589 43
5600 43
5845 45
5438 42
5788 45
6184 48
5495 42
5589 43
5985 46
6311 49
6405 50
6182 48
5390 42
5403 42
5412 42
5799 45
5414 42
5414 42
5600 43
5775 45
6182 48
5786 45
6055 47
5670 44
6066 47
5646 44
5611 43
5832 45
5869 45
5436 42
5495 42
6090 47
5471 42
5600 43
5716 44
5740 44
5694 44
5390 42
5635 44
6101 47
5775 45
5670 44
5797 45
5635 44
6136 47
5670 44
5705 44
5390 42
5788 45
5565 43
5775 45
5600 43
5659 44
5414 42
5587 43
5950 46
5681 44
5867 45
5204 40
7442 58
5751 44
5565 43
5998 46
5681 44
5937 46
6101 47
5670 44
5963 46
5576 43
5856 45
5775 45
5718 44
5810 45
5412 42
5751 44
5753 44
5928 46
5985 46
5622 43
5786 45
6042 47
5624 43
5414 42
5412 42
5670 44
5576 43
5613 43
5670 44
5705 44
5543 43
5786 45
5624 43
5972 46
5834 45
5659 44
5858 45
5961 46
5436 42
5589 43
5799 45
5797 45
5344 41
5657 44
5600 43
5670 44
5379 42
5775 45
5869 45
5961 46
5880 45
5589 43
6265 48
6416 50
5694 44
5449 42
5880 45
5729 44
5985 46
5436 42
5484 42
5788 45
5635 44
6044 47
5611 43
6066 47
5823 45
5797 45
5659 44
6031 47
5751 44
5845 45
6254 48
5624 43
5425 42
5915 46
5740 44
5613 43
5869 45
5552 43
5786 45
5611 43
5425 42
5648 44
5648 44
5718 44
5823 45
5891 46
5438 42
5998 46
5915 46
5821 45
5810 45
5659 44
5985 46
5506 43
5565 43
6217 48
5600 43
5565 43
6300 49
5670 44
5670 44
5589 43
5974 46
5821 45
5788 45
5576 43
5657 44
6171 48
5670 44
5834 45
5659 44
5670 44
2060 16
1976 15
5716 44
6020 47
5659 44
5659 44
5600 43
5412 42
5705 44
6241 48
5530 43
5613 43
5541 43
5775 45
5705 44
5657 44
5646 44
5403 42
5657 44
5856 45
5681 44
5729 44
5648 44
5915 46
5694 44
6101 47
5657 44
5974 46
5716 44
1984 15
5915 46
5740 44
5705 44
5856 45
5974 46
5635 44
5799 45
6289 49
5762 45
5867 45
5832 45
5880 45
5517 43
5867 45
5797 45
5786 45
6136 47
5821 45
5786 45
6405 50
5681 44
5425 42
5670 44
5683 44
5705 44
5401 42
5460 42
5681 44
5797 45
5764 45
5753 44
5648 44
5600 43
5613 43
5589 43
5670 44
5718 44
5950 46
5554 43
5670 44
5565 43
5670 44
5425 42
5729 44
5611 43
5484 42
5401 42
5648 44
5355 41
6230 48
5565 43
5823 45
5425 42
5937 46
5659 44
5939 46
5611 43
5786 45
5495 42
5716 44
5880 45
1940 15
6149 48
2272 17
5799 45
5858 45
5856 45
5705 44
6556 51
5740 44
6020 47
5786 45
5845 45
5834 45
5950 46
5727 44
5705 44
5788 45
5764 45
5786 45
5611 43
5926 46
5635 44
5611 43
5670 44
5893 46
5659 44
5646 44
5565 43
5403 42
5425 42
5414 42
5576 43
5915 46
5869 45
5589 43
5495 42
5810 45
5600 43
5646 44
5578 43
5705 44
5635 44
5775 45
6545 51
126619 989
5670 44
5554 43
5554 43
5331 41
5589 43
5692 44
5727 44
5823 45
5775 45
5554 43
5729 44
5576 43
5600 43
5412 42
5436 42
5915 46
5425 42
5775 45
5403 42
5414 42
5657 44
5460 42
5541 43
5366 41
5764 45
5578 43
6031 47
5519 43
1932 15
5646 44
6276 49
5681 44
5740 44
5425 42
5788 45
5565 43
5821 45
5659 44
5587 43
5624 43
5495 42
5368 41
5495 42
5368 41
5508 43
5600 43
5985 46
5484 42
5578 43
5530 43
6394 49
5998 46
6044 47
5834 45
5740 44
5611 43
5705 44
5915 46
5659 44
5635 44
5810 45
5484 42
5622 43
5974 46
5799 45
5692 44
5869 45
5926 46
5799 45
5705 44
5646 44
5950 46
5937 46
2060 16
5403 42
6381 49
5635 44
5950 46
5600 43
5379 42
5425 42
5961 46
5425 42
5705 44
5998 46
5657 44
6650 51
5648 44
5333 41
5589 43
5624 43
5716 44
5484 42
5683 44
5705 44
5670 44
5506 43
5506 43
5797 45
5541 43
5611 43
5764 45
5670 44
5799 45
5926 46
6381 49
5928 46
5786 45
5845 45
5727 44
5543 43
5869 45
5764 45
5751 44
5974 46
5799 45
5705 44
5331 41
5764 45
5646 44
5401 42
6241 48
5366 41
5471 42
5972 46
7175 56
5530 43
5775 45
5985 46
5705 44
5869 45
5775 45
5753 44
5858 45
6289 49
5624 43
5974 46
5705 44
6136 47
5506 43
5565 43
5775 45
5681 44
5985 46
6171 48
5473 42
5460 42
5869 45
6090 47
5786 45
5694 44
6033 47
6324 49
5635 44
5681 44
6287 49
1928 15
2164 16
5762 45
5519 43
5530 43
5670 44
5355 41
5904 46
5915 46
5998 46
5657 44
5775 45
5716 44
5694 44
6346 49
5565 43
6055 47
6009 46
5611 43
5659 44
7293 56
5683 44
5495 42
5473 42
5447 42
5998 46
5624 43
5541 43
5659 44
5740 44
5495 42
5670 44
5880 45
5495 42
5368 41
5716 44
5355 41
5659 44
5600 43
5530 43
5635 44
5648 44
5845 45
5519 43
6033 47
5390 42
1852 14
1932 15
5484 42
5576 43
5810 45
5576 43
6427 50
5320 41
5729 44
5517 43
5622 43
5961 46
5705 44
5832 45
5786 45
5648 44
5576 43
5436 42
5753 44
5517 43
5541 43
5530 43
5508 43
5670 44
1872 14
5670 44
5401 42
5670 44
5401 42
5692 44
6055 47
5891 46
5622 43
5635 44
5519 43
6289 49
6020 47
5716 44
5821 45
5845 45
5624 43
6147 48
5858 45
5589 43
5740 44
5915 46
5576 43
6357 49
5821 45
5775 45
6114 47
5659 44
5915 46
5985 46
5694 44
5797 45
5436 42
5751 44
5390 42
5657 44
5683 44
5519 43
5904 46
5670 44
6009 46
6440 50
5589 43
6357 49
5692 44
5751 44
6136 47
5659 44
6031 47
5867 45
5799 45
5576 43
5683 44
5578 43
5508 43
5880 45
5985 46
5657 44
6031 47
5565 43
5762 45
5484 42
5624 43
5786 45
1916 14
5576 43
5600 43
5880 45
5530 43
5670 44
5681 44
5657 44
5414 42
6171 48
5366 41
5694 44
5705 44
5565 43
5635 44
6884 53
5447 42
6125 47
5635 44
5622 43
5740 44
5342 41
5508 43
5764 45
5681 44
5484 42
5565 43
5670 44
5681 44
5681 44
5856 45
5646 44
6510 50
5880 45
5972 46
5832 45
5438 42
5681 44
6206 48
5716 44
6055 47
5797 45
5799 45
5727 44
6941 54
5799 45
6101 47
5799 45
6370 49
5751 44
5858 45
5740 44
5694 44
5716 44
5996 46
5996 46
5414 42
5974 46
5810 45
5786 45
6195 48
5506 43
5670 44
5740 44
5939 46
5705 44
5624 43
5797 45
5495 42
5646 44
5589 43
5869 45
6020 47
5659 44
5659 44
5646 44
5436 42
5683 44
6149 48
5727 44
1972 15
1948 15
2120 16
5414 42
5810 45
5729 44
5646 44
6173 48
5635 44
5799 45
5635 44
5565 43
6184 48
6252 48
5670 44
5810 45
6066 47
5705 44
5635 44
5729 44
5880 45
5683 44
5939 46
5657 44
5543 43
5915 46
5694 44
5740 44
5438 42
5869 45
5834 45
5797 45
5915 46
5834 45
5950 46
5821 45
5799 45
5589 43
6405 50
5845 45
5998 46
5716 44
5786 45
5764 45
5600 43
6230 48
5775 45
5856 45
5681 44
5447 42
5484 42
5716 44
6265 48
5692 44
5589 43
5508 43
5519 43
5635 44
5482 42
5858 45
5495 42
5447 42
5845 45
5670 44
5578 43
5484 42
5996 46
5624 43
5858 45
5786 45
5705 44
5856 45
6149 48
5578 43
5600 43
6090 47
5635 44
5775 45
5821 45
5775 45
5541 43
6241 48
5576 43
5377 42
6136 47
5797 45
5786 45
5659 44
5565 43
5646 44
5436 42
5740 44
5985 46
6055 47
5858 45
5762 45
5904 46
5926 46
5552 43
5705 44
5541 43
6042 47
5972 46
6182 48
5554 43
6066 47
6125 47
6289 49
5648 44
5716 44
5788 45
5517 43
5449 42
5460 42
5635 44
5880 45
5985 46
5495 42
5681 44
5799 45
5646 44
5751 44
5788 45
5681 44
5996 46
5517 43
5530 43
5320 41
5775 45
5506 43
5670 44
5729 44
5694 44
5624 43
5624 43
5681 44
5939 46
5740 44
5729 44
5473 42
5740 44
5576 43
5764 45
5670 44
5519 43
5600 43
5530 43
5425 42
5425 42
8715 68
5683 44
5460 42
5565 43
5436 42
5506 43
5331 41
5517 43
6009 46
5694 44
5961 46
5716 44
5541 43
5646 44
5845 45
5753 44
5926 46
1904 14
1968 15
5692 44
5692 44
5786 45
5694 44
5950 46
5764 45
5681 44
5600 43
5471 42
5716 44
5506 43
5659 44
5600 43
5788 45
5694 44
5541 43
5845 45
6311 49
5762 45
5646 44
5740 44
5939 46
5856 45
5600 43
5681 44
5543 43
5716 44
5718 44
5972 46
