547400 118
618601 134
504442 109
500338 108
512295 111
473644 102
529235 114
563828 122
567035 123
547702 118
499310 108
484540 105
653929 141
548321 118
542430 117
524965 113
494725 107
514734 111
518724 112
501668 108
493196 107
777186 168
565204 122
513520 111
546851 118
496639 107
480935 104
182396 39
187848 40
532735 115
541367 117
508865 110
485474 105
598592 129
476969 103
545464 118
533435 115
520883 113
503381 109
568820 123
533389 115
590008 128
544040 118
547201 118
555520 120
534391 115
535314 116
521675 113
542511 117
536084 116
506089 109
543480 117
549115 119
564130 122
553512 120
557852 121
544425 118
489779 106
489766 106
543246 117
534916 116
742851 161
516624 112
573311 124
552825 119
552523 119
535931 116
511116 110
524230 113
529935 115
561518 121
558403 121
570126 123
571572 124
534008 115
529200 114
519306 112
519691 112
505938 109
518479 112
539829 117
512785 111
521104 113
485017 105
530261 115
530613 115
513041 111
547004 118
524440 113
513030 111
607657 131
525816 114
510696 110
523974 113
514664 111
513870 111
525092 113
545534 118
549791 119
503604 109
523845 113
538696 116
522668 113
544834 118
519249 112
654594 142
523705 113
799039 173
523471 113
517475 112
537401 116
490781 106
482569 104
549244 119
554284 120
552803 119
524884 113
562345 122
516705 112
522130 113
545348 118
550364 119
553770 120
600285 130
599865 130
585362 127
591653 128
665584 144
591478 128
562498 122
510626 110
508108 110
520544 112
537810 116
508981 110
538558 116
633688 137
808688 175
648176 140
554914 120
576334 125
524871 113
564701 122
557130 120
550014 119
506964 110
506474 109
675172 146
468359 101
470960 102
522620 113
518501 112
490711 106
517731 112
564399 122
573101 124
537541 116
533179 115
520929 113
528920 114
553479 120
551600 119
626266 135
551309 119
533564 115
541544 117
541743 117
542430 117
538803 116
538569 116
547354 118
545020 118
544320 118
568131 123
481368 104
519225 112
492870 106
529596 114
556828 120
578760 125
591710 128
532210 115
537097 116
572368 124
577290 125
592935 128
572414 124
645354 140
549034 119
538289 116
554295 120
562229 122
559591 121
543959 118
533378 115
547610 118
612594 132
514139 111
523226 113
545510 118
539713 117
485030 105
515502 111
502471 109
509786 110
498376 108
516261 112
529386 114
580976 126
564038 122
805490 174
552241 119
520892 113
563966 122
592292 128
558215 121
577850 125
552954 119
477260 103
515432 111
490140 106
524534 113
522736 113
585119 126
593576 128
670799 145
577629 125
546059 118
549907 119
551158 119
558471 121
560700 121
571283 123
767795 166
548054 118
546805 118
577942 125
559451 121
521513 113
470120 102
529946 115
552825 119
638634 138
477238 103
526131 114
570139 123
539280 117
544565 118
531639 115
546199 118
540400 117
535395 116
510637 110
509926 110
508130 110
648200 140
510429 110
519306 112
507990 110
556605 120
525923 114
547494 118
544915 118
547691 118
580149 125
571071 123
605500 131
604437 131
639148 138
527719 114
525525 114
459176 99
466200 101
621414 134
521279 113
549279 119
540540 117
539293 117
555428 120
544519 118
563220 122
636394 138
802386 174
525945 114
518280 112
539512 117
555113 120
560035 121
582411 126
596341 129
679711 147
559978 121
488891 106
700713 152
523926 113
503814 109
543375 117
600040 130
547807 118
527415 114
552766 119
515970 111
523495 113
518269 112
530018 115
478684 103
524160 113
466399 101
573709 124
518420 112
566836 123
541647 117
554190 120
512599 111
522620 113
527601 114
537134 116
531836 115
496125 107
529550 114
692812 150
500522 108
556137 120
527706 114
510265 110
529095 114
613176 133
531324 115
545965 118
514815 111
538919 116
507454 110
531696 115
527660 114
523845 113
545114 118
553853 120
507360 110
527625 114
771750 167
547621 118
552394 119
540656 117
540282 117
576894 125
589597 127
575295 124
548008 118
565939 122
613410 133
527509 114
520706 113
555743 120
541240 117
526026 114
497713 108
499393 108
491341 106
505050 109
519621 112
525420 114
525175 113
570476 123
705040 153
526120 114
578386 125
569870 123
552801 119
519866 112
544215 118
560374 121
569216 123
537051 116
584045 126
557469 120
556699 120
560606 121
575039 124
532431 115
556209 120
584290 126
544449 118
567512 123
514395 111
515504 111
496195 107
558053 121
574525 124
563045 122
583146 126
547190 118
542069 117
532875 115
493756 107
450288 97
508795 110
549745 119
542500 117
755591 163
554225 120
576579 125
551261 119
528314 114
526715 114
538941 116
566055 122
561516 121
570010 123
671604 145
475567 103
487738 105
540400 117
595245 129
502506 109
492682 106
559289 121
585469 127
797381 173
598010 129
548859 119
557714 121
522504 113
510895 110
551204 119
500056 108
538836 116
555870 120
538895 116
562951 122
583264 126
588687 127
549898 119
569590 123
639776 138
562345 122
513321 111
502447 109
577826 125
561914 121
560945 121
576183 125
549454 119
566195 122
580943 126
541660 117
536351 116
566160 122
522469 113
523309 113
539571 117
856800 185
560700 121
523051 113
512925 111
491820 106
498492 108
555776 120
526072 114
533271 115
573252 124
175704 38
185928 40
174376 37
595774 129
530786 115
548660 119
591161 128
579692 125
546081 118
573545 124
574829 124
560442 121
534275 115
563185 122
568588 123
561807 121
505422 109
517908 112
529211 114
535091 116
512026 111
520859 113
537379 116
562542 122
591045 128
574770 124
573803 124
573429 124
607075 131
587906 127
761727 165
572788 124
579950 125
519739 112
505282 109
524884 113
563557 122
564165 122
574746 124
569846 123
578491 125
584021 126
582796 126
564561 122
571480 124
524335 113
525980 114
613515 133
556325 120
632835 137
551320 119
548682 119
572331 124
598430 129
579331 125
509156 110
797230 173
540015 117
473876 102
471719 102
500139 108
502285 109
535710 116
530296 115
483398 104
540050 117
704784 152
530390 115
549850 119
518035 112
543025 117
550119 119
506566 109
472979 102
538020 116
555531 120
551845 119
545847 118
578119 125
599668 130
500325 108
510184 110
522806 113
542384 117
551832 119
531952 115
575726 124
562321 122
595188 129
534065 115
555708 120
534264 115
520695 112
536154 116
553816 120
535500 116
529119 114
529154 114
528592 114
504407 109
583905 126
634760 137
572005 124
552952 119
543957 118
525781 114
493699 107
474659 103
500839 108
476956 103
476735 103
472769 102
470820 102
496534 107
521314 113
578782 125
519212 112
523821 113
514443 111
539958 117
490186 106
535710 116
491214 106
523786 113
570209 123
528069 114
500115 108
510405 110
490945 106
523764 113
512540 111
531895 115
573020 124
592399 128
570277 123
555286 120
612640 132
562544 122
546164 118
562765 122
548391 119
515281 111
506975 110
537333 116
510731 110
564655 122
564526 122
553560 120
542920 117
542640 117
568971 123
586320 127
598314 129
555496 120
550631 119
594101 128
637932 138
493745 107
493804 107
526330 114
677985 147
540236 117
514699 111
547411 118
542968 117
554798 120
588385 127
573521 124
551040 119
641620 139
536095 116
540971 117
542476 117
536806 116
592830 128
568855 123
540026 117
571456 124
560129 121
545814 118
534883 116
580357 125
735442 159
567991 123
582144 126
556861 120
492951 106
511398 110
496114 107
519155 112
566849 123
518783 112
537576 116
534601 116
503405 109
525969 114
544377 118
552860 119
535128 116
501421 108
522375 113
506918 110
520428 112
838554 181
552464 119
538068 116
527089 114
528618 114
527603 114
474134 102
502226 108
489499 106
647931 140
507710 110
435505 94
476048 103
484435 105
518945 112
520192 112
519553 112
525083 113
564526 122
567538 123
572134 124
542465 117
540376 117
538709 116
538591 116
521758 113
535780 116
540947 117
520824 113
472430 102
612419 132
492310 106
659726 143
496755 107
530915 115
522340 113
514034 111
560536 121
542430 117
529620 114
464951 100
484039 105
488797 106
526448 114
639765 138
541988 117
563769 122
525433 114
514662 111
660765 143
517462 112
529106 114
533142 115
497641 107
447335 97
435527 94
480819 104
501537 108
502740 109
477400 103
490630 106
518000 112
512984 111
476162 103
488613 106
554225 120
534835 116
512039 111
531510 115
563909 122
557423 120
578806 125
569741 123
546372 118
554144 120
530040 115
753983 163
534439 115
521699 113
563686 122
555380 120
497888 108
540621 117
545136 118
600519 130
787231 170
547726 118
548181 118
573930 124
567339 123
586904 127
619837 134
541216 117
548485 119
570242 123
813879 176
532829 115
575809 124
609420 132
603378 130
522819 113
668336 145
541741 117
551156 119
570231 123
486524 105
585841 127
585235 127
552160 119
555065 120
519354 112
539339 117
557983 121
531580 115
559475 121
534240 115
597111 129
576367 125
550364 119
669456 145
544307 118
539407 117
528301 114
517534 112
496744 107
490945 106
488554 106
506916 110
559919 121
518722 112
550959 119
506706 109
513262 111
507627 110
509832 110
493419 107
455676 98
523064 113
678195 147
504431 109
514662 111
555146 120
561785 121
529994 115
543283 117
524101 113
518652 112
562660 122
725351 157
577128 125
566930 123
620655 134
604461 131
638050 138
609315 132
630326 136
626979 136
616875 133
601545 130
743785 161
571620 124
539477 117
525711 114
557736 121
543806 118
539291 117
514745 111
530985 115
549616 119
525582 114
499450 108
521349 113
525652 114
532374 115
536073 116
590625 128
526249 114
563010 122
577336 125
550130 119
551320 119
635797 137
514419 111
504770 109
499542 108
542793 117
524919 113
524090 113
530786 115
498400 108
632590 137
495996 107
496895 107
504022 109
523635 113
530926 115
546455 118
593239 128
586460 127
583636 126
556220 120
622825 135
503042 109
495915 107
530821 115
508211 110
532711 115
538545 116
538650 116
512236 111
517919 112
808139 175
501970 108
531160 115
520765 113
565622 122
520964 113
556373 120
526411 114
572088 124
610131 132
747123 162
595304 129
586018 127
541986 117
550351 119
549629 119
558342 121
561354 121
587475 127
556651 120
503219 109
732327 158
562439 122
557082 120
564316 122
534380 115
547319 118
525993 114
571515 124
556220 120
496300 107
463236 100
520752 113
482604 104
507395 110
553606 120
603411 130
523202 113
539514 117
575411 124
565088 122
570349 123
527601 114
543493 117
534776 116
538184 116
529550 114
666074 144
488740 106
480795 104
506332 109
523110 113
550154 119
525372 114
527334 114
559453 121
523088 113
537180 116
573241 124
562332 122
562927 122
553315 120
567897 123
511759 111
536771 116
581221 126
562393 122
582096 126
582225 126
533284 115
548170 118
561039 121
584452 126
647091 140
508211 110
515246 111
538219 116
530552 115
524044 113
175644 38
180196 39
590870 128
572285 124
599222 130
537123 116
543596 117
512330 111
495821 107
476431 103
511512 111
507861 110
770818 167
516506 112
537333 116
507675 110
500115 108
472290 102
516285 112
528885 114
567116 123
591968 128
572298 124
578283 125
532818 115
518057 112
510427 110
560595 121
539361 117
537670 116
479465 104
476501 103
599445 130
530296 115
556802 120
515340 111
466550 101
540866 117
556058 120
543784 118
539186 117
616536 133
504304 109
492905 106
470190 102
539339 117
503976 109
