282124 78
297104 82
275450 76
285832 79
270596 75
286429 79
328521 91
315083 87
537005 149
320215 89
330085 92
400166 111
301011 83
339045 94
305690 85
308652 86
406350 113
281796 78
280770 78
292169 81
286976 80
263738 73
279836 78
277913 77
267015 74
263957 73
255605 71
257670 71
259409 72
273105 76
280339 78
288109 80
288400 80
289251 80
286650 79
279812 78
405020 113
311185 86
314989 87
315735 88
303356 84
288422 80
337855 94
394520 110
322886 90
273840 76
256469 71
308525 86
315560 88
344225 96
288866 80
406536 113
283150 79
426020 118
292845 81
471824 131
313180 87
280700 78
291421 81
319095 89
433580 120
269968 75
313622 87
280466 78
299169 83
302551 84
459491 128
280151 78
307311 85
325069 90
312502 87
317881 88
305736 85
328300 91
301105 84
293906 82
299016 83
289684 80
286195 79
298001 83
290850 81
300556 83
281588 78
281518 78
280735 78
277152 77
297255 82
261286 72
277119 77
368224 102
284865 79
285775 79
288260 80
283115 78
260155 72
272987 76
286182 79
297279 82
287011 80
557865 155
282625 78
260074 72
259910 72
260142 72
305620 85
258416 72
281365 78
305108 85
300650 83
306215 85
292064 81
286580 79
284830 79
312340 87
278764 77
260588 72
280676 78
281623 78
283255 79
262371 73
280573 78
264740 73
260260 72
280840 78
291318 81
281855 78
308923 86
288201 80
287746 80
281831 78
566020 157
260284 72
273805 76
260984 72
285530 79
280678 78
264425 73
287046 80
293440 81
285005 79
287221 80
286497 79
263014 73
265031 73
284830 79
260015 72
260260 72
563441 157
264436 73
264856 73
270469 75
300941 83
265744 74
279803 78
281378 78
262990 73
259547 72
260389 72
262045 73
255115 71
237895 66
283944 79
268148 74
260820 72
277596 77
237357 66
283546 79
285005 79
298294 83
399665 111
278554 77
292681 81
266011 74
281166 78
285342 79
285134 79
304384 84
282636 78
284701 79
284550 79
302212 84
602722 168
295551 82
261625 72
300184 83
286241 79
306460 85
285915 79
289299 80
304174 84
284480 79
291760 81
277154 77
237766 66
302365 84
278972 77
282706 78
307009 85
298970 83
308781 86
285309 79
307160 85
282367 78
257484 71
291084 81
322886 90
306891 85
268649 74
281901 78
365376 101
326900 91
280993 78
241314 67
275986 77
258276 72
258066 72
297419 82
275776 76
397250 110
275111 76
477842 133
296730 82
294175 82
366706 102
281540 78
264530 73
262126 73
260772 72
284176 79
297710 83
442669 123
274702 76
277351 77
282124 78
341193 95
265499 74
285600 79
280969 78
287293 80
490197 136
315164 87
313845 87
313834 87
260831 72
309448 86
282590 78
301175 84
261240 72
311850 87
283010 78
282811 78
269419 75
292226 81
288912 80
290196 80
314755 87
285961 79
285237 79
306029 85
262080 73
296496 82
279663 78
299495 83
263749 73
276312 77
239658 66
255408 71
298189 83
284327 79
306611 85
262244 73
285554 79
275498 76
272370 75
299692 83
289100 80
287269 80
302599 84
294805 82
319362 89
282052 78
452596 126
273735 76
286276 79
285624 79
456306 127
325360 90
269056 75
290303 80
279195 77
262909 73
265138 73
258545 72
269909 75
285530 79
306449 85
287875 80
278390 77
275743 76
296474 82
283920 79
260166 72
280571 78
259105 72
308934 86
343735 95
281621 78
575459 160
267704 74
264053 73
261590 72
277889 77
293486 81
301094 84
258217 72
257355 71
274820 76
262802 73
274737 76
276058 77
276080 77
408636 114
297745 83
279009 77
283793 79
304861 85
328954 91
368957 102
304395 84
292937 81
298712 83
306716 85
360382 100
382071 106
360721 100
520240 145
393411 109
357127 99
306928 85
311826 87
297618 83
312270 87
293020 81
326434 91
316050 88
319526 89
286965 80
285611 79
284071 79
304279 84
286650 79
304511 84
285869 79
309109 86
289999 80
366321 102
339979 94
320156 89
403712 112
431340 120
318734 88
292600 81
287501 80
280479 78
305935 85
307066 85
267739 74
282474 78
284994 79
284609 79
320272 89
356976 99
305666 85
303682 84
306460 85
436404 121
311443 86
289111 80
310765 86
309249 86
280724 78
262314 73
265593 74
257950 71
254157 70
276069 77
255465 71
255546 71
275566 76
274551 76
290336 81
292810 81
280641 78
314707 87
305491 85
308245 86
290710 81
318268 88
319504 89
357151 99
343665 95
288365 80
297069 82
313646 87
323645 90
337389 94
322536 89
321674 89
292622 81
318837 88
501397 139
370392 103
311675 86
312644 87
287630 80
289520 80
290686 81
316330 88
294140 82
281050 78
284143 79
299751 83
304850 85
287000 80
292950 81
357326 99
296041 82
288914 80
289765 80
293206 81
468429 130
257974 71
260273 72
258930 72
257998 71
256248 71
283546 79
264403 73
280258 78
303975 84
280186 78
284235 79
258556 72
281901 78
270631 75
256771 71
273969 76
294245 82
301162 84
295459 82
290664 81
280431 78
263049 73
260387 72
281960 78
279556 78
337308 94
264180 73
242725 67
263399 73
281599 78
259571 72
235644 65
259678 72
238538 66
259829 72
260050 72
275800 76
300394 83
299379 83
268205 74
261498 72
278530 77
279720 78
259700 72
280816 78
330330 92
260225 72
257064 71
264191 73
284305 79
278202 77
270071 75
266081 74
278449 77
278762 77
269861 75
307755 85
305911 85
343549 95
284283 79
284119 79
337995 94
279090 77
342300 95
284749 79
290769 81
283465 79
288516 80
263001 73
448840 125
262395 73
303251 84
291246 81
281435 78
287094 80
295166 82
297675 83
288354 80
509274 142
306670 85
280328 78
266945 74
284992 79
283605 79
302131 84
289135 80
326106 90
293591 81
332780 92
338078 94
267704 74
284852 79
304850 85
309481 86
303601 84
282579 78
287501 80
420560 117
309015 86
261870 73
257565 71
285401 79
281085 78
286265 79
283128 78
273840 76
273000 76
416325 116
278858 77
262465 73
288949 80
277806 77
309354 86
280164 78
261881 73
268870 75
263795 73
287293 80
287980 80
303929 84
287945 80
312935 87
283500 79
283325 79
283021 78
281085 78
300790 83
465931 130
282962 78
275391 76
258685 72
285040 79
295131 82
282461 78
255408 71
258952 72
306123 85
338240 94
383134 106
310754 86
312294 87
321055 89
310404 86
282030 78
354749 98
306320 85
295166 82
305047 85
302715 84
318581 88
306018 85
300125 83
334797 93
269861 75
287000 80
288271 80
304465 84
272440 76
286112 79
269338 75
281343 78
281177 78
257869 71
388570 108
280991 78
301083 84
285565 79
299097 83
302901 84
262535 73
278996 77
590789 164
255863 71
261859 73
259932 72
262174 73
282671 78
255944 71
296299 82
259396 72
442809 123
254730 71
261953 73
285786 79
261299 72
368469 102
277633 77
280129 78
279602 78
283093 78
267271 74
308759 86
282041 78
283686 79
279195 77
294735 82
263749 73
295772 82
259444 72
284014 79
285215 79
290301 80
265755 74
310216 86
286580 79
285064 79
281085 78
283767 79
279066 77
351214 97
306390 85
280899 78
259199 72
260516 72
297942 83
300219 83
284712 79
258871 72
332618 92
318069 88
281912 78
303019 84
256025 71
277994 77
259759 72
286405 79
232877 64
251790 70
238280 66
255581 71
255465 71
260912 72
282625 78
305071 85
364945 101
369228 103
377405 105
312351 87
464905 129
309341 86
239448 66
261848 73
429159 119
260085 72
351085 97
308186 85
261288 72
275695 76
274564 76
273385 76
475672 132
318150 88
284410 79
238781 66
276977 77
279790 78
285051 79
304826 85
280013 78
264355 73
282078 78
259293 72
282846 78
300930 83
300206 83
286182 79
338997 94
282415 78
285832 79
113520 31
103608 28
94412 26
260459 72
285751 79
302085 84
301746 84
285928 79
262384 73
286534 79
261264 72
259840 72
285320 79
312445 87
314602 87
335241 93
279847 78
271519 75
280361 78
324940 90
279895 78
264296 73
263014 73
284633 79
285775 79
283023 78
432716 120
268507 74
281669 78
299099 83
284992 79
263609 73
268719 74
281354 78
294630 82
255570 71
294011 82
259514 72
285683 79
278692 77
253621 70
287501 80
258427 72
323772 90
302669 84
307359 85
331485 92
332979 92
321567 89
318966 88
346793 96
309166 86
329059 91
311150 86
333539 93
345275 96
300359 83
295551 82
295704 82
307790 85
292320 81
300173 83
291994 81
288879 80
335755 93
290172 80
304710 85
307416 85
319200 89
307803 85
323890 90
372879 104
320449 89
307801 85
317089 88
382318 106
293709 81
414166 115
307580 85
337785 94
314020 87
319213 89
319924 89
320635 89
316820 88
266700 74
314230 87
302877 84
344949 96
289194 80
301059 84
353872 98
318990 89
299613 83
286381 79
308081 85
323190 90
291644 81
277819 77
287210 80
274028 76
284084 79
299751 83
259584 72
259700 72
261321 72
300637 83
278797 77
285856 79
327250 91
456529 127
302155 84
296975 82
261054 72
279300 77
275229 76
290594 81
278506 77
297465 82
443498 123
315000 87
314895 87
284235 79
274936 76
335313 93
281317 78
285029 79
300405 83
279287 77
279497 77
279814 78
283826 79
371958 103
312106 87
260704 72
284677 79
301188 84
300370 83
286208 79
282566 78
262688 73
299344 83
282380 78
281166 78
299425 83
283395 79
279952 78
280770 78
288155 80
280584 78
285832 79
278320 77
267376 74
268555 74
290522 81
282531 78
324776 90
279440 77
263480 73
283559 79
293136 81
312351 87
286230 79
286300 79
286698 79
309562 86
292285 81
305480 85
279873 78
303695 84
313519 87
309284 86
306018 85
290990 81
285821 79
283629 79
275251 76
285858 79
303227 84
316376 88
320379 89
302632 84
409185 114
317566 88
307661 85
307440 85
310916 86
323553 90
359649 100
314989 87
340106 94
380146 106
312176 87
284620 79
302214 84
262583 73
283839 79
294829 82
289299 80
290336 81
295446 82
287945 80
281120 78
336582 93
409874 114
290430 81
494550 137
273081 76
253459 70
261929 73
263211 73
310531 86
260702 72
260131 72
258580 72
295470 82
258405 72
455759 127
282030 78
312865 87
308221 85
423091 118
281225 78
283476 79
300836 83
290336 81
287350 80
280105 78
295225 82
287339 80
319526 89
297290 82
282334 78
259735 72
256563 71
514314 143
281842 78
290010 80
269406 75
265289 74
273617 76
269021 75
281308 78
276557 77
255605 71
244182 68
260365 72
277386 77
279230 77
332069 92
281831 78
281960 78
286486 79
299390 83
303380 84
280991 78
256994 71
259269 72
281901 78
279696 78
259630 72
254356 70
277211 77
286779 80
283231 79
278810 77
279628 78
453565 126
276371 77
284773 79
298935 83
260960 72
601626 167
300917 83
260925 72
283675 79
283244 79
283745 79
499835 139
288914 80
257716 71
262290 73
256773 71
282124 78
382014 106
287444 80
275240 76
280991 78
273153 76
277141 77
305493 85
304557 84
277784 77
257379 71
281750 78
302938 84
284211 79
483339 134
294035 82
303218 84
