49617 64
49409 64
49433 64
53714 69
49210 64
49759 64
49304 64
49350 64
49431 64
49689 64
49547 64
49490 64
49433 64
49455 64
49619 64
49339 64
49328 64
49328 64
49643 64
49291 64
49700 64
54517 70
49315 64
49315 64
49433 64
49479 64
49549 64
49571 64
49571 64
49549 64
49501 64
49595 64
49396 64
49374 64
49326 64
49350 64
49374 64
49361 64
49584 64
49490 64
49700 64
49514 64
49385 64
49363 64
49571 64
49455 64
49490 64
49816 64
49654 64
49525 64
49479 64
49525 64
49549 64
49398 64
49665 64
49700 64
49643 64
49525 64
49805 64
49606 64
49328 64
49444 64
249620 325
49525 64
49361 64
49792 64
49630 64
49361 64
49455 64
49606 64
49549 64
49420 64
49560 64
49525 64
49210 64
49304 64
49514 64
52874 68
49536 64
49468 64
49676 64
49339 64
49444 64
49676 64
49897 64
49525 64
49164 64
49328 64
49921 65
49573 64
49501 64
49444 64
49479 64
49337 64
49477 64
49477 64
49256 64
49267 64
49584 64
49304 64
16908 22
49490 64
49339 64
49245 64
49700 64
49503 64
49350 64
49665 64
49538 64
131530 171
49571 64
49479 64
49466 64
50096 65
49385 64
49477 64
49210 64
49291 64
49477 64
49643 64
49374 64
49420 64
49490 64
49829 64
49490 64
49630 64
49595 64
49700 64
49420 64
49724 64
49501 64
49654 64
49503 64
49479 64
49490 64
49595 64
49630 64
49444 64
49479 64
49490 64
49304 64
49326 64
49829 64
49958 65
49431 64
49547 64
49490 64
49547 64
49455 64
49503 64
49444 64
49538 64
49584 64
49525 64
49560 64
49409 64
49293 64
49444 64
49479 64
49512 64
49477 64
49455 64
49490 64
49407 64
49490 64
49724 64
49479 64
49455 64
49490 64
49455 64
49617 64
49584 64
49409 64
49234 64
49687 64
49606 64
49503 64
49853 64
49654 64
49560 64
49385 64
49514 64
49269 64
49363 64
49816 64
49514 64
49431 64
49363 64
49619 64
49455 64
49315 64
49864 64
49269 64
49595 64
49326 64
49398 64
49337 64
49993 65
49468 64
49595 64
49643 64
49396 64
49547 64
49630 64
49514 64
49442 64
49361 64
49374 64
49560 64
49630 64
49573 64
49501 64
49864 64
49223 64
49584 64
49724 64
49678 64
49770 64
49420 64
49606 64
49350 64
49665 64
49689 64
49641 64
49549 64
49781 64
49396 64
49630 64
49560 64
58135 75
49304 64
49466 64
49466 64
53480 69
49326 64
49256 64
49560 64
49536 64
49490 64
49431 64
49466 64
49805 64
49350 64
49490 64
49339 64
49407 64
49560 64
16964 22
49361 64
49886 64
49630 64
49385 64
49595 64
49700 64
49595 64
49503 64
49652 64
243600 317
49223 64
49547 64
17008 22
49619 64
49700 64
49339 64
49536 64
49363 64
49501 64
49339 64
49442 64
50037 65
49442 64
49374 64
49326 64
49455 64
49269 64
49269 64
49442 64
49396 64
49304 64
49337 64
49805 64
49409 64
49280 64
49724 64
49711 64
49398 64
49374 64
49409 64
49652 64
49479 64
49945 65
49617 64
49617 64
49291 64
49617 64
49501 64
49595 64
49676 64
49547 64
49442 64
49888 64
49444 64
49512 64
49514 64
49536 64
49582 64
49595 64
49455 64
49665 64
49538 64
49630 64
49536 64
49630 64
49525 64
49582 64
49420 64
49724 64
49455 64
49267 64
49444 64
49713 64
49442 64
49503 64
49560 64
49326 64
49374 64
49490 64
49652 64
49431 64
49479 64
49455 64
49571 64
49536 64
49267 64
49466 64
49560 64
49396 64
49339 64
49339 64
49549 64
49164 64
49197 64
49291 64
49619 64
49490 64
49514 64
49875 64
49608 64
49501 64
49549 64
49409 64
49549 64
50341 65
49315 64
49746 64
49431 64
49584 64
49455 64
49337 64
49385 64
49396 64
49431 64
49549 64
49267 64
49689 64
49339 64
49547 64
49549 64
49560 64
49385 64
49199 64
49582 64
49641 64
49479 64
49652 64
49468 64
49595 64
49654 64
49746 64
49385 64
49549 64
49584 64
49549 64
49361 64
49538 64
49396 64
49512 64
49759 64
17000 22
49385 64
49490 64
49514 64
49536 64
49315 64
49560 64
49444 64
49385 64
49759 64
49455 64
49315 64
49361 64
49466 64
49420 64
49407 64
50015 65
49514 64
49479 64
49571 64
49665 64
49444 64
49573 64
49374 64
49746 64
49466 64
49398 64
49431 64
49654 64
49608 64
49315 64
49549 64
49501 64
49654 64
49759 64
49420 64
49490 64
49501 64
49735 64
49361 64
49361 64
49910 64
49442 64
49619 64
49210 64
17000 22
16968 22
34884 45
34800 45
49420 64
49711 64
49350 64
49431 64
49573 64
49420 64
49525 64
49547 64
49560 64
49245 64
49339 64
49794 64
49350 64
49665 64
49490 64
49468 64
49525 64
49525 64
49549 64
49584 64
49571 64
49466 64
49431 64
49757 64
49431 64
49573 64
50074 65
49512 64
49571 64
49864 64
49641 64
49549 64
49536 64
49678 64
49339 64
49549 64
49560 64
49641 64
49676 64
49350 64
49361 64
49455 64
49560 64
49770 64
49501 64
49665 64
49431 64
49549 64
49689 64
49547 64
49396 64
49444 64
49512 64
49514 64
49420 64
49560 64
49630 64
49514 64
49339 64
49501 64
49689 64
49759 64
49643 64
49512 64
49501 64
49652 64
49595 64
49584 64
49339 64
49409 64
49468 64
49490 64
49538 64
49827 64
49431 64
49256 64
49654 64
49269 64
49595 64
49514 64
49571 64
49584 64
49455 64
49407 64
49339 64
49490 64
49385 64
49442 64
49547 64
49584 64
17012 22
49840 64
49409 64
49676 64
49385 64
49501 64
49490 64
49910 64
49886 64
49444 64
49455 64
49267 64
49350 64
49479 64
49374 64
131307 170
49501 64
49420 64
49315 64
49455 64
49689 64
49700 64
49630 64
49538 64
49490 64
49245 64
49339 64
49407 64
49945 65
49326 64
49350 64
50050 65
49501 64
49641 64
49652 64
49794 64
49525 64
49595 64
49665 64
49409 64
49420 64
49652 64
49479 64
49490 64
49455 64
49595 64
49479 64
49759 64
49560 64
49372 64
49431 64
49455 64
49477 64
49490 64
49595 64
49490 64
49512 64
49536 64
49455 64
49221 64
49396 64
49326 64
49573 64
49315 64
49361 64
49479 64
49630 64
49223 64
49431 64
49350 64
49700 64
49315 64
49536 64
17160 22
49280 64
49328 64
49643 64
49407 64
49490 64
49479 64
49444 64
49525 64
49372 64
49479 64
49606 64
49980 65
49444 64
49652 64
49792 64
49361 64
49630 64
49724 64
49711 64
49571 64
49326 64
49792 64
56304 73
49619 64
49630 64
49267 64
49431 64
49363 64
49606 64
49468 64
49479 64
49619 64
49630 64
49827 64
49374 64
49245 64
49398 64
49431 64
49921 65
49433 64
49396 64
49455 64
49678 64
49770 64
49595 64
49641 64
49407 64
49444 64
49503 64
49477 64
49385 64
49385 64
49595 64
49477 64
49560 64
49781 64
49455 64
49466 64
49886 64
49409 64
49385 64
49536 64
49374 64
49654 64
49571 64
49291 64
49818 64
49407 64
49396 64
49363 64
49479 64
49444 64
49328 64
49724 64
49409 64
49444 64
49665 64
49584 64
49700 64
49407 64
49490 64
49433 64
49687 64
49536 64
49396 64
49466 64
49468 64
49676 64
49490 64
49304 64
49232 64
49420 64
49420 64
49654 64
49606 64
49536 64
49525 64
49584 64
49455 64
49827 64
49525 64
49829 64
49538 64
49689 64
49420 64
49328 64
49302 64
49409 64
49291 64
49385 64
49536 64
49466 64
49606 64
49350 64
49479 64
49477 64
49490 64
49584 64
49665 64
50424 65
16968 22
49245 64
49444 64
49735 64
49514 64
49770 64
49431 64
49385 64
49757 64
49514 64
49468 64
49350 64
49501 64
49420 64
49630 64
49676 64
49433 64
49328 64
49339 64
49794 64
49444 64
50225 65
49468 64
49431 64
49689 64
49385 64
49862 64
49256 64
49479 64
49514 64
49479 64
49689 64
49676 64
49805 64
49420 64
49512 64
49560 64
49455 64
49619 64
49479 64
49781 64
202755 264
49678 64
49503 64
49711 64
49654 64
49455 64
49455 64
49444 64
49560 64
49468 64
49665 64
49617 64
49339 64
49385 64
49490 64
49792 64
49689 64
49560 64
49700 64
49420 64
50470 65
49676 64
49490 64
49549 64
49805 64
49431 64
49956 65
49571 64
49501 64
49711 64
49665 64
49805 64
49945 65
49501 64
49700 64
49571 64
49862 64
49525 64
49700 64
49606 64
49816 64
49536 64
50120 65
49442 64
49361 64
49536 64
49676 64
49490 64
49304 64
49444 64
49549 64
49431 64
49372 64
49374 64
49700 64
49466 64
49676 64
49549 64
49490 64
49676 64
49501 64
49455 64
49630 64
49560 64
49267 64
49840 64
50330 65
49280 64
49466 64
49829 64
49665 64
49921 65
49525 64
49503 64
49536 64
49468 64
49549 64
49501 64
49536 64
49385 64
49724 64
53375 69
49573 64
49676 64
49700 64
96990 126
49466 64
49385 64
49748 64
49468 64
49374 64
49304 64
49735 64
49595 64
49501 64
49444 64
49490 64
49525 64
49490 64
49700 64
49713 64
49468 64
49549 64
49595 64
49501 64
49280 64
49840 64
49361 64
49514 64
49501 64
49409 64
49455 64
49619 64
49374 64
49431 64
49361 64
49665 64
49385 64
49606 64
49466 64
49573 64
49595 64
49337 64
49396 64
49267 64
49433 64
49641 64
49315 64
49455 64
49503 64
49396 64
49549 64
49455 64
49538 64
49433 64
49304 64
49643 64
49713 64
49547 64
49617 64
49886 64
49665 64
137655 179
49466 64
49363 64
49409 64
49455 64
49420 64
49700 64
49385 64
49746 64
49573 64
49385 64
49234 64
49724 64
49584 64
49595 64
49372 64
49687 64
49269 64
49477 64
49584 64
49477 64
49442 64
49444 64
49711 64
49700 64
49748 64
49503 64
49304 64
49560 64
49385 64
49291 64
49444 64
49584 64
49617 64
49652 64
49829 64
49466 64
49746 64
49503 64
49420 64
49444 64
49503 64
49304 64
49700 64
49606 64
49374 64
52233 68
49444 64
49630 64
49420 64
49549 64
49396 64
49199 64
49479 64
49350 64
49512 64
49512 64
49560 64
49595 64
49479 64
49433 64
49326 64
49245 64
49619 64
49536 64
49792 64
49735 64
49455 64
49512 64
49466 64
49466 64
49549 64
50214 65
49444 64
49536 64
49409 64
49886 64
49595 64
49794 64
49643 64
49560 64
49514 64
49501 64
49490 64
49711 64
49757 64
49652 64
49363 64
49560 64
49549 64
49549 64
49503 64
49899 64
49538 64
49630 64
49560 64
