3301 51
3524 55
3045 47
2975 46
2986 46
3115 48
3045 47
3056 47
3220 50
2999 46
2929 45
3338 52
1016 15
3056 47
3172 49
2975 46
2881 45
2905 45
3091 48
2951 46
3080 48
3126 48
3091 48
2951 46
3034 47
3128 48
3511 54
3069 47
3242 50
3290 51
3220 50
3045 47
3220 50
3430 53
3080 48
2997 46
3161 49
2964 46
2881 45
3032 47
2999 46
2916 45
3734 58
3522 55
3756 58
3185 49
3382 52
3220 50
3139 49
3231 50
2999 46
3174 49
3080 48
3196 49
3581 55
3045 47
3233 50
3150 49
3115 48
3174 49
3314 51
3524 55
3196 49
3185 49
3303 51
3126 48
3056 47
2988 46
3023 47
3163 49
3067 47
2846 44
3102 48
3581 55
3266 51
3174 49
3150 49
3255 50
3944 61
2929 45
3430 53
2999 46
3172 49
2988 46
3126 48
3045 47
3128 48
2951 46
3045 47
3198 49
3115 48
3163 49
3139 49
3242 50
3196 49
2975 46
3139 49
3093 48
3150 49
2892 45
1192 18
3301 51
2916 45
3161 49
3301 51
3303 51
3268 51
3010 47
3185 49
2999 46
2859 44
2870 44
2870 44
3058 47
2929 45
2975 46
3163 49
3126 48
3242 50
2870 44
2883 45
3500 54
3010 47
3128 48
3196 49
3196 49
3139 49
3080 48
2975 46
3150 49
3220 50
3441 53
3209 50
3058 47
3419 53
3161 49
3220 50
3021 47
3231 50
3102 48
3034 47
3231 50
3021 47
3021 47
2975 46
3384 52
3045 47
2822 44
3058 47
3209 50
3430 53
2999 46
2905 45
2986 46
2964 46
2835 44
980 15
976 15
1044 16
3185 49
3115 48
3255 50
2975 46
1088 17
2857 44
3080 48
3023 47
2940 45
3128 48
3091 48
3102 48
3080 48
2929 45
3338 52
2811 43
3102 48
3034 47
3209 50
3069 47
2905 45
2997 46
3126 48
3384 52
2975 46
4176 65
3675 57
3185 49
3301 51
1156 18
3161 49
3034 47
2997 46
4213 65
3023 47
3185 49
3034 47
3137 49
3161 49
3161 49
2929 45
2986 46
3010 47
3091 48
3045 47
3255 50
3080 48
3314 51
3163 49
2975 46
2905 45
3150 49
2905 45
2835 44
3244 50
3115 48
3069 47
2929 45
2870 44
2905 45
2776 43
3126 48
3115 48
3150 49
1068 16
3058 47
2975 46
3185 49
3349 52
3069 47
2881 45
2892 45
3034 47
3058 47
3150 49
2881 45
2918 45
3721 58
3430 53
3371 52
3045 47
2881 45
2964 46
3242 50
3080 48
3034 47
3034 47
3174 49
3172 49
3104 48
3137 49
3091 48
2883 45
2870 44
3220 50
2986 46
3115 48
3115 48
3255 50
3021 47
3032 47
3128 48
3045 47
3010 47
3454 53
3139 49
2986 46
3056 47
2988 46
3010 47
3546 55
3198 49
3338 52
3058 47
2986 46
3115 48
3209 50
2999 46
3115 48
3161 49
3314 51
3045 47
3454 53
3207 50
2986 46
3056 47
3058 47
3021 47
3443 53
3139 49
3045 47
3045 47
2999 46
3371 52
3172 49
2892 45
3360 52
3231 50
3045 47
3104 48
2999 46
2894 45
3207 50
3045 47
3161 49
3080 48
3115 48
3056 47
3069 47
2999 46
3417 53
2927 45
3126 48
3209 50
3126 48
3244 50
3207 50
2905 45
3266 51
3185 49
3314 51
3128 48
3172 49
3091 48
3174 49
3069 47
3058 47
3301 51
3371 52
3244 50
2999 46
2999 46
3268 51
3080 48
2848 44
3139 49
2962 46
2975 46
3373 52
2892 45
2975 46
1084 16
3395 53
3303 51
2916 45
3161 49
2975 46
2951 46
2940 45
3115 48
3056 47
3010 47
2916 45
3406 53
3128 48
3231 50
4036 63
2929 45
2964 46
3500 54
3058 47
2940 45
2953 46
2964 46
2811 43
2975 46
3010 47
3032 47
3303 51
2940 45
2997 46
2881 45
3069 47
3115 48
3102 48
3093 48
3021 47
3045 47
2986 46
2892 45
2881 45
3093 48
2988 46
3220 50
3150 49
3093 48
2870 44
2870 44
3233 50
3034 47
3185 49
3104 48
3279 51
3150 49
2988 46
3115 48
3010 47
3034 47
3067 47
3045 47
3150 49
3303 51
3535 55
3091 48
3196 49
3196 49
3244 50
1104 17
1008 15
1072 16
3010 47
3021 47
3242 50
3126 48
3255 50
3303 51
3651 57
3172 49
3489 54
3476 54
3314 51
3115 48
3091 48
3034 47
3045 47
3161 49
3185 49
2870 44
3605 56
3021 47
2894 45
2870 44
3139 49
3465 54
3137 49
3010 47
3185 49
3465 54
2953 46
3045 47
2988 46
3185 49
3093 48
3430 53
2997 46
3010 47
3231 50
3185 49
3115 48
3126 48
3091 48
2986 46
3056 47
3069 47
3161 49
3220 50
2986 46
3093 48
2997 46
2964 46
3430 53
3161 49
3034 47
3430 53
2940 45
3360 52
2975 46
2857 44
3161 49
3172 49
3126 48
3174 49
3058 47
3244 50
1080 16
1072 16
1060 16
2881 45
3406 53
3150 49
1328 20
2881 45
3500 54
3045 47
3207 50
3336 52
3115 48
2859 44
3314 51
3279 51
3314 51
3231 50
3045 47
2881 45
3465 54
2927 45
3128 48
3115 48
3056 47
3220 50
2975 46
2883 45
3592 56
3093 48
3080 48
988 15
924 14
1586 24
1796 28
3034 47
3126 48
3430 53
2857 44
3045 47
2997 46
3279 51
2905 45
3069 47
3255 50
3161 49
2999 46
3163 49
3605 56
2986 46
3069 47
2929 45
3139 49
3629 56
3185 49
3209 50
3312 51
3314 51
3080 48
3384 52
3605 56
3454 53
3056 47
2999 46
3104 48
3220 50
2859 44
3010 47
3524 55
3161 49
3021 47
3336 52
3056 47
3255 50
2881 45
3185 49
2857 44
3045 47
3010 47
3196 49
3196 49
3185 49
3172 49
3384 52
3115 48
2999 46
3080 48
2846 44
3244 50
3303 51
3126 48
3277 51
2986 46
3395 53
3150 49
3045 47
3126 48
3325 51
2962 46
3034 47
3137 49
2999 46
980 15
3021 47
3139 49
3115 48
2883 45
2894 45
2999 46
3032 47
3069 47
2964 46
2881 45
3338 52
3034 47
3034 47
3056 47
3067 47
3511 54
3465 54
2892 45
3220 50
2883 45
2894 45
3220 50
1044 16
3126 48
2916 45
3174 49
2894 45
3244 50
2940 45
2951 46
3056 47
2964 46
2916 45
3093 48
2940 45
3185 49
2986 46
3010 47
2883 45
3128 48
3104 48
3557 55
3699 57
2870 44
2859 44
2975 46
3557 55
2986 46
3303 51
3349 52
3349 52
2986 46
3303 51
3045 47
3032 47
3034 47
2870 44
3032 47
2975 46
3255 50
2975 46
2870 44
2881 45
2824 44
3104 48
3207 50
3196 49
3115 48
3091 48
3115 48
3067 47
3021 47
3325 51
3325 51
2859 44
3126 48
3185 49
3069 47
3115 48
3080 48
3080 48
3163 49
3312 51
3093 48
3255 50
2916 45
3034 47
3069 47
3045 47
3045 47
3091 48
3010 47
3255 50
3209 50
3161 49
3662 57
3032 47
3045 47
2999 46
3091 48
3045 47
2975 46
3220 50
2975 46
3268 51
3174 49
3139 49
3126 48
3056 47
3430 53
3360 52
3091 48
2962 46
2857 44
3091 48
3080 48
2835 44
3185 49
3244 50
3430 53
2870 44
4176 65
3150 49
3056 47
3268 51
3010 47
3091 48
2975 46
3395 53
4071 63
3091 48
3126 48
3045 47
3163 49
2916 45
3174 49
3010 47
1052 16
3128 48
3126 48
3487 54
2822 44
2929 45
2999 46
3767 58
3196 49
3093 48
2857 44
3034 47
2905 45
3242 50
3069 47
3128 48
3032 47
3080 48
3137 49
3150 49
3174 49
3594 56
3056 47
3080 48
2975 46
3093 48
3139 49
3207 50
2964 46
2999 46
3150 49
1144 17
988 15
3314 51
2929 45
3489 54
3850 60
3349 52
3069 47
3419 53
3255 50
3069 47
3069 47
2857 44
2881 45
3161 49
2929 45
3069 47
3010 47
2986 46
2892 45
2859 44
2964 46
2870 44
2986 46
3489 54
3172 49
3034 47
3231 50
3196 49
3419 53
2962 46
3408 53
2894 45
3128 48
3021 47
3150 49
3126 48
3010 47
3150 49
3104 48
2999 46
3032 47
3093 48
3349 52
3161 49
3535 55
2975 46
3417 53
3115 48
2894 45
2859 44
2846 44
2870 44
2846 44
3150 49
3559 55
3266 51
3091 48
3045 47
3174 49
3172 49
3034 47
2964 46
2857 44
3185 49
3172 49
3220 50
3069 47
3104 48
3174 49
3233 50
3021 47
3128 48
3196 49
3091 48
2929 45
3139 49
3209 50
3137 49
3058 47
3139 49
2822 44
3268 51
3489 54
3325 51
3325 51
3139 49
3174 49
3395 53
2892 45
3115 48
3301 51
1024 16
3161 49
3174 49
3242 50
3126 48
3115 48
3196 49
3325 51
3885 60
3091 48
3196 49
3010 47
3196 49
2988 46
3045 47
3080 48
3220 50
3056 47
3137 49
3255 50
2870 44
3174 49
3067 47
2894 45
3010 47
2951 46
3301 51
2859 44
3303 51
3336 52
3290 51
3231 50
3139 49
3115 48
2892 45
2894 45
3384 52
3465 54
2883 45
2988 46
3045 47
3301 51
3034 47
2857 44
3174 49
2986 46
2927 45
2881 45
3045 47
2999 46
2870 44
2892 45
3128 48
2894 45
3080 48
3032 47
2964 46
3699 57
2929 45
2986 46
3255 50
3441 53
3373 52
3069 47
3032 47
3349 52
2962 46
3489 54
3021 47
3207 50
3325 51
2975 46
3091 48
3034 47
3266 51
3150 49
3150 49
3034 47
2857 44
2951 46
2940 45
3069 47
3010 47
3150 49
3196 49
3115 48
3172 49
3058 47
3010 47
3032 47
2811 43
2883 45
2905 45
2988 46
2929 45
3126 48
3058 47
3137 49
3209 50
3032 47
3616 56
3032 47
3347 52
2918 45
3220 50
3034 47
3231 50
3115 48
3349 52
3126 48
2905 45
3360 52
3150 49
3172 49
3384 52
3255 50
3336 52
2892 45
3128 48
3349 52
3045 47
3056 47
3032 47
2975 46
2940 45
3056 47
3185 49
3139 49
3150 49
3115 48
2918 45
3034 47
3021 47
3150 49
3161 49
3314 51
3255 50
3128 48
3220 50
3266 51
3021 47
2916 45
2940 45
3347 52
3069 47
3080 48
3314 51
3069 47
3896 60
3174 49
3255 50
3045 47
2870 44
3102 48
3314 51
3056 47
3045 47
2975 46
3115 48
3045 47
3102 48
3150 49
3023 47
3069 47
