1275074 155
1273860 155
1273020 155
1272692 155
1274619 155
1274525 155
1275540 155
1273768 155
1269542 154
1269358 154
1273987 155
1273009 155
1273195 155
1273451 155
1274770 155
1273650 155
1273604 155
1275015 155
1274000 155
1274385 155
1415155 172
1274151 155
1274245 155
1273790 155
1274337 155
1274617 155
1273849 155
1274024 155
1345004 164
1278900 156
1271340 155
1273860 155
1357464 165
1271305 155
1255216 153
1271176 155
1257736 153
1254645 153
1235710 150
1255474 153
1258250 153
1270115 155
1347920 164
1275201 155
1272145 155
1274118 155
1275785 155
1272390 155
1269404 154
1381881 168
1270581 155
1269367 154
1271316 155
1257701 153
1270675 155
1273650 155
1274525 155
1462405 178
1272379 155
1269857 155
1273532 155
1271830 155
1273556 155
1272961 155
1273871 155
1281094 156
1274722 155
1274059 155
1272751 155
1274361 155
1272412 155
1275389 155
1361524 166
1276019 155
1274302 155
1270266 155
1269113 154
1273742 155
1275072 155
1433974 175
1355701 165
1274479 155
1275995 155
1271644 155
1355399 165
1272519 155
1270126 155
1474609 180
1360183 166
1271388 155
1274514 155
1275389 155
1359061 165
1275973 155
1272939 155
1342530 163
1356740 165
1273510 155
1269310 154
1272659 155
1271211 155
1256150 153
1408330 171
1272856 155
1238521 151
1237016 151
1233634 150
1243725 151
1243095 151
1232676 150
1234450 150
1384751 169
1358420 165
1276404 155
1272893 155
1274595 155
1356681 165
1274280 155
1273079 155
1362200 166
1355574 165
1273313 155
1257095 153
1273392 155
1355012 165
1268131 154
1253665 153
1468985 179
1273066 155
1266171 154
1253619 153
1273079 155
1273930 155
1274864 155
1268658 154
1336324 163
1253536 153
1234673 150
1236047 150
1255964 153
1339649 163
1251099 152
1266545 154
1273628 155
1379291 168
1273042 155
1269730 154
1253945 153
1350416 164
1265810 154
1268831 154
1255380 153
1438360 175
1273801 155
1269170 154
1270885 155
1255916 153
1254877 153
1237075 151
1234649 150
1236539 150
1339426 163
1272156 155
1271119 155
1270605 155
1270885 155
1273521 155
1273370 155
1273978 155
1274175 155
1263920 154
1267151 154
1271130 155
1271537 155
1273486 155
1270244 155
1271222 155
1235920 150
1243178 151
1275133 155
1271001 155
1272401 155
1359096 165
1273182 155
1274735 155
1274234 155
1359798 165
1275330 155
1272635 155
1271294 155
1357206 165
1238370 151
1253490 153
1235721 150
1257668 153
1263979 154
1271421 155
1358442 165
1272904 155
1271224 155
1273661 155
1357744 165
1273405 155
1364731 166
1274549 155
1255813 153
1273604 155
1274818 155
1273917 155
1272064 155
1274794 155
1270080 155
1424478 173
1274245 155
1273556 155
1273685 155
1273895 155
1274724 155
1273090 155
1275026 155
1273755 155
1383165 168
1276194 155
1275470 155
1274490 155
1271550 155
1274910 155
1275177 155
1274105 155
1273532 155
1356261 165
1269450 154
1254949 153
1404679 171
1354802 165
1272635 155
1265985 154
1250154 152
1315453 160
1219844 148
1200150 146
1438150 175
1360531 166
1236235 150
1232350 150
1254553 153
1266790 154
1273125 155
1254879 153
1385849 169
1350803 164
1260794 153
1239794 151
1245125 151
1239606 151
1235721 150
1257585 153
1265705 154
1269743 154
1269603 154
1272204 155
1375942 167
1267864 154
1269625 154
1274455 155
1272751 155
1273871 155
1274315 155
1273090 155
1439784 175
1276122 155
1275389 155
1273044 155
1274689 155
1274291 155
1271948 155
1270465 155
1456783 177
1237834 151
1234159 150
1267770 154
1270314 155
1237180 151
1255240 153
1254177 153
1273276 155
1274070 155
1267444 154
1411353 172
1274853 155
1258705 153
1271981 155
1258027 153
1274899 155
1276509 155
1272239 155
1424021 173
1274840 155
1274665 155
1272902 155
1255485 153
1270872 155
1235804 150
1261457 153
1269776 155
1433355 174
1272659 155
1270651 155
1270161 155
1273534 155
1274035 155
1274013 155
1415879 172
1274967 155
1274956 155
1269205 154
1269776 155
1272670 155
1272075 155
1409999 172
1273278 155
1269638 154
1256826 153
1232070 150
1232759 150
1237425 151
1239280 151
1425887 174
1260770 153
1269463 154
1270942 155
1360264 166
1274573 155
1358582 165
1273394 155
1274608 155
1273230 155
1344057 164
1274864 155
1274606 155
1274293 155
1275131 155
1274466 155
1274547 155
1273860 155
1422540 173
1272530 155
1274829 155
1273556 155
1274280 155
1273370 155
1275133 155
1273884 155
1358549 165
1273381 155
1358431 165
1273510 155
1254319 153
1272414 155
1268400 154
1272180 155
1275015 155
1274746 155
1272974 155
1274479 155
1357287 165
1270872 155
1257270 153
1233002 150
1237064 151
1257340 153
1408866 171
1275621 155
1273324 155
1273090 155
1275739 155
1271784 155
1269660 154
1273860 155
1372748 167
1274560 155
1257362 153
1352529 165
1180915 144
1217453 148
1283159 156
1274433 155
1272996 155
1271959 155
1274746 155
1355585 165
1274092 155
1409052 172
1274829 155
1360485 166
1270325 155
1273917 155
1274851 155
1361277 166
1274420 155
1274676 155
1272169 155
1357510 165
1271983 155
1273066 155
1268190 154
1260151 153
1406103 171
1274676 155
1264596 154
1274840 155
1273591 155
1273873 155
1271340 155
1361102 166
1432235 174
1275109 155
1273383 155
1274956 155
1275588 155
1272447 155
1274385 155
1274468 155
1442267 176
1275249 155
1274407 155
1275656 155
1275737 155
1271924 155
1269964 155
1274256 155
1391541 169
1272659 155
1251659 152
1262520 154
1270382 155
1275282 155
1275015 155
1271095 155
1268693 154
1249850 152
1264900 154
1364626 166
1272587 155
1269520 154
1273556 155
1258624 153
1237460 151
1273276 155
1275831 155
1270093 155
1275039 155
1343838 164
1267280 154
1236679 150
1272880 155
1269100 154
1256244 153
1239059 151
1269951 155
1291489 157
1270979 155
1273917 155
1274606 155
1273917 155
1273206 155
1274969 155
1388356 169
1273615 155
1273965 155
1235465 150
1235220 150
1266720 154
1268833 154
1273755 155
1389524 169
1271537 155
1270931 155
1235406 150
1333850 162
1270581 155
1254947 153
1273300 155
1274350 155
1274525 155
1274816 155
1275505 155
1274875 155
1273125 155
1273943 155
1274210 155
1273079 155
1286460 157
1272506 155
1273300 155
1273650 155
1272401 155
1271876 155
1274175 155
1271038 155
1448941 176
1274595 155
1271036 155
1269450 154
1270592 155
1255332 153
1271211 155
1271994 155
1256419 153
1255205 153
1274046 155
1274013 155
1273965 155
1273090 155
1255940 153
1259558 153
1270476 155
1274700 155
1272285 155
1273908 155
1272751 155
1276800 155
1272810 155
1260724 153
1258355 153
1411922 172
1273954 155
1272379 155
1273418 155
1267956 154
1270069 155
1274256 155
1271211 155
1273860 155
1270640 155
1258832 153
1271340 155
1236106 150
1270535 155
1270034 155
1462499 178
1273989 155
1272355 155
1274431 155
1257631 153
1256220 153
1255706 153
1252849 152
1274700 155
1255555 153
1254343 153
1269135 154
1270594 155
1273265 155
1274256 155
1272519 155
1447390 176
1277255 155
1271666 155
435536 53
1253759 153
435928 53
1270268 155
1432294 174
1272460 155
1274479 155
1270196 155
1274525 155
1270837 155
1235290 150
1256769 153
1257946 153
1406208 171
1275282 155
1273523 155
1272051 155
1272646 155
1274210 155
1274630 155
1274407 155
1275236 155
1241288 151
1393339 170
1257141 153
1238311 151
1331656 162
1328856 162
1243830 151
1242898 151
1357755 165
1355084 165
1419449 173
1274759 155
1272331 155
1271677 155
1273591 155
1272204 155
1274993 155
1256651 153
1274188 155
1255671 153
1256150 153
1235837 150
1349845 164
1274827 155
1270524 155
1272121 155
1256791 153
1255065 153
1255531 153
1217160 148
1269706 154
1274280 155
1236841 150
1239665 151
1271399 155
1270266 155
1270745 155
1274923 155
1355386 165
1273917 155
1272099 155
1274035 155
1218388 148
1356482 165
1274514 155
1273405 155
1274490 155
1273731 155
1272775 155
1274339 155
1536872 187
1360988 166
1274794 155
1273755 155
1270244 155
1357884 165
1273182 155
1275540 155
1272029 155
1345739 164
1251823 152
1239455 151
1257725 153
1352516 165
1269638 154
1272180 155
1272681 155
1347312 164
1275120 155
1275050 155
1275004 155
1360393 166
1275400 155
1357230 165
1276122 155
1274501 155
1274350 155
1274398 155
1273672 155
1274945 155
1274514 155
1381485 168
1274711 155
1358188 165
1270793 155
1269380 154
1273101 155
1274700 155
1239536 151
1446795 176
1273090 155
1272517 155
1273639 155
1271211 155
1255741 153
1361150 166
1232969 150
1268168 154
1243876 151
1328436 162
1273440 155
1275365 155
1273370 155
1360509 166
1358293 165
1274070 155
1271596 155
1273744 155
1241019 151
1240330 151
1253514 153
1271631 155
1259149 153
1238768 151
1269940 155
1273497 155
1257386 153
1255988 153
1269999 155
1356856 165
1274630 155
1271200 155
1254072 153
1272683 155
1269065 154
1271351 155
1273206 155
1418981 173
1275459 155
1274781 155
436876 53
437188 53
436808 53
1274374 155
1274291 155
1270115 155
1270487 155
1269636 154
1404375 171
1275260 155
1274442 155
1273335 155
1273720 155
1272051 155
1273488 155
1273545 155
1274210 155
1274875 155
1272447 155
1273558 155
1274129 155
1274687 155
1275387 155
1273112 155
1361826 166
1275074 155
1274407 155
1274105 155
1273814 155
1275260 155
1274899 155
1274759 155
1273744 155
1356309 165
1274024 155
1274140 155
1273486 155
1258823 153
1269275 154
1234450 150
1240378 151
1231580 150
1233505 150
1274175 155
1350451 164
1255415 153
1234030 150
1273195 155
1353393 165
1269846 155
1257224 153
1397434 170
1351525 164
1270522 155
1274549 155
1274258 155
1356624 165
1273313 155
1274105 155
1382944 168
1354139 165
1274339 155
1273884 155
1254820 153
1260514 153
1235021 150
1267746 154
1267757 154
1254925 153
1256734 153
1235942 150
1237040 151
1272810 155
1273125 155
1356040 165
1272775 155
1273079 155
1255846 153
1236421 150
1234345 150
1247925 152
1239245 151
1346240 164
1272985 155
1259125 153
1271362 155
1232431 150
1240739 151
1237132 151
1274000 155
1415575 172
1275704 155
1272040 155
1257607 153
1255881 153
1254540 153
1255498 153
1272075 155
1424592 173
1257806 153
1239571 151
1237250 151
1237974 151
1239197 151
1240225 151
1238906 151
1401131 171
1252908 152
1243911 151
1243248 151
1239164 151
1260409 153
1270872 155
1432712 174
1236668 150
1254459 153
1254879 153
1256769 153
1255647 153
1272832 155
1270371 155
1466500 179
1272998 155
1255682 153
1239958 151
1234310 150
1268039 154
1271572 155
1274210 155
1487091 181
1269789 155
1257725 153
1255415 153
1256196 153
1255415 153
1273580 155
1272401 155
1397714 170
1273871 155
1269579 154
1237950 151
1268177 154
1268201 154
1267958 154
1271060 155
1268960 154
1436901 175
1282844 156
1273324 155
1251519 152
1270977 155
1270723 155
1353367 165
1274851 155
1273836 155
1272390 155
1271176 155
434856 53
423780 51
426732 52
424604 51
1264292 154
1255170 153
1253256 152
1270371 155
1256745 153
1272099 155
1256314 153
1351735 165
1246853 152
1236747 150
1234986 150
1255695 153
1255625 153
1235395 150
1234065 150
1240085 151
1346997 164
1239059 151
1232188 150
1255332 153
1254785 153
1235080 150
1265799 154
1282726 156
1271760 155
1255741 153
1255671 153
1268656 154
1269999 155
1254949 153
1255334 153
1253665 153
1279506 156
1275936 155
1271001 155
1273860 155
1271143 155
1272764 155
1277233 155
1271819 155
1270277 155
1370589 167
1274665 155
1274024 155
1270080 155
1255883 153
1252254 152
1254984 153
1235080 150
1254785 153
1275284 155
1260269 153
1254691 153
1256441 153
1271246 155
1273685 155
1275365 155
1275015 155
1275728 155
1274479 155
1236970 150
1247120 152
1274665 155
1274385 155
1269402 154
1270290 155
1345667 164
1273569 155
1271690 155
1270242 155
1443155 176
1274501 155
1274409 155
1273556 155
1358385 165
1270163 155
1274582 155
1274746 155
1274013 155
1452653 177
1274116 155
1272891 155
1269741 154
1273300 155
1274188 155
1274070 155
1254424 153
1440355 175
1273009 155
1272788 155
1246164 152
1239630 151
1275282 155
1272856 155
1273510 155
1272867 155
1255181 153
1284174 156
1262461 154
1273254 155
1275470 155
1275098 155
1270570 155
1272751 155
1268984 154
1383817 168
1274396 155
1274269 155
1238895 151
1235874 150
1234507 150
1238464 151
1261715 154
1272412 155
1254400 153
1340034 163
1218431 148
1251051 152
1272331 155
1352925 165
1274164 155
1271014 155
1274910 155
1359982 166
1253549 153
1257281 153
1268448 154
1360533 166
