15978568 121
14663460 111
14025624 107
15382474 117
13937148 106
19131598 145
13939184 106
15226409 116
13216500 100
13343908 101
17552040 133
13446244 102
13634854 104
13113556 100
13114608 100
13085540 99
13120428 100
13443348 102
12745296 97
13083732 99
15219364 116
14120232 107
12798968 97
12880620 98
12722880 97
15534726 118
13244064 101
13445348 102
12868484 98
14287342 109
12904188 98
12787148 97
13299900 101
14490015 110
12947424 98
13116832 100
15996650 122
12972892 98
12680208 96
13295780 101
14237568 108
12090860 92
14715797 112
13021156 99
18681911 142
13125208 100
17578690 134
12861468 98
12750444 97
13148300 100
13069100 99
13259908 101
13048904 99
14238653 108
13522432 103
12762468 97
18812070 143
12987592 99
13432832 102
12384628 94
15991752 122
12771396 97
12696592 96
12046704 91
15188803 115
12957704 98
13495500 102
13424132 102
12768960 97
17664340 134
12381976 94
12865072 98
13203104 100
13363972 101
12994388 99
12820928 97
13665520 104
14450277 110
13307204 101
15078707 115
16559970 126
17536984 133
17114635 130
11479632 87
17631198 134
12149696 92
17287292 131
12797916 97
12390548 94
11775416 89
12111991 92
11883280 90
13566868 103
11539312 88
16381460 124
15668290 119
12244460 93
14045915 107
12295604 93
11886676 90
12403676 94
11970256 91
12317724 93
12549412 95
15943942 121
13648564 104
12137816 92
11868400 90
12139392 92
11688452 89
13048436 99
11660172 88
17967803 137
12086488 92
11868792 90
14192372 108
16238260 123
17321023 132
15845965 120
12671192 96
18361410 140
12451396 94
13055836 99
12819300 97
12676256 96
14544911 110
12880280 98
13299940 101
18786974 143
19876150 151
18057292 137
12326468 94
13216859 100
14826447 113
12543292 95
18968306 144
15516643 118
16893328 128
15354895 117
13475980 102
12289344 93
12319656 93
18727304 142
12698232 96
12585068 96
12425944 94
12454592 95
14816751 113
14740945 112
12429120 94
16809400 128
12339960 94
21928836 167
11939736 91
13962183 106
12137236 92
12402772 94
18171016 138
12184008 92
12189180 92
16003735 122
12791512 97
18394949 140
12531288 95
15130845 115
12132256 92
12554832 95
12292916 93
15362118 117
12104844 92
11784300 89
13401688 102
14625394 111
15253910 116
17526023 133
15512570 118
12308804 93
12453232 95
12240660 93
12666712 96
14205962 108
12350932 94
12281428 93
11746687 89
12124677 92
15225527 116
17432299 132
17342093 132
11605100 88
12085204 92
11945160 91
15323420 116
11661420 88
13319220 101
14478721 110
14347700 109
12062892 92
12523936 95
12404792 94
12932108 98
18704880 142
14943670 114
12166428 92
12393752 94
15246982 116
14858990 113
12429648 94
15474925 118
12162496 92
12652908 96
12365696 94
12635864 96
13912360 106
14817484 113
12590680 96
19046034 145
12879420 98
12678536 96
17283918 131
12856384 98
14867150 113
14008988 106
14488604 110
12717716 97
12606360 96
14798259 112
12249872 93
14569858 111
12441364 94
15732331 120
12768516 97
12717028 97
12557964 95
13267448 101
12767476 97
12503608 95
15826986 120
12771456 97
12703924 96
12944524 98
17714982 135
12986716 99
14636137 111
13129676 100
13057292 99
13483126 102
12727568 97
13484892 102
12270012 93
15291142 116
12640596 96
13137600 100
15584722 118
12874368 98
13751954 104
12912880 98
15861118 121
13281224 101
13147236 100
13098492 99
18982848 144
13135532 100
14120088 107
12826396 97
13105276 99
18521848 141
13156396 100
18379765 140
12950532 98
19353163 147
12781200 97
17102499 130
12691276 96
12796412 97
12945640 98
18194966 138
12828344 97
12508852 95
12616798 96
11928484 91
12438540 94
16462295 125
12418596 94
15258332 116
17578168 134
12469524 95
15578770 118
12382916 94
12803748 97
15123678 115
12067948 92
18123450 138
15044995 114
14302802 109
11728952 89
17314010 132
12869096 98
12351060 94
12680460 96
12635324 96
12159792 92
18511115 141
12632496 96
14660065 111
12289996 93
19900041 151
17281631 131
15190845 115
17516514 133
12433268 94
13978242 106
15458385 117
15449535 117
14303850 109
13864872 105
12357368 94
12921600 98
18511792 141
12796084 97
14268903 108
13648260 104
14449221 110
13491828 102
13694456 104
19170547 146
16095065 122
13546968 103
13511580 103
13169340 100
14382981 109
12816788 97
14776260 112
13267404 101
13377780 102
13303240 101
16923605 129
13166804 100
18645793 142
13395708 102
13444376 102
13325828 101
13354520 101
13012176 99
13930621 106
13447840 102
14754050 112
13251228 101
12987992 99
13909251 106
13052248 99
14091192 107
16243662 123
12903388 98
13250108 101
15827277 120
13519184 103
13406836 102
18304458 139
15581765 118
17246752 131
12288144 93
12135484 92
11996496 91
12589328 96
12251108 93
12294368 93
12343024 94
18666375 142
12612248 96
18105948 138
14073014 107
12752280 97
12578444 95
12169368 92
13779922 105
13519140 103
13772756 105
12037652 91
11855140 90
11960000 91
13288696 101
12235684 93
12205652 93
15023860 114
12454988 95
12327104 94
12310704 93
15057098 114
12047984 91
12362008 94
12964233 98
12492136 95
12136680 92
12125124 92
12639264 96
15074041 115
13176821 100
12621260 96
15048038 114
11815124 90
12301216 93
16593718 126
12004624 91
12990566 99
12108864 92
12416580 94
14847760 113
12208828 93
12304560 93
12141236 92
12271280 93
12909412 98
12766032 97
17902768 136
12413752 94
12505128 95
12247580 93
12042864 91
15238770 116
11851052 90
12663398 96
12521628 95
13980810 106
12212304 93
15459950 117
12365140 94
12946512 98
12923652 98
16433045 125
15731815 120
12507492 95
12491560 95
14331216 109
12859300 98
18032836 137
12753988 97
14667287 111
12103932 92
12532828 95
17852124 136
12876808 98
15294175 116
12480028 95
12915408 98
13642172 104
12615076 96
16127055 123
12774136 97
12632656 96
16423182 125
15697963 119
15354355 117
12580576 95
18104218 138
15664760 119
13216576 100
12762664 97
15891966 121
12964436 98
12857136 98
11981980 91
17410710 132
12385772 94
18526352 141
12563716 95
17809568 135
12383704 94
18074490 137
12802868 97
12583616 96
18397080 140
13345228 101
13092232 99
15540458 118
12842428 97
12891244 98
14721392 112
12755316 97
12203840 93
12170036 92
17609726 134
12264656 93
13637900 104
12643936 96
12828284 97
12734936 97
15718120 119
12548896 95
13681833 104
12663632 96
17413601 132
12296204 93
12376036 94
12914432 98
14298987 109
12202120 93
11932188 91
12006568 91
16842256 128
11908368 90
14497875 110
12324696 94
11911824 90
11330012 86
11423668 87
12471838 95
12522486 95
11536696 88
11292592 86
13316500 101
11794340 89
11463424 87
13178812 100
16170298 123
11812788 90
11386732 86
18117695 138
12239048 93
11935752 91
17355608 132
12244204 93
12386860 94
17114934 130
12202584 93
12642040 96
12545204 95
14162124 108
12161928 92
14800585 112
12347680 94
16879732 128
12124892 92
14324434 109
12495072 95
18517520 141
15695740 119
12104484 92
11857088 90
12100928 92
14146927 107
12985368 99
15522313 118
12166288 92
12190300 93
12387852 94
12433356 94
18155778 138
15723205 119
17522382 133
12479132 95
12469200 95
13348467 101
11711688 89
17346316 132
11829640 90
13820354 105
12321776 94
12509816 95
12177112 92
13223112 100
15493429 118
17203739 131
12411098 94
11780116 89
11723380 89
18417558 140
11728844 89
11977772 91
11598624 88
14382440 109
11940604 91
14918020 113
11858724 90
11839344 90
13567924 103
12146580 92
12294216 93
13511564 103
11371900 86
11907240 90
16841404 128
11891248 90
12491772 95
14419479 110
11557792 88
11738920 89
14103859 107
11524748 87
16299424 124
12061342 92
11192456 85
11818672 90
11545876 88
11516716 87
11400828 86
11878540 90
11903530 90
11017224 84
11774813 89
10962112 83
12963725 98
10616536 80
16165955 123
10990432 83
11787274 89
14628640 111
15028865 114
15610117 119
16817303 128
13904960 106
17173810 131
16351670 124
11137448 84
16718852 127
10968176 83
11425128 87
13212704 100
10881608 83
12712219 96
11782772 89
11993188 91
14484391 110
11576596 88
12993529 99
11575876 88
13766300 105
11621840 88
11816532 90
13112638 100
13079821 99
11997440 91
13695021 104
11714528 89
17033958 129
11558672 88
12028140 91
11973112 91
14234325 108
11790616 89
16663430 127
14316965 109
11985080 91
12373356 94
11882008 90
11881012 90
11879444 90
15634834 119
14891555 113
11555252 88
11590824 88
11602540 88
12128385 92
14636050 111
11597604 88
11843888 90
11713636 89
11668092 89
11586904 88
11664872 88
11517500 87
15768770 120
11423896 87
14317325 109
17673657 134
14609775 111
11276932 86
11536068 88
11154064 85
14243510 108
17896633 136
14306920 109
11284776 86
13984545 106
18251110 139
12209176 93
15335082 116
15752245 120
12041580 91
13009745 99
11586252 88
16810792 128
11637932 88
12502499 95
14457970 110
11833588 90
12120988 92
11800444 90
12121260 92
14265338 108
14820508 113
15213775 116
11999520 91
11646104 88
12293712 93
11488688 87
13557578 103
14776378 112
14664250 111
11098356 84
17226430 131
14544700 110
11397976 86
17252222 131
11498204 87
11710184 89
11566528 88
11679812 89
12092420 92
11838984 90
11561828 88
12650036 96
14264138 108
11386640 86
12509902 95
14586851 111
16375076 124
13970750 106
15086810 115
11499644 87
13867801 105
11787164 89
16697836 127
11700600 89
14711415 112
18762387 143
12161684 92
15792655 120
11840604 90
16421830 125
11845992 90
12065880 92
13498422 102
11477980 87
10874788 82
13586826 103
10975840 83
10563712 80
17431666 132
10901208 83
12461271 95
10839652 82
10969164 83
10895376 83
10288376 78
16461875 125
10714716 81
10503600 80
16915668 129
11119992 84
16566471 126
10817752 82
10901268 83
16649186 127
11043316 84
10903756 83
16591270 126
11136824 84
11664992 88
16974839 129
10488864 80
15947772 121
10446848 79
16666804 127
10973188 83
10989296 83
16039758 122
10514848 80
10512240 80
17121158 130
10580668 80
11170628 85
15388742 117
11027508 84
11153972 85
16525439 126
11011476 84
11114340 84
10793484 82
10871660 82
15654762 119
11490188 87
16814826 128
11117176 84
16687400 127
10879508 83
10867372 82
15064066 114
11150252 85
11523276 87
14587393 111
11899296 90
12247145 93
11425432 87
16835316 128
11697692 89
11494056 87
11094012 84
11187680 85
14157966 108
11197212 85
11464444 87
13997115 106
11440332 87
11361784 86
11363144 86
11375808 86
11616084 88
11193304 85
11950420 91
11150688 85
17508942 133
10872016 82
11564764 88
11391644 86
14546369 110
11236276 85
14909938 113
11381352 86
11399288 86
11727808 89
11821113 90
11366032 86
13434905 102
11140528 84
16682070 127
11094020 84
12652204 96
11210564 85
16937718 129
11247020 85
11048124 84
15010650 114
11164460 85
13947090 106
11341124 86
11164072 85
11773098 89
10902640 83
10666012 81
12168412 92
10902284 83
14968968 114
10679552 81
17243040 131
10740940 81
11055584 84
13581214 103
10873116 82
10982096 83
16274395 124
10950568 83
11224036 85
11227268 85
11035148 84
11186168 85
17414275 132
11633068 88
11485460 87
11365972 86
11694628 89
11187020 85
11640540 88
11510884 87
15365434 117
11389024 86
13598405 103
11878796 90
11670468 89
14021300 106
11400736 86
12970587 98
11237724 85
14829758 113
11399752 86
11789328 89
17492312 133
11668644 89
11537848 88
17391720 132
11274736 86
12773025 97
11858000 90
12247264 93
11805176 90
13269793 101
11511748 87
12057336 91
14542315 110
11658612 88
17212294 131
12215206 93
11343280 86
11383672 86
17824916 135
14049210 107
11059532 84
13248037 101
11055256 84
16367390 124
13174698 100
11153340 85
13630285 103
11693168 89
15182990 115
16745338 127
11439968 87
16571689 126
11826716 90
11334236 86
16611654 126
14058197 107
11508028 87
11384984 86
14799659 112
12435384 94
12481416 95
17983867 137
14824240 113
12232332 93
15995585 122
11640312 88
12205261 93
11818564 90
12209792 93
12217256 93
17267756 131
14367630 109
12026916 91
11866580 90
12014604 91
11662708 88
17563578 133
11913828 90
14761695 112
18251794 139
12057872 91
11728080 89
12277424 93
15238234 116
11977556 91
12019960 91
17697669 135
12181956 92
15351478 117
15426194 117
11725276 89
12904576 98
11992484 91
14372160 109
15731094 120
12047140 91
13401388 102
12138312 92
17320702 132
12504632 95
17135860 130
14604937 111
12794504 97
12186952 92
14598030 111
12160068 92
12280636 93
12403360 94
15119575 115
18878599 144
16218735 123
12621552 96
12387612 94
12537936 95
18481065 140
15300845 116
12552580 95
12703790 96
12339196 94
12159540 92
12218696 93
11951044 91
12320776 94
14728535 112
11842820 90
12199928 93
14569126 111
12055496 91
12342836 94
12133212 92
12297428 93
18738090 142
12493812 95
13852969 105
12233400 93
17030775 129
12170112 92
13922444 106
12408892 94
14050512 107
12342676 94
12465048 95
12415408 94
12552808 95
17752344 135
