66010 64
65776 64
65894 64
65964 64
65951 64
65822 64
65988 64
66360 64
65927 64
65813 64
65859 64
65951 64
65962 64
66091 64
65706 64
65964 64
66080 64
65986 64
165456 161
66185 64
66067 64
65999 64
66091 64
65905 64
65741 64
65800 64
65870 64
65905 64
65835 64
65835 64
66161 64
65962 64
66115 64
66080 64
65997 64
66010 64
65975 64
66091 64
66139 64
65951 64
66303 64
66056 64
66115 64
66021 64
65951 64
65905 64
66172 64
65800 64
65918 64
65870 64
66010 64
65870 64
66021 64
65835 64
65894 64
65951 64
66069 64
65894 64
65940 64
68331 66
65870 64
65999 64
22612 22
27556 26
65717 64
66058 64
65717 64
65846 64
65800 64
65999 64
65892 64
65951 64
65916 64
65962 64
65999 64
65894 64
65927 64
66045 64
65881 64
65951 64
65708 64
65964 64
22616 22
66045 64
66056 64
65754 64
65754 64
65778 64
65986 64
65892 64
65999 64
65846 64
65800 64
65719 64
66102 64
65730 64
66032 64
65695 64
65835 64
65916 64
66056 64
65859 64
66091 64
65835 64
65916 64
65964 64
90138 88
65988 64
65929 64
66010 64
65787 64
65743 64
65883 64
22568 22
65962 64
65918 64
66137 64
65625 64
66325 64
65870 64
65988 64
65881 64
65800 64
65743 64
65660 64
65951 64
66338 64
65894 64
65706 64
65649 64
66091 64
65918 64
66207 64
65765 64
65986 64
65870 64
65940 64
65695 64
65857 64
65997 64
75495 73
65905 64
65905 64
22540 22
65835 64
66010 64
65848 64
65846 64
65754 64
65811 64
65975 64
66338 64
65787 64
65940 64
65811 64
65741 64
65835 64
65986 64
65953 64
66045 64
66139 64
65962 64
66128 64
66021 64
65986 64
65789 64
65870 64
66034 64
66069 64
66196 64
65929 64
66115 64
66139 64
65682 64
66161 64
66034 64
66080 64
65857 64
66198 64
65754 64
73944 72
65964 64
66080 64
65997 64
65813 64
66091 64
65999 64
65684 64
66010 64
65881 64
65765 64
66021 64
65857 64
65800 64
65940 64
66231 64
66034 64
66091 64
65859 64
65881 64
65940 64
66489 64
65951 64
66196 64
65857 64
65940 64
65870 64
65719 64
66080 64
66139 64
65859 64
66266 64
66034 64
66032 64
66336 64
65881 64
65778 64
65929 64
65940 64
65765 64
66091 64
65918 64
66198 64
66034 64
66443 64
65953 64
66196 64
65765 64
65754 64
65916 64
65706 64
66010 64
66058 64
65940 64
65986 64
66115 64
70245 68
66045 64
66185 64
65682 64
65776 64
65789 64
66244 64
65848 64
66231 64
66010 64
66745 65
65975 64
66115 64
65800 64
65870 64
66045 64
65846 64
65940 64
66034 64
66185 64
66664 65
65811 64
262172 256
65870 64
66034 64
65951 64
65824 64
66058 64
66150 64
66045 64
66058 64
66056 64
65986 64
66080 64
65940 64
66091 64
65929 64
66233 64
65997 64
291340 284
65951 64
65964 64
65835 64
65883 64
65883 64
65997 64
65916 64
66115 64
65765 64
65927 64
66045 64
65905 64
66032 64
65905 64
65859 64
65857 64
65894 64
65916 64
66056 64
66093 64
65741 64
65824 64
65997 64
65719 64
65905 64
66091 64
66056 64
65940 64
65752 64
66161 64
66091 64
66069 64
65870 64
66115 64
66093 64
65776 64
65671 64
66034 64
66163 64
65870 64
65789 64
66185 64
65940 64
65940 64
66104 64
65953 64
65892 64
65916 64
65846 64
88712 86
65741 64
65776 64
65789 64
65778 64
66045 64
65857 64
65940 64
65846 64
65846 64
65881 64
65986 64
66163 64
65660 64
65964 64
65706 64
65857 64
65811 64
65962 64
66080 64
65975 64
65940 64
65730 64
65894 64
66010 64
65800 64
65754 64
65918 64
65789 64
65824 64
65765 64
66885 65
65649 64
65940 64
65846 64
65883 64
65940 64
65754 64
65811 64
65730 64
65741 64
65765 64
66347 64
65894 64
65999 64
66255 64
66010 64
65706 64
65765 64
66104 64
65986 64
65800 64
65684 64
65892 64
65789 64
65916 64
65951 64
65975 64
65730 64
66231 64
65929 64
65813 64
66080 64
66336 64
65824 64
22616 22
22644 22
22644 22
56610 55
65999 64
65905 64
66021 64
65811 64
65940 64
66209 64
65892 64
65859 64
65997 64
66056 64
66115 64
65881 64
65776 64
65999 64
65835 64
65894 64
65813 64
66080 64
66244 64
65859 64
66010 64
66161 64
66231 64
66058 64
65905 64
66080 64
66150 64
65918 64
65975 64
65964 64
65881 64
66279 64
65951 64
65940 64
65975 64
65870 64
65730 64
65894 64
65811 64
66010 64
65916 64
65730 64
65988 64
65835 64
65776 64
66045 64
66091 64
65988 64
65964 64
65846 64
66139 64
66010 64
66069 64
65988 64
65916 64
66010 64
66430 64
65905 64
65964 64
65916 64
66115 64
65999 64
66080 64
65940 64
65940 64
66093 64
65975 64
65894 64
65894 64
65962 64
65951 64
65986 64
66034 64
66069 64
66290 64
65964 64
65905 64
66045 64
66872 65
65929 64
65682 64
65951 64
65859 64
66093 64
66034 64
66209 64
65905 64
65857 64
66056 64
66023 64
66104 64
65695 64
66010 64
65964 64
65892 64
65717 64
65870 64
65905 64
65999 64
65929 64
65824 64
65695 64
66115 64
65625 64
65870 64
65754 64
65905 64
66010 64
66045 64
66045 64
66196 64
65962 64
65857 64
66115 64
65754 64
65929 64
65964 64
65929 64
66056 64
65824 64
66174 64
65892 64
66373 64
66021 64
65708 64
65813 64
66137 64
65800 64
65800 64
65962 64
66104 64
65916 64
66872 65
66010 64
65916 64
66115 64
65789 64
65883 64
66045 64
66045 64
66034 64
65835 64
66010 64
66137 64
65883 64
65881 64
66430 64
65951 64
65776 64
65813 64
72157 70
66115 64
65964 64
66196 64
65789 64
66045 64
65918 64
65929 64
65894 64
65916 64
66010 64
65883 64
66023 64
66207 64
65894 64
66010 64
65916 64
66010 64
177636 173
65848 64
65894 64
65846 64
66069 64
66021 64
68961 67
66080 64
66185 64
66021 64
65964 64
66266 64
65811 64
65964 64
65988 64
66128 64
66126 64
66069 64
308829 301
65953 64
65940 64
65892 64
65953 64
66021 64
66102 64
65940 64
65916 64
66255 64
65905 64
66034 64
65848 64
65975 64
65787 64
66126 64
65964 64
66244 64
65824 64
65929 64
65997 64
65870 64
66150 64
65881 64
65986 64
66115 64
66115 64
65846 64
65717 64
66102 64
66058 64
65684 64
65918 64
66104 64
65986 64
66220 64
66069 64
65883 64
66209 64
65986 64
65881 64
65905 64
65975 64
66196 64
66080 64
66102 64
66045 64
66056 64
65822 64
65754 64
66021 64
65894 64
66093 64
66128 64
65741 64
65881 64
65824 64
66128 64
66139 64
65730 64
65940 64
65953 64
65905 64
66045 64
66207 64
65870 64
66067 64
65892 64
65754 64
66139 64
66056 64
65881 64
66126 64
65964 64
66067 64
65999 64
65929 64
65881 64
66137 64
65717 64
148422 144
65765 64
65752 64
65999 64
66010 64
65789 64
65951 64
66032 64
66069 64
65813 64
65859 64
65765 64
65822 64
66172 64
22536 22
65953 64
66487 64
65951 64
65789 64
66010 64
65848 64
65951 64
65776 64
66115 64
65695 64
66172 64
65870 64
65883 64
65730 64
66080 64
65835 64
65741 64
65822 64
66244 64
66406 64
65905 64
66314 64
65894 64
65719 64
65940 64
65741 64
65695 64
65776 64
66185 64
65870 64
65859 64
65916 64
72533 70
65964 64
65940 64
65988 64
65752 64
66277 64
66058 64
65883 64
65730 64
65894 64
65918 64
65835 64
66104 64
65811 64
65846 64
65916 64
66395 64
66032 64
66220 64
66172 64
65929 64
66045 64
65940 64
65940 64
65940 64
66045 64
66126 64
66163 64
66056 64
66045 64
66128 64
65940 64
66185 64
66010 64
65986 64
65800 64
65927 64
65918 64
65999 64
65927 64
66150 64
65883 64
66021 64
65835 64
65986 64
65894 64
66067 64
65975 64
65964 64
66045 64
65881 64
65857 64
65800 64
65999 64
66080 64
65929 64
66150 64
66115 64
65881 64
66150 64
66301 64
66196 64
66069 64
65813 64
65951 64
65859 64
65986 64
65894 64
65940 64
65787 64
65625 64
66163 64
66067 64
66010 64
65787 64
65905 64
65765 64
65708 64
66010 64
65859 64
65929 64
66290 64
65730 64
66056 64
66161 64
66395 64
66220 64
65986 64
66115 64
65940 64
65695 64
65706 64
66174 64
66056 64
66069 64
66069 64
65743 64
65916 64
65883 64
65940 64
65859 64
65986 64
66021 64
65929 64
65929 64
65649 64
66045 64
65916 64
65754 64
66080 64
65706 64
65684 64
66069 64
65776 64
65953 64
66161 64
65717 64
66080 64
65916 64
66080 64
65870 64
65999 64
65940 64
65905 64
66150 64
66058 64
66373 64
65962 64
65964 64
65916 64
65918 64
66150 64
65953 64
65859 64
66314 64
65846 64
65789 64
65730 64
65660 64
66091 64
65894 64
65975 64
66023 64
65859 64
66021 64
65999 64
65905 64
65964 64
66185 64
66255 64
65916 64
65846 64
66104 64
65951 64
66172 64
65975 64
65800 64
65940 64
65752 64
66126 64
66058 64
66290 64
66115 64
66056 64
65824 64
65870 64
65765 64
66045 64
66034 64
65918 64
65916 64
66137 64
65695 64
65824 64
66406 64
65743 64
65859 64
65929 64
65929 64
65778 64
66220 64
67235 65
65986 64
66032 64
65975 64
65999 64
65975 64
65883 64
65800 64
65811 64
65811 64
65730 64
66069 64
65953 64
65870 64
65695 64
65857 64
65765 64
66058 64
65859 64
65695 64
66465 64
65730 64
65894 64
65975 64
65940 64
66325 64
66080 64
66045 64
66056 64
66034 64
66104 64
22580 22
22636 22
66032 64
65743 64
65940 64
65859 64
65999 64
66139 64
66058 64
66115 64
66279 64
66384 64
66056 64
65894 64
66034 64
66080 64
66045 64
66045 64
65999 64
66102 64
65940 64
65881 64
66069 64
66360 64
66032 64
66080 64
66139 64
65835 64
65894 64
66010 64
66034 64
66185 64
65929 64
66010 64
66010 64
65870 64
66301 64
65986 64
66185 64
66150 64
66023 64
65870 64
66185 64
66115 64
65953 64
66045 64
65870 64
66058 64
65859 64
65997 64
65754 64
65881 64
65870 64
65999 64
66010 64
65986 64
65986 64
65940 64
72229 70
65894 64
65988 64
65846 64
66010 64
65765 64
65997 64
66010 64
65999 64
65730 64
65975 64
65671 64
65918 64
65776 64
65822 64
65929 64
65660 64
65870 64
65929 64
65708 64
65964 64
65684 64
87255 85
