22936 44
22669 44
22669 44
23205 45
23251 45
22575 44
197061 384
23113 45
22680 44
23006 44
23052 45
22610 44
22505 43
22726 44
22750 44
22586 44
22470 43
22960 44
22737 44
23555 46
22715 44
22842 44
22610 44
22529 44
22750 44
22470 43
22772 44
22715 44
23310 45
22785 44
23041 45
23275 45
22984 44
22912 44
22925 44
22833 44
22761 44
22726 44
23041 45
22645 44
22656 44
22737 44
22634 44
23019 44
22914 44
22938 44
22352 43
22540 44
22772 44
23124 45
22763 44
23089 45
22960 44
22726 44
22949 44
22400 43
22599 44
23205 45
22634 44
22236 43
22446 43
22376 43
23240 45
22949 44
23671 46
22400 43
23264 45
22925 44
22632 44
22925 44
22796 44
22774 44
22273 43
22435 43
22435 43
22656 44
22446 43
22831 44
22903 44
22645 44
22634 44
22739 44
22634 44
22903 44
23041 45
22621 44
22225 43
22680 44
22413 43
23205 45
22411 43
22623 44
22704 44
22726 44
22214 43
22446 43
22971 44
22728 44
23065 45
22680 44
22774 44
22656 44
22669 44
22680 44
22739 44
23100 45
22877 44
22448 43
23111 45
22260 43
22050 43
23205 45
23100 45
22354 43
22551 44
22308 43
22085 43
22936 44
22610 44
23170 45
22179 43
22632 44
22726 44
22890 44
23065 45
22938 44
22540 44
22973 44
23356 45
22807 44
22761 44
23122 45
22610 44
22551 44
22761 44
23135 45
22494 43
23649 46
22693 44
22737 44
237020 462
22785 44
22634 44
22376 43
22271 43
22004 42
22820 44
23542 45
23262 45
23253 45
22798 44
22739 44
22855 44
23135 45
22925 44
22459 43
22282 43
22599 44
23019 44
22820 44
22551 44
22562 44
196595 383
22715 44
22785 44
22844 44
23170 45
23030 44
22096 43
22564 44
23334 45
22540 44
23194 45
22796 44
22901 44
23124 45
22667 44
22330 43
22540 44
22995 44
22739 44
22750 44
22844 44
22656 44
23146 45
22575 44
22422 43
22938 44
22494 43
22890 44
22890 44
23275 45
22586 44
22982 44
22936 44
23030 44
22737 44
23017 44
23122 45
23332 45
22610 44
23251 45
22588 44
22389 43
22914 44
22271 43
33985 66
22844 44
22984 44
22833 44
7748 15
22877 44
23183 45
22914 44
22378 43
22564 44
22890 44
22785 44
23111 45
23124 45
23310 45
22656 44
23264 45
22903 44
23030 44
22494 43
23275 45
22295 43
22575 44
23183 45
22868 44
22144 43
22282 43
23229 45
23275 45
22575 44
23122 45
23275 45
22365 43
22831 44
33974 66
22492 43
22903 44
22973 44
22831 44
22901 44
22914 44
22540 44
22435 43
22516 43
22914 44
22820 44
22610 44
23334 45
22319 43
22774 44
23310 45
22365 43
22982 44
23216 45
22855 44
22656 44
23065 45
22435 43
22481 43
22680 44
22470 43
22833 44
23100 45
22995 44
22540 44
22365 43
22971 44
23019 44
22925 44
22936 44
22656 44
22949 44
23240 45
23216 45
22389 43
22623 44
22435 43
22739 44
22750 44
23135 45
22750 44
22925 44
22621 44
22623 44
22435 43
23100 45
22949 44
22715 44
22225 43
23183 45
22284 43
22960 44
22599 44
22669 44
22623 44
22516 43
22949 44
22796 44
22131 43
22378 43
22354 43
22656 44
22656 44
22459 43
22833 44
22785 44
22575 44
22645 44
22693 44
22564 44
22424 43
22984 44
22796 44
22284 43
22354 43
22271 43
22435 43
22842 44
22343 43
22890 44
23019 44
22667 44
22855 44
22866 44
22658 44
22855 44
22597 44
23124 45
22098 43
22984 44
22481 43
22750 44
23393 45
22984 44
22925 44
22855 44
22702 44
22785 44
23089 45
22610 44
23030 44
22960 44
22890 44
23089 45
23146 45
23275 45
22890 44
23135 45
23030 44
22400 43
23052 45
22704 44
22879 44
22435 43
23030 44
22785 44
22295 43
26180 51
22855 44
23076 45
22505 43
22844 44
22680 44
22772 44
22715 44
22936 44
22599 44
23030 44
22564 44
22448 43
22901 44
22949 44
22505 43
22120 43
23019 44
23019 44
22820 44
22866 44
24535 47
23135 45
22564 44
22481 43
23065 45
24032 46
22481 43
22798 44
23275 45
23076 45
22494 43
22400 43
22879 44
23019 44
22960 44
22715 44
23146 45
22599 44
22669 44
22807 44
22529 44
22879 44
23087 45
22319 43
22518 43
22632 44
22540 44
23006 44
23461 45
22669 44
23006 44
23684 46
23135 45
22785 44
22807 44
23251 45
22586 44
22914 44
22658 44
22518 43
22947 44
22785 44
23030 44
23485 45
22809 44
22820 44
23113 45
22984 44
22750 44
23124 45
23334 45
22960 44
23100 45
23159 45
22785 44
23229 45
23030 44
23229 45
22702 44
22984 44
22481 43
22728 44
22726 44
23157 45
22632 44
22492 43
22879 44
22949 44
21980 42
22903 44
22726 44
23264 45
23754 46
22166 43
22739 44
22938 44
22562 44
23240 45
22610 44
23087 45
22798 44
23323 45
22518 43
22774 44
22225 43
22540 44
22866 44
22739 44
22750 44
22971 44
23380 45
23065 45
22868 44
22435 43
22505 43
22809 44
22774 44
22809 44
22599 44
22868 44
22317 43
22494 43
22096 43
22912 44
22365 43
23288 45
22715 44
22831 44
22879 44
22938 44
23181 45
22201 43
22295 43
22855 44
22376 43
22634 44
22387 43
22925 44
22949 44
22586 44
22352 43
22271 43
22179 43
22540 44
23065 45
22575 44
22809 44
7900 15
7944 15
7668 14
22691 44
22925 44
22855 44
22912 44
22750 44
22586 44
23218 45
22669 44
23194 45
23019 44
22378 43
22284 43
22750 44
22739 44
22796 44
22376 43
23533 45
22763 44
22844 44
23087 45
23008 44
22599 44
22588 44
23181 45
23065 45
22597 44
22516 43
22901 44
23194 45
22737 44
22575 44
23369 45
22632 44
22249 43
22785 44
22400 43
22575 44
23087 45
23089 45
23146 45
23030 44
22820 44
22190 43
35105 68
23065 45
22273 43
22750 44
22656 44
22599 44
23369 45
22960 44
22411 43
22483 43
22481 43
23590 46
22855 44
22317 43
22901 44
22691 44
22435 43
22901 44
22516 43
22704 44
23251 45
22492 43
22704 44
23603 46
22833 44
22575 44
23531 45
22424 43
22855 44
23227 45
22798 44
23194 45
23275 45
23124 45
23264 45
22553 44
22866 44
22750 44
23240 45
22155 43
22656 44
22680 44
22551 44
22798 44
23111 45
23043 45
22505 43
23019 44
22667 44
22529 44
22901 44
22761 44
22203 43
22842 44
22761 44
23089 45
23159 45
22914 44
21993 42
22704 44
22761 44
22914 44
23288 45
22645 44
22774 44
23205 45
22796 44
22936 44
23111 45
22260 43
23122 45
23076 45
22868 44
23146 45
22855 44
23695 46
22656 44
22903 44
22365 43
22656 44
22971 44
23205 45
22597 44
22225 43
22844 44
22667 44
22796 44
23076 45
22494 43
7864 15
22774 44
23019 44
22715 44
23100 45
22658 44
22446 43
23124 45
23450 45
22621 44
22505 43
22516 43
22844 44
22282 43
22844 44
22540 44
22389 43
22704 44
22424 43
22225 43
22492 43
22925 44
23264 45
22807 44
21980 42
22435 43
23253 45
22459 43
22389 43
22691 44
22621 44
22529 44
22702 44
23159 45
22855 44
22890 44
22564 44
22400 43
22820 44
23041 45
22505 43
22518 43
22831 44
22212 43
23111 45
22984 44
22400 43
22621 44
22529 44
22457 43
23076 45
32994 64
22400 43
22890 44
23719 46
22282 43
22831 44
22879 44
22796 44
22785 44
22960 44
22820 44
22376 43
22529 44
22914 44
22658 44
22901 44
22575 44
22715 44
22820 44
22868 44
22680 44
22833 44
22820 44
23345 45
22785 44
22785 44
22177 43
22925 44
22400 43
22400 43
22715 44
22796 44
22470 43
23100 45
22623 44
22947 44
22610 44
23369 45
22844 44
23054 45
23054 45
22995 44
22855 44
23100 45
23229 45
22540 44
22772 44
22376 43
22214 43
22470 43
22866 44
22772 44
23019 44
22914 44
22142 43
22632 44
22551 44
22551 44
23111 45
22317 43
22411 43
22938 44
22634 44
23019 44
22890 44
22982 44
22796 44
23170 45
22645 44
23380 45
23054 45
22621 44
23181 45
23321 45
22540 44
23146 45
22553 44
22610 44
23299 45
23159 45
22820 44
22400 43
22879 44
22540 44
22750 44
23159 45
22553 44
22855 44
22562 44
23321 45
22820 44
22879 44
22505 43
22680 44
22761 44
22527 43
22483 43
22831 44
22866 44
22914 44
22505 43
23008 44
23006 44
22761 44
22774 44
22949 44
22726 44
22470 43
22691 44
22925 44
23008 44
22494 43
22820 44
22855 44
22656 44
22610 44
22551 44
23054 45
22925 44
22271 43
22669 44
22866 44
23113 45
22352 43
22413 43
22540 44
22796 44
23041 45
22562 44
22586 44
22796 44
22866 44
23146 45
23520 45
22715 44
22063 43
22481 43
22855 44
22621 44
23030 44
22190 43
22844 44
22820 44
22984 44
22761 44
22680 44
22726 44
22330 43
23299 45
23205 45
22774 44
22761 44
22726 44
23297 45
22728 44
22680 44
23194 45
22820 44
22669 44
22680 44
22505 43
22553 44
22833 44
23087 45
22621 44
22564 44
22260 43
23240 45
22597 44
22982 44
23030 44
22831 44
22632 44
22575 44
22901 44
22995 44
23299 45
23089 45
23380 45
22177 43
22960 44
22308 43
23415 45
23100 45
23299 45
22912 44
22761 44
22737 44
22879 44
22354 43
35759 69
22201 43
23030 44
22540 44
23275 45
23194 45
22645 44
107625 210
23122 45
22586 44
34475 67
22551 44
22691 44
22413 43
22949 44
22715 44
22553 44
22831 44
22855 44
23052 45
22562 44
22947 44
23100 45
23334 45
22330 43
22995 44
22306 43
22960 44
22669 44
23017 44
22879 44
21956 42
22610 44
22995 44
22389 43
22728 44
23183 45
22702 44
23288 45
22319 43
22938 44
22214 43
23157 45
22739 44
22575 44
22796 44
22575 44
22820 44
22540 44
22470 43
23041 45
22610 44
22820 44
22691 44
22634 44
22669 44
22739 44
22341 43
23240 45
22680 44
22271 43
22621 44
22831 44
22575 44
23100 45
22667 44
22774 44
22330 43
22365 43
22354 43
22669 44
22809 44
22656 44
22844 44
22693 44
22389 43
22820 44
22354 43
23240 45
23321 45
22518 43
23135 45
22540 44
22540 44
22901 44
22750 44
26005 50
22809 44
23216 45
22866 44
22715 44
22015 42
23297 45
22623 44
23205 45
23706 46
22901 44
22656 44
22588 44
22645 44
22352 43
23426 45
23100 45
23159 45
23439 45
22341 43
22693 44
22564 44
22540 44
22494 43
22667 44
27825 54
22691 44
