27737588 169
22165368 135
21677668 132
21673364 132
21674264 132
22099724 134
22487473 137
22033980 134
22259348 135
22065144 134
22241928 135
22988477 140
22247868 135
22341936 136
22482248 137
22691788 138
22347848 136
22511680 137
22133932 135
22691572 138
23087444 140
22800328 139
22729004 138
24757333 151
22632996 138
22836388 139
23245032 141
23775307 145
22617292 138
22655752 138
24150434 147
22952248 140
22913608 139
22198648 135
22173364 135
22226280 135
22789748 139
22857012 139
22658132 138
22592724 137
23013132 140
22550276 137
22370352 136
23050272 140
23482788 143
22272860 135
22320996 136
23049556 140
23302764 142
22764900 138
23139900 141
23000656 140
22333228 136
23906468 145
23212320 141
23258548 141
22639448 138
23090644 140
22937712 140
23034644 140
23177028 141
23090596 140
22164628 135
22402220 136
22520328 137
22341628 136
22982856 140
22554580 137
22567500 137
22919268 139
22993048 140
23428880 142
23094748 140
22679244 138
23172156 141
24547631 149
22683368 138
23306839 142
22612460 138
22512164 137
24327124 148
23287896 142
23273272 142
23061848 140
22941456 140
23527441 143
23035456 140
23367548 142
24089682 147
23585617 143
23680008 144
23198400 141
24871031 151
23252568 141
23154024 141
22823916 139
22805444 139
22888608 139
24488306 149
23813096 145
23268068 142
23298052 142
25221545 153
23174952 141
23426376 142
23410136 142
24191962 147
23039684 140
23316192 142
26170254 159
23182468 141
24590423 150
23889844 145
24518526 149
23395668 142
25888186 158
23631292 144
24574801 149
23877760 145
23766397 145
23354528 142
23892900 145
23297220 142
25337764 154
23430144 143
25065881 152
23570684 143
23062256 140
23740404 144
24461471 149
22888468 139
22754828 138
23492524 143
23274808 142
22959668 140
24774277 151
23077220 140
23763912 145
23084300 140
23050112 140
23478924 143
23263888 141
22932196 139
24196112 147
22870068 139
22386708 136
22763460 138
23086976 140
23662424 144
23347040 142
23147896 141
23016404 140
23331560 142
22902520 139
23311412 142
22780088 139
23863204 145
23326212 142
23085180 140
23049072 140
23224648 141
23366108 142
23072144 140
22844992 139
23778116 145
23364412 142
23145504 141
23355316 142
23118084 141
22865260 139
23141300 141
22908192 139
23428208 142
22940540 140
22900928 139
23992604 146
22694784 138
22989904 140
23599812 144
23276264 142
23610028 144
22703980 138
24011087 146
23127084 141
23659136 144
23216832 141
23124748 141
23049464 140
23005672 140
22937996 140
22873552 139
23386496 142
23346964 142
23317568 142
23320036 142
23324360 142
23213852 141
23523620 143
22964772 140
23385156 142
24114016 147
23108136 141
23353972 142
23466760 143
22431336 136
22715936 138
22717708 138
22721376 138
23736136 144
23000412 140
23158508 141
23881268 145
22978532 140
23323780 142
23159028 141
23191740 141
23006304 140
22673092 138
23459100 143
22484432 137
22469424 137
22735256 138
23027412 140
22585400 137
22579368 137
22670704 138
23002280 140
22746336 138
22606980 137
22805029 139
22587240 137
22893792 139
23219240 141
22587508 137
22790212 139
22434252 136
22407444 136
22591836 137
22850612 139
22634308 138
22859984 139
22769472 138
22746972 138
22961608 140
22416924 136
22915224 139
22896772 139
22949055 140
22067048 134
22294908 136
22728572 138
24680920 150
22178516 135
22343152 136
22529776 137
22839032 139
22547968 137
22778644 139
23184800 141
22958392 140
26448348 161
23232232 141
23189308 141
24994112 152
22688716 138
23181544 141
22737476 138
22941728 140
23379068 142
22749564 138
22735668 138
22909672 139
23014288 140
24065184 146
23334692 142
23059644 140
23485460 143
26356456 160
23055260 140
22301644 136
22772872 138
22525288 137
23777043 145
23418888 142
22831056 139
22789812 139
23790177 145
22562672 137
22692576 138
23178500 141
24884066 151
22952812 140
23144512 141
22602532 137
22610016 138
27870212 170
23376220 142
22838212 139
23392812 142
23192580 141
23036884 140
23109660 141
24593889 150
22937484 139
22807864 139
24365248 148
22874356 139
23191804 141
23209112 141
22690164 138
23361592 142
24704546 150
22948116 140
27455000 167
23596084 144
24547846 149
22894156 139
23552446 143
23416744 142
22852228 139
22768188 138
24944756 152
22814740 139
22881048 139
23339596 142
23207472 141
22673968 138
22923912 139
24275495 148
22392316 136
23600180 144
23086776 140
22727592 138
23461792 143
22822248 139
22726124 138
22608836 137
22238148 135
23151716 141
24483770 149
23284356 142
23212440 141
23405300 142
23688700 144
25094946 153
23672164 144
22863340 139
23241728 141
23207120 141
23168732 141
23388616 142
23425868 142
23221708 141
23464480 143
23231592 141
25159754 153
22425212 136
23158224 141
23078188 140
22576016 137
22585772 137
22369020 136
23103152 141
22612072 138
22932264 139
23563292 143
23032408 140
23060260 140
23406148 142
22965604 140
22898192 139
23495449 143
22731020 138
22825340 139
22512996 137
22426500 136
22770432 138
22882188 139
23011364 140
22606640 137
22763812 138
22652160 138
22452952 137
22127276 135
22305512 136
22275796 135
22230864 135
22398988 136
22491348 137
22427488 136
22553784 137
22867580 139
22527936 137
22565840 137
22604912 137
24603996 150
22465912 137
22606029 137
23136839 141
22323524 136
22717612 138
23029288 140
22987164 140
22697580 138
24130468 147
22383104 136
21714124 132
21896048 133
22139596 135
21745212 132
22381940 136
22047252 134
22070864 134
22061624 134
21797768 133
22958740 140
22222160 135
22377444 136
22296928 136
22486352 137
21746028 132
22065448 134
22355748 136
22556024 137
22644448 138
22627892 138
22285780 136
23188996 141
22581600 137
22891064 139
22182604 135
22271492 135
22890000 139
22966540 140
22002984 134
22200980 135
22520604 137
22012216 134
22228744 135
22219072 135
22503472 137
22337852 136
22591652 137
22394892 136
22064052 134
22010960 134
22374520 136
22404136 136
23452968 143
23012996 140
23117780 141
22740964 138
22340660 136
22925372 139
23033884 140
22708616 138
22136304 135
22026380 134
23391536 142
22649468 138
22588368 137
23434841 143
22054832 134
23227631 141
22379996 136
24295342 148
23445264 143
22650484 138
21853040 133
22848548 139
22179064 135
23902166 145
22269944 135
22429884 136
22583164 137
22182700 135
22569164 137
22543480 137
22986816 140
22786340 139
21653168 132
23177036 141
24493760 149
22225796 135
23584704 143
22362360 136
22429996 136
23771447 145
21951540 133
22411360 136
22376784 136
22535916 137
22500564 137
22378860 136
22522876 137
22236260 135
22425044 136
22845968 139
22542940 137
23464631 143
22474628 137
22485296 137
24150634 147
22664908 138
23029416 140
22949092 140
22589780 137
22707172 138
22503288 137
22078132 134
21510416 131
21675940 132
23404391 142
21827912 133
22419400 136
23307055 142
21544004 131
22680373 138
21498184 131
21253788 129
21962272 134
21610652 131
21597596 131
22133564 135
21882500 133
22372892 136
22976276 140
22697376 138
22875444 139
22937184 139
22514212 137
22388240 136
23044856 140
22762788 138
22423236 136
22449960 137
22012500 134
22019696 134
23226165 141
22297912 136
22526624 137
22852004 139
22224792 135
22501900 137
23367312 142
22726972 138
22387248 136
22921788 139
24535393 149
22589988 137
22619840 138
22304248 136
22646404 138
22389692 136
22854640 139
22508036 137
23817848 145
23893404 145
22277316 135
22485856 137
22736592 138
22456276 137
22714516 138
23826825 145
22318680 136
24458297 149
22600336 137
22431688 136
23261280 141
24191597 147
22992372 140
24484356 149
23044376 140
25074474 153
22916272 139
22923088 139
22824824 139
23450292 143
23448540 143
23347976 142
23140456 141
24777398 151
22430348 136
22517908 137
24051816 146
22344140 136
22609652 137
22759052 138
21946296 133
22009372 134
22851172 139
22572012 137
22342216 136
23094556 140
22486288 137
22242396 135
24495759 149
23144676 141
22652676 138
23041700 140
23354476 142
23870109 145
22359588 136
22655028 138
22889536 139
22394900 136
22240280 135
22353908 136
22137200 135
21896020 133
22605460 137
22508080 137
22601724 137
22163412 135
22524788 137
22280472 135
24507312 149
22450520 137
22508600 137
24813519 151
22460936 137
22518116 137
22548104 137
22660760 138
23830315 145
22867772 139
22836792 139
24103636 147
23729936 144
22809348 139
23014388 140
22890212 139
22744644 138
22666844 138
23110972 141
22732540 138
22739484 138
24584210 150
23341732 142
23060852 140
23666124 144
23147832 141
23043932 140
23021376 140
23295956 142
23542604 143
23274172 142
22807252 139
23597476 144
23374864 142
22792656 139
23777296 145
22904716 139
22945324 140
23421228 142
23135628 141
22967208 140
23466628 143
22890056 139
22995196 140
24436746 149
22913180 139
22625012 138
23193188 141
22347796 136
22258548 135
22411336 136
23313714 142
22661572 138
23081880 140
22787492 139
23151732 141
22406796 136
22399428 136
23371564 142
22366704 136
22511692 137
22612032 138
22796580 139
22651576 138
22424060 136
22063568 134
22178948 135
21970676 134
22301540 136
22715644 138
23048212 140
22602164 137
24329293 148
22833788 139
23301812 142
23329012 142
22868460 139
23414520 142
23145852 141
22937812 140
22903092 139
22236648 135
22855344 139
22671060 138
22706648 138
22952364 140
22713680 138
22610176 138
22483216 137
24391648 148
22865556 139
24703794 150
22370900 136
22843884 139
22451708 137
22648092 138
22139372 135
21569292 131
22056088 134
22349544 136
22014720 134
21689984 132
23544106 143
21562032 131
21165404 129
22881232 139
21804472 133
22515997 137
21826620 133
23108450 141
21412776 130
21726540 132
21839512 133
22311704 136
22533700 137
22168960 135
22041432 134
21561988 131
22084916 134
22674048 138
22258544 135
21827476 133
22458588 137
22484744 137
21641556 132
22190336 135
21866920 133
22067728 134
22741684 138
22363780 136
22444528 136
22209432 135
22093604 134
21917984 133
21715852 132
22878058 139
22116996 134
22129132 135
22478276 137
22615016 138
22046496 134
21967364 134
24007538 146
21739304 132
22233280 135
24351534 148
22245916 135
22043752 134
22222076 135
22469208 137
22469820 137
22726064 138
22342460 136
23913699 145
22603132 137
22216528 135
22319068 136
22045304 134
22758696 138
22150040 135
22450216 137
22345612 136
22072316 134
22584096 137
22229392 135
22603832 137
22809876 139
23041911 140
22797724 139
22683068 138
22568148 137
22488500 137
21974380 134
22348036 136
24585624 150
22828164 139
21907504 133
22145788 135
22872364 139
22341080 136
22132992 135
21781464 132
22331388 136
22065676 134
22657904 138
23338399 142
23226076 141
22566463 137
22184656 135
22181132 135
22026288 134
21572772 131
22165168 135
21859336 133
22365424 136
22861384 139
22136552 135
21773356 132
22468128 137
22432320 136
22271232 135
22388636 136
22590888 137
22646604 138
22846384 139
21950348 133
22392756 136
22254004 135
21765148 132
22588092 137
24037613 146
22750340 138
22868117 139
22252912 135
22559524 137
22463656 137
23101732 141
22604960 137
22319860 136
22630116 138
22721488 138
22892048 139
23168708 141
22529180 137
22415660 136
22295712 136
22958516 140
22406852 136
22082968 134
21985744 134
22475024 137
22277344 135
22360928 136
22440596 136
22729892 138
22299760 136
22584216 137
22456120 137
22369964 136
22473884 137
22430144 136
21849220 133
22096200 134
22125188 135
22136324 135
22633188 138
24296280 148
22190664 135
22541488 137
22513592 137
23038925 140
22294360 136
22830050 139
22355172 136
22375080 136
22857984 139
23182152 141
22923676 139
22351072 136
21750284 132
22827864 139
22725884 138
24273782 148
22922228 139
22474916 137
22353948 136
22645580 138
22414316 136
22657464 138
22575752 137
23206040 141
22644364 138
21949236 133
22421080 136
22197504 135
22205784 135
22593384 137
23405358 142
22164044 135
22582512 137
22403456 136
22685828 138
22976304 140
22770764 138
22485100 137
22340324 136
21960256 134
22248444 135
22409924 136
22300720 136
22323116 136
22129156 135
22034652 134
22404032 136
22790668 139
21967524 134
22242968 135
22078820 134
22252976 135
22239288 135
22548868 137
22475588 137
22058720 134
22065200 134
22187676 135
22450672 137
23340580 142
22261424 135
21916496 133
22096900 134
21929520 133
21643544 132
22339504 136
22138220 135
22681544 138
22698924 138
22371052 136
21910444 133
22166944 135
22343892 136
22435960 136
22396648 136
22307792 136
22451624 137
22570724 137
22664776 138
22589488 137
23870100 145
21900836 133
24067217 146
22004320 134
22030332 134
22048516 134
22411396 136
22258452 135
22019496 134
22395836 136
22485480 137
23068564 140
22562544 137
22367144 136
24171904 147
22518364 137
22448828 137
22471856 137
22627956 138
22691472 138
22651448 138
22088188 134
22041976 134
22879856 139
22462836 137
22642232 138
22549508 137
22079148 134
22548996 137
22594336 137
22574612 137
22846740 139
22793388 139
22622916 138
22543208 137
22568740 137
23170484 141
22312280 136
22402368 136
22504236 137
22231904 135
22768436 138
22549044 137
22264372 135
22637964 138
22853904 139
22484160 137
22530308 137
22316588 136
22540096 137
22474088 137
23123552 141
22775316 139
22290488 136
21993056 134
22518768 137
22592524 137
