56478212 246
50938216 222
51287468 223
51132412 222
51392276 224
51364508 223
51039644 222
51428692 224
51135140 222
51042928 222
54610240 238
51167544 223
51537800 224
51584248 224
51851532 226
51460856 224
52825784 230
51771336 225
51532628 224
51653268 225
51654104 225
54700460 238
51774020 225
51628188 225
51645568 225
51688224 225
51394668 224
51667980 225
51269920 223
51765140 225
51205308 223
51401384 224
56117372 244
51415528 224
51668804 225
51414920 224
51658376 225
50978200 222
51409896 224
51521076 224
51676324 225
51178720 223
50879584 221
54143660 236
51129364 222
51432800 224
51428036 224
51687844 225
51010256 222
51446416 224
51330340 223
51540628 224
51359356 223
53222692 232
53124660 231
50849880 221
51049624 222
51085576 222
51312932 223
51448372 224
51882184 226
51981572 226
51590188 224
51515180 224
55473688 241
51232460 223
51427964 224
51491084 224
51347928 223
51080640 222
51534060 224
51186372 223
51475140 224
51336836 223
51717028 225
56427040 246
51478972 224
51695548 225
51212048 223
51559584 224
51708332 225
51400392 224
51941092 226
51052988 222
51517712 224
51118832 222
54550200 237
51389196 224
52033980 226
51681752 225
51728384 225
51209720 223
51137692 222
51389308 224
51404788 224
51073220 222
51647564 225
52868584 230
51450204 224
51317688 223
51069676 222
51281148 223
51163248 223
51406888 224
51385968 224
51365564 223
51353300 223
51569500 224
51641120 225
52095016 227
51568252 224
51386792 224
51648748 225
51518576 224
51278652 223
51580580 224
51553296 224
51608128 224
54237384 236
51280512 223
51612228 225
51371264 223
51595872 224
51104248 222
52742120 229
51593920 224
51335716 223
51306996 223
51509208 224
56605024 246
51136768 222
51787224 225
51920724 226
51524808 224
51545236 224
51605312 224
51456444 224
51115784 222
51769268 225
51514432 224
53390720 232
51500688 224
51814312 225
51806652 225
51706472 225
51835908 225
51908200 226
51765224 225
51759500 225
51995464 226
51406180 224
54368276 237
51300040 223
51705488 225
51855044 226
51643408 225
50746656 221
51381028 224
51587308 224
51622216 225
51785752 225
51603776 224
51978196 226
51203160 223
51502064 224
51458224 224
51597760 224
51428396 224
51333200 223
51390836 224
51058656 222
51028884 222
51292856 223
51344016 223
51162856 223
51304648 223
51250412 223
51377748 223
51378832 223
51167816 223
51317884 223
51064176 222
51293568 223
51179828 223
51094004 222
51047292 222
51154812 223
51097320 222
51191688 223
51597280 224
51269424 223
51663744 225
51555248 224
51461688 224
51377436 223
56198912 245
51306356 223
51988032 226
51577512 224
51758304 225
51510580 224
51385648 224
51383588 224
51704224 225
51411800 224
51127976 222
51473164 224
51036112 222
51204136 223
51179440 223
51164556 223
51372728 223
51223796 223
51201800 223
51319748 223
51193616 223
51328992 223
51505468 224
51240840 223
51477180 224
52029184 226
51431200 224
51450100 224
51555216 224
51194120 223
51379012 223
51194116 223
51563048 224
51650732 225
51235412 223
51428700 224
51129700 222
51392152 224
51188840 223
51825352 225
51469912 224
50978884 222
51374652 223
51153820 223
51604056 224
51110040 222
51403448 224
52805544 230
50756816 221
51446420 224
51109744 222
51264748 223
51279704 223
51221044 223
51066732 222
51263224 223
51243740 223
51491452 224
51536752 224
51887824 226
51369760 223
51412952 224
51916380 226
51967272 226
51404108 224
51164740 223
51022012 222
51246852 223
51168772 223
51404904 224
51167192 223
50572428 220
50979396 222
50731124 221
50836888 221
51112168 222
51084052 222
51063296 222
50765100 221
50704632 221
50482612 220
51245760 223
50995412 222
51054028 222
51275248 223
50840704 221
50993964 222
50793544 221
51027784 222
51330528 223
51397188 224
51292052 223
51176420 223
50878960 221
51401588 224
50932292 222
51083500 222
51262356 223
50907268 221
50726668 221
51371676 223
51210792 223
51438720 224
51573500 224
51146508 222
51559224 224
51137624 222
51369892 223
51177348 223
51184528 223
51028860 222
51126100 222
51229952 223
51129544 222
51456744 224
51258228 223
51343544 223
50988800 222
50994316 222
50847636 221
50785416 221
51085656 222
50899740 221
51309304 223
50760348 221
51113140 222
51303312 223
51179260 223
50670076 220
51143464 222
51281876 223
51121936 222
50976888 222
51069252 222
55271212 240
51106204 222
57142948 249
51025628 222
51848024 226
51071796 222
51418240 224
52703804 229
51404240 224
51223588 223
51583212 224
51068256 222
50788756 221
51452864 224
51433196 224
51711852 225
51278856 223
51265492 223
51084912 222
51543744 224
51312304 223
51357788 223
51107984 222
51501876 224
51194356 223
51317940 223
51294356 223
51082836 222
51465652 224
51091928 222
51233484 223
50960384 222
51077476 222
50983388 222
51394856 224
50882756 221
51631856 225
51083668 222
51332464 223
51370808 223
51390648 224
51304828 223
51163584 223
51083468 222
51163128 223
51188424 223
51352004 223
51179488 223
50938352 222
50922124 222
51083440 222
50807252 221
51072892 222
50685588 220
51015800 222
50902924 221
51233396 223
51114088 222
51046276 222
51052404 222
50905716 221
51038708 222
50695440 221
51280220 223
51120988 222
51440312 224
51446096 224
51258720 223
50941752 222
51222460 223
51361476 223
51167552 223
51339028 223
51157848 223
51420576 224
50764264 221
51007328 222
51179088 223
51092548 222
51202780 223
50800012 221
51289524 223
51291260 223
51348248 223
51240376 223
51311848 223
51319020 223
51658872 225
51582704 224
51578136 224
50771132 221
51246652 223
50959240 222
51761368 225
50721020 221
51196272 223
51175916 223
50964336 222
51137784 222
51309784 223
51255420 223
50901632 221
51001008 222
52811964 230
50771100 221
50732452 221
50798076 221
51177440 223
50779940 221
51249868 223
51879528 226
51098448 222
50952932 222
51134276 222
50834880 221
50969836 222
51322308 223
51127908 222
51169164 223
50941300 222
51774844 225
50978552 222
51851692 226
51221628 223
52499720 228
51798852 225
51168992 223
51291624 223
51461416 224
51199256 223
51264172 223
51437064 224
51268208 223
51279776 223
51176212 223
51301308 223
51140756 222
51253808 223
51053408 222
50896216 221
51302156 223
51220368 223
51387660 224
51405812 224
51525040 224
52339900 228
51561708 224
51632460 225
51409580 224
50828596 221
51281556 223
51045964 222
51079928 222
51740692 225
51547416 224
51440552 224
51273564 223
51595484 224
51405468 224
51479036 224
51499496 224
52724860 229
51766408 225
51591288 224
51246548 223
51290668 223
51434068 224
51174696 223
51440680 224
51546016 224
51719468 225
50984388 222
51241208 223
51271476 223
51322004 223
50993964 222
51645416 225
51460644 224
51574132 224
51376760 223
51344964 223
51405332 224
51038940 222
51216036 223
51576208 224
51578448 224
51340356 223
51260036 223
51362552 223
51501468 224
51645828 225
51086156 222
51878332 226
51495236 224
51754892 225
51488312 224
51416628 224
51464244 224
51428964 224
51539784 224
51305856 223
51282052 223
51411720 224
51375164 223
51429232 224
51460968 224
51672332 225
51295544 223
51788984 225
51440356 224
51216884 223
51575756 224
51674148 225
51486644 224
51209552 223
51606832 224
51618024 225
51560668 224
51207556 223
51547648 224
57173892 249
51314020 223
51856348 226
51519740 224
51926484 226
51581524 224
51641980 225
50974528 222
51001992 222
51964392 226
51407060 224
51268060 223
51430036 224
52286104 227
51740448 225
51517752 224
51883580 226
51302172 223
51633648 225
51644360 225
51508192 224
51560920 224
51444596 224
51608936 224
51117196 222
51558304 224
51054844 222
51533524 224
51634376 225
51201000 223
51634800 225
51605200 224
51354376 223
51672964 225
51574232 224
51826672 225
51387312 224
52031488 226
51503840 224
51675396 225
51618600 225
51524964 224
51500292 224
51547900 224
52059808 226
51542052 224
51911456 226
51310060 223
56922732 248
51612604 225
51498372 224
51923636 226
51691048 225
52091424 227
51382788 224
51496008 224
51620852 225
51796832 225
51985392 226
51774624 225
51746976 225
51675524 225
51528000 224
51904868 226
51485076 224
51685708 225
51644864 225
51650524 225
51673708 225
51638956 225
51358068 223
51104312 222
51405484 224
51191660 223
52747416 229
51644260 225
51445312 224
51895588 226
51886436 226
51743184 225
51270060 223
51714484 225
51589792 224
52222996 227
52320652 228
51654476 225
52063428 226
52023124 226
51653572 225
51758976 225
51515540 224
51472704 224
51542608 224
51470716 224
51790640 225
51737444 225
51806248 225
51532960 224
51947712 226
51865536 226
51545716 224
51422036 224
51305452 223
51645200 225
51342824 223
51536116 224
51700220 225
51545780 224
51256868 223
51227324 223
51259304 223
51586092 224
51659964 225
51723644 225
51412408 224
51398136 224
51281500 223
51119116 222
51437036 224
51229020 223
51815376 225
51509396 224
51429368 224
51233348 223
51154684 223
51390184 224
51355716 223
51518988 224
51682252 225
51153320 223
51505712 224
50673724 220
51438404 224
50997784 222
51659020 225
51452768 224
51494160 224
51018900 222
51415752 224
51139148 222
50799268 221
51398056 224
51363560 223
51251920 223
50821128 221
51002844 222
51155308 223
51255468 223
51236072 223
51893364 226
51215700 223
51119132 222
51131948 222
51352212 223
51338724 223
51587068 224
51499940 224
50798728 221
50907556 221
51101008 222
51289476 223
51304536 223
51194572 223
52511360 228
51466420 224
51396436 224
51340136 223
51436116 224
51177448 223
50946520 222
51487332 224
51496108 224
51436448 224
51321176 223
51402948 224
50805828 221
51061176 222
50854432 221
51483224 224
51015028 222
51114772 222
50691908 220
51154676 223
50932692 222
52001160 226
51304116 223
50995936 222
51463596 224
50943056 222
51530440 224
51148792 222
52495316 228
51292488 223
50537596 220
51364180 223
51194008 223
51079596 222
51346860 223
51033108 222
51564720 224
51333916 223
50958048 222
51384876 224
51176204 223
51341892 223
50805372 221
51334608 223
50849780 221
51286712 223
51378260 223
51150636 222
51259696 223
51760128 225
51621816 225
51550888 224
51101124 222
51680424 225
51440604 224
51776900 225
52066028 226
51427316 224
51186688 223
51249272 223
51540384 224
51329800 223
51696912 225
51665120 225
51283800 223
51290292 223
51194324 223
51912596 226
51578052 224
51438684 224
51797980 225
51339380 223
51624008 225
51572868 224
51958288 226
51216092 223
51749052 225
51683944 225
51309664 223
51120920 222
51385308 224
52027876 226
51455732 224
52231860 227
52112704 227
51791684 225
51636924 225
51056396 222
51511472 224
51541932 224
51311828 223
52951980 230
51542484 224
51873228 226
51225532 223
51378888 223
51157348 223
51705236 225
51567768 224
51061232 222
52174940 227
51385824 224
51376944 223
51555428 224
51208524 223
51600076 224
51216820 223
51223364 223
51219532 223
51360652 223
51507376 224
51143924 222
51581816 224
51185100 223
51605012 224
51707808 225
53508284 233
51585076 224
51098688 222
51350868 223
51119608 222
51501812 224
51324312 223
51149044 222
51444432 224
51803596 225
51906348 226
51728340 225
51720276 225
51647384 225
50996324 222
51462456 224
51726040 225
51652940 225
51306272 223
51695164 225
51194784 223
51262892 223
51292052 223
50988300 222
51545832 224
51636304 225
51916620 226
51347468 223
51339572 223
51193328 223
50842524 221
51542884 224
51149152 222
51694948 225
51243096 223
50991360 222
51087536 222
51214772 223
51600920 224
51457324 224
51594936 224
50899964 221
50830920 221
51052124 222
51078340 222
51254376 223
50670976 220
50655268 220
50754412 221
51026292 222
50865988 221
51459428 224
51387312 224
51213088 223
51150412 222
51261768 223
50917436 221
51535476 224
51150684 222
50595708 220
51121908 222
51417300 224
51247460 223
51279816 223
51105924 222
50714452 221
51040356 222
53359436 232
51436736 224
51559864 224
51124380 222
51372076 223
50913328 221
51292444 223
51396568 224
51074480 222
51209000 223
51097788 222
50954448 222
50932116 222
51255572 223
51315044 223
51446412 224
50766728 221
50899144 221
51165888 223
50803700 221
51081000 222
51464184 224
51709400 225
50975676 222
51802576 225
51206332 223
51179216 223
51485976 224
51321596 223
51804772 225
51340764 223
51908700 226
51620404 225
51712140 225
51131820 222
51472520 224
51333380 223
51588148 224
51244072 223
51197604 223
51265212 223
50932936 222
51847748 226
51304304 223
51637876 225
51347248 223
51111932 222
51335508 223
51186676 223
51428028 224
51353148 223
51570888 224
51428916 224
51598844 224
51308860 223
51394248 224
51476240 224
52425628 228
51810760 225
51331876 223
51488836 224
51743108 225
51496396 224
51349692 223
51337968 223
51870776 226
51438356 224
51538716 224
51436712 224
51826452 225
51404740 224
51571528 224
51516340 224
50906544 221
51395588 224
51290764 223
51383420 224
51601228 224
51472500 224
51178820 223
51571932 224
51354552 223
51276492 223
50933624 222
51265012 223
51203140 223
51518904 224
51256240 223
50985600 222
51492252 224
51120104 222
51044580 222
51125532 222
51938552 226
51552116 224
51111888 222
51432344 224
51041020 222
51281360 223
50879948 221
51214484 223
51080564 222
50891676 221
50916592 221
51150088 222
