4061680 61
5688440 86
5687055 86
12026512 183
10378679 158
9576533 146
12067908 184
4062548 61
7565988 115
5895823 89
8139590 124
7480788 114
4126252 62
4061816 61
11987535 182
11886945 181
10248910 156
12122309 184
11906416 181
10142240 154
4061948 61
6461752 98
12051572 183
7312204 111
9541235 145
11920394 181
11910896 181
6989836 106
9548650 145
4061284 61
8433180 128
11942525 182
11950004 182
8449394 128
9553076 145
11920661 181
11907081 181
4106048 62
7998311 122
7246393 110
4710439 71
4589528 70
11977479 182
7518491 114
7483014 114
4062892 61
7481859 114
12026792 183
4061720 61
7908922 120
4063864 62
5847115 89
7495691 114
12031589 183
10304793 157
7577053 115
9419202 143
4060060 61
11932176 182
11979135 182
10350143 157
8364988 127
4062528 61
4068272 62
12012595 183
11924780 181
10570071 161
4062748 61
10266700 156
4062516 61
10158840 155
9482647 144
12018475 183
11971015 182
11920136 181
4133332 63
11900711 181
4134112 63
4740438 72
7456384 113
4138640 63
4837246 73
7479675 114
4061420 61
4065724 62
7529655 114
11988528 182
4063224 61
8088762 123
10222080 155
11908691 181
4142260 63
5145120 78
4062656 61
11608420 177
4061180 61
10158530 155
4061484 61
8472427 129
11959150 182
7607831 116
11979146 182
7330453 111
10291250 157
4062236 61
9578565 146
8891874 135
4060344 61
8402800 128
12014052 183
11957400 182
10699302 163
4060044 61
8217217 125
4062428 61
9277439 141
4061000 61
8474404 129
12007951 183
4061276 61
8424564 128
4095216 62
8421348 128
4136268 63
5099572 77
8422044 128
11847255 180
11975064 182
8539451 130
10216040 155
11985037 182
4098576 62
9482457 144
4131640 63
7644088 116
9584766 146
12012630 183
11884694 181
7674716 117
4131928 63
5828537 88
7482587 114
4064588 62
10768721 164
11905928 181
11922739 181
11852833 180
11975867 182
8746412 133
4296407 65
11171319 170
4697237 71
11928829 182
9622037 146
4131060 63
4062340 61
4060444 61
4060552 61
4630020 70
7481215 114
11932865 182
4062068 61
7036520 107
4126684 62
11851105 180
4063008 61
10220980 155
11985144 182
11896360 181
4060112 61
4062124 61
4063956 62
7418581 113
4060812 61
4062120 61
7107345 108
6171713 94
12025742 183
10103165 154
4062028 61
11854314 180
11986170 182
8796395 134
4062336 61
11851980 180
4060476 61
6500386 99
8849640 135
11931419 182
11658408 177
4061668 61
10218660 155
4058388 61
7478163 114
4063080 61
6335893 96
10203970 155
11840220 180
4061332 61
7484708 114
10268990 156
11898285 181
4061876 61
10147370 154
11977886 182
4061380 61
8426404 128
11908039 181
11886678 181
7013892 107
11843755 180
4060448 61
10231580 156
4081096 62
5187443 79
9541298 145
11937019 182
11969674 182
4130052 63
8443456 128
11960970 182
11898134 181
11453188 174
4061360 61
10219890 155
11956337 182
11899978 181
9560571 145
11905517 181
10246981 156
4061436 61
7893379 120
5191079 79
4059684 61
6497569 99
5355939 81
6927729 105
12012958 183
9417108 143
4361307 66
9542838 145
4061592 61
4127424 62
10297580 157
11935886 182
6733597 102
4131420 63
11925014 181
11365962 173
4133116 63
4062736 61
4061460 61
4467493 68
7222913 110
11851269 180
4062648 61
7101948 108
4062564 61
8433180 128
11914689 181
4065116 62
8469316 129
11896419 181
7052640 107
4346331 66
10344580 157
4063732 62
5512266 84
7481187 114
6299205 96
10155380 154
11932224 182
9829864 149
4061796 61
11848830 180
11925736 181
7589885 115
4061736 61
4130136 63
4066364 62
4064696 62
10286420 156
11973885 182
4061952 61
8435900 128
11892930 181
11211058 171
8362644 127
4061056 61
9537360 145
11918852 181
8421385 128
8361680 127
4066056 62
8365380 127
11974668 182
11916253 181
9531405 145
8361800 127
4059856 61
8437952 128
4059500 61
7479465 114
11844956 180
11942759 182
10209790 155
11992050 182
11973067 182
9066675 138
11981329 182
8275009 126
11897060 181
8269376 126
11905902 181
10204509 155
10221830 155
4061012 61
4127652 62
9830366 149
8360824 127
4061232 61
8947686 136
11923962 181
8948549 136
11990068 182
4140036 63
7529711 114
4097788 62
7543732 115
11889312 181
9183036 140
10319770 157
11912880 181
9318545 142
9554991 145
4070192 62
4127244 62
11910196 181
8177071 124
10257860 156
4060600 61
8419120 128
4061688 61
7560553 115
11904703 181
9487276 144
10234030 156
11999785 183
11853625 180
9479368 144
11909251 181
11905543 181
11305860 172
11921514 181
4117900 62
7109256 108
11921945 181
8731283 133
11976079 182
7729346 117
8376900 127
4061064 61
5114552 78
11982158 182
7704202 117
4065000 62
7480130 114
4062728 61
7527702 114
4062696 61
8361860 127
11921932 181
11848878 180
10287900 156
12059893 184
11922949 181
9476880 144
4127280 62
10219910 155
11278947 172
4060748 61
6719866 102
11186002 170
9554652 145
11979253 182
4126616 62
4060236 61
10337500 157
11073913 168
9548524 145
4061880 61
5839630 89
9590964 146
4062112 61
11888579 181
9021560 137
9613701 146
4060288 61
5795248 88
8430716 128
4060732 61
8413852 128
11921280 181
11907910 181
4062356 61
4127376 62
10288730 156
10650395 162
9531602 145
11845610 180
11991525 182
8690684 132
8373880 127
4061444 61
8420688 128
4129240 63
8432580 128
4061004 61
8519768 130
4109316 62
5153590 78
7532952 114
11934849 182
12030819 183
10445393 159
8365048 127
4061624 61
4666930 71
11888299 181
8618219 131
4131260 63
6808314 103
9612847 146
11981585 182
11990580 182
4120660 62
5076530 77
7610911 116
11845365 180
11903279 181
6515784 99
5234687 79
8440824 128
4060400 61
8424280 128
11980651 182
11900256 181
10496139 160
8365700 127
11937964 182
4063348 62
7483728 114
11905215 181
11844035 180
9478596 144
11925364 181
12013085 183
11925119 181
9130238 139
10223920 156
4061772 61
7487522 114
11974469 182
11856342 180
8362984 127
4060648 61
7623693 116
11888603 181
11986264 182
10712120 163
9599773 146
11993509 183
11962464 182
8926429 136
8362924 127
4068104 62
10310290 157
10209063 155
8366872 127
11999516 183
4064728 62
8448480 128
11976311 182
9762612 148
9539961 145
11979660 182
11898845 181
11475424 175
10292350 157
4061660 61
8404440 128
11894225 181
10644944 162
7514501 114
5504724 83
7480284 114
5657449 86
8516208 129
11921291 181
11976440 182
10561109 161
6762711 103
6972351 106
7482517 114
4128912 63
4443180 67
7126444 108
9631136 146
4061916 61
4836576 73
4061316 61
10226380 156
12027529 183
8828871 134
8362364 127
4059356 61
4062584 61
4061472 61
7156534 109
4064480 62
9696479 147
4063572 62
7772591 118
11636959 177
9549477 145
12007881 183
11925130 181
9265131 141
4062180 61
10347270 157
11910198 181
11979940 182
11062660 168
4062296 61
11914256 181
12075046 184
9570138 146
4061428 61
4534327 69
6531829 99
6396438 97
11922365 181
5083662 77
11904714 181
10409983 158
4060320 61
10328460 157
4063052 61
9548587 145
4061216 61
7556437 115
12004357 183
11844468 180
4060228 61
11927475 181
11946469 182
7021895 107
7480130 114
4063108 61
7709336 117
10157240 154
4061016 61
5265745 80
7179207 109
4063828 62
4130228 63
11894877 181
4090012 62
7554939 115
4063300 62
7112735 108
7847472 119
8415588 128
11965216 182
11906569 181
4175176 63
5079020 77
7568218 115
4061888 61
4060820 61
11863799 181
12061536 184
10321960 157
4061924 61
9558446 145
4063324 62
6504330 99
4945244 75
7483518 114
11779379 179
4061768 61
4064116 62
5745728 87
11906591 181
7746550 118
11943120 182
8655031 132
11936365 182
4131736 63
8519492 129
5497675 83
11635838 177
4799158 73
11918970 181
9266354 141
11955335 182
4112348 62
6463812 98
5475314 83
7483812 114
8606998 131
4066432 62
8429820 128
11993975 183
4061224 61
7479486 114
11941066 182
9308549 142
10225010 156
12099255 184
4099044 62
7524251 114
4136352 63
7530481 114
4059532 61
5147090 78
6655149 101
10151890 154
11969416 182
4171696 63
8362340 127
11918388 181
4061860 61
6668716 101
11904281 181
4129652 63
7543158 115
4061772 61
5210792 79
8432028 128
11891180 181
4063364 62
5760580 87
8435452 128
11910093 181
4060436 61
4955986 75
8425556 128
4061212 61
8375833 127
10229400 156
4061212 61
8458988 129
11908586 181
4096916 62
9637844 147
4062732 61
10932455 166
10222500 155
11863740 181
4061620 61
7535136 114
4067924 62
6547348 99
8361696 127
11915529 181
4062180 61
8428372 128
11998070 183
7822277 119
10144010 154
11916288 181
4104560 62
9582205 146
4063156 61
12000617 183
10221780 155
11892289 181
4060364 61
5095750 77
4061240 61
6580192 100
10395000 158
4062456 61
6534132 99
11965485 182
11904014 181
4095560 62
8363344 127
4060568 61
10217110 155
4061172 61
8364656 127
11904935 181
10315428 157
4062364 61
10268060 156
11967434 182
4062320 61
8478764 129
4060164 61
10298520 157
11934335 182
11910419 181
4100532 62
7525651 114
4063132 61
5090830 77
5934082 90
10158300 155
11906637 181
4124988 62
7558677 115
4061440 61
10150100 154
4066812 62
8302227 126
8364116 127
12101950 184
4062904 61
5928450 90
7485471 114
9602463 146
4059456 61
8421116 128
4061484 61
4061216 61
7587265 115
4061472 61
4858875 74
10641624 162
11950494 182
11141347 170
4061648 61
7745175 118
4061592 61
8587626 131
8364228 127
12096805 184
4061220 61
8471498 129
6373448 97
11907875 181
9181706 140
11904515 181
10122551 154
11899335 181
11928746 182
11974550 182
4061544 61
7526911 114
4062084 61
10233950 156
4061988 61
7938286 121
8364348 127
4062120 61
4060808 61
4060932 61
4853352 74
10662446 162
11941184 182
12028492 183
9578452 146
11927313 181
11927860 182
9616781 146
9693433 147
11951509 182
12009292 183
10572169 161
4062012 61
8465675 129
6799002 103
4063372 62
5972924 91
11450491 174
8360800 127
6567223 100
4063288 62
10213330 155
12012595 183
11892847 181
10520354 160
4063548 62
6461660 98
11856425 180
11942339 182
8417750 128
4067796 62
4061228 61
9868466 150
4060760 61
10248850 156
11922131 181
4061352 61
5123570 78
10153710 154
11904539 181
8499106 129
8363852 127
4062580 61
10221860 155
11845249 180
7975570 121
4061840 61
8510740 129
4060252 61
9518532 145
12062085 184
8123854 123
4065928 62
10217090 155
12067173 184
8146418 124
4062000 61
10221840 155
11978890 182
7270966 110
4062668 61
8432036 128
4066148 62
7545251 115
11964796 182
11911084 181
9773820 149
8437324 128
4062744 61
8415516 128
11977000 182
11902111 181
8365636 127
4063312 62
8508312 129
4066212 62
8363452 127
4063228 61
7179935 109
4059928 61
10164200 155
6680842 101
9541560 145
4061924 61
7532665 114
4061956 61
5000631 76
10220082 155
8358740 127
6984200 106
8533604 130
11921525 181
4059604 61
6181602 94
4062152 61
4063420 62
6189418 94
7847636 119
5437965 82
11853170 180
4061876 61
10155020 154
4064344 62
5160576 78
10546501 160
11946784 182
10795203 164
11968775 182
4100420 62
6515898 99
4067704 62
4064716 62
11903909 181
7183268 109
11909391 181
6935949 105
10155350 154
4064776 62
6144862 93
4062200 61
4063416 62
8635560 131
4061420 61
10272440 156
4061104 61
4327879 66
11970175 182
7976867 121
12017097 183
8543521 130
4061024 61
11948906 182
11972321 182
4120824 62
7485429 114
4117316 62
6463532 98
4062580 61
4131364 63
8494132 129
11850720 180
11982786 182
8196155 125
5728040 87
11901142 181
11923450 181
4064284 62
7658691 116
4976422 75
4060760 61
10227760 156
11942735 182
12050045 183
8419290 128
4241981 64
10325730 157
4062008 61
8370148 127
11969696 182
8453272 128
4063348 62
11693518 178
10324110 157
11935057 182
11979905 182
11908750 181
11999411 183
9188678 140
10216000 155
11978424 182
4114692 62
10150100 154
4062220 61
4302482 65
7784971 118
7822299 119
4061636 61
4061928 61
4656718 71
6335223 96
11192994 170
4062132 61
7707905 117
5492955 83
4061616 61
6459496 98
4059044 61
8452160 128
11852295 180
11897782 181
8236322 125
4062868 61
7487417 114
4063212 61
8540240 130
11912554 181
11907840 181
7398873 112
8462968 129
12015198 183
11991571 182
4098272 62
8573500 130
5573411 85
8430488 128
11907444 181
4061400 61
4684654 71
9648421 147
11917872 181
11920276 181
8900815 135
4127708 62
11912764 181
9820119 149
11955149 182
10320894 157
11977385 182
4109080 62
8361308 127
7778047 118
4062620 61
12086666 184
11888310 181
8524967 130
9618325 146
11998641 183
11851407 180
9491273 144
4064708 62
8432248 128
4058820 61
4061944 61
8396554 128
8014824 122
8448668 128
11988469 182
12000673 183
4122400 62
8389522 128
11905342 181
