152915 74
133665 65
131600 64
132510 64
132370 64
133713 65
185616 90
132755 64
133105 64
154956 75
131646 64
131657 64
131578 64
131624 64
131775 64
132125 64
131740 64
151154 73
132637 64
134785 65
132160 64
134341 65
134518 65
131788 64
131939 64
131705 64
131762 64
132276 64
131904 64
131775 64
131576 64
131834 64
131740 64
131845 64
131928 64
133070 64
132416 64
131705 64
131517 64
131683 64
153195 74
134225 65
152587 74
132488 64
132580 64
131775 64
131646 64
132569 64
131786 64
131762 64
131762 64
132007 64
159390 77
134704 65
161396 78
158305 77
132055 64
131740 64
132650 64
132077 64
131775 64
151712 74
159565 77
131681 64
132173 64
132149 64
152587 74
131753 64
131762 64
132090 64
131937 64
133315 65
131937 64
152145 74
131810 64
133000 64
132814 64
131764 64
131915 64
132160 64
131541 64
132090 64
308046 150
131541 64
131589 64
131495 64
135555 66
131753 64
131635 64
131880 64
215331 105
131530 64
131869 64
131950 64
45152 22
133048 64
132055 64
136990 66
131823 64
132230 64
132230 64
131519 64
131659 64
164570 80
132114 64
131683 64
131858 64
132954 64
131915 64
131694 64
131985 64
131974 64
132884 64
131950 64
132114 64
131904 64
131681 64
131834 64
131482 64
131904 64
131775 64
131716 64
131764 64
131589 64
131740 64
131775 64
131611 64
131799 64
132289 64
131705 64
132919 64
131576 64
131670 64
131823 64
131797 64
131705 64
131751 64
131926 64
131681 64
132055 64
131530 64
132440 64
132230 64
131939 64
131670 64
132825 64
131788 64
131880 64
156881 76
131740 64
238140 116
132090 64
131646 64
131858 64
132324 64
132335 64
131915 64
131541 64
131729 64
132241 64
131950 64
134540 65
132101 64
132265 64
131705 64
131869 64
131576 64
131961 64
131565 64
131788 64
131519 64
131635 64
132066 64
131589 64
131705 64
131845 64
131508 64
132090 64
131670 64
137644 67
131646 64
132042 64
131834 64
131648 64
131670 64
131740 64
132206 64
131751 64
156380 76
131530 64
151012 73
131705 64
131764 64
131740 64
131937 64
131823 64
131786 64
131974 64
152950 74
131635 64
131589 64
131705 64
131834 64
132464 64
131893 64
131810 64
133280 65
131659 64
131589 64
131729 64
131541 64
131753 64
131880 64
131646 64
131554 64
131578 64
132044 64
131751 64
131729 64
131939 64
153287 74
131624 64
156881 76
131880 64
132125 64
131740 64
132044 64
152519 74
131613 64
152799 74
131495 64
131611 64
131996 64
131705 64
131985 64
131600 64
152110 74
131670 64
131740 64
151631 74
332021 162
132265 64
133210 65
131904 64
348167 170
131799 64
131729 64
131810 64
265241 129
131915 64
131904 64
131821 64
133000 64
131471 64
131823 64
132427 64
132440 64
131753 64
131764 64
132545 64
131716 64
131635 64
132044 64
131834 64
131727 64
132079 64
131810 64
131670 64
132160 64
131856 64
131530 64
149695 73
131904 64
132545 64
131753 64
151913 74
132475 64
131926 64
131893 64
220535 107
132252 64
132147 64
155481 75
132567 64
131821 64
131541 64
131681 64
132790 64
132090 64
165001 80
131985 64
132523 64
132009 64
133875 65
150664 73
131845 64
131869 64
134166 65
131683 64
131705 64
151528 73
419523 204
131740 64
132243 64
131869 64
335243 163
131810 64
131554 64
131622 64
131705 64
132020 64
131764 64
131974 64
225061 109
131832 64
131506 64
131939 64
131727 64
156743 76
133011 64
133059 64
131869 64
132650 64
151130 73
132744 64
149964 73
136174 66
131845 64
131611 64
131530 64
131624 64
131786 64
150627 73
131775 64
46016 22
45180 22
94864 46
132650 64
131799 64
131729 64
219159 107
131961 64
132031 64
131646 64
132160 64
132265 64
131565 64
132101 64
131963 64
131484 64
131646 64
132020 64
131740 64
131716 64
131635 64
132044 64
131985 64
131950 64
131670 64
131893 64
241793 118
131939 64
134575 65
132370 64
131937 64
133024 64
131939 64
132499 64
132031 64
137690 67
131727 64
132908 64
131821 64
151900 74
132009 64
132206 64
150080 73
132090 64
131996 64
132020 64
131740 64
132755 64
131718 64
132007 64
131751 64
131810 64
267960 130
131611 64
132173 64
131950 64
132276 64
131880 64
132674 64
131775 64
131635 64
131775 64
131670 64
132650 64
131775 64
131891 64
132241 64
194438 94
131729 64
131834 64
131587 64
131775 64
131950 64
131891 64
132079 64
131937 64
131810 64
134470 65
133991 65
132847 64
133886 65
131718 64
131716 64
131974 64
131751 64
132359 64
131683 64
131764 64
131810 64
131648 64
131775 64
131740 64
131880 64
135192 66
131799 64
131635 64
131893 64
131902 64
131694 64
131681 64
131810 64
131635 64
132195 64
131928 64
131659 64
131517 64
131694 64
131683 64
131832 64
151399 73
134842 65
133197 65
132101 64
156566 76
133956 65
134144 65
132138 64
150045 73
157616 76
132171 64
151410 73
132020 64
131681 64
131716 64
131764 64
132125 64
131823 64
131554 64
131611 64
131648 64
131670 64
131554 64
131519 64
131578 64
131587 64
131823 64
131565 64
131600 64
131705 64
132289 64
131541 64
131530 64
131541 64
131530 64
132300 64
131519 64
156857 76
132219 64
152250 74
131484 64
156323 76
131554 64
132488 64
131718 64
131740 64
131740 64
131705 64
131893 64
131705 64
131613 64
131670 64
131670 64
131762 64
131904 64
131670 64
131552 64
131530 64
151353 73
135437 66
132195 64
155575 75
131670 64
132044 64
131425 64
131845 64
131587 64
132276 64
131576 64
131775 64
131786 64
131729 64
131786 64
131694 64
131985 64
131926 64
133536 65
131506 64
131880 64
131578 64
131471 64
131657 64
131823 64
131775 64
150909 73
131891 64
132394 64
131624 64
317918 155
131670 64
131891 64
131867 64
131788 64
131939 64
131401 64
131810 64
132055 64
131858 64
131729 64
132943 64
131729 64
131985 64
131764 64
133245 65
133361 65
132497 64
133711 65
133711 65
133781 65
131799 64
148936 72
132276 64
151889 74
132182 64
134389 65
131716 64
150126 73
131834 64
132147 64
131821 64
131530 64
132534 64
151806 74
132042 64
131926 64
149916 73
132871 64
354574 173
151922 74
156485 76
151200 73
153510 74
131727 64
131998 64
132125 64
131797 64
216206 105
131694 64
131775 64
131937 64
133011 64
158911 77
132276 64
131926 64
132044 64
133140 65
172095 84
132755 64
166053 81
132464 64
132965 64
134378 65
137434 67
131740 64
132171 64
132068 64
131705 64
131869 64
176551 86
155610 75
133818 65
158771 77
156113 76
156170 76
135391 66
132066 64
131681 64
135321 66
132405 64
132357 64
152298 74
131996 64
152694 74
131751 64
152121 74
132055 64
132521 64
131727 64
131694 64
131867 64
132265 64
131856 64
131565 64
132230 64
131554 64
131670 64
132007 64
132112 64
131764 64
132160 64
131727 64
137364 67
131705 64
150664 73
131740 64
131786 64
131635 64
131727 64
131939 64
131810 64
131449 64
131856 64
155925 76
131764 64
132289 64
132405 64
131799 64
132335 64
132475 64
51888 25
45192 22
131939 64
131915 64
131646 64
131670 64
131554 64
133280 65
132009 64
132171 64
132066 64
131880 64
131891 64
132101 64
133000 64
133210 65
133700 65
131624 64
132510 64
132230 64
131624 64
132007 64
132311 64
131751 64
131727 64
145040 70
131775 64
131810 64
132136 64
131729 64
131764 64
158362 77
132009 64
131611 64
131880 64
322654 157
131891 64
131692 64
131810 64
131810 64
131867 64
132313 64
132462 64
131786 64
131517 64
131600 64
131904 64
131891 64
131996 64
131401 64
45332 22
45472 22
131495 64
131740 64
131904 64
131624 64
132125 64
135345 66
131751 64
131834 64
131845 64
131692 64
132278 64
131587 64
131985 64
133374 65
131834 64
133326 65
134564 65
131797 64
134750 65
131950 64
217094 106
131681 64
131764 64
316413 154
132383 64
131891 64
131648 64
131880 64
132079 64
132720 64
132055 64
151493 73
233496 114
133700 65
131565 64
131716 64
131727 64
131600 64
133070 64
131484 64
131624 64
131705 64
262898 128
133501 65
132031 64
131716 64
159950 78
131692 64
131705 64
131530 64
131659 64
131810 64
131718 64
132195 64
131613 64
131729 64
267505 130
131600 64
151480 73
151504 73
131939 64
155715 76
133304 65
358877 175
132114 64
131624 64
131764 64
131624 64
132580 64
131880 64
132042 64
132055 64
131692 64
137795 67
131891 64
131869 64
131891 64
131996 64
152832 74
131891 64
150441 73
153906 75
132160 64
132313 64
152390 74
133560 65
131880 64
150804 73
132895 64
152075 74
132591 64
152169 74
131716 64
134039 65
132009 64
131681 64
131425 64
45188 22
45108 22
45796 22
45136 22
131600 64
132160 64
131611 64
132427 64
134971 65
132031 64
131880 64
132335 64
132042 64
131670 64
131670 64
131530 64
135544 66
132182 64
131880 64
182304 89
131565 64
131657 64
131939 64
382585 186
132125 64
136220 66
132101 64
138902 67
131751 64
131788 64
132125 64
131694 64
132381 64
131856 64
132322 64
131869 64
132009 64
135124 65
131635 64
133164 65
131856 64
131670 64
131611 64
132499 64
131482 64
131775 64
138576 67
131589 64
316483 154
156113 76
132101 64
150454 73
156636 76
157885 77
151445 73
132952 64
131683 64
151423 73
132217 64
131810 64
131670 64
131530 64
149251 72
131834 64
131810 64
131775 64
131659 64
131508 64
131727 64
131856 64
131729 64
131635 64
132230 64
131716 64
131845 64
131576 64
131694 64
136979 66
134737 65
222740 108
131611 64
156695 76
132394 64
132079 64
133396 65
131764 64
224409 109
152716 74
132112 64
352100 171
132313 64
150511 73
131751 64
132383 64
131611 64
131600 64
132884 64
132427 64
131517 64
132744 64
131635 64
131915 64
132136 64
131867 64
132217 64
131646 64
131996 64
131718 64
132847 64
132370 64
135205 66
132475 64
308221 150
131683 64
132558 64
135778 66
150115 73
131519 64
132685 64
132044 64
131915 64
131821 64
132007 64
133070 64
131902 64
132381 64
132615 64
132184 64
131915 64
132090 64
131845 64
132090 64
131646 64
151819 74
131867 64
131692 64
153370 74
131775 64
131718 64
131904 64
132383 64
157244 76
133210 65
179550 87
131939 64
172292 84
150896 73
133046 64
151305 73
158329 77
150909 73
157045 76
150861 73
131974 64
137445 67
134131 65
152786 74
131939 64
156708 76
155750 76
135555 66
156649 76
151865 74
134295 65
132383 64
131775 64
131926 64
131659 64
131565 64
131799 64
131799 64
131799 64
153335 74
132313 64
240006 117
132230 64
132661 64
131996 64
133851 65
131624 64
131683 64
131622 64
152215 74
132136 64
131996 64
131624 64
153860 75
133980 65
131915 64
131996 64
151176 73
131740 64
149286 72
132195 64
131624 64
133444 65
132510 64
156183 76
131729 64
