394975 96
465454 113
403480 98
442190 107
425016 103
439799 107
444756 108
429087 104
448433 109
430312 105
443299 108
621484 151
441433 107
427245 104
437268 106
406969 99
430863 105
407973 99
518304 126
442037 107
370243 90
446215 108
428273 104
436124 106
350409 85
424305 103
345590 84
452316 110
730905 178
459596 112
455024 111
446611 109
418519 102
457496 111
468451 114
455258 111
470400 114
496847 121
468090 114
494108 120
473141 115
497875 121
487504 119
485636 118
487399 118
487784 119
487655 119
420280 102
419545 102
521627 127
388653 94
459491 112
447790 109
327600 79
322573 78
359894 87
345717 84
299355 73
320296 78
297067 72
328499 80
330796 80
320635 78
325583 79
321720 78
324100 79
349486 85
325244 79
317881 77
324111 79
328698 80
321895 78
426346 104
348344 85
342672 83
344330 84
357197 87
348436 85
351691 85
351050 85
322689 78
360325 87
354620 86
345135 84
327495 79
336689 82
327495 79
337435 82
324719 79
324975 79
390460 95
323949 79
321462 78
465697 113
351809 85
304944 74
323831 79
324472 79
327519 79
328079 80
336199 82
337271 82
432145 105
330260 80
366835 89
359054 87
388592 94
335567 81
338054 82
336665 82
332874 81
348519 85
335591 81
344564 84
333491 81
348832 85
337715 82
347084 84
357129 87
349265 85
350407 85
358295 87
372669 90
336805 82
358260 87
511339 124
353395 86
324894 79
390239 95
364560 89
329759 80
317765 77
326889 79
296531 72
305900 74
299751 73
310288 75
321346 78
326329 79
315057 76
366916 89
588339 143
339546 82
325769 79
337540 82
115848 28
119612 29
113652 27
498295 121
333364 81
342604 83
336980 82
357035 87
330155 80
351074 85
703430 171
421774 102
362484 88
413024 100
340119 83
371864 90
328335 80
625579 152
370114 90
384322 93
369751 90
380052 92
355694 86
334506 81
328090 80
332150 81
334974 81
344796 84
556430 135
348344 85
321895 78
328068 80
332640 81
320915 78
658372 160
334657 81
402266 98
373859 91
441350 107
430139 105
441468 107
442855 108
443614 108
433370 105
471776 115
366299 89
443614 108
376834 92
510987 124
408778 99
454801 111
530659 129
459666 112
415752 101
410561 100
398650 97
411145 100
363440 88
411075 100
375948 91
432926 105
399105 97
425447 103
342591 83
417003 101
341869 83
359135 87
330190 80
401100 97
401638 98
426322 104
411764 100
406582 99
420442 102
411425 100
399256 97
424852 103
410165 100
398639 97
440497 107
420011 102
429111 104
394334 96
328882 80
411471 100
402688 98
339605 82
643195 157
354025 86
458476 111
477564 116
420676 102
404377 98
462897 113
464100 113
500664 122
452106 110
465314 113
462759 112
457332 111
457146 111
582179 142
477995 116
479196 116
474263 115
482779 117
497700 121
509718 124
461418 112
478323 116
457087 111
480655 117
448501 109
471800 115
394905 96
427816 104
359205 87
439005 107
341845 83
349836 85
482558 117
452049 110
463378 113
465091 113
468160 114
442925 108
473852 115
544985 133
466515 113
460657 112
479535 117
348086 84
412860 100
342580 83
435131 106
333106 81
429719 104
345275 84
374290 91
369915 90
390285 95
353336 86
347563 84
373916 91
586648 143
376622 91
346758 84
377742 92
380065 92
364816 89
322396 78
371175 90
319036 77
345461 84
321184 78
377895 92
316505 77
383204 93
311546 76
350676 85
312712 76
507231 123
313915 76
332955 81
307534 75
328523 80
329175 80
323085 78
363639 88
303787 74
359929 87
324450 79
361924 88
331765 80
372540 90
359087 87
387929 94
440265 107
652319 159
456341 111
387730 94
454335 110
400470 97
474250 115
386015 94
502974 122
429122 104
508305 124
427199 104
520752 127
457310 111
483770 118
458826 112
473795 115
451231 110
441980 107
622917 152
449938 109
460272 112
454020 110
460331 112
389235 95
378350 92
431364 105
413479 100
429229 104
383368 93
419020 102
404040 98
571561 139
408474 99
409535 99
366986 89
395758 96
345603 84
656635 160
407120 99
396458 96
407457 99
411123 100
434851 106
420840 102
395349 96
419941 102
450006 109
427374 104
418530 102
440475 107
432005 105
442133 107
370569 90
447322 109
370499 90
343595 83
413853 101
365155 89
342838 83
441024 107
368935 90
428389 104
447311 109
468755 114
481005 117
599574 146
458861 112
359404 87
355156 86
446018 108
398884 97
384171 93
410493 100
426499 104
403620 98
443030 108
429719 104
441713 107
395058 96
435061 106
387883 94
429415 104
411764 100
521920 127
398020 97
452038 110
359544 87
469910 114
434980 106
430279 105
439891 107
436905 106
456260 111
440359 107
514336 125
487423 118
437629 106
462956 113
423791 103
451570 110
424491 103
493104 120
391790 95
450052 109
377160 92
416185 101
404705 98
424176 103
384499 93
423780 103
396119 96
432600 105
411683 100
428376 104
437664 106
420617 102
429905 104
416931 101
400260 97
431841 105
431106 105
432576 105
407903 99
392420 95
397834 97
395769 96
401647 98
402255 98
536456 130
383718 93
360710 88
342602 83
381966 93
388955 94
430651 105
367522 89
450520 109
327180 79
431375 105
383075 93
426289 104
383729 93
428002 104
670355 163
414971 101
440182 107
425086 103
445445 108
426335 104
443544 108
444478 108
448210 109
427748 104
406560 99
443192 108
599784 146
459388 112
388653 94
475895 116
421774 102
453775 110
343280 83
480515 117
405768 99
450544 109
396631 96
454556 110
431399 105
485951 118
432390 105
474204 115
429999 104
451279 110
446541 109
454044 110
472931 115
446681 109
436520 106
452305 110
439309 107
455713 111
382992 93
454779 111
489009 119
464533 113
387450 94
480666 117
418263 102
451898 110
452060 110
455105 111
479452 117
450485 109
459795 112
460705 112
453694 110
447871 109
463855 113
421995 103
590275 144
423336 103
414109 101
436404 106
392280 95
431795 105
336864 82
384801 93
332139 81
392210 95
366881 89
428271 104
367034 89
430907 105
314895 76
393632 96
314101 76
401157 97
355810 86
348040 84
453648 110
334996 81
412545 100
332010 81
405278 98
321033 78
339255 82
369657 90
411740 100
378094 92
343221 83
359227 87
343162 83
371153 90
377265 92
352205 85
368970 90
335101 81
371818 90
419825 102
335871 81
362180 88
585467 142
361025 88
359111 87
426499 104
395032 96
371409 90
372728 90
426884 104
376508 91
437174 106
519236 126
355447 86
424257 103
347117 84
385608 94
356696 87
429124 104
428831 104
420162 102
364991 89
341053 83
499461 121
511606 124
496801 121
495786 121
500430 122
507990 124
503779 122
521769 127
501340 122
511210 124
509705 124
490958 119
489042 119
507640 123
493756 120
509064 124
510103 124
509565 124
496709 121
505365 123
515165 125
503860 123
495821 121
500185 122
495447 120
515911 125
765159 186
508526 124
490490 119
499275 121
480399 117
493196 120
483980 118
493419 120
486277 118
492905 120
487353 118
499496 121
503090 122
511420 124
503884 123
507360 123
503812 123
555356 135
503930 123
506310 123
498177 121
499367 121
483105 117
499962 122
483536 118
539956 131
497186 121
465511 113
499472 121
462199 112
491190 119
471835 115
488670 119
468136 114
543106 132
464614 113
464859 113
455363 111
475195 116
369552 90
450275 109
367874 89
437548 106
355202 86
424935 103
410526 100
442448 108
552440 134
384405 93
457415 111
393995 96
479382 117
416185 101
695008 169
392374 95
484260 118
402196 98
486207 118
430815 105
484203 118
464135 113
492253 120
460985 112
487014 118
463656 113
689535 168
414855 101
479605 117
456623 111
479244 117
467132 114
480679 117
431609 105
565506 138
458745 111
405276 98
475042 115
435914 106
441606 107
418250 102
417668 101
448770 109
424642 103
420385 102
641889 156
383239 93
358599 87
388080 94
366402 89
331135 80
370976 90
386308 94
382213 93
341086 83
399875 97
332174 81
375504 91
361981 88
376366 91
339172 82
388255 94
397576 97
394649 96
386645 94
442317 107
391241 95
419464 102
367196 89
409373 99
344424 84
381815 93
437850 106
379483 92
401041 97
356836 87
481320 117
424889 103
447523 109
382095 93
426370 104
353850 86
436999 106
415916 101
362040 88
343595 83
381010 93
355600 86
384079 93
390285 95
377044 92
389911 95
432646 105
429485 104
527426 128
439845 107
429953 104
526971 128
415881 101
429008 104
437815 106
434571 106
443566 108
450450 109
434829 106
450310 109
401194 97
420151 102
399595 97
416021 101
421424 102
422229 103
365190 89
377171 92
420619 102
452434 110
426871 104
447033 109
504792 123
401776 98
410200 100
426405 104
338229 82
338940 82
321742 78
376810 91
349313 85
313740 76
571561 139
371350 90
324776 79
334239 81
331052 80
362204 88
324673 79
325653 79
326935 79
305434 74
329724 80
103712 25
111764 27
108176 26
403143 98
390412 95
619334 151
336315 82
434700 106
431410 105
482300 117
472441 115
484422 118
474495 115
491995 120
437863 106
493896 120
468534 114
468650 114
439657 107
416161 101
473994 115
427361 104
467543 114
450730 110
489171 119
305911 74
378525 92
305117 74
371783 90
307418 75
389900 95
321523 78
351050 85
322361 78
348401 85
319703 78
307313 75
356184 86
348309 85
343571 83
526505 128
365715 89
353710 86
361889 88
351457 85
345859 84
346874 84
340200 83
327904 80
350980 85
367990 89
354036 86
358400 87
344575 84
405427 98
352625 86
345111 84
411169 100
328672 80
387682 94
330750 80
403386 98
319036 77
376379 91
338472 82
360384 87
453158 110
387008 94
397379 97
407166 99
349184 85
362578 88
363941 88
318371 77
320915 78
339769 82
500979 122
453040 110
480294 117
432272 105
465233 113
431690 105
450321 109
449098 109
373577 91
446215 108
483396 118
444861 108
375036 91
458896 112
385770 94
457286 111
440101 107
462875 113
438119 106
434151 105
445817 108
433908 105
443671 108
429730 104
585585 142
428645 104
426650 104
453681 110
450170 109
418834 102
419195 102
410655 100
353500 86
414750 101
399665 97
410025 100
375795 91
359706 87
401087 97
399805 97
387253 94
386317 94
679724 165
338205 82
370604 90
397740 97
443485 108
383762 93
319806 78
300055 73
349324 85
525619 128
456247 111
450170 109
369506 90
321790 78
321300 78
426510 104
379319 92
440663 107
414273 101
494550 120
377545 92
448606 109
551939 134
363906 88
405055 98
479745 117
490442 119
396596 96
373929 91
356847 87
408824 99
364584 89
398009 97
354563 86
404228 98
328359 80
581361 141
370534 90
426779 104
382106 93
440300 107
430419 105
441853 107
469175 114
509600 124
467309 114
483525 118
431714 105
415835 101
376228 91
433521 105
360209 87
444080 108
430850 105
443905 108
445712 108
385549 94
425985 104
389924 95
384042 93
543060 132
391020 95
375935 91
376939 92
396362 96
377055 92
436321 106
362040 88
388419 94
349254 85
391954 95
426265 104
557176 136
406199 99
422660 103
365704 89
376447 91
409686 100
444559 108
551519 134
436612 106
398908 97
371910 90
419499 102
370335 90
379599 92
380030 92
430850 105
375421 91
423115 103
626102 152
359450 87
453180 110
