2433582 74
3621977 110
5405459 164
5429073 165
5425538 165
1834096 55
5529090 168
5351314 163
5354184 163
5515133 168
2303076 70
5349610 163
2981623 90
1834652 55
4584550 139
1833748 55
2427270 74
5421209 165
5351675 163
1833844 55
1834232 55
5350988 163
5351896 163
5414080 165
5438125 165
5414441 165
5430740 165
1834392 55
1833884 55
4584130 139
5408631 165
5349376 163
5350533 163
5236817 159
1834076 55
1834048 55
2697512 82
5351021 163
5460619 166
5438125 165
5350601 163
5451530 166
5351207 163
5426551 165
5350997 163
5350194 163
5407979 165
5351419 163
1834020 55
2805067 85
1834204 55
4585390 139
5349492 163
5426901 165
5439643 166
5520655 168
5350380 163
5350124 163
5421220 165
5350065 163
5419691 165
5349540 163
5351430 163
5483450 167
5445068 166
3047759 93
1834428 55
5421815 165
5349225 163
5351758 163
3297676 100
1833952 55
4279145 130
3021391 92
5401983 164
5409939 165
5349785 163
5429852 165
5420332 165
5351874 163
5408504 165
5349354 163
5435465 165
5440435 166
5399778 164
5430285 165
5349341 163
5187794 158
1834048 55
5350671 163
5458974 166
5349855 163
5351640 163
4651737 141
1834632 55
5424219 165
5442664 166
5353705 163
5436842 165
1833700 55
4582910 139
5349107 163
5464946 166
5349190 163
5349061 163
5514029 168
5440505 166
1834456 55
1834088 55
1834204 55
1835120 56
3776848 115
5438987 165
5348886 163
1833888 55
4586100 139
5444762 166
1834032 55
1833208 55
3378249 103
5351231 163
5426529 165
5442828 166
5412459 165
5350264 163
1833788 55
1834588 55
4741670 144
5348490 163
3598389 109
1834332 55
1834224 55
1833772 55
5349214 163
1834800 55
5425385 165
5436493 165
1834300 55
1834844 55
5351441 163
5348433 163
5522895 168
5352014 163
5351279 163
3523649 107
1834580 55
5350415 163
5432046 165
5349726 163
5351290 163
5485795 167
5350590 163
5433809 165
5350496 163
5417464 165
5349131 163
5421010 165
5349761 163
5348503 163
5422819 165
5442605 166
5350135 163
5507810 168
5349260 163
1833988 55
5501672 167
5521320 168
5351850 163
5519139 168
1902436 58
3020030 92
5349142 163
5493180 167
5349518 163
1901596 58
5441859 166
5403989 164
5351791 163
5452943 166
5349947 163
5350367 163
1833672 55
1833832 55
3777144 115
5351301 163
5628022 171
5351581 163
1833572 55
1834388 55
5349796 163
5436292 165
5350463 163
5442196 166
5402880 164
5350159 163
5433271 165
5349785 163
5404630 164
5348280 163
5404514 164
5350065 163
5426936 165
5442360 166
5349166 163
5506876 168
5434356 165
5350601 163
5431499 165
5347160 163
5351406 163
5412155 165
5444204 166
5351220 163
5351104 163
5448076 166
5438103 165
1833900 55
1834600 55
5348724 163
5350240 163
5424768 165
5440074 166
1833816 55
3732021 113
5348571 163
5472587 167
5349002 163
5441297 166
5424346 165
5349435 163
5449441 166
5449185 166
5348724 163
5397164 164
5349632 163
5349982 163
5407688 165
5350671 163
5441752 166
5459860 166
5350520 163
5509269 168
5382173 164
1834344 55
5353040 163
5349037 163
5494906 167
5348385 163
5349820 163
4271318 130
1833812 55
5349459 163
5437156 165
5428139 165
5348993 163
5420299 165
5347451 163
5349494 163
4817452 147
1833684 55
4586230 139
5353075 163
5421767 165
5350253 163
5349973 163
3551904 108
1834964 55
4844913 147
5442570 166
5477080 167
5348746 163
5436351 165
5459698 166
1834680 55
1902652 58
5439444 165
5462638 166
5349015 163
5349273 163
1833708 55
1834588 55
3775860 115
5422620 165
5351476 163
5459873 166
5434404 165
5349435 163
5413951 165
5348164 163
5414653 165
5351979 163
5349575 163
5438300 165
5426971 165
5348466 163
5439827 166
3379092 103
1850412 56
5349820 163
5348560 163
5415071 165
5433470 165
1833512 55
1834412 55
5352259 163
5443108 166
5435347 165
5449056 166
5351780 163
5349203 163
5349225 163
5437110 165
1901764 58
1915256 58
5505675 168
5352340 163
5423845 165
5350881 163
5438685 165
3546652 108
1834292 55
4674570 142
5351185 163
5416694 165
5441859 166
5350019 163
5427636 165
5350227 163
1834444 55
1834384 55
3652796 111
1834208 55
5563834 169
1834840 55
5441544 166
1833964 55
1834052 55
1833936 55
5350089 163
5348094 163
5421347 165
5349306 163
5423460 165
5441100 166
5402099 164
5355643 163
5411129 165
5350566 163
5455087 166
5437832 165
1834492 55
1906492 58
4584880 139
1834124 55
5552378 169
5437856 165
1834256 55
4585990 139
5408305 165
5349610 163
5443679 166
5442185 166
5350251 163
5430460 165
5332740 162
1833620 55
4464925 136
5420579 165
5444193 166
5348223 163
1833784 55
1957876 59
5427579 165
5349656 163
5351360 163
5618900 171
5350649 163
5512290 168
5351150 163
5441951 166
5426050 165
5348210 163
5351605 163
5545096 169
5443106 166
1833900 55
1834356 55
1833136 55
3775580 115
5440107 166
5142564 156
1834040 55
5440691 166
5427695 165
5350100 163
5424289 165
5350988 163
5438370 165
5439619 166
1833432 55
1876092 57
3427592 104
5349317 163
5416681 165
5439280 165
1834424 55
1877300 57
3427907 104
5348724 163
5405761 164
5439315 165
1834040 55
5422784 165
5435605 165
5352806 163
5297912 161
1833656 55
5097276 155
1834092 55
5443596 166
1833704 55
5434159 165
5350857 163
5413964 165
5438744 165
5407931 165
5348967 163
1833708 55
1834196 55
4278016 130
5351699 163
5348665 163
5502092 167
5350205 163
5351417 163
5474840 167
5438895 165
5350017 163
5421546 165
5347860 163
5357181 163
1834432 55
4585690 139
5411875 165
5349378 163
5439291 165
5418011 165
5349610 163
1903068 58
5501311 167
5350741 163
5411643 165
5349868 163
5420183 165
5437331 165
1834452 55
1833988 55
5351303 163
5438230 165
5425665 165
5350461 163
5348724 163
3175046 96
1834320 55
4586200 139
1833540 55
1833912 55
3774744 115
5349761 163
5399415 164
5439479 165
5348420 163
5413030 165
5349494 163
5520935 168
5347943 163
5411385 165
5349645 163
5349936 163
4628249 141
1833796 55
4585840 139
5350380 163
5410405 165
5446315 166
5351161 163
5412459 165
5352095 163
1833888 55
4414319 134
5348210 163
5349774 163
5568198 169
5349026 163
5439571 166
5348525 163
5350741 163
4591877 140
1834256 55
2800896 85
5349411 163
5513060 168
5347965 163
5349203 163
5423902 165
5350905 163
5350577 163
5350579 163
1833408 55
5350555 163
5428686 165
5417978 165
5356378 163
5516105 168
5348805 163
1901800 58
1834172 55
4585300 139
5431755 165
4358166 133
1834364 55
5350824 163
5349249 163
5500589 167
5350485 163
1903084 58
1833352 55
5517621 168
5350625 163
5350997 163
3754225 114
1834728 55
4586410 139
1834684 55
2984690 91
5443620 166
5422515 165
1834628 55
1833956 55
2610701 79
5555773 169
5350951 163
5350975 163
5552354 169
5350673 163
5349483 163
5459976 166
5348501 163
5515836 168
5439280 165
5349319 163
5419120 165
5439372 165
5351732 163
5409856 165
5349028 163
5447061 166
5348385 163
5448218 166
5348547 163
1833748 55
5422841 165
5349798 163
5429399 165
5443038 166
5419715 165
5350170 163
1833496 55
5437670 165
5355958 163
5350264 163
4876423 148
3232250 98
5349540 163
5348140 163
5505804 168
5348245 163
5350590 163
5435115 165
5348140 163
5453711 166
5440085 166
5432805 165
5352001 163
5419702 165
5429959 165
1834876 55
3667620 111
5349190 163
2812156 85
2040449 62
5348455 163
5510704 168
5442955 166
5352189 163
5503575 167
1834260 55
2481569 75
5349575 163
5595964 170
5349901 163
5626121 171
5351163 163
5352117 163
5405960 164
5349446 163
5426190 165
5350183 163
5444040 166
5428850 165
5351139 163
5488711 167
5350531 163
5424112 165
5349634 163
1833428 55
5348724 163
5351325 163
1833924 55
5454457 166
4024605 122
4040639 123
5351896 163
1901472 58
5349015 163
5426564 165
1834456 55
1834136 55
1834308 55
1833304 55
5461133 166
1834640 55
5349973 163
5423904 165
1835204 56
5349831 163
5350846 163
1833656 55
5425757 165
5349564 163
2731035 83
5350647 163
2728934 83
4206038 128
5347195 163
1834272 55
5440914 166
5400815 164
1833812 55
5491511 167
5349704 163
5432094 165
5351104 163
5352316 163
3321449 101
1833644 55
4586040 139
5361499 163
1835568 56
1834652 55
1833948 55
1834140 55
1833644 55
1986064 60
1833976 55
1833880 55
1834044 55
1834724 55
1887904 57
1833356 55
1834408 55
1833320 55
1834044 55
1922848 58
1833732 55
1834180 55
1834764 55
1834260 55
1833976 55
1834212 55
1834212 55
3379138 103
5356820 163
5427030 165
5350264 163
5457351 166
5349120 163
5440702 166
5347742 163
5426424 165
5349621 163
5520071 168
5440599 166
5447352 166
5433424 165
1833992 55
1833688 55
4587100 139
1834572 55
5570320 169
5437775 165
1834188 55
1834272 55
1906132 58
5511566 168
5351010 163
5507985 168
1901296 58
5521996 168
5430307 165
5419562 165
5350369 163
1834128 55
5424090 165
5349877 163
1834028 55
5352049 163
5444996 166
5519045 168
5436165 165
5401609 164
5352327 163
5411083 165
5350835 163
5454387 166
5350297 163
5421675 165
5350065 163
5435279 165
5444657 166
5440131 166
5429189 165
5415679 165
5349726 163
5418746 165
5349201 163
5421968 165
5349155 163
5352946 163
5417453 165
5349225 163
5350695 163
5522405 168
5348783 163
5492620 167
5351430 163
5443992 166
5350286 163
1834068 55
5450959 166
5349866 163
1834940 55
5553111 169
5730701 174
5425606 165
5349295 163
1881740 57
5349949 163
5426693 165
1833472 55
4166852 127
5350684 163
5476695 167
5440866 166
5432805 165
5412179 165
5351546 163
5372349 163
1834488 55
5421279 165
5348967 163
5467407 166
5351128 163
1833568 55
1835232 56
3775200 115
5352981 163
1834396 55
5348735 163
5350695 163
5447273 166
5349446 163
5352036 163
5533069 168
5350253 163
5440960 166
5495409 167
1834636 55
5348956 163
5432293 165
5416821 165
1838252 56
5426284 165
5443994 166
5433096 165
5460713 166
5350159 163
5349936 163
5515836 168
5350579 163
5361615 163
5447737 166
5441741 166
5422585 165
1833888 55
5510026 168
5349680 163
5350100 163
4423029 134
4214559 128
5351196 163
1834452 55
5433588 165
5452626 166
1834408 55
5522978 168
5349656 163
1834860 55
5443154 166
5435325 165
5352082 163
5464679 166
5351045 163
3111276 94
2979679 90
5350170 163
1833944 55
4100363 125
5348094 163
1834080 55
4111688 125
5409088 165
5349866 163
5441065 166
5350787 163
5349809 163
5444845 166
5350275 163
5447459 166
5351384 163
1833736 55
5279378 161
5348595 163
5349842 163
5452182 166
5348477 163
5349599 163
5517879 168
5496026 167
2109549 64
1834160 55
5348326 163
5349901 163
5413835 165
5490391 167
1834056 55
1834020 55
4308520 131
1834092 55
5351406 163
5484885 167
5404641 164
5350358 163
5349623 163
4088924 124
1834560 55
5517564 168
5424602 165
1834008 55
5579606 170
5351710 163
5349693 163
4741160 144
3970942 121
5349656 163
1835224 56
5350251 163
5410814 165
1834324 55
5520283 168
5351500 163
5413918 165
5350183 163
1834180 55
5435406 165
5349282 163
5349667 163
5464607 166
5349645 163
5491605 167
5419085 165
5349074 163
5662370 172
5350636 163
1834200 55
5283552 161
5519021 168
5349085 163
5407710 165
5350205 163
5405249 164
5350671 163
5428651 165
5350940 163
5405400 164
5349201 163
5422749 165
5350474 163
5608142 171
5349925 163
5413601 165
5349575 163
5402600 164
5349890 163
5403381 164
5349284 163
5407093 165
5347359 163
5408948 165
5351756 163
5498896 167
5432676 165
5427975 165
5409624 165
5432256 165
5349553 163
5407255 165
5349831 163
5416215 165
5349177 163
5353274 163
5475107 167
5350531 163
5443399 166
5536626 168
5350019 163
5350811 163
5406026 164
1907876 58
5349319 163
5350019 163
5441671 166
1835092 56
2571863 78
1833876 55
4584850 139
5349973 163
5408631 165
5441719 166
5512465 168
5433798 165
5349761 163
5434227 165
5351080 163
5452698 166
5350345 163
1834164 55
1834624 55
4387324 133
5446070 166
5446665 166
5405877 164
5349750 163
5424206 165
5350159 163
5349376 163
1834360 55
1834360 55
5422725 165
5349505 163
5417195 165
5351080 163
1833724 55
4670080 142
5414968 165
1834096 55
5351629 163
5353624 163
5420054 165
5349330 163
5425011 165
5347416 163
5350975 163
5495956 167
5349131 163
5349901 163
5517658 168
5352935 163
5348455 163
1833336 55
4584130 139
5488862 167
5350297 163
5402355 164
5349809 163
5348875 163
5429983 165
5349015 163
5413181 165
5441496 166
