2929 45
3080 48
2918 45
3395 53
3102 48
3279 51
3150 49
3279 51
3174 49
2999 46
3067 47
3056 47
2997 46
3172 49
3058 47
3174 49
3115 48
3290 51
3441 53
3056 47
3185 49
3023 47
3430 53
3185 49
3664 57
3220 50
3196 49
3150 49
2962 46
2986 46
3756 58
2975 46
3115 48
3126 48
3021 47
3137 49
3069 47
2986 46
3266 51
3301 51
2905 45
3244 50
3104 48
3067 47
3476 54
3032 47
3139 49
3069 47
3069 47
3314 51
2905 45
3279 51
3067 47
3172 49
2975 46
3172 49
3301 51
3034 47
3207 50
2988 46
3255 50
3150 49
3115 48
3034 47
3045 47
2881 45
3406 53
3220 50
3091 48
3489 54
3220 50
3325 51
3196 49
3067 47
3115 48
3174 49
3045 47
2997 46
3128 48
3290 51
3255 50
3115 48
3220 50
3161 49
3150 49
3080 48
3091 48
3115 48
3314 51
2988 46
2859 44
2894 45
4038 63
3137 49
2999 46
3045 47
2964 46
3045 47
3139 49
2883 45
3231 50
3209 50
2953 46
3430 53
3163 49
3535 55
3161 49
3056 47
3279 51
4456 69
2964 46
3058 47
3161 49
3115 48
3360 52
3395 53
3220 50
3255 50
3137 49
2964 46
3069 47
2857 44
3347 52
3069 47
2929 45
2859 44
3139 49
3220 50
3032 47
3010 47
2870 44
2905 45
2986 46
1108 17
1108 17
2964 46
3325 51
3056 47
3255 50
2999 46
3045 47
3161 49
3174 49
3115 48
3126 48
3150 49
3196 49
2905 45
3242 50
3093 48
2929 45
3045 47
3266 51
3174 49
3150 49
3161 49
3338 52
2986 46
2988 46
3104 48
2894 45
2975 46
2988 46
2859 44
3080 48
3174 49
2835 44
3161 49
2846 44
3023 47
2940 45
2927 45
3163 49
3045 47
2929 45
2951 46
964 15
1084 16
3277 51
2905 45
3231 50
3023 47
3128 48
3185 49
3500 54
2962 46
3196 49
3161 49
3174 49
2999 46
3349 52
2846 44
3023 47
3034 47
3220 50
2988 46
3384 52
3371 52
3325 51
3406 53
3069 47
2975 46
2986 46
3115 48
3454 53
3290 51
2986 46
2940 45
3487 54
3618 56
3325 51
3325 51
3080 48
3242 50
2988 46
3045 47
3115 48
3080 48
2835 44
2975 46
3067 47
2918 45
3301 51
2988 46
3185 49
2999 46
2800 43
2986 46
3605 56
2859 44
2846 44
3058 47
3126 48
3045 47
3032 47
3325 51
3126 48
3032 47
3163 49
2859 44
2881 45
2881 45
3220 50
2975 46
3161 49
3069 47
3196 49
3244 50
3034 47
2999 46
3255 50
3347 52
3408 53
2881 45
2975 46
3594 56
2988 46
2870 44
3244 50
3242 50
3198 49
3069 47
2964 46
2940 45
2894 45
2918 45
3373 52
3069 47
2905 45
3126 48
3196 49
3021 47
3091 48
3069 47
3104 48
3093 48
3115 48
3196 49
3091 48
3021 47
2916 45
3115 48
3032 47
3220 50
3231 50
3010 47
3441 53
3301 51
2975 46
3688 57
2964 46
3126 48
3476 54
3045 47
3032 47
3034 47
2892 45
2857 44
3511 54
2894 45
3406 53
2800 43
3115 48
2892 45
2940 45
3080 48
3373 52
3069 47
3244 50
3010 47
3126 48
2811 43
3174 49
2857 44
3010 47
3034 47
2916 45
3045 47
3128 48
2811 43
3091 48
2916 45
3032 47
2811 43
2881 45
3045 47
2905 45
3021 47
3139 49
2999 46
3489 54
3360 52
3419 53
2988 46
3080 48
3056 47
3010 47
2975 46
3021 47
3920 61
3080 48
3058 47
3139 49
3279 51
2859 44
3104 48
3231 50
3196 49
2929 45
3220 50
3045 47
3290 51
3325 51
3325 51
3115 48
2975 46
3137 49
3126 48
3045 47
2894 45
3244 50
3231 50
3128 48
3185 49
3115 48
3371 52
3126 48
2988 46
2988 46
3045 47
3161 49
3815 59
3266 51
3115 48
3115 48
3196 49
3279 51
2870 44
2999 46
2986 46
3021 47
3056 47
3091 48
3058 47
2975 46
3196 49
2986 46
3093 48
3032 47
3056 47
3242 50
3303 51
3290 51
2870 44
3233 50
2964 46
2999 46
3102 48
3874 60
2894 45
3769 58
3382 52
3128 48
3056 47
3163 49
3303 51
2905 45
2789 43
2859 44
2929 45
2964 46
3128 48
2964 46
2927 45
3104 48
3244 50
2857 44
3220 50
2905 45
2811 43
2883 45
2951 46
2927 45
3034 47
2927 45
2927 45
3382 52
3373 52
3174 49
2964 46
3139 49
2988 46
2940 45
3058 47
3067 47
3174 49
3150 49
3196 49
3093 48
3721 58
3303 51
3056 47
3150 49
3163 49
2859 44
2940 45
3091 48
2894 45
3231 50
3185 49
3115 48
2916 45
3091 48
3662 57
3139 49
3139 49
3045 47
3465 54
2986 46
2940 45
3102 48
3487 54
3010 47
3150 49
2835 44
2999 46
3161 49
2881 45
3382 52
3161 49
2870 44
2940 45
3102 48
3161 49
3045 47
2986 46
3174 49
3174 49
3325 51
3255 50
3056 47
3139 49
3196 49
3139 49
3128 48
3150 49
3021 47
3826 59
2894 45
3150 49
3115 48
3150 49
3045 47
2999 46
2953 46
2883 45
2894 45
2881 45
3139 49
3128 48
3104 48
3220 50
1052 16
3069 47
3056 47
3255 50
3104 48
3069 47
2883 45
3476 54
3161 49
3115 48
2927 45
2813 43
2927 45
2846 44
3080 48
3010 47
3395 53
3069 47
3430 53
3161 49
3161 49
3069 47
3338 52
3172 49
2846 44
3010 47
3174 49
3336 52
3594 56
3686 57
3417 53
2999 46
3034 47
3161 49
3091 48
2975 46
3128 48
3185 49
3034 47
3102 48
3102 48
3034 47
3010 47
3115 48
3023 47
3174 49
3010 47
2964 46
2846 44
3139 49
3150 49
2905 45
3069 47
3034 47
2892 45
2857 44
3244 50
3023 47
3220 50
3126 48
3115 48
3209 50
3360 52
3126 48
2929 45
3045 47
3745 58
3056 47
3408 53
2999 46
3301 51
3627 56
3091 48
3080 48
3056 47
3080 48
3093 48
2883 45
3209 50
3185 49
3034 47
2846 44
3338 52
3115 48
3115 48
3185 49
3161 49
3128 48
3220 50
3128 48
2986 46
3115 48
3255 50
2986 46
3045 47
3091 48
3067 47
3172 49
2988 46
3115 48
3150 49
3067 47
3034 47
3091 48
3080 48
2997 46
3045 47
3220 50
3174 49
3102 48
3244 50
3325 51
3336 52
2905 45
3139 49
2883 45
2857 44
2881 45
3126 48
3126 48
3069 47
3349 52
3174 49
3067 47
3314 51
3209 50
3220 50
3139 49
3021 47
3069 47
3244 50
2986 46
3209 50
3056 47
3581 55
3640 56
3045 47
2905 45
2964 46
3150 49
3163 49
3185 49
3069 47
3021 47
3067 47
2870 44
3034 47
3045 47
3279 51
3069 47
3406 53
3150 49
3080 48
3126 48
4084 63
3069 47
3207 50
2835 44
3023 47
3196 49
3058 47
3161 49
3023 47
3454 53
3255 50
3220 50
3091 48
3034 47
2881 45
3500 54
3161 49
3010 47
3500 54
3056 47
3406 53
3301 51
3325 51
3102 48
2940 45
3069 47
3336 52
3417 53
3115 48
3382 52
3045 47
2975 46
3032 47
3115 48
2953 46
3290 51
3128 48
3185 49
3032 47
3056 47
3139 49
2999 46
3430 53
3034 47
3139 49
3010 47
3150 49
3209 50
3115 48
3220 50
3032 47
2835 44
2892 45
3290 51
2975 46
2811 43
3137 49
2929 45
2927 45
3290 51
2964 46
3069 47
3301 51
3161 49
3233 50
3126 48
3699 57
2962 46
3406 53
3150 49
2905 45
3233 50
3196 49
2986 46
3174 49
3430 53
3058 47
3139 49
3056 47
3139 49
3312 51
3220 50
3032 47
3115 48
3045 47
2999 46
3279 51
3487 54
3373 52
2986 46
3045 47
3185 49
2997 46
3196 49
3128 48
3021 47
3161 49
3161 49
3231 50
3185 49
3268 51
4141 64
3115 48
3325 51
3290 51
3220 50
3185 49
3069 47
3150 49
3419 53
3034 47
3067 47
3244 50
3233 50
2986 46
3126 48
3091 48
2986 46
2940 45
3279 51
3220 50
3150 49
3034 47
2835 44
2916 45
3791 59
3104 48
2940 45
2927 45
3791 59
2916 45
2859 44
3465 54
3196 49
3686 57
2988 46
3091 48
3185 49
3128 48
3128 48
3139 49
3056 47
2883 45
3209 50
3126 48
3010 47
3231 50
2859 44
3207 50
2894 45
3137 49
3150 49
3242 50
3266 51
3266 51
3080 48
3093 48
3010 47
3069 47
3058 47
3032 47
2848 44
2859 44
2927 45
3465 54
2859 44
3126 48
2800 43
3920 61
2999 46
2940 45
2940 45
3360 52
2964 46
3139 49
2822 44
3150 49
2997 46
3104 48
2892 45
3091 48
3139 49
2916 45
2953 46
2892 45
3010 47
3093 48
3056 47
3069 47
2892 45
2951 46
2870 44
2951 46
3349 52
3069 47
2986 46
2881 45
2940 45
3115 48
3115 48
3058 47
2846 44
2951 46
3161 49
3093 48
2859 44
3058 47
2905 45
2881 45
3150 49
3091 48
2892 45
3185 49
3069 47
2988 46
3150 49
3080 48
3161 49
3139 49
3430 53
2905 45
3163 49
2975 46
3115 48
2905 45
3056 47
3080 48
2905 45
3209 50
3034 47
3419 53
3056 47
2951 46
2927 45
3419 53
2951 46
3045 47
3150 49
3172 49
3069 47
3338 52
3874 60
3196 49
3069 47
3045 47
3058 47
3102 48
3021 47
3115 48
3336 52
3161 49
3021 47
2881 45
3126 48
3255 50
3209 50
2870 44
2975 46
2986 46
3430 53
3056 47
3080 48
3069 47
2846 44
3091 48
3056 47
3161 49
3242 50
3102 48
3314 51
3115 48
2986 46
2870 44
3277 51
3058 47
3290 51
3430 53
3021 47
3231 50
3220 50
3126 48
3174 49
3233 50
3034 47
2870 44
2916 45
2929 45
3465 54
2975 46
3150 49
3557 55
2975 46
3104 48
2964 46
3069 47
3163 49
3150 49
3150 49
3056 47
2857 44
3010 47
3419 53
3325 51
2997 46
3161 49
3045 47
3290 51
3128 48
2975 46
3104 48
3174 49
2986 46
3021 47
3338 52
3290 51
3266 51
3174 49
3395 53
3102 48
3021 47
3220 50
2975 46
3454 53
2881 45
3128 48
3045 47
3443 53
3102 48
3102 48
3069 47
3058 47
2975 46
2975 46
3360 52
2964 46
3242 50
3139 49
3594 56
3150 49
2846 44
2918 45
3126 48
3255 50
3185 49
