302247 84
268997 75
287164 80
278029 77
283546 79
307523 85
301525 84
408765 114
300066 83
497059 138
394684 110
302166 84
318395 88
398825 111
262032 73
303813 84
255966 71
281131 78
263935 73
306799 85
255242 71
257880 71
317008 88
275356 76
281085 78
295903 82
287046 80
289883 80
303472 84
281411 78
346627 96
322606 90
273630 76
295982 82
413619 115
315070 87
319526 89
379936 106
291143 81
289695 80
310159 86
285670 79
281109 78
300731 83
258731 72
280816 78
318616 88
288002 80
278751 77
348425 97
256957 71
281271 78
286101 79
277434 77
258777 72
302028 84
238304 66
277316 77
269616 75
260949 72
277679 77
283303 79
285764 79
285099 79
281190 78
277725 77
266840 74
384569 107
261240 72
276489 77
279265 77
299016 83
341390 95
312246 87
261603 72
286090 79
263817 73
275253 76
300335 83
281925 78
286639 79
343582 95
287967 80
267960 74
277211 77
285180 79
281971 78
286311 79
275474 76
276395 77
333574 93
307090 85
394205 109
387695 108
290373 81
290465 81
345323 96
267763 74
262093 73
282358 78
262279 73
282579 78
295632 82
284388 79
307440 85
259549 72
308374 86
277351 77
291574 81
289848 80
299869 83
282426 78
277900 77
262058 73
279521 77
260166 72
262721 73
285449 79
289194 80
294057 82
324227 90
397097 110
320659 89
290395 81
289369 80
285425 79
293311 81
291773 81
287105 80
277176 77
304664 85
276592 77
290384 81
297314 82
258252 72
429461 119
277935 77
312106 87
324870 90
285355 79
282286 78
291620 81
284504 79
315899 88
289251 80
282461 78
281284 78
272287 75
274015 76
295973 82
399967 111
286125 79
287525 80
281529 78
273794 76
268380 74
291876 81
272217 75
258055 72
269255 75
276045 77
253061 70
236683 66
278237 77
278263 77
265171 73
283780 79
266385 74
301000 83
348858 97
293801 81
364525 101
279744 78
315046 87
284596 79
282940 78
282531 78
259070 72
300416 83
293825 81
308477 86
283511 79
266186 74
274026 76
284644 79
287582 80
302610 84
384090 107
314488 87
280595 78
276791 77
258814 72
259151 72
282638 78
357490 99
292891 81
288645 80
287258 80
308501 86
264449 73
279661 78
473690 132
258941 72
303590 84
281715 78
308840 86
312760 87
311069 86
282787 78
282612 78
340130 94
281400 78
289577 80
287921 80
260273 72
316378 88
313191 87
404320 112
261568 72
254297 70
301525 84
234802 65
280350 78
277014 77
290990 81
263830 73
511105 142
283581 79
299810 83
278449 77
299145 83
281739 78
632391 176
279532 77
305830 85
289835 80
264134 73
284340 79
299040 83
291668 81
290651 81
351330 98
323763 90
290360 81
266678 74
266455 74
281260 78
297325 82
281597 78
278600 77
280186 78
500616 139
283126 78
301070 84
306333 85
328884 91
285471 79
284631 79
283616 79
273547 76
299425 83
286055 79
269419 75
263900 73
280700 78
285996 79
281190 78
313447 87
267798 74
277736 77
274505 76
296157 82
259932 72
286499 79
298143 83
302518 84
288002 80
283371 79
263607 73
264683 73
295995 82
263036 73
319270 89
300803 83
310787 86
280829 78
281575 78
274063 76
295844 82
285705 79
280549 78
274658 76
277119 77
287245 80
258709 72
265208 73
283454 79
285040 79
342615 95
284025 79
301234 84
284655 79
305224 85
299858 83
316680 88
328825 91
299727 83
291248 81
283815 79
460705 128
281704 78
351621 98
342790 95
302785 84
283909 79
415345 115
314392 87
278436 77
284235 79
305957 85
102488 28
258418 72
255780 71
279405 77
292681 81
283373 79
289229 80
532816 148
302201 84
252619 70
260120 72
264018 73
254835 71
262990 73
256130 71
287293 80
283769 79
299845 83
281225 78
284084 79
433696 121
274319 76
417666 116
257027 71
303789 84
257051 71
251324 70
284642 79
285390 79
308818 86
284294 79
294792 82
309214 86
276185 77
276196 77
258440 72
258943 72
305189 85
309308 86
326178 91
270981 75
321604 89
301571 84
334622 93
347679 97
284189 79
300066 83
291620 81
253831 70
279241 77
258919 72
264261 73
375141 104
275857 76
322280 89
284130 79
279698 78
266433 74
290104 80
670202 186
282485 78
252525 70
286558 79
258429 72
301374 84
364070 101
351833 98
300556 83
234745 65
253120 70
277572 77
283815 79
281352 78
267319 74
288400 80
291259 81
289170 80
271355 75
295330 82
274984 76
314943 87
258090 72
312329 87
301081 84
348856 97
278845 77
286381 79
383576 107
290010 80
281411 78
262021 73
283570 79
308199 85
398510 111
267564 74
316610 88
303962 84
301921 84
299648 83
337120 94
275286 76
263946 73
280293 78
304968 85
296019 82
360325 100
285506 79
294654 82
280770 78
398499 111
312329 87
292447 81
288096 80
292659 81
314475 87
298550 83
320158 89
304850 85
306670 85
312935 87
294722 82
444756 124
313099 87
318640 88
301175 84
294328 82
291959 81
314777 87
312106 87
471334 131
300650 83
381198 106
387275 108
286429 79
310824 86
323656 90
341086 95
319609 89
310765 86
290745 81
303566 84
281249 78
287805 80
279486 77
306167 85
301396 84
294897 82
265208 73
310345 86
304080 84
316575 88
316750 88
422461 117
425471 118
302131 84
291222 81
287875 80
287059 80
479010 133
308409 86
309131 86
255675 71
280956 78
302995 84
290710 81
265103 73
280398 78
262430 73
282205 78
284515 79
294490 82
305014 85
289743 80
258742 72
306985 85
304196 84
275240 76
274131 76
263108 73
329794 92
262080 73
306963 85
309995 86
316085 88
354469 98
355250 99
435936 121
296848 82
280711 78
281133 78
318441 88
290115 80
298819 83
308256 86
302249 84
264775 73
299600 83
262198 73
298900 83
298609 83
313543 87
313460 87
279615 78
302238 84
299412 83
282730 78
295925 82
287420 80
289614 80
298935 83
307370 85
328055 91
365658 102
311419 86
347749 97
309925 86
278226 77
313915 87
286230 79
320075 89
530016 147
311419 86
277935 77
316028 88
365341 101
302155 84
287654 80
282216 78
308000 85
378945 105
298806 83
317299 88
437244 121
323796 90
336000 93
291141 81
387673 108
305795 85
326469 91
334670 93
308851 86
293055 81
329070 91
338999 94
351634 98
309319 86
291841 81
292834 81
418729 116
309400 86
303682 84
281855 78
360581 100
311255 86
305854 85
436218 121
275951 76
256900 71
304627 84
248874 69
253365 70
257681 71
262349 73
253575 70
385910 107
236040 65
257051 71
278799 77
282752 78
260457 72
300639 83
236086 65
256502 71
275754 76
285064 79
273840 76
264390 73
276955 77
262570 73
255220 71
281015 78
525665 146
295435 82
283115 78
287641 80
279873 78
305305 85
279370 77
531114 148
255966 71
286276 79
276966 77
315578 88
280862 78
280000 78
275111 76
260098 72
260061 72
258020 71
259549 72
277550 77
276570 77
509974 142
299110 83
279510 77
319152 89
314114 87
300182 83
281085 78
295319 82
269301 75
283266 79
262966 73
303345 84
341880 95
288457 80
280385 78
260901 72
308479 86
286709 79
306635 85
337424 94
303450 84
456518 127
278740 77
286055 79
332758 92
306753 85
284270 79
286626 79
547960 152
286195 79
313261 87
286919 80
283104 78
311325 86
327928 91
341180 95
304769 85
283045 78
303682 84
303159 84
266129 74
293335 81
272488 76
262045 73
259444 72
304349 84
256106 71
282625 78
279707 78
285320 79
280245 78
269207 75
256434 71
281120 78
276360 77
284504 79
421796 117
287059 80
279685 78
298690 83
304150 84
307252 85
313764 87
323564 90
296929 82
286112 79
319703 89
303345 84
366555 102
317218 88
311815 87
304174 84
358982 100
314149 87
288831 80
306390 85
282883 78
295435 82
98100 27
115839 32
279475 77
286289 79
305047 85
309632 86
309214 86
306904 85
362893 101
289253 80
292716 81
295914 82
300276 83
292309 81
298119 83
300650 83
298854 83
293930 82
286943 80
287888 80
290220 80
304301 84
287875 80
296124 82
279392 77
281039 78
264412 73
385291 107
276371 77
289262 80
283325 79
305224 85
324170 90
286696 79
301245 84
285775 79
302901 84
278239 77
419195 116
268240 74
291620 81
280081 78
293359 81
304185 84
304314 84
274785 76
289975 80
274109 76
287571 80
314731 87
306530 85
293475 81
300674 83
305049 85
308689 86
308035 85
298316 83
282894 78
282124 78
262150 73
290863 81
266711 74
289030 80
287886 80
301302 84
297535 83
362320 101
306972 85
330960 92
312760 87
306845 85
317227 88
286300 79
305760 85
285578 79
305456 85
308748 86
296719 82
307031 85
256143 71
282778 78
281470 78
257716 71
261509 72
244731 68
281306 78
276618 77
283535 79
275181 76
280013 78
258440 72
299390 83
282367 78
269244 75
286510 79
406652 113
269594 75
290872 81
281039 78
305423 85
298025 83
284784 79
503206 140
293663 81
305841 85
267529 74
285683 79
257589 71
278893 77
289695 80
313005 87
306379 85
307908 85
303170 84
298679 83
301595 84
374559 104
343339 95
307311 85
286626 79
285355 79
283522 79
281739 78
299635 83
263108 73
409290 114
270329 75
303485 84
290583 81
374056 104
285180 79
302575 84
301770 84
288155 80
279685 78
277318 77
299775 83
299950 83
311198 86
366415 102
348473 97
297185 82
283756 79
260470 72
283091 78
285401 79
259689 72
275439 76
299624 83
279278 77
396992 110
259608 72
273923 76
259724 72
299390 83
268404 74
284456 79
280409 78
279639 78
290161 80
278996 77
277375 77
297756 83
387463 108
304662 85
294280 82
302726 84
310369 86
312178 87
277620 77
303461 84
254006 70
272077 75
262325 73
257040 71
278611 77
259022 72
286825 80
297233 82
297371 82
279779 78
349219 97
312469 87
310883 86
368469 102
294372 82
292414 81
311185 86
257086 71
237650 66
252407 70
254019 70
260540 72
253750 70
308687 86
289474 80
303380 84
269360 75
309693 86
303170 84
282612 78
312539 87
287151 80
391884 109
261006 72
315678 88
273444 76
281680 78
257228 71
260096 72
277889 77
256537 71
294304 82
286055 79
277771 77
287420 80
261170 72
281645 78
281330 78
309424 86
302457 84
300510 83
394765 110
305596 85
278309 77
286009 79
300241 83
284677 79
291865 81
303894 84
293289 81
295610 82
321777 89
300066 83
298701 83
285519 79
312130 87
313740 87
309295 86
285915 79
285893 79
303286 84
311605 86
479675 133
283664 79
259781 72
293720 81
393820 109
301781 84
286475 79
280442 78
278088 77
283382 79
286324 79
649285 181
287713 80
281505 78
258661 72
285204 79
259934 72
390646 108
281855 78
262885 73
263329 73
239470 66
262640 73
260645 72
298677 83
303822 84
279313 77
254474 71
261286 72
282124 78
264180 73
261986 73
304837 85
280678 78
275428 76
282251 78
254940 71
262174 73
258672 72
271915 75
262557 73
282509 78
256281 71
295238 82
276745 77
368211 102
288179 80
265615 74
254706 71
338719 94
270421 75
281050 78
88820 24
282078 78
283382 79
237906 66
262769 73
