60063740 261
51333252 223
51277556 223
50613500 220
50839764 221
50891768 221
51089472 222
51436804 224
50989824 222
50838204 221
58139656 253
52043444 226
50466688 220
50664020 220
50819300 221
51191212 223
50673808 220
50760640 221
50891412 221
50750560 221
50599620 220
50832860 221
52491480 228
50877800 221
51091568 222
51393076 224
51059884 222
51294848 223
50802864 221
50755632 221
50981652 222
50657776 220
58014488 252
50740604 221
50976164 222
51013388 222
51567200 224
51519012 224
51133224 222
51013324 222
51142396 222
51354428 223
51194468 223
51095176 222
51002952 222
50848236 221
50864320 221
52469268 228
50435340 219
50686176 220
50543524 220
50787304 221
51037740 222
51137296 222
50550008 220
51579760 224
50879984 221
50865084 221
51000700 222
50383992 219
50994036 222
50890868 221
51215612 223
51301848 223
51550108 224
51246844 223
53922636 235
51431572 224
50937376 222
51040212 222
51105356 222
51054424 222
51056704 222
51030280 222
54359972 236
51454780 224
50792584 221
54223488 236
50912592 221
51242164 223
51487228 224
51228936 223
51624796 225
53672024 233
51034168 222
50857792 221
50746828 221
52786848 230
52148696 227
50838776 221
53201432 231
50726480 221
50498324 220
50879572 221
50630532 220
51323080 223
51634016 225
51114936 222
51287924 223
50987168 222
51103148 222
51027212 222
51174400 223
51447604 224
50970148 222
50603652 220
51346588 223
51055240 222
50475796 220
53453032 233
50875152 221
51326444 223
50773828 221
51772596 225
50917092 221
51123696 222
51120552 222
51570112 224
51475416 224
51599496 224
52757856 230
51182952 223
51204456 223
50923172 222
51317936 223
51070668 222
50929480 222
50622940 220
51088276 222
50814604 221
50516176 220
54874772 239
50952632 222
51298828 223
51284328 223
51284488 223
50633660 220
51578156 224
51108964 222
50579080 220
50984328 222
51210636 223
53045148 231
51073492 222
51300240 223
50977432 222
51194556 223
51193720 223
51132544 222
51096252 222
51373812 223
51420068 224
50897464 221
58490392 254
51489044 224
51593972 224
52680724 229
51246296 223
50911736 221
50770324 221
51387552 224
51160584 223
51512292 224
50703872 221
52938584 230
50899516 221
51184596 223
51254076 223
50815572 221
51054788 222
51070896 222
51053112 222
50940668 222
50991004 222
51536384 224
51267208 223
51146628 222
50816292 221
51396760 224
50787684 221
51377904 223
51001784 222
51331412 223
51585852 224
51120036 222
50832220 221
51444424 224
51399132 224
51017652 222
51647860 225
51548256 224
52240140 227
51708588 225
50538112 220
50704584 221
50413908 219
52157652 227
50998436 222
50824480 221
50564608 220
52018028 226
50819388 221
51328944 223
51299828 223
50899512 221
51175412 223
51299572 223
51211584 223
50730596 221
51314388 223
51024240 222
51460256 224
51573568 224
51210248 223
50932956 222
51309192 223
50787428 221
51250240 223
51152832 223
51200280 223
51337612 223
50993572 222
51501456 224
51040580 222
50996984 222
51241468 223
51417380 224
51192816 223
50850128 221
57833764 252
51048240 222
51345680 223
50512280 220
51558900 224
51541180 224
51609440 224
50774020 221
51005664 222
51060048 222
50776784 221
51024212 222
50546972 220
51258344 223
50749276 221
51720964 225
50885588 221
51096268 222
51239776 223
51258388 223
51093400 222
50979700 222
51374776 223
50866192 221
51341792 223
50803740 221
51585924 224
51603280 224
51090784 222
50902032 221
51298828 223
50864724 221
50960464 222
51430984 224
51799932 225
51217712 223
50949008 222
51095824 222
50929204 222
50902152 221
50770000 221
51141560 222
51132304 222
50950552 222
51628688 225
51120148 222
50891476 221
50965944 222
50959624 222
50991132 222
50754972 221
51037148 222
50712272 221
51503884 224
51045608 222
50932652 222
50981540 222
50264740 219
51137644 222
50424284 219
50999308 222
50117196 218
50879564 221
51276728 223
50383972 219
50830144 221
50260596 219
50702992 221
50999304 222
51036856 222
51348384 223
51146056 222
52091620 227
50691636 220
50954160 222
50573576 220
51117488 222
50551616 220
51220468 223
50608980 220
50729892 221
52696436 229
54461428 237
56069484 244
50620188 220
50856804 221
50702316 221
50822384 221
50765164 221
50611936 220
50934596 222
50983868 222
51060356 222
50599948 220
51224108 223
50564452 220
50578312 220
50676944 220
50293888 219
50906868 221
50741036 221
50835192 221
50513076 220
51021436 222
50762348 221
51687928 225
51173916 223
51342976 223
54771876 238
50868756 221
50632648 220
50596236 220
50841904 221
50567048 220
51230580 223
50611472 220
50888328 221
51004192 222
50566516 220
50581452 220
50597692 220
51022536 222
50642012 220
51247316 223
51036208 222
51040676 222
50859872 221
51144436 222
52234088 227
51177916 223
51027836 222
51377128 223
50636700 220
50924872 222
50770740 221
50783516 221
51504184 224
50356700 219
51067476 222
50701280 221
50885892 221
50794964 221
51164008 223
51007492 222
51416956 224
51295336 223
50595044 220
50853872 221
50568448 220
51042356 222
50632324 220
51203736 223
50677332 220
51070692 222
50761068 221
51314036 223
50682236 220
51150244 222
51167092 223
50764424 221
51403480 224
50978436 222
51119196 222
50747316 221
50466200 220
51853312 226
50749404 221
50497532 220
51485024 224
50517180 220
50998352 222
51434380 224
51107144 222
51208308 223
50853084 221
50961668 222
50603772 220
51087904 222
50889132 221
50355520 219
51509944 224
50662740 220
51049016 222
51108884 222
50704396 221
50530128 220
51264936 223
51258968 223
50631488 220
52036472 226
50174124 218
50801344 221
50465640 220
50930476 222
50762372 221
50997780 222
50890204 221
51339356 223
51002116 222
51063024 222
50951012 222
50959940 222
51631664 225
51162180 223
50767456 221
51224600 223
50953716 222
50912652 221
50937848 222
51438700 224
51405260 224
51002396 222
50950212 222
51484752 224
51320476 223
51190332 223
51332988 223
51429236 224
51054392 222
51002296 222
52098976 227
51246328 223
50700148 221
51254812 223
51168256 223
52910196 230
50695152 221
51262904 223
50987880 222
50981108 222
50882652 221
51059976 222
51310976 223
50787896 221
50914388 221
51118712 222
50784492 221
51017540 222
50906624 221
50820996 221
50945284 222
51293624 223
50907700 221
51485984 224
51367464 223
50742616 221
50933260 222
50997728 222
51114452 222
50767400 221
51068060 222
50916088 221
50704952 221
51359556 223
50479516 220
52359032 228
50756716 221
50719220 221
51169160 223
50458196 219
51248040 223
50693628 221
51006524 222
51366660 223
50519288 220
50774372 221
50555452 220
51199356 223
50935396 222
50973472 222
50771032 221
50648484 220
50734180 221
50894384 221
51127052 222
50909528 221
51341320 223
50980732 222
50865184 221
50915232 221
50723308 221
51241024 223
50608768 220
51320920 223
50538744 220
51118820 222
50778252 221
50781640 221
51588348 224
50903400 221
58721016 256
50789192 221
51056284 222
51088384 222
51293736 223
51408336 224
50865964 221
51261892 223
51179756 223
50923820 222
50623912 220
50947180 222
50768268 221
50693524 221
50960104 222
51073240 222
51409780 224
50949696 222
51048148 222
51672468 225
50654108 220
50700372 221
50823164 221
50879292 221
50572328 220
50798908 221
52468148 228
50996284 222
50712340 221
50648104 220
50600312 220
50772268 221
51278908 223
50592356 220
52228984 227
50800376 221
51817236 225
50719480 221
50367952 219
51115680 222
50710388 221
51109588 222
50963976 222
50882744 221
51000860 222
50740812 221
51227352 223
50849728 221
51294468 223
50619560 220
50923868 222
51291052 223
51437196 224
51162196 223
51061768 222
51018516 222
51085884 222
50774188 221
50334824 219
50643748 220
51340240 223
50826272 221
50965384 222
50643576 220
50635540 220
50859084 221
51148640 222
51111952 222
50965272 222
51363476 223
51845272 226
52565064 229
50497912 220
50767528 221
59969284 261
50970100 222
50096056 218
50180896 218
50002388 217
50892464 221
50098908 218
50242788 219
50603428 220
50311864 219
50442056 219
50488612 220
50843316 221
50266332 219
50007296 218
50680528 220
49937556 217
50491212 220
49619264 216
50119772 218
50064240 218
50173324 218
50564828 220
50531252 220
50110156 218
50518456 220
50828860 221
49979140 217
50514508 220
50552188 220
49974508 217
50311484 219
50530828 220
50672832 220
49950112 217
50270844 219
50818920 221
50219840 218
51251760 223
50025904 218
50284060 219
50379992 219
50862420 221
51458380 224
50393680 219
49926644 217
49902956 217
50335068 219
49968136 217
50506928 220
50053184 218
50732900 221
50239040 219
51035272 222
50601472 220
50158524 218
49967980 217
50009460 218
50721256 221
50317988 219
50611696 220
50001116 217
50783536 221
50537532 220
50447812 219
50701800 221
50013372 218
50118180 218
49822228 217
50307288 219
50206976 218
50048960 218
50588428 220
50027712 218
50377596 219
50250468 219
50583492 220
50243672 219
50330680 219
50434276 219
49865328 217
50170508 218
49913248 217
50340532 219
50340648 219
50727560 221
50436020 219
50760508 221
50141732 218
50682632 220
50294932 219
50597424 220
50792672 221
50225060 218
50639104 220
50242004 219
50710980 221
50149492 218
50820276 221
50382868 219
50290312 219
51066396 222
50776288 221
50454472 219
50767628 221
50659512 220
50125964 218
50666700 220
49834768 217
50196736 218
49975220 217
50090748 218
49943508 217
49844072 217
50005540 218
50085136 218
50966188 222
50239860 219
50384436 219
50067624 218
50864688 221
50490136 220
50909728 221
50782120 221
50793200 221
50692860 221
50745692 221
50232880 218
50414140 219
50336908 219
50157312 218
50305752 219
50168368 218
50796048 221
50296452 219
50790988 221
50440536 219
50072540 218
53174444 231
50256384 219
50933604 222
50571060 220
50739460 221
50654544 220
50832920 221
50707284 221
51223200 223
50649556 220
50381632 219
50103560 218
49973328 217
49847888 217
49816800 217
50885680 221
50379504 219
50513820 220
50417732 219
50459508 219
50136644 218
50361092 219
50850820 221
50088272 218
50620664 220
50195420 218
50966460 222
50283264 219
50881316 221
50257296 219
50695376 221
50282356 219
50471936 220
50304136 219
51054804 222
50678852 220
51055692 222
50484600 220
50649868 220
50708564 221
54500128 237
50734364 221
50473280 220
50584320 220
50399348 219
50836532 221
50802576 221
50818336 221
50067140 218
50330392 219
50173220 218
50400852 219
50183544 218
50887184 221
50588476 220
51088992 222
50778600 221
51038392 222
50675660 220
51141396 222
51001080 222
50635624 220
50285684 219
51387360 224
50364660 219
50566032 220
50637836 220
50026440 218
50438004 219
50315784 219
50603504 220
50374764 219
50833100 221
50573800 220
50868868 221
49907968 217
50734468 221
50985600 222
51067648 222
50364788 219
50681420 220
50290084 219
50206204 218
52846252 230
50804820 221
51190852 223
50790580 221
50695748 221
50306228 219
50747564 221
50665464 220
51262388 223
50882824 221
50824900 221
50897292 221
50724468 221
50893480 221
50717924 221
51371432 223
50207140 218
50993868 222
50326876 219
51311952 223
50671796 220
50922932 222
51076224 222
50662548 220
50102000 218
50322012 219
50729968 221
50549532 220
50596128 220
50445128 219
50657236 220
50691760 220
51543524 224
50934304 222
51015324 222
50480980 220
50993908 222
50895764 221
50900116 221
51123268 222
50518580 220
50927092 222
50598472 220
50659324 220
50240900 219
51571620 224
50589040 220
50877544 221
50230076 218
51197688 223
50662204 220
51111056 222
51628868 225
51011076 222
50217260 218
50871148 221
50581412 220
50418756 219
50632624 220
50739740 221
51365656 223
50713504 221
50227464 218
50570532 220
51031336 222
50586912 220
51142160 222
50865056 221
51037332 222
50971608 222
52148896 227
50420236 219
50581508 220
50869576 221
50337416 219
50862676 221
50588328 220
50888152 221
50570592 220
50801504 221
50401452 219
50110424 218
50826276 221
50226332 218
51137564 222
50735532 221
50632144 220
50330136 219
50066412 218
51313412 223
50332056 219
50829604 221
50090500 218
50583228 220
50886536 221
50473648 220
51080952 222
49929272 217
50481256 220
50622092 220
50646724 220
50294312 219
50145912 218
51029904 222
50109952 218
50221024 218
51409700 224
50877336 221
49804336 217
49929712 217
52676428 229
50224252 218
50443620 219
50410080 219
50932848 222
50240280 219
50311124 219
50574340 220
50506560 220
50117692 218
50263688 219
50350068 219
50350864 219
50335196 219
50480408 220
50643096 220
49789460 217
50698644 221
50401252 219
50087048 218
50693424 221
50478260 220
50327764 219
50172776 218
49937572 217
50261464 219
49868372 217
50846980 221
50426776 219
49880720 217
49779080 217
50893408 221
50479820 220
50082240 218
50765712 221
50213400 218
50368536 219
50129148 218
49897876 217
50302656 219
49850664 217
50580424 220
50232928 218
50179740 218
50207216 218
50401184 219
50195184 218
50362260 219
50419500 219
49893604 217
50315244 219
50009520 218
50543320 220
50293704 219
50463800 220
50276600 219
50468180 220
50962852 222
50244192 219
50859192 221
49905464 217
50030716 218
50217756 218
51080788 222
50747252 221
50009540 218
50563604 220
59735232 260
50631188 220
50312760 219
51185256 223
50385256 219
51060212 222
50959416 222
50866056 221
50223260 218
