10605 41
10931 42
11211 43
10697 41
10955 42
11060 43
10826 42
10933 42
10898 42
10874 42
10605 41
11141 43
11493 44
11001 42
10699 41
10955 42
10767 42
11025 43
10629 41
11572 45
10815 42
11246 43
10944 42
10990 42
10721 41
11213 43
10804 42
10804 42
10780 42
11130 43
10478 40
10955 42
10500 41
10605 41
10756 42
10874 42
10769 42
10640 41
11537 45
10699 41
11084 43
10826 42
10640 41
10793 42
11095 43
10721 41
10793 42
10850 42
11585 45
10732 41
10826 42
10955 42
10419 40
11025 43
11211 43
10920 42
3744 14
3982 15
3978 15
4010 15
4192 16
10640 41
10990 42
11294 44
11071 43
10583 41
10966 42
10815 42
10594 41
10500 41
11108 43
11117 43
10721 41
11270 44
10710 41
11012 43
11119 43
10769 42
10500 41
11049 43
10898 42
10979 42
10931 42
10745 41
10559 41
10769 42
10476 40
10815 42
10710 41
10907 42
10861 42
11036 43
10745 41
10583 41
11060 43
11340 44
10861 42
10500 41
10522 41
10872 42
10804 42
10815 42
11014 43
10815 42
10511 41
10990 42
10454 40
10417 40
10815 42
10826 42
10828 42
11071 43
10640 41
10802 42
10697 41
10605 41
10697 41
10839 42
10968 42
10651 41
10944 42
10955 42
10909 42
10977 42
10828 42
10850 42
11294 44
10990 42
10863 42
10675 41
11095 43
10815 42
10990 42
11060 43
10828 42
10896 42
11095 43
11154 43
10990 42
10627 41
10756 42
11294 44
11073 43
10780 42
10977 42
10780 42
10524 41
10616 41
10885 42
3588 14
10826 42
10955 42
11012 43
10767 42
10850 42
10688 41
11117 43
10804 42
10640 41
11397 44
10430 40
11106 43
11049 43
10721 41
10907 42
10815 42
10767 42
10546 41
10885 42
10546 41
10907 42
10826 42
10815 42
3816 14
10583 41
10688 41
10605 41
11001 42
11119 43
10686 41
10769 42
10686 41
11001 42
11047 43
10627 41
10863 42
10616 41
10837 42
10511 41
10931 42
10769 42
11084 43
11270 44
10804 42
10826 42
11049 43
10931 42
10804 42
11305 44
10874 42
11235 43
10686 41
10793 42
10769 42
10815 42
10931 42
11025 43
10885 42
10898 42
10791 42
11001 42
11270 44
10675 41
10885 42
10697 41
10511 41
10839 42
10850 42
10732 41
10874 42
10675 41
10780 42
11318 44
10896 42
10804 42
10861 42
11340 44
11001 42
11154 43
10874 42
10944 42
10804 42
10581 41
11176 43
10570 41
10863 42
10990 42
10837 42
10780 42
10734 41
10885 42
10489 40
10662 41
10535 41
10408 40
10500 41
11154 43
10767 42
10513 41
11049 43
10966 42
10513 41
11189 43
11071 43
10780 42
10802 42
10791 42
10721 41
11071 43
10686 41
10710 41
10826 42
10406 40
11014 43
10780 42
11224 43
10605 41
11152 43
11047 43
10511 41
11106 43
11001 42
11176 43
10686 41
10583 41
12775 49
10769 42
10850 42
3636 14
10640 41
10651 41
10734 41
10535 41
10767 42
10896 42
10734 41
10756 42
10640 41
10756 42
11178 43
10570 41
10885 42
10581 41
10640 41
11130 43
10990 42
11001 42
3700 14
3608 14
10815 42
10513 41
10513 41
10384 40
10476 40
10896 42
13650 53
10675 41
11014 43
10874 42
11003 42
11281 44
10861 42
11106 43
11049 43
11421 44
11143 43
10745 41
10828 42
11049 43
10629 41
10791 42
10710 41
10511 41
11001 42
10734 41
10931 42
11410 44
10546 41
10850 42
11036 43
10885 42
10721 41
11082 43
11434 44
10535 41
11095 43
10745 41
10942 42
10791 42
10874 42
10863 42
10640 41
10942 42
10933 42
10640 41
10793 42
10839 42
10734 41
10500 41
10487 40
10931 42
10793 42
11082 43
11642 45
10802 42
10885 42
11362 44
10780 42
11154 43
3600 14
3812 14
10861 42
11189 43
10885 42
10850 42
11012 43
10990 42
10826 42
10861 42
10872 42
11049 43
10863 42
10920 42
10979 42
10920 42
11152 43
11014 43
11001 42
10780 42
11329 44
10756 42
10734 41
10780 42
10990 42
11119 43
10734 41
10581 41
11305 44
10745 41
11771 45
10535 41
11152 43
10557 41
10767 42
10618 41
10699 41
11036 43
10487 40
10454 40
10767 42
10710 41
10874 42
10850 42
10756 42
11165 43
10756 42
11224 43
10500 41
10699 41
10640 41
11364 44
11117 43
10863 42
10885 42
10802 42
11445 44
11200 43
10686 41
10909 42
10920 42
11025 43
10885 42
10826 42
10780 42
10616 41
11270 44
11259 43
10734 41
11014 43
10861 42
10944 42
11095 43
10780 42
3784 14
3632 14
3708 14
10594 41
10465 40
10780 42
10618 41
10662 41
10756 42
10896 42
10850 42
10815 42
10896 42
12880 50
10828 42
10664 41
10826 42
11117 43
10699 41
10734 41
11176 43
12716 49
11270 44
10815 42
10861 42
10605 41
11014 43
11014 43
10699 41
10570 41
10804 42
11224 43
11014 43
13348 52
10662 41
10885 42
10699 41
10325 40
10513 41
10640 41
10756 42
11049 43
11143 43
11001 42
11189 43
11106 43
11141 43
10686 41
11001 42
10839 42
10968 42
11305 44
10861 42
10815 42
11095 43
10898 42
10874 42
11294 44
11410 44
10535 41
10710 41
10605 41
10920 42
11213 43
10745 41
10651 41
10756 42
10909 42
10605 41
11467 44
10721 41
11071 43
10756 42
10815 42
10769 42
11141 43
10686 41
10640 41
10791 42
10756 42
11248 43
11119 43
10605 41
10653 41
10627 41
10594 41
10850 42
11084 43
10570 41
10627 41
10955 42
11327 44
11014 43
11106 43
10874 42
10931 42
10839 42
10769 42
11305 44
11108 43
10802 42
11644 45
10524 41
10723 41
11084 43
11329 44
10793 42
10664 41
10874 42
10872 42
11445 44
10828 42
10734 41
10909 42
10688 41
3664 14
3648 14
3592 14
3576 13
3616 14
3604 14
5472 21
5460 21
10675 41
11025 43
10968 42
10699 41
10710 41
10734 41
10804 42
10920 42
10686 41
10907 42
10979 42
10756 42
10885 42
11095 43
10688 41
11036 43
10780 42
11294 44
10826 42
10500 41
10839 42
10616 41
10896 42
10688 41
11049 43
10662 41
10791 42
10723 41
10872 42
10815 42
10804 42
10850 42
10699 41
10979 42
10896 42
10979 42
10815 42
10535 41
10780 42
10815 42
10767 42
11130 43
10664 41
10931 42
10896 42
11211 43
10872 42
10885 42
10839 42
10559 41
10826 42
10745 41
10640 41
10559 41
10535 41
10920 42
10885 42
11410 44
10616 41
10640 41
10476 40
10581 41
10874 42
10710 41
10721 41
10734 41
11095 43
10793 42
11165 43
10885 42
10909 42
10955 42
10338 40
10815 42
10802 42
10756 42
10874 42
10524 41
10804 42
10535 41
10758 42
10629 41
10675 41
11130 43
11073 43
10874 42
10872 42
11036 43
10640 41
10863 42
11012 43
11165 43
11001 42
10605 41
11106 43
11340 44
10710 41
11049 43
11095 43
10793 42
11410 44
10979 42
10487 40
10898 42
10802 42
10815 42
11014 43
10734 41
10511 41
10489 40
10710 41
10686 41
11049 43
10804 42
10944 42
10955 42
10826 42
11014 43
11445 44
10664 41
11224 43
10815 42
10850 42
10815 42
10745 41
10839 42
10651 41
10874 42
11014 43
10815 42
10968 42
10885 42
11305 44
10594 41
11082 43
10769 42
10745 41
10839 42
11025 43
10804 42
10605 41
10745 41
10863 42
11073 43
11294 44
11025 43
10710 41
11001 42
10791 42
10896 42
10653 41
10977 42
10767 42
10955 42
10815 42
10861 42
10745 41
10664 41
10686 41
11119 43
10872 42
10850 42
10710 41
3720 14
11084 43
11119 43
10802 42
11025 43
10500 41
10780 42
13440 52
10651 41
10557 41
11143 43
11281 44
10885 42
10863 42
11141 43
11329 44
10734 41
12016 46
11259 43
10734 41
10511 41
10815 42
10500 41
10828 42
10780 42
11305 44
10815 42
11200 43
10966 42
10721 41
10885 42
10627 41
10909 42
11141 43
10979 42
3700 14
3636 14
10723 41
10616 41
11060 43
10583 41
10745 41
10616 41
10524 41
11060 43
10931 42
10570 41
10745 41
10769 42
11095 43
12121 47
10850 42
10828 42
10769 42
10662 41
11082 43
10732 41
10686 41
10990 42
10476 40
10710 41
10653 41
11117 43
10675 41
10640 41
10898 42
10546 41
11270 44
11399 44
11399 44
10802 42
10535 41
11108 43
3660 14
3640 14
10651 41
10804 42
10815 42
10675 41
10618 41
10721 41
11550 45
10861 42
10627 41
10721 41
10395 40
10850 42
11084 43
10861 42
10723 41
10478 40
10756 42
10605 41
10732 41
10640 41
11082 43
11003 42
10675 41
10837 42
10721 41
10837 42
10581 41
10618 41
10977 42
10605 41
11655 45
10885 42
10594 41
11200 43
10675 41
10756 42
10500 41
11001 42
10710 41
11515 44
10850 42
11025 43
11399 44
10837 42
10745 41
10699 41
10524 41
10710 41
10802 42
10896 42
10640 41
10839 42
10732 41
10839 42
10885 42
10662 41
10745 41
10616 41
10371 40
10920 42
10745 41
10570 41
11270 44
10454 40
10524 41
11340 44
10605 41
10804 42
10942 42
10699 41
10815 42
11318 44
10756 42
10546 41
10723 41
10710 41
10955 42
10874 42
11049 43
10885 42
10559 41
10861 42
12565 49
10710 41
10885 42
10861 42
10955 42
10581 41
11001 42
13033 50
10920 42
11012 43
10828 42
11130 43
11456 44
10826 42
11620 45
10769 42
10977 42
10594 41
10557 41
10850 42
10837 42
10874 42
11480 44
10885 42
10675 41
10815 42
10570 41
11620 45
10990 42
10478 40
10511 41
11189 43
10780 42
10710 41
10815 42
10721 41
10990 42
10662 41
10699 41
10780 42
10430 40
10756 42
10933 42
10767 42
10874 42
10979 42
11211 43
11001 42
10605 41
11913 46
10780 42
11001 42
10557 41
11036 43
10581 41
10476 40
10675 41
10990 42
10732 41
10688 41
11001 42
10489 40
10443 40
11257 43
10874 42
10699 41
3848 15
10872 42
10815 42
11141 43
10839 42
10885 42
10675 41
10756 42
10896 42
10710 41
11423 44
10592 41
10721 41
10618 41
11176 43
10990 42
10557 41
10850 42
11014 43
10675 41
10535 41
10769 42
10476 40
10570 41
10966 42
10511 41
11036 43
10850 42
11141 43
11141 43
10675 41
10977 42
10990 42
10885 42
11410 44
10896 42
10955 42
10756 42
10804 42
10920 42
3784 14
3732 14
10699 41
11060 43
11270 44
10802 42
10651 41
10896 42
10874 42
10828 42
11095 43
10791 42
11388 44
10594 41
10454 40
10793 42
10697 41
10697 41
