135533 66
155516 75
133897 65
131438 64
131705 64
131659 64
190553 93
150629 73
131565 64
158841 77
131519 64
156194 76
131902 64
131823 64
131764 64
131646 64
175339 85
131891 64
131659 64
132031 64
131694 64
134866 65
131600 64
132055 64
131705 64
131845 64
131751 64
131950 64
131950 64
131635 64
131578 64
131972 64
131552 64
131449 64
132068 64
131578 64
131670 64
131751 64
131810 64
131775 64
131939 64
131659 64
131751 64
131740 64
131775 64
131810 64
131845 64
131856 64
132114 64
133326 65
131823 64
132534 64
131904 64
132090 64
131834 64
132300 64
131797 64
131810 64
131683 64
132847 64
132532 64
131657 64
131880 64
132090 64
132558 64
132055 64
132696 64
150802 73
131624 64
134492 65
132020 64
132359 64
131635 64
131729 64
135507 66
137550 67
134389 65
131915 64
153569 74
133676 65
132278 64
144795 70
131891 64
131635 64
131657 64
151270 73
132112 64
131670 64
131867 64
132276 64
131495 64
132381 64
131998 64
131845 64
131856 64
131670 64
132381 64
131495 64
131775 64
131904 64
131681 64
131786 64
131740 64
131845 64
131753 64
131506 64
131589 64
132007 64
132044 64
340036 166
131950 64
132313 64
132020 64
157476 76
131926 64
132860 64
132112 64
132276 64
131565 64
131845 64
131740 64
131799 64
131587 64
133525 65
131788 64
131810 64
131670 64
131692 64
148354 72
132359 64
131915 64
132042 64
131611 64
131856 64
131659 64
132090 64
131659 64
132768 64
131681 64
131635 64
132394 64
131740 64
150745 73
131683 64
131600 64
131764 64
132136 64
132090 64
131657 64
131589 64
132079 64
135625 66
132313 64
151911 74
131786 64
131869 64
132149 64
132254 64
157898 77
131541 64
132276 64
131657 64
131775 64
131425 64
132464 64
131753 64
132230 64
157419 76
131681 64
131961 64
131950 64
131705 64
131880 64
131694 64
155925 76
212857 103
131788 64
132556 64
132138 64
131659 64
131552 64
151222 73
132055 64
158318 77
132847 64
131751 64
178080 86
131506 64
133304 65
131996 64
132136 64
131622 64
152051 74
131764 64
131928 64
132241 64
131880 64
131950 64
131657 64
134424 65
243764 119
131880 64
131998 64
132068 64
131869 64
131506 64
131681 64
132475 64
150419 73
131694 64
131786 64
151596 74
131646 64
132451 64
131751 64
157920 77
157080 76
132217 64
136314 66
131996 64
131670 64
132112 64
155820 76
131926 64
131659 64
131834 64
131729 64
133035 64
131834 64
131950 64
131670 64
131823 64
131880 64
132090 64
132068 64
131611 64
157920 77
151679 74
131786 64
132044 64
131436 64
132989 64
133175 65
131858 64
131880 64
157091 76
136524 66
131810 64
133420 65
131950 64
131880 64
131937 64
132289 64
131775 64
133385 65
132604 64
131624 64
132941 64
131799 64
131904 64
156439 76
131762 64
131926 64
131694 64
251860 122
133490 65
131823 64
132989 64
286777 140
131775 64
152191 74
148796 72
132451 64
132965 64
151117 73
132464 64
132055 64
131554 64
131775 64
131611 64
131506 64
131869 64
132451 64
131904 64
131624 64
259862 126
132241 64
132359 64
151141 73
132534 64
150931 73
132661 64
131753 64
156894 76
155553 75
131659 64
150395 73
131552 64
157032 76
157185 76
242318 118
171686 83
151784 74
161234 78
156146 76
151071 73
252363 123
156940 76
156999 76
132849 64
151537 73
156008 76
156671 76
132801 64
132055 64
131985 64
132394 64
132943 64
131832 64
290955 142
131622 64
131764 64
131915 64
132031 64
132685 64
132020 64
131705 64
131646 64
131751 64
133560 65
131961 64
132558 64
133081 64
132453 64
131891 64
131681 64
132556 64
131764 64
131926 64
132182 64
131589 64
131519 64
132007 64
131834 64
149927 73
132451 64
131635 64
131775 64
131974 64
131729 64
131414 64
132416 64
133363 65
131705 64
131670 64
132383 64
131600 64
131786 64
131891 64
133619 65
131657 64
131810 64
131950 64
131902 64
139346 68
131869 64
132836 64
131893 64
132521 64
131998 64
131985 64
131600 64
132567 64
131821 64
131880 64
132908 64
134352 65
132475 64
132685 64
132066 64
131926 64
133022 64
131635 64
131961 64
131705 64
152659 74
132429 64
132114 64
131659 64
131799 64
131670 64
131659 64
131484 64
131834 64
132416 64
132650 64
136430 66
131880 64
132300 64
134715 65
131856 64
134936 65
131904 64
154525 75
131694 64
131519 64
131635 64
132488 64
131963 64
132066 64
131858 64
228725 111
133374 65
153311 74
132313 64
133606 65
157732 77
132079 64
132219 64
225212 109
131963 64
132208 64
131891 64
131740 64
132534 64
131902 64
156929 76
131867 64
131869 64
151491 73
131565 64
132313 64
131519 64
131810 64
131810 64
131740 64
131681 64
131937 64
131495 64
132580 64
131788 64
133910 65
132068 64
132475 64
132254 64
131832 64
132300 64
131950 64
131635 64
132044 64
319305 155
131799 64
131740 64
131729 64
131764 64
132066 64
134505 65
131670 64
132777 64
132136 64
132066 64
151701 74
158200 77
131727 64
148831 72
131692 64
131624 64
131681 64
131926 64
131880 64
132149 64
152799 74
133829 65
132147 64
152694 74
131727 64
131740 64
132055 64
131716 64
131902 64
131659 64
131797 64
131867 64
132184 64
133888 65
156181 76
151165 73
131974 64
131996 64
131716 64
131939 64
132031 64
132383 64
134085 65
131856 64
131788 64
132558 64
132324 64
132930 64
155249 75
131541 64
133735 65
132497 64
131880 64
131718 64
131622 64
131565 64
131961 64
132136 64
152508 74
132615 64
131740 64
131727 64
131530 64
131578 64
137095 66
132079 64
131764 64
133571 65
149380 72
131950 64
132359 64
132007 64
131799 64
131893 64
131729 64
152355 74
155739 76
133013 64
131834 64
137539 67
152274 74
132112 64
131775 64
131681 64
131600 64
131587 64
131810 64
132639 64
136045 66
132055 64
131832 64
131950 64
131576 64
132812 64
132731 64
131869 64
132171 64
131718 64
131740 64
131635 64
131799 64
132300 64
132031 64
132405 64
246761 120
131856 64
131834 64
131902 64
132171 64
132359 64
131659 64
132103 64
132243 64
131880 64
131858 64
197831 96
131799 64
150115 73
132534 64
156345 76
133722 65
131998 64
131519 64
132440 64
133245 65
132265 64
133549 65
132871 64
131576 64
131893 64
135111 65
132370 64
132685 64
131729 64
131786 64
132042 64
132497 64
132055 64
132779 64
133350 65
133606 65
131541 64
131718 64
131950 64
131519 64
157058 76
131845 64
158036 77
135533 66
133269 65
151970 74
151889 74
132569 64
131891 64
132348 64
132849 64
132499 64
132230 64
131565 64
132149 64
131543 64
131915 64
131880 64
131797 64
131635 64
131622 64
131681 64
131963 64
131670 64
131692 64
131893 64
131797 64
131810 64
131797 64
132182 64
131880 64
131635 64
131950 64
131775 64
133210 65
131635 64
132077 64
131495 64
132079 64
131775 64
131891 64
131915 64
131821 64
131716 64
131764 64
131657 64
132241 64
131705 64
132569 64
131810 64
131659 64
132451 64
131600 64
131797 64
132079 64
131519 64
132079 64
131880 64
131541 64
131985 64
131460 64
131775 64
131775 64
132195 64
131845 64
131495 64
131683 64
131694 64
132324 64
132626 64
135719 66
131694 64
132243 64
131950 64
132160 64
131904 64
132055 64
132510 64
131823 64
131823 64
131729 64
131904 64
131786 64
132055 64
131891 64
131751 64
132066 64
132009 64
131683 64
131716 64
131576 64
132033 64
131740 64
131996 64
131891 64
131891 64
135544 66
131834 64
132020 64
131753 64
131657 64
131880 64
131775 64
131716 64
131705 64
132009 64
132849 64
131670 64
132311 64
132173 64
131869 64
131740 64
132171 64
131834 64
131950 64
131950 64
134387 65
132532 64
152950 74
131786 64
132066 64
131659 64
131716 64
131692 64
132184 64
131694 64
131683 64
131880 64
131834 64
132009 64
131624 64
131729 64
131716 64
131799 64
131810 64
131624 64
131821 64
131996 64
131659 64
131705 64
131775 64
131891 64
132313 64
131611 64
131775 64
131670 64
131939 64
131764 64
132521 64
131810 64
131740 64
134739 65
132418 64
132136 64
131692 64
131821 64
132031 64
149601 73
132055 64
131974 64
131764 64
131705 64
132147 64
131740 64
131657 64
131762 64
131670 64
131998 64
131867 64
134739 65
131985 64
131869 64
131751 64
151935 74
132777 64
150686 73
160871 78
158305 77
156730 76
132020 64
132171 64
157745 77
149811 73
156472 76
150605 73
156601 76
151819 74
150196 73
155833 76
131753 64
131727 64
131624 64
131694 64
133164 65
131471 64
131611 64
131869 64
131659 64
131508 64
131635 64
131508 64
131902 64
131554 64
131449 64
131565 64
131727 64
131858 64
131565 64
132066 64
131705 64
131705 64
131891 64
131506 64
131530 64
131869 64
131858 64
131635 64
131727 64
131565 64
132567 64
131670 64
131810 64
131764 64
131974 64
132429 64
133000 64
131786 64
131880 64
131670 64
152473 74
131764 64
131670 64
131729 64
131753 64
131858 64
131891 64
131858 64
131858 64
132044 64
132055 64
131519 64
131530 64
131775 64
131845 64
131635 64
131786 64
131775 64
131799 64
131867 64
134470 65
131904 64
131880 64
131915 64
131950 64
132184 64
131600 64
131648 64
150745 73
131576 64
131858 64
131856 64
131694 64
131753 64
132440 64
131856 64
131751 64
131648 64
134597 65
131786 64
132241 64
134936 65
132488 64
131657 64
131694 64
132219 64
132031 64
131926 64
158528 77
131694 64
150990 73
131834 64
131797 64
131880 64
131554 64
131775 64
132007 64
151502 73
132009 64
132628 64
131858 64
151001 73
131460 64
131565 64
131576 64
131425 64
131460 64
131880 64
131541 64
135089 65
131926 64
132591 64
131600 64
131880 64
131670 64
131832 64
132219 64
131834 64
131648 64
131635 64
131810 64
131764 64
131495 64
131587 64
135485 66
131683 64
131891 64
131985 64
131554 64
132650 64
131460 64
132171 64
131519 64
132322 64
131506 64
131775 64
133886 65
133339 65
131915 64
150524 73
131926 64
134166 65
135146 65
132230 64
157931 77
132171 64
151375 73
131775 64
131694 64
132066 64
132615 64
131963 64
134120 65
132464 64
132628 64
131880 64
132031 64
131775 64
131821 64
131670 64
131891 64
131869 64
131611 64
131810 64
151211 73
133186 65
132615 64
132068 64
131902 64
131646 64
154980 75
131764 64
132895 64
131797 64
131845 64
131821 64
132007 64
131869 64
131810 64
132685 64
133350 65
138727 67
131810 64
134424 65
131681 64
132698 64
133466 65
133000 64
131692 64
131659 64
131681 64
131810 64
131729 64
131823 64
131659 64
131681 64
131764 64
131705 64
131810 64
131659 64
131670 64
131613 64
131648 64
131576 64
131727 64
131541 64
131753 64
131635 64
131543 64
131670 64
131657 64
131856 64
151316 73
131845 64
150990 73
