9137528 69
12800255 97
9328580 71
10550760 80
11594861 88
9082160 69
9221020 70
11737330 89
9116900 69
16347660 124
9002936 68
8990028 68
9219196 70
14203128 108
9050908 69
8948664 68
10299717 78
8846132 67
16384088 125
12970674 98
11588945 88
8876244 67
9878348 75
13903913 106
11617240 88
10011884 76
9195280 70
9228412 70
11812705 90
9200404 70
9197292 70
9143084 69
9147700 69
9259700 70
9299428 70
9217704 70
9308604 71
9239664 70
14222138 108
9334576 71
9163488 69
10489067 80
9251544 70
9174896 69
11732625 89
9363160 71
9255224 70
16289991 124
9110564 69
9753124 74
9139784 69
11721670 89
9155524 69
15179834 115
9182136 70
16705549 127
9209328 70
9226348 70
9143276 69
16101741 122
13735602 104
13964418 106
9417828 71
16704492 127
12085920 92
10243933 78
9237640 70
11576960 88
9388720 71
9948373 75
9310332 71
9238300 70
15706810 119
16244626 123
9449844 72
14615698 111
9370284 71
10152368 77
9305784 70
9253072 70
9303716 70
15895558 121
9407480 71
9291580 70
16596934 126
11937055 91
16851186 128
11943790 91
9365716 71
14421336 110
9247600 70
9362388 71
9446480 72
9247904 70
11735968 89
9294112 70
9235660 70
9584724 73
11893655 90
9382588 71
9274264 70
16591085 126
12949502 98
9295536 70
14458056 110
10107967 77
9343832 71
9206052 70
11771505 89
14324224 109
13639654 104
9077388 69
9217732 70
12138245 92
9340016 71
9082704 69
9740580 74
9223632 70
16598560 126
12023960 91
9460832 72
9912200 75
9578512 73
15995126 122
9556852 72
14673090 111
9386724 71
14132070 107
9469756 72
16636739 126
13004800 99
9342696 71
9153860 69
9248724 70
10913071 83
9006500 68
13826072 105
9090396 69
11760345 89
9285728 70
8973564 68
15751155 120
9243064 70
16438800 125
9180920 70
9044672 69
9043272 68
9103316 69
9000620 68
9090996 69
10623308 81
9048884 69
9032476 68
15689506 119
9050744 69
13790426 105
9131464 69
9167800 69
14284772 108
9042960 68
9113464 69
9080224 69
9021656 68
9028600 68
11751005 89
9076264 69
14097119 107
11756455 89
9802968 74
8935264 68
11602265 88
8904292 67
8891588 67
8950648 68
11665260 88
8919480 68
12954205 98
11716505 89
8812104 67
14378716 109
9043776 68
13590962 103
11643465 88
9197156 70
12522055 95
9090128 69
8941500 68
10921041 83
10481582 79
8873696 67
15500163 118
10013832 76
8969552 68
8992596 68
14206970 108
9135640 69
14498463 110
9219028 70
11551715 88
8841292 67
9245278 70
8983656 68
8869012 67
8929384 68
12395735 94
16459135 125
9032276 68
9039140 68
9050184 69
11703390 89
8942916 68
12401330 94
8910436 67
9022172 68
9044612 69
8954144 68
8974836 68
16463384 125
12248910 93
9064876 69
9171660 69
14467014 110
9237532 70
9304856 70
11568190 88
8937740 68
11164989 85
13624106 103
9197776 70
9084992 69
14476834 110
9081604 69
14412272 109
9069244 69
14589137 111
8939368 68
11606957 88
8976244 68
11334922 86
12636820 96
9210933 70
11774500 89
13538890 103
13270639 101
14136920 107
9417448 71
9049188 69
9096884 69
8883776 67
14272542 108
8988764 68
8897156 67
8888944 67
10079369 76
9088392 69
8988660 68
8959868 68
12028007 91
8950336 68
12541125 95
8982988 68
12673760 96
8933536 68
9026312 68
8832260 67
8834560 67
14342358 109
8919252 68
8892644 67
8938496 68
8976976 68
8927268 68
8800372 67
8846616 67
12455805 95
9058804 69
9014376 68
9035368 68
16349438 124
9593891 73
9327954 71
8919552 68
9002092 68
9021032 68
8926984 68
16316405 124
9094612 69
11571925 88
8965696 68
8935756 68
8958640 68
11342166 86
9056588 69
9282508 70
9098300 69
15707895 119
12994138 99
9103636 69
9288420 70
9102464 69
9002164 68
11605435 88
14488478 110
9023108 68
13421330 102
9244392 70
9011340 68
14896382 113
8838320 67
11686060 89
9000840 68
9090016 69
9070436 69
17255039 131
8943472 68
9013544 68
14095964 107
8963256 68
13548774 103
8824056 67
8823652 67
11569565 88
12699255 96
9018004 68
14382340 109
9068116 69
10571636 80
8959672 68
14174234 108
8833496 67
14007250 106
8916228 68
8918164 68
15283088 116
11556435 88
10930385 83
10639736 81
16321696 124
8888740 67
14028462 107
8954764 68
8957468 68
10127094 77
8886180 67
16217306 123
8933612 68
11478290 87
9042912 68
9034892 68
16316132 124
11573285 88
9010016 68
8994428 68
8984944 68
10102381 77
8911716 67
16250647 123
9165172 69
8845200 67
9020204 68
8967180 68
8901392 67
8940020 68
8829380 67
8929972 68
8902192 67
9005948 68
8933152 68
16447676 125
8988752 68
8953260 68
9093016 69
11689380 89
8951248 68
11651070 88
9421749 71
11654745 88
14043946 107
8963252 68
8873660 67
8929892 68
16176524 123
8836632 67
9086832 69
9774189 74
9301591 70
8914948 68
8891248 67
16181459 123
11505420 87
8920444 68
8839708 67
9124164 69
8923024 68
9051020 69
8778244 66
8796508 67
16213225 123
8982824 68
8968116 68
14237820 108
9033728 68
8982464 68
15775284 120
9060592 69
8895676 67
13846222 105
9086336 69
8958540 68
16348403 124
9144204 69
9060836 69
15142798 115
8872268 67
8920332 68
16321543 124
9001684 68
8935620 68
16376402 124
9064980 69
8998780 68
9287548 70
9229408 70
16471707 125
9119080 69
9072452 69
15528702 118
8975804 68
9172712 69
14345602 109
9132244 69
14543866 110
9128680 69
9067868 69
8952764 68
11499429 87
8975876 68
13430827 102
9178100 70
9100516 69
16479666 125
9342736 71
9207248 70
14738738 112
9110312 69
9145416 69
15738387 120
9093148 69
8944640 68
9180488 70
9208440 70
13219286 100
9055228 69
10839133 82
12643380 96
8996416 68
9133900 69
14724226 112
8919388 68
8835560 67
15900047 121
8899364 67
8890812 67
8970740 68
8944656 68
15196760 115
8976496 68
8933196 68
16602607 126
9011412 68
8963320 68
8942916 68
8954664 68
13707938 104
8952868 68
14074902 107
8966060 68
8886352 67
13319163 101
9029748 68
8814944 67
14712090 112
9000828 68
9130388 69
16254763 124
8917068 68
9033256 68
9011072 68
9087412 69
15953132 121
8877396 67
8941308 68
14139202 107
8913208 68
8977452 68
16417765 125
9099344 69
8846104 67
16328200 124
8892884 67
9057500 69
9151340 69
8875468 67
14821002 113
9011652 68
12020108 91
8911152 67
8998668 68
8868532 67
15974496 121
9166964 69
9003928 68
11865141 90
8977256 68
9040784 68
13263691 101
9017596 68
8964072 68
9050472 69
12030642 91
8847120 67
8811764 67
9002356 68
14332145 109
9113760 69
8853924 67
9028048 68
8983612 68
14287618 109
9085612 69
8857828 67
9086528 69
9009408 68
16364047 124
9104660 69
9093036 69
14140974 107
12351932 94
9041072 68
15866098 121
9047056 69
8959248 68
15702624 119
9061152 69
9171844 69
16011312 122
8958788 68
11365196 86
9073756 69
16361919 124
11312578 86
8912384 67
16134510 123
12273230 93
9105616 69
16432885 125
9042312 68
16408434 125
8892076 67
9822272 74
14137830 107
9030420 68
9032100 68
14686102 112
8882376 67
14664062 111
9175004 69
9041924 68
8881104 67
9110048 69
11839529 90
9134444 69
9264412 70
9277704 70
9223016 70
16428673 125
9308488 71
8961460 68
16519601 126
12181334 92
9081916 69
14433120 110
9008360 68
8997364 68
8988516 68
15206166 116
9139480 69
14644518 111
9209428 70
15087262 115
9135896 69
14265902 108
9206692 70
14765258 112
9251076 70
9100456 69
15809451 120
9215020 70
15731471 120
8975588 68
9060756 69
14274418 108
9018620 68
9001092 68
14145082 107
9154948 69
14708838 112
8938928 68
9196364 70
9112360 69
8997964 68
9135840 69
9236292 70
9161100 69
9104504 69
9043536 68
9069264 69
9229676 70
13761430 104
9043376 68
14906418 113
9164272 69
9127252 69
9242084 70
9333684 71
9341004 71
15740683 120
9070876 69
9145780 69
14076450 107
8999528 68
16672929 127
9158932 69
14931918 113
9034656 68
9135684 69
9211208 70
12092897 92
9019964 68
12029032 91
9034540 68
15998123 122
9018680 68
9069332 69
16482683 125
9054844 69
14538178 110
9085220 69
9130960 69
15911927 121
9204828 70
9094248 69
14665586 111
9358848 71
9102028 69
16632357 126
9148040 69
13479762 102
9328524 71
15863027 121
9344868 71
9270708 70
16506063 125
9197496 70
9208568 70
16486225 125
9169952 69
16481353 125
9174808 69
9161224 69
14970226 114
9103892 69
9005672 68
14552942 111
9128836 69
9083932 69
16400094 125
9086592 69
8972296 68
9395284 71
9270624 70
10634193 81
8996796 68
13667114 104
9072132 69
9095648 69
16588904 126
9065080 69
9275120 70
14380638 109
9120620 69
9116816 69
16531802 126
9239416 70
9117876 69
14885690 113
9168340 69
15859179 120
9252356 70
15446762 117
9177592 70
9256624 70
16635226 126
9096336 69
9346420 71
9210320 70
9080120 69
16578926 126
9315212 71
16693992 127
9114772 69
9253480 70
9004892 68
16543639 126
9266408 70
9075868 69
16133966 123
9173360 69
9090420 69
16629123 126
9254344 70
9181220 70
13967534 106
9102228 69
8980932 68
14956026 114
9089964 69
13157154 100
9018632 68
16419123 125
9036684 68
9022404 68
9027044 68
9081252 69
16469971 125
9170764 69
9070160 69
14312224 109
9043616 68
9096684 69
9142520 69
12566940 95
8872664 67
14983166 114
8972472 68
9011332 68
15604064 119
9134348 69
9175728 70
16489753 125
9135560 69
16499202 125
9221764 70
9066196 69
11862630 90
9040016 68
9014856 68
9247668 70
9120852 69
16407850 125
11731940 89
10748395 82
9101044 69
9136656 69
9108352 69
9219160 70
9162052 69
16445387 125
9201876 70
9206188 70
9134472 69
9134532 69
8929232 68
9170184 69
16291100 124
12690110 96
9209220 70
9118884 69
9151432 69
11775016 89
12773425 97
9114212 69
16768775 127
15628249 119
11759050 89
9804648 74
9354948 71
9156740 69
9352386 71
9104516 69
9077396 69
12264740 93
9010788 68
9099832 69
8823156 67
13550472 103
16432654 125
12582780 95
8999356 68
8906060 67
12752265 97
15446026 117
8817796 67
8867272 67
8878848 67
8998228 68
8983476 68
11491620 87
8935372 68
9036484 68
8989360 68
8920792 68
8860464 67
9104764 69
11629015 88
9117012 69
9221652 70
9214612 70
9861926 75
11716790 89
9231704 70
14022065 106
12068235 92
9536608 72
9369508 71
9293352 70
9496648 72
11951425 91
9520124 72
9374576 71
9504576 72
9209672 70
9454512 72
9299084 70
9239956 70
16520077 126
11697262 89
9173552 69
13791468 105
9333988 71
9527912 72
14672590 111
9558856 72
13513634 103
9496516 72
15062910 114
9332664 71
16801813 128
9563780 72
9500592 72
9522564 72
9450148 72
16860860 128
9350088 71
9369892 71
16647979 127
9413152 71
9391244 71
9378984 71
9297388 70
14577814 111
9379508 71
9559812 72
14941690 113
9397668 71
9488420 72
16360844 124
9537000 72
9395816 71
14437774 110
9383500 71
9541332 72
9391520 71
9347468 71
16619195 126
9532036 72
9276924 70
16025863 122
9406312 71
16460251 125
9411016 71
9257524 70
9463000 72
9514132 72
9433128 71
14796254 112
9461112 72
9111792 69
16729902 127
9262116 70
9451512 72
14393870 109
9539012 72
9441324 72
14512954 110
9589164 73
9364260 71
9394516 71
13984942 106
9290168 70
12202061 93
9280200 70
13472230 102
9434492 71
9368104 71
16790241 128
9888068 75
9756644 74
16104251 122
9467316 72
9372264 71
9269084 70
12672350 96
9517280 72
9655952 73
9374080 71
16895473 128
9467116 72
9528696 72
14976090 114
9482812 72
9427300 71
9274672 70
11904191 90
9617200 73
11769128 89
9272692 70
12809121 97
9406404 71
9498980 72
14326314 109
9294896 70
9624932 73
16033780 122
9379892 71
9548244 72
16386489 125
9502056 72
9336960 71
15021346 114
9427224 71
9235992 70
16163038 123
9415004 71
9445504 72
14143006 107
9422320 71
9381120 71
16516029 126
9739496 74
14911190 113
9654544 73
9429824 71
11798941 90
9270676 70
9193132 70
12020598 91
9544068 72
9457372 72
9320084 71
10047192 76
11371519 86
9484676 72
9551868 72
12070441 92
9480156 72
9403992 71
9670908 73
10407021 79
12022860 91
9340580 71
9338256 71
11290500 86
14163574 108
9370168 71
9196620 70
9342588 71
11756921 89
12107360 92
9312836 71
16224579 123
10051022 76
9408496 71
15912764 121
9392524 71
9435064 71
9425912 71
9160152 69
16087960 122
9746772 74
9377780 71
14696926 112
9457024 72
15541880 118
9335108 71
14431014 110
9387832 71
16717732 127
9346832 71
9595460 73
