862548 52
867855 52
851693 51
885001 54
807828 49
850820 51
867009 52
858965 52
866238 52
868780 53
913283 55
854042 52
808237 49
851717 51
850970 51
851563 51
808005 49
807876 49
808226 49
807935 49
807824 49
808351 49
807849 49
807695 49
807988 49
807744 49
807827 49
808026 49
807566 49
869048 53
911954 55
807548 49
808180 49
810139 49
808135 49
808512 49
807388 49
807231 49
808110 49
808159 49
807709 49
808278 49
807524 49
808268 49
811445 49
808183 49
807420 49
813529 49
868874 53
852775 52
808110 49
807196 49
807150 49
807660 49
807426 49
808348 49
807845 49
807856 49
807548 49
807862 49
875044 53
807807 49
807804 49
807943 49
808086 49
807698 49
807950 49
861126 52
913392 55
878182 53
868842 53
863658 52
872232 53
807883 49
890485 54
807897 49
807608 49
869554 53
808181 49
875692 53
854591 52
808054 49
888663 54
807538 49
851092 51
807646 49
867666 52
807890 49
808107 49
807468 49
807520 49
808118 49
808054 49
812768 49
807751 49
851215 51
807779 49
807771 49
807908 49
807758 49
808181 49
807723 49
807953 49
867750 52
807737 49
807702 49
807493 49
807743 49
807968 49
807807 49
807489 49
808271 49
807499 49
807841 49
807496 49
807748 49
807782 49
808159 49
808054 49
808082 49
812691 49
912355 55
807031 49
807702 49
807562 49
807615 49
807698 49
807259 49
807762 49
808093 49
808114 49
807998 49
866870 52
807646 49
808002 49
807831 49
807974 49
808362 49
885312 54
807580 49
807590 49
868986 53
807450 49
806759 49
861643 52
873741 53
870089 53
807569 49
863298 52
877494 53
861476 52
808344 49
807576 49
807189 49
807535 49
860984 52
807901 49
878699 53
808386 49
921028 56
867495 52
811567 49
807782 49
807133 49
807406 49
808187 49
807775 49
808076 49
807496 49
807818 49
807831 49
807796 49
808470 49
808589 49
808463 49
868071 52
913601 55
890618 54
807531 49
807437 49
807635 49
807328 49
807730 49
806986 49
808141 49
808104 49
808068 49
807506 49
851937 51
807971 49
807674 49
808027 49
807935 49
808313 49
807904 49
869101 53
807621 49
807891 49
807579 49
869429 53
808026 49
807426 49
807667 49
808254 49
808298 49
868263 52
807859 49
886551 54
807587 49
807409 49
807374 49
807367 49
807869 49
860051 52
912945 55
851005 51
807507 49
807611 49
807870 49
808292 49
807611 49
807552 49
807698 49
807576 49
887877 54
807544 49
807384 49
807845 49
808222 49
1218424 74
808362 49
868706 53
872630 53
807894 49
883422 53
878311 53
855980 52
807538 49
807912 49
857775 52
807412 49
807789 49
807423 49
807737 49
808209 49
808299 49
807653 49
808107 49
807852 49
913084 55
807318 49
807702 49
807803 49
808096 49
807136 49
808183 49
808068 49
807272 49
808141 49
807367 49
807880 49
864157 52
807370 49
807576 49
807681 49
808205 49
854849 52
913852 55
807443 49
807419 49
807423 49
808225 49
807398 49
807367 49
807523 49
807548 49
863857 52
807894 49
866461 52
808117 49
807587 49
807995 49
807709 49
807507 49
889393 54
812279 49
808414 49
868710 53
914541 55
807419 49
807580 49
811992 49
807286 49
807545 49
807440 49
807939 49
807587 49
861040 52
807855 49
851819 51
807863 49
808386 49
807607 49
807517 49
807063 49
913975 55
807992 49
856997 52
806938 49
808421 49
807782 49
808103 49
807741 49
807052 49
807957 49
807489 49
875273 53
807552 49
807276 49
807545 49
807517 49
807656 49
807950 49
808313 49
867226 52
913025 55
807331 49
879623 53
807870 49
807779 49
807681 49
807796 49
807269 49
807807 49
807695 49
808250 49
807929 49
808159 49
877651 53
807887 49
807266 49
887766 54
808501 49
980280 59
807039 49
807709 49
807437 49
807782 49
807507 49
868501 53
807671 49
851260 51
808117 49
855830 52
807129 49
808121 49
807160 49
808840 49
808062 49
807905 49
807301 49
872508 53
807475 49
807332 49
807161 49
808033 49
882284 53
808209 49
807786 49
807168 49
851459 51
808030 49
807586 49
807685 49
808142 49
807897 49
808044 49
807778 49
855599 52
913416 55
851158 51
807262 49
807583 49
808348 49
807234 49
808030 49
807845 49
807646 49
808219 49
808012 49
807698 49
807831 49
807353 49
807496 49
807782 49
808131 49
807203 49
807587 49
808041 49
914408 55
868152 52
807398 49
807531 49
807984 49
807364 49
807168 49
886034 54
807422 49
866122 52
807744 49
808041 49
807925 49
807635 49
807489 49
851326 51
807663 49
807137 49
807964 49
807328 49
911179 55
868433 53
808323 49
807087 49
807629 49
807782 49
807898 49
807876 49
807999 49
807220 49
807922 49
807646 49
808027 49
807908 49
870155 53
807862 49
876981 53
807657 49
807991 49
807429 49
866350 52
808104 49
850300 51
808086 49
853547 52
807356 49
851288 51
807970 49
859126 52
808044 49
807737 49
808044 49
807506 49
807534 49
807241 49
807251 49
807824 49
813169 49
918217 56
807737 49
807629 49
807594 49
807660 49
851707 51
808292 49
807646 49
886037 54
808037 49
808239 49
807998 49
808135 49
807786 49
879295 53
808132 49
881740 53
807573 49
914453 55
807551 49
807583 49
808159 49
883653 53
807978 49
859779 52
807366 49
808285 49
808149 49
807399 49
808041 49
807143 49
807765 49
807827 49
807957 49
808212 49
808347 49
807873 49
808285 49
813124 49
914306 55
807796 49
807325 49
807154 49
807663 49
808491 49
851717 51
808208 49
849476 51
807936 49
807643 49
807866 49
807461 49
807866 49
852346 52
808054 49
852793 52
808240 49
982444 59
811717 49
807137 49
807457 49
808089 49
807433 49
807591 49
870330 53
807420 49
807807 49
808274 49
807891 49
807608 49
807691 49
807852 49
807618 49
807915 49
808023 49
851812 51
807587 49
808253 49
869115 53
912690 55
807712 49
807513 49
807964 49
852080 52
807506 49
812279 49
887036 54
807845 49
807880 49
808096 49
807507 49
807611 49
808121 49
808142 49
808578 49
807674 49
807982 49
856182 52
869255 53
912952 55
807702 49
807503 49
807744 49
807601 49
807849 49
807685 49
808034 49
808201 49
852147 52
807883 49
860858 52
851469 51
870249 53
808026 49
808180 49
807385 49
850705 51
808198 49
994440 60
941142 57
807552 49
807349 49
807573 49
811706 49
808030 49
807894 49
807911 49
808107 49
807408 49
807817 49
859188 52
807559 49
807870 49
808470 49
813050 49
807737 49
880709 53
868853 53
886411 54
807583 49
807918 49
807377 49
808058 49
808117 49
869450 53
812049 49
879864 53
808020 49
807311 49
808295 49
807373 49
808079 49
807856 49
808073 49
807887 49
812729 49
868336 52
807367 49
807115 49
806990 49
807559 49
807392 49
808044 49
808079 49
868644 53
808474 49
807709 49
807688 49
807751 49
808316 49
807771 49
807695 49
808156 49
871775 53
807929 49
868546 53
807098 49
852598 52
807866 49
851721 51
807918 49
848680 51
807950 49
807869 49
807866 49
807608 49
807520 49
888660 54
807510 49
858187 52
807786 49
808051 49
807908 49
807227 49
814957 49
912945 55
806707 49
808208 49
808163 49
861123 52
808055 49
890510 54
851909 51
872868 53
807318 49
854657 52
807988 49
808012 49
807510 49
808582 49
807838 49
970025 59
807566 49
864415 52
807422 49
807814 49
807046 49
864164 52
807723 49
808302 49
808274 49
807838 49
807877 49
958975 58
807482 49
851889 51
807409 49
807684 49
807262 49
806910 49
807691 49
807932 49
807513 49
807818 49
807660 49
807699 49
807827 49
807255 49
808107 49
807537 49
807740 49
807827 49
807807 49
807733 49
807017 49
807171 49
807866 49
807440 49
808020 49
807580 49
807590 49
808146 49
808093 49
807699 49
807911 49
807266 49
807171 49
807549 49
808278 49
807067 49
808176 49
807981 49
862317 52
807398 49
876317 53
807633 49
807841 49
808107 49
807999 49
808204 49
857084 52
808194 49
880368 53
807778 49
807793 49
812698 49
867976 52
807755 49
917910 56
866926 52
807695 49
806833 49
850604 51
807908 49
808285 49
808334 49
891603 54
807709 49
873196 53
813291 49
877043 53
808470 49
807441 49
807866 49
808330 49
807995 49
807203 49
807594 49
807555 49
918014 56
811459 49
807374 49
807231 49
807797 49
807929 49
807670 49
807657 49
807478 49
808086 49
807995 49
807667 49
807772 49
807947 49
808212 49
807664 49
807607 49
807555 49
852286 52
850929 51
807628 49
888142 54
807824 49
808079 49
808526 49
807664 49
807643 49
807915 49
808247 49
807782 49
807586 49
807961 49
913420 55
866953 52
807604 49
807702 49
807468 49
807678 49
807436 49
807454 49
807922 49
808038 49
855621 52
808139 49
885521 54
807744 49
849951 51
807661 49
807818 49
807936 49
961338 58
807489 49
807420 49
807146 49
878935 53
807632 49
851634 51
808382 49
849860 51
807873 49
808103 49
807499 49
869443 53
807887 49
852279 52
808243 49
812900 49
807660 49
807901 49
807730 49
807859 49
807922 49
808062 49
807587 49
807112 49
806994 49
806993 49
807799 49
807723 49
807297 49
807932 49
807946 49
812206 49
808058 49
807640 49
807579 49
807747 49
808075 49
806920 49
807216 49
807642 49
807765 49
807559 49
807873 49
914209 55
807423 49
807496 49
808323 49
807887 49
807193 49
807520 49
808114 49
807475 49
880185 53
808114 49
853305 52
807427 49
808048 49
807465 49
859098 52
807531 49
881205 53
807409 49
808017 49
807454 49
890007 54
915829 55
807388 49
807615 49
807733 49
807953 49
807339 49
807831 49
807632 49
808386 49
807444 49
807287 49
807775 49
807810 49
808187 49
807520 49
807276 49
807705 49
807364 49
807611 49
869321 53
807234 49
806954 49
807039 49
807290 49
862205 52
807733 49
807252 49
807300 49
850635 51
807926 49
808135 49
812768 49
807918 49
808167 49
807479 49
807587 49
807545 49
807967 49
807454 49
808253 49
915937 55
807080 49
807311 49
806889 49
807737 49
807664 49
807332 49
807929 49
885936 54
808009 49
857450 52
807758 49
807137 49
807876 49
850160 51
807440 49
851434 51
807510 49
808017 49
873828 53
807919 49
807216 49
807653 49
912680 55
807514 49
807786 49
807356 49
807635 49
807695 49
807939 49
870958 53
807412 49
807217 49
860445 52
807950 49
807796 49
807852 49
883317 53
807817 49
807538 49
807967 49
871650 53
806976 49
866863 52
807496 49
807346 49
807479 49
807608 49
807600 49
807646 49
807960 49
807531 49
851595 51
808201 49
808023 49
808491 49
807999 49
808237 49
807831 49
808254 49
807213 49
812289 49
807873 49
881785 53
807437 49
907163 55
914016 55
807322 49
807769 49
851316 51
808372 49
851165 51
807433 49
807458 49
807590 49
807279 49
807520 49
812520 49
807461 49
807796 49
807479 49
851571 51
807827 49
808592 49
807765 49
808037 49
808334 49
916813 55
