53824517 234
43899650 191
44569971 194
43744100 190
44261685 192
43647656 190
44137512 192
44024546 191
43506941 189
44162161 192
43449693 189
44073739 192
51369661 223
44393993 193
51529317 224
44201938 192
44528459 194
45072864 196
44294019 193
43702264 190
43364581 189
44020172 191
43770463 190
44780367 195
43754215 190
45166569 196
43950603 191
44599027 194
43588540 190
44238904 192
44103772 192
44372242 193
44175987 192
44355693 193
44038924 191
44771880 195
44276094 193
51190409 223
44649340 194
44032273 191
43997649 191
44312167 193
44413513 193
44131552 192
44780639 195
44364761 193
44354548 193
43828431 191
44121267 192
46858671 204
44721300 194
43667829 190
44126190 192
43970099 191
44651711 194
43970469 191
44666417 194
44362083 193
45095181 196
43558815 189
44396189 193
43759850 190
46138647 201
43792543 190
44403567 193
43946036 191
43989930 191
44252088 192
43621498 190
44460679 193
43777241 190
44458650 193
44025974 191
44215812 192
48559470 211
44866107 195
44283105 193
43968014 191
44388714 193
44666263 194
44500934 194
43923849 191
44283715 193
45336441 197
43641378 190
45050636 196
43784181 190
47163808 205
43613129 190
44575945 194
43767622 190
44326541 193
44560919 194
44307461 193
44430401 193
44056454 192
44285406 193
46008123 200
44276974 193
51509472 224
44619632 194
44098783 192
44269122 192
43981844 191
44861921 195
43899054 191
44794922 195
43599503 190
44758463 195
43682960 190
44759332 195
44445215 193
44662391 194
44302834 193
44408151 193
44161927 192
46305565 201
45616331 198
44504980 194
44218480 192
44619276 194
45012946 196
44049725 192
44150731 192
50914404 221
43926317 191
44343439 193
44226451 192
43795511 190
44193080 192
43730404 190
44482276 193
43610455 190
44478931 193
44082793 192
44126850 192
46460839 202
44847387 195
45753070 199
43921000 191
45263098 197
45389467 197
44423698 193
43816633 191
43566667 189
45587231 198
43905953 191
45426535 198
43677216 190
47298312 206
43666620 190
44727735 194
44053964 192
44269248 192
44050518 192
44188364 192
44787252 195
44152741 192
44309646 193
43878891 191
44542173 194
50815316 221
45094291 196
43916088 191
43970964 191
43745263 190
45179728 196
43915906 191
44668106 194
43637118 190
44089084 192
43961706 191
44626821 194
44438459 193
47007797 204
44563397 194
44361454 193
44134447 192
44762202 195
43680006 190
45362727 197
44374222 193
45094420 196
44970583 196
44183612 192
44036138 191
52045604 226
44228061 192
44198520 192
44376471 193
43863836 191
44372009 193
44079225 192
44920712 195
43970937 191
44316119 193
43847245 191
45170374 196
44927656 195
45151054 196
43954765 191
43830651 191
44557340 194
44589648 194
44754231 195
44966777 196
44367382 193
44884224 195
44072361 192
44859156 195
43834237 191
47348500 206
43794959 190
44968756 196
44171256 192
44222205 192
44544649 194
44004485 191
44627044 194
43758230 190
44164207 192
49468201 215
44288691 193
50114403 218
45101137 196
44046225 192
44273898 193
43916091 191
44365186 193
43768701 190
44386477 193
43694192 190
45026136 196
44253782 192
44690489 194
44538832 194
46728702 203
43955882 191
47021302 204
44096070 192
45110386 196
43914967 191
44453353 193
44541304 194
44739117 195
44761270 195
44278863 193
44290803 193
43964191 191
44328223 193
43814769 191
43989057 191
43796809 190
44428135 193
43944308 191
44585972 194
44019044 191
45242859 197
43800496 190
43956423 191
43724088 190
44594166 194
44471533 193
44506698 194
44417319 193
45532068 198
44668386 194
44507728 194
44092195 192
44046297 192
43788255 190
44449883 193
44063325 192
43989961 191
44386526 193
44306148 193
44432214 193
43844986 191
44037119 191
43722971 190
44488507 193
43863770 191
44701163 194
44265093 192
43887794 191
44061586 192
44184977 192
44271129 193
43996741 191
44350460 193
45066863 196
43618691 190
45022607 196
43898495 191
44451391 193
43482840 189
44476738 193
44100420 192
43922990 191
44152951 192
43845129 191
44623588 194
43796512 190
43833119 191
45061403 196
44478868 193
43656887 190
44935162 195
43691828 190
43809791 190
43767506 190
43948373 191
43345162 188
44451339 193
43465561 189
45165329 196
43692178 190
44929974 195
44394074 193
46814554 204
43654268 190
43904521 191
44288918 193
44262897 192
44239564 192
44009010 191
44648743 194
44363497 193
45576177 198
44036497 191
44147756 192
43972927 191
45992314 200
43940925 191
44237791 192
43889292 191
43958172 191
43860551 191
44149030 192
44093943 192
45553693 198
43757256 190
47082225 205
43967983 191
44787158 195
44847034 195
47088269 205
45772353 199
45186107 196
44853466 195
44232589 192
43615438 190
43985394 191
44441336 193
44201432 192
44595615 194
43969725 191
44578026 194
44155853 192
44262153 192
43654076 190
43899137 191
43884124 191
45022774 196
43814318 191
45202317 197
44695534 194
47949779 209
44107840 192
44529926 194
44537477 194
44329386 193
44541000 194
45399571 197
44345073 193
45203898 197
43969320 191
44625030 194
44039084 191
45066657 196
44498329 193
44154718 192
44032077 191
43936990 191
44787192 195
43881457 191
44578016 194
48769967 212
44978180 196
44555748 194
44890952 195
43870631 191
44809628 195
43701074 190
44122237 192
43928398 191
44299856 193
43899549 191
45149853 196
43809437 190
45085343 196
44556906 194
44505640 194
43814424 191
45321959 197
44181349 192
45228547 197
44168051 192
44366478 193
44707328 194
44461830 193
44904118 195
44044898 192
44446737 193
44218725 192
44545828 194
43793262 190
44531800 194
43692673 190
44347604 193
44202755 192
44592945 194
43971743 191
45163951 196
44039227 191
44947407 195
44081427 192
44825845 195
44093427 192
48288517 210
44045927 192
45819689 199
44753983 195
44491028 193
43886335 191
44583933 194
44170456 192
45204712 197
44151750 192
43942175 191
44253264 192
44630295 194
44811587 195
43701049 190
44302873 193
44049761 192
44992916 196
43988736 191
44708662 194
44414719 193
44692632 194
44215118 192
45398964 197
43839564 191
43823476 191
44123487 192
45209649 197
43858173 191
44709660 194
43546379 189
44586960 194
43871300 191
44499146 194
44439217 193
46078750 200
44243286 192
44309688 193
44056150 192
44244215 192
44861108 195
46079735 200
45019095 196
44325944 193
44355575 193
43713467 190
44412030 193
44534664 194
44247927 192
43975608 191
44303990 193
43985289 191
44864547 195
43719172 190
44578549 194
44199376 192
44323664 193
43796199 190
44865723 195
44020664 191
45057108 196
44270019 193
44326722 193
44494216 193
44604420 194
44632529 194
44001399 191
44449935 193
43999276 191
44581291 194
44123858 192
44372061 193
43933080 191
44388827 193
44703536 194
44100270 192
43878179 191
45145499 196
43900596 191
44773831 195
43898365 191
44178350 192
44029623 191
45517746 198
43982116 191
45163336 196
44464823 193
45028040 196
44101245 192
44731726 195
44103824 192
44977834 196
44109092 192
44197515 192
44241624 192
44248000 192
44935893 195
45579815 198
44543559 194
44254416 192
45040525 196
43894511 191
44632753 194
44403511 193
44532719 194
44162602 192
45471346 198
44095075 192
44129130 192
44081493 192
45316850 197
43804295 190
44742573 195
43805576 190
44420891 193
44058482 192
45055199 196
45046893 196
44649661 194
44300471 193
44337462 193
44449227 193
44441564 193
44979534 196
45323135 197
45847531 199
45178108 196
44786798 195
43954133 191
44613882 194
45246427 197
44171650 192
43667612 190
44235595 192
43892500 191
45268024 197
44379578 193
44242102 192
44148877 192
44556973 194
43978293 191
44864539 195
43776605 190
45267242 197
44135976 192
44550542 194
44325654 193
44449394 193
45023280 196
44280608 193
44372036 193
43602467 190
44716004 194
44438215 193
44494799 193
43946445 191
44582421 194
44212587 192
44367474 193
43443429 189
44637578 194
43935936 191
45174791 196
44115806 192
44396508 193
44220062 192
52636091 229
44076302 192
47535730 207
44220124 192
44329743 193
43716442 190
44008444 191
43802536 190
45224180 197
43779956 190
44113596 192
44159362 192
44261699 192
44621639 194
43448903 189
44246533 192
43679724 190
44993039 196
43653046 190
44517517 194
44333056 193
44355871 193
44104393 192
44886252 195
43621265 190
43940985 191
44166253 192
46001633 200
43857042 191
44533306 194
43634260 190
44086490 192
43776822 190
44921819 195
44454872 193
45144277 196
43908654 191
43965717 191
44584931 194
44102840 192
44431337 193
43422471 189
45476405 198
43987971 191
44428715 193
43762221 190
44081836 192
45065847 196
43649670 190
43239137 188
43864186 191
43820323 191
45370422 197
44096028 192
44502221 194
44150650 192
44545200 194
43692062 190
44413552 193
45780983 199
44992724 196
44729139 195
45003240 196
44603967 194
44040044 191
45245836 197
44599917 194
44560499 194
44313871 193
44209961 192
44102263 192
44385150 193
44249169 192
44168020 192
44327214 193
44883421 195
43914223 191
44819690 195
43587196 190
44457665 193
43855094 191
44733730 195
44045132 192
51830721 225
44122015 192
45691489 199
44248803 192
44455821 193
43672419 190
44216860 192
43875095 191
45247540 197
44337982 193
44215634 192
44456785 193
44269806 193
44799684 195
43630105 190
44380982 193
43637660 190
44483344 193
43910278 191
44934307 195
44438229 193
44262716 192
44239397 192
44750314 195
43770583 190
44141451 192
43881307 191
45541697 198
44017735 191
44723130 194
44271604 193
44642550 194
43957491 191
44830425 195
44489063 193
44034769 191
44220100 192
44192110 192
45256426 197
44512905 194
45734964 199
43707054 190
45455709 198
43986752 191
44557692 194
43566650 189
44384776 193
45102873 196
44302042 193
43859507 191
43972264 191
43569453 189
44837824 195
44195350 192
44562608 194
43690407 190
45268457 197
43877313 191
44753473 195
44185198 192
44845128 195
44009380 191
44916376 195
44142627 192
46150025 201
44684770 194
44197267 192
44552326 194
43894395 191
44553052 194
44482782 193
45120906 196
43941459 191
44154696 192
44096056 192
44143235 192
44396193 193
45317119 197
43899626 191
44338725 193
43982025 191
44529995 194
43972854 191
52023140 226
44413818 193
47202433 205
43746918 190
44656819 194
44019931 191
44841877 195
43772880 190
45458799 198
44064215 192
44207943 192
44686170 194
44319625 193
44800840 195
43987039 191
44375342 193
43657686 190
44207696 192
44153562 192
44616798 194
44205894 192
44812540 195
43655253 190
44464588 193
44016803 191
44257723 192
43693616 190
45370394 197
43868598 191
44791110 195
43732590 190
44352527 193
44434766 193
44723074 194
44770304 195
44129122 192
43874632 191
44408029 193
44986671 196
44707883 194
44690405 194
43793527 190
45031660 196
43913819 191
44924605 195
43708583 190
44353655 193
44660251 194
44251592 192
43936505 191
43911793 191
43678261 190
45985094 200
44209770 192
44182862 192
43663206 190
44494496 193
44515646 194
45750926 199
44172844 192
44812829 195
43895119 191
44848676 195
44107776 192
44762680 195
44413727 193
44184468 192
44358713 193
43762598 190
44310041 193
44527279 194
44671461 194
43756537 190
44010832 191
43764560 190
44315019 193
43735686 190
44751050 195
43547625 189
43775359 190
43748825 190
44695845 194
43435777 189
51381528 224
44218473 192
45607016 198
43882208 191
44460759 193
43725338 190
44793289 195
43670873 190
44649776 194
43692505 190
44018206 191
44609141 194
44308431 193
44791783 195
43864039 191
45173307 196
43565026 189
44474766 193
44260781 192
44117343 192
44259852 192
44646547 194
43810771 190
44255743 192
43922739 191
44507295 194
43667542 190
47442630 206
43486785 189
44247053 192
43959800 191
44492279 193
44569200 194
44545508 194
43945310 191
44378932 193
43756757 190
44608896 194
43969373 191
44591443 194
44809422 195
44050993 192
44706211 194
43785512 190
44952847 195
43632929 190
43932068 191
43652547 190
44193807 192
44224684 192
43990943 191
43764067 190
44940218 195
44018744 191
44069781 192
43439229 189
44345370 193
43799603 190
44735479 195
44174619 192
44903402 195
43963305 191
44914668 195
44405236 193
44568131 194
44400725 193
44292182 193
44391497 193
43754707 190
44391371 193
44877109 195
44943731 195
43785173 190
43840605 191
43993233 191
44530990 194
43675939 190
44676656 194
43692746 190
43903075 191
44422190 193
44757104 195
43312654 188
46492620 202
44300687 193
45552524 198
43777453 190
44559156 194
43877920 191
44330936 193
44167451 192
44548869 194
43927777 191
43833412 191
44488194 193
43962261 191
44702245 194
45636085 198
44332685 193
43358607 189
43830455 191
43995003 191
44650377 194
43748541 190
44531965 194
43811567 191
44346882 193
43672982 190
44731988 195
43266995 188
44810441 195
43635634 190
44629390 194
43682736 190
44176301 192
44577987 194
43921311 191
44115266 192
43694904 190
44308393 193
44128243 192
44180606 192
44602615 194
44682194 194
44140096 192
46240189 201
44394587 193
45121754 196
43431252 189
43633191 190
43820683 191
44053238 192
44379899 193
44601914 194
43756352 190
47583356 207
43946808 191
44088888 192
43482672 189
44200071 192
43869373 191
44676018 194
43853582 191
44257674 192
44608865 194
44423705 193
44889126 195
44195744 192
44488993 193
43706551 190
44411552 193
43812922 191
44824445 195
44538860 194
44194614 192
43564104 189
