3826987 58
4071758 62
3724648 56
3763800 57
3634383 55
3641882 55
3873656 59
3633056 55
3635462 55
3640018 55
3736362 57
3633985 55
3779295 57
3635636 55
3867923 59
3886605 59
3635398 55
3638325 55
3640768 55
3743892 57
3634945 55
3771688 57
3635567 55
3736023 57
3777707 57
3637718 55
3640197 55
3772336 57
3635689 55
3633343 55
3771641 57
3640560 55
3739451 57
3772564 57
3719635 56
3636467 55
3740017 57
3635026 55
3635748 55
3842464 58
3738495 57
3637218 55
3771369 57
3767093 57
3726492 56
3695251 56
3909857 59
3636251 55
3879500 59
3637330 55
3639152 55
3797170 57
3803011 58
3634212 55
3639368 55
3634072 55
3636174 55
3829410 58
3696596 56
3635546 55
3774822 57
3878641 59
3636683 55
3634327 55
3641474 55
3737891 57
3634596 55
3634666 55
3636167 55
3860434 58
3764618 57
3641295 55
3634812 55
3681320 56
3743679 57
3635182 55
3637103 55
3635123 55
3881455 59
3782314 57
3633521 55
3636537 55
3870586 59
3633936 55
3635402 55
3641805 55
3635710 55
3739969 57
3774110 57
3636261 55
3640284 55
3869547 59
3637068 55
3635004 55
3728223 56
3740737 57
3769837 57
3768119 57
3635416 55
3745152 57
3693355 56
3636233 55
3637557 55
3733750 56
3635294 55
3729484 56
3773387 57
3728876 56
3636233 55
3840757 58
3695897 56
3640234 55
3887079 59
3635696 55
3634596 55
3727623 56
3875271 59
3634871 55
3764418 57
3774522 57
3735478 56
3635783 55
3637543 55
3764848 57
3726917 56
3743495 57
3639152 55
3767313 57
3764460 57
3743963 57
3781184 57
3636174 55
3637337 55
3812026 58
3650866 55
3635256 55
3813053 58
3920691 59
3636006 55
3786385 57
3635175 55
3739585 57
3636698 55
3635172 55
3640200 55
3863492 58
3764641 57
3636541 55
3635351 55
3727291 56
3636219 55
3713144 56
3635703 55
3730925 56
3872144 59
3912231 59
3640412 55
3634579 55
3740471 57
3634673 55
3634519 55
3635989 55
3738369 57
3764356 57
3772721 57
3637260 55
3722923 56
3743686 57
3635228 55
3639973 55
3633657 55
3734630 56
3768783 57
3772797 57
3723464 56
3742869 57
3633500 55
3644801 55
3633388 55
3727665 56
3639966 55
3897208 59
3717047 56
3639669 55
3751832 57
3634508 55
3683771 56
3735370 56
3633800 55
3638269 55
3774411 57
3772756 57
3747995 57
3636098 55
3633884 55
3728622 56
3636607 55
3702890 56
3637731 55
3860078 58
3876864 59
3679603 56
3636900 55
3640423 55
3750104 57
3633779 55
3642158 55
3635249 55
3871250 59
3768513 57
3634802 55
3638105 55
3735925 57
3682494 56
3635717 55
3773227 57
3725308 56
3772693 57
3721548 56
3631807 55
3641250 55
3740869 57
3765724 57
3637427 55
3635622 55
3873945 59
3776233 57
3642878 55
3776666 57
3730842 56
3636119 55
3769289 57
3766418 57
3737933 57
3634630 55
3768832 57
3765176 57
3743596 57
3635608 55
3635703 55
3763719 57
3737619 57
3636171 55
3633123 55
3767372 57
3635999 55
3745631 57
3636153 55
3636509 55
3766883 57
3738586 57
3637522 55
3635702 55
3766007 57
3741187 57
3632962 55
3635965 55
3637891 55
3874091 59
3635375 55
3640070 55
3635773 55
3778087 57
3744116 57
3637148 55
3638890 55
3634798 55
3956142 60
3642197 55
3635172 55
3725234 56
3765445 57
3634124 55
3631908 55
3730604 56
3743166 57
3827625 58
3634068 55
3871232 59
3634428 55
3773635 57
3711329 56
3794189 57
3769969 57
3634435 55
3818750 58
3874406 59
3634858 55
3634564 55
3635266 55
3868230 59
3635378 55
3638468 55
3637529 55
3888515 59
3635158 55
3634714 55
3743232 57
3734172 56
3877841 59
3634857 55
3638185 55
3635608 55
3958669 60
3634837 55
3634191 55
3635479 55
3743585 57
3722965 56
3637529 55
3635364 55
3740091 57
3803891 58
3635176 55
3634697 55
3729166 56
3744312 57
3634540 55
3640925 55
3634082 55
3738153 57
3776743 57
3636548 55
3638970 55
3767068 57
3782870 57
3635005 55
3768810 57
3739263 57
3634202 55
3777469 57
3636063 55
3731369 56
3636656 55
3796137 57
3634617 55
3633384 55
3742751 57
3635609 55
3774603 57
3637500 55
3857348 58
3638751 55
3770521 57
3635762 55
3636456 55
3775538 57
3638904 55
3812805 58
3634278 55
3726960 56
3635127 55
3772215 57
3636070 55
3633793 55
3872447 59
3634243 55
3633566 55
3636628 55
3876106 59
3635315 55
3850442 58
3717823 56
3636858 55
3738170 57
3773398 57
3636363 55
3635849 55
3721272 56
3695914 56
3692266 56
3777954 57
3731536 56
3634533 55
3768165 57
3634470 55
3726104 56
3741756 57
3638601 55
3641205 55
3634865 55
3739605 57
3633524 55
3778621 57
3639718 55
3726258 56
3635391 55
3635039 55
3633860 55
3634379 55
3950507 60
3635731 55
3790621 57
3635709 55
3731865 56
3742290 57
3716126 56
3640287 55
3635814 55
3733575 56
3638436 55
3634561 55
3633423 55
3635381 55
3739133 57
3773587 57
3777504 57
3633664 55
3729127 56
3745198 57
3634994 55
3636882 55
3635958 55
3734236 56
3744050 57
3643646 55
3635727 55
3642155 55
3719934 56
3633206 55
3634142 55
3724397 56
3742000 57
3734298 56
3778813 57
3639267 55
3744996 57
3767309 57
3635609 55
3639686 55
3736003 57
3635493 55
3691114 56
3635242 55
3635270 55
3743135 57
3786274 57
3775380 57
3724450 56
3646658 55
3636614 55
3711835 56
3637462 55
3741371 57
3633273 55
3775276 57
3641652 55
3735074 56
3638266 55
3635514 55
3637103 55
3635326 55
3740496 57
3639470 55
3839301 58
3774522 57
3743393 57
3636754 55
3717431 56
3638031 55
3732399 56
3636223 55
3693100 56
3835331 58
3721863 56
3635755 55
3636188 55
3641781 55
3735213 56
3695684 56
3635127 55
3638224 55
3906275 59
3738359 57
3639505 55
3635927 55
3769302 57
3736766 57
3636607 55
3639100 55
3782525 57
3925359 59
3635877 55
3785307 57
3635730 55
3869277 59
3742859 57
3635424 55
3642231 55
3634355 55
3882125 59
3634819 55
3635577 55
3636125 55
3877202 59
3641205 55
3634341 55
3635091 55
3636115 55
3792143 57
3633905 55
3666706 55
3642441 55
4003136 61
3634205 55
3634111 55
3635612 55
3798424 57
3635120 55
3640838 55
3636094 55
3742775 57
3817350 58
3635280 55
3635818 55
3737580 57
3635490 55
3770105 57
3642011 55
3726890 56
3633147 55
3771104 57
3635165 55
3730559 56
3637972 55
3635274 55
3781271 57
3769177 57
3741127 57
3774372 57
3769481 57
3635653 55
3739406 57
3646470 55
3764205 57
3771272 57
3737426 57
3770975 57
3635228 55
3814554 58
3740240 57
3772382 57
3635357 55
3679610 56
3872744 59
3633908 55
3634121 55
3635063 55
3867762 59
3634204 55
3634917 55
3634051 55
3724816 56
4015491 61
3638716 55
3635668 55
3639313 55
4104349 62
3708197 56
3634250 55
3728908 56
3636328 55
3784193 57
3637158 55
3737779 57
3637825 55
3769649 57
3635367 55
3634816 55
3740652 57
3635807 55
3774256 57
3637365 55
3735673 57
3634068 55
3711468 56
3633898 55
3723765 56
3827601 58
3767177 57
3788456 57
3642658 55
3709590 56
3636907 55
3701203 56
3765957 57
3740059 57
3639396 55
3773412 57
3771202 57
3735657 57
3634107 55
3634806 55
3729068 56
3742094 57
3637427 55
3635162 55
3770367 57
3875122 59
3635601 55
3633597 55
3635591 55
3782716 57
3634644 55
3640873 55
3634114 55
3791155 57
3810647 58
3769445 57
3635022 55
3766380 57
3771854 57
3639069 55
3639222 55
3736627 57
3681407 56
3770186 57
3635148 55
3738499 57
3639668 55
3772459 57
3633793 55
3858269 58
3634976 55
3718507 56
3846587 58
3639446 55
3739619 57
3635134 55
3845246 58
3635120 55
3740576 57
3636572 55
3777186 57
3767180 57
3741721 57
3633611 55
3635175 55
3700065 56
3738851 57
3638887 55
3634851 55
3769484 57
3869280 59
3634854 55
3634568 55
3635112 55
3635050 55
3741212 57
3641858 55
3647532 55
3808646 58
3771170 57
3636233 55
3635532 55
3743865 57
3812351 58
3864781 58
3642525 55
3830460 58
3642756 55
3730545 56
3634672 55
3742778 57
3639606 55
3777329 57
3818502 58
3747122 57
3634156 55
3637263 55
3637958 55
3741399 57
3633793 55
3636156 55
3776739 57
3874584 59
3634970 55
3634278 55
3636282 55
3784413 57
3739511 57
3633856 55
3634948 55
3767079 57
3916976 59
3637050 55
3635727 55
3638297 55
3744036 57
3634296 55
3635039 55
3642459 55
3873226 59
3776219 57
3640465 55
3636572 55
3936811 60
3635381 55
3697534 56
3730280 56
3634959 55
3771809 57
3826599 58
3856946 58
3639620 55
3633755 55
3638240 55
3710162 56
3803249 58
3638485 55
3855941 58
3765295 57
3743945 57
3635549 55
3635888 55
3778394 57
3790967 57
3634243 55
3633762 55
3776593 57
3872542 59
3635165 55
3641673 55
3634574 55
3637403 55
3742210 57
3633423 55
3637138 55
3775081 57
3878030 59
3764355 57
3634271 55
3635119 55
3885498 59
3831533 58
3635137 55
3639020 55
3879391 59
3771017 57
3633810 55
3635127 55
3737490 57
3634788 55
3798326 57
3634662 55
3738086 57
3916582 59
3767637 57
3723244 56
3634229 55
3636055 55
3635190 55
3773321 57
3743641 57
3764600 57
3768769 57
3633911 55
3748222 57
3640999 55
3635793 55
3633461 55
3873243 59
3797132 57
3645880 55
3769341 57
3736351 57
3636349 55
3636244 55
3634620 55
4333067 66
3775625 57
3634892 55
3634749 55
3865754 58
3742556 57
3636963 55
3637542 55
3641327 55
3745006 57
3773649 57
3635455 55
3636324 55
3873886 59
3635189 55
3646767 55
3639211 55
3744241 57
3775178 57
3776994 57
3634596 55
3741096 57
3837017 58
3718490 56
3633591 55
3744287 57
3634190 55
3635500 55
3762787 57
3866739 59
3635315 55
3768796 57
3646117 55
3732630 56
3636960 55
3636066 55
3634924 55
3869860 59
3634634 55
3636233 55
3771006 57
3760965 57
3716454 56
3634875 55
3635476 55
3724571 56
3768678 57
3637905 55
3636212 55
3858412 58
3744022 57
3636153 55
3635696 55
3639934 55
3789821 57
3767243 57
3643268 55
3639966 55
3873666 59
3640552 55
3640245 55
3642556 55
3734679 56
3638905 55
3765005 57
3636453 55
3754210 57
3767089 57
3634257 55
3777535 57
3738641 57
3634083 55
3706091 56
3768982 57
3807942 58
3634027 55
3766136 57
4103724 62
3880014 59
3636907 55
3638883 55
3688775 56
3735901 57
3635305 55
3635371 55
3765584 57
3736955 57
3775678 57
3634400 55
3640692 55
3726981 56
3636293 55
3639501 55
3635605 55
3775189 57
3743341 57
3770727 57
3633918 55
3633845 55
3742352 57
3633643 55
3637309 55
3634554 55
3875527 59
3650094 55
3776767 57
3635063 55
3732218 56
3634728 55
3639173 55
3638520 55
3733387 56
3886699 59
3634571 55
3773234 57
3635231 55
3743107 57
3634627 55
3692993 56
3634438 55
3738391 57
3773688 57
3636003 55
3775828 57
3872276 59
3641100 55
3679337 56
3712341 56
3730259 56
3635106 55
3771666 57
3764509 57
3869002 59
3637720 55
3636153 55
3635570 55
3698652 56
3749614 57
3636304 55
3777273 57
3638133 55
3875559 59
3639962 55
3635881 55
3635336 55
3789311 57
3642381 55
3636101 55
3770912 57
3749468 57
3771527 57
3634369 55
3640287 55
3734797 56
3678416 56
3636482 55
3641062 55
3926424 59
3776816 57
3774577 57
3635427 55
3775454 57
3742066 57
3686264 56
3635325 55
3635025 55
3876679 59
3634935 55
3773066 57
3635364 55
3868150 59
3635238 55
3765800 57
3637284 55
3727773 56
3698278 56
3636059 55
3773726 57
3723866 56
3765277 57
3635029 55
3709960 56
3768175 57
3739009 57
3636858 55
3634202 55
3712184 56
3741783 57
3764150 57
3770050 57
3732528 56
3738159 57
3636069 55
3635692 55
3634924 55
3777183 57
3635294 55
3769065 57
3634529 55
3822647 58
3633772 55
3639938 55
3636517 55
3723890 56
3771464 57
3638898 55
3767277 57
3722763 56
3796846 57
3636495 55
3640340 55
3791249 57
3740656 57
3771820 57
3652388 55
3766139 57
3740642 57
3638656 55
3635483 55
3634855 55
3739804 57
3634729 55
3772700 57
3636006 55
4004469 61
3641729 55
3703505 56
3634641 55
3736484 57
3633423 55
3636667 55
