37567487 191
27040192 137
26118630 132
26341713 133
25713843 130
25903494 131
27200790 138
26262139 133
26976890 137
26815398 136
25918849 131
27240022 138
26250484 133
26190074 133
26620239 135
26845005 136
36088573 183
26532030 134
26218475 133
26781997 136
26643013 135
26322406 133
27729150 141
26056370 132
26091907 132
26155726 133
25763721 131
25913298 131
26313046 133
26450371 134
26799618 136
27131183 137
26092246 132
30176461 153
26811523 136
26047861 132
26454669 134
25657821 130
26044952 132
26427241 134
26159350 133
26675419 135
26658424 135
25729974 130
26954340 137
26046851 132
26426466 134
26066316 132
25867787 131
33839547 172
26577072 135
26419382 134
26956909 137
26560806 135
25699141 130
27296300 138
26942186 137
26196567 133
25967717 132
25937314 131
25746750 130
26430048 134
26118459 132
26759932 136
26637116 135
26016955 132
30097141 153
26314289 133
26200199 133
26562652 135
26617589 135
25601087 130
25905397 131
25951378 131
26749049 136
26773310 136
26381476 134
26798636 136
26410504 134
26320674 133
26153610 133
26040682 132
30277417 153
25847063 131
27674073 140
26635290 135
26679742 135
25659787 130
26756677 136
26808150 136
26126360 132
25823786 131
25570743 130
25993947 132
25525632 129
25827470 131
26194550 133
26626203 135
25862104 131
29564474 150
25835621 131
25925985 131
25815547 131
25688493 130
26232850 133
25343684 128
25761298 131
26131094 132
26585758 135
25578533 130
26670161 135
26310689 133
25577768 130
26103764 132
26118592 132
25820134 131
26276484 133
25582691 130
25992142 132
26399789 134
26331288 133
26502277 134
26482771 134
26509249 134
26478790 134
26572006 135
26075991 132
25834654 131
25851479 131
25668474 130
25825493 131
26094617 132
37195655 189
26425320 134
25518789 129
26256790 133
26041859 132
25851504 131
25730825 130
37721707 191
25814489 131
27272765 138
25759989 131
27714525 140
26925509 136
25845607 131
29442727 149
25857006 131
25684907 130
25622147 130
25665321 130
25951922 131
26904316 136
25898022 131
26609409 135
26567327 135
25844888 131
26543234 135
26142483 132
25816947 131
25818734 131
25957745 132
25711888 130
26062723 132
26133039 132
39906266 202
26850039 136
26296102 133
26587766 135
26181593 133
26142814 132
26621992 135
26171995 133
26388675 134
27027938 137
26222407 133
27201534 138
26901963 136
25961380 132
26714712 135
26907172 136
26089861 132
28339517 144
25952369 132
26212464 133
26742468 136
26690862 135
27271598 138
26497250 134
26502113 134
26742450 136
26058174 132
25945522 131
25831806 131
35455069 180
26523916 134
27219909 138
25972053 132
33394986 169
27196133 138
25975677 132
25955518 132
25837375 131
25763762 131
26062207 132
26610666 135
26384660 134
26909685 136
25665844 130
26693759 135
26578528 135
25987925 132
26125421 132
25840031 131
26061358 132
27016922 137
26378041 134
26366122 134
26368261 134
25598308 130
27135952 138
27190865 138
26111323 132
26174750 133
26634075 135
25785343 131
28174051 143
26856201 136
26767343 136
26460395 134
25799469 131
34630929 176
26784206 136
25780762 131
26326247 133
26740942 136
26280230 133
26307059 133
26190765 133
26324260 133
26596254 135
26084052 132
26909821 136
26926419 136
25978250 132
26196246 133
25859618 131
25990707 132
26442083 134
37920064 192
26695003 135
26620036 135
26180270 133
27233483 138
26627592 135
25783210 131
26186537 133
26262027 133
26365741 134
26412186 134
25925014 131
26426030 134
26841335 136
26371100 134
31266103 159
26065282 132
26084481 132
26142888 132
26910028 136
27073210 137
26580106 135
25879916 131
27000056 137
27041924 137
26409271 134
27067515 137
27172155 138
26046104 132
26346465 134
26543890 135
28777810 146
26651528 135
26328537 133
28148467 143
27103580 137
26224575 133
27218240 138
26256860 133
26249922 133
26824113 136
26639305 135
26309806 133
26691857 135
26055137 132
26984725 137
26867209 136
26542965 135
30910795 157
26388141 134
26273478 133
26521367 134
26414861 134
26910537 136
26365360 134
28235806 143
26973742 137
26891496 136
26382433 134
27510755 139
26391266 134
26096928 132
26367385 134
26050744 132
26066424 132
26152783 133
27997585 142
26841569 136
26838546 136
26091531 132
26779573 136
26055524 132
26092738 132
26136580 132
26793053 136
27086453 137
28087641 142
26634655 135
26935298 137
26868624 136
26456002 134
27039808 137
27413242 139
26193586 133
26229742 133
30353145 154
26735443 135
26311597 133
26341441 133
27879208 141
26906338 136
26312561 133
26932037 136
26355491 134
26374615 134
27001696 137
26565240 135
26274564 133
26286871 133
26426487 134
26797236 136
26848465 136
26174771 133
28272109 143
26470583 134
26230151 133
26215833 133
26299677 133
27087329 137
26262850 133
36416620 185
26940685 137
27135789 138
26391168 134
28522806 145
27143442 138
26480530 134
26447760 134
26217166 133
26378208 134
26860003 136
26219991 133
27051811 137
27289799 138
26288288 133
27250909 138
26429356 134
26399921 134
26403852 134
26928808 136
27772201 141
26788769 136
26394118 134
27083719 137
27661910 140
26401856 134
27437567 139
27339624 139
26333551 133
26326585 133
26432649 134
26980643 137
27062456 137
26191233 133
27413791 139
26800791 136
26399157 134
27319036 138
26271429 133
26277194 133
27119736 137
26535636 134
26366561 134
26795326 136
26065750 132
27184639 138
27250469 138
26860845 136
27299724 138
26372856 134
26132923 132
26181405 133
26283233 133
26759942 136
26777821 136
28666531 145
27039898 137
27068762 137
26231485 133
27882330 141
26935511 137
26529090 134
26116916 132
26303794 133
26208361 133
26702237 135
26647329 135
26838434 136
27184276 138
26060580 132
26905632 136
26165449 133
25867568 131
26046011 132
26714896 135
27105924 137
26494366 134
26123266 132
26695292 135
26890633 136
26621401 135
27455589 139
27108050 137
25811947 131
26687824 135
26145838 132
26859354 136
26216021 133
26223793 133
27226406 138
26823589 136
26367647 134
26840889 136
26467217 134
25941238 131
27034522 137
26111117 132
26514134 134
26448200 134
26120086 132
26352784 134
27435674 139
26467203 134
27221592 138
32785485 166
26014089 132
26003004 132
26381462 134
26724023 135
26285866 133
36389147 185
27073657 137
27153284 138
26286958 133
27015871 137
26704038 135
26619014 135
26350201 134
26203749 133
26221720 133
26388120 134
26137895 132
27124602 137
27591846 140
26204458 133
26726683 135
25990631 132
26134712 132
26296863 133
26581251 135
26877949 136
30474932 155
26006834 132
27246719 138
27048285 137
26293110 133
26751262 136
26628671 135
25866967 131
26222868 133
26321687 133
26537386 134
26358982 134
25971253 132
27154740 138
27133393 138
26302764 133
27212490 138
25940994 131
26168825 133
51596092 262
26869486 136
26801174 136
26540214 134
26746004 136
26901586 136
26783955 136
27161942 138
27653059 140
26420460 134
26812940 136
26102109 132
26835575 136
26537648 134
26779877 136
26465419 134
26198795 133
26058911 132
27318463 138
27835214 141
26641707 135
26857200 136
26369299 134
26134369 132
26609412 135
28098680 142
26169928 133
26545346 135
25973306 132
26914870 136
27142967 138
26286466 133
26923141 136
26797593 136
26486628 134
27347444 139
26387607 134
26161047 133
26270155 133
26029398 132
26374200 134
27085293 137
26410902 134
27336509 139
26499260 134
25989712 132
26315661 133
26471424 134
27800636 141
26126371 132
26103736 132
25996217 132
26981122 137
26336386 133
27216928 138
27094127 137
25901256 131
26054536 132
26493702 134
26379399 134
26380139 134
26115875 132
26607234 135
27379746 139
26208648 133
26992598 137
26903237 136
26805978 136
26586010 135
26296148 133
26229875 133
26926618 136
26268908 133
26718947 135
27249631 138
26339440 133
27045348 137
26880250 136
26162743 133
26396981 134
26101732 132
26205652 133
27335410 139
26096491 132
26053370 132
26092375 132
25859740 131
26562213 135
27880105 141
26581265 135
26599860 135
26155897 133
26191544 133
26255239 133
26254329 133
26098370 132
26559839 135
26571699 135
26433291 134
27163237 138
26231090 133
27145572 138
26766638 136
27381775 139
26489840 134
26288634 133
26104885 132
26743215 136
25918384 131
26467056 134
26982683 137
26294775 133
26863631 136
26364128 134
25922571 131
26402794 134
26610079 135
26926161 136
27444842 139
26014770 132
26288177 133
26788194 136
26127533 132
26655718 135
26557915 135
26782038 136
26506830 134
27206889 138
27158179 138
26305351 133
26250362 133
26755050 136
26956142 137
26249518 133
26795463 136
27926659 142
26128235 132
26920746 136
26121309 132
26169621 133
26492596 134
26387914 134
26902028 136
27478374 139
26374403 134
26626890 135
26209559 133
26347820 134
26510307 134
26265029 133
26053129 132
26519786 134
26832911 136
26801838 136
27065190 137
26070271 132
26672205 135
27314507 138
27590180 140
26256067 133
26196530 133
25796966 131
27975011 142
27025874 137
26741616 136
27753561 141
26004910 132
26690108 135
26659108 135
26448213 134
26274910 133
26368502 134
26803978 136
26953408 137
26164025 133
26611632 135
27219228 138
26398238 134
26639990 135
26880658 136
28135919 143
26688516 135
26053891 132
26483161 134
27162487 138
26364885 134
26666237 135
26730685 135
25802887 131
26769075 136
26536168 134
26640265 135
26883850 136
25897013 131
26140831 132
26687203 135
26295774 133
26387425 134
27357678 139
26269072 133
27036114 137
26764372 136
26316900 133
26594033 135
26242915 133
26855947 136
27187401 138
27203161 138
26707879 135
27227353 138
26258085 133
27218240 138
27202316 138
27784530 141
26556466 135
26282800 133
26256084 133
28707676 146
26374012 134
27031844 137
27487804 139
26397295 134
27101808 137
26853842 136
26707338 135
26688003 135
26574429 135
26933336 136
27194108 138
26654346 135
27199952 138
27129214 137
27310701 138
27319080 138
26905681 136
29583529 150
26935591 137
26872154 136
27317869 138
28427968 144
26552269 135
27315153 138
27255447 138
26508456 134
26795337 136
26851743 136
26950544 137
26944278 137
26454585 134
26502832 134
27086057 137
26440183 134
27226651 138
27091348 137
26909700 136
27414244 139
26604595 135
26385229 134
26456173 134
26352990 134
26543879 135
27518346 139
26390972 134
27018312 137
26775719 136
26976108 137
26583754 135
26559312 135
27038656 137
26336563 133
26500960 134
26657932 135
26890849 136
26245460 133
27116244 137
26948031 137
26263807 133
26425901 134
26688205 135
26403000 134
26490351 134
26624505 135
26415366 134
26954465 137
26333122 133
27086442 137
26793218 136
26553893 135
26519615 134
26406153 134
28089132 142
26338976 133
26407064 134
26968302 137
27950682 142
27114094 137
26954644 137
26519622 134
26516630 134
26362218 134
26348947 134
26243376 133
26856876 136
26376673 134
26715891 135
26999615 137
26410888 134
26656528 135
26807556 136
27111276 137
26543883 135
26431563 134
26524276 134
26469877 134
26311067 133
26501851 134
27589199 140
26711814 135
26766258 136
26718200 135
26547028 135
26514378 134
26807417 136
26440571 134
26244042 133
26291082 133
27383936 139
26890864 136
26450064 134
27045579 137
26819930 136
26193502 133
26521497 134
26425436 134
26245652 133
26560687 135
26603260 135
26257321 133
26730373 135
26320290 133
26882397 136
26754450 136
26364030 134
26674152 135
26844914 136
27529081 140
26318995 133
26286522 133
26932760 136
27627042 140
26509357 134
26719592 135
26767665 136
26207646 133
26528001 134
26602611 135
25990271 132
26554665 135
26027960 132
26188737 133
26788704 136
26204206 133
26821040 136
26628576 135
26870558 136
27081652 137
26309209 133
26006568 132
25945292 131
26285496 133
26480714 134
27859496 141
26566112 135
26803869 136
26773994 136
26473609 134
26851349 136
26309408 133
26418687 134
26951250 137
26554560 135
40189792 204
26847655 136
26378858 134
27161698 138
26261626 133
25920129 131
26324801 133
26105451 132
26518205 134
27195784 138
26034845 132
27489522 139
27545359 140
26316317 133
26429074 134
26255736 133
25846336 131
26568605 135
26239553 133
27057917 137
26895978 136
26620857 135
27021017 137
26898558 136
27311899 138
26591460 135
26034178 132
25911080 131
25991465 132
26350620 134
26936635 137
27254002 138
25893930 131
26851083 136
27151674 138
26562056 135
26642427 135
26631208 135
26222819 133
26925041 136
26684985 135
26598215 135
26851453 136
26554951 135
27080681 137
27176491 138
26631212 135
26582832 135
26269177 133
26749558 136
27219497 138
26959067 137
26289161 133
26785023 136
25899343 131
27003418 137
27049235 137
26540444 134
27078164 137
26213595 133
25868409 131
26062042 132
26194683 133
26499648 134
26577579 135
25869795 131
26615420 135
27150491 138
26860856 136
26760905 136
26154776 133
25950944 131
26517353 134
26246762 133
28745554 146
26679533 135
26726383 135
26933654 136
27164585 138
27044217 137
26223490 133
26049602 132
25737124 130
26975847 137
26106972 132
26158920 133
27055334 137
25957041 132
26481353 134
26691438 135
26186195 133
27088030 137
26653913 135
26011627 132
25716735 130
25994761 132
26205690 133
26067304 132
27005027 137
26393821 134
26795906 136
26069615 132
27008484 137
26056464 132
26432970 134
26672225 135
25946217 131
26803576 136
26215801 133
25927985 131
