9381 9
9455 9
9511 9
9971 9
9873 9
9549 9
9437 9
9940 9
9382 9
9402 9
9304 9
9402 9
9263 9
9263 9
9476 9
9416 9
9482 9
9426 9
9329 9
9312 9
9437 9
9336 9
9448 9
9434 9
9510 9
9514 9
9409 9
9403 9
9398 9
9375 9
9462 9
9493 9
9353 9
9403 9
9469 9
9489 9
9363 9
9479 9
9335 9
9454 9
9343 9
9367 9
9444 9
9294 9
9483 9
9374 9
9427 9
9433 9
9490 9
9374 9
9465 9
9368 9
9402 9
9336 9
9430 9
9413 9
9301 9
9476 9
9378 9
9943 9
9409 9
9357 9
9350 9
9420 9
9870 9
9423 9
9531 9
9381 9
9444 9
9472 9
9392 9
9395 9
9427 9
9391 9
9954 9
10027 9
9486 9
9329 9
9416 9
9426 9
10020 9
9342 9
9552 9
9441 9
9374 9
9416 9
9441 9
9105 8
9343 9
9423 9
9374 9
9423 9
9391 9
9335 9
9384 9
9423 9
9458 9
9416 9
9385 9
9378 9
9364 9
9968 9
9343 9
9357 9
9420 9
9445 9
9169 8
9294 9
9486 9
9294 9
9406 9
9343 9
9468 9
9496 9
9459 9
9357 9
9486 9
9444 9
9378 9
9455 9
9322 9
10111 9
9413 9
9451 9
9395 9
9434 9
9992 9
9360 9
9496 9
9427 9
9567 9
9402 9
9161 8
9277 9
9339 9
9277 9
9293 9
9462 9
9510 9
9511 9
9427 9
9363 9
9270 9
9227 9
9507 9
9378 9
9898 9
9378 9
9416 9
9553 9
9360 9
9971 9
9357 9
9375 9
9839 9
9402 9
9360 9
9511 9
9403 9
9353 9
9388 9
9521 9
9430 9
9423 9
9465 9
9500 9
9370 9
9451 9
9374 9
9895 9
9322 9
9476 9
9339 9
9842 9
9455 9
9256 9
9301 9
9521 9
9423 9
8829 8
9504 9
9377 9
9283 9
9416 9
9433 9
9444 9
9406 9
9364 9
9824 9
9905 9
9507 9
9368 9
9419 9
9377 9
9587 9
9374 9
9475 9
9842 9
9392 9
9270 9
9479 9
9451 9
9451 9
9438 9
9283 9
9350 9
9280 9
9374 9
9493 9
9455 9
9493 9
9507 9
9346 9
9884 9
9409 9
9416 9
9392 9
9437 9
9406 9
9483 9
9979 9
9807 9
9402 9
9364 9
9405 9
9326 9
9420 9
9315 9
9489 9
9392 9
9451 9
9678 9
9437 9
9479 9
9276 9
9804 9
9462 9
9434 9
9252 9
9343 9
9448 9
9374 9
9511 9
9426 9
9343 9
10030 9
9420 9
9437 9
9437 9
9357 9
9465 9
9319 9
9364 9
9438 9
9312 9
9332 9
9332 9
9465 9
9476 9
9378 9
9458 9
9375 9
9360 9
9440 9
9409 9
9367 9
9462 9
9898 9
9388 9
9377 9
9448 9
9437 9
9263 9
9388 9
9427 9
9420 9
9423 9
9856 9
9367 9
9326 9
9601 9
9332 9
9497 9
9388 9
9291 9
9349 9
9381 9
9374 9
8948 8
51082 49
9367 9
9329 9
9409 9
9412 9
9465 9
9430 9
9370 9
9912 9
9527 9
9325 9
9364 9
9448 9
9451 9
9507 9
9350 9
9489 9
9336 9
9347 9
9349 9
9284 9
9036 8
9308 9
9916 9
9476 9
9937 9
9284 9
9448 9
9426 9
9297 9
9312 9
9280 9
9493 9
9427 9
9263 9
9377 9
9437 9
9343 9
9549 9
9440 9
9894 9
9294 9
9416 9
9539 9
9343 9
9304 9
9483 9
9308 9
9420 9
9210 8
9458 9
9370 9
9486 9
9612 9
9413 9
9525 9
9357 9
9333 9
9354 9
9598 9
9426 9
9347 9
9493 9
9566 9
9594 9
10156 9
9629 9
9269 9
9354 9
9437 9
9468 9
9549 9
9940 9
9402 9
9440 9
9423 9
9500 9
9364 9
9402 9
9409 9
9769 9
9577 9
9430 9
9374 9
9315 9
9374 9
9566 9
9979 9
9262 9
9431 9
9318 9
9458 9
9367 9
9311 9
9514 9
9412 9
9315 9
9580 9
9374 9
8701 8
9270 9
9444 9
9374 9
9392 9
9434 9
9447 9
9423 9
9402 9
9305 9
9357 9
9423 9
9461 9
9445 9
9455 9
9392 9
9486 9
9556 9
10010 9
9605 9
9839 9
9465 9
9343 9
9399 9
9528 9
9283 9
9412 9
9339 9
9476 9
9314 9
9426 9
9371 9
9469 9
9996 9
9384 9
9455 9
9392 9
9545 9
9825 9
9412 9
9908 9
9364 9
9587 9
9448 9
9444 9
9500 9
9459 9
9378 9
9493 9
9371 9
9437 9
9340 9
9378 9
9398 9
9326 9
9462 9
9406 9
9518 9
9367 9
9419 9
9430 9
9336 9
9441 9
9354 9
9374 9
9353 9
9437 9
9552 9
9343 9
9510 9
9479 9
9395 9
9967 9
9377 9
9465 9
9965 9
9263 9
9420 9
9810 9
9486 9
9835 9
9371 9
9493 9
9119 8
9356 9
9336 9
9912 9
9465 9
9468 9
9333 9
9308 9
9395 9
9423 9
9413 9
9368 9
9835 9
9071 8
9357 9
9419 9
9385 9
9392 9
9846 9
9367 9
9392 9
9396 9
9315 9
9298 9
9420 9
9398 9
9357 9
9311 9
9500 9
9423 9
9371 9
9423 9
9427 9
9486 9
9147 8
9308 9
9371 9
9458 9
9360 9
9384 9
9227 9
9374 9
9427 9
9437 9
9381 9
9402 9
9493 9
9333 9
9350 9
9256 9
9465 9
9874 9
9419 9
9406 9
9301 9
9406 9
9409 9
9378 9
9441 9
9849 9
9451 9
9430 9
9322 9
9283 9
9416 9
9307 9
9392 9
9364 9
9531 9
9915 9
9412 9
8959 8
9381 9
9417 9
9413 9
9395 9
9497 9
9427 9
9483 9
9294 9
9427 9
9430 9
9455 9
8896 8
9493 9
9305 9
9454 9
9535 9
9370 9
9347 9
9923 9
9496 9
9416 9
9364 9
9438 9
9371 9
9539 9
9846 9
9430 9
9325 9
9283 9
9462 9
9377 9
9361 9
9402 9
9448 9
10104 9
9497 9
9957 9
9514 9
9468 9
9849 9
9633 9
9514 9
9346 9
8955 8
9406 9
9441 9
9368 9
9444 9
9377 9
9193 8
9933 9
9364 9
9503 9
9472 9
9371 9
9440 9
9406 9
9476 9
9270 9
9884 9
9430 9
9417 9
9353 9
9514 9
9242 9
9329 9
9409 9
9381 9
9986 9
9329 9
9409 9
9377 9
9486 9
9448 9
9440 9
9367 9
9398 9
9367 9
9922 9
9349 9
9472 9
9364 9
9402 9
9974 9
9332 9
9448 9
9280 9
9444 9
9517 9
9350 9
9307 9
9430 9
9388 9
10247 10
9395 9
9388 9
9423 9
9416 9
9329 9
9465 9
9434 9
9905 9
9438 9
9357 9
9353 9
9391 9
9398 9
9423 9
9468 9
9444 9
9423 9
9381 9
9381 9
9392 9
9437 9
9469 9
9336 9
9434 9
9350 9
9318 9
9472 9
9395 9
9430 9
9469 9
9431 9
9367 9
9473 9
9458 9
9461 9
9448 9
9972 9
9333 9
9395 9
9319 9
9486 9
9974 9
9325 9
9396 9
9423 9
9375 9
9370 9
9434 9
9500 9
9521 9
9290 9
9363 9
9347 9
9437 9
9287 9
9451 9
9399 9
9402 9
9461 9
9493 9
9417 9
9644 9
9336 9
9531 9
9926 9
9406 9
9399 9
9489 9
9395 9
9368 9
9427 9
9500 9
9405 9
9395 9
9291 9
9287 9
9357 9
9444 9
9364 9
9965 9
9462 9
9465 9
9448 9
9951 9
9287 9
9433 9
9430 9
9367 9
9448 9
9371 9
9507 9
9465 9
9476 9
9507 9
9381 9
9343 9
9322 9
9367 9
9378 9
9350 9
9385 9
9368 9
9402 9
9336 9
9398 9
9915 9
9239 9
9238 9
9441 9
9388 9
9378 9
9374 9
9458 9
9406 9
9217 9
9622 9
9406 9
9361 9
9360 9
9332 9
9465 9
9965 9
9447 9
9465 9
9256 9
9343 9
9489 9
9514 9
9409 9
9339 9
9350 9
9325 9
9406 9
9374 9
9360 9
9933 9
10006 9
9339 9
9382 9
9391 9
9831 9
9905 9
9353 9
9375 9
9385 9
9412 9
9270 9
9392 9
9465 9
9399 9
9412 9
9353 9
9535 9
9437 9
9583 9
9937 9
9409 9
9332 9
9291 9
9454 9
9315 9
9032 8
9392 9
9465 9
9381 9
9392 9
9391 9
9444 9
9507 9
9468 9
9322 9
9448 9
9398 9
9333 9
9629 9
9374 9
9524 9
9349 9
9947 9
9388 9
9479 9
9339 9
9378 9
9856 9
9333 9
9329 9
9392 9
9965 9
9396 9
9416 9
9793 9
9448 9
9332 9
9909 9
9382 9
9262 9
9304 9
9395 9
9357 9
9437 9
9458 9
9364 9
9423 9
9234 9
9350 9
9409 9
9406 9
9786 9
9416 9
9426 9
9480 9
9377 9
9378 9
9347 9
9427 9
9340 9
9370 9
9437 9
9413 9
9405 9
9353 9
9598 9
9388 9
9374 9
9811 9
9391 9
9266 9
9472 9
9322 9
9357 9
9528 9
9406 9
9259 9
9476 9
9406 9
9353 9
9489 9
9444 9
9290 9
9319 9
9405 9
9416 9
9909 9
9399 9
9357 9
9399 9
9315 9
9367 9
9517 9
9350 9
9779 9
9527 9
9245 9
9370 9
9371 9
9430 9
9521 9
9405 9
9307 9
9245 9
9504 9
9402 9
9458 9
9458 9
9381 9
9832 9
9451 9
9416 9
9378 9
9458 9
9322 9
9356 9
9353 9
9458 9
9402 9
9339 9
9493 9
9356 9
9511 9
9371 9
9835 9
9419 9
9304 9
9298 9
9340 9
9259 9
9374 9
9472 9
9273 9
9514 9
9395 9
9605 9
9531 9
9447 9
9455 9
9287 9
9517 9
9430 9
9462 9
9392 9
9291 9
9364 9
9413 9
9391 9
9405 9
9399 9
9898 9
10024 9
9476 9
9374 9
9357 9
9496 9
9364 9
9482 9
9616 9
9381 9
9332 9
9437 9
9416 9
9396 9
9356 9
9825 9
9266 9
9395 9
9943 9
9476 9
9444 9
9493 9
9395 9
9416 9
9856 9
9427 9
9395 9
9395 9
9448 9
9454 9
9301 9
9440 9
9493 9
9308 9
9242 9
9305 9
9349 9
9371 9
9766 9
9308 9
9430 9
9615 9
9929 9
9308 9
9399 9
9552 9
9957 9
9367 9
9363 9
9451 9
9378 9
9482 9
10003 9
9276 9
9437 9
9534 9
9245 9
