66175 8
66025 8
66115 8
69796 8
69646 8
66412 8
66279 8
66028 8
66255 8
66168 8
66189 8
66272 8
65982 8
106811 13
66224 8
66175 8
66308 8
66200 8
66276 8
66259 8
66235 8
66119 8
66427 8
66116 8
66237 8
66158 8
66283 8
69775 8
66206 8
66070 8
65916 8
66151 8
105903 12
66252 8
65959 8
66423 8
66178 8
66007 8
66140 8
66443 8
66161 8
66280 8
69698 8
66259 8
66095 8
66364 8
66276 8
69684 8
66179 8
66193 8
66217 8
66263 8
66294 8
66214 8
66241 8
66360 8
65973 8
66367 8
66353 8
66060 8
66022 8
66186 8
66514 8
66248 8
66221 8
66234 8
65766 8
66269 8
66279 8
66130 8
65920 8
66154 8
66259 8
66227 8
66039 8
66252 8
69768 8
65941 8
69660 8
66074 8
66280 8
66105 8
66158 8
66217 8
66388 8
66272 8
66265 8
66284 8
69785 8
65969 8
66158 8
66301 8
66220 8
66113 8
66025 8
65941 8
65986 8
66178 8
66283 8
66315 8
66189 8
66454 8
66025 8
66109 8
66234 8
66318 8
66248 8
65868 8
66207 8
66280 8
66336 8
66269 8
66217 8
66203 8
66108 8
66196 8
66213 8
106025 12
66280 8
66458 8
65850 8
66273 8
66346 8
66147 8
69726 8
66095 8
66286 8
66158 8
66416 8
66286 8
61569 7
66095 8
66105 8
66217 8
66116 8
66245 8
66283 8
66311 8
66074 8
66269 8
66074 8
66434 8
66105 8
66221 8
66248 8
66252 8
66084 8
66255 8
69977 8
65973 8
66308 8
66015 8
66272 8
109471 13
66168 8
66304 8
69865 8
66182 8
66238 8
66321 8
66084 8
66186 8
66193 8
66342 8
66130 8
105487 12
66161 8
69883 8
66266 8
66112 8
66161 8
66339 8
66335 8
66032 8
66043 8
66402 8
66294 8
66126 8
66140 8
66286 8
66018 8
66326 8
66154 8
66221 8
66210 8
66325 8
66081 8
66248 8
66216 8
66332 8
66304 8
66088 8
69960 8
66130 8
69729 8
66084 8
66290 8
66307 8
66255 8
69687 8
66199 8
66063 8
66329 8
66189 8
66099 8
66143 8
69660 8
66207 8
66284 8
66228 8
66280 8
66279 8
66150 8
66021 8
66385 8
66297 8
66227 8
66349 8
66094 8
66377 8
66161 8
66507 8
66401 8
66479 8
66164 8
65858 8
66133 8
66199 8
66367 8
66200 8
66175 8
66245 8
66133 8
66248 8
66000 8
66245 8
66042 8
66189 8
66081 8
66304 8
66251 8
66238 8
66203 8
66203 8
66315 8
66339 8
66458 8
66164 8
66241 8
66301 8
69645 8
66014 8
66385 8
66364 8
66241 8
66535 8
66134 8
66179 8
66258 8
66077 8
66339 8
66311 8
69722 8
66126 8
66325 8
66235 8
66084 8
66126 8
66130 8
66256 8
66307 8
66196 8
66269 8
66147 8
66182 8
69778 8
66318 8
66001 8
66098 8
69795 8
66102 8
66115 8
66196 8
65885 8
66217 8
66244 8
66220 8
66011 8
66252 8
66213 8
66234 8
66256 8
66256 8
66161 8
66178 8
66213 8
66143 8
66245 8
66336 8
66419 8
66119 8
65941 8
66102 8
66286 8
66328 8
66374 8
66241 8
66391 8
66147 8
66325 8
66140 8
66465 8
66444 8
69646 8
66070 8
66011 8
66017 8
65871 8
66266 8
65979 8
66060 8
66255 8
66192 8
66164 8
66182 8
66280 8
66035 8
66133 8
66063 8
66182 8
66172 8
66185 8
66374 8
66004 8
66315 8
70019 8
66307 8
66094 8
66423 8
66283 8
66151 8
66307 8
69639 8
66256 8
66021 8
66238 8
66318 8
66129 8
69666 8
66395 8
66391 8
66322 8
66011 8
65972 8
66158 8
66238 8
66196 8
66325 8
66556 8
66042 8
66130 8
66175 8
66119 8
66102 8
66207 8
66014 8
66440 8
66377 8
66081 8
66193 8
66161 8
66112 8
66493 8
65962 8
66231 8
66077 8
66210 8
66074 8
66245 8
66064 8
66172 8
69600 8
66318 8
66133 8
66098 8
66223 8
66186 8
66318 8
66552 8
66200 8
66168 8
66353 8
66136 8
66489 8
66238 8
65878 8
66126 8
66112 8
66241 8
66199 8
69848 8
66273 8
66427 8
66507 8
66123 8
66171 8
66178 8
65972 8
66168 8
66098 8
66179 8
66140 8
66381 8
66270 8
66256 8
66384 8
66245 8
69586 8
65986 8
66500 8
66336 8
66057 8
66353 8
66360 8
69698 8
66018 8
66315 8
66203 8
66091 8
66192 8
66067 8
66189 8
65973 8
66325 8
69698 8
66300 8
66091 8
66307 8
66409 8
69875 8
66025 8
66318 8
66157 8
66329 8
66541 8
66098 8
66423 8
66346 8
66266 8
66060 8
66168 8
69844 8
66420 8
69743 8
65997 8
66221 8
69834 8
66234 8
66332 8
66210 8
65808 8
66633 8
66004 8
66251 8
66210 8
66182 8
66409 8
66237 8
70002 8
66161 8
66081 8
66252 8
65934 8
69736 8
66060 8
66140 8
66314 8
66415 8
66126 8
66430 8
66315 8
70351 8
66357 8
69862 8
65962 8
69726 8
66178 8
66133 8
66238 8
69848 8
66259 8
66024 8
66052 8
66126 8
66238 8
66349 8
66161 8
66251 8
66196 8
66517 8
66224 8
66115 8
69743 8
66168 8
66147 8
66238 8
66269 8
69722 8
66262 8
66367 8
66248 8
66178 8
66151 8
66209 8
66220 8
66325 8
66360 8
66248 8
66384 8
69984 8
66165 8
66392 8
66241 8
69886 8
69994 8
66210 8
66214 8
66057 8
66255 8
66230 8
66311 8
66266 8
66402 8
66364 8
66203 8
66189 8
66311 8
66269 8
66213 8
66500 8
66084 8
107216 13
66119 8
66070 8
66234 8
66151 8
66231 8
66346 8
66269 8
66189 8
66510 8
66272 8
66276 8
69837 8
66402 8
66322 8
69946 8
66269 8
69726 8
66311 8
66350 8
66119 8
66395 8
71112 8
66106 8
66088 8
66060 8
66350 8
66077 8
66182 8
69908 8
66248 8
61832 7
66112 8
66291 8
69589 8
66049 8
65972 8
66087 8
66499 8
66235 8
66381 8
66203 8
66220 8
66300 8
66238 8
66175 8
69663 8
66262 8
66255 8
66280 8
65948 8
69739 8
65923 8
106793 13
66503 8
66223 8
66136 8
66210 8
70011 8
66192 8
66098 8
66189 8
66315 8
69701 8
66067 8
66297 8
66189 8
66213 8
69705 8
66189 8
66461 8
66353 8
66144 8
66343 8
66255 8
65986 8
66314 8
66155 8
66171 8
66220 8
66244 8
71782 8
69907 8
65993 8
66360 8
66367 8
66088 8
69907 8
66262 8
66357 8
66458 8
66248 8
69851 8
66283 8
66255 8
66122 8
66220 8
66290 8
66374 8
69743 8
66077 8
65944 8
66130 8
66280 8
69628 8
71726 8
66353 8
66210 8
66143 8
69973 8
66123 8
66108 8
65833 8
66189 8
66130 8
66283 8
66084 8
66409 8
66322 8
66458 8
66214 8
66220 8
66213 8
66192 8
66210 8
66297 8
109807 13
66392 8
69806 8
66220 8
66050 8
66063 8
66161 8
69632 8
66011 8
66155 8
66248 8
66084 8
69946 8
66444 8
66381 8
66280 8
66095 8
66158 8
66025 8
66249 8
66101 8
65854 8
66503 8
66269 8
69607 8
66374 8
66172 8
66067 8
66185 8
69677 8
66067 8
66210 8
69739 8
66220 8
66130 8
66038 8
69886 8
66126 8
66381 8
66210 8
66115 8
66098 8
66200 8
66335 8
66137 8
66021 8
66392 8
66293 8
110861 13
66210 8
66014 8
66080 8
66259 8
70274 8
66237 8
66220 8
66193 8
66101 8
69852 8
66504 8
69970 8
66395 8
71936 8
66193 8
66158 8
69750 8
66154 8
66140 8
66256 8
66374 8
69649 8
66385 8
66357 8
66270 8
66451 8
69952 8
66025 8
107802 13
66408 8
66284 8
66272 8
66221 8
66101 8
66084 8
66206 8
66346 8
66262 8
66398 8
66018 8
66001 8
66182 8
66206 8
66220 8
66119 8
66221 8
66165 8
65983 8
66151 8
66367 8
65844 8
66122 8
182887 22
66427 8
66206 8
66388 8
66266 8
66115 8
66192 8
66290 8
66245 8
66092 8
69621 8
65990 8
66112 8
66056 8
66416 8
66113 8
66255 8
66245 8
66241 8
65983 8
69774 8
66126 8
66252 8
66353 8
66025 8
66210 8
66398 8
66437 8
66339 8
66266 8
66186 8
66203 8
66343 8
66377 8
66168 8
66234 8
66245 8
66165 8
66455 8
69841 8
66367 8
66230 8
66206 8
66293 8
66269 8
66182 8
66080 8
65854 8
66224 8
66273 8
66273 8
66234 8
66189 8
61773 7
66283 8
66356 8
66237 8
66203 8
65986 8
66287 8
66465 8
69928 8
66046 8
65959 8
69879 8
66318 8
69670 8
66276 8
66144 8
66092 8
66235 8
66150 8
66273 8
66255 8
66224 8
66157 8
66161 8
66336 8
66280 8
66221 8
108005 13
66255 8
66186 8
66042 8
66265 8
65774 8
66143 8
66119 8
66231 8
66248 8
69593 8
108449 13
66259 8
66031 8
65965 8
66238 8
66126 8
69708 8
66224 8
66126 8
66367 8
66297 8
66140 8
66304 8
66164 8
66133 8
66262 8
66203 8
66336 8
66290 8
66207 8
66224 8
66189 8
66235 8
66301 8
66140 8
66147 8
66545 8
66409 8
66618 8
66154 8
70207 8
66228 8
66094 8
66279 8
66336 8
69684 8
66326 8
66615 8
66081 8
66318 8
66353 8
66203 8
66200 8
66091 8
66116 8
66116 8
66350 8
66106 8
66283 8
66335 8
66409 8
66262 8
66244 8
66067 8
66214 8
66413 8
66196 8
66294 8
66228 8
69663 8
66398 8
66256 8
66192 8
66126 8
66252 8
66007 8
66374 8
66178 8
66342 8
66126 8
66175 8
66049 8
66503 8
66381 8
69917 8
66217 8
66157 8
66203 8
66241 8
69761 8
66032 8
66077 8
66402 8
66405 8
66280 8
66116 8
66339 8
66185 8
69677 8
66231 8
65938 8
66238 8
66447 8
69768 8
66092 8
66234 8
66294 8
66308 8
66272 8
66179 8
66182 8
66238 8
66388 8
66241 8
66576 8
66101 8
66318 8
66144 8
66220 8
66238 8
66262 8
66342 8
66395 8
66199 8
66357 8
66112 8
66182 8
66318 8
66332 8
66217 8
66206 8
66161 8
66064 8
66315 8
66301 8
66300 8
66304 8
66255 8
66196 8
66188 8
66154 8
66207 8
66263 8
66168 8
69816 8
66015 8
66294 8
69820 8
66287 8
69963 8
66154 8
