11021592 8
10412157 7
10429139 7
10842738 8
10415988 7
10583453 8
10498648 8
10514503 8
10646266 8
10547328 8
10550970 8
10464608 7
10592628 8
10616394 8
10694782 8
10586484 8
10541934 8
10883269 8
10426699 7
10622190 8
10453733 7
10483909 7
10582926 8
10532815 8
10550397 8
10391666 7
10728654 8
10719752 8
10456763 7
10357123 7
10458051 7
10537200 8
10490437 8
10672043 8
10400835 7
10410579 7
10562345 8
10385871 7
10650337 8
10335750 7
10466431 7
10547301 8
10492211 8
10585862 8
10308524 7
10460035 7
10664309 8
10587381 8
10417820 7
10443132 7
10447371 7
10568542 8
10695511 8
10357804 7
10583901 8
10517275 8
10418263 7
10516972 8
10472830 7
10461699 7
10889201 8
10500370 8
10392620 7
10431957 7
10561989 8
10667857 8
10607317 8
10597045 8
10379691 7
10350469 7
10610183 8
10706509 8
10371085 7
10314061 7
10540506 8
10486285 8
10496002 8
10409706 7
10386223 7
10671638 8
11003860 8
10390473 7
10438318 7
10370785 7
10679116 8
10700469 8
10433409 7
10327402 7
10411379 7
10700124 8
10530029 8
10382191 7
10335822 7
10468456 7
10664358 8
10407902 7
10444700 7
10405583 7
10562167 8
10690875 8
10392948 7
10569233 8
10544204 8
10610812 8
10753353 8
10352658 7
10487043 8
10414214 7
10657390 8
10845029 8
10375083 7
10585618 8
10596934 8
10785229 8
10565546 8
10449264 7
10398192 7
10470260 7
10678366 8
10396691 7
10366525 7
10475361 7
10501630 8
10715132 8
10450971 7
10399470 7
10428742 7
10688833 8
10680810 8
10435312 7
10434694 7
10319350 7
10850049 8
10409127 7
10496669 8
10300515 7
10435811 7
10895286 8
10355441 7
10464897 7
10362985 7
10332303 7
10859671 8
10427910 7
10363970 7
10449225 7
10562651 8
10743595 8
10488974 8
10533178 8
10541062 8
10827750 8
10581278 8
10476779 7
10574229 8
10476224 7
10719089 8
10384660 7
10544179 8
10349250 7
10562163 8
10749045 8
10327586 7
10428801 7
10318470 7
10634529 8
10336985 7
10412350 7
10431985 7
10458721 7
10788549 8
10443091 7
10369389 7
10371067 7
10422960 7
10639532 8
10404763 7
10449399 7
10458198 7
10783106 8
10409692 7
10524931 8
10383504 7
10666946 8
10674043 8
10408314 7
10357207 7
10428340 7
10487078 8
10548446 8
10418369 7
10395308 7
10427327 7
10749481 8
10341744 7
10683163 8
10406787 7
10395116 7
10750636 8
10436481 7
10412444 7
10907139 8
10435979 7
10686039 8
10448785 7
10465617 7
10333333 7
10678117 8
10432638 7
10375967 7
10437386 7
10350486 7
10814375 8
10481143 7
10361945 7
10379321 7
10447200 7
10693675 8
10381371 7
10432295 7
10439191 7
10685349 8
10494591 8
10380463 7
10468106 7
10403108 7
10762674 8
10347407 7
10488587 8
10327835 7
10497538 8
10835822 8
10485280 7
10421829 7
10585622 8
10544203 8
10867893 8
10612641 8
10446516 7
10361211 7
10546299 8
10720890 8
10598832 8
10440276 7
10394966 7
10701527 8
10365031 7
10486463 8
10562408 8
10411452 7
10872820 8
10586190 8
10452001 7
10348154 7
10468033 7
10780945 8
10452562 7
10374611 7
10392644 7
10510920 8
10701496 8
10365942 7
10558749 8
10528426 8
10678247 8
10668157 8
10459888 7
10385012 7
10394205 7
10735425 8
10776665 8
10541495 8
10509018 8
10462796 7
10845035 8
10723233 8
10507328 8
10565874 8
10642565 8
10853433 8
10632712 8
10548020 8
10542950 8
10743821 8
10885853 8
10558392 8
10436234 7
10378504 7
10684712 8
10823218 8
10371047 7
10430138 7
10444086 7
10583932 8
10784205 8
10541731 8
10404986 7
10624808 8
10553787 8
10452308 7
10280743 7
10414762 7
10621415 8
10688344 8
10600191 8
10390113 7
10421672 7
10363237 7
10665102 8
10765764 8
10418198 7
10255920 7
10549992 8
10589783 8
10626959 8
10576170 8
10396136 7
10672091 8
10466036 7
10499155 8
10373142 7
10409364 7
10660043 8
10689527 8
10434558 7
10479254 7
10404986 7
10670635 8
10679556 8
10732889 8
10464094 7
10363655 7
10554293 8
10623419 8
10427813 7
10323288 7
10564062 8
10306024 7
10625556 8
10458495 7
10454420 7
10658158 8
10584242 8
10578048 8
10446257 7
10415918 7
10731319 8
10541131 8
10462708 7
10390036 7
10396642 7
10526062 8
10607146 8
10417618 7
10412070 7
10566185 8
10625032 8
10804752 8
10395315 7
10410164 7
10724210 8
10480186 7
10806568 8
10487997 8
10550048 8
10653696 8
10474098 7
10539012 8
10407259 7
10371658 7
10496466 8
10562851 8
10523231 8
10530724 8
10464186 7
10584256 8
10513951 8
10462338 7
10366892 7
10603435 8
10400462 7
10661726 8
10514876 8
10354836 7
10728155 8
10401205 7
10705679 8
10436227 7
10409232 7
10657763 8
10459489 7
10517422 8
10567801 8
10526272 8
10616108 8
10401337 7
10632301 8
10421594 7
10660172 8
10364476 7
10608389 8
10419741 7
10383305 7
10841121 8
10458812 7
10670465 8
10419842 7
10449965 7
10519622 8
10397909 7
10560923 8
10343625 7
10628460 8
10544538 8
10637025 8
10451449 7
10459703 7
10704254 8
10398894 7
10664739 8
10352271 7
10386821 7
10482166 7
10441125 7
10722590 8
10469957 7
10717989 8
10529114 8
10804777 8
10765573 8
10511462 8
10790773 8
10569450 8
10716508 8
10573517 8
10529211 8
10801229 8
10496532 8
11082901 8
10737191 8
10576394 8
10791702 8
10610215 8
10648836 8
10703440 8
10517055 8
10728044 8
10430857 7
10733029 8
10611234 8
10497298 8
10573317 8
10452018 7
10721378 8
10346722 7
10445371 7
10386716 7
10468343 7
10706167 8
10376898 7
10746960 8
10445168 7
10549587 8
10581477 8
10593452 8
10678997 8
10429429 7
10546787 8
10415520 7
10539396 8
10493223 8
10356624 7
10618126 8
10469967 7
10690187 8
10432040 7
10454036 7
10739946 8
10381877 7
10706387 8
10406714 7
10417465 7
10502371 8
10502818 8
10491153 8
10410845 7
10572948 8
10228251 7
10723313 8
10381067 7
10391520 7
10585227 8
10445171 7
10745200 8
10453823 7
10555463 8
10685572 8
10426039 7
10706499 8
10385337 7
10378808 7
10741290 8
10469129 7
10676896 8
10369294 7
10466490 7
10647991 8
10512729 8
10505851 8
10376695 7
10358803 7
10543471 8
10507486 8
10490839 8
10338022 7
10482452 7
10661491 8
10815757 8
10424600 7
10425425 7
10741601 8
10327384 7
10722675 8
10376654 7
10321369 7
10643442 8
10588799 8
10583771 8
10445873 7
10452433 7
10517309 8
10807280 8
10406749 7
10387889 7
10473151 7
10399567 7
10672717 8
10363893 7
10552660 8
10599510 8
10394135 7
10602603 8
10375830 7
10393577 7
10633048 8
10518954 8
10481286 7
10385211 7
10443730 7
10662271 8
10597834 8
10614107 8
10429073 7
10576977 8
10672940 8
10597300 8
10358101 7
10307075 7
10947025 8
10563860 8
10499941 8
10627591 8
10382886 7
10511922 8
10602970 8
10424656 7
10543351 8
10408597 7
10405841 7
10668475 8
10546424 8
10617326 8
10550129 8
10818044 8
10749415 8
10717225 8
10812636 8
10586232 8
10437446 7
11009498 8
10667281 8
10979369 8
10981502 8
10292222 7
11000677 8
11006772 8
10979794 8
11320944 8
10894438 8
10982605 8
10958867 8
10979135 8
10936659 8
10941658 8
10889913 8
10903955 8
11001340 8
10987451 8
10480158 7
10491547 8
10401020 7
10708374 8
10651482 8
10960592 8
10963312 8
11034898 8
11053968 8
10989215 8
11109323 8
11235064 8
11009212 8
10964422 8
10395305 7
10495154 8
10714180 8
10787990 8
10665839 8
10953407 8
10937025 8
10992325 8
10947628 8
10950858 8
10855363 8
10891094 8
10965078 8
11004600 8
10459521 7
10370488 7
10602377 8
10683819 8
10913141 8
11320571 8
11392870 8
11316409 8
11033184 8
11387036 8
10950757 8
10458205 7
12048608 9
11406430 8
10805189 8
10550960 8
10648074 8
10397783 7
10609984 8
10789873 8
10390605 7
10461563 7
11433767 8
10318233 7
10860271 8
10361550 7
10370544 7
10421368 7
10594210 8
10905268 8
10406599 7
10353856 7
10378096 7
10376413 7
10811368 8
10388846 7
10846572 8
10383609 7
10495328 8
10664669 8
10710067 8
10333846 7
10462132 7
10444153 7
10687774 8
10315632 7
10570808 8
10393133 7
10496362 8
10634588 8
10418267 7
10476705 7
10598326 8
10817007 8
10499797 8
10455244 7
10373784 7
10360793 7
10783277 8
10413044 7
10340410 7
10445765 7
10382977 7
10707542 8
10626669 8
10393709 7
10608322 8
10385382 7
10600750 8
10444071 7
10506567 8
10374549 7
10514859 8
10432575 7
10852884 8
10521876 8
10442162 7
11844754 9
11033847 8
10541523 8
11337632 8
10443080 7
10435892 7
11052948 8
10410590 7
10547503 8
11184723 8
10700685 8
10379873 7
10538635 8
10887982 8
10540224 8
10590181 8
11075352 8
10676567 8
10355748 7
11050630 8
10621918 8
10680135 8
10415010 7
10906637 8
10696140 8
10527735 8
11228707 8
10817957 8
10360632 7
10900936 8
10398153 7
10511402 8
11397799 8
11155618 8
10500688 8
10382819 7
11059487 8
10535695 8
10608640 8
11472472 8
10845570 8
10445221 7
11048727 8
10984507 8
10378912 7
11190009 8
11052170 8
10561437 8
10688221 8
11020227 8
10446156 7
10538935 8
11351169 8
10888468 8
10444330 7
11201442 8
11107833 8
10499081 8
11187610 8
11110273 8
10478779 7
10324737 7
10992468 8
10427425 7
10784279 8
11177733 8
11000711 8
10400992 7
11069397 8
10967588 8
10434062 7
11000606 8
11161494 8
10820401 8
10365248 7
11170799 8
10435172 7
10514279 8
10897405 8
11070736 8
10634318 8
11308718 8
11037353 8
10397484 7
10656289 8
11079535 8
10552785 8
10343902 7
11085034 8
10576523 8
10696646 8
11016066 8
10997488 8
10438028 7
11108698 8
10958407 8
10704977 8
10912722 8
11115151 8
10655582 8
10398119 7
11047886 8
10440441 7
10501616 8
10990485 8
11047464 8
10604433 8
11171570 8
10892996 8
10386981 7
10664446 8
11003623 8
10631442 8
10538614 8
11396508 8
10746265 8
10704648 8
10966594 8
11005249 8
10398918 7
11207632 8
11029770 8
10801243 8
10962233 8
11040271 8
10689961 8
10508889 8
11636907 8
10518654 8
10625698 8
10952894 8
10715799 8
10631040 8
11446636 8
11013395 8
10479551 7
10680674 8
11085394 8
10694199 8
10785166 8
11163998 8
10591690 8
10711579 8
10867132 8
10993281 8
10457468 7
11137150 8
11010923 8
10760698 8
10512527 8
11231423 8
10672584 8
10642359 8
11054737 8
10395556 7
10814207 8
10905757 8
10989720 8
10372817 7
10731482 8
10924160 8
10606545 8
10385086 7
11340985 8
10648577 8
10526182 8
11015996 8
10580220 8
10546718 8
11022242 8
11025779 8
10705141 8
10461696 7
11039108 8
10618590 8
10501721 8
11492562 8
10381503 7
10493558 8
11059108 8
11099642 8
10427893 7
11596907 8
10466402 7
10453285 7
10496565 8
11092418 8
10738138 8
10758184 8
11090672 8
10482012 7
10439310 7
11074752 8
10563290 8
10790511 8
10822390 8
10731413 8
10354397 7
10603032 8
10950373 8
10461853 7
10665304 8
10999022 8
10715789 8
10471727 7
10743695 8
10373599 7
10451518 7
10896973 8
10597621 8
10500440 8
10925867 8
11172122 8
10522400 8
10847288 8
10996539 8
10634036 8
10480351 7
11102567 8
10764256 8
10615863 8
11180847 8
11113694 8
10884609 8
10449759 7
10897534 8
10560599 8
10508334 8
11336209 8
10609943 8
10713254 8
11143790 8
10991117 8
10701985 8
11568687 8
11033254 8
10679350 8
10554091 8
11054404 8
10563633 8
10436003 7
10992813 8
10662026 8
10443792 7
11016296 8
10895325 8
10664044 8
11188668 8
10936289 8
10647198 8
10443628 7
11048403 8
10744719 8
10452535 7
10748894 8
10828061 8
10738189 8
10879289 8
10980053 8
10593969 8
11131479 8
11034019 8
10993502 8
11001238 8
11439385 8
11005874 8
10995335 8
11323405 8
10377279 7
10474342 7
11024047 8
10795535 8
10905739 8
11639697 8
11027881 8
10435549 7
10457056 7
11103011 8
10757916 8
10571981 8
11412141 8
10676759 8
10671128 8
11086989 8
11002227 8
10546920 8
11178843 8
10861514 8
10405478 7
10472579 7
10978080 8
10543002 8
10539990 8
10956762 8
10509936 8
10527131 8
11239292 8
