2269961 8
2178764 8
2187831 8
2075469 7
2320174 8
2075542 7
2075679 7
2075155 7
2074896 7
2126991 8
2082082 7
2075326 7
2076066 7
2076244 7
2121341 8
2075728 7
2077630 7
2074722 7
2075159 7
2122480 8
2074125 7
2075616 7
2049385 7
2224047 8
2075036 7
2075839 7
2074331 7
2080755 7
2127057 8
2074770 7
2072651 7
2075669 7
2280809 8
2130263 8
2075057 7
2074288 7
2078245 7
2076527 7
2125005 8
2076684 7
2074851 7
2273020 8
2084344 7
2073943 7
2074872 7
2075284 7
2075979 7
2127521 8
2074460 7
2074823 7
2140135 8
2076108 7
2124428 8
2075162 7
2074743 7
2076094 7
2077274 7
2120888 8
2210015 8
2075941 7
2075731 7
2211133 8
2124593 8
2075287 7
2214641 8
2075273 7
2073940 7
2205808 8
2073852 7
2076482 7
2135586 8
2119041 8
2080633 7
2119390 8
2137252 8
2076838 7
2249736 8
2213171 8
2075246 7
2206349 8
2131672 8
2074610 7
2162822 8
2075200 7
2074180 7
2128310 8
2201740 8
2065837 7
2072987 7
2203489 8
2075413 7
2131526 8
2157669 8
2074589 7
2076467 7
2074002 7
2127469 8
2078978 7
2223802 8
2074701 7
2078880 7
2250924 8
2076370 7
2075288 7
2075029 7
2080472 7
2142566 8
2075367 7
2077690 7
2080661 7
2074477 7
2074097 7
2073957 7
2075347 7
2077795 7
2075581 7
2134218 8
2075245 7
2075015 7
2074652 7
2012527 7
2074949 7
2075927 7
2076062 7
2075843 7
2124990 8
2075930 7
2074174 7
2075786 7
2075183 7
2122194 8
2073060 7
2074038 7
2074320 7
2075050 7
2120501 8
2123221 8
2074132 7
2074547 7
2074854 7
2141923 8
2074467 7
2074107 7
2075200 7
2125796 8
2073874 7
2076003 7
2200669 8
2196678 8
2185328 8
2245226 8
2291049 8
2189102 8
2187908 8
2187960 8
2185963 8
2187151 8
2187629 8
2185939 8
2144409 8
2180614 8
2237021 8
2254174 8
2188079 8
2187014 8
2187349 8
2076352 7
2148668 8
2102457 8
2129979 8
2215315 8
2075599 7
2074551 7
2161168 8
2201464 8
2085866 7
2234943 8
2206447 8
2076122 7
2138603 8
2204813 8
2075148 7
2072414 7
2264491 8
2075186 7
2076848 7
2210179 8
2075326 7
2164841 8
2210455 8
2075067 7
2075204 7
2143700 8
2076084 7
2144395 8
2074024 7
2076080 7
2208011 8
2074984 7
2066943 7
2210654 8
2076370 7
2128398 8
2111726 8
2069240 7
2073311 7
2228348 8
2119994 8
2075452 7
2124792 8
2073412 7
2072672 7
2122365 8
2075623 7
2076499 7
2074069 7
2075762 7
2074320 7
2146364 8
2074593 7
2074579 7
2125266 8
2074571 7
2073126 7
2073999 7
2074470 7
2121419 8
2075487 7
2075204 7
2075075 7
2074854 7
2074192 7
2075846 7
2074830 7
2078039 7
2125755 8
2075361 7
2075731 7
2076443 7
2085064 7
2040870 7
2079931 7
2072522 7
2079662 7
2072980 7
2122124 8
2073468 7
2075068 7
2075379 7
2206942 8
2120238 8
2075504 7
2078447 7
2209627 8
2250553 8
2130587 8
2168988 8
2074603 7
2075567 7
2213537 8
2126059 8
2208109 8
2213841 8
2073084 7
2076887 7
2203957 8
2075081 7
2074100 7
2128946 8
2085506 7
2076625 7
2075236 7
2073653 7
2075061 7
2207582 8
2075074 7
2074100 7
2206094 8
2081642 7
2126854 8
2212285 8
2074220 7
2073566 7
2157211 8
2121467 8
2075267 7
2119314 8
2075385 7
2144186 8
2125423 8
2073109 7
2213286 8
2074181 7
2073141 7
2274860 8
2075207 7
2172386 8
2157264 8
2076946 7
2074680 7
2128705 8
2074013 7
2076314 7
2182730 8
2075043 7
2074740 7
2075678 7
2076132 7
2121977 8
2137074 8
2075671 7
2075326 7
2206252 8
2123238 8
2075836 7
2213437 8
2073332 7
2073734 7
2206199 8
2076415 7
2074006 7
2158210 8
2082106 7
2149032 8
2076314 7
2118489 8
2136421 8
2075312 7
2227633 8
2075284 7
2074520 7
2207459 8
2074648 7
2124802 8
2206960 8
2075609 7
2075361 7
2148435 8
2121681 8
2076614 7
2072767 7
2074676 7
2077745 7
2120050 8
2209795 8
2076275 7
2078067 7
2072809 7
2075249 7
2073490 7
2074865 7
2075696 7
2075458 7
2077522 7
2072941 7
2087713 7
2321490 8
2167676 8
2072910 7
2073615 7
2215179 8
2079281 7
2125748 8
2165518 8
2084344 7
2074955 7
2147248 8
2118643 8
2075190 7
2129176 8
2078259 7
2074271 7
2181749 8
2078514 7
2074104 7
2148962 8
2073692 7
2073657 7
2164970 8
2142928 8
2075295 7
2262403 8
2078276 7
2075777 7
2159143 8
2075420 7
2128709 8
2142684 8
2075769 7
2077072 7
2428137 9
2076174 7
2135446 8
2126244 8
2076321 7
2076115 7
2074201 7
2073866 7
2188372 8
2074948 7
2075521 7
2130063 8
2075281 7
2075654 7
2130311 8
2074987 7
2075794 7
2193403 8
2073468 7
2077075 7
2139462 8
2074711 7
2128020 8
2205920 8
2074348 7
2073908 7
2205682 8
2154991 8
2075915 7
2138073 8
2075022 7
2073157 7
2074757 7
2076076 7
2074691 7
2074394 7
2122941 8
2136023 8
2074593 7
2075529 7
2242149 8
2120717 8
2076269 7
2210130 8
2075822 7
2075737 7
2260095 8
2080588 7
2162191 8
2212529 8
2076007 7
2126111 8
2210357 8
2248424 8
2185628 8
2187231 8
2075022 7
2074603 7
2125909 8
2074889 7
2072641 7
2081739 7
2075766 7
2124302 8
2213943 8
2073755 7
2074251 7
2075902 7
2075514 7
2124103 8
2191005 8
2076244 7
2213967 8
2121597 8
2076062 7
2143044 8
2074285 7
2073430 7
2141221 8
2127560 8
2076192 7
2080067 7
2139480 8
2083363 7
2134745 8
2007007 7
2074530 7
2174222 8
2167906 8
2073821 7
2163507 8
2075860 7
2180653 8
2205375 8
2075416 7
2127546 8
2261844 8
2287810 8
2157142 8
2220813 8
2079735 7
2266997 8
2160961 8
2076248 7
2178297 8
2150718 8
2330034 8
2158821 8
2131770 8
2073591 7
2143104 8
2132741 8
2074743 7
2131401 8
2185401 8
2216037 8
2142356 8
2074572 7
2074181 7
2208668 8
2128314 8
2073248 7
2209673 8
2076702 7
2079457 7
2201724 8
2072965 7
2074872 7
2121645 8
2073689 7
2171956 8
2074973 7
2072672 7
2086890 7
2208388 8
2075322 7
2076161 7
2075961 7
2074882 7
2127594 8
2075961 7
2077162 7
2079010 7
2075187 7
2120103 8
2077016 7
2074202 7
2074593 7
2073940 7
2124962 8
2077194 7
2082891 7
2027170 7
2074641 7
2074519 7
2074886 7
2073926 7
2076192 7
2122648 8
2075996 7
2080490 7
2076069 7
2075172 7
2119237 8
2073894 7
2075336 7
2076189 7
2074142 7
2075874 7
2218258 8
2075986 7
2163661 8
2074442 7
2121338 8
2075745 7
2085754 7
2080717 7
2075647 7
2078074 7
2073801 7
2074847 7
2075675 7
2125325 8
2076140 7
2076416 7
2075469 7
2078597 7
2120196 8
2074735 7
2119310 8
2075364 7
2074711 7
2115794 8
2074411 7
2073503 7
2075689 7
2125510 8
2073116 7
2118137 8
2127403 8
2074841 7
2204827 8
2156601 8
2214253 8
2152911 8
2145841 8
2163811 8
2261278 8
2274905 8
2076740 7
2210270 8
2209422 8
2259442 8
2147807 8
2159841 8
2076210 7
2074655 7
2156001 8
2077298 7
2075940 7
2126809 8
2074547 7
2074861 7
2083202 7
2074889 7
2072770 7
2073322 7
2118545 8
2075654 7
2075888 7
2074708 7
2075050 7
2137426 8
2077955 7
2075396 7
2075867 7
2073193 7
2075546 7
2074373 7
2073611 7
2075280 7
2126125 8
2076031 7
2073860 7
2075794 7
2078381 7
2121014 8
2074764 7
2075029 7
2076464 7
2073109 7
2124931 8
2075933 7
2074215 7
2074331 7
2141605 8
2074942 7
2074805 7
2077082 7
2075587 7
2074791 7
2075542 7
2075301 7
2076866 7
2072997 7
2123863 8
2075623 7
2076175 7
2129376 8
2074646 7
2126030 8
2173311 8
2075487 7
2075350 7
2215199 8
2124865 8
2073650 7
2037697 7
2155697 8
2073235 7
2122655 8
2124805 8
2075175 7
2161908 8
2164498 8
2123451 8
2205766 8
2211824 8
2073594 7
2211104 8
2238951 8
2076545 7
2145460 8
2206964 8
2074244 7
2088987 7
2118979 8
2075322 7
2156741 8
2127578 8
2074337 7
2075228 7
2206517 8
2075231 7
2072655 7
2212557 8
2075507 7
2079037 7
2207802 8
2122693 8
2074394 7
2204715 8
2075228 7
2073723 7
2197914 8
2073832 7
2079114 7
2087116 7
2085304 7
2121412 8
2080267 7
2074264 7
2074795 7
2078359 7
2119788 8
2074596 7
2076524 7
2074421 7
2074934 7
2136791 8
2293214 8
2077159 7
2075068 7
2262937 8
2080053 7
2075765 7
2074928 7
2074890 7
2124662 8
2220081 8
2075210 7
2074320 7
2077096 7
2125122 8
2074974 7
2074194 7
2075148 7
2075633 7
2146650 8
2074763 7
2074607 7
2075501 7
2078342 7
2137084 8
2075239 7
2075302 7
2160316 8
2123806 8
2078402 7
2210161 8
2074593 7
2079019 7
2260992 8
2074652 7
2075599 7
2216656 8
2075797 7
2073678 7
2280359 8
2083398 7
2080954 7
2174721 8
2075214 7
2073308 7
2074928 7
2075144 7
2123402 8
2127448 8
2075260 7
2074035 7
2129655 8
2075353 7
2073528 7
2150037 8
2073427 7
2142077 8
2205001 8
2075682 7
2074767 7
2208675 8
2273502 8
2075546 7
2140331 8
2081376 7
2075511 7
2121657 8
2074799 7
2073046 7
2067802 7
2074791 7
2120675 8
2073168 7
2189692 8
2205127 8
2074969 7
2214334 8
2078364 7
2074548 7
2216453 8
2074785 7
2135806 8
2213276 8
2072909 7
2073975 7
2157069 8
2074851 7
2074003 7
2130129 8
2076011 7
2128835 8
2074610 7
2074446 7
2074436 7
2073091 7
2123158 8
2075119 7
2152087 8
2076946 7
2086414 7
2249851 8
2073870 7
2076104 7
2206230 8
2075372 7
2136645 8
2216537 8
2071531 7
2073797 7
2270021 8
2079935 7
2077348 7
2075029 7
2210975 8
2126921 8
2074104 7
2038388 7
2075668 7
2074998 7
2126415 8
2082619 7
2074799 7
2074855 7
2072641 7
2161175 8
2073545 7
2075629 7
2212109 8
2074893 7
2117917 8
2231194 8
2073859 7
2074362 7
2269386 8
2085461 7
2075522 7
2129114 8
2073154 7
2126453 8
2073329 7
2073524 7
2076276 7
2128063 8
2122020 8
2164499 8
2211569 8
2133495 8
2074453 7
2231553 8
2075622 7
2203228 8
2158102 8
2074861 7
2081366 7
2127877 8
2075867 7
2075061 7
2073130 7
2074606 7
2073290 7
2074614 7
2075927 7
2118199 8
2075277 7
2075780 7
2074453 7
2074264 7
2121538 8
2074955 7
2076537 7
2073698 7
2075061 7
2137430 8
2168796 8
2076412 7
2075581 7
2125745 8
2134790 8
2074879 7
2205410 8
2077588 7
2126241 8
2074952 7
2074865 7
2074436 7
2074931 7
2119862 8
2076576 7
2074415 7
2075919 7
2074935 7
2119030 8
2074411 7
2211098 8
2075256 7
2077058 7
2078496 7
2075155 7
2074439 7
2086530 7
2170210 8
2085513 7
2073367 7
2221530 8
2075556 7
2123179 8
2199087 8
2076279 7
2074272 7
2159519 8
2120005 8
2085793 7
2161098 8
2079418 7
2216352 8
2136889 8
2074596 7
2075584 7
2074694 7
2126502 8
2083873 7
2074970 7
2079358 7
2075975 7
2120801 8
2073996 7
2076468 7
2121956 8
2074540 7
2075864 7
2122525 8
2078769 7
2074170 7
2165056 8
2075930 7
2073916 7
2219511 8
2075514 7
2122455 8
2218838 8
2080447 7
2072774 7
2213367 8
2074017 7
2075501 7
2166405 8
2074962 7
2127759 8
2159583 8
2074820 7
2075043 7
2150017 8
2119977 8
2187391 8
2211589 8
2075591 7
2074247 7
2205246 8
2077742 7
2075235 7
2228149 8
2073590 7
2126090 8
2076293 7
2075280 7
2074121 7
2073688 7
2119743 8
2075769 7
2071880 7
2071827 7
2074520 7
2076321 7
2075923 7
2079180 7
2074708 7
2189908 8
2075971 7
2074516 7
2074907 7
2075176 7
