293573 7
293008 7
348300 9
308977 8
293175 7
293127 7
349093 9
293109 7
292826 7
292268 7
293178 7
298028 8
293416 7
293172 7
335054 9
293252 7
292994 7
292962 7
292899 7
340825 9
293357 7
292871 7
308830 8
292998 7
293204 7
293238 7
293270 7
292610 7
292924 7
292725 7
293640 7
293304 7
293364 7
292533 7
293490 7
293241 7
293242 7
308670 8
293004 7
293098 7
310454 8
293412 7
293426 7
293277 7
293014 7
343957 9
293150 7
283009 7
293074 7
292833 7
292969 7
292878 7
292917 7
308321 8
292585 7
293171 7
308995 8
292819 7
294851 7
292721 7
411968 11
293301 7
293294 7
292983 7
292798 7
292994 7
292983 7
293294 7
293329 7
293287 7
293005 7
292871 7
292693 7
293133 7
294687 7
292955 7
293098 7
293207 7
293175 7
292921 7
292928 7
292949 7
308834 8
308991 8
293019 7
292799 7
293382 7
292973 7
293005 7
293109 7
292924 7
292687 7
292701 7
293014 7
293399 7
293218 7
336422 9
293155 7
293105 7
293326 7
297215 8
293406 7
292858 7
292949 7
292934 7
293525 7
292558 7
293134 7
293074 7
293252 7
293556 7
293158 7
292687 7
293042 7
292844 7
293098 7
293140 7
334974 9
293000 7
292906 7
293026 7
292956 7
293297 7
293092 7
293308 7
293437 7
292725 7
292408 7
293157 7
293225 7
293315 7
293224 7
309089 8
292243 7
293102 7
292575 7
293005 7
292945 7
293283 7
293109 7
293238 7
293210 7
293064 7
293078 7
272577 7
292966 7
293294 7
293374 7
293353 7
293137 7
293186 7
293287 7
293549 7
293029 7
293413 7
308893 8
293064 7
309288 8
292872 7
292979 7
292945 7
293074 7
308512 8
298468 8
292655 7
293098 7
292966 7
337900 9
293143 7
293196 7
293591 7
292986 7
293169 7
293444 7
293378 7
342155 9
292959 7
293133 7
293154 7
293120 7
293168 7
293162 7
412513 11
292928 7
292893 7
293416 7
293312 7
292648 7
292701 7
293266 7
293703 7
293015 7
293301 7
293556 7
293043 7
293326 7
297453 8
293057 7
293133 7
309058 8
292554 7
299174 8
293161 7
293196 7
309089 8
308936 8
292672 7
293116 7
292858 7
344359 9
293319 7
293441 7
293126 7
293019 7
292794 7
293291 7
292592 7
293140 7
293109 7
292753 7
293263 7
308422 8
294481 7
292958 7
293178 7
308635 8
293168 7
293169 7
292977 7
293179 7
292358 7
293375 7
292920 7
293514 7
292935 7
292829 7
293130 7
293203 7
413872 11
294023 7
293032 7
292589 7
292781 7
349582 9
292662 7
347606 9
293186 7
293486 7
346520 9
292508 7
293147 7
292987 7
297815 8
335427 9
293029 7
292976 7
293008 7
293200 7
293403 7
293193 7
292533 7
293633 7
292972 7
293022 7
308555 8
293287 7
293717 7
292735 7
309340 8
292809 7
293123 7
293455 7
293779 7
293528 7
293252 7
293301 7
414925 11
293015 7
292990 7
293190 7
319000 8
293419 7
296960 8
293095 7
293158 7
292854 7
349745 9
292805 7
293228 7
293468 7
293088 7
309100 8
293594 7
292554 7
292729 7
293189 7
293231 7
292798 7
292613 7
292795 7
293294 7
292854 7
308897 8
293102 7
293162 7
293204 7
293252 7
308478 8
293172 7
293210 7
292962 7
292920 7
293036 7
412792 11
292742 7
292728 7
293503 7
293130 7
293178 7
292865 7
292963 7
293056 7
293270 7
293723 7
293116 7
336213 9
293063 7
347469 9
293011 7
293109 7
293204 7
292983 7
293171 7
292952 7
293437 7
293420 7
293161 7
293232 7
292977 7
293270 7
293050 7
309452 8
292962 7
293333 7
412943 11
309082 8
293455 7
292837 7
293385 7
293189 7
413400 11
293050 7
293496 7
292840 7
293311 7
293032 7
292753 7
293472 7
292938 7
309124 8
294439 7
309029 8
293517 7
293311 7
293329 7
293461 7
293389 7
293032 7
335920 9
409769 11
293294 7
293071 7
292728 7
293123 7
293434 7
472124 12
292966 7
292575 7
292812 7
309487 8
293475 7
292415 7
292993 7
293098 7
293252 7
293263 7
292756 7
293105 7
293032 7
293584 7
293063 7
293835 7
292637 7
292690 7
293109 7
344673 9
293025 7
292885 7
292725 7
293438 7
293465 7
292547 7
308845 8
293514 7
293151 7
292742 7
292578 7
293367 7
293214 7
293364 7
293587 7
292728 7
292924 7
299436 8
293105 7
293444 7
292871 7
293340 7
292987 7
414538 11
292858 7
294610 7
292341 7
277914 7
292889 7
293176 7
293033 7
293618 7
293189 7
292679 7
273223 7
293204 7
293046 7
293049 7
293211 7
293405 7
293200 7
293141 7
293162 7
293049 7
293127 7
293224 7
293510 7
293074 7
292952 7
343747 9
293004 7
308705 8
293190 7
292798 7
293028 7
293409 7
293315 7
293431 7
293368 7
293081 7
292942 7
293842 7
293186 7
293127 7
293762 7
345207 9
293040 7
292659 7
293971 7
293475 7
293154 7
293235 7
293576 7
292809 7
293151 7
293008 7
292515 7
292955 7
292917 7
293207 7
293444 7
293319 7
293992 7
333563 9
293256 7
344264 9
293077 7
293319 7
293018 7
293277 7
293199 7
292864 7
292865 7
293476 7
308687 8
292502 7
293130 7
293129 7
292372 7
293329 7
293301 7
293035 7
292739 7
293311 7
292487 7
293235 7
293269 7
293378 7
308831 8
294492 7
293182 7
293200 7
293171 7
293388 7
293256 7
293200 7
285997 7
292732 7
292533 7
308625 8
292819 7
292784 7
293074 7
292941 7
293409 7
293304 7
308754 8
292949 7
293039 7
292886 7
293028 7
292736 7
293336 7
292986 7
293021 7
438328 11
292958 7
292893 7
292889 7
292512 7
292924 7
292997 7
308761 8
293433 7
292903 7
293099 7
293221 7
338559 9
292952 7
292484 7
293249 7
292798 7
309176 8
340651 9
292773 7
293542 7
293426 7
293213 7
292847 7
293147 7
293573 7
292889 7
342019 9
292774 7
293381 7
293018 7
292166 7
293441 7
293113 7
309214 8
292899 7
317524 8
293419 7
292871 7
293011 7
292962 7
339187 9
292896 7
334289 9
292498 7
292801 7
292921 7
293305 7
293270 7
292586 7
345311 9
292446 7
339781 9
293021 7
293018 7
293032 7
292672 7
293130 7
292574 7
292438 7
293077 7
308729 8
293039 7
292645 7
293060 7
293277 7
292787 7
292724 7
309103 8
292980 7
293329 7
293221 7
292757 7
292997 7
293416 7
298300 8
292487 7
292557 7
293098 7
293583 7
293011 7
293105 7
292938 7
293294 7
293224 7
293046 7
293433 7
293085 7
293033 7
293007 7
292568 7
292924 7
293067 7
309396 8
293067 7
293426 7
293437 7
293273 7
293538 7
293214 7
293315 7
293347 7
345995 9
292980 7
293154 7
292910 7
292763 7
293311 7
293294 7
293556 7
292836 7
292222 7
293147 7
292875 7
292949 7
293053 7
292851 7
293283 7
308572 8
292690 7
272894 7
293273 7
292540 7
292979 7
293053 7
293248 7
293346 7
339073 9
293479 7
428074 11
293200 7
272884 7
293029 7
293434 7
344086 9
292282 7
292959 7
293395 7
293088 7
293475 7
293441 7
292889 7
293158 7
293531 7
293116 7
293151 7
308974 8
292843 7
394417 10
292879 7
293459 7
308841 8
293000 7
293374 7
293054 7
293088 7
292753 7
292697 7
293130 7
293269 7
293084 7
308823 8
292738 7
292893 7
293109 7
292997 7
293413 7
293681 7
293214 7
293171 7
293489 7
293203 7
293189 7
293203 7
292990 7
293165 7
293130 7
309322 8
293036 7
293580 7
292969 7
293130 7
293206 7
292837 7
292792 7
292812 7
309162 8
293252 7
293161 7
292973 7
292652 7
293468 7
292969 7
292659 7
293448 7
293063 7
292756 7
293472 7
297725 8
293144 7
293737 7
293458 7
292885 7
293762 7
293148 7
293231 7
292658 7
293102 7
297913 8
309232 8
293036 7
292973 7
292791 7
293419 7
293343 7
292606 7
293140 7
293130 7
292889 7
292495 7
308950 8
412736 11
292871 7
293109 7
292728 7
292892 7
293032 7
433178 11
293266 7
292927 7
293078 7
293409 7
294408 7
292683 7
293161 7
293039 7
293612 7
293374 7
293224 7
292910 7
292753 7
293154 7
292914 7
292795 7
292986 7
338745 9
292749 7
293126 7
293053 7
292924 7
293164 7
292917 7
339157 9
293259 7
293483 7
293116 7
292826 7
292917 7
293102 7
293130 7
292459 7
308841 8
293437 7
309131 8
293040 7
292701 7
292854 7
292893 7
293102 7
292854 7
308729 8
293332 7
292582 7
293249 7
293461 7
293161 7
293081 7
292753 7
292532 7
293388 7
292958 7
292878 7
293217 7
293098 7
292937 7
293828 7
293424 7
293095 7
308981 8
292899 7
473507 12
292970 7
293301 7
317580 8
293291 7
292610 7
293130 7
292865 7
293088 7
292976 7
293772 7
293332 7
293102 7
292879 7
338221 9
293081 7
292757 7
293095 7
292746 7
293576 7
293078 7
293426 7
293849 7
292924 7
292669 7
293029 7
293392 7
292997 7
293332 7
292938 7
293441 7
293224 7
293336 7
293190 7
293353 7
294886 7
292666 7
293046 7
292994 7
293102 7
293022 7
332429 9
292725 7
293071 7
293451 7
344030 9
294746 7
294470 7
342305 9
293280 7
293071 7
292826 7
293140 7
292801 7
309180 8
293025 7
292927 7
292879 7
293430 7
293137 7
293280 7
293193 7
293598 7
293395 7
309378 8
293500 7
293151 7
413596 11
293001 7
292679 7
292864 7
293388 7
293392 7
293021 7
308834 8
292470 7
292739 7
293308 7
309312 8
293119 7
293500 7
293367 7
293458 7
293346 7
292871 7
292833 7
292997 7
293531 7
293015 7
292969 7
293427 7
308928 8
293014 7
293357 7
346299 9
293427 7
293319 7
292959 7
280386 7
292704 7
308869 8
293213 7
293332 7
292937 7
293430 7
293493 7
292742 7
348174 9
292672 7
293122 7
292941 7
293029 7
293158 7
293185 7
292641 7
292795 7
293204 7
292599 7
293500 7
293311 7
292582 7
293011 7
292872 7
293143 7
411891 11
308551 8
293036 7
337637 9
292819 7
293325 7
293120 7
293074 7
308010 8
292909 7
292952 7
293315 7
293074 7
394400 10
293176 7
293025 7
292787 7
292907 7
292980 7
293004 7
293018 7
292945 7
293029 7
309152 8
293570 7
292994 7
309271 8
293458 7
308973 8
292857 7
292948 7
292952 7
410725 11
293281 7
293144 7
292711 7
292600 7
347399 9
293196 7
298102 8
292799 7
292746 7
292791 7
293011 7
293256 7
412974 11
292658 7
293147 7
292784 7
292927 7
292620 7
292742 7
292979 7
294303 7
292869 7
