228292 7
228205 7
240428 8
240596 8
227992 7
271791 9
228544 7
228547 7
280659 9
228275 7
228309 7
228268 7
228257 7
228215 7
228240 7
228246 7
228285 7
227831 7
228072 7
228156 7
228508 7
228596 7
228320 7
228823 7
228372 7
280774 9
228236 7
228037 7
273250 9
229591 8
228435 7
228230 7
228428 7
228111 7
228048 7
227793 7
228352 7
228435 7
241018 8
228330 7
228498 7
228247 7
273547 9
228310 7
228872 7
228344 7
227950 7
228558 7
227984 7
228146 7
228718 7
240735 8
227908 7
227890 7
228501 7
228229 7
228750 7
228194 7
228212 7
228641 7
228603 7
240903 8
228156 7
228086 7
228307 7
240187 8
228226 7
228394 7
228152 7
228641 7
228317 7
228295 7
228459 7
240613 8
228174 7
228390 7
228516 7
240222 8
227730 7
228568 7
228341 7
240519 8
228103 7
228533 7
278913 9
228107 7
228620 7
228072 7
276650 9
228452 7
228575 7
228230 7
228603 7
228495 7
228289 7
227967 7
228306 7
228292 7
228253 7
228554 7
241776 8
228317 7
228330 7
227762 7
228194 7
228505 7
228149 7
228170 7
228386 7
227961 7
228233 7
240568 8
228233 7
228034 7
228076 7
228055 7
228006 7
228407 7
228041 7
229332 7
228240 7
228002 7
228610 7
228170 7
227890 7
240784 8
328920 11
228533 7
228631 7
228072 7
227978 7
228107 7
228515 7
228634 7
228610 7
228589 7
227925 7
228435 7
228292 7
228163 7
228432 7
240662 8
228155 7
228341 7
228345 7
228718 7
228215 7
322666 11
228456 7
228362 7
228442 7
228240 7
228089 7
227978 7
228320 7
228103 7
269424 9
228264 7
228121 7
228191 7
228390 7
228191 7
228418 7
228103 7
227842 7
228229 7
228376 7
240505 8
240858 8
228488 7
228072 7
228285 7
228194 7
228484 7
228244 7
228358 7
227883 7
228379 7
241936 8
228251 7
228187 7
228753 7
228620 7
228592 7
228690 7
228002 7
228456 7
228387 7
228268 7
228006 7
240505 8
228313 7
228065 7
227783 7
228285 7
228522 7
228247 7
227936 7
228429 7
228086 7
228027 7
228558 7
228415 7
228602 7
228142 7
330117 11
228540 7
228212 7
228376 7
228404 7
227915 7
228334 7
228236 7
240397 8
228114 7
228034 7
228271 7
240564 8
228362 7
227789 7
228596 7
228474 7
227797 7
227964 7
228177 7
228387 7
227775 7
228096 7
227776 7
228296 7
229043 7
227744 7
228334 7
228184 7
228757 7
228142 7
228407 7
227992 7
228666 7
227939 7
228265 7
228176 7
228275 7
228194 7
228247 7
227695 7
228344 7
271725 9
228348 7
228327 7
228167 7
228072 7
233012 8
228334 7
228226 7
228341 7
228718 7
228715 7
228760 7
228149 7
228502 7
240295 8
228474 7
228295 7
228491 7
228662 7
240858 8
244806 8
228393 7
228547 7
229667 8
228425 7
212375 7
228554 7
227932 7
228058 7
228059 7
228439 7
228344 7
228352 7
228453 7
228481 7
240519 8
228034 7
227977 7
228239 7
228408 7
228009 7
325502 11
228320 7
227957 7
241098 8
228121 7
326623 11
228306 7
228362 7
241098 8
228041 7
228495 7
228320 7
228509 7
228641 7
228034 7
227884 7
228463 7
228540 7
232688 8
228309 7
228048 7
227831 7
228176 7
228376 7
228038 7
228034 7
240631 8
228306 7
228362 7
227751 7
227870 7
228665 7
227838 7
228358 7
228191 7
228167 7
227838 7
228062 7
228201 7
227744 7
240739 8
227528 7
227901 7
228044 7
228540 7
240327 8
228383 7
240407 8
269222 9
276162 9
228718 7
228446 7
228296 7
228561 7
228520 7
227999 7
228572 7
228651 7
228271 7
228128 7
228198 7
270942 9
227908 7
269207 9
228180 7
228075 7
228439 7
228211 7
228543 7
227716 7
228055 7
228561 7
228121 7
371117 12
228540 7
228627 7
228219 7
228355 7
228341 7
240700 8
228302 7
228257 7
228620 7
227842 7
228404 7
227876 7
228613 7
240813 8
227542 7
228463 7
228142 7
228142 7
228470 7
228153 7
233491 8
228742 7
228457 7
228362 7
228743 7
228491 7
240788 8
228209 7
228417 7
228341 7
227887 7
227926 7
228341 7
228481 7
228519 7
228369 7
228446 7
228341 7
228358 7
228428 7
272401 9
227859 7
228320 7
228435 7
228121 7
228578 7
228010 7
228261 7
228380 7
228366 7
227883 7
228728 7
228208 7
228347 7
227922 7
278546 9
240610 8
240659 8
280229 9
228334 7
228432 7
228389 7
228247 7
240648 8
228655 7
228397 7
228509 7
228453 7
228295 7
228233 7
227887 7
228638 7
240404 8
228177 7
228393 7
228519 7
228195 7
330212 11
240508 8
240113 8
228596 7
228777 7
328141 11
228501 7
228463 7
228016 7
228407 7
228638 7
228187 7
228068 7
227967 7
228181 7
228404 7
280051 9
228072 7
227887 7
228068 7
228665 7
228153 7
227999 7
228030 7
232921 8
240749 8
327153 11
228481 7
227890 7
228243 7
228463 7
227964 7
228432 7
228187 7
228561 7
228415 7
228428 7
228316 7
228317 7
227932 7
228016 7
227852 7
240592 8
228341 7
228167 7
228068 7
228006 7
228606 7
228086 7
228561 7
228169 7
228125 7
228411 7
228118 7
228212 7
273631 9
228359 7
228390 7
228439 7
227940 7
240791 8
228589 7
274267 9
227730 7
228163 7
228055 7
228135 7
229126 7
228495 7
228225 7
227974 7
240424 8
228684 7
228557 7
228537 7
228669 7
228045 7
229259 7
229364 7
228125 7
278889 9
227908 7
228100 7
228229 7
228295 7
228285 7
228474 7
227636 7
228585 7
228418 7
228261 7
271847 9
227873 7
228491 7
228096 7
227933 7
229399 8
227918 7
228603 7
228096 7
228159 7
228369 7
228383 7
228721 7
227824 7
276598 9
278288 9
229483 8
228190 7
228142 7
228387 7
228400 7
227939 7
228323 7
228359 7
228257 7
228313 7
228495 7
228215 7
228208 7
228477 7
228701 7
273767 9
228261 7
228411 7
228513 7
227911 7
228145 7
228373 7
240676 8
228390 7
228373 7
228327 7
228264 7
228568 7
228386 7
228512 7
228271 7
228100 7
228467 7
228055 7
228236 7
227911 7
228066 7
228348 7
228096 7
228480 7
228708 7
228097 7
228411 7
228138 7
228086 7
228488 7
228484 7
228146 7
228387 7
228390 7
228400 7
228212 7
228250 7
228373 7
228470 7
227870 7
228572 7
228581 7
228260 7
240749 8
228593 7
228069 7
228198 7
228107 7
228027 7
228491 7
228508 7
228257 7
228477 7
228226 7
227943 7
228198 7
228107 7
228424 7
228146 7
228271 7
228460 7
228365 7
228023 7
228480 7
240836 8
228456 7
228446 7
227971 7
228303 7
212417 7
228323 7
228051 7
228512 7
227929 7
228393 7
228610 7
228166 7
228254 7
228407 7
228463 7
228575 7
228044 7
228045 7
228481 7
228225 7
228114 7
228348 7
240484 8
228358 7
228383 7
228442 7
228529 7
228093 7
228226 7
228254 7
228368 7
228358 7
228313 7
228338 7
228428 7
228293 7
228282 7
228299 7
228602 7
240425 8
228512 7
228355 7
229388 8
240309 8
228411 7
228829 7
228408 7
228139 7
228048 7
228010 7
269804 9
228183 7
227807 7
228680 7
228058 7
228163 7
271596 9
228202 7
228320 7
271731 9
228366 7
228383 7
228023 7
228058 7
227576 7
228533 7
240732 8
232869 8
228163 7
229678 8
228411 7
228103 7
228697 7
270175 9
228324 7
228421 7
228296 7
228515 7
228362 7
228293 7
228694 7
228523 7
228456 7
227668 7
240669 8
227775 7
228830 7
240617 8
228222 7
228250 7
229721 8
228138 7
228303 7
228359 7
228467 7
228110 7
228194 7
228181 7
228156 7
228418 7
228278 7
228198 7
228180 7
228529 7
228631 7
228149 7
228655 7
227992 7
228173 7
240463 8
246426 8
228355 7
228714 7
228431 7
228072 7
228041 7
228554 7
240428 8
228222 7
228508 7
228121 7
233397 8
228530 7
228226 7
213845 7
228261 7
228226 7
228243 7
227905 7
228394 7
228467 7
228054 7
228341 7
276071 9
228348 7
227967 7
228693 7
228397 7
275520 9
240637 8
241004 8
228753 7
227992 7
228418 7
228170 7
228037 7
228526 7
227021 7
228635 7
228610 7
227988 7
228292 7
228146 7
227779 7
228334 7
227988 7
228439 7
228244 7
227964 7
228132 7
228624 7
229681 8
228194 7
240072 8
227908 7
228254 7
228292 7
228505 7
228746 7
227950 7
228463 7
229424 8
228365 7
228431 7
228061 7
228240 7
228205 7
280432 9
228075 7
278903 9
228763 7
228495 7
228467 7
228173 7
228941 7
228366 7
228114 7
228449 7
241224 8
228355 7
228547 7
228205 7
232673 8
280240 9
228376 7
227943 7
228128 7
228072 7
228212 7
228320 7
241042 8
227877 7
228257 7
228250 7
228708 7
228508 7
228365 7
227821 7
228631 7
227846 7
228589 7
228153 7
228492 7
228380 7
228288 7
227999 7
228316 7
228247 7
228163 7
228278 7
227838 7
228459 7
227926 7
240316 8
228662 7
228166 7
228477 7
227964 7
228295 7
228299 7
240365 8
228016 7
228194 7
228704 7
228693 7
228840 7
228062 7
228502 7
228051 7
240054 8
228578 7
228418 7
228474 7
228201 7
277189 9
228348 7
228076 7
228457 7
227988 7
228641 7
240515 8
228310 7
228030 7
278138 9
227692 7
228582 7
228177 7
228415 7
228243 7
228033 7
228578 7
227912 7
228324 7
228174 7
228108 7
329821 11
228327 7
228317 7
228219 7
240791 8
326371 11
228239 7
228079 7
228362 7
228320 7
325830 11
228376 7
228519 7
228303 7
228484 7
324765 11
240519 8
228167 7
278264 9
228623 7
227601 7
227716 7
228348 7
228184 7
240481 8
228170 7
228579 7
227713 7
228222 7
228450 7
228159 7
228540 7
240624 8
228516 7
240662 8
228592 7
228313 7
228404 7
227754 7
228061 7
228383 7
276400 9
228065 7
228254 7
228439 7
228075 7
228212 7
227912 7
228062 7
228292 7
328008 11
228313 7
228394 7
228499 7
240899 8
228195 7
228342 7
240571 8
227985 7
271288 9
228917 7
229633 8
229908 8
228069 7
227860 7
227782 7
228680 7
228732 7
228683 7
228602 7
228055 7
240791 8
228543 7
228428 7
228634 7
228320 7
228582 7
228379 7
228337 7
228372 7
228506 7
228278 7
228438 7
227880 7
228344 7
228338 7
228369 7
228027 7
228536 7
240959 8
228498 7
228648 7
228257 7
228355 7
240847 8
228561 7
228167 7
228382 7
228557 7
228184 7
228198 7
228268 7
228292 7
240948 8
228407 7
228219 7
229144 7
228177 7
