134309 32
135587 33
136515 33
131529 32
147286 35
141595 34
134074 32
128852 31
129424 31
145059 35
136756 33
130405 31
122745 29
138341 33
138474 33
143655 35
136264 33
129571 31
122320 29
126987 31
127508 31
132807 32
126984 31
120742 29
135966 33
135527 33
137862 33
149537 36
112704 27
143337 34
118144 28
129033 31
124694 30
139343 34
129466 31
133600 32
137755 33
134759 32
127127 31
110693 27
131351 32
113528 27
130422 31
128492 31
139727 34
139476 34
127102 31
123066 30
143808 35
135451 33
137336 33
135852 33
125968 30
135335 33
133135 32
128852 31
134148 32
167295 40
124864 30
150525 36
300172 73
141627 34
135740 33
147352 35
138138 33
134692 32
138596 33
127410 31
138572 33
132898 32
141072 34
134933 32
129183 31
124058 30
124166 30
138223 33
131467 32
179553 43
121010 29
149524 36
129519 31
140984 34
107463 26
126970 30
120612 29
118175 28
129368 31
114736 28
130692 31
139228 33
119582 29
136651 33
125901 30
123932 30
143299 34
145052 35
128492 31
139957 34
147025 35
130545 31
152680 37
121764 29
137262 33
150470 36
148609 36
134015 32
139256 33
118555 28
119470 29
133139 32
123618 30
146158 35
123182 30
128360 31
144933 35
125475 30
151486 36
143379 35
144552 35
140142 34
136658 33
131917 32
154907 37
123070 30
158280 38
150212 36
143232 34
139901 34
142551 34
141484 34
151867 37
155061 37
134909 32
154447 37
117721 28
135094 32
132675 32
109764 26
125189 30
135314 33
127594 31
148260 36
113856 27
146197 35
117494 28
133897 32
123090 30
139483 34
152279 37
130000 31
141797 34
115389 28
128094 31
113266 27
129505 31
116925 28
132465 32
116757 28
120232 29
113134 27
136630 33
126955 30
136906 33
181187 44
135122 32
119621 29
124344 30
127947 31
122200 29
113276 27
122148 29
217710 53
135646 33
120438 29
131327 32
139095 33
137635 33
120679 29
129990 31
117173 28
124739 30
120992 29
124554 30
118335 28
115567 28
122389 29
119578 29
142733 34
130831 31
123364 30
115173 28
138778 33
117875 28
140041 34
121827 29
120990 29
139102 33
135925 33
119093 29
137070 33
135614 33
253367 61
143348 34
131509 32
125622 30
129372 31
133851 32
124924 30
168108 41
127340 31
136651 33
128244 31
135028 32
126429 30
131075 32
141082 34
133694 32
113619 27
153706 37
146598 35
154066 37
133146 32
116464 28
150069 36
143725 35
142315 34
127825 31
135953 33
161262 39
118947 29
148033 36
133771 32
136868 33
152404 37
140761 34
156705 38
140858 34
143020 34
151186 36
125161 30
153745 37
136421 33
143725 35
133603 32
124973 30
139197 33
118824 29
136843 33
139748 34
130143 31
134682 32
134553 32
128380 31
124851 30
129858 31
143721 35
124079 30
134843 32
130849 31
139807 34
139438 34
144178 35
138743 33
133268 32
124882 30
118852 29
126760 30
120713 29
128559 31
133356 32
122853 29
133419 32
145327 35
147600 36
151332 36
142765 34
122613 29
143239 34
151399 36
132025 32
139399 34
149688 36
121824 29
128827 31
135495 33
118936 29
134553 32
143854 35
139689 34
143376 35
120678 29
134640 32
123182 30
121953 29
159656 38
151231 36
147149 35
136850 33
132389 32
142349 34
130220 31
269794 65
118186 28
129853 31
125440 30
120783 29
117735 28
140401 34
145313 35
141979 34
124798 30
146120 35
132382 32
143421 35
140750 34
124540 30
128268 31
144242 35
138962 33
144196 35
141937 34
142360 34
133918 32
134906 32
144961 35
133153 32
118451 28
141658 34
145355 35
141651 34
131662 32
134843 32
126761 30
147489 36
140781 34
139238 33
135210 33
132507 32
131589 32
132940 32
131600 32
148745 36
126990 31
140841 34
117068 28
151601 37
125703 30
138956 33
128049 31
152704 37
143030 34
129114 31
126188 30
143369 35
140802 34
127455 31
142283 34
126478 30
131016 31
129522 31
184231 44
255448 62
140949 34
120144 29
157435 38
118489 28
143574 35
136372 33
132961 32
131914 32
129389 31
133732 32
120228 29
194161 47
121380 29
160500 39
144734 35
137514 33
124387 30
123949 30
115689 28
122176 29
120784 29
136100 33
128070 31
127822 31
134162 32
127947 31
120839 29
126171 30
125807 30
120448 29
118580 28
132326 32
133698 32
119254 29
121276 29
124285 30
129833 31
137496 33
160067 39
130199 31
154953 37
132950 32
120682 29
123618 30
117446 28
135314 33
116730 28
123073 30
125130 30
127409 31
118489 28
158207 38
130469 31
139507 34
143732 35
151238 36
144137 35
139161 33
138735 33
127630 31
120919 29
133949 32
133719 32
121674 29
127905 31
129780 31
144524 35
120382 29
138187 33
147325 35
132853 32
124167 30
132200 32
133366 32
128363 31
127672 31
137245 33
288644 70
121405 29
130053 31
163370 39
137779 33
125255 30
138372 33
114414 27
138223 33
151200 36
131879 32
119233 29
132549 32
130339 31
139765 34
144346 35
150069 36
138359 33
147457 36
124009 30
147649 36
125423 30
140886 34
144500 35
137821 33
141599 34
145302 35
177713 43
138778 33
138774 33
134298 32
132616 32
129285 31
131798 32
124815 30
142922 34
129536 31
141808 34
129033 31
138990 33
122047 29
126802 30
141260 34
120137 29
130664 31
132790 32
113067 27
115368 28
123507 30
126477 30
120511 29
111014 27
123167 30
140673 34
132395 32
145565 35
126708 30
144199 35
121897 29
129598 31
141850 34
136899 33
124533 30
139207 33
145261 35
120727 29
142664 34
142594 34
288389 70
132249 32
137797 33
132465 32
113155 27
151496 36
131690 32
143316 34
120385 29
121509 29
127385 31
126523 30
133275 32
116590 28
148533 36
143725 35
122847 29
141267 34
149597 36
141071 34
149856 36
140394 34
140876 34
182115 44
140991 34
128754 31
142122 34
149688 36
138145 33
129082 31
294146 71
138150 33
127431 31
152719 37
124351 30
130007 31
127253 31
137321 33
126715 30
122442 29
121370 29
120155 29
145673 35
146392 35
132707 32
114994 28
121233 29
150267 36
119854 29
131219 32
128349 31
132465 32
130713 31
124159 30
136780 33
136714 33
124739 30
119760 29
131550 32
129494 31
126579 30
115654 28
117072 28
117033 28
127515 31
175594 42
136658 33
132078 32
134078 32
124372 30
149542 36
121157 29
122508 29
134309 32
136599 33
139490 34
130231 31
130420 31
124051 30
145059 35
141375 34
120881 29
124030 30
136896 33
141570 34
136323 33
117327 28
139330 34
121555 29
165217 40
121464 29
128928 31
118192 28
146665 35
124177 30
143627 35
123552 30
131565 32
100114 24
126411 30
129082 31
141909 34
137409 33
149820 36
131834 32
133694 32
127396 31
126952 30
135635 33
131125 32
123524 30
120252 29
136899 33
126939 30
130894 31
132671 32
135398 33
134022 32
129924 31
123932 30
128062 31
121565 29
133180 32
141860 34
137084 33
136390 33
123642 30
147499 36
119414 29
129362 31
136794 33
141424 34
175235 42
150788 36
137290 33
138289 33
144447 35
192066 46
137493 33
149751 36
130531 31
127888 31
134710 32
131816 32
132053 32
172906 42
119108 29
124222 30
121024 29
128705 31
130796 31
163772 39
107272 26
137629 33
132074 32
123311 30
123088 30
128555 31
127435 31
136718 33
127015 31
128269 31
128660 31
142663 34
114035 27
147688 36
166310 40
129707 31
141437 34
137021 33
139329 34
125859 30
132319 32
153619 37
119261 29
146434 35
131749 32
188054 45
137081 33
153874 37
148414 36
133150 32
194716 47
139025 33
141857 34
126938 30
134535 32
120895 29
113587 27
112261 27
149549 36
125270 30
151064 36
123021 30
156122 38
120709 29
137346 33
126094 30
127109 31
128608 31
179203 43
138770 33
136407 33
133079 32
127815 31
267332 65
120298 29
142244 34
114404 27
143693 35
142835 34
134951 32
128227 31
142981 34
116544 28
123527 30
135426 33
138946 33
115358 28
148591 36
124717 30
131637 32
113266 27
141888 34
139409 34
125116 30
131990 32
129976 31
140481 34
179703 43
153395 37
129375 31
154876 37
139120 33
141910 34
141417 34
148144 36
127211 31
119809 29
136955 33
117034 28
119268 29
121887 29
138721 33
130101 31
117086 28
109115 26
118353 28
132525 32
122246 29
128639 31
132640 32
128286 31
123877 30
126788 30
113486 27
137803 33
115200 28
139828 34
123153 30
136714 33
140642 34
125801 30
141536 34
122452 29
125790 30
144800 35
128565 31
141648 34
135705 33
151221 36
128995 31
141229 34
152896 37
136368 33
121614 29
146860 35
140676 34
148225 36
143721 35
144824 35
151232 36
136920 33
144639 35
146472 35
143959 35
147230 35
145799 35
137964 33
130817 31
140736 34
141920 34
136536 33
144060 35
137353 33
144266 35
139532 34
137367 33
127236 31
154667 37
227011 55
134406 32
146246 35
138823 33
128027 31
126076 30
137245 33
135006 32
141525 34
151891 37
133848 32
161216 39
133471 32
138491 33
126198 30
143648 35
150310 36
143798 35
128977 31
128677 31
122927 30
131568 32
139098 33
152739 37
130140 31
137122 33
136916 33
135691 33
139077 33
141902 34
119676 29
140439 34
132993 32
133505 32
123405 30
127728 31
131054 31
130758 31
125612 30
121300 29
140153 34
131222 32
141529 34
141913 34
122508 29
131543 32
126917 30
146706 35
132227 32
143739 35
141976 34
148533 36
146989 35
147667 36
142635 34
155372 37
141581 34
150393 36
142388 34
154964 37
148672 36
143537 35
133201 32
133010 32
136504 33
153776 37
131324 32
136892 33
135677 33
149430 36
143407 35
133809 32
120546 29
132042 32
141124 34
162770 39
139940 34
173419 42
134382 32
126865 30
146204 35
129641 31
153210 37
131878 32
179661 43
138038 33
118227 28
133956 32
138589 33
126817 30
275537 67
110344 26
135052 32
110805 27
119858 29
135307 33
121052 29
128866 31
131728 32
111622 27
131826 32
121282 29
123702 30
141113 34
118368 28
126243 30
124791 30
119990 29
142656 34
129714 31
141532 34
146867 35
122574 29
143410 35
134414 32
118304 28
145819 35
130768 31
134372 32
126020 30
125437 30
112827 27
120305 29
125203 30
126048 30
118960 29
123901 30
119732 29
119051 29
126412 30
131515 32
132525 32
135227 33
141867 34
134434 32
142199 34
146295 35
151106 36
129951 31
137783 33
147841 36
145582 35
135799 33
143142 34
141264 34
139535 34
144039 35
138886 33
124111 30
142293 34
144761 35
119258 29
190656 46
144245 35
146517 35
125441 30
136707 33
123510 30
121674 29
142000 34
121914 29
154300 37
120675 29
176631 43
122239 29
131111 32
129099 31
145603 35
128024 31
135698 33
147674 36
127986 31
145578 35
157079 38
140352 34
149904 36
151092 36
147789 36
139060 33
138306 33
142922 34
134532 32
119411 29
134735 32
126090 30
119966 29
138841 33
119892 29
181481 44
133725 32
122274 29
133475 32
127962 31
