9053 17
9046 17
9566 18
9493 18
9517 18
9500 18
8854 17
8980 17
9217 18
9022 17
8864 17
9046 17
9147 17
9653 18
9106 17
9539 18
9098 17
8970 17
8980 17
9192 17
9067 17
9000 17
9109 17
9717 18
9157 17
8973 17
9007 17
9154 17
9207 17
8746 17
9193 17
9116 17
9113 17
8910 17
9123 17
9168 17
9049 17
9025 17
9186 17
9301 18
9077 17
9172 17
9608 18
9004 17
9224 18
8895 17
9095 17
8970 17
8962 17
9196 17
9022 17
9018 17
9514 18
9064 17
8892 17
9196 17
9374 18
9007 17
8955 17
9220 18
8990 17
9185 17
9133 17
8980 17
9210 17
8948 17
9116 17
9112 17
9190 17
9297 18
8784 17
9144 17
9060 17
8997 17
9032 17
9029 17
8927 17
9070 17
9039 17
9566 18
9102 17
8997 17
9409 18
9402 18
9270 18
9204 17
9116 17
9084 17
9283 18
9637 18
9133 17
9141 17
8959 17
9151 17
9186 17
8962 17
9231 18
9262 18
9172 17
8977 17
9036 17
9077 17
9133 17
8875 17
9151 17
8969 17
9601 18
9067 17
8976 17
8990 17
9067 17
8931 17
9036 17
8959 17
9018 17
9032 17
8990 17
9095 17
8937 17
9213 17
9130 17
9141 17
8991 17
9102 17
9042 17
8917 17
9116 17
9001 17
8941 17
9057 17
9241 18
9420 18
9095 17
9395 18
9109 17
8858 17
9137 17
9105 17
9280 18
9172 17
9283 18
9245 18
8966 17
9039 17
9245 18
10380 20
8931 17
8955 17
9053 17
9011 17
9563 18
8990 17
9242 18
9060 17
9151 17
9133 17
8956 17
9071 17
9612 18
9011 17
9193 17
9015 17
9252 18
9091 17
9018 17
9053 17
8977 17
9350 18
9049 17
9077 17
9091 17
9112 17
9033 17
9287 18
9092 17
9168 17
9297 18
9015 17
9922 19
9773 19
9696 18
9569 18
9867 19
9545 18
9654 18
9528 18
9671 18
9709 18
9419 18
9765 19
9029 17
9105 17
8969 17
8924 17
8990 17
8917 17
8920 17
8924 17
9518 18
9171 17
9169 17
8836 17
8963 17
9029 17
8976 17
9186 17
9479 18
8998 17
9102 17
9228 18
9050 17
9004 17
8942 17
9144 17
9259 18
9891 19
8977 17
9148 17
9287 18
8930 17
9640 18
9178 17
9007 17
9643 18
9116 17
9137 17
9270 18
9242 18
9015 17
9092 17
9109 17
9143 17
9053 17
9609 18
8942 17
9186 17
9025 17
9650 18
9101 17
8844 17
9140 17
9109 17
9022 17
9106 17
9123 17
9183 17
8886 17
9479 18
9200 17
9057 17
9018 17
9032 17
9200 17
9175 17
8896 17
9898 19
8977 17
8868 17
9242 18
9151 17
9235 18
8991 17
8896 17
9447 18
9322 18
8994 17
9001 17
9196 17
9025 17
9157 17
9252 18
8969 17
9782 19
9140 17
9015 17
9039 17
8956 17
9193 17
9126 17
9179 17
8959 17
8980 17
9525 18
9088 17
9088 17
9168 17
9597 18
9294 18
9113 17
9147 17
8875 17
8997 17
9179 17
9022 17
9113 17
9105 17
9354 18
9238 18
8934 17
8948 17
9333 18
9088 17
9049 17
8927 17
9162 17
9116 17
9158 17
9249 18
9035 17
8962 17
9102 17
9029 17
9364 18
9741 19
9036 17
9053 17
8886 17
8976 17
8903 17
9077 17
9204 17
9105 17
9185 17
9371 18
9140 17
9056 17
9172 17
9067 17
9099 17
9071 17
9185 17
9077 17
9029 17
9143 17
9001 17
9354 18
9504 18
8994 17
9008 17
9123 17
9220 18
9175 17
9127 17
8987 17
9014 17
9633 18
8980 17
9119 17
9074 17
9140 17
9077 17
9143 17
9127 17
9192 17
9218 18
9053 17
9151 17
9032 17
9047 17
9137 17
9120 17
8955 17
9053 17
8935 17
9098 17
9046 17
9147 17
9028 17
8833 17
9001 17
9182 17
9231 18
9129 17
8903 17
8990 17
9018 17
8990 17
9210 17
9087 17
8882 17
9157 17
9137 17
8980 17
9025 17
9084 17
8879 17
8844 17
9046 17
9193 17
9078 17
9734 19
9277 18
9210 17
8840 17
9018 17
9179 17
8955 17
8980 17
9595 18
9015 17
9056 17
9193 17
8980 17
8941 17
9179 17
9001 17
9106 17
9716 18
9255 18
9039 17
8805 17
9636 18
9158 17
9095 17
8924 17
9112 17
8973 17
9336 18
8983 17
9123 17
9007 17
8791 17
9315 18
9109 17
9018 17
8931 17
9102 17
9200 17
8886 17
8990 17
9078 17
9102 17
8864 17
9241 18
9563 18
8983 17
9057 17
8910 17
9270 18
9081 17
9084 17
8910 17
8914 17
9699 18
9088 17
8987 17
8952 17
8969 17
9190 17
9004 17
9200 17
8868 17
9168 17
9025 17
9077 17
9095 17
9102 17
9011 17
9036 17
9001 17
9643 18
9095 17
8948 17
8812 17
9235 18
9196 17
9185 17
9783 19
9105 17
9053 17
9081 17
9098 17
8885 17
8997 17
9050 17
9043 17
9594 18
9057 17
9039 17
9000 17
9165 17
8931 17
9469 18
8934 17
9071 17
8865 17
9192 17
9402 18
9130 17
8969 17
9203 17
9193 17
9625 18
9636 18
9137 17
9162 17
9116 17
8959 17
9154 17
8878 17
9133 17
8997 17
9095 17
9032 17
8886 17
9301 18
8903 17
9011 17
8941 17
9102 17
9001 17
9084 17
8854 17
8983 17
9042 17
9207 17
9029 17
9521 18
9133 17
9029 17
9532 18
9120 17
9046 17
9018 17
8972 17
9091 17
8979 17
9221 18
9147 17
8959 17
9503 18
8966 17
8969 17
8972 17
9050 17
9326 18
9556 18
9050 17
9235 18
8997 17
9130 17
8858 17
8864 17
9001 17
9147 17
8983 17
8990 17
9559 18
9141 17
9242 18
8955 17
9025 17
9035 17
8962 17
9063 17
9040 17
9175 17
9015 17
9151 17
9081 17
8826 17
9004 17
9015 17
9598 18
9007 17
9081 17
9123 17
9025 17
8958 17
9497 18
9102 17
9064 17
9014 17
9224 18
9168 17
9106 17
9095 17
9189 17
9155 17
9141 17
8934 17
9077 17
9217 18
9406 18
13365 26
9000 17
8924 17
9235 18
9130 17
9284 18
8955 17
9095 17
9077 17
9039 17
8819 17
9741 19
8952 17
9109 17
9081 17
9091 17
9095 17
9004 17
9007 17
8914 17
9626 18
8931 17
9140 17
9140 17
9185 17
9021 17
9046 17
9144 17
9591 18
9064 17
8997 17
9101 17
9046 17
9119 17
9081 17
9078 17
9182 17
9231 18
8889 17
8955 17
9098 17
8924 17
8836 17
9039 17
9081 17
8829 17
9109 17
9102 17
8959 17
8945 17
9225 18
9074 17
8854 17
9189 17
8990 17
9050 17
9151 17
9130 17
8886 17
9263 18
9521 18
9053 17
9036 17
8998 17
9147 17
9137 17
9748 19
9273 18
9071 17
9105 17
9046 17
9696 18
9221 18
9033 17
8920 17
9120 17
50492 98
9088 17
9112 17
9053 17
9005 17
9116 17
9049 17
9049 17
9091 17
9056 17
8997 17
9500 18
9057 17
9106 17
8889 17
8987 17
9067 17
9210 17
9032 17
9029 17
9479 18
9727 18
9591 18
9115 17
8872 17
8962 17
9211 17
9172 17
9088 17
9071 17
8993 17
8935 17
9147 17
8945 17
9158 17
9029 17
9074 17
9112 17
9448 18
8833 17
9067 17
8927 17
9008 17
8906 17
9524 18
9801 19
8987 17
9071 17
9165 17
9245 18
9039 17
9137 17
8951 17
9067 17
8945 17
9539 18
8935 17
9078 17
8802 17
9057 17
9116 17
8893 17
9179 17
9115 17
9099 17
8952 17
9046 17
8983 17
9213 17
9032 17
8777 17
9063 17
9064 17
8900 17
9036 17
9186 17
9629 18
8973 17
9067 17
8997 17
9091 17
8875 17
9018 17
9042 17
9095 17
9008 17
9200 17
9162 17
9584 18
9148 17
9061 17
8871 17
9218 18
9099 17
9116 17
9085 17
9224 18
8973 17
8997 17
9025 17
9074 17
8833 17
9144 17
9671 18
9043 17
9063 17
9098 17
9011 17
8777 17
9140 17
12248 23
9081 17
9060 17
9137 17
9618 18
8963 17
8994 17
9004 17
8980 17
9064 17
9029 17
9210 17
8969 17
9127 17
9035 17
9046 17
9109 17
9102 17
9008 17
9053 17
9040 17
9046 17
9176 17
9078 17
9162 17
8969 17
9475 18
9178 17
9081 17
9077 17
9077 17
9221 18
9015 17
8878 17
9063 17
9136 17
9182 17
8941 17
9105 17
9074 17
9140 17
9015 17
8903 17
9067 17
9176 17
9105 17
8969 17
9154 17
9430 18
9189 17
9227 18
9148 17
9004 17
9266 18
8956 17
9129 17
9213 17
9234 18
8955 17
9046 17
8963 17
9109 17
9064 17
9172 17
8966 17
9227 18
9227 18
9301 18
9021 17
9137 17
8966 17
8928 17
9190 17
9269 18
9703 18
8921 17
8749 17
9137 17
9078 17
9042 17
9667 18
8882 17
9179 17
9151 17
9092 17
9085 17
9063 17
9067 17
9448 18
9745 19
8980 17
9517 18
9175 17
8955 17
8931 17
9077 17
9168 17
9026 17
9039 17
9535 18
9025 17
9063 17
9587 18
9095 17
9105 17
9084 17
9099 17
8969 17
9105 17
9189 17
8938 17
9130 17
9088 17
8920 17
9000 17
8993 17
9133 17
8997 17
8983 17
9224 18
9133 17
9070 17
9015 17
8948 17
9434 18
9081 17
9088 17
9277 18
9113 17
9315 18
9050 17
8987 17
9570 18
9074 17
8962 17
9032 17
9008 17
9007 17
8847 17
9035 17
9643 18
9500 18
8983 17
8962 17
9611 18
9685 18
9559 18
8931 17
9231 18
9200 17
9137 17
9239 18
9022 17
9060 17
8903 17
8966 17
9116 17
8994 17
9088 17
9022 17
9085 17
9035 17
8959 17
8833 17
9029 17
9043 17
9046 17
9354 18
9071 17
9137 17
8959 17
8952 17
9081 17
8934 17
9102 17
9200 17
8872 17
9099 17
9245 18
9029 17
9196 17
8934 17
9046 17
8900 17
9210 17
9056 17
8861 17
8809 17
9018 17
9007 17
8951 17
9162 17
9270 18
9311 18
9224 18
9018 17
8910 17
9060 17
9235 18
9207 17
9077 17
8969 17
9569 18
8973 17
50000 97
9123 17
9001 17
9071 17
9064 17
9147 17
8913 17
9011 17
9077 17
9375 18
9221 18
9039 17
9116 17
9301 18
9074 17
9084 17
9231 18
9242 18
9046 17
9144 17
9095 17
8973 17
8927 17
8917 17
8994 17
9056 17
