1697057 51
1645482 50
1733875 52
1645740 50
1645367 50
1645563 50
1817745 55
1723919 52
1645273 50
1645193 50
1645604 50
1716730 52
1645248 50
1645039 50
1645450 50
1650575 50
1645493 50
1645154 50
1692077 51
1711293 52
1644756 50
1645300 50
1708109 52
1782084 54
1806551 55
1644518 50
1654800 50
1649710 50
1645806 50
1708141 52
1722920 52
1726648 52
1644937 50
1645059 50
1645374 50
1718657 52
1794476 54
1645436 50
1644592 50
1644672 50
1645000 50
1644874 50
1774131 54
1820189 55
1645426 50
1644742 50
1644616 50
1645974 50
1705421 52
1645712 50
1719614 52
1660537 50
1649598 50
1645357 50
1779414 54
1774107 54
1651040 50
1650949 50
1730315 52
1645119 50
1783359 54
1650020 50
1644452 50
1645322 50
1645653 50
1645628 50
1843141 56
1703840 51
1645496 50
1725678 52
1645199 50
1713727 52
1730280 52
1721942 52
1644878 50
1645018 50
1645151 50
1645104 50
1806517 55
1646183 50
1644847 50
1644777 50
1710435 52
1781658 54
1645035 50
1644881 50
1644686 50
1645035 50
1652429 50
1649752 50
1723974 52
1645824 50
1645122 50
1645702 50
1644790 50
1710864 52
1707994 52
1645315 50
1644850 50
1644096 50
1645430 50
1645021 50
1703766 51
1744982 53
1645105 50
1645384 50
1644511 50
1733774 52
1695743 51
1644805 50
1745883 53
1645066 50
1645220 50
1645967 50
1645758 50
1644644 50
1645165 50
1644320 50
1645374 50
1736243 52
1726757 52
1644819 50
1645140 50
1662181 50
1644822 50
1644770 50
1902581 58
1645537 50
1644818 50
1778408 54
1644718 50
1779124 54
1781365 54
1722138 52
1645433 50
1644913 50
1645580 50
1705393 52
1644864 50
1644780 50
1750760 53
1644969 50
1708078 52
1718081 52
1688195 51
1644735 50
1645147 50
1644839 50
1645450 50
1847369 56
1644221 50
1644522 50
1650973 50
1645067 50
1645151 50
1709115 52
1745903 53
1644574 50
1645702 50
1645234 50
1645181 50
1705858 52
1645245 50
1644605 50
1645974 50
1651724 50
1758161 53
1698892 51
1644298 50
1645213 50
1644945 50
1645119 50
1709671 52
1645147 50
1645084 50
1644976 50
1644822 50
1644592 50
1645353 50
1693508 51
1645045 50
1645873 50
1645140 50
1645067 50
1650538 50
1727756 52
1644899 50
1645195 50
1644913 50
1716974 52
1644906 50
1645356 50
1645315 50
1644347 50
1645835 50
1649867 50
1644787 50
1718294 52
1645003 50
1645039 50
1644738 50
1645067 50
1741846 53
1739629 53
1650952 50
1645053 50
1650401 50
1644473 50
1780534 54
1644410 50
1644683 50
1745502 53
1645060 50
1644630 50
1697259 51
1725528 52
1645227 50
1645157 50
1644533 50
1645143 50
1783892 54
1644717 50
1645349 50
1747237 53
1645454 50
1644773 50
1645426 50
1780328 54
1644661 50
1644218 50
1644606 50
1644867 50
1784441 54
1645066 50
1879793 57
1651120 50
1657486 50
1644832 50
1723028 52
1644881 50
1685189 51
1644797 50
1645140 50
1650821 50
1781522 54
1644476 50
1644599 50
1645276 50
1644616 50
1645381 50
1782702 54
1698773 51
1644679 50
1644497 50
1694284 51
1644539 50
1739075 53
1720130 52
1644875 50
1645811 50
1644428 50
1644472 50
1737705 53
1693621 51
1645007 50
1644857 50
1707206 52
1735593 52
1652485 50
1741525 53
1644934 50
1645007 50
1645300 50
1644958 50
1645356 50
1709551 52
1645706 50
1733063 52
1644843 50
1696605 51
1722543 52
1644882 50
1754237 53
1645377 50
1644403 50
1644686 50
1644731 50
1644672 50
1644651 50
1744619 53
1644972 50
1696575 51
1697538 51
1644822 50
1644948 50
1645615 50
1644550 50
1644626 50
1644396 50
1645580 50
1650611 50
1651155 50
1645195 50
1733300 52
1717365 52
1707412 52
1687029 51
1645335 50
1660684 50
1645451 50
1644927 50
1728555 52
1644888 50
1644829 50
1645276 50
1702771 51
1645115 50
1744476 53
1645255 50
1650520 50
1644647 50
1645367 50
1644399 50
1645122 50
1744549 53
1644861 50
1645087 50
1706825 52
1690649 51
1644707 50
1650974 50
1650471 50
1645716 50
1645098 50
1645241 50
1645280 50
1644958 50
1650460 50
1645094 50
1707394 52
1773388 54
1645077 50
1644689 50
1644934 50
1645227 50
1644713 50
1645150 50
1708315 52
1644718 50
1644291 50
1645133 50
1724253 52
1708979 52
1644829 50
1713148 52
1645331 50
1645070 50
1645119 50
1779095 54
1644854 50
1644770 50
1645754 50
1652517 50
1777503 54
1692186 51
1646327 50
1645209 50
1644835 50
1700708 51
1645280 50
1706706 52
1645482 50
1644442 50
1644466 50
1644937 50
1721904 52
1697964 51
1707715 52
1644931 50
1735147 52
1780663 54
1644630 50
1644706 50
1644909 50
1748201 53
1645165 50
1645726 50
1694832 51
1708306 52
1645105 50
1645531 50
1718486 52
1778523 54
1655862 50
1645852 50
1644717 50
1645359 50
1645328 50
1750006 53
1695659 51
1723004 52
1645747 50
1645321 50
1644861 50
1779735 54
1727106 52
1645286 50
1773625 54
1644895 50
1644997 50
1644344 50
1644780 50
1704510 52
1733904 52
1709670 52
1644849 50
1780311 54
1644106 50
1644990 50
1785562 54
1644731 50
1645712 50
1645188 50
1715452 52
1782902 54
1645713 50
1644766 50
1645943 50
1738568 53
1645440 50
1644923 50
1701361 51
1645419 50
1644504 50
1645213 50
1759617 53
1728980 52
1645433 50
1645266 50
1645614 50
1779658 54
1645681 50
1710148 52
1727036 52
1644797 50
1644689 50
1645171 50
1780363 54
1702869 51
1707000 52
1645583 50
1645227 50
1782814 54
1652067 50
1651986 50
1735458 52
1708211 52
1645321 50
1645712 50
1644529 50
1698449 51
1644361 50
1645680 50
1743865 53
1709471 52
1645293 50
1733624 52
1696473 51
1644934 50
1645398 50
1644623 50
1645154 50
1801849 54
1645178 50
1644965 50
1644710 50
1690810 51
1644759 50
1645297 50
1796085 54
1645206 50
1769844 54
1644906 50
1661221 50
1738976 53
1652831 50
1726048 52
1644861 50
1706396 52
1644843 50
1644930 50
1644637 50
1644773 50
1645195 50
1645443 50
1710606 52
1780021 54
1644526 50
1644948 50
1645492 50
1698736 51
1645464 50
1652227 50
1704384 52
1644368 50
1644752 50
1645297 50
1644222 50
1711140 52
1645359 50
1649340 50
1645876 50
1692748 51
1645014 50
1645534 50
1734137 52
1712959 52
1644578 50
1645227 50
1644218 50
1692923 51
1644794 50
1644857 50
1708030 52
1699538 51
1644997 50
1645094 50
1777608 54
1644385 50
1644868 50
1708584 52
1646075 50
1706908 52
1644724 50
1645283 50
1644588 50
1731045 52
1713064 52
1645646 50
1775478 54
1645067 50
1644948 50
1645238 50
1645199 50
1711169 52
1645293 50
1652656 50
1650687 50
1702841 51
1717257 52
1645496 50
1767533 53
1645174 50
1645171 50
1645479 50
1645160 50
1644770 50
1645056 50
1721101 52
1645461 50
1699741 51
1644107 50
1645195 50
1740502 53
1644581 50
1708092 52
1644521 50
1645527 50
1644672 50
1644693 50
1644913 50
1645513 50
1778589 54
1644102 50
1645028 50
1645095 50
1644379 50
1698334 51
1649850 50
1699811 51
1644955 50
1645628 50
1644828 50
1708990 52
1845857 56
1645646 50
1732643 52
1718545 52
1708420 52
1804886 55
1645796 50
1645161 50
1644958 50
1645087 50
1645227 50
1709053 52
1775475 54
1645150 50
1645646 50
1645440 50
1645391 50
1697926 51
1709087 52
1644945 50
1645489 50
1644938 50
1644836 50
1644937 50
1783425 54
1715609 52
1645220 50
1645287 50
1649239 50
1737137 53
1644892 50
1645751 50
1644368 50
1645666 50
1706898 52
1645391 50
1774487 54
1644891 50
1644954 50
1720326 52
1646097 50
1804506 55
1645206 50
1645304 50
1644805 50
1645680 50
1644868 50
1644741 50
1747796 53
1645007 50
1644689 50
1720151 52
1645066 50
1766806 53
1645848 50
1645475 50
1650251 50
1651400 50
1645133 50
1645534 50
1644735 50
1645632 50
1644619 50
1725133 52
1711779 52
1649640 50
1645045 50
1644442 50
1644968 50
1644930 50
1778129 54
1710186 52
1737168 53
1645181 50
1784311 54
1727620 52
1644542 50
1645318 50
1719642 52
1645576 50
1644899 50
1644920 50
1645509 50
1644787 50
1644839 50
1718458 52
1645409 50
1709188 52
1653208 50
1721775 52
1645080 50
1645583 50
1644218 50
1645345 50
1708322 52
1644906 50
1644763 50
1644738 50
1645000 50
1776019 54
1644976 50
1802966 55
1644731 50
1645457 50
1714136 52
1645101 50
1732793 52
1702125 51
1644720 50
1645248 50
1644916 50
1735147 52
1645468 50
1722940 52
1644465 50
1644557 50
1688467 51
1644846 50
1703665 51
1652834 50
1650367 50
1644794 50
1745316 53
1719421 52
1644766 50
1725458 52
1644574 50
1645066 50
1873554 57
1734417 52
1645158 50
1649703 50
1645304 50
1694626 51
1644732 50
1708312 52
1645513 50
1644470 50
1644986 50
1707872 52
1644948 50
1644878 50
1644595 50
1654692 50
1645314 50
1717236 52
1711870 52
1788414 54
1645573 50
1645171 50
1645988 50
1645185 50
1645098 50
1645122 50
1645007 50
1645007 50
1644075 50
1780300 54
1644839 50
1645231 50
1704939 52
1645087 50
1644518 50
1644808 50
1725259 52
1644756 50
1644679 50
1644564 50
1644955 50
1716366 52
1644986 50
1645171 50
1645018 50
1651546 50
1709757 52
1646236 50
1728754 52
1644839 50
1644707 50
1644022 50
1644944 50
1822151 55
1645751 50
1698208 51
1644784 50
1780971 54
1644689 50
1697088 51
1804886 55
1644969 50
1644330 50
1644923 50
1645158 50
1711678 52
1645140 50
1818524 55
1645283 50
1644696 50
1645429 50
1651351 50
1717086 52
1644924 50
1743411 53
1651791 50
1654782 50
1645174 50
1645024 50
1733279 52
1645045 50
1644280 50
1645880 50
1710344 52
1777085 54
1644867 50
1644204 50
1778310 54
1644183 50
1645146 50
1712104 52
1722131 52
1645667 50
1725448 52
1645517 50
1644284 50
1717229 52
1645432 50
1645150 50
1644480 50
1645276 50
1645346 50
1667267 50
1714450 52
1644703 50
1648205 50
1651354 50
1645038 50
1692590 51
1644655 50
1645115 50
1709101 52
1645224 50
1645569 50
1645129 50
1732507 52
1644818 50
1645049 50
1708085 52
1644508 50
1645723 50
1725625 52
1645929 50
1645150 50
1645566 50
1710491 52
1645363 50
1690220 51
1645116 50
1645653 50
1644902 50
1645800 50
1757963 53
1645601 50
1644919 50
1644805 50
1650360 50
1746189 53
1774490 54
1645433 50
1644780 50
1645506 50
1644833 50
1645510 50
1884119 57
1645570 50
1645639 50
1644655 50
1645317 50
1645024 50
1644564 50
1787367 54
1774546 54
1645175 50
1645206 50
1645231 50
1645042 50
1645604 50
1713915 52
1644997 50
1645768 50
1644616 50
1644783 50
1734054 52
1650757 50
1714422 52
1644937 50
1645007 50
1698383 51
1645646 50
1644487 50
1644958 50
1708808 52
1645084 50
1645385 50
1779204 54
1644923 50
1644623 50
1645925 50
1707967 52
1645237 50
1645649 50
1695565 51
1646156 50
1644843 50
1645153 50
1708532 52
1775577 54
1645287 50
1644232 50
1644997 50
1744615 53
1645506 50
1654301 50
1726907 52
1645541 50
1644703 50
1644783 50
1744367 53
1710993 52
1645123 50
1650017 50
1645175 50
1644731 50
1645129 50
1710696 52
1696008 51
1645227 50
1644718 50
1645670 50
1644917 50
1783537 54
1709231 52
1644734 50
1645074 50
1644239 50
1645381 50
1644808 50
1691180 51
1644710 50
1645691 50
1656504 50
1692870 51
1644658 50
1750781 53
1644690 50
1646055 50
1645293 50
1645433 50
1645342 50
1742811 53
1707258 52
1645900 50
1644728 50
1645130 50
1645322 50
1644605 50
1778610 54
1645723 50
1644899 50
1645454 50
1645338 50
1645580 50
1746033 53
1645324 50
1780234 54
1645102 50
1644941 50
1734577 52
1693865 51
1709217 52
1644717 50
1644888 50
1644756 50
1645618 50
1645244 50
1645489 50
1649047 50
1645279 50
1646152 50
1645856 50
1713343 52
1692004 51
1645482 50
1645153 50
1645084 50
1645143 50
1644158 50
1645569 50
1745910 53
1645171 50
1645349 50
1645014 50
1805372 55
1715148 52
1644927 50
1793208 54
1645294 50
1652936 50
1644696 50
1715260 52
1645304 50
1645827 50
1645132 50
1747349 53
1857613 56
1713117 52
1645716 50
