36553970 185
26654433 135
26395393 134
26386507 134
27225953 138
26678154 135
26073002 132
26327525 133
25934361 131
26362158 134
27028399 137
26215833 133
26705222 135
26328844 133
26103471 132
26698714 135
34654084 176
25991626 132
26700237 135
26903115 136
26523700 134
27007865 137
26167939 133
26875236 136
26735677 135
26433606 134
27590219 140
26336222 133
26312396 133
26808531 136
26419968 134
26709932 135
29322561 149
28720224 146
26589012 135
26710533 135
27457761 139
27173498 138
26178004 133
26288708 133
26826162 136
26778530 136
26324320 133
26818935 136
26170679 133
26460461 134
26456900 134
26644249 135
26796705 136
34849086 177
26849089 136
28843374 146
26187260 133
26790809 136
27085814 137
26857710 136
27437933 139
26412790 134
26181824 133
27323504 138
27155162 138
27170154 138
27406818 139
26312983 133
27626295 140
28781420 146
26876549 136
27107303 137
26360158 134
26390159 134
26487736 134
26646613 135
27872452 141
27253412 138
26070855 132
27114945 137
27550892 140
26895371 136
27219399 138
27086927 137
26459103 134
26764222 136
30584645 155
27343363 139
27204219 138
26919412 136
27424879 139
27119044 137
26338208 133
26852333 136
28272383 143
26787838 136
27955043 142
26353253 134
27960482 142
27075828 137
26745289 136
27179630 138
34783582 176
26922970 136
27034917 137
27248328 138
26623933 135
27019662 137
26532962 134
28242154 143
26790173 136
26760218 136
27015682 137
26738156 135
26785055 136
27070574 137
26699605 135
26404568 134
27526771 140
26789280 136
27433049 139
26817004 136
26503945 134
27225788 138
26520470 134
26814477 136
27015973 137
26679386 135
26427929 134
27207232 138
26780998 136
27529587 140
27220153 138
26146076 132
26952151 137
34287144 174
27202051 138
27776496 141
26464064 134
27389198 139
26772266 136
26458907 134
27346201 139
26497791 134
26624079 135
27589374 140
26903942 136
26348218 134
27219633 138
28420094 144
27270052 138
31071894 158
26747820 136
27230582 138
26843528 136
26675410 135
27684949 140
26466532 134
26821009 136
27397332 139
27158468 138
27365994 139
27091026 137
26717372 135
27893327 141
27245309 138
27245203 138
27337637 139
27201178 138
26831008 136
27048082 137
27365317 139
27442670 139
29054262 147
26677466 135
27150050 138
26537337 134
27596301 140
27447042 139
26604235 135
27219444 138
26870607 136
28176475 143
27274353 138
34007344 172
28009208 142
27441285 139
26780310 136
26909965 136
27481170 139
26696570 135
27815229 141
26721995 135
26770381 136
27085907 137
27269077 138
28230109 143
27283211 138
26752718 136
27070654 137
31684492 161
26675703 135
27226546 138
26901243 136
27579735 140
27511367 139
26763461 136
27946786 142
27260405 138
26661050 135
27423849 139
27084131 137
27017987 137
26887023 136
27790562 141
26732499 135
28059697 142
29392071 149
27536853 140
26797386 136
26688757 135
27353624 139
26591760 135
26553010 135
27575272 140
26771704 136
27504510 139
27121271 137
26638125 135
28460507 144
26999315 137
26882952 136
27767436 141
33025657 167
27382728 139
27308045 138
26726578 135
26922523 136
27091207 137
26706712 135
27465103 139
26999249 137
26854952 136
27500934 139
26937085 137
27454727 139
27981099 142
26896646 136
27568345 140
31255123 158
26580553 135
27233990 138
26767707 136
26765692 136
27233756 138
26717006 135
26653351 135
27757967 141
34056502 173
27430905 139
26869658 136
27113670 137
27299299 138
26972449 137
26590904 135
27530185 140
28185228 143
27767974 141
27737617 141
26862577 136
27274503 138
27045677 137
28037893 142
27830105 141
26772140 136
27042988 137
27384722 139
26796335 136
27615573 140
26577743 135
26694761 135
27005879 137
32032604 162
27416116 139
27553071 140
26980619 137
27539332 140
27127343 137
26676481 135
27441362 139
26927533 136
26977819 137
27347706 139
26700351 135
28238034 143
27881666 141
27031561 137
27475657 139
32952807 167
27065843 137
28691410 145
26853223 136
27685480 140
27176362 138
26806080 136
27790793 141
27100630 137
26761258 136
27253803 138
30505021 155
26588845 135
27143463 138
29173219 148
27685483 140
27509234 139
27753118 141
27243357 138
26437478 134
26605042 135
27013843 137
26956633 137
26803555 136
27463703 139
26658595 135
26717371 135
27739124 141
26315728 133
27752716 141
26520135 134
26961430 137
26979991 137
26951669 137
28319264 144
27203360 138
26647740 135
27024128 137
27351085 139
27703464 140
27140094 138
26671998 135
27455565 139
26978567 137
26444132 134
26690401 135
27441449 139
26956927 137
27181840 138
26393643 134
26597597 135
27196126 138
26810695 136
29017233 147
27601199 140
26507343 134
26516599 134
27649600 140
26494034 134
27117676 137
26442103 134
26481629 134
27135768 138
26583530 135
26302791 133
26881388 136
26717623 135
26779479 136
27313110 138
36576520 186
27635787 140
26683977 135
27253642 138
26645443 135
26328795 133
26357232 134
27187868 138
26581943 135
27079497 137
27611582 140
27788094 141
27354832 139
26712246 135
27244313 138
27552086 140
26396364 134
26789244 136
27383884 139
26905081 136
27216404 138
26590660 135
26627630 135
27392316 139
27613468 140
26857001 136
26951159 137
26339853 133
27319664 138
27522829 139
26474716 134
27039690 137
26240052 133
26895459 136
27408027 139
26615979 135
27270736 138
26844865 136
26377049 134
26500339 134
27350426 139
26296406 133
27526334 140
26363527 134
26490937 134
27204068 138
27356959 139
26343962 133
26893070 136
26364630 134
26472608 134
27643776 140
26463065 134
27200672 138
26396077 134
28768003 146
27577178 140
26581502 135
27481805 139
27306072 138
27135865 138
26645733 135
27334753 139
26431294 134
27073751 137
27700929 140
26812385 136
27083286 137
26795843 136
27245452 138
27492674 139
26844690 136
26810968 136
26840983 136
26326662 133
27362573 139
26934254 136
26867591 136
26899163 136
28845958 146
28342377 144
27634636 140
26762130 136
27416447 139
26782572 136
26966940 137
27604520 140
26878355 136
26671960 135
28239211 143
26847351 136
28257995 143
27938400 142
26703127 135
27314545 138
26943461 137
27459736 139
27642665 140
26696605 135
27201457 138
27401208 139
27011796 137
27902097 141
27150058 138
26767493 136
27735744 141
27191318 138
27191758 138
26831727 136
26589868 135
27673453 140
27782651 141
27035890 137
27445356 139
26923815 136
27822508 141
27825972 141
27697738 140
27473412 139
26817625 136
26950408 137
27901392 141
27642812 140
26745016 136
27600497 140
27032780 137
27303219 138
27373552 139
26485236 134
26648965 135
27246614 138
27127015 137
26767273 136
27753778 141
27096923 137
27771957 141
27103581 137
27505581 139
27012681 137
26632486 135
27119913 137
27628931 140
26777524 136
26676213 135
26983632 137
26590646 135
27788911 141
27386718 139
26665902 135
27217716 138
26628485 135
26960998 137
27437525 139
26747296 136
26675762 135
27547845 140
27080188 137
27549226 140
26637909 135
26351888 134
26944585 137
26952032 137
27215388 138
27357338 139
34491999 175
27728116 141
26941474 137
27325812 138
26974872 137
27204634 138
26743350 136
27460449 139
27022721 137
26660096 135
28284910 143
26851719 136
28446056 144
26824262 136
26729302 135
26776689 136
26707376 135
27000272 137
27515033 139
27327662 138
26620808 135
26817263 136
26879290 136
27266484 138
26605673 135
26490459 134
26843800 136
26729947 135
27389735 139
27396553 139
26661933 135
26810256 136
26857804 136
26800277 136
27617346 140
26620110 135
27842245 141
27091354 137
27018064 137
27058916 137
27291869 138
27227202 138
27318180 138
26923658 136
27468109 139
27544901 140
27153168 138
27206684 138
27350618 139
26566511 135
26688145 135
27499744 139
28634145 145
27434595 139
26631201 135
27979508 142
27368620 139
26822112 136
27904195 141
27539406 140
26830411 136
27466195 139
27015718 137
27762083 141
27490139 139
26956762 137
27164316 138
27636143 140
27501591 139
28015670 142
27431569 139
27040702 137
27655210 140
26840525 136
26917094 136
27118381 137
26861113 136
26810839 136
27781296 141
27427110 139
27748803 141
27070423 137
27519442 139
27623244 140
26973769 137
27431114 139
26914148 136
26919527 136
27093403 137
27464380 139
26803744 136
27392154 139
27080929 137
26953684 137
27911318 141
26774102 136
26490256 134
27122700 137
26739660 136
26725887 135
27736059 141
26651860 135
27568555 140
26756629 136
26739196 136
27326685 138
26805919 136
26867405 136
27165507 138
26981740 137
27255353 138
27426879 139
26924140 136
27530426 140
26763786 136
26731843 135
27302807 138
27181256 138
27030207 137
28217505 143
26884621 136
26872301 136
26905936 136
27303056 138
28345958 144
26916340 136
27401756 139
26763423 136
26697883 135
26982166 137
27305356 138
26986003 137
26773684 136
27470524 139
27302340 138
27398770 139
26849296 136
27272981 138
27132922 138
27400223 139
26797327 136
27424977 139
26471078 134
27421866 139
27158144 138
27555322 140
27350555 139
26698955 135
26978567 137
27337169 139
27375781 139
29199202 148
27122783 137
27025710 137
27252661 138
26761631 136
26713918 135
27054276 137
26711328 135
26629753 135
27846651 141
27271386 138
26627655 135
26661898 135
36912818 187
27304075 138
27234737 138
26713371 135
26809034 136
27285581 138
26629452 135
27498100 139
26600132 135
26979795 137
27408117 139
26895288 136
27841404 141
26413561 134
27301414 138
27272188 138
26829217 136
26898429 136
29772317 151
26672944 135
27806308 141
27122130 137
26870562 136
27057897 137
26702942 135
29342668 149
27731419 141
27208244 138
26583067 135
27189901 138
28062975 142
27535743 140
26700006 135
26620825 135
27110162 137
27062840 137
28028016 142
27843439 141
26719791 135
27416137 139
27105484 137
26834914 136
27623023 140
26539533 134
26759278 136
27539231 140
26804896 136
27935764 142
27001595 137
26581045 135
27215856 138
26948656 137
27292889 138
27049127 137
26766191 136
28897106 146
27449730 139
26546107 135
27193507 138
27163513 138
27060976 137
27479749 139
26597566 135
27039085 137
27460117 139
26983755 137
27579434 140
27251069 138
27085489 137
27406190 139
27083495 137
27335951 139
27258000 138
26431225 134
26840448 136
27464900 139
27059663 137
27385472 139
27413019 139
26848702 136
27467638 139
27103238 137
26766523 136
27409262 139
26772340 136
27194684 138
27633839 140
26753542 136
26751195 136
27336589 139
27278476 138
27664947 140
27068876 137
26734936 135
27201914 138
27107889 137
27811204 141
27367785 139
26848803 136
26598467 135
27391697 139
26966032 137
28041999 142
26680524 135
26457364 134
27461643 139
27046983 137
27013106 137
27491236 139
26732552 135
27290037 138
27152596 138
27186954 138
27333688 139
26367916 134
26662257 135
27190942 138
27336642 139
26702345 135
27617256 140
26892617 136
27548267 140
26830603 136
26560164 135
28602743 145
26575316 135
26726735 135
27430657 139
26427555 134
26517706 134
27276269 138
26721617 135
27194981 138
26616008 135
27220404 138
27050348 137
26839108 136
27623019 140
27086100 137
26899557 136
26602077 135
27540418 140
26932693 136
27285016 138
26813195 136
27441400 139
27798366 141
27128435 137
26904927 136
27284663 138
27684533 140
27603035 140
27336248 139
27236461 138
27354892 139
26308123 133
26997933 137
27389225 139
26667697 135
26502040 134
27596053 140
26312382 133
27285599 138
26788086 136
26425505 134
27006835 137
26576768 135
26861518 136
26970857 137
26457277 134
26409145 134
27381478 139
27568729 140
27133421 138
26708958 135
26495133 134
27360604 139
27089888 137
27121893 137
26999714 137
26655655 135
26425911 134
27453570 139
28036611 142
27167214 138
26720326 135
26482306 134
27737263 141
26902608 136
27552516 140
27021841 137
26579641 135
26568288 135
28033592 142
27235167 138
27052566 137
26331843 133
26382171 134
27416430 139
26697943 135
27145429 138
27831852 141
26380404 134
27569675 140
27017037 137
26511940 134
27639981 140
28070118 142
27133666 138
27465334 139
34627466 176
27386073 139
26791035 136
26287311 133
27845705 141
26640936 135
26829301 136
26896083 136
27476952 139
31386066 159
27320760 138
27216561 138
27023940 137
26727444 135
26774381 136
27332530 139
26871770 136
26310546 133
27710569 140
26474804 134
27295972 138
27142112 138
26259886 133
27561618 140
26696270 135
26883937 136
26954078 137
26548831 135
26448940 134
27298339 138
26823198 136
26558414 135
26952545 137
26293135 133
27457564 139
27055107 137
27492332 139
26822339 136
26298428 133
26641749 135
27319580 138
26743103 136
26723827 135
26644906 135
27459342 139
27551918 140
26900492 136
26684375 135
26522970 134
26815038 136
27689604 140
27569141 140
27474686 139
26943510 137
26706011 135
26832788 136
27670946 140
26861526 136
26763485 136
27452757 139
26911372 136
27605553 140
27456664 139
26942933 137
28254548 143
26930861 136
27007660 137
27252469 138
27278884 138
26797379 136
27396107 139
27705503 140
26724526 135
27308031 138
26709055 135
27654861 140
27449046 139
27099231 137
26966570 137
26714481 135
26607370 135
27459248 139
27472983 139
26989236 137
26921109 136
26616154 135
27782840 141
26866068 136
27205148 138
29430325 149
27193682 138
26825823 136
27314430 138
27146528 138
27159805 138
27255821 138
32092581 163
27204917 138
26484712 134
