810230 49
811155 49
856490 52
811668 49
810642 49
811200 49
810722 49
810914 49
811263 49
810746 49
811270 49
918301 56
810313 49
815726 49
810251 49
810952 49
810848 49
810614 49
810789 49
810900 49
823102 50
811238 49
811218 49
810478 49
811173 49
816605 49
810401 49
810666 49
852555 52
811158 49
875709 53
811089 49
884421 53
811273 49
811158 49
811525 49
817167 49
811787 49
867921 52
810603 49
854479 52
811232 49
864667 52
917972 56
810285 49
810861 49
882071 53
810802 49
865473 52
810862 49
880668 53
810550 49
810984 49
811204 49
810530 49
811808 49
878845 53
855035 52
877371 53
810942 49
811109 49
872198 53
919488 56
810454 49
810090 49
810534 49
811088 49
810715 49
861619 52
811326 49
811319 49
811044 49
811305 49
811151 49
810691 49
811294 49
810984 49
810704 49
811053 49
913706 55
871084 53
810519 49
811322 49
810631 49
811347 49
810980 49
811396 49
810767 49
810391 49
862596 52
811172 49
811434 49
811305 49
810904 49
811361 49
811532 49
810641 49
811431 49
916139 55
811155 49
810604 49
810810 49
811165 49
816158 49
811236 49
891864 54
810788 49
810771 49
811525 49
811417 49
811381 49
855184 52
811448 49
854800 52
816525 49
926974 56
914935 55
933712 56
810914 49
810272 49
810484 49
810931 49
810659 49
885912 54
810634 49
862241 52
810980 49
810540 49
810977 49
818246 49
810460 49
810897 49
811350 49
811256 49
811563 49
810571 49
816095 49
970706 59
810792 49
810771 49
810299 49
811095 49
811044 49
811308 49
811358 49
810754 49
811099 49
815376 49
810467 49
810945 49
811221 49
811689 49
811623 49
811266 49
811158 49
811399 49
913308 55
871639 53
810387 49
811130 49
810820 49
810921 49
811218 49
811155 49
810970 49
810886 49
810764 49
818316 49
854339 52
816982 49
810705 49
811141 49
811337 49
811826 49
884934 54
811190 49
864639 52
810578 49
918479 56
810352 49
886904 54
811305 49
868183 52
811287 49
811165 49
810977 49
811102 49
811473 49
810725 49
810181 49
810764 49
815659 49
811696 49
810195 49
817817 49
810887 49
810544 49
810746 49
815736 49
810599 49
810582 49
810201 49
815777 49
810740 49
811626 49
811371 49
811253 49
810858 49
811308 49
810837 49
810851 49
811386 49
811556 49
810921 49
811159 49
810523 49
810914 49
811507 49
872557 53
810397 49
811259 49
859028 52
811493 49
811064 49
811096 49
811375 49
810928 49
811389 49
810590 49
811409 49
811389 49
810903 49
810837 49
889749 54
811441 49
810485 49
872351 53
810729 49
810659 49
810907 49
810496 49
866406 52
810422 49
855006 52
811193 49
876509 53
811385 49
811514 49
811787 49
811410 49
810862 49
811504 49
811986 49
811458 49
811249 49
810701 49
913082 55
872969 53
810512 49
811019 49
810655 49
810684 49
811106 49
810732 49
810753 49
810907 49
810970 49
810841 49
811336 49
811427 49
810617 49
811222 49
810764 49
810897 49
811165 49
811050 49
816172 49
871035 53
810939 49
810181 49
810174 49
816553 49
811190 49
811029 49
810959 49
811071 49
810747 49
810638 49
811839 49
810484 49
810866 49
811172 49
854968 52
856480 52
885042 54
811047 49
862667 52
869366 53
810635 49
810889 49
810963 49
810440 49
855037 52
810390 49
876908 53
811078 49
810781 49
810289 49
893886 54
811151 49
810742 49
810655 49
810897 49
810610 49
810750 49
810830 49
810530 49
811033 49
918305 56
816329 49
810694 49
810893 49
810684 49
810603 49
811008 49
811025 49
811706 49
810722 49
811357 49
811141 49
810823 49
810484 49
810756 49
811166 49
810736 49
810642 49
810572 49
816123 49
985339 60
810359 49
811085 49
810502 49
811287 49
811273 49
810907 49
810876 49
811047 49
811214 49
811322 49
811026 49
810896 49
811158 49
810997 49
888509 54
811257 49
858997 52
811235 49
817244 49
916412 55
810422 49
811166 49
874970 53
810799 49
865281 52
811165 49
810248 49
810698 49
888882 54
811381 49
885853 54
811064 49
880248 53
855760 52
810314 49
811825 49
917990 56
811116 49
810425 49
810582 49
816525 49
811058 49
810890 49
811354 49
861965 52
811022 49
810827 49
810676 49
810837 49
811074 49
810694 49
811371 49
810887 49
811449 49
810467 49
873154 53
870982 53
810342 49
810628 49
811071 49
810970 49
811141 49
811263 49
810638 49
811158 49
811361 49
860296 52
811183 49
811365 49
810889 49
810764 49
811692 49
811190 49
811612 49
811050 49
810729 49
871793 53
854511 52
816755 49
863218 52
811113 49
810893 49
811147 49
868835 53
854849 52
873577 53
810586 49
928402 56
883709 53
879858 53
811647 49
855946 52
810903 49
811232 49
811141 49
855177 52
871527 53
860736 52
811221 49
854773 52
810876 49
875469 53
810548 49
811801 49
810544 49
810306 49
810743 49
811403 49
811065 49
810886 49
811644 49
811204 49
810886 49
811221 49
810970 49
810873 49
810960 49
810988 49
810788 49
810596 49
811071 49
811476 49
811218 49
810928 49
811330 49
811092 49
811036 49
811165 49
810960 49
810987 49
817306 49
811082 49
870448 53
810607 49
815512 49
810592 49
811015 49
810624 49
810698 49
810893 49
810819 49
810314 49
872431 53
811706 49
879435 53
815760 49
811124 49
810998 49
810907 49
818326 49
873347 53
918577 56
990805 60
810641 49
810914 49
810959 49
811036 49
810519 49
872816 53
811389 49
882183 53
810736 49
811089 49
811444 49
811214 49
811061 49
879844 53
810886 49
876886 53
811375 49
811165 49
816409 49
811089 49
811444 49
876307 53
811459 49
811099 49
811015 49
811061 49
810928 49
811480 49
810509 49
810676 49
810645 49
811117 49
811284 49
810680 49
810481 49
810613 49
810474 49
811542 49
810991 49
810568 49
810949 49
811421 49
810876 49
810827 49
810662 49
810956 49
810946 49
811148 49
810994 49
811190 49
810883 49
817621 49
924327 56
810816 49
811039 49
811019 49
810478 49
811120 49
864307 52
811393 49
889595 54
810674 49
879729 53
881625 53
810656 49
810579 49
811298 49
810824 49
879278 53
810970 49
857789 52
871210 53
810617 49
810607 49
862160 52
810582 49
810638 49
811420 49
811134 49
811392 49
870868 53
810854 49
890436 54
810795 49
810851 49
810886 49
810781 49
811260 49
811071 49
915396 55
952987 58
810454 49
855861 52
811131 49
857331 52
818497 49
853896 52
811253 49
816050 49
811015 49
811044 49
811354 49
811312 49
811742 49
811120 49
811312 49
811822 49
810443 49
811071 49
810558 49
810639 49
810534 49
810533 49
811001 49
811340 49
811581 49
811420 49
817733 49
811158 49
811137 49
811050 49
810924 49
810887 49
811169 49
917798 56
810603 49
810938 49
811110 49
816277 49
810963 49
810904 49
889990 54
810952 49
862202 52
811640 49
811277 49
810903 49
810764 49
810813 49
810768 49
878468 53
878974 53
878932 53
986466 60
879313 53
879267 53
878954 53
878458 53
878049 53
878444 53
879100 53
878615 53
879114 53
878210 53
879303 53
878161 53
878692 53
878880 53
987702 60
878437 53
879254 53
878608 53
877773 53
878021 53
878531 53
855272 52
855313 52
855323 52
854587 52
854713 52
855491 52
854929 52
855170 52
854864 52
855767 52
854685 52
854727 52
854595 52
855233 52
855342 52
855017 52
854863 52
855052 52
854542 52
854804 52
855250 52
854870 52
854895 52
855262 52
854472 52
967993 59
854217 52
854988 52
854608 52
854790 52
854765 52
855261 52
916772 55
854887 52
855306 52
855495 52
855139 52
854779 52
854549 52
921632 56
854151 52
854912 52
854873 52
855083 52
854510 52
855377 52
859957 52
854626 52
855223 52
854748 52
854623 52
854772 52
854451 52
855320 52
854748 52
854832 52
854521 52
854895 52
855125 52
855470 52
854846 52
963831 58
854423 52
811295 49
811284 49
810303 49
811309 49
811455 49
811064 49
810732 49
810830 49
810956 49
811182 49
811619 49
810796 49
857827 52
918385 56
892499 54
811120 49
810558 49
811386 49
811113 49
811161 49
864370 52
810712 49
855006 52
810334 49
857419 52
810918 49
811064 49
811330 49
811046 49
811001 49
811193 49
816427 49
810634 49
810722 49
810680 49
816657 49
811441 49
811337 49
810910 49
810911 49
811441 49
811054 49
811724 49
810774 49
811060 49
811444 49
810987 49
811256 49
864932 52
811421 49
959132 58
810726 49
811347 49
810701 49
811172 49
811137 49
858218 52
861500 52
854576 52
811154 49
856581 52
817966 49
810777 49
811082 49
811064 49
811189 49
811316 49
810596 49
874083 53
916363 55
871747 53
810655 49
810139 49
811116 49
811053 49
810831 49
810970 49
810554 49
810942 49
854982 52
811487 49
866897 52
811005 49
871286 53
811130 49
811434 49
811075 49
870264 53
918343 56
871440 53
810869 49
811640 49
810527 49
811043 49
810722 49
811389 49
811385 49
811057 49
811451 49
811030 49
810593 49
811542 49
811057 49
810796 49
810806 49
810547 49
935164 57
871912 53
810687 49
810648 49
810722 49
810453 49
811242 49
810771 49
811319 49
811232 49
811092 49
810408 49
810938 49
880381 53
811218 49
885657 54
813624 49
811235 49
811005 49
810890 49
810711 49
810705 49
811200 49
894242 54
811368 49
874208 53
810969 49
810879 49
810806 49
810645 49
811256 49
811210 49
811518 49
811161 49
811050 49
810816 49
811057 49
811162 49
855520 52
810833 49
881181 53
810833 49
868741 53
811403 49
860977 52
810523 49
811648 49
811015 49
811228 49
886557 54
811221 49
869555 53
810938 49
890813 54
811186 49
811005 49
811770 49
811004 49
887933 54
920493 56
810810 49
811074 49
811329 49
809989 49
854866 52
811560 49
811054 49
810596 49
878492 53
810799 49
862799 52
810704 49
810837 49
810589 49
811263 49
895105 54
854863 52
811266 49
916457 55
810379 49
810921 49
811113 49
810997 49
810817 49
811434 49
811473 49
810373 49
810667 49
811312 49
811113 49
811085 49
810795 49
875874 53
810833 49
811407 49
816469 49
918517 56
810523 49
810802 49
811092 49
810708 49
810627 49
811151 49
810810 49
811350 49
810819 49
811061 49
811294 49
810966 49
810960 49
817461 49
810851 49
811574 49
811483 49
919809 56
810740 49
810457 49
811277 49
889169 54
810764 49
810995 49
811012 49
810816 49
811050 49
811092 49
811200 49
811092 49
811159 49
876327 53
811616 49
879875 53
917093 55
871143 53
810335 49
810435 49
889417 54
810991 49
811221 49
811295 49
875106 53
810526 49
884267 53
811263 49
810910 49
810571 49
811005 49
811312 49
878178 53
816228 49
996060 60
810872 49
810733 49
811403 49
810862 49
811253 49
811228 49
811155 49
811762 49
811089 49
815892 49
811458 49
810740 49
810866 49
811574 49
811232 49
817544 49
810694 49
810858 49
872397 53
854709 52
883035 53
811015 49
811036 49
811050 49
