21566 21
22722 22
21339 20
22683 22
22802 22
22676 22
21510 21
21608 21
21580 21
21479 20
21563 21
21580 21
21566 21
21492 20
21594 21
21583 21
24988 24
21440 20
21622 21
21510 21
21625 21
21682 21
22718 22
21451 20
21528 21
21517 21
21553 21
21535 21
21573 21
21507 21
21514 21
21538 21
21545 21
21517 21
22774 22
21615 21
21619 21
21541 21
21479 20
21569 21
21538 21
21440 20
21560 21
21507 21
22708 22
21569 21
21646 21
21626 21
21632 21
21552 21
21880 21
21499 20
21545 21
23330 22
21483 20
21479 20
21492 20
21472 20
21490 20
21562 21
21594 21
22791 22
21500 20
21528 21
21490 20
21601 21
22676 22
22502 21
21566 21
21681 21
21538 21
21472 20
21511 21
21489 20
21440 20
21580 21
22645 22
21562 21
21475 20
21546 21
21549 21
21430 20
21569 21
21472 20
21632 21
21531 21
21465 20
21535 21
21534 21
21506 21
21483 20
21629 21
21555 21
21528 21
21685 21
21573 21
21688 21
21569 21
21709 21
21622 21
21587 21
21552 21
21611 21
21520 21
21580 21
22621 22
21500 20
21545 21
21566 21
21549 21
21573 21
21643 21
21524 21
21541 21
21842 21
21493 20
21559 21
21552 21
21479 20
21548 21
21493 20
21584 21
21294 20
21545 21
21570 21
21601 21
21461 20
22690 22
21534 21
21545 21
21573 21
21496 20
21541 21
21503 20
21476 20
21461 20
21580 21
21465 20
21646 21
21559 21
21465 20
21647 21
21528 21
21507 21
21615 21
21573 21
21500 20
21559 21
21604 21
21545 21
21448 20
21524 21
21667 21
21636 21
21552 21
63969 62
21527 21
21489 20
21531 21
21500 20
21549 21
21583 21
21548 21
21563 21
21584 21
21636 21
22798 22
21521 21
21668 21
21510 21
21552 21
21524 21
21653 21
21503 20
21639 21
21461 20
21475 20
22701 22
21594 21
21545 21
21475 20
21503 20
21469 20
21517 21
21569 21
21524 21
21538 21
21608 21
22055 21
21720 21
21762 21
22027 21
21748 21
23350 22
21786 21
21936 21
21706 21
21636 21
22739 22
22722 22
21545 21
21520 21
21580 21
21490 20
21517 21
21555 21
21632 21
21517 21
21549 21
21601 21
21762 21
21566 21
21615 21
21451 20
21521 21
21761 21
22132 21
21852 21
21628 21
21556 21
21727 21
22830 22
22892 22
21695 21
21657 21
21786 21
21573 21
21559 21
21538 21
21500 20
21531 21
21590 21
21563 21
21563 21
21552 21
21562 21
21608 21
21580 21
21691 21
21604 21
21510 21
21541 21
21580 21
22693 22
21653 21
21643 21
21566 21
21559 21
21475 20
21730 21
21514 21
21569 21
21654 21
21462 20
22624 22
21524 21
22698 22
21514 21
21507 21
21503 20
21549 21
21489 20
143575 140
21573 21
21730 21
21580 21
21472 20
21549 21
21545 21
21450 20
21524 21
21573 21
21591 21
21556 21
21524 21
21566 21
61507 60
21528 21
21542 21
21493 20
21542 21
22652 22
21562 21
21622 21
21570 21
21534 21
21611 21
21443 20
21524 21
21490 20
21604 21
21556 21
21598 21
21483 20
21535 21
22690 22
21577 21
21503 20
21469 20
21479 20
21587 21
21608 21
21450 20
21468 20
21525 21
21468 20
21556 21
22631 22
21587 21
21461 20
21555 21
21479 20
21499 20
21559 21
21430 20
21541 21
21542 21
21472 20
21618 21
21528 21
21751 21
21469 20
22714 22
21633 21
21559 21
21611 21
21657 21
21556 21
21566 21
21626 21
21612 21
22679 22
21552 21
21542 21
21817 21
21472 20
21539 21
21562 21
21567 21
21664 21
21448 20
22952 22
21538 21
22013 21
22984 22
22362 21
21692 21
23399 22
21657 21
21608 21
21587 21
22708 22
21545 21
21559 21
21636 21
21538 21
22781 22
21635 21
21726 21
22806 22
21549 21
21684 21
21496 20
21563 21
21489 20
21563 21
21500 20
21674 21
21657 21
21465 20
21569 21
21548 21
21678 21
21685 21
21632 21
22670 22
21479 20
21563 21
21478 20
21559 21
21510 21
21597 21
21629 21
21569 21
21549 21
21580 21
21402 20
21510 21
21555 21
21574 21
21545 21
21507 21
21507 21
21535 21
21605 21
22655 22
21614 21
21556 21
22886 22
146989 143
21506 21
21601 21
21475 20
21653 21
21476 20
21517 21
21454 20
21489 20
22652 22
21444 20
21576 21
21542 21
21482 20
21461 20
21584 21
21594 21
21496 20
21556 21
21549 21
22816 22
21475 20
21447 20
21486 20
21622 21
21685 21
22778 22
22020 21
21681 21
21531 21
21647 21
21472 20
21698 21
21646 21
21587 21
21636 21
21570 21
21385 20
21597 21
21485 20
21664 21
21559 21
21667 21
22722 22
21583 21
21615 21
21447 20
21496 20
22715 22
21482 20
21608 21
21507 21
21562 21
21521 21
21430 20
21559 21
21514 21
21594 21
21559 21
21556 21
22679 22
21587 21
22719 22
21563 21
21493 20
21538 21
21605 21
22701 22
21535 21
21517 21
22711 22
21559 21
21538 21
21521 21
21535 21
21567 21
21531 21
21545 21
148277 144
21433 20
21496 20
21664 21
21594 21
21618 21
22683 22
21618 21
21573 21
21552 21
21608 21
21532 21
21567 21
21576 21
21622 21
21584 21
21482 20
21555 21
21566 21
22712 22
21490 20
21538 21
21555 21
22603 22
21535 21
21545 21
21461 20
21524 21
21528 21
21691 21
21678 21
21514 21
21542 21
21601 21
21622 21
21576 21
21563 21
21559 21
21569 21
21563 21
21532 21
22659 22
21534 21
21573 21
21580 21
22697 22
21510 21
21618 21
21604 21
21520 21
22635 22
21576 21
21580 21
22666 22
21482 20
21677 21
21552 21
21496 20
21573 21
21506 21
21615 21
21566 21
21464 20
21597 21
21527 21
21503 20
21538 21
21493 20
21548 21
21552 21
21751 21
21632 21
22833 22
21607 21
21538 21
21538 21
21587 21
21492 20
21475 20
21412 20
21524 21
21468 20
21524 21
21514 21
21524 21
21660 21
21500 20
21535 21
21500 20
22683 22
21527 21
21608 21
21654 21
21740 21
22749 22
22031 21
22184 21
21828 21
21660 21
21912 21
21681 21
21685 21
22721 22
21573 21
21597 21
22711 22
21539 21
21838 21
21661 21
21503 20
21587 21
22740 22
21548 21
21506 21
21705 21
21524 21
21996 21
21587 21
21569 21
21504 21
21471 20
21629 21
21465 20
21583 21
21593 21
21517 21
21618 21
21636 21
21556 21
21518 21
21465 20
21555 21
21541 21
22754 22
22749 22
21541 21
21486 20
21584 21
21541 21
21576 21
21545 21
21552 21
21654 21
21674 21
21580 21
21688 21
21493 20
21531 21
21527 21
21559 21
21730 21
21482 20
21542 21
21639 21
21475 20
21510 21
22383 21
21563 21
21510 21
21559 21
22683 22
21615 21
21517 21
21500 20
21521 21
21510 21
21633 21
21531 21
21615 21
21521 21
21706 21
21507 21
22708 22
21657 21
21730 21
21957 21
21685 21
21629 21
21653 21
21524 21
21482 20
21497 20
21828 21
21636 21
21814 21
21695 21
21657 21
23168 22
21866 21
21695 21
22735 22
21441 20
21768 21
21580 21
21664 21
22722 22
21538 21
21493 20
21476 20
21524 21
21559 21
21461 20
21810 21
21626 21
21629 21
21640 21
21510 21
21531 21
21688 21
21629 21
21674 21
21656 21
21654 21
21625 21
21559 21
21520 21
21591 21
22669 22
21633 21
21681 21
21577 21
21726 21
21535 21
21549 21
21552 21
21626 21
21576 21
21542 21
21545 21
21538 21
21566 21
21507 21
21636 21
21541 21
21545 21
21500 20
21587 21
22757 22
21448 20
21573 21
21528 21
21549 21
21503 20
21555 21
21483 20
21576 21
21556 21
21524 21
21580 21
21555 21
21569 21
22631 22
21608 21
21517 21
21535 21
21566 21
21475 20
21646 21
21552 21
21583 21
21608 21
21545 21
21566 21
21535 21
21500 20
22093 21
21615 21
21869 21
22117 21
149077 145
22173 21
21678 21
64800 63
22753 22
21733 21
21594 21
21580 21
21528 21
21562 21
21506 21
21458 20
21534 21
21500 20
21597 21
21608 21
21503 20
21521 21
21591 21
21559 21
21573 21
21598 21
21420 20
21531 21
21489 20
21524 21
22799 22
21559 21
21468 20
21584 21
22792 22
21576 21
21507 21
21702 21
21559 21
21548 21
21483 20
21559 21
21503 20
21482 20
21587 21
21646 21
21461 20
21660 21
21500 20
21591 21
21594 21
22550 22
21643 21
21553 21
21608 21
21541 21
21539 21
22690 22
21518 21
21507 21
61797 60
21608 21
21507 21
21576 21
21548 21
21646 21
21559 21
21695 21
21689 21
21601 21
21559 21
21493 20
21611 21
22735 22
21601 21
21556 21
21517 21
21615 21
21524 21
21598 21
21594 21
21583 21
22624 22
22013 21
21604 21
21556 21
21507 21
21524 21
21573 21
21541 21
21569 21
22648 22
21576 21
21517 21
21555 21
21573 21
21643 21
21604 21
21566 21
21591 21
21549 21
21524 21
21559 21
21503 20
22788 22
21476 20
21618 21
22875 22
21649 21
21539 21
21527 21
21569 21
21552 21
22651 22
21678 21
21507 21
21583 21
21451 20
21598 21
21510 21
22701 22
21538 21
21454 20
21528 21
21513 21
21576 21
21517 21
21535 21
21500 20
21524 21
21563 21
21650 21
21548 21
21590 21
22369 21
22701 22
21566 21
22798 22
21493 20
21475 20
22690 22
21367 20
21555 21
21552 21
21647 21
21448 20
21500 20
21625 21
22767 22
21524 21
21594 21
21490 20
21503 20
21545 21
21461 20
21594 21
21482 20
21569 21
21573 21
21514 21
21597 21
21577 21
21531 21
21556 21
21580 21
21584 21
21590 21
21535 21
21552 21
21531 21
22763 22
21462 20
21497 20
22833 22
21510 21
21545 21
21559 21
21576 21
21472 20
21546 21
21567 21
21468 20
21541 21
21510 21
22770 22
21521 21
21535 21
21503 20
21584 21
21510 21
21497 20
21576 21
22840 22
21451 20
21538 21
22914 22
21646 21
21653 21
21608 21
21601 21
21534 21
21538 21
21517 21
21604 21
21479 20
21552 21
21587 21
21695 21
21531 21
21479 20
21542 21
21604 21
21688 21
21531 21
21574 21
21500 20
21496 20
21531 21
21566 21
21535 21
21608 21
21674 21
21563 21
21430 20
21500 20
21556 21
21583 21
22729 22
22721 22
22721 22
21629 21
21618 21
21531 21
21560 21
21674 21
21559 21
21580 21
21629 21
21625 21
21507 21
22670 22
21475 20
21601 21
21534 21
21667 21
21556 21
21493 20
21640 21
21458 20
21574 21
21563 21
21538 21
21504 21
21552 21
21555 21
21618 21
21493 20
21534 21
