16472 21
16549 21
16445 21
17345 22
17439 22
16490 21
16406 21
16455 21
17289 22
16245 21
16525 21
16448 21
16455 21
16441 21
16441 21
16430 21
16389 21
17401 22
16570 21
16434 21
16511 21
16605 21
16396 21
16430 21
17324 22
16556 21
16475 21
16583 21
16514 21
16479 21
16475 21
16431 21
16448 21
16472 21
16521 21
16500 21
16451 21
16468 21
16486 21
16525 21
16532 21
16455 21
16473 21
16493 21
16423 21
16420 21
16434 21
16581 21
16500 21
16469 21
16563 21
16455 21
17412 22
16503 21
16507 21
16465 21
16482 21
16465 21
17457 22
16507 21
17415 22
16479 21
16496 21
16545 21
16496 21
58138 75
16479 21
16493 21
16486 21
16521 21
16531 21
22809 29
16493 21
16605 21
17348 22
16511 21
16479 21
16416 21
16395 21
21440 27
16486 21
16462 21
16438 21
16500 21
16514 21
16452 21
16507 21
16480 21
16490 21
16431 21
16465 21
16462 21
16479 21
16692 21
16496 21
16445 21
16542 21
17373 22
16398 21
16525 21
16573 21
16448 21
16556 21
16510 21
16448 21
16483 21
17397 22
16476 21
16612 21
16427 21
16563 21
16430 21
16479 21
16437 21
16479 21
16595 21
16493 21
16525 21
16448 21
17369 22
16500 21
16517 21
16486 21
17380 22
16549 21
16664 21
16511 21
17331 22
16553 21
16511 21
17418 22
16500 21
16472 21
16448 21
16444 21
16500 21
17391 22
16459 21
16486 21
16423 21
16413 21
16455 21
16601 21
16524 21
16493 21
16403 21
16507 21
16608 21
16616 21
16462 21
16563 21
16504 21
16493 21
16487 21
16427 21
16507 21
16409 21
16403 21
16437 21
16475 21
16507 21
16458 21
17370 22
17429 22
16528 21
16417 21
16518 21
17349 22
16490 21
16465 21
16451 21
16441 21
16580 21
16546 21
16451 21
16476 21
16535 21
16525 21
16389 21
16521 21
16531 21
16427 21
16531 21
16482 21
16598 21
17296 22
16385 21
16409 21
16490 21
16500 21
16410 21
16483 21
16556 21
16563 21
16546 21
16486 21
16482 21
16402 21
16462 21
16507 21
16417 21
16594 21
16490 21
16504 21
16479 21
16395 21
16454 21
16371 21
16538 21
16469 21
16465 21
16525 21
16480 21
16511 21
16514 21
16524 21
17433 22
16528 21
16493 21
16459 21
21542 28
16577 21
16490 21
16664 21
17429 22
16475 21
16587 21
16552 21
16539 21
16577 21
16503 21
16416 21
16511 21
16392 21
16514 21
16476 21
16416 21
16570 21
17279 22
16528 21
16563 21
16441 21
16584 21
16531 21
16584 21
16424 21
17457 22
16496 21
16504 21
17474 22
16507 21
17443 22
16427 21
16518 21
16384 21
16528 21
16508 21
16556 21
16503 21
16427 21
17362 22
16430 21
16549 21
16468 21
16480 21
16427 21
16430 21
16514 21
17418 22
16573 21
16559 21
16780 21
16532 21
17307 22
16483 21
16538 21
16392 21
16434 21
16405 21
16459 21
16497 21
16528 21
16395 21
16605 21
16539 21
16441 21
16524 21
16521 21
16510 21
16539 21
17394 22
16507 21
17379 22
16636 21
16444 21
16521 21
16451 21
16703 21
16507 21
16497 21
16580 21
16665 21
16389 21
16514 21
16465 21
16420 21
16455 21
16445 21
16486 21
17366 22
16500 21
16433 21
17261 22
16447 21
16500 21
16392 21
16452 21
16405 21
16388 21
16486 21
16507 21
17379 22
16514 21
16486 21
16437 21
16570 21
16503 21
16427 21
16472 21
16468 21
16483 21
16475 21
16486 21
16556 21
16374 21
16419 21
17498 22
16433 21
16549 21
16598 21
16497 21
16532 21
16389 21
17370 22
16584 21
16630 21
16475 21
16570 21
17055 22
16577 21
16493 21
16360 21
16409 21
16466 21
16486 21
16447 21
16363 21
16595 21
17454 22
16479 21
16605 21
16514 21
16507 21
16521 21
16388 21
16416 21
16172 21
16538 21
16532 21
16521 21
16479 21
16514 21
16468 21
16430 21
16448 21
16406 21
16441 21
16521 21
16465 21
16482 21
16535 21
16448 21
16514 21
16214 21
16472 21
16458 21
16486 21
16479 21
16458 21
16489 21
16427 21
16528 21
16553 21
16611 21
16511 21
16483 21
16430 21
16476 21
16385 21
16385 21
16447 21
16448 21
16536 21
16378 21
16654 21
16626 21
16510 21
59482 77
16461 21
16503 21
16406 21
16489 21
16497 21
16511 21
16542 21
16444 21
16396 21
16462 21
16615 21
16636 21
16723 21
16469 21
16501 21
16479 21
16539 21
16619 21
16633 21
57269 74
16539 21
17365 22
16476 21
16472 21
16476 21
16514 21
16546 21
16451 21
16570 21
139231 181
16465 21
16486 21
17254 22
16427 21
16482 21
16507 21
16524 21
16494 21
17310 22
16378 21
16427 21
17293 22
16517 21
16454 21
16559 21
16475 21
16518 21
16528 21
16441 21
16618 21
16588 21
16361 21
16559 21
16525 21
16448 21
16441 21
16622 21
16486 21
16399 21
16608 21
16475 21
16503 21
16455 21
17439 22
16497 21
16587 21
16588 21
16514 21
16563 21
16455 21
16423 21
16454 21
16402 21
16416 21
16521 21
16403 21
16517 21
16493 21
16625 21
17363 22
137325 178
16455 21
16455 21
16413 21
16518 21
16430 21
16479 21
16535 21
16535 21
16486 21
16567 21
16427 21
16465 21
16507 21
16675 21
16476 21
16500 21
17450 22
16518 21
16479 21
16423 21
16567 21
16433 21
16469 21
17331 22
21845 28
16444 21
16595 21
16413 21
16598 21
16490 21
16420 21
16420 21
16490 21
16514 21
16406 21
16451 21
16437 21
16476 21
17463 22
16553 21
16472 21
16441 21
16486 21
16458 21
16458 21
17331 22
16409 21
16518 21
16469 21
16511 21
16483 21
16496 21
16486 21
16399 21
16500 21
16518 21
16475 21
16595 21
16546 21
16416 21
16409 21
16545 21
16493 21
16392 21
16584 21
16441 21
16528 21
16510 21
16469 21
16434 21
17418 22
16444 21
16476 21
16507 21
16476 21
16465 21
16395 21
16371 21
16500 21
16556 21
16531 21
16437 21
16468 21
16486 21
16384 21
16409 21
16430 21
16468 21
16416 21
16601 21
16427 21
16448 21
17408 22
16452 21
16444 21
16476 21
16472 21
16496 21
16521 21
16486 21
16427 21
16496 21
16580 21
16482 21
16503 21
16447 21
16427 21
16496 21
16454 21
17412 22
16500 21
16514 21
16462 21
16413 21
16517 21
16563 21
16500 21
16266 21
16560 21
16570 21
16699 21
16601 21
16532 21
16510 21
16584 21
16483 21
16503 21
16455 21
16434 21
16437 21
16514 21
16461 21
16531 21
16521 21
16524 21
16476 21
17475 22
16521 21
16424 21
16455 21
16410 21
16584 21
16350 21
17512 22
16522 21
16514 21
16480 21
16518 21
16500 21
16458 21
16490 21
16580 21
16437 21
17429 22
16420 21
16472 21
16409 21
16514 21
16559 21
16409 21
16486 21
16465 21
16480 21
16420 21
16525 21
16500 21
16423 21
16493 21
16514 21
16406 21
17356 22
16475 21
16405 21
16475 21
16494 21
16472 21
16493 21
16465 21
16437 21
16437 21
17352 22
16375 21
16465 21
16441 21
16511 21
16431 21
16497 21
16346 21
16459 21
16416 21
16573 21
16535 21
16472 21
16472 21
16486 21
16469 21
16626 21
16542 21
17429 22
16496 21
16507 21
16521 21
16433 21
16479 21
16538 21
16388 21
16434 21
17387 22
16452 21
16514 21
16612 21
16591 21
16455 21
16556 21
16402 21
16587 21
16402 21
16459 21
16409 21
17463 22
16507 21
16532 21
16545 21
16437 21
21555 28
16469 21
16479 21
16528 21
16469 21
17457 22
16553 21
16392 21
16448 21
16451 21
17345 22
16389 21
16451 21
16451 21
16531 21
16539 21
16482 21
16476 21
16553 21
16455 21
16441 21
16500 21
16594 21
16382 21
16594 21
16518 21
16465 21
16459 21
16472 21
16514 21
16447 21
16542 21
16441 21
16517 21
16402 21
16423 21
17335 22
17362 22
16595 21
16461 21
16396 21
16472 21
16472 21
16507 21
16409 21
16426 21
17858 23
16423 21
16448 21
17338 22
16465 21
16420 21
16354 21
16486 21
17432 22
16497 21
16479 21
16580 21
16445 21
16462 21
16493 21
16489 21
16545 21
16521 21
17429 22
16406 21
16448 21
16521 21
16594 21
16378 21
16577 21
16493 21
16413 21
16455 21
16521 21
16538 21
16389 21
16577 21
16392 21
16406 21
17391 22
17387 22
16482 21
16459 21
16472 21
16573 21
16427 21
16566 21
16473 21
16525 21
16427 21
17530 22
16566 21
16529 21
16469 21
16497 21
16427 21
16458 21
17362 22
16545 21
16479 21
16476 21
16524 21
16426 21
16553 21
16521 21
16476 21
16584 21
16423 21
16472 21
16531 21
16472 21
16319 21
16521 21
16546 21
16465 21
16497 21
16371 21
16406 21
16458 21
16525 21
16539 21
16431 21
16416 21
16389 21
16406 21
16504 21
16521 21
16482 21
17432 22
16427 21
16441 21
16476 21
16452 21
16490 21
16434 21
16574 21
16500 21
16416 21
16459 21
17394 22
16462 21
16612 21
16507 21
16525 21
16514 21
16601 21
16479 21
16489 21
16487 21
17345 22
16511 21
16455 21
16546 21
16504 21
16480 21
16514 21
16465 21
16531 21
16598 21
16514 21
16490 21
16517 21
16403 21
16480 21
16553 21
16487 21
17516 22
16448 21
16437 21
16489 21
16455 21
16556 21
16473 21
16459 21
16546 21
16532 21
16595 21
16552 21
16493 21
16514 21
16563 21
16434 21
16406 21
16535 21
16640 21
16444 21
16500 21
16405 21
17488 22
16448 21
16434 21
16573 21
16514 21
16451 21
16542 21
16462 21
16549 21
16451 21
17415 22
16504 21
16497 21
16427 21
16431 21
16528 21
16539 21
16500 21
16459 21
16462 21
16413 21
16489 21
16542 21
16556 21
17373 22
16350 21
16409 21
16403 21
16444 21
16406 21
16444 21
16413 21
17335 22
16511 21
16483 21
16486 21
16487 21
16524 21
16486 21
16493 21
16494 21
16507 21
16423 21
16399 21
16556 21
16493 21
16433 21
16433 21
16539 21
16459 21
16430 21
16496 21
16497 21
16465 21
17436 22
17390 22
16538 21
16532 21
16462 21
16507 21
16476 21
16416 21
16259 21
16448 21
16423 21
16549 21
16454 21
16521 21
17345 22
17397 22
16409 21
16545 21
16511 21
16514 21
16514 21
16469 21
16462 21
16431 21
16549 21
16472 21
16469 21
17341 22
16420 21
16472 21
16486 21
16388 21
16490 21
16546 21
16503 21
16479 21
16573 21
17314 22
16486 21
16486 21
16507 21
16451 21
16399 21
16514 21
