18411875 112
15539531 94
14740592 89
17501720 106
13498214 82
13121973 80
13871571 84
13535924 82
13933847 85
14067034 85
17033418 103
13193063 80
13701012 83
13359960 81
13519752 82
13702161 83
13538808 82
14505262 88
13825514 84
13596656 82
14354439 87
13488459 82
14480895 88
13802010 84
13530023 82
14037030 85
14519028 88
13613436 83
14242032 86
13474026 82
13947778 85
14058962 85
13916938 84
14469380 88
13968816 85
14341196 87
14075208 85
13608893 83
13959211 85
13473858 82
13783240 84
13856216 84
13635658 83
14840235 90
21537062 131
13577551 82
14461389 88
13845111 84
13630781 83
13790111 84
13523327 82
14096047 86
14134592 86
13669154 83
14616059 89
13909554 84
14014976 85
14305360 87
13818234 84
14139692 86
14035718 85
13991109 85
13775821 84
14087256 85
14206165 86
14100866 86
15427657 94
14043429 85
13866464 84
14350172 87
13919511 84
14365933 87
14516629 88
14087218 85
13775444 84
14708088 89
13903060 84
14035641 85
13947840 85
13684208 83
14708332 89
13749780 83
13844978 84
14095911 86
14992206 91
14037634 85
14015359 85
14021776 85
13940351 85
14112397 86
14285754 87
14191728 86
13730923 83
13953614 85
14000238 85
14526513 88
13599212 83
13619639 83
14531747 88
13962012 85
13673172 83
13785796 84
14146389 86
14005929 85
14022373 85
13926672 85
14657722 89
13940783 85
13674425 83
14111507 86
13880055 84
14947116 91
13702643 83
13725742 83
14827792 90
14107003 86
13993472 85
16628143 101
14061993 85
13807435 84
14165745 86
13990253 85
14263008 87
13933554 85
14226187 86
14483238 88
14197699 86
13891476 84
14213339 86
13670893 83
13965615 85
14029719 85
14133698 86
19175715 117
13791142 84
13727365 83
14000122 85
14519677 88
13842227 84
13680452 83
13794305 84
13902275 84
13848797 84
14044990 85
14250075 86
14532134 88
14667640 89
13901558 84
13711354 83
14969932 91
14155118 86
13941482 85
13737807 83
14017527 85
14416588 87
20659838 126
14077030 85
14606241 89
23149384 141
13974063 85
14063316 85
13824959 84
13858465 84
13759402 83
14107443 86
14613270 89
13900274 84
13942785 85
14637810 89
14313238 87
13841612 84
13684788 83
14089135 85
14226984 86
14156138 86
14057004 85
13991856 85
16785665 102
14059207 85
13815033 84
14424182 88
14116085 86
13727983 83
14019423 85
13545727 82
13962510 85
13889373 84
13620261 83
13749815 83
13806737 84
13776572 84
14427820 88
13541457 82
13933739 85
14262256 87
13923561 84
13716039 83
13518966 82
13992889 85
13808720 84
15347724 93
13735587 83
13738782 83
13713082 83
13741561 83
13674248 83
14235405 86
13716755 83
13691782 83
14195167 86
13593598 82
14115215 86
13790782 84
13656648 83
13774250 84
13578959 82
13965429 85
14031838 85
13773608 84
14157073 86
13665652 83
14074524 85
17069394 104
13648293 83
13905923 84
14014992 85
13682707 83
14159608 86
14005185 85
13834395 84
13965465 85
13642033 83
14480064 88
14087675 85
13985376 85
14743892 89
13968927 85
14030826 85
14577633 88
14203295 86
14227148 86
14152167 86
13889074 84
14594158 89
20893272 127
14015454 85
14467366 88
13804590 84
14517582 88
14119670 86
13742692 83
14311485 87
13817131 84
14002302 85
14460160 88
14328788 87
14060879 85
14229218 86
13654204 83
13892736 84
13538699 82
13974217 85
14673541 89
13479685 82
14114000 86
13542533 82
13733775 83
14044215 85
13453696 82
14240754 86
13802991 84
13542662 82
14470278 88
13639729 83
13940620 85
13975806 85
14037561 85
14097109 86
13648492 83
14295945 87
14331497 87
13504352 82
14084900 85
14123884 86
13955119 85
14070701 85
13485844 82
14114384 86
13869302 84
14361770 87
14033717 85
13932516 85
13636807 83
14433346 88
13523586 82
14156985 86
13705676 83
13596949 82
14447643 88
13403155 81
13560018 82
14309411 87
13393247 81
14290827 87
14081810 85
13426086 81
14436168 88
14013994 85
13545375 82
14719169 89
13561142 82
15767505 96
14482850 88
13927303 85
13809939 84
14171959 86
13557912 82
14583020 89
13574315 82
13598158 82
14406352 87
13655217 83
14187437 86
13791302 84
13990584 85
14207401 86
13568561 82
14412476 87
14004826 85
14279368 87
14674930 89
13700793 83
14195987 86
21821046 133
13934059 85
13975948 85
14197031 86
13611529 83
13907169 84
14033445 85
13774509 84
14258318 87
13745401 83
14181935 86
14407943 87
13822801 84
14361861 87
14082578 85
13764688 84
14170532 86
14023420 85
13755023 83
14095042 86
13594704 82
14636427 89
14881643 90
13794189 84
14643969 89
13558069 82
13983961 85
13753061 83
14085025 85
14100635 86
14626432 89
13824861 84
14031157 85
14112729 86
14003610 85
13541273 82
14045140 85
14243969 86
13564794 82
14183886 86
13797506 84
13770658 84
14334904 87
13693188 83
14264236 87
15311940 93
13715083 83
14323083 87
14533785 88
13704507 83
14844369 90
13875905 84
13828638 84
14204611 86
14252761 86
13900658 84
13817987 84
13639093 83
14290949 87
13796295 84
13941444 85
14055010 85
14238198 86
13988277 85
13675103 83
14259379 87
14341423 87
14597862 89
14638624 89
14253215 86
14385445 87
14016822 85
13643280 83
14270590 87
14048178 85
13661881 83
14355241 87
14700703 89
13730808 83
14136795 86
13854635 84
14536526 88
13969480 85
14342397 87
13887576 84
13590252 82
13673351 83
14357951 87
14101582 86
14052555 85
13629140 83
14384394 87
13916837 84
13504938 82
13633545 83
13532551 82
13881881 84
14013847 85
14283016 87
14196204 86
13543800 82
13571693 82
14111036 86
13840052 84
13627708 83
13914613 84
13955269 85
13979454 85
13830674 84
13852031 84
14170323 86
13628888 83
13916103 84
13926037 84
14218884 86
14094847 86
13730462 83
14370090 87
13862686 84
14264554 87
14269365 87
13825838 84
14711519 89
14256035 87
13736163 83
14318649 87
13473080 82
13885931 84
14066319 85
14123601 86
13888718 84
13920943 84
14084059 85
14665525 89
13536158 82
13938941 85
13976026 85
13802241 84
14130912 86
13796410 84
13823115 84
14102182 86
13768801 84
14036517 85
13961558 85
13627712 83
14243627 86
16319061 99
14419532 88
15373835 93
14350560 87
14631498 89
14101365 86
13515716 82
13932045 85
13976577 85
14132777 86
14301175 87
13872898 84
13735410 83
13807544 84
13722892 83
14337443 87
13627223 83
13831938 84
13993238 85
14405908 87
14277116 87
13604700 83
14356020 87
14406641 87
14747463 90
14286623 87
14377628 87
13676877 83
13907369 84
14016864 85
14259387 87
14170389 86
13603740 83
14195282 86
14335212 87
13748774 83
14200903 86
14293005 87
13856873 84
14343891 87
14835895 90
13945860 85
14160743 86
13773835 84
14385637 87
14362986 87
14331281 87
14286051 87
14256140 87
14081576 85
14727419 89
13819819 84
14557887 88
14075026 85
13972339 85
15083149 92
14349886 87
14008338 85
14546180 88
14273318 87
14742729 89
13807704 84
13948539 85
14107230 86
13656166 83
13871648 84
14014700 85
13989052 85
14169320 86
13544341 82
14130298 86
14878025 90
13642647 83
14010433 85
14418267 88
13762017 83
14192454 86
13635619 83
14188100 86
14039310 85
13808260 84
14242999 86
14285739 87
13935823 85
13998028 85
14150255 86
14005391 85
13988577 85
13802387 84
14514946 88
13755317 83
13844660 84
14379876 87
13901663 84
14039153 85
13752656 83
13722662 83
14210424 86
13480028 82
14162732 86
14347320 87
13657985 83
13951796 85
13449374 82
13925401 84
13976337 85
13767184 84
14035616 85
14484122 88
14332073 87
13941559 85
14509860 88
13988336 85
13979185 85
13786673 84
14179124 86
13773919 84
14018585 85
14621321 89
13745698 83
14253825 86
14133845 86
13867731 84
14102053 86
13862865 84
14024105 85
14305616 87
13683492 83
14273761 87
14746210 90
13770892 84
13732599 83
13633245 83
14194908 86
14595712 89
13739776 83
13916110 84
14558204 88
14145021 86
14075226 85
13668543 83
14134509 86
13861541 84
13943089 85
14847773 90
13996736 85
14038297 85
13986119 85
14342840 87
14222941 86
13756528 83
13787339 84
14128063 86
13728811 83
13991359 85
14122948 86
13715365 83
14055499 85
13997679 85
13852921 84
14077020 85
13569709 82
14116989 86
14482264 88
13630274 83
13781387 84
13888327 84
13991932 85
14009860 85
13732169 83
14024594 85
14268796 87
13735340 83
13762694 84
13998967 85
14308730 87
14468257 88
14198885 86
14145213 86
13865503 84
13980642 85
13899374 84
13815522 84
14079328 85
14102545 86
14015687 85
14246972 86
14524659 88
14587200 89
14514677 88
13819446 84
14089847 85
14327084 87
15266912 93
13957738 85
14205477 86
14166028 86
14664816 89
14114964 86
14235814 86
14820718 90
14046768 85
14002871 85
14204583 86
14386902 87
14023490 85
13995134 85
14408694 87
14544029 88
13926215 84
13886445 84
14015694 85
14676288 89
14343790 87
14030271 85
14389160 87
14227158 86
14238309 86
14893562 90
14008792 85
14089693 85
13788449 84
14069485 85
14283900 87
14036276 85
13993357 85
14279835 87
14061050 85
14006690 85
14063690 85
14256918 87
13801549 84
13893438 84
14512353 88
14378222 87
13881358 84
13878275 84
14601308 89
14228108 86
13914745 84
13992460 85
14359193 87
13968572 85
13760128 83
13614189 83
13926396 84
14211168 86
13959826 85
13798735 84
14671467 89
14363220 87
13833820 84
14316886 87
14035668 85
14120679 86
13892422 84
13960845 85
13902683 84
14118207 86
14049924 85
14801122 90
14114388 86
14352376 87
14548910 88
14016312 85
13718975 83
14336074 87
15309790 93
13996635 85
14277224 87
14146854 86
14143471 86
14290920 87
13882342 84
14642576 89
14452912 88
14142538 86
14217718 86
14408855 87
13971714 85
14015243 85
13981047 85
14308070 87
14271013 87
13952417 85
14230989 86
14702551 89
14637625 89
14152929 86
14372290 87
14439328 88
14431981 88
14576719 88
14424905 88
14145856 86
14040061 85
14206737 86
14897926 90
14543869 88
14398523 87
14746765 90
14523165 88
14242726 86
14140091 86
14431534 88
13835289 84
14253675 86
14929394 91
14356984 87
14183307 86
13944122 85
14324399 87
14069671 85
14327272 87
14241616 86
14619348 89
13939820 85
14478748 88
14035343 85
14049686 85
14020411 85
13769597 84
14359659 87
14759844 90
14106480 86
14372695 87
17537199 107
13827242 84
14034118 85
13792286 84
14504968 88
14204862 86
13875213 84
14614984 89
14685791 89
13951820 85
14473067 88
14332265 87
14253619 86
14245387 86
13831997 84
14674288 89
14108578 86
14029883 85
14220958 86
14321714 87
17101824 104
14357302 87
14780313 90
14327901 87
14166053 86
14229892 86
14189563 86
14201804 86
14272001 87
14325349 87
14358534 87
14568535 88
14229816 86
14485859 88
14285687 87
14038531 85
13919665 84
14365646 87
13724837 83
13943350 85
14751928 90
13739305 83
14249572 86
13948751 85
14255822 87
14520061 88
13666986 83
13855312 84
15075042 92
13769719 84
14284350 87
14356292 87
15077298 92
14686556 89
13860134 84
13975031 85
14605707 89
14031329 85
14041345 85
14656601 89
14084452 85
14295386 87
13620034 83
14061637 85
14126436 86
13693160 83
14176069 86
14290362 87
14320600 87
14232682 86
14350162 87
13989869 85
14257480 87
13854715 84
14391175 87
13795111 84
13893246 84
14344226 87
15434210 94
14365405 87
14212421 86
14431402 88
14492095 88
14010499 85
13901220 84
14670601 89
13604745 83
13781872 84
13926302 84
14277894 87
14312407 87
13603129 83
13909693 84
14673157 89
16053638 97
13792929 84
14691961 89
13728688 83
13951851 85
14433493 88
13672358 83
14177277 86
13648045 83
13964085 85
14393779 87
13646400 83
14212096 86
14379985 87
13834958 84
14206860 86
13631102 83
14028965 85
13936720 85
13863964 84
17038872 103
13817853 84
14449766 88
14271184 87
14069775 85
14047361 85
13818154 84
13976756 85
15162622 92
13712771 83
13846699 84
14072746 85
14065981 85
14365740 87
13721429 83
13949498 85
14772730 90
13557256 82
13817100 84
14691245 89
13917095 84
14124589 86
13577157 82
13871107 84
14235199 86
13703254 83
13980613 85
13715785 83
13934395 85
14183544 86
13571937 82
14179278 86
13763403 84
13636356 83
14558983 88
13717882 83
14542106 88
14050803 85
13853089 84
14523609 88
13596258 82
14358967 87
14551444 88
13647989 83
14241270 86
14435983 88
13774596 84
14271847 87
13719303 83
14240840 86
13987470 85
13562786 82
13985847 85
13778660 84
20333641 124
14122819 86
14434747 88
14217026 86
14073668 85
13627981 83
14155652 86
13590082 82
13652874 83
14107017 86
13807882 84
14222832 86
13861153 84
13933330 85
14729127 89
13968665 85
14017482 85
14646748 89
13897907 84
14301094 87
13939517 85
13977855 85
14359882 87
14006777 85
14526949 88
14133102 86
