4633 18
4584 17
4881 19
4870 19
4755 18
4870 19
4472 17
4452 17
4542 17
4553 17
4518 17
4584 17
4815 18
4765 18
4584 17
4615 18
4528 17
4420 17
4735 18
4507 17
4517 17
4734 18
4559 17
4532 17
4612 18
4559 17
4657 18
4587 17
4570 17
4479 17
4574 17
4525 17
4644 18
4574 17
4706 18
4504 17
4728 18
4703 18
4633 18
4504 17
4643 18
4486 17
4507 17
4574 17
4699 18
4399 17
4613 18
4469 17
4507 17
4577 17
4595 17
4550 17
4406 17
4469 17
4480 17
4616 18
4525 17
4794 18
4745 18
4633 18
4437 17
4581 17
4445 17
4584 17
4546 17
4615 18
4469 17
4647 18
4832 18
4508 17
4521 17
4465 17
4549 17
4556 17
4654 18
4895 19
4525 17
4685 18
4633 18
4626 18
4399 17
4622 18
4444 17
4549 17
4469 17
4563 17
4860 18
4595 17
4689 18
4574 17
4528 17
4595 17
4518 17
4651 18
4469 17
4438 17
4542 17
4504 17
4510 17
4479 17
4619 18
4668 18
4755 18
4637 18
4605 17
4651 18
4458 17
4640 18
4731 18
4581 17
4661 18
4521 17
4567 17
4601 17
4423 17
4612 18
4786 18
4549 17
4626 18
4637 18
4794 18
4434 17
4685 18
4982 19
4605 17
4584 17
4842 18
4514 17
4776 18
4588 17
4665 18
4584 17
4675 18
4685 18
4573 17
4493 17
4542 17
4552 17
4515 17
4612 18
4615 18
4529 17
4591 17
4808 18
4493 17
4438 17
4465 17
4745 18
4574 17
4472 17
4476 17
4570 17
4825 18
4497 17
4444 17
4536 17
4469 17
4350 16
4518 17
4479 17
4811 18
4545 17
4839 18
4594 17
4521 17
4528 17
4556 17
4511 17
4706 18
4486 17
4643 18
4500 17
4508 17
4497 17
4609 18
4466 17
4601 17
4486 17
4525 17
4542 17
4591 17
4741 18
4615 18
4489 17
4644 18
4605 17
4584 17
4888 19
4675 18
4521 17
4462 17
4563 17
4535 17
4871 19
4699 18
4528 17
4570 17
4756 18
4629 18
4532 17
4626 18
4490 17
4479 17
4647 18
4703 18
4525 17
4587 17
4626 18
4654 18
4479 17
4535 17
4581 17
4657 18
4633 18
5055 19
4685 18
4514 17
4535 17
4574 17
4573 17
4856 18
4522 17
4521 17
4748 18
4748 18
4462 17
4518 17
4584 17
4598 17
4570 17
4529 17
4902 19
4487 17
4461 17
4818 18
4591 17
4629 18
4616 18
4542 17
4602 17
4563 17
4511 17
4507 17
4536 17
4497 17
4587 17
4713 18
4535 17
4497 17
4437 17
4664 18
4427 17
4585 17
4598 17
4483 17
4577 17
5275 20
4448 17
4553 17
4822 18
4458 17
4612 18
4504 17
4487 17
4458 17
4651 18
4885 19
4500 17
4581 17
4521 17
4518 17
4584 17
4573 17
4591 17
4567 17
4619 18
4612 18
4832 18
4500 17
4560 17
4489 17
4525 17
4503 17
4637 18
4500 17
4455 17
4441 17
4633 18
4549 17
4539 17
4612 18
4496 17
4451 17
4630 18
4626 18
4528 17
4416 17
4615 18
4664 18
4521 17
4553 17
4524 17
4504 17
4661 18
4462 17
4664 18
4490 17
4773 18
4455 17
4616 18
4692 18
4476 17
4626 18
4514 17
4514 17
4766 18
4745 18
4605 17
4515 17
4479 17
4636 18
4483 17
5213 20
4769 18
4469 17
4622 18
4542 17
4699 18
4504 17
4654 18
4745 18
4598 17
4553 17
4591 17
4724 18
4793 18
4696 18
4780 18
4748 18
4906 19
4829 18
4804 18
4888 19
4874 19
4829 18
4741 18
4787 18
4860 18
4804 18
4560 17
4661 18
4487 17
4535 17
4734 18
4451 17
4678 18
4538 17
4493 17
4594 17
4448 17
4476 17
4696 18
4717 18
4553 17
4587 17
4550 17
4473 17
4511 17
4487 17
4745 18
4682 18
4542 17
4832 18
4525 17
4595 17
4417 17
4566 17
4696 18
4549 17
4504 17
4494 17
4539 17
4682 18
4567 17
4504 17
4567 17
4591 17
4682 18
4511 17
4525 17
4522 17
4598 17
4724 18
4595 17
4536 17
4651 18
4490 17
4493 17
4682 18
4496 17
4465 17
4699 18
4507 17
4577 17
4581 17
4595 17
4804 18
4539 17
4895 19
4877 19
4815 18
4699 18
4486 17
4577 17
4867 19
4643 18
4529 17
4528 17
4528 17
4486 17
4658 18
4525 17
4462 17
4700 18
4570 17
4479 17
4514 17
4480 17
4490 17
4647 18
4602 17
4759 18
4521 17
4629 18
4571 17
4476 17
4434 17
4891 19
4992 19
4479 17
4612 18
4661 18
4609 18
4504 17
4473 17
4633 18
4630 18
4532 17
4535 17
4518 17
4706 18
4658 18
4867 19
4748 18
4606 17
4504 17
4664 18
4504 17
4829 18
4493 17
4549 17
4438 17
4755 18
47765 186
4622 18
4762 18
4567 17
4462 17
4615 18
4497 17
4588 17
4567 17
4521 17
4592 17
4605 17
4570 17
4522 17
4459 17
4451 17
4531 17
4413 17
4420 17
4494 17
4535 17
4521 17
4546 17
4382 17
4420 17
4528 17
4563 17
4783 18
4849 18
4567 17
4496 17
4455 17
4490 17
4451 17
4528 17
4567 17
4469 17
4951 19
4473 17
4515 17
4594 17
4682 18
4588 17
4571 17
4494 17
4640 18
4560 17
4626 18
4651 18
4402 17
4598 17
4553 17
4595 17
4441 17
4580 17
4427 17
4479 17
4577 17
4504 17
4500 17
4500 17
4605 17
4584 17
4455 17
4577 17
4507 17
4637 18
4431 17
4515 17
4808 18
4626 18
4501 17
4542 17
4500 17
4609 18
4598 17
4678 18
4689 18
4479 17
4609 18
4462 17
4501 17
4574 17
4588 17
4650 18
4829 18
4605 17
4660 18
4609 18
4532 17
127214 496
4570 17
4538 17
4626 18
4818 18
4549 17
4507 17
4556 17
4543 17
4616 18
4580 17
4626 18
4686 18
4483 17
4518 17
4473 17
4517 17
4689 18
4584 17
4724 18
4751 18
4678 18
4490 17
4473 17
4476 17
4553 17
4480 17
4448 17
4490 17
4587 17
4584 17
4661 18
4465 17
4532 17
4529 17
4476 17
5143 20
4557 17
4595 17
4560 17
4524 17
4585 17
4595 17
4487 17
4532 17
4647 18
4441 17
4500 17
4675 18
4553 17
4525 17
4786 18
4567 17
4546 17
4563 17
4455 17
4926 19
4535 17
4542 17
4563 17
4396 17
4483 17
4483 17
4570 17
4546 17
4549 17
4846 18
4556 17
4724 18
4459 17
4591 17
4672 18
4570 17
4640 18
4525 17
4472 17
4532 17
4599 17
4536 17
4581 17
4636 18
4675 18
4601 17
4497 17
4608 18
4542 17
4734 18
4465 17
4494 17
4472 17
4612 18
4539 17
4542 17
4557 17
4598 17
4772 18
4424 17
4557 17
4630 18
4420 17
4438 17
4606 17
4441 17
4615 18
4849 18
4556 17
4462 17
4553 17
4626 18
4626 18
4510 17
4602 17
4497 17
4856 18
4479 17
4609 18
4570 17
4609 18
4479 17
4609 18
4448 17
4531 17
4501 17
4504 17
4675 18
4626 18
4538 17
4605 17
4780 18
4574 17
4479 17
4650 18
4556 17
4647 18
4469 17
4573 17
4849 18
4626 18
4430 17
4615 18
4486 17
4462 17
4560 17
4536 17
4494 17
4445 17
4410 17
4686 18
4713 18
4525 17
4490 17
4539 17
4549 17
4461 17
4853 18
4835 18
4772 18
4818 18
4378 17
4441 17
4699 18
4605 17
4532 17
4539 17
4514 17
4853 18
4521 17
4808 18
4518 17
4587 17
4553 17
4532 17
4665 18
4518 17
4490 17
4644 18
4518 17
4535 17
4427 17
4577 17
4431 17
4542 17
4777 18
4549 17
4500 17
4444 17
4490 17
4613 18
4504 17
4559 17
4556 17
4501 17
4518 17
4552 17
4616 18
4612 18
4472 17
4888 19
4535 17
4441 17
4521 17
4570 17
4483 17
4458 17
4511 17
4595 17
4535 17
4647 18
4494 17
4598 17
4462 17
4629 18
4605 17
4720 18
4560 17
4601 17
4487 17
4500 17
4504 17
4622 18
4622 18
4528 17
4696 18
4626 18
4469 17
4564 17
4563 17
4560 17
4622 18
4588 17
4563 17
4490 17
4609 18
4553 17
4700 18
4487 17
4487 17
4566 17
4595 17
4902 19
4469 17
4535 17
4616 18
4689 18
4441 17
4612 18
4599 17
4472 17
4643 18
4588 17
4444 17
4497 17
4766 18
4892 19
4525 17
4546 17
4899 19
4542 17
4622 18
4922 19
4504 17
4473 17
4420 17
4490 17
4556 17
4504 17
4626 18
4622 18
4587 17
4598 17
4480 17
4786 18
4531 17
4612 18
4521 17
4602 17
4682 18
4529 17
4605 17
4409 17
4612 18
4853 18
4581 17
4507 17
4539 17
4560 17
4755 18
4570 17
4546 17
4724 18
4794 18
4839 18
4563 17
4769 18
4493 17
4647 18
4535 17
4592 17
4696 18
4598 17
4535 17
4444 17
4528 17
4490 17
4640 18
4587 17
4546 17
4500 17
4709 18
4542 17
4549 17
4843 18
5084 19
4633 18
4913 19
4605 17
4595 17
4630 18
4500 17
4633 18
4769 18
4483 17
4511 17
4905 19
4672 18
4898 19
4797 18
4511 17
4532 17
4622 18
4494 17
4493 17
4574 17
4483 17
4532 17
4532 17
4543 17
4455 17
4762 18
4458 17
4476 17
4588 17
4807 18
4728 18
4545 17
4494 17
4605 17
4538 17
4692 18
4601 17
4609 18
4542 17
4528 17
4616 18
4842 18
4591 17
4543 17
4469 17
4577 17
4532 17
4549 17
4637 18
4584 17
4462 17
4511 17
4591 17
4574 17
4560 17
4626 18
4986 19
4602 17
4699 18
4503 17
4567 17
4695 18
4535 17
4510 17
4549 17
4423 17
4891 19
4574 17
4483 17
4608 18
4413 17
4490 17
4486 17
4532 17
4556 17
4696 18
4643 18
4532 17
4462 17
4790 18
4612 18
4574 17
4685 18
4535 17
4546 17
4573 17
4612 18
4381 17
4811 18
4550 17
4500 17
4494 17
4800 18
4668 18
4546 17
4650 18
4542 17
4591 17
4489 17
4336 16
4521 17
4577 17
4580 17
4853 18
4574 17
4501 17
4584 17
4693 18
4594 17
4563 17
4706 18
4728 18
4521 17
4766 18
4528 17
4473 17
4630 18
4497 17
4577 17
4563 17
4730 18
4654 18
4522 17
4549 17
4549 17
4521 17
4626 18
4696 18
4591 17
4630 18
4556 17
4542 17
4472 17
4552 17
