2388 37
2322 36
2378 37
2416 37
2618 40
2493 38
2332 36
2360 36
2346 36
2314 36
2632 41
2339 36
2360 36
2420 37
2399 37
2346 36
2462 38
2329 36
2221 34
2409 37
2312 36
2423 37
2385 37
2392 37
2332 36
2398 37
2322 36
2381 37
2262 35
2360 36
2378 37
2315 36
2336 36
2412 37
2472 38
2360 36
2336 36
2286 35
2395 37
2339 36
2301 35
2287 35
2332 36
2451 38
2305 36
2377 37
2340 36
2290 35
2322 36
2378 37
2346 36
2377 37
2360 36
2458 38
2374 37
2297 35
2346 36
2405 37
2398 37
2259 35
2269 35
2392 37
2269 35
2332 36
2311 36
2416 37
2374 37
2342 36
2391 37
2280 35
2381 37
2521 39
2332 36
2360 36
2336 36
2353 36
2367 36
2346 36
2346 36
2339 36
2416 37
2329 36
2360 36
2381 37
2402 37
2444 38
2434 38
2326 36
2374 37
2361 36
2332 36
2396 37
2517 39
2293 35
2497 39
2315 36
2217 34
2304 36
2318 36
2413 37
2402 37
2388 37
2294 35
2413 37
2270 35
2534 39
2252 35
2472 38
2336 36
2385 37
2353 36
2706 42
2353 36
2315 36
2451 38
2521 39
2458 38
2349 36
2370 37
2556 39
2409 37
2353 36
2350 36
2493 38
2346 36
2360 36
2325 36
2433 38
2325 36
2392 37
2410 37
2454 38
2363 36
2440 38
2350 36
2304 36
2500 39
2339 36
2332 36
2420 37
2308 36
2304 36
2304 36
2377 37
2326 36
2395 37
2231 34
2347 36
2420 37
2322 36
2350 36
2315 36
2340 36
2483 38
2493 38
2290 35
2392 37
2374 37
2189 34
2423 37
2308 36
2388 37
2402 37
2315 36
2343 36
2388 37
2451 38
2367 36
2305 36
2356 36
2311 36
2318 36
2374 37
2339 36
2402 37
2315 36
2287 35
2350 36
2343 36
2290 35
2301 35
2318 36
2388 37
2406 37
2353 36
2280 35
2524 39
2374 37
2339 36
2430 37
2298 35
2375 37
2395 37
2336 36
2443 38
2356 36
2332 36
2304 36
2336 36
2305 36
2305 36
2339 36
2297 35
2364 36
2374 37
2304 36
2353 36
2343 36
2301 35
2371 37
2259 35
2311 36
2468 38
2304 36
2280 35
2304 36
2405 37
2406 37
2426 37
2332 36
2304 36
2322 36
2311 36
2297 35
2322 36
2305 36
2336 36
2333 36
2361 36
2308 36
2363 36
2486 38
2318 36
2325 36
2360 36
2364 36
2287 35
2684 41
2405 37
2294 35
2301 35
2409 37
2368 37
2388 37
2370 37
2584 40
2399 37
2321 36
2290 35
2444 38
2329 36
2626 41
2388 37
2385 37
2301 35
2353 36
2395 37
2231 34
2298 35
2339 36
2504 39
2371 37
2298 35
2335 36
2335 36
2343 36
2325 36
2405 37
2388 37
2392 37
2336 36
2307 36
2332 36
2304 36
2318 36
2381 37
2437 38
2322 36
2399 37
2444 38
2419 37
2464 38
2326 36
2426 37
2332 36
2399 37
2346 36
2305 36
2388 37
2339 36
2287 35
2405 37
2364 36
2388 37
2270 35
2333 36
2311 36
2378 37
2350 36
2378 37
2336 36
2336 36
2427 37
2290 35
2287 35
2266 35
2343 36
2339 36
2657 41
2325 36
2304 36
2479 38
2406 37
2388 37
2294 35
2322 36
2405 37
2378 37
2371 37
2346 36
2371 37
2329 36
2381 37
2427 37
2364 36
2287 35
2346 36
2416 37
2371 37
2305 36
2318 36
2318 36
2339 36
2608 40
2416 37
2689 42
2654 41
2426 37
2364 36
2335 36
2332 36
2374 37
2433 38
2377 37
2510 39
2339 36
2479 38
2462 38
2350 36
2221 34
2284 35
2343 36
2270 35
2322 36
2378 37
2304 36
2353 36
2381 37
2412 37
2392 37
2343 36
2318 36
2465 38
2263 35
2356 36
2370 37
2755 43
2347 36
2314 36
2726 42
2329 36
2325 36
2360 36
2328 36
2534 39
2448 38
2350 36
2293 35
2469 38
2335 36
2329 36
2340 36
2384 37
2357 36
2476 38
2305 36
2336 36
2322 36
2478 38
2343 36
2430 37
2409 37
2360 36
2262 35
2388 37
2353 36
2343 36
2347 36
2412 37
2276 35
2308 36
2339 36
2353 36
2416 37
2364 36
2409 37
2448 38
2273 35
2545 39
2395 37
2322 36
2412 37
3247 50
2367 36
2483 38
2681 41
2514 39
2346 36
2433 38
2333 36
2402 37
2465 38
2409 37
2349 36
2381 37
2321 36
2392 37
2378 37
2395 37
2360 36
2448 38
2409 37
2632 41
2280 35
2419 37
2388 37
3059 47
2461 38
2461 38
2430 37
2347 36
2339 36
2356 36
2521 39
2402 37
2308 36
2370 37
2340 36
2346 36
2367 36
2402 37
2346 36
2340 36
2021 31
2332 36
2360 36
2319 36
2423 37
2440 38
2395 37
2360 36
2305 36
2332 36
2301 35
2304 36
2423 37
2328 36
2340 36
2336 36
2375 37
2416 37
2521 39
2433 38
2329 36
2443 38
2298 35
2308 36
2451 38
2590 40
2451 38
2374 37
2322 36
2307 36
2361 36
2361 36
2381 37
2325 36
2322 36
2283 35
2311 36
2343 36
2528 39
2444 38
2374 37
2416 37
2287 35
2287 35
2402 37
2353 36
2412 37
2321 36
2280 35
2346 36
2304 36
2391 37
2329 36
2381 37
2325 36
2361 36
2374 37
2426 37
2255 35
2374 37
2314 36
2375 37
2374 37
2311 36
2363 36
2364 36
2255 35
2384 37
2360 36
2384 37
2307 36
2437 38
2402 37
2312 36
2444 38
2350 36
2325 36
2339 36
2412 37
2381 37
2395 37
2297 35
2395 37
2381 37
2308 36
2356 36
2434 38
2245 35
2427 37
2433 38
2434 38
2312 36
2326 36
2294 35
2301 35
2381 37
2315 36
2451 38
2385 37
2287 35
2262 35
2333 36
2389 37
2360 36
2364 36
2392 37
2361 36
2409 37
2381 37
2395 37
2329 36
2455 38
2328 36
2343 36
2395 37
2293 35
2301 35
2367 36
2308 36
2392 37
2322 36
2259 35
2312 36
2297 35
2335 36
2420 37
2329 36
2308 36
2347 36
2332 36
2374 37
2406 37
2308 36
2381 37
2430 37
2339 36
2419 37
2332 36
2388 37
2441 38
2388 37
2482 38
2510 39
2356 36
2301 35
2388 37
2426 37
2374 37
2360 36
2350 36
2343 36
2375 37
2329 36
2312 36
2339 36
2384 37
2350 36
2367 36
2311 36
2370 37
2357 36
2350 36
2427 37
2538 39
2336 36
2350 36
2465 38
2280 35
2343 36
2440 38
2298 35
2413 37
2377 37
2336 36
2342 36
2346 36
2360 36
2368 37
2346 36
2290 35
2346 36
2311 36
2314 36
2381 37
2357 36
2325 36
2329 36
2328 36
2360 36
2339 36
2458 38
2531 39
2238 34
2385 37
2364 36
2322 36
2374 37
2448 38
2311 36
2423 37
2448 38
2356 36
2440 38
2420 37
2346 36
2395 37
2350 36
2419 37
2329 36
2347 36
2252 35
2412 37
2493 38
2479 38
2430 37
2413 37
2409 37
2203 34
2346 36
2332 36
2318 36
2368 37
2336 36
2339 36
2416 37
2273 35
2374 37
2332 36
2297 35
2374 37
2413 37
2325 36
2377 37
2353 36
2326 36
2377 37
2280 35
2447 38
2371 37
2339 36
2441 38
2301 35
2280 35
2343 36
2328 36
2269 35
2308 36
2290 35
2374 37
2416 37
2395 37
2343 36
2353 36
2287 35
2370 37
2353 36
2660 41
2357 36
2339 36
2430 37
2405 37
2311 36
2335 36
2339 36
2343 36
2367 36
2336 36
2381 37
2440 38
2318 36
2357 36
2353 36
2671 41
2342 36
2405 37
2287 35
2329 36
2412 37
2335 36
2343 36
2402 37
2416 37
2447 38
2346 36
2363 36
2416 37
2346 36
2447 38
2336 36
2350 36
2472 38
2399 37
2269 35
2367 36
2308 36
2329 36
2360 36
2335 36
2363 36
2374 37
2678 41
2650 41
2287 35
2370 37
2336 36
2378 37
2276 35
2350 36
2350 36
2451 38
2336 36
2287 35
2291 35
2382 37
2412 37
2196 34
2482 38
2381 37
2409 37
2301 35
2340 36
2353 36
2294 35
2307 36
2308 36
2447 38
2433 38
2406 37
2395 37
2360 36
2329 36
2472 38
2374 37
2308 36
2381 37
2342 36
2321 36
2349 36
2437 38
2287 35
2287 35
2402 37
2294 35
2357 36
2377 37
2273 35
2304 36
2364 36
2420 37
2357 36
2241 35
2434 38
2329 36
2318 36
2318 36
2298 35
2301 35
2318 36
2318 36
2294 35
2398 37
2426 37
2308 36
2395 37
2325 36
2297 35
2298 35
2374 37
2318 36
2339 36
2399 37
2392 37
2286 35
2538 39
2311 36
2357 36
2297 35
2311 36
2343 36
2325 36
2385 37
2399 37
2388 37
2308 36
2308 36
2350 36
2371 37
2322 36
2461 38
2412 37
2304 36
2412 37
2307 36
2343 36
2325 36
2385 37
2322 36
2311 36
2325 36
2371 37
2315 36
2361 36
2314 36
2420 37
2486 38
2315 36
2297 35
2332 36
2349 36
2405 37
2371 37
2420 37
2322 36
2349 36
2381 37
2353 36
2402 37
2325 36
2444 38
2608 40
2301 35
2370 37
2339 36
2315 36
2413 37
2318 36
2360 36
2321 36
2297 35
2398 37
2290 35
2409 37
2315 36
2346 36
2298 35
2291 35
2357 36
2388 37
2263 35
2350 36
2294 35
2364 36
2332 36
2493 38
2402 37
2329 36
2416 37
2280 35
2297 35
2335 36
2300 35
2377 37
2318 36
2391 37
2277 35
2406 37
2363 36
2395 37
2399 37
2336 36
2325 36
2388 37
2350 36
3799 59
2333 36
2328 36
2391 37
2388 37
2367 36
2325 36
2483 38
2399 37
2406 37
2521 39
2252 35
2346 36
2305 36
2332 36
2297 35
2322 36
2388 37
2371 37
2311 36
2290 35
2364 36
2416 37
2273 35
2503 39
2346 36
2335 36
2385 37
2532 39
2433 38
2298 35
2308 36
2381 37
2388 37
2354 36
2305 36
2273 35
2360 36
2464 38
2301 35
2315 36
2389 37
2370 37
2304 36
2423 37
2469 38
2524 39
2483 38
2329 36
2308 36
2081 32
2346 36
2385 37
2224 34
2353 36
2301 35
2465 38
2329 36
2335 36
2402 37
2458 38
2465 38
2367 36
2210 34
2361 36
2321 36
2465 38
2403 37
2350 36
2406 37
2364 36
2378 37
2471 38
2332 36
2336 36
2343 36
2283 35
2545 39
2332 36
2339 36
2301 35
2402 37
2346 36
2308 36
