95370 26
98170 27
119355 33
119781 33
94839 26
108347 30
89012 24
96588 26
110089 30
97866 27
103204 28
102094 28
107649 30
115494 32
100289 27
108200 30
101794 28
105372 29
92674 25
104653 29
99322 27
92838 25
89180 24
91812 25
94281 26
97635 27
94378 26
89431 24
101092 28
87734 24
111154 31
91369 25
119980 33
91861 25
102555 28
98546 27
98983 27
99102 27
100732 28
100034 27
96497 26
91550 25
94082 26
82909 23
102957 28
85444 23
88339 24
85604 23
91086 25
85321 23
89151 24
86578 24
95031 26
94123 26
91689 25
92765 25
92290 25
86198 24
87605 24
92622 25
78378 21
93527 26
89326 24
100205 27
93272 26
95457 26
93798 26
86379 24
98180 27
109105 30
91913 25
93561 26
90622 25
86991 24
90764 25
93289 26
85632 23
86226 24
90199 25
86983 24
88702 24
80224 22
88746 24
78705 21
89162 24
81310 22
96847 27
90506 25
99790 27
108312 30
103358 28
97569 27
89651 25
93670 26
99343 27
93589 26
98910 27
90831 25
106695 29
83816 23
96550 26
90282 25
91016 25
87574 24
88778 24
89609 25
83677 23
88059 24
87078 24
92486 25
88768 24
97240 27
82585 23
92782 25
90716 25
84581 23
100666 28
90049 25
92245 25
95070 26
93701 26
92357 25
93648 26
94263 26
94497 26
100754 28
94895 26
96319 26
103669 28
103557 28
106549 29
97066 27
93097 25
91365 25
98250 27
111940 31
112844 31
92018 25
92112 25
94060 26
84176 23
91801 25
91610 25
90821 25
85339 23
91396 25
95659 26
90887 25
94968 26
98288 27
92011 25
86359 24
81439 22
91871 25
92611 25
108350 30
108358 30
100405 28
105250 29
97964 27
97422 27
111580 31
97863 27
112669 31
100271 27
91327 25
102746 28
99409 27
96047 26
88467 24
94884 26
90258 25
94343 26
84770 23
113193 31
87109 24
100719 28
88468 24
98504 27
90254 25
110916 30
85088 23
104667 29
85954 23
102024 28
139204 38
90409 25
86191 24
94786 26
84850 23
93635 26
90750 25
97314 27
95890 26
93181 25
100474 28
106867 29
92458 25
91452 25
103117 28
92842 25
95432 26
93226 26
92633 25
91546 25
101521 28
87860 24
98282 27
85814 23
94175 26
85769 23
93031 25
85227 23
91306 25
97660 27
92049 25
100397 28
100456 28
85165 23
85063 23
89431 24
96682 26
88376 24
84976 23
127846 35
90737 25
91732 25
80954 22
91194 25
87748 24
98421 27
86417 24
97799 27
96179 26
95827 26
93987 26
137824 38
90925 25
89665 25
98561 27
83932 23
96669 26
94110 26
91704 25
89832 25
94319 26
90230 25
102153 28
82790 23
112603 31
89518 24
98111 27
84788 23
99532 27
86006 23
97192 27
93896 26
88894 24
96305 26
87298 24
89417 24
92887 25
96281 26
92814 25
84560 23
87860 24
93686 26
89602 25
95492 26
91832 25
89501 24
90736 25
92451 25
95778 26
89630 25
95663 26
87748 24
95237 26
94056 26
98072 27
90712 25
92817 25
93638 26
112362 31
85039 23
100673 28
92434 25
92032 25
93990 26
95303 26
103201 28
93526 26
96277 26
93215 26
91167 25
88212 24
93282 26
87014 24
106731 29
92698 25
89309 24
89832 25
85719 23
93917 26
91738 25
100009 27
96878 27
94245 26
91163 25
92113 25
88785 24
100687 28
105858 29
98558 27
94406 26
90464 25
90394 25
100394 28
92332 25
81299 22
96298 26
88135 24
105749 29
94602 26
124079 34
87947 24
100216 27
88139 24
97084 27
84983 23
99661 27
134833 37
86334 24
89965 25
91986 25
100369 28
104293 29
92821 25
89704 25
108197 30
103162 28
103396 28
94912 26
144377 40
108832 30
90300 25
93976 26
96173 26
103218 28
98679 27
91316 25
105375 29
94427 26
112481 31
94936 26
110145 30
104230 29
102154 28
94297 26
94183 26
95625 26
98407 27
109719 30
112806 31
91218 25
106483 29
93799 26
96759 26
91421 25
95533 26
90045 25
93575 26
95492 26
87860 24
87752 24
98083 27
93966 26
92391 25
92279 25
138878 38
89102 24
97224 27
91630 25
98815 27
103889 28
90472 25
93764 26
90028 25
98645 27
92171 25
99618 27
95765 26
94682 26
107655 30
101151 28
97094 27
105558 29
98299 27
93649 26
109548 30
88866 24
93274 26
83699 23
91654 25
84693 23
104454 29
94123 26
96693 26
89040 24
91760 25
85922 23
269605 75
90534 25
91211 25
93781 26
93132 25
87141 24
96874 27
89805 25
94850 26
89113 24
99929 27
90604 25
101476 28
104842 29
87151 24
89923 25
93907 26
92622 25
93666 26
95719 26
98694 27
101441 28
90845 25
97150 27
91400 25
107750 30
84539 23
107146 29
91431 25
99011 27
88551 24
92038 25
93711 26
89721 25
97691 27
94587 26
106280 29
95429 26
94266 26
101088 28
91400 25
88880 24
103937 29
89462 24
84780 23
93167 25
88583 24
99881 27
86795 24
99179 27
93799 26
140052 39
93945 26
92406 25
90667 25
96727 26
88016 24
90300 25
95495 26
91673 25
88781 24
86274 24
87315 24
91888 25
102520 28
99458 27
91568 25
93421 26
108983 30
86509 24
101902 28
85475 23
112020 31
85583 23
95079 26
92943 25
91732 25
85853 23
89612 25
94633 26
96916 27
90580 25
89455 24
100114 27
106113 29
106064 29
96780 27
94137 26
94437 26
95349 26
108047 30
90701 25
97196 27
87577 24
100959 28
96578 26
104950 29
116112 32
86987 24
102904 28
99067 27
99301 27
94675 26
99004 27
94207 26
98701 27
91002 25
103323 28
91411 25
99940 27
96672 26
96441 26
97650 27
98945 27
94724 26
94288 26
85678 23
100439 28
244063 68
106377 29
107942 30
96581 26
128593 35
95754 26
103818 28
93890 26
85154 23
92112 25
103847 28
92011 25
89707 25
92999 25
114789 32
86955 24
89811 25
95716 26
94923 26
135384 37
89759 25
92346 25
90457 25
106612 29
90632 25
102059 28
100114 27
107299 29
99789 27
98683 27
101797 28
95834 26
112233 31
94501 26
104981 29
94417 26
104175 29
88861 24
106741 29
91041 25
115958 32
94581 26
100875 28
103477 28
99692 27
94532 26
100209 27
100544 28
148672 41
94591 26
96239 26
96906 27
114802 32
90486 25
103295 28
100345 27
105659 29
97297 27
115494 32
88844 24
97371 27
83692 23
105027 29
154510 43
97712 27
88502 24
132049 36
92967 25
85723 23
94622 26
99189 27
89501 24
90248 25
90307 25
84997 23
83331 23
87053 24
96406 26
93893 26
93770 26
135011 37
141162 39
91582 25
92698 25
104308 29
88799 24
99724 27
98211 27
100293 27
93320 26
98990 27
104283 29
85144 23
95719 26
87323 24
93265 26
90209 25
92863 25
90845 25
98110 27
95562 26
89054 24
98662 27
90507 25
96053 26
93407 26
96110 26
102848 28
245198 68
92504 25
95408 26
96808 27
100582 28
90628 25
107268 29
88227 24
97608 27
92405 25
98631 27
109946 30
94616 26
91338 25
101444 28
100568 28
92908 25
96560 26
98767 27
92814 25
112515 31
97485 27
113999 31
91850 25
108713 30
91763 25
105222 29
92067 25
103585 28
114415 31
93069 25
90377 25
96057 26
89507 24
98183 27
101573 28
99877 27
104471 29
88778 24
87780 24
88760 24
92462 25
93666 26
92538 25
92786 25
247788 69
94183 26
85119 23
82860 23
85880 23
88520 24
88090 24
99535 27
98159 27
94381 26
87605 24
82591 23
90363 25
107893 30
86174 24
92954 25
92730 25
96389 26
88237 24
98236 27
97118 27
95328 26
105281 29
89351 24
88558 24
93445 26
91676 25
100031 27
92123 25
86100 24
92521 25
84054 23
90831 25
96379 26
91962 25
91648 25
92322 25
94200 26
82619 23
93191 26
85157 23
96050 26
88984 24
107928 30
86362 24
90419 25
96930 27
134358 37
106967 29
92576 25
93443 26
89777 25
98414 27
94109 26
87706 24
97674 27
86693 24
98194 27
107816 30
98714 27
94675 26
95736 26
96410 26
96459 26
87591 24
92524 25
96204 26
93561 26
100205 27
95866 26
86027 24
88391 24
82846 23
97789 27
90789 25
91805 25
87012 24
87581 24
91292 25
84714 23
86781 24
92419 25
95398 26
91184 25
96927 27
89037 24
100516 28
87133 24
92144 25
88510 24
107414 29
94500 26
94954 26
92228 25
91034 25
97286 27
93393 26
87144 24
87822 24
87650 24
91393 25
75996 21
85109 23
87116 24
88729 24
227737 63
86781 24
92465 25
98456 27
88910 24
93107 25
91379 25
86358 24
95754 26
89424 24
99165 27
85730 23
88841 24
83708 23
109918 30
91480 25
90426 25
89200 24
88400 24
87507 24
89937 25
85335 23
95597 26
86383 24
103930 28
80870 22
94116 26
82354 22
98016 27
86833 24
93379 26
100268 27
90855 25
84529 23
86292 24
87409 24
83276 23
97894 27
85989 23
105683 29
85094 23
95572 26
86205 24
98453 27
89850 25
100938 28
93024 25
91033 25
92384 25
95768 26
94337 26
93166 25
87720 24
92772 25
89853 25
84400 23
93307 26
126826 35
100610 28
91400 25
100191 27
94543 26
92507 25
94472 26
97926 27
101385 28
88883 24
89333 24
95551 26
81991 22
85395 23
85664 23
85398 23
91966 25
89449 24
83021 23
142545 39
86799 24
89686 25
90185 25
86174 24
89536 24
91920 25
108430 30
96399 26
85874 23
84159 23
93718 26
93537 26
93149 25
82012 22
86589 24
89016 24
87046 24
86977 24
88642 24
90572 25
91795 25
89804 25
92091 25
90691 25
102153 28
141399 39
94483 26
91292 25
99608 27
85052 23
110571 30
82612 23
107173 29
89515 24
93453 26
88293 24
88121 24
93565 26
86024 24
103117 28
87319 24
101238 28
102478 28
91986 25
97339 27
137224 38
98397 27
98714 27
104716 29
111824 31
110738 30
94005 26
218830 61
96763 26
99720 27
100411 28
109715 30
91986 25
113224 31
96445 26
237837 66
111594 31
108574 30
94811 26
143757 40
92182 25
96372 26
97625 27
89315 24
91215 25
91445 25
141678 39
84392 23
90311 25
94703 26
98026 27
90328 25
116779 32
88740 24
110100 30
90719 25
107816 30
141036 39
105051 29
93501 26
97992 27
100907 28
98469 27
103850 28
102887 28
108843 30
98798 27
98571 27
99315 27
89235 24
92402 25
90768 25
93700 26
100855 28
93271 26
89965 25
101476 28
99972 27
96417 26
98965 27
93830 26
115302 32
91724 25
94040 26
95985 26
89864 25
82710 23
100484 28
85639 23
87298 24
87818 24
96959 27
100338 27
92039 25
96214 26
107450 29
92775 25
93362 26
92231 25
88655 24
100250 27
99011 27
111304 31
96811 27
97325 27
98316 27
99678 27
94528 26
115727 32
93795 26
97279 27
