1892 59
1938 60
5415 169
1902 59
1934 60
1868 58
1913 59
1885 58
2021 63
1864 58
2060 64
1917 59
2028 63
1885 58
1899 59
1935 60
1945 60
1885 58
1885 58
1920 60
1900 59
1951 60
1935 60
1872 58
1924 60
1896 59
1924 60
1941 60
1928 60
1886 58
1952 61
1857 58
1889 59
1864 58
1976 61
1896 59
1906 59
1966 61
1913 59
1893 59
1902 59
1899 59
1899 59
1944 60
1952 61
1931 60
1976 61
1952 61
1868 58
1888 59
1955 61
1952 61
1882 58
1886 58
1830 57
2000 62
2001 62
1913 59
2053 64
1889 59
3153 98
1837 57
1881 58
1896 59
1948 60
1914 59
1924 60
1934 60
2008 62
1882 58
1843 57
1930 60
1942 60
131107 4097
1889 59
1851 57
1917 59
1871 58
1913 59
1993 62
1833 57
1854 57
1928 60
1892 59
1854 57
1917 59
1850 57
1888 59
1868 58
1973 61
1903 59
1907 59
1847 57
1875 58
1879 58
1868 58
1854 57
1973 61
1871 58
1906 59
1854 57
1909 59
1875 58
1921 60
1881 58
1917 59
1952 61
1917 59
1973 61
1945 60
1931 60
1945 60
1976 61
1896 59
1944 60
2081 65
1903 59
1948 60
1858 58
1920 60
1931 60
1875 58
1903 59
1980 61
1899 59
1959 61
1980 61
1896 59
1861 58
1916 59
2029 63
1909 59
1865 58
2008 62
1934 60
1934 60
1823 56
1959 61
1917 59
1927 60
1934 60
1864 58
1924 60
1861 58
1886 58
1959 61
1976 61
1896 59
1955 61
2025 63
1896 59
1867 58
1910 59
1955 61
1910 59
1899 59
1955 61
1892 59
1997 62
1879 58
1962 61
1878 58
1927 60
1854 57
1899 59
1921 60
1914 59
1896 59
1882 58
2001 62
1924 60
2168 67
1889 59
1913 59
2119 66
1924 60
1924 60
1875 58
1861 58
1896 59
1906 59
1896 59
1847 57
1875 58
1896 59
1875 58
1921 60
1906 59
1916 59
1920 60
1801 56
1805 56
1839 57
1847 57
2032 63
1931 60
1885 58
1836 57
1931 60
1875 58
2123 66
1878 58
1899 59
1934 60
1945 60
1909 59
1952 61
1881 58
1923 60
1878 58
1994 62
2032 63
1955 61
1903 59
1854 57
1979 61
1970 61
1854 57
1902 59
1857 58
1878 58
2035 63
1914 59
1854 57
1941 60
1938 60
1948 60
1924 60
1938 60
2042 63
1945 60
1889 59
2095 65
1875 58
1739 54
1980 61
1903 59
1909 59
1970 61
1868 58
1896 59
1941 60
2081 65
1958 61
1885 58
1924 60
1935 60
1938 60
1906 59
1920 60
1983 61
1868 58
1938 60
1854 57
1878 58
1962 61
1903 59
1910 59
2032 63
1906 59
1914 59
1935 60
1955 61
1892 59
1854 57
1906 59
1948 60
1923 60
1930 60
1903 59
1927 60
1902 59
1927 60
1948 60
1941 60
1980 61
1882 58
2036 63
1892 59
1986 62
1829 57
1934 60
1930 60
1927 60
1927 60
1924 60
1952 61
1976 61
1865 58
1948 60
1864 58
1980 61
1966 61
1910 59
1962 61
1872 58
1892 59
1907 59
1846 57
2007 62
1920 60
1895 59
1941 60
2018 63
1885 58
1927 60
2050 64
1910 59
1857 58
1917 59
1955 61
1948 60
1983 61
1955 61
1889 59
1868 58
1924 60
1913 59
1910 59
1935 60
1927 60
1906 59
1885 58
1921 60
1955 61
1850 57
1872 58
2157 67
1888 59
1962 61
1931 60
1892 59
1927 60
1833 57
1889 59
1920 60
1938 60
1945 60
1907 59
1892 59
1920 60
1913 59
1892 59
1934 60
1886 58
1923 60
1840 57
1969 61
1882 58
2147 67
1879 58
2039 63
2053 64
1941 60
1784 55
1997 62
1920 60
1980 61
1857 58
1885 58
1850 57
1903 59
1914 59
1847 57
1851 57
1969 61
1914 59
1969 61
1903 59
1802 56
1966 61
1871 58
2099 65
5593 174
1889 59
5496 171
1948 60
1927 60
1875 58
1871 58
1917 59
1868 58
1851 57
1906 59
1902 59
1899 59
1945 60
2022 63
2119 66
1958 61
1916 59
2011 62
1847 57
1896 59
1833 57
1934 60
2361 73
2018 63
1927 60
1914 59
1896 59
1913 59
1944 60
1913 59
1966 61
1986 62
1899 59
1802 56
2029 63
1910 59
1962 61
1955 61
2021 63
1938 60
1941 60
1979 61
1875 58
1910 59
1997 62
1896 59
1924 60
1920 60
1903 59
1952 61
1840 57
1963 61
2067 64
1931 60
1969 61
1938 60
1892 59
1980 61
1941 60
1938 60
1969 61
1886 58
1885 58
1924 60
1917 59
1910 59
2004 62
1756 54
1937 60
1906 59
1847 57
1892 59
1924 60
1913 59
1914 59
1935 60
1867 58
1910 59
1910 59
1889 59
1956 61
1910 59
1885 58
1902 59
1973 61
1952 61
1924 60
1871 58
1959 61
1896 59
1868 58
1941 60
1819 56
1888 59
1917 59
1902 59
1955 61
1983 61
1986 62
1871 58
1948 60
1889 59
1854 57
1910 59
1844 57
1928 60
1854 57
1889 59
1917 59
1910 59
1871 58
1966 61
1875 58
2014 62
1906 59
1973 61
1921 60
1942 60
1864 58
1847 57
1924 60
1861 58
1942 60
1948 60
1906 59
1896 59
2000 62
1924 60
1928 60
1949 60
1889 59
1865 58
1928 60
1885 58
1885 58
1881 58
1983 61
1980 61
1993 62
1857 58
1959 61
1853 57
1902 59
1993 62
1833 57
1899 59
1861 58
1843 57
1916 59
1864 58
1878 58
1914 59
1916 59
1902 59
1963 61
1903 59
1903 59
1861 58
1906 59
1861 58
1875 58
1896 59
1907 59
1893 59
2130 66
1927 60
1861 58
1903 59
2022 63
1920 60
2127 66
1868 58
1955 61
1903 59
1937 60
1881 58
2015 62
1878 58
1930 60
1868 58
1896 59
1934 60
1847 57
1931 60
1949 60
1920 60
1875 58
1913 59
2011 62
1958 61
2007 62
1941 60
1868 58
1903 59
1920 60
2022 63
1874 58
1945 60
1934 60
1906 59
1889 59
1840 57
2011 62
1899 59
1920 60
1920 60
1941 60
1941 60
1962 61
1885 58
1871 58
1871 58
2116 66
1955 61
1928 60
2018 63
1924 60
1896 59
1895 59
1966 61
1878 58
1867 58
1927 60
1906 59
1980 61
1840 57
1924 60
1937 60
1864 58
2039 63
1921 60
1871 58
1913 59
1913 59
1934 60
1882 58
1888 59
1948 60
1799 56
1910 59
1892 59
1930 60
1899 59
1853 57
1879 58
1721 53
1875 58
1931 60
1878 58
1865 58
1854 57
1889 59
1830 57
1937 60
1966 61
1976 61
1861 58
1823 56
2130 66
1868 58
1949 60
2000 62
2025 63
1899 59
1902 59
1871 58
1952 61
1909 59
1990 62
2021 63
2112 66
1927 60
1948 60
1899 59
2004 62
1959 61
1921 60
1854 57
1952 61
1847 57
1955 61
2004 62
1920 60
1986 62
1938 60
1952 61
1840 57
1902 59
1893 59
1886 58
1987 62
1983 61
1868 58
1923 60
1865 58
1879 58
1893 59
1864 58
1906 59
1868 58
1836 57
1906 59
1857 58
1853 57
1868 58
1997 62
1976 61
1896 59
2046 63
1843 57
1938 60
1969 61
1942 60
1913 59
1952 61
1854 57
1885 58
1861 58
1948 60
1851 57
1930 60
1874 58
1923 60
1889 59
1944 60
1987 62
1931 60
1882 58
1920 60
1962 61
1976 61
1879 58
1934 60
1938 60
1924 60
1913 59
1941 60
1840 57
1885 58
1920 60
1934 60
1875 58
1942 60
1955 61
1937 60
1861 58
1823 56
1840 57
1976 61
1931 60
1927 60
1888 59
1896 59
1885 58
2000 62
1917 59
1917 59
1875 58
1955 61
1965 61
1972 61
1867 58
1917 59
1959 61
1865 58
1927 60
1994 62
1864 58
1871 58
1851 57
1882 58
1882 58
1878 58
1881 58
1889 59
1892 59
1885 58
1931 60
1840 57
1882 58
1886 58
1913 59
2102 65
1885 58
1896 59
1983 61
1910 59
1983 61
1945 60
1928 60
1976 61
1923 60
1896 59
1951 60
1840 57
1896 59
1976 61
1959 61
1923 60
1896 59
1847 57
1924 60
2123 66
1913 59
1896 59
1949 60
1927 60
1921 60
1969 61
1847 57
1917 59
1920 60
1895 59
1962 61
1941 60
1948 60
1899 59
1889 59
2004 62
1927 60
1909 59
1952 61
1871 58
1962 61
1885 58
1916 59
1833 57
1900 59
1948 60
1868 58
1990 62
1910 59
1886 58
1903 59
2018 63
1990 62
1854 57
1917 59
2074 64
1980 61
2032 63
1882 58
1892 59
1913 59
1875 58
2095 65
1892 59
1997 62
1914 59
1826 57
1920 60
1889 59
1920 60
1903 59
1941 60
1924 60
1847 57
1872 58
1956 61
1861 58
1903 59
1851 57
1956 61
1819 56
1899 59
1959 61
1826 57
1903 59
1868 58
1902 59
1861 58
1853 57
1965 61
1836 57
1966 61
1903 59
2004 62
1878 58
1952 61
1958 61
1948 60
1903 59
1948 60
1927 60
1906 59
1875 58
1924 60
1906 59
1840 57
1965 61
1854 57
1938 60
1951 60
1951 60
1878 58
1958 61
1927 60
1962 61
1948 60
1927 60
1861 58
1990 62
1976 61
1882 58
1931 60
1903 59
1935 60
1896 59
1927 60
1924 60
1903 59
1951 60
1854 57
1910 59
1942 60
1927 60
1875 58
1937 60
2136 66
1920 60
1983 61
1973 61
1927 60
1924 60
2189 68
1882 58
1959 61
1878 58
1850 57
1868 58
1948 60
1956 61
1959 61
1795 56
1990 62
1948 60
1882 58
1900 59
1872 58
1819 56
1885 58
1921 60
1958 61
1864 58
1972 61
1941 60
1889 59
1920 60
1910 59
1962 61
1927 60
1941 60
1976 61
1952 61
1993 62
1907 59
1917 59
2126 66
1865 58
1900 59
1920 60
1917 59
1902 59
1980 61
1938 60
1889 59
2018 63
2116 66
2011 62
1892 59
2028 63
1934 60
1973 61
1808 56
1878 58
1875 58
1850 57
2078 64
1896 59
1882 58
1878 58
1948 60
1861 58
1889 59
1972 61
1990 62
1980 61
1910 59
1931 60
1938 60
1910 59
1934 60
2094 65
1881 58
1892 59
1878 58
1965 61
1941 60
1966 61
1917 59
1969 61
1942 60
1944 60
1892 59
1934 60
1840 57
1889 59
1875 58
1882 58
1868 58
1934 60
1871 58
1948 60
1868 58
1861 58
1909 59
1924 60
1895 59
1871 58
1924 60
1878 58
1941 60
1994 62
1976 61
1959 61
1937 60
