3243 25
3205 25
3292 25
3205 25
3212 25
3317 25
3208 25
3310 25
3180 24
3243 25
3260 25
3293 25
3303 25
3282 25
3596 28
3149 24
3177 24
3230 25
3355 26
3198 24
3254 25
3394 26
3205 25
3316 25
3166 24
3191 24
3202 25
3198 24
3275 25
3296 25
3212 25
3184 24
3265 25
3257 25
3278 25
3251 25
3278 25
3163 24
3251 25
3164 24
3324 25
3212 25
3331 26
3310 25
3246 25
3383 26
3355 26
3233 25
3138 24
3198 24
3205 25
3216 25
3345 26
3198 24
3230 25
3170 24
3177 24
3237 25
3233 25
3358 26
3292 25
3163 24
3254 25
3253 25
3135 24
3261 25
3282 25
3223 25
3324 25
3230 25
3219 25
3237 25
3292 25
3222 25
3261 25
3194 24
3132 24
3226 25
3271 25
3132 24
3391 26
3226 25
3191 24
3208 25
3260 25
3244 25
3261 25
3184 24
3316 25
3247 25
3212 25
3212 25
3264 25
3310 25
3149 24
3215 25
3222 25
3212 25
3275 25
3223 25
3247 25
3344 26
3177 24
3237 25
3306 25
3230 25
3247 25
3258 25
3239 25
3195 24
3387 26
3115 24
3187 24
3156 24
3219 25
3198 24
3223 25
3195 24
3170 24
3170 24
3185 24
3152 24
3261 25
3348 26
3317 25
3268 25
3366 26
3373 26
3219 25
3187 24
3324 25
3192 24
3191 24
3226 25
3278 25
3205 25
3198 24
3313 25
3184 24
3363 26
3299 25
3250 25
3268 25
3212 25
3275 25
9667 75
3257 25
3254 25
3174 24
3303 25
3327 25
3306 25
3296 25
3250 25
3302 25
3191 24
3264 25
3351 26
3271 25
3202 25
3247 25
2947 23
3121 24
3272 25
3243 25
3230 25
3282 25
3342 26
3219 25
3264 25
3233 25
3104 24
3292 25
3205 25
3258 25
3244 25
3223 25
3295 25
3166 24
3226 25
3254 25
3250 25
3187 24
3198 24
3166 24
3306 25
3244 25
3265 25
3250 25
3268 25
3222 25
3181 24
3306 25
3247 25
3240 25
3181 24
3327 25
3324 25
3369 26
3219 25
3195 24
3184 24
3281 25
3324 25
3300 25
3264 25
3244 25
3240 25
3209 25
3341 26
3191 24
3271 25
3212 25
3338 26
3181 24
3240 25
3251 25
3236 25
3152 24
3212 25
3250 25
3306 25
3369 26
3226 25
3265 25
3303 25
3226 25
3292 25
3205 25
3156 24
3173 24
3288 25
3247 25
3177 24
3310 25
3267 25
3257 25
3205 25
3223 25
3257 25
3209 25
3206 25
3212 25
3219 25
3177 24
3293 25
3279 25
3404 26
3324 25
3253 25
3250 25
3316 25
3201 25
3275 25
3212 25
3205 25
3209 25
3317 25
3359 26
3209 25
3293 25
3365 26
3289 25
3177 24
3188 24
3373 26
3216 25
3303 25
3226 25
3215 25
3163 24
3268 25
3289 25
3226 25
3174 24
3184 24
3181 24
3244 25
3243 25
3206 25
3240 25
3236 25
3342 26
3314 25
3226 25
3247 25
3282 25
3366 26
3352 26
3184 24
3230 25
3351 26
3369 26
3195 24
3216 25
3418 26
3383 26
3310 25
3174 24
3251 25
3205 25
3229 25
3243 25
3219 25
3289 25
3247 25
3167 24
3229 25
3299 25
3198 24
3306 25
3222 25
3222 25
3281 25
3257 25
3289 25
3303 25
3254 25
3170 24
3198 24
3285 25
3288 25
3237 25
3163 24
3268 25
3188 24
3222 25
3317 25
3233 25
3275 25
3208 25
3317 25
3208 25
3313 25
3174 24
3251 25
3271 25
3208 25
3212 25
3261 25
3268 25
3952 30
3251 25
3261 25
3348 26
3185 24
3195 24
3299 25
3247 25
3289 25
3187 24
3226 25
3195 24
3243 25
3387 26
3352 26
3530 27
3254 25
3198 24
3243 25
3331 26
3226 25
3160 24
3160 24
3226 25
3327 25
3149 24
3253 25
3184 24
3275 25
3216 25
3397 26
3265 25
3205 25
3306 25
3264 25
3572 27
3247 25
3184 24
3289 25
3104 24
3195 24
3265 25
3244 25
3177 24
3362 26
3257 25
3275 25
3310 25
3219 25
3208 25
3166 24
3330 26
3282 25
3223 25
3226 25
3261 25
3226 25
3307 25
3188 24
3216 25
3233 25
3271 25
3240 25
3278 25
3212 25
3194 24
3202 25
3229 25
3177 24
3209 25
3177 24
3240 25
3243 25
3223 25
3229 25
3138 24
3180 24
3261 25
3202 25
3243 25
3296 25
3286 25
3540 27
3330 26
3198 24
3317 25
3292 25
3268 25
3289 25
3202 25
3253 25
3201 25
3208 25
3306 25
3334 26
3244 25
3212 25
3313 25
3247 25
3355 26
3199 24
3282 25
3222 25
3177 24
3240 25
3271 25
3184 24
3198 24
3271 25
3181 24
3212 25
3247 25
3289 25
3327 25
3230 25
3188 24
3288 25
3516 27
3397 26
3198 24
3358 26
3236 25
3145 24
3265 25
3369 26
3247 25
3306 25
3160 24
3205 25
3153 24
3205 25
3230 25
3258 25
3191 24
3157 24
3303 25
3268 25
3285 25
3408 26
3261 25
3278 25
3212 25
3306 25
3205 25
3334 26
3136 24
3223 25
3306 25
3313 25
3219 25
3309 25
3145 24
3279 25
3233 25
3202 25
3254 25
3334 26
3282 25
3181 24
3233 25
3288 25
3240 25
3194 24
3251 25
3226 25
3362 26
3327 25
3268 25
3222 25
3251 25
3240 25
3286 25
3261 25
3516 27
3296 25
3240 25
3561 27
3202 25
3254 25
3215 25
3327 25
3202 25
3324 25
3240 25
3191 24
3261 25
3198 24
3314 25
3253 25
3226 25
3174 24
3471 27
3174 24
3152 24
3222 25
3338 26
3243 25
3453 26
3128 24
2923 22
2891 22
2922 22
2870 22
2992 23
2915 22
2888 22
2974 23
2866 22
3010 23
2988 23
3003 23
2936 22
2818 22
3002 23
3059 23
2965 23
2884 22
2923 22
2912 22
3010 23
2912 22
2908 22
2915 22
3052 23
3100 24
2852 22
2835 22
3051 23
2880 22
2898 22
2866 22
2943 22
2852 22
2880 22
2866 22
3115 24
2876 22
2992 23
4518 35
2912 22
2929 22
2880 22
2978 23
3006 23
2978 23
3055 23
2930 22
2842 22
2867 22
2898 22
2891 22
2937 22
2988 23
2870 22
3066 23
2894 22
3090 24
2957 23
2975 23
2874 22
3076 24
2967 23
2926 22
2887 22
2863 22
2943 22
2930 22
2853 22
2999 23
2999 23
2863 22
3170 24
2863 22
2950 23
2971 23
2898 22
2968 23
3020 23
2940 22
2947 23
2911 22
2986 23
2929 22
2925 22
3122 24
2866 22
3076 24
2895 22
3149 24
2988 23
2912 22
2880 22
2828 22
2842 22
2853 22
2946 23
2939 22
2919 22
2831 22
2845 22
2915 22
2898 22
2912 22
2873 22
2933 22
2925 22
2915 22
3163 24
3087 24
2929 22
3013 23
2824 22
2940 22
2744 21
2884 22
2890 22
3062 23
3075 24
3391 26
2863 22
3006 23
2838 22
2936 22
2880 22
2915 22
2964 23
3034 23
2867 22
2985 23
2866 22
2800 21
2859 22
2849 22
2825 22
2929 22
2811 21
2898 22
2884 22
2975 23
2831 22
3020 23
2937 22
2867 22
2933 22
2937 22
2835 22
2870 22
3128 24
2898 22
2891 22
3023 23
2849 22
2968 23
2943 22
3031 23
2884 22
3020 23
2964 23
2929 22
2933 22
3135 24
2839 22
3121 24
3027 23
3086 24
2911 22
2894 22
2943 22
2936 22
2951 23
2999 23
2877 22
2943 22
2849 22
2908 22
2929 22
2855 22
2884 22
2961 23
2901 22
2867 22
2957 23
2964 23
2855 22
2863 22
2880 22
2915 22
2996 23
3149 24
2918 22
2842 22
2841 22
3051 23
2922 22
2887 22
2978 23
2926 22
3076 24
2859 22
3069 23
2902 22
3170 24
2905 22
2894 22
2964 23
2957 23
2884 22
3076 24
2860 22
2888 22
2888 22
2908 22
3055 23
2964 23
2915 22
2954 23
3013 23
2912 22
2909 22
2874 22
2877 22
2954 23
2852 22
2971 23
2852 22
2912 22
2897 22
2846 22
2923 22
2870 22
2950 23
2835 22
2950 23
3268 25
2898 22
2954 23
2915 22
2915 22
2922 22
3034 23
3118 24
2821 22
2919 22
3111 24
2975 23
2943 22
2915 22
2877 22
2937 22
2992 23
2961 23
2929 22
2831 22
2891 22
2856 22
2985 23
2838 22
2968 23
2887 22
2874 22
2859 22
3023 23
2866 22
2877 22
2930 22
2926 22
3031 23
3219 25
3044 23
2852 22
2968 23
2940 22
2881 22
2954 23
2869 22
2870 22
2915 22
2911 22
2884 22
2971 23
3149 24
3002 23
2919 22
2901 22
2929 22
2993 23
2940 22
2933 22
3069 23
3006 23
2881 22
2951 23
2860 22
2975 23
2908 22
2852 22
3083 24
3093 24
3180 24
2933 22
2975 23
2940 22
2779 21
3258 25
2929 22
3031 23
2925 22
2964 23
2856 22
2964 23
2842 22
3073 24
2880 22
3059 23
2835 22
2825 22
2895 22
2897 22
2912 22
2947 23
2862 22
2901 22
3080 24
2957 23
3066 23
2909 22
2950 23
2911 22
2929 22
2838 22
2905 22
2863 22
2849 22
2912 22
3048 23
2810 21
2940 22
2964 23
2866 22
2926 22
2926 22
2835 22
3087 24
3020 23
2856 22
2926 22
2817 22
2898 22
2905 22
3212 25
2908 22
2918 22
2978 23
2957 23
2909 22
2824 22
2895 22
2849 22
2863 22
2930 22
2971 23
2877 22
2905 22
2863 22
2887 22
2888 22
2842 22
2964 23
2867 22
2797 21
3107 24
2859 22
2824 22
2870 22
2898 22
2936 22
2929 22
2988 23
2890 22
3037 23
2929 22
2964 23
2919 22
2866 22
2786 21
3055 23
2968 23
2988 23
2912 22
2912 22
2930 22
2989 23
2923 22
2915 22
3177 24
2926 22
3002 23
2849 22
2890 22
3166 24
2922 22
2957 23
3132 24
2853 22
3083 24
3107 24
2954 23
2898 22
2953 23
2884 22
2877 22
2932 22
2957 23
2929 22
2883 22
2873 22
2898 22
2999 23
3073 24
2950 23
2842 22
3013 23
3163 24
2898 22
2908 22
2964 23
2989 23
2884 22
2947 23
2985 23
2926 22
2873 22
2947 23
2828 22
2961 23
2926 22
3041 23
3031 23
2891 22
3111 24
3118 24
2961 23
2957 23
2922 22
3062 23
2874 22
3094 24
3006 23
2911 22
2905 22
2947 23
3065 23
2926 22
3006 23
2835 22
2905 22
2912 22
2996 23
2849 22
