42183 20
42001 20
42269 20
44270 21
44341 21
42001 20
42099 20
44176 21
45894 22
42528 20
41889 20
42721 20
42098 20
42399 20
42061 20
42874 20
41959 20
43726 21
41952 20
42542 20
41969 20
42461 20
49445 24
42123 20
48159 23
41749 20
42856 20
41997 20
44777 21
44399 21
42029 20
42364 20
42189 20
41854 20
42668 20
42042 20
42703 20
41966 20
42109 20
44093 21
45237 22
42476 20
44326 21
42036 20
42025 20
42130 20
41928 20
44546 21
42162 20
42245 20
42598 20
41910 20
41861 20
41746 20
41805 20
42126 20
44231 21
42005 20
44791 21
42134 20
42207 20
45266 22
42472 20
45381 22
51099 24
52908 25
41938 20
42920 20
42346 20
45083 22
42116 20
41879 20
49228 24
42210 20
42559 20
43911 21
44197 21
49420 24
42105 20
42563 20
42347 20
43617 21
44141 21
44295 21
47193 23
42098 20
44393 21
42392 20
44693 21
49738 24
42410 20
49473 24
41903 20
44550 21
42004 20
42151 20
41649 20
50003 24
44190 21
42458 20
43296 21
44512 21
42724 20
41977 20
47612 23
41980 20
42120 20
42053 20
41966 20
42032 20
42234 20
42036 20
45618 22
43624 21
42133 20
44839 21
43101 21
44263 21
42203 20
42982 20
42015 20
42647 20
41868 20
46019 22
41871 20
42169 20
42154 20
41893 20
44742 21
42127 20
43262 21
42832 20
42385 20
43234 21
42105 20
41823 20
41575 20
42165 20
42074 20
42214 20
42427 20
41917 20
43042 21
41924 20
42033 20
45737 22
41962 20
42277 20
49791 24
42361 20
42888 20
42566 20
44264 21
86523 42
42402 20
41893 20
44860 21
44532 21
42880 20
42063 20
42033 20
42105 20
42364 20
42437 20
42322 20
41819 20
43212 21
41830 20
51064 24
42514 20
42081 20
42033 20
42182 20
44064 21
41927 20
42370 20
42015 20
42651 20
42019 20
47668 23
42047 20
41921 20
44245 21
45422 22
41865 20
41952 20
42085 20
44232 21
41963 20
41823 20
42235 20
41977 20
41914 20
42026 20
46791 22
42105 20
42036 20
41920 20
44351 21
43698 21
42193 20
41477 20
44256 21
41952 20
42011 20
44085 21
42239 20
42570 20
42769 20
42640 20
41987 20
42985 20
42517 20
42577 20
48145 23
45719 22
41920 20
42433 20
42305 20
43038 21
41956 20
41955 20
42378 20
41969 20
42053 20
42130 20
41980 20
42567 20
42096 20
42518 20
44403 21
44630 21
42008 20
43652 21
41970 20
42214 20
41816 20
42144 20
41997 20
44238 21
43673 21
43042 21
42295 20
42033 20
84857 41
42472 20
42161 20
41987 20
44463 21
41956 20
42218 20
42137 20
41955 20
42172 20
41844 20
83387 40
43935 21
42196 20
42563 20
42396 20
44815 21
42088 20
48516 23
174787 85
41889 20
42029 20
42060 20
41837 20
45109 22
42472 20
42193 20
42350 20
42088 20
42497 20
42256 20
41984 20
42088 20
42476 20
42123 20
42871 20
43111 21
182374 89
41997 20
42710 20
42650 20
41997 20
44654 21
41896 20
41889 20
42119 20
41987 20
42189 20
41721 20
43656 21
42182 20
42096 20
42668 20
44096 21
44368 21
42731 20
41973 20
44417 21
42563 20
42521 20
42025 20
42346 20
45419 22
43369 21
42172 20
45674 22
47443 23
42001 20
41802 20
42451 20
42067 20
42008 20
41910 20
49934 24
42088 20
42224 20
41921 20
52161 25
42995 20
43900 21
41907 20
41861 20
44456 21
41900 20
42206 20
42605 20
42022 20
44842 21
42298 20
42064 20
42004 20
46400 22
42158 20
44564 21
41956 20
42288 20
43348 21
42280 20
42636 20
43718 21
42385 20
42455 20
42322 20
41963 20
42374 20
42406 20
41864 20
41938 20
41823 20
41843 20
41896 20
42158 20
42448 20
41973 20
41984 20
41823 20
42022 20
42036 20
42413 20
42078 20
50541 24
42364 20
41924 20
43540 21
42026 20
42329 20
41878 20
42413 20
44455 21
42241 20
42639 20
43467 21
41767 20
42297 20
42490 20
54636 26
42182 20
42598 20
42165 20
41896 20
48122 23
41889 20
42489 20
41921 20
42155 20
42155 20
42099 20
41976 20
49005 23
42591 20
49503 24
42043 20
52556 25
41735 20
42591 20
42130 20
41871 20
44375 21
42147 20
41917 20
42298 20
42364 20
42190 20
42591 20
43418 21
42779 20
42650 20
41980 20
41813 20
42734 20
42469 20
42455 20
43069 21
41878 20
43551 21
42061 20
42483 20
42032 20
42692 20
42165 20
42322 20
41882 20
42905 20
43694 21
45433 22
42161 20
49207 24
42112 20
42507 20
43233 21
42734 20
44599 21
42074 20
48498 23
42451 20
44274 21
41830 20
42619 20
42430 20
42179 20
48617 23
48108 23
48390 23
42109 20
42141 20
52273 25
42225 20
44001 21
42133 20
41871 20
41917 20
41945 20
44441 21
43862 21
42165 20
42039 20
42008 20
41966 20
42986 20
41931 20
42046 20
42560 20
48048 23
48306 23
48355 23
42008 20
49574 24
85842 41
41973 20
41963 20
44766 21
42626 20
46006 22
42972 20
42144 20
42147 20
42979 20
42417 20
42172 20
42654 20
42657 20
42381 20
42312 20
46704 22
42842 20
41910 20
42081 20
42011 20
42015 20
42643 20
42005 20
42185 20
48457 23
41945 20
49165 24
42057 20
42441 20
44515 21
41890 20
42944 20
42039 20
43809 21
41799 20
48205 23
42479 20
45782 22
42253 20
41851 20
42836 20
41980 20
44518 21
42036 20
42210 20
44630 21
43006 20
42169 20
48111 23
42137 20
42112 20
42776 20
42102 20
42329 20
42954 20
48872 23
42640 20
45590 22
42116 20
42172 20
41844 20
44005 21
42413 20
48506 23
43206 21
42273 20
41659 20
42200 20
44228 21
44225 21
42092 20
42776 20
42060 20
42378 20
51029 24
42109 20
49738 24
42503 20
42790 20
55373 27
44050 21
42057 20
42078 20
43338 21
43164 21
41913 20
48690 23
42745 20
42476 20
42863 20
44382 21
42695 20
42175 20
42594 20
42825 20
42521 20
41886 20
48934 23
44378 21
42322 20
42200 20
42385 20
42004 20
44291 21
41942 20
42270 20
41781 20
47932 23
43320 21
43618 21
42262 20
42235 20
47964 23
42336 20
47814 23
42427 20
42270 20
48820 23
42183 20
42203 20
42120 20
42539 20
42182 20
41987 20
48910 23
42112 20
44326 21
44141 21
42179 20
44208 21
42120 20
41983 20
44832 21
42106 20
42200 20
42909 20
42092 20
42434 20
42577 20
44323 21
42137 20
45004 21
41956 20
42085 20
42008 20
41948 20
42566 20
41973 20
41938 20
42067 20
42144 20
42036 20
42025 20
50834 24
41973 20
41907 20
44609 21
41780 20
43530 21
42148 20
41899 20
44382 21
42626 20
45467 22
42165 20
43942 21
50388 24
44015 21
42084 20
41871 20
41809 20
41743 20
41802 20
41931 20
42877 20
41959 20
42200 20
42165 20
43254 21
42046 20
41812 20
42741 20
41834 20
41941 20
42063 20
44941 21
41959 20
44521 21
42525 20
42218 20
51941 25
43931 21
41966 20
43125 21
42008 20
48603 23
42252 20
42619 20
42765 20
42427 20
42277 20
42539 20
41837 20
41966 20
42559 20
42612 20
41882 20
42095 20
42308 20
44120 21
42552 20
44881 21
42245 20
42256 20
41854 20
42476 20
42326 20
42891 20
42333 20
42140 20
45517 22
48334 23
42137 20
41977 20
42224 20
42567 20
42765 20
42283 20
43561 21
42074 20
42702 20
42228 20
42301 20
44578 21
42476 20
42259 20
42263 20
42755 20
44654 21
41977 20
41847 20
42695 20
42039 20
42322 20
42018 20
41994 20
41882 20
48226 23
42392 20
42004 20
42553 20
42923 20
43240 21
42391 20
43827 21
42291 20
45307 22
42168 20
43325 21
41798 20
42566 20
42609 20
47828 23
42982 20
42207 20
41925 20
42528 20
50998 24
42211 20
44022 21
41864 20
41882 20
46889 22
43879 21
41935 20
42238 20
50684 24
44322 21
41966 20
42144 20
42287 20
48314 23
42057 20
42487 20
41949 20
43974 21
43799 21
42064 20
42148 20
42371 20
42283 20
42682 20
42280 20
42057 20
42099 20
42580 20
43471 21
42266 20
42060 20
51095 24
42270 20
44724 21
42175 20
42287 20
41788 20
42535 20
44263 21
41955 20
42092 20
42175 20
42007 20
42629 20
42112 20
43188 21
41862 20
42591 20
48362 23
42043 20
48694 23
41879 20
50167 24
42112 20
49532 24
42867 20
43785 21
42549 20
41959 20
43063 21
43013 21
44253 21
62345 30
41991 20
43066 21
43544 21
42234 20
41858 20
41938 20
42144 20
41805 20
41976 20
41931 20
42217 20
42186 20
42497 20
41830 20
43261 21
42137 20
45876 22
42877 20
42155 20
41938 20
42842 20
44256 21
42926 20
41948 20
49850 24
42315 20
42535 20
42112 20
45143 22
41935 20
44124 21
42158 20
90803 44
50914 24
42339 20
41931 20
42113 20
42046 20
41865 20
41749 20
42176 20
42765 20
41875 20
42025 20
41871 20
42374 20
41837 20
42616 20
42399 20
42615 20
42319 20
44148 21
44794 21
44507 21
41987 20
42329 20
41806 20
45276 22
48484 23
42451 20
42584 20
41991 20
44484 21
42165 20
41892 20
41935 20
41952 20
41973 20
43412 21
41903 20
41955 20
43991 21
42808 20
43901 21
44477 21
48498 23
42165 20
44050 21
42427 20
44476 21
42178 20
42671 20
41847 20
45136 22
41743 20
48484 23
41851 20
44452 21
42172 20
44144 21
41872 20
49542 24
42189 20
42714 20
42155 20
42325 20
42140 20
41962 20
42270 20
42378 20
184374 90
43146 21
42479 20
42133 20
44061 21
42256 20
42521 20
41837 20
44085 21
42022 20
50062 24
42144 20
45922 22
42472 20
48362 23
44396 21
50059 24
43292 21
43680 21
41777 20
44312 21
42151 20
42396 20
42357 20
42297 20
44246 21
42085 20
42238 20
43638 21
41872 20
42126 20
41969 20
44354 21
42483 20
42109 20
43544 21
43939 21
43139 21
42039 20
41788 20
48101 23
42077 20
43338 21
42217 20
42772 20
41823 20
42315 20
42085 20
42063 20
42933 20
42189 20
43935 21
42639 20
48358 23
42475 20
43823 21
42901 20
42036 20
42577 20
42155 20
41899 20
41963 20
42821 20
42004 20
183051 89
42134 20
43334 21
42479 20
42531 20
42078 20
43785 21
42448 20
42552 20
42161 20
42388 20
42340 20
44197 21
41966 20
42068 20
49238 24
44452 21
43014 21
42140 20
43230 21
44420 21
44591 21
42511 20
42014 20
42050 20
42168 20
41858 20
42232 20
42036 20
42402 20
41837 20
45276 22
42228 20
