424502 25
423839 25
586142 35
145700 8
135364 8
423850 25
422402 25
613386 37
421516 25
424130 25
423325 25
424189 25
423559 25
423139 25
423828 25
424502 25
421704 25
423629 25
423804 25
421131 25
422240 25
420816 25
422218 25
422778 25
424060 25
423139 25
423010 25
422881 25
421260 25
392059 23
421597 25
422240 25
421026 25
423745 25
420641 25
423010 25
423559 25
423058 25
424935 25
423128 25
423909 25
422520 25
421960 25
424071 25
423570 25
421680 25
421914 25
422111 25
422660 25
422997 25
423977 25
423104 25
422415 25
424467 25
421960 25
422262 25
422183 25
422229 25
424714 25
422649 25
423535 25
422297 25
423478 25
423780 25
588759 35
421809 25
423767 25
423115 25
421072 25
422463 25
421809 25
421422 25
421680 25
421505 25
423150 25
421842 25
421949 25
421074 25
424047 25
422194 25
424152 25
423850 25
422940 25
423618 25
422636 25
422240 25
422253 25
421691 25
424259 25
423640 25
423920 25
422450 25
423371 25
424585 25
422450 25
434794 26
420897 25
422310 25
422649 25
423115 25
423207 25
422041 25
422811 25
424596 25
422916 25
424095 25
423826 25
425075 25
422437 25
424445 25
421680 25
504851 30
423430 25
608731 37
422135 25
421529 25
422846 25
422275 25
422730 25
392665 23
500546 30
422601 25
422006 25
423697 25
423605 25
422520 25
423896 25
424677 25
424014 25
421936 25
424585 25
601672 36
423662 25
425040 25
424469 25
423850 25
421516 25
423920 25
423115 25
423150 25
393844 24
421809 25
421925 25
421551 25
422461 25
423174 25
423629 25
574654 35
422323 25
423161 25
424318 25
424049 25
423023 25
423091 25
423675 25
421354 25
421107 25
424375 25
421564 25
421481 25
422148 25
422030 25
506789 30
422148 25
424598 25
423966 25
423231 25
424281 25
421807 25
423266 25
504094 30
422240 25
421389 25
422461 25
423909 25
421728 25
423839 25
587871 35
508187 31
423244 25
424946 25
425436 25
424375 25
425670 25
423732 25
424456 25
423080 25
420862 25
425716 25
423653 25
421481 25
144116 8
144540 8
144156 8
144520 8
421842 25
423441 25
424130 25
144764 8
145052 8
144444 8
145428 8
145300 8
145652 8
145644 8
145200 8
145084 8
144148 8
145928 8
211728 12
145288 8
423441 25
424049 25
421798 25
424281 25
423699 25
422205 25
422964 25
423570 25
422706 25
423861 25
423653 25
424003 25
424469 25
423034 25
423885 25
423896 25
421844 25
524136 31
423268 25
422579 25
422614 25
424073 25
424222 25
423395 25
425366 25
422181 25
423837 25
421680 25
424959 25
631693 38
423931 25
423769 25
424025 25
423898 25
423583 25
424456 25
424211 25
423688 25
424049 25
422380 25
422964 25
422065 25
421529 25
422579 25
423301 25
423979 25
423968 25
424130 25
422426 25
424563 25
424025 25
422286 25
594066 36
394391 24
424248 25
423023 25
421691 25
420724 25
421365 25
421820 25
423675 25
422975 25
423513 25
424071 25
423511 25
421527 25
470971 28
422100 25
422089 25
424502 25
424585 25
423303 25
422194 25
424666 25
422227 25
422590 25
424095 25
424071 25
504888 30
421785 25
422647 25
423023 25
422450 25
424493 25
423920 25
423793 25
424690 25
424095 25
422577 25
456028 27
421623 25
423605 25
422251 25
424130 25
422601 25
421691 25
422636 25
492881 30
422916 25
421785 25
422649 25
423863 25
423826 25
420853 25
423990 25
423441 25
424795 25
424841 25
423732 25
424049 25
421715 25
423430 25
422509 25
421868 25
421925 25
424677 25
395629 24
421809 25
422299 25
505002 30
424178 25
422391 25
421144 25
644302 39
422461 25
424666 25
422800 25
421645 25
423686 25
424701 25
422275 25
424994 25
421774 25
422052 25
422660 25
424456 25
424502 25
421761 25
424830 25
421960 25
421914 25
420722 25
424305 25
423268 25
424036 25
422321 25
424165 25
422076 25
422240 25
422205 25
421890 25
424130 25
423793 25
421610 25
583052 35
422019 25
422461 25
423522 25
424001 25
424771 25
421774 25
422835 25
423629 25
423395 25
424585 25
422391 25
424316 25
423489 25
422612 25
421424 25
422940 25
424410 25
424841 25
422485 25
423920 25
424270 25
424130 25
423627 25
422614 25
421702 25
423850 25
421890 25
423548 25
423850 25
422380 25
422111 25
421925 25
422426 25
423653 25
423896 25
422391 25
421798 25
424246 25
424480 25
423653 25
421597 25
421588 25
425029 25
424738 25
422544 25
423686 25
422017 25
422159 25
423032 25
422041 25
423080 25
425228 25
423513 25
420490 25
421833 25
423909 25
422135 25
393247 24
422299 25
421632 25
393669 24
421763 25
505354 30
393225 24
422474 25
422660 25
422288 25
459957 28
423802 25
421750 25
422321 25
393669 24
423885 25
423303 25
421039 25
423618 25
421365 25
422975 25
421575 25
424598 25
423909 25
422986 25
424318 25
421833 25
423137 25
423489 25
511864 31
421947 25
424095 25
421540 25
422297 25
423920 25
421750 25
422636 25
421400 25
422041 25
421879 25
423069 25
423629 25
422450 25
421912 25
424257 25
648970 39
423441 25
423688 25
423734 25
421109 25
424071 25
424106 25
422824 25
424001 25
423850 25
424095 25
423791 25
421295 25
507979 31
509414 31
422568 25
423360 25
423920 25
424200 25
421820 25
578596 35
423861 25
423115 25
422404 25
423080 25
421588 25
423979 25
422975 25
424550 25
422894 25
424526 25
423045 25
421201 25
424725 25
423231 25
506122 30
422146 25
421669 25
394146 24
421295 25
421772 25
422135 25
421155 25
422008 25
422310 25
421796 25
424246 25
422625 25
423745 25
423699 25
423570 25
422986 25
503836 30
421610 25
421949 25
423268 25
422124 25
423032 25
423640 25
396154 24
422404 25
424222 25
420969 25
421901 25
422310 25
422310 25
424189 25
421960 25
422334 25
420525 25
423979 25
423535 25
422813 25
423874 25
424574 25
422929 25
424003 25
491785 30
421831 25
421575 25
421247 25
420455 25
392945 23
423325 25
421844 25
423185 25
394124 24
421575 25
422008 25
420525 25
423909 25
393726 24
421271 25
422367 25
421562 25
422975 25
497969 30
422428 25
423150 25
423546 25
502823 30
423395 25
423780 25
423546 25
422299 25
421842 25
421901 25
423150 25
423513 25
424189 25
423944 25
422741 25
423734 25
423395 25
423933 25
515353 31
421914 25
424281 25
424025 25
422765 25
424421 25
424701 25
393470 24
424305 25
421669 25
392536 23
423699 25
422741 25
422509 25
423955 25
421739 25
424609 25
423058 25
424001 25
508130 31
424434 25
424270 25
423336 25
423629 25
422498 25
421341 25
421039 25
421306 25
423942 25
421669 25
424283 25
421597 25
423640 25
421995 25
422264 25
424935 25
423056 25
422043 25
421855 25
422590 25
421995 25
424528 25
424211 25
423664 25
424771 25
423301 25
424014 25
424189 25
424935 25
421063 25
420991 25
421575 25
422111 25
424305 25
421866 25
424679 25
424491 25
423290 25
423349 25
421457 25
424561 25
421144 25
421763 25
423441 25
423721 25
424025 25
423721 25
423968 25
422647 25
423290 25
423522 25
422719 25
423909 25
424364 25
423933 25
423465 25
423710 25
421645 25
424526 25
423443 25
422345 25
422146 25
421669 25
424375 25
424246 25
424108 25
424316 25
423780 25
604006 36
421691 25
420783 25
422006 25
422159 25
424795 25
423640 25
424246 25
423454 25
422054 25
424294 25
421949 25
421459 25
420722 25
424620 25
423955 25
423419 25
421282 25
423944 25
422975 25
421925 25
421610 25
421785 25
421844 25
422940 25
582166 35
423500 25
421995 25
422695 25
422148 25
421866 25
421133 25
423756 25
421914 25
422870 25
673247 41
424001 25
423290 25
424012 25
421575 25
422905 25
424213 25
424246 25
425624 25
421726 25
424176 25
424084 25
424200 25
423115 25
423688 25
424959 25
422975 25
422507 25
423220 25
421225 25
423242 25
422520 25
422684 25
421809 25
423524 25
422240 25
420783 25
424084 25
424935 25
422789 25
421168 25
422229 25
420630 25
422054 25
421422 25
421459 25
440462 26
423769 25
423675 25
422275 25
423675 25
422006 25
421669 25
421354 25
474285 28
424189 25
395266 24
422404 25
421155 25
424563 25
392840 23
421658 25
421494 25
420477 25
421984 25
421809 25
391685 23
423605 25
425344 25
423979 25
420945 25
423732 25
423944 25
424270 25
424084 25
422649 25
421494 25
421634 25
421306 25
421877 25
423791 25
421656 25
420466 25
489954 29
421901 25
422999 25
421575 25
421879 25
421947 25
587359 35
423780 25
422601 25
421026 25
425202 25
423629 25
424585 25
424047 25
422170 25
423244 25
423360 25
421785 25
421831 25
422334 25
424176 25
423955 25
421890 25
421669 25
423430 25
424176 25
423780 25
422485 25
421225 25
422100 25
425193 25
423907 25
424491 25
422741 25
421271 25
422030 25
424550 25
423349 25
424539 25
424095 25
423872 25
421831 25
423045 25
393085 23
421750 25
392818 23
421774 25
422041 25
422472 25
421050 25
422916 25
630116 38
423697 25
421890 25
421610 25
423172 25
423758 25
503383 30
421726 25
423489 25
421061 25
420818 25
421785 25
423198 25
423732 25
425250 25
422262 25
423546 25
422017 25
421459 25
424561 25
422017 25
422310 25
424106 25
423511 25
421527 25
423220 25
423769 25
424082 25
423979 25
423699 25
423651 25
424351 25
421763 25
424327 25
423640 25
423126 25
424631 25
423966 25
422824 25
421912 25
423454 25
421540 25
423920 25
421820 25
424585 25
424340 25
420888 25
424141 25
490057 29
424819 25
423734 25
421365 25
424375 25
424994 25
421715 25
425145 25
423863 25
424865 25
421632 25
423360 25
422450 25
423581 25
423069 25
424213 25
423524 25
424073 25
454672 27
424655 25
505691 30
423990 25
423209 25
423408 25
421995 25
395500 24
422111 25
422089 25
423896 25
422041 25
422647 25
421715 25
420606 25
423651 25
422030 25
424257 25
421516 25
422776 25
423266 25
423325 25
421691 25
422356 25
424001 25
423745 25
422019 25
422857 25
424432 25
423990 25
421912 25
423557 25
423489 25
421551 25
422159 25
506439 30
423325 25
423559 25
423931 25
421575 25
424808 25
423546 25
423559 25
424410 25
497385 30
423360 25
423675 25
424259 25
423487 25
423872 25
423430 25
421785 25
421529 25
420991 25
424423 25
421984 25
423570 25
425088 25
422437 25
421155 25
422227 25
421982 25
422776 25
421632 25
422181 25
420980 25
422100 25
423627 25
421669 25
424620 25
566160 34
422428 25
393085 23
421308 25
423780 25
421750 25
422135 25
422415 25
422181 25
423336 25
422065 25
422205 25
422859 25
422148 25
422695 25
421890 25
422743 25
421960 25
421459 25
423699 25
423896 25
422660 25
423896 25
421120 25
422205 25
421702 25
421842 25
423021 25
423653 25
422999 25
422752 25
421879 25
423126 25
563629 34
