947846 25
953378 25
953225 25
952792 25
948944 25
952339 25
950239 25
952886 25
1036958 28
1106969 30
952466 25
951860 25
1030936 27
950648 25
953225 25
946960 25
954846 25
954940 25
1077952 29
952757 25
947894 25
954170 25
952630 25
953446 25
947428 25
953597 25
948874 25
1135750 30
949467 25
949782 25
952094 25
952700 25
950296 25
951790 25
953238 25
1095091 29
956550 25
949819 25
953271 25
954999 25
947240 25
1031671 27
949095 25
1036840 28
952676 25
953120 25
1135971 30
951534 25
950075 25
952689 25
951055 25
948417 25
953306 25
949235 25
947684 25
954111 25
953295 25
950285 25
948325 25
954159 25
1092258 29
948581 25
951801 25
952339 25
948325 25
953763 25
948395 25
1033189 28
948686 25
1089946 29
950366 25
948898 25
949806 25
953400 25
948384 25
954006 25
951101 25
951348 25
953656 25
1087636 29
953540 25
954076 25
953308 25
948476 25
948360 25
953400 25
949900 25
948675 25
954043 25
1099864 29
948104 25
948605 25
946715 25
948664 25
952875 25
947660 25
951696 25
949375 25
947555 25
951895 25
954310 25
953260 25
950718 25
946844 25
953901 25
950729 25
950005 25
953995 25
953562 25
951812 25
951346 25
946271 25
948863 25
947706 25
952024 25
951068 25
1165570 31
949841 25
950274 25
948314 25
952794 25
953074 25
948244 25
954566 25
947953 25
952921 25
951790 25
951217 25
948815 25
951079 25
952757 25
952549 25
947601 25
949924 25
952864 25
952549 25
949714 25
948207 25
947940 25
946796 25
953540 25
947870 25
948944 25
1129299 30
953936 25
326708 8
326792 8
325092 8
948968 25
953085 25
955616 25
952105 25
947870 25
953144 25
954660 25
948360 25
952678 25
952770 25
1061900 28
954100 25
952829 25
954170 25
947835 25
949108 25
947649 25
952923 25
1094356 29
951149 25
949817 25
949760 25
948769 25
953142 25
949257 25
948487 25
952689 25
950928 25
949049 25
909009 24
951777 25
951556 25
952560 25
948069 25
953354 25
947730 25
949830 25
948815 25
948255 25
949340 25
949480 25
954310 25
1079704 29
948010 25
952770 25
951790 25
953855 25
953085 25
954380 25
952910 25
949817 25
949316 25
948535 25
949305 25
949865 25
949399 25
947789 25
953879 25
947962 25
1029197 27
952302 25
947975 25
949760 25
1031929 27
948255 25
952746 25
952140 25
1036735 28
883984 23
946481 25
1111775 30
1030142 27
947765 25
1034436 28
952676 25
1031800 27
948312 25
1030798 27
1085641 29
950449 25
953306 25
1029980 27
948664 25
935655 25
952326 25
948172 25
950939 25
1062517 28
947754 25
949690 25
949246 25
948559 25
948395 25
947124 25
951044 25
954345 25
948454 25
1154685 31
952490 25
947043 25
948010 25
947577 25
949130 25
949364 25
948349 25
950495 25
953155 25
952899 25
946551 25
952035 25
950635 25
947030 25
948653 25
949294 25
1063954 28
952455 25
952654 25
953002 25
942747 25
952444 25
948290 25
950541 25
948769 25
951849 25
950471 25
951405 25
954065 25
951416 25
950075 25
947498 25
951031 25
953459 25
1132845 30
946492 25
948360 25
952851 25
952199 25
953411 25
951661 25
953796 25
947962 25
947531 25
949106 25
952256 25
947684 25
948465 25
884275 23
951663 25
947603 25
951895 25
954380 25
953247 25
949480 25
1093096 29
948933 25
948395 25
950786 25
949609 25
953575 25
949491 25
953284 25
1102080 29
949957 25
954485 25
948699 25
953155 25
949189 25
947719 25
952280 25
953750 25
947870 25
1082189 29
952875 25
954660 25
946155 25
948874 25
948045 25
954170 25
948815 25
953772 25
947717 25
948780 25
952140 25
955034 25
951919 25
951650 25
949865 25
1034985 28
947719 25
949642 25
948802 25
948618 25
947625 25
952431 25
952676 25
947146 25
952619 25
952175 25
948454 25
951569 25
952700 25
952549 25
949550 25
951556 25
949141 25
953529 25
947356 25
948710 25
883903 23
952746 25
948570 25
1189860 32
950880 25
949900 25
954148 25
951254 25
947323 25
949574 25
949690 25
952582 25
952630 25
949316 25
953597 25
952595 25
948489 25
952431 25
946877 25
950939 25
883343 23
1089211 29
947577 25
947835 25
952234 25
954065 25
1033141 28
952256 25
952829 25
951685 25
986943 26
947052 25
949329 25
947684 25
952304 25
1077604 29
947824 25
948056 25
950519 25
950740 25
952455 25
948500 25
945442 25
951044 25
1048657 28
951020 25
953750 25
953481 25
948172 25
952746 25
948290 25
888755 24
946551 25
1111554 30
948535 25
952595 25
1031008 27
952372 25
952840 25
953131 25
950062 25
952993 25
1066765 28
947531 25
950215 25
952805 25
951007 25
952722 25
953435 25
952431 25
953656 25
953190 25
949725 25
952595 25
951545 25
949259 25
950657 25
949305 25
1122216 30
948581 25
952175 25
952409 25
954240 25
951604 25
951383 25
949876 25
951965 25
984876 26
953645 25
950261 25
953109 25
953645 25
951055 25
952035 25
1110108 30
952676 25
949865 25
952420 25
950996 25
947229 25
952956 25
952991 25
952151 25
953833 25
951230 25
948522 25
951744 25
948080 25
948419 25
948231 25
948605 25
951884 25
948430 25
952455 25
952595 25
953936 25
951628 25
951696 25
949561 25
951801 25
946914 25
951335 25
949456 25
326212 8
952046 25
947660 25
947065 25
950939 25
883050 23
948196 25
947253 25
948045 25
948150 25
950344 25
950167 25
1108741 30
967971 26
953271 25
953107 25
951906 25
953341 25
946306 25
953271 25
953133 25
951952 25
1031251 27
951930 25
950517 25
951359 25
949340 25
947124 25
947076 25
949876 25
947509 25
984445 26
945816 25
948172 25
946422 25
953842 25
948594 25
948045 25
952746 25
940859 25
947135 25
948091 25
953726 25
952899 25
951989 25
954041 25
953365 25
954415 25
954741 25
1066076 28
882724 23
949747 25
952689 25
946879 25
948384 25
953844 25
947953 25
1126440 30
948780 25
947719 25
952571 25
952595 25
946669 25
951709 25
949620 25
1033701 28
949200 25
952035 25
949830 25
1030750 27
1035486 28
952291 25
953575 25
325244 8
325016 8
326156 8
948758 25
949537 25
951755 25
952164 25
948710 25
1084359 29
1021383 27
949819 25
953155 25
1036934 28
953400 25
949187 25
949655 25
1037236 28
952293 25
946855 25
953039 25
947205 25
952479 25
953761 25
1037575 28
952654 25
953308 25
953529 25
1197818 32
953739 25
954240 25
949001 25
954380 25
953155 25
949911 25
953317 25
952186 25
950611 25
1114260 30
954859 25
948697 25
953260 25
948793 25
948522 25
947870 25
953284 25
953039 25
948185 25
948395 25
951567 25
949994 25
948570 25
950716 25
948115 25
947859 25
952129 25
997021 27
948769 25
949771 25
947111 25
949631 25
950576 25
949609 25
953330 25
952293 25
953680 25
949795 25
950681 25
948220 25
953330 25
948255 25
948697 25
951556 25
948500 25
1000884 27
949211 25
952059 25
949596 25
952958 25
954590 25
1030868 27
950075 25
952175 25
950856 25
1031041 27
948115 25
949001 25
953074 25
954135 25
948231 25
953715 25
948371 25
1139928 30
952652 25
952584 25
948255 25
951462 25
946621 25
946807 25
947181 25
948861 25
948979 25
1035814 28
950856 25
947264 25
953529 25
948732 25
947555 25
949620 25
951604 25
951663 25
952956 25
991644 26
949178 25
954824 25
947975 25
953960 25
947297 25
953109 25
947682 25
947391 25
1016308 27
953529 25
791194 21
952000 25
952654 25
953050 25
949539 25
954192 25
948548 25
953540 25
953271 25
951383 25
947811 25
949329 25
948581 25
951453 25
950309 25
953002 25
946912 25
952781 25
953424 25
953236 25
952630 25
950740 25
1029573 27
948045 25
947951 25
953435 25
947078 25
952501 25
1167134 31
948266 25
952945 25
951195 25
951510 25
952315 25
948430 25
948511 25
950250 25
953704 25
1157089 31
953949 25
952081 25
949362 25
952490 25
947135 25
951173 25
952735 25
1031251 27
1044225 28
881917 23
953330 25
1036153 28
949362 25
950904 25
948885 25
953669 25
1109185 30
950449 25
948675 25
953890 25
952151 25
953155 25
948045 25
952291 25
949211 25
1039454 28
949620 25
952118 25
948231 25
953214 25
1029654 27
952105 25
883085 23
951639 25
952151 25
949318 25
949830 25
953575 25
948104 25
947636 25
952361 25
953039 25
948546 25
952757 25
950751 25
948150 25
952433 25
953330 25
948266 25
953074 25
948314 25
953761 25
953179 25
953855 25
1022934 27
953516 25
947975 25
952573 25
954100 25
952781 25
952280 25
953400 25
947684 25
953037 25
953726 25
948710 25
949714 25
947520 25
948570 25
953890 25
1113000 30
949224 25
952256 25
950320 25
946166 25
953960 25
953109 25
950775 25
1126265 30
950506 25
948837 25
953575 25
949841 25
953634 25
952875 25
948032 25
1026397 27
954205 25
949235 25
949106 25
1035160 28
949294 25
951125 25
950670 25
949165 25
1137931 30
953470 25
947612 25
948336 25
950285 25
949047 25
952164 25
953960 25
954227 25
1053371 28
947135 25
952560 25
954380 25
948021 25
953914 25
947520 25
949071 25
955056 25
952525 25
1120011 30
949106 25
951860 25
956071 25
949246 25
948944 25
948548 25
948548 25
948231 25
1167134 31
953645 25
949561 25
947765 25
951943 25
948557 25
952291 25
947030 25
955150 25
947321 25
1089550 29
953387 25
952770 25
952046 25
948360 25
947787 25
952455 25
953282 25
1078781 29
1033141 28
947894 25
950309 25
948850 25
947822 25
953002 25
953656 25
948815 25
952748 25
948279 25
953575 25
989509 26
952700 25
953015 25
950729 25
953236 25
948395 25
948594 25
948896 25
952864 25
1051435 28
949165 25
948290 25
951429 25
946798 25
951090 25
1035416 28
934126 25
936391 25
949889 25
951790 25
952584 25
949259 25
949771 25
949270 25
952328 25
953295 25
953039 25
949375 25
953995 25
949038 25
951884 25
953728 25
954065 25
947367 25
954111 25
1107120 30
948360 25
953155 25
948920 25
949795 25
952617 25
949900 25
945886 25
951838 25
1149260 31
954310 25
952477 25
950670 25
953352 25
948592 25
952501 25
951755 25
953750 25
979838 26
953319 25
951871 25
950320 25
1025559 27
948371 25
946669 25
948885 25
1100597 29
951626 25
946656 25
954463 25
949071 25
953645 25
946179 25
953120 25
948360 25
952514 25
1112593 30
954870 25
948780 25
951149 25
947636 25
952945 25
954776 25
948056 25
950086 25
1046406 28
948629 25
953330 25
953774 25
948185 25
948032 25
954135 25
952035 25
953763 25
948791 25
952479 25
952805 25
950530 25
1024240 27
948139 25
952046 25
951182 25
950064 25
953273 25
950845 25
948511 25
952186 25
953890 25
952921 25
1122776 30
951254 25
951650 25
953820 25
951884 25
948465 25
952210 25
952676 25
951790 25
949399 25
1031216 27
947706 25
949749 25
949957 25
1002378 27
947894 25
951965 25
946330 25
952409 25
951685 25
952234 25
952210 25
947660 25
951930 25
948944 25
947498 25
949736 25
952302 25
947345 25
953028 25
