13907448 8
13927096 8
13889888 8
13901372 8
13990568 8
14158224 9
13986232 8
14002404 8
14004360 8
13894496 8
13964180 8
14207856 9
13950952 8
14078740 8
14004356 8
14025000 8
13994708 8
14051452 8
13995552 8
13887136 8
13936008 8
13959400 8
14069836 8
14046324 8
14086148 8
14042120 8
14058768 8
14131076 8
14078620 8
14035620 8
13923080 8
14100832 8
14017504 8
13920392 8
13936044 8
14073068 8
13972144 8
14012752 8
13943108 8
14047796 8
14105164 8
14147628 8
14037716 8
13889064 8
14051936 8
14059732 8
13906920 8
14007172 8
13980440 8
14038000 8
13960812 8
13988496 8
13975000 8
14034108 8
13868352 8
13911444 8
14020748 8
14014188 8
13991648 8
13941148 8
13918644 8
14009868 8
13873580 8
13966488 8
13918032 8
14052812 8
13990256 8
14045832 8
13950860 8
14019816 8
13951500 8
14025628 8
13989380 8
13990872 8
14093412 8
14032436 8
14079116 8
13992692 8
13997416 8
13973940 8
13973024 8
14078900 8
13945540 8
14115888 8
13967200 8
14026516 8
13907692 8
13900440 8
14050536 8
13862912 8
13968104 8
13997724 8
13965108 8
13964096 8
14051500 8
14057456 8
13921900 8
13904652 8
14076872 8
13972120 8
13994704 8
13949588 8
13995664 8
13978712 8
13988196 8
13921444 8
14051288 8
14041084 8
13984612 8
13948704 8
13953908 8
13885528 8
13996868 8
14040964 8
13949800 8
14110812 8
14078168 8
14008092 8
13877984 8
13896024 8
14059656 8
13996424 8
13979292 8
14051936 8
14058844 8
13954184 8
14027420 8
13975864 8
14057536 8
14085564 8
13913212 8
13993424 8
13970244 8
14012564 8
13996956 8
14032340 8
14073716 8
14001036 8
14069896 8
13933024 8
13886676 8
13998556 8
14032676 8
14065496 8
14060608 8
14005196 8
14053620 8
14017792 8
13971468 8
13988680 8
14009452 8
14007924 8
14029268 8
14020436 8
13991036 8
13998620 8
13984604 8
14038924 8
14021948 8
14139368 8
13933256 8
14057880 8
14123220 8
14036880 8
13960064 8
14064356 8
13986240 8
13991160 8
14015048 8
14039216 8
13959660 8
14084300 8
13932132 8
13890528 8
14097512 8
13916460 8
14065504 8
14032172 8
14016980 8
14039576 8
14065572 8
14056776 8
13975664 8
14082180 8
14071660 8
13996352 8
14115376 8
14011808 8
14041624 8
13919008 8
13674724 8
14072244 8
13984424 8
13974128 8
13922896 8
13957320 8
13758288 8
13949020 8
13987172 8
13985324 8
14016700 8
13977748 8
13923840 8
13904172 8
13876036 8
13930804 8
13888448 8
13832060 8
14009272 8
13827388 8
13883504 8
14044376 8
13996372 8
14034780 8
14100436 8
14083600 8
14033016 8
14042276 8
14066552 8
14017056 8
13890488 8
14058968 8
13951040 8
13966000 8
14056100 8
14151560 8
13836368 8
13968336 8
14109124 8
13973264 8
13976160 8
13810516 8
14064732 8
13857280 8
14081548 8
13877884 8
14084056 8
13908212 8
13962584 8
14045452 8
14042160 8
13930824 8
13979236 8
14042360 8
13944160 8
13947404 8
13830088 8
13913284 8
14042248 8
14031072 8
13878160 8
13945944 8
14069264 8
13950068 8
14045020 8
14090716 8
14016684 8
13903360 8
13984024 8
14082904 8
13927736 8
13937992 8
13917068 8
13988572 8
13967748 8
14064740 8
13986596 8
14134528 8
13981656 8
14154532 8
13905140 8
14041336 8
14030580 8
13993372 8
14140484 8
13956152 8
14018076 8
13921452 8
14088080 8
13967088 8
14048448 8
14161984 9
14019572 8
14195808 9
13951192 8
14028272 8
13930636 8
14028076 8
13885656 8
14056896 8
13965440 8
14024096 8
13986696 8
13892284 8
13994276 8
13215684 8
13987264 8
13967140 8
13990888 8
13986916 8
14032636 8
13977612 8
13932212 8
13996632 8
13951972 8
13981900 8
13981136 8
13999316 8
13963952 8
13990468 8
13969568 8
13977020 8
13983236 8
13989896 8
14050800 8
13959412 8
13785124 8
14107336 8
13956328 8
14181816 9
13839388 8
13953836 8
13991376 8
13915252 8
13906752 8
14066400 8
13964920 8
14045532 8
13945240 8
14001312 8
13915040 8
13911964 8
13963992 8
14027444 8
13947920 8
14022596 8
13916204 8
14101948 8
13864544 8
13944712 8
13928584 8
13999440 8
13953244 8
13924012 8
13955884 8
13954296 8
14126520 8
13963692 8
13859716 8
13999860 8
13999908 8
14025024 8
13962608 8
14040868 8
13970460 8
14018044 8
14009904 8
14017792 8
14087880 8
13954504 8
14073208 8
13954376 8
13996468 8
14050212 8
14005796 8
13977444 8
13689488 8
13903820 8
13961648 8
14094008 8
13983428 8
13999108 8
14073768 8
14028488 8
14078452 8
14064340 8
13940704 8
13946544 8
14032316 8
13975200 8
14023112 8
13964784 8
14021496 8
14024860 8
13981812 8
14070708 8
14042612 8
14090476 8
13923712 8
13946200 8
14071780 8
13900252 8
14025552 8
13891180 8
14010576 8
13982136 8
14091584 8
13930940 8
13817344 8
13992388 8
13917552 8
14040940 8
13947524 8
14032136 8
13969460 8
13940468 8
13977676 8
13969768 8
13949676 8
13865264 8
14012416 8
14044444 8
13936344 8
13954680 8
13858404 8
13986572 8
14067824 8
14017780 8
13919548 8
14120008 8
13982184 8
14048328 8
13999984 8
13914200 8
13901828 8
14049492 8
14108640 8
13959236 8
13982960 8
13941120 8
14025588 8
13945856 8
14090380 8
13892920 8
13919300 8
14081196 8
13892572 8
14092704 8
14005932 8
13800484 8
14059196 8
14054984 8
14086972 8
13992820 8
14053708 8
14058900 8
13971672 8
13991056 8
14061268 8
13973184 8
14094456 8
14014780 8
14079944 8
14003028 8
13930208 8
13986328 8
14050260 8
13942204 8
14000868 8
13966072 8
13949892 8
14009488 8
13927888 8
14019544 8
13839176 8
13951900 8
14008656 8
14016620 8
13929432 8
13995124 8
13705860 8
13797892 8
14022708 8
13979224 8
13839968 8
14018964 8
14067256 8
13994304 8
13935872 8
13975176 8
13866028 8
14032396 8
13882272 8
14002772 8
13939204 8
14068272 8
13963748 8
13958196 8
13978032 8
13935972 8
13941804 8
13928948 8
13974548 8
13955072 8
13941092 8
13928932 8
13941160 8
13997088 8
14015408 8
13981592 8
13971204 8
13956708 8
13832888 8
13851792 8
13944692 8
13962080 8
14046556 8
13987284 8
13944524 8
13957212 8
13986680 8
14161108 9
13879624 8
14006980 8
13892308 8
14062448 8
13968012 8
13935168 8
13999760 8
13958948 8
13902652 8
13973548 8
13956472 8
14037320 8
13909272 8
14066748 8
14020892 8
13984300 8
14025296 8
13955748 8
14030420 8
14014360 8
13990496 8
14058444 8
14026672 8
13990428 8
13889280 8
14070948 8
14012936 8
14018680 8
14039556 8
14011588 8
14002276 8
13941740 8
14007076 8
14075472 8
13996160 8
13920272 8
13981788 8
14047868 8
13961232 8
14047548 8
14013188 8
14009692 8
14056228 8
13992776 8
13976932 8
14081980 8
14058556 8
13930384 8
13948164 8
14105340 8
14004732 8
14075264 8
13900708 8
14033360 8
14082400 8
14005232 8
13985120 8
13995136 8
13929180 8
14025640 8
14059472 8
14074172 8
14013780 8
14073936 8
13996832 8
14033084 8
13957056 8
13933136 8
13991332 8
14009348 8
13877732 8
13975600 8
13949836 8
14064068 8
13843288 8
13985804 8
13908052 8
14031664 8
13985804 8
14104044 8
14059556 8
14064340 8
13881820 8
14014540 8
13986608 8
14077252 8
14063004 8
13979788 8
13976916 8
13933204 8
14119576 8
13974856 8
14117796 8
13886964 8
13942024 8
14004516 8
13968084 8
14080148 8
14034220 8
14030728 8
13883540 8
14066740 8
14004268 8
13964028 8
13945416 8
13989276 8
14034476 8
13982292 8
13944884 8
13901132 8
13980252 8
13994000 8
13976920 8
13894176 8
14018372 8
14024716 8
14039596 8
14022708 8
14021452 8
14016964 8
13954412 8
14018244 8
14106968 8
13909564 8
13904080 8
13975688 8
13993764 8
14073344 8
14151616 8
14087656 8
14031820 8
13702876 8
14060416 8
13994852 8
13915568 8
14005172 8
13959868 8
13995728 8
13902740 8
13944816 8
13936592 8
13980916 8
13996860 8
13997712 8
14108500 8
14133376 8
13899892 8
13982628 8
13955216 8
13975416 8
14055828 8
14121776 8
14122680 8
13891796 8
14023068 8
14134584 8
13927732 8
13984660 8
14008840 8
13988104 8
13926280 8
14016232 8
13991684 8
13933060 8
14168736 9
13870476 8
14190200 9
13943560 8
14158976 9
13775368 8
13976760 8
14008248 8
13954064 8
13973868 8
13841236 8
13978080 8
13903904 8
13973792 8
14057448 8
14034064 8
14100328 8
13946156 8
14154436 8
13922956 8
13972200 8
13934776 8
14005060 8
14194964 9
13925192 8
13967768 8
13982532 8
14122544 8
14033084 8
13940336 8
13865272 8
13949020 8
14081476 8
13919176 8
14092436 8
13928788 8
14025052 8
13840136 8
14028984 8
13934012 8
13908676 8
14099412 8
13968608 8
14009188 8
13815380 8
14037540 8
13954488 8
13966648 8
13983304 8
13942032 8
13946812 8
13977960 8
13941228 8
14060252 8
13943676 8
13886968 8
14000696 8
13963280 8
13990084 8
14078596 8
13870028 8
14005748 8
13999312 8
13901048 8
13909416 8
14013988 8
13846184 8
13956328 8
13963776 8
13840436 8
13858576 8
13983448 8
14008344 8
13886612 8
13939664 8
14003716 8
13958576 8
13917456 8
13947600 8
14093636 8
13910176 8
13864004 8
13874920 8
14045916 8
14063976 8
13946556 8
13784144 8
13905724 8
14004044 8
13906372 8
13947608 8
13968188 8
14087816 8
13991432 8
14084756 8
13999688 8
14073672 8
13978280 8
13960972 8
14085984 8
13949404 8
14063536 8
13919948 8
13962668 8
14002184 8
13949876 8
13973560 8
14025928 8
14015504 8
13955880 8
14044548 8
14092260 8
13928056 8
14040172 8
13920308 8
14066220 8
13908308 8
14080252 8
14003696 8
14051924 8
13979692 8
14063724 8
13917720 8
14003908 8
13987348 8
14008340 8
14023224 8
14034756 8
13870976 8
14042620 8
13919380 8
13838456 8
14013372 8
14113664 8
13920668 8
14076796 8
13847612 8
14021000 8
13944472 8
13984864 8
13946688 8
13948084 8
13982728 8
13980508 8
14104240 8
13930744 8
14079832 8
13972936 8
14085584 8
13935336 8
14077592 8
13969032 8
14062964 8
13943964 8
14006484 8
14000660 8
14030096 8
13960532 8
13970880 8
14037264 8
13945576 8
14039444 8
13978480 8
14042544 8
14034052 8
13898984 8
13929112 8
13986888 8
13973772 8
13983728 8
14070896 8
13766432 8
13875364 8
14074492 8
13998608 8
13987008 8
13954660 8
13930200 8
14032660 8
13949560 8
14031960 8
13952992 8
14086888 8
13877440 8
13983148 8
14033720 8
13918388 8
13979568 8
13971624 8
13911976 8
14034276 8
14003880 8
13947384 8
14056288 8
14041412 8
14000772 8
14065624 8
13948104 8
14111416 8
14038332 8
13948192 8
13984120 8
13948628 8
14003732 8
13956116 8
13929920 8
13923096 8
14092136 8
14015860 8
14053968 8
13979504 8
13935404 8
14091504 8
14075580 8
14007872 8
13897876 8
13977376 8
14055600 8
14041528 8
13981628 8
13905600 8
14054244 8
14038300 8
13987512 8
14058256 8
13971460 8
14034912 8
13935296 8
14023704 8
14002528 8
14037844 8
14031476 8
14076880 8
14009888 8
14007692 8
13924632 8
13999692 8
14025332 8
13921992 8
13948040 8
14029920 8
13974184 8
13951004 8
14018452 8
13822288 8
14042416 8
13797896 8
13936768 8
14083072 8
13791184 8
14038260 8
13917816 8
14009884 8
14056232 8
13986912 8
13997484 8
13919516 8
14069892 8
13965056 8
13915508 8
13997624 8
13948016 8
13939312 8
13923732 8
14092816 8
14091924 8
14136424 8
13952028 8
14061796 8
13867620 8
14051336 8
13973080 8
13898908 8
13829652 8
14016384 8
13929724 8
13803760 8
13945616 8
13964244 8
14027892 8
13943820 8
13937684 8
14075156 8
13867728 8
14076608 8
13960004 8
14044420 8
13915484 8
13972676 8
13945152 8
13984816 8
13868520 8
14088620 8
13981928 8
13995740 8
14022752 8
14000700 8
14000980 8
14030576 8
13926828 8
14127260 8
13980616 8
14125852 8
13985944 8
13899748 8
13868628 8
14059636 8
14051412 8
13951276 8
13975204 8
13925872 8
14061336 8
13989260 8
13970484 8
14063836 8
13903204 8
13946704 8
14031928 8
13991308 8
14121412 8
13977868 8
14102632 8
13945116 8
14049356 8
