7232 28
7689 30
7442 29
7304 28
7385 28
7186 28
7199 28
7468 29
7442 29
7396 28
7374 28
7258 28
7267 28
7374 28
7245 28
7221 28
7315 28
7210 28
7350 28
7420 28
7396 28
7350 28
7444 29
7525 29
7444 29
7267 28
7315 28
7245 28
7315 28
7595 29
7256 28
7350 28
7291 28
7234 28
7525 29
7304 28
7035 27
7420 28
7433 29
7431 29
7490 29
7186 28
7199 28
7116 27
2412 9
7105 27
7164 27
6906 26
9229 36
7315 28
7549 29
2568 10
7245 28
7512 29
7116 27
7116 27
7549 29
7337 28
7385 28
7337 28
7153 27
7151 27
7595 29
7328 28
7407 28
7455 29
7280 28
7256 28
7385 28
7083 27
7245 28
7409 28
7433 29
7234 28
7221 28
7188 28
7210 28
7269 28
7363 28
7210 28
6954 27
6381 24
6755 26
7396 28
7258 28
7455 29
7525 29
7501 29
7396 28
7094 27
7455 29
6825 26
7757 30
7151 27
7374 28
2404 9
7328 28
7105 27
7105 27
7245 28
7164 27
7280 28
7245 28
7269 28
6952 27
7175 28
6871 26
7326 28
7573 29
7549 29
7188 28
7431 29
7046 27
7269 28
8435 32
7455 29
7407 28
8271 32
7433 29
6906 26
6742 26
7665 29
9030 35
6849 26
7490 29
6860 26
7525 29
7245 28
7280 28
7420 28
7293 28
7374 28
7398 28
2544 9
2484 9
2336 9
2460 9
2564 10
2528 9
7374 28
7350 28
2420 9
2424 9
2356 9
6744 26
2436 9
7350 28
7291 28
2544 9
7267 28
7280 28
7059 27
7057 27
2480 9
7304 28
7328 28
7444 29
7256 28
7385 28
6615 25
7466 29
7164 27
7466 29
7118 27
7035 27
7188 28
7468 29
7035 27
7315 28
7151 27
7455 29
7372 28
7536 29
7479 29
7234 28
7396 28
7433 29
7315 28
7339 28
7420 28
7057 27
7549 29
7223 28
7304 28
7396 28
7291 28
7595 29
7315 28
7151 27
7105 27
7641 29
7398 28
7140 27
7258 28
7140 27
7232 28
7245 28
7560 29
6720 26
7654 29
7164 27
7350 28
7118 27
7455 29
7175 28
7232 28
7221 28
7420 28
7269 28
7374 28
7197 28
7490 29
7455 29
7479 29
7549 29
7304 28
7059 27
7116 27
6943 27
7444 29
7245 28
7420 28
7118 27
7210 28
6733 26
7490 29
7689 30
7199 28
6825 26
7431 29
7151 27
7234 28
6663 26
7455 29
8376 32
7396 28
7350 28
2712 10
7151 27
7409 28
7372 28
7479 29
7490 29
7350 28
7350 28
7525 29
7525 29
7035 27
6908 26
7267 28
7140 27
7538 29
6882 26
7280 28
7175 28
7676 29
7560 29
7280 28
7525 29
7350 28
7197 28
7361 28
7175 28
7140 27
7175 28
7398 28
7188 28
7407 28
7385 28
7466 29
7024 27
7280 28
7328 28
7129 27
7339 28
7503 29
7059 27
7291 28
7164 27
7011 27
7256 28
7560 29
7046 27
6825 26
7490 29
7256 28
7280 28
7188 28
7175 28
7420 28
7525 29
7372 28
7420 28
7245 28
7538 29
7455 29
7501 29
7571 29
7547 29
7151 27
7267 28
7127 27
7210 28
7024 27
7455 29
7280 28
7595 29
7269 28
7339 28
7302 28
7490 29
7361 28
7455 29
7302 28
7267 28
7337 28
7560 29
7409 28
7433 29
7304 28
6779 26
7116 27
6860 26
7582 29
6766 26
7105 27
7210 28
7234 28
7396 28
7245 28
7407 28
7361 28
7245 28
7164 27
7361 28
7234 28
7547 29
7361 28
7407 28
6580 25
7385 28
7420 28
7420 28
7455 29
7116 27
7361 28
7094 27
7223 28
7092 27
7234 28
7409 28
7466 29
7046 27
7186 28
7059 27
7372 28
7258 28
7210 28
6685 26
7024 27
6591 25
7175 28
7199 28
7035 27
7105 27
7536 29
7057 27
7291 28
7083 27
7234 28
7035 27
7164 27
6919 27
7291 28
6731 26
7022 27
7127 27
7197 28
7407 28
6943 27
7186 28
7129 27
7291 28
7490 29
6742 26
7409 28
7258 28
7234 28
7280 28
7199 28
7175 28
7175 28
7083 27
7140 27
7363 28
7304 28
7536 29
7186 28
7269 28
7431 29
7315 28
7280 28
7361 28
7315 28
7175 28
7081 27
7420 28
7374 28
7490 29
7641 29
7468 29
7328 28
7210 28
7385 28
6777 26
7105 27
6941 27
7269 28
7175 28
7514 29
9345 36
7046 27
7116 27
7302 28
6849 26
7258 28
7175 28
7267 28
7350 28
7094 27
7991 31
6930 27
7466 29
7385 28
7151 27
6930 27
7035 27
7536 29
7350 28
6965 27
7105 27
7083 27
6768 26
7199 28
7444 29
7512 29
6917 27
7140 27
6709 26
7267 28
7291 28
6954 27
6510 25
7398 28
6930 27
7431 29
6814 26
7304 28
7302 28
7468 29
7269 28
7140 27
7302 28
6954 27
6731 26
7363 28
7094 27
6965 27
6919 27
7409 28
7407 28
7153 27
7234 28
7105 27
7361 28
7232 28
7267 28
7407 28
7234 28
7269 28
7081 27
7477 29
7339 28
7116 27
7374 28
7398 28
7385 28
7560 29
7385 28
6814 26
7129 27
7291 28
7420 28
7479 29
7573 29
7256 28
7315 28
7350 28
7560 29
7234 28
7442 29
7258 28
7536 29
7385 28
7407 28
7372 28
7409 28
7374 28
7129 27
7105 27
7245 28
7164 27
7431 29
7223 28
7291 28
7372 28
7444 29
7617 29
7829 30
7199 28
7245 28
7652 29
7339 28
7291 28
7291 28
7256 28
7057 27
7256 28
7363 28
7538 29
7560 29
7258 28
6825 26
7105 27
6825 26
7256 28
7339 28
7245 28
7398 28
7186 28
7175 28
7269 28
7396 28
7293 28
7304 28
7188 28
7468 29
7409 28
7326 28
7210 28
7431 29
7221 28
7315 28
7477 29
7350 28
7431 29
7105 27
7501 29
7372 28
7490 29
7455 29
2520 9
2468 9
7232 28
7444 29
7398 28
6954 27
7302 28
7164 27
7258 28
6919 27
7501 29
7210 28
7455 29
6908 26
7024 27
8492 33
6917 27
7420 28
7442 29
7245 28
7385 28
7256 28
7560 29
6755 26
7129 27
7315 28
6744 26
6943 27
7127 27
7372 28
7759 30
7374 28
7396 28
7151 27
7116 27
7164 27
7267 28
6790 26
7396 28
7197 28
7258 28
7293 28
7245 28
7164 27
7525 29
7199 28
7361 28
7048 27
6917 27
7116 27
7245 28
6989 27
7490 29
7105 27
7582 29
8085 31
7431 29
8634 33
6626 25
7127 27
7409 28
2488 9
7140 27
7199 28
7175 28
7315 28
7315 28
6742 26
7326 28
7280 28
7560 29
7407 28
7280 28
7197 28
7070 27
7151 27
6882 26
7186 28
7374 28
7431 29
7293 28
7363 28
7140 27
2524 9
2516 9
2524 9
7372 28
7350 28
7245 28
7444 29
6838 26
6871 26
7536 29
7420 28
7396 28
7595 29
6965 27
7210 28
7291 28
7409 28
7280 28
7210 28
7512 29
7420 28
7046 27
7442 29
7385 28
7490 29
7442 29
7234 28
7396 28
7256 28
7630 29
7385 28
7326 28
7420 28
7234 28
7197 28
7501 29
7291 28
7234 28
7197 28
7175 28
7374 28
7350 28
7046 27
7501 29
7431 29
7175 28
7350 28
8656 33
7258 28
7280 28
7479 29
7420 28
7092 27
7304 28
7466 29
7455 29
7293 28
7267 28
7409 28
7315 28
7361 28
7420 28
7048 27
7280 28
7105 27
6440 25
7455 29
7455 29
7536 29
7350 28
7547 29
7350 28
7619 29
7864 30
7468 29
7420 28
6779 26
7468 29
7070 27
7350 28
7431 29
6838 26
7151 27
7256 28
7162 27
7503 29
7374 28
7221 28
6895 26
6696 26
7503 29
7442 29
7503 29
7280 28
7164 27
7538 29
7374 28
7175 28
7350 28
7560 29
7374 28
7455 29
7337 28
7256 28
7479 29
7560 29
7164 27
7245 28
7584 29
7245 28
7420 28
7315 28
7560 29
7595 29
7385 28
8691 33
7269 28
7468 29
7654 29
7151 27
7409 28
7339 28
7304 28
7258 28
7444 29
7350 28
6954 27
7232 28
7501 29
7385 28
7372 28
7280 28
7245 28
7652 29
7536 29
7350 28
7234 28
7525 29
7490 29
7304 28
7315 28
7350 28
7549 29
7409 28
7363 28
7234 28
7409 28
7315 28
7361 28
7258 28
7234 28
7396 28
7444 29
7455 29
7024 27
7350 28
7490 29
7326 28
7560 29
7258 28
7571 29
7280 28
7409 28
7232 28
7280 28
7092 27
7116 27
7372 28
6836 26
7083 27
7361 28
7407 28
7280 28
7571 29
7455 29
7269 28
7210 28
7048 27
7234 28
7221 28
6742 26
7059 27
6777 26
7643 29
8376 32
7291 28
7116 27
7280 28
7188 28
7455 29
7444 29
7363 28
7221 28
7396 28
7547 29
7560 29
8610 33
7024 27
7350 28
7547 29
7140 27
7175 28
7105 27
7538 29
6952 27
7372 28
8074 31
7293 28
7221 28
2516 9
2276 8
2392 9
7444 29
7396 28
7153 27
7186 28
7280 28
7245 28
7665 29
7256 28
7116 27
7444 29
7326 28
7337 28
7304 28
7350 28
7339 28
7420 28
7991 31
7256 28
7595 29
7490 29
7584 29
7304 28
7560 29
7315 28
7433 29
7560 29
7501 29
2508 9
7374 28
7468 29
7280 28
7361 28
7363 28
7560 29
7291 28
7398 28
7210 28
7221 28
7258 28
7665 29
7398 28
7221 28
7350 28
7000 27
7210 28
7210 28
7199 28
7267 28
7291 28
7258 28
6838 26
7606 29
7116 27
7396 28
7199 28
7477 29
7304 28
7280 28
7385 28
7258 28
7582 29
7606 29
7269 28
7455 29
7234 28
7269 28
7035 27
6871 26
7315 28
6838 26
7210 28
7245 28
7433 29
7105 27
7444 29
7245 28
7304 28
7560 29
7304 28
7199 28
7477 29
6814 26
7186 28
7175 28
7490 29
7234 28
7116 27
7000 27
7433 29
7129 27
7234 28
7164 27
7654 29
7361 28
7234 28
7328 28
7315 28
7665 29
7608 29
6873 26
7468 29
7361 28
7315 28
7501 29
7315 28
7724 30
7048 27
7339 28
7407 28
7407 28
7560 29
7385 28
7256 28
7479 29
7514 29
7385 28
7164 27
7350 28
7409 28
7479 29
7560 29
7385 28
7455 29
7468 29
7361 28
7153 27
7140 27
7455 29
7256 28
7280 28
7420 28
7549 29
7433 29
7396 28
7339 28
7304 28
7431 29
7291 28
7536 29
7221 28
7582 29
7606 29
7433 29
7350 28
