3372191 25
3527567 26
3542269 27
1848054 14
1160096 8
1107884 8
3514700 26
3368936 25
3384933 25
1161708 8
1161504 8
3386333 25
3371935 25
3370581 25
3497690 26
3373976 25
3376240 25
3387208 25
3509765 26
3386412 25
3456296 26
3369986 25
3387195 25
3368133 25
3402571 25
3387044 25
3370172 25
3369894 25
3496651 26
3440791 26
3371677 25
3387628 25
3371292 25
3635192 27
3339245 25
3381654 25
3369612 25
3459960 26
3369170 25
3369439 25
3240149 24
3374840 25
3455456 26
3382750 25
3454395 26
3463985 26
3528921 26
3538021 26
1156156 8
1163060 8
2972230 22
3369892 25
3386600 25
3375866 25
3364563 25
3482476 26
3512554 26
3367746 25
3467625 26
3470228 26
1154640 8
3368540 25
3562919 27
3378130 25
3366243 25
3378410 25
3432706 26
3506744 26
3377583 25
3380545 25
3188909 24
3489826 26
1156256 8
1157736 8
3444503 26
3394475 25
3466820 26
3461091 26
3468360 26
3523019 26
3453474 26
3382656 25
3368704 25
3560434 27
3463226 26
3538629 26
3372681 25
3386460 25
3456495 26
3519869 26
1161852 8
1158556 8
3382518 25
3372788 25
3388840 25
3372298 25
3480516 26
3368120 25
3368914 25
3242190 24
3381398 25
3368529 25
3448655 26
3385515 25
3384837 25
3387300 25
3450838 26
3368376 25
3372132 25
3449786 26
3167859 24
1154708 8
3371736 25
1160140 8
3388536 25
3369170 25
3498064 26
3450497 26
3440804 26
3441106 26
3516636 26
1159140 8
2872842 21
3387650 25
3379366 25
3366510 25
3458875 26
1159208 8
1160864 8
3388816 25
3449904 26
3366674 25
1157764 8
2626321 20
3386449 25
3369673 25
3523159 26
3374560 25
3371596 25
3370220 25
3401265 25
3186131 24
3386064 25
3366346 25
3431120 26
3372390 25
3380626 25
3372915 25
3368831 25
3523216 26
3450777 26
3476981 26
3366976 25
3495566 26
3387580 25
3385668 25
3389260 25
3386412 25
3506230 26
3369192 25
3445540 26
3443602 26
3566010 27
1220848 9
1155840 8
3432264 26
3370489 25
3379296 25
3387908 25
3503734 26
3387836 25
3453951 26
3370920 25
3386727 25
3330775 25
3449412 26
3377885 25
3369321 25
3383286 25
3630609 27
3453929 26
3433581 26
3371327 25
3388129 25
3368680 25
3386554 25
2990004 22
3385854 25
3367606 25
3450486 26
3458853 26
3597591 27
3388781 25
3373453 25
3369533 25
3445726 26
3367129 25
3368238 25
3374477 25
2289416 17
1155976 8
3372961 25
1160664 8
3386145 25
3369275 25
3324160 25
3460439 26
3447056 26
3386589 25
3387077 25
3368039 25
3252959 24
3369614 25
1079212 8
1155232 8
2401600 18
3383638 25
3372121 25
1162108 8
3484740 26
3383964 25
3308130 25
3463845 26
3461979 26
3387254 25
3385364 25
3387405 25
3389365 25
1224228 9
3387674 25
3538207 26
3473144 26
3466061 26
3387766 25
3377279 25
3453334 26
3368400 25
3372856 25
3372309 25
3455222 26
3385176 25
3383986 25
3388035 25
1918838 14
1161096 8
3371200 25
3370349 25
3522074 26
3386716 25
1160772 8
3468010 26
3470519 26
3368634 25
3371456 25
3432507 26
3367024 25
3370570 25
3366637 25
3492814 26
3368179 25
3386226 25
3367851 25
3496944 26
3369612 25
3432776 26
3367188 25
3372810 25
3153581 24
3436790 26
3373055 25
3370583 25
3387593 25
3585411 27
3510465 26
3461513 26
1154696 8
1155364 8
2884960 22
3370511 25
3387591 25
3388991 25
3371539 25
3496233 26
3388245 25
3371480 25
3385399 25
3424435 26
3371154 25
3458302 26
1161256 8
1156304 8
2902700 22
3450580 26
1161796 8
1161340 8
3431796 26
3373917 25
1155856 8
3377756 25
3368796 25
3369916 25
3334345 25
3438658 26
1156916 8
1161336 8
3385351 25
3378327 25
3371351 25
3367339 25
1156300 8
3471346 26
3496723 26
1159908 8
2536565 19
3387462 25
3371795 25
3385316 25
3506464 26
3379285 25
3373801 25
3370126 25
3521678 26
3369857 25
3387101 25
3370185 25
3369159 25
3459470 26
3370837 25
3369192 25
3142884 23
3369870 25
3457556 26
3369743 25
3385270 25
3385668 25
3376951 25
1158936 8
3524699 26
3565789 27
3371340 25
3387499 25
3370535 25
3513359 26
3366394 25
3371795 25
3387567 25
1155956 8
2694711 20
3366147 25
3384909 25
3386786 25
3432391 26
3372974 25
3354260 25
3390439 25
1224340 9
2895280 22
3463624 26
3370443 25
3385399 25
3384244 25
3385539 25
3459085 26
3385900 25
3383883 25
3347049 25
1155504 8
3648470 27
3367816 25
3388770 25
3387405 25
3385585 25
3372333 25
3556280 27
3386005 25
3369100 25
3371690 25
3489161 26
3389973 25
3371469 25
3386950 25
3427736 26
3465223 26
3454686 26
3454804 26
1161788 8
3462224 26
3460730 26
3462375 26
1154372 8
3386775 25
3384874 25
1943537 14
1120764 8
3368144 25
3386495 25
3388361 25
3370640 25
3457068 26
1155656 8
1104112 8
3453905 26
3374816 25
3387978 25
3371423 25
3524522 26
3369170 25
3380346 25
3386799 25
3476596 26
3506825 26
3470552 26
3462819 26
3463296 26
3521571 26
3372821 25
3374444 25
3498810 26
3389015 25
3439148 26
3372985 25
3372611 25
3386495 25
3380042 25
3440371 26
3388792 25
3386974 25
3387160 25
3509345 26
3169296 24
3370336 25
3372880 25
3088459 23
1156344 8
3387265 25
3437409 26
3282779 25
3376253 25
3471044 26
3558008 27
3463519 26
1162708 8
1162524 8
1156808 8
3469876 26
1160996 8
3389074 25
3388678 25
3386845 25
3384977 25
3485440 26
3387534 25
3384513 25
3367011 25
1080752 8
1160980 8
1158400 8
1158844 8
1160912 8
1154936 8
1161504 8
2139690 16
3453240 26
3505285 26
3388234 25
3390870 25
3387055 25
3376415 25
3384161 25
3450604 26
3374350 25
3385200 25
3386379 25
3514105 26
3393226 25
3435915 26
3383988 25
3375505 25
3368623 25
3447898 26
3207225 24
3566032 27
3370616 25
3374875 25
3386484 25
3446183 26
3370920 25
3386390 25
3376555 25
1161092 8
3385388 25
3369789 25
3387569 25
3453544 26
1156784 8
1155872 8
1155672 8
1678736 12
3466844 26
3383870 25
3379180 25
3372613 25
3433872 26
3379681 25
3370395 25
3370513 25
3372659 25
1155952 8
1155364 8
3502157 26
3376229 25
3388923 25
3371386 25
3371644 25
3366381 25
1161132 8
2604366 19
3360595 25
3376754 25
3558544 27
3388221 25
3373416 25
3368621 25
3500256 26
3387650 25
3386145 25
1158460 8
1159776 8
3493746 26
3377990 25
1161452 8
1221432 9
3217794 24
1162328 8
3386611 25
3371609 25
3622382 27
3368693 25
3360197 25
3388116 25
3366674 25
3499346 26
3367057 25
3366720 25
3372051 25
3388606 25
3384489 25
3489500 26
3504992 26
3386753 25
3379810 25
3385598 25
1161868 8
3389610 25
3384756 25
3370454 25
3507560 26
3387335 25
1161160 8
3424690 26
3386086 25
3386775 25
3374652 25
3447745 26
3388910 25
3388280 25
3384815 25
3502194 26
3388105 25
3368247 25
3443742 26
3484097 26
1159984 8
1155428 8
3368925 25
3450125 26
3389282 25
3332092 25
3386565 25
3376415 25
3376310 25
3385690 25
3367792 25
3378725 25
1155888 8
3385270 25
1160828 8
3370010 25
3374643 25
3369776 25
1160928 8
2424037 18
3387289 25
3368623 25
3369439 25
3506639 26
3380311 25
3372239 25
3385410 25
3222765 24
1157136 8
3378456 25
3369590 25
3517627 26
3388816 25
3457674 26
1159380 8
1378154 10
3432695 26
3408556 26
1155552 8
1156160 8
3443149 26
3383205 25
3385515 25
3330449 25
3386578 25
3396610 25
3366055 25
3385596 25
3376205 25
3530240 26
3387650 25
3365974 25
1156472 8
3366009 25
3382470 25
3386495 25
3440325 26
3406738 25
3373604 25
3387744 25
3369765 25
3483714 26
3373068 25
3369544 25
3402420 25
3423079 26
1160972 8
3386810 25
3449915 26
3470786 26
3372799 25
3134051 23
3386950 25
3504130 26
3368004 25
3388794 25
3378876 25
3438844 26
3434760 26
3373031 25
3389785 25
3388829 25
3454196 26
3384874 25
3386156 25
3387510 25
3501610 26
3388245 25
3388748 25
3387136 25
3419465 26
1161288 8
1221764 9
2392412 18
3385515 25
3503863 26
1155060 8
1282952 9
3436394 26
3368376 25
3367420 25
3371410 25
1838004 14
1155540 8
3439824 26
3371165 25
3368586 25
3458934 26
3458035 26
1160756 8
1161284 8
1158884 8
3459572 26
3373591 25
3459365 26
3472046 26
3531826 26
3453789 26
3446684 26
3372261 25
1161616 8
1154404 8
2127559 16
3569464 27
3387755 25
3386134 25
3465490 26
3596799 27
3465223 26
3454909 26
3371351 25
3386412 25
3445354 26
1156036 8
3371270 25
3371143 25
3388560 25
1161404 8
1161776 8
3446437 26
3502905 26
3384465 25
3385504 25
3387860 25
3453415 26
3382295 25
3371935 25
3379985 25
3461688 26
3472689 26
3371108 25
3371760 25
3461441 26
1238932 9
3511305 26
3387451 25
3375317 25
3374757 25
3434981 26
3376916 25
3367199 25
3372937 25
3456191 26
3499348 26
3368074 25
3365156 25
3370802 25
1155400 8
2389024 18
3468220 26
3441364 26
3447570 26
1155572 8
3384535 25
3367595 25
3384581 25
3438039 26
3371410 25
3372401 25
3371248 25
2541523 19
1161100 8
3387289 25
3381223 25
3432391 26
1155820 8
1156524 8
3510430 26
3370021 25
3371738 25
3387906 25
3665248 27
3466155 26
1154464 8
1221340 9
3373265 25
3369789 25
3369999 25
3585831 27
3369542 25
3372681 25
1161620 8
3373884 25
3365670 25
3368448 25
1220900 9
3371970 25
3568355 27
1162040 8
1160900 8
3388315 25
3376146 25
3432848 26
3371224 25
3379156 25
3371865 25
2779714 21
1220180 9
3367315 25
3521302 26
1156288 8
1160632 8
3370395 25
3376590 25
2203381 16
1155476 8
3541672 27
3467380 26
1155408 8
1161112 8
3487774 26
3388350 25
3367221 25
3384139 25
3524325 26
3381700 25
3431330 26
3387033 25
3382376 25
3369428 25
3371165 25
3509789 26
3379261 25
3378981 25
3386587 25
3457042 26
3388070 25
3381315 25
3374641 25
3564063 27
3369647 25
3463298 26
1158840 8
1155052 8
3385526 25
3386810 25
1851903 14
1106528 8
3372250 25
3446951 26
3374409 25
3385281 25
3381011 25
3446135 26
3517850 26
1157032 8
1155392 8
3387895 25
3380836 25
3451490 26
3532246 26
3371644 25
3371690 25
3447500 26
3450184 26
1160864 8
1156916 8
3471768 26
3450335 26
3508306 26
3376310 25
3445936 26
3517640 26
3521094 26
1160124 8
1160384 8
3371922 25
3464300 26
3385143 25
3386589 25
3385375 25
3291400 25
3492068 26
3379344 25
3241431 24
3386508 25
3462959 26
3380055 25
3367269 25
3385515 25
3370863 25
3499593 26
3374886 25
3378200 25
3371025 25
3381000 25
3436383 26
3370045 25
3388046 25
3366674 25
3537754 26
3458094 26
3453509 26
3455773 26
3528724 26
3371224 25
3458514 26
3448631 26
3517618 26
3520534 26
3375610 25
3366429 25
3560108 27
1160752 8
3370734 25
3399655 25
3372436 25
3389319 25
3368704 25
3494540 26
3377220 25
3387381 25
3449950 26
3680285 28
3444081 26
3444654 26
3532386 26
3372097 25
1225400 9
3371620 25
3371572 25
3374035 25
3467859 26
3375553 25
3385106 25
3375761 25
3493361 26
3372215 25
3371935 25
3368750 25
3598735 27
3457160 26
3517828 26
1161852 8
3372226 25
3487750 26
3383625 25
3381676 25
1160376 8
1153208 8
2383936 18
3449132 26
3384185 25
3386239 25
3387626 25
3519425 26
3475699 26
3513486 26
3513160 26
1154044 8
3145415 23
3246880 24
3386460 25
3371714 25
3388070 25
3550120 27
3371666 25
3372624 25
3388442 25
3510058 26
3368728 25
3388875 25
3374910 25
3443090 26
3385434 25
3370769 25
3463110 26
3585354 27
3515516 26
1156040 8
1157720 8
3443278 26
3374011 25
3362426 25
3386926 25
3533226 26
3388442 25
3371445 25
3386974 25
3448679 26
3385283 25
3375354 25
3374442 25
3368516 25
3452798 26
3380674 25
3387860 25
3368002 25
3453929 26
3387847 25
3387895 25
3366147 25
3369859 25
3436136 26
3384314 25
3379845 25
3470834 26
2711603 20
1155880 8
3438516 26
3386204 25
3367234 25
3372333 25
3448550 26
3368610 25
1154996 8
3482728 26
3447034 26
