106179 25
106693 26
104580 25
106308 25
106308 25
119512 29
107030 26
106656 26
106645 26
106492 25
106413 25
106341 25
192266 46
106155 25
105969 25
106564 26
106225 25
106341 25
106271 25
105722 25
105980 25
120387 29
106225 25
106820 26
106015 25
106529 26
106284 25
105501 25
105759 25
106457 25
106481 25
105293 25
106400 25
106214 25
107041 26
105536 25
106284 25
106004 25
106656 26
105724 25
106015 25
106074 25
106785 26
106483 25
105888 25
106354 25
106015 25
106061 25
106236 25
105374 25
106610 26
106796 26
106131 25
106820 26
106365 25
106529 26
106691 26
106177 25
106282 25
106225 25
106529 26
106389 25
106306 25
104989 25
106540 26
106330 25
105783 25
106632 26
106448 25
106844 26
106155 25
105993 25
106317 25
106260 25
105770 25
106562 26
106389 25
106516 26
106890 26
106623 26
106400 25
106597 26
105910 25
105840 25
106317 25
97941 23
106284 25
105619 25
106658 26
106492 25
106588 26
106949 26
106400 25
106365 25
106726 26
105059 25
106378 25
106319 25
105560 25
106387 25
106061 25
105818 25
106365 25
105105 25
106831 26
107264 26
106249 25
106061 25
106015 25
106085 25
106610 26
106400 25
106938 26
106669 26
106015 25
107006 26
106691 26
105792 25
106109 25
106015 25
106330 25
106026 25
106273 25
106715 26
106015 25
106273 25
99098 24
106004 25
106225 25
105899 25
105897 25
105700 25
106061 25
106247 25
106623 26
106365 25
106446 25
106144 25
106866 26
106481 25
106411 25
105805 25
106155 25
106540 26
105501 25
106457 25
106341 25
105678 25
106166 25
106459 25
105792 25
106726 26
106645 26
106354 25
105547 25
106354 25
105967 25
106144 25
106039 25
106702 26
106575 26
107019 26
106166 25
105700 25
106190 25
106704 26
106343 25
105304 25
106249 25
106750 26
106015 25
106026 25
106656 26
106667 26
106411 25
105816 25
106424 25
106424 25
107192 26
106505 26
192021 46
106387 25
106831 26
105886 25
107321 26
106772 26
106588 26
106120 25
105899 25
106190 25
105956 25
106107 25
106492 25
105665 25
106378 25
106505 26
106855 26
106645 26
106273 25
105258 25
107030 26
106529 26
106039 25
106855 26
105735 25
105700 25
105864 25
105363 25
105827 25
105991 25
105700 25
98606 24
236530 57
105455 25
106039 25
106354 25
106109 25
181208 44
105781 25
106424 25
106693 26
106529 26
106739 26
106518 26
106739 26
106260 25
106599 26
107019 26
106459 25
106761 26
106424 25
105932 25
106704 26
106260 25
106597 26
106063 25
106457 25
105851 25
106938 26
106540 26
106072 25
106772 26
106352 25
106074 25
106212 25
106726 26
105781 25
106750 26
106190 25
105689 25
105805 25
105654 25
105105 25
106238 25
106155 25
105444 25
106330 25
106494 25
106610 26
106680 26
106026 25
106715 26
106435 25
106704 26
106540 26
106774 26
105875 25
106691 26
105735 25
106319 25
105910 25
106026 25
105945 25
106074 25
105689 25
36612 8
36260 8
36636 8
106400 25
106844 26
106050 25
106236 25
106890 26
106645 26
106063 25
105781 25
106588 26
106739 26
105829 25
106750 26
106028 25
106050 25
106284 25
265381 64
106365 25
106142 25
116830 28
106459 25
106098 25
107100 26
106133 25
106575 26
105689 25
36460 8
106796 26
105245 25
107065 26
121017 29
106354 25
105781 25
106260 25
105315 25
106214 25
106319 25
36264 8
36312 8
36324 8
36248 8
106610 26
106144 25
106435 25
105958 25
106761 26
106632 26
106002 25
106518 26
105991 25
106109 25
36252 8
106820 26
106459 25
98840 24
36368 8
106190 25
105840 25
106096 25
106448 25
106271 25
106831 26
106120 25
106365 25
106260 25
106190 25
105746 25
106387 25
105945 25
106190 25
106809 26
106295 25
106796 26
107008 26
105652 25
105851 25
106015 25
106354 25
106212 25
106330 25
99061 24
106179 25
106247 25
106505 26
106190 25
106505 26
106750 26
106855 26
106656 26
106131 25
105746 25
106739 26
106831 26
106050 25
106260 25
106516 26
106645 26
106238 25
106949 26
106494 25
106481 25
106133 25
105840 25
106492 25
106201 25
106669 26
105595 25
106540 26
106448 25
106807 26
106107 25
106282 25
105619 25
106658 26
99098 24
106295 25
106190 25
106702 26
106387 25
106387 25
105923 25
106658 26
106177 25
106529 26
106516 26
106750 26
105770 25
106378 25
105746 25
105956 25
106400 25
106691 26
106177 25
106575 26
106435 25
105934 25
105991 25
106330 25
107030 26
105700 25
106680 26
106249 25
106039 25
106562 26
105385 25
106481 25
105490 25
105980 25
106562 26
105479 25
106621 26
106050 25
105759 25
105991 25
105536 25
105980 25
106481 25
105770 25
106260 25
105678 25
106448 25
106413 25
105759 25
106656 26
106820 26
106879 26
106680 26
106028 25
106518 26
100113 24
106518 26
106947 26
105372 25
106203 25
105980 25
106050 25
106190 25
105512 25
105665 25
106610 26
106645 26
99378 24
105980 25
106109 25
105945 25
106634 26
106774 26
106166 25
106201 25
106306 25
106726 26
106890 26
106203 25
106330 25
106527 26
190457 46
105910 25
105945 25
106995 26
106540 26
106155 25
106308 25
104755 25
106728 26
106120 25
106750 26
106820 26
107299 26
106750 26
106435 25
105980 25
106761 26
106820 26
106448 25
106763 26
106715 26
106623 26
105759 25
106015 25
106295 25
106236 25
106144 25
106680 26
106995 26
106925 26
106271 25
106249 25
106715 26
106354 25
105840 25
106658 26
106785 26
106483 25
106470 25
106597 26
106354 25
106354 25
106481 25
106026 25
104674 25
105875 25
106260 25
106271 25
106365 25
106074 25
106669 26
105805 25
105864 25
106844 26
105967 25
106728 26
106422 25
106096 25
106693 26
106376 25
106772 26
106658 26
106247 25
106868 26
105899 25
106109 25
105722 25
106492 25
280140 68
106470 25
98525 24
106505 26
252783 61
106505 26
105245 25
98722 24
106249 25
106669 26
106809 26
106761 26
106820 26
106273 25
106527 26
106890 26
106120 25
105956 25
106879 26
105735 25
105816 25
105619 25
106411 25
105899 25
106284 25
104919 25
105748 25
106586 26
105980 25
105851 25
106330 25
98175 23
105934 25
106050 25
105993 25
106389 25
106203 25
106004 25
105759 25
105490 25
105980 25
106026 25
106284 25
105746 25
106833 26
105538 25
106330 25
106435 25
98048 23
97952 23
105129 25
98781 24
107100 26
105781 25
98899 24
105350 25
106610 26
105549 25
106098 25
106389 25
106424 25
105245 25
105770 25
106505 26
105827 25
106610 26
105958 25
98851 24
105560 25
105886 25
105899 25
106002 25
105573 25
106225 25
105991 25
106761 26
106028 25
105549 25
106308 25
106177 25
106798 26
104976 25
106063 25
106632 26
106389 25
106098 25
105700 25
105864 25
106004 25
105490 25
106621 26
106691 26
191286 46
106376 25
106400 25
106750 26
106831 26
106295 25
106610 26
106026 25
106295 25
106656 26
106168 25
106168 25
105433 25
105934 25
105433 25
106389 25
106470 25
105501 25
107065 26
105748 25
106599 26
106669 26
106319 25
106131 25
106645 26
106459 25
106868 26
106833 26
106249 25
106343 25
106890 26
106295 25
106914 26
106424 25
106645 26
107111 26
106155 25
105875 25
106142 25
128345 31
103834 25
105442 25
106319 25
106610 26
106096 25
106446 25
105361 25
106120 25
105781 25
105643 25
106260 25
106599 26
105945 25
105945 25
105724 25
106015 25
106273 25
106739 26
106540 26
106343 25
106715 26
106341 25
105897 25
105805 25
106131 25
106050 25
36540 8
36448 8
106295 25
106424 25
106144 25
106586 26
107542 26
106691 26
105886 25
107426 26
106658 26
106109 25
106634 26
106026 25
105840 25
106249 25
106131 25
106680 26
106085 25
106634 26
106774 26
105875 25
105455 25
106282 25
105781 25
98046 23
106481 25
106422 25
106411 25
106004 25
106691 26
106225 25
106553 26
106201 25
107008 26
106295 25
106085 25
106424 25
106527 26
106203 25
106295 25
106540 26
106400 25
106505 26
106575 26
106481 25
106551 26
106249 25
105549 25
106050 25
106632 26
98549 24
97906 23
106634 26
106669 26
106203 25
106225 25
105980 25
105722 25
106656 26
106540 26
106435 25
106481 25
106599 26
106481 25
106610 26
106669 26
106330 25
105385 25
106061 25
106284 25
107006 26
106109 25
106925 26
106750 26
36644 8
105980 25
98549 24
106190 25
106448 25
106844 26
106634 26
105770 25
105783 25
106015 25
105711 25
106260 25
106505 26
105770 25
106855 26
106890 26
106575 26
106494 25
106947 26
106516 26
106739 26
105805 25
105573 25
106715 26
106236 25
105643 25
106096 25
106704 26
106446 25
105818 25
106551 26
105864 25
107065 26
105665 25
105713 25
106424 25
106109 25
106761 26
105700 25
105700 25
106096 25
105818 25
106238 25
106015 25
105934 25
98735 24
106516 26
107008 26
105665 25
214351 52
106096 25
106050 25
105735 25
106155 25
106726 26
106842 26
106645 26
105759 25
105700 25
105711 25
106494 25
106505 26
106588 26
105816 25
106470 25
106820 26
106271 25
106621 26
106995 26
106354 25
106772 26
106772 26
106365 25
106494 25
106529 26
106144 25
192290 46
106656 26
105501 25
106249 25
106400 25
106142 25
291294 71
106599 26
105770 25
106096 25
105932 25
106422 25
105840 25
106225 25
106028 25
106809 26
106389 25
105525 25
105886 25
106588 26
106820 26
106726 26
106004 25
105886 25
106271 25
106109 25
105164 25
105991 25
106387 25
106446 25
106155 25
107275 26
106411 25
106540 26
105934 25
105956 25
106575 26
106085 25
105980 25
106341 25
105853 25
106448 25
124578 30
106411 25
106457 25
105864 25
105525 25
106914 26
106236 25
106669 26
107030 26
106015 25
106144 25
105606 25
106446 25
106131 25
106179 25
106842 26
106540 26
106680 26
106190 25
106551 26
106796 26
106599 26
106387 25
106271 25
106982 26
106529 26
106085 25
106435 25
105910 25
105829 25
106483 25
105665 25
106317 25
106435 25
191356 46
106026 25
106212 25
106295 25
105864 25
106308 25
106179 25
105676 25
106518 26
106656 26
106597 26
106599 26
106481 25
106540 26
106481 25
105934 25
105770 25
106179 25
105910 25
106341 25
106074 25
106295 25
106516 26
106588 26
106505 26
106085 25
106494 25
106446 25
98304 24
105256 25
106470 25
106061 25
106144 25
106903 26
105875 25
106551 26
106400 25
106855 26
106457 25
106295 25
106562 26
105910 25
105328 25
106505 26
106680 26
105221 25
105573 25
106446 25
106866 26
106470 25
106317 25
106914 26
106960 26
106645 26
105304 25
106249 25
105700 25
106726 26
106400 25
106669 26
105910 25
105991 25
106540 26
106645 26
191894 46
106376 25
106750 26
106645 26
106144 25
106586 26
106319 25
106295 25
106411 25
106039 25
105385 25
