3128 48
3220 50
3128 48
2988 46
2813 43
3174 49
3570 55
2916 45
2929 45
3723 58
3126 48
4095 63
3314 51
3338 52
2892 45
3150 49
3091 48
3104 48
3034 47
3198 49
2999 46
2905 45
3080 48
3231 50
3069 47
3185 49
3242 50
3115 48
3174 49
3163 49
3023 47
3139 49
3021 47
3185 49
3137 49
2940 45
2929 45
3080 48
2999 46
3745 58
3207 50
3102 48
1020 15
2999 46
3605 56
3478 54
2964 46
3163 49
3139 49
2881 45
3185 49
3325 51
3056 47
3347 52
3172 49
2881 45
3010 47
2881 45
2905 45
3115 48
3185 49
3174 49
3185 49
3045 47
2975 46
3290 51
3244 50
3139 49
3384 52
3045 47
3279 51
3069 47
3185 49
3010 47
3163 49
3021 47
3139 49
3069 47
3032 47
2929 45
3185 49
3185 49
3303 51
2883 45
2927 45
2859 44
2870 44
2929 45
3629 56
3139 49
3651 57
3489 54
3021 47
2881 45
3150 49
3139 49
3069 47
3093 48
3314 51
3021 47
3150 49
3102 48
2857 44
3093 48
2894 45
2975 46
3010 47
2951 46
3139 49
3161 49
2927 45
3233 50
2848 44
3126 48
3069 47
3290 51
3163 49
3174 49
3198 49
3172 49
2883 45
2883 45
3058 47
2835 44
3080 48
3196 49
3233 50
3126 48
3021 47
3115 48
2953 46
3150 49
3045 47
3255 50
3045 47
3161 49
3093 48
3093 48
3023 47
3069 47
3139 49
2964 46
3732 58
3091 48
3045 47
3021 47
3115 48
2929 45
3161 49
3126 48
3045 47
3150 49
3395 53
2883 45
3207 50
3185 49
3233 50
3163 49
3242 50
3010 47
3163 49
2999 46
3034 47
3080 48
3686 57
2916 45
3139 49
3336 52
3242 50
3419 53
3161 49
3102 48
2883 45
3150 49
3174 49
3303 51
3406 53
3034 47
3312 51
3069 47
3207 50
2916 45
3126 48
3045 47
3244 50
2859 44
3360 52
3347 52
3198 49
2986 46
3115 48
3675 57
3373 52
2905 45
3242 50
3301 51
3244 50
3021 47
3056 47
3139 49
3242 50
3476 54
3163 49
3325 51
2918 45
2997 46
3325 51
988 15
1040 16
1108 17
1272 19
2870 44
3465 54
3045 47
3347 52
3303 51
3010 47
3139 49
3279 51
3312 51
2988 46
3303 51
3231 50
3220 50
3233 50
3161 49
3233 50
2940 45
2940 45
2975 46
3209 50
3069 47
3045 47
3209 50
2951 46
3163 49
3069 47
3174 49
2986 46
3126 48
2870 44
2894 45
3301 51
3010 47
3067 47
3220 50
2859 44
3137 49
3301 51
2964 46
3080 48
3196 49
3126 48
3139 49
3045 47
3010 47
2870 44
3069 47
3196 49
3080 48
3056 47
3126 48
2999 46
2953 46
3010 47
3080 48
3360 52
3150 49
3454 53
3161 49
3010 47
3382 52
3093 48
2999 46
3209 50
3150 49
3126 48
3080 48
3139 49
3279 51
3115 48
2929 45
2940 45
3290 51
3045 47
2883 45
3069 47
2999 46
3093 48
3102 48
3150 49
3056 47
3115 48
2940 45
3231 50
3139 49
3045 47
3174 49
3080 48
3104 48
3150 49
2988 46
3067 47
2905 45
2986 46
3198 49
3209 50
3034 47
2940 45
3139 49
3080 48
3150 49
2951 46
2894 45
3045 47
3487 54
2986 46
3056 47
3139 49
3174 49
3150 49
2986 46
3104 48
3067 47
3080 48
3161 49
2916 45
3349 52
3360 52
3371 52
3150 49
3209 50
3279 51
3126 48
3220 50
3384 52
3476 54
3045 47
3198 49
3279 51
3314 51
3126 48
3080 48
3128 48
3058 47
2883 45
3325 51
3174 49
3115 48
3255 50
3115 48
3174 49
2999 46
4235 66
3104 48
2905 45
3161 49
2988 46
3268 51
3172 49
3034 47
3161 49
3115 48
3406 53
3091 48
2859 44
3023 47
3255 50
3174 49
3161 49
2975 46
3034 47
3699 57
2953 46
3430 53
2927 45
3384 52
2940 45
3080 48
2800 43
3150 49
3290 51
3126 48
3220 50
3150 49
3045 47
3126 48
2870 44
3010 47
3102 48
2940 45
3080 48
2870 44
3126 48
2986 46
3209 50
2975 46
3207 50
2916 45
3266 51
3045 47
3255 50
2859 44
3244 50
3115 48
3023 47
3522 55
3045 47
3034 47
3255 50
2859 44
2870 44
2857 44
3091 48
3220 50
3513 54
3255 50
2986 46
3207 50
3010 47
3045 47
3266 51
3290 51
3056 47
3093 48
3417 53
3233 50
3126 48
3091 48
3338 52
3102 48
3126 48
2905 45
2940 45
4386 68
3185 49
3010 47
3255 50
2988 46
3126 48
3126 48
3662 57
3255 50
3454 53
3115 48
2999 46
3220 50
2999 46
3115 48
3093 48
3384 52
3441 53
3231 50
3091 48
3791 59
3126 48
3045 47
3045 47
3174 49
2905 45
3091 48
3067 47
3802 59
3314 51
3056 47
3080 48
3139 49
3290 51
2986 46
3231 50
3056 47
3185 49
2986 46
3093 48
3161 49
3419 53
2859 44
3080 48
2975 46
1080 16
1104 17
2986 46
3325 51
3314 51
3010 47
3163 49
3104 48
3080 48
3220 50
3349 52
2975 46
3325 51
2997 46
2881 45
2857 44
2905 45
3045 47
3045 47
3139 49
3067 47
3115 48
3231 50
3196 49
3034 47
3268 51
3104 48
3034 47
2881 45
3231 50
3056 47
3056 47
3115 48
3314 51
3139 49
3067 47
3266 51
3010 47
3010 47
3161 49
3045 47
3209 50
2859 44
3056 47
3511 54
3266 51
3045 47
3010 47
3185 49
3069 47
3115 48
3209 50
3034 47
3172 49
3080 48
3069 47
3266 51
3093 48
3058 47
2870 44
3056 47
2892 45
2894 45
2881 45
2988 46
2859 44
3126 48
2881 45
3093 48
2857 44
3163 49
2997 46
2964 46
3128 48
3627 56
2997 46
2859 44
3338 52
3139 49
3032 47
3010 47
3196 49
3034 47
3128 48
3559 55
3069 47
2929 45
3150 49
2951 46
3080 48
3104 48
3441 53
3093 48
2953 46
3056 47
3290 51
3034 47
2918 45
2905 45
3384 52
3080 48
3069 47
3266 51
2870 44
3010 47
3231 50
3277 51
3128 48
3338 52
2975 46
3570 55
3139 49
2962 46
3115 48
2988 46
3163 49
3185 49
3384 52
2962 46
3023 47
3010 47
3104 48
3360 52
3185 49
3605 56
3067 47
3465 54
2870 44
2892 45
3244 50
3163 49
3104 48
3443 53
3069 47
3150 49
3091 48
3115 48
3069 47
3314 51
3091 48
3067 47
3150 49
3023 47
3067 47
2929 45
3045 47
3034 47
3115 48
3056 47
3150 49
3290 51
3301 51
3185 49
3198 49
3220 50
3104 48
3126 48
3231 50
3174 49
3266 51
3102 48
2857 44
3091 48
3279 51
3045 47
2881 45
3091 48
3034 47
2962 46
2940 45
3032 47
3104 48
3454 53
2988 46
3021 47
2951 46
2916 45
3231 50
3150 49
3102 48
3080 48
2975 46
3021 47
2975 46
3115 48
3290 51
3268 51
3091 48
2988 46
3279 51
3010 47
3301 51
3546 55
3174 49
3091 48
3478 54
3115 48
3360 52
3137 49
3277 51
2859 44
2951 46
3021 47
3699 57
3069 47
3056 47
3056 47
3207 50
3209 50
3161 49
3080 48
3266 51
3080 48
3360 52
3010 47
976 15
1465 22
1590 24
3056 47
3126 48
3115 48
3209 50
2988 46
3209 50
3023 47
3091 48
3185 49
3174 49
3067 47
3417 53
3056 47
3441 53
3161 49
3244 50
3032 47
3268 51
3091 48
3150 49
3045 47
2916 45
2951 46
2894 45
3034 47
3115 48
2975 46
3115 48
2988 46
2916 45
2905 45
3266 51
3301 51
3067 47
2940 45
3150 49
2940 45
3207 50
2975 46
3034 47
3058 47
2953 46
2846 44
3220 50
3069 47
2859 44
3034 47
3045 47
3535 55
3185 49
3301 51
3955 61
3021 47
3675 57
3185 49
3104 48
3091 48
2859 44
3417 53
3161 49
3452 53
3196 49
2905 45
3465 54
3021 47
2929 45
3524 55
2927 45
3126 48
3150 49
3242 50
3139 49
3069 47
3045 47
3185 49
3301 51
2881 45
4095 63
3126 48
3290 51
3069 47
3150 49
3080 48
3034 47
2894 45
3080 48
3010 47
3745 58
3559 55
3220 50
3150 49
3172 49
3023 47
3056 47
3091 48
3231 50
2918 45
3314 51
2881 45
2988 46
3290 51
3312 51
3174 49
3220 50
3325 51
3045 47
3115 48
3045 47
3069 47
3045 47
3069 47
2870 44
3244 50
3301 51
3441 53
3242 50
3161 49
3244 50
3220 50
2892 45
3034 47
2975 46
3347 52
3174 49
2881 45
3220 50
2940 45
3034 47
3045 47
3465 54
3056 47
3535 55
3209 50
3045 47
3244 50
3021 47
3220 50
3207 50
3045 47
3069 47
2951 46
3511 54
2881 45
2894 45
3174 49
3139 49
3139 49
2999 46
3021 47
2999 46
2905 45
3161 49
3126 48
3091 48
3207 50
2940 45
2986 46
3360 52
3150 49
3325 51
3069 47
3336 52
2999 46
3021 47
3010 47
3080 48
3045 47
3137 49
3220 50
3268 51
3093 48
3325 51
3034 47
3196 49
3056 47
3231 50
3056 47
3137 49
3102 48
3185 49
3080 48
3430 53
3091 48
2929 45
2962 46
3126 48
3021 47
2870 44
2859 44
3268 51
3279 51
3058 47
2857 44
3279 51
2975 46
3255 50
3045 47
2870 44
3220 50
3161 49
2894 45
3069 47
3139 49
3161 49
3093 48
3196 49
3161 49
3371 52
3056 47
2706 42
3010 47
3500 54
3115 48
2870 44
2881 45
3034 47
3091 48
3452 53
3314 51
3185 49
3174 49
3255 50
3207 50
2870 44
3172 49
2999 46
2997 46
3277 51
3137 49
4340 67
3045 47
3314 51
3034 47
3034 47
3198 49
3023 47
3034 47
3441 53
3336 52
2881 45
2870 44
3010 47
3034 47
2905 45
3032 47
3653 57
2964 46
3045 47
2881 45
2986 46
3231 50
2986 46
3231 50
3233 50
3174 49
3174 49
1060 16
3056 47
3150 49
3056 47
3045 47
1008 15
988 15
3301 51
3896 60
3023 47
3185 49
3255 50
3209 50
3104 48
2962 46
3010 47
3174 49
3384 52
3045 47
2870 44
3010 47
3675 57
3058 47
3209 50
3242 50
3314 51
3115 48
3325 51
3056 47
3231 50
3058 47
3045 47
3163 49
3325 51
3069 47
3452 53
3091 48
3045 47
3067 47
2905 45
3196 49
3010 47
3360 52
2846 44
3091 48
3395 53
3465 54
