40414460 205
34331688 174
33848088 172
32870516 167
34288384 174
33381020 169
33749472 171
34223560 174
33876480 172
33277108 169
34365524 174
33580676 170
33689192 171
34721828 176
35097744 178
33880724 172
34428808 175
33781460 171
34109812 173
34373116 174
33562508 170
35133380 178
34188380 173
33297828 169
33606152 170
34791368 176
33743344 171
33065912 168
34662268 176
33600900 170
34362876 174
33882824 172
33770532 171
33468532 170
34144536 173
34215028 174
33508256 170
34811904 177
33090996 168
32480964 165
33786624 171
33273592 169
38580936 196
34569024 175
33979316 172
32687144 166
34431744 175
33070680 168
33398200 169
34459420 175
33697108 171
33024728 167
33998244 172
33824504 172
33948148 172
34135764 173
36160272 183
33601808 170
34623600 176
33152636 168
33675508 171
34297860 174
32885020 167
33194636 168
34749396 176
33227360 169
33481660 170
34339920 174
33301036 169
35731180 181
33962768 172
33092008 168
34574928 175
33622832 171
33268536 169
33094768 168
34116312 173
33098040 168
34325188 174
33450096 170
33469020 170
33541132 170
41203108 209
33680508 171
34905176 177
33520784 170
33261668 169
33415584 169
33765056 171
33196736 168
33748672 171
33703784 171
33203180 168
33700172 171
33941092 172
35177600 178
33955200 172
33904052 172
33595204 170
34455728 175
33357876 169
33213572 168
34268716 174
34003456 172
33626904 171
33995032 172
33534172 170
33231768 169
34116232 173
32956092 167
33587316 170
33656528 171
33376424 169
33560992 170
33992672 172
32446080 165
33563812 170
34715944 176
33419108 169
34292992 174
33984844 172
38303032 194
33932424 172
34023652 173
32979288 167
34317044 174
33269156 169
33514424 170
34642964 176
33735428 171
34070160 173
34454424 175
32747196 166
34343244 174
34181672 173
40744956 207
34196488 173
34180232 173
33100844 168
33676336 171
34441204 175
33273416 169
34452736 175
36546924 185
33268124 169
33790084 171
34452860 175
32841096 167
33823148 172
34202984 173
33434716 170
34543640 175
34526520 175
33639104 171
33755180 171
33926932 172
33569152 170
33751684 171
34150092 173
33784004 171
33414560 169
34668564 176
32899852 167
34881560 177
34020052 173
33308408 169
33982672 172
33765596 171
32621200 165
33999612 172
33063632 168
32874576 167
34321484 174
33450628 170
34075740 173
33875588 172
33334152 169
34276704 174
34399820 174
33179240 168
33358952 169
34464076 175
33442124 170
33685426 171
34494736 175
34166224 173
33814752 171
33794316 171
33487976 170
33704956 171
38278592 194
34311260 174
34796280 176
33931204 172
33523792 170
33750780 171
33493996 170
33731980 171
34071476 173
34222728 174
33282836 169
33939404 172
34188000 173
33251464 169
35379164 179
34447936 175
34254024 174
33474624 170
33951980 172
33597148 170
33227468 169
34323551 174
34363780 174
34016104 173
33945668 172
33639368 171
33797400 171
33149572 168
37343544 189
34049700 173
33537896 170
33965812 172
34097344 173
33756012 171
32980992 167
34374608 174
34853576 177
34057740 173
34090752 173
34225800 174
34098196 173
33506844 170
40303812 204
34431544 175
34471232 175
35509664 180
33928712 172
34082724 173
33263660 169
34210220 174
34624148 176
34025516 173
34232324 174
34526508 175
34060996 173
33345232 169
35412152 180
34131516 173
33558564 170
33532316 170
34537808 175
33645564 171
33646796 171
34105840 173
34173156 173
34576276 175
33261404 169
34370928 174
33591752 170
33470276 170
34531856 175
33979076 172
33805620 171
33470956 170
34043720 173
33467424 170
33244932 169
34556280 175
33834220 172
34277188 174
33620052 171
33757056 171
33762468 171
33673816 171
34242320 174
34273556 174
33896304 172
33791920 171
33978392 172
33626844 171
33510216 170
33978352 172
33813448 171
34277800 174
34592732 175
34386820 174
33794664 171
33273792 169
33506244 170
34088768 173
34076576 173
34094548 173
34419524 175
33284772 169
32487612 165
33569744 170
33405160 169
33810276 171
34669664 176
33297652 169
33478172 170
33910528 172
33834308 172
33914284 172
34504864 175
33035532 168
33831464 172
33380544 169
33974904 172
33802076 171
34186924 173
34042532 173
33527932 170
33176816 168
33635128 171
34132636 173
33944556 172
34059380 173
33342384 169
34745852 176
33767736 171
33914600 172
34158880 173
33885400 172
33748480 171
33575132 170
33956060 172
34602924 175
34587092 175
33571316 170
33169792 168
33073672 168
33544928 170
33676520 171
33647976 171
33035460 168
33155104 168
33741768 171
33810900 171
34584668 175
34083064 173
33869856 172
32830960 166
33559756 170
34126256 173
33897212 172
33873692 172
33601544 170
32939628 167
33100800 168
33780624 171
33680216 171
34346444 174
33875884 172
33728388 171
33945132 172
33834352 172
33858964 172
33964456 172
33820760 172
33271688 169
32817332 166
33883376 172
33457520 170
34047924 173
33704012 171
33792236 171
33480156 170
33292084 169
33967248 172
33755416 171
34930016 177
34119904 173
33617572 170
33104632 168
33614744 170
33621284 171
34874720 177
33661884 171
33112512 168
33225376 168
33552248 170
34141440 173
33944912 172
34834128 177
33879740 172
33480612 170
33074620 168
34650868 176
33478260 170
34015596 173
34273892 174
32793248 166
32862296 167
33366772 169
33843096 172
34217148 174
33852652 172
33429964 170
33887100 172
36238296 184
33799880 171
34079900 173
33263080 169
33285004 169
33296892 169
33650280 171
33697188 171
34022244 173
34137376 173
33434624 170
33776804 171
32940276 167
34426824 175
32371960 164
33819888 172
32882888 167
33469564 170
33204704 168
34386776 174
33500284 170
32785768 166
33837264 172
33082000 168
34436864 175
33342196 169
33577516 170
32840216 167
33461048 170
33937952 172
34394828 174
33018512 167
33366808 169
33107452 168
33281280 169
33265880 169
34154844 173
34267860 174
32816572 166
33527584 170
33981084 172
34080728 173
33515092 170
32944100 167
33492308 170
33596564 170
33973628 172
33239428 169
32966184 167
33668784 171
33529372 170
34767728 176
33453068 170
33891132 172
33793380 171
33959600 172
33573624 170
34697196 176
33452324 170
32646648 166
33553948 170
33233676 169
34112164 173
34649064 176
33948404 172
33765100 171
33525080 170
34253648 174
33409684 169
34510932 175
32770736 166
33536004 170
33219496 168
33981324 172
33778440 171
33450292 170
33086356 168
33719148 171
33675928 171
33145128 168
34299988 174
33830812 172
33352664 169
33993964 172
33439532 170
33851212 172
33569920 170
34255340 174
33571928 170
34521976 175
32877956 167
34116948 173
33780916 171
33468832 170
34017576 173
33131436 168
34275384 174
33797536 171
33755820 171
33288508 169
33976812 172
33973772 172
34390424 174
33508720 170
33587416 170
33791316 171
33030236 168
39913680 203
33383616 169
33894784 172
33585452 170
34476912 175
33982756 172
33583056 170
34183496 173
33577012 170
33927892 172
34137204 173
33730292 171
34422620 175
33362876 169
34730664 176
33657968 171
34064876 173
33991728 172
33923204 172
34422776 175
33967028 172
34097900 173
33960032 172
34148404 173
33374932 169
34284468 174
33445300 170
34543812 175
33974160 172
34073296 173
33951528 172
33220640 168
34100544 173
33795636 171
34120996 173
33796516 171
33795984 171
33616416 170
33923844 172
33858104 172
34219060 174
33891728 172
33486912 170
33035796 168
33977480 172
34132668 173
34334844 174
33769672 171
33304372 169
33224408 168
33506684 170
34030256 173
33629500 171
34268284 174
33886440 172
34300792 174
33662796 171
33397588 169
33705820 171
41008856 208
34122514 173
33912772 172
33669496 171
34307276 174
33472320 170
33577656 170
33467636 170
34322948 174
33004600 167
34662292 176
33499092 170
33450880 170
33952236 172
33986752 172
33827700 172
34412688 175
33352448 169
33428260 170
33720012 171
34121328 173
33880308 172
34408956 175
33694416 171
33545924 170
34238556 174
33799532 171
34144584 173
33872820 172
33490524 170
33344816 169
34146824 173
33781120 171
33993556 172
40975072 208
33609172 170
33847344 172
33634848 171
33231160 169
34284244 174
33456640 170
33923784 172
34505844 175
34120984 173
33849040 172
33699056 171
33802252 171
33530000 170
34555440 175
33962052 172
34450016 175
33180988 168
33885860 172
33422456 169
33540748 170
33942416 172
34219108 174
33362640 169
33011908 167
33996488 172
33518668 170
34215052 174
34555484 175
32987644 167
33792936 171
34027028 173
33835636 172
34090268 173
33595140 170
34268328 174
33581520 170
33954392 172
33653572 171
34414724 175
33277228 169
33338560 169
33426876 170
33838084 172
34059568 173
34581104 175
33543444 170
33599124 170
33521284 170
33892736 172
33578780 170
33743068 171
33359468 169
33402512 169
33471316 170
33706268 171
33805580 171
33233216 169
33360472 169
33362404 169
33912176 172
33554888 170
33423052 169
33579972 170
33685640 171
33951520 172
34270192 174
34246496 174
33392420 169
33075816 168
33381720 169
33937132 172
33858364 172
34259940 174
32614428 165
32984484 167
33758452 171
34419060 175
33795800 171
33581712 170
33684408 171
33684960 171
33725916 171
34275500 174
34886888 177
32782308 166
33385264 169
33225524 168
33718472 171
33674724 171
33859768 172
32927696 167
33374700 169
34049744 173
34472808 175
33994896 172
33561788 170
33095152 168
33148388 168
34027312 173
34126780 173
33942720 172
32810972 166
33570772 170
33773624 171
33554112 170
33898464 172
33365740 169
33127064 168
33276432 169
33663540 171
34597832 175
33872012 172
33965156 172
32472300 165
33303460 169
33737580 171
34034736 173
33521252 170
33840156 172
32860316 167
33417852 169
33587804 170
34022980 173
33644128 171
34560488 175
32924672 167
33536132 170
33748076 171
33786612 171
35173160 178
34430032 175
32825768 166
33225524 168
33789728 171
33608904 170
34330044 174
34411792 175
33028844 167
33669084 171
33544680 170
33627264 171
34199008 173
34433116 175
33389080 169
33967624 172
34052236 173
34774004 176
33861240 172
32816328 166
32818052 166
33429032 170
33671244 171
34523496 175
34144500 173
33681460 171
34029020 173
33676268 171
34747216 176
34014144 173
33443852 170
33517408 170
34011920 172
33888464 172
34176760 173
34347636 174
33011612 167
33861588 172
33960076 172
34178484 173
33887816 172
34800464 177
33884936 172
33576212 170
33316068 169
34751108 176
33798612 171
33495356 170
33456968 170
33929816 172
33871320 172
34423000 175
33808412 171
33428032 170
34040332 173
34030320 173
34052040 173
34117284 173
33556960 170
33630856 171
33715644 171
33572848 170
34940664 177
33336164 169
33695452 171
33071252 168
33733288 171
34347592 174
33988604 172
33479936 170
33289788 169
33473212 170
34382788 174
33558332 170
33391640 169
33565752 170
33978504 172
34419724 175
33749392 171
33229456 169
33076124 168
33157076 168
33571292 170
34094168 173
33847984 172
34037308 173
33353680 169
34062556 173
33660112 171
33541712 170
33800584 171
34106848 173
33885244 172
33878292 172
34034008 173
33358968 169
33948604 172
36337328 184
33941236 172
34095328 173
34011380 172
33829836 172
33866108 172
33229980 169
34027024 173
33233732 169
34368240 174
33710240 171
33596548 170
33985896 172
34304048 174
33354528 169
34175060 173
33928272 172
33700576 171
33823700 172
34362052 174
33944204 172
33794688 171
33615728 170
33157296 168
33388068 169
34427164 175
34192780 173
34065272 173
34608064 176
33424288 170
33572444 170
34746404 176
33852124 172
33343176 169
34592392 175
34167544 173
33397028 169
34298604 174
33981864 172
33291992 169
34802384 177
34034204 173
33543292 170
33842280 172
34218192 174
32934648 167
34842868 177
44658408 227
33153568 168
34266684 174
34321972 174
33519096 170
35275716 179
33701624 171
33686452 171
34532032 175
33225948 168
34275120 174
33912044 172
33704248 171
33520772 170
34225652 174
33530932 170
33891500 172
34012848 172
33750704 171
33306804 169
34153608 173
33085360 168
34219424 174
33901268 172
33759184 171
33325892 169
34357028 174
33860968 172
34687380 176
33536384 170
33490732 170
34568680 175
33589984 170
37229476 189
33913548 172
33778172 171
34243368 174
33979968 172
33336524 169
34244924 174
33522768 170
34588812 175
33669044 171
33478964 170
33818476 172
34349940 174
34353360 174
33243976 169
34389160 174
33847176 172
34126564 173
34329400 174
33209848 168
33410928 169
33884104 172
33750984 171
33969604 172
33597824 170
33512284 170
33861756 172
33934204 172
33613528 170
34376896 174
34102908 173
33224364 168
34053168 173
33593392 170
34000548 172
33955088 172
33566468 170
34033764 173
33721848 171
33860388 172
33598136 170
33467172 170
33758804 171
33925444 172
33837184 172
34331160 174
33371816 169
34023836 173
34607596 176
33745284 171
34238380 174
33603028 170
33931028 172
33519368 170
33657616 171
33338148 169
35395480 180
33499256 170
33085940 168
34359756 174
34169912 173
34093052 173
33598748 170
33901848 172
34181784 173
34108984 173
33530988 170
34507172 175
33481248 170
34158340 173
34102096 173
33479244 170
34346092 174
33603876 170
33860500 172
34063892 173
33937036 172
33796636 171
34476748 175
33119756 168
33787680 171
36658940 186
34181228 173
33884168 172
34023544 173
33869548 172
34174696 173
34039448 173
33805404 171
33914344 172
33603344 170
33658708 171
33809680 171
