542242 117
536677 116
526761 114
563850 122
546525 118
567549 123
553444 120
551123 119
532385 115
571642 124
559230 121
519481 112
739200 160
528909 114
561796 121
570872 123
535441 116
564561 122
525584 114
514279 111
563769 122
559545 121
581490 126
670005 145
644735 139
534299 115
534358 115
570290 123
516611 112
543491 117
563220 122
596844 129
573475 124
550294 119
562975 122
541800 117
510615 110
495624 107
500907 108
473410 102
510768 110
516495 112
545009 118
552545 119
527100 114
512015 111
516543 112
616794 133
676528 146
674811 146
576625 125
506078 109
544331 118
553897 120
581339 126
573790 124
516414 112
662808 143
553490 120
592060 128
564248 122
575411 124
754589 163
580276 125
586215 127
579377 125
576881 125
553665 120
593296 128
552311 119
553175 120
580906 126
559416 121
773861 167
547785 118
526308 114
535115 116
617680 134
511923 111
527415 114
533061 115
479979 104
512610 111
680809 147
548835 119
565040 122
565064 122
537099 116
511046 110
492135 106
492334 106
493045 106
497700 108
629952 136
533982 115
533680 115
523823 113
550970 119
533107 115
542581 117
533190 115
527835 114
582551 126
539746 117
524906 113
812337 176
524265 113
573427 124
561807 121
522316 113
540842 117
508224 110
573230 124
540238 117
513986 111
531930 115
751520 163
510510 110
548275 118
549592 119
528150 114
499719 108
538499 116
656939 142
537425 116
566567 122
577021 125
551961 119
568785 123
566101 122
574735 124
676585 146
519107 112
517779 112
520894 113
447077 97
546980 118
552171 119
532514 115
563688 122
563419 122
535791 116
512166 111
554131 120
518210 112
636906 138
494353 107
490245 106
495716 107
510311 110
520625 112
523799 113
479266 104
547096 118
514780 111
539468 117
667181 144
540284 117
556419 120
538451 116
553339 120
569951 123
685090 148
568422 123
545661 118
545593 118
513391 111
531125 115
548135 118
544484 118
521522 113
532501 115
581759 126
752640 163
518864 112
507080 110
467624 101
516412 112
550421 119
498050 108
522432 113
534181 115
541684 117
548752 119
812081 176
504081 109
504652 109
506054 109
568494 123
566615 122
558729 121
549710 119
553490 120
506625 109
535592 116
743260 161
525676 114
494445 107
518057 112
503674 109
538626 116
561190 121
605417 131
531744 115
556839 120
576916 125
747751 162
661653 143
560735 121
667192 144
545825 118
529515 114
518783 112
532337 115
547470 118
522386 113
515106 111
531112 115
530368 115
521662 113
480154 104
505098 109
508563 110
528616 114
504140 109
672000 145
559709 121
536305 116
533658 115
523541 113
524079 113
475322 103
785026 170
532420 115
507139 110
562671 122
572425 124
558110 121
515235 111
487456 105
482370 104
603855 131
499566 108
517532 112
551320 119
556452 120
594300 128
553630 120
529609 114
517731 112
528325 114
647244 140
513461 111
530939 115
546665 118
539011 116
528863 114
649495 140
521640 113
547505 118
535535 116
556010 120
569205 123
541671 117
519901 112
518886 112
591478 128
549476 119
773487 167
496685 107
541590 117
534356 115
519796 112
538031 116
553337 120
563371 122
554072 120
587206 127
494865 107
519621 112
530834 115
524685 113
525805 114
496558 107
531779 115
557865 121
563220 122
718983 156
544519 118
519378 112
538055 116
533715 115
541017 117
484726 105
524206 113
538919 116
686339 148
546956 118
561866 121
554483 120
558530 121
557607 121
541555 117
566766 122
549664 119
553991 120
511350 110
540166 117
568459 123
544659 118
544845 118
531698 115
540901 117
549931 119
547061 118
574538 124
568319 123
579193 125
608370 132
555717 120
530250 115
576660 125
554039 120
533330 115
531020 115
545160 118
548415 119
554982 120
529865 114
526435 114
512107 111
517464 112
541730 117
515515 111
576286 125
517556 112
529981 115
508001 110
537915 116
567059 123
511059 110
554435 120
527253 114
612476 132
505516 109
780419 169
555111 120
527463 114
510009 110
496895 107
544635 118
552720 119
551937 119
534787 116
572694 124
574910 124
554107 120
569474 123
522655 113
503311 109
512411 111
534122 115
525711 114
545381 118
621578 134
592012 128
634911 137
569380 123
574897 124
546735 118
556500 120
552545 119
544425 118
494830 107
653216 141
462897 100
492111 106
512144 111
501528 108
504407 109
511245 110
528185 114
505483 109
500662 108
502331 109
602536 130
532339 115
551624 119
526249 114
506076 109
494550 107
527159 114
509414 110
542920 117
554562 120
606340 131
510475 110
542198 117
523309 113
525339 114
516226 112
510427 110
523950 113
644770 139
557095 120
534472 115
542898 117
565390 122
604579 131
574687 124
575319 124
592141 128
557701 121
560956 121
507839 110
489755 106
519225 112
544858 118
503803 109
545101 118
560455 121
564200 122
787767 170
590485 128
562367 122
592830 128
594066 128
571351 123
590649 128
593296 128
601405 130
559545 121
539606 117
567280 123
668618 145
521850 113
578257 125
554984 120
539735 117
449306 97
420851 91
460202 99
517335 112
562555 122
563465 122
602094 130
562870 122
508854 110
442096 95
509764 110
502145 108
539514 117
507465 110
564456 122
565810 122
578948 125
662095 143
562997 122
527857 114
537403 116
556161 120
659120 143
546140 118
526131 114
517464 112
483116 104
482943 104
544355 118
664731 144
542349 117
550690 119
554330 120
557362 120
559556 121
572180 124
534358 115
533387 115
543200 117
523845 113
770818 167
511794 111
531125 115
509893 110
527927 114
531278 115
526494 114
539094 116
577196 125
577570 125
595269 129
566346 122
797044 172
611964 132
575365 124
558180 121
521535 113
528312 114
568680 123
573335 124
548334 118
545033 118
545475 118
544320 118
771785 167
557410 120
563837 122
596597 129
530355 115
527426 114
569229 123
559055 121
523810 113
568085 123
550631 119
567129 123
527391 114
511302 110
553875 120
607261 131
730695 158
590113 128
513531 111
534706 116
571655 124
580777 126
505470 109
510068 110
601136 130
581081 126
554761 120
551447 119
497897 108
675559 146
498400 108
519726 112
506450 109
530915 115
488191 105
531278 115
528185 114
585725 127
564001 122
560431 121
584990 126
505026 109
501364 108
529410 114
539630 117
558040 121
558495 121
553665 120
551110 119
563010 122
602420 130
578889 125
561247 121
588993 127
582516 126
569065 123
551939 119
509821 110
525057 113
569544 123
536176 116
664825 144
598570 129
603177 130
594860 129
606423 131
596564 129
544891 118
489429 106
495751 107
514500 111
553643 120
626325 135
525770 114
497116 107
523985 113
526984 114
552464 119
521920 113
523075 113
537460 116
546840 118
561317 121
548776 119
508946 110
536095 116
559405 121
726436 157
602781 130
697585 151
549874 119
548008 118
541601 117
552322 119
509506 110
490759 106
487049 105
538031 116
516110 112
533177 115
698145 151
513859 111
514909 111
531009 115
551554 119
491691 106
526562 114
558810 121
565950 122
576531 125
566803 123
534671 116
556419 120
551099 119
549279 119
509401 110
726797 157
545044 118
539210 117
551705 119
566884 123
586718 127
580451 125
554319 120
549384 119
551646 119
560431 121
527065 114
536515 116
673039 146
514756 111
508878 110
618310 134
500338 108
532514 115
524510 113
531836 115
538184 116
518584 112
507990 110
503044 109
496055 107
557353 120
566265 122
544075 118
541507 117
533575 115
536187 116
539840 117
539757 117
558657 121
587534 127
534485 115
533984 115
538790 116
486255 105
561809 121
554540 120
530530 115
562216 122
543130 117
473970 102
557771 121
636219 138
570592 123
521290 113
521034 113
492789 106
504794 109
498575 108
552976 120
566418 122
544740 118
518770 112
735899 159
541787 117
530333 115
567851 123
526341 114
555498 120
537530 116
532455 115
547750 118
536025 116
549255 119
601335 130
679711 147
523272 113
524195 113
551589 119
541170 117
528896 114
518630 112
507347 110
530939 115
548043 118
634911 137
743680 161
563874 122
550235 119
568702 123
579659 125
562577 122
591966 128
591944 128
600576 130
567757 123
563478 122
528430 114
708971 153
532116 115
528697 114
537040 116
528338 114
556686 120
550399 119
539606 117
551974 119
543585 117
516191 112
540050 117
555415 120
535174 116
543141 117
530449 115
493338 107
649403 140
495939 107
529073 114
549465 119
540960 117
575155 124
598198 129
586659 127
576520 125
560713 121
563793 122
575411 124
713195 154
553175 120
567549 123
607064 131
582470 126
551856 119
512586 111
523681 113
518396 112
528104 114
514780 111
548848 119
546595 118
540422 117
574302 124
575330 124
842741 182
556977 120
531254 115
510322 110
515806 111
517125 112
563209 122
596341 129
574070 124
583835 126
579145 125
764772 165
576367 125
570441 123
547400 118
582306 126
608838 132
624960 135
613655 133
621832 134
590684 128
575225 124
566602 122
705996 153
566020 122
593589 128
543876 118
586040 127
545672 118
544985 118
578701 125
532606 115
563279 122
568168 123
624855 135
568516 123
587919 127
526284 114
553888 120
571889 124
538230 116
572344 124
550876 119
522281 113
574700 124
502272 109
662235 143
538055 116
540540 117
512319 111
514408 111
548356 119
538556 116
499881 108
504735 109
574269 124
592515 128
607578 131
603739 131
565834 122
587860 127
547457 118
571130 123
467541 101
424388 92
676211 146
575004 124
517416 112
536270 116
642064 139
678486 147
740390 160
558519 121
538462 116
505457 109
563021 122
519866 112
561284 121
545171 118
477190 103
489685 106
511643 111
509342 110
529795 114
499835 108
517243 112
542909 117
549524 119
528942 114
531545 115
513778 111
545241 118
575050 124
569765 123
560770 121
544845 118
583835 126
531182 115
551810 119
636558 138
512728 111
562695 122
516670 112
547726 118
558657 121
568505 123
533214 115
538720 116
658910 142
545777 118
671720 145
545136 118
513614 111
526330 114
532129 115
542874 117
554376 120
538278 116
529946 115
646194 140
525035 113
542804 117
549616 119
545510 118
847654 183
541682 117
563688 122
567783 123
548135 118
521581 113
521126 113
520310 112
545217 118
539339 117
579554 125
695673 150
565460 122
490304 106
528371 114
479732 104
499894 108
485813 105
516169 112
518094 112
628261 136
538206 116
519446 112
537718 116
658851 142
557095 120
563686 122
537018 116
545440 118
594020 128
564574 122
539420 117
567162 123
549137 119
525210 113
590019 128
585502 127
532932 115
523554 113
546840 118
688905 149
572611 124
554201 120
539105 116
534647 116
502228 108
552917 119
510672 110
521500 113
504444 109
484588 105
530939 115
536257 116
571165 123
573908 124
538768 116
537495 116
502622 109
575527 124
541052 117
523064 113
508900 110
506730 109
531287 115
503941 109
491960 106
505238 109
485286 105
562776 122
557970 121
615569 133
554527 120
528968 114
559079 121
561693 121
554691 120
543480 117
532081 115
551786 119
517908 112
530331 115
636392 138
607123 131
569964 123
622545 135
565635 122
571539 124
554610 120
554796 120
563279 122
589551 127
546024 118
562124 121
592001 128
583181 126
567910 123
584010 126
580558 125
566171 122
552125 119
554820 120
553853 120
555695 120
543878 118
536071 116
570874 123
523005 113
508259 110
540098 117
504153 109
536060 116
555474 120
545836 118
525479 114
511840 111
468895 101
488998 106
509134 110
580545 125
