13612996 103
11010568 84
13452785 102
11395556 86
13575476 103
14148805 107
11594972 88
13885442 105
11728292 89
17561604 133
11546280 88
11488792 87
17682017 134
11078180 84
18221510 139
11173932 85
11190504 85
11296440 86
16785774 128
16275935 124
15028095 114
11442576 87
11739284 89
16606067 126
11495324 87
11426196 87
12021044 91
11355796 86
11272572 86
13473924 102
11454100 87
12384771 94
11137544 84
18131611 138
14211175 108
11505660 87
11549372 88
11350632 86
16361058 124
11300680 86
15322790 116
14799050 112
14177860 108
11419852 87
13399923 102
11852212 90
11390936 86
11624544 88
11452292 87
14277565 108
11570048 88
14281772 108
13932960 106
17070772 130
17188143 131
11481656 87
14174710 108
11619536 88
16945950 129
11416884 87
13896810 106
17338872 132
11557284 88
11381836 86
11426524 87
13160984 100
11670556 89
11527252 87
18808149 143
15392076 117
15332800 116
11474444 87
16994496 129
11453164 87
14988982 114
11697204 89
16878907 128
14244103 108
11719444 89
11799184 90
18478471 140
11584836 88
14195650 108
11805188 90
14043260 107
11510324 87
13676710 104
11926440 90
14742135 112
18156991 138
13944005 106
11684424 89
11648076 88
15160215 115
15365780 117
17294499 131
14862645 113
15679129 119
11637360 88
11926536 90
11525124 87
11294416 86
11278916 86
11267840 85
13732556 104
15390175 117
11473252 87
12580737 95
11682020 89
14077135 107
11614468 88
11418416 87
18574029 141
17098279 130
14016145 106
12615700 96
11774312 89
11582084 88
11691748 89
11732136 89
11520832 87
11879676 90
11666736 89
13030894 99
11946472 91
11910180 90
11811836 90
17938445 136
12172340 92
11945128 91
11914488 90
13123163 100
11726032 89
11578812 88
11621048 88
10991116 83
11111024 84
12078308 92
16400582 125
15271250 116
11556120 88
11218132 85
11427060 87
11612632 88
11279536 86
11557520 88
11274808 86
11298496 86
16475161 125
12710570 96
12444020 94
11626996 88
11440784 87
15257260 116
11357808 86
11467060 87
11536732 88
11812116 90
11540096 88
14082081 107
14533555 110
11575968 88
15195755 115
14398780 109
11680376 89
11531996 87
11423608 87
13876294 105
11506396 87
11522332 87
11211052 85
11520376 87
11628148 88
11779904 89
11518016 87
11594668 88
11968549 91
11499088 87
11403672 87
14076975 107
11337328 86
11219388 85
15255660 116
11820712 90
12718288 97
11459804 87
11510156 87
11325012 86
11476176 87
11084932 84
16632989 126
11853164 90
11599020 88
15020690 114
11536596 88
11607956 88
16435224 125
11338908 86
11515572 87
16863590 128
11688720 89
12744238 97
11838624 90
14836270 113
11596160 88
15610628 119
11319568 86
11622508 88
16350818 124
11660964 88
18645379 142
11623876 88
12226644 93
11645708 88
18212896 138
15320360 116
12970181 98
11943588 91
12154565 92
11618972 88
11700376 89
15447355 117
11908236 90
13532254 103
11780752 89
11951942 91
11625636 88
12661406 96
13627844 103
11731784 89
11597024 88
12400240 94
11604828 88
13400376 102
16292768 124
11634572 88
11613752 88
14138137 107
14427235 110
17020272 129
11572916 88
16844632 128
11409356 87
17365131 132
11824788 90
14336750 109
11491796 87
16320444 124
11577360 88
14180365 108
11691480 89
11983484 91
11298988 86
12259658 93
11311216 86
11589532 88
11500332 87
11819047 90
14008680 106
11503288 87
11335864 86
16675930 127
11034832 84
14129440 107
17854483 136
16660477 127
16627288 126
11510264 87
12286436 93
11077344 84
11310632 86
11421332 87
12101159 92
14116970 107
11277620 86
14012295 106
17224020 131
11079040 84
11487696 87
15077562 115
13955671 106
11510832 87
11417652 87
12216682 93
11397188 86
12169549 92
11160772 85
14117480 107
11361460 86
11201000 85
10707748 81
12481075 95
11277416 86
11462812 87
11864176 90
11593300 88
17252347 131
11344856 86
11533560 87
11615700 88
11475528 87
11281780 86
11589556 88
11667256 89
15414649 117
11904648 90
11416700 87
14536959 110
11722260 89
11364012 86
12108506 92
11634688 88
11638452 88
11674044 89
11601556 88
11508712 87
11361764 86
16990964 129
11389532 86
11809272 90
11959435 91
11544060 88
11508344 87
11541988 88
16708115 127
11422884 87
11344276 86
11995493 91
11422452 87
11250384 85
16882849 128
11305536 86
13963947 106
11319656 86
18077393 137
11589348 88
11352540 86
16658796 127
11260740 85
17762654 135
11963020 91
11200528 85
16550258 126
13620042 103
11099344 84
16572832 126
11266340 85
10632376 81
13672790 104
11175020 85
16614874 126
11170336 85
10957288 83
17828400 136
11656244 88
11127168 84
11287828 86
11258480 85
12180392 92
11409084 87
13607380 103
11666492 89
11419420 87
12099132 92
11443072 87
11200184 85
11719784 89
11365956 86
18061568 137
15231130 116
14742741 112
11255980 85
15031780 114
11297580 86
16622240 126
11377876 86
15028294 114
11843480 90
12118384 92
11690016 89
13631850 104
11669156 89
13818408 105
11644856 88
17895129 136
11605542 88
13330439 101
11207088 85
11249896 85
16483229 125
11237764 85
11099348 84
11238924 85
12599850 96
14078715 107
11296740 86
16678596 127
17549718 133
13953775 106
11722060 89
17118913 130
11433476 87
12267613 93
11364492 86
12234400 93
11701016 89
11602836 88
15089094 115
11726480 89
14528346 110
11680888 89
11504464 87
16977764 129
11649864 88
11584556 88
11373876 86
13879509 105
11600992 88
17068569 130
11814768 90
18450549 140
11666460 89
16862586 128
11775020 89
11627716 88
11485160 87
11490016 87
14744977 112
11425704 87
11561384 88
17388870 132
11547076 88
16989454 129
11596220 88
18281037 139
15461625 117
11963124 91
17433567 133
14587709 111
11399900 86
18327088 139
11421140 87
11535928 88
12290335 93
11511684 87
16765934 127
11698504 89
15256482 116
11605544 88
14714331 112
11543336 88
11649524 88
14064970 107
11493512 87
11642956 88
18081839 137
11907228 90
11726968 89
17543200 133
11547608 88
11787032 89
13411836 102
11522184 87
11408588 87
11466892 87
17344872 132
11436468 87
11437608 87
14416621 109
14295025 109
17561403 133
14276295 108
18086845 137
15084360 115
11596776 88
12433040 94
11176900 85
11400420 86
12849900 98
14782878 112
11397928 86
11260556 85
16672266 127
11161364 85
11283816 86
12638435 96
11373232 86
16563426 126
11283388 86
11376732 86
17514043 133
14312195 109
11554348 88
15556566 118
11378492 86
13857735 105
11441596 87
11337656 86
15058326 114
11241460 85
16384189 125
11383080 86
11425652 87
17502528 133
11101196 84
11757056 89
12882572 98
11529876 87
16269158 124
11251920 85
14409110 109
11420084 87
17103462 130
11620852 88
16280334 124
11447476 87
17910790 136
11551508 88
11500292 87
17430303 132
11455228 87
17637909 134
11538980 88
15551636 118
14091945 107
11349428 86
16842006 128
11123488 84
11066004 84
11102020 84
12738440 97
11216572 85
11185640 85
12419810 94
11085644 84
14230530 108
11332272 86
11514308 87
17002529 129
11376188 86
16632758 126
11359744 86
11391668 86
11395476 86
13689160 104
11402476 86
11060596 84
16925120 129
14846500 113
11066980 84
11355795 86
14248136 108
11351872 86
11296496 86
13744685 104
15063030 114
13683177 104
14007155 106
11238480 85
11191448 85
17468531 133
11079484 84
11599245 88
14036361 107
11261960 85
10908700 83
17526014 133
16633543 126
11028164 84
10821716 82
17366503 132
11008232 83
13210041 100
13928040 106
11190884 85
11101124 84
13287590 101
11161784 85
11111660 84
11166072 85
17553941 133
11286808 86
16650808 127
11604404 88
11413424 87
11313844 86
13261964 101
11267280 85
11192784 85
11317492 86
17926307 136
11210200 85
13545490 103
11247028 85
10949184 83
16850300 128
15966987 121
11246348 85
11065432 84
14873610 113
10906848 83
16575601 126
15921737 121
16464821 125
11157280 85
11062560 84
16556744 126
11877100 90
13332725 101
14800540 112
11219524 85
13582080 103
13979375 106
14634854 111
10945140 83
11181036 85
13830600 105
16042284 122
11330020 86
13428876 102
11184380 85
13353951 101
14856575 113
11300388 86
12168102 92
11510356 87
12871747 98
15104640 115
11241156 85
11126140 84
17311552 132
16410253 125
14070700 107
17842375 136
11090400 84
11482596 87
16330178 124
11237012 85
13685565 104
10856948 82
13724650 104
11331600 86
11200292 85
11403036 86
15925784 121
15236705 116
11411480 87
11459140 87
13110336 100
11532712 87
11420428 87
11371748 86
11286796 86
11813836 90
13929212 106
11170492 85
14646709 111
11497184 87
17851431 136
11300076 86
12689243 96
11472576 87
12066814 92
11390016 86
11513856 87
11556956 88
11467680 87
14978472 114
11581728 88
11733034 89
11018288 84
16226607 123
11851240 90
10909324 83
16983090 129
10797912 82
11009648 83
11196084 85
11303484 86
11300356 86
11243196 85
13502074 103
11110948 84
11305932 86
11069348 84
14582906 111
11254696 85
11273624 86
14448158 110
10926976 83
11060300 84
11218956 85
11380584 86
11140892 84
11788959 89
11243984 85
12665432 96
11230568 85
17082238 130
11048456 84
11253364 85
17075233 130
10914528 83
12638241 96
11336748 86
11194868 85
17060303 130
11330228 86
11406872 87
11586732 88
11415416 87
11235380 85
16726780 127
11439756 87
11178872 85
12854094 98
11601168 88
11399180 86
12263747 93
11469384 87
11672544 89
11447172 87
14865222 113
11009228 83
10744756 81
14622114 111
11031888 84
11242800 85
11150132 85
11236552 85
11160352 85
16330817 124
11049340 84
11328236 86
17323048 132
11114016 84
11381000 86
15004370 114
11202332 85
11174020 85
11295192 86
11569331 88
10586660 80
11151652 85
12688902 96
11137544 84
11223196 85
10894188 83
11483108 87
11138004 84
11198272 85
16306547 124
11063484 84
11395892 86
10974048 83
17154179 130
11111300 84
11171412 85
11028520 84
10820756 82
11057760 84
11151274 85
11211112 85
11095188 84
11333932 86
11203016 85
11106100 84
17132743 130
11326904 86
11197340 85
17266887 131
14068147 107
13468265 102
10803280 82
10835628 82
16207812 123
11108812 84
11017768 84
11094032 84
10853356 82
16359426 124
11031928 84
10821932 82
13362232 101
15581994 118
12990248 99
10831988 82
10923416 83
11068308 84
10973808 83
10946504 83
10903448 83
14724745 112
11039168 84
11028996 84
16113942 122
10741384 81
12020134 91
10417032 79
14294762 109
14583515 111
10684564 81
10765980 82
10677116 81
10686660 81
11045988 84
12556040 95
10656956 81
10762216 82
17374937 132
14702055 112
10957184 83
10955144 83
10769932 82
12484122 95
10830712 82
17298996 131
14676310 111
11418212 87
13609558 103
14539755 110
13210830 100
10705392 81
14232055 108
10913000 83
10777428 82
12328063 94
10885516 83
14292677 109
10744916 81
12078093 92
14283135 108
16936752 129
10953936 83
10791416 82
17498950 133
11013332 84
13200158 100
10857584 82
11061916 84
14526381 110
11211820 85
11111284 84
10972724 83
11112060 84
12025203 91
11264464 85
12606754 96
11318772 86
18162592 138
16342356 124
11066412 84
16633806 126
11152672 85
15198670 115
10782596 82
10662896 81
10904876 83
10775860 82
17796556 135
16251749 123
10778804 82
10958116 83
10908868 83
10713164 81
10690716 81
17566430 134
13055635 99
10795304 82
15964090 121
10936888 83
10971004 83
10704516 81
17525746 133
16225060 123
11075100 84
11323556 86
16057512 122
11231336 85
17529544 133
11227024 85
12921724 98
11146740 85
16195258 123
10767392 82
17950723 136
11407964 87
16536760 126
14244582 108
11263592 85
11199852 85
17170686 131
10731148 81
10687504 81
16550404 126
10983340 83
11082812 84
17625902 134
10764552 82
10975652 83
11120620 84
11195936 85
17966354 137
11068744 84
12709447 96
11292412 86
11011024 84
11135080 84
15587808 118
11142856 85
11160276 85
11178228 85
10841912 82
11188792 85
16336355 124
10902300 83
17312957 132
10801556 82
14784706 112
10929116 83
10812024 82
17696956 135
10993532 83
11155280 85
13500720 103
11045000 84
12422846 94
13348660 101
11893698 90
11291716 86
11082200 84
10890900 83
12208439 93
14491984 110
12385682 94
10853456 82
11001660 83
12534134 95
14264798 108
12957405 98
14608890 111
11077768 84
11188876 85
14059415 107
15068480 114
11288632 86
17925817 136
15845024 120
11474972 87
11167016 85
10960668 83
16474126 125
11279780 86
11199728 85
16678169 127
14421640 110
13165149 100
11531364 87
11881608 90
11449468 87
11543964 88
11835658 90
11250308 85
14692738 112
14840815 113
17191963 131
16545271 126
13993565 106
14191746 108
11007764 83
14672785 111
11220276 85
11192368 85
11123208 84
11190772 85
13782855 105
10901540 83
11584652 88
11485156 87
11008360 83
10775956 82
10999740 83
16744618 127
10952896 83
13542211 103
16740153 127
16583234 126
16427103 125
13779730 105
10958116 83
12938489 98
11044248 84
10767464 82
10876816 82
13742940 104
14481078 110
11284580 86
11575372 88
12624334 96
11236156 85
