5471 42
5436 42
5587 43
5519 43
5926 46
5552 43
5506 43
5834 45
5565 43
5845 45
5624 43
5670 44
5775 45
5729 44
5974 46
5657 44
5436 42
5657 44
5460 42
5646 44
5869 45
5519 43
5554 43
5646 44
5355 41
5600 43
5985 46
6416 50
5786 45
5856 45
5810 45
5718 44
5705 44
5508 43
5554 43
5517 43
5915 46
5589 43
5764 45
5484 42
5810 45
5670 44
5449 42
5716 44
1868 14
5705 44
5425 42
5996 46
5799 45
5727 44
5753 44
6090 47
5659 44
5646 44
5821 45
5495 42
6090 47
5961 46
5670 44
5530 43
5530 43
5996 46
5519 43
5799 45
5729 44
5484 42
5880 45
5646 44
5657 44
5460 42
5856 45
5718 44
5705 44
5414 42
5797 45
5659 44
5683 44
5926 46
5985 46
5729 44
6182 48
5530 43
5576 43
5810 45
5985 46
5646 44
5786 45
5646 44
5902 46
5858 45
6930 54
6254 48
5821 45
5764 45
6079 47
5694 44
6171 48
5681 44
5576 43
5823 45
5926 46
6440 50
5659 44
5436 42
5775 45
5880 45
5648 44
5519 43
5834 45
5799 45
5740 44
5915 46
5845 45
5681 44
5788 45
5576 43
5891 46
5530 43
5797 45
5401 42
5436 42
5928 46
5856 45
5576 43
5775 45
5589 43
5751 44
5751 44
5869 45
5403 42
6392 49
5425 42
5530 43
5565 43
5810 45
5880 45
5622 43
5926 46
5473 42
5611 43
5950 46
5786 45
5635 44
5659 44
5646 44
5611 43
5751 44
5716 44
5646 44
5683 44
5670 44
5333 41
5764 45
5751 44
5705 44
5447 42
5823 45
5576 43
5867 45
5670 44
6068 47
5683 44
5856 45
5786 45
5460 42
5788 45
5578 43
5810 45
5786 45
5449 42
5985 46
5996 46
5589 43
5670 44
5554 43
5460 42
5519 43
5449 42
5891 46
5904 46
5891 46
5834 45
5659 44
5646 44
5694 44
5799 45
5482 42
5880 45
5659 44
5436 42
5438 42
5471 42
5856 45
5762 45
6090 47
6252 48
5624 43
5482 42
1932 15
5985 46
5646 44
5657 44
5775 45
5902 46
5683 44
6103 47
5797 45
5565 43
5681 44
5425 42
5950 46
5657 44
6254 48
5611 43
5716 44
5775 45
5786 45
6160 48
5460 42
5670 44
5788 45
5718 44
6090 47
5786 45
5565 43
5646 44
5799 45
6254 48
5799 45
5867 45
6324 49
5600 43
5565 43
5729 44
5600 43
6044 47
5705 44
5821 45
6510 50
6068 47
5705 44
5495 42
6079 47
5867 45
5880 45
5834 45
5799 45
5821 45
5484 42
5823 45
5611 43
5705 44
5858 45
5891 46
5810 45
5740 44
5681 44
5891 46
5484 42
5821 45
5915 46
5705 44
5624 43
5821 45
6160 48
5729 44
5996 46
5834 45
5565 43
5506 43
5670 44
5740 44
5694 44
5821 45
6171 48
5611 43
5996 46
5611 43
5541 43
5788 45
5425 42
6077 47
6755 52
5541 43
6184 48
5810 45
6160 48
5694 44
5764 45
5576 43
5519 43
5611 43
7083 55
5681 44
5659 44
5740 44
5716 44
5821 45
5554 43
5390 42
5600 43
5845 45
5659 44
5635 44
5764 45
5589 43
5694 44
5495 42
5683 44
5436 42
5788 45
5589 43
5646 44
5880 45
6790 53
6182 48
5799 45
5692 44
5578 43
5484 42
6182 48
5937 46
5705 44
5974 46
5762 45
5648 44
5414 42
5657 44
5764 45
5799 45
5692 44
5519 43
5705 44
5576 43
5729 44
5788 45
5729 44
5460 42
6031 47
6055 47
5519 43
5998 46
5716 44
5659 44
5834 45
1996 15
5832 45
5705 44
5414 42
1908 14
2012 15
6416 50
5823 45
5517 43
5436 42
5519 43
5681 44
5600 43
5705 44
5799 45
5996 46
6114 47
5845 45
5659 44
5996 46
5554 43
5858 45
5705 44
5517 43
5659 44
6090 47
5705 44
6755 52
5705 44
5858 45
5506 43
5565 43
6171 48
5412 42
6486 50
5727 44
5705 44
5810 45
5622 43
5867 45
5565 43
5727 44
5508 43
5541 43
5797 45
5867 45
5436 42
5764 45
5635 44
6066 47
5869 45
5683 44
5727 44
5694 44
5716 44
6241 48
5799 45
5845 45
6020 47
5856 45
5681 44
5972 46
5729 44
5517 43
5985 46
5425 42
5670 44
5589 43
5834 45
5471 42
5823 45
5624 43
5821 45
5622 43
5681 44
6322 49
5659 44
5821 45
5307 41
5587 43
5869 45
5519 43
5799 45
5681 44
5915 46
5762 45
5775 45
5659 44
7398 57
5786 45
5810 45
5810 45
6066 47
5554 43
6149 48
5659 44
5974 46
5705 44
5727 44
5694 44
6101 47
5775 45
6287 49
5810 45
5683 44
5705 44
5963 46
5972 46
5799 45
5786 45
5670 44
5740 44
5764 45
6066 47
5506 43
5926 46
5718 44
5670 44
5624 43
5622 43
5821 45
5775 45
5694 44
5788 45
5775 45
6405 50
5810 45
5810 45
5775 45
5937 46
5740 44
5670 44
5716 44
5716 44
6322 49
5530 43
5471 42
5530 43
5635 44
5858 45
5799 45
1880 14
5635 44
5786 45
5425 42
5705 44
5683 44
5657 44
5646 44
5565 43
5694 44
5705 44
5449 42
5495 42
5786 45
5484 42
5670 44
5659 44
5320 41
5589 43
5694 44
5530 43
5705 44
5786 45
5727 44
5705 44
5611 43
5869 45
5705 44
5692 44
5961 46
6195 48
5740 44
5635 44
5821 45
5519 43
5554 43
5495 42
5589 43
5692 44
5589 43
5600 43
5473 42
5519 43
5635 44
5495 42
5821 45
5646 44
5600 43
5823 45
6031 47
5775 45
5718 44
5425 42
5797 45
5565 43
6556 51
5646 44
5797 45
6042 47
5576 43
5425 42
5764 45
2004 15
2012 15
5799 45
5659 44
5401 42
6114 47
6077 47
5613 43
5670 44
5891 46
5657 44
5799 45
6230 48
5915 46
5635 44
5716 44
5880 45
6101 47
5683 44
5622 43
5657 44
5799 45
5624 43
5775 45
5425 42
5694 44
7094 55
5762 45
5473 42
5821 45
5578 43
5681 44
5950 46
5401 42
5797 45
5786 45
5530 43
5821 45
5751 44
6195 48
5799 45
5729 44
5775 45
5484 42
5495 42
5530 43
6475 50
5624 43
5694 44
5506 43
6042 47
5797 45
5554 43
5565 43
5473 42
5786 45
5799 45
1860 14
5880 45
5939 46
5285 41
5646 44
5799 45
5670 44
6346 49
5740 44
5589 43
5880 45
5751 44
5786 45
5530 43
5832 45
5694 44
5681 44
5810 45
5657 44
5554 43
5823 45
5646 44
5928 46
5845 45
5624 43
5928 46
5635 44
5799 45
5869 45
5519 43
5974 46
5412 42
5867 45
5880 45
5648 44
6033 47
5613 43
5622 43
5576 43
5412 42
5788 45
5624 43
5799 45
5856 45
5762 45
5729 44
5775 45
5810 45
5624 43
5926 46
5543 43
5788 45
5740 44
5622 43
5823 45
5648 44
5972 46
1900 14
2028 15
5891 46
5764 45
5622 43
5495 42
5810 45
5845 45
5775 45
5869 45
5438 42
5436 42
5576 43
5705 44
5915 46
5530 43
5401 42
5425 42
6208 48
5788 45
5414 42
5821 45
5845 45
5823 45
5751 44
5751 44
5821 45
5589 43
5438 42
5425 42
5856 45
5775 45
5716 44
5624 43
5845 45
5985 46
6007 46
5810 45
5985 46
5764 45
5705 44
5705 44
5845 45
5950 46
5681 44
5799 45
5915 46
5926 46
5869 45
5939 46
5414 42
5425 42
5856 45
6241 48
5648 44
5961 46
5589 43
5587 43
5926 46
5611 43
5508 43
5939 46
5786 45
5508 43
5867 45
5425 42
5412 42
6042 47
5937 46
5845 45
5858 45
5751 44
6184 48
5646 44
5412 42
5683 44
5810 45
5589 43
5554 43
6265 48
5799 45
6230 48
5622 43
6020 47
5788 45
5810 45
5613 43
5705 44
5576 43
5670 44
5670 44
5799 45
5998 46
5797 45
5928 46
5904 46
5622 43
5788 45
5740 44
5587 43
5845 45
5775 45
6009 46
5587 43
5460 42
5506 43
5974 46
5635 44
5799 45
5495 42
5869 45
5589 43
5832 45
5554 43
5740 44
5519 43
5740 44
5694 44
5530 43
5659 44
5867 45
5937 46
5530 43
5858 45
5718 44
5600 43
5648 44
5600 43
5694 44
5495 42
5683 44
5611 43
5670 44
6661 52
5716 44
5484 42
5998 46
5436 42
5635 44
5880 45
5670 44
5893 46
5589 43
6429 50
5508 43
5355 41
6112 47
5449 42
5670 44
5869 45
5600 43
5705 44
5589 43
6020 47
5928 46
5530 43
5915 46
5624 43
5799 45
1996 15
5624 43
5858 45
6009 46
5425 42
6860 53
5635 44
5436 42
5646 44
6184 48
5530 43
5471 42
5670 44
5764 45
5821 45
5950 46
5506 43
5775 45
5495 42
5368 41
5858 45
5495 42
5473 42
5786 45
5869 45
6252 48
5611 43
6101 47
5716 44
5786 45
5753 44
5659 44
5401 42
5718 44
5904 46
5681 44
5578 43
5753 44
6090 47
5681 44
6042 47
5681 44
6044 47
5856 45
6556 51
5904 46
5659 44
5786 45
5810 45
6020 47
5821 45
5659 44
5576 43
5823 45
6208 48
5495 42
5565 43
5670 44
5506 43
5519 43
5519 43
5530 43
5565 43
5495 42
5366 41
5460 42
5484 42
5541 43
7046 55
5740 44
6101 47
6044 47
5554 43
5751 44
5659 44
5471 42
5799 45
5692 44
5926 46
5589 43
6103 47
5788 45
5775 45
5974 46
5928 46
5414 42
5670 44
5797 45
5541 43
6265 48
5646 44
5751 44
5670 44
5880 45
5799 45
5880 45
5589 43
6184 48
5810 45
5670 44
5740 44
5786 45
5810 45
5414 42
5751 44
5705 44
5729 44
5565 43
5880 45
6031 47
5543 43
5856 45
5659 44
5635 44
5788 45
5635 44
5425 42
6066 47
6265 48
5963 46
5740 44
5692 44
5613 43
5600 43
5646 44
5961 46
5554 43
5530 43
5519 43
5613 43
5705 44
5867 45
6136 47
6241 48
5589 43
5985 46
5635 44
6405 50
5576 43
6090 47
5471 42
5810 45
6276 49
5600 43
5530 43
5565 43
6219 48
5600 43
5670 44
5495 42
5694 44
5576 43
5589 43
5543 43
5624 43
6007 46
5904 46
5786 45
5517 43
5565 43
5681 44
5554 43
6055 47
5670 44
5530 43
5751 44
5694 44
5692 44
5810 45
5344 41
5810 45
5856 45
5729 44
6077 47
5565 43
6265 48
5786 45
5974 46
5845 45
