49619 64
49687 64
49267 64
49501 64
49724 64
49164 64
49547 64
49560 64
49525 64
49584 64
49267 64
49420 64
49361 64
49245 64
49676 64
49525 64
49337 64
49280 64
49444 64
49350 64
50004 65
49549 64
49455 64
49466 64
49479 64
49538 64
49921 65
49199 64
49630 64
49560 64
49932 65
49315 64
49337 64
49560 64
49595 64
49444 64
49409 64
49560 64
49921 65
49186 64
49816 64
49584 64
49665 64
49302 64
49385 64
49536 64
49503 64
49643 64
49735 64
49431 64
49385 64
49969 65
49433 64
49735 64
49315 64
49595 64
221550 288
49339 64
49455 64
49431 64
49455 64
49536 64
49479 64
49560 64
49503 64
49641 64
49735 64
49444 64
49829 64
49608 64
182304 237
49431 64
49396 64
49536 64
49875 64
49372 64
49385 64
49433 64
49479 64
49547 64
49641 64
49770 64
49501 64
49676 64
49385 64
49584 64
49641 64
49501 64
49431 64
49711 64
49385 64
49466 64
49525 64
49619 64
49746 64
49643 64
49617 64
49969 65
49466 64
49560 64
49571 64
49665 64
49466 64
49619 64
49794 64
49339 64
49687 64
49862 64
49455 64
49617 64
49477 64
49433 64
49862 64
49536 64
49643 64
49525 64
49455 64
49840 64
49466 64
49501 64
49770 64
49549 64
49258 64
49501 64
50984 66
49398 64
49617 64
49619 64
49374 64
49608 64
49385 64
49630 64
49466 64
49840 64
49385 64
49350 64
53073 69
49689 64
49643 64
49363 64
49724 64
49431 64
49571 64
49536 64
49503 64
49326 64
49665 64
49536 64
49665 64
49477 64
49326 64
49398 64
49514 64
49840 64
49372 64
49444 64
49560 64
49584 64
49630 64
49490 64
49549 64
49374 64
49689 64
49538 64
49700 64
49573 64
49444 64
49503 64
49396 64
49420 64
49792 64
49466 64
49234 64
49665 64
49689 64
49571 64
49479 64
49630 64
49560 64
49630 64
49549 64
49665 64
49770 64
53817 70
49490 64
49501 64
227686 296
49385 64
49643 64
49444 64
49256 64
49595 64
49687 64
49665 64
49571 64
49280 64
49560 64
49490 64
49573 64
49304 64
49245 64
49514 64
49525 64
49269 64
49479 64
49595 64
49560 64
49479 64
49606 64
49350 64
49956 65
49619 64
49433 64
49455 64
49361 64
49350 64
49361 64
49304 64
49759 64
49315 64
49608 64
49490 64
49770 64
49409 64
49501 64
49573 64
49398 64
49326 64
49689 64
49993 65
49363 64
49420 64
49479 64
49291 64
49433 64
49549 64
49455 64
49385 64
49234 64
49571 64
49641 64
49525 64
49512 64
49396 64
49748 64
49490 64
49361 64
49582 64
49315 64
49442 64
49571 64
49921 65
49864 64
49606 64
49431 64
49291 64
49759 64
49606 64
49514 64
49584 64
49547 64
49245 64
49431 64
49420 64
49584 64
49361 64
49374 64
49304 64
49385 64
49711 64
49409 64
49420 64
49291 64
49234 64
49582 64
49328 64
49291 64
49746 64
49748 64
49188 64
49372 64
49326 64
49442 64
49269 64
49280 64
49619 64
49606 64
49759 64
49468 64
49409 64
49302 64
49643 64
49468 64
49840 64
49188 64
49431 64
49245 64
49538 64
49560 64
49501 64
49396 64
49560 64
49608 64
53480 69
49455 64
49606 64
49584 64
49339 64
49339 64
49315 64
49466 64
49619 64
49361 64
49783 64
49385 64
49490 64
49350 64
49455 64
49606 64
49525 64
49549 64
49746 64
49444 64
49654 64
49923 65
49560 64
49442 64
49466 64
207130 269
49549 64
49385 64
49595 64
49431 64
50201 65
49571 64
49398 64
49770 64
49549 64
49746 64
49490 64
49269 64
49409 64
49748 64
49641 64
49584 64
49512 64
49560 64
49420 64
49536 64
49853 64
49431 64
49514 64
52629 68
49606 64
49584 64
49291 64
49442 64
49665 64
49584 64
49711 64
49525 64
16924 22
49466 64
49337 64
49302 64
49221 64
49770 64
49617 64
49503 64
49595 64
49595 64
49466 64
49479 64
49582 64
49711 64
49630 64
49560 64
49337 64
49816 64
49654 64
49468 64
49595 64
49466 64
49654 64
49315 64
49595 64
49398 64
49560 64
49595 64
49407 64
49735 64
49584 64
49328 64
49689 64
49840 64
49490 64
49466 64
49689 64
137983 179
49689 64
49827 64
49757 64
49652 64
49584 64
49759 64
49665 64
49525 64
49560 64
49479 64
49490 64
49571 64
49431 64
49256 64
49455 64
49514 64
49792 64
49687 64
49573 64
49455 64
49781 64
49875 64
49582 64
49536 64
49805 64
49991 65
49676 64
49770 64
49713 64
49654 64
49444 64
53152 69
49608 64
49595 64
49339 64
49816 64
49746 64
49595 64
49700 64
49501 64
49350 64
49665 64
49455 64
49689 64
49536 64
49455 64
49407 64
49407 64
49549 64
49409 64
49643 64
49641 64
49503 64
49409 64
49374 64
49608 64
49396 64
49748 64
49468 64
49606 64
49315 64
49641 64
49934 65
49503 64
49573 64
49608 64
49641 64
49678 64
49886 64
49781 64
49455 64
49293 64
49468 64
49549 64
49525 64
49479 64
49654 64
49549 64
49512 64
49361 64
49549 64
49560 64
49665 64
49409 64
49514 64
49547 64
49420 64
49829 64
49328 64
49654 64
49560 64
49326 64
49840 64
49490 64
49538 64
49361 64
49501 64
49525 64
49326 64
49630 64
49431 64
49269 64
49468 64
49468 64
49654 64
49455 64
49372 64
49665 64
49385 64
49630 64
49571 64
49840 64
49223 64
49980 65
49361 64
49466 64
49652 64
49479 64
49315 64
16988 22
49420 64
49468 64
49372 64
49571 64
49466 64
49420 64
49606 64
49794 64
49560 64
49571 64
49514 64
49468 64
49584 64
49525 64
49573 64
49606 64
49549 64
49361 64
49293 64
49444 64
49759 64
50424 65
49431 64
49245 64
16936 22
49385 64
49525 64
49245 64
49455 64
49584 64
49560 64
49549 64
49525 64
49864 64
49643 64
49420 64
49444 64
49619 64
49501 64
49560 64
49549 64
49875 64
49770 64
49722 64
49525 64
49991 65
49468 64
49571 64
49595 64
49652 64
53714 69
49921 65
49571 64
49608 64
49525 64
49759 64
49501 64
49374 64
49687 64
49444 64
49538 64
49538 64
49514 64
49326 64
49479 64
49549 64
49525 64
49245 64
49466 64
49210 64
49455 64
49595 64
49361 64
49374 64
49630 64
49652 64
49654 64
49374 64
49840 64
49444 64
49700 64
49722 64
49514 64
49630 64
49479 64
49608 64
49549 64
49490 64
49560 64
49490 64
49444 64
49700 64
49536 64
49759 64
49536 64
49678 64
49466 64
49652 64
49630 64
49724 64
49687 64
49595 64
49619 64
49606 64
49700 64
49503 64
49652 64
49643 64
49536 64
49654 64
49304 64
49455 64
49617 64
49479 64
49794 64
49687 64
49665 64
49654 64
49595 64
49840 64
49571 64
49571 64
49665 64
49372 64
49433 64
49665 64
49536 64
49479 64
49641 64
49595 64
49560 64
49536 64
49678 64
49595 64
49619 64
137644 179
49770 64
49783 64
49326 64
49350 64
49361 64
49396 64
49571 64
49630 64
49385 64
49466 64
49840 64
49328 64
49654 64
49573 64
49641 64
49571 64
49501 64
50271 65
49606 64
49549 64
49466 64
49304 64
49468 64
49455 64
49466 64
49455 64
49687 64
49477 64
49337 64
49315 64
49724 64
49781 64
49256 64
49490 64
49409 64
49770 64
49210 64
49724 64
49420 64
49606 64
49280 64
53351 69
49444 64
49630 64
17108 22
16960 22
49267 64
49326 64
49385 64
52769 68
49361 64
49431 64
49829 64
49267 64
49514 64
49232 64
49315 64
49595 64
49501 64
49199 64
49315 64
49595 64
49444 64
49735 64
49560 64
49746 64
49560 64
49361 64
49361 64
49724 64
49501 64
49641 64
49479 64
49302 64
49293 64
49713 64
49595 64
49304 64
49503 64
49746 64
49339 64
49538 64
49490 64
49781 64
49595 64
49630 64
49490 64
49256 64
49875 64
49641 64
49361 64
49361 64
49689 64
49573 64
49442 64
49455 64
49304 64
49232 64
49724 64
49455 64
49619 64
49711 64
49433 64
49501 64
49280 64
49245 64
49267 64
49326 64
49409 64
49258 64
49549 64
49549 64
49619 64
49958 65
49164 64
49374 64
49630 64
49560 64
51008 66
49479 64
50284 65
49549 64
49466 64
49245 64
49654 64
49525 64
49280 64
49328 64
49652 64
49608 64
49455 64
49234 64
49501 64
49501 64
49665 64
49455 64
49538 64
49269 64
211400 275
49234 64
49398 64
49547 64
49350 64
49584 64
49619 64
49420 64
49466 64
49293 64
49538 64
49525 64
49350 64
49372 64
49455 64
49339 64
49433 64
49374 64
49573 64
49280 64
49267 64
49293 64
49514 64
49514 64
49326 64
49678 64
49372 64
49269 64
49479 64
49385 64
49409 64
49291 64
49595 64
49420 64
49595 64
49267 64
49444 64
49501 64
49293 64
49280 64
49514 64
49538 64
49444 64
49350 64
49396 64
49431 64
49374 64
49608 64
49538 64
49315 64
49805 64
49514 64
49479 64
49700 64
49466 64
49501 64
49525 64
49396 64
49433 64
49468 64
49234 64
49433 64
49431 64
49805 64
49315 64
49293 64
49221 64
49433 64
49805 64
49293 64
49328 64
49210 64
49374 64
49503 64
49525 64
49805 64
49630 64
49442 64
49538 64
49547 64
49455 64
49350 64
49641 64
49514 64
49409 64
49455 64
49514 64
49363 64
49619 64
49234 64
49490 64
49409 64
49584 64
49232 64
49549 64
49326 64
49361 64
49361 64
49851 64
49328 64
49899 64
49571 64
49374 64
49512 64
49269 64
49245 64
49735 64
49444 64
49339 64
49490 64
49630 64
49162 64
49420 64
49547 64
49479 64
49571 64
49280 64
49781 64
49420 64
49689 64
49396 64
49816 64
49608 64
49676 64
49477 64
49781 64
49350 64
49326 64
49630 64
49722 64
49409 64
53130 69
49525 64
49967 65
49781 64
49851 64
49420 64
49433 64
49479 64
49606 64
49678 64
49606 64
49431 64
51870 67
49407 64
49444 64
49197 64
49350 64
49350 64
49455 64
49792 64
49525 64
49560 64
49490 64
49490 64
49398 64
49584 64
49420 64
49372 64
49875 64
49584 64
49269 64
49442 64
49407 64
49571 64
49547 64
49372 64
49582 64
49444 64
49280 64
49678 64
49560 64
53025 69
49549 64
49385 64
49514 64
49595 64
50166 65
50295 65
49372 64
49326 64
49512 64
49536 64
49315 64
49326 64
49536 64
49525 64
49361 64
49337 64
49374 64
49256 64
49304 64
49536 64
49641 64
49571 64
49514 64
49396 64
49444 64
49466 64
49560 64
49361 64
49805 64
49654 64
49350 64
49374 64
49420 64
49746 64
