52816664 230
43840235 191
44353414 193
44219032 192
44230623 192
43993037 191
43947600 191
44100218 192
44807770 195
44152766 192
43698845 190
44640322 194
50752660 221
44597678 194
47100988 205
44267530 192
44029672 191
44428180 193
43894696 191
44377703 193
44605175 194
45284287 197
43772963 190
44456750 193
44180177 192
44759475 195
44098825 192
44293886 193
43791733 190
44199578 192
43666142 190
44185553 192
43873728 191
44522647 194
44248087 192
44043987 192
44249822 192
49762870 216
44194240 192
43716118 190
43918919 191
44222589 192
44588451 194
43882609 191
44380964 193
44035841 191
44203670 192
44184478 192
44648083 194
46210765 201
44281541 193
43792773 190
50603603 220
43809333 190
44546202 194
43894183 191
45731997 199
44099153 192
45656659 199
43746984 190
44326241 193
44030457 191
45810454 199
43764165 190
44516879 194
44484849 193
44564012 194
43984364 191
43753617 190
44573874 194
43933985 191
44337574 193
43746446 190
44391435 193
51133956 222
44731537 195
44776013 195
44423136 193
44000152 191
44615603 194
43659795 190
44246561 192
44640119 194
44893752 195
43721012 190
44379875 193
44928397 195
44460029 193
44501018 194
44714335 194
43947548 191
44928875 195
44017410 191
44067940 192
43671079 190
44018031 191
44802062 195
51373561 223
44002572 191
46989237 204
44013122 191
43858145 191
44150909 192
43907862 191
44400704 193
44165862 192
44647235 194
44445826 193
44260970 192
43920539 191
44169315 192
50572754 220
44353589 193
43743014 190
44534695 194
43532138 189
44121312 192
43854183 191
44119284 192
44412749 193
44270459 193
43773910 190
44269775 193
44560444 194
45063529 196
43515229 189
43653158 190
44033320 191
43830483 191
43866427 191
44250608 192
44006203 191
44560873 194
44245227 192
43577147 189
43999545 191
51661384 225
44838830 195
44279240 193
44476613 193
43925769 191
44365623 193
43775599 190
44850790 195
44782246 195
44967262 196
43717210 190
43980398 191
44393574 193
44463286 193
44370856 193
44439126 193
44239582 192
44305970 193
43737164 190
44358786 193
43435430 189
44326593 193
44190549 192
43687020 190
43818721 191
51097109 222
43867803 191
43781053 190
43985430 191
44340514 193
44312547 193
43749400 190
44138700 192
44171435 192
44111575 192
43911703 191
43865418 191
45954126 200
44619503 194
43638526 190
44380402 193
43241605 188
44069923 192
43753175 190
45394030 197
44278143 193
44562042 194
44018356 191
43789798 190
43756401 190
47838891 208
43336758 188
43626041 190
44455061 193
44285454 193
44136217 192
43664093 190
44201750 192
43989811 191
44151998 192
43376766 189
44104072 192
48246987 210
44782626 195
46611379 203
44335388 193
43901581 191
44653966 194
48594446 211
44426544 193
44250869 192
44575324 194
43352179 189
44404279 193
45668461 199
44178190 192
43813065 191
44109844 192
43205435 188
44316678 193
43256866 188
44286715 193
43167473 188
43478741 189
43477560 189
45497321 198
43444180 189
50022731 218
43931355 191
43333480 188
44089744 192
43847601 191
43950956 191
44847429 195
44822640 195
44037964 191
44228214 192
43677905 190
44584568 194
43930636 191
44410497 193
43804221 190
44498123 193
43679409 190
44375667 193
44103496 192
44051747 192
44237724 192
44005958 191
43827634 191
44214978 192
44703962 194
45296845 197
43879195 191
43582766 190
43826758 191
43579606 189
44077031 192
43691314 190
44319802 193
44362816 193
44322267 193
43783235 190
44353295 193
43598679 190
44581898 194
44337640 193
44686366 194
43994713 191
44742636 195
43814294 191
44397869 193
44457033 193
44804729 195
43626117 190
44216218 192
43976701 191
45008421 196
44380101 193
44082164 192
43837329 191
43787798 190
43883535 191
43860512 191
43955512 191
43981512 191
44392426 193
44825831 195
44430356 193
43868263 191
47940507 209
43794075 190
44412376 193
44508904 194
44653156 194
44132900 192
44890721 195
44891902 195
44552315 194
44281164 193
44533138 194
43636201 190
44803305 195
43923831 191
44583675 194
43731319 190
44221863 192
44266685 192
46892949 204
44424728 193
44820581 195
43921422 191
43854487 191
45004612 196
44462444 193
44192232 192
43863208 191
44736118 195
43995579 191
44454244 193
43829701 191
45284922 197
43829220 191
44438351 193
43864513 191
44595710 194
43736357 190
44808043 195
44243590 192
44730563 195
44266804 192
44516624 194
43684371 190
44368368 193
44191663 192
45626484 198
44189872 192
44100522 192
44468209 193
45682803 199
44975069 196
44128425 192
43994727 191
44462040 193
44423883 193
43934424 191
44477696 193
43669344 190
44598203 194
44807124 195
44902232 195
43907649 191
44420102 193
43978998 191
44774977 195
44844461 195
44811974 195
44311259 193
44602737 194
45651946 199
44772309 195
44379815 193
44495473 193
43967414 191
44466163 193
44108677 192
44631577 194
44113628 192
45086959 196
44647497 194
44397800 193
44631876 194
43986403 191
44562126 194
44099447 192
44658159 194
44021596 191
44710163 194
44037303 191
45254261 197
44014478 191
44412980 193
43979145 191
44722544 194
43957470 191
48231583 210
44176539 192
44783446 195
43829300 191
44618389 194
44061579 192
50244579 219
44259109 192
45311345 197
44092121 192
46027650 200
44231783 192
45364287 197
44273375 193
44399385 193
44855127 195
44966044 196
44679376 194
44276636 193
44475775 193
43874478 191
44354098 193
44470143 193
44762977 195
44312980 193
44780468 195
45086778 196
45749041 199
43859926 191
44566197 194
44015975 191
44630361 194
44505451 194
44927656 195
44743561 195
45218831 197
44944139 195
44757156 195
44337364 193
44619108 194
43949731 191
44947833 195
44001524 191
44900497 195
44042712 192
44218320 192
44529413 194
47403286 206
44809073 195
44845571 195
44183148 192
43839781 191
44766831 195
44798435 195
44682564 194
45004899 196
44667697 194
45771462 199
44886081 195
44224956 192
44560555 194
43749979 190
44545571 194
44008623 191
44965111 196
44004300 191
44970907 196
44193650 192
44870154 195
44031452 191
44262167 192
43557010 189
44234205 192
44077548 192
45568681 198
44421823 193
44034493 191
45102066 196
44030841 191
45040570 196
44274869 193
44275864 193
44462155 193
44596230 194
43927211 191
44655715 194
43979197 191
44882451 195
44342108 193
48254518 210
44029853 191
44363287 193
43506863 189
44673773 194
44874131 195
44413814 193
44387933 193
44829277 195
43961067 191
46188056 201
44257632 192
44392450 193
43672560 190
44196516 192
43941117 191
44857079 195
43940409 191
44623423 194
44606921 194
43813638 191
44774676 195
43607966 190
44370500 193
43894158 191
44775378 195
44502889 194
44519748 194
43757311 190
44839294 195
44447983 193
44542607 194
43783709 190
44603290 194
43881349 191
48297961 210
44006953 191
44628109 194
43957834 191
44881159 195
43675691 190
44429232 193
44965014 196
44780244 195
43915798 191
43922861 191
44072633 192
44973400 196
44370965 193
44109746 192
45107537 196
43970295 191
44373954 193
43986470 191
44505899 194
43967093 191
44636139 194
44029735 191
44630826 194
43904842 191
44651330 194
44037799 191
44380455 193
43991525 191
44573253 194
43981837 191
44409869 193
44490864 193
45314456 197
44438997 193
44196049 192
44653275 194
44583332 194
44754692 195
44000711 191
44355544 193
44457243 193
44611121 194
44382382 193
44258016 192
43605871 190
44512828 194
44115677 192
46209954 201
43872499 191
44437471 193
43831105 191
44676381 194
45283749 197
44504914 194
44052868 192
44544642 194
43625600 190
44571626 194
43989947 191
45452039 198
43969837 191
44478732 193
43963256 191
44322532 193
43865016 191
44674823 194
44146645 192
43926695 191
44864389 195
44000205 191
44421278 193
43810412 190
44486815 193
44093793 192
44195015 192
43681658 190
44955782 195
44644847 194
44542644 194
44054613 192
44660593 194
43917114 191
44766814 195
43813264 191
44274062 193
43867904 191
44820912 195
44119238 192
46644376 203
44311797 193
45071213 196
43973039 191
44168753 192
44122126 192
45055680 196
44882457 195
44140738 192
47093974 205
44618044 194
45165329 196
44180037 192
44354754 193
44766357 195
44744587 195
44135792 192
44552843 194
43964750 191
44787329 195
44845058 195
44703508 194
46832430 204
44689644 194
43962268 191
44651037 194
44498581 193
44746117 195
43919020 191
45300842 197
44383349 193
44433257 193
44200657 192
44146451 192
43794403 190
45411505 197
44167684 192
44587568 194
44152441 192
44039810 191
44584156 194
44236346 192
45983604 200
44165168 192
44305781 193
43827749 191
44874553 195
44706686 194
44758951 195
44381655 193
44823293 195
44053887 192
44684634 194
44032085 191
45411163 197
43777729 190
44365595 193
43977424 191
44515534 194
43792948 190
44952826 195
44114640 192
44159306 192
44206543 192
43700326 190
44346497 193
44062379 192
44299117 193
45004152 196
44482255 193
43941191 191
45200997 197
43921580 191
44606788 194
43861215 191
44713005 194
44087077 192
44452198 193
43758611 190
44527775 194
44097209 192
44747395 195
44132663 192
47403154 206
44422490 193
44853085 195
43918511 191
44141265 192
44234094 192
44248181 192
44361189 193
44310712 193
44420699 193
44756857 195
44766293 195
44058642 192
44626922 194
43854899 191
44306490 193
44570540 194
44426288 193
43918151 191
44771789 195
44534827 194
44880942 195
44399660 193
44802195 195
43943072 191
44811070 195
44875628 195
44544205 194
43773418 190
44430189 193
44037066 191
44618962 194
44346930 193
44139321 192
43879973 191
45349729 197
44005878 191
44461953 193
43939832 191
44410804 193
44610139 194
44135557 192
46169312 201
46127004 201
44579817 194
43924321 191
44468450 193
44946248 195
44469033 193
43814427 191
45057458 196
45740812 199
44888354 195
44044115 192
44778751 195
44070771 192
44619101 194
43887409 191
44633559 194
43785064 190
44983469 196
44150490 192
44343184 193
43960473 191
44320008 193
44179563 192
44097156 192
44148486 192
45047218 196
44524067 194
44680019 194
50241024 219
44016576 191
44665704 194
44042586 192
44530327 194
44296512 193
44590267 194
44649207 194
44348557 193
43776057 190
44655527 194
44390991 193
51702445 225
44566152 194
44563747 194
44032154 191
45080235 196
44888462 195
45329663 197
43982922 191
44305247 193
43697502 190
44807323 195
44152563 192
44299961 193
44192965 192
44197703 192
44172583 192
44149547 192
43777171 190
44700464 194
44145148 192
44141492 192
44935588 195
44948723 195
44653101 194
44068024 192
44852100 195
45035141 196
44827367 195
43624833 190
44925802 195
45465882 198
44954180 195
44204180 192
44730797 195
43811951 191
44580152 194
43722357 190
44162492 192
43763146 190
44542928 194
44033338 191
44114498 192
44274806 193
47724437 208
43766616 190
43684940 190
44083724 192
44089681 192
44497209 193
44254318 192
44325211 193
43769507 190
44758511 195
44021750 191
44223856 192
43655560 190
44269087 192
44125907 192
44504638 194
43930801 191
44839622 195
44410703 193
44328524 193
43643037 190
47275307 206
43491142 189
44353096 193
44277543 193
44982844 196
43863424 191
44031002 191
44590162 194
43918591 191
44171989 192
43566667 189
44267282 192
44345883 193
44372354 193
44639309 194
44471875 193
44196540 192
44776833 195
44036721 191
46521505 202
43711425 190
44668442 194
44021694 191
44751805 195
44621894 194
44744291 195
44460130 193
45095984 196
44079675 192
44766918 195
43951535 191
44229733 192
44183856 192
44190972 192
44121973 192
44221311 192
44268557 192
45162414 196
44222300 192
43650225 190
44678304 194
44105091 192
44592515 194
43906200 191
44643461 194
44955042 195
45155054 196
44273849 193
45113270 196
43740815 190
44925869 195
44012484 191
44596411 194
44044510 192
44681513 194
44163631 192
44307904 193
43821137 191
44292853 193
44028740 191
44744961 195
44243275 192
45212536 197
44025088 191
44016491 191
44714203 194
44323552 193
44477618 193
44267974 192
44163809 192
44046074 192
45176166 196
44589572 194
44686097 194
43814399 191
44508545 194
44297514 193
44317509 193
44049698 192
44663515 194
44211937 192
44722027 194
43891634 191
44754213 195
43921074 191
44463897 193
45075546 196
47342722 206
43967606 191
43881935 191
43644028 190
43864105 191
44471812 193
43974152 191
44262341 192
44943246 195
44271915 193
44090505 192
44856971 195
44389832 193
44214968 192
43763725 190
46520513 202
43886565 191
45422561 198
43783926 190
44555838 194
44619210 194
44493096 193
44127894 192
45081573 196
43811606 191
44681317 194
43847581 191
44589373 194
43835996 191
44083085 192
43924132 191
44219014 192
44041654 192
44826959 195
43978464 191
44014026 191
44248771 192
43878810 191
44276789 193
43759815 190
44451060 193
44714740 194
44917804 195
44385468 193
45018173 196
43966708 191
45118063 196
44158384 192
44633395 194
44040830 192
44638663 194
44348920 193
44645070 194
44242808 192
44614790 194
44536235 194
44604850 194
44135627 192
45334922 197
44003867 191
44543702 194
44696197 194
44411126 193
44287033 193
43996951 191
44406140 193
44691705 194
44425283 193
45131606 196
44455197 193
43858557 191
44398508 193
44439583 193
44601293 194
44562696 194
44863136 195
44104079 192
44952595 195
44209710 192
44989541 196
43834289 191
44615398 194
44797900 195
44999379 196
44220344 192
44922339 195
43891306 191
44293984 193
44267983 192
