166904 36
197432 42
172183 37
178017 38
191797 41
175273 38
160585 34
166716 36
165050 35
171589 37
166408 36
177406 38
181655 39
170130 36
175329 38
167755 36
158919 34
166991 36
163849 35
181718 39
163674 35
181791 39
180866 39
182985 39
176229 38
178010 38
177305 38
175468 38
173324 37
168458 36
192576 41
179291 38
182057 39
168764 36
175280 38
171669 37
176065 38
175304 38
189109 41
171726 37
167316 36
167575 36
167420 36
173978 37
182991 39
178813 38
161328 35
168098 36
169421 36
164578 35
174445 37
174906 37
170095 36
164306 35
167532 36
160533 34
173010 37
176627 38
166582 36
166908 36
157582 34
164187 35
169117 36
154708 33
168279 36
167616 36
162498 35
166656 36
161090 34
170067 36
163001 35
178544 38
171279 37
172392 37
174833 37
170716 37
173966 37
166900 36
168946 36
176142 38
166719 36
165518 35
170053 36
169760 36
179194 38
217158 47
163214 35
168419 36
158912 34
162393 35
155934 33
178285 38
163485 35
171904 37
163259 35
182524 39
168761 36
176453 38
163336 35
173956 37
192729 41
174783 37
183568 39
175636 38
167721 36
223404 48
179410 38
175485 38
180178 39
178007 38
179393 38
178227 38
194094 42
175698 38
186406 40
172183 37
176491 38
166083 36
178307 38
164878 35
173593 37
174264 37
164034 35
178058 38
153630 33
188491 40
143641 31
171034 37
162497 35
196682 42
163032 35
168694 36
168681 36
173558 37
176470 38
176651 38
168740 36
169124 36
165099 35
175733 38
209401 45
182420 39
163654 35
169899 36
159038 34
164966 35
153780 33
170434 36
155693 33
168863 36
169232 36
148131 32
171984 37
161447 35
170936 37
169501 36
179693 38
173492 37
224078 48
165536 35
170650 37
167288 36
167417 36
162257 35
158319 34
160330 34
207927 45
168328 36
154153 33
176694 38
157728 34
169086 36
162882 35
181592 39
167246 36
164323 35
166167 36
171928 37
154328 33
165490 35
172528 37
157599 34
158466 34
162797 35
164547 35
171698 37
163248 35
219923 47
154621 33
169103 36
169055 36
177176 38
161576 35
183571 39
170070 36
144759 31
162731 35
163486 35
174445 37
163220 35
178973 38
147715 32
180670 39
158563 34
322520 69
165877 35
182255 39
161261 34
164474 35
165821 35
165930 36
153856 33
161751 35
180813 39
163332 35
172672 37
177095 38
160951 34
175165 38
164649 35
172346 37
179284 38
182688 39
171547 37
172721 37
166279 36
167259 36
193061 41
155135 33
177929 38
153724 33
171477 37
178314 38
168102 36
173038 37
173185 37
187035 40
172539 37
189664 41
176515 38
178460 38
175992 38
172901 37
307451 66
169438 36
181770 39
184672 40
183820 39
178289 38
181058 39
173684 37
172843 37
182300 39
187919 40
178265 38
186734 40
176599 38
182332 39
167644 36
183253 39
160982 34
179550 38
155550 33
179141 38
160298 34
195994 42
162016 35
246915 53
167221 36
196538 42
166477 36
232437 50
165064 35
197261 42
168863 36
178579 38
166258 36
167316 36
152694 33
174441 37
139647 30
174354 37
157931 34
168259 36
153347 33
158113 34
160843 34
171442 37
148585 32
172427 37
161999 35
156841 34
167183 36
163220 35
173992 37
160022 34
175210 38
179717 39
173394 37
176239 38
165060 35
174609 37
163633 35
173101 37
169215 36
174040 37
151021 32
173513 37
154199 33
176470 38
154129 33
159649 34
164572 35
159652 34
169055 36
169389 36
167012 36
167955 36
174375 37
166750 36
170800 37
169254 36
181763 39
166817 36
171484 37
168691 36
164610 35
170207 36
174637 37
173370 37
178220 38
164760 35
168150 36
166924 36
169749 36
163262 35
167623 36
160458 34
160839 34
173607 37
181592 39
166554 36
180740 39
171118 37
189873 41
191964 41
183344 39
164624 35
178289 38
171809 37
160410 34
169110 36
162693 35
169812 36
153176 33
162689 35
161262 34
176470 38
170381 36
160344 34
171768 37
170406 36
196737 42
178513 38
164059 35
178045 38
158643 34
167745 36
170800 37
164596 35
163503 35
171708 37
168583 36
174683 37
174546 37
177741 38
168147 36
181882 39
178254 38
173757 37
175482 38
165518 35
179885 39
164254 35
178768 38
163457 35
166418 36
213548 46
170221 36
222884 48
559729 121
181033 39
178024 38
170814 37
176302 38
163249 35
165050 35
162452 35
164680 35
175970 38
183931 39
170388 36
187084 40
172427 37
173042 37
171167 37
179082 38
186295 40
183324 39
173660 37
173028 37
194646 42
172067 37
182007 39
174027 37
173524 37
178076 38
170036 36
158092 34
169763 36
173667 37
157104 34
182636 39
175845 38
178114 38
174288 37
180370 39
168943 36
168122 36
176655 38
311997 67
176344 38
158081 34
178991 38
151259 32
168346 36
162550 35
165385 35
154154 33
165217 35
152380 33
165769 35
155550 33
172217 37
155976 33
168503 36
150659 32
179570 38
166792 36
175147 38
166922 36
172476 37
168171 36
169317 36
164893 35
160288 34
173614 37
171128 37
178792 38
167696 36
185718 40
205074 44
164620 35
160968 34
162340 35
186637 40
174693 37
150268 32
163797 35
154174 33
167833 36
160808 34
227730 49
167015 36
168084 36
162609 35
166729 36
147359 31
170838 37
153263 33
173248 37
160640 34
185582 40
161018 34
178125 38
163929 35
175706 38
179277 38
307154 66
169886 36
172727 37
167169 36
181634 39
178981 38
153208 33
173970 37
155110 33
164425 35
156916 34
173426 37
158109 34
174487 37
163870 35
189999 41
165731 35
163513 35
185593 40
164034 35
168231 36
159471 34
171582 37
174822 37
189748 41
176055 38
159663 34
156657 33
161108 34
161056 34
180098 39
154824 33
173639 37
162623 35
180010 39
155397 33
176411 38
165175 35
192488 41
158842 34
174979 37
181529 39
166331 36
170137 36
163000 35
171652 37
177497 38
166510 36
168856 36
171449 37
166233 36
161670 35
160710 34
189744 41
169086 36
174228 37
173869 37
172577 37
166555 36
177894 38
176882 38
221093 47
175720 38
170332 36
175971 38
160710 34
241385 52
168255 36
189598 41
162484 35
180241 39
168750 36
168346 36
165944 36
172856 37
175168 38
171149 37
172643 37
184940 40
170940 37
175932 38
170567 37
172996 37
168667 36
173751 37
175123 38
187056 40
164128 35
183166 39
162543 35
179965 39
168845 36
216442 46
170304 36
177381 38
171362 37
174864 37
174896 37
171907 37
181226 39
174431 37
174096 37
170807 37
189217 41
170804 37
179477 38
163339 35
184011 39
174002 37
178785 38
166823 36
191982 41
182234 39
196035 42
179738 39
190188 41
169215 36
178366 38
182723 39
178447 38
168223 36
180956 39
175482 38
163370 35
170580 37
162390 35
165899 36
174459 37
173317 37
166297 36
161011 34
162512 35
162885 35
163713 35
165085 35
167682 36
242471 52
178052 38
158752 34
174745 37
162697 35
179763 39
167692 36
172773 37
163095 35
187136 40
172193 37
162703 35
220520 47
160773 34
177077 38
177535 38
171834 37
172249 37
170196 36
156094 33
162717 35
164222 35
162407 35
157865 34
157445 34
162816 35
181149 39
163967 35
161792 35
169812 36
170661 37
213513 46
172340 37
163891 35
166974 36
169240 36
178530 38
162648 35
168660 36
161720 35
171694 37
169927 36
166216 36
178348 38
167410 36
193061 41
168105 36
185139 40
174697 37
167724 36
179899 39
159970 34
178499 38
165489 35
168339 36
182098 39
166890 36
187223 40
167452 36
174480 37
171704 37
184731 40
177653 38
179400 38
180582 39
181644 39
180667 39
171739 37
175475 38
168782 36
169938 36
172308 37
168000 36
184343 40
173063 37
182367 39
170737 37
182179 39
180991 39
179065 38
184406 40
176194 38
169833 36
166506 36
189521 41
163723 35
178150 38
205725 44
173160 37
170961 37
168887 36
167843 36
175995 38
160860 34
169324 36
152139 33
169383 36
160805 34
163458 35
162407 35
172099 37
159638 34
168925 36
179047 38
166618 36
169501 36
168070 36
171691 37
177217 38
168196 36
162061 35
174057 37
165546 35
169826 36
175147 38
159677 34
178544 38
176400 38
179169 38
172176 37
167906 36
157031 34
161509 35
158870 34
214910 46
159132 34
158238 34
160846 34
169253 36
172113 37
164925 35
175992 38
161447 35
172682 37
164323 35
162078 35
181149 39
166967 36
165647 35
157864 34
164100 35
154807 33
179930 39
158109 34
168210 36
181686 39
173362 37
167944 36
155480 33
173985 37
167755 36
327282 71
178408 38
187426 40
177790 38
178942 38
182908 39
182245 39
185991 40
183286 39
176711 38
177241 38
178628 38
170032 36
168423 36
179229 38
185007 40
181575 39
172392 37
204104 44
161688 35
191284 41
165350 35
185226 40
165811 35
183519 39
171641 37
181410 39
152457 33
176655 38
170301 36
161611 35
166572 36
162889 35
151499 32
179832 39
166617 36
223306 48
157439 34
166810 36
208336 45
174675 37
162561 35
174029 37
223030 48
144702 31
165957 36
166464 36
170329 36
165336 35
183386 39
177661 38
171117 37
169417 36
223034 48
165510 35
180897 39
170915 37
176641 38
176687 38
169784 36
180283 39
168175 36
188253 40
182646 39
181560 39
181305 39
180988 39
182293 39
169474 36
196776 42
169683 36
189266 41
171809 37
184419 40
161771 35
174452 37
165238 35
167651 36
169250 36
180593 39
171593 37
174920 37
171463 37
180817 39
172364 37
166341 36
166125 36
154510 33
164519 35
159817 34
155228 33
180513 39
160420 34
181795 39
162243 35
178673 38
167193 36
170049 36
173817 37
183285 39
173562 37
174257 37
173691 37
180900 39
181005 39
169854 36
181665 39
163720 35
179236 38
149706 32
170305 36
212280 46
162379 35
163116 35
163660 35
160878 34
154059 33
170183 36
165266 35
155815 33
178240 38
169596 36
175046 37
163301 35
169491 36
172574 37
326678 70
174878 37
153864 33
169645 36
163329 35
167504 36
160019 34
223265 48
164897 35
163137 35
167162 36
169501 36
169732 36
185631 40
168667 36
178171 38
167463 36
189137 41
170238 36
171617 37
167462 36
159213 34
174822 37
168506 36
180213 39
165259 35
172504 37
166471 36
165535 35
153354 33
170870 37
155114 33
172521 37
157197 34
183760 39
166736 36
162379 35
163503 35
170580 37
174804 37
165679 35
160172 34
193952 42
175429 38
193473 41
173785 37
178463 38
175894 38
189207 41
179979 39
192237 41
187755 40
179850 39
159156 34
185513 40
176181 38
173335 37
166719 36
179148 38
168657 36
172696 37
170001 36
181177 39
304071 65
173517 37
174983 37
160989 34
168199 36
172319 37
180635 39
163126 35
181131 39
313258 67
166614 36
179930 39
167148 36
163360 35
154374 33
167364 36
163496 35
167334 36
181448 39
174012 37
172218 37
176976 38
168499 36
179578 38
147443 31
158772 34
199565 43
170961 37
161073 34
171900 37
175594 38
173178 37
168081 36
177501 38
202823 44
174790 37
