3812096 58
3970358 60
3788355 57
3648429 55
3751737 57
3778568 57
3650087 55
3649214 55
3752031 57
3657210 55
3787779 57
3649357 55
3749496 57
3649406 55
3782818 57
3649501 55
3753947 57
3649367 55
3653264 55
3917291 59
3655185 55
3790069 57
3649385 55
3754932 57
3732644 56
3649773 55
3650534 55
3759408 57
3972688 60
3657209 55
3649765 55
3754408 57
3782326 57
3781459 57
3652454 55
3749178 57
3655607 55
3785289 57
3650307 55
3749849 57
3651316 55
3647346 55
3789088 57
3747164 57
3647025 55
3648952 55
3909585 59
3763332 57
3649466 55
3650496 55
3656944 55
3926151 59
3650377 55
3649556 55
3649717 55
3755222 57
3718587 56
3657132 55
3723905 56
3757742 57
3840089 58
3649420 55
3871823 59
3806883 58
3654961 55
3784881 57
3741271 57
3647573 55
3648606 55
3782378 57
3753075 57
3649043 55
3649525 55
3657583 55
3928769 59
3647961 55
3652109 55
3649943 55
3890099 59
3650391 55
3660732 55
3785370 57
3756210 57
3914720 59
3649287 55
3647919 55
3749614 57
3720794 56
3780652 57
3649180 55
3767927 57
3650523 55
3833473 58
3748498 57
3650115 55
3650527 55
3655013 55
3918945 59
3648924 55
3652737 55
3663191 55
3872412 59
3649263 55
3648976 55
3648222 55
3736624 57
3777508 57
3657713 55
3649064 55
3745209 57
3783268 57
3650848 55
3651110 55
3748581 57
3650824 55
3738425 57
3650966 55
3755439 57
3650373 55
3780510 57
3784504 57
3879482 59
3782242 57
3648712 55
3731732 56
3745638 57
3649375 55
3649368 55
3704807 56
3931594 59
3653467 55
3648454 55
3654238 55
3892432 59
3654633 55
3650352 55
3651215 55
3752506 57
3779881 57
3647912 55
3748054 57
3648865 55
3780492 57
3786323 57
3890135 59
3707580 56
3648604 55
3730193 56
3753692 57
3650108 55
3649969 55
3651731 55
3969902 60
3650450 55
3658767 55
3649752 55
3897512 59
3649801 55
3651013 55
3662656 55
3757949 57
3788254 57
3652486 55
3649892 55
3755456 57
3833508 58
3742950 57
3960070 60
3707687 56
3647409 55
3874259 59
3647713 55
3650346 55
3648865 55
3750924 57
3821306 58
3647723 55
3650677 55
3740191 57
3782727 57
3786246 57
3648114 55
3756357 57
3648997 55
3658104 55
3650775 55
3654116 55
3715397 56
3778299 57
3870715 59
3797024 57
3650231 55
3648865 55
3877084 59
3653247 55
3651089 55
3649326 55
3783233 57
3830034 58
3653003 55
3648980 55
3749437 57
3783655 57
3786993 57
3649706 55
3744210 57
3650956 55
3653585 55
3649752 55
3737713 57
3650802 55
3794291 57
3785163 57
3749387 57
3650447 55
3828698 58
3814949 58
3773869 57
3657248 55
3651470 55
3782070 57
3888550 59
3650538 55
3648768 55
3649071 55
3757558 57
3697475 56
3749022 57
3794992 57
3839084 58
3724837 56
3651337 55
3741350 57
3649640 55
3785272 57
3791828 57
3752300 57
3650754 55
3655422 55
3653299 55
3750411 57
3649424 55
3651610 55
3792471 57
3881501 59
3680022 56
3656546 55
3652377 55
3769093 57
3709077 56
3789647 57
3732751 56
3882035 59
3707663 56
3650112 55
3659112 55
3756597 57
3713294 56
3919176 59
3652524 55
3755882 57
3722525 56
3648247 55
3649993 55
3753986 57
3660348 55
3790014 57
3890543 59
3758270 57
3648701 55
3648823 55
3749136 57
3759251 57
3649203 55
3648194 55
3873024 59
3887379 59
3649392 55
3649531 55
3748427 57
3648791 55
3743544 57
3658930 55
3749046 57
3781432 57
3700596 56
3649266 55
3808964 58
3777650 57
3659538 55
3922922 59
3756604 57
3649319 55
3777943 57
3652636 55
3751232 57
3650314 55
3648366 55
3649776 55
3946199 60
3649658 55
3656138 55
3779386 57
3751416 57
3648439 55
3650115 55
3653871 55
3892858 59
3781613 57
3656661 55
3650429 55
3756678 57
3648955 55
3722204 56
3658096 55
3811551 58
3794842 57
3719100 56
3868272 59
3650813 55
3650516 55
3649818 55
3880771 59
3784884 57
3648456 55
3737702 57
3862291 58
3785708 57
3649650 55
3758857 57
3792510 57
3647594 55
3649347 55
3757568 57
3712669 56
3650611 55
3935211 60
3763099 57
3648568 55
3788540 57
3651700 55
3847596 58
3648136 55
3650907 55
3649106 55
3886640 59
3659091 55
3651508 55
3868045 59
3754213 57
3649368 55
3649284 55
3738952 57
3832925 58
3780806 57
3651302 55
3649822 55
3888340 59
3648107 55
3793599 57
3657768 55
3751873 57
3742761 57
3725437 56
3651215 55
3753797 57
3710983 56
3649609 55
3785718 57
3816527 58
3650813 55
3821557 58
3749332 57
3794433 57
3648271 55
3648607 55
3752314 57
3779780 57
3650663 55
3650897 55
3881874 59
3651270 55
3734927 56
3659640 55
3756454 57
3700317 56
3649204 55
3649504 55
3754352 57
3785880 57
3655408 55
3781149 57
3757453 57
3650097 55
3739832 57
3648802 55
3799611 57
3650478 55
3698278 56
3655303 55
3918785 59
3783533 57
3649473 55
3875810 59
3649162 55
3649204 55
3649790 55
3747150 57
3648635 55
3779312 57
3650681 55
3741599 57
3889852 59
3648488 55
3724795 56
3880324 59
3648376 55
3659696 55
3649005 55
3761698 57
3655324 55
3734920 56
3793644 57
3885495 59
3734934 56
3647346 55
3878236 59
3762117 57
3650265 55
3650041 55
3744381 57
3843197 58
3782506 57
3653798 55
3743100 57
3892006 59
3733419 56
3712428 56
3746427 57
3649417 55
3649709 55
3737787 57
3744200 57
3649273 55
3831839 58
3650698 55
3879549 59
3648792 55
3650094 55
3655861 55
3740363 57
3654843 55
3648635 55
3778984 57
3740966 57
3826226 58
3650590 55
3647629 55
3748581 57
3730326 56
3649793 55
3788575 57
3733561 56
3652032 55
3665586 55
3744857 57
3649050 55
3782747 57
3649661 55
3890910 59
3651400 55
3657301 55
3661159 55
3749381 57
3648285 55
3647797 55
3827318 58
3750075 57
3792356 57
3659898 55
3648722 55
3761894 57
3648624 55
3648307 55
3739608 57
3885243 59
3649595 55
3783833 57
3659629 55
3754960 57
3716520 56
3650561 55
3784364 57
3755498 57
3875897 59
3649678 55
3748822 57
3759538 57
3656741 55
3791958 57
3650147 55
3887893 59
3658707 55
3653274 55
3650226 55
3753504 57
3647888 55
3648966 55
3936660 60
3649221 55
3781117 57
3651383 55
3756766 57
3648023 55
3783286 57
3787429 57
3751120 57
3776652 57
3789660 57
3786595 57
3753263 57
3650827 55
3834482 58
3650154 55
3957200 60
3656972 55
3648613 55
3741710 57
3648264 55
3649040 55
3649256 55
3888096 59
3651651 55
3783652 57
3651089 55
3759987 57
3649706 55
3778579 57
3881064 59
3756190 57
3779490 57
3652510 55
3881340 59
3752289 57
3653753 55
3747409 57
3744650 57
3900214 59
3652008 55
3720459 56
3739284 57
3650226 55
3787084 57
3757565 57
3782014 57
3649326 55
3649751 55
3755225 57
3648774 55
3784127 57
3820039 58
3890065 59
3648320 55
3651061 55
3661494 55
3813845 58
3785809 57
3648893 55
3927108 59
3648673 55
3648820 55
3649522 55
3743330 57
3655111 55
3649710 55
3784930 57
3741428 57
3780010 57
3660897 55
3648621 55
3737210 57
3650810 55
3649350 55
3649605 55
3926574 59
3651725 55
3780468 57
3791333 57
3894442 59
3690639 56
3720245 56
3788134 57
3757460 57
3723699 56
3648533 55
3653215 55
3754223 57
3652999 55
3786246 57
3744825 57
3798619 57
3648097 55
3648946 55
3748169 57
3648844 55
3648034 55
3649996 55
3880677 59
3656441 55
3787943 57
3653324 55
3896164 59
3794290 57
3778398 57
3873987 59
3759558 57
3648558 55
3650830 55
3742538 57
3650111 55
3649302 55
3787622 57
3744430 57
3788938 57
3647325 55
3658016 55
3755561 57
3648676 55
3651048 55
3648094 55
3874033 59
3648443 55
3830318 58
3790621 57
4015977 61
3792922 57
3778994 57
3872905 59
3649679 55
3649745 55
3651658 55
3795425 57
3648875 55
3707879 56
3788012 57
3748896 57
3912843 59
3851321 58
3950801 60
3847114 58
3650478 55
3874085 59
3804184 58
3648240 55
3649675 55
3741553 57
3755396 57
3787604 57
3784745 57
3876177 59
3791465 57
3649849 55
3653679 55
3803863 58
3649322 55
3659562 55
3651400 55
3791008 57
3649238 55
3775200 57
3652209 55
3739197 57
3790966 57
3649211 55
3693016 56
3762306 57
3648942 55
3648862 55
3712903 56
3759150 57
3648261 55
3819829 58
3719031 56
3895755 59
3649078 55
3658889 55
3699640 56
3652898 55
3652985 55
3720399 56
3805554 58
3649595 55
3781047 57
3648603 55
3756154 57
3802457 58
3649979 55
3714582 56
3761276 57
3654762 55
3649431 55
3732800 56
3759443 57
3648254 55
3780806 57
3747503 57
3918565 59
3648666 55
3650761 55
3817996 58
3755666 57
3651271 55
3787207 57
3808377 58
3753825 57
3784416 57
3649710 55
3740775 57
3895927 59
3650628 55
3716852 56
3741515 57
3654891 55
3649766 55
3790328 57
3755896 57
3782039 57
3794185 57
3649082 55
3758294 57
3786089 57
3650164 55
3648404 55
3880611 59
3650502 55
3649787 55
3781421 57
3758832 57
3783635 57
3653599 55
3740984 57
3786099 57
3735650 57
3787535 57
3741833 57
3649420 55
3649368 55
3787608 57
3885449 59
3654706 55
3819676 58
3649043 55
3754202 57
3651575 55
3647647 55
3664206 55
3926050 59
3648533 55
3653617 55
3779176 57
3749154 57
3651148 55
3649231 55
3650726 55
3887754 59
3846654 58
3739162 57
3648890 55
3760452 57
3649668 55
3782056 57
3658501 55
3842963 58
3829207 58
3649556 55
3650593 55
3761276 57
3650827 55
3650837 55
3788299 57
3756507 57
3651372 55
3783309 57
3757596 57
3789147 57
3650517 55
3660083 55
3893266 59
3757131 57
3792810 57
3751434 57
3649901 55
3648953 55
3788149 57
3758888 57
3649769 55
3788047 57
3655676 55
3759520 57
3649669 55
3649905 55
3878124 59
3781655 57
3649867 55
3649442 55
3744531 57
3657112 55
3733209 56
3651770 55
3754471 57
3824232 58
3707363 56
3651173 55
3748249 57
3649193 55
3650373 55
3794252 57
3757711 57
3783080 57
3778904 57
3651058 55
3761276 57
3649874 55
3653694 55
3783610 57
3937994 60
3649783 55
3649948 55
3742252 57
3656260 55
3699870 56
3791989 57
3757494 57
3777703 57
3649137 55
3710680 56
3765005 57
3649650 55
3782046 57
3880502 59
3653774 55
3784019 57
3648076 55
3753815 57
3656072 55
3649752 55
3662216 55
3896123 59
3775360 57
3649249 55
3649434 55
3752691 57
3649060 55
3747091 57
3655069 55
3757348 57
3777232 57
3704409 56
3650388 55
3757582 57
3648254 55
3785922 57
3876979 59
3795348 57
3730535 56
3649106 55
3747115 57
3649001 55
3649480 55
3650615 55
3895092 59
3794869 57
3648055 55
3739329 57
3649249 55
3781425 57
3795498 57
3749891 57
3650076 55
3649113 55
3650276 55
3817672 58
3650439 55
3658399 55
3819281 58
3907406 59
3648080 55
3739047 57
3650928 55
3758933 57
3650231 55
3860545 58
3748662 57
3738782 57
3801657 58
3651030 55
3740031 57
3650660 55
3789109 57
3730604 56
3758203 57
3651351 55
3653337 55
3699908 56
3749468 57
3650639 55
3651096 55
3788886 57
3891695 59
3651159 55
3655523 55
3786818 57
3802728 58
3654912 55
3650066 55
3751870 57
3649288 55
3837649 58
3651557 55
3752795 57
3651355 55
3828942 58
3788139 57
3841877 58
3649895 55
3650621 55
3647863 55
3753675 57
3650248 55
3650726 55
3871127 59
3788547 57
3654846 55
3655918 55
3745348 57
3790631 57
3788505 57
3746679 57
3649891 55
3649288 55
3694587 56
3763546 57
3647542 55
3649057 55
3747052 57
3777762 57
3654577 55
3649176 55
3744653 57
3786431 57
3748250 57
3649797 55
3740981 57
3656092 55
3779675 57
3649228 55
3883920 59
3649735 55
3776837 57
3787912 57
3754740 57
3649304 55
3654050 55
3792925 57
3760441 57
3657276 55
3649375 55
3660638 55
3899027 59
3659647 55
3652859 55
3742283 57
3794922 57
3656948 55
3652573 55
3741976 57
3779500 57
3790449 57
3851677 58
3781114 57
3651867 55
3649979 55
3897432 59
3650220 55
3650408 55
3650471 55
3783823 57
3724987 56
3649539 55
3741987 57
3651553 55
3784113 57
3646886 55
3755449 57
3649277 55
3649099 55
3807072 58
3813402 58
3650771 55
3654783 55
