8669225 66
9047244 69
8321197 63
8358108 63
8953177 68
8463637 64
8304460 63
8491616 64
8605445 65
8560895 65
8309396 63
8589410 65
8517411 64
8395483 64
8324305 63
8693137 66
8548365 65
8388389 63
8701845 66
8722520 66
8554311 65
8459161 64
8500328 64
8789073 67
8406208 64
8345613 63
8356903 63
8660905 66
11542236 88
8573384 65
8204049 62
8458515 64
8321899 63
8254555 62
8511099 64
8548351 65
8280701 63
8300109 63
9943821 75
8449713 64
8290568 63
8284929 63
8680146 66
8302588 63
8484973 64
8638679 65
8618621 65
8235827 62
8253172 62
8277373 63
8664229 66
8223436 62
8255805 62
8205832 62
8967682 68
8195362 62
8109754 61
8298255 63
8511427 64
8085908 61
8144783 62
8159335 62
8472837 64
8242209 62
8115190 61
8188041 62
8581442 65
8263356 63
8161733 62
8263727 63
8402455 64
8242883 62
8205138 62
8188037 62
8376947 63
8414256 64
8251486 62
8509304 64
8511692 64
8255169 62
8281898 63
8508672 64
8728865 66
8288665 63
8230820 62
8292010 63
9404901 71
8986487 68
8445741 64
8317929 63
8368687 63
8238690 62
8274221 63
8531827 65
8282394 63
8267043 63
8234437 62
8370729 63
8477215 64
8303112 63
8239140 62
8594765 65
8474924 64
8269934 63
8310800 63
8424304 64
8421438 64
8304721 63
8297055 63
8444676 64
8296098 63
8549479 65
8317105 63
8429785 64
8293120 63
8423215 64
8266927 63
8906913 67
8334814 63
8272391 63
8289272 63
8667063 66
8295364 63
8205372 62
8437019 64
9034717 68
8570252 65
8277716 63
8223324 62
9103422 69
8342463 63
8236885 62
8223227 62
8702494 66
8483328 64
8308447 63
8227926 62
8623573 65
8317249 63
8244489 62
8228938 62
10183641 77
8351146 63
8979015 68
8752930 66
8437822 64
8305664 63
8383895 63
8474017 64
8259344 63
8305440 63
8496435 64
8513025 64
8267850 63
8753412 66
8591825 65
8346429 63
8285540 63
8375697 63
8675321 66
8435280 64
8286455 63
8318157 63
8864004 67
8635408 65
8318649 63
8312633 63
8795333 67
8581264 65
8365283 63
8430397 64
8740700 66
8380428 63
8317056 63
8562142 65
8725827 66
8386520 63
8316750 63
8546818 65
8783417 67
8336053 63
8353517 63
8682077 66
8713355 66
8527309 65
8671264 66
8737652 66
8595271 65
8394110 64
8310632 63
8735128 66
8476741 64
8434607 64
8330282 63
8854577 67
8726738 66
8423462 64
10708905 81
8974204 68
8849745 67
10084760 76
8655835 66
8337429 63
8432418 64
8734549 66
8478235 64
8534323 65
8527941 65
8946825 68
8502035 64
8341038 63
8567086 65
8816217 67
8443908 64
8362964 63
8589968 65
8797553 67
8464280 64
8475138 64
8681539 66
9030953 68
8472816 64
8316655 63
8739394 66
9099942 69
8566398 65
8713889 66
8802353 67
8338064 63
8385274 63
8717542 66
8476577 64
8322311 63
8888573 67
8638847 65
8635639 65
8310147 63
8444794 64
8649460 65
8601193 65
8457300 64
8484851 64
8576544 65
8368607 63
8253908 62
8493383 64
8642052 65
8397190 64
8357518 63
8871894 67
8756746 66
8338878 63
8272102 63
8692286 66
8719273 66
8389048 64
8587367 65
10265608 78
8588093 65
8524079 65
8574393 65
8671522 66
8370663 63
8442850 64
8696433 66
8874401 67
8361620 63
8299551 63
8696782 66
8736887 66
8322605 63
8318977 63
8717511 66
8876939 67
8307389 63
8353788 63
8563088 65
8998169 68
8551619 65
8312455 63
8469377 64
8501124 64
8394044 64
8799825 67
8517142 64
8455017 64
8254544 62
8625122 65
8656182 66
8314180 63
8267022 63
8692404 66
8698336 66
8435664 64
8299098 63
8773501 66
8957474 68
8790689 67
8375111 63
8586012 65
8710087 66
8851728 67
8347082 63
8523549 65
8519767 65
8441463 64
9061740 69
9037398 68
8445430 64
8470041 64
8602432 65
8809842 67
8371822 63
8407545 64
10530371 80
8743172 66
8685554 66
9084590 69
8771463 66
8455918 64
8425840 64
8433887 64
8821542 67
8373564 63
8342798 63
8337631 63
8469485 64
8295637 63
9003937 68
8371571 63
8477739 64
8337065 63
8500757 64
8369856 63
8815652 67
8590887 65
8650490 65
8348744 63
8336632 63
8346265 63
8391943 64
8555320 65
8504064 64
8981254 68
10864213 82
8268743 63
8417080 64
8442200 64
8674403 66
8693183 66
8546089 65
8413306 64
8718855 66
8449888 64
8774531 66
8361289 63
8406351 64
8199489 62
8577032 65
8403380 64
8509485 64
8297408 63
8736151 66
8429272 64
8466852 64
8415118 64
8762957 66
8356662 63
8493963 64
8341849 63
8590939 65
10016854 76
8784038 67
8692604 66
8442277 64
8589630 65
8304132 63
8782987 67
8539054 65
8542971 65
8330665 63
8717779 66
8445912 64
8449099 64
8405883 64
8669732 66
8622654 65
8532434 65
8388940 64
8716407 66
9062323 69
8694216 66
8781622 66
8476307 64
8830522 67
8440437 64
8938244 68
8488814 64
8692456 66
8552918 65
9484982 72
8576310 65
8441184 64
8395528 64
8491579 64
8624986 65
8448799 64
8455496 64
8437654 64
8844501 67
8759770 66
8704651 66
8489760 64
8796523 67
8369325 63
8668506 66
8419373 64
8666789 66
8375292 63
8783588 67
8402151 64
8598868 65
8640833 65
8558144 65
8340585 63
8504203 64
8353506 63
8453324 64
11612304 88
8740581 66
8846585 67
8422432 64
8605420 65
8332848 63
9021243 68
8330914 63
8344830 63
8327702 63
8375983 63
9237609 70
8471737 64
8488237 64
8414867 64
8518385 64
8326644 63
8440905 64
8412985 64
8699247 66
8617742 65
8826678 67
8382624 63
8706548 66
8296311 63
8725788 66
8404937 64
8736981 66
8364975 63
9384389 71
8381437 63
8705273 66
8313513 63
8701447 66
8398796 64
8811860 67
8351408 63
8380728 63
8395315 64
8634339 65
8741922 66
8525584 65
8482738 64
8364469 63
8770384 66
8689991 66
8438294 64
8413016 64
8622396 65
8311272 63
8589375 65
8417785 64
8710476 66
8273320 63
8954143 68
8357713 63
8651276 66
9855661 75
8576917 65
8562788 65
8371305 63
8351170 63
8539222 65
8804885 67
8421461 64
8260270 63
8410014 64
8456249 64
8308217 63
8293386 63
8307329 63
8437002 64
8346220 63
8216740 62
8394592 64
8434362 64
8675594 66
8620025 65
8325502 63
8624288 65
8656272 66
8449358 64
8374165 63
8954510 68
8478929 64
8527428 65
8877236 67
8495314 64
8320408 63
8475787 64
8773833 66
8499538 64
8359424 63
8556455 65
8757071 66
8562261 65
8368470 63
8532253 65
8717873 66
8455523 64
8448903 64
8378151 63
8805991 67
8362992 63
8449500 64
8379594 63
8856746 67
8512293 64
8574823 65
8355507 63
8493223 64
8396463 64
8590917 65
8578834 65
8442675 64
8336761 63
8650026 65
8559859 65
8321721 63
8279235 63
8698706 66
8642883 65
8418368 64
8296831 63
8703171 66
8882054 67
8554901 65
8479533 64
8666205 66
8700445 66
8481691 64
8351324 63
8636714 65
8717095 66
8429411 64
8291696 63
8502335 64
8978160 68
8386869 63
8295243 63
8471601 64
8626806 65
8363865 63
8295135 63
8355982 63
8681451 66
8388884 64
8822471 67
8400178 64
8726323 66
8568483 65
8500216 64
8388339 63
8441953 64
8421706 64
8567802 65
8486526 64
8477159 64
8374552 63
8645579 65
8652917 66
8390400 64
8379248 63
8705644 66
8578045 65
8342829 63
8355692 63
8687663 66
8716921 66
8641961 65
8411141 64
8716760 66
8737090 66
8444162 64
8269354 63
8617113 65
8691420 66
8280645 63
8259174 63
8559803 65
8676016 66
8407148 64
8607110 65
8705780 66
8593040 65
8366790 63
8282887 63
8516319 64
8542363 65
8395196 64
8285166 63
8393559 64
8777921 66
8671969 66
8364323 63
8405796 64
8386607 63
8359571 63
8395199 64
8468623 64
8408118 64
8343982 63
9959267 75
8739932 66
8425934 64
8373309 63
8639259 65
8667218 66
8377111 63
8387100 63
8830969 67
8593736 65
8880336 67
8365782 63
8615315 65
8552765 65
8516328 64
8344984 63
8471723 64
8407521 64
8345253 63
8256031 62
8465669 64
8370010 63
8549437 65
8327248 63
8785774 67
8455879 64
8341230 63
8730579 66
8643895 65
8441663 64
8359480 63
8333372 63
8600857 65
8731461 66
8799298 67
8385791 63
8689385 66
8500575 64
8488122 64
8499929 64
8764849 66
8430832 64
8456260 64
8769758 66
8602153 65
8347204 63
8853533 67
8745179 66
8476590 64
8335781 63
8270755 63
8670674 66
8706928 66
8740233 66
8401104 64
8675230 66
8471489 64
8535635 65
8418225 64
8737484 66
8366721 63
8395095 64
8477836 64
8649014 65
8402626 64
8432351 64
8874027 67
8720373 66
8389750 64
8420634 64
8626006 65
8409654 64
8524481 65
8396405 64
8716861 66
8480388 64
8623586 65
8630489 65
8821189 67
8868064 67
8543089 65
8407831 64
8771710 66
8427841 64
8387763 63
8399253 64
9045295 69
8518702 64
8331566 63
8406432 64
8898246 67
8414465 64
8476010 64
8427191 64
8868599 67
8665053 66
8939183 68
8975294 68
8433074 64
8361774 63
8536725 65
8819332 67
8404909 64
8386108 63
8410377 64
8902011 67
8322318 63
8464803 64
8346960 63
8870163 67
8369011 63
8322841 63
8378109 63
8792634 67
8427645 64
8581718 65
8349641 63
8622479 65
8395517 64
8417621 64
8526639 65
8544256 65
8376731 63
8338088 63
8388458 63
8461388 64
8313143 63
8197719 62
8351443 63
8341517 63
8474534 64
8576942 65
8380149 63
8296130 63
8327436 63
8313506 63
8590268 65
8365802 63
8590433 65
8626236 65
8715929 66
8387721 63
8326386 63
8559981 65
8730121 66
8363278 63
8314194 63
8378658 63
8702679 66
8404616 64
8307123 63
8489428 64
8768156 66
8621523 65
8392599 64
8355175 63
8862083 67
8453603 64
8360042 63
8315112 63
8837233 67
8383870 63
8702959 66
8437068 64
8777802 66
8496903 64
8474090 64
8317835 63
8791614 67
8350074 63
8342215 63
8492360 64
8616094 65
8333829 63
8377236 63
8388818 64
8685812 66
8289150 63
8416797 64
8358887 63
8720024 66
8332520 63
8570497 65
8404333 64
8555358 65
8376873 63
8683571 66
8537835 65
8536180 65
8568398 65
8374123 63
8389359 64
9659395 73
8468308 64
8469283 64
8927683 68
8505624 64
8393992 64
8435399 64
8987950 68
8401541 64
8667385 66
8428913 64
8646734 65
8476227 64
8699090 66
8711006 66
8731626 66
8553735 65
8549067 65
8395584 64
8589783 65
8747309 66
8899727 67
8523315 65
8482658 64
8457625 64
8390169 64
8598875 65
8925393 68
8487347 64
8361474 63
8731797 66
8527996 65
8537266 65
8925430 68
8788556 67
8497905 64
8479805 64
9007819 68
8918850 68
8474059 64
8454989 64
8430882 64
8757954 66
8371961 63
8410712 64
8530262 65
8803149 67
8335417 63
8378354 63
8374077 63
8871272 67
8329462 63
8273722 63
8359941 63
8732502 66
8284905 63
8526056 65
8766672 66
8631976 65
8322524 63
8457849 64
8661300 66
8581913 65
8325523 63
8277356 63
8533828 65
8409651 64
8296374 63
8256139 62
8561402 65
8351086 63
8311404 63
8233373 62
8573828 65
8354277 63
8304372 63
8332855 63
8751900 66
8317234 63
8539392 65
8701318 66
8741028 66
8347612 63
8413072 64
8283993 63
8866898 67
8329318 63
8318278 63
8337799 63
10515432 80
9172328 69
8254575 62
8448041 64
8523615 65
8235373 62
8233659 62
8511057 64
8469915 64
8190579 62
8606269 65
8766480 66
8567180 65
8214952 62
8177574 62
8736894 66
8506260 64
8218907 62
8153194 62
8580901 65
8527124 65
8226921 62
8230862 62
8561933 65
8599426 65
8271083 63
8216212 62
8572298 65
8371183 63
8293221 63
8252704 62
8458749 64
8370798 63
8533077 65
8553299 65
8604537 65
8267493 63
8479963 64
8267909 63
8425051 64
8304030 63
8232126 62
8229521 62
8347682 63
8205502 62
8243906 62
8415199 64
8482648 64
8221429 62
8198613 62
8421602 64
8483499 64
8433573 64
8252173 62
8407730 64
8475257 64
8305857 63
8233994 62
8773037 66
8685495 66
8346272 63
8582346 65
8458100 64
8713024 66
8343500 63
8237880 62
8488827 64
8617711 65
8331036 63
8287903 63
8540195 65
8578541 65
8411857 64
8413051 64
8607271 65
8554364 65
8274413 63
8323816 63
8824206 67
8549098 65
8222235 62
8391443 64
8694080 66
8631641 65
8271736 63
8290680 63
8508666 64
8454790 64
8245331 62
