393837 48
393807 48
393195 47
414744 50
443114 54
392957 47
392626 47
389480 47
387637 47
393362 48
392414 47
414957 50
391760 47
393111 47
539113 65
393447 48
382540 46
394047 48
382561 46
389124 47
409880 50
392004 47
382868 46
389529 47
383737 46
393293 48
455718 55
393478 48
392400 47
389519 47
385640 47
389878 47
388384 47
387902 47
388929 47
388768 47
499000 60
394107 48
388842 47
393803 48
447074 54
399888 48
392274 47
383119 46
393161 47
383849 46
383713 46
383591 46
383724 46
383049 46
389369 47
384303 46
445199 54
392033 47
393705 48
389666 47
398607 48
393548 48
393066 47
394068 48
392958 47
394110 48
394173 48
393719 48
393531 48
394103 48
393621 48
393555 48
393192 47
414723 50
429456 52
393342 48
384718 46
393743 48
383391 46
393042 47
387766 47
393136 47
393544 48
394425 48
390570 47
394100 48
388978 47
394089 48
388677 47
393687 48
393799 48
414814 50
492423 60
393729 48
438995 53
393548 48
414283 50
394040 48
382117 46
394044 48
383085 46
392127 47
434840 53
393342 48
383029 46
393091 47
388562 47
495094 60
393245 48
383224 46
392832 47
402587 49
392794 47
388360 47
393353 48
392805 47
393171 47
404933 49
393059 47
393223 48
436634 53
415142 50
393387 48
394058 48
393995 48
394198 48
394222 48
393803 48
393764 48
393761 48
393723 48
393858 48
415142 50
393230 48
393712 48
389027 47
393615 48
491948 60
392741 47
385110 47
393000 47
388583 47
393430 48
381007 46
393754 48
382376 46
393985 48
388070 47
392665 47
392301 47
414179 50
393678 48
382935 46
393336 48
392891 47
393883 48
392889 47
388409 47
392916 47
393395 48
393115 47
393814 48
393545 48
393534 48
393576 48
389917 47
393258 48
385294 47
393011 47
413473 50
404514 49
382068 46
383960 46
384684 46
499511 60
384167 46
415198 50
384115 46
414402 50
408031 49
393245 48
390396 47
383636 46
391900 47
390036 47
384471 46
389735 47
389337 47
393998 48
393384 48
393083 47
392881 47
393049 47
393489 48
393380 48
393646 48
392728 47
393279 48
392763 47
414077 50
393090 47
393880 48
393125 47
393234 48
393084 47
393314 48
393611 48
394026 48
393995 48
393202 47
393663 48
393502 48
402720 49
393960 48
392497 47
392941 47
414869 50
393238 48
392245 47
495893 60
392811 47
393768 48
393052 47
392221 47
392763 47
389222 47
440999 53
392748 47
393921 48
389027 47
393824 48
393831 48
391149 47
388462 47
497067 60
388615 47
393237 48
382739 46
393488 48
386981 47
393806 48
393754 48
390105 47
400489 48
389253 47
392867 47
383197 46
392871 47
393153 47
393831 48
389725 47
391848 47
393143 47
383238 46
393129 47
383734 46
389414 47
389847 47
390675 47
393188 47
393338 48
392682 47
385595 47
382533 46
408215 49
412834 50
408949 49
383828 46
387165 47
386848 47
437462 53
398575 48
390937 47
390025 47
384701 46
390046 47
377157 46
389540 47
487724 59
387546 47
382480 46
393632 48
378284 46
381663 46
439511 53
383633 46
393091 47
380239 46
392511 47
389194 47
383301 46
379087 46
389439 47
383238 46
383280 46
377903 46
383556 46
371835 45
383378 46
382984 46
497915 60
383015 46
392940 47
405045 49
393894 48
390315 47
388894 47
380058 46
388967 47
385228 47
387452 47
433814 52
388371 47
385064 47
383134 46
393248 48
387288 47
392763 47
382774 46
391935 47
382871 46
393244 48
397636 48
393443 48
392605 47
389442 47
392145 47
393510 48
392665 47
392713 47
392389 47
414468 50
392675 47
393423 48
393374 48
389948 47
392934 47
384543 46
414336 50
383787 46
393007 47
389334 47
387568 47
393628 48
380962 46
393688 48
387867 47
394040 48
392965 47
437766 53
397339 48
393831 48
392822 47
393503 48
392972 47
393862 48
392710 47
393576 48
409018 49
388778 47
393143 47
403823 49
399079 48
387661 47
389414 47
380518 46
394760 48
382005 46
494239 60
380878 46
392260 47
380944 46
382191 46
387012 47
381220 46
391855 47
381681 46
393035 47
430036 52
445817 54
382658 46
388968 47
381977 46
378532 46
381663 46
377722 46
382237 46
388601 47
384219 46
381985 46
382910 46
381943 46
383206 46
382198 46
387040 47
384086 46
392514 47
385302 47
439201 53
384421 46
384669 46
384398 46
385298 47
383438 46
383458 46
383071 46
373968 45
384614 46
374646 45
386639 47
379160 46
389487 47
379248 46
382906 46
387584 47
441212 53
402336 49
388890 47
381370 46
403921 49
514017 62
382351 46
387348 47
392735 47
387805 47
388123 47
378159 46
401557 49
382341 46
390503 47
384072 46
389864 47
383074 46
393042 47
388408 47
382201 46
381887 46
383363 46
388018 47
393311 48
394274 48
399682 48
495747 60
393737 48
392965 47
393862 48
393411 48
394557 48
393862 48
393807 48
394281 48
393677 48
393932 48
392759 47
435120 53
390552 47
389358 47
514335 62
389543 47
384247 46
389331 47
735455 89
392197 47
390398 47
393202 47
453016 55
393771 48
388555 47
392699 47
393824 48
384300 46
387068 47
393081 47
383611 46
383325 46
413501 50
391474 47
392749 47
393740 48
393737 48
394386 48
393824 48
394197 48
393122 47
394156 48
393412 48
384160 46
394152 48
393709 48
394243 48
389945 47
390811 47
384208 46
383849 46
404825 49
383403 46
390318 47
383263 46
384215 46
433126 52
390134 47
390486 47
393443 48
393527 48
393101 47
392690 47
392637 47
384523 46
389309 47
389204 47
496891 60
383116 46
393248 48
382791 46
394065 48
421475 51
394236 48
389369 47
393083 47
385179 47
393216 48
440492 53
388280 47
393160 47
392497 47
391327 47
392008 47
392759 47
389090 47
386527 47
393670 48
383011 46
538464 65
403205 49
381635 46
394337 48
388462 47
393465 48
388221 47
393890 48
393077 47
394477 48
393230 48
393877 48
393970 48
393984 48
399155 48
392490 47
394205 48
392281 47
394466 48
387658 47
392438 47
386621 47
393754 48
392909 47
393150 47
393387 48
393939 48
411085 50
393558 48
383636 46
394427 48
392937 47
393918 48
393006 47
394124 48
393660 48
392588 47
393576 48
415132 50
394013 48
441558 53
391939 47
393914 48
412863 50
415607 50
382341 46
394131 48
387633 47
414227 50
383430 46
392630 47
384055 46
387560 47
383384 46
381897 46
383447 46
412715 50
382942 46
389609 47
431031 52
392187 47
384432 46
382145 46
382777 46
388904 47
392783 47
389473 47
389383 47
521994 63
394180 48
443331 54
393391 48
392878 47
393471 48
390029 47
392895 47
383423 46
389697 47
384714 46
393038 47
382847 46
394114 48
383176 46
394170 48
382453 46
393992 48
388692 47
393538 48
388221 47
393911 48
394005 48
393918 48
393621 48
394271 48
393890 48
393384 48
393664 48
394257 48
393495 48
394375 48
393964 48
393879 48
393939 48
394019 48
393803 48
414856 50
393419 48
393646 48
393722 48
394009 48
393866 48
394142 48
393779 48
392623 47
393143 47
393646 48
393841 48
447322 54
393664 48
393464 48
393782 48
393548 48
394204 48
439599 53
394254 48
390008 47
393722 48
393502 48
393576 48
393282 48
393813 48
414978 50
393911 48
392857 47
392431 47
393576 48
393429 48
436373 53
393970 48
382327 46
393831 48
389547 47
391806 47
448875 54
392218 47
393360 48
389998 47
389509 47
395570 48
384173 46
494587 60
383657 46
384359 46
383150 46
399926 48
430092 52
394159 48
389477 47
393530 48
393552 48
393754 48
394149 48
393981 48
392717 47
393660 48
389662 47
393886 48
385001 46
393932 48
384600 46
394487 48
390210 47
496756 60
383923 46
394431 48
435521 53
393506 48
384393 46
394267 48
383528 46
393562 48
391415 47
393813 48
389788 47
389785 47
384002 46
389630 47
385008 46
390608 47
438461 53
410816 50
383465 46
390357 47
443677 54
393607 48
383877 46
384634 46
426942 52
383699 46
393387 48
391530 47
393709 48
384848 46
393621 48
383751 46
393430 48
389422 47
394288 48
391062 47
393893 48
392584 47
393457 48
393639 48
415372 50
390249 47
394044 48
394061 48
452688 55
392689 47
393618 48
392972 47
392700 47
393272 48
496378 60
393300 48
394124 48
393918 48
394166 48
393883 48
392602 47
392675 47
449106 54
392005 47
391921 47
391764 47
387344 47
393586 48
394222 48
393904 48
392815 47
389543 47
394215 48
415386 50
394110 48
393363 48
392947 47
393069 47
392815 47
393764 48
392654 47
393953 48
393538 48
393856 48
393171 47
393656 48
414224 50
394291 48
393953 48
394282 48
393055 47
497220 60
392675 47
393736 48
394292 48
389924 47
393597 48
393203 47
393377 48
392570 47
393262 48
393094 47
393541 48
394180 48
414280 50
393660 48
415844 50
393726 48
394414 48
393837 48
393980 48
442476 54
393859 48
499357 60
392630 47
441983 53
393617 48
394201 48
392965 47
393981 48
393370 48
393251 48
394249 48
393025 47
393359 48
393464 48
393967 48
393125 47
394082 48
392892 47
393729 48
393978 48
400642 48
394197 48
394375 48
393401 48
394019 48
393432 48
415160 50
394460 48
394306 48
393904 48
497688 60
394134 48
393677 48
393723 48
394264 48
393873 48
393461 48
414807 50
393831 48
393708 48
393758 48
438824 53
393879 48
394599 48
394247 48
398915 48
442619 54
394302 48
393754 48
393935 48
393687 48
394055 48
393995 48
393960 48
394114 48
457660 55
393789 48
394082 48
394044 48
393886 48
393408 48
393307 48
392972 47
393733 48
444389 54
394162 48
393534 48
394361 48
415544 50
393998 48
393275 48
394023 48
393454 48
392630 47
393300 48
411567 50
394152 48
394002 48
393834 48
442493 54
393572 48
393792 48
393716 48
394037 48
393625 48
393182 47
394022 48
393705 48
393436 48
393150 47
393884 48
393426 48
393458 48
439896 53
393862 48
393464 48
393216 48
393339 48
393688 48
393747 48
393981 48
393841 48
394483 48
392807 47
496319 60
393974 48
415145 50
393824 48
393705 48
389938 47
393275 48
382805 46
393796 48
392888 47
394198 48
392780 47
393768 48
445307 54
394103 48
496668 60
393793 48
394208 48
393663 48
393409 48
393472 48
392706 47
445370 54
389460 47
392965 47
390822 47
392578 47
450513 54
392581 47
393321 48
393702 48
382453 46
392605 47
378347 46
394155 48
391569 47
388080 47
390000 47
434236 53
392759 47
406029 49
393551 48
389076 47
392927 47
398387 48
392703 47
393883 48
392828 47
393523 48
392989 47
393663 48
391831 47
393576 48
387390 47
393695 48
378539 46
452974 55
381569 46
393852 48
393792 48
448365 54
381562 46
393782 48
393178 47
393294 48
389072 47
387770 47
414618 50
388566 47
393953 48
392655 47
393282 48
393447 48
382041 46
392612 47
509502 62
392514 47
382305 46
394040 48
388193 47
392804 47
381804 46
392549 47
515536 62
389477 47
441656 53
446449 54
