1094715 8
1100553 8
1098570 8
1094998 8
1094457 8
1097016 8
1093580 8
1093175 8
1094362 8
1094799 8
1114353 8
1038588 7
1114455 8
1038927 7
1045194 7
1037482 7
1093828 8
1094886 8
1093262 8
1204343 9
1095608 8
1085341 8
1037314 7
1039206 7
1037617 7
1038386 7
1037387 7
1095354 8
1094467 8
1094056 8
1094421 8
1044042 7
1037960 7
1038117 7
1037823 7
1038713 7
1042062 7
1044314 7
1094328 8
1038187 7
1095218 8
1095053 8
1037446 7
1038106 7
1037269 7
1036301 7
1037394 7
1039534 7
1037960 7
1093720 8
1167269 8
1093912 8
1094795 8
1039186 7
1039164 7
1094383 8
1037886 7
1037788 7
1036912 7
1037488 7
1094806 8
1197092 9
1106687 8
1099683 8
1184656 9
1039008 7
1103586 8
1038725 7
1038843 7
1037971 7
1092889 8
1094813 8
1125694 8
1094705 8
1093765 8
1131088 8
1037481 7
1038284 7
1038379 7
1098978 8
1037838 7
1116766 8
1193164 9
1124583 8
1104680 8
1095256 8
1038194 7
1037408 7
1038239 7
1090829 8
1038728 7
1037227 7
1096614 8
1093964 8
1163425 8
1219440 9
1094334 8
1044220 7
1038013 7
1096894 8
976183 7
1037816 7
1038393 7
1145535 8
1094104 8
1128623 8
1095273 8
1038226 7
1070568 8
1037262 7
1110521 8
1037994 7
1037984 7
1095661 8
1122838 8
1094254 8
1124667 8
1094038 8
1037886 7
1037478 7
1037240 7
1043756 7
1038211 7
1037446 7
1113631 8
1141324 8
1094998 8
1162597 8
1094174 8
1131070 8
1036985 7
1043374 7
1037248 7
1086988 8
1038616 7
1169161 8
1093829 8
1093674 8
1125658 8
1195548 9
1038110 7
1038138 7
1037890 7
1037883 7
1038128 7
1038131 7
1086528 8
1094558 8
1094980 8
1124542 8
1076494 8
1036881 7
1038260 7
1165003 8
1043636 7
1038008 7
1043193 7
1095305 8
1094813 8
1094757 8
1201173 9
1094251 8
1037921 7
966125 7
1037824 7
1036769 7
1037436 7
1038169 7
1038661 7
1095061 8
1094781 8
1095113 8
1094991 8
1190685 9
1038738 7
1037604 7
1037789 7
1039046 7
1038913 7
1007805 7
1094785 8
1093916 8
1146645 8
1094900 8
1195217 9
1038746 7
1038364 7
1038138 7
1100144 8
1038714 7
1038476 7
1094530 8
1094498 8
1094345 8
1094771 8
1037226 7
1038668 7
1039021 7
1132645 8
1038012 7
1038263 7
1037988 7
1161979 8
1101055 8
1095396 8
1095026 8
1037265 7
1038256 7
1038037 7
1038742 7
1109731 8
1038755 7
1087858 8
1094708 8
1096178 8
1204071 9
1093287 8
1037977 7
1039133 7
1037597 7
1038679 7
1081238 8
1037516 7
1039153 7
1094258 8
1093943 8
1095005 8
1126011 8
1039321 7
1038539 7
1085627 8
1038749 7
1038358 7
1038368 7
1037572 7
1094694 8
1196820 9
1093811 8
1038891 7
1092906 8
1038521 7
1125278 8
1038888 7
1038023 7
1043430 7
1038246 7
1095678 8
1125484 8
1094785 8
1130798 8
1038934 7
1037963 7
1037942 7
1228789 9
1039003 7
1115363 8
1038578 7
1099212 8
1123749 8
1094160 8
1102962 8
1038585 7
1038211 7
1039650 7
1121881 8
1041074 7
1107975 8
1037603 7
1094925 8
1147871 8
1144131 8
1037463 7
1038456 7
1094771 8
1038253 7
1037736 7
1094520 8
1093015 8
1042925 7
1093888 8
1241928 9
1094837 8
1094722 8
1093717 8
1094125 8
1094009 8
1094041 8
1093252 8
1094226 8
1148810 8
1094715 8
1093867 8
1095109 8
1038246 7
1038438 7
1095766 8
1038665 7
1038815 7
1038407 7
1186422 9
1136957 8
1094603 8
1211825 9
1092774 8
1038372 7
1129154 8
1037998 7
1038581 7
1079800 8
1038382 7
1038294 7
1140822 8
1096056 8
1142532 8
1038364 7
1038368 7
1037747 7
1025949 7
1038515 7
1099278 8
1037715 7
1037722 7
1093626 8
1202437 9
1094781 8
1095043 8
1036975 7
1044160 7
1038829 7
1037688 7
1039280 7
1092980 8
1039070 7
1095145 8
1119430 8
1094576 8
1038560 7
1104858 8
1038424 7
1037669 7
1082394 8
1042952 7
1043225 7
1039031 7
1093940 8
1038190 7
1183221 9
1136213 8
1112270 8
1038497 7
1043243 7
1038696 7
1039153 7
1037823 7
1037914 7
1100437 8
1096876 8
1099806 8
1038497 7
1037718 7
1039353 7
1038501 7
1038606 7
1095655 8
1017909 7
1100423 8
1179649 9
1094020 8
1037963 7
1039653 7
1112018 8
1038400 7
1038134 7
1113502 8
1164709 8
1094722 8
1044286 7
1108000 8
1038414 7
1037258 7
1037831 7
1038256 7
1037575 7
1088839 8
1037806 7
1094781 8
1098723 8
1139390 8
1037146 7
1129248 8
1196739 9
1124091 8
1037523 7
1088626 8
1084803 8
1038501 7
1146725 8
1094129 8
1095026 8
1196320 9
1037551 7
1038340 7
1088246 8
1095159 8
1038605 7
1037415 7
1038435 7
1212028 9
1100403 8
1123913 8
1093629 8
1037754 7
1103799 8
1038693 7
1037464 7
1037855 7
1037429 7
1095271 8
1149777 8
1094893 8
1095329 8
1038204 7
1086259 8
1224205 9
1039011 7
1038944 7
1038271 7
1038124 7
1038382 7
1095396 8
1095333 8
1152556 8
1118820 8
1133476 8
1038658 7
1037237 7
1037932 7
1102804 8
1038257 7
1037517 7
1093768 8
1093266 8
1093950 8
1093249 8
1108901 8
1037034 7
1038794 7
1094226 8
1038208 7
1038745 7
1037502 7
1164211 8
1095008 8
1037904 7
1094694 8
1095354 8
1094554 8
1130829 8
1104854 8
1037635 7
1038941 7
1037984 7
1093912 8
1126563 8
1094795 8
1093563 8
1038654 7
1037370 7
1118872 8
1038571 7
1038239 7
1168512 8
1113230 8
1094478 8
1036682 7
1093371 8
1094188 8
1128815 8
1042861 7
1038581 7
1038221 7
1153911 8
1037785 7
1171140 8
1093731 8
1121389 8
1095127 8
1196030 9
1037792 7
1037583 7
1159476 8
1037848 7
1111986 8
1037722 7
1038690 7
1094314 8
1037471 7
1100179 8
1095344 8
1037897 7
1038937 7
1169399 8
1038114 7
1038026 7
1037722 7
1094276 8
1093797 8
1079880 8
1094048 8
1094527 8
1198614 9
1095228 8
1094966 8
1094198 8
1094498 8
1093891 8
1094753 8
1094631 8
1204580 9
1095462 8
1093825 8
1113663 8
1131807 8
1038829 7
1037181 7
1038134 7
1096387 8
1161061 8
1093396 8
1200695 9
1094524 8
1037771 7
1131611 8
1043259 7
1037701 7
1039199 7
1042575 7
1092376 8
1101551 8
1094597 8
1152204 8
1094418 8
1039475 7
1037978 7
1038211 7
1039318 7
1078159 8
1124946 8
1122241 8
1140850 8
1093318 8
1100343 8
1093954 8
1038364 7
1038215 7
1279634 9
1038149 7
1040295 7
1038550 7
1038417 7
1098140 8
1095354 8
1120251 8
1094743 8
1272453 9
1084000 8
1038092 7
1037681 7
1038556 7
1038337 7
1038770 7
1094516 8
1038027 7
1094565 8
1197835 9
1092948 8
1038948 7
1043909 7
1038085 7
1039423 7
1037457 7
1037691 7
1094774 8
1037618 7
1094139 8
1038040 7
1103039 8
1037258 7
1043811 7
1038476 7
990756 7
1100483 8
1038770 7
1094764 8
1115823 8
1094433 8
1132631 8
1037917 7
1113303 8
1095016 8
1110423 8
1082381 8
1038019 7
1106749 8
1094380 8
1296710 9
1094086 8
1038246 7
1038958 7
1132631 8
1039137 7
1037796 7
1037970 7
1037831 7
1149976 8
1093133 8
1094569 8
1037289 7
1131116 8
1043518 7
1039227 7
1038319 7
1047086 7
1037614 7
1088204 8
1094935 8
1037544 7
1063171 8
1025475 7
1023076 7
1109155 8
1094174 8
1103890 8
1043190 7
1043503 7
1109414 8
1093925 8
1259025 9
1101481 8
1086497 8
1112444 8
1098936 8
1037764 7
1039591 7
1095874 8
1039116 7
1124011 8
1094806 8
1190259 9
1153216 8
1094527 8
1037684 7
1038082 7
1038633 7
1037761 7
1038801 7
1038134 7
1094670 8
1095640 8
1094338 8
1095099 8
1193216 9
1094701 8
1094537 8
1189925 9
1093846 8
1058615 8
1188873 9
1094380 8
1158236 8
1094136 8
1098052 8
1188890 9
1082160 8
1120806 8
1038563 7
1095871 8
1038047 7
1129220 8
1093689 8
1226053 9
1095095 8
1094823 8
1095211 8
1038417 7
1038756 7
1038850 7
1044467 7
1037828 7
1194777 9
1093667 8
1188056 9
1093385 8
1131207 8
1039384 7
1038721 7
1045162 7
1038696 7
1039370 7
1038057 7
1102089 8
1093829 8
1095221 8
1101544 8
1093975 8
1193223 9
1039294 7
1037744 7
1101659 8
1036374 7
1037645 7
1093877 8
1148153 8
1094328 8
1131937 8
1128728 8
1087963 8
1038697 7
1094530 8
1038379 7
1038131 7
1038599 7
1098699 8
1225662 9
1094314 8
1037632 7
1037946 7
1004936 7
1037820 7
1039579 7
1038026 7
1039045 7
1094243 8
1094223 8
1225682 9
1038193 7
1039370 7
1038378 7
1041936 7
1038320 7
1037292 7
1116427 8
1039328 7
1093852 8
1193408 9
1093511 8
1037425 7
1038385 7
1037129 7
1038106 7
1097983 8
1037568 7
1038134 7
1124562 8
1162028 8
1094907 8
1093894 8
1168445 8
1038480 7
1137408 8
1038393 7
1038232 7
1037325 7
1094798 8
1038511 7
1094446 8
1043696 7
1093165 8
1093689 8
1095228 8
1037880 7
1131378 8
1038578 7
1038678 7
1038211 7
1037858 7
1094156 8
1222240 9
1094586 8
1038484 7
1041553 7
1037506 7
1039024 7
1037118 7
1094561 8
1037659 7
1096677 8
1095158 8
1128333 8
1037883 7
1116390 8
1127499 8
1038375 7
1094097 8
1044621 7
1037691 7
1109501 8
1135840 8
1094052 8
1094376 8
1037485 7
1037551 7
1139111 8
1038826 7
1038815 7
1037736 7
1038937 7
1114930 8
1094558 8
1158928 8
1095651 8
1038392 7
1037837 7
1038316 7
1038193 7
1038543 7
1091775 8
1038057 7
1038951 7
1094802 8
1149215 8
1094680 8
1042722 7
1039108 7
1037709 7
1094446 8
1038040 7
1039147 7
1037101 7
1157116 8
1094216 8
1124447 8
1131234 8
1094317 8
1037831 7
1109637 8
1038448 7
1041674 7
1038641 7
1096202 8
1093916 8
1024054 7
1155890 8
1039601 7
1094265 8
1129768 8
1087195 8
1038316 7
1228713 9
1038323 7
1038357 7
1094649 8
1141419 8
1095354 8
1039042 7
1037813 7
1099760 8
1130721 8
1038274 7
1027109 7
1037178 7
1037984 7
1099617 8
1113691 8
1038833 7
1095078 8
1038913 7
1038280 7
1038267 7
1038037 7
1038616 7
1038483 7
1100175 8
1094809 8
1183821 9
1039824 7
1095724 8
1085449 8
1038337 7
1116459 8
1037541 7
1037953 7
1037687 7
1208310 9
1094446 8
3377514 25
1093444 8
1038899 7
1037670 7
1038445 7
1038396 7
1094653 8
1038434 7
1038065 7
1093787 8
1094076 8
1094191 8
1093831 8
1038634 7
1038337 7
1094694 8
1118393 8
1039164 7
1042118 7
1100395 8
1094513 8
1095001 8
1295132 9
1038061 7
1144694 8
1037394 7
1037841 7
1038124 7
1038179 7
1037959 7
1100133 8
1138346 8
1104930 8
1094219 8
1039286 7
1038528 7
1132620 8
1101017 8
1174444 8
1038948 7
1037397 7
1093884 8
1207552 9
1081416 8
1093601 8
1199274 9
1039063 7
1038543 7
1037653 7
1037069 7
1038598 7
1037034 7
1095016 8
1326753 10
1094453 8
1094439 8
1205618 9
1037475 7
1038012 7
1038431 7
1092058 8
1037618 7
980443 7
1037925 7
1093336 8
1195028 9
1038641 7
1094149 8
1186426 9
1037817 7
1044335 7
1038172 7
1095864 8
1095312 8
1166539 8
1094701 8
1101097 8
1098014 8
1038368 7
1037970 7
1095410 8
1168715 8
1038546 7
1095221 8
1093413 8
1093971 8
1095075 8
1038791 7
1038208 7
1181014 9
1043529 7
1039210 7
1038383 7
1037893 7
1161277 8
1037953 7
1094802 8
1094896 8
1037977 7
1037394 7
1122727 8
1038183 7
1038260 7
1037716 7
1037555 7
1094191 8
1038044 7
1192724 9
1094561 8
1039063 7
1039282 7
1038099 7
1043535 7
1038993 7
1038948 7
