240452 8
228530 7
228477 7
240568 8
228229 7
228352 7
228334 7
240878 8
240369 8
240516 8
240676 8
240659 8
227751 7
228296 7
228195 7
228131 7
240197 8
346440 12
227912 7
228396 7
247963 8
240774 8
240522 8
240781 8
240382 8
240812 8
240655 8
240072 8
240931 8
240837 8
240582 8
240358 8
240525 8
240292 8
240417 8
240791 8
240603 8
241067 8
241486 8
240725 8
241105 8
240724 8
240627 8
240729 8
240847 8
240743 8
240735 8
240596 8
240536 8
247439 8
240934 8
240497 8
240166 8
240582 8
240288 8
240693 8
240233 8
284859 9
240543 8
240355 8
240501 8
240784 8
240292 8
240470 8
246339 8
365561 12
240683 8
240508 8
240924 8
240750 8
241085 8
240400 8
240830 8
240519 8
240683 8
240682 8
240313 8
240452 8
247338 8
240383 8
240407 8
240958 8
240515 8
240268 8
240156 8
240725 8
240771 8
240669 8
240847 8
247215 8
240941 8
240634 8
240676 8
240358 8
241354 8
239953 8
240958 8
240780 8
240805 8
240407 8
247607 8
240296 8
284046 9
247184 8
240295 8
240805 8
240593 8
240683 8
240606 8
240655 8
240543 8
240792 8
240170 8
240498 8
240386 8
240539 8
247502 8
240338 8
240187 8
240362 8
240592 8
240526 8
240553 8
240379 8
240634 8
245930 8
240757 8
240376 8
240380 8
247522 8
240722 8
240673 8
240292 8
240980 8
240645 8
240368 8
240386 8
240264 8
240756 8
228512 7
240319 8
240798 8
240659 8
286231 9
228457 7
228394 7
228463 7
228358 7
228285 7
227486 7
228230 7
228310 7
228030 7
240893 8
240128 8
228292 7
240397 8
285916 9
240627 8
228425 7
228334 7
228777 7
233693 8
228352 7
228002 7
228554 7
228205 7
240456 8
240753 8
240568 8
228072 7
240952 8
278009 9
228544 7
270255 9
228662 7
228603 7
228316 7
274950 9
227883 7
284076 9
240896 8
228407 7
240463 8
278857 9
240494 8
228886 7
228386 7
229231 7
228302 7
228278 7
276201 9
229308 7
240414 8
240446 8
240540 8
247334 8
240784 8
240574 8
228198 7
234859 8
228296 7
239852 8
348649 12
229145 7
228180 7
228132 7
228198 7
240823 8
354239 12
240498 8
240579 8
241060 8
228415 7
228132 7
228509 7
212141 7
228216 7
228261 7
228980 7
228523 7
240600 8
240655 8
323624 11
282108 9
240844 8
212476 7
228341 7
228606 7
228201 7
347749 12
228795 7
228303 7
228389 7
228547 7
245968 8
240704 8
281451 9
240687 8
240812 8
228550 7
228054 7
240763 8
240757 8
228400 7
228327 7
228485 7
240871 8
247596 8
241172 8
289869 10
228435 7
240505 8
227772 7
228188 7
240861 8
228076 7
228603 7
228152 7
228191 7
228568 7
240840 8
240948 8
240613 8
290103 10
240728 8
240529 8
228027 7
228310 7
228320 7
228397 7
228344 7
228691 7
228275 7
227988 7
240865 8
240246 8
247083 8
241116 8
240753 8
228286 7
240662 8
282869 9
228017 7
228250 7
228226 7
228760 7
228222 7
228938 7
240833 8
240536 8
240711 8
283592 9
240924 8
240986 8
229343 7
228219 7
270695 9
228198 7
228348 7
227793 7
228505 7
240781 8
240243 8
241028 8
240351 8
240509 8
228397 7
347678 12
228446 7
228118 7
229200 7
240935 8
228330 7
227957 7
227772 7
240407 8
239796 8
240812 8
240533 8
240648 8
240536 8
228170 7
240526 8
228631 7
287226 10
228414 7
228306 7
228181 7
240945 8
240634 8
284084 9
240771 8
240896 8
228020 7
228927 7
227883 7
228488 7
228473 7
228714 7
228561 7
228753 7
240690 8
240564 8
240672 8
240582 8
240935 8
240704 8
228470 7
228345 7
228505 7
228488 7
228345 7
228055 7
228086 7
228418 7
247247 8
240665 8
247515 8
241025 8
240757 8
228627 7
227622 7
228670 7
228571 7
228026 7
228096 7
228449 7
284786 9
240411 8
240697 8
240453 8
240613 8
240725 8
229336 7
228499 7
228400 7
228565 7
228621 7
228558 7
228844 7
228125 7
228059 7
240383 8
240662 8
227915 7
241043 8
240526 8
228274 7
228030 7
228289 7
289485 10
228379 7
228111 7
228320 7
228778 7
228306 7
240124 8
240815 8
240397 8
240669 8
227678 7
240735 8
228211 7
228292 7
228582 7
228480 7
228393 7
228292 7
228118 7
240623 8
240477 8
229308 7
240048 8
240495 8
240770 8
240536 8
228240 7
228132 7
240708 8
228586 7
280778 9
271889 9
228414 7
333668 11
240522 8
247515 8
240473 8
228195 7
240983 8
240721 8
229179 7
228212 7
240526 8
228104 7
295186 10
229228 7
229514 8
207889 7
274689 9
240379 8
228449 7
273714 9
227929 7
228460 7
228662 7
228373 7
227950 7
228267 7
280324 9
228491 7
240498 8
240568 8
240676 8
228296 7
228645 7
228226 7
228393 7
228324 7
227853 7
228020 7
228599 7
228117 7
228488 7
240592 8
240519 8
240676 8
240299 8
228404 7
404284 14
228316 7
228756 7
228271 7
228537 7
228460 7
228212 7
228160 7
285386 9
240397 8
240383 8
240812 8
240494 8
271204 9
228607 7
228003 7
348694 12
228048 7
228372 7
228247 7
228537 7
228344 7
240452 8
228742 7
241975 8
228296 7
240934 8
228079 7
228670 7
228362 7
228208 7
228163 7
228184 7
228401 7
228281 7
249052 8
240959 8
247303 8
240903 8
232792 8
228432 7
228107 7
228445 7
228068 7
227744 7
228561 7
325791 11
228679 7
240289 8
240673 8
240749 8
240630 8
241053 8
228575 7
228868 7
228411 7
228236 7
228442 7
228152 7
228366 7
228030 7
228195 7
240889 8
240686 8
240745 8
240331 8
240722 8
240568 8
228051 7
212861 7
228055 7
228390 7
228268 7
228530 7
228659 7
271892 9
240184 8
228128 7
228302 7
228540 7
240218 8
228889 7
228554 7
228669 7
228208 7
228202 7
238728 8
228365 7
228865 7
240369 8
240648 8
240798 8
228345 7
240917 8
240197 8
228620 7
228289 7
228198 7
228798 7
228247 7
228250 7
228376 7
240368 8
240386 8
277928 9
229360 7
241057 8
741893 25
228208 7
228680 7
228012 7
228386 7
279496 9
228313 7
286845 10
240780 8
228338 7
240735 8
240798 8
240491 8
228069 7
281120 9
228310 7
227811 7
228379 7
228125 7
228320 7
228424 7
240861 8
240889 8
230984 8
240592 8
240421 8
227999 7
234668 8
228369 7
228488 7
228268 7
228247 7
240771 8
227541 7
240257 8
240833 8
228117 7
240784 8
240589 8
228313 7
277356 9
228396 7
240417 8
240554 8
228194 7
228380 7
228498 7
228163 7
240456 8
240470 8
247481 8
240645 8
241008 8
240805 8
228435 7
228261 7
228449 7
228187 7
228254 7
228089 7
275251 9
246723 8
247438 8
228649 7
240756 8
240651 8
228299 7
228267 7
228139 7
228289 7
228076 7
227988 7
228292 7
227647 7
228345 7
240480 8
240658 8
240442 8
240414 8
240334 8
228222 7
229350 7
228586 7
228030 7
240885 8
229608 8
324912 11
228439 7
247292 8
240879 8
267012 9
240176 8
240177 8
240784 8
228540 7
240630 8
228509 7
228431 7
228128 7
240630 8
228547 7
228286 7
241256 8
240623 8
247127 8
240389 8
229741 8
228299 7
227967 7
228237 7
246572 8
228393 7
228006 7
228558 7
228166 7
240323 8
240375 8
247295 8
301705 10
240630 8
240222 8
228065 7
228557 7
228300 7
228072 7
240411 8
234154 8
228362 7
288713 10
240683 8
262162 9
240739 8
241200 8
240505 8
228432 7
228278 7
229598 8
227939 7
228348 7
228223 7
240596 8
228516 7
240480 8
303841 10
240742 8
240724 8
228191 7
228086 7
228264 7
228659 7
228187 7
281692 9
228638 7
227657 7
228631 7
240599 8
247037 8
247687 8
240487 8
240491 8
247480 8
228457 7
228649 7
228104 7
212406 7
228362 7
228348 7
228030 7
240404 8
241035 8
240317 8
296157 10
240187 8
228211 7
228393 7
227720 7
228359 7
228110 7
240369 8
330222 11
228453 7
228295 7
240704 8
240648 8
247065 8
240462 8
240593 8
240697 8
227922 7
276388 9
228264 7
228477 7
228436 7
272140 9
228620 7
240453 8
240623 8
228243 7
240414 8
240645 8
278850 9
228051 7
228103 7
228739 7
276043 9
228348 7
240467 8
240714 8
228387 7
240603 8
241147 8
240694 8
240540 8
228463 7
228352 7
285051 9
240467 8
228711 7
228460 7
228523 7
228452 7
228439 7
240690 8
240669 8
228201 7
240351 8
240784 8
240578 8
228201 7
228096 7
228432 7
228648 7
228080 7
228167 7
240596 8
228512 7
240299 8
240997 8
247533 8
247072 8
228446 7
228279 7
228118 7
228166 7
228289 7
240847 8
227950 7
228383 7
285895 9
281643 9
240093 8
228139 7
240537 8
240672 8
240690 8
228167 7
228188 7
228100 7
228306 7
330285 11
228429 7
228508 7
228222 7
240735 8
240620 8
290253 10
240452 8
228048 7
233620 8
228034 7
228463 7
228774 7
228093 7
228166 7
228383 7
228162 7
240358 8
241203 8
289617 10
240889 8
240652 8
240638 8
228174 7
247121 8
228494 7
228701 7
227982 7
232813 8
228491 7
240872 8
240728 8
240648 8
286241 9
240536 8
276197 9
240858 8
228386 7
228375 7
228198 7
228309 7
228201 7
272761 9
228068 7
240550 8
240494 8
270038 9
240665 8
228432 7
228631 7
228442 7
228285 7
228313 7
228187 7
228048 7
228331 7
228177 7
240739 8
239998 8
240871 8
240599 8
240669 8
240759 8
240375 8
240508 8
240532 8
228205 7
228048 7
240666 8
228323 7
228205 7
240655 8
240725 8
247952 8
240854 8
227831 7
228013 7
228519 7
228260 7
240543 8
240358 8
247372 8
227957 7
228166 7
228344 7
240204 8
228767 7
240665 8
240610 8
227691 7
268561 9
242152 8
228355 7
228205 7
228317 7
233550 8
228237 7
228557 7
240729 8
240435 8
247163 8
240935 8
240379 8
228121 7
228097 7
287254 10
228693 7
228132 7
228372 7
228152 7
227929 7
286953 10
240715 8
228103 7
240781 8
228306 7
270265 9
240449 8
348349 12
228348 7
228369 7
228201 7
240495 8
228104 7
228058 7
241032 8
240711 8
247449 8
240749 8
228062 7
228187 7
240892 8
279293 9
228219 7
228523 7
228292 7
228348 7
228159 7
246995 8
240735 8
290396 10
345850 12
228348 7
228142 7
227884 7
228006 7
228428 7
240435 8
228864 7
220541 7
228260 7
228345 7
240390 8
240369 8
247956 8
247031 8
227814 7
228509 7
228655 7
228498 7
228278 7
228456 7
228463 7
228198 7
228324 7
