274430 8
274790 8
404040 12
274849 8
274252 8
260797 7
313757 9
260643 7
260528 7
260681 7
265671 8
260583 7
282848 8
274594 8
274744 8
848983 25
274633 8
313708 9
260936 7
260559 7
260828 7
260604 7
260671 7
260748 7
260108 7
260957 7
274375 8
276256 8
311386 9
274971 8
274804 8
337550 10
274200 8
260758 7
260814 7
260719 7
260727 7
260601 7
274647 8
274559 8
275170 8
282761 8
824063 25
275185 8
274978 8
260808 7
260867 7
261052 7
274625 8
260699 7
260908 7
275307 8
274989 8
282708 8
789100 24
260405 7
304117 9
275108 8
274724 8
260469 7
260800 7
260772 7
260960 7
282265 8
274525 8
282206 8
274954 8
260814 7
261069 7
314486 9
282928 8
260814 7
260636 7
274679 8
260944 7
274458 8
274975 8
274224 8
274762 8
274766 8
260633 7
281664 8
260699 7
242369 7
274598 8
309445 9
260985 7
274559 8
260951 7
274762 8
261157 7
260846 7
282663 8
275164 8
274786 8
261062 7
274360 8
274615 8
282662 8
261037 7
320593 9
260545 7
260702 7
260713 7
311554 9
275373 8
274975 8
274957 8
274479 8
342246 10
274570 8
274664 8
275031 8
260511 7
274640 8
274971 8
318648 9
276350 8
262175 8
274899 8
274800 8
274731 8
305807 9
260618 7
260556 7
260695 7
260667 7
380738 11
260546 7
313638 9
274696 8
274937 8
275194 8
305873 9
274339 8
261104 7
274500 8
274730 8
274894 8
274563 8
274982 8
274304 8
274811 8
275275 8
274724 8
320422 9
261264 7
274417 8
260493 7
312213 9
261257 7
260447 7
260615 7
316704 9
260821 7
275153 8
260200 7
275009 8
312102 9
260894 7
276393 8
274542 8
260643 7
359159 10
261118 7
260919 7
260681 7
260890 7
260577 7
260654 7
321382 9
275010 8
323340 9
308125 9
274982 8
260601 7
260779 7
259896 7
260884 7
261125 7
260548 7
260437 7
260636 7
359696 10
274769 8
260720 7
274562 8
282349 8
260870 7
260325 7
261858 7
260552 7
260793 7
274696 8
260772 7
260891 7
261268 7
275813 8
274936 8
282792 8
274818 8
384156 11
274765 8
274699 8
307385 9
260594 7
260412 7
260678 7
379625 11
260961 7
282715 8
274685 8
261166 7
276567 8
274448 8
260852 7
260409 7
260469 7
260678 7
259948 7
260482 7
260758 7
260779 7
242564 7
274441 8
274860 8
282377 8
274570 8
260681 7
261167 7
260538 7
260800 7
261100 7
260430 7
260947 7
274978 8
260877 7
274926 8
336838 10
317007 9
274388 8
274933 8
260786 7
262333 8
260346 7
260580 7
274158 8
267105 8
260601 7
260761 7
245961 7
274539 8
274765 8
274350 8
274971 8
282373 8
260636 7
261072 7
260465 7
260793 7
274724 8
260461 7
260626 7
260758 7
275240 8
274808 8
282268 8
275349 8
274961 8
383057 11
260831 7
307312 9
260692 7
309536 9
261704 7
260144 7
260587 7
260838 7
275010 8
274748 8
283281 8
274985 8
274842 8
305797 9
261770 7
260336 7
260793 7
260356 7
260782 7
274385 8
260513 7
274546 8
274909 8
282950 8
274773 8
260399 7
260985 7
260929 7
260789 7
260814 7
260450 7
260629 7
260755 7
260699 7
381852 11
280038 8
260902 7
274559 8
274668 8
260478 7
260587 7
260793 7
260326 7
269344 8
260730 7
260699 7
308761 9
260797 7
274808 8
275184 8
274556 8
274692 8
275083 8
260835 7
260534 7
260989 7
261034 7
261111 7
260618 7
260228 7
261170 7
275104 8
274878 8
261020 7
321026 9
274877 8
260783 7
261959 7
260814 7
261170 7
274838 8
260695 7
381950 11
260705 7
260974 7
274486 8
274685 8
282450 8
274438 8
275059 8
274675 8
274623 8
260904 7
260716 7
246792 7
260954 7
261135 7
260668 7
275216 8
274615 8
323924 9
280987 8
1074242 32
260328 7
260786 7
274357 8
380498 11
260776 7
260447 7
260713 7
361431 11
274388 8
336940 10
274560 8
260336 7
261016 7
260723 7
260112 7
260748 7
260789 7
260427 7
274912 8
260761 7
260835 7
274922 8
274497 8
275401 8
260643 7
260901 7
260668 7
260636 7
242614 7
261135 7
261261 7
260744 7
260517 7
260824 7
276186 8
274584 8
282345 8
275404 8
314151 9
260814 7
304550 9
260363 7
260576 7
260552 7
261087 7
260702 7
260724 7
275003 8
274521 8
276312 8
275069 8
274779 8
274898 8
274803 8
274850 8
275652 8
274720 8
274619 8
275031 8
274755 8
297145 9
274993 8
275097 8
274595 8
275205 8
275349 8
260874 7
260807 7
261421 7
260912 7
260894 7
260895 7
261460 7
345532 10
278763 8
260793 7
274801 8
260430 7
260332 7
260608 7
260681 7
261136 7
261066 7
260950 7
260776 7
260891 7
260245 7
275034 8
274944 8
274382 8
274839 8
260881 7
260308 7
260758 7
260890 7
276588 8
260517 7
260601 7
260664 7
260761 7
274441 8
274919 8
274762 8
260709 7
275226 8
274944 8
315401 9
260787 7
310817 9
260315 7
261009 7
261024 7
260444 7
260130 7
274688 8
280383 8
274501 8
275230 8
274643 8
274835 8
261065 7
260881 7
260709 7
260448 7
274849 8
260828 7
260856 7
261942 7
274566 8
275037 8
274944 8
274542 8
282548 8
260692 7
261024 7
267943 8
260737 7
260954 7
260681 7
260287 7
260064 7
274738 8
274685 8
275090 8
260825 7
275229 8
260573 7
260541 7
260661 7
260500 7
260891 7
260849 7
260640 7
274434 8
304752 9
313261 9
275370 8
274884 8
302326 9
274647 8
260849 7
260793 7
260535 7
260748 7
260723 7
242443 7
260719 7
275020 8
275299 8
275663 8
255497 7
274919 8
260712 7
261034 7
260594 7
261048 7
260535 7
260248 7
420281 12
260681 7
274751 8
274503 8
275202 8
275226 8
261425 7
260419 7
260762 7
260249 7
260339 7
260723 7
260884 7
260269 7
260545 7
278910 8
274441 8
283093 8
274552 8
314556 9
260999 7
261795 7
260769 7
261344 7
260982 7
260789 7
260873 7
261051 7
260531 7
274685 8
260772 7
275656 8
275059 8
260838 7
260922 7
260762 7
260674 7
242453 7
260060 7
260810 7
261069 7
260804 7
324776 9
274873 8
328791 10
274745 8
260695 7
260825 7
260755 7
261358 7
260677 7
260699 7
260779 7
275251 8
260144 7
321026 9
274814 8
274511 8
274598 8
311495 9
260787 7
311330 9
260692 7
260922 7
260720 7
261118 7
260926 7
274668 8
276061 8
260747 7
274992 8
280093 8
275149 8
274322 8
274720 8
274277 8
260553 7
260776 7
260217 7
260252 7
260447 7
324360 9
274888 8
274490 8
274622 8
312363 9
260817 7
265821 8
260797 7
260650 7
260381 7
260775 7
260668 7
260800 7
260336 7
274783 8
274975 8
282304 8
274563 8
260908 7
305368 9
260482 7
260709 7
260768 7
260235 7
260835 7
260933 7
260835 7
275058 8
274909 8
275209 8
274779 8
274580 8
260618 7
260887 7
260332 7
260654 7
260074 7
242233 7
260702 7
260936 7
260874 7
274360 8
274815 8
275101 8
282297 8
274790 8
310185 9
261051 7
261592 7
260402 7
260667 7
260797 7
261010 7
260922 7
282561 8
274856 8
260535 7
275149 8
306878 9
274794 8
260419 7
275073 8
260608 7
260744 7
260958 7
260765 7
260608 7
274580 8
275282 8
337808 10
274343 8
274542 8
274790 8
260566 7
260405 7
260926 7
306927 9
260897 7
260629 7
260919 7
260632 7
260570 7
274657 8
260549 7
338346 10
274773 8
275164 8
305210 9
260615 7
260912 7
260594 7
260032 7
261048 7
260569 7
314682 9
324381 9
275041 8
282778 8
260555 7
274644 8
261069 7
260699 7
260636 7
260971 7
260398 7
438537 13
260273 7
260402 7
261135 7
275003 8
274458 8
282411 8
275659 8
274329 8
274902 8
260444 7
261079 7
260716 7
260773 7
261062 7
261187 7
261243 7
275143 8
274430 8
274958 8
282355 8
274797 8
261757 7
260555 7
261383 7
260601 7
261006 7
274389 8
260692 7
260528 7
260633 7
274923 8
274511 8
274692 8
274951 8
260849 7
260982 7
260817 7
274992 8
260622 7
261181 7
260915 7
261251 7
361966 11
282513 8
274099 8
260852 7
274863 8
274609 8
260685 7
260706 7
260304 7
260395 7
261129 7
260650 7
260947 7
260668 7
260744 7
275208 8
274758 8
282652 8
274930 8
260695 7
260946 7
261009 7
308240 9
260273 7
261296 7
261149 7
260412 7
260552 7
274979 8
274916 8
260437 7
275059 8
274689 8
310192 9
260838 7
260817 7
260814 7
260374 7
260685 7
261069 7
274978 8
260894 7
274507 8
275069 8
274811 8
275038 8
260541 7
260752 7
261069 7
260388 7
274518 8
274801 8
274926 8
274971 8
274821 8
282646 8
274699 8
274961 8
274968 8
275031 8
260395 7
360509 11
260943 7
260413 7
260493 7
260685 7
260866 7
260901 7
260995 7
317021 9
274930 8
321951 9
275390 8
260887 7
311086 9
260535 7
261883 7
261872 7
260765 7
260207 7
260814 7
260800 7
260887 7
274546 8
322175 9
274775 8
274658 8
312019 9
261052 7
260772 7
261732 7
260646 7
260873 7
260671 7
260520 7
260734 7
275146 8
274374 8
323574 9
274562 8
310227 9
260950 7
260504 7
260716 7
260734 7
260371 7
260821 7
260545 7
260796 7
261652 7
274577 8
260524 7
274964 8
260573 7
311477 9
260961 7
261023 7
260733 7
260493 7
261184 7
260891 7
260881 7
261366 7
275118 8
274779 8
320875 9
275216 8
242558 7
260716 7
261240 7
260964 7
260929 7
260486 7
380801 11
260796 7
261083 7
260881 7
274950 8
274448 8
274762 8
274340 8
274828 8
260259 7
274751 8
274137 8
274762 8
274982 8
274793 8
275318 8
274078 8
316305 9
274960 8
274751 8
260398 7
274692 8
260930 7
261031 7
261121 7
261027 7
260297 7
260451 7
260437 7
260661 7
320980 9
274151 8
261016 7
274546 8
274752 8
274923 8
274563 8
260646 7
260712 7
260926 7
260608 7
260573 7
260814 7
260388 7
274807 8
274968 8
275195 8
322171 9
274441 8
260821 7
261087 7
260528 7
260455 7
260587 7
305643 9
260733 7
306219 9
274954 8
274930 8
260619 7
275083 8
274937 8
275192 8
310359 9
360548 11
261051 7
261184 7
260339 7
261934 7
260113 7
261027 7
274846 8
275516 8
282066 8
274751 8
274877 8
260863 7
260503 7
260482 7
260688 7
260493 7
261174 7
260667 7
260531 7
261882 7
274974 8
260255 7
274975 8
274615 8
260580 7
260534 7
260370 7
260353 7
260497 7
260717 7
260881 7
260643 7
