3663 14
3715 14
3708 14
3606 14
3621 14
3854 15
3596 14
3684 14
3698 14
3544 13
3614 14
3687 14
3740 14
3732 14
3750 14
3816 14
3834 14
3764 14
3746 14
3777 14
3757 14
3830 14
3767 14
3725 14
3862 15
3753 14
3774 14
3691 14
3627 14
3641 14
3764 14
3743 14
3767 14
3736 14
3649 14
3697 14
3732 14
3593 14
3740 14
3701 14
3785 14
3767 14
3708 14
3774 14
3851 15
3920 15
3663 14
3795 14
3721 14
3747 14
3690 14
3698 14
3652 14
3865 15
3802 14
3726 14
3694 14
3586 14
3718 14
3798 14
3732 14
3634 14
3883 15
3750 14
3736 14
3698 14
3659 14
3694 14
3673 14
3757 14
3645 14
3785 14
3781 14
3725 14
3743 14
3746 14
3592 14
3676 14
3372 13
3478 13
3362 13
3345 13
3306 12
3383 13
3278 12
3596 14
3446 13
3369 13
3341 13
3449 13
3491 13
3285 12
3327 12
3345 13
3313 12
3320 12
3314 12
3261 12
3359 13
3254 12
3250 12
3348 13
3408 13
3307 12
3216 12
3323 12
3470 13
3467 13
3258 12
3425 13
3607 14
3355 13
3359 13
3467 13
3268 12
3313 12
3163 12
3292 12
3372 13
3411 13
3554 13
3428 13
3463 13
3404 13
3230 12
3244 12
3418 13
3260 12
3327 12
3341 13
3271 12
3690 14
3407 13
3355 13
3456 13
3586 14
3377 13
3348 13
3275 12
3334 13
3243 12
3383 13
3261 12
3327 12
3320 12
3177 12
3327 12
3369 13
3313 12
3278 12
3394 13
3558 13
3379 13
3345 13
3334 13
3264 12
3366 13
3369 13
3317 12
3306 12
3369 13
3544 13
3494 13
3453 13
3400 13
3383 13
3293 12
3564 13
3463 13
3306 12
3369 13
3393 13
3282 12
3366 13
3383 13
3386 13
3376 13
3274 12
3282 12
3296 12
3299 12
3355 13
3467 13
3565 13
3365 13
3387 13
3292 12
3453 13
3362 13
3306 12
3365 13
3404 13
3443 13
3362 13
3400 13
3369 13
3328 13
3366 13
3370 13
3641 14
3286 12
3289 12
3310 12
3296 12
3383 13
3359 13
3359 13
3201 12
3372 13
3344 13
3278 12
3495 13
3243 12
3404 13
3439 13
3352 13
3355 13
3414 13
3341 13
3292 12
3362 13
3289 12
3279 12
3362 13
3296 12
3307 12
3359 13
3348 13
3383 13
3320 12
3349 13
3550 13
3296 12
3351 13
3359 13
3505 13
3310 12
3345 13
3337 13
3415 13
3505 13
3380 13
3307 12
3338 13
3477 13
3351 13
3306 12
3278 12
3348 13
3303 12
3324 12
3443 13
3348 13
3296 12
3292 12
3617 14
3219 12
3293 12
3471 13
3401 13
4249 16
10534 41
3362 13
3505 13
3236 12
3491 13
3495 13
3362 13
3324 12
3236 12
3516 13
3334 13
3365 13
3481 13
3398 13
3415 13
3321 12
3506 13
3408 13
3540 13
3477 13
3355 13
3411 13
3348 13
3400 13
3316 12
3334 13
3317 12
3463 13
3421 13
3331 13
3271 12
3415 13
3464 13
3439 13
3316 12
3394 13
3320 12
3337 13
3554 13
3282 12
3251 12
3338 13
3258 12
3338 13
3278 12
3289 12
3743 14
3376 13
3282 12
3261 12
3295 12
3411 13
3421 13
3379 13
3533 13
3348 13
3370 13
3327 12
3774 14
3502 13
3372 13
3502 13
3373 13
3348 13
3366 13
3331 13
3386 13
3307 12
3467 13
3338 13
3286 12
3509 13
3289 12
3478 13
3715 14
3345 13
3226 12
3310 12
3348 13
3327 12
3383 13
3404 13
3355 13
3379 13
3376 13
3537 13
3530 13
3300 12
3380 13
3334 13
3460 13
3344 13
3348 13
3229 12
3191 12
3328 13
3788 14
3351 13
3330 13
3499 13
3498 13
3366 13
3307 12
3502 13
3275 12
3645 14
3366 13
3323 12
3334 13
3481 13
3369 13
3568 13
3345 13
3348 13
3547 13
3352 13
3401 13
3369 13
3327 12
3285 12
3366 13
3530 13
3335 13
3404 13
3516 13
3219 12
3157 12
3366 13
3334 13
3303 12
3233 12
3317 12
3369 13
3589 14
3533 13
3344 13
3324 12
3258 12
3320 12
3404 13
3219 12
3393 13
3331 13
3519 13
3337 13
3411 13
3320 12
3586 14
3215 12
3306 12
3268 12
3355 13
3401 13
3321 12
3334 13
3411 13
3341 13
3337 13
3365 13
3386 13
3369 13
3407 13
3502 13
3342 13
3348 13
3355 13
3390 13
3359 13
3323 12
3439 13
3251 12
3345 13
3400 13
3303 12
3310 12
3359 13
3327 12
3310 12
3446 13
3415 13
3397 13
3533 13
3226 12
3596 14
3450 13
3243 12
3537 13
3348 13
3341 13
3537 13
3316 12
3446 13
3230 12
3739 14
3321 12
3341 13
3320 12
3439 13
3226 12
3261 12
3394 13
3317 12
3292 12
3310 12
3261 12
3355 13
3383 13
3282 12
3495 13
3492 13
3422 13
3293 12
3631 14
3394 13
3491 13
3355 13
3338 13
3460 13
3300 12
3307 12
3446 13
3324 12
3271 12
3394 13
3310 12
3603 14
3184 12
3309 12
3292 12
3230 12
3321 12
3299 12
3523 13
3363 13
3743 14
3289 12
3355 13
3466 13
3306 12
3181 12
3310 12
3334 13
3505 13
3328 13
3502 13
3429 13
3296 12
3401 13
3386 13
3432 13
3369 13
3383 13
3272 12
3502 13
3289 12
3209 12
3540 13
3209 12
3453 13
3379 13
3397 13
3292 12
3334 13
3365 13
3478 13
3320 12
3683 14
3370 13
3397 13
3278 12
3247 12
3338 13
3316 12
3372 13
3421 13
3366 13
3323 12
3324 12
3205 12
3541 13
3327 12
3362 13
3303 12
3397 13
3725 14
3432 13
3464 13
3341 13
3376 13
3282 12
3324 12
4008 15
3240 12
3397 13
3394 13
3379 13
3327 12
3397 13
3408 13
3540 13
3415 13
3320 12
3243 12
3208 12
3338 13
3442 13
3557 13
3359 13
3352 13
3505 13
3408 13
3296 12
3359 13
3341 13
3401 13
3366 13
3278 12
3254 12
3363 13
3418 13
3365 13
3373 13
3324 12
3428 13
3268 12
3404 13
3369 13
3460 13
3404 13
3351 13
3387 13
3373 13
3446 13
3373 13
3366 13
3286 12
3383 13
3393 13
3610 14
3359 13
3387 13
3335 13
3282 12
3369 13
3355 13
3394 13
3285 12
3411 13
3351 13
3348 13
3351 13
3334 13
3292 12
3443 13
3258 12
3505 13
3592 14
3268 12
3763 14
3373 13
3313 12
3499 13
3331 13
3299 12
3355 13
3383 13
3557 13
3380 13
3341 13
3345 13
3317 12
3240 12
3328 13
3278 12
3425 13
3282 12
3282 12
3243 12
3324 12
3303 12
3307 12
3310 12
3275 12
3285 12
3338 13
3293 12
3394 13
3359 13
3383 13
3316 12
3296 12
3181 12
3397 13
3306 12
3383 13
3285 12
3362 13
3463 13
3620 14
3303 12
3471 13
3341 13
3275 12
3355 13
3435 13
3390 13
3281 12
3303 12
3321 12
3300 12
3348 13
3394 13
3233 12
3614 14
3338 13
3439 13
3401 13
3282 12
3485 13
3369 13
3565 13
3527 13
3383 13
3338 13
3209 12
3331 13
3467 13
3320 12
3282 12
3383 13
3796 14
3359 13
3372 13
3324 12
3362 13
3418 13
3260 12
3264 12
3331 13
3243 12
3358 13
3390 13
3370 13
3429 13
3310 12
3557 13
3429 13
3349 13
3432 13
3338 13
3321 12
3296 12
3372 13
3338 13
3237 12
3701 14
3303 12
3244 12
3425 13
3303 12
3359 13
3401 13
3394 13
3397 13
3331 13
3397 13
3303 12
3324 12
3261 12
4218 16
3383 13
3338 13
3324 12
3550 13
3456 13
3530 13
3380 13
3358 13
3481 13
3362 13
3386 13
3376 13
3446 13
3376 13
3327 12
3369 13
3243 12
3383 13
3492 13
3226 12
3383 13
3376 13
3530 13
3365 13
3540 13
3548 13
3369 13
3351 13
3366 13
3488 13
3331 13
3365 13
3310 12
3313 12
3355 13
3310 12
3365 13
3344 13
3282 12
3334 13
3335 13
3292 12
3387 13
3376 13
3268 12
3439 13
3456 13
3391 13
3258 12
4035 15
3481 13
3554 13
3306 12
3292 12
3208 12
3313 12
3355 13
3351 13
3327 12
3285 12
3429 13
3536 13
3348 13
3373 13
3484 13
3307 12
3257 12
3310 12
3082 12
3317 12
3323 12
3467 13
3244 12
3422 13
3216 12
3244 12
3275 12
3352 13
3323 12
3289 12
3338 13
3348 13
3365 13
3289 12
3352 13
3272 12
3488 13
3330 13
3313 12
3344 13
3327 12
3376 13
3401 13
3513 13
3359 13
3523 13
3359 13
3355 13
3313 12
3401 13
3338 13
3596 14
3261 12
3491 13
3275 12
3317 12
3362 13
3397 13
3408 13
3302 12
3404 13
3279 12
3321 12
3349 13
3348 13
3306 12
3356 13
3393 13
3439 13
3299 12
3362 13
3561 13
3321 12
3198 12
3366 13
3362 13
3205 12
3408 13
3390 13
3289 12
3303 12
3334 13
3320 12
3338 13
3328 13
3362 13
3502 13
3313 12
3512 13
3359 13
3247 12
3362 13
3345 13
3565 13
3293 12
3362 13
3379 13
3428 13
3540 13
3254 12
3516 13
3362 13
3393 13
3435 13
3335 13
3257 12
3313 12
3279 12
3338 13
3331 13
3373 13
3268 12
3467 13
3477 13
3363 13
3372 13
3286 12
3320 12
3261 12
3289 12
3380 13
3439 13
3519 13
3359 13
3390 13
3446 13
3303 12
3328 13
3278 12
3310 12
3268 12
3341 13
3439 13
3603 14
3244 12
3303 12
3369 13
3543 13
3390 13
3285 12
3317 12
3243 12
3474 13
3327 12
3583 13
3335 13
3299 12
3342 13
3352 13
3338 13
3285 12
3359 13
3331 13
3474 13
3404 13
3366 13
3418 13
3519 13
3324 12
3300 12
4015 15
3387 13
3314 12
3299 12
3254 12
3512 13
3397 13
3373 13
3369 13
3369 13
3317 12
3341 13
3411 13
3359 13
3316 12
3387 13
3247 12
3219 12
3299 12
3268 12
3502 13
3376 13
3313 12
3387 13
3275 12
3533 13
3296 12
3365 13
3338 13
3390 13
3366 13
3351 13
3206 12
3317 12
3387 13
3400 13
3240 12
3369 13
3205 12
3397 13
3645 14
3372 13
3341 13
3289 12
3335 13
3485 13
3414 13
3289 12
3236 12
3572 13
3359 13
3345 13
3320 12
3390 13
3376 13
3366 13
3341 13
3379 13
3309 12
