292952 7
293308 7
308348 8
317203 8
292533 7
292850 7
308485 8
308663 8
309061 8
293423 7
293584 7
293162 7
293172 7
340019 9
308908 8
308729 8
309141 8
309236 8
308939 8
382882 10
293109 7
292882 7
293322 7
292885 7
292778 7
293203 7
308590 8
292760 7
308603 8
293405 7
309532 8
308792 8
308730 8
292801 7
293164 7
293472 7
292917 7
277388 7
293116 7
310363 8
292833 7
446774 12
309068 8
317412 8
308876 8
292955 7
347274 9
287345 7
293368 7
293155 7
293350 7
292980 7
293332 7
293667 7
309417 8
308611 8
300011 8
308489 8
308624 8
293032 7
293179 7
293318 7
293294 7
293171 7
293276 7
293032 7
293207 7
293346 7
309557 8
308939 8
317715 8
308918 8
348859 9
293168 7
293183 7
292515 7
292826 7
293036 7
292815 7
293521 7
293022 7
358136 9
308747 8
398705 10
309148 8
309334 8
309473 8
308908 8
308873 8
293332 7
293377 7
293388 7
293434 7
293077 7
356156 9
371776 10
292757 7
308649 8
293528 7
293402 7
293039 7
293106 7
292924 7
334177 9
292806 7
293388 7
292750 7
293378 7
308568 8
308908 8
360149 9
308729 8
293047 7
292861 7
293099 7
292837 7
292529 7
293186 7
294513 7
308956 8
293190 7
308991 8
309005 8
317789 8
309281 8
346509 9
292878 7
293256 7
393028 10
293476 7
293451 7
293315 7
338762 9
293431 7
292658 7
309222 8
337438 9
287659 7
293311 7
309267 8
293116 7
292616 7
292980 7
309022 8
293116 7
292760 7
292899 7
293633 7
308971 8
309270 8
317276 8
309190 8
308911 8
308866 8
292731 7
293399 7
292913 7
292777 7
309187 8
293266 7
309117 8
308485 8
309005 8
292526 7
309068 8
308994 8
308548 8
293308 7
299348 8
293154 7
308701 8
292900 7
293319 7
293410 7
293018 7
309152 8
308646 8
317838 8
308841 8
309236 8
292826 7
357092 9
308771 8
293242 7
293063 7
308865 8
293228 7
309368 8
451421 12
315090 8
309278 8
309563 8
309494 8
292959 7
293298 7
293423 7
350144 9
293130 7
336517 9
293552 7
292637 7
293168 7
309186 8
362129 9
316822 8
308726 8
308659 8
309448 8
293147 7
293521 7
293043 7
293241 7
293155 7
297896 8
293105 7
309706 8
308991 8
308391 8
308904 8
309173 8
308544 8
293441 7
293476 7
293462 7
293573 7
293071 7
293472 7
309180 8
293513 7
308844 8
293434 7
309218 8
308844 8
293032 7
293248 7
293064 7
292802 7
292676 7
309350 8
292760 7
293060 7
293106 7
308882 8
308807 8
318058 8
309082 8
333724 9
293008 7
292966 7
416368 11
293434 7
293036 7
293221 7
292847 7
293074 7
309159 8
308719 8
292830 7
309264 8
309116 8
309417 8
293556 7
293507 7
335969 9
293461 7
292749 7
293157 7
293468 7
293489 7
309543 8
308524 8
308638 8
308827 8
308823 8
292892 7
293172 7
346718 9
293206 7
336321 9
293489 7
308635 8
293015 7
352727 9
370596 10
308810 8
309983 8
292962 7
293112 7
300440 8
293454 7
292865 7
293249 7
272636 7
293116 7
309431 8
293510 7
309452 8
292683 7
351932 9
309354 8
292812 7
292990 7
293092 7
293629 7
292893 7
293098 7
293790 7
293140 7
293280 7
308631 8
308468 8
317413 8
309065 8
308530 8
293235 7
292826 7
308817 8
293074 7
347036 9
292523 7
293214 7
292872 7
309068 8
309285 8
292903 7
308834 8
308827 8
308457 8
293374 7
293067 7
293528 7
293353 7
293078 7
464331 12
294575 7
292886 7
309263 8
309494 8
317622 8
308963 8
308604 8
292477 7
292889 7
297857 8
293210 7
293242 7
293008 7
293580 7
293329 7
359462 9
372076 10
317626 8
308698 8
309396 8
293057 7
293161 7
293381 7
292680 7
292327 7
293028 7
292802 7
293643 7
293088 7
308942 8
309169 8
357161 9
292854 7
293280 7
293036 7
293556 7
293155 7
293179 7
293350 7
293193 7
293545 7
292815 7
308768 8
308806 8
308834 8
308663 8
309382 8
308876 8
293294 7
293280 7
293085 7
293074 7
341464 9
308115 8
293416 7
293322 7
308974 8
308865 8
316731 8
308555 8
308964 8
308970 8
308931 8
341894 9
337362 9
293291 7
292948 7
293050 7
293301 7
288211 7
309005 8
317615 8
351732 9
310349 8
291967 7
345060 9
293130 7
293144 7
292833 7
292928 7
293371 7
299512 8
308446 8
308753 8
293256 7
418853 11
314905 8
293472 7
293465 7
293228 7
293538 7
293570 7
292589 7
293287 7
309089 8
293057 7
309169 8
308866 8
308901 8
309152 8
310727 8
293085 7
293259 7
293476 7
333731 9
293580 7
292938 7
292987 7
292774 7
317196 8
309811 8
347162 9
308582 8
300071 8
308928 8
292913 7
293465 7
314710 8
292575 7
293161 7
293172 7
293050 7
309242 8
308998 8
317465 8
316057 8
309619 8
292927 7
292840 7
299697 8
293364 7
293308 7
293276 7
293611 7
292861 7
308509 8
308845 8
308694 8
317520 8
309301 8
334600 9
293308 7
293140 7
308568 8
293291 7
293598 7
293151 7
293280 7
293113 7
317363 8
308482 8
353366 9
309312 8
309050 8
293231 7
292952 7
293563 7
292973 7
293140 7
413941 11
293116 7
292843 7
292903 7
309260 8
308590 8
309145 8
308649 8
293433 7
293148 7
293273 7
292773 7
293374 7
293521 7
293077 7
336171 9
293315 7
309110 8
309050 8
319322 8
309068 8
292871 7
293123 7
292949 7
293377 7
293095 7
309693 8
292830 7
293225 7
293409 7
292955 7
308799 8
293486 7
310486 8
308820 8
332428 9
293454 7
339617 9
308880 8
292718 7
293175 7
293091 7
293074 7
293437 7
309323 8
309794 8
295302 8
309969 8
308579 8
308834 8
308852 8
308652 8
309043 8
310722 8
308404 8
293197 7
293053 7
352347 9
309075 8
308261 8
309015 8
308904 8
309190 8
308938 8
308646 8
309306 8
293395 7
292920 7
292027 7
277638 7
353510 9
308862 8
293022 7
309054 8
308887 8
309113 8
308922 8
308195 8
310370 8
309121 8
308373 8
308897 8
308491 8
308792 8
308987 8
317925 8
308974 8
293252 7
292980 7
292697 7
292841 7
293273 7
292787 7
293095 7
349268 9
292592 7
293029 7
309295 8
309382 8
350476 9
309753 8
309225 8
308743 8
292697 7
272818 7
293203 7
293060 7
292959 7
292627 7
293050 7
317443 8
308674 8
293022 7
287543 7
309106 8
314375 8
292827 7
309260 8
292606 7
335099 9
293235 7
293235 7
308966 8
300082 8
308862 8
308998 8
309012 8
293448 7
308698 8
292997 7
292910 7
292826 7
293116 7
293133 7
293200 7
347253 9
339230 9
308782 8
371517 10
301488 8
308739 8
308918 8
292847 7
292672 7
292687 7
292899 7
293175 7
351711 9
293336 7
293109 7
292777 7
309246 8
292955 7
293339 7
309382 8
309371 8
292969 7
293043 7
292383 7
293521 7
292568 7
293402 7
293109 7
414360 11
308652 8
308328 8
317974 8
308880 8
308774 8
293241 7
292788 7
292920 7
293252 7
293148 7
293235 7
293085 7
309159 8
309047 8
309469 8
293500 7
317220 8
309176 8
292763 7
292899 7
292889 7
293033 7
293228 7
308468 8
339212 9
292774 7
293025 7
309253 8
308949 8
309071 8
309148 8
333232 9
292641 7
337072 9
309176 8
293000 7
293182 7
293326 7
293154 7
289540 7
309148 8
308873 8
292938 7
424830 11
308865 8
293060 7
293375 7
293304 7
292924 7
293308 7
293161 7
292701 7
292687 7
309078 8
309096 8
308489 8
308635 8
308893 8
309117 8
293322 7
412408 11
309096 8
293290 7
293178 7
308624 8
293430 7
293489 7
476879 12
314546 8
358268 9
309015 8
300074 8
293842 7
292773 7
292896 7
292714 7
292711 7
293482 7
293109 7
293116 7
293465 7
309288 8
309005 8
353520 9
309190 8
292819 7
338765 9
344976 9
293196 7
293182 7
293189 7
292965 7
293141 7
292920 7
308922 8
309211 8
317094 8
308876 8
293556 7
292802 7
292799 7
293105 7
293151 7
293085 7
293364 7
337648 9
293084 7
292952 7
309347 8
353142 9
309564 8
309176 8
293169 7
293301 7
293224 7
293158 7
342176 9
293363 7
292994 7
293510 7
293514 7
308240 8
309019 8
317402 8
308988 8
293113 7
308509 8
347357 9
293078 7
293304 7
292998 7
293175 7
293172 7
293248 7
309326 8
308809 8
309197 8
309131 8
293228 7
292690 7
293164 7
293786 7
308967 8
293082 7
293405 7
293133 7
293196 7
309445 8
309186 8
308847 8
308684 8
340591 9
308188 8
292812 7
293039 7
292777 7
293213 7
292732 7
293206 7
293343 7
293368 7
317066 8
308649 8
308709 8
308922 8
309490 8
309117 8
292739 7
293322 7
345385 9
293518 7
293692 7
292781 7
293099 7
293105 7
308896 8
351484 9
308806 8
308607 8
310932 8
293535 7
293032 7
293196 7
292558 7
293287 7
293099 7
293182 7
293273 7
309427 8
309253 8
322998 8
293018 7
309040 8
292928 7
293155 7
293022 7
293249 7
309064 8
293071 7
293402 7
292903 7
449542 12
371378 10
293242 7
308719 8
309284 8
292948 7
293321 7
333853 9
293364 7
294666 7
293092 7
293336 7
293273 7
292959 7
308559 8
308667 8
316774 8
309131 8
308656 8
410219 11
340713 9
299177 8
293287 7
293336 7
293200 7
292778 7
293346 7
308875 8
308883 8
293266 7
308809 8
308474 8
293141 7
293277 7
293011 7
292721 7
293133 7
293392 7
292481 7
293102 7
293479 7
308859 8
308662 8
423500 11
308684 8
293115 7
293126 7
309100 8
292773 7
292973 7
346324 9
292875 7
293392 7
292861 7
309493 8
308569 8
293685 7
351348 9
317129 8
309298 8
293070 7
297449 8
292916 7
293053 7
292348 7
293423 7
293112 7
415034 11
309280 8
309232 8
308960 8
308789 8
308827 8
293014 7
293106 7
292641 7
292980 7
292900 7
293259 7
293161 7
293325 7
308914 8
309022 8
349271 9
309620 8
293116 7
292799 7
293025 7
293158 7
293524 7
293199 7
293123 7
293287 7
293032 7
293451 7
309113 8
292739 7
308834 8
293340 7
293105 7
344149 9
293089 7
292801 7
293214 7
293144 7
292822 7
293175 7
292931 7
308834 8
309144 8
317570 8
308893 8
308582 8
293458 7
293270 7
292655 7
293182 7
292878 7
272674 7
292711 7
293381 7
308684 8
309602 8
308761 8
309022 8
293228 7
292966 7
309089 8
293535 7
292865 7
272848 7
293242 7
293221 7
293046 7
293444 7
309263 8
308809 8
317604 8
273316 7
293378 7
293074 7
293070 7
