13318507 8
13192749 8
12539320 7
13527782 8
13226151 8
13248422 8
13147620 8
12801568 8
12898582 8
13288618 8
12599364 8
13230302 8
13017417 8
12838779 8
13223476 8
13133463 8
13160737 8
14054047 8
12719693 8
12775548 8
13272677 8
12611876 8
12539515 7
13287445 8
12480591 7
13805924 8
12860045 8
12790923 8
13215447 8
12510537 7
13267988 8
13110280 8
12642695 8
12530433 7
14201234 9
12840235 8
12675671 8
34755741 22
12804253 8
13065947 8
13147679 8
13082465 8
13295674 8
12584413 8
12818023 8
13317642 8
12598487 8
12348681 7
13199379 8
12779353 8
12683756 8
12747871 8
12878025 8
13584949 8
13209326 8
12624864 8
13345538 8
12879289 8
12685498 8
13013092 8
12767853 8
12840693 8
13705827 8
12495548 7
12672881 8
13448232 8
12429279 7
12556388 7
13510210 8
12885786 8
13617869 8
12655403 8
12575004 7
13406402 8
12636937 8
12870037 8
13174611 8
12513145 7
13516993 8
13224957 8
12535605 7
13229799 8
13142208 8
12853516 8
13965443 8
12514129 7
12676400 8
13189261 8
12812566 8
12503380 7
13361350 8
12685956 8
12855936 8
13229479 8
12859427 8
13302632 8
12651863 8
12664592 8
13180463 8
12570347 7
12612254 8
14141505 8
12812105 8
12773526 8
12997262 8
12703168 8
12836007 8
13264713 8
12492228 7
12911413 8
13247807 8
12676376 8
13401647 8
12801819 8
12755276 8
13290157 8
12714421 8
12753611 8
14167972 9
12699443 8
12647024 8
13221545 8
12780579 8
12827373 8
13213128 8
12879244 8
13123869 8
12843245 8
12559048 7
13275892 8
12664160 8
12739646 8
13466030 8
12683714 8
12709233 8
13418747 8
12694904 8
12577040 7
13227303 8
12658573 8
12917568 8
12955813 8
12791545 8
13300314 8
12535189 7
12483384 7
13233270 8
12864685 8
12771752 8
14921953 9
12893317 8
12578223 7
13191541 8
12602938 8
12469510 7
12990174 8
12725324 8
13247364 8
12554454 7
12474789 7
13224150 8
12727984 8
12761261 8
13781257 8
12676557 8
12580129 7
13757390 8
12478406 7
12498876 7
13038439 8
12799284 8
13072186 8
12820352 8
12501476 7
13267105 8
12667117 8
12484743 7
13209437 8
12518895 7
12844756 8
13188472 8
12826490 8
12767179 8
13303470 8
12499777 7
40556693 25
12789967 8
12522980 7
13223917 8
12530134 7
12469014 7
13161903 8
12517735 7
13235909 8
13190344 8
13144440 8
14740581 9
12536861 7
12512149 7
13171358 8
12891348 8
13026296 8
13197243 8
12537731 7
14566112 9
13001689 8
12779580 8
13207618 8
13178264 8
12485022 7
12956112 8
12909368 8
12791478 8
13196041 8
12531017 7
13691557 8
13234362 8
12513253 7
13220827 8
13090320 8
12771881 8
13198559 8
12526994 7
12476915 7
13406437 8
12509950 7
12545181 7
12948163 8
12892099 8
12764762 8
13208799 8
12670179 8
13257912 8
13196384 8
12388109 7
13199013 8
13231855 8
12715297 8
13218184 8
12583171 8
12524125 7
13655311 8
12539923 7
12633279 8
13268327 8
12833350 8
12606772 8
13324387 8
12697812 8
12931212 8
12988327 8
12575078 7
13278849 8
12975486 8
12684248 8
13195420 8
12810838 8
12514517 7
13205584 8
12485389 7
12526310 7
13380929 8
12938788 8
12689761 8
13287417 8
12504877 7
12454155 7
13175984 8
12531533 7
13632438 8
13233811 8
12725223 8
13165021 8
12694726 8
12512007 7
13297120 8
12490570 7
12494490 7
13534154 8
12872740 8
12782244 8
13255111 8
12529959 7
12513295 7
13257682 8
12561797 7
12447693 7
12756701 8
12758922 8
13768563 8
12660682 8
12614610 8
13223327 8
12472044 7
12536341 7
13144541 8
12474223 7
12680408 8
13447436 8
12828141 8
12444368 7
13334498 8
12504238 7
12639894 8
13232187 8
12535364 7
12589253 8
12873490 8
12944288 8
13319254 8
13214909 8
12499081 7
13271162 8
12915184 8
12496606 7
13248119 8
13078104 8
12831779 8
13557246 8
12587214 8
12585821 8
12529705 7
12685481 8
12489236 7
13362792 8
12886477 8
13421725 8
13239045 8
12492490 7
13175900 8
12777471 8
12523078 7
13141831 8
13149055 8
12738634 8
13628821 8
12539490 7
12674113 8
13270777 8
12490996 7
12627462 8
13223637 8
12930881 8
12944521 8
13221947 8
12471053 7
13458011 8
12593837 8
12639336 8
13173124 8
12893750 8
12799536 8
13488634 8
12442113 7
12543370 7
13314928 8
12519548 7
12744247 8
13306546 8
12797888 8
12828658 8
13243202 8
12515058 7
13587512 8
12508403 7
12667058 8
13237246 8
12829939 8
12761435 8
13094066 8
12407570 7
12483388 7
13588857 8
12694985 8
12750797 8
13322795 8
12751234 8
12757388 8
13208942 8
12550062 7
13354811 8
13182677 8
12669177 8
13266270 8
12931872 8
12744241 8
13182896 8
12405276 7
12502095 7
13637900 8
12664198 8
12732115 8
13297744 8
12806721 8
12765178 8
13209651 8
12488052 7
12665654 8
12720433 8
12692261 8
13539985 8
12682367 8
12735987 8
13278232 8
12644098 8
12446219 7
13197955 8
12689311 8
12712535 8
23314940 14
12581725 7
12795836 8
13201990 8
13148210 8
13961474 8
12714683 8
12911238 8
13194236 8
12681068 8
12519265 7
13318200 8
12772157 8
12771404 8
13746365 8
12751883 8
12793329 8
13122503 8
12651605 8
12615996 8
12631540 8
12766292 8
13177817 8
13112958 8
12829007 8
13242298 8
12648201 8
12464846 7
13153583 8
13174042 8
12915083 8
13631203 8
12955987 8
13713532 8
13133396 8
13166693 8
13197299 8
12660235 8
13208760 8
13183092 8
13208275 8
13105654 8
13092520 8
13111803 8
13257587 8
13247783 8
13224730 8
12671610 8
12798764 8
12671886 8
12619687 8
12656632 8
12538610 7
12642736 8
12956982 8
12713799 8
12669441 8
12455771 7
12620831 8
12539857 7
12441471 7
12672098 8
13628490 8
13209131 8
13162961 8
12661454 8
12570787 7
12822314 8
12874988 8
13200214 8
12900468 8
12453198 7
12549870 7
12638023 8
12795867 8
12709149 8
12513630 7
12714515 8
12713785 8
12936013 8
12744541 8
12770118 8
12714532 8
12617592 8
12559942 7
12618025 8
12938149 8
12724559 8
12752592 8
12482731 7
12547925 7
12598323 8
12871046 8
12987217 8
12795972 8
12641385 8
12524729 7
12673251 8
12767898 8
12811428 8
12645261 8
12792896 8
12676610 8
13200692 8
13276290 8
13186758 8
12473930 7
12806481 8
12951113 8
12857933 8
12491576 7
13139737 8
12638530 8
13094255 8
12821246 8
12640086 8
12495318 7
12508232 7
13213177 8
12812039 8
12904738 8
12662892 8
12636609 8
12872163 8
12562683 7
12842438 8
12928007 8
12531320 7
12626484 8
12489016 7
12470054 7
12703580 8
13173305 8
12926492 8
12800535 8
12505003 7
12590066 8
12928385 8
12895077 8
12990737 8
12492846 7
12544483 7
12504137 7
12566129 7
12603372 8
12799878 8
12877819 8
12864929 8
12508885 7
12753018 8
12693522 8
12716180 8
12670356 8
12529603 7
12673883 8
12693214 8
12687624 8
12665116 8
12995876 8
12822964 8
12556563 7
12754746 8
12896113 8
12997436 8
12727667 8
12735778 8
12717176 8
12853017 8
12437557 7
12684248 8
12944134 8
13042520 8
12617738 8
12691706 8
12800909 8
12771578 8
12613370 8
12559276 7
12686490 8
12722744 8
12877540 8
12503858 7
12598274 8
12786821 8
12746691 8
12851809 8
12768446 8
12943055 8
13070342 8
12476803 7
12537309 7
12886164 8
12646794 8
12757884 8
12501959 7
12790050 8
12903285 8
12720056 8
12636221 8
12729280 8
12759427 8
12528696 7
12504405 7
12711052 8
12671547 8
12537297 7
12647988 8
12547796 7
12693654 8
12767747 8
12813226 8
12969146 8
12841974 8
12543132 7
12505192 7
12549783 7
12546690 7
12638463 8
12466867 7
12717528 8
12813711 8
12740850 8
12942437 8
12865072 8
12914671 8
12666946 8
12561521 7
12689642 8
12650054 8
12499449 7
12628646 8
12493167 7
12654635 8
12699781 8
12958134 8
12862639 8
12812433 8
12517754 7
12559112 7
12551210 7
12495740 7
12502042 7
12608504 8
12811414 8
12591763 8
12631369 8
12747774 8
12936163 8
12839491 8
12737928 8
12674564 8
12696751 8
12687852 8
12550446 7
12543722 7
12524481 7
12704652 8
12486181 7
12752120 8
12988886 8
13028890 8
12904231 8
12620776 8
12663437 8
12661684 8
12589651 8
12476318 7
12642793 8
12742355 8
12579379 7
12464813 7
12818190 8
12837546 8
12909528 8
12855991 8
12781154 8
12819654 8
12608214 8
12581600 7
12523716 7
12515467 7
12500781 7
12528434 7
12670486 8
12804767 8
12818669 8
12912809 8
12870631 8
12650847 8
12703765 8
12463864 7
12559723 7
12715887 8
12731483 8
12505195 7
12512059 7
12622207 8
12529994 7
12597576 8
12843723 8
12949227 8
12747285 8
12571814 7
12620825 8
12522917 7
12490087 7
12528387 7
12568734 7
12547210 7
12702965 8
12587157 8
12516384 7
12574683 7
12809183 8
13142247 8
12812514 8
12710203 8
12458331 7
12727970 8
12688603 8
12474621 7
12531201 7
12623964 8
12661788 8
12539658 7
12518078 7
12795693 8
12891236 8
12835455 8
12883765 8
12661520 8
12489847 7
12507562 7
12486998 7
12475752 7
12727779 8
12852804 8
12514852 7
12576625 7
12551326 7
12613674 8
12854172 8
13063590 8
13288129 8
13000135 8
12568821 7
12571262 7
12666938 8
12523483 7
12552991 7
12482239 7
12949462 8
12671868 8
12640393 8
12991200 8
12997552 8
12782519 8
12611991 8
12519994 7
12639434 8
12646361 8
12585807 8
12553190 7
12677880 8
12485835 7
12466591 7
12624913 8
12947559 8
13131312 8
13663072 8
13210995 8
13275124 8
12499197 7
12721959 8
12740696 8
12835466 8
13270163 8
12825222 8
12692471 8
12563780 7
12518071 7
12558951 7
12632608 8
13221180 8
13195263 8
13175551 8
13166284 8
12634504 8
12547077 7
12546526 7
12682105 8
12506703 7
12637255 8
12656922 8
12792156 8
12535119 7
12656810 8
12802832 8
12783246 8
12847319 8
12979201 8
12736227 8
12534875 7
12437180 7
12500590 7
12804229 8
12576656 7
12727537 8
12506004 7
12670172 8
12904622 8
12832998 8
12845668 8
12904252 8
12796538 8
12643299 8
12485744 7
12476245 7
12514506 7
12523567 7
12694743 8
12672786 8
12561122 7
12769916 8
12848125 8
12942332 8
12672368 8
12750402 8
12746332 8
12699426 8
12552080 7
12497234 7
12561584 7
12669844 8
12505167 7
12503044 7
12670946 8
12805266 8
12754676 8
12622214 8
12774888 8
12825083 8
12836974 8
12803366 8
12460764 7
12498858 7
12546316 7
12508505 7
12502038 7
12455318 7
12720102 8
12947970 8
12786035 8
12746489 8
12571464 7
12740927 8
12794613 8
12760926 8
12547744 7
12509196 7
12579536 7
12500551 7
12506637 7
12863288 8
12789077 8
13299930 8
12649611 8
12525661 7
12834317 8
12764047 8
12827628 8
12588083 8
12564212 7
12653717 8
12491931 7
12544343 7
12631872 8
12746942 8
12695194 8
12746360 8
12640764 8
12688539 8
12578520 7
12806616 8
12798887 8
12594120 8
12493932 7
12551843 7
12514276 7
12543380 7
12621540 8
12780180 8
12791953 8
12853268 8
12539305 7
12510435 7
12575381 7
12774702 8
12724367 8
12791810 8
12702567 8
12653546 8
12561050 7
12532479 7
12848224 8
12752546 8
12747962 8
12828109 8
12562890 7
12527532 7
12630876 8
12681134 8
12705483 8
12825732 8
12694733 8
12418993 7
12510438 7
12541738 7
12675217 8
12780637 8
12901459 8
12697020 8
12635485 8
12806896 8
12570665 7
12757899 8
12773331 8
12806571 8
12697470 8
12509308 7
12713070 8
12551298 7
12686787 8
12778564 8
12707117 8
12660301 8
12588827 8
12511004 7
12573695 7
12774339 8
12925801 8
12693759 8
12755147 8
12555156 7
12463990 7
12723736 8
12745735 8
12785864 8
12559210 7
12533060 7
12516786 7
12528182 7
12561793 7
12663615 8
12832987 8
12825969 8
12635980 8
12430997 7
12502786 7
12720649 8
12753761 8
12817450 8
12806593 8
12610710 8
12491219 7
12515114 7
12552963 7
12667095 8
12795326 8
12788308 8
12768686 8
12823679 8
12440364 7
12581899 7
12929533 8
12765855 8
12721243 8
12518039 7
12484327 7
12515459 7
12612896 8
12500307 7
12748825 8
12770559 8
12792107 8
12452304 7
12696901 8
12972403 8
12763128 8
12680593 8
12607139 8
