52437 8
50003 8
49961 8
52653 8
52660 8
50240 8
49916 8
52719 8
50202 8
49863 8
50031 8
52890 8
52681 8
52601 8
52576 8
52716 8
50265 8
49867 8
52845 8
49996 8
49958 8
49678 8
49871 8
91644 14
49752 8
50087 8
52405 8
52712 8
52779 8
52688 8
50129 8
49528 8
49703 8
50021 8
50007 8
49867 8
50105 8
50094 8
49751 8
52646 8
52698 8
53959 8
54318 8
52576 8
90932 14
49758 8
50178 8
50076 8
50247 8
50098 8
50031 8
49794 8
49895 8
50062 8
52664 8
52629 8
52761 8
52635 8
52793 8
49818 8
49996 8
50006 8
49986 8
50170 8
49997 8
50122 8
49944 8
49975 8
54573 8
52510 8
52653 8
54182 8
162253 26
49815 8
49672 8
49993 8
50080 8
50262 8
50021 8
50086 8
50230 8
52552 8
52680 8
53944 8
52586 8
91710 14
92084 14
49867 8
49943 8
49731 8
50073 8
50122 8
50048 8
49884 8
49860 8
52538 8
52649 8
52685 8
52542 8
52552 8
50013 8
49954 8
49993 8
49902 8
52852 8
49811 8
49968 8
49853 8
49672 8
52737 8
53118 8
52799 8
52618 8
52765 8
52660 8
49958 8
49895 8
50062 8
49860 8
49943 8
49982 8
49965 8
50094 8
50003 8
52559 8
52799 8
54113 8
49891 8
50041 8
50076 8
52699 8
49934 8
49965 8
49954 8
49888 8
50132 8
55023 8
52925 8
54077 8
52646 8
52621 8
49978 8
49895 8
49947 8
49849 8
50084 8
49832 8
50045 8
49888 8
46512 7
53096 8
52639 8
54249 8
52642 8
52814 8
52789 8
52688 8
50084 8
49828 8
50010 8
49975 8
50090 8
50066 8
49853 8
52636 8
52646 8
52513 8
52734 8
52594 8
52667 8
52727 8
49968 8
46868 7
50055 8
49874 8
52897 8
50003 8
50164 8
52716 8
52841 8
50076 8
52904 8
52548 8
52726 8
52618 8
49874 8
49968 8
50080 8
52695 8
52660 8
49950 8
52680 8
49958 8
52688 8
52737 8
50387 8
54092 8
52656 8
50048 8
50056 8
49957 8
49976 8
50059 8
49905 8
49958 8
50523 8
49958 8
54231 8
52549 8
52754 8
52605 8
52573 8
52796 8
50052 8
49912 8
49920 8
50268 8
49794 8
50059 8
50066 8
50122 8
52736 8
53040 8
50090 8
52702 8
52346 8
52367 8
49898 8
50206 8
49852 8
49979 8
50010 8
49839 8
49909 8
50059 8
50038 8
52740 8
52594 8
53781 8
52769 8
52695 8
52545 8
49954 8
50017 8
49958 8
49843 8
49839 8
50077 8
52688 8
49940 8
52779 8
52866 8
57555 9
52772 8
52702 8
52747 8
49874 8
49839 8
50048 8
50087 8
49856 8
49891 8
49954 8
50055 8
52789 8
52639 8
50000 8
52604 8
52443 8
50020 8
49950 8
50087 8
50066 8
50185 8
52552 8
49794 8
50163 8
50031 8
59709 9
52796 8
49992 8
52768 8
52489 8
49815 8
50006 8
50139 8
50115 8
50070 8
49905 8
50083 8
50003 8
53090 8
49919 8
52552 8
52549 8
54112 8
52768 8
52702 8
92339 15
50062 8
50101 8
50028 8
49933 8
49916 8
49878 8
49961 8
50077 8
52667 8
52680 8
49961 8
162739 26
53410 8
49909 8
49895 8
50112 8
50545 8
49829 8
49930 8
49941 8
49996 8
52551 8
52757 8
49901 8
52510 8
52737 8
50003 8
50014 8
49983 8
49965 8
50056 8
50038 8
50038 8
49874 8
50076 8
52723 8
52639 8
50080 8
52783 8
52493 8
52527 8
50325 8
50164 8
49979 8
50122 8
52626 8
50234 8
49930 8
49835 8
49985 8
52796 8
52792 8
99818 16
52879 8
52964 8
52859 8
49908 8
49832 8
50087 8
49968 8
50150 8
50083 8
50035 8
50139 8
95524 15
52629 8
54276 8
49901 8
50342 8
50115 8
50125 8
49927 8
49990 8
49731 8
50090 8
49766 8
49637 8
49916 8
52646 8
93404 15
54200 8
52698 8
52625 8
50052 8
49927 8
50031 8
49895 8
50090 8
49992 8
50105 8
50153 8
49978 8
52722 8
52604 8
54168 8
52642 8
49986 8
49971 8
49909 8
50171 8
49943 8
49922 8
49909 8
49937 8
49909 8
49961 8
52639 8
52684 8
50181 8
52814 8
52586 8
50181 8
49986 8
50125 8
50087 8
50017 8
50083 8
49968 8
50101 8
50104 8
49884 8
52604 8
52628 8
60844 9
52832 8
52538 8
52821 8
52649 8
52782 8
52883 8
52776 8
52748 8
52695 8
52876 8
52625 8
52650 8
52604 8
52964 8
52607 8
52576 8
52646 8
49968 8
49821 8
50304 8
50084 8
49881 8
52510 8
49871 8
50007 8
52590 8
52750 8
52722 8
52768 8
52695 8
52813 8
52565 8
49961 8
49895 8
49870 8
50108 8
49989 8
49916 8
50052 8
57768 9
52880 8
52754 8
50143 8
52653 8
52489 8
49765 8
49985 8
49989 8
50055 8
50049 8
50090 8
50042 8
49856 8
49979 8
52824 8
50101 8
52639 8
52887 8
52726 8
52444 8
50038 8
52904 8
50335 8
49877 8
50045 8
49947 8
49993 8
50132 8
52416 8
52699 8
52681 8
52687 8
52614 8
49797 8
50108 8
49706 8
50139 8
50126 8
49790 8
49857 8
50007 8
50118 8
52688 8
52705 8
52782 8
50014 8
52956 8
50091 8
50007 8
50031 8
50133 8
49759 8
50094 8
50052 8
49993 8
50006 8
52817 8
52768 8
49955 8
52548 8
52643 8
50115 8
50017 8
50041 8
50118 8
50055 8
49919 8
50049 8
49891 8
50100 8
49898 8
52730 8
52660 8
52639 8
52555 8
52747 8
52702 8
49898 8
50031 8
50112 8
49916 8
50031 8
50104 8
50142 8
50174 8
103267 16
52677 8
52891 8
52803 8
52384 8
49902 8
49902 8
50160 8
49933 8
49835 8
50006 8
50010 8
50017 8
50056 8
50073 8
52835 8
52566 8
52831 8
52639 8
49964 8
49922 8
49850 8
50014 8
50073 8
50052 8
50024 8
49853 8
50017 8
49958 8
52569 8
52604 8
54290 8
52806 8
52605 8
52946 8
49993 8
49870 8
50122 8
50160 8
49929 8
50077 8
52649 8
49874 8
52744 8
52915 8
50076 8
54199 8
52632 8
52524 8
52569 8
52681 8
52558 8
50139 8
52897 8
49870 8
50149 8
49933 8
50080 8
52838 8
52737 8
54074 8
52803 8
50149 8
49954 8
53861 8
50101 8
50377 8
49836 8
50010 8
50139 8
50007 8
52371 8
54084 8
52601 8
50178 8
52758 8
52820 8
49986 8
50048 8
52754 8
50027 8
49943 8
50034 8
49919 8
50105 8
50087 8
49937 8
52663 8
52723 8
54203 8
52161 8
49923 8
50198 8
50164 8
46435 7
49996 8
50105 8
50143 8
52590 8
49968 8
50083 8
52796 8
52762 8
52552 8
54116 8
54047 8
50017 8
50014 8
49937 8
49821 8
52726 8
49982 8
49926 8
49943 8
50241 8
52757 8
52611 8
52590 8
52743 8
49748 8
49888 8
50056 8
49849 8
50034 8
49776 8
49971 8
49954 8
49863 8
50010 8
52772 8
52838 8
52778 8
52587 8
50063 8
52593 8
52828 8
52775 8
49954 8
49947 8
49985 8
50098 8
50230 8
50041 8
50115 8
52555 8
52768 8
52642 8
52636 8
52499 8
52674 8
50170 8
49951 8
49870 8
50038 8
50010 8
49853 8
49891 8
49916 8
49780 8
52737 8
52629 8
52660 8
52730 8
52838 8
49815 8
50007 8
50003 8
50052 8
50150 8
50104 8
49916 8
50031 8
50170 8
54147 8
52828 8
50049 8
52880 8
52691 8
52227 8
52562 8
49898 8
50132 8
50028 8
49951 8
50083 8
50017 8
50017 8
49940 8
52820 8
52709 8
54140 8
52646 8
52730 8
52908 8
50038 8
49961 8
50195 8
46567 7
52706 8
50024 8
50119 8
50077 8
52803 8
52747 8
53310 8
52758 8
52622 8
50077 8
50059 8
50101 8
52694 8
50111 8
49926 8
50188 8
49888 8
50024 8
52674 8
52663 8
50066 8
54144 8
52517 8
50035 8
49912 8
49888 8
50199 8
49915 8
49951 8
49933 8
50020 8
49787 8
50063 8
52485 8
52737 8
52646 8
52559 8
52733 8
52447 8
49832 8
50107 8
50049 8
50069 8
52946 8
49790 8
50049 8
49887 8
52587 8
193131 31
50087 8
52727 8
52852 8
49923 8
49947 8
49877 8
49975 8
50230 8
50013 8
50035 8
49829 8
49853 8
50000 8
52818 8
52681 8
52726 8
52723 8
52862 8
50079 8
50017 8
50083 8
49968 8
50160 8
49581 8
50024 8
50066 8
50098 8
52492 8
52464 8
49860 8
52730 8
52447 8
49280 8
52625 8
52768 8
52754 8
52628 8
52373 8
52492 8
52604 8
52796 8
177811 28
52716 8
49986 8
52586 8
52486 8
53191 8
49996 8
52839 8
49930 8
50066 8
91431 14
49962 8
52660 8
49895 8
49835 8
52632 8
52670 8
54245 8
52845 8
52800 8
52664 8
49884 8
50010 8
49909 8
50122 8
50007 8
49912 8
50073 8
50024 8
52670 8
52768 8
52629 8
52635 8
52758 8
52737 8
49912 8
49954 8
50003 8
50363 8
49957 8
49934 8
49829 8
49972 8
50108 8
52691 8
53048 8
54203 8
52632 8
52681 8
52778 8
49808 8
50108 8
50115 8
50181 8
52748 8
52587 8
50021 8
94557 15
52653 8
52586 8
52636 8
52793 8
52492 8
52705 8
50154 8
50073 8
50108 8
49986 8
50080 8
50115 8
50112 8
49874 8
52625 8
52635 8
52740 8
52810 8
52653 8
52692 8
49996 8
50052 8
50059 8
50066 8
50073 8
52893 8
50307 8
52663 8
50059 8
52761 8
52708 8
54483 8
52677 8
52737 8
49958 8
49989 8
49808 8
52587 8
50091 8
50108 8
52580 8
50118 8
50083 8
52646 8
52548 8
49961 8
52981 8
52880 8
52607 8
52734 8
52642 8
52698 8
52684 8
52632 8
52664 8
52688 8
52597 8
54074 8
52248 8
50038 8
52772 8
52806 8
52719 8
49822 8
49846 8
49972 8
50052 8
50087 8
49884 8
50027 8
50062 8
50094 8
52709 8
52736 8
52566 8
52636 8
52744 8
52796 8
50056 8
50003 8
52629 8
49992 8
52660 8
49891 8
50101 8
52827 8
52705 8
52723 8
50125 8
54008 8
52632 8
50178 8
49958 8
49773 8
50042 8
50083 8
51861 8
49958 8
94011 15
52706 8
52670 8
52925 8
52768 8
52639 8
52873 8
50091 8
