9071470 8
8317419 7
8363903 7
8176139 7
8639137 8
8614746 8
8261202 7
8505261 8
8675674 8
8284004 7
8352581 7
8465023 8
9282459 8
8331748 7
8440808 8
8316173 7
8899294 8
8355011 7
8360097 7
8340079 7
8893447 8
8386639 7
8364346 7
8911409 8
8890737 8
8428137 8
8312445 7
8950799 8
8790319 8
8405953 8
8474048 8
8805967 8
8593609 8
8275789 7
8490181 8
8787785 8
8595243 8
8218754 7
8455244 8
8827069 8
8549580 8
8448269 8
8187091 7
8943579 8
8302463 7
8563228 8
8440597 8
9106359 8
8677168 8
8548606 8
8328658 7
8959946 8
8449389 8
8833741 8
8599723 8
8777118 8
8467516 8
8309676 7
9105804 8
8759651 8
8455020 8
8324988 7
8784908 8
8761627 8
8297945 7
8583400 8
8898973 8
8445908 8
8304851 7
8359504 7
8850105 8
8773166 8
8368086 7
8310091 7
8822593 8
8446607 8
8616258 8
8297907 7
8681023 8
8499117 8
8457332 8
8441806 8
9243059 8
8350629 7
8376263 7
8310109 7
9164902 8
8714906 8
8326455 7
8622245 8
8835001 8
8481254 8
8317517 7
8645970 8
8841513 8
8352406 7
8635910 8
8991438 8
8924799 8
8263210 7
8463239 8
8866102 8
8843440 8
8356784 7
8345738 7
8816379 8
8673044 8
8790542 8
8748469 8
8916102 8
8806494 8
8284562 7
8306632 7
9523299 9
8552073 8
8282028 7
8834027 8
9079375 8
8345277 7
8321595 7
8326333 7
8724710 8
8136051 7
8590349 8
8991194 8
8828828 8
8252428 7
8323159 7
8846966 8
8578914 8
8561789 8
8358450 7
8852353 8
8612299 8
8311959 7
8267262 7
8696570 8
8803816 8
8245515 7
8818738 8
9752021 9
8489110 8
8053889 7
8272776 7
8624986 8
8361955 7
8685519 8
9305313 8
8808477 8
8384241 7
8289968 7
8878200 8
8802294 8
8727405 8
8295410 7
8927839 8
8509653 8
8276934 7
8413355 8
8758887 8
8831716 8
8448684 8
8974962 8
9762477 9
8506710 8
8308793 7
8806697 8
8819632 8
8833416 8
8615406 8
9156928 8
8791199 8
8302987 7
8254024 7
8840406 8
8825180 8
8489844 8
8347194 7
8851030 8
8564317 8
8274724 7
8487825 8
8830292 8
8757288 8
8337596 7
8897506 8
9518586 9
8314309 7
8274902 7
8352959 7
9121777 8
8730135 8
8784837 8
8898090 8
8832396 8
8507502 8
8303311 7
8785885 8
8539655 8
8316742 7
8466291 8
8859095 8
8637750 8
8306090 7
8581756 8
8804270 8
8567854 8
8364200 7
8821297 8
9069948 8
8582863 8
8366267 7
8490332 8
9054272 8
8761596 8
8601873 8
8407196 8
8864747 8
8360523 7
8588711 8
8386621 7
8848918 8
8350793 7
8328313 7
9033054 8
9088661 8
8617731 8
8240840 7
9087105 8
8782365 8
8484729 8
8322605 7
9031763 8
8777069 8
8326985 7
8535255 8
8794003 8
8349840 7
8349344 7
8308587 7
8684950 8
10817761 10
8433039 8
8470215 8
8904427 8
8351283 7
8346478 7
8685271 8
8817028 8
8700665 8
8354498 7
9233751 8
8761159 8
8387093 7
8386811 7
8880486 8
8957942 8
8302955 7
8676840 8
8780208 8
8436827 8
8245735 7
8363970 7
8876115 8
8414646 8
8606975 8
8342641 7
9441651 9
8328375 7
8264030 7
8461399 8
8855286 8
8388287 7
8344631 7
8248535 7
8980685 8
8693274 8
8318090 7
9249438 8
8855356 8
8344436 7
8452741 8
8810010 8
8812754 8
8436195 8
8303084 7
8831311 8
8823211 8
8288064 7
8292778 7
9464965 9
8488998 8
8307644 7
8445269 8
8868211 8
8737781 8
8358021 7
8821256 8
8685512 8
8788573 8
8688878 8
8856130 8
8826981 8
8378435 7
8396669 8
8797414 8
8759365 8
8636675 8
8347612 7
8683256 8
8379168 7
8262965 7
8423599 8
9569933 9
8899780 8
8287290 7
8732355 8
8836809 8
8635974 8
8216065 7
8460478 8
8763865 8
8322730 7
8432068 8
9233046 8
8717154 8
8347180 7
8529365 8
8855702 8
8426046 8
8359759 7
8357821 7
8768002 8
8754777 8
8498027 8
8371040 7
8784722 8
8331902 7
8348434 7
8069181 7
8832508 8
9069142 8
8217578 7
8504164 8
9509941 9
8608203 8
8298203 7
8445772 8
8662019 8
8741796 8
8732614 8
9283237 8
8719567 8
8299439 7
8511363 8
8955565 8
8827429 8
8548222 8
8325527 7
8839400 8
8679189 8
8582954 8
8264253 7
8932877 8
8539501 8
8351310 7
8581261 8
8712466 8
8309742 7
8489626 8
8390891 8
9390978 8
8454071 8
8351006 7
8394073 8
8979351 8
8314263 7
8486181 8
8298374 7
8827582 8
8358509 7
8715206 8
9048676 8
8754453 8
8566803 8
8289275 7
8866611 8
8703908 8
8477502 8
8287959 7
8811630 8
8601262 8
8593114 8
8883566 8
8819926 8
8311373 7
8236256 7
8358914 7
9424299 8
8405572 8
8315129 7
8437658 8
9138078 8
8371790 7
8463120 8
8494812 8
8843523 8
8349990 7
8382355 7
8719155 8
8720175 8
8356024 7
8434788 8
9036058 8
8869471 8
8267842 7
8372328 7
8998707 8
8485964 8
8591983 8
8356306 7
8784349 8
8884463 8
8322741 7
8477900 8
8851386 8
8467816 8
8326494 7
8452597 8
8827589 8
8771962 8
8762263 8
8735983 8
8907565 8
8365597 7
8416210 8
8306439 7
8857151 8
8623376 8
8392340 8
9117329 8
8783430 8
8306886 7
8313401 7
8930947 8
8745037 8
8544675 8
8329996 7
8837753 8
8584372 8
8499957 8
8542968 8
8805168 8
8297368 7
8309393 7
8554831 8
8775323 8
8456490 8
8295274 7
8502845 8
8746984 8
8539874 8
8663356 8
8354868 7
9009247 8
8278533 7
8306352 7
8049948 7
9058930 8
8761718 8
8360238 7
8387278 7
8810461 8
8765705 8
8588718 8
8747843 8
8808275 8
8579498 8
8303943 7
8879889 8
8827345 8
8426405 8
8478147 8
8844560 8
8773379 8
8510651 8
8439369 8
8810918 8
8727719 8
8455436 8
8638354 8
8770058 8
8740725 8
8303668 7
8331535 7
8563448 8
8400136 8
8192486 7
8473578 8
9008050 8
8648654 8
8626215 8
8575507 8
8753939 8
8778169 8
8786681 8
8802287 8
8695668 8
8582273 8
8592486 8
8842518 8
8706767 8
8798925 8
8404637 8
8792323 8
8769465 8
8480133 8
8566471 8
8773062 8
8810220 8
8502388 8
8402765 8
8738752 8
8570496 8
8259600 7
8248686 7
8602429 8
8587643 8
8504182 8
8436524 8
9024316 8
8335152 7
8404211 8
8243962 7
8791785 8
8308552 7
8238488 7
8358866 7
8755413 8
8463777 8
8395752 8
8664812 8
8837780 8
8777586 8
8376769 7
8865478 8
8694017 8
8458557 8
8657005 8
8758195 8
8821483 8
8307853 7
8486121 8
8813543 8
8430484 8
8429520 8
8287820 7
8820949 8
8550548 8
8333529 7
8542845 8
8712448 8
8480944 8
8544570 8
8307856 7
9141989 8
8098519 7
8448771 8
8355193 7
8906598 8
8266041 7
8635073 8
8306681 7
8892727 8
8606569 8
8290704 7
8936027 8
8892186 8
8759455 8
8664411 8
8890744 8
8834275 8
8202076 7
8648933 8
8580433 8
8485789 8
8313935 7
8218415 7
8794948 8
8814172 8
8355762 7
8579585 8
8778571 8
8341192 7
8828640 8
8348440 7
8800437 8
8372887 7
8441461 8
8345228 7
9097495 8
8357626 7
8532099 8
8308880 7
8913487 8
8769832 8
8357315 7
8564324 8
8775893 8
8187629 7
8313684 7
8917216 8
8748929 8
8562693 8
8329178 7
8928524 8
8935133 8
8337303 7
8716715 8
8869304 8
8710140 8
8260221 7
8347026 7
8870002 8
8911067 8
8376200 7
8480884 8
8813303 8
8343622 7
8509905 8
8233610 7
8690627 8
8769186 8
8609565 8
8337959 7
9147780 8
8512607 8
8301154 7
8487843 8
8865083 8
8469698 8
8231295 7
8408285 8
8933817 8
8653814 8
8376437 7
8716666 8
8828339 8
8308297 7
8468507 8
9342014 8
8860093 8
8257868 7
8360164 7
8868983 8
8778951 8
8318868 7
8451533 8
8811047 8
8298762 7
8467994 8
8303723 7
8784149 8
8263942 7
8609464 8
8347543 7
12428480 11
8325803 7
8541647 8
9233860 8
8945439 8
8504315 8
8375034 7
8779516 8
8825948 8
8449664 8
8211185 7
8812548 8
8805552 8
8632234 8
8284308 7
8747882 8
8664833 8
8351352 7
8573151 8
9627725 9
8706055 8
8359962 7
8535057 8
8720586 8
8202680 7
8601587 8
8712169 8
9018667 8
8358230 7
8623356 8
8878869 8
8959841 8
8314877 7
8350434 7
8839592 8
8801240 8
8532515 8
8826087 8
8857684 8
8767293 8
8746692 8
8329831 7
8718746 8
8637038 8
8262065 7
8757019 8
9168746 8
8894770 8
8341430 7
8433786 8
9097581 8
8349732 7
8415649 8
8315007 7
8689939 8
8372010 7
8803935 8
8915208 8
8837766 8
8297770 7
8312832 7
9024183 8
8745780 8
8563598 8
8251339 7
8837958 8
8800779 8
8578513 8
8529233 8
8769214 8
8874548 8
8489305 8
8327178 7
8780484 8
8553630 8
8227985 7
8685885 8
8708401 8
8662009 8
8310084 7
8392173 8
9279666 8
8274469 7
8335344 7
8417254 8
9107414 8
8165871 7
8768554 8
8361655 7
8794805 8
8275677 7
8440150 8
8864936 8
8700668 8
8362591 7
8311686 7
9101803 8
8753946 8
8706254 8
8314071 7
8905715 8
8818822 8
8296203 7
8341402 7
8898006 8
8536191 8
8507446 8
8432711 8
8834711 8
8738588 8
8386786 7
8419448 8
8856857 8
8291063 7
8308820 7
8354057 7
9396119 8
8429732 8
8574456 8
8499608 8
8980650 8
8226865 7
8457775 8
8307420 7
8815383 8
8344240 7
8277496 7
8996064 8
8794020 8
8745703 8
8753077 8
8882543 8
8413567 8
8294880 7
8359092 7
8730558 8
8739534 8
8269131 7
8353443 7
10103020 9
8481279 8
8573635 8
8917777 8
8863483 8
8307061 7
8344484 7
8753475 8
8649377 8
8358573 7
8303765 7
9355658 8
8518332 8
8306667 7
8270908 7
8807406 8
8553801 8
8301653 7
9119287 8
8932040 8
8716673 8
8575566 8
8890873 8
8597275 8
8312522 7
8346739 7
8830731 8
8732746 8
8338204 7
8313642 7
8846781 8
8789149 8
8333333 7
9016590 8
8489822 8
8481551 8
8342494 7
8983569 8
8679004 8
8787819 8
8717626 8
8847315 8
8300539 7
8517735 8
9313082 8
8820512 8
8315569 7
8530116 8
8967138 8
8980224 8
8569170 8
8339062 7
8834373 8
8793587 8
8299285 7
8311435 7
8815153 8
8794397 8
8508909 8
8292349 7
8814095 8
8347875 7
8512820 8
8241273 7
9010686 8
8804075 8
8376399 7
8724081 8
8836722 8
8380239 7
8320970 7
8407527 8
8814458 8
8286710 7
8313684 7
9067822 8
8907932 8
8339153 7
8778064 8
8948847 8
8754889 8
8438279 8
8260085 7
8750084 8
8814085 8
8513259 8
8261139 7
8771710 8
8842012 8
8743332 8
8344960 7
8736908 8
8341409 7
8461727 8
8443366 8
8892452 8
8802681 8
8355894 7
8485127 8
8918479 8
8468658 8
8321211 7
8270158 7
8866846 8
8280055 7
8429247 8
8621886 8
8847741 8
8481112 8
8479191 8
8941623 8
8746607 8
8362790 7
8335861 7
8816224 8
8903830 8
8814653 8
8740739 8
8840549 8
8322716 7
8427770 8
8338382 7
8793880 8
8563096 8
8550896 8
8640107 8
8523538 8
8430892 8
8302783 7
8516174 8
9164661 8
8573510 8
8371455 7
8398803 8
9066058 8
8353094 7
8568249 8
8308970 7
8856201 8
8418934 8
8530664 8
9017445 8
8885734 8
8887926 8
8808823 8
8846436 8
8662938 8
8704173 8
8832955 8
8784254 8
8951734 8
8751848 8
8666641 8
8951438 8
8569198 8
8867146 8
8766620 8
8982133 8
8797414 8
8735662 8
8853544 8
8743283 8
8743161 8
8747630 8
8969865 8
8773787 8
8628174 8
8483824 8
8249705 7
8227347 7
8287743 7
8447943 8
8350965 7
8476185 8
8338860 7
8386556 7
8367210 7
8432865 8
8289786 7
8457377 8
8826433 8
8719682 8
8767559 8
8816424 8
8309281 7
8612051 8
8360224 7
8717248 8
8606280 8
8268810 7
8806459 8
8308806 7
8556402 8
8401142 8
8833406 8
