5341 10
5328 10
5272 10
5677 11
5701 11
5433 10
5356 10
5261 10
5656 11
5328 10
5331 10
5369 10
5331 10
5450 10
5377 10
5324 10
5321 10
5292 10
5499 10
5296 10
5355 10
5328 10
5740 11
5363 10
5541 10
5349 10
5289 10
5297 10
5346 10
5240 10
5481 10
5443 10
5338 10
5430 10
5369 10
5286 10
5397 10
5436 10
5328 10
5530 10
5297 10
5384 10
5408 10
5290 10
5453 10
5496 10
5398 10
5482 10
5380 10
5348 10
5352 10
5370 10
5327 10
5356 10
5286 10
5356 10
5429 10
5362 10
5317 10
5436 10
5349 10
5356 10
5328 10
5300 10
5415 10
5415 10
5436 10
5719 11
5876 11
6581 12
5841 11
5816 11
5757 11
5677 11
5282 10
5523 10
5608 10
5398 10
5649 11
5381 10
5408 10
5674 11
5601 10
5684 11
5429 10
5457 10
5387 10
5384 10
5262 10
5363 10
5422 10
5464 10
5415 10
5360 10
5667 11
5722 11
5629 10
5711 11
5694 11
5561 10
5268 10
5677 11
5311 10
5293 10
5268 10
5394 10
5704 11
5383 10
5341 10
5649 11
5537 10
5715 11
5747 11
5820 11
5680 11
5761 11
5282 10
5373 10
5342 10
5394 10
5415 10
5495 10
5608 10
5646 11
5645 11
5461 10
5740 11
5813 11
5660 11
5604 10
5635 11
5617 10
5561 10
5628 10
5663 11
5544 10
5593 10
5576 10
5289 10
5596 10
5830 11
5702 11
5370 10
5604 10
5286 10
5468 10
5418 10
5362 10
5380 10
5300 10
5447 10
5320 10
5611 10
5716 11
6085 11
5653 11
5733 11
5216 10
5426 10
5307 10
5213 10
5391 10
5408 10
5467 10
5436 10
5321 10
5338 10
5757 11
5638 11
5422 10
5555 10
5690 11
5684 11
5844 11
5608 10
5618 10
5558 10
5516 10
5390 10
5352 10
5384 10
5360 10
5659 11
5687 11
5827 11
5579 10
5845 11
6100 11
5705 11
5398 10
5377 10
5401 10
5747 11
5335 10
5342 10
5495 10
5317 10
5582 10
5660 11
5670 11
5366 10
5652 11
5331 10
5289 10
5649 11
5610 10
5409 10
5373 10
5880 11
5279 10
5736 11
5624 10
5799 11
5551 10
5645 11
5747 11
5317 10
5373 10
5279 10
5292 10
5352 10
5339 10
5370 10
5366 10
5660 11
5460 10
5607 10
5681 11
5681 11
5635 11
5569 10
5352 10
5356 10
5390 10
5575 10
5335 10
5335 10
5391 10
5352 10
5360 10
5796 11
5600 10
5297 10
5631 10
5677 11
5405 10
5737 11
5328 10
5429 10
5314 10
5241 10
5586 10
5464 10
5404 10
5132 10
5667 11
5670 11
5785 11
5604 10
5698 11
5384 10
5401 10
5237 10
5363 10
5335 10
5363 10
5321 10
5383 10
5708 11
5827 11
5744 11
5436 10
5681 11
5614 10
5670 11
5552 10
5621 10
5397 10
5349 10
5275 10
5663 11
5362 10
5321 10
5394 10
5636 11
5715 11
5293 10
5691 11
5785 11
5377 10
5617 10
5366 10
5349 10
5419 10
5349 10
5666 11
5216 10
5573 10
5405 10
5660 11
5611 10
5674 11
5516 10
5600 10
5705 11
5635 11
5321 10
5377 10
5335 10
5411 10
5292 10
5314 10
5376 10
5342 10
5603 10
5642 11
5733 11
5698 11
5649 11
5670 11
5848 11
5394 10
5349 10
5328 10
5342 10
5374 10
5338 10
5642 11
5638 11
5701 11
5649 11
5321 10
5311 10
5478 10
5415 10
5307 10
5366 10
5681 11
5328 10
5324 10
5383 10
5321 10
5684 11
5544 10
5796 11
5677 11
5401 10
5303 10
5272 10
5374 10
5397 10
5304 10
5432 10
5729 11
5401 10
5873 11
5562 10
5262 10
5628 10
5670 11
5559 10
5460 10
5300 10
5362 10
5352 10
5677 11
5157 10
5684 11
5299 10
5384 10
5702 11
5729 11
5730 11
5583 10
5628 10
5345 10
5331 10
5310 10
5387 10
5339 10
5366 10
5349 10
5663 11
5304 10
5642 11
5572 10
5837 11
5716 11
5740 11
5677 11
5464 10
5244 10
5251 10
5537 10
5457 10
5334 10
5405 10
5177 10
5460 10
5649 11
5691 11
5384 10
5757 11
5282 10
5384 10
5412 10
5387 10
5681 11
5443 10
5485 10
5345 10
5342 10
5688 11
5366 10
5617 10
5646 11
5712 11
5702 11
5597 10
5223 10
5387 10
5290 10
5506 10
5603 10
5318 10
5276 10
5440 10
5300 10
5457 10
5712 11
5698 11
5645 11
5618 10
5716 11
5492 10
5363 10
5328 10
5415 10
5345 10
5317 10
5367 10
5475 10
5443 10
5733 11
5631 10
5415 10
5722 11
5730 11
5625 10
5387 10
5656 11
5492 10
5355 10
5391 10
5380 10
5370 10
5366 10
5300 10
5649 11
5607 10
5935 11
5653 11
5632 11
5624 10
5681 11
5447 10
5363 10
5317 10
5412 10
5310 10
5352 10
5303 10
5625 10
5554 10
5300 10
5866 11
5712 11
5635 11
5429 10
5614 10
5558 10
5303 10
5374 10
5324 10
5516 10
5328 10
5132 10
5663 11
5590 10
5387 10
5712 11
5722 11
5754 11
5698 11
5611 10
5321 10
5676 11
5311 10
5328 10
5010 9
5307 10
5408 10
5642 11
5597 10
5900 11
5520 10
5621 10
5363 10
5317 10
5432 10
5282 10
5292 10
5433 10
5653 11
5355 10
5660 11
5632 11
5719 11
5624 10
5701 11
5548 10
5694 11
5562 10
5398 10
5412 10
5489 10
5318 10
5307 10
5408 10
5224 10
5356 10
5659 11
5687 11
5541 10
5631 10
5809 11
5370 10
5415 10
5369 10
5659 11
5324 10
5289 10
5715 11
5635 11
5366 10
5338 10
5733 11
5722 11
5810 11
5593 10
5607 10
5432 10
5408 10
5419 10
5265 10
5422 10
5279 10
5391 10
5443 10
5310 10
5628 10
5667 11
5370 10
5872 11
5597 10
5611 10
5279 10
5453 10
5390 10
5276 10
5265 10
5303 10
5359 10
5367 10
5492 10
5697 11
5597 10
5310 10
5656 11
5712 11
5370 10
5764 11
5411 10
5618 10
5603 10
5743 11
5454 10
5401 10
5384 10
5397 10
5820 11
6033 11
5638 11
5646 11
5538 10
5394 10
5314 10
5181 10
5348 10
5254 10
5614 10
5408 10
5391 10
5310 10
5576 10
5635 11
5426 10
5670 11
5695 11
5321 10
5391 10
5164 10
5513 10
5405 10
5384 10
5205 10
5311 10
5642 11
5415 10
5548 10
5482 10
5530 10
5625 10
5813 11
5492 10
5332 10
5429 10
5234 10
5345 10
5366 10
5321 10
5573 10
5471 10
5380 10
5653 11
5649 11
5663 11
5673 11
5384 10
5331 10
5321 10
5272 10
5363 10
5461 10
5642 11
5265 10
5394 10
5342 10
5855 11
5530 10
5359 10
5621 10
5628 10
5868 11
5318 10
5331 10
5373 10
5339 10
5307 10
5352 10
5349 10
5300 10
5415 10
5642 11
5607 10
5356 10
5541 10
17537 34
5460 10
5345 10
5370 10
5304 10
5461 10
5307 10
5338 10
5373 10
5359 10
5457 10
6221 12
5611 10
5733 11
5691 11
5153 10
5377 10
5432 10
5335 10
5349 10
5436 10
5285 10
5656 11
5422 10
5603 10
5667 11
5272 10
5628 10
5342 10
5530 10
5436 10
5582 10
5331 10
5262 10
5447 10
5478 10
5415 10
5391 10
5289 10
5649 11
5667 11
5635 11
5687 11
5663 11
5370 10
5415 10
5478 10
5412 10
5387 10
5663 11
5342 10
5387 10
5332 10
5320 10
5643 11
5590 10
7108 13
16741 32
5324 10
5335 10
5492 10
5328 10
5366 10
5391 10
5265 10
5447 10
5335 10
5362 10
5688 11
5670 11
5792 11
5617 10
5356 10
5471 10
5324 10
5349 10
5366 10
5401 10
5374 10
5355 10
5534 10
5726 11
5628 10
5764 11
5852 11
5737 11
5716 11
5269 10
5705 11
5383 10
5383 10
5265 10
5297 10
5377 10
5342 10
5443 10
5726 11
5575 10
5830 11
5694 11
5684 11
5558 10
5579 10
5450 10
5443 10
5708 11
5314 10
5489 10
5370 10
5338 10
5653 11
5701 11
5352 10
6072 11
5851 11
5768 11
5376 10
5241 10
5258 10
5415 10
5286 10
5582 10
46068 89
5349 10
5349 10
5698 11
5649 11
5778 11
5628 10
5597 10
5834 11
5715 11
5380 10
5314 10
5349 10
5314 10
5404 10
5275 10
5402 10
5310 10
5711 11
5666 11
5596 10
5617 10
5575 10
5426 10
5300 10
5328 10
5324 10
5335 10
5394 10
5318 10
5339 10
5296 10
5712 11
5771 11
5303 10
5520 10
5632 11
5656 11
5680 11
5387 10
5303 10
5293 10
5433 10
5314 10
5387 10
5397 10
5314 10
5670 11
5652 11
5775 11
5764 11
5663 11
5384 10
5328 10
5342 10
5332 10
5447 10
5366 10
5383 10
5401 10
5356 10
5924 11
5624 10
5272 10
5681 11
5538 10
5635 11
5394 10
5334 10
5359 10
5349 10
5286 10
5701 11
5785 11
5408 10
5387 10
5814 11
5593 10
5429 10
5555 10
5715 11
5384 10
5443 10
5411 10
5359 10
5380 10
5293 10
5310 10
5391 10
5293 10
5408 10
5621 10
5531 10
5806 11
5694 11
5642 11
5516 10
5310 10
5279 10
5356 10
5335 10
5345 10
5785 11
5317 10
5471 10
5925 11
5492 10
5324 10
5737 11
5530 10
5313 10
5425 10
5377 10
5360 10
5454 10
5314 10
5317 10
5335 10
5646 11
5436 10
5227 10
5653 11
5596 10
5607 10
5391 10
5841 11
5366 10
5272 10
5398 10
5625 10
5349 10
5380 10
5391 10
5317 10
5743 11
5719 11
5558 10
5621 10
5751 11
5314 10
5447 10
5397 10
47472 92
5289 10
5307 10
5552 10
5688 11
5426 10
5712 11
5642 11
5422 10
5737 11
5639 11
5384 10
5419 10
5334 10
5362 10
5398 10
5307 10
5488 10
5432 10
5387 10
5296 10
5625 10
5663 11
5757 11
5642 11
5345 10
5311 10
5426 10
5377 10
5335 10
5387 10
5272 10
5484 10
5345 10
5575 10
5754 11
5743 11
5662 11
5859 11
5625 10
5380 10
5380 10
5625 10
5171 10
5346 10
5387 10
5279 10
5321 10
5478 10
5307 10
5862 11
5684 11
5352 10
5538 10
17150 33
5327 10
5296 10
5262 10
5269 10
5269 10
5332 10
5380 10
5380 10
5601 10
5673 11
5478 10
5625 10
5625 10
5352 10
