137936 8
138012 8
137897 8
138016 8
130639 7
172944 10
130849 7
131201 8
131012 7
131145 8
130939 7
130730 7
141435 8
137957 8
138135 8
138016 8
138240 8
130981 7
131145 8
130761 7
130866 7
131201 8
131389 8
138128 8
130783 7
130943 7
128886 7
137730 8
130964 7
138013 8
138802 8
131075 8
174721 10
130950 7
130842 7
174610 10
131114 8
131041 7
131145 8
131002 7
138254 8
138317 8
138257 8
142115 8
138240 8
131017 7
130849 7
130772 7
131383 8
130908 7
131146 8
131152 8
131096 8
131027 7
138191 8
138216 8
130678 7
138226 8
171763 10
130803 7
138614 8
131149 8
130905 7
138152 8
131040 7
131746 8
130513 7
138034 8
138684 8
137943 8
178750 10
137999 8
138320 8
138012 8
131226 8
131211 8
131166 8
130782 7
136226 8
131072 8
131083 8
130863 7
137992 8
138160 8
138016 8
138107 8
121726 7
131156 8
130719 7
131094 8
130988 7
131089 8
130915 7
131107 8
131048 7
130897 7
180475 11
137789 8
130726 7
145756 8
137922 8
138470 8
138124 8
137716 8
138215 8
138076 8
138547 8
138002 8
138239 8
267113 16
138328 8
137911 8
137838 8
137642 8
138142 8
138216 8
130730 7
130765 7
131167 8
131138 8
131006 7
131051 7
131020 7
131038 7
138142 8
138229 8
131048 7
138397 8
138593 8
138432 8
138045 8
138006 8
138205 8
138080 8
138048 8
138041 8
138010 8
138093 8
138152 8
138083 8
138463 8
138187 8
137626 8
130901 7
131289 8
131596 8
137915 8
130733 7
130953 7
130982 7
131170 8
122075 7
138020 8
137744 8
131065 7
137957 8
138205 8
130884 7
131093 8
131184 8
131068 7
131110 8
131086 8
130918 7
131229 8
131149 8
182458 11
138118 8
138115 8
138359 8
137926 8
131072 8
131226 8
130939 7
130992 7
130873 7
131065 7
130622 7
138170 8
131006 7
137842 8
244067 14
136417 8
138394 8
138188 8
131163 8
131170 8
131205 8
130936 7
131041 7
137957 8
130869 7
131184 8
131285 8
138041 8
138135 8
141910 8
145673 8
138188 8
142108 8
138048 8
138456 8
138111 8
138128 8
137740 8
138547 8
138013 8
138275 8
138383 8
137894 8
138240 8
138355 8
131173 8
131184 8
131069 7
131285 8
130905 7
138362 8
131114 8
130949 7
131257 8
130786 7
141895 8
137657 8
128377 7
138292 8
137895 8
130754 7
130863 7
137824 8
130922 7
131139 8
130953 7
131013 7
131051 7
131114 8
138184 8
138118 8
138159 8
138163 8
138002 8
138114 8
138030 8
138351 8
138152 8
138855 8
138152 8
138020 8
138229 8
137957 8
138055 8
131089 8
137706 8
138320 8
137803 8
130915 7
131117 8
131086 8
131208 8
130642 7
131125 8
130967 7
131261 8
137946 8
137803 8
131239 8
138156 8
138226 8
131128 8
131145 8
130929 7
130887 7
131055 7
130783 7
131027 7
249862 15
131226 8
183571 11
137992 8
173670 10
138093 8
137859 8
138125 8
173823 10
131173 8
130947 7
131110 8
130919 7
130929 7
131247 8
250204 15
142367 8
138317 8
130758 7
138019 8
137884 8
138198 8
137719 8
137887 8
138117 8
137964 8
138296 8
138254 8
137734 8
138272 8
138107 8
138421 8
138124 8
137915 8
138135 8
131327 8
138090 8
130747 7
131062 7
131118 8
131149 8
130779 7
131034 7
131243 8
138236 8
138030 8
141982 8
137880 8
137957 8
131104 8
131260 8
130845 7
130887 7
130943 7
131139 8
171352 10
131145 8
130904 7
138208 8
138299 8
141023 8
427442 26
131124 8
130782 7
130960 7
130929 7
130776 7
130929 7
130995 7
130682 7
131027 7
122540 7
426216 26
137904 8
130772 7
131107 8
137891 8
130209 7
131058 7
130943 7
130922 7
138156 8
131072 8
130954 7
138610 8
137936 8
156817 9
138564 8
138502 8
138072 8
138177 8
131055 7
131247 8
130981 7
136096 8
131219 8
130831 7
130925 7
141417 8
137957 8
138285 8
138250 8
138198 8
131163 8
131040 7
131184 8
131044 7
130744 7
130754 7
131082 8
131083 8
131062 7
137985 8
138093 8
138198 8
138306 8
138439 8
131037 7
131135 8
130897 7
130925 7
130838 7
131478 8
131020 7
131103 8
131104 8
138079 8
138030 8
138170 8
425522 25
138096 8
138205 8
131034 7
130936 7
131512 8
131073 8
130950 7
130880 7
131655 8
137768 8
138052 8
131142 8
138093 8
138146 8
138082 8
138121 8
138177 8
137842 8
138034 8
138069 8
138288 8
137853 8
138278 8
138142 8
137887 8
138446 8
137814 8
138237 8
138331 8
131316 8
131138 8
130709 7
131118 8
130841 7
177364 10
131679 8
131047 7
142097 8
137856 8
130974 7
138086 8
138258 8
131505 8
131114 8
130940 7
138337 8
131125 8
131051 7
130671 7
130982 7
130936 7
138177 8
138061 8
130730 7
137957 8
138054 8
130908 7
130810 7
130974 7
130859 7
130961 7
131145 8
130750 7
131058 7
131181 8
137831 8
137761 8
131243 8
138072 8
137926 8
130940 7
130716 7
130936 7
131222 8
130985 7
130964 7
130803 7
130939 7
130569 7
138156 8
137852 8
131257 8
138128 8
138170 8
130834 7
131191 8
142104 8
141780 8
141973 8
142280 8
141871 8
137953 8
138065 8
138101 8
137912 8
138009 8
138194 8
137950 8
263017 16
138313 8
138152 8
138463 8
137863 8
138411 8
137834 8
138101 8
138073 8
138246 8
138188 8
148676 9
142119 8
138093 8
137818 8
130991 7
130897 7
131058 7
138163 8
131219 8
131211 8
130912 7
131219 8
131002 7
130866 7
131006 7
138145 8
131100 8
131138 8
131135 8
131173 8
130887 7
173862 10
130901 7
131054 7
130989 7
175245 10
138341 8
130772 7
130957 7
130713 7
131062 7
130887 7
131337 8
138202 8
130943 7
131086 8
130688 7
131052 7
131194 8
130884 7
131045 7
131359 8
131323 8
130832 7
130723 7
130852 7
131089 8
131037 7
130811 7
130905 7
131097 8
131177 8
138139 8
130992 7
131215 8
130912 7
171771 10
131082 8
130866 7
130793 7
130758 7
131211 8
130824 7
131037 7
131110 8
131030 7
131131 8
130908 7
130905 7
130957 7
130831 7
130887 7
131194 8
131041 7
131401 8
130929 7
130779 7
131174 8
131170 8
131080 8
130748 7
131017 7
131002 7
130957 7
131310 8
130839 7
130709 7
130978 7
131310 8
131197 8
131068 7
137716 8
130964 7
130978 7
130866 7
131006 7
131107 8
131017 7
131216 8
121775 7
130935 7
130968 7
130867 7
130915 7
130873 7
131027 7
130992 7
138254 8
130751 7
131260 8
131041 7
130748 7
130974 7
130981 7
138471 8
130852 7
131100 8
130758 7
138069 8
138425 8
137779 8
137909 8
137678 8
137758 8
141955 8
141651 8
138118 8
138362 8
130649 7
131208 8
137873 8
130699 7
130849 7
131307 8
130870 7
174483 10
138097 8
130758 7
131002 7
131226 8
138100 8
138445 8
131233 8
131030 7
130967 7
131348 8
130755 7
130943 7
138215 8
138327 8
131212 8
131153 8
131644 8
131383 8
138131 8
137891 8
131055 7
138051 8
131246 8
130891 7
131278 8
131153 8
131005 7
131124 8
130960 7
131023 7
130905 7
131177 8
130967 7
130639 7
130908 7
131271 8
130862 7
131261 8
130884 7
130975 7
131020 7
138233 8
131386 8
131156 8
131044 7
130950 7
137853 8
130915 7
130807 7
130975 7
180482 11
131177 8
131118 8
130935 7
130622 7
131017 7
130912 7
292714 17
131219 8
130978 7
130859 7
131275 8
130880 7
131093 8
131177 8
130901 7
131153 8
131020 7
138204 8
131003 7
131173 8
130832 7
130995 7
131250 8
130866 7
131232 8
130992 7
131624 8
130684 7
138170 8
130992 7
131041 7
130608 7
130999 7
130901 7
131142 8
130668 7
130904 7
130873 7
130898 7
130576 7
131205 8
131027 7
131174 8
131274 8
131303 8
131362 8
131044 7
131135 8
131016 7
131439 8
131131 8
130964 7
130524 7
130845 7
131034 7
131173 8
130820 7
183512 11
131167 8
130901 7
131177 8
179612 10
131118 8
131058 7
131111 8
130936 7
130880 7
131097 8
130960 7
131061 7
130999 7
138362 8
138020 8
131075 8
130950 7
130911 7
131173 8
130995 7
130838 7
130943 7
138348 8
131083 8
130779 7
131149 8
130954 7
131006 7
130862 7
130862 7
131083 8
131243 8
131131 8
130960 7
131208 8
131083 8
138282 8
131076 8
130792 7
130961 7
131163 8
122222 7
130859 7
130845 7
131244 8
131058 7
131218 8
130964 7
138282 8
130730 7
131163 8
131334 8
131160 8
130863 7
131019 7
130789 7
130883 7
130838 7
131306 8
138188 8
131369 8
130838 7
131222 8
138173 8
131292 8
130995 7
131051 7
131181 8
130877 7
131295 8
130932 7
131037 7
131303 8
131006 7
130996 7
130681 7
131030 7
131120 8
131002 7
131174 8
138125 8
138156 8
137943 8
130862 7
131121 8
131058 7
130946 7
130765 7
121921 7
131124 8
131194 8
130978 7
130939 7
131041 7
131069 7
130835 7
131285 8
130622 7
130943 7
131034 7
138369 8
130839 7
137908 8
131247 8
131075 8
137548 8
131156 8
171446 10
252427 15
130915 7
130862 7
131055 7
130785 7
130852 7
138086 8
130852 7
131701 8
130817 7
130845 7
131267 8
131141 8
138038 8
138439 8
130890 7
131061 7
130978 7
141826 8
142185 8
141742 8
141902 8
138086 8
138139 8
130860 7
130856 7
121939 7
131149 8
175108 10
131379 8
131096 8
182740 11
138107 8
136446 8
130995 7
138303 8
138397 8
131194 8
130891 7
130891 7
130946 7
131167 8
131324 8
138152 8
137852 8
137888 8
137891 8
137835 8
130772 7
180842 11
130563 7
136372 8
131167 8
131135 8
137255 8
250246 15
131097 8
138058 8
138501 8
138065 8
191193 11
131090 8
130646 7
172102 10
130988 7
131146 8
137751 8
131320 8
121795 7
130660 7
138212 8
138254 8
138051 8
138313 8
138079 8
138170 8
130996 7
131355 8
131047 7
131089 8
130866 7
130964 7
142007 8
131026 7
137967 8
138044 8
131131 8
137936 8
141933 8
138369 8
138187 8
131069 7
131005 7
174483 10
131027 7
138166 8
130758 7
131033 7
138114 8
138247 8
130982 7
137992 8
138233 8
138320 8
131097 8
130996 7
130859 7
121974 7
131051 7
137632 8
131075 8
131104 8
131132 8
138114 8
138156 8
138090 8
138795 8
138114 8
137933 8
131313 8
137981 8
138272 8
138163 8
131090 8
131041 7
181686 11
138156 8
138017 8
130905 7
137971 8
138180 8
141989 8
137988 8
