11060657 8
10485340 7
10459301 7
10570567 8
10467160 7
10726127 8
10626302 8
10388479 7
10563388 8
10547321 8
10685994 8
10689063 8
10651765 8
10530486 8
10559296 8
10814709 8
10439320 7
10407706 7
10763167 8
10514203 8
10794935 8
10392316 7
10447082 7
10637876 8
10656597 8
10733721 8
10400224 7
10378036 7
10581977 8
10657218 8
10760705 8
10464346 7
10412032 7
10730093 8
10473793 7
10632178 8
10623150 8
10449710 7
10562869 8
10295791 7
10791768 8
10619736 8
10801470 8
10618524 8
10365566 7
10629124 8
11450868 8
11021879 8
11124528 8
10998445 8
10956521 8
11047669 8
10595704 8
10419315 7
10674637 8
11198656 8
10691950 8
10924830 8
11028349 8
10541278 8
10441108 7
11034392 8
10767695 8
10522665 8
11309779 8
10916640 8
10738190 8
10403900 7
11178173 8
10636295 8
10347065 7
11894409 9
10666289 8
10402570 7
11432342 8
11026205 8
10628754 8
11337399 8
10798628 8
10649946 8
10305308 7
10943222 8
10666726 8
10538855 8
11529521 8
19817484 15
10596239 8
11037565 8
10456679 7
10752124 8
10935950 8
10545586 8
10321774 7
11087834 8
10951905 8
10403611 7
10608881 8
11221532 8
10643760 8
10464482 7
11025147 8
10354644 7
10571960 8
11077727 8
11048906 8
10443062 7
11474116 8
11092956 8
10375732 7
10390068 7
11136465 8
10616188 8
10443660 7
11069156 8
10727381 8
10860435 8
11143542 8
11056262 8
10567484 8
11015140 8
10920099 8
10744268 8
10496072 8
10934952 8
10911252 8
10374346 7
11219078 8
10687673 8
10679906 8
11002352 8
10625636 8
10545768 8
11225100 8
11141349 8
10527047 8
10352451 7
10945234 8
10926087 8
10410971 7
10988886 8
10990355 8
10374506 7
10972131 8
10534344 8
10710182 8
10979093 8
10802211 8
10562862 8
11085617 8
11104684 8
10710730 8
10569956 8
11353257 8
10411665 7
10698744 8
10827544 8
10475948 7
10691769 8
11072025 8
10905314 8
10509761 8
11018045 8
11039811 8
10409378 7
10627566 8
11174608 8
10471423 7
10986916 8
10826891 8
10352643 7
10485339 7
11032182 8
10998267 8
10428671 7
11111265 8
11001699 8
10510791 8
10455170 7
11359038 8
10677918 8
10671572 8
10980133 8
10394959 7
10686033 8
11064083 8
11005229 8
10538251 8
10775802 8
11043344 8
10329782 7
10468927 7
11430548 8
10758335 8
10688529 8
11029651 8
10797504 8
10554538 8
11046539 8
10360629 7
10390382 7
11232673 8
10736297 8
11008161 8
10451840 7
11066296 8
10431304 7
10680101 8
10952157 8
10721725 8
10498812 8
10984519 8
10403255 7
10539997 8
10657411 8
11045435 8
10418166 7
11005407 8
11145096 8
10601445 8
10655983 8
10897751 8
10493059 8
10416127 7
11066628 8
10328871 7
10672420 8
10894567 8
10971254 8
10359009 7
10305081 7
11778702 8
10553187 8
10675792 8
11020940 8
10519209 8
10645850 8
11021436 8
11008797 8
10476056 7
10761090 8
10965480 8
10358307 7
10390096 7
12471668 9
10610323 8
10398856 7
11035757 8
10637691 8
10294317 7
11086385 8
11005536 8
10388587 7
10516007 8
10990394 8
10358321 7
10482487 7
11296432 8
10439557 7
10559936 8
10940908 8
10798674 8
10670772 8
11315522 8
11009859 8
10408990 7
10847459 8
10825836 8
10476224 7
10629706 8
11446371 8
10449236 7
10751869 8
10993609 8
10754247 8
10557519 8
11430011 8
11012787 8
10666537 8
10910767 8
11159330 8
10343630 7
10395014 7
10745327 8
10353196 7
10874286 8
10956829 8
10761767 8
10432452 7
10642034 8
10980130 8
10705832 8
10633833 8
11084939 8
10621456 8
10894323 8
10916364 8
10589218 8
10832418 8
11094946 8
10964852 8
10634992 8
10446027 7
11011942 8
10774570 8
10425997 7
11376911 8
10434477 7
10644088 8
11111167 8
10917656 8
10848586 8
11117008 8
10803223 8
10418665 7
10467010 7
11045829 8
10714902 8
10976149 8
11408326 8
10542430 8
10468738 7
10973748 8
10446949 7
10368181 7
10981124 8
10872083 8
10452151 7
11232125 8
11041018 8
10410520 7
10410495 7
11066956 8
10739691 8
10440175 7
11385087 8
10746664 8
10444456 7
11182743 8
11069204 8
10907136 8
11250255 8
11100850 8
10445678 7
10350001 7
11301424 8
10553546 8
10559719 8
11152270 8
11257674 8
10873260 8
11427270 8
10403789 7
10487497 8
10966618 8
10401659 7
10649352 8
11057760 8
11014408 8
10889442 8
11013235 8
11170942 8
10441391 7
10888809 8
11181646 8
10402053 7
10446083 7
10962299 8
10802053 8
10754767 8
10596971 8
11005721 8
10449166 7
10388398 7
11058758 8
10882606 8
10502384 8
11064211 8
10434080 7
10400004 7
11052718 8
10985593 8
10546050 8
10565040 8
14535664 11
10421246 7
10467121 7
11041095 8
10804494 8
10459430 7
11230522 8
10421622 7
10854151 8
10962474 8
10554213 8
10429628 7
11145958 8
10800853 8
10745699 8
10476049 7
10941222 8
10422858 7
10405126 7
11561575 8
10987088 8
10826134 8
10984497 8
10919489 8
10967896 8
11023133 8
10992017 8
10495353 8
10792256 8
11004569 8
10457182 7
10383818 7
11265732 8
10576719 8
10700895 8
11033938 8
10466870 7
10438664 7
11081570 8
10990726 8
10732960 8
10598413 8
10958085 8
10445657 7
10748698 8
10813820 8
10799589 8
11083771 8
11083191 8
10824936 8
10414541 7
10473968 7
11012205 8
10647509 8
10440667 7
11040799 8
10259135 7
10478448 7
10989636 8
10793018 8
10452524 7
11064732 8
11042272 8
10567062 8
10286239 7
11015033 8
10400171 7
10234374 7
10853963 8
10456878 7
10562795 8
11034102 8
10954615 8
10438294 7
10461274 7
10944200 8
10564936 8
10575413 8
11153098 8
10586840 8
10667996 8
11071557 8
10728602 8
10893893 8
11062113 8
11030150 8
11004601 8
10955707 8
11050361 8
10558260 8
10875033 8
11286153 8
10434264 7
10404163 7
11011158 8
10478832 7
10559395 8
11015161 8
11014401 8
10437662 7
10481559 7
10925008 8
10577455 8
10394815 7
11007135 8
10580520 8
10452105 7
11102599 8
10569143 8
10424555 7
10449546 7
11125565 8
10541519 8
10587957 8
11581713 8
10401226 7
10582029 8
10990680 8
10577113 8
10579687 8
10883045 8
10841957 8
10440751 7
10629484 8
10971880 8
10674166 8
10444816 7
10932333 8
10410541 7
10739121 8
11044517 8
10621816 8
10601423 8
10424210 7
10906259 8
10670286 8
10715391 8
11113038 8
10404044 7
10704184 8
10941858 8
10530465 8
10471266 7
11086539 8
10655700 8
11118775 8
10500108 8
10734824 8
10425071 7
10866301 8
11695304 8
10675768 8
10595607 8
10998497 8
10876217 8
10510484 8
11091825 8
10978258 8
10659931 8
10279783 7
16905883 12
10582427 8
11592738 8
10941128 8
10647191 8
10404201 7
10899340 8
10680830 8
10487260 8
10985932 8
10922131 8
10663178 8
11760515 8
10412388 7
10729716 8
11043176 8
10772744 8
10509597 8
11627530 8
11101464 8
10593808 8
10596256 8
11178148 8
10539291 8
10586658 8
12195569 9
10462799 7
10435120 7
10986756 8
10550561 8
10457147 7
11352974 8
11042066 8
10429042 7
10555614 8
11110482 8
10510431 8
10393706 7
12469978 9
10466895 7
10447724 7
11035324 8
11077353 8
10415855 7
11174259 8
10892759 8
10518409 8
10416863 7
11035367 8
11122447 8
10446344 7
12031200 9
10624965 8
10421472 7
11029906 8
10522683 8
10736664 8
11068632 8
10407521 7
10716432 8
10260556 7
10976715 8
10403593 7
10611949 8
12172941 9
10440881 7
10541909 8
11070775 8
10441736 7
10617008 8
11192170 8
10926191 8
10522005 8
10386273 7
10949165 8
10383933 7
10624009 8
11815085 9
10395887 7
10765286 8
10985838 8
10424314 7
10432683 7
11090281 8
10888217 8
10406208 7
10705253 8
11050009 8
10346108 7
10432655 7
11199826 8
10778804 8
10571939 8
10889026 8
10747012 8
10415569 7
10925765 8
10590873 8
10617746 8
10738937 8
10945726 8
10539801 8
10438681 7
11146461 8
10549263 8
10584675 8
10842923 8
10750179 8
10347896 7
11071498 8
10521189 8
10635876 8
10781115 8
10604813 8
10674312 8
10342058 7
10974927 8
10744216 8
10552894 8
10978240 8
10476852 7
10560707 8
11052362 8
10327817 7
10538122 8
10582081 8
11002227 8
10874160 8
10569529 8
11044988 8
10414517 7
10519269 8
11226266 8
10419674 7
10698137 8
11019449 8
10535591 8
10513770 8
11144642 8
11045872 8
10414699 7
10663573 8
11064009 8
10401614 7
10418434 7
11424288 8
11372825 8
10537259 8
10985342 8
10988991 8
10888684 8
11039088 8
10783284 8
10456966 7
10770174 8
11183668 8
10929337 8
10552402 8
12079153 9
10329919 7
10651587 8
10918852 8
10695054 8
10686507 8
11051853 8
11033286 8
10555394 8
10551423 8
11017274 8
10331221 7
10307878 7
11629048 8
10437295 7
10377736 7
11014415 8
10853620 8
10470198 7
11212814 8
11062899 8
10570019 8
10472310 7
11216591 8
11018901 8
11012131 8
11029500 8
10341842 7
10454591 7
10927274 8
10575483 8
10689273 8
11113880 8
10929823 8
10606535 8
10411623 7
11031145 8
10742211 8
10688243 8
11478477 8
10392808 7
10384775 7
10952757 8
11015616 8
10638575 8
11303344 8
11022004 8
10363331 7
10539759 8
11066136 8
10954667 8
10858065 8
11425367 8
10313998 7
10380572 7
10981743 8
10980790 8
10941907 8
11688828 8
10766295 8
10594748 8
10385951 7
11042234 8
10691336 8
10670608 8
11224108 8
10930242 8
10964398 8
11029484 8
10321519 7
10674721 8
11490457 8
10708359 8
10410293 7
10433950 7
11043818 8
10791932 8
10742816 8
10778347 8
10531865 8
10518221 8
11160300 8
10351121 7
10622483 8
11409090 8
10992643 8
10414004 7
10424621 7
11060458 8
10449092 7
10371291 7
11858943 9
10720646 8
10357693 7
10996381 8
10445587 7
10752829 8
11070322 8
10513291 8
10456016 7
11083435 8
10487777 8
10863239 8
10473982 7
10965149 8
10413453 7
10443796 7
11352234 8
10900363 8
10380529 7
11029983 8
10950711 8
10469650 7
11195008 8
11059016 8
10373711 7
10452105 7
11088176 8
10326888 7
10434761 7
10839344 8
10956053 8
10576153 8
11149104 8
10879662 8
10415883 7
10802110 8
10964084 8
10589361 8
10383846 7
11438508 8
10511060 8
10582308 8
11006622 8
10561887 8
10369545 7
11363825 8
11003309 8
10866637 8
10395144 7
10951193 8
10577389 8
10451128 7
10908871 8
11058018 8
11004315 8
11000282 8
10982706 8
10387973 7
11194404 8
11286178 8
10659355 8
10493314 8
10464182 7
10362375 7
10464887 7
10827592 8
10773438 8
10569865 8
11116969 8
11004548 8
10577878 8
10411829 7
11022678 8
10703419 8
10374807 7
11442970 8
10366284 7
10475839 7
11029829 8
10637820 8
10462831 7
10827292 8
10920790 8
10434998 7
10829614 8
11198216 8
10559901 8
10336849 7
11046210 8
10450757 7
10605647 8
11050938 8
10676550 8
10585803 8
10440728 7
10960773 8
10696995 8
10327095 7
11452478 8
10453917 7
10422045 7
11021620 8
11041710 8
10344436 7
11059023 8
10944867 8
10512244 8
10593065 8
11365407 8
10343489 7
10397019 7
10865051 8
10453711 7
10719058 8
11161229 8
10443147 7
10713725 8
10461057 7
11051179 8
10616639 8
10569118 8
11268906 8
10393803 7
10430019 7
10996016 8
10743532 8
10578300 8
10786953 8
10996696 8
10424594 7
10539976 8
11318846 8
10612829 8
10461407 7
10989615 8
10993788 8
10931673 8
10984016 8
10965581 8
10964561 8
11102735 8
10836479 8
10339747 7
10387124 7
10944964 8
10757473 8
10653434 8
11162640 8
11084416 8
10446422 7
11097739 8
10390071 7
10398056 7
11320284 8
10999004 8
10572037 8
10570326 8
12818016 9
10409825 7
10574487 8
11388826 8
10735951 8
10386650 7
11012239 8
10444917 7
10386444 7
11936078 9
10997848 8
10808746 8
11131036 8
10962198 8
10734116 8
10917167 8
11059711 8
10588495 8
10426312 7
10592680 8
10712396 8
10413362 7
10893844 8
11037528 8
11005288 8
11000533 8
10983974 8
10643490 8
10610368 8
11191513 8
10573318 8
10370457 7
11000271 8
10509161 8
10565406 8
10981649 8
10996427 8
10436321 7
11018276 8
10948680 8
10839152 8
10442626 7
11005303 8
10392840 7
10404924 7
13824124 10
10989730 8
11027891 8
11903116 9
10538206 8
10728648 8
