18609 9
18539 9
18937 9
19181 9
57129 27
17547 8
18451 9
17561 8
18462 9
17547 8
17415 8
17621 8
17429 8
19150 9
18825 9
18529 9
18504 9
18396 8
18256 8
18372 8
18511 9
18487 9
18501 9
18434 9
18427 8
18406 8
19084 9
18491 9
18165 8
18465 9
18333 8
17708 8
17638 8
18459 9
17335 8
17510 8
17502 8
17575 8
17540 8
17355 8
17621 8
18421 8
18508 9
21441 10
18249 8
18417 8
18529 9
18549 9
18511 9
18606 9
18483 9
18389 8
18487 9
18476 9
18504 9
18344 8
19031 9
19003 9
18350 8
18563 9
18505 9
18550 9
18277 8
18543 9
18421 8
17558 8
17540 8
17631 8
17475 8
18512 9
18609 9
18591 9
18521 9
17418 8
17544 8
17411 8
17628 8
17463 8
18322 8
17492 8
17369 8
17408 8
17400 8
17614 8
18529 9
18577 9
18920 9
18550 9
17519 8
18424 8
17575 8
17307 8
17485 8
17558 8
18606 9
17526 8
17489 8
20480 10
18479 9
18892 9
17439 8
18409 8
18532 9
17443 8
17512 8
17512 8
17523 8
18573 9
17478 8
17530 8
17457 8
17404 8
18459 9
57132 27
18519 9
18382 8
18525 9
17499 8
17569 8
17624 8
17555 8
17708 8
17460 8
17502 8
17488 8
17551 8
17537 8
18420 8
18944 9
17558 8
18477 9
17544 8
17589 8
17422 8
17509 8
17471 8
17526 8
17526 8
17576 8
18462 9
19471 9
18477 9
21018 10
18546 9
18476 9
17481 8
18532 9
18271 8
18542 9
18504 9
18717 9
139479 68
18407 8
18336 8
18518 9
18330 8
19436 9
18365 8
18536 9
17446 8
17391 8
57307 27
17586 8
17426 8
17530 8
17572 8
18444 9
18431 8
21493 10
18431 8
18519 9
18546 9
17565 8
17422 8
17436 8
17649 8
17614 8
17673 8
17547 8
18435 9
18948 9
18508 9
17488 8
18543 9
18630 9
18490 9
17646 8
17498 8
17485 8
17523 8
17502 8
17237 8
17624 8
17467 8
18566 9
18424 8
18602 9
18476 9
18434 9
18434 9
17537 8
17467 8
17499 8
18347 8
17575 8
17446 8
17555 8
17544 8
18431 8
18581 9
17656 8
18486 9
18396 8
18612 9
18459 9
18595 9
17450 8
17505 8
17607 8
17527 8
17603 8
17705 8
17495 8
17674 8
18518 9
18417 8
18543 9
17610 8
18546 9
17611 8
17359 8
17642 8
18442 9
17554 8
17481 8
17709 8
17489 8
17383 8
17516 8
18466 9
18508 9
18553 9
18452 9
18529 9
18406 8
17359 8
17366 8
17512 8
17551 8
18522 9
17478 8
17555 8
58281 28
18539 9
18469 9
17258 8
18399 8
18511 9
17576 8
17439 8
17568 8
18539 9
17596 8
17359 8
17478 8
17405 8
18542 9
17485 8
18553 9
18365 8
18937 9
18441 9
18302 8
59461 29
17655 8
17443 8
17506 8
17509 8
17503 8
17607 8
17463 8
17327 8
18445 9
18448 9
17429 8
18463 9
18542 9
17569 8
17383 8
17495 8
17611 8
17739 8
17579 8
17432 8
17495 8
18462 9
17688 8
18424 8
18173 8
19081 9
18455 9
18588 9
17771 8
17530 8
17534 8
17621 8
17471 8
17496 8
17579 8
17593 8
17464 8
17526 8
18417 8
18574 9
18204 8
18627 9
17694 8
17527 8
17342 8
17509 8
17464 8
17582 8
17359 8
17722 8
18487 9
17470 8
19244 9
18476 9
18480 9
18420 8
18437 9
17533 8
17533 8
17446 8
17418 8
17516 8
18344 8
17450 8
17530 8
17698 8
17568 8
18553 9
18207 8
18521 9
18518 9
17537 8
17474 8
17491 8
18292 8
17425 8
17481 8
17611 8
17387 8
18427 8
17813 8
18371 8
18466 9
17495 8
18498 9
18434 9
18808 9
18414 8
18602 9
18406 8
18476 9
18273 8
18430 8
18385 8
18542 9
18637 9
18459 9
18504 9
18437 9
18392 8
18476 9
17530 8
17491 8
17527 8
17618 8
17551 8
17481 8
17569 8
17555 8
17589 8
18354 8
18354 8
18392 8
18550 9
57331 27
17659 8
17593 8
17463 8
18389 8
17474 8
17439 8
18378 8
17568 8
18465 9
18403 8
19094 9
18350 8
17492 8
17446 8
17446 8
18378 8
17429 8
17475 8
17520 8
17502 8
17408 8
17632 8
18428 8
18445 9
17579 8
19011 9
18277 8
17554 8
17422 8
17596 8
17572 8
17512 8
18490 9
17603 8
17659 8
18343 8
17600 8
18462 9
18500 9
18504 9
18623 9
17554 8
17453 8
17617 8
17551 8
17425 8
17527 8
17428 8
17488 8
18525 9
17394 8
17523 8
18542 9
18504 9
19729 9
56979 27
17547 8
17408 8
17412 8
17645 8
17589 8
17653 8
17457 8
17429 8
17562 8
18480 9
18483 9
19090 9
18514 9
17432 8
17502 8
17527 8
17534 8
17572 8
17540 8
17400 8
18417 8
17341 8
17474 8
18343 8
18609 9
17488 8
17341 8
18319 8
18633 9
17586 8
17492 8
17642 8
17513 8
18435 9
17718 8
17506 8
17488 8
17541 8
18403 8
18396 8
18549 9
18406 8
18319 8
18515 9
17561 8
17544 8
17537 8
17468 8
17711 8
17006 8
132622 64
17387 8
18864 9
18595 9
17523 8
18382 8
18570 9
18403 8
17648 8
17533 8
17524 8
18466 9
17477 8
17757 8
17502 8
17279 8
17656 8
18396 8
17328 8
18895 9
18780 9
18449 9
17429 8
17534 8
17450 8
18323 8
17676 8
17530 8
17397 8
17408 8
17502 8
18431 8
18455 9
18347 8
18647 9
18466 9
18417 8
18431 8
18277 8
18284 8
18410 8
18521 9
18337 8
17561 8
17422 8
17614 8
18354 8
18347 8
18606 9
18309 8
18406 8
18385 8
18584 9
18452 9
18385 8
18522 9
18518 9
18379 8
18442 9
17513 8
18613 9
18577 9
18986 9
17491 8
18459 9
17394 8
17513 8
17517 8
17621 8
17680 8
17376 8
17505 8
17463 8
17509 8
18884 9
18375 8
17524 8
18494 9
18354 8
18634 9
18465 9
17596 8
17425 8
17422 8
17509 8
18445 9
17443 8
17541 8
17572 8
18514 9
18588 9
18501 9
18319 8
18546 9
17436 8
17597 8
17470 8
17506 8
17502 8
17624 8
17572 8
17457 8
18466 9
17488 8
18442 9
18612 9
18410 8
18472 9
18403 8
17642 8
17324 8
17547 8
17645 8
17519 8
17569 8
17470 8
17534 8
17408 8
18463 9
18354 8
17485 8
58980 28
18511 9
18487 9
17513 8
16472 8
17544 8
17464 8
17509 8
17474 8
17586 8
17719 8
17628 8
18627 9
18623 9
18867 9
18449 9
17474 8
18326 8
17454 8
17687 8
17624 8
17527 8
17407 8
17527 8
17667 8
17527 8
18466 9
18423 8
17418 8
18498 9
56954 27
17342 8
17729 8
18577 9
17614 8
17373 8
17690 8
17398 8
18627 9
18340 8
21967 10
18518 9
18403 8
17565 8
17600 8
17502 8
17593 8
17572 8
17558 8
17498 8
17477 8
17482 8
18560 9
18620 9
56968 27
18449 9
18428 8
17460 8
17492 8
17596 8
18497 9
17453 8
17453 8
17558 8
17555 8
18458 9
18476 9
18403 8
18574 9
17750 8
17569 8
17457 8
18480 9
17408 8
17446 8
17523 8
17492 8
17575 8
18508 9
18693 9
18529 9
18469 9
18392 8
18455 9
17485 8
17568 8
17428 8
17474 8
17453 8
17516 8
18441 9
17496 8
17639 8
17659 8
18389 8
18458 9
18462 9
18989 9
17383 8
17656 8
17558 8
17547 8
17491 8
17575 8
17603 8
17488 8
17527 8
17753 8
17565 8
18473 9
18469 9
19244 9
18465 9
17338 8
17551 8
17739 8
17485 8
17429 8
17471 8
18480 9
17642 8
17467 8
17505 8
18501 9
18263 8
18584 9
18463 9
18274 8
17415 8
17523 8
17554 8
17834 8
17523 8
17492 8
17499 8
18570 9
17558 8
17565 8
18389 8
18473 9
19129 9
18462 9
18421 8
18497 9
18455 9
17680 8
17498 8
17641 8
17597 8
17404 8
17457 8
17534 8
18462 9
18430 8
18581 9
18818 9
18410 8
18490 9
17474 8
17488 8
17461 8
17610 8
18501 9
17537 8
17373 8
17768 8
17516 8
18553 9
18487 9
20585 10
18465 9
18539 9
17495 8
17611 8
18424 8
17561 8
17457 8
17576 8
17484 8
17491 8
17949 8
18409 8
18752 9
20962 10
18365 8
18480 9
18521 9
17491 8
17468 8
17443 8
18466 9
17579 8
17617 8
18406 8
17481 8
18599 9
18535 9
17554 8
18504 9
18438 9
18427 8
18550 9
17499 8
17711 8
17464 8
17688 8
18410 8
17628 8
16413 8
17492 8
18529 9
18500 9
18651 9
18514 9
18560 9
18469 9
18494 9
18543 9
18521 9
18427 8
18483 9
18515 9
18462 9
18707 9
18501 9
18511 9
17491 8
18403 8
18476 9
17387 8
17377 8
17408 8
18466 9
16860 8
17433 8
17502 8
17565 8
17513 8
17475 8
18518 9
18535 9
18595 9
18455 9
18378 8
18497 9
17489 8
17433 8
17446 8
18574 9
17642 8
17551 8
17400 8
18543 9
18483 9
18393 8
19181 9
18511 9
18504 9
17488 8
18515 9
17523 8
17582 8
17548 8
17467 8
17471 8
17537 8
17628 8
17652 8
18532 9
17401 8
18449 9
18445 9
18521 9
18549 9
18336 8
18539 9
18469 9
18473 9
18403 8
18585 9
18497 9
18417 8
18462 9
18588 9
18522 9
18312 8
18378 8
17628 8
17569 8
17470 8
17411 8
17478 8
17471 8
17383 8
17439 8
17488 8
20560 10
18427 8
18417 8
18480 9
18557 9
17422 8
17383 8
17523 8
17450 8
17565 8
17436 8
17533 8
17516 8
17603 8
17471 8
18308 8
18504 9
18456 9
18615 9
17443 8
17614 8
17540 8
18501 9
17456 8
17530 8
18539 9
17618 8
17425 8
17624 8
18424 8
18204 8
56919 27
17488 8
17544 8
17558 8
17496 8
17523 8
18427 8
17512 8
17502 8
17782 8
17265 8
18535 9
18479 9
18910 9
18452 9
18406 8
18470 9
18340 8
18316 8
18249 8
18630 9
18403 8
17593 8
17544 8
17509 8
18934 9
18508 9
18972 9
18354 8
18609 9
18490 9
17715 8
17118 8
17862 8
17516 8
17446 8
17495 8
18525 9
17498 8
18504 9
18989 9
17663 8
18930 9
18570 9
17627 8
17464 8
17624 8
17709 8
17694 8
58798 28
17485 8
17502 8
17468 8
17348 8
18658 9
18564 9
18494 9
