2373088 9
2186588 8
2301977 8
2129711 8
2240159 8
2298248 8
2074854 7
2085803 7
2120752 8
2308607 8
2262916 8
2193787 8
2075532 7
2124386 8
2075549 7
2074869 7
2074321 7
2078719 7
2188169 8
2306003 8
2185694 8
2236587 8
2250993 8
2191626 8
2187660 8
2186239 8
2328211 8
2188198 8
2189179 8
2188159 8
2161723 8
2081935 7
2156238 8
2118902 8
2073695 7
2187161 8
2144143 8
2185887 8
2312765 8
2075221 7
2215916 8
2164715 8
2074726 7
2082748 7
2186550 8
2248126 8
2186166 8
2076171 7
2205190 8
2217884 8
2066912 7
2214355 8
2131760 8
2186431 8
2251583 8
2157914 8
2074453 7
2197363 8
2073930 7
2074960 7
2079938 7
2234045 8
2187639 8
2187328 8
2207407 8
2118692 8
2077078 7
2120001 8
1966326 7
2146200 8
2271341 8
2587650 9
2309896 8
2129002 8
2074275 7
2075012 7
2073685 7
2075776 7
2075602 7
2188320 8
2188624 8
2176310 8
2214400 8
2277824 8
2074024 7
2075525 7
2197635 8
2085978 7
2205546 8
2187063 8
2073716 7
2074331 7
2074970 7
2140565 8
2119718 8
2074020 7
2298664 8
2145313 8
2186236 8
2171851 8
2075075 7
2075490 7
2250888 8
2150104 8
2075071 7
2187748 8
2313858 8
2188337 8
2074107 7
2132262 8
2123719 8
2074478 7
2076464 7
2144078 8
2186420 8
2304225 8
2317409 8
2073322 7
2121053 8
2073535 7
2077194 7
2076936 7
2380180 9
2187649 8
2185915 8
2076356 7
2175444 8
2085887 7
2141016 8
2075564 7
2073332 7
2288616 8
2075180 7
2309718 8
2183607 8
2074257 7
2212253 8
2080207 7
2076223 7
2119697 8
2186434 8
2251024 8
2186937 8
2076293 7
2271194 8
2075158 7
2074205 7
2218708 8
2076224 7
2187534 8
2186721 8
2080298 7
2074439 7
2074244 7
2074666 7
2075057 7
2083412 7
2271553 8
2186881 8
2186874 8
2147873 8
2075266 7
2126020 8
2138171 8
2075944 7
2075598 7
2307455 8
2212421 8
2187081 8
2074970 7
2036268 7
2142789 8
2073786 7
2075179 7
2074868 7
2242987 8
2319217 8
2187622 8
2190010 8
2246992 8
2081917 7
2076059 7
2210863 8
2074799 7
2186797 8
2246161 8
2075476 7
2080406 7
2076545 7
2078601 7
2123632 8
2073940 7
2117344 8
2186556 8
2185628 8
2149370 8
2121220 8
2074774 7
2253635 8
2074659 7
2074753 7
2239070 8
2080242 7
2186364 8
2075284 7
2127399 8
2159816 8
2073643 7
2206500 8
2076122 7
2246842 8
2283103 8
2240145 8
2126198 8
2142660 8
2074735 7
2041184 7
2123775 8
2118713 8
2188114 8
2251097 8
2100243 8
2075232 7
2075821 7
2153249 8
2075127 7
2074509 7
2115728 8
2186148 8
2188194 8
2154384 8
2075054 7
2075671 7
2076768 7
2078632 7
2076530 7
2294449 8
2228837 8
2188659 8
2074021 7
2239558 8
2074373 7
2060788 7
2139592 8
2075179 7
2276696 8
2309054 8
2127595 8
2073213 7
2121897 8
2076192 7
2075337 7
2076398 7
2080413 7
2261331 8
2396474 9
2186941 8
2118291 8
2073025 7
2218555 8
2073143 7
2085014 7
2169930 8
2185855 8
2247159 8
2192732 8
2185757 8
2187408 8
2257966 8
2195721 8
2199275 8
2040842 7
2402074 9
2187817 8
2076614 7
2075378 7
2076178 7
2205780 8
2073441 7
2075647 7
2187670 8
2249125 8
2181438 8
2077770 7
2075965 7
2213727 8
2129323 8
2074652 7
2074376 7
2188414 8
2075850 7
2188006 8
2169746 8
2220468 8
2123060 8
2264906 8
2074055 7
2344121 8
2235027 8
2194897 8
2186267 8
2187527 8
2187845 8
2236319 8
2250840 8
2193351 8
2184982 8
2248281 8
2186539 8
2079697 7
2075965 7
2074621 7
2072572 7
2075755 7
2078674 7
2185384 8
2186860 8
2187161 8
2249415 8
2176746 8
2075389 7
2211303 8
2086596 7
2343133 8
2208106 8
2186512 8
2186937 8
2076230 7
2074840 7
2119317 8
2076457 7
2075996 7
2243969 8
2335396 8
2313872 8
2206499 8
2075208 7
2075361 7
2075131 7
2074093 7
2075416 7
2187045 8
2248011 8
2187276 8
2023371 7
2079920 7
2074967 7
2079861 7
1932009 7
2214505 8
2198567 8
2198857 8
2199558 8
2131785 8
2075354 7
2074261 7
2074303 7
2074132 7
2187420 8
2073238 7
2185366 8
2237642 8
2134588 8
2145233 8
2080518 7
2075696 7
2159475 8
2263149 8
2386185 9
2313662 8
2178607 8
2074792 7
2077040 7
2075134 7
2075668 7
2122536 8
2254121 8
2306376 8
2306666 8
2130440 8
2073587 7
2079948 7
2209990 8
2122798 8
2331982 8
2192125 8
2187793 8
2279922 8
2246953 8
2186965 8
2195903 8
2235652 8
2247903 8
2186201 8
2184968 8
2145421 8
2186598 8
2076388 7
2075389 7
2134707 8
2245693 8
2187712 8
2188854 8
2187618 8
2191842 8
2236668 8
2252707 8
2176983 8
2187835 8
2187727 8
2191839 8
2189346 8
2186246 8
2187803 8
2186700 8
2239262 8
2255096 8
2192112 8
2185973 8
2189092 8
2187266 8
2185956 8
2186596 8
2193093 8
2188061 8
2186976 8
2233840 8
2248633 8
2185921 8
2188219 8
2186375 8
2186833 8
2189084 8
2193034 8
2187401 8
2187800 8
2245623 8
2253021 8
2195764 8
2186795 8
2186976 8
2186672 8
2188334 8
2186980 8
2086722 7
2074649 7
2075057 7
2074624 7
2075501 7
2160504 8
2123709 8
2080095 7
2075587 7
2075511 7
2075005 7
2125692 8
2074296 7
1929974 7
2085216 7
2073270 7
2125825 8
2075065 7
2131072 8
2076139 7
2218632 8
2124362 8
2075301 7
2132839 8
2072843 7
2080639 7
2147663 8
2057523 7
2291490 8
2247509 8
2248438 8
2253441 8
2205990 8
2248259 8
2187307 8
2189314 8
2185628 8
2080354 7
2073898 7
2240002 8
2185558 8
2073482 7
2309473 8
2075340 7
2075239 7
2160993 8
2075511 7
2075731 7
2072652 7
2187692 8
2075930 7
2187115 8
2179434 8
2074080 7
2074932 7
2233578 8
2059252 7
2075424 7
2142535 8
2074575 7
2074753 7
2224330 8
2075221 7
2075312 7
2211474 8
2076761 7
2124058 8
2134005 8
2081621 7
2075560 7
2119642 8
2210326 8
2076070 7
2166960 8
2076433 7
2073825 7
2123011 8
2144427 8
2075821 7
2076568 7
2076237 7
2074344 7
2127302 8
2085534 7
2075434 7
2107753 8
2074680 7
2124355 8
2211377 8
2074645 7
2220000 8
2209593 8
2074107 7
2080186 7
2073713 7
2074488 7
2074907 7
2154538 8
2074945 7
1934045 7
2205780 8
2075577 7
2079257 7
2221851 8
2075103 7
2076279 7
2075173 7
2217452 8
2125231 8
2074400 7
2208210 8
2075487 7
2076286 7
2169491 8
2079596 7
2150289 8
2146755 8
2074181 7
2013896 7
2247554 8
2073968 7
2073566 7
2149237 8
2120361 8
2077731 7
2211310 8
2074917 7
2075239 7
2087102 7
2075525 7
2074548 7
2076198 7
2076021 7
2132165 8
2076821 7
2243891 8
2076122 7
2076370 7
2129399 8
2076390 7
2074115 7
2076967 7
2076590 7
2117662 8
2075267 7
2081289 7
2210780 8
2074509 7
2074411 7
2227573 8
2085464 7
2143250 8
2074457 7
2123786 8
2075947 7
2077909 7
2124750 8
2153787 8
2173946 8
2073633 7
2215776 8
2124442 8
2082501 7
2162840 8
2074202 7
2075176 7
2232192 8
2074949 7
2074861 7
2191497 8
2162777 8
2124816 8
2203884 8
2157377 8
2076031 7
2206611 8
2209728 8
2075913 7
2074027 7
2154499 8
2076202 7
2124515 8
2230111 8
2307567 8
2187067 8
2250815 8
2383012 9
2275020 8
2300633 8
2076126 7
2216436 8
2080134 7
2076272 7
2273079 8
2244942 8
2127357 8
2120235 8
2076150 7
2074920 7
2074174 7
2073626 7
2187370 8
2247938 8
2339942 8
1996505 7
2074858 7
2204352 8
2076324 7
2076932 7
2223915 8
2259805 8
2187174 8
2075696 7
2215095 8
2074037 7
2075305 7
2075685 7
2075717 7
2280310 8
2428863 9
2272063 8
2254561 8
2075501 7
2076003 7
2074317 7
2078555 7
2120801 8
2186612 8
2358582 8
2298060 8
2185614 8
2124215 8
2156677 8
2074761 7
2159914 8
2073496 7
2187450 8
2385567 9
2318732 8
2078563 7
2074575 7
2073350 7
2075793 7
2122529 8
2328246 8
2186766 8
2304470 8
2328501 8
2073960 7
2074927 7
2074763 7
2074201 7
2445520 9
2194266 8
2646095 10
2369136 9
2193316 8
2074428 7
2123988 8
2073507 7
2154569 8
2203179 8
2188508 8
2323574 8
2307322 8
2075256 7
2079809 7
2073115 7
2073067 7
2074997 7
2196005 8
2185604 8
2306970 8
2301408 8
2073793 7
2074963 7
2073486 7
2072955 7
2074125 7
2315890 8
2649590 10
2334540 8
2273568 8
2143184 8
2151619 8
2077057 7
2209942 8
2184675 8
2261320 8
2187678 8
2185715 8
2122937 8
2075427 7
2074342 7
2074523 7
2074164 7
2243581 8
2256625 8
2186093 8
2177374 8
2128712 8
2073297 7
2075665 7
2078388 7
2077047 7
2203608 8
2302082 8
2283766 8
2058414 7
2050918 7
2076161 7
2075766 7
6557949 25
2189563 8
2194391 8
2186944 8
2273045 8
2073716 7
2212731 8
2174818 8
2073486 7
2191839 8
2074977 7
2188138 8
2190142 8
2075993 7
2180883 8
2073856 7
2118971 8
2119320 8
2186173 8
2252404 8
2196040 8
2231057 8
2074156 7
2077096 7
2075483 7
2368097 9
2313411 8
2307472 8
2306139 8
2187692 8
2075490 7
2073772 7
2075784 7
2265249 8
2122781 8
2270405 8
2179916 8
2306942 8
2191528 8
2079310 7
2158469 8
2073923 7
2152009 8
2254711 8
2187325 8
2488083 9
2306229 8
2208772 8
2072686 7
2073413 7
2089065 7
2272821 8
2085409 7
2198424 8
2197868 8
2197809 8
2232070 8
2085137 7
2075601 7
2081484 7
2086191 7
2332771 8
2285875 8
2338364 8
2221051 8
2208270 8
2074966 7
2075490 7
2149172 8
2074586 7
2266292 8
2384268 9
2267880 8
2215385 8
2073988 7
2076042 7
2214854 8
2075515 7
2123517 8
2254722 8
2300287 8
2301586 8
2176355 8
2074600 7
2075634 7
2074596 7
2075152 7
2393014 9
2251496 8
2382512 9
2221208 8
2137807 8
2072540 7
2081900 7
2213447 8
2076073 7
2267804 8
2487769 9
2309627 8
2182723 8
2076192 7
2076282 7
2214082 8
2076775 7
2124512 8
2253738 8
2310887 8
2325124 8
2075749 7
2074799 7
2113196 8
2073203 7
2084404 7
2412055 9
2249642 8
2431800 9
2282935 8
1968236 7
2134605 8
2076338 7
2130007 8
2119132 8
2258063 8
2173083 8
2307626 8
2075895 7
2074184 7
2080947 7
2128346 8
2074121 7
2079588 7
2188340 8
2288141 8
2401480 9
2076345 7
2186403 8
2186462 8
2228173 8
2074156 7
2322779 8
2204121 8
2187950 8
2128754 8
2203312 8
2075927 7
2074861 7
2199150 8
2281392 8
2186385 8
2132619 8
2189716 8
2302972 8
2284007 8
2075242 7
2076464 7
2075493 7
2076185 7
2262937 8
2359874 9
2269109 8
2125822 8
2075141 7
2121118 8
2073933 7
2258391 8
2076181 7
2239318 8
2277562 8
2073175 7
2081038 7
2074673 7
2075644 7
2074970 7
2074722 7
2310985 8
2308925 8
2312287 8
2239761 8
2074691 7
2074575 7
2170521 8
2135974 8
2137489 8
2258255 8
2407646 9
2430843 9
2177252 8
2080891 7
2213363 8
2075723 7
2075612 7
2255176 8
2247994 8
2366979 9
2229989 8
2076412 7
2076761 7
2074597 7
2073534 7
2183788 8
2251220 8
2195334 8
2317549 8
2075186 7
2073688 7
2076541 7
2210211 8
2074653 7
2395608 9
2188006 8
2175441 8
2188352 8
2006962 7
2074830 7
2212529 8
2079571 7
2121740 8
2139842 8
2186655 8
2251981 8
2221697 8
2164404 8
2134050 8
2078922 7
2074094 7
2313271 8
2075525 7
2186103 8
2186882 8
2075085 7
2152991 8
2073727 7
2075696 7
2120588 8
2076233 7
2314825 8
2191280 8
2187514 8
2075772 7
2075800 7
2076199 7
2075326 7
2075221 7
2080465 7
