519540 7
520364 7
577773 8
548302 8
520396 7
548075 8
548389 8
562333 8
546895 8
571484 8
584130 8
519548 7
519038 7
519725 7
519345 7
520008 7
520074 7
519558 7
602948 9
547757 8
547998 8
548323 8
547973 8
518967 7
519492 7
519806 7
519967 7
519914 7
519991 7
519652 7
519583 7
547440 8
523161 7
520210 7
547586 8
550540 8
520078 7
520144 7
520214 7
520047 7
519886 7
519949 7
562878 8
548215 8
547924 8
601964 9
593285 9
548127 8
519900 7
518308 7
520211 7
519952 7
519296 7
519827 7
520581 7
520131 7
547799 8
520088 7
548193 8
547007 8
583152 8
519771 7
570961 8
519335 7
520022 7
520256 7
520668 7
519921 7
548386 8
547443 8
563597 8
520291 7
547809 8
572057 8
519585 7
519669 7
519268 7
519917 7
520123 7
519233 7
520148 7
548183 8
520134 7
548253 8
547485 8
548347 8
624518 9
520179 7
519836 7
573652 8
520378 7
520145 7
519621 7
548201 8
547520 8
547830 8
548281 8
548453 8
579934 8
649641 9
555759 8
520001 7
520385 7
520211 7
519763 7
519596 7
547446 8
548047 8
663328 10
548239 8
519488 7
520200 7
520106 7
519973 7
548009 8
579357 8
519666 7
519736 7
602519 9
611621 9
519373 7
547736 8
547999 8
519897 7
525385 8
586599 8
520448 7
548368 8
620932 9
519606 7
519777 7
548466 8
548948 8
562526 8
548368 8
577940 8
519317 7
520176 7
519561 7
519415 7
520601 7
519725 7
519565 7
523779 7
547219 8
519959 7
594744 9
605190 9
520078 7
519540 7
520322 7
520193 7
519478 7
519673 7
520130 7
519237 7
597128 9
548400 8
548050 8
548605 8
520581 7
519792 7
520106 7
519299 7
573691 8
519714 7
567805 8
520011 7
519735 7
547381 8
548442 8
563073 8
563021 8
519579 7
519760 7
520518 7
520372 7
519537 7
520054 7
519837 7
520228 7
563095 8
547031 8
604282 9
547746 8
573726 8
520351 7
520187 7
519983 7
520340 7
519568 7
547381 8
520141 7
554736 8
548519 8
547956 8
547100 8
575052 8
519404 7
520713 7
519876 7
519879 7
519575 7
526170 8
547254 8
520110 7
551214 8
547723 8
554118 8
548431 8
562578 8
547803 8
519694 7
519617 7
520176 7
520186 7
520102 7
520126 7
519729 7
548246 8
547265 8
562823 8
548735 8
621579 9
548351 8
519722 7
519871 7
519536 7
520089 7
519948 7
520120 7
519230 7
547373 8
582590 8
520503 7
520371 7
545774 8
563525 8
519767 7
520379 7
519753 7
520357 7
520151 7
547960 8
594095 9
547076 8
547803 8
653294 9
548836 8
519132 7
519757 7
519359 7
578265 8
519271 7
519721 7
520047 7
520252 7
547579 8
548379 8
663307 10
547761 8
548197 8
563852 8
519533 7
520263 7
519753 7
580217 8
519617 7
520169 7
595243 9
547216 8
581504 8
547432 8
548229 8
548085 8
548393 8
547440 8
547579 8
547265 8
555340 8
547510 8
547698 8
547453 8
547935 8
548197 8
547007 8
547519 8
548075 8
547495 8
547821 8
554831 8
547998 8
547467 8
548344 8
547286 8
548933 8
548403 8
548351 8
547527 8
548075 8
548787 8
547964 8
547810 8
510383 7
548399 8
548229 8
547730 8
548294 8
548062 8
549039 8
520190 7
520661 7
519634 7
519665 7
520375 7
519956 7
519882 7
569742 8
520099 7
547816 8
562002 8
589106 8
547027 8
520381 7
519453 7
520912 7
520064 7
519480 7
519977 7
519429 7
518692 7
547967 8
547897 8
548001 8
548145 8
519970 7
519980 7
520403 7
519984 7
519890 7
520378 7
578687 8
519683 7
612539 9
547608 8
564955 8
548239 8
547303 8
520521 7
520316 7
520235 7
519837 7
552352 8
519903 7
519596 7
519564 7
548278 8
548556 8
547830 8
548425 8
519516 7
519334 7
520343 7
520410 7
520270 7
519638 7
520360 7
519680 7
520137 7
548550 8
520476 7
509677 7
519513 7
519816 7
520315 7
520105 7
519652 7
519261 7
520147 7
519631 7
520110 7
548682 8
548571 8
596493 9
548141 8
548354 8
519886 7
519673 7
520249 7
519683 7
519453 7
519872 7
520266 7
519770 7
547624 8
519715 7
611496 9
580119 8
520004 7
519858 7
519606 7
520197 7
519729 7
519017 7
519830 7
519079 7
547970 8
548445 8
547520 8
548292 8
548009 8
547663 8
519627 7
519900 7
547635 8
519942 7
547611 8
519206 7
576798 8
547415 8
620004 9
547872 8
519935 7
567717 8
519369 7
519341 7
520371 7
520015 7
520301 7
519966 7
519820 7
548647 8
549094 8
563217 8
520012 7
520193 7
519820 7
520113 7
548707 8
520110 7
518835 7
519209 7
519219 7
519593 7
548036 8
519771 7
548246 8
547593 8
548072 8
578830 8
524864 8
547795 8
519317 7
570155 8
520451 7
520354 7
547660 8
547953 8
660591 10
547701 8
547373 8
519715 7
520783 7
520626 7
519826 7
521027 7
519903 7
519370 7
519470 7
547869 8
519865 7
548128 8
548250 8
548033 8
519526 7
520158 7
576327 8
519806 7
620555 9
518988 7
519858 7
548037 8
547914 8
602341 9
587422 8
548449 8
519453 7
520681 7
519540 7
519459 7
519900 7
519910 7
519973 7
588808 8
547489 8
519666 7
548682 8
548047 8
547834 8
520109 7
520305 7
520158 7
519278 7
520200 7
526548 8
518999 7
602020 9
549520 8
563123 8
547883 8
554045 8
587108 8
520744 7
519600 7
525993 8
519250 7
520288 7
520846 7
519390 7
547203 8
520092 7
519593 7
548344 8
547610 8
519938 7
519565 7
520217 7
520308 7
564708 8
519662 7
566509 8
563525 8
547985 8
547184 8
585062 8
548190 8
519806 7
519981 7
520228 7
520197 7
519652 7
518772 7
519931 7
520246 7
547942 8
547730 8
547907 8
547803 8
550655 8
519680 7
520228 7
519481 7
519505 7
519938 7
519960 7
522344 7
561998 8
548257 8
580154 8
590903 9
548305 8
559928 8
519533 7
520318 7
520165 7
520208 7
520249 7
520172 7
519739 7
548313 8
548547 8
562438 8
547709 8
519306 7
520281 7
519198 7
519917 7
519645 7
520245 7
519600 7
568154 8
520190 7
548340 8
519928 7
548379 8
547796 8
549810 8
655786 10
547900 8
548198 8
547614 8
548180 8
547897 8
487699 7
562651 8
547911 8
548305 8
547681 8
547914 8
519649 7
519844 7
519233 7
519990 7
519369 7
519959 7
520259 7
548466 8
547813 8
583837 8
547398 8
519582 7
548365 8
547897 8
519397 7
519300 7
520262 7
519746 7
520137 7
519631 7
547667 8
510529 7
547551 8
652054 9
610846 9
525410 8
519593 7
519202 7
520437 7
519631 7
520148 7
520406 7
591347 9
548305 8
601154 9
591542 9
547942 8
519376 7
519634 7
520270 7
520019 7
519540 7
519788 7
519889 7
623701 9
548193 8
519872 7
547656 8
547667 8
519464 7
520518 7
519778 7
519690 7
520015 7
518538 7
520343 7
519781 7
547914 8
547942 8
548403 8
548264 8
519802 7
518461 7
548250 8
520309 7
519352 7
520183 7
519320 7
588212 8
520308 7
547674 8
520109 7
548379 8
519841 7
519541 7
519805 7
526691 8
520085 7
576045 8
519980 7
519603 7
519648 7
548222 8
547377 8
547729 8
547823 8
547617 8
483988 7
519540 7
519882 7
520060 7
520427 7
520745 7
585125 8
519963 7
547778 8
520008 7
547872 8
547739 8
520002 7
519998 7
520029 7
520082 7
519809 7
520207 7
520190 7
520490 7
550453 8
551472 8
551224 8
519896 7
520280 7
519484 7
520113 7
519404 7
520176 7
520172 7
519799 7
520015 7
547527 8
548641 8
547841 8
548145 8
519830 7
519924 7
520731 7
519488 7
519422 7
519418 7
575430 8
488670 7
593983 9
547806 8
602906 9
548281 8
548375 8
520060 7
520138 7
520228 7
519673 7
519652 7
575940 8
519495 7
519805 7
563283 8
547928 8
547938 8
548015 8
519579 7
520336 7
519942 7
519952 7
520329 7
519812 7
520117 7
520089 7
520004 7
547802 8
519690 7
555057 8
519593 7
519729 7
519941 7
520350 7
520154 7
519701 7
519959 7
519791 7
520026 7
563242 8
548009 8
563301 8
548424 8
519743 7
519739 7
519753 7
520211 7
519247 7
520158 7
520033 7
550502 8
519767 7
548647 8
549772 8
547872 8
548131 8
547925 8
520214 7
519934 7
519090 7
544161 8
520409 7
519826 7
519924 7
548041 8
547355 8
548057 8
548309 8
548746 8
526977 8
547349 8
525717 8
519104 7
520172 7
519715 7
519418 7
520374 7
548302 8
652504 9
547331 8
548113 8
546948 8
548344 8
520050 7
520301 7
520189 7
580708 8
625178 9
520360 7
562557 8
547810 8
519376 7
519886 7
548107 8
585684 8
519683 7
519205 7
520161 7
519117 7
520392 7
519215 7
584210 8
547233 8
547209 8
562229 8
547146 8
547607 8
519446 7
519693 7
583190 8
519942 7
547973 8
577385 8
519788 7
519756 7
547436 8
520005 7
547573 8
548448 8
520319 7
519359 7
578914 8
519613 7
519358 7
518762 7
519816 7
520105 7
547844 8
547838 8
563314 8
548054 8
547272 8
548347 8
547932 8
548892 8
547887 8
548696 8
548627 8
549430 8
548997 8
547952 8
548372 8
547028 8
548239 8
509810 7
491075 7
662476 10
519537 7
520071 7
547600 8
520518 7
519286 7
548250 8
547775 8
547946 8
547380 8
520176 7
519680 7
524512 8
520354 7
519729 7
520203 7
519952 7
519611 7
519676 7
548759 8
520175 7
547632 8
548022 8
583463 8
519763 7
586144 8
519952 7
520584 7
520252 7
519624 7
574539 8
548040 8
548162 8
547142 8
656209 10
519425 7
520008 7
578390 8
519592 7
519317 7
519548 7
520116 7
519725 7
520451 7
548096 8
548215 8
562945 8
547534 8
548204 8
519683 7
547687 8
519917 7
623987 9
649104 9
520392 7
519984 7
578285 8
609785 9
519177 7
547942 8
548553 8
519089 7
520319 7
518748 7
520406 7
519230 7
519848 7
683148 10
519684 7
548103 8
547737 8
574630 8
548071 8
587402 8
548270 8
519404 7
519554 7
560285 8
547964 8
519222 7
520117 7
622298 9
547816 8
577290 8
563667 8
519662 7
520008 7
519651 7
520165 7
519673 7
519132 7
515616 7
520434 7
520123 7
595875 9
547694 8
563133 8
547503 8
588721 8
520169 7
520155 7
520095 7
548176 8
519554 7
547964 8
519425 7
520033 7
547800 8
567850 8
548208 8
548099 8
547831 8
548333 8
547876 8
547851 8
547467 8
548037 8
547952 8
548445 8
547670 8
655769 10
562966 8
579762 8
547590 8
548103 8
