4370537 8
4373637 8
4281022 8
4283445 8
4286591 8
4145782 7
4373620 8
4538268 8
4339847 8
4228585 8
4231525 8
4213269 8
4420456 8
4491721 8
4147028 7
4160263 7
4163210 7
4147949 7
4477344 8
4500925 8
4147964 7
4145610 7
4186602 7
4296279 8
4641472 8
4847162 9
4147534 7
4225046 8
4398300 8
4285407 8
4160295 7
4451568 8
4466974 8
4330387 8
4234957 8
4228984 8
4470166 8
4971855 9
4269550 8
4273128 8
4305060 8
4328560 8
4330226 8
4355709 8
4452374 8
4354215 8
4293636 8
4228680 8
4222357 8
4370865 8
4250480 8
4227116 8
4145432 7
4154450 7
4283610 8
4370907 8
4554384 8
4429111 8
4360582 8
4361302 8
4280911 8
4440363 8
4435455 8
4382533 8
4212274 8
4146368 7
4145132 7
4380606 8
4285003 8
4502517 8
4496787 8
4273509 8
4369361 8
4770847 9
8592887 16
4150226 7
4140241 7
4365383 8
4360830 8
4500715 8
4373135 8
4369747 8
4215266 8
4144542 7
4148093 7
4371075 8
4373214 8
4426199 8
4186850 7
4367188 8
4560337 8
4632436 8
4379174 8
4402071 8
4170039 7
4147604 7
4145254 7
4587813 8
4471028 8
4415733 8
4145652 7
4378343 8
4227845 8
4221589 8
4353611 8
4383807 8
4307881 8
4227311 8
4316987 8
4279744 8
4373005 8
4557694 8
4421992 8
4175866 7
4269996 8
4148969 7
4374932 8
4419259 8
4283508 8
4226662 8
4366246 8
4364696 8
4505306 8
4371039 8
4377834 8
4147816 7
4145268 7
4283159 8
4617061 8
4486568 8
4369437 8
4189939 7
4146700 7
4212955 8
4378986 8
4470183 8
4416323 8
4151096 7
4210860 8
4463316 8
4589253 8
4596172 8
4381228 8
4288047 8
4365248 8
4428396 8
4216660 8
4392972 8
4190712 7
4282189 8
4196622 8
4145656 7
4147806 7
4369605 8
4434505 8
4416828 8
4355174 8
4228980 8
4282541 8
4440293 8
4469384 8
4395559 8
4167707 7
4176303 7
4308579 8
4168566 7
4357116 8
4437952 8
4116639 7
4227444 8
4237321 8
4230771 8
4382624 8
4475096 8
4360946 8
4211286 8
4142877 7
4147430 7
4420012 8
4487382 8
4317248 8
4309403 8
4146741 7
4146986 7
4371818 8
4392560 8
4139413 7
4227430 8
4430686 8
4277335 8
4478018 8
4433436 8
4186347 7
4232873 8
4246901 8
4475400 8
4588868 8
4370670 8
4149207 7
4146846 7
4221609 8
4334950 8
4374884 8
4368986 8
4368756 8
4186798 7
4414803 8
4443792 8
5252401 10
5142156 9
4561304 8
4374000 8
4233910 8
4249321 8
4316564 8
4459210 8
4144665 7
4191428 7
4220398 8
4282659 8
4376678 8
4429576 8
4305169 8
4281186 8
4287669 8
4150432 7
4044246 7
4375120 8
4314480 8
4227377 8
4189266 7
4190471 7
4153329 7
4411092 8
4377097 8
4147793 7
4147318 7
4147094 7
4145342 7
4378158 8
4285554 8
4145198 7
4147890 7
4148812 7
4152743 7
4386011 8
4594294 8
4238941 8
4455425 8
4383539 8
4369396 8
4467575 8
4669528 8
4194636 8
4191155 7
4154028 7
4208385 8
4411417 8
4324570 8
4454873 8
4370945 8
4329828 8
4286238 8
4361812 8
4370544 8
4230834 8
4211251 8
4277158 8
4291531 8
4146937 7
4368980 8
4198008 8
4229357 8
4291541 8
4227287 8
4232266 8
4463525 8
4369702 8
4372279 8
4135457 7
4348335 8
4401460 8
4370827 8
4443510 8
4369943 8
4150771 7
4146252 7
4153675 7
4321665 8
4496057 8
4372115 8
4416337 8
4195327 8
4291608 8
4356422 8
4693280 8
4377530 8
4368159 8
4372188 8
4412384 8
4544542 8
4519324 8
4396547 8
4146263 7
4146030 7
4144870 7
4150739 7
4353248 8
4366850 8
4427665 8
4413180 8
4414036 8
4455408 8
4370903 8
4373990 8
4146916 7
4219267 8
4338489 8
4420930 8
4367496 8
4372188 8
4441062 8
4349673 8
4214267 8
4146955 7
4374566 8
4418846 8
4415439 8
4227538 8
4228547 8
4192911 7
4212738 8
4554394 8
4373043 8
4282621 8
4150509 7
4147237 7
4389142 8
4475396 8
4371081 8
4150945 7
4148854 7
4218363 8
4147886 7
4369541 8
4388423 8
4195264 8
4144958 7
4323746 8
4279011 8
4376783 8
4427756 8
4525622 8
4365562 8
4367301 8
4196601 8
4430396 8
4510303 8
4153085 7
4147566 7
4146005 7
4231438 8
4614823 8
4651625 8
4371846 8
4146015 7
4093718 7
4393356 8
4144597 7
4372565 8
4371909 8
4187489 7
4204750 8
4125179 7
4169725 7
4368477 8
4419741 8
4386021 8
4230233 8
4145303 7
4170881 7
4369797 8
4396254 8
4367255 8
4403775 8
4461152 8
4223544 8
4450733 8
4657326 8
4146762 7
4143683 7
4148889 7
4229490 8
4571813 8
4522208 8
4374039 8
4143809 7
4245452 8
4155592 7
4147733 7
4377052 8
4369866 8
4145499 7
4145370 7
4196175 8
4401683 8
4386213 8
4369650 8
4192440 7
4185698 7
4332680 8
4283023 8
4396516 8
4604342 8
4518322 8
4337488 8
4189088 7
4146402 7
4467426 8
4490028 8
4459088 8
4374555 8
4371881 8
4170364 7
4147914 7
4371902 8
4382574 8
4146923 7
4148637 7
4145265 7
4145299 7
4384659 8
4373354 8
4143617 7
4145586 7
4144825 7
4153686 7
4371510 8
4379171 8
4196873 8
4144870 7
4285212 8
4286144 8
4407363 8
4575660 8
4457866 8
4454964 8
4314245 8
4347686 8
4144979 7
4189843 7
4281609 8
4147359 7
4229161 8
4234329 8
4210860 8
4419524 8
4307399 8
4285976 8
4144957 7
4144699 7
4145841 7
4363146 8
4368397 8
4139772 7
4128450 7
4142290 7
4145216 7
4501015 8
4496542 8
4195956 8
4148145 7
4412810 8
4287579 8
4288889 8
4573055 8
4597642 8
4367495 8
4372918 8
4226892 8
4189374 7
4413676 8
4233232 8
4144793 7
4146518 7
4146637 7
4150289 7
4371860 8
4372534 8
4373752 8
4416728 8
4415359 8
4414269 8
4487825 8
4369528 8
4369025 8
4145753 7
4146229 7
4150467 7
4358760 8
4371878 8
4424838 8
4188617 7
4142367 7
4054270 7
4568423 8
4563504 8
4372632 8
4145774 7
4153040 7
4226980 8
4414455 8
4407615 8
4368976 8
4268530 8
4352641 8
4334192 8
4430361 8
4368062 8
4500834 8
4515212 8
4275596 8
4146194 7
4146089 7
4379614 8
4414011 8
4252331 8
4150456 7
4143693 7
4248871 8
4346496 8
4370872 8
4341486 8
4146696 7
4159265 7
4152292 7
4348475 8
4368934 8
4421381 8
4307584 8
4230625 8
4188466 7
4488115 8
4579225 8
4371615 8
4149038 7
4145981 7
4149839 7
4363128 8
4373400 8
4383179 8
4336814 8
4282258 8
4278435 8
4452956 8
4379638 8
4370802 8
4444361 8
4281043 8
4147841 7
4175730 7
4369646 8
4190114 7
4231407 8
4227932 8
4228104 8
4189937 7
4448635 8
4483066 8
4367241 8
4262574 8
4148305 7
4227238 8
4671019 8
4570902 8
4372373 8
4145931 7
4146088 7
4153707 7
4217494 8
4311676 8
4382177 8
4188963 7
4321008 8
4287502 8
4149147 7
4431132 8
4428269 8
4217996 8
4277510 8
4365817 8
4293283 8
4370551 8
4418040 8
4441513 8
4220657 8
4373746 8
4147255 7
4374182 8
4192025 7
4145474 7
4142479 7
4147925 7
4226896 8
4492482 8
4468602 8
4365045 8
4151123 7
4149493 7
4166932 7
4542419 8
4755165 9
4370188 8
4149786 7
4146011 7
4146340 7
4142398 7
4376825 8
4423825 8
4144382 7
4357937 8
4361567 8
4192848 7
4425854 8
4496864 8
4153913 7
4146605 7
4283047 8
4432152 8
4374087 8
4488171 8
4436429 8
4220758 8
4150272 7
4146462 7
4382725 8
4453955 8
4484152 8
4255713 8
4146654 7
4146958 7
4381632 8
4494179 8
4241773 8
4226317 8
4229190 8
4192185 7
4737798 9
4636224 8
4376242 8
4144752 7
4143921 7
4148358 7
4233557 8
4490339 8
4368013 8
4372177 8
4416870 8
4419297 8
4411386 8
4576840 8
4422928 8
4145558 7
4147782 7
4278285 8
4338538 8
4392780 8
4394299 8
4318110 8
4332862 8
4153278 7
4149203 7
4371647 8
4432518 8
4205585 8
4360886 8
4360831 8
4231037 8
4393863 8
4502024 8
4146368 7
4152324 7
4163555 7
4147252 7
4791000 9
4604457 8
4250599 8
4145132 7
4151479 7
4144014 7
4146008 7
4370299 8
4370541 8
4200177 8
4156430 7
4146319 7
4274075 8
4373920 8
4433052 8
4369839 8
4363215 8
4223314 8
4148774 7
4436390 8
4485098 8
4300884 8
4168154 7
4283155 8
4378720 8
4661310 8
4454528 8
4323473 8
4147757 7
4145498 7
4148469 7
4498997 8
4467030 8
4148445 7
4146410 7
4276500 8
4149398 7
4145499 7
4370753 8
4412726 8
4547779 8
4232884 8
4231194 8
4278683 8
4412129 8
4488813 8
4276619 8
4342857 8
4413302 8
4227284 8
4497709 8
4373427 8
4147628 7
4144127 7
4142251 7
4281657 8
4571607 8
4502936 8
4493195 8
4288804 8
4146923 7
4144273 7
4308918 8
4210504 8
4419758 8
4240425 8
4227775 8
4145893 7
4145673 7
4420836 8
6805294 12
4260176 8
4422876 8
4368892 8
4683169 8
4918727 9
4504999 8
4146731 7
4277904 8
5171022 9
4937322 9
4446757 8
4292149 8
4394473 8
4358342 8
4189186 7
4763627 9
4366832 8
4283128 8
4147775 7
4287324 8
4291057 8
4387467 8
4404165 8
4144395 7
4280258 8
4150457 7
4227025 8
4370397 8
4110763 7
4250801 8
4154569 7
4157432 7
4146169 7
4419101 8
4370272 8
4308785 8
4145244 7
4144552 7
4146661 7
4371036 8
4419740 8
4371060 8
4145488 7
4149908 7
4282276 8
4370585 8
4146598 7
4419502 8
4224815 8
4297808 8
4278425 8
4442864 8
4371186 8
4370928 8
4279504 8
4296189 8
4149273 7
4373703 8
4551598 8
4368407 8
4289485 8
4239092 8
4147118 7
5313585 10
4847954 9
4413917 8
4054486 7
4173331 7
4147625 7
4179916 7
4600310 8
4372712 8
4144859 7
4145715 7
4143403 7
4275649 8
4478151 8
4368701 8
4147517 7
4146431 7
4278742 8
4515243 8
4370184 8
4483527 8
4441714 8
4145935 7
4145896 7
4147879 7
4366644 8
4146368 7
4268079 8
4232887 8
4223544 8
4183799 7
4419656 8
4450559 8
4407828 8
4149762 7
4148532 7
4279078 8
4499982 8
4421842 8
4369186 8
4337201 8
4282028 8
4148319 7
4371986 8
4522197 8
4416025 8
4230338 8
4229158 8
4183219 7
4149070 7
4280073 8
4372409 8
4189947 7
4146427 7
4325938 8
4511433 8
4370645 8
4370080 8
4323005 8
4143655 7
4149447 7
4146200 7
4374244 8
4379709 8
4146689 7
4152153 7
4146298 7
4148103 7
4374719 8
4383689 8
4430585 8
4305081 8
4400133 8
4325244 8
4541945 8
4561804 8
4374325 8
4145583 7
4024858 7
4145516 7
4153026 7
4388853 8
4373424 8
4329988 8
4148976 7
4144067 7
4212281 8
4375125 8
4374168 8
4156120 7
4145149 7
4152034 7
4673645 8
4491532 8
4468766 8
4192328 7
4427973 8
4364504 8
4601744 8
4522892 8
4373099 8
3994383 7
4146968 7
4306831 8
4151731 7
4369388 8
4375243 8
4148993 7
4142670 7
4160009 7
4371797 8
4371235 8
4368924 8
4314406 8
4360908 8
4280477 8
4144319 7
4370529 8
4418804 8
4378068 8
4225723 8
4227416 8
4222242 8
4445153 8
9992564 19
4402095 8
4145590 7
4147049 7
4399368 8
4431080 8
4341929 8
4148347 7
4147283 7
4231215 8
4487291 8
4369196 8
4188501 7
4228432 8
4187639 7
4151958 7
5180871 9
5091451 9
4260587 8
4146553 7
4278886 8
4468679 8
4329384 8
4576924 8
4503026 8
4194426 8
4210580 8
4193299 7
4755018 9
5099788 9
4423738 8
4280890 8
4377404 8
4278453 8
4227511 8
4475186 8
4368313 8
4200823 8
4151259 7
4296175 8
4144667 7
4423309 8
4372656 8
4154195 7
4147977 7
4146169 7
4146350 7
4371329 8
4370791 8
4185415 7
4188323 7
4146274 7
4250983 8
4415086 8
4372199 8
4149643 7
4165231 7
3939478 7
