15019107 8
14967456 8
14646808 7
14934518 8
14904793 8
14769846 8
14716802 8
14837732 8
14630080 7
14721103 8
14671962 7
14613162 7
14659708 7
14671684 7
15012851 8
15137660 8
14611294 7
14939075 8
14729007 8
14587563 7
14882268 8
14729507 8
14619065 7
14760164 8
14633481 7
14652244 7
14959234 8
14799125 8
14822143 8
14803230 8
15338045 8
14781489 8
14888978 8
14663272 7
14903414 8
14995090 8
14568615 7
14916849 8
14800287 8
14655906 7
15034884 8
14808799 8
14658332 7
14899221 8
14765849 8
14623161 7
15127150 8
14628132 7
14672741 7
14952164 8
14780851 8
14638467 7
15043704 8
14625136 7
14696897 8
14898879 8
14573890 7
14726434 8
14883472 8
15077329 8
14923839 8
15237616 8
14538894 7
15028698 8
14753122 8
14629528 7
14794411 8
14696989 8
14624114 7
14931457 8
14811344 8
14662571 7
15173309 8
14712043 8
14600742 7
15094405 8
14646469 7
14673950 7
15035810 8
14680132 8
14752797 8
14936659 8
15187777 8
14834017 8
14949958 8
14611975 7
14967917 8
15147473 8
14572002 7
14594462 7
15171012 8
14605418 7
14712902 8
15012526 8
14753988 8
14651511 7
14828103 8
14597080 7
14802860 8
14773578 8
14670154 7
14832191 8
14779566 8
14613402 7
14792833 8
14744701 8
14790637 8
14842295 8
14696685 8
14730718 8
14941013 8
14639196 7
14752418 8
14935985 8
14642614 7
14687265 8
15048134 8
14676341 7
14577794 7
14972362 8
14581271 7
14637621 7
15337430 8
14687360 8
14661063 7
15088306 8
14641619 7
14627755 7
15023566 8
14609638 7
14638736 7
14886907 8
14602520 7
14673995 7
14910282 8
14802588 8
14595970 7
14881580 8
14639228 7
14629993 7
14826322 8
14657386 7
14621747 7
14966555 8
14652117 7
14649597 7
14780621 8
14627668 7
14813551 8
14718087 8
14647942 7
14607530 7
14753587 8
14812696 8
14786524 8
14728438 8
14701524 8
14786895 8
14740330 8
14635003 7
14785341 8
14917059 8
14653169 7
14875183 8
14823340 8
14656415 7
14936279 8
14590691 7
15150172 8
15159162 8
14603159 7
14703569 8
14943131 8
14605760 7
14634665 7
15207706 8
14612250 7
14640320 7
15091948 8
14615047 7
14625088 7
14969590 8
14709840 8
14564552 7
15079651 8
14597140 7
14799644 8
14973021 8
14583485 7
14989535 8
14918256 8
14669962 7
14946291 8
14891195 8
14583534 7
14920690 8
15476125 8
14609851 7
15054744 8
14889672 8
14692729 8
15189537 8
14735372 8
14620406 7
15025898 8
14585420 7
14636082 7
15017249 8
14683785 8
14746559 8
14892029 8
14618248 7
14855475 8
14942706 8
14636379 7
14877180 8
14841471 8
14672741 7
14852510 8
14923727 8
14606629 7
14899629 8
14700036 8
14720873 8
14995551 8
14659090 7
14609021 7
15108989 8
14546197 7
14636263 7
14940363 8
14599583 7
14720538 8
14876486 8
14534508 7
14670398 7
15108730 8
14611454 7
14831838 8
14908739 8
14636658 7
14923075 8
14833864 8
14570836 7
14869269 8
15326287 8
14660305 7
14836161 8
14937647 8
14599580 7
14772388 8
14646385 7
14542326 7
14940416 8
14553533 7
14628587 7
14788671 8
14628317 7
14743667 8
14958103 8
14623261 7
14881433 8
14810261 8
14609387 7
14896582 8
14955714 8
14740626 8
14970884 8
14976408 8
14641455 7
14920895 8
14892581 8
14645942 7
14735422 8
14851219 8
14771015 8
14866881 8
14802312 8
14606898 7
14680254 8
14708720 8
14727024 8
14646951 7
14708841 8
14808118 8
14712019 8
14625908 7
14877792 8
14746171 8
15126326 8
14872261 8
14725374 8
14671341 7
14935134 8
15100020 8
14625385 7
14876172 8
14858024 8
14678963 7
14935273 8
14951490 8
14646378 7
14901250 8
14902873 8
14628558 7
14737778 8
14956898 8
14772597 8
14768697 8
14964925 8
14722563 8
14647614 7
15281699 8
14815761 8
14605090 7
14708059 8
14938303 8
14803625 8
14775767 8
14906794 8
14596005 7
14689304 8
14909884 8
14678215 7
14608839 7
14846254 8
14743678 8
14575982 7
14949304 8
14755074 8
14709006 8
14886241 8
14878148 8
14653112 7
14761934 8
15084378 8
14647369 7
14933269 8
15020507 8
14718411 8
14644367 7
14979470 8
14746091 8
14679703 7
14940332 8
14852665 8
14653360 7
14901145 8
14937671 8
14640848 7
14920284 8
14876356 8
14612536 7
14760755 8
14853094 8
14624467 7
14711844 8
14915512 8
14738357 8
14515554 7
14770548 8
14762126 8
14653975 7
14808212 8
14758736 8
14652949 7
14669819 7
14954577 8
14717395 8
14533615 7
14874018 8
14840183 8
14686427 8
14945101 8
14902562 8
14628234 7
15167185 8
14891677 8
14565082 7
14855160 8
14930165 8
14639301 7
14916486 8
14876503 8
14657389 7
14899441 8
15215325 8
14781297 8
14803824 8
14949130 8
14654401 7
14807070 8
14785289 8
14688386 8
14686333 8
14770590 8
14712916 8
14758694 8
14626387 7
14827702 8
14937895 8
14650997 7
14903844 8
14915840 8
14613029 7
14906127 8
14826965 8
14615588 7
14980339 8
14888586 8
14584892 7
15003675 8
14938607 8
14595475 7
14845815 8
14894068 8
14618119 7
15326258 8
14742428 8
14611227 7
14894888 8
14658894 7
14658001 7
15154184 8
14673799 7
14642740 7
14871420 8
14649317 7
14591616 7
14947045 8
14747048 8
14686236 8
14872128 8
14686277 8
14807727 8
15057934 8
14658894 7
14785519 8
14900768 8
14621803 7
15255995 8
14868058 8
14580856 7
14940580 8
14877400 8
14631578 7
14901232 8
14759578 8
14680995 8
15018210 8
14802944 8
14604377 7
14902699 8
14791555 8
14597604 7
14955564 8
14629138 7
14635118 7
15153224 8
14576928 7
14638481 7
14973514 8
14757131 8
14615532 7
14998857 8
14575657 7
14602981 7
14889271 8
14653518 7
14790753 8
14865128 8
14778605 8
14740837 8
14781975 8
14573936 7
14938624 8
14768404 8
14599748 7
14894159 8
14717595 8
14673561 7
15216889 8
14571855 7
14632228 7
15025381 8
14660787 7
14682586 8
15037810 8
14631979 7
14775687 8
15157815 8
14580758 7
14829031 8
15150919 8
14554084 7
14655993 7
15074228 8
14750336 8
14606287 7
15075723 8
14610745 7
14655050 7
14847577 8
14662620 7
14609223 7
14826063 8
14829681 8
14702921 8
14789886 8
14681494 8
14743507 8
14630890 7
14709055 8
14926088 8
14616590 7
14626045 7
14909939 8
14827206 8
14595021 7
14904927 8
14603071 7
14662619 7
14906969 8
14640377 7
14597325 7
14882944 8
14602820 7
14676984 7
14924872 8
14652387 7
14736490 8
14782034 8
14706125 8
14568134 7
14931073 8
14728735 8
14613088 7
15041403 8
14567239 7
14640171 7
15098102 8
14667919 7
14651258 7
15085422 8
14649974 7
14613573 7
15058619 8
14561731 7
14762616 8
15025692 8
14594874 7
14642080 7
14990834 8
14753321 8
14564963 7
15076990 8
14798164 8
14640526 7
15242727 8
14620284 7
14604360 7
15027532 8
14647010 7
14663573 7
14919901 8
14597363 7
14840140 8
14956626 8
14582225 7
14755179 8
14875738 8
14656095 7
14787498 8
14642035 7
14706076 8
14927302 8
14573859 7
14601581 7
14996902 8
14602667 7
14610361 7
15076236 8
14613741 7
14590583 7
15246191 8
14642377 7
14561545 7
15063140 8
14702250 8
14656126 7
15181874 8
14751953 8
14625922 7
14993997 8
14747581 8
14762332 8
14897340 8
14620577 7
14783326 8
14909091 8
14610323 7
14896634 8
14801243 8
14642346 7
14910285 8
14760164 8
14617355 7
15034934 8
14713974 8
14565494 7
14972009 8
14595977 7
14606304 7
14993512 8
14582629 7
14668537 7
15008480 8
14834506 8
14757257 8
15179255 8
14634476 7
14881949 8
15045453 8
14597754 7
14891362 8
14904947 8
14693455 8
14920641 8
14776634 8
14623454 7
15056332 8
14797661 8
14595293 7
14904413 8
14666984 7
14819626 8
14818830 8
14647579 7
14665332 7
14848837 8
14587315 7
14726483 8
14998931 8
14676334 7
14744768 8
14924969 8
14753185 8
14916287 8
14990628 8
14677992 7
14906123 8
14898421 8
14718352 8
14931806 8
15027972 8
14633233 7
14941330 8
14864696 8
14777370 8
15018639 8
14932703 8
14567962 7
14827146 8
14914866 8
14618587 7
14741737 8
14735631 8
14611503 7
14565578 7
14655519 7
14800305 8
14841789 8
14689618 8
15221131 8
14766738 8
14614275 7
15056118 8
14816728 8
14637478 7
14952157 8
14860936 8
14633589 7
14845985 8
14881817 8
14648808 7
14869992 8
14967104 8
14661695 7
14795385 8
15036515 8
14549843 7
14728875 8
14944542 8
14611866 7
14641194 7
14863585 8
14817890 8
14644283 7
14721592 8
14866940 8
14646227 7
14760004 8
14890594 8
14761390 8
14604594 7
15002806 8
14796709 8
14616366 7
14876859 8
15218756 8
14874303 8
14877072 8
14899511 8
14591211 7
14740389 8
14903138 8
14630873 7
14693253 8
14925417 8
14770625 8
14618856 7
14867506 8
14902237 8
14587490 7
14799508 8
14864217 8
14665643 7
14791377 8
14934407 8
14697501 8
14650495 7
14866040 8
14726934 8
14646074 7
14876615 8
14951560 8
14671910 7
14757396 8
14855789 8
14619540 7
14862160 8
14894170 8
14664522 7
14581467 7
14894613 8
14823180 8
14610117 7
14879799 8
14863578 8
14779929 8
14918962 8
14982930 8
14824566 8
14911155 8
14947179 8
14609838 7
14706112 8
14869985 8
14632315 7
14658389 7
14765650 8
14818445 8
14629529 7
14785420 8
14929628 8
14742645 8
14635949 7
14920641 8
14834893 8
14637646 7
14972120 8
14879988 8
14732391 8
14991620 8
14931789 8
14610955 7
14993075 8
14858083 8
14634800 7
14842368 8
14892221 8
14809951 8
14856435 8
14905635 8
14605840 7
14811327 8
14801586 8
14661013 7
14789443 8
14668859 7
14581132 7
14727032 8
14600122 7
14897357 8
14899071 8
14639790 7
14828365 8
15036019 8
14631128 7
14944920 8
14919387 8
14583300 7
14932616 8
14993124 8
14868163 8
14876880 8
14870914 8
14709907 8
14722874 8
14641644 7
14808555 8
14930165 8
14621342 7
14816766 8
14864916 8
14548495 7
14915921 8
14921828 8
14640014 7
14882910 8
14919729 8
14588722 7
14908588 8
14962310 8
14607495 7
14884579 8
14849341 8
15063776 8
15002554 8
15440160 8
14822572 8
14822390 8
14599926 7
14923333 8
14928821 8
14672427 7
14923752 8
14878828 8
14665465 7
14871193 8
14844816 8
14612491 7
14881523 8
14791345 8
14569160 7
14895276 8
14799271 8
14672277 7
14911298 8
14647684 7
14909172 8
15071565 8
15007206 8
14661831 7
14999088 8
14611157 7
14682817 8
15194201 8
14646266 7
14639870 7
15187725 8
14628502 7
14609545 7
15194373 8
14599420 7
14721376 8
14954409 8
14624212 7
14892772 8
14920578 8
14697055 8
14781870 8
14918920 8
14651468 7
14794774 8
14742620 8
14582587 7
14856690 8
14642681 7
14616171 7
15114037 8
14681372 8
14636655 7
14694325 8
14668461 7
15322481 8
14600142 7
14601828 7
14662152 7
14645208 7
14642405 7
14589947 7
14684057 8
14645600 7
14650865 7
14421137 7
14631515 7
14544840 7
14692023 8
14793552 8
14785923 8
14676808 7
14622783 7
14612233 7
14759948 8
14667647 7
14630070 7
14357707 7
14605355 7
14697656 8
14757253 8
14639801 7
14602241 7
14668946 7
14535049 7
15149684 8
14898292 8
14571618 7
14922017 8
14688222 8
15481913 8
14990747 8
14725666 8
14660581 7
14908327 8
14819902 8
14663182 7
15034839 8
14699342 8
14608018 7
14983824 8
14767647 8
14591271 7
15123892 8
14588303 7
14616440 7
15143717 8
14499585 7
14589487 7
15009597 8
14750162 8
14778612 8
14954130 8
14638676 7
14616191 7
14836467 8
14594954 7
14569729 7
14897856 8
14925588 8
14823777 8
14912318 8
14635984 7
14916521 8
14644577 7
14613120 7
15021027 8
14723900 8
14679605 7
15149129 8
14557914 7
14705448 8
15164194 8
14767249 8
14655337 7
15017560 8
14685079 8
14567686 7
15026079 8
14656199 7
14778313 8
14959314 8
14590586 7
14808499 8
14856739 8
14640827 7
14963406 8
14726131 8
14746905 8
14893608 8
15139779 8
14816598 8
15019160 8
14633645 7
14793520 8
15113541 8
14593837 7
14636030 7
15097327 8
14664317 7
14640380 7
15148926 8
14608018 7
14643264 7
14926259 8
14582476 7
14781881 8
14842431 8
14868826 8
14763251 8
