66238 8
66052 8
66158 8
69872 8
69757 8
66444 8
106779 13
69795 8
66245 8
69862 8
66115 8
69918 8
69911 8
66158 8
69952 8
66238 8
66214 8
66108 8
66206 8
66391 8
66419 8
66207 8
66318 8
114101 13
69723 8
71761 8
69893 8
66182 8
66402 8
66099 8
66325 8
66228 8
66301 8
66214 8
66270 8
69862 8
66158 8
69851 8
69792 8
66252 8
69817 8
69649 8
66021 8
66042 8
66371 8
66158 8
66203 8
66063 8
66252 8
66406 8
66133 8
65885 8
69865 8
69683 8
71604 8
69782 8
69866 8
66475 8
66161 8
66130 8
66095 8
66255 8
66269 8
66402 8
69873 8
66133 8
69882 8
69600 8
69830 8
69820 8
66339 8
66112 8
66661 8
66063 8
61849 7
66290 8
66074 8
66370 8
66108 8
66217 8
69852 8
69830 8
66140 8
71786 8
69945 8
69712 8
66321 8
66307 8
66357 8
66433 8
66367 8
66109 8
69725 8
66059 8
66087 8
69816 8
69802 8
71834 8
69463 8
66430 8
69900 8
109517 13
65973 8
66423 8
66336 8
66084 8
70159 8
66363 8
66081 8
69729 8
69708 8
66168 8
69583 8
69921 8
69845 8
66168 8
66301 8
66101 8
66074 8
66384 8
65990 8
66374 8
66133 8
69893 8
69670 8
66336 8
69425 8
69715 8
69408 8
66273 8
66283 8
66266 8
66168 8
66273 8
66185 8
69743 8
66150 8
66214 8
69614 8
69806 8
71898 8
69806 8
69834 8
66252 8
66210 8
66270 8
69768 8
69935 8
66290 8
66168 8
66280 8
69757 8
69865 8
69935 8
69998 8
69883 8
69886 8
69855 8
66234 8
66158 8
66140 8
66203 8
66231 8
66221 8
66028 8
69729 8
69715 8
70008 8
66325 8
69709 8
69771 8
70057 8
69838 8
66126 8
66084 8
69900 8
66374 8
66203 8
66318 8
66140 8
69586 8
69935 8
69572 8
71747 8
70023 8
69866 8
66472 8
66095 8
66171 8
66378 8
66171 8
105854 12
66203 8
66228 8
69862 8
69984 8
69722 8
71479 8
69921 8
69876 8
66129 8
66116 8
66021 8
66000 8
66221 8
66129 8
66221 8
66178 8
66185 8
69914 8
69858 8
66189 8
69705 8
69789 8
65948 8
66227 8
66199 8
66161 8
66297 8
65920 8
66073 8
66028 8
66189 8
66216 8
69834 8
69450 8
69754 8
69915 8
69631 8
66262 8
66402 8
66346 8
66315 8
66098 8
66073 8
66088 8
64887 7
69663 8
69660 8
69838 8
66277 8
69751 8
69631 8
69698 8
69533 8
69771 8
69628 8
69942 8
69851 8
69722 8
69813 8
65990 8
69736 8
69803 8
66056 8
70047 8
69680 8
69970 8
69757 8
69645 8
69876 8
69890 8
69680 8
69817 8
69711 8
69879 8
69677 8
69873 8
66216 8
69782 8
69649 8
69869 8
66252 8
66119 8
66346 8
66207 8
66248 8
66136 8
66088 8
69649 8
66178 8
69736 8
69952 8
71666 8
69813 8
66192 8
66161 8
66297 8
65920 8
66199 8
66315 8
66377 8
66241 8
66192 8
66321 8
69893 8
69823 8
66112 8
69886 8
69590 8
66356 8
66095 8
66049 8
66402 8
66105 8
66109 8
66370 8
66381 8
66147 8
71671 8
69977 8
70012 8
71642 8
66447 8
66231 8
66392 8
69852 8
66095 8
66398 8
231578 28
65979 8
66196 8
66133 8
66130 8
69918 8
69883 8
70005 8
70176 8
69526 8
66098 8
69768 8
76771 9
65846 8
66297 8
66245 8
69813 8
69875 8
66123 8
69799 8
69628 8
70096 8
69830 8
69767 8
69618 8
66242 8
66220 8
66231 8
66098 8
66238 8
66458 8
66248 8
66252 8
69642 8
69939 8
69956 8
69785 8
71716 8
66336 8
66231 8
66297 8
66158 8
66360 8
66223 8
66353 8
66129 8
66294 8
66238 8
69411 8
69743 8
69534 8
66245 8
66084 8
65860 8
69489 8
66339 8
66147 8
69894 8
66472 8
66168 8
66353 8
70144 8
69799 8
69614 8
69719 8
69869 8
69833 8
69583 8
66409 8
66374 8
66221 8
66304 8
66010 8
66308 8
66154 8
66129 8
71761 8
69509 8
66136 8
69600 8
70047 8
69817 8
69844 8
66217 8
65955 8
66144 8
66549 8
65955 8
69914 8
66311 8
66193 8
69534 8
69705 8
69935 8
69977 8
69709 8
66307 8
66199 8
66262 8
66277 8
66402 8
66238 8
66249 8
66430 8
66527 8
69942 8
69817 8
65082 7
69531 8
69747 8
66301 8
66179 8
66154 8
66420 8
69901 8
66297 8
65868 8
66168 8
66119 8
69980 8
69858 8
66349 8
69765 8
69614 8
69861 8
66154 8
66520 8
66150 8
66273 8
66496 8
66196 8
66231 8
66196 8
66346 8
69589 8
69519 8
71643 8
69848 8
69638 8
104499 12
69859 8
66085 8
66157 8
66179 8
66444 8
66276 8
66091 8
66448 8
69956 8
69722 8
69701 8
69995 8
69653 8
66206 8
66178 8
66025 8
66078 8
66029 8
66018 8
66270 8
66238 8
66402 8
69810 8
69739 8
66238 8
69942 8
69949 8
66308 8
66325 8
66332 8
66336 8
66213 8
66636 8
66182 8
66248 8
66052 8
66266 8
69820 8
69873 8
71708 8
69768 8
69928 8
66273 8
66409 8
65955 8
69883 8
66373 8
66164 8
66284 8
66168 8
66028 8
69862 8
69726 8
69852 8
69925 8
69562 8
69760 8
66028 8
66091 8
69611 8
66413 8
66175 8
66161 8
69792 8
66077 8
69781 8
69861 8
66202 8
70131 8
69862 8
69865 8
66322 8
66224 8
66137 8
66060 8
106856 13
66314 8
66221 8
66140 8
66346 8
69639 8
69680 8
71754 8
69925 8
66004 8
66080 8
66092 8
66535 8
66105 8
66206 8
66209 8
65808 8
66392 8
66175 8
69855 8
69697 8
66203 8
69659 8
66284 8
69785 8
66325 8
69946 8
66249 8
65857 8
66248 8
66325 8
66085 8
66307 8
66305 8
69474 8
69974 8
113447 13
69621 8
70259 8
66287 8
66105 8
66217 8
66206 8
66258 8
66109 8
66165 8
66248 8
66227 8
69830 8
69977 8
111758 13
69474 8
107314 13
66182 8
66154 8
66192 8
66304 8
65903 8
66172 8
66087 8
66046 8
66196 8
71855 8
69740 8
69865 8
69580 8
66231 8
66070 8
66311 8
66301 8
69705 8
66371 8
66196 8
66158 8
66045 8
66329 8
66538 8
69827 8
69530 8
71775 8
66256 8
66308 8
66311 8
66022 8
66367 8
66234 8
66277 8
66343 8
66325 8
65979 8
66388 8
69918 8
70016 8
69872 8
66147 8
69820 8
69771 8
66178 8
66098 8
66318 8
66091 8
66116 8
69660 8
65938 8
66098 8
69785 8
69886 8
66220 8
69977 8
69806 8
69820 8
66161 8
66266 8
66224 8
66406 8
66255 8
66249 8
66290 8
65942 8
66391 8
69931 8
69813 8
69750 8
69428 8
69704 8
66101 8
66025 8
66203 8
66213 8
66123 8
66137 8
66332 8
66098 8
66287 8
69824 8
69656 8
69718 8
69673 8
69785 8
70064 8
66179 8
66336 8
66224 8
66150 8
66353 8
66430 8
69596 8
66029 8
69764 8
69698 8
66353 8
69788 8
69708 8
69928 8
69924 8
69862 8
66123 8
66234 8
66102 8
66133 8
66259 8
66224 8
66353 8
69677 8
70022 8
71636 8
69747 8
69757 8
66520 8
65962 8
66109 8
69666 8
66196 8
66081 8
66127 8
66172 8
66143 8
69760 8
69547 8
69687 8
69873 8
69890 8
66049 8
66221 8
66730 8
66286 8
66133 8
66220 8
66252 8
185153 22
66263 8
69792 8
69768 8
66287 8
69852 8
69771 8
66251 8
65969 8
69600 8
69865 8
66126 8
66052 8
66224 8
70061 8
69607 8
66220 8
69499 8
69855 8
111873 13
69980 8
69726 8
69792 8
65951 8
66402 8
182933 22
66336 8
66199 8
66549 8
66402 8
66224 8
69635 8
69809 8
65927 8
69736 8
69716 8
66238 8
66408 8
66231 8
66112 8
66224 8
66311 8
66059 8
66245 8
66130 8
66192 8
69865 8
69796 8
71807 8
69744 8
65993 8
66060 8
66161 8
66499 8
61650 7
66028 8
109921 13
66244 8
66209 8
66123 8
113259 13
69970 8
71743 8
69698 8
66339 8
66251 8
61451 7
66165 8
66045 8
66112 8
71101 8
66270 8
66231 8
65952 8
71601 8
69778 8
66217 8
69695 8
70047 8
69652 8
66416 8
66357 8
66080 8
66120 8
66269 8
66203 8
66074 8
66241 8
66395 8
69935 8
69684 8
71712 8
69624 8
66279 8
66360 8
66301 8
65854 8
66168 8
111988 13
66178 8
66244 8
66350 8
66444 8
69475 8
69687 8
71803 8
71750 8
66217 8
66070 8
66179 8
66514 8
66095 8
66196 8
65993 8
66123 8
66224 8
69659 8
66346 8
69908 8
69848 8
71768 8
66126 8
66242 8
66189 8
66441 8
66231 8
66179 8
66126 8
66216 8
66223 8
66070 8
66507 8
69673 8
69684 8
71604 8
70078 8
69432 8
69701 8
66259 8
66266 8
65729 8
66237 8
66220 8
109147 13
66311 8
66214 8
71618 8
69715 8
65944 8
66548 8
66238 8
69953 8
66157 8
66231 8
69803 8
66004 8
66133 8
66210 8
66189 8
66737 8
66168 8
69883 8
66133 8
69698 8
69911 8
69677 8
65941 8
65990 8
65989 8
66220 8
66091 8
66503 8
66482 8
69816 8
66122 8
69799 8
69838 8
71674 8
69704 8
69781 8
66360 8
66269 8
65903 8
69673 8
61793 7
66172 8
66266 8
66196 8
69732 8
69945 8
70074 8
66144 8
69618 8
69970 8
69607 8
69526 8
70008 8
69648 8
69963 8
69736 8
69747 8
69722 8
70847 8
69806 8
70002 8
66388 8
66332 8
65138 7
69649 8
66276 8
66311 8
66213 8
66287 8
66108 8
66259 8
65976 8
66349 8
66238 8
66154 8
69827 8
72002 8
69837 8
69635 8
66339 8
66367 8
66182 8
66238 8
66119 8
66161 8
66290 8
66150 8
69953 8
65935 8
69754 8
66143 8
69782 8
69450 8
66262 8
66200 8
66168 8
66335 8
66074 8
66224 8
66245 8
66147 8
66245 8
66265 8
69855 8
66283 8
69914 8
70047 8
66189 8
66074 8
66186 8
66318 8
65952 8
66185 8
65879 8
66405 8
66336 8
66392 8
64929 7
69725 8
69974 8
69862 8
69845 8
66258 8
66084 8
66056 8
66318 8
70239 8
66171 8
66286 8
66052 8
66409 8
69670 8
70144 8
