35602 8
33810 8
36167 8
35658 8
35563 8
33789 8
35521 8
35497 8
33716 8
33799 8
33727 8
35490 8
35534 8
36516 8
35636 8
33600 8
33775 8
33646 8
33810 8
33723 8
33709 8
33716 8
35570 8
33779 8
33786 8
33898 8
35493 8
35713 8
36541 8
35678 8
33740 8
33737 8
75772 18
33702 8
73887 18
33806 8
33831 8
35377 8
35744 8
33747 8
35566 8
35696 8
36488 8
35458 8
33912 8
33740 8
33789 8
33782 8
33737 8
33675 8
33733 8
33772 8
33832 8
33702 8
35611 8
35842 8
33873 8
35504 8
33772 8
35465 8
33653 8
35709 8
33719 8
33702 8
33758 8
33723 8
33657 8
33796 8
33643 8
35737 8
35734 8
36509 8
35727 8
33967 8
34024 8
33625 8
33842 8
33565 8
33722 8
152826 37
33800 8
33873 8
33608 8
36652 8
35626 8
35730 8
35717 8
33866 8
33716 8
33733 8
33971 8
33810 8
33699 8
33828 8
33842 8
33538 8
33695 8
33915 8
35664 8
35580 8
36492 8
35633 8
35489 8
35423 8
35591 8
35747 8
35434 8
35604 8
35773 8
35794 8
35552 8
35567 8
35517 8
35528 8
36550 8
35580 8
35535 8
35842 8
33929 8
33670 8
33726 8
33790 8
33660 8
33667 8
33814 8
33862 8
35633 8
35671 8
35552 8
35793 8
35573 8
35595 8
33915 8
33678 8
33741 8
33799 8
33887 8
33800 8
33831 8
33839 8
35389 8
35703 8
33712 8
35647 8
36649 8
35650 8
33744 8
33636 8
33929 8
33970 8
33628 8
33653 8
33821 8
33772 8
33733 8
36540 8
35604 8
35727 8
35605 8
35598 8
35685 8
33782 8
33684 8
33866 8
33862 8
33719 8
33894 8
34271 8
35559 8
35633 8
35769 8
33827 8
35542 8
35842 8
35608 8
36024 8
33856 8
33901 8
33796 8
33765 8
35392 8
33726 8
33705 8
33824 8
35556 8
35612 8
36596 8
36656 8
35932 8
33736 8
33625 8
35671 8
33891 8
33642 8
33712 8
33737 8
33800 8
33719 8
35454 8
35871 8
33831 8
35618 8
35518 8
34034 8
33692 8
33751 8
33842 8
33789 8
33775 8
33723 8
33722 8
33737 8
33792 8
35626 8
35514 8
35803 8
35584 8
35678 8
33891 8
35559 8
33831 8
33849 8
33618 8
33695 8
34281 8
33727 8
33744 8
35301 8
35566 8
35532 8
35657 8
35507 8
33936 8
33754 8
35637 8
33758 8
33789 8
33828 8
33775 8
33806 8
33622 8
36516 8
35608 8
33437 8
35573 8
35668 8
33838 8
33835 8
33841 8
34229 8
33723 8
33803 8
33804 8
33604 8
35570 8
33779 8
35597 8
35675 8
36520 8
35573 8
35490 8
35639 8
33845 8
33674 8
33838 8
33754 8
33730 8
33615 8
33825 8
35525 8
35583 8
35930 8
33712 8
35940 8
35839 8
33772 8
33778 8
33695 8
33531 8
33618 8
33786 8
33761 8
33695 8
33713 8
33908 8
35552 8
35556 8
36478 8
35741 8
35569 8
35769 8
33859 8
35455 8
33845 8
33790 8
33660 8
33563 8
33737 8
33737 8
35717 8
35755 8
33677 8
35542 8
35441 8
33733 8
33734 8
33824 8
33936 8
33723 8
150970 36
33667 8
33918 8
33747 8
33911 8
35525 8
35518 8
36777 8
35559 8
33835 8
33814 8
33639 8
33677 8
33764 8
35713 8
33741 8
33674 8
33869 8
33642 8
35629 8
35518 8
33824 8
35574 8
33671 8
35563 8
33925 8
35559 8
33772 8
33754 8
33705 8
33806 8
33992 8
33849 8
33691 8
36819 8
109632 26
35549 8
35678 8
33932 8
33904 8
33733 8
33768 8
33733 8
33887 8
33820 8
35699 8
35588 8
36520 8
35720 8
33884 8
33579 8
33894 8
34038 8
33873 8
33765 8
33741 8
33685 8
33771 8
33754 8
35657 8
35688 8
36453 8
35545 8
33765 8
33779 8
33772 8
33832 8
33720 8
34006 8
33772 8
33813 8
33740 8
33730 8
76580 18
35577 8
40562 9
35486 8
35978 8
33702 8
33835 8
33877 8
33664 8
35615 8
33772 8
33831 8
33712 8
33751 8
33601 8
35601 8
33765 8
109268 26
33736 8
33775 8
33810 8
33768 8
35552 8
33740 8
33671 8
33772 8
33741 8
34051 8
35566 8
35563 8
35723 8
33813 8
33692 8
33873 8
33838 8
33890 8
33761 8
33796 8
33775 8
33751 8
33880 8
33863 8
35546 8
35594 8
35549 8
35556 8
35545 8
35755 8
33723 8
35455 8
33803 8
33810 8
33712 8
33929 8
33807 8
33730 8
35287 8
35426 8
41439 10
33852 8
33699 8
33771 8
35539 8
33782 8
33852 8
33702 8
33748 8
34016 8
33849 8
33883 8
35629 8
36041 8
35737 8
35723 8
35549 8
35678 8
35556 8
33856 8
33922 8
33814 8
33775 8
33800 8
33803 8
33681 8
35688 8
35758 8
33790 8
35629 8
35462 8
35570 8
33782 8
31600 7
33587 8
33848 8
33699 8
35525 8
33744 8
33894 8
36757 8
35482 8
33705 8
35639 8
35493 8
35668 8
33684 8
33880 8
33817 8
33961 8
35619 8
33859 8
33716 8
33831 8
33748 8
35563 8
35640 8
35751 8
35776 8
35507 8
33797 8
33800 8
33740 8
33856 8
33782 8
33800 8
33828 8
33841 8
33918 8
36645 8
35682 8
41770 10
33765 8
35559 8
33765 8
33719 8
33814 8
33716 8
33880 8
33838 8
33755 8
33796 8
33754 8
35587 8
35661 8
36645 8
35420 8
35675 8
35538 8
33761 8
33754 8
33821 8
33702 8
33737 8
33667 8
33828 8
33625 8
36712 8
35413 8
36341 8
35688 8
35761 8
35430 8
33821 8
33845 8
33887 8
33834 8
33901 8
33932 8
33541 8
33800 8
35633 8
35573 8
33849 8
35831 8
35612 8
35573 8
33723 8
33748 8
153187 37
33918 8
33989 8
33856 8
33647 8
33611 8
35671 8
35507 8
33856 8
35304 8
35612 8
35587 8
36749 8
33835 8
33660 8
33848 8
35650 8
32748 7
33695 8
33751 8
33771 8
35689 8
35703 8
33947 8
35465 8
35570 8
34323 8
33978 8
33778 8
33698 8
35409 8
33677 8
33726 8
33908 8
33713 8
35612 8
35811 8
44109 10
35643 8
35584 8
33818 8
33876 8
33824 8
33730 8
33716 8
33960 8
33615 8
33846 8
33765 8
35699 8
35611 8
41331 10
35451 8
35626 8
33876 8
33846 8
35661 8
33803 8
33943 8
33792 8
33866 8
33880 8
33734 8
35602 8
35605 8
35590 8
35587 8
35577 8
33786 8
33681 8
35709 8
33618 8
33789 8
33894 8
33740 8
33733 8
35646 8
78102 19
35588 8
33598 8
35608 8
35640 8
33604 8
33737 8
33723 8
33699 8
33786 8
33761 8
33600 8
33835 8
71985 17
36774 8
35835 8
35703 8
36212 8
35947 8
35566 8
35468 8
33856 8
33670 8
33709 8
33793 8
33758 8
33908 8
33894 8
33975 8
35751 8
35619 8
35706 8
76879 18
35664 8
33827 8
33779 8
35486 8
33517 8
33681 8
33852 8
33796 8
33751 8
33747 8
35524 8
172242 42
35637 8
35566 8
35581 8
35751 8
35563 8
35549 8
35580 8
35563 8
35699 8
35535 8
35612 8
35692 8
35497 8
35835 8
33709 8
35968 8
35493 8
33793 8
33922 8
33859 8
33982 8
33618 8
33751 8
33678 8
33814 8
33678 8
33831 8
35811 8
35616 8
36645 8
35668 8
35552 8
35674 8
33741 8
33751 8
33716 8
35528 8
35710 8
33842 8
33863 8
33660 8
35531 8
35608 8
35609 8
35650 8
35409 8
33873 8
33835 8
35549 8
33905 8
33706 8
33671 8
33783 8
35695 8
33849 8
152666 37
35545 8
35681 8
36519 8
35734 8
35804 8
33803 8
33657 8
33755 8
33832 8
33776 8
33702 8
33737 8
33859 8
33671 8
35399 8
35734 8
35674 8
35567 8
35532 8
35650 8
33754 8
33796 8
33751 8
33591 8
33716 8
33908 8
33789 8
33863 8
35622 8
35646 8
36227 8
36568 8
35745 8
35493 8
35678 8
35654 8
33569 8
33744 8
34302 8
33681 8
33807 8
33852 8
33849 8
35517 8
35588 8
33775 8
35678 8
35043 8
33500 8
33849 8
33779 8
33964 8
33618 8
33908 8
33751 8
74334 18
33479 8
33877 8
35664 8
35653 8
36544 8
35486 8
33908 8
33716 8
33835 8
33740 8
33705 8
33775 8
33768 8
33695 8
33754 8
33806 8
36471 8
35528 8
33835 8
36676 8
35563 8
33758 8
33807 8
33932 8
33713 8
33803 8
33743 8
35570 8
33904 8
33723 8
33688 8
35692 8
35556 8
156880 38
35943 8
33922 8
33642 8
33838 8
33762 8
33978 8
33877 8
33705 8
33692 8
33793 8
33583 8
35643 8
35626 8
35556 8
36593 8
35563 8
33723 8
33635 8
33733 8
33848 8
33856 8
33863 8
33702 8
33573 8
34134 8
33758 8
35692 8
35681 8
36572 8
33748 8
35720 8
33601 8
33678 8
33810 8
33531 8
33814 8
35685 8
33758 8
33754 8
33733 8
35713 8
36701 8
35336 8
35580 8
35545 8
35549 8
33915 8
33814 8
33797 8
33765 8
33741 8
33838 8
33834 8
33825 8
33933 8
35646 8
35647 8
36548 8
34030 8
35738 8
33754 8
33796 8
153662 37
33856 8
33867 8
33835 8
33940 8
36655 8
36712 8
35542 8
35752 8
36767 8
35528 8
35793 8
33751 8
33842 8
33476 8
35468 8
33685 8
33894 8
33559 8
33691 8
33814 8
35720 8
35650 8
35518 8
33754 8
35681 8
35535 8
33762 8
33792 8
33699 8
33807 8
33685 8
33793 8
33590 8
33800 8
35581 8
35468 8
33807 8
35433 8
35660 8
35737 8
33769 8
33845 8
33681 8
33804 8
33702 8
33961 8
33734 8
33513 8
33904 8
35538 8
35570 8
35661 8
35748 8
35591 8
35542 8
35591 8
35482 8
33758 8
33754 8
33772 8
33681 8
33926 8
33838 8
35716 8
35591 8
33848 8
35622 8
35633 8
35556 8
33873 8
33657 8
35500 8
34068 8
33755 8
33863 8
33758 8
33838 8
33803 8
35639 8
35608 8
79055 19
35468 8
35588 8
35433 8
35671 8
33744 8
33803 8
33786 8
33706 8
33723 8
33834 8
33869 8
35574 8
35573 8
33800 8
35573 8
35640 8
33793 8
33601 8
33828 8
33667 8
33748 8
33698 8
33496 8
33709 8
33639 8
35741 8
35804 8
35745 8
35675 8
