9493 9
9263 9
9461 9
9915 9
9804 9
9504 9
9483 9
9336 9
9828 9
9954 9
11881 11
10352 10
9901 9
9947 9
9822 9
9535 9
9486 9
9280 9
9409 9
9521 9
9486 9
9493 9
9832 9
9937 9
10023 9
9937 9
9849 9
9912 9
9375 9
9433 9
9503 9
9458 9
9364 9
9297 9
9269 9
9420 9
9388 9
9995 9
9881 9
9287 9
9898 9
9940 9
9971 9
9870 9
9384 9
9325 9
9444 9
9350 9
9304 9
9936 9
9374 9
10265 10
9884 9
9804 9
9940 9
9814 9
9441 9
9465 9
9444 9
8802 8
9482 9
9930 9
9353 9
9350 9
9385 9
10097 9
9870 9
9961 9
10181 9
10023 9
9322 9
9444 9
9912 9
9936 9
9249 9
9437 9
9395 9
9374 9
9940 9
9409 9
9915 9
10076 9
9325 9
9943 9
9919 9
9916 9
9374 9
9507 9
9335 9
9996 9
9878 9
9322 9
9392 9
9465 9
9361 9
9836 9
9946 9
9434 9
9922 9
9880 9
10024 9
9734 9
9392 9
9388 9
9758 9
9420 9
9810 9
9294 9
9377 9
9461 9
9860 9
10034 9
10128 9
9936 9
10037 9
10013 9
9989 9
9831 9
9926 9
9933 9
9915 9
9853 9
9884 9
10013 9
10261 10
9888 9
10006 9
9929 9
10268 10
9713 9
9817 9
9961 9
9929 9
10016 9
9968 9
9881 9
9894 9
9769 9
10209 9
9867 9
9953 9
9933 9
9856 9
9807 9
9734 9
9933 9
9929 9
9926 9
9821 9
9880 9
9817 9
9828 9
9818 9
9933 9
9712 9
10229 9
9950 9
9891 9
9902 9
9884 9
9891 9
9808 9
9902 9
9895 9
9932 9
9870 9
9932 9
10209 9
9807 9
9888 9
10149 9
10076 9
9814 9
9867 9
9790 9
9940 9
9838 9
9922 9
9968 9
9930 9
9797 9
10247 10
9905 9
9988 9
9814 9
9884 9
9884 9
9904 9
9908 9
9870 9
9936 9
10006 9
9905 9
9905 9
9790 9
9891 9
9943 9
9979 9
30826 30
9444 9
9363 9
9490 9
9321 9
9884 9
9336 9
9440 9
9356 9
9403 9
9922 9
10009 9
9957 9
9465 9
9926 9
9933 9
9315 9
9762 9
9340 9
9375 9
9507 9
9856 9
9395 9
9807 9
9381 9
9364 9
9895 9
9807 9
9877 9
9895 9
9391 9
9835 9
9371 9
9370 9
9420 9
9594 9
9378 9
9353 9
9305 9
9430 9
9437 9
10104 9
9884 9
10188 9
9979 9
10094 9
9852 9
9336 9
9462 9
9388 9
9451 9
9360 9
9584 9
9444 9
9270 9
9894 9
9947 9
9375 9
10104 9
9922 9
9888 9
9416 9
9909 9
9444 9
9403 9
9364 9
9493 9
9437 9
9308 9
9489 9
9835 9
9810 9
10376 10
10059 9
9360 9
9601 9
9325 9
9524 9
9350 9
9298 9
9524 9
9266 9
9430 9
9374 9
9350 9
9849 9
9786 9
10219 9
9849 9
9427 9
9409 9
9524 9
9389 9
9374 9
9454 9
9863 9
9465 9
9448 9
9549 9
9922 9
9884 9
10170 9
9996 9
9947 9
9378 9
9434 9
9308 9
9336 9
9406 9
9395 9
9350 9
9653 9
9399 9
9385 9
9877 9
9940 9
10163 9
9898 9
9797 9
9335 9
9364 9
9584 9
9461 9
9378 9
9532 9
9339 9
9461 9
9465 9
9465 9
9811 9
9972 9
10118 9
9367 9
9943 9
9769 9
9333 9
9363 9
9396 9
9577 9
9377 9
10031 9
9500 9
9587 9
9472 9
9933 9
9929 9
10261 10
9940 9
9982 9
9943 9
9479 9
9417 9
9430 9
9395 9
9374 9
9458 9
9479 9
9406 9
9968 9
9856 9
9985 9
9951 9
9954 9
9999 9
9891 9
9461 9
9395 9
9503 9
9381 9
10257 10
9336 9
9399 9
9249 9
9961 9
9825 9
10198 9
10111 9
10009 9
9574 9
9354 9
9874 9
9434 9
9472 9
9406 9
9431 9
9413 9
9423 9
10213 9
10048 9
9838 9
10219 9
9961 9
9744 9
9898 9
9371 9
9322 9
9381 9
9451 9
9305 9
9350 9
9416 9
9420 9
9838 9
9937 9
9434 9
9622 9
9891 9
9371 9
9535 9
9497 9
9493 9
9325 9
9455 9
9287 9
9489 9
9405 9
9413 9
10013 9
9808 9
9933 9
9905 9
9940 9
9521 9
9374 9
9378 9
9469 9
9381 9
9385 9
9360 9
9403 9
9346 9
9298 9
9601 9
9919 9
10282 10
10072 9
10132 9
9922 9
9433 9
9374 9
9486 9
9451 9
9441 9
9441 9
9413 9
9416 9
9821 9
9808 9
9961 9
10023 9
9964 9
9458 9
9461 9
9455 9
9423 9
9490 9
9381 9
9472 9
9367 9
50454 49
9315 9
9846 9
9988 9
9985 9
10006 9
9745 9
9248 9
9461 9
9339 9
9315 9
9451 9
9999 9
9231 9
9427 9
9398 9
9433 9
9829 9
9881 9
10215 9
9832 9
9919 9
10003 9
9259 9
9423 9
9343 9
9402 9
9490 9
9280 9
9898 9
9374 9
10079 9
10272 10
9402 9
10261 10
10247 10
9280 9
9416 9
9378 9
9339 9
9325 9
9374 9
9476 9
9430 9
9448 9
9367 9
9803 9
10013 9
9867 9
10222 9
10055 9
9881 9
9880 9
9388 9
9462 9
9253 9
9430 9
9455 9
9426 9
9381 9
9417 9
9936 9
9852 9
10153 9
10021 9
9863 9
9388 9
9315 9
9486 9
9342 9
9423 9
9318 9
9911 9
9353 9
9378 9
9444 9
9947 9
9789 9
10241 10
9727 9
9374 9
9427 9
9409 9
9385 9
9845 9
9937 9
9298 9
9437 9
9448 9
9926 9
9996 9
9989 9
9940 9
10240 10
9416 9
9479 9
9465 9
9964 9
9381 9
9524 9
9417 9
9591 9
9325 9
9416 9
9284 9
9989 9
9999 9
9901 9
10139 9
9800 9
9902 9
9930 9
9884 9
9859 9
9936 9
9776 9
9769 9
9923 9
9957 9
9909 9
10118 9
9874 9
10205 9
9800 9
9905 9
10184 9
10003 9
9835 9
9950 9
9954 9
10017 9
9912 9
9936 9
9985 9
9867 9
9842 9
10216 9
9852 9
9794 9
9968 9
9950 9
9894 9
9800 9
10055 9
9863 9
9985 9
9961 9
9940 9
10016 9
9919 9
9974 9
10107 9
9954 9
9957 9
9912 9
9971 9
9870 9
10045 9
10013 9
9873 9
9953 9
9794 9
9845 9
9793 9
9874 9
10121 9
9895 9
9922 9
9961 9
9989 9
9775 9
9877 9
9954 9
9877 9
10006 9
9661 9
9336 9
10006 9
9807 9
10052 9
9489 9
10093 9
9441 9
9395 9
9518 9
9322 9
9381 9
9371 9
9472 9
9381 9
9360 9
9402 9
9939 9
9898 9
9957 9
9874 9
9877 9
9842 9
10052 9
10024 9
9503 9
9370 9
9322 9
9409 9
9381 9
9318 9
9901 9
9873 9
9350 9
9817 9
10132 9
10003 9
9451 9
9335 9
9699 9
9353 9
9562 9
9291 9
9416 9
9405 9
9318 9
10076 9
9947 9
9880 9
9887 9
9741 9
9437 9
9458 9
9542 9
9451 9
9507 9
9287 9
9420 9
9486 9
9462 9
9461 9
9577 9
9940 9
10160 9
9954 9
9852 9
9353 9
9364 9
9416 9
9472 9
9315 9
9441 9
9475 9
9353 9
9409 9
9863 9
9985 9
9416 9
9975 9
10069 9
9301 9
9461 9
9371 9
10031 9
9402 9
9458 9
9395 9
9427 9
9343 9
9315 9
9870 9
9828 9
9981 9
10017 9
9944 9
9829 9
9933 9
9472 9
9346 9
9497 9
10250 10
9497 9
9486 9
9301 9
9356 9
9831 9
9252 9
10163 9
9898 9
9416 9
9301 9
9343 9
9486 9
9388 9
9801 9
9329 9
9454 9
9433 9
9346 9
9936 9
9793 9
9503 9
9964 9
9946 9
9395 9
9433 9
9943 9
9577 9
9451 9
9479 9
9378 9
9297 9
9884 9
10027 9
9992 9
9950 9
9887 9
9866 9
9546 9
9356 9
9563 9
9410 9
9465 9
9552 9
9434 9
9409 9
9469 9
9535 9
9318 9
9905 9
10159 9
10020 9
9391 9
9364 9
9284 9
9343 9
9242 9
9451 9
9319 9
9416 9
9294 9
9403 9
9761 9
9947 9
9995 9
9919 9
9852 9
9290 9
9412 9
9451 9
9332 9
9340 9
9475 9
9353 9
9370 9
9416 9
9581 9
9908 9
9829 9
9992 9
10572 10
9926 9
9311 9
9940 9
9291 9
9462 9
9382 9
9350 9
9430 9
9423 9
9486 9
9444 9
9940 9
9866 9
10321 10
10079 9
9440 9
9297 9
9496 9
9503 9
9287 9
9441 9
9437 9
9430 9
9364 9
9381 9
9454 9
10104 9
9814 9
9811 9
9950 9
9849 9
9836 9
9371 9
9424 9
9382 9
9381 9
9405 9
9322 9
9413 9
9406 9
10083 9
9992 9
9350 9
9926 9
9405 9
9940 9
9433 9
9472 9
9402 9
9388 9
9444 9
9336 9
9455 9
9283 9
9326 9
9933 9
9884 9
9867 9
9923 9
9919 9
9849 9
9874 9
9939 9
9454 9
9388 9
9350 9
9378 9
9528 9
9563 9
9388 9
9939 9
9849 9
9957 9
9860 9
9846 9
9350 9
9371 9
9486 9
9385 9
9287 9
9521 9
9461 9
9301 9
9392 9
10188 9
9884 9
9384 9
9842 9
10097 9
9859 9
9817 9
9406 9
9454 9
9884 9
9808 9
10073 9
9908 9
9944 9
9437 9
9835 9
9957 9
10083 9
9992 9
9674 9
9486 9
9305 9
9424 9
9388 9
9486 9
9556 9
9378 9
9374 9
9343 9
9947 9
9975 9
9461 9
9915 9
9947 9
9965 9
9363 9
9430 9
9486 9
9420 9
9329 9
9472 9
9392 9
9399 9
9978 9
9831 9
9919 9
9423 9
9476 9
9947 9
9486 9
9378 9
9336 9
9403 9
9388 9
9932 9
10740 10
9361 9
9356 9
9179 8
9675 9
10063 9
9961 9
9836 9
9808 9
9853 9
9311 9
9367 9
9392 9
9370 9
9475 9
9455 9
9364 9
9378 9
9398 9
9675 9
10422 10
9898 9
9870 9
9412 9
9374 9
9375 9
9361 9
8994 8
9291 9
9573 9
9454 9
9364 9
9384 9
9818 9
9922 9
9363 9
9922 9
9873 9
9926 9
9395 9
9423 9
9441 9
9489 9
9950 9
9514 9
9629 9
9416 9
9489 9
