1273569 155
1271292 155
1273661 155
1235314 150
1235349 150
1254645 153
1236526 150
1272191 155
1412202 172
1274363 155
1272379 155
1274350 155
1271876 155
1260059 153
1245871 152
1273882 155
1359074 165
1258180 153
1273604 155
1237414 151
1233890 150
1349670 164
1262122 154
1235255 150
1234601 150
1239024 151
1238779 151
1235793 150
1259801 153
1237611 151
1235977 150
1235826 150
1255706 153
1275308 155
1342355 163
1277874 155
1269929 155
1269625 154
1361021 166
1274490 155
1273906 155
1274571 155
1274164 155
1274315 155
1269566 154
1259825 153
1353590 165
1266440 154
1256301 153
1271246 155
1449700 176
1257677 153
1254610 153
1270605 155
1270769 155
1255975 153
1269953 155
1289890 157
1272239 155
1274490 155
1272926 155
1269824 155
1273917 155
1274164 155
1274234 155
1275050 155
1273650 155
1272670 155
1275249 155
1273604 155
1366562 166
1273521 155
1273114 155
1274501 155
1272740 155
1273009 155
1359343 165
1459441 178
1274140 155
1274291 155
1274035 155
1273860 155
1273510 155
1273464 155
1271585 155
1411887 172
1274945 155
1274280 155
1266265 154
1269415 154
1253444 153
1347277 164
1270137 155
1429807 174
1271270 155
1265309 154
1273534 155
1273744 155
1273871 155
1429820 174
1275518 155
1274840 155
1274840 155
1275411 155
1272786 155
1273965 155
1274547 155
1272869 155
1274304 155
1272856 155
1273825 155
1274619 155
1274479 155
1489600 181
1274654 155
1274735 155
1274256 155
1274337 155
1273101 155
1274315 155
1274503 155
1273871 155
1271410 155
1269660 154
1251495 152
1255999 153
1253046 152
1291139 157
1238930 151
1236224 150
1239875 151
1235406 150
1235045 150
1407700 171
1264480 154
1256196 153
1232081 150
1235430 150
1235115 150
1257329 153
1435234 175
1273650 155
1269345 154
1274687 155
1269402 154
1274619 155
1238591 151
1246525 152
1274210 155
1271817 155
1255717 153
1233588 150
1272390 155
1267234 154
1274536 155
1270944 155
1274350 155
1254667 153
1265963 154
1269940 155
1325310 161
1248216 152
1244134 151
1235933 150
1257900 153
1253617 153
1265751 154
1425469 174
1274385 155
1270303 155
1266731 154
1274862 155
1274164 155
1268925 154
1274676 155
1273370 155
1270629 155
1256325 153
1271725 155
1255555 153
1410443 172
1274654 155
1240295 151
1321110 161
1353660 165
1256990 153
1270373 155
1556730 190
1275586 155
1274234 155
1274490 155
1274560 155
1274350 155
1428116 174
1274022 155
1275015 155
1274339 155
1274092 155
1272834 155
1274234 155
1436691 175
1273663 155
1270255 155
1269778 155
1271213 155
1273112 155
1272239 155
1353671 165
1273044 155
1274956 155
1274923 155
1272040 155
1273919 155
1275564 155
1274687 155
1274011 155
1273195 155
1274479 155
1272915 155
1273114 155
1275120 155
1274105 155
1405869 171
1274339 155
1273698 155
1275061 155
1274223 155
1273803 155
1274245 155
1358573 165
1274757 155
1273499 155
1274630 155
1272471 155
1272517 155
1273954 155
1256907 153
1407442 171
1274514 155
1272624 155
1258786 153
1254995 153
1254284 153
1272705 155
1448814 176
1274420 155
1272541 155
1273650 155
1274164 155
1274875 155
1273626 155
1273475 155
1357289 165
1269253 154
1267105 154
1254306 153
1272274 155
1272134 155
1271609 155
1275879 155
1274363 155
1273324 155
1272425 155
1270244 155
1271981 155
1273906 155
1274116 155
1275085 155
1274280 155
1273766 155
1273171 155
1274420 155
1274291 155
1497954 182
1274291 155
1274256 155
1275109 155
1274151 155
1274291 155
1275026 155
1460084 178
1275085 155
1273416 155
1271165 155
1272285 155
1274105 155
1274164 155
1274164 155
1274339 155
1273847 155
1270056 155
1272775 155
1274512 155
1274641 155
1274829 155
1274676 155
1269450 154
1272519 155
1274689 155
1270395 155
1233890 150
1278200 156
1268599 154
1270443 155
1274875 155
1271305 155
1274608 155
1273768 155
1273068 155
1272788 155
1273147 155
1275201 155
1270990 155
1273825 155
1274899 155
1274175 155
1275026 155
1358713 165
1273919 155
1272996 155
1429564 174
1271994 155
1254481 153
1271467 155
1272961 155
1274258 155
1273965 155
1288420 157
1274781 155
1274851 155
1275691 155
1273206 155
1274210 155
1275271 155
1274547 155
1273943 155
1276310 155
1274477 155
1272963 155
1275120 155
1272915 155
1274234 155
1274442 155
1273685 155
1275540 155
1350744 164
1275015 155
1274503 155
1274129 155
1275505 155
1274129 155
1275236 155
1275063 155
1443971 176
1271679 155
1273556 155
1273173 155
1271550 155
1271316 155
1268702 154
1413230 172
1274886 155
1272775 155
1274245 155
1273615 155
1274840 155
1275177 155
1443750 176
1272797 155
1276065 155
1274560 155
1274059 155
1275435 155
1275413 155
1442116 176
1275063 155
1272996 155
1273615 155
1274757 155
1272635 155
1273604 155
1274129 155
1275798 155
1274013 155
1274433 155
1274643 155
1274151 155
1273884 155
1407711 171
1274724 155
1269437 154
1272366 155
1255159 153
1259919 153
1270826 155
1433379 174
1271703 155
1253466 153
1272530 155
1274315 155
1269275 154
1270944 155
1409881 172
1275575 155
1259685 153
1268247 154
1266252 154
1273707 155
1270546 155
1271865 155
1290579 157
1258215 153
1270780 155
1274361 155
1273847 155
1274245 155
1255671 153
1430030 174
1274829 155
1268015 154
1269789 155
1255835 153
1271294 155
1257281 153
1238429 151
1260875 153
1236924 150
1257970 153
1236259 150
429568 52
436856 53
436612 53
436900 53
1273300 155
1275575 155
1274000 155
1370856 167
1274689 155
1273593 155
1270850 155
1270325 155
1269577 154
1344980 164
1269776 155
1258624 153
1256723 153
1416964 172
1273919 155
1271165 155
1273860 155
1274116 155
1267011 154
1255542 153
1255437 153
1457844 177
1271701 155
1269730 154
1269439 154
1272145 155
1273777 155
1273965 155
1276170 155
1273580 155
1274164 155
1273101 155
1271596 155
1273300 155
1270931 155
1352098 165
1270839 155
1235592 150
1238405 151
1244915 151
1239385 151
1239291 151
1260595 153
1248975 152
1254763 153
1254203 153
1254448 153
1254960 153
1250108 152
1393140 170
1249522 152
1257760 153
1277779 155
1258775 153
1242944 151
1243598 151
1239595 151
1236305 150
1255380 153
1237239 151
1236222 150
1258226 153
1240656 151
1320679 161
1262404 154
1230613 150
1251611 152
1252381 152
1250948 152
1251250 152
1272519 155
1409776 172
1274350 155
1275015 155
1275260 155
1275015 155
1275529 155
1272250 155
1275586 155
1354487 165
1274687 155
1360695 166
1271025 155
1269870 155
1255636 153
1359750 165
1288199 157
1270699 155
1273650 155
1274210 155
1274070 155
1275343 155
1273101 155
1276205 155
1274770 155
1274129 155
1273020 155
1272659 155
1267921 154
1270056 155
1363228 166
1274151 155
1275365 155
1265285 154
1256080 153
1270721 155
1264491 154
1262706 154
1401831 171
1235290 150
1232175 150
1232514 150
1254621 153
1236235 150
1234135 150
1412261 172
1274851 155
1256443 153
1233505 150
1236176 150
1252031 152
1229082 150
1227752 149
1395964 170
1237576 151
1267234 154
1196335 146
1232059 150
1194959 145
1327526 162
1235384 150
1217499 148
1251996 152
1233866 150
1405985 171
1218374 148
1227671 149
1235465 150
1236165 150
1235732 150
1219925 148
1215060 148
1428210 174
1260409 153
1253083 152
1259359 153
1235535 150
1227205 149
1232794 150
1385884 169
1268074 154
1216412 148
1246595 152
1307810 159
1241240 151
1217779 148
1252941 152
1350685 164
1240446 151
1254702 153
1236375 150
1315044 160
1237519 151
1216915 148
1419506 173
1272926 155
1271773 155
1274186 155
1273486 155
1273744 155
1271003 155
1274164 155
1273241 155
1258204 153
1273322 155
1269940 155
1271025 155
1431010 174
1272751 155
1273674 155
1273685 155
1274409 155
1255288 153
1254494 153
1271421 155
1274993 155
1272692 155
1274934 155
1272517 155
1273346 155
1270104 155
1269905 155
1453935 177
1274899 155
1273125 155
1272578 155
1274654 155
1468226 179
1274956 155
1274711 155
1274783 155
1274805 155
1272834 155
1273919 155
1273593 155
1274466 155
1274258 155
1271235 155
1271911 155
1276719 155
1433600 175
1274560 155
1272729 155
1273346 155
1273871 155
1271165 155
1369364 167
1274420 155
1274153 155
1274269 155
1275879 155
1274070 155
1273930 155
1273768 155
1269649 154
1270767 155
1256863 153
1271469 155
1274151 155
1451461 177
1271806 155
1273930 155
1271817 155
1274363 155
1270102 155
1451951 177
1273965 155
1273545 155
1352166 165
1271935 155
1271526 155
1271038 155
1424605 173
1272075 155
1269916 155
1269251 154
1270931 155
1273534 155
1414560 172
1265624 154
1275527 155
1359074 165
1274805 155
1275190 155
1356821 165
1272075 155
1274046 155
436600 53
1273569 155
1274420 155
1274337 155
1271211 155
1274304 155
1276181 155
1274595 155
1273978 155
1518733 185
1263056 154
1274503 155
1274479 155
1272928 155
1271806 155
1273243 155
1275518 155
1269159 154
1355375 165
1270465 155
1257305 153
1402881 171
1267501 154
1256196 153
1274525 155
1275378 155
1270091 155
1269708 154
1274770 155
1275306 155
1273569 155
1275050 155
1277338 155
1274864 155
1468320 179
1275179 155
1274105 155
1271165 155
1273744 155
1272961 155
1272810 155
1444927 176
1455418 177
1115620 136
1273114 155
1274595 155
1273628 155
1273429 155
1254284 153
1257410 153
1417255 173
1275400 155
1275050 155
1273346 155
1270139 155
1274643 155
1274105 155
1271458 155
1281921 156
1271036 155
1267711 154
1256618 153
1270955 155
1275422 155
1268446 154
1350230 164
1275190 155
1273534 155
1274560 155
1275273 155
1272040 155
1272156 155
1273534 155
1274186 155
1273254 155
1353682 165
1274164 155
1272950 155
1273510 155
1274315 155
1274538 155
1272764 155
1275658 155
1257423 153
1256465 153
1254330 153
1269835 155
1268527 154
1388905 169
1273241 155
1253899 153
1248299 152
1236270 150
1275354 155
1362421 166
1272670 155
1273720 155
1257432 153
1269752 154
1256069 153
1269019 154
1373144 167
1273639 155
1276111 155
1274245 155
1275610 155
1275225 155
1403920 171
1275610 155
1272915 155
1274232 155
1274619 155
1274479 155
1271001 155
1271213 155
1427744 174
1275179 155
1275866 155
1273685 155
1272123 155
1277581 155
1273114 155
1275807 155
1274770 155
1270629 155
1256452 153
1254505 153
1269964 155
1274350 155
1267245 154
1272379 155
1273685 155
1274490 155
1275389 155
1274466 155
1419727 173
1275306 155
1273906 155
1273055 155
1274420 155
1273125 155
1274525 155
1347045 164
1372724 167
1275284 155
1257084 153
1274886 155
1274057 155
1275166 155
1275098 155
1272589 155
1363961 166
1274781 155
1358945 165
1269962 155
1273766 155
1253385 153
1338796 163
1238895 151
1236467 150
1405495 171
1255813 153
1244436 151
1235570 150
1231742 150
1237158 151
1263629 154
1231930 150
1434884 175
1358372 165
1273418 155
1272099 155
1273510 155
1361559 166
1231289 150
1232851 150
1267770 154
1381402 168
1267468 154
1235045 150
1272681 155
1272869 155
1233982 150
1235815 150
1322685 161
1332275 162
1252523 152
1247586 152
1234345 150
1337129 163
1273289 155
1273335 155
1274280 155
1272005 155
1274875 155
1275470 155
1273265 155
1274851 155
1274293 155
1275890 155
1275271 155
1276811 155
1274805 155
1272215 155
1272438 155
1274175 155
1448976 176
1274770 155
1272613 155
1273908 155
1275098 155
1275575 155
1271049 155
1272134 155
1286786 157
1274477 155
1352400 165
1274280 155
1275737 155
1273987 155
1359387 165
1435280 175
1274442 155
1269916 155
1273348 155
1272379 155
1273790 155
1269531 154
1393444 170
1275586 155
1269660 154
1270244 155
1274431 155
1273125 155
1273499 155
1432386 174
1275273 155
1273300 155
1274326 155
1274538 155
1270045 155
1269684 154
1444240 176
1274315 155
1272600 155
1275144 155
1274164 155
1274057 155
1273558 155
1419355 173
1273300 155
1274991 155
1275004 155
1274304 155
1274431 155
1275728 155
1273206 155
1273534 155
1274407 155
1272110 155
1272611 155
1274199 155
1359680 165
1272694 155
1465299 178
1275656 155
1274000 155
1270872 155
1271970 155
1270312 155
1274549 155
1437695 175
1272298 155
1258263 153
1255531 153
1253350 152
1251799 152
1215305 148
1252803 152
1402299 171
1274083 155
1273919 155
1272460 155
1270465 155
1273580 155
1239967 151
1269649 154
1240212 151
1237974 151
1235977 150
1239339 151
1244062 151
1244541 151
1258845 153
1271410 155
1271327 155
1273125 155
1273101 155
1273650 155
1273230 155
1273405 155
1270080 155
1256023 153
1274490 155
1273313 155
1274689 155
1273987 155
1273930 155
1273206 155
1273766 155
