375329 91
423605 103
397016 96
381990 93
441818 107
337925 82
373918 91
337995 82
332115 81
459281 112
369705 90
473983 115
370954 90
374349 91
466432 113
466644 113
455245 111
474086 115
463715 113
472815 115
459154 112
471846 115
462059 112
478822 116
464706 113
459224 112
485507 118
454230 110
485496 118
467412 114
461860 112
462011 112
468871 114
580602 141
473806 115
471229 115
446891 109
472511 115
424176 103
466679 113
436043 106
457566 111
455129 111
432611 105
389515 95
373776 91
339395 82
359813 87
327974 80
336444 82
361456 88
381780 93
391464 95
391696 95
373356 91
354795 86
393037 95
351273 85
344341 84
345695 84
343840 83
399746 97
638820 155
398033 97
343654 83
341495 83
367163 89
346780 84
341775 83
327484 79
337284 82
327040 79
341867 83
322127 78
395045 96
337586 82
403410 98
326305 79
398068 97
359415 87
375283 91
344435 84
318163 77
336280 82
343199 83
341996 83
334657 81
322700 78
353640 86
344273 84
353710 86
341180 83
334506 81
334576 81
368736 90
379599 92
554634 135
331369 80
377755 92
335685 81
408321 99
485962 118
364083 88
371455 90
356580 87
355880 86
447731 109
623897 152
367185 89
462245 112
369681 90
448606 109
444616 108
422706 103
450286 109
428680 104
435645 106
428249 104
358704 87
354561 86
323015 78
337109 82
330260 80
335768 81
566849 138
344319 84
350151 85
329875 80
340782 83
330319 80
328523 80
410246 100
335055 81
331614 80
522819 127
391241 95
329280 80
444979 108
331603 80
465185 113
350291 85
465548 113
365658 89
434199 106
425681 103
435050 106
434455 106
462549 112
435400 106
423605 103
433160 105
426580 104
433278 105
412357 100
422135 103
420293 102
510556 124
420864 102
438970 107
443730 108
444664 108
437443 106
426954 104
387706 94
419488 102
490361 119
365131 89
389003 94
364722 89
390869 95
389644 95
394041 96
373614 91
357000 87
467331 114
359800 87
413816 101
357258 87
442015 107
441619 107
420886 102
406724 99
401870 98
435807 106
330343 80
360137 87
335989 82
416559 101
415170 101
445585 108
465732 113
509845 124
496696 121
477481 116
370440 90
440871 107
400494 97
430837 105
335020 81
370230 90
441280 107
435785 106
451780 110
462269 112
341858 83
330844 80
435798 106
420315 102
404867 98
432110 105
481705 117
438609 107
450754 110
361596 88
499544 121
483105 117
459386 112
464741 113
455630 111
468965 114
472301 115
452071 110
538184 131
449459 109
436719 106
333609 81
334379 81
179744 43
116040 28
362834 88
338428 82
368563 89
362204 88
412219 100
356836 87
415006 101
384440 93
434584 106
382060 93
457439 111
399315 97
418565 102
385722 94
419289 102
414831 101
398987 97
395828 96
330540 80
345380 84
345216 84
390436 95
386481 94
419136 102
126224 30
427035 104
362554 88
432180 105
342195 83
439681 107
388662 94
445211 108
375666 91
412615 100
376799 91
419313 102
488589 119
360885 88
398020 97
355694 86
343805 83
356007 86
385315 94
353594 86
363206 88
351107 85
398755 97
332312 81
319561 78
323785 79
317647 77
355390 86
315630 77
338520 82
326060 79
345054 84
322000 78
370825 90
593810 144
323411 78
320519 78
322070 78
318128 77
362823 88
320565 78
367185 89
487725 119
369110 90
352682 86
335429 81
383648 93
333771 81
365365 89
429192 104
361200 88
369950 90
360336 87
399490 97
377873 92
449481 109
391068 95
428995 104
451115 110
426252 104
441582 107
411834 100
438806 107
363160 88
423360 103
335486 81
419882 102
335871 81
123816 30
441783 107
382736 93
410887 100
421785 102
479699 117
451091 110
443286 108
385934 94
415625 101
371477 90
341893 83
720370 175
338041 82
460810 112
444605 108
477728 116
461173 112
439600 107
601066 146
364129 88
361397 88
424423 103
383027 93
374942 91
398930 97
427385 104
426475 104
437968 106
391475 95
410876 100
347948 84
379667 92
405055 98
339406 82
348589 85
421260 102
354165 86
322024 78
399932 97
362600 88
351341 85
513369 125
482370 117
346802 84
406337 99
362751 88
433230 105
439285 107
420186 102
445607 108
450835 110
440978 107
432963 105
510497 124
449599 109
471824 115
450170 109
451955 110
422439 103
430301 105
436601 106
473596 115
463435 113
447661 109
462547 112
454149 110
468138 114
479500 117
465769 113
447884 109
462372 112
374583 91
410108 100
410865 100
367745 89
381885 93
347259 84
372505 90
355436 86
367266 89
358739 87
427011 104
361036 88
354784 86
346163 84
451828 110
379623 92
426044 104
378035 92
452585 110
371431 90
423815 103
411635 100
405171 98
409675 100
645938 157
395360 96
427921 104
407190 99
426685 104
379085 92
435037 106
389784 95
383972 93
408590 99
364956 89
397576 97
429590 104
390099 95
375469 91
434315 106
452073 110
395056 96
411648 100
412801 100
404729 98
430255 105
395104 96
433847 105
408474 99
434127 105
416524 101
432624 105
405079 98
525396 128
397449 97
437874 106
402500 98
391803 95
373345 91
368607 89
365284 89
408264 99
470505 114
407914 99
442680 108
442225 107
442459 108
419112 102
450380 109
434746 106
408695 99
410970 100
511442 124
400400 97
401297 97
348414 85
333528 81
349532 85
365529 89
361526 88
392923 95
501935 122
423301 103
411926 100
423185 103
403375 98
440755 107
405265 98
446204 108
364606 89
462724 112
405405 98
442400 108
367032 89
443251 108
371490 90
471310 115
424305 103
450415 109
600005 146
428529 104
457509 111
439226 107
442540 108
753491 183
441151 107
416804 101
461147 112
423675 103
486896 118
423780 103
480165 117
413396 100
540201 131
379925 92
454873 111
383775 93
357059 87
372015 90
400693 97
365516 89
414947 101
436275 106
324380 79
373299 91
516565 126
423371 103
376692 91
393004 95
461009 112
444139 108
459701 112
451349 110
473082 115
437104 106
460145 112
442575 108
436006 106
382375 93
371385 90
485251 118
466375 113
422531 103
407588 99
414295 101
370440 90
367021 89
445736 108
349243 85
427910 104
359170 87
372260 90
328709 80
331789 81
397624 97
404110 98
360058 87
423909 103
414050 101
343630 83
430920 105
429940 104
375165 91
422951 103
436428 106
451605 110
398278 97
561050 136
465349 113
439075 107
429008 104
358947 87
424235 103
380881 92
422975 103
354911 86
441466 107
416793 101
419182 102
415111 101
502062 122
410970 100
379564 92
413199 100
415765 101
428260 104
461709 112
467659 114
463260 113
451559 110
461521 112
459388 112
460414 112
468300 114
475884 116
471964 115
484890 118
504035 123
501760 122
482475 117
500161 122
503405 122
506113 123
485940 118
461685 112
490571 119
445983 108
488495 119
410305 100
437839 106
519995 126
525875 128
457262 111
432180 105
482217 117
432344 105
491656 120
407914 99
477343 116
456365 111
467775 114
385676 94
440731 107
364560 89
484820 118
401660 98
442785 108
400704 97
442634 108
432342 105
442772 108
599143 146
440440 107
430780 105
443054 108
469630 114
417935 102
464356 113
429496 104
472664 115
419416 102
467810 114
431281 105
468451 114
452224 110
459970 112
432659 105
448897 109
443892 108
385980 94
442039 107
634633 154
437664 106
412558 100
435597 106
433171 105
443019 108
483221 117
640279 156
452340 110
399934 97
512529 125
469442 114
505446 123
443754 108
485054 118
427980 104
484131 118
437303 106
471485 115
487084 118
449085 109
489160 119
453473 110
466364 113
439180 107
483245 117
437559 106
483595 118
456190 111
492706 120
464065 113
469514 114
430594 105
472126 115
447103 109
480235 117
444174 108
480211 117
448035 109
477656 116
436894 106
445655 108
754705 184
449201 109
438504 107
453202 110
469326 114
449586 109
460414 112
465979 113
482499 117
464461 113
481040 117
457999 111
442317 107
437909 106
443415 108
441816 107
443590 108
641528 156
407015 99
377615 92
405637 99
357514 87
427374 104
418740 102
394017 96
425285 103
379879 92
393387 96
400494 97
395290 96
395161 96
398475 97
563931 137
397506 97
403327 98
410690 100
364444 88
378407 92
399245 97
354165 86
436229 106
426324 104
395828 96
372645 90
428306 104
491656 120
446552 109
369775 90
433101 105
435890 106
350118 85
665140 162
617387 150
364805 89
380229 92
470389 114
449691 109
436789 106
493080 120
449667 109
424911 103
427116 104
343746 83
417784 101
365354 89
340981 83
393120 95
383810 93
361585 88
339710 82
410152 100
658525 160
341926 83
446985 109
438854 107
355344 86
362517 88
467145 114
453775 110
379365 92
429310 104
339758 82
396095 96
423640 103
317461 77
371619 90
479209 116
353371 86
452771 110
350713 85
355495 86
390425 95
345251 84
432635 105
342650 83
426335 104
341810 83
411718 100
362683 88
380741 92
330936 80
408719 99
443065 108
440359 107
370733 90
402128 98
360010 87
411053 100
350234 85
394741 96
674111 164
385921 94
419462 102
365831 89
394065 96
353979 86
467401 114
462875 113
465207 113
505901 123
427350 104
452294 110
375386 91
439972 107
354213 86
595980 145
359393 87
367651 89
403211 98
376062 91
429358 104
524685 128
478159 116
421015 102
463925 113
380857 92
433698 105
381266 93
442518 108
393984 96
414343 101
383191 93
372389 90
343234 83
456098 111
337378 82
365855 89
361130 88
424281 103
340504 83
362075 88
391031 95
418051 102
341473 83
408100 99
355751 86
375399 91
353522 86
382154 93
382283 93
474331 115
382036 93
340246 83
420851 102
420291 102
447930 109
432985 105
383659 93
415824 101
371921 90
418449 102
380741 92
365295 89
495694 121
391184 95
400914 97
374185 91
370906 90
347795 84
366229 89
350059 85
513717 125
366765 89
356265 86
346839 84
333259 81
346010 84
324846 79
365540 89
351656 85
372179 90
330772 80
385035 94
330925 80
375316 91
327309 79
474099 115
329302 80
380240 92
365516 89
322407 78
367023 89
371374 90
489639 119
452550 110
458780 112
370147 90
451513 110
475289 116
429741 104
425517 103
425344 103
410666 100
454954 111
388861 94
438060 106
412720 100
430605 105
392770 95
356755 87
374780 91
372949 91
365597 89
356195 86
372866 91
342744 83
403992 98
326852 79
366299 89
316680 77
342895 83
358343 87
333432 81
319200 77
329223 80
339336 82
351201 85
393236 96
355495 86
359625 87
352111 85
362718 88
352800 86
399512 97
359951 87
344365 84
530412 129
346290 84
363906 88
328663 80
393376 96
354410 86
360839 88
359216 87
392934 95
433733 105
351831 85
443299 108
420746 102
448245 109
373393 91
445362 108
361889 88
448816 109
699580 170
397029 96
403795 98
377219 92
429507 104
363580 88
401673 98
338603 82
421306 102
413280 100
424808 103
426475 104
405182 98
402616 98
434748 106
382329 93
437616 106
379133 92
409441 99
357407 87
408778 99
375946 91
363055 88
383740 93
361946 88
351855 85
355344 86
345299 84
353721 86
401391 97
355086 86
359603 87
431084 105
378000 92
429463 104
367944 89
411751 100
685790 167
400470 97
409791 100
489195 119
434245 106
466819 113
433486 105
442995 108
653076 159
472198 115
471636 115
482521 117
477295 116
