2637285 160
2634065 160
2629504 160
2632501 160
2632000 160
2629200 160
2631790 160
2633914 160
2632011 160
2630285 160
2715009 165
2632164 160
2632525 160
2710273 165
2632853 160
2632245 160
2632538 160
2634065 160
2631394 160
2632525 160
2633470 160
2632678 160
2631488 160
2721530 166
2683485 163
2718673 165
2768021 168
2633936 160
2633424 160
2630681 160
2632210 160
2632280 160
2632910 160
2713948 165
2632969 160
2631090 160
2631836 160
2709466 165
2632595 160
2633833 160
2762200 168
2719382 165
2632794 160
2697078 164
2629620 160
969692 59
902188 55
2767216 168
2629841 160
2632560 160
2632151 160
2632070 160
2633085 160
2630379 160
2713854 165
2633295 160
2631884 160
2630810 160
2710728 165
2632245 160
2632164 160
1922269 117
902740 55
2631731 160
2636073 160
2630180 160
2718789 165
2631650 160
2632442 160
1286290 78
902072 55
2716606 165
2632479 160
2632536 160
2633387 160
2632525 160
2633750 160
2633015 160
2632547 160
2631591 160
2633831 160
2632339 160
2703448 165
2629959 160
2636001 160
2758641 168
2632560 160
2631952 160
2632444 160
2629526 160
2634030 160
2633026 160
2632665 160
2633540 160
2631720 160
2633470 160
2700425 164
2633389 160
2716643 165
2631965 160
2632864 160
2727246 166
2632129 160
2633273 160
2632175 160
2634334 160
2633947 160
2633131 160
2631534 160
2772560 169
2629493 160
2631265 160
2691174 164
2631114 160
2632619 160
2633120 160
2632046 160
2631639 160
2632829 160
2632759 160
2722206 166
2633912 160
2716140 165
1833821 111
902252 55
2631545 160
2768874 168
2632875 160
2632140 160
2714366 165
2631615 160
2634275 160
2632722 160
2632816 160
2634684 160
2632536 160
2633761 160
2715744 165
2631416 160
2630974 160
2776025 169
2631300 160
2633002 160
2726990 166
2632081 160
2632479 160
2719185 165
2633341 160
2634100 160
2631499 160
2715731 165
2706900 165
2630624 160
2631698 160
2768034 168
2631989 160
2630729 160
2714670 165
2721821 166
902464 55
902828 55
2632350 160
2928741 178
2630810 160
2633505 160
902248 55
2717061 165
901796 55
2632070 160
2633389 160
2632164 160
2630344 160
2632595 160
2630937 160
2713957 165
2706071 165
2632711 160
2632969 160
2782594 169
2632875 160
2631335 160
2632105 160
2715418 165
998683 60
903436 55
2631674 160
2718765 165
2631847 160
2632374 160
2631733 160
2716956 165
2632420 160
2633833 160
2631790 160
2762213 168
2631709 160
2632897 160
2704951 165
2631322 160
2631195 160
2631674 160
2632024 160
2711078 165
2631954 160
2632805 160
2669485 162
2632582 160
2631394 160
2633831 160
2632151 160
2695035 164
2631486 160
2631278 160
2715044 165
902256 55
2630740 160
902684 55
902280 55
2254310 137
2632503 160
2633551 160
2634146 160
2631779 160
2635231 160
2632573 160
2713994 165
2710179 165
2631453 160
2710728 165
2630694 160
2631941 160
2631930 160
2633074 160
2714132 165
2705909 165
2631556 160
2632630 160
2608606 159
902752 55
2632024 160
2632958 160
2719301 165
2632969 160
2629760 160
2716956 165
2703424 165
2632339 160
2633061 160
2221605 135
902476 55
2801564 170
2633273 160
2633249 160
2709700 165
2632374 160
902604 55
903220 55
2633004 160
2633562 160
2629806 160
2808131 171
2632549 160
2632853 160
2707333 165
2633225 160
2633072 160
2631055 160
2631882 160
2711625 165
2633575 160
2717820 165
2631626 160
2630961 160
2633120 160
2630845 160
2632676 160
1323257 80
902824 55
2717737 165
2633214 160
2631217 160
2632818 160
2632092 160
2631427 160
2693344 164
2633004 160
2716035 165
2770845 169
2631952 160
2634052 160
2631779 160
2633026 160
2631079 160
2633400 160
2631882 160
2724378 166
2629701 160
2632490 160
2715254 165
2743698 167
2632234 160
2632199 160
2631405 160
2632094 160
2632013 160
2633435 160
1453294 88
902756 55
2632407 160
2633669 160
2630939 160
2633271 160
2723057 166
2632735 160
2630342 160
2717168 165
2631440 160
2632374 160
2633177 160
902828 55
2639748 161
2633540 160
2633365 160
2717949 165
2632245 160
2633667 160
2633435 160
2714226 165
2715593 165
2631755 160
2632245 160
2708871 165
2632339 160
2706025 165
2632024 160
2630775 160
2632757 160
2633938 160
2732927 166
2632315 160
2632245 160
2708626 165
2744140 167
2710203 165
2714867 165
2632269 160
2721005 166
2631462 160
2631965 160
2630460 160
2630484 160
2702816 164
2633529 160
2631497 160
2790609 170
2632595 160
2634194 160
2632199 160
2630390 160
2811176 171
2631558 160
2633505 160
2708615 165
2632781 160
2629480 160
2716337 165
2632245 160
2803640 171
2631580 160
2631405 160
2705723 165
2631976 160
2632770 160
2631265 160
902456 55
2632221 160
902812 55
901976 55
2631114 160
2630624 160
2630506 160
2631707 160
2631418 160
2708252 165
2629117 160
2632116 160
2401113 146
902668 55
2633634 160
2633004 160
2631007 160
2724551 166
2633155 160
2632654 160
2790644 170
2633179 160
2632700 160
2633658 160
2633203 160
2706421 165
2632630 160
2630904 160
2840543 173
2630692 160
2632584 160
2713922 165
2633330 160
2632746 160
2706071 165
2632573 160
2714681 165
2632433 160
2630611 160
2632501 160
2629913 160
2633680 160
1526110 93
902516 55
2631825 160
2632070 160
2702886 164
2712384 165
2632956 160
2630075 160
2632862 160
2704555 165
2633575 160
2703107 164
2632269 160
2632129 160
2711752 165
2632374 160
2632851 160
2760695 168
2630589 160
2631580 160
2633505 160
2631230 160
2632560 160
2629690 160
2631440 160
2718391 165
2633343 160
2633133 160
2776922 169
2631930 160
2632641 160
2632700 160
2632711 160
2717096 165
2632573 160
2631720 160
2764125 168
2721471 166
2632105 160
2630250 160
2634894 160
902484 55
902736 55
2631440 160
2632549 160
2710925 165
2631101 160
2633365 160
2631385 160
902228 55
2789045 170
2629585 160
2631101 160
2713375 165
2633061 160
2633214 160
2706047 165
2633249 160
2631672 160
2798471 170
2630169 160
2632151 160
2633306 160
2631265 160
2632455 160
2633702 160
2634124 160
2724061 166
2632549 160
2630670 160
2708650 165
2632466 160
2631591 160
2633120 160
2631440 160
2633271 160
2632116 160
2633015 160
1381038 84
903156 55
2777237 169
2632105 160
2631930 160
2708348 165
2632210 160
2631720 160
2762736 168
2632759 160
2632339 160
2632105 160
901972 55
2631943 160
2632573 160
2632396 160
2631941 160
2633726 160
902664 55
902904 55
2775979 169
2632129 160
2631567 160
2714099 165
2632582 160
970744 59
902500 55
2632175 160
2632993 160
2632853 160
2714764 165
2630845 160
2633260 160
2709337 165
2630635 160
2632293 160
2693444 164
902744 55
2633354 160
2632011 160
2722591 166
2632899 160
2633061 160
2632350 160
901836 55
2632175 160
2633693 160
2634673 160
2722182 166
2632549 160
2632676 160
2632595 160
2631287 160
2632245 160
2632162 160
2632781 160
2706725 165
2719126 165
2633133 160
2631637 160
2632899 160
2633074 160
2632442 160
2631136 160
902960 55
902636 55
2630845 160
2632678 160
2630355 160
2631766 160
2702105 164
2633260 160
2716735 165
2631521 160
2631943 160
2759096 168
2631882 160
2631532 160
2718006 165
2632431 160
2824990 172
2632630 160
2633413 160
2631370 160
2632269 160
2633085 160
2716573 165
2631324 160
2644040 161
2633704 160
2631311 160
2705255 165
2631558 160
2632466 160
2716597 165
902388 55
902828 55
2757009 168
2633004 160
2633505 160
902588 55
901744 55
2631941 160
2633435 160
2707495 165
2630064 160
2632840 160
2825187 172
2631357 160
2632536 160
2632619 160
2633107 160
1294795 79
902284 55
2632827 160
2631405 160
2751035 167
2633645 160
2632479 160
2630683 160
2631965 160
2726710 166
2631965 160
2632304 160
2559623 156
1013760 61
902092 55
2631755 160
1451492 88
902548 55
2631230 160
2632234 160
2631208 160
2632945 160
2706946 165
2762502 168
902792 55
903288 55
2632945 160
2631383 160
2712150 165
2631300 160
2715882 165
2633529 160
2632433 160
2632280 160
2633179 160
2631217 160
2776366 169
901884 55
2632630 160
2632105 160
2632151 160
2633133 160
903392 55
2631989 160
2632571 160
2632501 160
2631254 160
2632070 160
2629362 160
2629876 160
2633903 160
2631219 160
2632875 160
2759656 168
2630169 160
2632337 160
2633179 160
2632164 160
902440 55
901300 55
2631007 160
2632501 160
2631195 160
2709361 165
2630786 160
2633131 160
2760636 168
2633166 160
2633435 160
2710645 165
2633693 160
2703133 164
2707974 165
2631346 160
2633389 160
2632910 160
2633306 160
2709700 165
2632711 160
2744746 167
1144023 69
902300 55
2632829 160
2629887 160
2633308 160
2780260 169
2630519 160
2632956 160
2716934 165
2632466 160
2632829 160
2632829 160
2703774 165
2714810 165
2630926 160
2633680 160
2768769 168
2633074 160
2632092 160
2632409 160
2632046 160
1497814 91
902188 55
2771335 169
2631615 160
2711345 165
2703037 164
2633004 160
2633015 160
2633912 160
2630519 160
2631230 160
2708079 165
2633389 160
2631510 160
2716595 165
2632140 160
2631672 160
2770600 169
2631801 160
2632175 160
2714624 165
2631593 160
2632431 160
2703774 165
2634299 160
2713073 165
2632291 160
2633540 160
2710295 165
2632652 160
2632431 160
2629970 160
2633807 160
2632886 160
2633214 160
2718848 165
2770799 169
2630425 160
2632608 160
2708707 165
2631777 160
2632245 160
2703422 165
2719209 165
2633354 160
2632245 160
2632665 160
2738737 167
2633295 160
2632057 160
2632617 160
902784 55
2634520 160
2630727 160
2631171 160
2632816 160
2633739 160
2634135 160
2803220 171
2721005 166
2632363 160
2764978 168
2632267 160
2632291 160
2633588 160
2632503 160
902968 55
902376 55
2632479 160
2634485 160
2707473 165
2631077 160
2632234 160
2631020 160
2632641 160
2633201 160
2631930 160
2633225 160
1240410 75
902272 55
2636609 160
2632711 160
902476 55
901096 54
2632046 160
2632875 160
2764149 168
2717459 165
2632783 160
2632210 160
2631125 160
2749659 167
2632490 160
2633037 160
2771090 169
2633260 160
2634542 160
2633925 160
2633693 160
2756018 168
2632582 160
2712360 165
2633516 160
2630648 160
2632444 160
2633809 160
2632140 160
2707681 165
2633295 160
2708219 165
2797432 170
2632162 160
2633179 160
2631230 160
2630624 160
2704146 165
2632816 160
2633505 160
2849162 173
2632759 160
2632851 160
2632118 160
2633354 160
2752179 167
2713784 165
2633424 160
2632525 160
2632059 160
2631884 160
2630950 160
2631674 160
2701101 164
2630939 160
2634345 160
2631849 160
2631007 160
2632910 160
2630425 160
2632105 160
2711227 165
2630764 160
2713784 165
2632059 160
2633098 160
2631580 160
2631394 160
2633435 160
2830065 172
2632140 160
2631359 160
2632326 160
2633015 160
2632081 160
2632711 160
2632980 160
2742506 167
2632584 160
2631626 160
2632199 160
2633037 160
2633435 160
2632245 160
2632398 160
2721589 166
2719885 166
2723046 166
2633693 160
2630624 160
1530261 93
901832 55
2631464 160
2631031 160
2769130 169
2632116 160
2710984 165
2632899 160
2631615 160
2707624 165
2633155 160
2631650 160
2715160 165
902192 55
2631208 160
2633459 160
2712301 165
2631637 160
2631639 160
2782524 169
2631742 160
2633179 160
2708954 165
2631860 160
902724 55
902536 55
2632713 160
2632805 160
2632536 160
2630519 160
2631440 160
2712909 165
2632024 160
2715068 165
2632654 160
2782080 169
2632455 160
2632059 160
2632444 160
2631195 160
902540 55
902792 55
2771987 169
2631300 160
2631906 160
2633492 160
2715440 165
2769876 169
2632046 160
2634356 160
2711474 165
2633774 160
2633553 160
2633225 160
2633890 160
2632630 160
2629935 160
2631790 160
2713887 165
2632560 160
2633971 160
2632899 160
2631882 160
2630018 160
2630751 160
2632503 160
2776410 169
2716374 165
2634275 160
2808096 171
2632805 160
2634008 160
2632164 160
2632724 160
2717844 165
2631742 160
2632746 160
2805727 171
2633026 160
2630565 160
2632501 160
2631114 160
2709689 165
2630786 160
2630810 160
2758035 168
2631930 160
2632573 160
2631079 160
2631381 160
2717693 165
2642454 161
2633820 160
2714425 165
2632116 160
2632711 160
2633750 160
2633422 160
2632129 160
2631650 160
902888 55
2633238 160
2631569 160
2771814 169
2631733 160
2634953 160
2632455 160
2631873 160
2723431 166
2630659 160
2631615 160
2632641 160
2631462 160
2801984 171
2632851 160
2632770 160
2757709 168
2630484 160
2715147 165
2631661 160
2632013 160
2777613 169
2633879 160
2632617 160
2632140 160
