10933 42
10955 42
10745 41
11036 43
10548 41
10430 40
10592 41
10651 41
10640 41
10791 42
10837 42
10500 41
10441 40
10968 42
10955 42
10815 42
11655 45
10804 42
10791 42
11036 43
10791 42
10933 42
11469 44
10979 42
10815 42
10804 42
10780 42
10699 41
10664 41
10476 40
11014 43
10780 42
10640 41
11329 44
11283 44
10966 42
10710 41
10861 42
10583 41
10990 42
11397 44
10872 42
10780 42
10723 41
11141 43
10559 41
10629 41
10896 42
11119 43
10826 42
11329 44
10686 41
11248 43
10697 41
11189 43
10944 42
3700 14
11152 43
3632 14
11036 43
11760 45
10896 42
3676 14
11047 43
10723 41
10454 40
11071 43
10885 42
11001 42
10688 41
10699 41
11073 43
10909 42
10557 41
11117 43
10489 40
10758 42
11585 45
11001 42
10629 41
11152 43
11399 44
10804 42
10594 41
10710 41
10793 42
10990 42
10605 41
10874 42
10522 41
10745 41
10627 41
10581 41
10686 41
10721 41
10465 40
11305 44
10896 42
10885 42
10920 42
10791 42
10955 42
10909 42
11049 43
11375 44
10839 42
10756 42
10896 42
10570 41
10686 41
11117 43
10559 41
10664 41
10535 41
11340 44
11152 43
10395 40
11025 43
10955 42
11305 44
10699 41
10699 41
11235 43
11224 43
10815 42
10990 42
10861 42
10802 42
10826 42
10522 41
10723 41
10874 42
10430 40
10513 41
10874 42
11119 43
10640 41
11281 44
10826 42
10896 42
10793 42
10592 41
10524 41
11666 45
11165 43
10815 42
10758 42
10535 41
11001 42
10546 41
10699 41
11038 43
5085 19
5515 21
3700 14
3720 14
8680 33
10769 42
11165 43
10815 42
11154 43
10872 42
10780 42
10756 42
10896 42
11106 43
10837 42
10699 41
12961 50
11375 44
11200 43
11294 44
10826 42
10721 41
10500 41
11515 44
10815 42
10548 41
10616 41
10826 42
10559 41
10651 41
10815 42
10756 42
11095 43
10990 42
11071 43
11014 43
10745 41
11060 43
10758 42
10756 42
10791 42
10616 41
10909 42
10605 41
10640 41
10874 42
10640 41
10826 42
10662 41
10688 41
10815 42
10745 41
10629 41
10616 41
10815 42
11108 43
11386 44
11246 43
10966 42
10664 41
10745 41
10616 41
10885 42
11071 43
10780 42
10710 41
10756 42
10699 41
11106 43
10511 41
10557 41
10802 42
11012 43
10920 42
11259 43
10675 41
10686 41
11397 44
10756 42
11001 42
10629 41
10826 42
10651 41
10909 42
10990 42
11012 43
10791 42
10826 42
10758 42
10828 42
10522 41
10605 41
10850 42
10605 41
11025 43
10756 42
10734 41
11200 43
10557 41
10570 41
10977 42
10955 42
11235 43
10721 41
11071 43
10780 42
10686 41
11141 43
11001 42
10885 42
10885 42
10500 41
10686 41
13744 53
11001 42
10546 41
10863 42
10791 42
10699 41
10640 41
10699 41
10686 41
11141 43
10955 42
10605 41
11224 43
11014 43
11049 43
10885 42
10872 42
10640 41
10476 40
10675 41
10675 41
10815 42
10629 41
10500 41
10955 42
11316 44
10581 41
10557 41
10500 41
10723 41
10592 41
10802 42
10664 41
11025 43
11631 45
11060 43
10710 41
10605 41
10699 41
10734 41
10780 42
10942 42
10850 42
10850 42
10721 41
11213 43
10640 41
10780 42
10570 41
11073 43
10839 42
10791 42
11318 44
10605 41
10605 41
10979 42
10616 41
10968 42
10769 42
11515 44
11270 44
11165 43
10839 42
10583 41
10769 42
10723 41
10662 41
10616 41
11283 44
10780 42
10557 41
10955 42
11725 45
10863 42
11047 43
10804 42
10909 42
10721 41
10756 42
11445 44
10780 42
10896 42
11305 44
10804 42
10767 42
10791 42
11014 43
11141 43
11281 44
11141 43
10618 41
10802 42
10756 42
10616 41
10955 42
10920 42
10640 41
11504 44
10839 42
10651 41
10686 41
11666 45
12027 46
10791 42
10933 42
10804 42
10557 41
10605 41
11388 44
10651 41
10594 41
10546 41
11095 43
11200 43
10815 42
10605 41
11060 43
10583 41
10872 42
10500 41
10583 41
11154 43
10920 42
10640 41
11014 43
10721 41
11259 43
10896 42
10758 42
10791 42
10791 42
10710 41
10500 41
10524 41
10441 40
10629 41
10592 41
10920 42
10745 41
10651 41
10675 41
10581 41
10664 41
11257 43
10791 42
10651 41
10804 42
10861 42
11281 44
11025 43
10909 42
10535 41
11025 43
10839 42
10791 42
11143 43
10767 42
10769 42
11060 43
10675 41
11012 43
11036 43
11130 43
10990 42
11224 43
10815 42
10874 42
10745 41
10791 42
10522 41
13427 52
10933 42
10662 41
11224 43
10885 42
10476 40
10452 40
11014 43
10804 42
11351 44
10839 42
11725 45
10780 42
10548 41
3808 14
3748 14
3664 14
3736 14
10780 42
10721 41
11340 44
11189 43
10723 41
10723 41
11001 42
10511 41
10780 42
10804 42
10896 42
10909 42
10863 42
11491 44
11655 45
10896 42
10581 41
10815 42
11235 43
10723 41
11235 43
11141 43
11248 43
10441 40
10955 42
11235 43
10745 41
11235 43
10662 41
3648 14
3676 14
3924 15
10769 42
10979 42
10802 42
10653 41
10767 42
10815 42
10710 41
11001 42
10955 42
11668 45
10815 42
11047 43
10793 42
10872 42
10594 41
11003 42
11141 43
10780 42
10605 41
11292 44
10513 41
11316 44
11082 43
11001 42
11143 43
10594 41
10546 41
11200 43
10966 42
10734 41
10489 40
11305 44
11025 43
10675 41
11283 44
10535 41
10734 41
11574 45
11001 42
10767 42
11235 43
10594 41
10500 41
11014 43
11248 43
10990 42
11014 43
10909 42
10968 42
10968 42
10767 42
10804 42
10826 42
10629 41
11388 44
11071 43
10699 41
10476 40
11246 43
11106 43
11060 43
10640 41
10651 41
10791 42
10828 42
10815 42
11108 43
11001 42
10710 41
10933 42
10780 42
11235 43
10699 41
10874 42
11318 44
11060 43
10815 42
10898 42
10675 41
10721 41
11235 43
10780 42
11386 44
10664 41
10594 41
10524 41
10500 41
11187 43
11631 45
10640 41
10885 42
11001 42
10850 42
10896 42
11353 44
11001 42
10804 42
10874 42
10839 42
10826 42
11329 44
10850 42
10979 42
11130 43
10990 42
11119 43
10594 41
10826 42
10942 42
11119 43
11189 43
10710 41
11235 43
11445 44
11071 43
10861 42
10640 41
10909 42
12333 48
10780 42
11071 43
10723 41
10734 41
11119 43
10732 41
10839 42
10723 41
10675 41
10909 42
11141 43
10686 41
10699 41
10920 42
10850 42
10826 42
11036 43
11480 44
10640 41
10815 42
10861 42
10710 41
10791 42
10583 41
11119 43
11106 43
11340 44
11480 44
10863 42
10909 42
10861 42
10955 42
10898 42
10732 41
10896 42
11060 43
10896 42
10898 42
10592 41
10583 41
10907 42
11106 43
10861 42
10769 42
11130 43
10723 41
10417 40
10872 42
10640 41
10780 42
10791 42
10791 42
11178 43
10861 42
10489 40
11154 43
10791 42
10758 42
11187 43
10605 41
10850 42
10570 41
10664 41
10990 42
10826 42
10780 42
11480 44
11047 43
10815 42
10839 42
10723 41
11410 44
10826 42
13324 52
10966 42
10896 42
3704 14
10769 42
10675 41
10767 42
10629 41
10570 41
10769 42
11001 42
10769 42
10780 42
11283 44
10745 41
11211 43
10723 41
10592 41
10524 41
10885 42
10338 40
10640 41
10465 40
11038 43
10769 42
10594 41
10885 42
10909 42
10863 42
10710 41
10651 41
10826 42
10791 42
10885 42
10756 42
10651 41
11375 44
11117 43
10697 41
10605 41
10944 42
11375 44
10688 41
10909 42
10839 42
10524 41
10920 42
10699 41
10780 42
10977 42
10675 41
10734 41
10662 41
10839 42
11235 43
10721 41
10734 41
10756 42
11095 43
10745 41
10618 41
11119 43
10699 41
11095 43
10828 42
10850 42
10885 42
10885 42
10454 40
10640 41
11362 44
11119 43
3704 14
10815 42
11176 43
10664 41
10791 42
10721 41
10944 42
10780 42
11445 44
11108 43
10780 42
10898 42
11178 43
11795 46
10710 41
10627 41
10581 41
10734 41
10758 42
10791 42
10594 41
11025 43
10804 42
10850 42
11060 43
10723 41
10723 41
10944 42
10699 41
11014 43
10710 41
10861 42
11082 43
11305 44
10732 41
10920 42
10990 42
10920 42
10861 42
10909 42
10944 42
10804 42
10815 42
10944 42
10559 41
10920 42
10581 41
10454 40
10826 42
11106 43
10815 42
10828 42
10710 41
10837 42
11141 43
11141 43
11012 43
10815 42
11224 43
10802 42
10780 42
10524 41
10815 42
10896 42
10769 42
10723 41
10500 41
10699 41
10756 42
10815 42
10769 42
11364 44
10756 42
10920 42
10686 41
10861 42
11154 43
11143 43
10896 42
11316 44
10920 42
10885 42
11211 43
11060 43
10874 42
10944 42
10618 41
10780 42
10861 42
10896 42
10688 41
10675 41
10872 42
11281 44
10898 42
10815 42
10839 42
10570 41
10675 41
10791 42
10500 41
10557 41
10581 41
10802 42
10863 42
10618 41
10839 42
11154 43
10850 42
10605 41
10618 41
10767 42
11130 43
10804 42
11189 43
10581 41
10990 42
10745 41
10920 42
10885 42
10511 41
10955 42
11281 44
11224 43
10861 42
11095 43
10791 42
11071 43
11318 44
10640 41
10861 42
10758 42
11620 45
10944 42
11434 44
10931 42
11001 42
10664 41
14374 56
10710 41
10885 42
11200 43
10535 41
10955 42
10909 42
11071 43
10966 42
11375 44
10909 42
10828 42
10745 41
11003 42
11060 43
11119 43
10675 41
11071 43
11060 43
10907 42
10780 42
10885 42
10839 42
10815 42
10874 42
11526 45
11154 43
10990 42
10686 41
10804 42
10826 42
10990 42
10885 42
11305 44
10885 42
11001 42
10909 42
10920 42
11246 43
10769 42
10511 41
10581 41
10721 41
11178 43
10640 41
10850 42
11003 42
10688 41
10920 42
10734 41
10861 42
10931 42
10885 42
10990 42
11025 43
10896 42
10942 42
10863 42
10640 41
10616 41
10874 42
10839 42
10815 42
10618 41
10721 41
10697 41
10872 42
10723 41
11294 44
11270 44
10837 42
10769 42
11294 44
10653 41
10756 42
11539 45
11082 43
11200 43
10815 42
10686 41
10850 42
10780 42
11283 44
10592 41
11152 43
10898 42
10815 42
10640 41
11060 43
10734 41
11119 43
10756 42
10780 42
11038 43
11305 44
11084 43
10780 42
10815 42
10734 41
11305 44
10944 42
10686 41
10522 41
10734 41
11060 43
10675 41
10885 42
10909 42
10686 41
10686 41
10826 42
10640 41
10872 42
