22166224 135
19573020 119
18844940 115
19306556 117
19780240 120
20665592 126
19653792 119
19315712 117
19808212 120
19786920 120
20238212 123
19945328 121
19699044 120
19154028 116
19027112 116
19798836 120
24521428 149
19913956 121
20071032 122
20285200 123
19746244 120
19544132 119
20110080 122
19747928 120
19780424 120
19890796 121
20196400 123
18930092 115
19288452 117
19567516 119
20273600 123
19569900 119
19923340 121
21038144 128
19935472 121
19564800 119
19181052 117
19395640 118
19644976 119
19884808 121
19925152 121
19971476 121
18686236 114
23741964 144
19082420 116
19630264 119
19664360 120
20554692 125
19844560 121
19892516 121
19556740 119
19060652 116
19364052 118
19141408 116
19710360 120
19373456 118
19359040 118
18908660 115
19102696 116
18998536 115
18948340 115
19086788 116
20017852 122
19775640 120
19691300 120
19138812 116
21988540 134
19029704 116
20189848 123
19468532 118
19089964 116
19890620 121
18922992 115
19043932 116
19646544 119
20285268 123
19898516 121
20382524 124
19701888 120
19522856 119
19953252 121
19814796 120
20276124 123
23212192 141
19522212 119
19325608 117
19335856 118
19409936 118
20440688 124
20029944 122
19727536 120
19409772 118
19328272 117
19703372 120
19227464 117
19330888 117
19815108 120
19065064 116
19902052 121
23756204 144
19344756 118
20458248 124
20023912 122
20025896 122
19350100 118
19812412 120
19716496 120
19791908 120
19766232 120
20135384 122
20356508 124
19986900 121
22353980 136
21013217 128
19134024 116
19137296 116
26483364 161
20227676 123
20710880 126
20189456 123
20321088 124
20640784 125
19931716 121
20061908 122
20814757 127
20195248 123
22008252 134
19833596 121
19648040 119
20207113 123
20182932 123
19333452 118
20347600 124
21762795 132
22316248 136
19650592 119
19727812 120
20274716 123
20740428 126
20328060 124
19835212 121
20554840 125
19936076 121
20964405 127
19624204 119
19701468 120
20250428 123
20075120 122
20513516 125
20228468 123
19442220 118
20208600 123
20111932 122
19416392 118
18737244 114
19193860 117
20227360 123
20407236 124
20205668 123
19951976 121
20620852 125
19882588 121
19322073 117
19488572 118
19503256 119
19647592 119
19562728 119
19973360 121
20129232 122
19383880 118
19620700 119
20043776 122
19393036 118
19173744 117
19422132 118
19618724 119
20075076 122
19829600 121
19981008 121
20200884 123
19687264 120
19951682 121
19896284 121
19328132 117
19945964 121
19666316 120
19766132 120
19533480 119
19474088 118
20019172 122
19429296 118
19311832 117
19919439 121
19626372 119
20021980 122
19845108 121
19979704 121
20099540 122
20134396 122
19736448 120
19499160 119
19801664 120
19931740 121
19594376 119
20046736 122
19806220 120
19831324 121
19711360 120
19604852 119
19638472 119
19689380 120
19584436 119
20147752 122
20140604 122
20256660 123
20153604 123
19985364 121
19609646 119
20506956 125
20107904 122
19468096 118
20258312 123
19752384 120
19406104 118
20156520 123
25403516 155
19818684 120
19173280 117
19661732 120
19453804 118
19615144 119
19514928 119
19463428 118
20498544 125
19838008 121
20278296 123
19732532 120
19777780 120
20083844 122
19367980 118
20001328 122
20053352 122
20998628 128
20402040 124
20197136 123
19789704 120
19728672 120
19319392 117
19612072 119
20103404 122
19118396 116
19862240 121
19565468 119
19532744 119
19575464 119
20296920 123
19346020 118
20247412 123
24799340 151
19670616 120
20118908 122
19781732 120
19174616 117
19499948 119
20489324 125
19856692 121
20005500 122
19946452 121
19680180 120
20108820 122
19954160 121
19671012 120
19939792 121
20223192 123
20656148 126
20682220 126
19817376 120
19318992 117
20327240 124
20048040 122
21899186 133
19860708 121
19969672 121
19401148 118
19845612 121
19948400 121
20242565 123
20521652 125
19890092 121
19992576 122
19928352 121
19533048 119
20172080 123
24145932 147
19965508 121
20221036 123
19924980 121
19273520 117
21046683 128
19748668 120
19930280 121
19336400 118
19677140 120
19424644 118
20371116 124
20166568 123
22942582 140
20191424 123
20341860 124
19635712 119
19901980 121
25538604 155
19959516 121
19568996 119
19885632 121
19975840 121
20151156 122
19937820 121
19461516 118
20287460 123
19691428 120
19833628 121
20433372 124
19856864 121
20419020 124
19545404 119
19842548 121
20342260 124
20045620 122
19906396 121
19967136 121
20130472 122
20004316 122
20243608 123
19599084 119
20117356 122
22246963 135
20056640 122
20445444 124
22464842 137
19929712 121
19603196 119
20063844 122
19940788 121
20125292 122
20076092 122
20331324 124
19393880 118
19212712 117
19165308 116
21796130 133
19480120 118
20060492 122
19946248 121
19739100 120
20437192 124
20933589 127
19848188 121
19438864 118
19600828 119
20147760 122
20345292 124
19971520 121
21578634 131
19304560 117
19587024 119
21800684 133
19858076 121
19655220 119
19799344 120
19439856 118
19726756 120
20352188 124
20134528 122
19883376 121
19530496 119
19668260 120
20423556 124
20423056 124
20125180 122
19343220 118
19863592 121
19135792 116
20216172 123
19860944 121
19199700 117
20718649 126
19914620 121
20671948 126
20340376 124
19952236 121
19836880 121
19702476 120
22272091 135
20089528 122
19694136 120
19674460 120
19462436 118
19914105 121
20088604 122
21091176 128
19375652 118
19724480 120
20001856 122
19757296 120
19899640 121
19727212 120
19736976 120
19305884 117
19947216 121
20654884 126
20412236 124
19676036 120
19456204 118
19274580 117
20304064 123
20179540 123
19493268 118
20174932 123
20271952 123
20709704 126
19893572 121
19791132 120
19714396 120
19991656 122
19755904 120
20276472 123
20806612 126
20646748 126
19544032 119
19316640 117
19954256 121
19508340 119
20243040 123
22036759 134
19558772 119
19582276 119
20374452 124
19545404 119
21336618 130
19959044 121
20171072 123
19158280 116
22134143 135
20458704 124
20171992 123
19406888 118
18868856 115
19346744 118
19994552 122
20253992 123
19719748 120
20065544 122
20156472 123
20479744 124
23075720 140
20405904 124
20182276 123
20040752 122
20324616 124
20323372 124
20147508 122
22053675 134
19402564 118
19408476 118
19735116 120
19738060 120
19676936 120
20287270 123
19818160 120
19768992 120
19817976 120
20395300 124
19903248 121
19903460 121
19438128 118
20870212 127
20365016 124
19678136 120
19752116 120
19260836 117
19521228 119
21021853 128
19803516 120
20984477 128
19705712 120
19880836 121
20225108 123
20138056 122
20305812 123
20089936 122
20320364 124
20297328 123
20000292 122
19883844 121
19160224 116
19408172 118
19316300 117
20328132 124
19619028 119
19269868 117
20126856 122
20190128 123
19680900 120
20420632 124
20600320 125
19026844 116
20203248 123
21380816 130
20213464 123
19822480 120
18779684 114
19606688 119
19733372 120
19667376 120
19536772 119
20376672 124
19704660 120
19592308 119
19328216 117
20077028 122
19595572 119
19252416 117
20305932 123
19808440 120
19826520 121
20545772 125
20899320 127
22209341 135
20314312 123
20826108 127
19589872 119
19109280 116
20412508 124
20468416 124
22177553 135
19721732 120
19882204 121
19674924 120
19586588 119
19913080 121
19855932 121
19502124 119
19822684 120
19592560 119
21857874 133
20156144 123
19615848 119
22009466 134
20451704 124
20295920 123
20152584 123
20538060 125
19163052 116
20115072 122
19838228 121
19762852 120
20146588 122
19883248 121
19599668 119
19599756 119
20161520 123
20089148 122
19668288 120
20061212 122
19159828 116
19385692 118
19991444 122
20118036 122
20869815 127
20355160 124
20039732 122
19848424 121
22790584 139
18989020 115
19748932 120
19843264 121
21620988 131
19389592 118
19630992 119
19259488 117
20856174 127
19350548 118
19563596 119
18837608 114
19905120 121
20050372 122
20037804 122
19787776 120
19983120 121
19905016 121
19799448 120
19718800 120
20641248 125
19322356 117
20149089 122
19543404 119
19621848 119
19042688 116
18949528 115
19992400 122
20315984 123
20196228 123
21542759 131
19275008 117
19412740 118
20975216 128
19581308 119
20362084 124
20282720 123
20136836 122
20518580 125
19331596 117
19509956 119
19905524 121
20209632 123
19707468 120
19498204 119
20223192 123
20255772 123
20331180 124
20517080 125
19066900 116
20349118 124
20751408 126
18935388 115
19968132 121
20115840 122
20673400 126
19152716 116
18793784 114
19647860 119
20414316 124
19432348 118
20183384 123
20707233 126
27973766 170
21387383 130
19702908 120
20024500 122
19147076 116
20196204 123
19565920 119
21628123 132
20472100 124
20227220 123
19667764 120
20923848 127
19688068 120
20264024 123
19831900 121
19766212 120
19811240 120
20601892 125
19841212 121
19826068 121
20082429 122
19673704 120
19593452 119
22247176 135
20246308 123
19374176 118
19611396 119
21677847 132
19903860 121
19971697 121
19800556 120
20301044 123
19188476 117
19245332 117
19681456 120
22416723 136
20143028 122
20119712 122
19839580 121
20633596 125
19658320 119
19913592 121
19362232 118
19868768 121
20915921 127
19785324 120
19828404 121
20279588 123
20897126 127
20043572 122
20024920 122
19709776 120
20326948 124
19809496 120
20058548 122
21203121 129
19690008 120
19662524 120
19814332 120
19925080 121
20221640 123
20361340 124
20221772 123
20428176 124
19477284 118
19797360 120
18960096 115
19384352 118
19831880 121
19031444 116
21083003 128
19832100 121
19315392 117
19862296 121
19772064 120
19496284 118
19704412 120
19260380 117
22317394 136
19165144 116
19093608 116
20835262 127
20008000 122
20338052 124
21008096 128
19529356 119
23065055 140
20659908 126
20136180 122
20311792 123
19540160 119
21917247 133
19930948 121
19418540 118
21033007 128
20123476 122
19738680 120
19619144 119
20151144 122
19491172 118
20376964 124
19297092 117
21228268 129
19425452 118
19727344 120
19947452 121
19469892 118
19791884 120
20755384 126
19852148 121
20738964 126
20236784 123
19652096 119
22152985 135
20039476 122
20231621 123
20100476 122
19878868 121
20145156 122
19557020 119
19930748 121
19640844 119
20071296 122
26696412 162
19831960 121
21565168 131
20353164 124
19736388 120
19692468 120
20539116 125
20106736 122
19841748 121
19827548 121
20707472 126
18939140 115
20258324 123
19904504 121
19946528 121
19703812 120
21896427 133
20021580 122
20240576 123
21478333 131
19780244 120
19515784 119
19278756 117
20141668 122
20138200 122
20226060 123
20077908 122
20763776 126
19501700 119
19326948 117
19549680 119
19092816 116
19661648 120
19706764 120
19670940 120
20565564 125
20114308 122
20034284 122
19756512 120
19329552 117
19024860 116
21944710 133
20325696 124
20012160 122
20082644 122
20493900 125
19423324 118
19648816 119
19046612 116
20004732 122
20037396 122
20824072 127
19783552 120
21735703 132
19799552 120
19242780 117
19571316 119
20162744 123
20048660 122
20952156 127
19726596 120
22193944 135
19985760 121
20420568 124
19816192 120
20540516 125
19862512 121
19693520 120
20613349 125
19963944 121
20468660 124
20023604 122
19802364 120
20322400 124
20380316 124
19712352 120
19409912 118
19328992 117
19702732 120
19774176 120
20241068 123
19659848 119
19091900 116
19391332 118
19659512 119
20125451 122
20311080 123
19548296 119
20396828 124
20410044 124
19442136 118
19204120 117
21698581 132
19729864 120
22604616 137
19989012 122
19119552 116
21230734 129
19089464 116
21754384 132
19733708 120
20547936 125
21307960 130
19477288 118
19600036 119
22387069 136
20487164 125
20848836 127
22371692 136
20632332 125
19461064 118
20553031 125
19589872 119
22400910 136
20451112 124
19900528 121
20607804 125
20898168 127
22398315 136
19937000 121
19768100 120
22112590 134
19803908 120
20361232 124
29786568 181
20296664 123
21439330 130
21006632 128
20052660 122
22735917 138
20557816 125
19864416 121
23018438 140
19892644 121
22256649 135
19678288 120
19185968 117
21587326 131
20236596 123
22460563 137
20641092 125
19137396 116
20962042 127
19581152 119
22199206 135
20413396 124
23097976 140
20296292 123
20612897 125
19655860 119
22694679 138
20035860 122
19637448 119
22325933 136
20388220 124
20040200 122
20426436 124
19782808 120
19766209 120
19799788 120
22180742 135
20714920 126
22799759 139
19981132 121
20293696 123
19709908 120
20183420 123
19999644 122
20039880 122
19768028 120
20055924 122
21759990 132
20418052 124
19473764 118
19357040 118
19861532 121
19612120 119
20334404 124
20125440 122
21969960 134
19986520 121
19345376 118
20217436 123
19925416 121
19757304 120
19630640 119
19618528 119
19939828 121
20255800 123
20937556 127
19231808 117
20093404 122
19934388 121
20545928 125
20360740 124
20048480 122
20384856 124
19959700 121
20072920 122
20036820 122
19604324 119
19556792 119
19842308 121
20147020 122
20120116 122
20173496 123
19224944 117
19551500 119
19457396 118
21824081 133
20662416 126
20686912 126
20475272 124
20494736 125
20951537 127
19934080 121
19841764 121
21152378 129
19728928 120
19450512 118
19765512 120
20013880 122
20299816 123
19122052 116
20239923 123
19701292 120
19721068 120
20054404 122
21115715 128
20315160 123
19992676 122
19797524 120
20053032 122
19792380 120
20928414 127
20374492 124
19963480 121
20146860 122
21043947 128
19573768 119
19513256 119
