4387168 66
4075292 62
4129492 63
9432556 143
8379872 127
4064896 62
4854769 74
11958846 182
10083325 153
8404496 128
4114888 62
10310090 157
12011217 183
10359620 158
12052425 183
4083376 62
5699730 86
6476834 98
4069716 62
11978820 182
11945745 182
9509753 145
12013295 183
4073448 62
5691395 86
4635192 70
10199700 155
12006028 183
8164365 124
8437124 128
4144564 63
8411996 128
4067360 62
7513758 114
12045180 183
10332410 157
11980104 182
11898296 181
4152660 63
8460432 129
11836055 180
11903688 181
7167156 109
11906556 181
12036360 183
4089948 62
6631188 101
12035275 183
11949571 182
9088875 138
4066260 62
7846505 119
4092324 62
9619139 146
8449800 128
4064060 62
4063780 62
11968436 182
11967795 182
4059612 61
4126044 62
5348230 81
4065388 62
8426452 128
4063664 62
7478142 114
11995445 183
11981493 182
10447367 159
4065864 62
11947762 182
11896758 181
4118224 62
7159229 109
4131960 63
4077160 62
10312200 157
4118532 62
8425744 128
4104424 62
7100051 108
11907665 181
8637822 131
10322490 157
4088480 62
4088040 62
9555140 145
12019057 183
7864567 120
9669019 147
4064072 62
6637107 101
11926705 181
7519499 114
9530328 145
11934534 182
12026595 183
6815043 103
9546198 145
11931559 182
11912285 181
10066424 153
9557037 145
4063820 62
10161570 155
8624597 131
10232610 156
12017145 183
4095440 62
9667899 147
4125776 62
10254610 156
11855200 180
4060008 61
10217410 155
11988423 182
12060615 184
8032854 122
8426144 128
11924045 181
11906009 181
9774981 149
4134784 63
5126478 78
4059716 61
11916170 181
11927777 182
11847933 180
11926799 181
6083031 92
4062344 61
4098180 62
4060172 61
11893945 181
9478822 144
4060612 61
8360876 127
4059576 61
8537982 130
4060728 61
12003145 183
4058264 61
7954218 121
4069812 62
4062248 61
7542633 115
4061052 61
8438420 128
4088288 62
7241982 110
9534759 145
11865759 181
11924115 181
5881948 89
7607487 116
12090037 184
4194756 64
6368056 97
12067637 184
9686134 147
10159330 155
11985774 182
4106488 62
7540176 115
11939445 182
10408550 158
11985785 182
11955801 182
11979310 182
12043979 183
10520444 160
10242460 156
12025114 183
4122728 62
6912804 105
12180735 185
4132272 63
7527394 114
11913637 181
4129284 63
7590730 115
4143532 63
7481884 114
10301550 157
4101632 62
7500171 114
12054118 183
8396132 128
7539791 115
7960870 121
8418812 128
4127084 62
8442652 128
4064856 62
4059584 61
10267030 156
4135172 63
7180411 109
11913031 181
4093808 62
7569716 115
4061068 61
8524940 130
4092436 62
8442952 128
11968508 182
10304067 157
8447008 128
4066164 62
6463830 98
5107187 77
4067308 62
11978982 182
4062628 61
4092604 62
4070684 62
5841527 89
7320997 111
6007743 91
11921654 181
12016212 183
4072668 62
11995749 183
4061128 61
8415812 128
4062284 61
8458964 129
11926729 181
4058688 61
5682975 86
8406260 128
12010202 183
11898937 181
10317258 157
11944520 182
8267259 126
4061052 61
11586215 176
11949433 182
10767815 164
4062776 61
10296480 157
11948020 182
4061724 61
8511772 129
11972183 182
7029627 107
5172071 78
10295530 157
12072854 184
11857160 180
11987069 182
4114840 62
9443357 144
4112368 62
7669508 117
11933342 182
4067884 62
4308172 65
6575854 100
10154500 154
11914256 181
4106244 62
8448468 128
4059856 61
11862049 181
10229240 156
11986881 182
11863320 181
7427342 113
4128292 62
9640784 147
4062800 61
8403112 128
11994616 183
10498472 160
11898412 181
11950411 182
7849025 119
11987430 182
8650734 131
9551369 145
11976849 182
4061064 61
8447076 128
4064416 62
8450004 128
11935654 182
7255990 110
4760911 72
11936796 182
11980632 182
4064228 62
11887203 181
4061440 61
9063970 138
4061184 61
7383975 112
11963525 182
10749774 164
11929693 182
4151568 63
8457984 129
5534333 84
10918606 166
8438440 128
4068484 62
4062220 61
7563633 115
12056824 183
11903115 181
8774091 133
4067856 62
8553992 130
4071764 62
5891110 89
10249690 156
11939900 182
8271092 126
4402199 67
11910080 181
8642060 131
4064776 62
10319670 157
4064732 62
6477403 98
4061776 61
4059780 61
10245336 156
10266030 156
11911537 181
11941766 182
10278320 156
11958496 182
4060800 61
8447172 128
11968156 182
8397433 128
8374800 127
4110464 62
9576483 146
4064960 62
10160470 155
11948171 182
4061200 61
4582019 69
7293250 111
8095723 123
9534840 145
4061492 61
8397148 128
11978142 182
11043408 168
4062948 61
11914993 181
11959699 182
10247650 156
11994837 183
11932235 182
4137468 63
8560720 130
7482625 114
12004440 183
10880638 166
4082112 62
7149072 109
4095008 62
4107124 62
5675514 86
8473568 129
12198130 186
12050325 183
10767884 164
4115100 62
6522202 99
12208757 186
10295700 157
4095720 62
9673241 147
9449737 144
4097028 62
7149961 109
4119272 62
7051802 107
4106908 62
6540742 99
8120182 123
8716497 133
8505784 129
4165384 63
10321740 157
4165220 63
7206759 109
11942442 182
4095248 62
5954413 90
8459392 129
12017226 183
11955370 182
4124964 62
8392482 128
7885418 120
4141940 63
4068832 62
11955615 182
11944741 182
9534483 145
4102640 62
4961735 75
8408104 128
4091612 62
4076636 62
11938233 182
11890294 181
8450228 128
11932001 182
11939141 182
4125036 62
5799303 88
12084927 184
10400480 158
4108500 62
9609144 146
4097568 62
8435100 128
4146080 63
8532532 130
11936039 182
4103740 62
8450836 128
4103088 62
10305920 157
4102728 62
4099240 62
12084286 184
11924373 181
4121464 62
4093184 62
12042905 183
11921210 181
4162888 63
6092471 92
10187730 155
4077316 62
8505372 129
4163628 63
8499320 129
4141300 63
7207312 109
12085627 184
11969663 182
11489641 175
11939235 182
4104912 62
10168660 155
4078404 62
5078304 77
11947771 182
10370880 158
4065804 62
8428436 128
4062216 61
12061315 184
4061740 61
8450812 128
11893011 181
7470302 113
9536285 145
4069404 62
9596002 146
11851361 180
11966977 182
11698068 178
11863786 181
11989263 182
7142619 108
8483680 129
11934370 182
4086416 62
4099608 62
10381080 158
11774776 179
10218220 155
11940764 182
4061260 61
8412140 128
4097028 62
8358504 127
9654818 147
10223370 155
4066012 62
4073876 62
10277350 156
4093092 62
7523600 114
4059252 61
7547736 115
12038799 183
8408082 128
4060972 61
10241430 156
4120996 62
7427793 113
6767642 103
5567061 84
11853776 180
10215560 155
4060376 61
6183424 94
4066420 62
8427548 128
11948044 182
4062088 61
7497370 114
8367156 127
4064992 62
10218810 155
4106828 62
7348362 112
10232380 156
12024600 183
4121668 62
7218477 110
4060352 61
4065924 62
5889770 89
10141570 154
4075620 62
6621942 101
4089932 62
8471432 129
11849622 180
4059616 61
11966745 182
11934871 182
4111832 62
5145475 78
6021022 91
9554481 145
4063876 62
7493423 114
12013855 183
4062116 61
8454376 129
4065460 62
8426576 128
11983698 182
4110180 62
7291487 111
4061176 61
9475322 144
4128120 62
11942816 182
12036629 183
10772601 164
8361204 127
4064540 62
7529095 114
11982727 182
11919027 181
10058844 153
4061016 61
10295460 157
4063560 62
7530971 114
4061168 61
6505258 99
12000041 183
4062084 61
4836018 73
11975600 182
4106092 62
8488380 129
4133060 63
4427803 67
11947810 182
11902229 181
7384757 112
9622769 146
4090348 62
7605274 116
10229060 156
11979356 182
11684212 178
8384334 127
4061104 61
8502396 129
11897725 181
4060212 61
7483105 114
11989495 182
11947692 182
8352128 127
7492862 114
10231410 156
4061784 61
6258702 95
4339505 66
11850569 180
12048680 183
7772929 118
4060628 61
4165604 63
7532693 114
4067060 62
9569063 146
8415863 128
12038799 183
4139152 63
5223310 79
4149508 63
7514136 114
12083492 184
4100148 62
8087994 123
12092384 184
7614067 116
10246200 156
4092520 62
4651055 70
8457992 129
4075540 62
6473542 98
4087736 62
5449746 83
10233810 156
12000754 183
8303198 126
4070916 62
8426344 128
4077200 62
4080172 62
7208012 109
4220332 64
8506120 129
4115256 62
4925426 75
11994791 183
6839203 104
7548345 115
4122276 62
8447048 128
4063656 62
7479451 114
11894284 181
11906661 181
5816031 88
9279510 141
8441160 128
11896080 181
4060832 61
8422152 128
12029185 183
11927265 181
8366184 127
4061872 61
9556486 145
11973277 182
6501150 99
4805847 73
10848824 165
10270770 156
11847185 180
11883526 181
9031682 137
4133184 63
8408812 128
4062864 61
9521612 145
11985295 182
4101460 62
7263851 110
12008255 183
11053440 168
4115692 62
6497540 99
4155992 63
5109765 77
7334593 111
9107834 138
4175864 63
11928549 182
11931826 182
9520655 145
4085012 62
7704193 117
12015137 183
4142740 63
4991737 76
8623712 131
4185336 63
7328587 111
12139470 185
7982383 121
9757309 148
4191516 63
9553618 145
10475100 159
4099064 62
9079014 138
10533340 160
12089792 184
11466748 174
10493410 160
4165680 63
4170140 63
10725353 163
11990160 182
11983044 182
11990254 182
4115460 62
10301930 157
12007800 183
12016957 183
4145732 63
7655382 116
4153096 63
4152976 63
10389050 158
11934125 182
10354750 158
11949035 182
11915925 181
12001301 183
11988668 182
8128983 124
9651767 147
11936621 182
11959675 182
10242530 156
12078373 184
11943295 182
8569271 130
11960154 182
11296998 172
10268880 156
4102152 62
4158576 63
10248350 156
10636579 162
10401210 158
12106955 184
12031963 183
10500440 160
12065141 184
11946714 182
12044504 183
12041050 183
8344844 127
12079504 184
4196368 64
7661115 116
4149904 63
4189260 63
11506480 175
9765935 149
12143016 185
12098787 184
9963019 152
10382720 158
12000113 183
4153912 63
6401976 97
8542356 130
12000216 183
11941195 182
4245744 64
8532424 130
4216728 64
10309850 157
12099454 184
7419351 113
12031145 183
12167702 185
4090444 62
8490588 129
11973408 182
8007741 122
11958975 182
10251002 156
10349550 157
4090696 62
4158708 63
9559349 145
12024832 183
8777002 133
10285940 156
11933845 182
11983265 182
12052939 183
12006446 183
9418316 143
10276150 156
4064544 62
4172388 63
7717515 117
9562334 145
4063240 62
7002926 106
4105604 62
10273170 156
11957890 182
10375140 158
11936750 182
11927941 182
7089779 108
12053114 183
4128808 63
7574434 115
4149920 63
9519250 145
4114556 62
9586667 146
12016876 183
9281753 141
12017167 183
4069148 62
10185170 155
11941042 182
12015045 183
10847440 165
11970932 182
8251602 125
8600304 131
4156504 63
6990212 106
11932073 182
10346190 157
4134740 63
7555037 115
4094384 62
7341338 112
11961134 182
9599400 146
11965135 182
8776387 133
11905506 181
11850545 180
10255440 156
4076112 62
4081972 62
8444124 128
4093940 62
7601685 115
11911187 181
11882767 181
10349030 157
4110312 62
4159960 63
11645101 177
11935070 182
11979555 182
12063776 184
4119288 62
8479388 129
11890154 181
12059692 184
12023235 183
8907564 135
12107049 184
10830731 165
12023889 183
8843312 134
11995644 183
7683636 117
10394640 158
4119172 62
4085048 62
10404220 158
10793490 164
4145500 63
10303590 157
12048831 183
11925515 181
8203223 125
4096384 62
9700763 148
11995714 183
10421620 159
9579875 146
4117020 62
4183048 63
10389030 158
11643899 177
12003366 183
12041610 183
10361330 158
12061689 184
12009631 183
6893740 105
9803283 149
4121284 62
8622748 131
12094180 184
7745620 118
9692715 147
4136764 63
9621030 146
9165011 139
10368040 158
4102212 62
4122020 62
11303118 172
8485020 129
12073145 184
4135600 63
4182904 63
8736496 133
11955090 182
10909828 166
8516372 129
4185920 63
10161510 155
8382996 127
12056789 183
4070780 62
5930102 90
8479184 129
12055306 183
12071198 184
9418687 143
10263370 156
11947401 182
11961075 182
4232164 64
8527322 130
10306710 157
4097540 62
8550036 130
4116512 62
8570092 130
4211008 64
10230370 156
4142468 63
7410624 113
8577896 130
12177259 185
12088230 184
8746160 133
10262960 156
4153916 63
8578432 130
4090228 62
7612458 116
11983569 182
7706663 117
11923533 181
12034890 183
11319312 172
10254070 156
12049113 183
4152748 63
7588357 115
12043034 183
10380600 158
4074564 62
8484796 129
4085444 62
4133048 63
8531468 130
12074429 184
4177808 63
10333300 157
4127856 62
7341973 112
12066484 184
7703794 117
10328350 157
12018849 183
4152676 63
7557592 115
4075152 62
6187278 94
8409580 128
12094694 184
4103556 62
4094480 62
8535839 130
11994758 183
9119500 139
11962171 182
7373673 112
12046324 183
8327731 127
12093994 184
4166056 63
8417676 128
9732279 148
12064734 184
4135444 63
8360288 127
11902065 181
12002642 183
11987896 182
11935897 182
9581559 146
11728977 178
4061276 61
9321400 142
9555357 145
