22623 44
22481 43
22715 44
22763 44
22737 44
22529 44
24045 46
22586 44
23415 45
22446 43
22459 43
22564 44
22774 44
22214 43
22260 43
22667 44
22704 44
23159 45
22820 44
22481 43
23835 46
23461 45
22938 44
22949 44
22960 44
22658 44
22984 44
22877 44
108559 212
23345 45
22831 44
22319 43
22796 44
22564 44
22260 43
22575 44
22820 44
23262 45
22680 44
22483 43
23227 45
22960 44
23614 46
23288 45
22505 43
22798 44
22691 44
22855 44
23041 45
22973 44
23006 44
22435 43
22715 44
22960 44
22702 44
23170 45
22796 44
23251 45
23953 46
23216 45
22728 44
22669 44
22938 44
22656 44
22457 43
22995 44
22527 43
22949 44
22330 43
22914 44
22739 44
22634 44
22820 44
22726 44
22879 44
23124 45
22610 44
22833 44
22809 44
22890 44
23275 45
22634 44
22691 44
22424 43
22341 43
22669 44
23251 45
22879 44
21840 42
22855 44
23229 45
22750 44
22352 43
22527 43
23030 44
23229 45
23205 45
22483 43
22529 44
23017 44
22785 44
22225 43
22831 44
22470 43
22761 44
22413 43
22855 44
22796 44
22702 44
23636 46
22761 44
22737 44
23017 44
34440 67
22807 44
11816 23
7832 15
7916 15
7688 15
22785 44
22599 44
22586 44
22214 43
22833 44
22960 44
22833 44
22669 44
22645 44
22389 43
23135 45
22925 44
23078 45
23194 45
23603 46
22540 44
22855 44
22796 44
22540 44
22470 43
22831 44
22435 43
23472 45
23008 44
23087 45
22634 44
22658 44
23531 45
22247 43
22728 44
23240 45
22656 44
22785 44
23415 45
22973 44
22516 43
23299 45
22820 44
22634 44
22901 44
22785 44
22949 44
22702 44
23299 45
22820 44
22610 44
22984 44
22925 44
22820 44
22319 43
23043 45
22483 43
23065 45
22669 44
22400 43
22494 43
22599 44
22378 43
22914 44
22728 44
22481 43
22564 44
22761 44
23043 45
22389 43
23065 45
22866 44
22411 43
22855 44
22890 44
22599 44
22772 44
22960 44
22341 43
23240 45
22586 44
22879 44
23113 45
22540 44
22599 44
22761 44
23240 45
23135 45
22820 44
23240 45
23008 44
22772 44
22597 44
23194 45
22645 44
22505 43
22518 43
22774 44
22715 44
22319 43
22553 44
22527 43
22960 44
22855 44
22411 43
22785 44
22982 44
23288 45
23240 45
22691 44
22457 43
22855 44
22772 44
22319 43
22890 44
22691 44
22575 44
23183 45
22457 43
23087 45
23006 44
22505 43
22411 43
22901 44
22516 43
22645 44
22284 43
22448 43
23205 45
22774 44
22938 44
22260 43
22691 44
22435 43
22586 44
22588 44
23041 45
22623 44
22540 44
22960 44
22737 44
22936 44
22599 44
22411 43
22772 44
23380 45
22855 44
22621 44
22763 44
22085 43
22855 44
22400 43
22866 44
22295 43
22936 44
22739 44
22319 43
23148 45
23124 45
22879 44
22833 44
22516 43
22809 44
23251 45
22901 44
22061 43
22564 44
23787 46
22319 43
22494 43
23135 45
22470 43
22925 44
22866 44
22796 44
22308 43
22693 44
22925 44
22470 43
22715 44
22890 44
23100 45
22376 43
22785 44
22761 44
22354 43
23216 45
22238 43
22319 43
22551 44
22866 44
23579 46
22704 44
22785 44
24161 47
22306 43
22938 44
21910 42
23159 45
23017 44
22446 43
22960 44
22949 44
22842 44
22413 43
22890 44
22634 44
22971 44
22645 44
22890 44
22341 43
23356 45
22656 44
23181 45
22225 43
22702 44
22809 44
22669 44
22669 44
22179 43
22761 44
23159 45
22938 44
22599 44
22341 43
22448 43
23100 45
22984 44
22901 44
22632 44
23041 45
22540 44
22505 43
23367 45
22527 43
22063 43
22750 44
23054 45
22354 43
22925 44
22422 43
22693 44
22715 44
22844 44
22551 44
22448 43
22901 44
22376 43
22562 44
22610 44
22518 43
22737 44
22868 44
22273 43
22365 43
109784 214
22807 44
22890 44
22389 43
22308 43
22494 43
22831 44
22260 43
22936 44
22529 44
22914 44
22750 44
22658 44
22645 44
23100 45
22483 43
22820 44
22645 44
22680 44
22435 43
22389 43
22855 44
23100 45
22855 44
23122 45
22680 44
106949 208
22796 44
22903 44
22540 44
22667 44
22610 44
23113 45
22774 44
23216 45
22693 44
34033 66
22551 44
22820 44
22470 43
22516 43
22144 43
22798 44
22761 44
23194 45
22680 44
22481 43
22901 44
22656 44
23065 45
23299 45
22879 44
22435 43
7720 15
7888 15
23498 45
22645 44
22483 43
22702 44
22855 44
22704 44
22855 44
22844 44
22680 44
22308 43
22833 44
22575 44
22564 44
23391 45
23019 44
22831 44
23332 45
22914 44
22389 43
22715 44
22984 44
22273 43
23332 45
22389 43
22971 44
22564 44
22260 43
22411 43
22516 43
22621 44
22271 43
22912 44
22225 43
22529 44
22249 43
22214 43
22936 44
23135 45
22424 43
24021 46
22844 44
22763 44
22621 44
22599 44
22936 44
22352 43
22995 44
22750 44
22855 44
23310 45
22352 43
22365 43
23135 45
22960 44
22505 43
23052 45
23240 45
22774 44
22459 43
22914 44
22341 43
23216 45
22656 44
22855 44
22352 43
22855 44
22820 44
23111 45
22669 44
22422 43
22330 43
22470 43
22271 43
22667 44
22457 43
22879 44
23205 45
23008 44
22516 43
22295 43
23485 45
22949 44
22842 44
22844 44
22632 44
22809 44
23146 45
22527 43
23124 45
22540 44
22947 44
22691 44
23264 45
23229 45
22936 44
22702 44
34077 66
22669 44
22470 43
22481 43
22912 44
22774 44
22844 44
22656 44
22866 44
22890 44
22575 44
22774 44
22319 43
23544 45
22726 44
22494 43
22317 43
23078 45
22634 44
22621 44
22588 44
22470 43
23288 45
22284 43
35724 69
22809 44
23078 45
22820 44
22995 44
23321 45
23054 45
22470 43
23568 46
23251 45
23275 45
22774 44
22610 44
21991 42
22809 44
22715 44
22750 44
22551 44
23253 45
22586 44
23183 45
22855 44
22680 44
22131 43
22505 43
22785 44
22588 44
22343 43
22494 43
23076 45
22691 44
22879 44
22680 44
22575 44
22365 43
22470 43
23008 44
22446 43
22726 44
22354 43
22820 44
38546 75
22306 43
22505 43
22844 44
22096 43
22634 44
22984 44
22833 44
22914 44
22295 43
23205 45
23356 45
22459 43
22772 44
22949 44
22809 44
22947 44
22855 44
22785 44
22645 44
22599 44
23076 45
22527 43
22599 44
22750 44
22505 43
22319 43
22715 44
22260 43
23332 45
23205 45
23065 45
23148 45
22645 44
22634 44
22527 43
22562 44
22739 44
22540 44
23135 45
22400 43
22505 43
22903 44
22341 43
22680 44
22726 44
23100 45
22529 44
22411 43
22807 44
23496 45
23054 45
23194 45
22820 44
22562 44
22621 44
33237 64
23065 45
23275 45
22680 44
23076 45
22247 43
22527 43
22702 44
22249 43
22505 43
24454 47
23078 45
23625 46
22540 44
23227 45
22271 43
22901 44
22295 43
22855 44
22855 44
22901 44
23310 45
22599 44
23043 45
23275 45
22142 43
23240 45
22691 44
22575 44
22715 44
22389 43
22925 44
22890 44
23542 45
22960 44
22704 44
22527 43
23229 45
22938 44
22855 44
23509 45
23087 45
22564 44
22481 43
22807 44
22575 44
22667 44
24465 47
22575 44
23251 45
22656 44
23334 45
22610 44
22623 44
22564 44
23332 45
23612 46
22739 44
22936 44
23089 45
22505 43
22236 43
22553 44
22680 44
22529 44
23006 44
22586 44
22481 43
23321 45
22901 44
22599 44
23100 45
22610 44
22750 44
22704 44
22623 44
22796 44
23286 45
22982 44
22925 44
22365 43
22422 43
23275 45
22658 44
23393 45
22693 44
22737 44
22586 44
23380 45
22774 44
33915 66
22833 44
23310 45
22763 44
23183 45
22704 44
23019 44
23122 45
22750 44
22704 44
23181 45
22448 43
23590 46
23146 45
23205 45
23286 45
23100 45
22855 44
22214 43
23041 45
23043 45
22973 44
22656 44
22389 43
23450 45
22728 44
22645 44
22903 44
22575 44
23216 45
22656 44
22704 44
22739 44
22527 43
23019 44
22890 44
22610 44
22586 44
23649 46
22901 44
22761 44
22807 44
22621 44
22901 44
23124 45
22702 44
23461 45
23122 45
22901 44
22680 44
23135 45
22739 44
22785 44
23006 44
23170 45
23113 45
22715 44
23719 46
22529 44
22494 43
22680 44
22715 44
22564 44
23008 44
22575 44
22634 44
138705 270
22855 44
22901 44
22914 44
22949 44
22866 44
22656 44
23205 45
22949 44
22772 44
22669 44
22435 43
22809 44
23218 45
22494 43
23030 44
22995 44
23358 45
22831 44
22645 44
22798 44
22750 44
22831 44
22459 43
23264 45
23450 45
22529 44
22645 44
23170 45
22868 44
22774 44
23415 45
23636 46
22551 44
23087 45
22726 44
23706 46
23087 45
23089 45
22715 44
22669 44
22702 44
22971 44
22879 44
23253 45
22457 43
22971 44
22610 44
22866 44
22785 44
22634 44
23087 45
22903 44
22691 44
22715 44
22680 44
22610 44
22667 44
22693 44
23205 45
23054 45
22691 44
23251 45
22702 44
22564 44
23288 45
22680 44
22750 44
22763 44
23078 45
23275 45
22376 43
22936 44
23076 45
23008 44
22890 44
22761 44
22575 44
22973 44
22365 43
22669 44
22739 44
22435 43
22656 44
22459 43
22984 44
22645 44
22995 44
22540 44
23673 46
22971 44
22936 44
22855 44
22634 44
22656 44
22914 44
22772 44
22236 43
22914 44
22750 44
22448 43
22354 43
7900 15
23310 45
22586 44
22785 44
22553 44
23555 46
22553 44
22715 44
22855 44
23111 45
22378 43
22691 44
23507 45
22632 44
22540 44
22260 43
22879 44
22341 43
22656 44
23229 45
22551 44
22971 44
22960 44
22295 43
22026 43
22947 44
23229 45
22516 43
22424 43
22656 44
22483 43
7560 14
7704 15
22750 44
22492 43
22925 44
22947 44
22376 43
22693 44
22201 43
22623 44
22575 44
22820 44
22422 43
22354 43
22575 44
22982 44
22855 44
22739 44
22949 44
22155 43
23041 45
23122 45
22634 44
23415 45
22704 44
22656 44
23229 45
23006 44
22925 44
22330 43
22389 43
22658 44
22481 43
22389 43
22492 43
22715 44
23030 44
22387 43
22807 44
23426 45
22564 44
22761 44
23076 45
23006 44
23334 45
23240 45
22774 44
22680 44
22866 44
22680 44
23159 45
22645 44
22691 44
22890 44
22879 44
22715 44
22575 44
23041 45
22308 43
22540 44
22866 44
22435 43
22809 44
22658 44
22971 44
22785 44
22984 44
22365 43
22960 44
22737 44
