131762 64
162028 79
45184 22
45064 22
45100 22
131740 64
45156 22
131821 64
132593 64
45160 22
45148 22
133512 65
131681 64
46072 22
45192 22
138495 67
132068 64
45424 22
52048 25
45056 22
131694 64
45408 22
45072 22
45932 22
45216 22
45140 22
45092 22
51496 25
45856 22
45120 22
45136 22
46012 22
45276 22
45404 22
45268 22
92204 45
45216 22
45208 22
149240 72
131775 64
131541 64
132812 64
132871 64
131681 64
131729 64
365936 178
151456 73
134247 65
131449 64
152565 74
132685 64
131670 64
131646 64
131508 64
131659 64
131519 64
316553 154
133676 65
131985 64
280659 137
131705 64
150056 73
134879 65
150909 73
132941 64
137130 66
132534 64
131902 64
133409 65
131880 64
132335 64
131869 64
132208 64
132031 64
134901 65
131764 64
131775 64
131998 64
131751 64
177813 86
131880 64
132346 64
131937 64
131716 64
150686 73
132755 64
131589 64
132895 64
132208 64
131681 64
131681 64
131810 64
132276 64
132696 64
151690 74
132171 64
133175 65
156111 76
133188 65
132101 64
150290 73
149695 73
131939 64
132033 64
131729 64
131622 64
131786 64
131926 64
156800 76
150756 73
131705 64
132066 64
132650 64
132171 64
309317 151
131834 64
131797 64
131845 64
131985 64
132219 64
131530 64
131786 64
131856 64
132534 64
132147 64
131834 64
132241 64
132357 64
131589 64
219415 107
149566 73
131659 64
131867 64
131961 64
131753 64
131775 64
132182 64
152296 74
133140 65
131904 64
131762 64
131729 64
260704 127
132593 64
131904 64
131600 64
132020 64
131810 64
132219 64
131823 64
131753 64
131928 64
131657 64
131716 64
291738 142
131681 64
136185 66
133501 65
132335 64
131985 64
158165 77
131799 64
131869 64
155833 76
131998 64
131681 64
131764 64
132020 64
156986 76
131449 64
131775 64
156754 76
131869 64
132381 64
131821 64
131880 64
131764 64
131587 64
132324 64
131832 64
131821 64
131858 64
132171 64
151049 73
132090 64
135800 66
131692 64
131856 64
131753 64
131775 64
231210 112
131600 64
131751 64
132906 64
132171 64
150220 73
132230 64
151399 73
131753 64
149975 73
131985 64
131869 64
131648 64
132136 64
132090 64
191789 93
152740 74
131729 64
131740 64
132136 64
237510 115
132534 64
131939 64
132044 64
131810 64
132755 64
131797 64
131635 64
131902 64
132138 64
131950 64
131753 64
156439 76
131775 64
131716 64
132138 64
131635 64
131751 64
150734 73
131692 64
132173 64
131762 64
131552 64
131810 64
131799 64
133993 65
131961 64
131845 64
131541 64
131775 64
131961 64
131834 64
131996 64
133479 65
133711 65
132055 64
132849 64
131751 64
131705 64
131646 64
131821 64
131797 64
132147 64
131902 64
131635 64
132464 64
132254 64
132020 64
132871 64
131985 64
131950 64
131764 64
132265 64
131797 64
131880 64
220045 107
153068 74
156601 76
155448 75
148984 72
132020 64
150826 73
152134 74
151165 73
149638 73
132112 64
132790 64
151876 74
132941 64
156485 76
132602 64
132370 64
134597 65
132289 64
132429 64
135472 66
131810 64
135100 65
134260 65
131694 64
131799 64
134750 65
131578 64
131891 64
133197 65
131519 64
131891 64
131705 64
132510 64
131926 64
133094 64
131600 64
131996 64
132569 64
131762 64
131694 64
131832 64
131821 64
132545 64
132440 64
132744 64
131786 64
132978 64
131996 64
131928 64
131821 64
131670 64
132079 64
131799 64
132020 64
132499 64
152495 74
131950 64
131495 64
151469 73
131727 64
131646 64
134691 65
131764 64
131565 64
188020 91
152646 74
158364 77
157710 77
132510 64
131926 64
151283 73
131904 64
132895 64
153171 74
150465 73
159611 77
155354 75
157979 77
151631 74
153219 74
154617 75
165071 80
151889 74
132427 64
143430 70
131565 64
132497 64
132440 64
131716 64
132112 64
131786 64
132591 64
131753 64
131867 64
131646 64
133573 65
131705 64
131436 64
131670 64
131985 64
150767 73
131541 64
132125 64
150524 73
131751 64
131694 64
131681 64
132906 64
132978 64
132733 64
132567 64
132475 64
131821 64
131974 64
132453 64
131635 64
132217 64
131961 64
131681 64
132313 64
131705 64
131600 64
132464 64
131915 64
131950 64
132068 64
131613 64
131832 64
218435 106
132661 64
131705 64
131495 64
131869 64
131928 64
131834 64
131659 64
131659 64
131775 64
146814 71
131939 64
132171 64
134039 65
132661 64
133140 65
133315 65
131775 64
131845 64
132009 64
131823 64
131834 64
132324 64
150489 73
131670 64
133011 64
135706 66
153007 74
132626 64
132101 64
131694 64
132825 64
156835 76
157255 76
131786 64
131659 64
132488 64
133210 65
131928 64
132206 64
131753 64
132346 64
133094 64
132370 64
132322 64
131482 64
131600 64
131775 64
134564 65
131519 64
132243 64
131705 64
132416 64
131554 64
131565 64
131716 64
132031 64
132591 64
132556 64
132593 64
131996 64
131508 64
132252 64
131587 64
131694 64
132523 64
131681 64
132125 64
131506 64
131729 64
131880 64
131740 64
131740 64
131797 64
132965 64
131692 64
132182 64
131834 64
201729 98
151397 73
132020 64
132545 64
131414 64
149566 73
132208 64
151550 73
131869 64
131681 64
132300 64
132206 64
131460 64
131845 64
132125 64
131751 64
134621 65
131915 64
131902 64
133374 65
131893 64
134925 65
131729 64
132147 64
131764 64
132383 64
133783 65
133468 65
132593 64
131729 64
132381 64
131786 64
132149 64
132147 64
132663 64
131565 64
154910 75
151736 74
131985 64
131600 64
131506 64
131624 64
131974 64
131764 64
131670 64
131751 64
131764 64
132055 64
132009 64
132033 64
131624 64
131506 64
131740 64
131554 64
131961 64
131740 64
156089 76
132289 64
132311 64
132814 64
131926 64
131856 64
131622 64
131495 64
131716 64
131622 64
131775 64
156765 76
131880 64
131797 64
134820 65
152438 74
131495 64
131425 64
142916 69
131915 64
131891 64
131762 64
131635 64
131799 64
132160 64
131670 64
131624 64
132149 64
133328 65
131985 64
132241 64
131751 64
132287 64
131751 64
131530 64
358575 175
150697 73
214187 104
131786 64
152425 74
150255 73
51256 25
131996 64
131832 64
131716 64
131635 64
156380 76
131587 64
131694 64
131694 64
131834 64
131694 64
200550 97
131810 64
132976 64
131646 64
222611 108
132160 64
135894 66
326655 159
131554 64
133188 65
217339 106
133477 65
131869 64
132138 64
150896 73
132860 64
151701 74
131950 64
131810 64
131565 64
132313 64
132079 64
131565 64
132103 64
131834 64
132020 64
131589 64
131740 64
189501 92
131705 64
133385 65
134866 65
131681 64
131624 64
132394 64
134575 65
131961 64
131694 64
131998 64
131716 64
131648 64
132033 64
132125 64
132755 64
131635 64
131810 64
262955 128
131659 64
132427 64
131915 64
155901 76
132416 64
132252 64
133525 65
132954 64
131880 64
133199 65
131937 64
131856 64
131974 64
132300 64
202801 99
131506 64
131729 64
131694 64
131635 64
132252 64
131670 64
131740 64
158165 77
131799 64
165375 80
131893 64
132055 64
131939 64
151878 74
131985 64
131950 64
131821 64
132020 64
131915 64
132066 64
133630 65
131611 64
131985 64
131939 64
132615 64
131740 64
262535 128
131600 64
131891 64
131530 64
132147 64
131681 64
131659 64
131565 64
131740 64
131683 64
131565 64
131692 64
45072 22
45168 22
131963 64
131541 64
131565 64
132429 64
131891 64
132254 64
131880 64
134260 65
131681 64
131751 64
131622 64
132265 64
131576 64
131705 64
131589 64
139569 68
131799 64
132219 64
132090 64
132322 64
131705 64
131751 64
131705 64
132114 64
131762 64
131869 64
131635 64
131880 64
131799 64
131963 64
131799 64
131880 64
131810 64
134284 65
132311 64
132440 64
131729 64
133573 65
131762 64
136804 66
132663 64
132208 64
363626 177
132357 64
156927 76
131786 64
131670 64
151736 74
131810 64
149905 73
132206 64
132626 64
133466 65
324426 158
151399 73
132300 64
132838 64
132289 64
150839 73
132580 64
131764 64
131762 64
131751 64
132090 64
131635 64
131716 64
132311 64
131751 64
131565 64
133722 65
132020 64
153989 75
152169 74
131821 64
131646 64
301245 147
131775 64
131961 64
131565 64
151305 73
131740 64
131740 64
132219 64
132182 64
132287 64
131541 64
131670 64
131659 64
131600 64
132265 64
135870 66
131799 64
152193 74
148411 72
131762 64
131740 64
131587 64
131834 64
131600 64
131740 64
131683 64
131716 64
131996 64
131600 64
131705 64
133232 65
131753 64
132825 64
131834 64
132044 64
131985 64
131622 64
131646 64
132219 64
131635 64
133595 65
132033 64
131985 64
131659 64
131845 64
131797 64
131950 64
173390 84
132138 64
132545 64
135006 65
132440 64
132276 64
57348 28
131473 64
131657 64
132825 64
132114 64
131751 64
131926 64
131613 64
131727 64
131821 64
131972 64
134459 65
132394 64
131589 64
152062 74
131985 64
132779 64
349871 170
131635 64
132217 64
131694 64
131963 64
157349 76
131727 64
270773 132
131939 64
131692 64
131692 64
131727 64
131718 64
131729 64
132066 64
131576 64
131880 64
131589 64
132453 64
131845 64
131799 64
131670 64
131845 64
151550 73
131705 64
131718 64
132090 64
131753 64
156170 76
161059 78
157126 76
132031 64
151410 73
131694 64
132475 64
131613 64
131613 64
131740 64
131729 64
131740 64
131891 64
132020 64
131624 64
131506 64
131740 64
150452 73
131834 64
131775 64
131751 64
131578 64
131810 64
131740 64
443321 216
131799 64
131856 64
131996 64
134505 65
131996 64
131646 64
151224 73
135579 66
132020 64
131506 64
218435 106
132768 64
248640 121
247846 121
132440 64
156089 76
131718 64
132534 64
132324 64
131869 64
131985 64
131786 64
131786 64
132009 64
132077 64
132079 64
131937 64
131751 64
152974 74
131670 64
132499 64
131519 64
131659 64
132020 64
131810 64
131751 64
131565 64
131904 64
133490 65
135240 66
131692 64
221760 108
132009 64
131834 64
131716 64
131996 64
131891 64
131729 64
131926 64
132569 64
150815 73
132230 64
133199 65
132230 64
131624 64
131565 64
131797 64
131751 64
131832 64
132020 64
131681 64
133466 65
131578 64
132348 64
131810 64
151806 74
131880 64
131705 64
132884 64
132663 64
131867 64
131810 64
132475 64
132206 64
132335 64
157093 76
235585 115
131775 64
131845 64
131810 64
131659 64
132265 64
131762 64
131753 64
131635 64
131974 64
132265 64
131867 64
148273 72
131670 64
131705 64
131810 64
131622 64
132020 64
132289 64
133162 65
132405 64
132324 64
161407 78
131681 64
131869 64
131565 64
136896 66
131565 64
131915 64
150828 73
131659 64
133584 65
178290 87
136126 66
134107 65
149229 72
134914 65
133560 65
151445 73
133011 64
151714 74
156684 76
131786 64
151117 73
