1715 53
1763 55
1879 58
1726 53
1774 55
1809 56
2006 62
2006 62
1726 53
2006 62
1903 59
1879 58
1772 55
1971 61
1715 53
2100 65
1844 57
1995 62
1796 56
2019 63
1903 59
1971 61
1936 60
1809 56
1774 55
1809 56
1610 50
1879 58
1774 55
1761 55
1973 61
1960 61
1982 61
1914 59
1610 50
1914 59
1739 54
1809 56
1586 49
1737 54
1621 50
1855 57
1949 60
1785 55
1588 49
1949 60
1855 57
1914 59
2030 63
1949 60
1809 56
1866 58
2264 70
1925 60
1949 60
1890 59
1855 57
1855 57
2111 65
1634 51
2205 68
2356 73
1599 49
1739 54
2356 73
2041 63
1807 56
1796 56
1949 60
1809 56
1914 59
1750 54
1750 54
2076 64
1901 59
1586 49
1936 60
1761 55
1785 55
1798 56
2334 72
1855 57
1855 57
1982 61
1971 61
1761 55
2181 68
1820 56
2286 71
1785 55
1667 52
1667 52
2205 68
1715 53
1774 55
1949 60
1807 56
1809 56
1914 59
1914 59
1855 57
1645 51
1669 52
1691 52
1984 62
1866 58
1693 52
1785 55
1866 58
1820 56
1761 55
1785 55
1750 54
1750 54
1809 56
1995 62
1855 57
1610 50
1785 55
1575 49
1831 57
1879 58
1949 60
2275 71
1610 50
1971 61
1807 56
1610 50
1597 49
1599 49
1774 55
1726 53
1586 49
1798 56
1809 56
1855 57
1868 58
1831 57
1947 60
1982 61
1750 54
1704 53
1785 55
1715 53
1820 56
1844 57
1901 59
1903 59
1947 60
1936 60
1772 55
1610 50
1610 50
1739 54
2019 63
1774 55
2076 64
1879 58
1984 62
1868 58
1914 59
1798 56
2205 68
1597 49
1621 50
1715 53
1798 56
2006 62
1973 61
1984 62
1995 62
1610 50
1855 57
1984 62
1877 58
1774 55
1914 59
1879 58
1728 54
1820 56
1914 59
1820 56
1739 54
1809 56
1855 57
1726 53
1785 55
1798 56
2019 63
1809 56
2146 67
1960 61
1901 59
1809 56
1855 57
1877 58
2135 66
1855 57
2041 63
1855 57
2275 71
1715 53
1890 59
1726 53
1936 60
2148 67
1912 59
1890 59
1599 49
1914 59
2159 67
1798 56
2229 69
1844 57
1984 62
1973 61
1844 57
1903 59
1844 57
1844 57
1960 61
1995 62
1912 59
1820 56
1715 53
1798 56
1925 60
1739 54
1844 57
1798 56
580 18
880 27
970 30
1785 55
2111 65
1796 56
1890 59
1772 55
1726 53
2076 64
1984 62
2216 69
2253 70
1610 50
1842 57
2087 65
1809 56
1960 61
1785 55
2380 74
1693 52
1844 57
1693 52
1844 57
1540 48
1901 59
1912 59
2192 68
1936 60
1726 53
2006 62
1750 54
1693 52
2192 68
1796 56
2297 71
1774 55
1960 61
1750 54
1971 61
1809 56
1914 59
1728 54
1798 56
1774 55
2041 63
1855 57
1936 60
1772 55
1833 57
1890 59
1785 55
1726 53
1844 57
1890 59
1925 60
1879 58
1772 55
1936 60
1634 51
1833 57
1691 52
1623 50
1925 60
1774 55
1914 59
1831 57
1798 56
1890 59
1947 60
1796 56
2181 68
1925 60
1739 54
2146 67
1726 53
1774 55
2240 70
1761 55
1761 55
1785 55
1855 57
1971 61
1901 59
1855 57
1901 59
1925 60
1599 49
1890 59
1866 58
1728 54
1984 62
1798 56
1995 62
2019 63
1855 57
1820 56
1680 52
1726 53
1785 55
1796 56
1971 61
2076 64
1807 56
1772 55
1785 55
1807 56
1774 55
1798 56
1995 62
1982 61
2006 62
2299 71
1750 54
1621 50
1914 59
1796 56
1737 54
1855 57
1785 55
1914 59
1796 56
1691 52
1774 55
1833 57
588 18
632 19
1702 53
1774 55
1807 56
1691 52
2380 74
1704 53
1680 52
1890 59
1855 57
2017 63
1855 57
1693 52
1645 51
1761 55
1785 55
2065 64
1693 52
1693 52
1750 54
2194 68
1658 51
1785 55
2008 62
2019 63
1844 57
1645 51
1949 60
1656 51
1820 56
1599 49
1588 49
1772 55
2113 66
1842 57
2157 67
1796 56
1844 57
1984 62
1820 56
1798 56
1785 55
1623 50
1785 55
1599 49
1947 60
1772 55
1610 50
1901 59
2019 63
1796 56
2041 63
1796 56
1879 58
1984 62
1925 60
1914 59
1831 57
2124 66
1691 52
1658 51
1691 52
1704 53
1785 55
2017 63
1798 56
1973 61
1739 54
1901 59
1774 55
1879 58
1971 61
784 24
604 18
1973 61
1750 54
1844 57
1772 55
1995 62
1785 55
1658 51
1704 53
1866 58
1798 56
1796 56
1925 60
1877 58
1656 51
1866 58
1866 58
1809 56
1726 53
1890 59
1833 57
1844 57
1960 61
1785 55
1739 54
1831 57
1879 58
2006 62
1785 55
1761 55
1912 59
1925 60
2041 63
1726 53
1599 49
1807 56
1610 50
1973 61
2135 66
1772 55
1623 50
1739 54
2030 63
1750 54
2111 65
1702 53
1588 49
1809 56
1715 53
1575 49
1949 60
1995 62
1925 60
1774 55
1971 61
1785 55
2100 65
1796 56
2310 72
2089 65
1774 55
1982 61
1949 60
1831 57
2216 69
1831 57
1680 52
1774 55
1785 55
1704 53
1785 55
2008 62
1995 62
1995 62
1960 61
1925 60
1831 57
2251 70
2008 62
1925 60
1785 55
1855 57
1798 56
1702 53
1785 55
1984 62
1960 61
2030 63
2216 69
2078 64
1936 60
1691 52
1796 56
1925 60
1796 56
2205 68
1879 58
1774 55
1807 56
2100 65
1809 56
1831 57
1831 57
2111 65
2100 65
2087 65
1726 53
1739 54
1750 54
1960 61
1833 57
1903 59
1809 56
1610 50
1586 49
1610 50
1588 49
1750 54
1903 59
1691 52
1680 52
544 17
1728 54
2369 74
2078 64
1645 51
1877 58
1903 59
1903 59
1737 54
1903 59
2089 65
1785 55
1796 56
1378 43
548 17
544 17
2030 63
1750 54
1807 56
1798 56
1726 53
1914 59
1774 55
1925 60
1774 55
1982 61
1866 58
1938 60
1855 57
1798 56
1785 55
1879 58
1982 61
1704 53
1807 56
1866 58
1656 51
1831 57
2321 72
1785 55
1925 60
1925 60
1645 51
1763 55
1833 57
1750 54
1842 57
1796 56
1610 50
2076 64
1680 52
1903 59
1599 49
2157 67
1995 62
1855 57
1973 61
1984 62
1855 57
1656 51
1796 56
2052 64
1833 57
2240 70
1610 50
2078 64
1903 59
1796 56
2100 65
1925 60
1890 59
1691 52
1833 57
1925 60
1820 56
2017 63
1912 59
2299 71
1877 58
1938 60
1774 55
1925 60
1761 55
1750 54
1868 58
2041 63
1925 60
1960 61
1938 60
1774 55
1890 59
1914 59
1704 53
2100 65
1610 50
1774 55
1949 60
1914 59
1925 60
1901 59
1855 57
1877 58
712 22
1785 55
2111 65
1623 50
1656 51
1903 59
1669 52
1750 54
1855 57
2159 67
2006 62
1831 57
2052 64
1901 59
1901 59
1971 61
1656 51
1984 62
1610 50
1645 51
1868 58
2111 65
1785 55
2135 66
1866 58
1704 53
1820 56
1796 56
1868 58
1726 53
1680 52
1645 51
1982 61
1936 60
1995 62
1540 48
1610 50
1621 50
1798 56
1995 62
1842 57
1855 57
1914 59
2253 70
1680 52
1750 54
612 19
1621 50
1809 56
2078 64
2485 77
1901 59
2181 68
1785 55
1855 57
1656 51
1772 55
1866 58
1785 55
2310 72
1763 55
1947 60
1809 56
1844 57
1704 53
1691 52
624 19
1901 59
576 18
568 17
1737 54
1877 58
1737 54
1798 56
1772 55
1820 56
1634 51
1763 55
1960 61
1702 53
1960 61
2181 68
1949 60
1901 59
1621 50
2017 63
1844 57
1879 58
1868 58
1960 61
1949 60
2380 74
1868 58
1796 56
1903 59
1855 57
2019 63
1914 59
1785 55
1772 55
1785 55
1728 54
1588 49
1693 52
1796 56
1820 56
1938 60
1914 59
1925 60
1610 50
1774 55
1785 55
1914 59
1903 59
2183 68
1623 50
1938 60
1761 55
1785 55
1820 56
1936 60
2065 64
1634 51
608 19
640 20
1798 56
1785 55
1726 53
1785 55
1691 52
1785 55
2041 63
2170 67
1973 61
1704 53
1739 54
1774 55
2148 67
1761 55
2087 65
1971 61
2006 62
1914 59
1925 60
1610 50
1879 58
1820 56
1807 56
1831 57
1844 57
1739 54
2205 68
2006 62
2030 63
1866 58
2019 63
1702 53
2054 64
1949 60
1868 58
1855 57
1833 57
1680 52
1890 59
1691 52
1739 54
1597 49
1820 56
1529 47
2065 64
2030 63
1739 54
1656 51
2078 64
1901 59
1879 58
1807 56
1750 54
2054 64
1796 56
1973 61
2148 67
1785 55
1667 52
1796 56
1680 52
1831 57
1947 60
2159 67
1763 55
1809 56
1807 56
1901 59
1763 55
1785 55
1772 55
1798 56
2089 65
2673 83
1774 55
1597 49
1855 57
2100 65
1750 54
1890 59
1599 49
1855 57
2356 73
1866 58
1901 59
1772 55
1844 57
1774 55
1785 55
1914 59
1971 61
2356 73
1750 54
1890 59
1855 57
1680 52
1982 61
1610 50
1610 50
1750 54
1772 55
1890 59
1715 53
1960 61
2089 65
1739 54
1645 51
2019 63
1798 56
1796 56
1645 51
1785 55
1715 53
2216 69
2194 68
1877 58
2334 72
1936 60
2019 63
1658 51
1914 59
1621 50
1715 53
2509 78
1855 57
1868 58
2426 75
2065 64
1833 57
1914 59
1761 55
1586 49
1890 59
1750 54
1831 57
1879 58
1761 55
1855 57
1809 56
1879 58
1750 54
1610 50
1879 58
1879 58
1785 55
1820 56
1726 53
1669 52
1750 54
1656 51
2148 67
1844 57
1982 61
1750 54
2100 65
1634 51
1739 54
1634 51
1564 48
2052 64
1820 56
1667 52
1831 57
1820 56
1842 57
1693 52
1772 55
1925 60
1796 56
2275 71
1739 54
1925 60
2041 63
2111 65
1610 50
1610 50
1785 55
1807 56
1831 57
1903 59
1750 54
1960 61
1925 60
1949 60
1995 62
1820 56
2043 63
1995 62
1866 58
2159 67
1761 55
1868 58
1855 57
1774 55
1903 59
1597 49
1785 55
1855 57
1739 54
1936 60
1623 50
2194 68
1973 61
1960 61
664 20
1925 60
1925 60
2076 64
1774 55
1844 57
1599 49
1761 55
1925 60
1973 61
1949 60
1750 54
1995 62
1796 56
1761 55
1785 55
1971 61
1715 53
1691 52
