5409005 165
5351034 163
5441065 166
4947943 150
1833556 55
5348888 163
5403873 164
5349201 163
1833696 55
5435231 165
5350345 163
1834796 55
5435489 165
5442233 166
5428756 165
5349260 163
5348792 163
5465856 166
5349715 163
1998015 60
1833976 55
5493371 167
1834276 55
3405138 103
5444377 166
1834512 55
1834448 55
5350776 163
5440597 166
1833380 55
1833520 55
5422747 165
5350579 163
5424370 165
5349599 163
5443165 166
5539590 169
5350008 163
5534049 168
5507915 168
5350671 163
5424405 165
5348374 163
5348280 163
5440352 166
5349400 163
5443130 166
5349516 163
1833252 55
5352178 163
5351347 163
5441601 166
5474967 167
5349505 163
5437460 165
1834244 55
4584680 139
5405494 164
5352049 163
5438090 165
5415924 165
5349610 163
5468085 166
5349190 163
5447015 166
5352165 163
1834468 55
5444005 166
5473077 167
5351653 163
1833360 55
5348175 163
5352025 163
5443876 166
5352561 163
5432105 165
5350181 163
5441671 166
5351163 163
5542110 169
5441857 166
1901804 58
5455356 166
5440610 166
5423355 165
5350730 163
1833768 55
1834660 55
5445814 166
5347731 163
5349492 163
5166778 157
1833528 55
1834084 55
5349691 163
5440995 166
1833848 55
1903748 58
5558969 169
5608387 171
5349424 163
5481571 167
5440645 166
5350194 163
5410114 165
5350636 163
5352806 163
5439934 166
5349037 163
5462625 166
5349483 163
5461971 166
5442651 166
1834824 55
1876628 57
3429188 104
5443001 166
5349925 163
5422246 165
5440389 166
5350531 163
5486810 167
5348479 163
5483183 167
5438650 165
1833824 55
1875764 57
3429419 104
5441835 166
5351651 163
5470535 166
5351745 163
5349190 163
5472436 167
5350310 163
1834232 55
1834008 55
2832213 86
5348455 163
1834688 55
5434251 165
5351161 163
2706761 82
5352130 163
5358699 163
3969053 121
5461982 166
1834808 55
1834288 55
4584540 139
5441078 166
4689341 143
1833228 55
5426284 165
5351209 163
5439595 166
5442091 166
1833672 55
3402341 103
5352388 163
5489704 167
5348280 163
5442137 166
5432665 165
5350428 163
5429294 165
5348840 163
5438814 165
1833756 55
5446886 166
5350813 163
5416204 165
5350205 163
3543167 108
5443666 166
5507355 168
5348151 163
5349750 163
5419400 165
1833588 55
5349459 163
5516431 168
5346856 163
5438464 165
1903400 58
4586070 139
5350358 163
5348118 163
5535541 168
5352445 163
5350579 163
5430379 165
5349459 163
1834816 55
5349680 163
5348070 163
5440621 166
5438989 165
5423202 165
5351255 163
5348969 163
5480615 167
5441787 166
1834616 55
3984521 121
5351583 163
5350824 163
5347720 163
5350391 163
5566085 169
5350159 163
5473241 167
5350216 163
5537805 169
5437565 165
5476461 167
5349109 163
5349704 163
5457819 166
5442010 166
3107284 94
1833632 55
5355514 163
5532159 168
5442454 166
3122098 95
1834004 55
5417230 165
5351594 163
5424147 165
5437121 165
5350463 163
5464992 166
5432035 165
5496131 167
5348676 163
5351115 163
5413649 165
5349634 163
5440061 166
5422515 165
5349236 163
5348455 163
5431790 165
1833860 55
1832988 55
5487661 167
5441157 166
1834208 55
1881588 57
3776088 115
5356715 163
5350730 163
5486460 167
1833648 55
5432630 165
5349564 163
5349575 163
1834500 55
1833252 55
3776716 115
5410499 165
5349879 163
5455811 166
5350089 163
5436561 165
5348234 163
5523396 168
5348234 163
5459125 166
5350030 163
5524295 168
5351080 163
5422235 165
5352456 163
5348339 163
5491524 167
5444390 166
1834260 55
1834260 55
4694560 143
5436049 165
5352399 163
1834760 55
4586880 139
5421885 165
5431812 165
5438908 165
5350321 163
5349936 163
5431707 165
5348805 163
1834188 55
1833680 55
5447378 166
5351745 163
1834580 55
2476432 75
5351139 163
5471386 166
5348129 163
2389749 72
1833724 55
5350345 163
5350030 163
5350741 163
3709792 113
3425585 104
5349599 163
5433551 165
5415246 165
1834564 55
4620212 140
5349831 163
5352887 163
5447715 166
1833468 55
1834192 55
5425092 165
5350426 163
5510098 168
5349833 163
1833464 55
5349155 163
5349645 163
5305628 161
5348315 163
1834036 55
5350706 163
5479272 167
5444086 166
5349120 163
4504308 137
1833844 55
5428115 165
5438919 165
5424989 165
5350811 163
5491594 167
5432046 165
1903884 58
5425385 165
5350881 163
5474713 167
5350997 163
1834452 55
4473568 136
1833784 55
5444075 166
1833988 55
5432980 165
5347556 163
1834400 55
5452324 166
1833632 55
1837644 56
5492782 167
5349610 163
5581927 170
5350822 163
1834012 55
5411980 165
5348199 163
5538435 169
5350065 163
5469649 166
5349586 163
1902872 58
5448240 166
1834200 55
5423377 165
5350708 163
1833916 55
2672490 81
5350730 163
5401445 164
1834812 55
5350275 163
5555480 169
5349715 163
5351441 163
1834512 55
1874704 57
3860976 117
3165099 96
1834228 55
5432396 165
3636699 110
3237743 98
5350275 163
5356168 163
5441695 166
1833972 55
1834068 55
3378165 103
5349201 163
5600805 170
5349877 163
5537361 168
5405505 164
5349680 163
5443620 166
5350135 163
5348805 163
5561966 169
5350415 163
5350463 163
3480950 106
1834420 55
5473836 167
5437169 165
5349284 163
5422981 165
1834500 55
5348024 163
5496645 167
5348945 163
5351325 163
1834036 55
4585460 139
5501965 167
1833740 55
5349481 163
5433389 165
5414185 165
5348304 163
1833376 55
5434076 165
5429633 165
1833988 55
5452357 166
5433015 165
5350030 163
5303834 161
2678329 81
5432221 165
5349737 163
5413555 165
5348980 163
5430425 165
5352200 163
5348525 163
5581356 170
5350496 163
5429808 165
5525111 168
5350135 163
2861206 87
1834172 55
5558654 169
5350647 163
5350310 163
5492187 167
5352060 163
5485445 167
5350695 163
5448183 166
5462393 166
1834156 55
1834652 55
4353869 132
4444901 135
3378219 103
5439151 165
5429644 165
5426424 165
1834412 55
5349411 163
5507285 168
5432595 165
1833792 55
5476076 167
5429957 165
5350706 163
1833856 55
5424346 165
5436318 165
5487499 167
5350183 163
1833688 55
5538866 169
5354720 163
5348897 163
5522289 168
5349319 163
5374320 164
5435452 165
5350089 163
5511649 168
5431475 165
5348665 163
1834084 55
5528751 168
5431814 165
5450911 166
5350264 163
1833980 55
5534294 168
5347871 163
5367810 163
5349973 163
5350135 163
3455845 105
1833456 55
1834008 55
5548316 169
5357183 163
1834532 55
5349820 163
5350006 163
5502956 167
5438090 165
5416775 165
5351581 163
5401318 164
5350999 163
5413380 165
5350170 163
5444495 166
5348363 163
5411175 165
5350369 163
5512675 168
5428909 165
5427124 165
5348420 163
5413286 165
5348479 163
5408456 165
5348455 163
5434240 165
5350614 163
5410370 165
5348606 163
5521215 168
5523444 168
5421255 165
5350345 163
5414605 165
5349785 163
5432888 165
5350719 163
5414570 165
5350181 163
5425501 165
5348722 163
5420065 165
5441380 166
5596290 170
5353075 163
5428371 165
5349634 163
5414977 165
5350334 163
5420684 165
5349761 163
5415701 165
5349855 163
5398518 164
5351382 163
5501475 167
5428231 165
5418805 165
5359397 163
5431720 165
5349400 163
1834340 55
5427369 165
5350253 163
5428791 165
5350065 163
1833744 55
4586150 139
5410405 165
1833920 55
5437880 165
5350017 163
5456732 166
5349470 163
5457749 166
5349166 163
5349785 163
5347626 163
5449196 166
5349061 163
5454715 166
5498196 167
1833164 55
4585730 139
5349750 163
5350660 163
5466941 166
5491837 167
5349424 163
1833796 55
5562445 169
5350520 163
1834948 55
5349411 163
4488583 136
4311530 131
5351161 163
5514611 168
5435115 165
5350811 163
5351150 163
1833616 55
3716139 113
5520493 168
3445555 105
1834540 55
5347919 163
5350682 163
5604165 171
5428920 165
5448509 166
5350509 163
5486460 167
5350870 163
1834056 55
5398820 164
5349971 163
1834564 55
1834240 55
5349260 163
5352189 163
5442091 166
5527235 168
1833468 55
2139038 65
5349831 163
5446269 166
1870824 57
1833572 55
5433142 165
5346274 163
1833084 55
1976784 60
5340499 162
5349260 163
5350065 163
5423202 165
5449793 166
5352655 163
1833712 55
5426669 165
5558641 169
5410615 165
5350264 163
1908732 58
5598320 170
5350754 163
5350321 163
4933401 150
1910784 58
5450257 166
5433785 165
5416482 165
5350824 163
5413520 165
5348816 163
5419610 165
5349448 163
5417475 165
5350614 163
5456885 166
5349807 163
1834180 55
2722692 83
5348840 163
5440413 166
5348024 163
5349483 163
5450025 166
5348304 163
5432969 165
5430051 165
5351384 163
4405426 134
1833608 55
5366984 163
5349190 163
5441577 166
5500403 167
1833932 55
5510341 168
5431952 165
5433774 165
5348571 163
1833800 55
5523560 168
5350008 163
5350264 163
5487077 167
5347313 163
2094131 63
1833576 55
5350030 163
3797109 115
3221166 98
5350089 163
1833876 55
5171715 157
5349387 163
1834024 55
5350323 163
5417055 165
5423425 165
5349971 163
1833528 55
5421266 165
5348536 163
5432280 165
5350428 163
1834212 55
4671350 142
5443725 166
5352130 163
5352994 163
1833972 55
5436620 165
5427708 165
1834284 55
5499690 167
5350940 163
5420461 165
5349586 163
1834584 55
4583970 139
5502210 167
1833660 55
5442839 166
5429841 165
1834744 55
4512958 137
5348442 163
5448835 166
5412389 165
5440260 166
5430075 165
1834004 55
1834148 55
5348654 163
5441859 166
5416694 165
5430578 165
5418164 165
5350730 163
1834292 55
2180550 66
5349551 163
5425293 165
5349120 163
5444832 166
5503820 167
5354289 163
1833840 55
1833792 55
5349098 163
5349260 163
5419308 165
5444156 166
5425512 165
5426247 165
1833736 55
1834208 55
4590680 140
5349691 163
1834464 55
1834736 55
5421535 165
5348372 163
5431545 165
5350240 163
1833648 55
2049110 62
5545004 169
5349691 163
5350881 163
5350052 163
1833540 55
5412050 165
5429749 165
5454026 166
5350708 163
5415677 165
5348293 163
5475785 167
5350848 163
5348875 163
5520176 168
5440529 166
5348783 163
5430810 165
5350019 163
5463104 166
1834068 55
1834092 55
5438569 165
5431066 165
5353587 163
5487451 167
5371181 163
5350391 163
5449664 166
5349085 163
5593921 170
5348665 163
5431626 165
5444204 166
5348315 163
5408095 165
5350181 163
1833428 55
5464712 166
5442511 166
5348781 163
5492327 167
5349190 163
5451309 166
5350474 163
5437051 165
5349903 163
5473943 167
5350754 163
5469892 166
5442290 166
5348770 163
4716454 143
1834856 55
5348280 163
5445965 166
5466545 166
5365487 163
5537127 168
5350450 163
1902792 58
1833668 55
5464130 166
5348991 163
5547920 169
5348477 163
5416331 165
5437506 165
1834272 55
1834600 55
5423355 165
5348070 163
5445044 166
5441660 166
5413566 165
5350356 163
5485865 167
5437425 165
1900092 57
5419225 165
5349063 163
5507064 168
5347217 163
1834324 55
5429130 165
5349190 163
5350555 163
5443421 166
5349761 163
5350113 163
5432654 165
5455299 166
5350776 163
5428874 165
5349330 163
1903564 58
5348573 163
1833876 55
5445405 166
5351417 163
5349306 163
5494241 167
5351675 163
5510914 168
5349308 163
1833960 55
4294354 131
5346132 163
5350216 163
5432501 165
5348339 163
5441964 166
5442406 166
1833708 55
4711506 143
1833740 55
5354825 163
5350555 163
5505045 168
5351196 163
1903128 58
1833380 55
5361068 163
5348713 163
5348385 163
5430390 165
5348269 163
5348840 163
1833320 55
1834724 55
4585500 139
5429865 165
5350111 163
5445639 166
5349704 163
5442303 166
5545341 169
5351045 163
5435675 165
5471270 166
1833912 55
4409164 134
5348234 163
5437215 165
5445567 166
5349365 163
5348781 163
5457843 166
5350356 163
5537466 168
5351091 163
1875992 57
5282248 161
5349459 163
5488897 167
5349389 163
5349459 163
5412483 165
5350813 163
5493134 167
5442408 166
5353309 163
5419120 165
5350579 163
5350264 163
5429235 165
5351185 163
5439210 165
5349120 163
5487044 167
5442675 166
1834160 55
5353659 163
1833952 55
5348805 163
5349669 163
5646679 172
5439315 165
1902836 58
4586400 139
5423040 165
5346681 163
5553367 169
1902172 58
3425761 104
5349656 163
5495969 167
5349912 163
5351767 163
5464736 166
5349238 163
5350929 163
5422362 165
5443644 166
5446127 166
5351242 163
1834856 55
5475413 167
5350404 163
5351592 163
5407360 165
5349072 163
5424790 165
5439595 166
5350673 163
1834196 55
4167747 127
5348794 163
5540500 169
5433704 165
5349435 163
5428699 165
5348315 163
5348641 163
5498990 167
5351080 163
5355956 163
5459941 166
5437589 165
2529741 77
1834468 55
5349540 163
1834068 55
5349481 163
