65927 64
65835 64
65719 64
65997 64
65824 64
69615 67
65859 64
65813 64
65964 64
65892 64
66058 64
67690 66
65835 64
65870 64
65951 64
66137 64
65754 64
65789 64
65695 64
65870 64
65695 64
65940 64
66128 64
65824 64
65894 64
66266 64
65846 64
66021 64
65765 64
66091 64
66137 64
66091 64
66338 64
66301 64
65800 64
66651 65
66242 64
65953 64
66115 64
66104 64
66325 64
65988 64
66069 64
69895 68
65800 64
66104 64
66699 65
66126 64
66104 64
66021 64
65787 64
65929 64
66734 65
65940 64
65953 64
66266 64
66069 64
65846 64
73931 72
65953 64
65857 64
65776 64
65905 64
72415 70
65835 64
66395 64
65975 64
65787 64
65986 64
65682 64
65682 64
65894 64
66126 64
65671 64
65927 64
66255 64
65975 64
65846 64
66091 64
66093 64
65892 64
65940 64
66371 64
66010 64
65905 64
66314 64
65986 64
65975 64
65964 64
65881 64
65824 64
66010 64
65997 64
66128 64
66244 64
66511 64
66080 64
66196 64
66056 64
66091 64
65927 64
152333 148
66266 64
65953 64
65859 64
65929 64
65964 64
66032 64
65986 64
65835 64
65929 64
66185 64
65811 64
65835 64
66139 64
65953 64
66069 64
65975 64
65813 64
66220 64
66056 64
65964 64
65800 64
66231 64
65870 64
66115 64
66023 64
66115 64
65975 64
65975 64
66010 64
66080 64
65778 64
66150 64
66010 64
65894 64
65975 64
65940 64
66137 64
114977 112
65870 64
65929 64
66069 64
66021 64
66185 64
65811 64
65787 64
66091 64
65824 64
65964 64
66325 64
65881 64
65870 64
65776 64
65881 64
66093 64
65918 64
65999 64
66032 64
65951 64
66163 64
66021 64
65894 64
66069 64
65986 64
65940 64
66080 64
65962 64
65892 64
66021 64
66034 64
65916 64
66266 64
65940 64
66220 64
66266 64
65975 64
66056 64
65999 64
65940 64
66056 64
65883 64
66185 64
65881 64
66032 64
65789 64
66128 64
65986 64
65789 64
66034 64
65918 64
65811 64
65986 64
65883 64
65848 64
65940 64
66010 64
65988 64
68167 66
66137 64
65811 64
66058 64
66128 64
66266 64
65859 64
66161 64
66196 64
65975 64
65846 64
66056 64
71763 70
66021 64
66137 64
65848 64
65789 64
66080 64
65894 64
65894 64
65940 64
65986 64
66023 64
65857 64
65859 64
65975 64
65859 64
66104 64
65765 64
65730 64
65859 64
65870 64
65811 64
66360 64
65975 64
65846 64
65951 64
66023 64
65929 64
65741 64
65776 64
66920 65
65986 64
65916 64
66115 64
65857 64
65835 64
66102 64
65918 64
66093 64
65846 64
65811 64
65765 64
65719 64
65916 64
66091 64
65975 64
65927 64
65754 64
66034 64
65975 64
65929 64
65857 64
65730 64
65870 64
65881 64
65916 64
65964 64
65999 64
65870 64
66196 64
65778 64
104884 102
65789 64
65684 64
65741 64
66139 64
65776 64
65778 64
65918 64
65695 64
65894 64
65822 64
65789 64
65800 64
65881 64
65940 64
66091 64
66010 64
65892 64
65927 64
65883 64
65859 64
66021 64
65824 64
66056 64
66058 64
65951 64
66336 64
66233 64
65848 64
66023 64
66185 64
65999 64
65929 64
65883 64
66021 64
65695 64
66045 64
65800 64
66010 64
65881 64
65754 64
65835 64
66139 64
65846 64
65975 64
65859 64
65929 64
66056 64
65986 64
66023 64
66137 64
65916 64
65730 64
66196 64
66032 64
66185 64
66080 64
66128 64
66126 64
66056 64
65881 64
65706 64
65811 64
65953 64
66021 64
66034 64
65741 64
66115 64
65789 64
65905 64
66010 64
66196 64
65848 64
65695 64
65765 64
65754 64
66196 64
66056 64
65940 64
65940 64
65892 64
66023 64
65894 64
65800 64
65929 64
65905 64
66021 64
65905 64
65951 64
66032 64
65894 64
65905 64
66032 64
65730 64
65986 64
66091 64
65962 64
65953 64
66115 64
66174 64
65848 64
66045 64
65964 64
66034 64
66115 64
66104 64
65905 64
65789 64
65695 64
65953 64
65999 64
65951 64
65800 64
65754 64
65813 64
66255 64
65835 64
65787 64
65741 64
65929 64
66220 64
65870 64
65730 64
65927 64
66150 64
66780 65
65962 64
65940 64
65800 64
65988 64
65940 64
65929 64
65999 64
65962 64
66021 64
66069 64
65892 64
65776 64
65835 64
66056 64
65988 64
65964 64
65813 64
65964 64
65743 64
65754 64
65754 64
65883 64
66069 64
65940 64
66010 64
65999 64
22544 22
22604 22
68718 67
65940 64
66115 64
65951 64
65975 64
65975 64
65870 64
65754 64
65846 64
65870 64
65940 64
65905 64
65824 64
65905 64
66034 64
65776 64
65940 64
65776 64
65929 64
66080 64
65765 64
65997 64
66301 64
65929 64
65894 64
65835 64
66021 64
22616 22
22552 22
65997 64
65765 64
65892 64
66478 64
65905 64
66128 64
65824 64
66489 64
65953 64
65811 64
65811 64
65964 64
65835 64
65870 64
66139 64
65999 64
66091 64
66513 64
65765 64
65999 64
65916 64
66080 64
65859 64
66056 64
66045 64
65975 64
65997 64
65824 64
66010 64
65743 64
66034 64
66032 64
65870 64
66220 64
66139 64
65986 64
65671 64
66010 64
65940 64
65999 64
65892 64
66209 64
65975 64
65811 64
66069 64
66069 64
66032 64
65988 64
65870 64
65975 64
65951 64
65940 64
65870 64
65929 64
65975 64
66102 64
65964 64
65905 64
65951 64
65846 64
66021 64
66080 64
65975 64
66279 64
65881 64
65986 64
65894 64
66303 64
65859 64
66045 64
66023 64
66104 64
66045 64
66174 64
66080 64
66045 64
66056 64
65940 64
65975 64
65776 64
66080 64
65905 64
66069 64
66056 64
65964 64
65953 64
66023 64
66034 64
66220 64
65905 64
66010 64
65883 64
65916 64
65894 64
65997 64
66104 64
65986 64
66023 64
66080 64
66010 64
65811 64
65986 64
65940 64
65940 64
65778 64
65800 64
65905 64
66231 64
65870 64
66034 64
65859 64
66172 64
66290 64
65894 64
65846 64
66067 64
65848 64
66080 64
66010 64
65848 64
65894 64
65929 64
66080 64
65964 64
65918 64
65824 64
65997 64
66336 64
66290 64
65776 64
65988 64
65870 64
66067 64
66080 64
65883 64
65859 64
65975 64
66056 64
66021 64
65894 64
65835 64
66139 64
66172 64
65905 64
65986 64
65905 64
66093 64
66010 64
65940 64
65916 64
65962 64
65951 64
65647 64
68915 67
66067 64
65800 64
65916 64
65778 64
65929 64
65975 64
65894 64
65975 64
65813 64
65986 64
66023 64
66616 65
65962 64
65929 64
66010 64
65975 64
66045 64
65999 64
65754 64
65671 64
65951 64
65835 64
66452 64
65719 64
65859 64
65800 64
66115 64
66325 64
66034 64
65929 64
65881 64
65951 64
65765 64
65800 64
65811 64
65999 64
65741 64
66069 64
65916 64
65811 64
65940 64
65929 64
65929 64
65940 64
65754 64
66010 64
66196 64
65892 64
65789 64
66301 64
65870 64
65940 64
65929 64
65708 64
66769 65
65894 64
65695 64
65765 64
65870 64
65859 64
65811 64
65752 64
66058 64
65706 64
65962 64
66174 64
65929 64
65800 64
65894 64
65975 64
65822 64
65706 64
65953 64
65916 64
66034 64
65927 64
65951 64
65824 64
65964 64
65940 64
66093 64
66255 64
66128 64
65719 64
65765 64
65988 64
66069 64
65953 64
65684 64
66163 64
65811 64
66034 64
65719 64
65859 64
65986 64
65951 64
65916 64
66010 64
66045 64
66010 64
150640 147
65813 64
66489 64
65953 64
22668 22
22668 22
70070 68
66150 64
66069 64
66139 64
66080 64
65940 64
66430 64
65846 64
65800 64
66104 64
66220 64
81480 79
65951 64
66209 64
65940 64
65741 64
66174 64
65999 64
69941 68
65916 64
65835 64
66045 64
65975 64
72393 70
65730 64
66023 64
66021 64
65649 64
65682 64
65894 64
66185 64
22652 22
66209 64
65776 64
66056 64
65787 64
186644 182
65975 64
65846 64
65870 64
66032 64
65951 64
65824 64
65695 64
65859 64
65999 64
75064 73
66023 64
65997 64
66301 64
22636 22
66032 64
65800 64
65857 64
66115 64
66056 64
65975 64
66139 64
66139 64
65975 64
66255 64
65951 64
65916 64
65940 64
65870 64
66338 64
65894 64
65918 64
66137 64
65741 64
65706 64
65776 64
66128 64
65894 64
65765 64
65846 64
65988 64
65824 64
66161 64
65892 64
65671 64
65752 64
65883 64
65951 64
65916 64
65813 64
65778 64
65988 64
65918 64
66126 64
66091 64
65929 64
66850 65
65835 64
65859 64
65789 64
65988 64
66150 64
66161 64
65916 64
66373 64
65870 64
65916 64
65962 64
66091 64
66209 64
65859 64
65835 64
66115 64
65881 64
70000 68
66010 64
66290 64
65975 64
65951 64
66290 64
65730 64
65964 64
65881 64
65881 64
66010 64
66045 64
65951 64
65857 64
65999 64
66032 64
66010 64
65916 64
66371 64
66150 64
65835 64
66045 64
65975 64
65789 64
65717 64
66021 64
66093 64
65927 64
65695 64
65695 64
65997 64
66417 64
65997 64
65962 64
65940 64
66034 64
65975 64
66139 64
65894 64
65647 64
65929 64
66032 64
65857 64
65859 64
65824 64
66045 64
66137 64
65857 64
66126 64
65964 64
65975 64
65800 64
65964 64
65916 64
65918 64
65754 64
65999 64
65927 64
65811 64
65940 64
66010 64
66115 64
66255 64
65881 64
65999 64
66150 64
66209 64
65778 64
66080 64
66058 64
66034 64
66080 64
65859 64
66559 64
66371 64
65964 64
66080 64
66093 64
66056 64
65846 64
66115 64
65999 64
65859 64
65929 64
66115 64
66034 64
66080 64
65846 64
82167 80
66034 64
66522 64
66104 64
65846 64
65857 64
65905 64
65789 64
65811 64
65730 64
65940 64
65918 64
65962 64
65743 64
65822 64
65787 64
67305 65
66067 64
65824 64
65835 64
65811 64
65776 64
70654 68
65824 64
65916 64
65951 64
65964 64
65835 64
66174 64
65905 64
65940 64
65881 64
65859 64
65894 64
66021 64
65776 64
66349 64
65848 64
65951 64
65953 64
65717 64
65800 64
65894 64
65916 64
65881 64
66559 64
66233 64
65892 64
65835 64
66034 64
65811 64
65846 64
65997 64
65894 64
66419 64
66080 64
66102 64
65927 64
163111 159
65964 64
65892 64
66231 64
66058 64
66032 64
65682 64
65962 64
65964 64
65835 64
66104 64
66139 64
66093 64
66010 64
65857 64
65964 64
65964 64
65918 64
65975 64
65870 64
66163 64
65986 64
65940 64
66010 64
66091 64
65682 64
65918 64
65883 64
66010 64
66034 64
65892 64
