55688012 242
50357276 219
50388300 219
50743060 221
50750680 221
56535900 246
50188256 218
50431464 219
50049140 218
50004144 218
54711716 238
50650872 220
50457108 219
57357856 250
50308252 219
50607556 220
50463276 220
50196112 218
50466952 220
50500908 220
51025684 222
50556460 220
50469424 220
51012612 222
50951548 222
51039272 222
50924196 222
50452192 219
50365400 219
50528332 220
50563836 220
56382212 245
50390880 219
50536304 220
50317592 219
50803476 221
50414900 219
50354116 219
50404832 219
50513000 220
50629756 220
50213008 218
56898452 248
50111024 218
50935532 222
51245856 223
50664852 220
50901540 221
50715508 221
51172492 223
50539332 220
49726172 216
50403272 219
51143280 222
50881504 221
50518532 220
50826864 221
50764536 221
50605556 220
50365592 219
50449908 219
50859780 221
50859336 221
53638936 233
50329944 219
50795172 221
50586556 220
50861764 221
51031020 222
50761588 221
50631140 220
50759264 221
50782468 221
50546448 220
55508256 241
50613588 220
53432988 232
50216660 218
51065828 222
50778576 221
50742520 221
50580096 220
50884764 221
52360620 228
50132740 218
50444136 219
50989172 222
50366396 219
50379988 219
50281808 219
50904440 221
51140808 222
50769028 221
50850332 221
51559488 224
50455460 219
50186332 218
50877644 221
50280260 219
50351732 219
50579472 220
51158848 223
50371012 219
50627048 220
50597004 220
50813952 221
50052968 218
51945404 226
51226000 223
50625820 220
50066712 218
50814112 221
50747668 221
51584736 224
50135192 218
50595740 220
49971732 217
50269232 219
52505172 228
50593032 220
50630120 220
50087328 218
50772880 221
50716800 221
50124852 218
50641516 220
50820448 221
50737304 221
49840840 217
56553288 246
50563504 220
50714144 221
50270500 219
50359996 219
50592148 220
50561456 220
50706128 221
50898748 221
50746948 221
50537624 220
50788148 221
50488188 220
50323640 219
50694320 221
50667704 220
51388084 224
50088896 218
50407680 219
51068660 222
54763280 238
56657216 247
50619608 220
51030208 222
50478372 220
50295020 219
51066172 222
50447904 219
51071816 222
50691128 220
50822956 221
50121840 218
50743052 221
50576312 220
50092768 218
50409872 219
50923964 222
50874388 221
50310336 219
50342932 219
51333768 223
50159412 218
55993632 244
51248420 223
50639864 220
50291920 219
50746644 221
51140376 222
50268392 219
50482824 220
50982220 222
50806196 221
50302132 219
50980324 222
50786356 221
51053788 222
50443360 219
50750420 221
50995964 222
50427328 219
50196588 218
50748308 221
50213300 218
55967980 244
50423692 219
50631540 220
50066876 218
50421960 219
50847580 221
50114252 218
50372836 219
50640604 220
50790864 221
50494528 220
49903076 217
50926668 222
50123220 218
50525440 220
50735616 221
50838584 221
50445696 219
50360840 219
51404932 224
50703336 221
50209964 218
50742768 221
50676684 220
50726148 221
50543116 220
50725364 221
50391668 219
50705156 221
50730780 221
50610680 220
50617052 220
50190340 218
51501168 224
50816808 221
50155876 218
50097656 218
50646940 220
49969588 217
50552120 220
51289372 223
50600628 220
50890664 221
50133032 218
51008236 222
50230236 218
50282044 219
51402984 224
50501444 220
50929324 222
50132552 218
51161148 223
50408756 219
50331436 219
50891860 221
50353824 219
51467260 224
50242468 219
50849000 221
50001888 217
49993292 217
50576340 220
57937564 252
51550196 224
50015280 218
51375536 223
50474044 220
50274332 219
51069436 222
50270064 219
50943956 222
50154664 218
50662640 220
50263032 219
50405904 219
51428020 224
50335064 219
51123952 222
50754160 221
50663352 220
50698028 221
50411448 219
50886544 221
50036680 218
51155596 223
50249772 219
50269700 219
51380512 224
50389804 219
50503788 220
50167108 218
50628720 220
50341292 219
50340968 219
50976716 222
50890548 221
50359852 219
50723788 221
50462440 219
50069036 218
50093432 218
50806704 221
50858148 221
50426380 219
50782932 221
50727820 221
50015656 218
50458200 219
50947624 222
50898372 221
50151620 218
51922736 226
50591540 220
50764724 221
50593980 220
51044108 222
50708840 221
50870148 221
50655352 220
50334020 219
50599396 220
50371076 219
50473960 220
51412280 224
50460028 219
50857540 221
50113340 218
50418880 219
50355460 219
50582744 220
50910116 221
51102784 222
50952580 222
50396884 219
50733196 221
50263988 219
50175704 218
50798156 221
50351788 219
50737000 221
50895964 221
49868564 217
50605100 220
50733984 221
50971912 222
51034052 222
50288936 219
51029056 222
50505208 220
50886208 221
50143132 218
50856392 221
50047556 218
49993204 217
50727920 221
50241136 219
50599868 220
52553740 229
51131760 222
50375884 219
50401196 219
50452276 219
50444340 219
51079908 222
50555664 220
50937632 222
51326488 223
51225600 223
50332560 219
50592436 220
50924488 222
50338556 219
50391560 219
50828680 221
50892136 221
50334200 219
50322788 219
50625772 220
50265804 219
50828736 221
50652500 220
50836236 221
50635588 220
50825412 221
50893244 221
50752632 221
50629136 220
50773468 221
50757532 221
50435316 219
50175804 218
50467100 220
50597820 220
51029728 222
50439444 219
50830356 221
50448520 219
50250728 219
50620640 220
50825768 221
51150136 222
55276356 240
50719684 221
50720512 221
50475252 220
50827184 221
51117284 222
50988300 222
50413652 219
50593892 220
50532504 220
50138756 218
51011084 222
51054008 222
50414728 219
50299540 219
50257808 219
50768320 221
50597380 220
51144036 222
50662292 220
50523972 220
50090916 218
50439888 219
50604452 220
50642808 220
51003192 222
50826588 221
50383288 219
50843608 221
50743932 221
50963672 222
50629220 220
50432152 219
51268964 223
50557696 220
50044684 218
50420520 219
50891116 221
50329268 219
50523500 220
50950736 222
50579972 220
50520988 220
50312168 219
50622004 220
49998704 217
50512952 220
50477900 220
50569724 220
50209472 218
50679804 220
50904624 221
50423004 219
50602448 220
51298048 223
50598004 220
50338832 219
50040908 218
50977936 222
50657012 220
50466700 220
50899516 221
50835372 221
50363880 219
50473860 220
50582416 220
50416252 219
50705520 221
50540280 220
51935948 226
51250268 223
50673056 220
51199248 223
50001516 217
52312016 228
50632880 220
50912828 221
50248264 219
49932328 217
50699628 221
50170788 218
50631524 220
50587896 220
50399464 219
49958200 217
50270176 219
50602632 220
50328336 219
50590376 220
50686552 220
50456024 219
50098580 218
50941804 222
50515028 220
50555860 220
50300048 219
50428808 219
50217764 218
50389332 219
50422080 219
50834852 221
51112164 222
51015244 222
50926380 222
51056104 222
50541028 220
50920264 221
50024576 218
50631136 220
50424720 219
61747572 269
50758152 221
51002300 222
51171360 223
50592848 220
50925412 222
50946188 222
50540140 220
50358292 219
49992088 217
51119724 222
49680196 216
50969036 222
51342436 223
49661552 216
50933608 222
50204684 218
50947876 222
50178304 218
52835264 230
50660388 220
50006588 218
50848400 221
50394000 219
50771136 221
50159860 218
49776708 217
51379204 223
49778928 217
51140844 222
50580432 220
50307388 219
50425244 219
50187588 218
53002144 231
50483784 220
49977920 217
51175560 223
50079140 218
50285472 219
50825252 221
50275392 219
51111748 222
49860660 217
51451076 224
50405216 219
50667676 220
51232696 223
51213648 223
50806388 221
50272524 219
51691504 225
49960340 217
50586980 220
51167116 223
50453956 219
50843428 221
50427876 219
51329668 223
50267940 219
50362624 219
50915660 221
50607836 220
50608312 220
50460964 219
52241940 227
50536784 220
49987804 217
50680624 220
50506564 220
50348584 219
50633076 220
51285624 223
50292220 219
50243976 219
51218512 223
49996240 217
50497296 220
50459160 219
51062116 222
50257736 219
50723348 221
51430120 224
49852676 217
50718748 221
50428668 219
50778900 221
50374092 219
49851292 217
51009388 222
49923332 217
50859976 221
50218248 218
51061176 222
50272364 219
50335596 219
50789740 221
50037160 218
50904636 221
49768048 216
50983828 222
50215396 218
51129564 222
51064196 222
50930400 222
50350460 219
50930324 222
50140556 218
50852316 221
50624448 220
50950580 222
49887976 217
50796536 221
50556220 220
50753236 221
50437664 219
50131348 218
50255396 219
50713520 221
50706176 221
50431208 219
50758728 221
50403932 219
50168740 218
50031156 218
50484460 220
50133656 218
50515832 220
50293040 219
50682720 220
50391772 219
50425528 219
50469708 220
50040328 218
50100176 218
50405296 219
50626876 220
50811152 221
51395528 224
51021556 222
50020472 218
50873580 221
50459728 219
51011116 222
50824752 221
49902072 217
50965424 222
49922852 217
50566468 220
50199676 218
50760844 221
50687048 220
50601920 220
51026472 222
50286256 219
50683044 220
50459828 219
50925560 222
50391396 219
50432852 219
50869576 221
50086532 218
50164720 218
50820228 221
50732148 221
50477528 220
50757988 221
50670936 220
49817596 217
50591812 220
50341468 219
51180344 223
52082528 227
51056160 222
50766304 221
50688260 220
49886772 217
50957840 222
50732312 221
50619228 220
50553528 220
50498644 220
50105944 218
50329236 219
50341380 219
51138224 222
50934492 222
50718848 221
50209992 218
50261904 219
50259996 219
49999540 217
50889748 221
50123864 218
51462884 224
50362536 219
51005568 222
50329044 219
51061904 222
50596416 220
51520460 224
50419488 219
50556096 220
50065400 218
50515928 220
50592992 220
50121316 218
50998072 222
50788860 221
50791776 221
53995144 235
50465228 220
50012492 218
50379996 219
51052144 222
50339976 219
51555780 224
62387392 271
50378596 219
50059432 218
50438592 219
50805220 221
50513160 220
52493972 228
50528236 220
50470928 220
50926268 222
51032728 222
50835460 221
51095924 222
51249284 223
50109660 218
50497548 220
50341956 219
51113328 222
50542936 220
51070820 222
50474964 220
50256880 219
50834020 221
50811524 221
50445424 219
49956028 217
50645812 220
50707276 221
50799420 221
50979992 222
54995536 239
50296060 219
50302260 219
50258280 219
50888812 221
50871908 221
50749980 221
50712120 221
50146040 218
50207328 218
50229088 218
50436468 219
50854128 221
50501324 220
50742568 221
50913928 221
50733844 221
50316508 219
50855908 221
50585456 220
50775040 221
50514928 220
51418092 224
50756900 221
50206312 218
51208892 223
49848576 217
51002416 222
50345460 219
50853596 221
50841084 221
50380520 219
50815612 221
49845708 217
51539224 224
50516276 220
56696208 247
50793040 221
50516580 220
50676884 220
50658996 220
50826416 221
50199108 218
50633944 220
50482460 220
50085668 218
50300608 219
50194840 218
50497940 220
50838268 221
50657592 220
50952256 222
50582916 220
50778716 221
50580612 220
50771484 221
51140124 222
50771420 221
50623952 220
50192228 218
50620148 220
50109064 218
50707284 221
50934396 222
50726176 221
50846032 221
50047916 218
50630900 220
50104388 218
51208820 223
50074444 218
52063148 226
50106220 218
50767940 221
50579468 220
50350588 219
51229280 223
50086404 218
50514108 220
50662716 220
51112152 222
50528852 220
50672120 220
51278244 223
50309096 219
50458968 219
50355708 219
50901668 221
50184832 218
50834284 221
51236484 223
50448352 219
50524064 220
50468436 220
50773364 221
50776852 221
50424728 219
50618196 220
50816472 221
51199744 223
50752124 221
51145000 222
50673960 220
50251236 219
50446200 219
51044276 222
51140144 222
50265156 219
52624180 229
50814228 221
50801140 221
50780164 221
50574192 220
50575300 220
50352740 219
50518376 220
51137048 222
50220056 218
50360440 219
50920384 221
50876752 221
50487856 220
50366156 219
51482268 224
50975676 222
50803032 221
50855744 221
51130136 222
50312276 219
50594488 220
50412936 219
50759956 221
50727424 221
50799680 221
53326220 232
50510436 220
50477948 220
50259660 219
50852184 221
50589576 220
50236224 219
51000664 222
51103776 222
50800496 221
50079276 218
50574060 220
50427352 219
50153288 218
50976884 222
50977352 222
50450664 219
49877656 217
50679736 220
50257132 219
50511196 220
51018980 222
51078196 222
50874192 221
50512300 220
51297332 223
50527412 220
50653188 220
50281284 219
51284812 223
53061256 231
50575276 220
50966724 222
50134152 218
51253944 223
50472180 220
50915304 221
50140388 218
50296396 219
50730072 221
50715948 221
50709052 221
50101160 218
51434456 224
50680960 220
50322556 219
50428592 219
51268616 223
51021188 222
50147524 218
51330320 223
50231928 218
50732456 221
51359232 223
50637788 220
50599432 220
50987192 222
50854924 221
50444904 219
50368504 219
50988928 222
50517556 220
49919484 217
50979484 222
50370240 219
50608856 220
50125432 218
51570732 224
50411980 219
50240812 219
50925508 222
50619968 220
50868688 221
49907468 217
51007716 222
50342992 219
49802316 217
51271712 223
50570972 220
50567004 220
50065140 218
50941872 222
50289536 219
51010872 222
50956040 222
51581884 224
50579760 220
50488876 220
50738332 221
50989848 222
50272328 219
50802176 221
50786092 221
50316124 219
50537868 220
50531324 220
50989700 222
49379812 215
50352904 219
51069508 222
50225048 218
49965200 217
49901016 217
51159904 223
49857956 217
51007908 222
50734736 221
50535876 220
50733912 221
50117784 218
50701336 221
50351860 219
50404724 219
50677452 220
50297352 219
50666428 220
