293871 81
368154 102
291924 81
720779 201
314195 87
314849 87
285670 79
295004 82
291841 81
361502 100
357746 99
338496 94
340598 95
422625 117
354655 98
341891 95
301374 84
312060 87
266105 74
275391 76
271051 75
264740 73
280396 78
277959 77
281470 78
282905 78
282789 78
279101 77
302459 84
301046 83
275870 76
300241 83
262828 73
260037 72
280619 78
279777 78
312340 87
299530 83
304745 85
310601 86
311102 86
318476 88
315584 88
293499 81
287210 80
304185 84
289660 80
275229 76
301186 84
309470 86
312375 87
299075 83
341646 95
301687 84
318091 88
291491 81
292040 81
291924 81
267120 74
323680 90
286615 79
280479 78
285670 79
285005 79
308805 86
284747 79
274610 76
258392 72
301582 84
308433 86
432250 120
260015 72
291025 81
309540 86
302704 84
362029 101
297268 82
311408 86
306309 85
303754 84
306145 85
313788 87
428144 119
374581 104
310835 86
294140 82
457240 127
291679 81
302809 84
298642 83
586891 163
280280 78
379422 105
387811 108
309680 86
330658 92
306158 85
363790 101
324496 90
315070 87
285331 79
289765 80
299226 83
284852 79
429706 119
284574 79
282393 78
272731 76
274201 76
284082 79
273993 76
299331 83
299495 83
280665 78
282356 78
292320 81
285355 79
282636 78
285414 79
285331 79
289846 80
282566 78
284036 79
351411 98
302387 84
284924 79
284806 79
288971 80
308164 85
283172 79
276231 77
286020 79
301571 84
302387 84
279066 77
302645 84
286475 79
284235 79
278226 77
290780 81
300650 83
303135 84
279917 78
313541 87
302039 84
295179 82
280269 78
279650 78
264635 73
306880 85
281785 78
258055 72
254264 70
258405 72
275100 76
299204 83
279405 77
258569 72
259549 72
257891 71
294794 82
261415 72
277642 77
293919 82
271062 75
368504 102
311618 86
282310 78
263585 73
241408 67
365960 102
280770 78
281890 78
284375 79
309389 86
300882 83
398720 111
263957 73
233789 65
274645 76
298668 83
288341 80
279696 78
278005 77
260634 72
279429 77
264751 73
280665 78
310485 86
336619 93
306552 85
286685 79
305878 85
292027 81
392385 109
286125 79
288015 80
281343 78
301980 84
480410 134
302072 84
289883 80
268229 74
301840 84
305283 85
326014 90
286359 79
300254 83
280921 78
279313 77
264541 73
288516 80
284141 79
300744 83
311511 86
288096 80
266070 74
280595 78
301420 84
286335 79
310323 86
307510 85
304301 84
261566 72
255767 71
256970 71
282006 78
282089 78
257613 71
281715 78
309109 86
287151 80
274249 76
258569 72
260763 72
275660 76
263001 73
276010 77
261800 73
278368 77
279860 78
264320 73
283721 79
281844 78
281413 78
297850 83
432915 120
277504 77
283570 79
321182 89
315853 88
281365 78
280827 78
268577 74
260844 72
234279 65
258637 72
293534 81
267260 74
307591 85
268205 74
284036 79
303135 84
263025 73
362821 101
309203 86
305154 85
314020 87
296264 82
287770 80
309050 86
471671 131
332524 92
279976 78
310870 86
306589 85
280420 78
305806 85
280013 78
258895 72
287258 80
460799 128
259770 72
304338 84
295448 82
317054 88
323400 90
296474 82
284655 79
284620 79
295621 82
276198 77
99916 27
262441 73
289940 80
312994 87
303789 84
292996 81
324555 90
318896 88
392595 109
270130 75
351890 98
278519 77
259888 72
266057 74
264331 73
293790 81
288400 80
279685 78
282881 78
263399 73
284574 79
280398 78
391313 109
266000 74
282975 78
297802 83
311406 86
280886 78
285600 79
313589 87
280805 78
320051 89
324835 90
317157 88
289660 80
279090 77
282520 78
304699 85
316785 88
336512 93
332371 92
336560 93
293930 82
277714 77
324684 90
288249 80
309190 86
285495 79
312561 87
291830 81
305725 85
300558 83
301022 83
403060 112
103056 28
96492 26
285449 79
304675 85
289951 80
310566 86
286114 79
357083 99
456352 127
261262 72
258462 72
295925 82
295494 82
301608 84
297837 83
374734 104
90964 25
288982 80
286486 79
285587 79
310157 86
402338 112
289601 80
285401 79
307453 85
315711 88
322584 90
284480 79
314965 87
471183 131
296568 82
265650 74
314685 87
300569 83
306484 85
295039 82
332104 92
312211 87
294221 82
302260 84
281446 78
310100 86
281529 78
308490 86
300674 83
276616 77
255161 71
240555 67
261251 72
277084 77
263397 73
275555 76
288028 80
280746 78
284036 79
280140 78
281820 78
284025 79
290220 80
267645 74
289030 80
267155 74
278390 77
290104 80
304723 85
419534 117
261730 73
259967 72
283220 79
280724 78
284572 79
260973 72
279311 77
278891 77
285926 79
304430 84
302995 84
310054 86
318734 88
319480 89
401205 111
407763 113
328324 91
324100 90
330914 92
335755 93
345883 96
334309 93
491037 137
329993 92
325465 90
420455 117
341902 95
327821 91
360793 100
316634 88
315711 88
301840 84
319353 89
318511 88
327810 91
393610 109
298071 83
332769 92
326865 91
382889 106
322291 89
323529 90
317811 88
315875 88
312143 87
317159 88
401065 111
422603 117
336339 93
429240 119
412020 114
417539 116
318511 88
304220 84
292996 81
312795 87
313950 87
294245 82
312806 87
295693 82
289625 80
491529 137
287536 80
298515 83
286149 79
259442 72
288831 80
390016 108
293895 82
299974 83
289544 80
335405 93
284526 79
284106 79
283174 79
258300 72
287617 80
484389 135
311231 86
303566 84
310415 86
327694 91
315280 87
424981 118
313996 87
314464 87
309050 86
288422 80
295155 82
277690 77
304010 84
302750 84
290430 81
309109 86
305480 85
312434 87
313123 87
304371 84
310404 86
310122 86
322584 90
310533 86
319946 89
315385 87
313600 87
308210 85
316914 88
308888 86
303846 84
307335 85
288260 80
291189 81
308595 86
286989 80
500301 139
324695 90
305631 85
316796 88
307311 85
324275 90
501200 139
373485 104
292845 81
302142 84
356311 99
308608 86
296240 82
302341 84
339384 94
335009 93
344249 96
302866 84
279160 77
274623 76
281925 78
277434 77
267761 74
286626 79
289975 80
304651 85
285508 79
282135 78
288960 80
287455 80
305679 85
311793 86
373262 104
309039 86
310905 86
312830 87
305642 85
315328 87
288494 80
298049 83
372597 103
333585 93
303916 84
291806 81
302726 84
279440 77
268566 74
278786 77
257985 71
254041 70
283102 78
303695 84
281680 78
277397 77
277469 77
262419 73
262325 73
275997 77
283301 79
307534 85
288610 80
280127 78
277900 77
295365 82
310555 86
295761 82
264158 73
265114 73
281868 78
276861 77
284959 79
274540 76
252665 70
259234 72
261533 72
256003 71
235445 65
288610 80
305550 85
307042 85
286836 80
303568 84
278029 77
295833 82
290465 81
336713 93
305725 85
291841 81
263865 73
275135 76
253901 70
281308 78
281691 78
311699 86
264495 73
301223 84
262815 73
299250 83
284701 79
273468 76
286278 79
317684 88
286311 79
286079 79
308910 86
290161 80
317391 88
292972 81
273035 76
295667 82
294967 82
287910 80
313064 87
285086 79
300989 83
296894 82
285250 79
283616 79
283336 79
281540 78
277257 77
286405 79
283244 79
308665 86
284318 79
289555 80
284362 79
311872 87
296544 82
381417 106
347515 96
265055 73
268240 74
301048 83
281109 78
284375 79
288505 80
285051 79
289194 80
288844 80
258674 72
313285 87
275778 76
281343 78
286639 79
287022 80
287991 80
307954 85
306180 85
288225 80
261275 72
282752 78
284318 79
287175 80
318032 88
314978 87
314545 87
285029 79
305946 85
290640 81
281120 78
617096 172
303345 84
304640 85
288704 80
283804 79
280641 78
286033 79
531884 148
307965 85
297955 83
293591 81
285565 79
280932 78
277690 77
258394 72
264705 73
262699 73
274271 76
294549 82
269067 75
287363 80
298620 83
385759 107
299589 83
287140 80
285180 79
296017 82
288704 80
290688 81
259584 72
305283 85
303824 84
299156 83
290931 81
281774 78
284399 79
282905 78
432974 120
288588 80
300278 83
333574 93
278508 77
265615 74
304185 84
284784 79
305432 85
260516 72
282671 78
265696 74
284795 79
280210 78
289496 80
289684 80
293768 81
285484 79
282275 78
286394 79
314545 87
307532 85
262220 73
288470 80
304710 85
284946 79
260039 72
259396 72
300044 83
260295 72
262850 73
284666 79
300812 83
569800 158
287000 80
281901 78
281107 78
277375 77
308816 86
425589 118
281831 78
337785 94
255395 71
255616 71
266956 74
260284 72
589632 164
261008 72
281645 78
281085 78
482499 134
282590 78
315245 87
286042 79
287595 80
302949 84
307674 85
286195 79
264097 73
275415 76
296520 82
281809 78
301151 84
264390 73
314709 87
287827 80
285624 79
280046 78
309050 86
300370 83
282030 78
277784 77
273315 76
297220 82
261835 73
307733 85
289485 80
260938 72
264005 73
264635 73
279521 77
257436 71
283266 79
267201 74
278659 77
285471 79
279766 78
290115 80
303752 84
462746 129
283896 79
301396 84
282857 78
303603 84
281529 78
310205 86
300160 83
310660 86
283664 79
288039 80
293278 81
282404 78
299344 83
306344 85
285543 79
282579 78
291539 81
288798 80
308864 86
287700 80
276640 77
281273 78
587510 163
312596 87
278250 77
291841 81
361935 100
279639 78
316238 88
301070 84
319865 89
268461 74
562404 156
286906 80
305504 85
288586 80
292681 81
299810 83
315888 88
291690 81
307206 85
322210 89
330540 92
515644 143
307077 85
259875 72
260505 72
305817 85
326154 91
348484 97
323260 90
267623 74
302903 84
295120 82
261988 73
276244 77
413980 115
278740 77
280407 78
274155 76
241723 67
298410 83
276931 77
261590 72
277841 77
237055 66
254367 70
245094 68
278342 77
278939 77
259700 72
261124 72
257729 71
267284 74
298725 83
282227 78
283966 79
292681 81
276710 77
263515 73
256257 71
288564 80
266840 74
380391 106
291117 81
319747 89
295820 82
304944 85
322175 89
285705 79
294175 82
368399 102
313158 87
293709 81
297417 82
294442 82
335510 93
406280 113
302015 84
302306 84
397296 110
308665 86
284152 79
286558 79
274107 76
293521 81
265849 74
299799 83
286755 80
279628 78
283990 79
281002 78
319152 89
313552 87
309273 86
295936 82
280851 78
283231 79
303205 84
301514 84
287816 80
106968 29
118172 32
290546 81
291375 81
301595 84
287654 80
308641 86
290161 80
282577 78
279324 77
317544 88
260096 72
284060 79
279698 78
269745 75
261216 72
525735 146
275135 76
278867 77
257657 71
257506 71
251930 70
255815 71
359054 100
301164 84
286066 79
261787 73
280525 78
310579 86
326736 91
450113 125
308444 86
285832 79
276115 77
275170 76
277572 77
241325 67
461276 128
282393 78
301770 84
303625 84
301468 84
290511 81
368712 102
285401 79
273175 76
235294 65
259035 72
261461 72
304605 84
411541 114
289076 80
305375 85
254719 71
280501 78
282297 78
678020 189
290384 81
299775 83
412941 115
279766 78
300768 83
570605 159
276675 77
297233 82
