134960 65
131810 64
131762 64
131751 64
132265 64
131727 64
133407 65
131764 64
131856 64
131972 64
132007 64
132383 64
131681 64
133059 64
132125 64
131727 64
131576 64
131985 64
131659 64
132230 64
131635 64
248406 121
131858 64
132044 64
206255 100
131998 64
149181 72
131705 64
132219 64
132650 64
132427 64
131659 64
45168 22
131740 64
132020 64
132031 64
131823 64
131974 64
131926 64
131880 64
133993 65
133980 65
131716 64
131775 64
151014 73
131646 64
131869 64
131646 64
131753 64
153475 74
131694 64
133092 64
131786 64
131810 64
131904 64
131692 64
131961 64
132604 64
131880 64
131657 64
156835 76
131727 64
132055 64
131670 64
131845 64
151876 74
131788 64
131659 64
132731 64
131810 64
132055 64
131657 64
132987 64
131613 64
131915 64
131832 64
131775 64
131718 64
131786 64
131751 64
132416 64
131681 64
132182 64
132825 64
131799 64
152611 74
132954 64
132370 64
131823 64
132079 64
131694 64
131845 64
131845 64
131869 64
158187 77
132650 64
131904 64
157032 76
131775 64
131716 64
131718 64
152484 74
131716 64
131902 64
131729 64
131751 64
131810 64
131681 64
131718 64
131683 64
132230 64
131762 64
131856 64
131867 64
132009 64
131646 64
131823 64
133269 65
131869 64
149975 73
132779 64
132265 64
131692 64
131694 64
131659 64
131694 64
132033 64
132042 64
131834 64
132884 64
131799 64
131961 64
131775 64
151782 74
132101 64
131694 64
132033 64
131974 64
131926 64
132044 64
131858 64
131799 64
131740 64
132160 64
131659 64
152309 74
131810 64
132637 64
131915 64
134354 65
152740 74
131834 64
131681 64
131705 64
131797 64
131821 64
132917 64
131683 64
131648 64
132976 64
131753 64
131740 64
131915 64
131880 64
132195 64
131985 64
132790 64
131891 64
131786 64
154864 75
133560 65
131939 64
132429 64
155691 76
131915 64
131716 64
131681 64
131705 64
131705 64
131622 64
132020 64
132265 64
131786 64
131705 64
131729 64
132779 64
132055 64
131727 64
131775 64
131727 64
133081 64
131775 64
131694 64
131996 64
133210 65
132079 64
131786 64
131845 64
132497 64
134343 65
133129 65
132136 64
131937 64
131683 64
131832 64
156614 76
131764 64
131961 64
188849 92
131799 64
131775 64
131670 64
131751 64
131764 64
131716 64
131832 64
132254 64
132068 64
131740 64
132055 64
136804 66
131764 64
132639 64
134109 65
132254 64
151130 73
131939 64
133479 65
386271 188
148798 72
131856 64
131974 64
131670 64
131694 64
131681 64
131845 64
131751 64
131727 64
131753 64
131926 64
131810 64
131762 64
132556 64
132908 64
150804 73
131600 64
131670 64
131622 64
132184 64
131692 64
133000 64
132149 64
132545 64
155645 75
132079 64
151224 73
131729 64
131740 64
131751 64
132077 64
132567 64
131823 64
131821 64
131880 64
157489 76
131845 64
131716 64
132160 64
131508 64
157559 76
131648 64
131740 64
131915 64
131880 64
133980 65
131611 64
131880 64
178010 86
131797 64
149835 73
131517 64
233625 114
131694 64
150325 73
131764 64
131694 64
131716 64
156159 76
131764 64
131716 64
150909 73
131985 64
131622 64
131880 64
131810 64
131832 64
263001 128
132252 64
132556 64
131681 64
131670 64
131705 64
153300 74
132066 64
131939 64
131797 64
131810 64
132079 64
132160 64
131974 64
133315 65
132381 64
131869 64
131799 64
131390 64
241872 118
131845 64
131810 64
131681 64
131718 64
131799 64
131937 64
133094 64
132114 64
131762 64
132278 64
131939 64
131810 64
131950 64
131764 64
131775 64
133560 65
131705 64
131797 64
132031 64
150535 73
131751 64
131856 64
133337 65
131880 64
131845 64
159040 77
132182 64
132160 64
131692 64
132031 64
132276 64
131893 64
157522 76
131740 64
132020 64
133385 65
131646 64
132020 64
132090 64
131880 64
131646 64
131613 64
135008 65
131928 64
132777 64
131856 64
131705 64
131915 64
131716 64
131891 64
132615 64
132324 64
131727 64
131834 64
131821 64
148352 72
132626 64
151106 73
131565 64
131810 64
131705 64
131646 64
132790 64
151701 74
132335 64
131821 64
131646 64
132486 64
131810 64
133022 64
131926 64
156124 76
131751 64
131657 64
150920 73
132219 64
204575 99
87380 42
53932 26
133291 65
63585 31
131963 64
131635 64
138285 67
131729 64
131880 64
132044 64
131821 64
131681 64
131751 64
131670 64
131681 64
131834 64
155785 76
131657 64
132383 64
133455 65
132615 64
152869 74
131832 64
150594 73
152729 74
132884 64
132954 64
131834 64
131705 64
131786 64
150067 73
132138 64
131694 64
133630 65
131694 64
131950 64
152950 74
131740 64
131786 64
131681 64
131928 64
131998 64
131799 64
150559 73
131694 64
131670 64
131775 64
132628 64
131648 64
131762 64
131904 64
131764 64
131683 64
131891 64
131740 64
131565 64
131821 64
131963 64
151235 73
132464 64
132160 64
131683 64
131869 64
132149 64
132475 64
131694 64
136780 66
131670 64
131810 64
132125 64
131716 64
131622 64
132230 64
131797 64
131740 64
131788 64
131729 64
131904 64
132068 64
131646 64
158714 77
132020 64
131611 64
131775 64
132066 64
131891 64
132149 64
132160 64
131764 64
131694 64
131996 64
134505 65
150058 73
131821 64
131694 64
132206 64
131670 64
131985 64
154827 75
131845 64
131858 64
131705 64
132952 64
131670 64
156671 76
131926 64
131762 64
131799 64
133188 65
153427 74
131880 64
132031 64
131985 64
131810 64
132101 64
131705 64
132650 64
131786 64
156730 76
131845 64
131821 64
132020 64
131552 64
131810 64
132685 64
133140 65
131670 64
131858 64
131681 64
131740 64
131832 64
133630 65
131810 64
131845 64
154433 75
131891 64
151537 73
131716 64
131775 64
131821 64
131753 64
131670 64
131600 64
131705 64
132160 64
133781 65
134109 65
131788 64
132580 64
131729 64
131657 64
157699 77
131624 64
132567 64
131972 64
131869 64
131775 64
150091 73
132241 64
131670 64
131786 64
133735 65
132906 64
131799 64
132042 64
157347 76
131681 64
131683 64
132219 64
131775 64
150721 73
131705 64
132230 64
131915 64
151469 73
148201 72
132976 64
131740 64
132766 64
131657 64
132147 64
132777 64
132790 64
131950 64
131834 64
132313 64
131694 64
131821 64
133105 64
133735 65
131718 64
131729 64
132475 64
150373 73
150277 73
132405 64
131974 64
131751 64
133888 65
132825 64
153125 74
131972 64
131775 64
133070 64
132908 64
131799 64
131834 64
131832 64
132602 64
131694 64
132954 64
132265 64
132335 64
132628 64
131729 64
131729 64
131764 64
131624 64
131740 64
132475 64
132042 64
132241 64
131705 64
132733 64
133000 64
131786 64
131902 64
132230 64
151876 74
131926 64
131961 64
131810 64
131600 64
132138 64
131786 64
131740 64
131705 64
131764 64
152088 74
152495 74
131788 64
131727 64
131716 64
131740 64
131775 64
131753 64
132241 64
131904 64
150336 73
152134 74
133385 65
132219 64
131939 64
154746 75
131799 64
131823 64
131729 64
131740 64
222974 108
131692 64
132044 64
131937 64
131786 64
131775 64
131727 64
131716 64
132171 64
151644 74
131740 64
156975 76
131716 64
132265 64
131716 64
131788 64
131565 64
132696 64
131869 64
131972 64
131926 64
133164 65
131670 64
256480 125
131799 64
133129 65
131939 64
512658 250
158561 77
131705 64
160534 78
131670 64
150605 73
133923 65
132182 64
133700 65
131799 64
132987 64
131786 64
131891 64
132112 64
133372 65
132068 64
131600 64
132009 64
131821 64
131869 64
131753 64
131681 64
132731 64
131729 64
131939 64
131939 64
131904 64
132149 64
151865 74
132300 64
131810 64
132055 64
131810 64
132195 64
132090 64
131705 64
131646 64
131659 64
131753 64
131764 64
131845 64
132020 64
133722 65
133175 65
135380 66
156951 76
131823 64
131753 64
132079 64
132044 64
132394 64
131611 64
132593 64
132136 64
131578 64
132125 64
131541 64
131659 64
131867 64
132230 64
132451 64
151399 73
131950 64
131775 64
132357 64
131705 64
132591 64
132055 64
131740 64
131823 64
158445 77
131740 64
131694 64
135065 65
133081 64
131775 64
150115 73
131727 64
131764 64
132383 64
131718 64
135450 66
131880 64
131786 64
204284 99
216930 105
131985 64
131799 64
131869 64
131694 64
131856 64
131705 64
131834 64
134341 65
132580 64
132079 64
131775 64
132055 64
131904 64
132335 64
131670 64
131902 64
131670 64
132276 64
131985 64
131845 64
131858 64
131694 64
131635 64
132755 64
131764 64
131681 64
131670 64
131646 64
132346 64
132031 64
131740 64
131740 64
132335 64
132429 64
131996 64
131832 64
131869 64
131705 64
152344 74
132276 64
132138 64
151410 73
131775 64
131821 64
131646 64
150793 73
133105 64
131821 64
131681 64
132650 64
131845 64
131985 64
132488 64
131659 64
150933 73
132300 64
131740 64
131834 64
131670 64
131963 64
131880 64
152366 74
131565 64
131904 64
131775 64
132090 64
131832 64
133584 65
131670 64
131635 64
131683 64
131705 64
131904 64
131670 64
132486 64
131961 64
152333 74
132090 64
131565 64
131578 64
150618 73
131832 64
150511 73
131657 64
131751 64
131775 64
131659 64
131751 64
131648 64
131775 64
132020 64
133162 65
131740 64
131880 64
132346 64
132346 64
155914 76
131858 64
131950 64
132322 64
132427 64
132230 64
131740 64
131729 64
131786 64
132440 64
131961 64
133140 65
131705 64
131845 64
131705 64
132311 64
131915 64
131867 64
132908 64
134201 65
131926 64
131659 64
131939 64
131810 64
131681 64
132626 64
150382 73
131727 64
131775 64
131797 64
131858 64
132418 64
131821 64
133490 65
132042 64
131904 64
131740 64
157896 77
131670 64
131904 64
131950 64
131716 64
132007 64
131775 64
131950 64
131985 64
132324 64
131893 64
131635 64
132475 64
131740 64
149953 73
132055 64
134085 65
131799 64
132182 64
131834 64
134260 65
131729 64
131893 64
133853 65
131845 64
132558 64
132044 64
131904 64
132884 64
131867 64
132147 64
131845 64
131926 64
132114 64
131716 64
131821 64
132801 64
131764 64
150662 73
131810 64
131727 64
131775 64
132650 64
131880 64
131786 64
131915 64
151515 73
132685 64
150710 73
169949 82
45172 22
45152 22
131705 64
131998 64
131716 64
131856 64
131810 64
131705 64
131670 64
132020 64
131821 64
131950 64
131939 64
132311 64
131950 64
131893 64
132405 64
156135 76
131740 64
132545 64
132475 64
131635 64
212719 103
132930 64
131635 64
131786 64
132440 64
132346 64
132930 64
152075 74
132020 64
132101 64
131832 64
134166 65
131869 64
132112 64
131810 64
131683 64
131764 64
131869 64
131729 64
131775 64
131694 64
131705 64
131729 64
131740 64
131753 64
131670 64
131716 64
131891 64
131670 64
131740 64
131716 64
