23041 45
23146 45
22376 43
23030 44
23148 45
22658 44
23170 45
22798 44
22623 44
22960 44
22831 44
22494 43
22820 44
23253 45
23065 45
22879 44
22912 44
23100 45
22658 44
22704 44
22529 44
7780 15
7784 15
7832 15
7808 15
7776 15
7744 15
7820 15
7952 15
7824 15
8008 15
22424 43
7976 15
7724 15
23310 45
22763 44
22446 43
23251 45
22645 44
23100 45
22833 44
22470 43
23194 45
22831 44
23054 45
22750 44
22925 44
22949 44
22599 44
22995 44
22938 44
22599 44
22984 44
23100 45
22868 44
22866 44
22518 43
22796 44
22938 44
22588 44
22715 44
23496 45
22494 43
22947 44
22715 44
22901 44
23135 45
22785 44
22820 44
23275 45
23065 45
22737 44
22785 44
22831 44
23006 44
22807 44
23229 45
22658 44
22761 44
23076 45
23076 45
22728 44
22459 43
22656 44
23170 45
22610 44
23205 45
23017 44
22761 44
23356 45
22236 43
23135 45
22798 44
22632 44
22947 44
22621 44
22971 44
22575 44
22925 44
23194 45
22995 44
22481 43
22516 43
22785 44
22890 44
23345 45
23089 45
22341 43
22890 44
22702 44
23262 45
22715 44
22446 43
22435 43
22610 44
22809 44
22680 44
22855 44
22586 44
22610 44
23113 45
22785 44
22586 44
22831 44
23030 44
22960 44
22833 44
22063 43
22470 43
22680 44
23135 45
22308 43
22925 44
22798 44
22680 44
23065 45
22715 44
22343 43
22621 44
22518 43
23054 45
22785 44
23065 45
23216 45
23310 45
22903 44
22914 44
22704 44
23078 45
22798 44
23426 45
22214 43
351645 686
22518 43
22925 44
22050 43
22879 44
22995 44
22658 44
23358 45
22879 44
22949 44
22890 44
22516 43
22529 44
22702 44
23054 45
22785 44
22774 44
22656 44
23089 45
22424 43
22271 43
23122 45
22995 44
22610 44
22656 44
22995 44
22645 44
22879 44
22516 43
22667 44
23404 45
22925 44
22984 44
22936 44
22214 43
23205 45
22982 44
22890 44
23439 45
22914 44
23087 45
22971 44
22774 44
23030 44
22842 44
22400 43
22693 44
22866 44
22634 44
23194 45
22774 44
22413 43
22925 44
22702 44
22890 44
23052 45
22575 44
22236 43
22774 44
23041 45
22343 43
22726 44
22912 44
36260 70
22459 43
22785 44
22868 44
22610 44
22844 44
22551 44
22575 44
22575 44
22621 44
22866 44
22669 44
22715 44
22761 44
22715 44
22621 44
22588 44
22866 44
22527 43
22855 44
23367 45
22984 44
22645 44
22925 44
22772 44
23159 45
22494 43
22376 43
22936 44
22610 44
22680 44
23135 45
22645 44
22737 44
22597 44
22656 44
22553 44
22586 44
22914 44
22763 44
23065 45
22599 44
22540 44
22317 43
22761 44
22704 44
22761 44
22925 44
22901 44
22551 44
23078 45
22726 44
22481 43
22656 44
22798 44
22761 44
22715 44
22925 44
22844 44
23439 45
22807 44
23100 45
22656 44
22936 44
22588 44
22704 44
22527 43
23041 45
22866 44
22540 44
23089 45
22586 44
22715 44
22494 43
22809 44
22389 43
22680 44
22890 44
22728 44
22820 44
22995 44
22634 44
23194 45
23006 44
23087 45
23008 44
22483 43
23111 45
22785 44
22236 43
22844 44
22540 44
22634 44
22772 44
22796 44
22947 44
23089 45
22704 44
22492 43
23030 44
22529 44
22820 44
22597 44
22411 43
22715 44
22529 44
22761 44
22376 43
22879 44
23380 45
22995 44
23019 44
22912 44
22947 44
22623 44
22680 44
22669 44
23183 45
22400 43
22866 44
23030 44
22446 43
22680 44
23205 45
22890 44
22610 44
23194 45
23089 45
23415 45
22750 44
22597 44
22621 44
23485 45
22901 44
22352 43
22820 44
22855 44
22634 44
23006 44
22610 44
22785 44
23041 45
22680 44
22400 43
22645 44
22702 44
23089 45
22704 44
22949 44
22761 44
23065 45
23964 46
22142 43
22645 44
22984 44
22809 44
22901 44
22774 44
22820 44
22914 44
22669 44
22820 44
22680 44
22645 44
22925 44
22483 43
22341 43
22435 43
22702 44
22645 44
22645 44
23006 44
22809 44
22120 43
22831 44
23437 45
22389 43
22772 44
22761 44
22586 44
22505 43
22820 44
22949 44
22739 44
22785 44
23124 45
22039 43
22378 43
34278 66
22809 44
22540 44
22914 44
22575 44
22949 44
22995 44
22726 44
22260 43
22855 44
22680 44
22529 44
23052 45
22610 44
22586 44
22387 43
22564 44
22564 44
22785 44
22971 44
23089 45
22947 44
22890 44
22831 44
23216 45
22435 43
22669 44
22597 44
22912 44
22704 44
22435 43
22728 44
22914 44
22470 43
23111 45
22610 44
22411 43
22691 44
23100 45
22656 44
22343 43
22866 44
22492 43
22562 44
22704 44
22798 44
23159 45
22774 44
23076 45
22610 44
22995 44
22785 44
22575 44
22037 43
22562 44
22798 44
22774 44
22492 43
22610 44
22527 43
22365 43
22564 44
22354 43
22669 44
22796 44
23730 46
22260 43
23041 45
22527 43
23275 45
22435 43
23218 45
22551 44
22982 44
22529 44
23520 45
23485 45
22973 44
22516 43
22820 44
22820 44
23240 45
23076 45
22494 43
29925 58
23041 45
22774 44
22634 44
22925 44
22809 44
22645 44
23030 44
22669 44
22925 44
22645 44
22798 44
22422 43
23008 44
22505 43
22702 44
22739 44
22868 44
22960 44
22435 43
22634 44
22936 44
22645 44
22669 44
22610 44
23695 46
22308 43
23485 45
22715 44
22831 44
22879 44
22586 44
22947 44
22564 44
23100 45
22879 44
22726 44
22750 44
23113 45
22855 44
22634 44
22796 44
23043 45
22693 44
22995 44
23288 45
22317 43
22774 44
22831 44
22739 44
22492 43
22761 44
22667 44
22621 44
23124 45
22820 44
22995 44
22807 44
22728 44
23275 45
22459 43
22890 44
22575 44
22131 43
22960 44
22715 44
22750 44
22551 44
22691 44
22715 44
22656 44
22494 43
22715 44
22855 44
23113 45
22855 44
22610 44
22960 44
22166 43
22901 44
23030 44
22796 44
22785 44
22901 44
23030 44
22960 44
22831 44
22890 44
22459 43
23157 45
23135 45
22551 44
23159 45
22949 44
22820 44
23345 45
22610 44
22448 43
22726 44
22914 44
22505 43
22551 44
22761 44
22470 43
33204 64
12280 23
11720 22
22691 44
22470 43
22785 44
22553 44
22387 43
22553 44
22890 44
23426 45
22680 44
22890 44
22704 44
23078 45
23194 45
23181 45
22656 44
22562 44
22728 44
22459 43
22750 44
22529 44
22693 44
22936 44
22096 43
23146 45
22726 44
22750 44
22785 44
22505 43
22704 44
23415 45
22306 43
23450 45
22866 44
22831 44
23065 45
22658 44
22774 44
22634 44
23229 45
22319 43
22715 44
22645 44
22807 44
22319 43
22527 43
22912 44
22750 44
22260 43
22868 44
23111 45
22820 44
22177 43
22903 44
22715 44
22352 43
22446 43
22809 44
23148 45
22750 44
23240 45
22411 43
22890 44
22470 43
22586 44
22562 44
23124 45
22949 44
23286 45
23334 45
118591 231
22645 44
22505 43
22914 44
22529 44
22352 43
23030 44
22553 44
22422 43
23310 45
22715 44
22750 44
22842 44
22750 44
22903 44
22645 44
22540 44
22505 43
22831 44
22820 44
23041 45
22656 44
22984 44
22529 44
22704 44
22995 44
22529 44
22645 44
22833 44
23321 45
22728 44
23006 44
22341 43
23030 44
22470 43
22562 44
22645 44
22995 44
23159 45
23052 45
22459 43
22632 44
22669 44
22588 44
22761 44
22772 44
22715 44
23426 45
23205 45
22796 44
22833 44
22330 43
22330 43
22785 44
22494 43
22691 44
23227 45
22855 44
22459 43
23332 45
22890 44
22960 44
22599 44
23229 45
23159 45
22844 44
22809 44
23450 45
22599 44
22658 44
22621 44
22877 44
23358 45
22796 44
23052 45
22925 44
22785 44
23146 45
22820 44
22914 44
22529 44
22693 44
22798 44
23485 45
22890 44
23089 45
22656 44
22796 44
23089 45
23006 44
22938 44
22971 44
22691 44
22166 43
22715 44
22960 44
22623 44
22877 44
22527 43
22634 44
22914 44
23170 45
22365 43
22481 43
23170 45
22505 43
22995 44
22925 44
22400 43
22715 44
23030 44
22632 44
23041 45
22459 43
22389 43
23100 45
23006 44
22599 44
22551 44
22693 44
22317 43
23181 45
22750 44
22761 44
22656 44
22586 44
22842 44
22936 44
22621 44
22901 44
23078 45
22691 44
22785 44
23321 45
22168 43
22855 44
22365 43
22842 44
22820 44
23345 45
22669 44
23124 45
22995 44
23041 45
22739 44
22551 44
22833 44
22925 44
22890 44
22820 44
23192 45
22726 44
22809 44
22763 44
22938 44
22936 44
22844 44
22527 43
23008 44
22715 44
22623 44
22389 43
22680 44
22400 43
22774 44
22527 43
23006 44
22868 44
23030 44
22201 43
22518 43
22621 44
22879 44
22726 44
22365 43
22586 44
22855 44
22820 44
22562 44
23030 44
22564 44
22938 44
23078 45
22890 44
22949 44
22446 43
22621 44
22763 44
22656 44
22588 44
22446 43
22634 44
23054 45
22540 44
22459 43
22925 44
22551 44
22435 43
22376 43
23124 45
23380 45
34206 66
22726 44
22551 44
22807 44
23262 45
22610 44
22949 44
22691 44
22809 44
23065 45
23017 44
22901 44
22971 44
23297 45
22551 44
22947 44
22785 44
23369 45
22761 44
22831 44
22271 43
22400 43
23100 45
22459 43
22691 44
22564 44
23402 45
22645 44
22575 44
22540 44
22855 44
22936 44
23006 44
23544 45
22726 44
22529 44
22378 43
22492 43
23043 45
22680 44
22925 44
22715 44
22984 44
22295 43
23065 45
22973 44
22761 44
22645 44
22691 44
22866 44
22737 44
22505 43
22201 43
22833 44
22982 44
22516 43
22809 44
22715 44
22680 44
22763 44
22586 44
22634 44
22761 44
22750 44
22341 43
22459 43
22704 44
22809 44
22960 44
22352 43
22260 43
22586 44
22365 43
23065 45
22984 44
22551 44
23148 45
22516 43
23404 45
22971 44
23310 45
22844 44
22901 44
22973 44
22914 44
22516 43
22564 44
22844 44
22505 43
22435 43
23181 45
22739 44
22785 44
23332 45
22645 44
22820 44
22726 44
22330 43
23019 44
22470 43
23194 45
22693 44
22912 44
22634 44
22586 44
22855 44
32959 64
7884 15
22343 43
7808 15
22260 43
22715 44
23135 45
22890 44
22715 44
22352 43
22949 44
23275 45
22540 44
22984 44
22807 44
22691 44
22540 44
22833 44
22809 44
22540 44
22505 43
22553 44
22715 44
22879 44
22494 43
22890 44
23297 45
23030 44
23087 45
22737 44
