684 21
727 22
1960 61
2299 71
2253 70
1949 60
1890 59
1855 57
1763 55
1890 59
1785 55
1914 59
1774 55
1809 56
1912 59
1971 61
1842 57
1809 56
2087 65
2100 65
1982 61
2100 65
1774 55
1820 56
1925 60
1809 56
1995 62
1960 61
1960 61
1984 62
1866 58
1890 59
2076 64
1971 61
1949 60
1971 61
1971 61
1868 58
1691 52
1960 61
1973 61
1866 58
2030 63
1877 58
2800 87
2113 66
1949 60
1973 61
2100 65
1971 61
1868 58
1842 57
2146 67
2124 66
1831 57
1855 57
1796 56
1960 61
1868 58
1901 59
1750 54
1879 58
1925 60
1901 59
1866 58
1914 59
1842 57
1877 58
1879 58
1901 59
1901 59
1761 55
1960 61
1984 62
1879 58
2076 64
1855 57
1877 58
1750 54
1960 61
1833 57
1796 56
1901 59
1855 57
1855 57
1809 56
1901 59
1842 57
1925 60
1947 60
1844 57
2216 69
2017 63
1855 57
1890 59
1866 58
1820 56
1785 55
1844 57
1772 55
1774 55
1704 53
1879 58
1901 59
1866 58
1831 57
1809 56
1704 53
2170 67
1820 56
1949 60
1982 61
1691 52
1855 57
2065 64
1995 62
1936 60
1750 54
1820 56
1879 58
1995 62
1914 59
1877 58
2111 65
2181 68
1877 58
1855 57
1984 62
1901 59
1739 54
2030 63
1774 55
1785 55
1890 59
1774 55
2065 64
1879 58
1844 57
1866 58
1774 55
1750 54
1971 61
1973 61
1971 61
2275 71
1879 58
1960 61
1912 59
1831 57
1960 61
1877 58
1984 62
1877 58
1949 60
2017 63
2006 62
1750 54
1971 61
1842 57
2124 66
2019 63
1855 57
1949 60
2041 63
1868 58
1890 59
1866 58
1960 61
2041 63
1960 61
1833 57
1973 61
1949 60
1785 55
1901 59
1947 60
1844 57
1995 62
1960 61
1995 62
2030 63
1903 59
1855 57
1855 57
1960 61
1960 61
1855 57
1796 56
1844 57
2111 65
1890 59
1960 61
1844 57
1960 61
1995 62
1820 56
1901 59
1842 57
1936 60
1995 62
1949 60
1984 62
2043 63
1947 60
1901 59
1903 59
2135 66
1809 56
1890 59
1763 55
1877 58
2008 62
1984 62
1842 57
1785 55
1785 55
1807 56
1831 57
1831 57
2391 74
1820 56
1901 59
1844 57
1877 58
1855 57
1960 61
1868 58
1960 61
1995 62
2253 70
1866 58
1831 57
2240 70
1901 59
1971 61
2135 66
1982 61
1890 59
1820 56
1877 58
1785 55
2100 65
1949 60
2078 64
1842 57
1855 57
1901 59
1866 58
1960 61
1903 59
1774 55
1844 57
1936 60
1868 58
1844 57
1715 53
1982 61
1960 61
1785 55
1973 61
1750 54
1844 57
1901 59
2019 63
1796 56
2262 70
1890 59
1831 57
1890 59
1984 62
2100 65
1901 59
1879 58
1960 61
1877 58
1774 55
1890 59
1750 54
1903 59
1842 57
2008 62
1763 55
1774 55
1844 57
1809 56
1796 56
1785 55
2089 65
2229 69
1879 58
1960 61
2017 63
2008 62
2065 64
1903 59
1842 57
1820 56
1903 59
1763 55
1809 56
1820 56
1938 60
1807 56
1901 59
1912 59
1774 55
1936 60
2019 63
1844 57
1877 58
1796 56
1868 58
1842 57
1844 57
1807 56
1844 57
1796 56
1984 62
1774 55
1796 56
1890 59
1914 59
1866 58
1842 57
1715 53
1879 58
2159 67
1949 60
1842 57
1842 57
1995 62
2054 64
2017 63
1855 57
1936 60
1914 59
1984 62
1984 62
1960 61
2030 63
1982 61
1798 56
1715 53
1890 59
1925 60
2345 73
1807 56
1715 53
1879 58
1960 61
1785 55
1901 59
1912 59
1750 54
1844 57
1820 56
1971 61
1877 58
2310 72
2065 64
1949 60
2159 67
1774 55
1772 55
1960 61
1984 62
1960 61
1912 59
1984 62
1855 57
1774 55
2041 63
1973 61
2299 71
1960 61
1761 55
1949 60
1901 59
2124 66
1960 61
1903 59
1960 61
2240 70
1855 57
1868 58
1949 60
2019 63
2019 63
1866 58
1925 60
1995 62
1914 59
2157 67
1973 61
2078 64
2017 63
1901 59
1960 61
1949 60
1890 59
1973 61
1842 57
2043 63
1844 57
1960 61
1925 60
1879 58
2170 67
1831 57
1761 55
1833 57
1901 59
1820 56
1901 59
1971 61
1949 60
1995 62
1855 57
2216 69
1844 57
1914 59
2030 63
1844 57
1890 59
1855 57
1809 56
1971 61
1890 59
1890 59
2089 65
1844 57
1925 60
1761 55
1774 55
2078 64
1947 60
1995 62
1842 57
1842 57
2240 70
2019 63
2089 65
2380 74
1901 59
1912 59
1912 59
1774 55
1796 56
2019 63
2122 66
2076 64
1796 56
1995 62
1901 59
1938 60
1938 60
1842 57
1833 57
1949 60
1971 61
1842 57
2170 67
1949 60
2146 67
1971 61
1704 53
1866 58
2264 70
1763 55
1866 58
1947 60
2205 68
1774 55
1890 59
1982 61
1761 55
2030 63
1879 58
1901 59
1763 55
1995 62
1925 60
1879 58
2229 69
1750 54
1914 59
2030 63
1949 60
1995 62
1785 55
2216 69
2043 63
1912 59
2041 63
1938 60
1925 60
1947 60
1903 59
1971 61
1925 60
2415 75
1971 61
2321 72
1949 60
1844 57
1877 58
1610 50
1960 61
2461 76
2065 64
2089 65
1901 59
1855 57
2113 66
1925 60
1842 57
1855 57
1868 58
1866 58
1890 59
1750 54
1866 58
1774 55
1971 61
1879 58
1971 61
1879 58
1809 56
1973 61
1842 57
1831 57
1960 61
1831 57
1901 59
1973 61
1925 60
1831 57
1960 61
2334 72
1774 55
1796 56
1855 57
1879 58
1761 55
2334 72
1855 57
1890 59
1831 57
1761 55
1960 61
1960 61
2030 63
1833 57
2089 65
1984 62
1960 61
2019 63
1879 58
1879 58
1971 61
2216 69
1774 55
2030 63
1890 59
1960 61
1890 59
1925 60
1973 61
1842 57
2100 65
1798 56
1761 55
2019 63
1842 57
1844 57
2227 69
1971 61
2253 70
1890 59
1936 60
1901 59
1949 60
1890 59
1750 54
1936 60
1831 57
1877 58
2089 65
1879 58
1925 60
1971 61
1995 62
1809 56
2006 62
1774 55
1982 61
1844 57
1855 57
1890 59
1947 60
1796 56
1728 54
1842 57
1820 56
1702 53
2100 65
1890 59
1901 59
2030 63
1960 61
1960 61
2006 62
1831 57
1831 57
1761 55
2043 63
2089 65
1903 59
1973 61
1844 57
2170 67
1925 60
2450 76
2393 74
3231 100
1855 57
1971 61
1901 59
1890 59
1844 57
1938 60
1995 62
1982 61
1960 61
1831 57
1971 61
1960 61
1877 58
1949 60
1877 58
1763 55
1901 59
1914 59
1949 60
1960 61
1750 54
1903 59
1844 57
1879 58
1879 58
1984 62
2135 66
1879 58
1925 60
2065 64
2229 69
1925 60
1879 58
1973 61
1890 59
1914 59
2017 63
1925 60
1903 59
1925 60
1912 59
1879 58
1796 56
1820 56
1831 57
1774 55
2264 70
1914 59
2017 63
2100 65
1984 62
1750 54
1914 59
1984 62
1879 58
2008 62
1879 58
2087 65
2321 72
2146 67
1960 61
2019 63
1785 55
1877 58
2017 63
1912 59
1796 56
1785 55
1890 59
2019 63
2194 68
1949 60
1750 54
1971 61
1855 57
2216 69
1903 59
1890 59
1868 58
1809 56
1995 62
1949 60
1761 55
2041 63
2054 64
1960 61
1763 55
2078 64
1798 56
1844 57
1903 59
1973 61
1750 54
1750 54
1820 56
1890 59
1925 60
1973 61
2054 64
1809 56
1842 57
2111 65
1890 59
1995 62
2006 62
2334 72
2030 63
1925 60
1820 56
1820 56
1715 53
1938 60
1774 55
2008 62
1820 56
1820 56
1879 58
1796 56
1833 57
1971 61
1960 61
1971 61
1960 61
1772 55
1774 55
1855 57
1831 57
1879 58
2135 66
1925 60
1890 59
1984 62
1995 62
1901 59
1807 56
1798 56
2076 64
1960 61
2041 63
2369 74
1901 59
1796 56
2006 62
1763 55
1855 57
2205 68
1984 62
2065 64
1879 58
1761 55
1949 60
2030 63
1844 57
1844 57
1971 61
1844 57
2229 69
1973 61
2135 66
1868 58
1914 59
1866 58
2089 65
1925 60
1879 58
1831 57
1901 59
1973 61
1855 57
1809 56
1890 59
1844 57
1842 57
1925 60
1938 60
1925 60
1949 60
1833 57
1877 58
1995 62
1995 62
1925 60
2229 69
1785 55
2006 62
1947 60
1877 58
1982 61
3069 95
2682 83
1925 60
1833 57
1936 60
1809 56
1925 60
1798 56
1785 55
2030 63
2019 63
1960 61
1831 57
1912 59
1949 60
1901 59
1785 55
1949 60
1960 61
1739 54
1877 58
1833 57
1855 57
1960 61
1691 52
1855 57
2006 62
1925 60
1750 54
1960 61
1984 62
1785 55
1844 57
1833 57
1901 59
1971 61
1938 60
2054 64
1890 59
1901 59
1877 58
1960 61
1960 61
2240 70
1844 57
1960 61
1844 57
1866 58
1984 62
1949 60
1877 58
1866 58
2030 63
1844 57
2030 63
1890 59
1866 58
2008 62
1879 58
1971 61
2065 64
1879 58
2240 70
1855 57
1901 59
1855 57
1879 58
1925 60
2428 75
1960 61
1761 55
1761 55
1947 60
1925 60
1984 62
1855 57
1973 61
1984 62
1739 54
1774 55
1973 61
1936 60
1879 58
1844 57
1971 61
1866 58
1772 55
1785 55
1890 59
1901 59
1833 57
1785 55
1971 61
1901 59
1995 62
2006 62
1739 54
2205 68
1820 56
1949 60
1949 60
2216 69
1820 56
1936 60
1890 59
1820 56
1982 61
1774 55
2008 62
1901 59
1750 54
1890 59
1949 60
1971 61
2264 70
1901 59
1844 57
1774 55
1831 57
2345 73
1866 58
1984 62
1868 58
1971 61
1890 59
1820 56
1833 57
1785 55
644 20
1960 61
2006 62
1890 59
1890 59
1868 58
1973 61
1855 57
1868 58
2205 68
1971 61
1938 60
1936 60
1901 59
1866 58
1971 61
2520 78
1914 59
1903 59
1879 58
1914 59
1995 62
1774 55
1844 57
2065 64
1890 59
1868 58
1844 57
1925 60
1866 58
1879 58
1901 59
1774 55
1960 61
1879 58
1772 55
1947 60
1960 61
1866 58
1914 59
1833 57
2089 65
1890 59
1879 58
1750 54
1774 55
1831 57
2251 70
1855 57
1925 60
1868 58
2100 65
1949 60
1901 59
1761 55
1960 61
2017 63
1901 59
1982 61
