5681 44
5996 46
5858 45
5552 43
5681 44
5635 44
6020 47
5716 44
5845 45
5869 45
5705 44
5974 46
5727 44
5821 45
5799 45
5659 44
5705 44
5648 44
5764 45
5775 45
5694 44
5810 45
5751 44
5963 46
5648 44
5646 44
5799 45
6033 47
5845 45
5705 44
5622 43
5716 44
5681 44
5718 44
5670 44
5985 46
5613 43
5799 45
5681 44
6103 47
5799 45
5799 45
5729 44
5565 43
6055 47
5622 43
5611 43
5670 44
5600 43
5495 42
5657 44
5635 44
5880 45
5670 44
5519 43
5799 45
5716 44
6090 47
5716 44
5762 45
5646 44
5659 44
5823 45
5622 43
5751 44
5646 44
5985 46
5856 45
5786 45
5694 44
5670 44
5740 44
5867 45
5786 45
5775 45
5740 44
5705 44
5950 46
5985 46
5729 44
5727 44
5880 45
5659 44
6219 48
5764 45
6055 47
5578 43
5764 45
5611 43
5786 45
5753 44
5565 43
5797 45
5659 44
5718 44
5764 45
5670 44
5589 43
5880 45
5670 44
5902 46
5729 44
5727 44
5718 44
5648 44
6042 47
5718 44
5762 45
5694 44
5705 44
5762 45
5578 43
5718 44
5764 45
5751 44
5740 44
5753 44
5716 44
5867 45
5611 43
6055 47
5681 44
5646 44
5622 43
5845 45
5799 45
5694 44
5950 46
5554 43
6125 47
5613 43
5718 44
5764 45
5659 44
5646 44
5786 45
5670 44
5705 44
5611 43
5648 44
6394 49
7606 59
5972 46
5716 44
5740 44
5834 45
6009 46
5683 44
5543 43
5613 43
5648 44
5460 42
5740 44
5659 44
5648 44
6031 47
5810 45
5705 44
5600 43
5880 45
5762 45
5740 44
5425 42
5646 44
6007 46
6497 50
5858 45
5692 44
5659 44
5692 44
5856 45
5764 45
5541 43
5869 45
6289 49
5856 45
6031 47
5705 44
5681 44
5683 44
5753 44
5681 44
5939 46
5670 44
5764 45
5950 46
6044 47
5799 45
5657 44
5729 44
6324 49
5635 44
5867 45
5600 43
6125 47
5670 44
5729 44
5764 45
5996 46
5740 44
5460 42
5823 45
5657 44
5764 45
5716 44
5622 43
5670 44
5646 44
5648 44
5810 45
5764 45
5762 45
5552 43
5635 44
5751 44
5692 44
5648 44
5718 44
5635 44
5856 45
5823 45
5694 44
5648 44
5705 44
5764 45
5753 44
5670 44
5858 45
6114 47
5600 43
5670 44
5565 43
5705 44
5856 45
5683 44
5635 44
5775 45
5681 44
6079 47
5729 44
5823 45
6090 47
6044 47
5659 44
5683 44
5727 44
5705 44
6265 48
5635 44
5683 44
5751 44
5506 43
5622 43
5974 46
5880 45
5635 44
5729 44
5670 44
5622 43
5683 44
5764 45
5635 44
5786 45
5530 43
5506 43
5681 44
5950 46
5624 43
5786 45
5751 44
5659 44
5670 44
5692 44
5810 45
5635 44
6077 47
6136 47
5646 44
5764 45
5705 44
5716 44
5646 44
5670 44
6055 47
5753 44
5810 45
5622 43
5985 46
5834 45
5543 43
5519 43
5692 44
5716 44
5670 44
5519 43
6230 48
5775 45
5751 44
5659 44
5775 45
5867 45
5823 45
5775 45
5659 44
5692 44
5845 45
5646 44
5974 46
5694 44
5565 43
5764 45
5985 46
5589 43
5589 43
5659 44
5751 44
5950 46
5624 43
6042 47
5624 43
5613 43
5613 43
5716 44
5705 44
5519 43
6079 47
5648 44
5788 45
5937 46
5670 44
7232 56
5786 45
6112 47
5565 43
5565 43
5950 46
5659 44
5751 44
5705 44
5705 44
5786 45
5530 43
5775 45
5762 45
5718 44
5764 45
5753 44
5775 45
5705 44
5543 43
5926 46
5797 45
5764 45
5482 42
5740 44
5565 43
5681 44
5659 44
5648 44
5624 43
5683 44
5764 45
5926 46
5705 44
5613 43
5775 45
5950 46
5985 46
5622 43
5799 45
5646 44
5764 45
5624 43
5856 45
5961 46
5646 44
5996 46
5740 44
5705 44
5692 44
5740 44
5775 45
5705 44
5578 43
5635 44
5891 46
6033 47
5985 46
5869 45
6101 47
6195 48
5753 44
5635 44
5972 46
5985 46
5891 46
5915 46
5915 46
5646 44
5683 44
5554 43
5845 45
5576 43
5729 44
5716 44
5740 44
5902 46
5716 44
5834 45
5764 45
5915 46
5764 45
5622 43
6079 47
6103 47
5471 42
6009 46
5716 44
6125 47
6171 48
5646 44
5904 46
5880 45
5880 45
5611 43
5880 45
5659 44
5775 45
5670 44
5764 45
5648 44
5694 44
5543 43
5775 45
5972 46
5775 45
5740 44
5646 44
5751 44
5694 44
5578 43
5775 45
5740 44
5646 44
6009 46
5624 43
5694 44
5659 44
5740 44
5740 44
5764 45
6278 49
5950 46
5705 44
5985 46
5869 45
5624 43
5670 44
6276 49
5705 44
5657 44
5659 44
6219 48
5530 43
6464 50
5762 45
6195 48
5530 43
5740 44
5928 46
5635 44
5740 44
5764 45
5891 46
5519 43
5622 43
5775 45
5659 44
5775 45
5705 44
5764 45
5648 44
5740 44
5740 44
5587 43
5683 44
5939 46
5904 46
5775 45
5821 45
5998 46
5705 44
5681 44
5705 44
5762 45
5950 46
5670 44
5867 45
5705 44
5845 45
5764 45
5775 45
5904 46
5729 44
6440 50
5670 44
6265 48
5799 45
5683 44
5716 44
6068 47
5646 44
5788 45
5729 44
5880 45
5764 45
5786 45
5600 43
5845 45
5589 43
5552 43
5683 44
5775 45
5635 44
5670 44
5576 43
5893 46
6009 46
5740 44
5902 46
5762 45
5727 44
5657 44
5974 46
5751 44
5740 44
5788 45
5869 45
5530 43
5834 45
5788 45
5729 44
5624 43
5821 45
5613 43
5670 44
5611 43
5880 45
5589 43
5718 44
5880 45
5624 43
5622 43
5834 45
5565 43
5869 45
5856 45
5775 45
5694 44
5705 44
5646 44
5705 44
5718 44
5646 44
5718 44
5600 43
5915 46
5810 45
5589 43
5694 44
6055 47
5622 43
5729 44
5670 44
5670 44
5541 43
5751 44
5718 44
5646 44
5506 43
5740 44
5716 44
5543 43
5659 44
5670 44
5635 44
5961 46
5565 43
5891 46
5762 45
5611 43
6090 47
5821 45
5565 43
5764 45
5751 44
5681 44
5727 44
5659 44
5963 46
5775 45
6103 47
6243 48
5576 43
5869 45
5775 45
5845 45
5753 44
5635 44
5727 44
5751 44
5657 44
5600 43
6031 47
5751 44
5635 44
5694 44
5646 44
5974 46
5727 44
5775 45
6112 47
5775 45
5530 43
5775 45
5705 44
6195 48
5554 43
5716 44
5751 44
5705 44
5869 45
5753 44
5681 44
5694 44
5646 44
5985 46
5718 44
5788 45
5926 46
5670 44
6031 47
5670 44
5705 44
5683 44
5788 45
5565 43
5740 44
5657 44
5764 45
5705 44
5762 45
5694 44
5856 45
5611 43
5764 45
5985 46
5624 43
5926 46
5786 45
5694 44
5810 45
5718 44
5880 45
5495 42
5786 45
5799 45
5635 44
5904 46
5705 44
5775 45
5622 43
5753 44
5751 44
5624 43
5670 44
5530 43
6182 48
5646 44
5589 43
5646 44
5729 44
5751 44
5740 44
5762 45
5611 43
78551 613
5659 44
6031 47
5891 46
5670 44
5937 46
5764 45
5681 44
5740 44
5683 44
5670 44
5635 44
5694 44
5716 44
5937 46
5764 45
5506 43
5659 44
5904 46
5727 44
5659 44
5786 45
5554 43
5716 44
5786 45
5681 44
5751 44
6265 48
5694 44
5902 46
5915 46
5740 44
5764 45
5764 45
5786 45
5705 44
5659 44
5635 44
5578 43
6276 49
5775 45
6184 48
5716 44
5705 44
5845 45
5775 45
5740 44
5764 45
5657 44
5869 45
5565 43
5517 43
5648 44
5786 45
5659 44
5823 45
5624 43
5659 44
5600 43
5646 44
5718 44
5576 43
5543 43
5867 45
5856 45
5587 43
5751 44
5576 43
5797 45
6031 47
5764 45
5797 45
5705 44
5552 43
6173 48
5681 44
5541 43
5705 44
5657 44
5646 44
5508 43
5950 46
5659 44
5775 45
5576 43
5681 44
5974 46
5635 44
5799 45
5834 45
5799 45
5681 44
5613 43
5928 46
5578 43
5692 44
5972 46
5576 43
5810 45
5495 42
6101 47
5996 46
5718 44
5788 45
5694 44
5799 45
5797 45
6042 47
5740 44
5635 44
5670 44
5762 45
5810 45
5716 44
5589 43
6300 49
5729 44
5646 44
5775 45
5705 44
5659 44
5543 43
5648 44
5740 44
5740 44
5729 44
5799 45
5740 44
5810 45
6007 46
5681 44
5670 44
5670 44
5764 45
5845 45
6020 47
5565 43
5648 44
5716 44
5950 46
5740 44
5576 43
5974 46
5985 46
5659 44
5495 42
5751 44
5904 46
5670 44
5786 45
6044 47
5635 44
5775 45
5683 44
5694 44
5845 45
5985 46
5939 46
5716 44
5506 43
5681 44
5517 43
5578 43
5786 45
5893 46
6020 47
5565 43
5880 45
5716 44
5692 44
6313 49
5775 45
5786 45
5646 44
5624 43
5506 43
5694 44
5657 44
5716 44
5600 43
5729 44
5996 46
5705 44
5753 44
6252 48
5622 43
5659 44
5600 43
5589 43
5694 44
5775 45
5565 43
5705 44
5519 43
5578 43
5740 44
5646 44
5705 44
5996 46
6206 48
5753 44
5716 44
5751 44
5821 45
5670 44
5705 44
5902 46
5727 44
5705 44
5869 45
5764 45
5587 43
5611 43
5764 45
5589 43
5740 44
5961 46
5985 46
6077 47
5786 45
5705 44
5834 45
5729 44
5775 45
5600 43
5589 43
5775 45
5810 45
5670 44
5635 44
6184 48
5729 44
5589 43
5576 43
5694 44
5670 44
6381 49
5554 43
5600 43
5753 44
5775 45
5716 44
5786 45
5834 45
5751 44
5495 42
5692 44
5670 44
5751 44
5657 44
6055 47
6114 47
5764 45
5600 43
5810 45
5762 45
5694 44
5659 44
6042 47
5635 44
5447 42
5670 44
5775 45
5694 44
5915 46
5646 44
5762 45
5939 46
5681 44
5821 45
6160 48
5856 45
5751 44
5589 43
5832 45
5705 44
6055 47
5705 44
6125 47
6007 46
5797 45
5635 44
5694 44
5856 45
5751 44
5657 44
5740 44
5705 44
5611 43
5788 45
5891 46
5681 44
5753 44
5740 44
5670 44
5915 46
5657 44
5705 44
5856 45
5552 43
5646 44
5716 44
5799 45
5670 44
5764 45
5950 46
5716 44
6534 51
5858 45
5869 45
5565 43
5762 45
5926 46
5718 44
