5348921 163
2641189 80
1833768 55
5349739 163
5439374 165
5349855 163
5416261 165
5348945 163
5349982 163
5347112 163
5351314 163
5351010 163
5348431 163
5349728 163
5349131 163
5350065 163
5350391 163
5349914 163
5349562 163
5349925 163
5348407 163
5442546 166
5350170 163
5481000 167
5351231 163
5461912 166
5352633 163
5458005 166
5350649 163
5532472 168
5347626 163
5350415 163
5350135 163
5348105 163
5487755 167
5349739 163
5477955 167
5350170 163
5463465 166
5349470 163
5459066 166
5350636 163
5464375 166
5349249 163
5506504 168
5434614 165
5349260 163
5351758 163
5347462 163
5387806 164
5351454 163
5421430 165
5350636 163
5396860 164
5350660 163
5395099 164
5349809 163
5460991 166
5349774 163
5566168 169
5350111 163
5350485 163
5352375 163
5347860 163
5349155 163
5347569 163
5352480 163
5349669 163
5414126 165
5350717 163
5459103 166
5350369 163
5404361 164
5349925 163
5534049 168
5348479 163
5350533 163
5349973 163
5349739 163
5349179 163
5350205 163
5517424 168
5350205 163
5463244 166
5349505 163
5454879 166
5350509 163
5457469 166
5349774 163
5468890 166
5350041 163
5483286 167
5374285 164
5461387 166
5350601 163
5504883 167
5347744 163
5610861 171
5349387 163
5350321 163
5349505 163
5350264 163
5347103 163
5349938 163
5350380 163
5350625 163
5393010 164
5349026 163
5389429 164
5351557 163
5389475 164
5349050 163
5404035 164
5350415 163
5401994 164
5348689 163
5393465 164
5349728 163
5407896 165
5349387 163
5507180 168
5350520 163
5395075 164
5351231 163
5417615 165
5350229 163
5349365 163
5412085 165
5350997 163
5392008 164
5349726 163
5396044 164
5351500 163
5413778 165
5350286 163
5535342 168
5348934 163
5532776 168
5351524 163
5433459 165
5349925 163
5454096 166
5350146 163
5350601 163
5511240 168
5350754 163
5500309 167
5351185 163
5470023 166
5349050 163
5482481 167
5350065 163
5464795 166
5349459 163
5352281 163
5350485 163
5351209 163
5350625 163
5350789 163
5351069 163
5353075 163
5394049 164
5350964 163
5396639 164
5351861 163
5403427 164
5357835 163
5472344 167
5353517 163
5427251 165
5351417 163
5391925 164
5350636 163
5440015 166
5348046 163
5463804 166
5352655 163
5405599 164
5348291 163
5402541 164
5348164 163
5425234 165
5350450 163
5409530 165
5350824 163
5418969 165
5351080 163
5404035 164
5347591 163
5353040 163
5348757 163
5349295 163
5347766 163
5349575 163
5349028 163
5349831 163
5413894 165
5350345 163
5406345 164
5348641 163
5396464 164
5349693 163
5412796 165
5350870 163
5508521 168
5348490 163
5348665 163
5467512 166
5350835 163
5462437 166
5352154 163
5474923 167
5348291 163
5452731 166
5348455 163
5457165 166
5348619 163
5463513 166
5347838 163
5494125 167
5349879 163
5350824 163
5351804 163
5352364 163
5395121 164
5349960 163
5437694 165
5348573 163
5453186 166
5350496 163
5396569 164
5349190 163
5401574 164
5349061 163
5443036 166
5348805 163
5350579 163
5349588 163
5353307 163
5347978 163
5350916 163
5499445 167
5349085 163
5405621 164
5351314 163
5392194 164
5348256 163
5444390 166
5350555 163
5417230 165
5349855 163
5441216 166
5350262 163
5400828 164
5348910 163
5410230 165
5351360 163
5507950 168
5349387 163
5351360 163
5348643 163
5348781 163
5448671 166
5350019 163
5474293 167
5350997 163
5466125 166
5351419 163
5459149 166
5350754 163
5469170 166
5353799 163
5489623 167
5349949 163
5460396 166
5351653 163
5350205 163
5509304 168
5350918 163
5436574 165
5372349 163
5401117 164
5350824 163
5394585 164
5350778 163
5392730 164
5350437 163
5436817 165
5350474 163
5404140 164
5349249 163
5400303 164
5349481 163
5399892 164
5350870 163
5350881 163
5346797 163
5351115 163
5350509 163
5350380 163
5350824 163
5349085 163
5424184 165
5350463 163
5402939 164
5348923 163
5396989 164
5349063 163
5402775 164
5348339 163
5549027 169
5350369 163
5405354 164
5347499 163
5397549 164
5350472 163
5412947 165
5348899 163
5351349 163
5349225 163
5352117 163
5447855 166
5347965 163
5454575 166
5348046 163
5462146 166
5349376 163
5455660 166
5350146 163
5453630 166
5349938 163
5459475 166
5354182 163
5533408 168
5348829 163
5351559 163
5350404 163
5349435 163
5395541 164
5350590 163
5404759 164
5350566 163
5402904 164
5350146 163
5400290 164
5352714 163
5403160 164
5350975 163
5351161 163
5409086 165
5349623 163
5402355 164
5348921 163
5394703 164
5350041 163
5416740 165
5347952 163
5412365 165
5349947 163
5351524 163
5351069 163
5351909 163
5348851 163
5348302 163
5451449 166
5350439 163
5469089 166
5350520 163
5468096 166
5350636 163
5590480 170
5349446 163
5470336 166
5350148 163
5497776 167
5349179 163
5459836 166
5349317 163
5473125 167
5349470 163
5352585 163
5350041 163
5350730 163
5349995 163
5350951 163
5496247 167
5349365 163
5393312 164
5348886 163
5439210 165
5349809 163
5438265 165
5351675 163
5508020 168
5349271 163
5408235 165
5350695 163
5412179 165
5350310 163
5409985 165
5350940 163
5348652 163
5348501 163
5350356 163
5399590 164
5348396 163
5399019 164
5662639 172
5348267 163
5474315 167
5351828 163
5461238 166
5351872 163
5454494 166
5348059 163
5485259 167
5348081 163
5469439 166
5350170 163
5471642 166
5348245 163
5352213 163
5412378 165
5350625 163
5419050 165
5351804 163
5396381 164
5349505 163
5397595 164
5350041 163
5439267 165
5351069 163
5408935 165
5349516 163
5401631 164
5351010 163
5407979 165
5349984 163
5412680 165
5349096 163
5348186 163
5349901 163
5350824 163
5349225 163
5349295 163
5414139 165
5350765 163
5406905 165
5349133 163
5392811 164
5350297 163
5387749 164
5350649 163
5438836 165
5349352 163
5396009 164
5349435 163
5432759 165
5348232 163
5400430 164
5349098 163
5350358 163
5348875 163
5349936 163
5348921 163
5348549 163
5450421 166
5349564 163
5521985 168
5348455 163
5457211 166
5349203 163
5463045 166
5348162 163
5472915 167
5352071 163
5503866 167
5347591 163
5353250 163
5349704 163
5349971 163
5348665 163
5348514 163
5449664 166
5350940 163
5412645 165
5350625 163
5394364 164
5348455 163
5398424 164
5350870 163
5406275 164
5353578 163
5431114 165
5350765 163
5350719 163
5349516 163
5351150 163
5543241 169
5350019 163
5432197 165
5373878 163
5404466 164
5350708 163
5442231 166
5352117 163
5500029 167
5349448 163
5400277 164
5350065 163
5410803 165
5350415 163
5431709 165
5351896 163
5351616 163
5350262 163
5349505 163
5351080 163
5348221 163
5348280 163
5349015 163
5443353 166
5350043 163
5455183 166
5351115 163
5453444 166
5347639 163
5460689 166
5350192 163
5590012 170
5351045 163
5522079 168
5350498 163
5466567 166
5347090 163
5351489 163
5349190 163
5348923 163
5413428 165
5351640 163
5402845 164
5350065 163
5392754 164
5351535 163
5400907 164
5350227 163
5396101 164
5349890 163
5395016 164
5351791 163
5394480 164
5351478 163
5436399 165
5348232 163
5408410 165
5349225 163
5405247 164
5350649 163
5350030 163
5352222 163
5349168 163
5412308 165
5349925 163
5395541 164
5348945 163
5405516 164
5349564 163
5489982 167
5350951 163
5400382 164
5349704 163
5404864 164
5349772 163
5439385 165
5350997 163
5416506 165
5349492 163
5348129 163
5351056 163
5348245 163
5346587 163
5348641 163
5458821 166
5350111 163
5503866 167
5348199 163
5453116 166
5349761 163
5463500 166
5349190 163
5561384 169
5351839 163
5468387 166
5350065 163
5465834 166
5372395 163
5471655 166
5347615 163
5468085 166
5351161 163
5351548 163
5348805 163
5347569 163
5387806 164
5350054 163
5515733 168
5377868 164
5400091 164
5350485 163
4607493 140
1834368 55
1833904 55
4394049 134
5351268 163
5444740 166
5348199 163
5408994 165
5350006 163
5349238 163
5347976 163
5349354 163
5462310 166
5350415 163
5589023 170
5351769 163
5467070 166
5348630 163
5350507 163
5349610 163
5349855 163
5407583 165
5350647 163
5394725 164
5348711 163
5403383 164
5615422 171
5351979 163
5348466 163
5347136 163
5395156 164
5350054 163
5409134 165
5350218 163
5405096 164
5349505 163
5348617 163
5450141 166
5349551 163
5457480 166
5350111 163
5470616 166
5349866 163
5355967 163
5348094 163
5349015 163
5390501 164
5348024 163
5418956 165
5349505 163
5513865 168
5351360 163
5348070 163
5392345 164
5347952 163
5394060 164
5353869 163
5421513 165
5349063 163
5421874 165
5349726 163
5393080 164
5349995 163
5349995 163
5465053 166
5350415 163
5459103 166
5349960 163
5472123 166
5348991 163
5468179 166
5349553 163
5349995 163
5396825 164
5350380 163
5392765 164
5348759 163
5394456 164
5350625 163
5422117 165
5349378 163
5347591 163
5402985 164
5346145 163
5408830 165
5349505 163
5496341 167
5347567 163
5503352 167
5348805 163
5403661 164
5349995 163
5349004 163
5575478 170
5350345 163
5468901 166
5348805 163
5467689 166
5349459 163
5469719 166
5348993 163
5350485 163
5390560 164
5349247 163
5391704 164
5349212 163
5390035 164
5349551 163
5505979 168
5348945 163
5349120 163
5349820 163
5533808 168
1833712 55
1834624 55
5441555 166
5348571 163
5488011 167
5347720 163
5412772 165
5348665 163
5349470 163
5349424 163
5353622 163
5420310 165
5349726 163
5425455 165
5348805 163
5406708 164
5348643 163
5350251 163
5350041 163
5351325 163
5456489 166
5348153 163
5448146 166
5349726 163
5493799 167
5350542 163
5573492 170
5348735 163
5350509 163
5390291 164
5352001 163
5398249 164
5350533 163
5411431 165
5353753 163
5429876 165
5349376 163
5399986 164
5351080 163
5347790 163
5414430 165
5349540 163
5407487 165
5348363 163
5435209 165
5349271 163
5462041 166
5349330 163
5349236 163
5513353 168
5350719 163
5507145 168
5350857 163
5506432 168
5346961 163
5348490 163
5347348 163
5348630 163
5444869 166
5349982 163
5394222 164
5348991 163
5352038 163
5350603 163
5350218 163
5393476 164
5348932 163
5395705 164
5349704 163
5492865 167
5348525 163
5402823 164
5350356 163
5349575 163
5505430 168
5349284 163
5643365 172
5372489 163
5470594 166
5347313 163
5470454 166
5348582 163
5348735 163
5349330 163
5350183 163
5392695 164
5350765 163
5393513 164
5349470 163
5402775 164
5350229 163
5422924 165
5349890 163
5347731 163
5348595 163
5348245 163
5405201 164
5349739 163
5432059 165
5349085 163
5399964 164
5348245 163
5408480 165
5351419 163
5349831 163
5349295 163
5349960 163
5458274 166
5347230 163
5455555 166
5349295 163
5515556 168
5348595 163
5517387 168
5348420 163
5350181 163
5392124 164
5349505 163
5401351 164
5348945 163
5507285 168
5348455 163
5411770 165
5348339 163
5351303 163
5348245 163
5347556 163
5489667 167
5349424 163
5399730 164
5350205 163
5406905 165
5375989 164
5406997 165
5346053 163
5541281 169
5349645 163
5350310 163
5493880 167
5349389 163
5460046 166
5351675 163
5469544 166
5350649 163
5468424 166
5348105 163
5349796 163
5350964 163
5348910 163
5414780 165
5350671 163
5396884 164
5350229 163
5402110 164
5350240 163
5399439 164
5348700 163
5348722 163
5401714 164
5351489 163
5397490 164
5348431 163
5414255 165
5349004 163
5418713 165
5348188 163
5349214 163
5351220 163
5347685 163
5456662 166
5349564 163
5557930 169
5349109 163
5475306 167
5348024 163
5349308 163
5348899 163
5350124 163
5406905 165
5352327 163
5401690 164
5349155 163
5397875 164
5350299 163
5349610 163
5425024 165
5348641 163
5350065 163
5466241 166
5367471 163
5521285 168
5349131 163
5349551 163
5440914 166
5351242 163
5396195 164
5352992 163
5395099 164
5350533 163
5418431 165
5351872 163
5351500 163
5349238 163
5351209 163
5395543 164
5348770 163
5520082 168
5349074 163
5401585 164
5348630 163
5399975 164
5350485 163
5408771 165
5349435 163
5349109 163
5461623 166
5350520 163
5464036 166
5349166 163
5469835 166
5348234 163
5542250 169
5347254 163
5350625 163
5443060 166
5348910 163
5402075 164
5349610 163
5482214 167
5351023 163
5410825 165
5348945 163
5347663 163
5392089 164
5347650 163
5425816 165
5348234 163
5404433 164
5348374 163
5410532 165
5350076 163
5349002 163
5350358 163
5350323 163
5458508 166
5348840 163
5449815 166
5350881 163
5464852 166
5349529 163
5352095 163
5348525 163
5350614 163
5392625 164
5350251 163
5403287 164
5349599 163
5505697 168
5350019 163
5411991 165
5351419 163
5350205 163
5392940 164
5351080 163
5423134 165
5350870 163
5405971 164
5347661 163
5401235 164
5348083 163
5350415 163
5348969 163
5350660 163
5450585 166
5349411 163
5452731 166
5348197 163
5470559 166
