1354933 165
1274654 155
1275378 155
1312990 160
1274221 155
1275236 155
1273534 155
1274864 155
1341211 163
1272904 155
1274092 155
1274584 155
1273009 155
1274420 155
1272530 155
1274851 155
1274617 155
1274199 155
1425806 174
1274864 155
1270629 155
1272821 155
1268365 154
1273510 155
1270244 155
1272377 155
1238217 151
1237191 151
436908 53
487828 59
539150 65
1311962 160
1275096 155
1274046 155
1274573 155
1255719 153
1274746 155
1273930 155
1273497 155
1268774 154
1271561 155
1266486 154
1327327 162
1273906 155
1272097 155
1272261 155
1273451 155
1268411 154
1235406 150
1274291 155
1254411 153
1252696 152
1405471 171
1274514 155
1237333 151
1270220 155
1273031 155
1274372 155
1257119 153
1270139 155
1274127 155
1273418 155
1351337 164
1272775 155
1261938 154
1271224 155
1271178 155
1272985 155
1272762 155
1274221 155
1274256 155
1270990 155
1271178 155
1274490 155
1467014 179
1273860 155
1273510 155
1273464 155
1269275 154
1273639 155
1273416 155
1273195 155
1255684 153
1255415 153
1399440 170
1274700 155
1273709 155
1255986 153
1271049 155
1235570 150
1274083 155
1271572 155
1270942 155
1275096 155
1272670 155
1351724 165
1275387 155
1273895 155
1274339 155
1265834 154
1273755 155
1274221 155
1270209 155
1256312 153
1273335 155
1274617 155
1274722 155
1272635 155
1275529 155
1269881 155
1234800 150
1270826 155
1237530 151
1273464 155
1255649 153
1256489 153
1396616 170
1276334 155
1260805 153
1235907 150
1234940 150
1238615 151
1269111 154
1270023 155
1236141 150
1335191 162
1270010 155
1258414 153
1257248 153
1272600 155
1274479 155
1273602 155
1239549 151
1274199 155
1274339 155
1319349 161
1274549 155
1269905 155
1254295 153
1254936 153
1270150 155
1273523 155
1269041 154
1273650 155
1273405 155
1429249 174
1274595 155
1270559 155
1268785 154
1276030 155
1274934 155
1273289 155
1273744 155
1388986 169
1274606 155
1235920 150
1236642 150
1269636 154
1239022 151
1268354 154
1235944 150
1274046 155
1269356 154
1274501 155
1315698 160
1268190 154
1271712 155
1270395 155
1270793 155
1274000 155
1271771 155
1274746 155
1271843 155
1275306 155
1273626 155
1536010 187
1275155 155
1273499 155
1274140 155
1272716 155
1270546 155
1266044 154
1273125 155
1269975 155
1273814 155
1273510 155
1339065 163
1274805 155
1275387 155
1273930 155
1275015 155
1274571 155
1275004 155
1274083 155
1270301 155
1275483 155
1275459 155
1275085 155
1341130 163
1275645 155
1273009 155
1236353 150
1271679 155
1274070 155
1274501 155
1273825 155
1274641 155
1274759 155
1273486 155
1274757 155
1422457 173
1274466 155
1272167 155
1271003 155
1269859 155
1230296 150
1269730 154
1252265 152
1239536 151
1270023 155
1270395 155
1397502 170
1276509 155
1270500 155
1274022 155
1275039 155
1275470 155
1275179 155
1275634 155
1241205 151
1235091 150
1258751 153
1444870 176
1237891 151
1270209 155
1270745 155
1273464 155
1274407 155
1275282 155
1274153 155
1274162 155
1273661 155
1408494 171
1274595 155
1274862 155
1272552 155
1256231 153
1273405 155
1275002 155
1273696 155
1270710 155
1330525 162
1351431 164
1276800 155
1258401 153
1257747 153
1236141 150
1272228 155
1274479 155
1273346 155
1274409 155
1270524 155
1274455 155
1441943 176
1273545 155
1274816 155
1276730 155
1275330 155
1271071 155
1273593 155
1274094 155
1271047 155
1274291 155
1251624 152
1389548 169
1207732 147
1267304 154
1237985 151
1238777 151
1273300 155
1266311 154
1274514 155
1350545 164
1275855 155
1274466 155
1272880 155
1235115 150
1273591 155
1272414 155
1273930 155
1269870 155
1234706 150
1273838 155
1332170 162
1493905 182
1276017 155
1257865 153
1258097 153
1269603 154
1272904 155
1239315 151
1234695 150
1273486 155
1273755 155
1404399 171
1274783 155
1273906 155
1233319 150
1272274 155
1267643 154
1272729 155
1274398 155
1274059 155
1271480 155
1274256 155
1358245 165
1354699 165
1275411 155
1273171 155
1270045 155
1234531 150
1274525 155
1271714 155
1273416 155
1272366 155
1269076 154
1273755 155
1327235 162
1275225 155
1271329 155
1273055 155
1270255 155
1270758 155
1273930 155
1272904 155
1275831 155
1256500 153
1274501 155
1515874 185
1274490 155
1273101 155
1256336 153
1219037 148
1269636 154
1270791 155
1268645 154
1270242 155
1351291 164
1273602 155
1270732 155
1272425 155
1270629 155
1235675 150
1273825 155
1256430 153
1234194 150
1253081 152
1273230 155
1335436 163
1273149 155
1274910 155
1256664 153
1272705 155
1275144 155
1270277 155
1270360 155
1272823 155
1269717 154
1236316 150
1527133 186
1254796 153
1236410 150
1233481 150
1231674 150
1241229 151
1265401 154
1271200 155
1256255 153
1235734 150
1235990 150
1316256 160
1335753 163
1242441 151
1237517 151
1256653 153
1272611 155
1231055 150
1266884 154
1238510 151
1257224 153
1239652 151
1349600 164
1267573 154
1240459 151
1242791 151
1271281 155
1248542 152
1239407 151
1254098 153
1248450 152
1248472 152
1436562 175
1272635 155
1235268 150
1217556 148
1236388 150
1269918 155
1274724 155
1277069 155
1270454 155
1271248 155
1360590 166
1276415 155
1272029 155
1270128 155
1273602 155
1275271 155
1272320 155
1274921 155
1271399 155
1255986 153
1273462 155
1343359 163
1334655 162
1274921 155
1272694 155
1274991 155
1236399 150
1269918 155
1272342 155
1252873 152
1272261 155
1274409 155
507499 61
436920 53
436900 53
1019828 124
1273591 155
1274512 155
1360358 166
1273987 155
1273860 155
1271644 155
1273462 155
1273147 155
1270010 155
1274980 155
1236843 150
1273674 155
1399825 170
1274700 155
1273919 155
1236386 150
1271878 155
1273766 155
1273381 155
1272355 155
1275330 155
1274221 155
1273451 155
1348911 164
1274991 155
1273720 155
1273534 155
1274350 155
1273031 155
1265928 154
1274641 155
1273114 155
1274514 155
1361150 166
1273779 155
1274538 155
1274374 155
1274468 155
1270056 155
1255146 153
1270664 155
1257596 153
1274059 155
1396174 170
1423159 173
1274503 155
1275131 155
1274700 155
1272681 155
1274070 155
1274538 155
1274151 155
1231814 150
1274197 155
1347268 164
1276148 155
1274945 155
1256675 153
1273908 155
1274805 155
1274116 155
1274431 155
1273112 155
1273020 155
1273230 155
1346498 164
1274770 155
1465299 178
1273626 155
1274059 155
1274140 155
1274105 155
1274490 155
1272519 155
1274116 155
1414057 172
1279449 156
1274094 155
1274302 155
1274560 155
1273604 155
1273941 155
1268470 154
1275144 155
1274431 155
1254378 153
1274221 155
1336182 163
1273392 155
1271434 155
1270268 155
1256045 153
1211886 147
1258786 153
1274269 155
1273744 155
1250235 152
1215889 148
1230390 150
1373411 167
1259696 153
1233516 150
1274606 155
1229633 150
1269975 155
1247284 152
1274326 155
1269905 155
1273499 155
1271049 155
1257082 153
1259079 153
1264935 154
1267757 154
1255612 153
1257036 153
1274455 155
1274385 155
1273206 155
1352842 165
1274374 155
1274477 155
1271130 155
1273766 155
1272051 155
1274630 155
1270557 155
1269590 154
1269262 154
1357602 165
1272436 155
1269531 154
1234706 150
1233680 150
1271561 155
1274162 155
1253501 153
1270581 155
1256010 153
1272893 155
1398158 170
1274385 155
1238416 151
1269579 154
1244611 151
1243071 151
1238322 151
1273289 155
1269951 155
1271143 155
1333651 162
1275037 155
1274466 155
1257410 153
1240308 151
1254855 153
1270325 155
1254400 153
1255159 153
1245696 152
1254575 153
1337199 163
1268774 154
1269940 155
1242535 151
1270955 155
1269953 155
1272950 155
1270804 155
1270546 155
1334095 162
466976 57
437224 53
1275037 155
1274490 155
1274105 155
1270231 155
1267606 154
1270570 155
1270266 155
1270476 155
1228279 149
1384622 169
1274643 155
1269520 154
1274024 155
1270815 155
1274711 155
1254050 153
1272622 155
1270664 155
1274186 155
1357615 165
1337910 163
1235347 150
1269986 155
1256196 153
1274652 155
1272565 155
1272508 155
1270815 155
1273475 155
1256056 153
1360962 166
1260011 153
1258565 153
1234041 150
1272600 155
1240459 151
1274724 155
1273346 155
1268039 154
1269927 155
1269472 154
1391064 169
1274969 155
1274140 155
1273779 155
1272740 155
1236712 150
1273556 155
1270290 155
1256185 153
1274350 155
1271375 155
1452955 177
1272670 155
1274665 155
1271141 155
1273965 155
1271222 155
1274757 155
1270931 155
1234905 150
1366669 166
1339229 163
1272296 155
1270010 155
1274385 155
1256338 153
1273545 155
1272436 155
1273044 155
1271655 155
1276275 155
1393722 170
1260105 153
1233168 150
1272893 155
1270056 155
1271561 155
1270616 155
1257701 153
1275540 155
1268785 154
1359586 165
1274571 155
1272950 155
1238208 151
1274479 155
1269835 155
1272985 155
1271539 155
1271911 155
1274711 155
1347430 164
1273884 155
1204630 147
1272180 155
1273044 155
1253361 152
1269951 155
1275050 155
1269507 154
1274746 155
1395415 170
1274140 155
1275050 155
1257760 153
1273919 155
1272425 155
1274011 155
1269636 154
1273639 155
1269636 154
1273335 155
1275435 155
1354336 165
1274840 155
1273287 155
1273429 155
1273125 155
1275214 155
1274536 155
1274770 155
1275247 155
1274630 155
1274967 155
1275411 155
1270758 155
1272471 155
1270056 155
1273300 155
1273359 155
1275142 155
1275190 155
1236467 150
1390911 169
1274899 155
1274783 155
1256045 153
1273230 155
1275085 155
1273418 155
1273803 155
1254225 153
1272810 155
1339065 163
1273943 155
1274409 155
1273825 155
1274035 155
1274361 155
1274490 155
1273160 155
1274385 155
1271690 155
1273742 155
1331214 162
1261249 153
1274921 155
1269474 154
1275376 155
1271585 155
1333406 162
1440786 175
1275085 155
1243749 151
1258506 153
1256150 153
1273696 155
1271782 155
1236690 150
1260385 153
1274840 155
1442011 176
1274921 155
1237972 151
1235780 150
1274175 155
1256570 153
1257222 153
1271970 155
1269601 154
1269870 155
1273637 155
1344188 164
1274606 155
1258915 153
1272810 155
1238952 151
1272425 155
1256255 153
1236607 150
1247984 152
1251810 152
1235268 150
1406241 171
1264539 154
1257666 153
1250609 152
1236690 150
1256220 153
1236362 150
1269019 154
1271445 155
1238090 151
1266055 154
1334386 162
1245558 152
1272333 155
1234811 150
1235662 150
1266650 154
1268879 154
1273989 155
1254131 153
1273814 155
1237659 151
1447880 176
1254866 153
1273580 155
1267805 154
1264913 154
1273394 155
1269916 155
1274875 155
1267059 154
1229913 150
1374439 167
1392276 169
1272753 155
429888 52
422836 51
1265180 154
1239781 151
1313388 160
1272764 155
1271539 155
1252523 152
1252733 152
1254866 153
1248369 152
1253676 153
1254026 153
1227765 149
1236362 150
1388638 169
1274829 155
1220533 148
1268610 154
1271994 155
1266112 154
1270010 155
1268179 154
1265600 154
1271515 155
1354559 165
1345179 164
1266009 154
1274770 155
1270478 155
1275072 155
1271572 155
1274162 155
1272692 155
1273464 155
1335088 162
1276800 155
1271434 155
1274501 155
1273217 155
1272333 155
1275039 155
1276275 155
1274700 155
1274746 155
1255975 153
1400630 170
1276183 155
1275470 155
1273709 155
1275400 155
1274396 155
1274584 155
1273895 155
1275155 155
1274280 155
1377517 168
1275621 155
1275553 155
1271854 155
1274116 155
1274991 155
1274967 155
1274547 155
1274606 155
1273182 155
1273836 155
1340056 163
1274223 155
1264830 154
1275109 155
1275179 155
1256570 153
1274700 155
1274385 155
1273976 155
1273370 155
1274302 155
1536605 187
1275411 155
1273265 155
1270861 155
1271095 155
1273731 155
1272379 155
1271889 155
1268096 154
1272764 155
1274070 155
1274315 155
1254435 153
1274199 155
1273604 155
1272508 155
1270815 155
1272753 155
1274361 155
1272670 155
1384869 169
1274479 155
1274431 155
1274385 155
1271922 155
1257830 153
1240015 151
1272624 155
1257957 153
1256373 153
1407746 171
1274035 155
1274619 155
1258123 153
1275260 155
1271515 155
1273031 155
1251810 152
1271935 155
1273219 155
1273241 155
1348222 164
1273335 155
1273884 155
1269043 154
1274186 155
1268166 154
1271550 155
1273090 155
1274455 155
1272998 155
1352330 165
1272167 155
1272845 155
1271913 155
1254971 153
1274641 155
1272867 155
1272145 155
1271808 155
1273427 155
1274665 155
1409509 172
1274643 155
1273895 155
1255905 153
1269754 154
1274582 155
1256522 153
1256080 153
1269590 154
1272530 155
1335517 163
1268667 154
1273661 155
1239665 151
1270653 155
1273615 155
1237086 151
1271456 155
1241450 151
1235616 150
1256021 153
