2631755 160
2635290 160
2630869 160
2633634 160
2631499 160
2918230 178
2632035 160
2633470 160
2631230 160
2630740 160
2631066 160
2632433 160
2697695 164
2631569 160
2632875 160
2632689 160
2630834 160
2699550 164
2631173 160
2693016 164
2631801 160
2633936 160
2630926 160
2633026 160
2631720 160
2632256 160
2740454 167
2632162 160
2632956 160
2631591 160
2634006 160
2634660 160
2632280 160
2701125 164
2632140 160
2634216 160
2632035 160
2634555 160
2632396 160
2632735 160
2733979 166
2633704 160
2777495 169
2633833 160
2632862 160
2633656 160
2631171 160
2742823 167
2632748 160
2634205 160
2632921 160
2633365 160
2630519 160
2633553 160
2690625 164
2631615 160
2633306 160
2632442 160
2634496 160
2633282 160
2632630 160
2731109 166
2631895 160
2633190 160
2631814 160
2635126 160
2688326 164
2632899 160
2752693 168
2630821 160
2633177 160
2633483 160
2633015 160
2747570 167
2631731 160
2697262 164
2631941 160
2633949 160
2632630 160
2634275 160
2631101 160
2630683 160
2687125 164
2632315 160
2632269 160
2632967 160
2632783 160
2632770 160
2632490 160
2791543 170
2633155 160
2632757 160
2634192 160
2632735 160
2632827 160
2632525 160
2702687 164
2631987 160
2632013 160
2631849 160
2629784 160
2632630 160
2633914 160
2705710 165
2631744 160
2633424 160
2633422 160
2633214 160
2632455 160
2633341 160
2754767 168
2634157 160
2631637 160
2633516 160
2631055 160
2747955 167
2633352 160
2895738 176
2632433 160
2633236 160
2633796 160
2632221 160
2690111 164
2633680 160
2686915 163
2631475 160
2633085 160
2631171 160
2632153 160
2691301 164
2630064 160
2745236 167
2632339 160
2634194 160
2632875 160
2631556 160
2754406 168
2631650 160
2687709 164
2632210 160
2631768 160
2634345 160
2632374 160
2685528 163
2631768 160
2633831 160
2632269 160
2632665 160
2632129 160
2632748 160
2691605 164
2632057 160
2748001 167
2632444 160
2630810 160
2632140 160
2632221 160
2760542 168
2632210 160
2698664 164
2632503 160
2634194 160
2631055 160
2632945 160
2921953 178
2633925 160
2688910 164
2634916 160
2633483 160
2631965 160
2632746 160
2694217 164
2631125 160
2633702 160
2630250 160
2631440 160
2632630 160
2633796 160
2747349 167
2633354 160
2690835 164
2634019 160
2634625 160
2632829 160
2631534 160
2753262 168
2630600 160
2629994 160
2633424 160
2632490 160
2633236 160
2632339 160
2705021 165
2632490 160
2747067 167
2630333 160
2631790 160
2689284 164
2632945 160
2631965 160
2632339 160
2634218 160
2631545 160
2631976 160
2818014 171
2630694 160
2632641 160
2632199 160
2629959 160
2745516 167
2631685 160
902188 55
956224 58
986884 60
2713154 165
2630622 160
2635231 160
2631930 160
2687405 164
2632875 160
2633424 160
2632337 160
2632116 160
2633037 160
2788986 170
2631440 160
2784495 169
2631009 160
2631919 160
2631020 160
2631254 160
2792079 170
2630613 160
2633435 160
2632829 160
2633142 160
2631790 160
2631394 160
2688641 164
2632654 160
2631626 160
2632046 160
2633002 160
2632433 160
2633343 160
2705756 165
2633553 160
2632164 160
2634229 160
2631777 160
2708698 165
2632899 160
2750195 167
2637753 160
2631591 160
2631195 160
2633457 160
2928964 178
2630832 160
2692003 164
2631825 160
2633179 160
2632514 160
2631230 160
2702199 164
2631755 160
2633667 160
2633343 160
2631965 160
2690741 164
2630449 160
2633168 160
2633667 160
2631696 160
2631405 160
2631615 160
2696842 164
2631346 160
2745295 167
2631639 160
2634369 160
2631241 160
2632444 160
2745179 167
2631464 160
2704822 165
2633809 160
2633131 160
2631672 160
2631731 160
2688315 164
2632234 160
2686786 163
2633562 160
2632665 160
2638532 161
2630436 160
2697555 164
2632770 160
2632886 160
2632372 160
2632864 160
2632980 160
2633155 160
2871120 175
2633155 160
2693086 164
2631230 160
2632654 160
2632886 160
2632164 160
2692714 164
2631171 160
2631847 160
2632024 160
2633936 160
2633026 160
2633085 160
2695221 164
2631650 160
2632910 160
2634439 160
2632024 160
2632162 160
2632223 160
2751560 167
2633527 160
2633354 160
2632000 160
2630449 160
2631136 160
2631335 160
2701650 164
2631731 160
2632339 160
2634065 160
2632945 160
2634964 160
2631884 160
2692200 164
2631871 160
2632221 160
2634474 160
2632197 160
2631195 160
2633190 160
2747734 167
2633365 160
2632328 160
2632059 160
2632514 160
2633446 160
2633623 160
2694265 164
2629504 160
2631300 160
2633201 160
2631604 160
2632794 160
2631766 160
2820650 172
2631895 160
2632606 160
2631976 160
2633341 160
2630064 160
2631615 160
2784099 169
2631847 160
2631184 160
2633085 160
2632617 160
2633166 160
2632595 160
2721193 166
2630856 160
2632210 160
2631952 160
2634485 160
2632013 160
2632724 160
2693530 164
2633389 160
2632969 160
2630622 160
2633844 160
2633142 160
2633505 160
2753776 168
2633481 160
2690800 164
2630005 160
2631486 160
2629922 160
2633308 160
2687639 164
2631941 160
2716118 165
2632794 160
2633400 160
2632479 160
2630635 160
2630484 160
2632897 160
2748668 167
2632652 160
2631882 160
2632479 160
2632910 160
2632678 160
2633330 160
2684885 163
2631475 160
2633960 160
2632199 160
2633341 160
2633284 160
2633739 160
2686193 163
2632304 160
2633295 160
2631836 160
2633995 160
2690006 164
2632466 160
2630845 160
2634275 160
2633715 160
2631930 160
2631580 160
2746251 167
2631182 160
2633936 160
2633750 160
2631908 160
2632816 160
2632910 160
2691069 164
2631055 160
2630858 160
2633658 160
2651985 161
2632256 160
2632735 160
2703411 165
2632676 160
2758199 168
2630565 160
2633632 160
2630915 160
2632840 160
2747629 167
2632315 160
2704251 165
2631464 160
2631873 160
2633424 160
2629677 160
2629749 160
2633750 160
2689203 164
2656198 162
2634030 160
2632105 160
2631265 160
2632070 160
2631698 160
2763086 168
2633481 160
2633949 160
2632175 160
2633037 160
2633085 160
2630366 160
2685572 163
2631418 160
2630519 160
2632969 160
2633306 160
2693565 164
2631814 160
2631965 160
2763471 168
2631906 160
2631825 160
2632479 160
2632442 160
2630681 160
2630613 160
2701707 164
2633890 160
2633564 160
2630193 160
2632759 160
2631954 160
2632291 160
2676975 163
2630902 160
2632105 160
2631523 160
2632840 160
2787028 170
2632678 160
2759026 168
2631661 160
2764405 168
2769946 169
902916 55
902576 55
2633203 160
902076 55
2720001 166
2632468 160
2632164 160
2630985 160
2631079 160
2848370 173
2632420 160
2631663 160
2632503 160
2632746 160
2707215 165
2631136 160
2758350 168
2632046 160
2632280 160
2631803 160
2631849 160
2744234 167
2633470 160
2631744 160
2632070 160
2630904 160
2631731 160
2631580 160
2707156 165
2633470 160
2632993 160
2632431 160
2635524 160
2630950 160
2633085 160
2691850 164
2631779 160
2760297 168
2633050 160
2630471 160
2630729 160
2633949 160
2631416 160
2632337 160
2689597 164
2630834 160
2633238 160
2632477 160
2632280 160
2632956 160
2632853 160
2685701 163
2632490 160
2744711 167
2632011 160
2633949 160
2631184 160
902676 55
1856160 113
2632689 160
2632468 160
2631416 160
2751700 167
2633890 160
2634076 160
2630309 160
2634124 160
2629994 160
2630622 160
2707740 165
2632221 160
2632934 160
2632595 160
2631965 160
2632654 160
2632781 160
2693565 164
2632501 160
2631499 160
2632221 160
2632991 160
2632875 160
2632000 160
2746019 167
2632864 160
2632781 160
2633131 160
2631149 160
2913540 177
2635069 160
2692421 164
2632046 160
2632851 160
2630482 160
2633179 160
2699108 164
2632245 160
2632595 160
2630366 160
2632700 160
2685970 163
2633096 160
2683916 163
2631464 160
2630845 160
2631567 160
2631359 160
2703761 165
2632372 160
2633004 160
2631276 160
2633925 160
2630379 160
2633168 160
2749519 167
2631615 160
2634334 160
2631952 160
2631184 160
2632840 160
2631615 160
2685539 163
2631195 160
2692607 164
2631217 160
2631873 160
2631206 160
2631744 160
2688991 164
2633389 160
2747395 167
2631545 160
2632059 160
2633026 160
2631103 160
2963124 180
2634170 160
2631429 160
2632164 160
2631136 160
2632630 160
2632757 160
2727760 166
2634275 160
2633354 160
2633352 160
2633282 160
2716350 165
2632549 160
2705535 165
2630998 160
2632304 160
2632514 160
2631125 160
2703271 164
2632722 160
2633936 160
2630904 160
2631521 160
2633728 160
2631685 160
2781485 169
2633096 160
2632315 160
2631486 160
2632339 160
2631335 160
2633634 160
2717691 165
2633656 160
2631488 160
2631195 160
2631906 160
2911884 177
2633107 160
2632770 160
2632665 160
2636644 160
2631952 160
2632770 160
2702070 164
2631230 160
2633599 160
2632129 160
2632361 160
2691093 164
2632022 160
2794691 170
2633529 160
2631101 160
2630799 160
2631871 160
2750790 167
2631989 160
2692992 164
2633179 160
2630867 160
2632046 160
2629585 160
2688035 164
2632420 160
2689085 164
2632175 160
2632339 160
2632934 160
2632654 160
2701952 164
2630681 160
2746800 167
2632792 160
2632536 160
2631825 160
2632127 160
2749939 167
2632805 160
2633050 160
2632735 160
2649815 161
2632396 160
2631464 160
2684522 163
2632735 160
2689448 164
2633004 160
2650760 161
2631803 160
2631976 160
2687357 164
2631777 160
2632805 160
2631230 160
2634006 160
2632501 160
2634181 160
2976050 181
2633236 160
2687930 164
2632630 160
2633295 160
2653816 161
2631871 160
2868239 175
2632897 160
2730619 166
2633586 160
2631825 160
2631289 160
2633168 160
2694009 164
2633004 160
2757289 168
2632501 160
2632851 160
2632573 160
2633667 160
2741340 167
2633026 160
2632280 160
2631031 160
2630018 160
2631674 160
2634426 160
2816148 171
2633411 160
2686239 163
2633028 160
2633680 160
2631206 160
2632468 160
2693880 164
2631031 160
2771230 169
2632910 160
2632339 160
2632385 160
2634017 160
2749764 167
2633680 160
2696142 164
2632735 160
2633096 160
2632862 160
2781822 169
2631451 160
2703702 165
2632945 160
2776935 169
2631952 160
2632805 160
2632398 160
2633785 160
2756064 168
2630823 160
2631195 160
2632385 160
2633785 160
2631801 160
2630915 160
2694521 164
2632573 160
2632993 160
2634507 160
2633004 160
2632827 160
2633306 160
2706609 165
2632175 160
2633400 160
2632280 160
2632584 160
2632035 160
2633155 160
2755270 168
2631241 160
2629165 160
2633575 160
2631696 160
2633179 160
2633411 160
2897230 176
2632199 160
2632584 160
2631989 160
2632687 160
2691419 164
2631908 160
2693985 164
2631287 160
2631066 160
2630915 160
2632851 160
2689400 164
2630880 160
2753485 168
2632479 160
2632770 160
2631475 160
2633529 160
2631849 160
2631674 160
2688291 164
2632840 160
2633120 160
2630261 160
2633074 160
2685257 163
2633201 160
2704170 165
2634439 160
2633225 160
2633249 160
2632571 160
2684826 163
2631989 160
2632175 160
2633050 160
2632571 160
2631593 160
2631416 160
2752352 167
2632608 160
2633669 160
2631768 160
2631580 160
2633236 160
2632048 160
2826342 172
2631790 160
2633352 160
2631755 160
2633796 160
2633142 160
2631580 160
2688328 164
2632689 160
2633317 160
2632958 160
2631860 160
2633424 160
2633015 160
2748539 167
2632232 160
2631976 160
2631147 160
2633459 160
2631731 160
2633973 160
2690743 164
2633903 160
2633400 160
2632385 160
2632665 160
2631416 160
2631836 160
2686622 163
2632455 160
2632245 160
2633376 160
2630810 160
2687147 164
2631720 160
2761535 168
2631871 160
2632199 160
2631591 160
2630775 160
2752190 167
2632129 160
2693401 164
2632326 160
2632689 160
2632059 160
2631650 160
2681993 163
2631112 160
2632945 160
2632210 160
2632444 160
2685340 163
2633050 160
2798519 170
2633063 160
2632011 160
2864772 174
2632584 160
2631707 160
2785182 169
2633249 160
2632199 160
2632781 160
2632420 160
2633190 160
2631941 160
2690835 164
2634369 160
2633971 160
2633737 160
2632678 160
2633785 160
2632897 160
2632328 160
2633155 160
2630926 160
2633562 160
2630613 160
2685176 163
2630635 160
2631569 160
2632665 160
2632479 160
2632035 160
2633039 160
2742657 167
2632396 160
2641682 161
2633330 160
2633225 160
2633516 160
2632827 160
2706773 165
2632991 160
2631801 160
2631720 160
2633411 160
2632735 160
2632910 160
2693320 164
2630473 160
2764079 168
2631558 160
2631090 160
2631405 160
2633470 160
2631685 160
2634124 160
2694917 164
2634122 160
2631744 160
2631558 160
2633667 160
2683205 163
2632232 160
2696098 164
2631871 160
2631884 160
2632199 160
2633085 160
2893905 176
2633807 160
2753509 168
2631790 160
2632840 160
2632722 160
