3647784 111
3020129 92
3637242 110
3361992 102
3354584 102
3407850 103
3354283 102
3485925 106
3354884 102
3355500 102
3188833 97
3355391 102
3517383 107
3355225 102
3354300 102
3355159 102
3501742 106
3355217 102
3354733 102
3355325 102
3461017 105
3367433 102
3470241 105
3499200 106
3361866 102
3401525 103
3354792 102
3398334 103
3354450 102
3354483 102
3354659 102
3408275 104
3354550 102
2435353 74
3354341 102
3354658 102
3639375 111
3411909 104
3354741 102
3355358 102
3366975 102
3399775 103
3358467 102
3411817 104
3662125 111
3411284 104
3411941 104
3355350 102
3367508 102
3155658 96
3485442 106
2119520 64
3529891 107
3355733 102
3418659 104
3455658 105
3413009 104
3424792 104
3411550 104
3412734 104
3414425 104
2181432 66
2181800 66
2304716 70
2181824 66
2181468 66
2181344 66
2186076 66
2181564 66
2181596 66
2216244 67
2181776 66
2441460 74
2181664 66
2203096 67
3411875 104
3456450 105
3411817 104
3412000 104
3411858 104
3626367 110
3423450 104
3457716 105
3411641 104
3459250 105
3411217 104
3411758 104
3459433 105
3411667 104
3453608 105
3411367 104
3426483 104
3458250 105
3412433 104
3461825 105
3411725 104
3412484 104
3439450 104
3354533 102
3558317 108
3355850 102
3399058 103
3565558 108
3366758 102
3400642 103
3355450 102
3473859 106
3354633 102
3415200 104
3354559 102
2181484 66
2182028 66
3411634 104
3484292 106
3411509 104
3411525 104
3413742 104
3413292 104
3455367 105
3420117 104
3617867 110
3459867 105
3412383 104
3411542 104
3418992 104
3460225 105
3411725 104
3460825 105
3418467 104
3411666 104
3412567 104
3488909 106
3419058 104
3411359 104
3411608 104
2190432 66
2181964 66
2181820 66
2181564 66
2181300 66
2210392 67
2181404 66
2189072 66
2182124 66
2186532 66
2182112 66
2181508 66
2213968 67
2182092 66
2189656 66
2181408 66
2181628 66
2212120 67
2181536 66
2182316 66
2181668 66
3461450 105
3411200 104
3411425 104
3412125 104
3428108 104
3411625 104
3411667 104
3412492 104
3413342 104
3088146 94
3411159 104
3466825 105
3412483 104
3458567 105
3196808 97
3398650 103
3354650 102
3354717 102
2457196 74
3354775 102
3398650 103
3356567 102
3354967 102
3411575 104
3413050 104
3457725 105
3411716 104
3414884 104
3412408 104
3412667 104
3459383 105
3412767 104
3412867 104
3585716 109
3509391 107
3573416 109
3411125 104
3412133 104
3411717 104
3420266 104
3412725 104
3412300 104
3411458 104
3411733 104
3411725 104
3412933 104
3412667 104
3412058 104
3464475 105
3412909 104
3411759 104
3411267 104
3412133 104
3457459 105
3412225 104
3472134 105
3457500 105
3426008 104
3411200 104
2215284 67
3412317 104
3411667 104
3460133 105
3412667 104
3411617 104
3411250 104
3468391 105
3412358 104
2193700 66
3412892 104
3425308 104
3411750 104
3412600 104
3461533 105
3411667 104
3411459 104
3459417 105
2971833 90
2212204 67
2181652 66
2181716 66
2181940 66
2181960 66
2181760 66
2187764 66
2219272 67
2181412 66
2181816 66
2181664 66
2182168 66
2181492 66
2196744 67
2212672 67
2181908 66
2181556 66
2181360 66
2181264 66
3460250 105
3411784 104
3411609 104
3412717 104
3419025 104
3412033 104
3411100 104
3411975 104
3411250 104
3480358 106
3411259 104
3413108 104
3454900 105
3419292 104
2182144 66
3411850 104
3411942 104
3666450 111
3411809 104
3458450 105
3411850 104
3412767 104
3458841 105
3412791 104
3411600 104
3412125 104
3412609 104
3469092 105
3411742 104
3411966 104
3411683 104
3411742 104
3415291 104
3411608 104
3559383 108
3291567 100
3470567 105
3411441 104
3355116 102
3354783 102
3354600 102
3354633 102
3355350 102
3354650 102
3534425 107
3355391 102
3354700 102
3401234 103
3355425 102
3477725 106
3361959 102
3368050 102
3355758 102
3401592 103
3355308 102
3401466 103
3354675 102
3354842 102
3398625 103
3355642 102
3660516 111
3355408 102
3354817 102
3355416 102
2111648 64
3485400 106
3354200 102
3354409 102
3398341 103
3263491 99
3354283 102
3534692 107
3355484 102
3130341 95
3354783 102
3354309 102
3355433 102
3354666 102
3354542 102
3354600 102
3355825 102
3402225 103
3354592 102
3355825 102
3570992 108
3354634 102
3400058 103
3416233 104
3589692 109
3411750 104
3576442 109
3423342 104
3412792 104
3412459 104
3411342 104
3412059 104
3486892 106
3699333 112
3412809 104
3411108 104
3411650 104
3411942 104
3411058 104
3459650 105
3412434 104
3420859 104
3459266 105
3411908 104
3411842 104
3562783 108
3411733 104
3460225 105
3413791 104
3467550 105
3412667 104
3345339 102
3356075 102
3555292 108
3354634 102
3354683 102
3404342 103
3354792 102
3411141 104
3354791 102
3502400 106
3354783 102
3356033 102
3366200 102
3357891 102
3354617 102
3354659 102
3355408 102
3426333 104
3355025 102
3401400 103
3354750 102
3354609 102
2105452 64
3354700 102
3355459 102
3355950 102
3354534 102
3354991 102
3366867 102
3520041 107
3354475 102
3125217 95
3354825 102
3354567 102
3355341 102
3355208 102
3354725 102
3366675 102
3354533 102
3354433 102
3354466 102
3355600 102
3367292 102
3354742 102
3547650 108
2448932 74
3567625 108
3355592 102
3354875 102
3399041 103
3354816 102
3571992 109
3355766 102
3400958 103
3058591 93
3419250 104
3355300 102
3354575 102
3398442 103
3354658 102
3363283 102
3399825 103
3355642 102
3135416 95
3401058 103
3354841 102
3354533 102
3354858 102
2221802 67
3354475 102
3500175 106
3355233 102
3481850 106
3354483 102
3530050 107
3354959 102
3354592 102
3379866 103
3354558 102
3354842 102
3505575 106
3354325 102
3553175 108
3367350 102
3354750 102
3355258 102
3354741 102
3355833 102
3482434 106
3355659 102
3354950 102
3355892 102
3354450 102
3354525 102
3355550 102
3354483 102
3400366 103
3354867 102
3581491 109
3355758 102
2122768 64
3411675 104
3412750 104
3411641 104
3459325 105
2181508 66
2210808 67
2182376 66
2181688 66
2214988 67
2181844 66
2181496 66
2181972 66
3439775 104
3411283 104
3411325 104
3455933 105
3412433 104
3411334 104
3411950 104
3411383 104
2369728 72
3412167 104
3412392 104
3412142 104
3411758 104
3459467 105
3411975 104
3411625 104
3411841 104
2397819 73
3412892 104
3411625 104
3425275 104
3412008 104
3412600 104
3458941 105
3412808 104
3466883 105
3412609 104
3411742 104
3411558 104
3411616 104
3593833 109
3411259 104
3466250 105
3411459 104
3560575 108
3411392 104
3421070 104
3412958 104
3548792 108
3411683 104
3411817 104
3412508 104
3411609 104
3459758 105
3412600 104
3002310 91
3412842 104
3591575 109
3412475 104
3411933 104
3411384 104
3411442 104
3412242 104
3425491 104
3502892 106
3411459 104
3544183 108
3412558 104
3412217 104
3411891 104
3411991 104
3547233 108
3424908 104
3426208 104
3411267 104
3411816 104
3631717 110
3411300 104
3411550 104
3586891 109
3425058 104
3468875 105
3143158 95
3411383 104
3411467 104
3423808 104
3550775 108
3464733 105
3411659 104
3547625 108
3419117 104
3412825 104
3411559 104
3412383 104
3412734 104
3567409 108
2208946 67
3412741 104
3411834 104
3411833 104
3559892 108
3412375 104
3554533 108
3413192 104
3463666 105
2901617 88
3411600 104
3411617 104
3411267 104
3715767 113
3457542 105
3425350 104
3413309 104
3412509 104
3413917 104
3424275 104
2181464 66
2181888 66
2212592 67
2181760 66
2213244 67
2181500 66
2181532 66
2181792 66
2181548 66
2181452 66
2181580 66
2213360 67
2181664 66
2181580 66
2181400 66
2181488 66
2181324 66
2181524 66
2217584 67
2181328 66
3411991 104
3411575 104
3411400 104
3412742 104
2190156 66
2212568 67
2181760 66
2181776 66
2181972 66
2181320 66
2181488 66
2182008 66
2212108 67
2181740 66
2185844 66
2181872 66
2181576 66
2181792 66
2249492 68
2359600 72
2181676 66
2181608 66
2181508 66
2182052 66
2181372 66
2181304 66
2213748 67
2181436 66
2181604 66
2181656 66
2181416 66
2181408 66
2182688 66
2211804 67
2182144 66
2211548 67
2182044 66
2190216 66
2181964 66
2182708 66
2181576 66
2181676 66
2211660 67
2181420 66
2186444 66
2181964 66
2182856 66
2182040 66
2181444 66
2182104 66
2181496 66
2241996 68
2186748 66
2236356 68
2181576 66
2182144 66
2181860 66
2181492 66
2181932 66
2181656 66
2215448 67
2182132 66
2237512 68
2181964 66
2181948 66
2181320 66
2181636 66
2215448 67
2181876 66
2182804 66
2189396 66
2181472 66
2182116 66
2181516 66
2183912 66
2181416 66
2212748 67
2181428 66
2213996 67
2181468 66
2181928 66
2199800 67
2181620 66
2181672 66
2182060 66
2213524 67
2181908 66
2212680 67
2181560 66
3354758 102
3421441 104
3366125 102
3355116 102
3356533 102
3354584 102
3355583 102
3354125 102
3401392 103
3354883 102
3399817 103
3366242 102
3355383 102
2748328 83
3707475 113
3412383 104
3411825 104
3461150 105
3412825 104
3454925 105
3420225 104
3411325 104
2205660 67
3411650 104
3728708 113
3412550 104
3413016 104
3411550 104
3419475 104
3411542 104
3460258 105
2188096 66
3460317 105
3411834 104
3411792 104
3412442 104
3412450 104
3427391 104
3411950 104
3412367 104
3412950 104
3411217 104
3463716 105
3412500 104
3411717 104
3411475 104
3411684 104
3424975 104
3411642 104
3460600 105
3093367 94
3411442 104
3468859 105
3412617 104
3456558 105
3471533 105
3485084 106
3458209 105
3412809 104
3415333 104
3412008 104
3464042 105
3411834 104
3413066 104
3398075 103
3361892 102
3354800 102
3400525 103
3354975 102
3354775 102
3663958 111
3354725 102
3355341 102
3364183 102
3400475 103
3355283 102
3403975 103
3355050 102
3399575 103
3354692 102
3401541 103
2482259 75
3399458 103
3426408 104
3528692 107
3355000 102
3411458 104
3411617 104
3557991 108
3411934 104
3416575 104
3469558 105
3412900 104
3412450 104
3411858 104
3412242 104
3457967 105
3413108 104
3568450 108
3411825 104
3411550 104
3411541 104
3413075 104
3468217 105
3414317 104
3564425 108
3411183 104
3411508 104
3411475 104
3411709 104
3412725 104
3457991 105
3483617 106
3460150 105
3411425 104
3411458 104
3564742 108
3412967 104
3456483 105
3412183 104
3412300 104
3412034 104
2768821 84
3545750 108
3411650 104
3411467 104
3411825 104
3411667 104
3623650 110
3413150 104
3456458 105
3411525 104
3424167 104
3412034 104
3364966 102
3412534 104
3412650 104
3412650 104
3470242 105
3411841 104
3411842 104
3426408 104
3457625 105
3411866 104
3411533 104
2186568 66
2187180 66
2181888 66
2181500 66
2181632 66
2182160 66
2212476 67
2187772 66
3457833 105
3411333 104
3411834 104
3411241 104
3461334 105
3412608 104
3456700 105
3412000 104
3411658 104
3411450 104
3459483 105
3411525 104
3411850 104
3276767 99
3411850 104
3411609 104
3458791 105
3411400 104
3411466 104
3411333 104
3424400 104
3411683 104
2190704 66
3412233 104
3411642 104
3411942 104
3560983 108
3412900 104
3424267 104
3574291 109
3412834 104
2975066 90
3424766 104
3411284 104
3568608 108
3411642 104
3426858 104
3412525 104
3411983 104
3413025 104
2284516 69
3411859 104
3411792 104
3592342 109
3411425 104
3456017 105
3411917 104
3562358 108
3411433 104
3416316 104
3418300 104
3411808 104
3458050 105
3411709 104
3622141 110
3413175 104
3459750 105
3412417 104
3449591 105
3411967 104
3459200 105
3412825 104
3411216 104
3470500 105
3490558 106
3411150 104
3411766 104
3465816 105
3411517 104
3469717 105
3411492 104
3467450 105
3411742 104
3412734 104
3411642 104
3457400 105
3413525 104
3424867 104
3457083 105
3411492 104
3606592 110
2770525 84
3411833 104
3624142 110
3411925 104
3459242 105
3411275 104
3455966 105
3424166 104
3459433 105
3414442 104
3412575 104
3411375 104
3413008 104
3412134 104
3412167 104
3411959 104
3456108 105
3418784 104
3411275 104
3411917 104
3458691 105
3411558 104
3421633 104
3503070 106
3461217 105
3412692 104
3411616 104
3411717 104
3354992 102
3400350 103
3354675 102
3355400 102
2549907 77
3355675 102
3401783 103
3361800 102
3354608 102
3354583 102
3354659 102
3521400 107
3354666 102
3559716 108
3355575 102
3401483 103
3367783 102
3501408 106
3355550 102
3508884 107
3354258 102
3355517 102
3115879 95
3460758 105
3411916 104
3457525 105
3412459 104
3412684 104
3425092 104
3411575 104
3411300 104
2530402 77
3424567 104
3411992 104
3458067 105
3412517 104
3411433 104
3553200 108
3411058 104
3411534 104
2183644 66
3412400 104
