24240300 147
26256033 160
16851948 102
17059844 104
22808672 139
16749028 102
15724832 95
18317732 111
15412728 94
15425316 94
16224832 99
17761568 108
17070996 104
17169856 104
17272604 105
16582568 101
16215592 98
16563284 101
22661552 138
16389812 100
16806912 102
19315112 117
17532744 107
16586248 101
16800628 102
16465048 100
15473700 94
24978392 152
25997775 158
25486609 155
28385291 173
25799617 157
24697250 150
26051144 159
34764584 212
25438742 155
26099600 159
25091559 153
25601692 156
25563092 156
26016684 158
24746400 151
25812500 157
25217775 153
24850750 151
24128734 147
24349350 148
24771558 151
23861041 145
25593091 156
25138042 153
18152564 110
25910675 158
30223708 184
25859725 157
24915758 152
23878034 145
24853083 151
25760717 157
25352942 154
25885725 157
24626475 150
24338917 148
24802775 151
24404500 148
24859192 151
25905217 158
25515467 155
25308742 154
26410292 161
26607925 162
25452159 155
26867041 163
25559042 156
25962067 158
25805659 157
25808058 157
27508517 167
26326975 160
25085267 153
25060459 152
26080359 159
25466958 155
24878250 151
25271542 154
25763517 157
25054566 152
25771017 157
24879258 151
27077558 165
27659233 168
26780958 163
25478750 155
25814033 157
24439517 149
26083167 159
25978658 158
26329067 160
26552609 162
26028275 158
25226784 153
26426242 161
25219092 153
24800617 151
25348334 154
25991592 158
25340034 154
26248300 160
26234342 160
26247566 160
26024700 158
25408508 155
24830850 151
25962492 158
24832259 151
25996858 158
26471342 161
25834583 157
25587225 156
25295475 154
24962466 152
26741725 163
26315316 160
25307500 154
25084317 153
25016567 152
25910950 158
26387259 161
26461133 161
25909408 158
26219475 160
25542342 155
26295033 160
25736075 157
25308458 154
26258016 160
25634175 156
25698017 156
25848109 157
26494608 161
26044292 158
25207816 153
25623850 156
26830150 163
25464767 155
25087550 153
24796500 151
23601517 144
24749942 151
24615042 150
25641400 156
25151300 153
25634358 156
26198816 159
24880816 151
25250650 154
24889541 151
24663775 150
26219825 160
24736475 150
24276867 148
25001158 152
24365275 148
25064309 152
25080658 153
25460850 155
24445025 149
24082650 146
24603683 150
24792642 151
25876025 157
25988475 158
25451900 155
25377216 154
25049867 152
25862758 157
25742700 157
26428491 161
24980083 152
25624775 156
25438733 155
25360500 154
25638316 156
26820758 163
25659384 156
24581558 150
25680200 156
26529008 161
25549525 155
25524508 155
24816108 151
24740950 151
24751925 151
23935142 146
25247125 154
24425400 149
26342675 160
25579642 156
24538675 149
25159408 153
25161275 153
25537534 155
26940941 164
27055225 165
26330117 160
25475142 155
25038167 152
25504917 155
24848250 151
25462450 155
25464767 155
24901366 151
25539700 155
26077700 159
26437308 161
26425058 161
25603825 156
26352000 160
26929541 164
28353625 173
26673650 162
27573717 168
25664775 156
26058125 159
25746741 157
25297217 154
25735959 157
26136076 159
24986875 152
27174741 165
24316241 148
24702534 150
24657209 150
25025225 152
25197608 153
25319025 154
25644217 156
25762866 157
26125508 159
26352525 160
25364234 154
25809675 157
25518692 155
25087416 153
26139342 159
25867225 157
26469158 161
25880184 157
25824275 157
25104133 153
25258325 154
24409700 148
24709809 150
25446842 155
24510066 149
24513933 149
25240842 154
25212108 153
24810991 151
25087434 153
25403684 155
25173900 153
25194634 153
25504625 155
25111583 153
25427684 155
25535208 155
25051384 152
25428441 155
25538525 155
25186983 153
24956117 152
25285992 154
25952417 158
26307158 160
25118150 153
25657817 156
25541700 155
26090267 159
25469808 155
25084883 153
24999858 152
25229059 153
26112150 159
25835050 157
25809334 157
25874883 157
26054242 159
26054683 159
24943266 152
25363350 154
25269283 154
25933667 158
25693667 156
25167817 153
25209183 153
25643284 156
25558150 155
25081117 153
25078650 153
25118350 153
24759242 151
25157967 153
25389050 154
24441592 149
24844258 151
25343975 154
25416267 155
24991117 152
25827767 157
26517725 161
26871284 164
26355383 160
25646450 156
24520541 149
24717133 150
24626891 150
25172433 153
25309900 154
26206250 159
25277925 154
25276917 154
24684225 150
25346258 154
25538409 155
25327600 154
26529042 161
26900133 164
25578984 156
25878267 157
25463666 155
24660967 150
25303458 154
25013292 152
26205217 159
24993058 152
25785416 157
26491567 161
25237100 154
25250417 154
25499425 155
25937525 158
25795108 157
25457900 155
27043525 165
27187733 165
26953133 164
26113767 159
25336725 154
25644442 156
27504650 167
26809567 163
25958475 158
25795283 157
24875792 151
26311242 160
25469517 155
25891409 158
24659983 150
25883834 157
25634758 156
25868033 157
25685317 156
26045734 158
24882675 151
25075375 153
25806959 157
25818341 157
25813192 157
25446583 155
25039917 152
24774225 151
25312900 154
25761067 157
26924142 164
27020166 164
26330600 160
27029767 164
27479284 167
26282617 160
26332234 160
26956550 164
26298375 160
26084517 159
26021908 158
25820933 157
24694450 150
25593125 156
29798983 181
25842650 157
25379617 154
25424050 155
26559133 162
26029141 158
25659200 156
24675275 150
24183125 147
24279983 148
26181992 159
26846391 163
25777509 157
26561217 162
26045517 158
26610691 162
26104750 159
25728067 157
25706858 156
25280208 154
25371191 154
26133150 159
26418917 161
25584525 156
25273042 154
25281758 154
24921100 152
25539858 155
26157200 159
27484766 167
26170266 159
25928050 158
28755466 175
26403083 161
26465242 161
26106466 159
25650875 156
25757491 157
25758200 157
25830925 157
26659559 162
26573375 162
26147900 159
25673775 156
22629418 138
24620525 150
23823841 145
24198800 147
24311775 148
26554209 162
24759525 151
24268616 148
24674408 150
25173259 153
26363033 160
26576234 162
25929125 158
26009750 158
25722859 156
26223225 160
25171658 153
25248150 154
25588466 156
25684433 156
25755033 157
26350891 160
26694708 162
25622450 156
26094383 159
26290816 160
25127159 153
25228742 153
24508725 149
25030959 152
24859517 151
26478758 161
26498475 161
24495175 149
24326683 148
25358417 154
25551808 155
24841658 151
26327808 160
25937508 158
26111500 159
26955467 164
25654191 156
24874858 151
25536375 155
25755375 157
26311633 160
25276834 154
25571075 156
25877734 157
25112716 153
25089667 153
24729417 150
24815192 151
25570408 156
24713808 150
25555475 155
24309892 148
24791759 151
25740241 157
25125717 153
26561300 162
25468100 155
25801492 157
25781450 157
25676158 156
25461842 155
24676667 150
24952925 152
25722417 156
26317375 160
25511850 155
28303533 172
24953417 152
25101633 153
25271400 154
24605733 150
25705458 156
24864759 151
25260950 154
25044834 152
24651259 150
24900725 151
25721808 156
26752483 163
25326467 154
25882325 157
25058183 152
26222750 160
25583700 156
26194866 159
25226333 153
25948700 158
25171225 153
25451650 155
25413691 155
25241858 154
26795284 163
25868125 157
26065141 159
26239042 160
26025667 158
26462125 161
26175975 159
26550992 162
26201008 159
25813408 157
25457334 155
25312133 154
26037884 158
26498175 161
26236583 160
26427967 161
26753517 163
26389800 161
26112492 159
25998092 158
25774942 157
25228250 153
25955600 158
26811375 163
26757900 163
27553792 168
31932791 194
26897384 164
25443283 155
25201884 153
25844417 157
27297158 166
27076542 165
26543083 162
27460650 167
27046558 165
25764883 157
25403492 155
25731442 157
24973225 152
26024017 158
25556525 155
26612683 162
26482458 161
26665750 162
26730708 163
25058109 152
25900575 158
25818092 157
25923708 158
25834425 157
26108225 159
26508775 161
27045133 165
26808475 163
26614583 162
26587891 162
26104033 159
25834025 157
26353158 160
24741900 151
25392684 154
25618883 156
27730341 169
27100850 165
27407566 167
27054867 165
26638783 162
25391441 154
25896992 158
28281559 172
26632925 162
26436000 161
26332483 160
26334058 160
26694242 162
25909600 158
25385258 154
24979075 152
25276209 154
25477667 155
25766167 157
26741925 163
26921200 164
26525984 161
25321091 154
25364683 154
25654509 156
26045475 158
25502216 155
26396392 161
26758441 163
26457016 161
25947600 158
25507750 155
25830541 157
24820066 151
24780566 151
26530700 161
26499983 161
26729475 163
26273475 160
25827541 157
25456967 155
25703725 156
25490184 155
25929375 158
26754383 163
26361675 160
25771000 157
30086159 183
23893041 145
24127366 147
25190309 153
26227391 160
26049800 158
25890850 158
24592850 150
25160767 153
25278091 154
25475408 155
25937833 158
25559092 156
26437358 161
26336192 160
25601642 156
24814217 151
24872808 151
25200075 153
25438992 155
25989750 158
25346092 154
25289175 154
25799283 157
26061284 159
25058550 152
25533508 155
25051975 152
26020908 158
25188950 153
25778416 157
25565834 156
26103142 159
26018000 158
25495350 155
26257500 160
24837666 151
24896633 151
25066392 152
25681892 156
26085250 159
25263842 154
25010941 152
24766933 151
25267375 154
25083750 153
26730333 163
27892025 170
27376109 167
26996017 164
26892491 164
26603400 162
25920833 158
25329708 154
25746767 157
26717208 163
25454242 155
25491575 155
25848941 157
25464725 155
25560625 156
26120534 159
25636942 156
26081716 159
25125308 153
24969941 152
25220891 153
25010033 152
25789566 157
24887083 151
24882759 151
25523541 155
25117408 153
26510975 161
26505116 161
26062750 159
25583709 156
26341017 160
26500417 161
26169850 159
25491659 155
24984734 152
25480592 155
25776142 157
26210266 159
25527317 155
26557909 162
26082642 159
25846525 157
26080167 159
26347200 160
25842359 157
26463692 161
25978550 158
26862566 163
26720425 163
26065567 159
25853934 157
26197466 159
25823884 157
26875442 164
26167491 159
28213916 172
27131175 165
26507275 161
25182534 153
25725233 157
25742600 157
25339908 154
25290541 154
24690134 150
24870708 151
24970042 152
26328691 160
25078217 153
24829183 151
25680317 156
24285442 148
26580008 162
24729542 150
26113783 159
25998533 158
25418167 155
26443559 161
26962933 164
26483575 161
25257317 154
26327742 160
26627267 162
25069725 153
24133900 147
24659133 150
24326359 148
24995658 152
25852617 157
26047392 158
25813192 157
24251792 148
24744709 151
24778850 151
25828550 157
26409758 161
26017484 158
26127900 159
26223575 160
26177775 159
24937084 152
25035641 152
25958550 158
26161533 159
26059975 159
25333167 154
25333084 154
25076083 153
25355575 154
25684266 156
25068958 153
25351508 154
25643092 156
25781783 157
25983975 158
25770617 157
25231775 154
25739300 157
25617058 156
25592941 156
25809308 157
25775692 157
25783058 157
25149400 153
24836600 151
25438875 155
24514967 149
26046959 158
26547192 162
26204758 159
26313733 160
25347834 154
25270125 154
24763550 151
25907508 158
25109284 153
25172800 153
25669634 156
24638708 150
25408242 155
25694116 156
25625209 156
24955991 152
25338834 154
26051208 159
25477433 155
24511775 149
24175284 147
24615642 150
24796350 151
24895750 151
25314675 154
25788333 157
25993191 158
24745967 151
24918416 152
25655400 156
24790659 151
24855600 151
24795375 151
25405825 155
26061984 159
25775217 157
25537875 155
25050425 152
25226058 153
25728417 157
25930725 158
25123142 153
25988016 158
25581125 156
25776233 157
26235808 160
26751841 163
26052475 159
26334350 160
26449009 161
26585634 162
27049984 165
25536033 155
25921225 158
25667767 156
25827942 157
25173242 153
25591267 156
25936442 158
26222383 160
26441258 161
26610758 162
26574775 162
27066758 165
26540642 161
26473425 161
26193750 159
25688059 156
24949858 152
25090483 153
25360950 154
25698234 156
24985225 152
25628058 156
26937916 164
26418959 161
25347366 154
25632025 156
26449058 161
30733983 187
26056375 159
25370525 154
24553092 149
24850567 151
26160184 159
25868791 157
27495117 167
24913383 152
24502233 149
24451117 149
25146750 153
26287117 160
26139900 159
25472941 155
25532258 155
24581150 150
27429659 167
24662542 150
24119400 147
25078167 153
25082325 153
25263108 154
25452625 155
25229900 153
24689525 150
24567359 149
25969909 158
25531100 155
25031600 152
25100542 153
26064416 159
25741208 157
26054525 159
27395433 167
25119925 153
26006259 158
25641559 156
24937692 152
25030675 152
25964750 158
25568842 156
25315792 154
25824975 157
26124000 159
26213825 159
26743100 163
25119092 153
25745650 157
25304375 154
25788950 157
26427241 161
25860625 157
26132641 159
26385950 161
25151600 153
26296450 160
24943525 152
25067450 152
25322934 154
25677358 156
25759141 157
25747533 157
25778059 157
25714867 156
26081525 159
24566033 149
25629625 156
26537233 161
25574166 156
27194725 165
26201975 159
26055917 159
26295442 160
26031992 158
26399875 161
25766892 157
24866658 151
25630475 156
24918034 152
25321483 154
25091533 153
24811008 151
25216708 153
25256983 154
24841084 151
32880375 200
25169825 153
25753267 157
25744667 157
25247300 154
25606242 156
25036450 152
25626009 156
25142967 153
25273983 154
25153358 153
25028325 152
24022984 146
23930866 146
24342616 148
26250641 160
25758817 157
25932350 158
26121842 159
25555900 155
25218917 153
24733042 150
24725025 150
