338625 73
376975 81
385592 83
350267 76
322900 70
340008 73
376217 81
326550 70
339975 73
308025 66
337425 73
222944 48
334733 72
312625 67
326659 70
356541 77
306842 66
307358 66
344017 74
335167 72
246191 53
323625 70
344533 74
338550 73
247904 53
385275 83
397500 86
351484 76
354275 76
392483 85
354250 76
315917 68
339350 73
330142 71
301675 65
342275 74
359742 78
247396 53
207804 45
189580 41
206536 44
207216 44
223052 48
235352 51
207000 44
223712 48
195676 42
221360 48
219576 47
190080 41
225064 48
200952 43
219000 47
215416 46
211760 45
220692 47
250428 54
205312 44
221032 47
241772 52
193148 41
214660 46
192904 41
203052 44
189480 41
203516 44
349667 75
333541 72
345717 75
338033 73
323283 70
358359 77
352350 76
329741 71
316317 68
353634 76
321458 69
303383 65
204364 44
356967 77
340016 73
331808 72
365800 79
335142 72
337292 73
359316 77
316517 68
345233 74
336916 73
362908 78
332858 72
306750 66
335983 72
344433 74
365358 79
340067 73
340534 73
339883 73
373450 81
342683 74
368567 79
347525 75
367384 79
351750 76
312345 67
204844 44
225208 48
217108 47
203292 44
256568 55
200920 43
231904 50
215552 46
217632 47
219804 47
211776 45
193792 42
203256 44
201992 43
234504 50
213864 46
194832 42
226580 49
345208 74
327325 71
337550 73
380242 82
365316 79
343641 74
306434 66
365517 79
357000 77
443992 96
337075 73
318500 69
356475 77
362775 78
228300 49
210784 45
212144 46
228656 49
238548 51
209776 45
205172 44
212592 46
213600 46
205400 44
207876 45
197188 42
222528 48
243440 52
199476 43
207656 45
225484 48
214936 46
178776 38
222844 48
224632 48
212284 46
218344 47
210900 45
209416 45
205976 44
218168 47
229824 49
190604 41
363858 78
336791 73
361709 78
332575 72
332858 72
314975 68
340209 73
340025 73
349650 75
351300 76
330625 71
344575 74
358675 77
327750 71
326141 70
307225 66
314575 68
340958 73
183116 39
365766 79
316750 68
312108 67
365075 79
332933 72
327416 71
328191 71
345550 74
328525 71
347533 75
318917 69
346442 75
191648 41
359716 78
328500 71
311525 67
329641 71
329766 71
315167 68
375091 81
326633 70
345867 75
506467 109
333467 72
338925 73
331575 71
342975 74
342016 74
328200 71
350867 76
355717 77
346192 75
358591 77
359908 78
331983 72
339434 73
328758 71
337442 73
209336 45
380667 82
340559 73
359959 78
322167 69
349766 75
334867 72
370075 80
330109 71
337733 73
344659 74
376500 81
385358 83
343517 74
307650 66
332209 72
360159 78
348909 75
326508 70
312150 67
347792 75
356175 77
330766 71
338492 73
346966 75
330842 71
340359 73
362242 78
356642 77
365242 79
368450 79
335575 72
334050 72
337158 73
322983 70
331833 72
359583 78
358558 77
331292 71
340108 73
238636 51
231788 50
201596 43
204668 44
211064 45
195024 42
199320 43
192364 41
218604 47
221388 48
214916 46
220160 47
233212 50
226528 49
220736 47
211684 45
222220 48
198080 42
200172 43
240868 52
212988 46
211024 45
217300 47
189296 41
165412 35
227488 49
223772 48
224636 48
202780 44
197504 42
207644 45
220704 47
226420 49
221980 48
198880 43
187484 40
218140 47
202420 43
193736 42
213516 46
201976 43
213568 46
188824 40
202076 43
228012 49
209924 45
208124 45
206780 44
206928 44
210748 45
218964 47
211668 45
212384 46
202816 44
218720 47
202444 43
207280 44
210048 45
244624 53
217552 47
234504 50
194624 42
197284 42
182392 39
194744 42
221032 47
197928 42
186956 40
218484 47
197196 42
205672 44
215100 46
205048 44
223872 48
202400 43
204752 44
197716 42
195404 42
184400 40
218992 47
206012 44
223616 48
207528 45
207020 44
199632 43
200972 43
204040 44
195024 42
210932 45
208020 45
205772 44
199092 43
203928 44
207228 44
215944 46
329158 71
339875 73
332017 72
411466 89
326242 70
358042 77
340275 73
371475 80
342475 74
380358 82
316258 68
325009 70
202388 43
335167 72
338141 73
321883 69
360325 78
339484 73
338050 73
327700 71
376625 81
358384 77
338325 73
337158 73
358208 77
344450 74
346883 75
335491 72
349242 75
342467 74
348017 75
358641 77
324750 70
342792 74
335508 72
338242 73
327425 71
487525 105
357575 77
351309 76
332250 72
364408 79
327333 71
350991 76
334442 72
346942 75
327700 71
327425 71
351342 76
345441 74
339092 73
339608 73
320792 69
318008 69
336425 73
352092 76
343975 74
323358 70
343500 74
368992 80
357492 77
328717 71
366142 79
328133 71
229616 49
367459 79
364650 79
345975 75
348833 75
299275 64
468375 101
327500 71
326109 70
371817 80
340742 73
341233 74
340659 73
344550 74
291142 63
330466 71
345359 74
324592 70
325092 70
307925 66
219060 47
321392 69
340358 73
312842 67
329250 71
363925 78
333334 72
417083 90
309533 67
311483 67
304400 66
354409 76
351625 76
312225 67
239432 51
211920 45
208588 45
210440 45
191956 41
225244 48
188920 40
224868 48
212292 46
210048 45
207456 45
210232 45
214512 46
182352 39
224536 48
208496 45
190064 41
222160 48
214560 46
211276 45
200320 43
213632 46
200476 43
206708 44
191760 41
353283 76
345750 75
364000 78
333491 72
351909 76
284975 61
359384 77
329000 71
228276 49
354367 76
361617 78
331458 71
348733 75
366383 79
336542 73
328033 71
352800 76
330017 71
329500 71
347466 75
313800 68
363183 78
351758 76
330575 71
369025 80
343750 74
341100 74
335100 72
359275 77
333575 72
333325 72
207352 44
223852 48
216516 46
211372 45
222632 48
205156 44
222356 48
198272 43
235108 51
220044 47
206392 44
184400 40
216748 47
250692 54
215236 46
210920 45
205728 44
206756 44
195360 42
213224 46
239056 51
217932 47
216424 46
197764 42
218492 47
223368 48
204884 44
215068 46
203088 44
196276 42
238340 51
217640 47
213004 46
228128 49
204884 44
375108 81
189424 41
350775 76
359975 78
339650 73
341217 74
342667 74
352050 76
327817 71
334759 72
355600 77
354100 76
333432 72
378616 82
313183 67
371350 80
354942 77
337567 73
329150 71
451800 98
379892 82
345875 75
328975 71
341508 74
331183 71
341442 74
359400 77
332275 72
340559 73
322725 70
339592 73
349725 75
424258 92
356517 77
345783 75
339609 73
343942 74
347608 75
339233 73
342300 74
354000 76
353800 76
354284 76
369192 80
354375 76
349191 75
341025 74
376333 81
357808 77
353392 76
350208 76
340492 73
344425 74
324875 70
324958 70
354900 77
352134 76
345183 74
345241 74
197192 42
352308 76
373391 81
323950 70
334008 72
335333 72
383100 83
220328 47
197112 42
193168 41
205744 44
207856 45
195952 42
233884 50
234152 50
191108 41
192248 41
219936 47
190732 41
239972 52
220812 47
211804 45
188060 40
195180 42
208420 45
218412 47
204144 44
207200 44
209800 45
200820 43
351924 76
203484 44
193096 41
199332 43
239208 51
216968 47
230588 50
202196 43
220864 47
214908 46
199864 43
229452 49
215436 46
216932 47
206316 44
200468 43
245152 53
206080 44
212740 46
189920 41
190768 41
193268 41
224384 48
205588 44
214144 46
364159 79
336833 73
350691 76
348842 75
333033 72
327909 71
383275 83
355925 77
305633 66
350700 76
336708 73
347083 75
199776 43
320158 69
357442 77
448367 97
351900 76
331675 71
370875 80
338108 73
379658 82
359983 78
334759 72
406159 88
335733 72
367816 79
351408 76
323200 70
360516 78
329458 71
337300 73
219180 47
394100 85
327550 71
357083 77
337500 73
352675 76
363867 78
328467 71
345208 74
341641 74
361533 78
345450 74
359725 78
334867 72
348750 75
300375 65
360834 78
350317 76
346959 75
343867 74
230008 49
354200 76
352308 76
345909 75
311566 67
344316 74
332517 72
368300 79
348792 75
339100 73
403508 87
356017 77
318283 69
356683 77
336833 73
364359 79
344175 74
330434 71
346683 75
367050 79
394700 85
356567 77
346066 75
356766 77
438667 95
320250 69
353634 76
369434 80
320716 69
330892 71
344709 74
352475 76
347425 75
333158 72
407467 88
313992 68
342675 74
340608 73
328966 71
307517 66
210756 45
211412 45
189132 41
208956 45
277404 60
217660 47
212704 46
212768 46
231520 50
228212 49
197516 42
232936 50
217800 47
217128 47
210876 45
200020 43
186992 40
227980 49
203412 44
205396 44
187520 40
247172 53
191760 41
224692 48
202268 43
214372 46
199748 43
213404 46
363684 78
321109 69
343583 74
338483 73
351633 76
323542 70
358392 77
233292 50
212020 46
181428 39
216672 47
216892 47
230696 50
204548 44
192228 41
202180 43
347108 75
350517 76
354016 76
354017 76
301925 65
369950 80
361492 78
322425 69
334092 72
337925 73
339333 73
325659 70
334775 72
350350 76
364183 79
340100 73
343816 74
347825 75
348733 75
422017 91
356658 77
305841 66
335350 72
365508 79
346142 75
327492 71
342408 74
327417 71
409325 88
332216 72
346025 75
323175 70
353117 76
201372 43
326617 70
342992 74
354592 76
355567 77
353259 76
353775 76
321592 69
338575 73
324025 70
353000 76
385792 83
332291 72
341825 74
359209 77
359742 78
437767 95
338283 73
363791 78
305425 66
321967 69
325850 70
368950 80
370091 80
334500 72
348542 75
452733 98
316341 68
322059 69
332758 72
361717 78
362858 78
349875 75
336900 73
363475 78
361492 78
349391 75
369367 80
325933 70
328109 71
333442 72
380800 82
336900 73
306242 66
306442 66
346675 75
331517 71
375600 81
332316 72
343683 74
367783 79
379325 82
208536 45
359800 78
324208 70
346942 75
368675 80
347009 75
340466 73
355158 77
208892 45
375750 81
333450 72
362933 78
341142 74
353584 76
362325 78
298375 64
361733 78
347250 75
420641 91
374167 81
374433 81
324400 70
331375 71
380892 82
357625 77
290991 63
342983 74
320500 69
341366 74
311559 67
367409 79
350409 76
355941 77
348083 75
334400 72
335950 72
338184 73
346858 75
347283 75
341658 74
338841 73
354967 77
333075 72
357942 77
369292 80
331833 72
324658 70
337400 73
345483 74
338333 73
332400 72
313833 68
211896 45
330109 71
363767 78
324883 70
353559 76
342484 74
357292 77
342216 74
339450 73
333625 72
357166 77
411458 89
354367 76
346183 75
332816 72
335925 72
343267 74
357342 77
356091 77
351750 76
340450 73
346142 75
319909 69
333350 72
378517 82
333017 72
352858 76
338225 73
360391 78
374859 81
325184 70
353883 76
363575 78
333350 72
388300 84
362884 78
342608 74
373350 81
330441 71
354583 76
341750 74
349242 75
313842 68
341083 74
310958 67
349492 75
270412 58
325983 70
354259 76
373142 80
646408 140
341567 74
354608 76
357125 77
356358 77
315500 68
363934 78
329142 71
379017 82
203764 44
439541 95
347117 75
328483 71
351858 76
342900 74
351175 76
192384 41
