1722458 105
1674058 102
1678950 102
1688817 103
1673292 102
1672950 102
1673775 102
1673275 102
1674683 102
1674541 102
1723216 105
1693522 103
1673350 102
1673192 102
1673191 102
1673242 102
1672783 102
1673191 102
1674133 102
1674533 102
1685183 102
1673292 102
1674217 102
1673608 102
1674208 102
1673316 102
1674142 102
1673292 102
1720333 105
1674300 102
1076200 65
1674308 102
1672992 102
1674408 102
1738058 106
1674408 102
1721800 105
1685766 102
1673541 102
1674242 102
1673425 102
1108347 67
1684725 102
1673858 102
1673250 102
1673133 102
1673042 102
1673450 102
1075960 65
1106948 67
1105016 67
1075292 65
1075412 65
1075448 65
1077336 65
1075968 65
1075380 65
1075472 65
1075336 65
1075476 65
1075280 65
1075552 65
1075400 65
1085024 66
1075472 65
1075380 65
1075824 65
1075944 65
1075952 65
1075744 65
1075736 65
1076352 65
1075728 65
1076124 65
1106448 67
1108124 67
1075396 65
1080100 65
1075392 65
1107308 67
1106100 67
1075292 65
1080068 65
1075272 65
1075452 65
1075776 65
1075380 65
1075352 65
1075716 65
1075824 65
1075476 65
1075996 65
1075864 65
1075496 65
1075252 65
1075348 65
1695208 103
1648316 100
1647525 100
1647358 100
1647550 100
1649125 100
1673300 102
1673366 102
1674658 102
1686250 102
1673891 102
1673200 102
1674167 102
1673508 102
1673484 102
1673091 102
1675400 102
1075396 65
1075220 65
1075456 65
1075848 65
1075880 65
1075256 65
1075508 65
1075572 65
1673216 102
1673241 102
1674550 102
1673083 102
1674233 102
1106548 67
1686033 102
1673425 102
1719667 104
1673242 102
1674150 102
1673233 102
1673141 102
1686383 102
1674341 102
1674016 102
1673792 102
1673900 102
1673108 102
1673400 102
1673192 102
1673133 102
1673292 102
1674417 102
1673408 102
1674033 102
1747000 106
1724741 105
1673417 102
1674242 102
1771316 108
1687208 102
1673050 102
1674383 102
1672842 102
1722083 105
1674258 102
1674450 102
1286601 78
1674283 102
1772842 108
1674484 102
1673841 102
1674575 102
1686533 102
1673083 102
1673958 102
1673633 102
1674300 102
1674142 102
1725658 105
1674391 102
1673558 102
1674266 102
1673242 102
1674325 102
1725083 105
1673141 102
1721591 105
1672850 102
1402502 85
1674266 102
1673083 102
1674500 102
1673233 102
1673800 102
1674009 102
1673825 102
1673958 102
1673800 102
1674408 102
1618891 98
1673417 102
1674308 102
1674417 102
1673175 102
1673208 102
1672975 102
1673292 102
1674284 102
1719241 104
1674500 102
1216860 74
1674533 102
1720042 104
1674392 102
1674333 102
1673500 102
1648500 100
1647942 100
1647917 100
1647308 100
1647400 100
1705317 104
1647108 100
1647242 100
1696909 103
1648633 100
1647434 100
1718934 104
1673375 102
1674167 102
1673175 102
1673717 102
1673258 102
1674392 102
1673508 102
1674350 102
1721950 105
1673200 102
1081676 66
1672525 102
1726500 105
1673025 102
1673341 102
1673284 102
1674342 102
1673433 102
1673359 102
1673292 102
1674466 102
1674200 102
1673250 102
1673500 102
1674142 102
1673241 102
1680941 102
1647250 100
1647433 100
1647483 100
1647675 100
1901292 116
1648300 100
1647508 100
1647375 100
1648667 100
1648816 100
1430358 87
1647216 100
1693309 103
1720592 105
1647125 100
1647450 100
1659542 101
1647492 100
1648775 100
1647784 100
1647308 100
1029772 62
1648092 100
1647441 100
1647509 100
1648250 100
1648433 100
1647641 100
1647392 100
1647709 100
1647300 100
1648550 100
1650100 100
1674025 102
1720600 105
1674325 102
1673142 102
1674300 102
1673058 102
1673442 102
1673992 102
1673175 102
1725058 105
1673983 102
1673017 102
1722883 105
1674592 102
1673192 102
1673250 102
1676100 102
1674167 102
1721250 105
1674542 102
1674417 102
1673225 102
1673042 102
1672917 102
1673083 102
1673200 102
1673033 102
1677584 102
1647358 100
1647558 100
1647000 100
1699308 103
1648550 100
1383151 84
1673425 102
1674241 102
1723683 105
1674233 102
1730633 105
1076296 65
1075800 65
1075304 65
1075804 65
1075608 65
1075708 65
1075396 65
1206500 73
1077644 65
1075416 65
1075344 65
1075440 65
1075760 65
1075228 65
1075352 65
1075832 65
1076568 65
1081276 65
1075380 65
1075764 65
1075904 65
1075292 65
1075848 65
1075536 65
1076548 65
1674192 102
1674000 102
1673542 102
1674092 102
1077256 65
1674459 102
1673250 102
1723300 105
1673083 102
1673992 102
1686767 102
1674075 102
1673267 102
1723658 105
1673267 102
1673242 102
1673475 102
1674567 102
1674533 102
1673475 102
1674200 102
1089424 66
1673442 102
1674267 102
1673275 102
1673025 102
1721267 105
1673217 102
1720333 105
1673034 102
1674383 102
1674300 102
1674241 102
1673108 102
1685150 102
1726316 105
1672841 102
1673200 102
1647567 100
1647992 100
1647275 100
1647800 100
1648559 100
1692700 103
1696884 103
1647158 100
1647608 100
1696259 103
1648592 100
1062552 64
1647875 100
1647641 100
1696325 103
1647409 100
1648767 100
1674000 102
1674292 102
1673258 102
1938417 118
1674417 102
1674650 102
1721167 105
1674425 102
1674316 102
1673467 102
1672491 102
1647891 100
1648609 100
1694575 103
1648583 100
1647642 100
1029764 62
1648167 100
1648525 100
1647208 100
1648333 100
1648441 100
1647259 100
1647917 100
1647641 100
1695409 103
1647492 100
1649133 100
1647866 100
1647709 100
1647400 100
1659600 101
1647534 100
1648283 100
1647491 100
1696116 103
1648450 100
1647350 100
1673200 102
1674133 102
1673808 102
1721833 105
1674433 102
1574696 96
1673325 102
1673483 102
1673467 102
1674425 102
1674441 102
1674383 102
1673975 102
1674116 102
1673375 102
1673925 102
1678800 102
1673217 102
1686950 102
1673317 102
1674208 102
1673167 102
1695359 103
1648100 100
1658800 101
1647525 100
1648083 100
1531756 93
1648225 100
1648375 100
1648533 100
1648367 100
1647467 100
1034500 63
1648541 100
1647383 100
1647542 100
1647358 100
1648300 100
1648450 100
1648384 100
1647717 100
1647409 100
1696208 103
1674042 102
1729358 105
1673483 102
1721417 105
1747575 106
1674516 102
1673333 102
1719791 104
1672792 102
1673216 102
1672975 102
1675142 102
1673183 102
1673533 102
1672883 102
1674375 102
1673450 102
1674150 102
1687166 102
1673250 102
1674100 102
1674434 102
1724634 105
1648367 100
1659483 101
1648500 100
1647767 100
1647825 100
1647583 100
1647484 100
1648325 100
1659742 101
1647641 100
1030300 62
1648775 100
1659967 101
1647592 100
1647816 100
1647475 100
1648925 100
1647633 100
1648384 100
1660333 101
1647292 100
1649750 100
1648517 100
1648417 100
1695958 103
1647400 100
1647550 100
1719600 104
1817600 110
1673033 102
1673150 102
1673417 102
1648933 100
1647275 100
1660925 101
1647658 100
1647308 100
1695158 103
1648250 100
1660233 101
1648575 100
1648650 100
1647608 100
1647209 100
1647291 100
1648600 100
1648234 100
1693000 103
1479342 90
1647700 100
1648308 100
1648133 100
1647417 100
1647683 100
1648508 100
1696025 103
1648875 100
1647433 100
1647567 100
1648567 100
1654859 101
1647942 100
1647633 100
1647916 100
1749091 106
1649400 100
1674333 102
1673175 102
1674150 102
1673233 102
1673150 102
1674400 102
1673225 102
1673392 102
1674091 102
1674142 102
1673692 102
1674483 102
1674166 102
1673275 102
1673475 102
1818266 110
1672842 102
1674092 102
1673133 102
1673308 102
1673150 102
1673025 102
1673100 102
1673183 102
1673317 102
1673883 102
1673233 102
1468416 89
1674142 102
1734950 105
1674591 102
1728741 105
1674316 102
1673375 102
1673317 102
1673325 102
1684725 102
1673417 102
1355275 82
1673542 102
1672975 102
1673058 102
1686208 102
1673141 102
1672825 102
1722442 105
1674383 102
1721175 105
1672883 102
1382787 84
1673258 102
1673166 102
1417843 86
1673758 102
1673125 102
1428430 87
1723458 105
1672908 102
1673758 102
1673200 102
1674175 102
1674400 102
1673317 102
1673241 102
1673300 102
1674283 102
1525483 93
1673517 102
1684833 102
1673417 102
1673816 102
1673275 102
1673067 102
1672950 102
1673800 102
1673900 102
1673192 102
1674942 102
1673125 102
1673600 102
1673392 102
1674142 102
1729325 105
1673075 102
1673183 102
1673050 102
1673475 102
1673208 102
1077148 65
1674267 102
1673225 102
1673367 102
1720359 105
1674366 102
1722725 105
1673616 102
1674391 102
1674342 102
1674316 102
1126437 68
1648683 100
1647508 100
1648134 100
1648325 100
1647666 100
1378587 84
1648525 100
1647550 100
1696742 103
1648067 100
1648258 100
1647334 100
1648308 100
1647784 100
1648433 100
1648634 100
1648875 100
1647167 100
1648150 100
1647325 100
1647750 100
1885325 115
1647616 100
1693725 103
1647841 100
1647675 100
1647617 100
1648766 100
1647816 100
1648592 100
1647833 100
1648408 100
1781142 108
1673783 102
1841542 112
1674217 102
1674108 102
1673533 102
1088160 66
1673417 102
1672942 102
1673225 102
1673116 102
1673341 102
1647675 100
1647608 100
1647608 100
1648067 100
1648284 100
1033032 63
1660091 101
1647750 100
1693017 103
1648358 100
1648500 100
1647258 100
1648166 100
1674317 102
1673159 102
1673500 102
1135636 69
1647658 100
1646850 100
1647767 100
1648509 100
1660191 101
1029216 62
1647516 100
1648891 100
1647583 100
1648634 100
1661583 101
1648291 100
1646942 100
1697433 103
1647317 100
1660000 101
1076476 65
1673375 102
1674258 102
1673366 102
1721058 105
1674442 102
1674358 102
1674000 102
1673425 102
1938267 118
1673392 102
1673183 102
1720125 104
1673267 102
1673400 102
1673242 102
1378525 84
1720583 105
1674058 102
1673042 102
1673416 102
1673325 102
1673217 102
1673158 102
1674142 102
1673650 102
1732450 105
1079528 65
1672983 102
1721775 105
1674159 102
1673092 102
1721100 105
1673525 102
1674275 102
1673284 102
1674342 102
1673825 102
1722350 105
1674483 102
1673217 102
1673042 102
1083012 66
1224454 74
1648234 100
1647150 100
1648042 100
1647267 100
1649566 100
1647550 100
1647550 100
1647342 100
1647758 100
1648475 100
1647625 100
1648791 100
1694091 103
1647634 100
1649408 100
1647341 100
1647858 100
1646967 100
1647666 100
1648225 100
1648525 100
1647442 100
1705541 104
1647725 100
1648791 100
1647484 100
1647700 100
1647441 100
1647633 100
1598710 97
1647208 100
1659008 101
1647441 100
1647475 100
1648333 100
1648517 100
1648341 100
1646850 100
1647833 100
1648225 100
1647466 100
1649392 100
1647283 100
1647725 100
1647692 100
1647608 100
1647983 100
1698475 103
1660284 101
1647617 100
1647600 100
1648783 100
1648366 100
1648058 100
1030196 62
1030000 62
1029852 62
1029336 62
1648308 100
1648533 100
1647467 100
1648708 100
1648500 100
1647284 100
1647467 100
1648158 100
1647775 100
1647308 100
1648333 100
1696575 103
1647791 100
1647583 100
1706717 104
1647267 100
1648125 100
1696367 103
1648375 100
1648408 100
1781008 108
1648492 100
1647491 100
1693983 103
1648308 100
1647633 100
1701692 103
1648608 100
1647525 100
1694442 103
1648591 100
1647616 100
1696092 103
1647775 100
1647658 100
1695509 103
1659975 101
1647475 100
1694375 103
1647575 100
1648425 100
1694550 103
1648408 100
1647267 100
1697359 103
1648342 100
1648575 100
1647558 100
1647292 100
1647517 100
1648283 100
1648258 100
1648533 100
1696617 103
1647550 100
1648492 100
1647600 100
1648750 100
1647366 100
1659184 101
1648409 100
1647584 100
1647734 100
1648292 100
1648559 100
1648067 100
1649033 100
1661108 101
1648766 100
1901041 116
1647658 100
1647483 100
1700258 103
1647500 100
1648467 100
1659008 101
1648258 100
1647225 100
1647475 100
1481767 90
1647350 100
1647583 100
1647634 100
1647292 100
1647658 100
1648367 100
1515966 92
1647317 100
1694650 103
1647525 100
1648442 100
1693667 103
1647558 100
1040892 63
1077588 65
1076336 65
1674325 102
1673442 102
1674400 102
2007875 122
1673508 102
1673350 102
1674350 102
1673317 102
1722900 105
1521837 92
1674358 102
1673167 102
1075972 65
1075968 65
1075740 65
1075836 65
1075788 65
1674208 102
1673325 102
1721625 105
1674483 102
1673142 102
1673350 102
1673241 102
1674308 102
1673041 102
1673333 102
1678033 102
1674275 102
1519833 92
1674433 102
1674292 102
1674233 102
1718225 104
1694150 103
1648825 100
1648375 100
1647759 100
1648500 100
1647867 100
1647750 100
1647600 100
1647258 100
1648525 100
1699317 103
1673475 102
1673883 102
1673416 102
1673883 102
1672959 102
1673617 102
1674242 102
1673525 102
1673308 102
