3812 14
3816 14
3788 14
3828 14
3860 15
3816 14
3816 14
3816 14
4068 15
3852 15
3816 14
3816 14
3836 14
3816 14
3812 14
3816 14
3816 14
3816 14
3816 14
3804 14
3836 14
3816 14
3820 14
3816 14
4000 15
3820 14
3816 14
3816 14
3816 14
3820 14
3820 14
3812 14
3820 14
3816 14
3816 14
3844 15
3816 14
3816 14
3876 15
3820 14
3872 15
3872 15
3836 14
3848 15
3832 14
3824 14
3820 14
3820 14
3816 14
3816 14
3820 14
3820 14
3824 14
3816 14
3816 14
3816 14
3812 14
3816 14
3804 14
3828 14
3816 14
3856 15
3816 14
3816 14
3816 14
3824 14
3868 15
3824 14
3864 15
3816 14
3816 14
3824 14
3816 14
3852 15
3820 14
3860 15
3880 15
3828 14
3820 14
3836 14
3820 14
3816 14
3816 14
3836 14
3824 14
3820 14
3876 15
3816 14
3812 14
3892 15
3816 14
3876 15
3868 15
3820 14
3816 14
3880 15
3836 14
3820 14
3852 15
3816 14
3832 14
3816 14
3820 14
3888 15
3816 14
3860 15
3828 14
3832 14
3832 14
3816 14
3816 14
3816 14
3820 14
3832 14
3824 14
3816 14
3820 14
3840 15
3816 14
3816 14
3812 14
3820 14
3816 14
3900 15
3816 14
3816 14
3820 14
3848 15
3816 14
3816 14
3816 14
3860 15
3844 15
3828 14
3820 14
3816 14
3816 14
3832 14
3864 15
3824 14
3816 14
3816 14
3840 15
3816 14
3824 14
3816 14
3816 14
3804 14
3812 14
3816 14
3812 14
3828 14
3872 15
3820 14
3828 14
3816 14
3876 15
3816 14
3872 15
3832 14
3868 15
3816 14
3820 14
3816 14
3816 14
3816 14
3816 14
3828 14
3816 14
3820 14
3816 14
3872 15
3832 14
3848 15
3816 14
3816 14
3868 15
3836 14
3852 15
3824 14
3820 14
3816 14
3816 14
3816 14
3816 14
3816 14
3840 15
3816 14
3816 14
3832 14
3816 14
3816 14
3820 14
3820 14
3824 14
3860 15
3824 14
3832 14
3820 14
3816 14
3816 14
3816 14
3880 15
3848 15
3820 14
3820 14
3928 15
3824 14
3872 15
3892 15
3820 14
3816 14
3820 14
3844 15
3816 14
3832 14
3832 14
3816 14
3820 14
3816 14
3816 14
3828 14
3816 14
3872 15
3816 14
3820 14
3852 15
3824 14
3816 14
3864 15
3820 14
3816 14
3932 15
3820 14
3928 15
3820 14
3816 14
3840 15
3816 14
3820 14
3820 14
3828 14
3800 14
3844 15
3852 15
3828 14
3816 14
3856 15
3816 14
3820 14
3828 14
3864 15
3816 14
3844 15
3900 15
3828 14
3816 14
3816 14
3820 14
3816 14
3828 14
3816 14
3832 14
3832 14
3820 14
3804 14
3816 14
3816 14
3868 15
3816 14
3816 14
3900 15
3820 14
3828 14
3808 14
3828 14
3820 14
3832 14
3820 14
3812 14
3864 15
3824 14
3816 14
3884 15
3816 14
3828 14
3864 15
3816 14
3820 14
3816 14
3820 14
3844 15
3828 14
3864 15
3852 15
3816 14
3820 14
3844 15
3816 14
3816 14
3856 15
3816 14
3860 15
3856 15
3816 14
3816 14
3816 14
3852 15
3816 14
3832 14
3840 15
3816 14
3868 15
3824 14
3816 14
3816 14
3816 14
3828 14
3820 14
3808 14
3976 15
3844 15
3816 14
3820 14
3816 14
3828 14
3820 14
3820 14
3820 14
3820 14
3844 15
3816 14
3876 15
3816 14
3848 15
3820 14
3816 14
3836 14
3816 14
3892 15
3864 15
3832 14
3848 15
3816 14
3816 14
3816 14
3816 14
3848 15
3828 14
3828 14
3816 14
3824 14
3832 14
3820 14
3816 14
3816 14
3816 14
3816 14
3932 15
3820 14
3932 15
3816 14
3816 14
3816 14
3816 14
3816 14
3816 14
3844 15
3816 14
3816 14
3864 15
3820 14
3816 14
3816 14
3932 15
3848 15
3816 14
3848 15
3816 14
3816 14
3816 14
3800 14
3816 14
3832 14
3816 14
3832 14
3832 14
3816 14
3816 14
3816 14
3816 14
3816 14
3904 15
3844 15
3816 14
3832 14
3816 14
3804 14
3820 14
3860 15
3840 15
3868 15
3824 14
3816 14
3828 14
3816 14
3816 14
3868 15
3816 14
3864 15
3888 15
3816 14
3816 14
3832 14
3904 15
3816 14
3816 14
3816 14
3816 14
3980 15
3820 14
3816 14
3884 15
3820 14
3816 14
3820 14
3828 14
3928 15
3820 14
3816 14
3820 14
3824 14
3816 14
3852 15
3816 14
3832 14
3836 14
3832 14
3824 14
3840 15
3816 14
3820 14
3848 15
3824 14
3816 14
3816 14
3876 15
3816 14
3824 14
3816 14
3816 14
3824 14
3816 14
3832 14
3816 14
3844 15
3820 14
3816 14
3832 14
3816 14
3816 14
3816 14
3856 15
3816 14
3820 14
3816 14
3816 14
3816 14
3816 14
3804 14
3828 14
3820 14
3804 14
3824 14
3824 14
3872 15
3852 15
3864 15
3820 14
3820 14
3816 14
3832 14
3840 15
3832 14
3892 15
3816 14
3816 14
3816 14
3816 14
3816 14
3820 14
3856 15
3816 14
3820 14
3992 15
3844 15
3820 14
3872 15
3800 14
3816 14
3816 14
3820 14
3816 14
3820 14
3828 14
3816 14
3820 14
3816 14
3820 14
3816 14
3824 14
3888 15
3840 15
3824 14
3816 14
3888 15
3820 14
3816 14
3820 14
3816 14
3908 15
3836 14
3872 15
3816 14
3836 14
3816 14
3868 15
3848 15
3840 15
3860 15
3848 15
3860 15
3816 14
3816 14
3816 14
3812 14
3820 14
3816 14
3816 14
3824 14
3832 14
3816 14
3816 14
3832 14
3828 14
3820 14
3816 14
3832 14
3824 14
3824 14
3816 14
3840 15
3816 14
3816 14
3816 14
3816 14
3908 15
3816 14
3816 14
3816 14
3816 14
3828 14
3816 14
3816 14
3812 14
3828 14
3828 14
3816 14
3816 14
3900 15
3816 14
3816 14
3824 14
3904 15
3816 14
3816 14
3816 14
3892 15
3840 15
3832 14
3848 15
3880 15
3820 14
3816 14
3848 15
3816 14
3816 14
3820 14
3832 14
3816 14
3816 14
3932 15
3816 14
3840 15
3816 14
3820 14
3824 14
3836 14
3824 14
3816 14
3804 14
3816 14
3824 14
3828 14
3820 14
3880 15
3856 15
3816 14
3856 15
3824 14
3816 14
3816 14
3816 14
3872 15
3820 14
3856 15
3848 15
3904 15
3816 14
3844 15
3872 15
3860 15
3884 15
3820 14
3816 14
3816 14
3816 14
3824 14
3844 15
3820 14
3884 15
3816 14
3848 15
3812 14
3828 14
3820 14
3820 14
3928 15
3816 14
3840 15
3816 14
3812 14
3816 14
3836 14
3816 14
3844 15
3816 14
3820 14
3816 14
3836 14
3816 14
3828 14
3832 14
3840 15
3820 14
3820 14
3816 14
3816 14
3816 14
3816 14
3816 14
3816 14
3816 14
3840 15
3816 14
3816 14
3816 14
3816 14
3800 14
3816 14
3868 15
3868 15
3836 14
3824 14
3900 15
3820 14
3896 15
3860 15
3868 15
4068 15
3892 15
3816 14
3816 14
3824 14
3840 15
3820 14
3816 14
3872 15
3872 15
3816 14
3860 15
3824 14
3816 14
3820 14
3812 14
3812 14
3816 14
3980 15
3860 15
3816 14
3816 14
3836 14
3816 14
3816 14
3816 14
3816 14
3816 14
3816 14
3820 14
3820 14
3840 15
3812 14
3820 14
3828 14
3864 15
3836 14
3816 14
3848 15
3860 15
3816 14
3820 14
3872 15
3816 14
3816 14
3824 14
3844 15
3820 14
3828 14
3848 15
3828 14
3896 15
3928 15
3816 14
3868 15
3860 15
3816 14
3848 15
3836 14
3816 14
3816 14
3816 14
3812 14
3880 15
3876 15
3824 14
3820 14
3900 15
3816 14
3816 14
3844 15
3824 14
3816 14
3868 15
3832 14
3828 14
3820 14
3820 14
3816 14
3900 15
4056 15
3828 14
3860 15
3820 14
3816 14
3860 15
3816 14
3828 14
3804 14
3844 15
3844 15
3824 14
3816 14
3816 14
3816 14
3812 14
3860 15
3816 14
3872 15
3816 14
3856 15
3868 15
3824 14
3816 14
3816 14
3816 14
3820 14
3848 15
3816 14
3816 14
3828 14
3820 14
3828 14
3840 15
3832 14
3824 14
3820 14
3820 14
3840 15
3824 14
3868 15
3816 14
3856 15
3864 15
3816 14
3816 14
3816 14
3812 14
3816 14
3828 14
3820 14
3820 14
3828 14
3820 14
3824 14
3816 14
3872 15
3856 15
3868 15
3816 14
3864 15
3832 14
3820 14
3820 14
3904 15
4060 15
3824 14
3816 14
3836 14
3820 14
3820 14
3816 14
3816 14
3816 14
3816 14
3816 14
3844 15
3816 14
3840 15
3800 14
3836 14
3816 14
3816 14
3816 14
3804 14
3816 14
3820 14
3816 14
3832 14
3820 14
3816 14
3860 15
3816 14
3976 15
3816 14
3828 14
3888 15
3816 14
3816 14
3816 14
3820 14
3896 15
3816 14
3816 14
3848 15
3816 14
3816 14
3816 14
3868 15
3816 14
3816 14
3868 15
3820 14
3820 14
3820 14
3820 14
3888 15
3816 14
3816 14
3868 15
3816 14
3844 15
3820 14
3820 14
3816 14
3816 14
3816 14
3816 14
3976 15
3816 14
3828 14
3844 15
3820 14
3820 14
3820 14
3816 14
3820 14
3824 14
3832 14
3816 14
3860 15
3816 14
3816 14
3836 14
3816 14
3928 15
3824 14
3816 14
3816 14
3856 15
3816 14
3816 14
3816 14
3816 14
3828 14
3896 15
3816 14
3884 15
3820 14
3816 14
3828 14
3880 15
3816 14
3864 15
3832 14
3880 15
3876 15
3816 14
3816 14
3816 14
3824 14
3816 14
3836 14
3832 14
3816 14
3820 14
3896 15
3816 14
3832 14
3816 14
3848 15
3820 14
3816 14
3844 15
3816 14
3832 14
3820 14
3828 14
3824 14
4060 15
3820 14
3816 14
3828 14
3852 15
3828 14
3856 15
3828 14
3868 15
3812 14
3816 14
3852 15
3824 14
3820 14
3856 15
3820 14
4004 15
3816 14
3816 14
3816 14
3840 15
3820 14
3824 14
3816 14
3876 15
3852 15
3816 14
3816 14
3864 15
3876 15
3816 14
3816 14
3832 14
3816 14
3816 14
3872 15
3828 14
3816 14
3844 15
3816 14
3816 14
3820 14
3828 14
3816 14
3816 14
3816 14
3816 14
3968 15
3856 15
3816 14
3820 14
3816 14
