57627584 251
57841933 252
57054741 248
57037525 248
57134966 249
57288116 249
62164000 271
56747008 247
57826133 252
57265292 249
57053658 248
56278242 245
57274566 249
57228908 249
56578108 246
56778658 247
57137958 249
58926892 256
57240650 249
57830900 252
58100358 253
58005017 252
56809917 247
58218450 253
57179084 249
57458925 250
56946234 248
56321050 245
57007584 248
57733667 251
57489800 250
57068666 248
56697142 247
60484392 263
57405616 250
57299766 249
56652709 246
57206225 249
56526275 246
60402750 263
58080400 253
56736350 247
57128275 249
57730266 251
58325559 254
57616341 251
56809075 247
57997175 252
57309992 249
57469567 250
57756916 251
57434309 250
60950800 265
58490209 254
57081909 248
57626541 251
56341284 245
56834200 247
56916944 248
56740916 247
56761133 247
58136625 253
60688975 264
60487950 263
57337316 249
57415783 250
57690150 251
57725358 251
57071400 248
55206850 240
56739575 247
56907008 248
58160408 253
55435646 241
57119142 249
58819909 256
59697016 260
56312191 245
57960282 252
56362700 245
58719067 255
57183858 249
57142958 249
57619958 251
57898908 252
58184483 253
57079542 248
57279233 249
57862834 252
57991966 252
56631583 246
58844114 256
56948616 248
58030433 252
58378975 254
58600150 255
56803200 247
57994792 252
61420859 267
56759659 247
57863634 252
56896983 248
59978633 261
57385625 250
55918862 243
57931291 252
57839200 252
56261433 245
57233650 249
56815200 247
57707275 251
59527883 259
57853433 252
59445834 259
57252450 249
58177625 253
57283967 249
57952167 252
56991300 248
57661741 251
57951392 252
56429675 246
57157000 249
57286458 249
59427492 259
57091734 248
58659581 255
56911525 248
57325042 249
56345717 245
56939883 248
57084390 248
56409216 245
57763000 251
57281267 249
58177833 253
57184059 249
60622108 264
57029225 248
57552292 250
56573075 246
57051509 248
57157891 249
58025466 252
57360250 250
56950000 248
56900984 248
55035030 239
60092492 261
57861783 252
57685959 251
56500892 246
56791692 247
56751833 247
57076325 248
57999183 252
57040084 248
57139933 249
57961858 252
59925192 261
57864050 252
56565575 246
58112958 253
57352509 250
61129175 266
56695933 247
57830450 252
57617916 251
57539775 250
57473067 250
58346083 254
58047816 253
57262775 249
56750083 247
57081783 248
56955383 248
57503134 250
57530350 250
57695558 251
58220317 253
58510667 255
57989267 252
57362725 250
57246066 249
58841183 256
58881033 256
56564775 246
58434466 254
57750992 251
57461425 250
57485233 250
57407458 250
58123884 253
57532383 250
57911867 252
57304842 249
57060241 248
56557050 246
57491100 250
56682933 247
57430200 250
57481750 250
57968250 252
57629550 251
57857766 252
56925184 248
57296450 249
57864850 252
57395158 250
56418675 245
57192733 249
57142534 249
57471383 250
56780507 247
57408434 250
57641479 251
57801959 251
56719425 247
56914191 248
56913758 248
56325142 245
57476917 250
56093516 244
56964850 248
56698234 247
57589133 251
56833533 247
57526800 250
57210891 249
58828533 256
56435100 246
58488225 254
58052825 253
58144325 253
56823683 247
58150392 253
56799475 247
57003509 248
57589725 251
57432617 250
57438467 250
57506141 250
57476467 250
58103275 253
58393509 254
56687383 247
56878275 247
57572009 250
57642041 251
56999600 248
57658175 251
58600316 255
57802700 251
57463892 250
57640850 251
60951600 265
57658767 251
56697875 247
56632475 246
58073467 253
57234708 249
57911767 252
58657133 255
57631984 251
57046625 248
58384134 254
59036650 257
57255025 249
56865609 247
57337392 249
57846467 252
58477341 254
56440584 246
57331316 249
57068692 248
57756375 251
57962833 252
57971983 252
57563925 250
59674367 260
57926275 252
56922150 248
57741800 251
57632841 251
57231359 249
57537467 250
57713316 251
57198250 249
58972684 257
57701183 251
58448667 254
57081050 248
57239417 249
59160209 257
57457133 250
58097275 253
56481100 246
58195600 253
57617375 251
58154467 253
57226908 249
58306200 254
57605991 251
56859725 247
56987175 248
56969566 248
56765567 247
57687000 251
57483650 250
58692159 255
59110191 257
57761350 251
57226958 249
57256250 249
57266125 249
56664050 247
57261183 249
56895433 248
57571450 250
57472634 250
57730259 251
57501117 250
57189909 249
57765133 251
58665758 255
56752767 247
57752483 251
56595408 246
57129525 249
57446759 250
57265658 249
57873883 252
56875859 247
57414975 250
56765467 247
57915350 252
57392208 250
58166216 253
58194183 253
57279266 249
57080333 248
57611625 251
56720246 247
58014467 252
57585692 251
58119241 253
57347566 250
56713033 247
58026641 252
57347583 250
57114583 248
57459659 250
57152583 249
56627811 246
56772833 247
56102167 244
57563300 250
57126058 249
57651733 251
56903633 248
60696842 264
56968650 248
57737433 251
57785484 251
56909583 248
57759241 251
57352841 250
56945600 248
56905100 248
56525950 246
58607441 255
57691916 251
57032017 248
57972775 252
57738408 251
57671358 251
56812909 247
57249800 249
56271941 245
57357033 250
57060025 248
57563909 250
57672434 251
58839442 256
57366258 250
57452366 250
60611541 264
57130692 249
56666375 247
57462483 250
56934041 248
56522858 246
57678200 251
56845092 247
57667108 251
57512167 250
58145383 253
58777825 256
57323002 249
57385000 250
57658075 251
57139008 249
57376733 250
57276367 249
57010516 248
57272516 249
57619034 251
56952600 248
59152125 257
57534058 250
58631087 255
57325609 249
56700550 247
57826941 252
56865750 247
57508441 250
57414925 250
57994442 252
58293900 254
57830425 252
56466917 246
59918800 261
56133317 244
57942842 252
56542350 246
56882367 247
57425250 250
57419842 250
57463633 250
56950692 248
56736767 247
56654967 246
58957125 257
57010875 248
58251317 253
56565566 246
57692825 251
56722342 247
59075892 257
57530100 250
58980491 257
56300250 245
56991341 248
58188600 253
57661458 251
57476300 250
57977541 252
57434075 250
57033275 248
58239850 253
57312592 249
57430800 250
56533234 246
56958041 248
56636308 246
58390158 254
56760283 247
58253741 253
57607350 251
58038841 253
58560675 255
58408566 254
56870141 247
57663450 251
57926950 252
57975392 252
57540316 250
57108558 248
58984525 257
59236809 258
57925292 252
57406675 250
57791425 251
58491117 255
57011083 248
58170293 253
57476458 250
56747825 247
57539725 250
57660208 251
58415166 254
57129191 249
57755058 251
56980667 248
55396368 241
57041284 248
57303133 249
57220066 249
56624700 246
58070971 253
57390516 250
60119450 262
57432700 250
57822084 252
57688908 251
57382392 250
57491900 250
57775883 251
57084834 248
57012208 248
57829617 252
57986609 252
57749234 251
58379766 254
58045817 253
57406117 250
57788069 251
56384675 245
57351067 250
56784692 247
57641008 251
57274487 249
57662675 251
58139958 253
58143366 253
57817750 252
57204737 249
60694692 264
57455925 250
55194672 240
56931994 248
56505600 246
56649342 246
57723284 251
58570209 255
58361725 254
58231708 253
58070006 253
58206908 253
57033308 248
56763517 247
57185733 249
57520934 250
57164441 249
58075691 253
57811617 252
58482434 254
57567242 250
57036283 248
57457667 250
56695383 247
60064534 261
56858842 247
57070500 248
58035100 253
57814717 252
58195325 253
57850750 252
57950366 252
57446541 250
57815191 252
57114684 249
60408342 263
56900467 248
57406884 250
57912300 252
57245225 249
57674458 251
57860358 252
57452350 250
57419100 250
57707500 251
57195083 249
58366642 254
57821783 252
57525908 250
57414958 250
57361333 250
57539425 250
58582767 255
56943516 248
58679550 255
57888316 252
58853167 256
58991683 257
57315059 249
57429191 250
57397542 250
58026517 252
57859542 252
58280600 254
57928417 252
57476283 250
57419533 250
56960883 248
57192016 249
58551867 255
57248675 249
58737025 256
58565859 255
59837116 260
58534433 255
57965717 252
57368208 250
58390741 254
57661392 251
57204758 249
57438784 250
57387066 250
58001000 252
59529883 259
58303950 254
57382308 250
57782342 251
57389000 250
57363034 250
58230175 253
57196158 249
57135959 249
57403125 250
57551042 250
58865508 256
57665200 251
58297583 254
57152600 249
55246758 240
56640692 246
56881383 247
57950092 252
57544317 250
56980350 248
58396817 254
59208341 258
58199708 253
57886458 252
57917366 252
60652516 264
56903941 248
58520633 255
57095575 248
56768678 247
57707034 251
58146959 253
58005544 252
57741284 251
58707609 255
57843250 252
60393967 263
58232492 253
57335425 249
57288659 249
57827700 252
58446567 254
57356350 250
57826500 252
57642683 251
58189741 253
61314142 267
59757658 260
57051192 248
56571767 246
56678025 247
56970492 248
58124484 253
57654800 251
58176450 253
58134642 253
58836892 256
58084500 253
58196300 253
57247625 249
59420875 259
58237166 253
57088309 248
57864775 252
57069759 248
58220484 253
57684475 251
58553275 255
58658900 255
56914375 248
57691908 251
59448508 259
57641450 251
57008850 248
58444133 254
57022658 248
58489200 254
58119767 253
57605425 251
56781758 247
57763125 251
57870084 252
59164167 257
58674022 255
57202883 249
57751000 251
58068217 253
57866983 252
57972300 252
57389359 250
56930642 248
57726858 251
58071708 253
58112691 253
57304766 249
58381334 254
57158475 249
58273258 254
57528492 250
58064200 253
57659292 251
57145275 249
57265850 249
57400616 250
57540434 250
57033916 248
56926416 248
57750150 251
60893800 265
57879041 252
58216725 253
56964150 248
58056850 253
57902300 252
58023208 252
57439767 250
57350984 250
57925150 252
59584926 259
57815358 252
57703134 251
56806159 247
58897433 256
58094941 253
57394750 250
58463775 254
57631625 251
58715409 255
57931858 252
58707283 255
58863675 256
58853875 256
58117933 253
57925566 252
56876334 247
56955817 248
56791150 247
57257142 249
57693383 251
57689725 251
58780742 256
57855391 252
58243450 253
57133592 249
58303617 254
56167641 244
57221450 249
57009700 248
56949325 248
57161959 249
57992616 252
58804183 256
60009383 261
57995291 252
57497175 250
56870700 247
56841850 247
57025608 248
57644650 251
56826350 247
57949442 252
57723417 251
58701817 255
58347413 254
56644267 246
57409209 250
58100558 253
57697491 251
57383966 250
56893641 248
56458592 246
58169632 253
57926275 252
58639730 255
57610200 251
57008025 248
57062042 248
57991175 252
60710508 264
57233658 249
55535617 242
56664566 247
57759300 251
58660358 255
57804300 252
57525716 250
57801125 251
56713150 247
57593000 251
58101142 253
56721925 247
58412667 254
57338617 249
57364058 250
57184875 249
58155251 253
57628916 251
57472725 250
56951425 248
58506175 255
58414083 254
57796475 251
60012867 261
58035791 253
57942841 252
57948441 252
58143366 253
57435308 250
58326583 254
57300358 249
57311750 249
56762058 247
57350683 250
59733310 260
57914642 252
56697066 247
57919925 252
57969617 252
58884359 256
57560050 250
57617775 251
57536875 250
56990900 248
56676525 247
57379650 250
57886908 252
57170659 249
58626600 255
58444992 254
58279975 254
57051825 248
58759542 256
56833941 247
57093942 248
57086000 248
58056684 253
56940625 248
57937934 252
58077109 253
60148033 262
58589450 255
58390417 254
56815225 247
56552741 246
57216667 249
57261191 249
57447992 250
57672492 251
57336203 249
58203975 253
59286666 258
57550167 250
58632950 255
56776583 247
57125059 249
57455266 250
56989759 248
57609558 251
57032433 248
57507683 250
58592967 255
59414575 259
57964834 252
58532491 255
57619867 251
58708492 255
57123025 249
57937708 252
57381209 250
57560450 250
57305491 249
58930808 256
57715700 251
58819034 256
58187675 253
57608442 251
60563505 264
57468742 250
56916717 248
58275833 254
57250803 249
57762759 251
58030984 252
57880383 252
58337583 254
57900575 252
57386491 250
59790092 260
57989859 252
55779717 243
57887317 252
57070700 248
56332050 245
57648500 251
57670135 251
58530825 255
57440625 250
58149958 253
58068625 253
57732551 251
58771225 256
59403075 258
58421592 254
58268141 254
58391300 254
58535784 255
58115816 253
58851341 256
57112934 248
57363041 250
58582975 255
59929642 261
58111066 253
57317592 249
59030067 257
58441433 254
58271250 254
58186209 253
58525775 255
57715817 251
58072017 253
56914716 248
59122267 257
57032775 248
57311975 249
62408111 272
57574134 251
58312100 254
59326475 258
58288959 254
57377183 250
57772475 251
57808683 252
58261009 253
56829375 247
57888950 252
57768858 251
58738967 256
57967000 252
58394125 254
58294708 254
58111641 253
57325017 249
57618717 251
57754450 251
57751967 251
58520425 255
58548166 255
60593651 264
57793775 251
57934458 252
57600125 251
57814617 252
57133717 249
58680391 255
58563808 255
58092783 253
57990883 252
58203191 253
57143733 249
57417408 250
58691559 255
58982491 257
57698441 251
57119875 249
57582842 251
57091675 248
58198725 253
56650625 246
57148341 249
57743000 251
58132150 253
57814209 252
57768133 251
60929983 265
56806730 247
57503642 250
56941808 248
57782375 251
56859100 247
58829959 256
59038269 257
58035606 253
57465859 250
58315675 254
59379917 258
57911859 252
57837958 252
57847058 252
57133408 249
58085317 253
58343908 254
57767817 251
58027509 252
57604025 251
58497891 255
58927333 256
57608183 251
59550401 259
