26971241 164
30041959 183
25361250 154
29595200 180
24721642 150
26028759 158
23363818 142
25848425 157
28739105 175
24854641 151
27929135 170
26773100 163
29768100 181
24668633 150
26186591 159
23310908 142
25607309 156
29196587 178
25855392 157
24822892 151
25147650 153
34691205 211
25458767 155
27195983 165
23571933 143
25430134 155
23306036 142
25509517 155
29341483 179
25335242 154
31541606 192
25071833 153
29023434 177
25055796 152
26010741 158
23387876 142
25183550 153
29127436 177
25740867 157
30810428 188
25646042 156
28486525 173
25154859 153
28380150 173
22843707 139
25128059 153
29579151 180
27221533 166
30409047 185
25749192 157
29175500 178
25206758 153
25725225 157
22960460 140
26028625 158
30032743 183
25139867 153
28824406 175
25866350 157
29147050 177
25111983 153
25713882 156
23861503 145
25213700 153
28429611 173
27624850 168
32541182 198
25316509 154
27676950 168
25479050 155
25203567 153
30110365 183
24873453 151
26805780 163
26082508 159
34786477 212
25279341 154
26249491 160
23047188 140
25134041 153
30040469 183
24792325 151
26386664 161
26142867 159
33257659 202
25545408 155
27476433 167
22646491 138
25231292 153
30154550 184
25193116 153
25733760 157
25665825 156
35084804 214
25593608 156
28496358 173
23325462 142
25278525 154
30351346 185
25044358 152
26234596 160
25221366 153
34501248 210
26204700 159
26089167 159
22779248 139
25610625 156
30165142 184
25267250 154
26370428 160
25751833 157
34645837 211
25749658 157
26281808 160
23677499 144
25641992 156
30165338 184
25286259 154
27358648 166
26679234 162
35363666 215
25614433 156
26156892 159
24329825 148
25498942 155
30793031 187
25510258 155
26214592 160
26391908 161
34048057 207
26418559 161
26729425 163
23810608 145
25352625 154
30273146 184
25213959 153
26182859 159
25876075 157
33171451 202
25353342 154
27359108 166
24505577 149
25642525 156
25866766 157
25426033 155
27366053 167
25728150 157
33329512 203
25162833 153
27523975 167
24018539 146
25264917 154
24110160 147
25291471 154
28143715 171
25322266 154
33216926 202
26310683 160
27840058 169
25769775 157
25292667 154
23582607 143
25222033 153
30463569 185
25989808 158
33602680 205
25657716 156
28503883 173
24732777 150
25826833 157
25229461 153
25232400 154
28750579 175
26166950 159
32891833 200
25788237 157
27862007 170
25122126 153
25959700 158
23831240 145
25292575 154
29223113 178
25617691 156
34006112 207
25494757 155
27965549 170
24774214 151
26595146 162
26178068 159
25503383 155
27233459 166
25188083 153
34302131 209
25230100 153
27589925 168
25407317 155
26313196 160
23765452 145
25512050 155
30273376 184
26296325 160
33226252 202
25352708 154
28414600 173
25816826 157
26412408 161
24692868 150
25639784 156
27211629 166
25927042 158
33703180 205
25562909 156
27761008 169
24176673 147
26629942 162
25648555 156
26092958 159
27810006 169
27451245 167
35004532 213
25843608 157
27250983 166
23725842 144
27001283 164
30207632 184
25754875 157
26314592 160
25429666 155
35527408 216
24915691 152
27379934 167
24525468 149
25804517 157
30257453 184
36382863 222
33502023 204
25602484 156
30019950 183
28321150 172
27537975 168
23315675 142
27550266 168
31066064 189
25867200 157
27303460 166
25611442 156
35128500 214
25953192 158
27176934 165
24175293 147
26506325 161
30690061 187
26167150 159
32654015 199
25481950 155
28989583 176
25358872 154
26532225 161
26022394 158
25805142 157
34882475 212
25747825 157
36770975 224
25548141 155
27570865 168
24743269 151
29653941 180
29385452 179
26211075 159
29586244 180
25298241 154
30046992 183
25618289 156
25991350 158
25396218 155
26155175 159
30327735 185
26547575 162
32533375 198
25469283 155
31306892 191
24082977 146
25780567 157
26494598 161
27710550 169
27765897 169
26131284 159
33868174 206
25532650 155
27768491 169
24281025 148
26112425 159
30155474 184
26336616 160
26651552 162
25422425 155
34244400 209
26638835 162
28663442 174
24547172 149
25404483 155
29997860 183
26254942 160
28366052 173
26046333 158
30169317 184
25351533 154
26169975 159
24396333 148
25234355 154
30341052 185
26193717 159
31926200 194
26870709 164
28737483 175
24588613 150
26068434 159
24109296 147
25623867 156
28185918 172
26469125 161
33013710 201
25830208 157
28106083 171
23381150 142
26245225 160
30998067 189
25285633 154
26249940 160
26951500 164
34692259 211
25763458 157
26490567 161
22944725 140
25940034 158
29924708 182
25270508 154
25576799 156
26092067 159
33486582 204
25695458 156
27579925 168
23553115 143
26037050 158
23634478 144
26599167 162
28297201 172
25249408 154
26904716 164
25431308 155
34366415 209
25646725 156
27768800 169
25590815 156
26061198 159
28054351 171
25164484 153
26367096 160
25574284 156
34031299 207
26311608 160
27501308 167
23023190 140
25685391 156
30565333 186
25393858 154
26669037 162
25173133 153
34792787 212
26070983 159
27469825 167
24141264 147
25801466 157
30824312 188
25136008 153
25868012 157
26078366 159
34404717 209
25752166 157
26459450 161
23830147 145
25482009 155
29905938 182
26297924 160
26881812 164
26138642 159
34873496 212
25029784 152
27430633 167
25267009 154
25533058 155
27712714 169
25167817 153
27130249 165
27071850 165
35725280 218
25922325 158
27567017 168
24866339 151
25763066 157
31050225 189
27787175 169
28999830 177
25579491 156
30182825 184
24998683 152
26012434 158
23719688 144
25361884 154
30514196 186
26229325 160
31704856 193
26107566 159
28434950 173
24732868 150
25521558 155
25058937 152
25690266 156
30644009 187
25912566 158
32507369 198
25100058 153
28113825 171
30285284 184
26621347 162
24953447 152
25478508 155
30672764 187
25351475 154
26104641 159
25455858 155
25551816 155
25555558 155
25969267 158
26159733 159
25517841 155
26307767 160
26262116 160
25403333 155
26477866 161
21558836 131
35362061 215
28828267 175
28240541 172
27590916 168
25872941 157
25852100 157
25901634 158
26133950 159
24384625 148
26515784 161
25820058 157
26564734 162
26478858 161
26272125 160
25961992 158
25934417 158
26145984 159
26481691 161
26072000 159
26210483 159
26572891 162
25714675 156
26905534 164
26034717 158
26562408 162
26397933 161
26639392 162
26343992 160
25583775 156
26531300 161
26466759 161
26467034 161
26430450 161
27353025 166
25581350 156
25800433 157
25881366 157
26304575 160
25585133 156
26255766 160
27111733 165
25536433 155
26353377 160
26872275 164
25324841 154
25672484 156
26110250 159
26114734 159
25986108 158
25873675 157
26227050 160
25411166 155
26301841 160
25862625 157
26204167 159
25831116 157
26515375 161
26271867 160
26485816 161
25845291 157
26579400 162
25939642 158
26494758 161
26972292 164
25877650 157
26100300 159
25691641 156
25846308 157
25687150 156
26378033 160
26941883 164
26263258 160
25637040 156
25709583 156
26038184 158
25537983 155
25820216 157
25696967 156
25685200 156
26843367 163
26223950 160
25757475 157
26529158 161
27700275 169
26204000 159
26008975 158
26110475 159
25684275 156
26503250 161
26266800 160
25543734 155
27111209 165
25336400 154
26118092 159
25533541 155
26527858 161
26078308 159
25424425 155
25955208 158
26590975 162
26479975 161
25708100 156
25999633 158
28920317 176
26121858 159
26790375 163
26747592 163
26679142 162
26301768 160
26578991 162
26032666 158
25993325 158
26438017 161
26406175 161
26669200 162
26516142 161
29345539 179
26711433 163
25780583 157
25820942 157
25932742 158
25603333 156
26839541 163
26920892 164
26855059 163
25618217 156
26232458 160
26071050 159
26658983 162
26311959 160
26195992 159
26226408 160
25555508 155
26378833 161
26425833 161
25743059 157
27811753 169
25804392 157
25811667 157
26098984 159
25996342 158
25367875 154
25858042 157
26451209 161
26538658 161
25761041 157
25931758 158
25681161 156
26548900 162
25751300 157
26543192 162
26853708 163
26263984 160
26427159 161
26654867 162
26919625 164
26499633 161
27991416 170
26781042 163
26094875 159
25915533 158
26772590 163
28025933 171
26308641 160
26423525 161
26310159 160
26197575 159
25945050 158
26021633 158
28046743 171
25919383 158
25559553 156
26056917 159
26809625 163
28246916 172
26883559 164
29189017 178
26724866 163
25009283 152
25203425 153
24965100 152
25197950 153
23366292 142
25109050 153
25593550 156
24895508 151
25464375 155
25037283 152
26222683 160
25849300 157
26059500 159
25947925 158
25151450 153
25969092 158
26289367 160
25668675 156
25403517 155
25142550 153
25034375 152
25884433 157
25255892 154
25521842 155
23353327 142
24947832 152
24972577 152
24288108 148
24809875 151
25358617 154
25608409 156
25487984 155
25225700 153
25251691 154
25252650 154
25599125 156
26337308 160
25539383 155
25874441 157
26105758 159
25272909 154
26325000 160
25193792 153
25322408 154
25215800 153
26059850 159
25987800 158
25373808 154
27445625 167
25218042 153
25831259 157
25820266 157
25633991 156
25175817 153
27016775 164
25558708 155
26158350 159
24857992 151
24959450 152
24954667 152
25412075 155
25470758 155
25148891 153
25527000 155
24916100 152
25807650 157
25487900 155
25062692 152
25363183 154
24942083 152
25733150 157
25102467 153
25167925 153
25312275 154
27710284 169
25109742 153
25185634 153
25509833 155
25759600 157
25702191 156
24771200 151
26047675 158
24962550 152
25306733 154
24996441 152
24959792 152
25702475 156
24504192 149
26691009 162
25178859 153
25189117 153
24967050 152
25612175 156
26121883 159
25172358 153
25817750 157
25085866 153
25049125 152
25826300 157
26138442 159
25195950 153
24854833 151
25627016 156
25157775 153
25242416 154
25862558 157
25013417 152
25639033 156
24765441 151
24651650 150
25043342 152
25448967 155
24853808 151
24894400 151
25649167 156
25313358 154
25201075 153
25228659 153
25491709 155
25417634 155
25445900 155
24818225 151
25709900 156
24834066 151
27576183 168
25723450 157
24879291 151
25643067 156
24653583 150
25014308 152
25508475 155
25228066 153
25552283 155
25004558 152
25003317 152
26200916 159
25147609 153
24559277 149
25532809 155
24950883 152
25000950 152
24887109 151
25083150 153
25331372 154
24825808 151
25572000 156
25045345 152
25657108 156
25353683 154
25539967 155
24976225 152
25394225 154
25061733 152
24565342 149
26195692 159
25623275 156
24673425 150
25106642 153
25337025 154
24856809 151
24867125 151
24915717 152
25462616 155
24936270 152
25371816 154
24776626 151
24955566 152
25586666 156
25093092 153
24913158 152
24654758 150
24769283 151
25650459 156
25201967 153
29001391 177
24797967 151
25039350 152
24802241 151
24825425 151
25306387 154
25388717 154
24814017 151
24861125 151
24790358 151
25269100 154
24900300 151
24739100 150
24699941 150
24860825 151
25759983 157
24648767 150
24990033 152
24646750 150
24762217 151
25228767 153
25686058 156
24819116 151
25401550 155
25177275 153
25630650 156
25090458 153
24968400 152
24871750 151
25939383 158
27608200 168
26006008 158
25356833 154
24962400 152
24876983 151
25059050 152
25324109 154
25471317 155
25831525 157
24790125 151
24980533 152
24974059 152
25041950 152
25681967 156
24586090 150
26340600 160
25292033 154
25675133 156
25088925 153
25174841 153
28669147 174
25386300 154
25231783 154
24828183 151
24701708 150
25115700 153
24848291 151
26839025 163
24903633 151
24704525 150
25022467 152
24668317 150
25791642 157
24663711 150
25002400 152
24802200 151
25261550 154
24926675 152
24894816 151
25075950 153
24946216 152
25475492 155
24813383 151
25111008 153
26633225 162
25541967 155
25094033 153
24819650 151
24964225 152
25215208 153
26250109 160
26043075 158
25473575 155
24974967 152
25575200 156
24874366 151
24895600 151
24894733 151
25093284 153
25738108 157
24861650 151
25377709 154
24942850 152
25039991 152
25547483 155
25290417 154
25341983 154
24640717 150
24941783 152
25589025 156
28941659 176
25263667 154
24885917 151
24698433 150
24808958 151
25141300 153
24982275 152
24843575 151
25132683 153
25683650 156
24821683 151
25347783 154
24773059 151
25053975 152
25557308 155
24714108 150
25666608 156
25332325 154
24940767 152
25037375 152
24767575 151
25980075 158
25411384 155
25086783 153
25030433 152
25182633 153
26018725 158
25299342 154
24906602 152
25111537 153
26166759 159
26180233 159
24847675 151
24855233 151
24881775 151
24671884 150
25615633 156
25050458 152
24774642 151
24697917 150
24472084 149
24895492 151
24587442 150
24973933 152
25605842 156
24514217 149
24867508 151
24724008 150
25319917 154
24946533 152
28149963 171
24728567 150
25309217 154
25276058 154
25344975 154
24914416 152
25517183 155
26102141 159
25382366 154
25036808 152
25166567 153
26245842 160
24865850 151
25575428 156
25233650 154
25637725 156
25211541 153
25495309 155
25260075 154
24916484 152
25615716 156
24894408 151
25204550 153
25055266 152
25875184 157
25091559 153
25273108 154
24973775 152
24458392 149
24777341 151
26259392 160
24793725 151
24998884 152
25061066 152
24775508 151
26775175 163
24596092 150
24761858 151
24820908 151
24965758 152
25035775 152
24803267 151
26377417 160
25179642 153
24338067 148
25264067 154
24926000 152
25011884 152
24590308 150
24419181 149
29329225 179
24482433 149
24675259 150
24281375 148
24633602 150
24825200 151
24930742 152
