8016 15
7856 15
8008 15
7848 15
7928 15
8000 15
8100 15
7956 15
7848 15
7868 15
8004 15
7940 15
7880 15
7988 15
8044 15
8032 15
7888 15
7940 15
7908 15
8120 15
7956 15
7888 15
8092 15
7976 15
8092 15
7976 15
7868 15
7792 15
7828 15
7924 15
7880 15
7920 15
7936 15
7984 15
7844 15
7908 15
7996 15
7964 15
8060 15
7920 15
7908 15
7876 15
7832 15
7976 15
7984 15
8144 15
7968 15
7888 15
8052 15
7948 15
7928 15
7848 15
7764 15
7888 15
7940 15
8052 15
7852 15
7828 15
7868 15
8048 15
7888 15
7840 15
7840 15
7968 15
7832 15
7892 15
7904 15
7896 15
8056 15
7852 15
8036 15
7944 15
8000 15
7916 15
7932 15
7856 15
7908 15
7876 15
7852 15
7848 15
8064 15
7908 15
7936 15
7900 15
7772 15
7848 15
7916 15
7908 15
7928 15
7912 15
7896 15
7980 15
7812 15
7964 15
7884 15
8036 15
8124 15
8096 15
8020 15
7888 15
7908 15
8116 15
7988 15
7864 15
7956 15
7904 15
7952 15
7912 15
7916 15
7896 15
7884 15
8120 15
7884 15
7940 15
7896 15
8104 15
7824 15
7932 15
38220 74
7964 15
7884 15
8076 15
7884 15
7932 15
7872 15
7832 15
7924 15
8012 15
7828 15
7872 15
7976 15
7772 15
8036 15
7816 15
7916 15
7904 15
7896 15
7904 15
7884 15
7964 15
7916 15
8040 15
7904 15
7848 15
7996 15
7936 15
8000 15
7900 15
7924 15
7924 15
7904 15
7920 15
7948 15
7836 15
7892 15
7908 15
8016 15
7996 15
7880 15
7868 15
7872 15
8048 15
7852 15
7828 15
7912 15
7912 15
7900 15
7896 15
7792 15
7932 15
7952 15
7984 15
7936 15
8032 15
7928 15
8004 15
7852 15
7860 15
7912 15
7940 15
7908 15
8008 15
7872 15
17280 33
7900 15
7896 15
8072 15
7920 15
7976 15
7872 15
7936 15
7904 15
7856 15
7920 15
7864 15
7924 15
7960 15
7940 15
8120 15
8036 15
7960 15
7960 15
7936 15
7884 15
7960 15
7924 15
8088 15
7908 15
7908 15
7872 15
8100 15
7892 15
7848 15
8020 15
7896 15
7888 15
8012 15
8068 15
7844 15
7876 15
7784 15
8004 15
7996 15
7832 15
7972 15
7872 15
8148 15
7928 15
7796 15
7952 15
8024 15
7960 15
7988 15
7908 15
7900 15
7864 15
7808 15
8108 15
7936 15
7924 15
7816 15
7884 15
7896 15
7820 15
8020 15
7888 15
7948 15
7852 15
7896 15
7912 15
7812 15
7852 15
7952 15
7948 15
8060 15
8052 15
7852 15
7856 15
7988 15
7872 15
8088 15
8068 15
7820 15
7852 15
8016 15
7880 15
8104 15
7964 15
7764 15
8020 15
7884 15
7844 15
7928 15
7940 15
7864 15
7904 15
7932 15
7864 15
7840 15
8012 15
7820 15
7908 15
7964 15
7972 15
7876 15
7872 15
9876 19
7856 15
8112 15
7920 15
8080 15
7992 15
7980 15
7908 15
7892 15
7892 15
7864 15
8160 15
7840 15
8104 15
7872 15
7988 15
7948 15
7896 15
7892 15
8028 15
7812 15
7900 15
8044 15
7900 15
8012 15
8000 15
7840 15
7936 15
7932 15
7872 15
8088 15
7944 15
7936 15
7812 15
8092 15
7940 15
7892 15
7916 15
7960 15
7868 15
7836 15
8056 15
8024 15
7956 15
8012 15
8052 15
7980 15
7896 15
7876 15
7920 15
7836 15
7868 15
8076 15
8048 15
8000 15
7920 15
7940 15
7952 15
7888 15
7936 15
8108 15
8008 15
7952 15
7900 15
7896 15
7936 15
8012 15
7820 15
7876 15
7932 15
8012 15
7916 15
7816 15
7828 15
8032 15
8040 15
7960 15
7876 15
7944 15
7936 15
7864 15
7940 15
7884 15
7880 15
8116 15
7852 15
7828 15
7936 15
7884 15
7924 15
8024 15
7832 15
7816 15
8028 15
7952 15
7880 15
7776 15
7908 15
7900 15
7888 15
7932 15
7884 15
7788 15
7972 15
7820 15
7980 15
7876 15
7864 15
7872 15
7984 15
7900 15
7952 15
8060 15
7896 15
7844 15
7908 15
7820 15
7868 15
7940 15
7968 15
7908 15
7984 15
7868 15
7976 15
7828 15
7792 15
7980 15
7920 15
8068 15
7824 15
7972 15
7892 15
7900 15
8128 15
7932 15
8016 15
7972 15
7896 15
8052 15
7956 15
7976 15
7792 15
36732 71
7864 15
7820 15
7920 15
8060 15
7816 15
7920 15
7848 15
7908 15
7952 15
7916 15
7792 15
7948 15
7996 15
7840 15
7992 15
7792 15
8112 15
7976 15
8168 15
7940 15
7884 15
8032 15
7876 15
7892 15
7952 15
7944 15
7808 15
7936 15
7868 15
7900 15
7852 15
7896 15
7984 15
7888 15
7956 15
8008 15
7932 15
7872 15
7844 15
7936 15
7868 15
8004 15
7872 15
7884 15
7940 15
7880 15
7888 15
7956 15
7876 15
7964 15
7884 15
7840 15
8008 15
7836 15
7848 15
7976 15
7884 15
8012 15
7952 15
7916 15
7852 15
8048 15
7876 15
7892 15
8016 15
7976 15
7880 15
7868 15
7816 15
8088 15
7988 15
7904 15
7960 15
7936 15
7956 15
8016 15
7860 15
7916 15
8040 15
7884 15
7968 15
8012 15
7836 15
7984 15
8072 15
8104 15
8112 15
7876 15
8020 15
7908 15
7952 15
7924 15
7892 15
8008 15
7904 15
8152 15
7964 15
7984 15
7928 15
8016 15
8052 15
7864 15
7852 15
7936 15
7936 15
7940 15
7968 15
7940 15
7920 15
8032 15
7956 15
8072 15
7892 15
7916 15
7912 15
8084 15
7876 15
8008 15
7872 15
7924 15
7892 15
7800 15
7988 15
7976 15
7884 15
7912 15
7948 15
7872 15
8036 15
7872 15
7836 15
7880 15
7972 15
7932 15
7924 15
7860 15
7964 15
7836 15
7880 15
7892 15
7900 15
7840 15
7804 15
7872 15
7912 15
7864 15
7824 15
7856 15
7836 15
7984 15
8056 15
7884 15
7988 15
8048 15
7896 15
7920 15
7848 15
7852 15
7844 15
7876 15
8108 15
7900 15
7876 15
7988 15
7908 15
7868 15
7952 15
7892 15
7908 15
7924 15
7924 15
8120 15
7856 15
7996 15
7920 15
7908 15
7960 15
7992 15
7792 15
7884 15
7948 15
7836 15
7880 15
7924 15
7812 15
8016 15
7860 15
8056 15
7928 15
8032 15
7864 15
7992 15
8016 15
7932 15
7848 15
7936 15
7904 15
8020 15
7804 15
8000 15
7884 15
7996 15
7828 15
8044 15
7800 15
7944 15
7896 15
8176 15
7820 15
7852 15
7832 15
7948 15
7872 15
8040 15
8008 15
7820 15
7916 15
7840 15
8008 15
7936 15
7888 15
7980 15
7868 15
7824 15
7888 15
7956 15
7980 15
7972 15
7860 15
7916 15
8052 15
7832 15
7956 15
7896 15
8032 15
7892 15
7940 15
7892 15
7904 15
7920 15
7944 15
7984 15
7860 15
7896 15
7888 15
7864 15
7868 15
7920 15
7864 15
7876 15
7796 15
7984 15
7896 15
7948 15
8008 15
7876 15
7908 15
7864 15
7836 15
7900 15
8056 15
7908 15
8020 15
7956 15
7828 15
7864 15
8064 15
7908 15
7900 15
7856 15
8008 15
7928 15
8020 15
7908 15
7888 15
8012 15
7844 15
7972 15
7920 15
7932 15
7892 15
8020 15
8036 15
7844 15
7960 15
7948 15
7928 15
8008 15
7788 15
7956 15
7848 15
7880 15
7912 15
7840 15
7848 15
7956 15
7840 15
7856 15
7824 15
8008 15
7820 15
7872 15
7796 15
8044 15
7916 15
8004 15
7888 15
7980 15
7896 15
7924 15
7776 15
7880 15
8064 15
7856 15
8040 15
7852 15
7748 15
8148 15
7880 15
8008 15
7896 15
7836 15
7772 15
7992 15
8036 15
7888 15
7912 15
7868 15
7992 15
7868 15
7864 15
7920 15
8012 15
8120 15
7884 15
7852 15
8076 15
8028 15
7892 15
7812 15
7904 15
7916 15
7908 15
7960 15
7768 15
7904 15
8004 15
7848 15
7884 15
7864 15
7848 15
7844 15
7984 15
7856 15
7980 15
8000 15
7796 15
7964 15
7852 15
7824 15
7908 15
8088 15
7824 15
7948 15
7936 15
7868 15
7868 15
7924 15
7980 15
7816 15
7980 15
7888 15
8000 15
7892 15
7892 15
8048 15
7860 15
7896 15
8028 15
7912 15
7880 15
7812 15
7924 15
8092 15
7832 15
7880 15
8092 15
7936 15
8160 15
7856 15
8012 15
8012 15
8132 15
8048 15
7920 15
7984 15
7940 15
8044 15
7880 15
7904 15
7860 15
7808 15
8044 15
7820 15
7900 15
8096 15
7900 15
7872 15
7868 15
7932 15
7872 15
7900 15
7872 15
7816 15
7836 15
7896 15
7864 15
7992 15
7868 15
8080 15
7960 15
7920 15
7928 15
7956 15
7956 15
7956 15
7936 15
7940 15
7868 15
8116 15
7956 15
7908 15
7892 15
7940 15
7964 15
7996 15
7860 15
7788 15
7900 15
7888 15
7908 15
7948 15
7880 15
7912 15
7840 15
7992 15
7960 15
7832 15
7876 15
7960 15
7880 15
7952 15
7888 15
7928 15
7832 15
7884 15
8028 15
8024 15
7992 15
7976 15
7880 15
7884 15
7928 15
7876 15
7944 15
8064 15
7912 15
7852 15
7820 15
7908 15
7872 15
7996 15
7880 15
7804 15
7836 15
7828 15
7868 15
7860 15
8048 15
7836 15
7828 15
7908 15
7960 15
7832 15
7956 15
7976 15
8104 15
8000 15
7888 15
7840 15
8020 15
8068 15
7988 15
7916 15
8084 15
7804 15
7992 15
7892 15
7992 15
8008 15
7892 15
7784 15
7992 15
8020 15
8144 15
7872 15
8140 15
7896 15
7964 15
7880 15
8036 15
7928 15
8056 15
7756 15
8040 15
7824 15
7864 15
7920 15
7876 15
7888 15
8068 15
7952 15
7960 15
7984 15
7804 15
7920 15
7924 15
7892 15
7924 15
7820 15
8096 15
8036 15
8008 15
7888 15
8076 15
7948 15
7964 15
7836 15
7900 15
7996 15
7908 15
7976 15
8012 15
7952 15
7864 15
7880 15
7968 15
7868 15
7812 15
7880 15
7820 15
7948 15
7872 15
7920 15
7840 15
8008 15
7880 15
7960 15
7836 15
7848 15
7836 15
7824 15
8004 15
8048 15
8052 15
7944 15
8208 16
7892 15
7860 15
8044 15
7932 15
