206388 50 0.06
206738 50 0.06
206102 50 0.06
206378 50 0.06
209621 51 0.06
203194 49 0.06
204164 49 0.06
204841 50 0.06
204992 50 0.06
205571 50 0.06
22712538 5545 6.49
204793 49 0.06
203396 49 0.06
205298 50 0.06
204659 49 0.06
206521 50 0.06
204663 49 0.06
204635 49 0.06
205704 50 0.06
206007 50 0.06
203728 49 0.06
205208 50 0.06
205201 50 0.06
204691 49 0.06
207181 50 0.06
205721 50 0.06
245258 59 0.07
205543 50 0.06
204803 50 0.06
206475 50 0.06
205644 50 0.06
206106 50 0.06
204555 49 0.06
206290 50 0.06
204667 49 0.06
205662 50 0.06
205850 50 0.06
205361 50 0.06
206203 50 0.06
205997 50 0.06
204290 49 0.06
206496 50 0.06
202317 49 0.06
203236 49 0.06
205508 50 0.06
204359 49 0.06
204136 49 0.06
202387 49 0.06
206574 50 0.06
206437 50 0.06
205843 50 0.06
203846 49 0.06
203725 49 0.06
206796 50 0.06
205344 50 0.06
205582 50 0.06
206409 50 0.06
204988 50 0.06
206238 50 0.06
204954 50 0.06
205138 50 0.06
205145 50 0.06
204010 49 0.06
206605 50 0.06
205578 50 0.06
205333 50 0.06
205700 50 0.06
205952 50 0.06
206723 50 0.06
205110 50 0.06
209879 51 0.06
204227 49 0.06
204314 49 0.06
206601 50 0.06
203368 49 0.06
204125 49 0.06
203832 49 0.06
204283 49 0.06
206517 50 0.06
203671 49 0.06
204611 49 0.06
204087 49 0.06
205879 50 0.06
206866 50 0.06
203358 49 0.06
204042 49 0.06
250902 61 0.07
205906 50 0.06
204363 49 0.06
205801 50 0.06
205662 50 0.06
204698 49 0.06
204862 50 0.06
205927 50 0.06
204395 49 0.06
204074 49 0.06
206322 50 0.06
206706 50 0.06
205219 50 0.06
206015 50 0.06
205184 50 0.06
472475 115 0.13
206566 50 0.06
204573 49 0.06
204684 49 0.06
205756 50 0.06
204862 50 0.06
207275 50 0.06
204656 49 0.06
257495 62 0.07
201566 49 0.06
204488 49 0.06
206877 50 0.06
205078 50 0.06
203581 49 0.06
203633 49 0.06
203420 49 0.06
242252 59 0.07
204199 49 0.06
204708 49 0.06
203850 49 0.06
205365 50 0.06
203486 49 0.06
205358 50 0.06
203696 49 0.06
204060 49 0.06
205016 50 0.06
203448 49 0.06
202792 49 0.06
204653 49 0.06
204642 49 0.06
206454 50 0.06
202212 49 0.06
203836 49 0.06
199429 48 0.06
205239 50 0.06
202760 49 0.06
203521 49 0.06
206179 50 0.06
201772 49 0.06
204154 49 0.06
204150 49 0.06
204119 49 0.06
205285 50 0.06
205006 50 0.06
205261 50 0.06
205260 50 0.06
205019 50 0.06
205673 50 0.06
204971 50 0.06
252111 61 0.07
204708 49 0.06
205086 50 0.06
205847 50 0.06
205072 50 0.06
22789289 5563 6.51
203092 49 0.06
204056 49 0.06
203455 49 0.06
205281 50 0.06
207530 50 0.06
204342 49 0.06
202830 49 0.06
203975 49 0.06
205690 50 0.06
206664 50 0.06
208912 51 0.06
204227 49 0.06
203228 49 0.06
205683 50 0.06
206482 50 0.06
204391 49 0.06
203672 49 0.06
206486 50 0.06
206262 50 0.06
206716 50 0.06
204712 49 0.06
204570 49 0.06
206402 50 0.06
205749 50 0.06
206706 50 0.06
207795 50 0.06
203937 49 0.06
201563 49 0.06
205156 50 0.06
203406 49 0.06
204300 49 0.06
199217 48 0.06
204195 49 0.06
206647 50 0.06
203808 49 0.06
204150 49 0.06
205211 50 0.06
205145 50 0.06
22786056 5563 6.51
205264 50 0.06
203832 49 0.06
203124 49 0.06
201713 49 0.06
206308 50 0.06
204014 49 0.06
204789 49 0.06
204918 50 0.06
206541 50 0.06
206727 50 0.06
249070 60 0.07
204073 49 0.06
203127 49 0.06
205533 50 0.06
22393453 5467 6.40
204125 49 0.06
204782 49 0.06
205659 50 0.06
206513 50 0.06
204957 50 0.06
204866 50 0.06
205770 50 0.06
206112 50 0.06
205448 50 0.06
205679 50 0.06
204611 49 0.06
205588 50 0.06
205630 50 0.06
210107 51 0.06
205987 50 0.06
205459 50 0.06
203472 49 0.06
206008 50 0.06
206147 50 0.06
254803 62 0.07
206419 50 0.06
206336 50 0.06
205536 50 0.06
205281 50 0.06
206458 50 0.06
210274 51 0.06
205302 50 0.06
205400 50 0.06
205127 50 0.06
206496 50 0.06
204516 49 0.06
203522 49 0.06
204304 49 0.06
205526 50 0.06
207935 50 0.06
206119 50 0.06
206360 50 0.06
205519 50 0.06
203442 49 0.06
206542 50 0.06
204727 49 0.06
257854 62 0.07
252593 61 0.07
248609 60 0.07
207093 50 0.06
205571 50 0.06
205323 50 0.06
205281 50 0.06
247555 60 0.07
206304 50 0.06
204705 49 0.06
204782 49 0.06
252453 61 0.07
205299 50 0.06
206350 50 0.06
205019 50 0.06
205529 50 0.06
203595 49 0.06
202816 49 0.06
206727 50 0.06
204887 50 0.06
205522 50 0.06
205369 50 0.06
204988 50 0.06
207251 50 0.06
203490 49 0.06
204674 49 0.06
205697 50 0.06
206821 50 0.06
18910022 4616 5.40
205707 50 0.06
205320 50 0.06
205840 50 0.06
204279 49 0.06
206203 50 0.06
204289 49 0.06
205253 50 0.06
205728 50 0.06
204807 50 0.06
19964076 4874 5.70
205037 50 0.06
203019 49 0.06
205337 50 0.06
204401 49 0.06
205277 50 0.06
204091 49 0.06
203941 49 0.06
203958 49 0.06
204105 49 0.06
207432 50 0.06
249995 61 0.07
204380 49 0.06
205337 50 0.06
204842 50 0.06
19013181 4641 5.43
204059 49 0.06
203836 49 0.06
205148 50 0.06
204897 50 0.06
205564 50 0.06
204831 50 0.06
205658 50 0.06
206534 50 0.06
205089 50 0.06
253189 61 0.07
206392 50 0.06
205652 50 0.06
205128 50 0.06
203329 49 0.06
204262 49 0.06
205302 50 0.06
206633 50 0.06
205417 50 0.06
249230 60 0.07
204520 49 0.06
205987 50 0.06
205306 50 0.06
204810 50 0.06
203881 49 0.06
204611 49 0.06
204785 49 0.06
205313 50 0.06
204593 49 0.06
204858 50 0.06
204800 50 0.06
205612 50 0.06
204049 49 0.06
205431 50 0.06
205923 50 0.06
206433 50 0.06
205739 50 0.06
205536 50 0.06
205788 50 0.06
253155 61 0.07
205330 50 0.06
205267 50 0.06
206573 50 0.06
251546 61 0.07
206395 50 0.06
205634 50 0.06
205784 50 0.06
206405 50 0.06
205676 50 0.06
205718 50 0.06
204488 49 0.06
206290 50 0.06
210158 51 0.06
206468 50 0.06
205425 50 0.06
205725 50 0.06
205633 50 0.06
253626 61 0.07
203515 49 0.06
204950 50 0.06
205375 50 0.06
205645 50 0.06
249660 60 0.07
252405 61 0.07
205344 50 0.06
204782 49 0.06
204538 49 0.06
204834 50 0.06
206336 50 0.06
209880 51 0.06
247345 60 0.07
204108 49 0.06
205205 50 0.06
207302 50 0.06
204481 49 0.06
247674 60 0.07
204757 49 0.06
205365 50 0.06
207568 50 0.06
205239 50 0.06
205547 50 0.06
205585 50 0.06
204946 50 0.06
204521 49 0.06
204367 49 0.06
203176 49 0.06
204534 49 0.06
207268 50 0.06
205201 50 0.06
201213 49 0.06
205575 50 0.06
205313 50 0.06
206444 50 0.06
205428 50 0.06
204694 49 0.06
205107 50 0.06
205515 50 0.06
204530 49 0.06
202725 49 0.06
205243 50 0.06
204750 49 0.06
207275 50 0.06
204304 49 0.06
205110 50 0.06
205072 50 0.06
203912 49 0.06
204098 49 0.06
204398 49 0.06
204597 49 0.06
204733 49 0.06
209296 51 0.06
204698 49 0.06
205096 50 0.06
205156 50 0.06
209841 51 0.06
205913 50 0.06
204999 50 0.06
206367 50 0.06
204562 49 0.06
204548 49 0.06
203756 49 0.06
204289 49 0.06
205966 50 0.06
203847 49 0.06
204318 49 0.06
206203 50 0.06
206290 50 0.06
206692 50 0.06
206357 50 0.06
254897 62 0.07
253661 61 0.07
204848 50 0.06
206398 50 0.06
205969 50 0.06
252058 61 0.07
203466 49 0.06
204650 49 0.06
244796 59 0.07
204971 50 0.06
204069 49 0.06
204216 49 0.06
203962 49 0.06
206650 50 0.06
205592 50 0.06
205696 50 0.06
205833 50 0.06
204866 50 0.06
205316 50 0.06
203682 49 0.06
203777 49 0.06
204017 49 0.06
206129 50 0.06
210811 51 0.06
205141 50 0.06
204450 49 0.06
204268 49 0.06
206472 50 0.06
207034 50 0.06
253804 61 0.07
203554 49 0.06
204995 50 0.06
206346 50 0.06
245180 59 0.07
205648 50 0.06
205033 50 0.06
205714 50 0.06
206668 50 0.06
205390 50 0.06
206200 50 0.06
206838 50 0.06
251925 61 0.07
204168 49 0.06
206706 50 0.06
205689 50 0.06
205242 50 0.06
206371 50 0.06
209122 51 0.06
203455 49 0.06
205864 50 0.06
204119 49 0.06
243533 59 0.07
210760 51 0.06
205183 50 0.06
205229 50 0.06
204447 49 0.06
206639 50 0.06
209234 51 0.06
249914 61 0.07
202723 49 0.06
205599 50 0.06
206283 50 0.06
204632 49 0.06
203074 49 0.06
204506 49 0.06
205808 50 0.06
204587 49 0.06
204310 49 0.06
203438 49 0.06
206290 50 0.06
209632 51 0.06
599755 146 0.17
204251 49 0.06
203703 49 0.06
205344 50 0.06
206171 50 0.06
22804395 5567 6.52
204430 49 0.06
205348 50 0.06
204646 49 0.06
204863 50 0.06
206440 50 0.06
203511 49 0.06
209275 51 0.06
205166 50 0.06
203940 49 0.06
204932 50 0.06
202596 49 0.06
204500 49 0.06
201930 49 0.06
204562 49 0.06
205208 50 0.06
201766 49 0.06
204157 49 0.06
209139 51 0.06
206458 50 0.06
204649 49 0.06
206022 50 0.06
205937 50 0.06
203906 49 0.06
207194 50 0.06
203025 49 0.06
205505 50 0.06
204307 49 0.06
205847 50 0.06
206818 50 0.06
202795 49 0.06
206336 50 0.06
203120 49 0.06
204918 50 0.06
206444 50 0.06
204779 49 0.06
204237 49 0.06
204125 49 0.06
204866 50 0.06
206440 50 0.06
205965 50 0.06
205990 50 0.06
204792 49 0.06
204834 50 0.06
206563 50 0.06
204660 49 0.06
205331 50 0.06
202023 49 0.06
204024 49 0.06
204667 49 0.06
205522 50 0.06
203665 49 0.06
205558 50 0.06
203909 49 0.06
204985 50 0.06
205090 50 0.06
203071 49 0.06
205034 50 0.06
205362 50 0.06
204984 50 0.06
204104 49 0.06
204908 50 0.06
206643 50 0.06
19082739 4658 5.45
205271 50 0.06
205096 50 0.06
203542 49 0.06
204006 49 0.06
206238 50 0.06
250885 61 0.07
205124 50 0.06
205114 50 0.06
205285 50 0.06
206214 50 0.06
209268 51 0.06
204073 49 0.06
201765 49 0.06
205619 50 0.06
206726 50 0.06
201416 49 0.06
207041 50 0.06
203818 49 0.06
204419 49 0.06
202080 49 0.06
204381 49 0.06
202369 49 0.06
203162 49 0.06
205620 50 0.06
204520 49 0.06
203818 49 0.06
205909 50 0.06
205156 50 0.06
205934 50 0.06
203487 49 0.06
204258 49 0.06
204157 49 0.06
205449 50 0.06
204845 50 0.06
202177 49 0.06
205836 50 0.06
205044 50 0.06
206590 50 0.06
252886 61 0.07
204524 49 0.06
205141 50 0.06
249210 60 0.07
205483 50 0.06
203877 49 0.06
205393 50 0.06
204660 49 0.06
204877 50 0.06
203979 49 0.06
203473 49 0.06
243355 59 0.07
204835 50 0.06
203389 49 0.06
203442 49 0.06
200973 49 0.06
206447 50 0.06
204004 49 0.06
210703 51 0.06
203728 49 0.06
205355 50 0.06
206619 50 0.06
243680 59 0.07
209247 51 0.06
204192 49 0.06
205470 50 0.06
206454 50 0.06
206674 50 0.06
204957 50 0.06
254275 62 0.07
205180 50 0.06
206332 50 0.06
205288 50 0.06
205009 50 0.06
203836 49 0.06
204370 49 0.06
206591 50 0.06
204258 49 0.06
205246 50 0.06
204757 49 0.06
205233 50 0.06
206518 50 0.06
205093 50 0.06
208735 50 0.06
205240 50 0.06
250795 61 0.07
205334 50 0.06
205169 50 0.06
205560 50 0.06
205390 50 0.06
208159 50 0.06
205267 50 0.06
206158 50 0.06
205257 50 0.06
204136 49 0.06
204803 50 0.06
205219 50 0.06
204907 50 0.06
205477 50 0.06
205589 50 0.06
205759 50 0.06
205191 50 0.06
204786 49 0.06
205449 50 0.06
203100 49 0.06
205460 50 0.06
204559 49 0.06
205983 50 0.06
205068 50 0.06
205728 50 0.06
206549 50 0.06
202991 49 0.06
205134 50 0.06
205159 50 0.06
205029 50 0.06
206342 50 0.06
205379 50 0.06
206122 50 0.06
206588 50 0.06
205529 50 0.06
207261 50 0.06
205680 50 0.06
205501 50 0.06
205669 50 0.06
206210 50 0.06
18959641 4628 5.42
205096 50 0.06
205763 50 0.06
204806 50 0.06
205097 50 0.06
205525 50 0.06
204723 49 0.06
205215 50 0.06
204003 49 0.06
206074 50 0.06
204656 49 0.06
204905 50 0.06
204713 49 0.06
206824 50 0.06
209495 51 0.06
202715 49 0.06
205064 50 0.06
206008 50 0.06
205763 50 0.06
210081 51 0.06
204984 50 0.06
205201 50 0.06
204286 49 0.06
203434 49 0.06
205452 50 0.06
204248 49 0.06
204457 49 0.06
205176 50 0.06
206552 50 0.06
206367 50 0.06
204457 49 0.06
204723 49 0.06
205051 50 0.06
205152 50 0.06
203452 49 0.06
206699 50 0.06
205099 50 0.06
210337 51 0.06
205539 50 0.06
248563 60 0.07
204524 49 0.06
205909 50 0.06
205572 50 0.06
205312 50 0.06
205215 50 0.06
204943 50 0.06
205261 50 0.06
204950 50 0.06
209342 51 0.06
206426 50 0.06
204538 49 0.06
203546 49 0.06
204957 50 0.06
205323 50 0.06
22806759 5568 6.52
205086 50 0.06
203881 49 0.06
202924 49 0.06
204227 49 0.06
206660 50 0.06
205005 50 0.06
203769 49 0.06
204060 49 0.06
204052 49 0.06
206534 50 0.06
207425 50 0.06
205417 50 0.06
250651 61 0.07
204551 49 0.06
246200 60 0.07
243983 59 0.07
254604 62 0.07
204715 49 0.06
205173 50 0.06
207286 50 0.06
205358 50 0.06
205068 50 0.06
204112 49 0.06
249977 61 0.07
205442 50 0.06
205295 50 0.06
205110 50 0.06
209736 51 0.06
205389 50 0.06
203958 49 0.06
206737 50 0.06
204992 50 0.06
204178 49 0.06
205937 50 0.06
204377 49 0.06
204461 49 0.06
204786 49 0.06
206196 50 0.06
208155 50 0.06
249140 60 0.07
251758 61 0.07
203958 49 0.06
205121 50 0.06
206521 50 0.06
204883 50 0.06
205801 50 0.06
249925 61 0.07
205568 50 0.06
204747 49 0.06
206137 50 0.06
204667 49 0.06
204210 49 0.06
204908 50 0.06
204136 49 0.06
206520 50 0.06
204231 49 0.06
205718 50 0.06
205106 50 0.06
205218 50 0.06
205023 50 0.06
205847 50 0.06
208134 50 0.06
205564 50 0.06
202356 49 0.06
204566 49 0.06
205191 50 0.06
205082 50 0.06
205257 50 0.06
204091 49 0.06
204782 49 0.06
205100 50 0.06
205487 50 0.06
253245 61 0.07
205438 50 0.06
205676 50 0.06
206042 50 0.06
248511 60 0.07
203476 49 0.06
205302 50 0.06
205756 50 0.06
206371 50 0.06
206580 50 0.06
205215 50 0.06
205334 50 0.06
205735 50 0.06
205592 50 0.06
205222 50 0.06
251888 61 0.07
205099 50 0.06
205452 50 0.06
205624 50 0.06
205327 50 0.06
18880095 4609 5.39
206670 50 0.06
206137 50 0.06
249164 60 0.07
204967 50 0.06
206109 50 0.06
206262 50 0.06
204629 49 0.06
203679 49 0.06
210179 51 0.06
204971 50 0.06
205497 50 0.06
204894 50 0.06
205425 50 0.06
204604 49 0.06
205023 50 0.06
206210 50 0.06
205061 50 0.06
204785 49 0.06
204838 50 0.06
204038 49 0.06
205644 50 0.06
206157 50 0.06
207697 50 0.06
204768 49 0.06
205236 50 0.06
215556 52 0.06
203745 49 0.06
208894 50 0.06
204852 50 0.06
204838 50 0.06
207708 50 0.06
202373 49 0.06
203654 49 0.06
204395 49 0.06
205523 50 0.06
206399 50 0.06
203965 49 0.06
209547 51 0.06
204437 49 0.06
205058 50 0.06
206877 50 0.06
204363 49 0.06
209014 51 0.06
205697 50 0.06
204600 49 0.06
205275 50 0.06
203937 49 0.06
203930 49 0.06
204157 49 0.06
204255 49 0.06
204423 49 0.06
204220 49 0.06
205924 50 0.06
204698 49 0.06
203088 49 0.06
205267 50 0.06
205013 50 0.06
204066 49 0.06
204866 50 0.06
205124 50 0.06
203662 49 0.06
203871 49 0.06
205582 50 0.06
252223 61 0.07
204060 49 0.06
206702 50 0.06
206060 50 0.06
209967 51 0.06
205285 50 0.06
205253 50 0.06
205526 50 0.06
203954 49 0.06
208301 50 0.06
203654 49 0.06
203567 49 0.06
206688 50 0.06
203190 49 0.06
203176 49 0.06
204957 50 0.06
203180 49 0.06
206454 50 0.06
205815 50 0.06
247677 60 0.07
203382 49 0.06
201916 49 0.06
206577 50 0.06
205899 50 0.06
210372 51 0.06
203818 49 0.06
205546 50 0.06
207460 50 0.06
204478 49 0.06
209600 51 0.06
203605 49 0.06
205330 50 0.06
206751 50 0.06
204933 50 0.06
202359 49 0.06
203260 49 0.06
204545 49 0.06
206643 50 0.06
203540 49 0.06
209464 51 0.06
204660 49 0.06
204503 49 0.06
207495 50 0.06
206199 50 0.06
205068 50 0.06
205013 50 0.06
204636 49 0.06
207351 50 0.06
243742 59 0.07
202966 49 0.06
202551 49 0.06
204387 49 0.06
242080 59 0.07
204803 50 0.06
205410 50 0.06
203305 49 0.06
205159 50 0.06
18982199 4634 5.42
206321 50 0.06
248193 60 0.07
255061 62 0.07
203860 49 0.06
207501 50 0.06
203092 49 0.06
204475 49 0.06
203298 49 0.06
203267 49 0.06
242785 59 0.07
248759 60 0.07
203131 49 0.06
203113 49 0.06
205243 50 0.06
206455 50 0.06
203721 49 0.06
205777 50 0.06
200181 48 0.06
207083 50 0.06
206538 50 0.06
208758 50 0.06
204566 49 0.06
205201 50 0.06
205693 50 0.06
206699 50 0.06
207732 50 0.06
203445 49 0.06
202244 49 0.06
204817 50 0.06
206265 50 0.06
205334 50 0.06
206203 50 0.06
203672 49 0.06
205595 50 0.06
206434 50 0.06
