44925 43
21620 21
45100 44
45092 44
45392 44
45092 44
42980 41
46367 45
49186 48
21560 21
44825 43
44891 43
45183 44
45100 44
45150 44
44942 43
44950 43
45008 43
45308 44
45041 43
44767 43
44917 43
21804 21
45066 44
44992 43
44717 43
45058 44
45016 43
45325 44
45267 44
45000 43
44884 43
44825 43
45084 44
44842 43
45258 44
45084 44
44816 43
44917 43
44925 43
44975 43
45066 44
21580 21
44750 43
45000 43
44800 43
44867 43
45108 44
44983 43
45142 44
44967 43
45075 44
44950 43
45475 44
44942 43
45283 44
45508 44
44767 43
45217 44
45309 44
45066 44
44942 43
45250 44
45108 44
44884 43
45000 43
45367 44
45392 44
45467 44
45333 44
44900 43
45067 44
44891 43
45242 44
44967 43
219825 214
44892 43
45141 44
21812 21
45125 44
44833 43
44858 43
45616 44
44883 43
44783 43
45183 44
45066 44
44833 43
45050 43
45125 44
45191 44
45317 44
44975 43
44992 43
45133 44
44809 43
44834 43
45066 44
45392 44
45408 44
44783 43
44975 43
44808 43
44708 43
45359 44
44967 43
45133 44
44792 43
44766 43
44892 43
45158 44
44983 43
44992 43
45083 44
45050 43
45059 44
45375 44
45083 44
45467 44
44908 43
45066 44
45217 44
44783 43
45350 44
44933 43
44991 43
45350 44
45075 44
45600 44
45391 44
45083 44
44983 43
45109 44
44950 43
44925 43
45458 44
44884 43
44892 43
44917 43
45166 44
45284 44
44908 43
45292 44
45083 44
21668 21
45633 44
44758 43
44941 43
44950 43
44992 43
44883 43
44908 43
45191 44
45266 44
21616 21
44700 43
44841 43
44800 43
45075 44
44825 43
45383 44
44816 43
44925 43
45309 44
45000 43
45034 43
55883 54
45108 44
45017 43
45483 44
44917 43
44841 43
44875 43
45325 44
45025 43
21764 21
45092 44
45125 44
44992 43
45059 44
45417 44
44842 43
44875 43
44875 43
44909 43
45083 44
44975 43
45025 43
44916 43
45108 44
44925 43
21664 21
44750 43
21816 21
44833 43
44825 43
44933 43
45041 43
45625 44
45108 44
44875 43
44958 43
44950 43
44842 43
44950 43
44784 43
45542 44
45550 44
45200 44
45058 44
45208 44
45267 44
21964 21
44942 43
21676 21
45017 43
44959 43
45100 44
44850 43
21684 21
44767 43
44700 43
45184 44
45241 44
44767 43
45542 44
45083 44
45092 44
45025 43
45133 44
45100 44
44859 43
21728 21
45008 43
44917 43
45575 44
45158 44
44775 43
44775 43
45058 44
21532 21
44941 43
44941 43
44833 43
44809 43
45391 44
45050 43
45058 44
44825 43
45267 44
44883 43
44967 43
21600 21
44817 43
45066 44
44934 43
45050 43
44975 43
45275 44
45275 44
45283 44
44800 43
45016 43
45525 44
44992 43
143592 140
45075 44
44841 43
44858 43
45200 44
138816 135
45334 44
45334 44
44883 43
45017 43
44792 43
45333 44
44967 43
44942 43
44792 43
45016 43
45059 44
21648 21
44867 43
45208 44
44858 43
45300 44
45275 44
45334 44
45208 44
44967 43
44825 43
45150 44
45075 44
44825 43
45066 44
44958 43
44850 43
45308 44
44958 43
45050 43
44900 43
45167 44
45167 44
44966 43
44966 43
45050 43
45083 44
44825 43
44875 43
44950 43
45167 44
44883 43
44808 43
45233 44
44934 43
44950 43
44900 43
45183 44
45183 44
222058 216
44850 43
45216 44
45159 44
44867 43
45083 44
44883 43
44883 43
44984 43
44709 43
44833 43
45366 44
21644 21
44925 43
45075 44
45125 44
44767 43
44934 43
44841 43
45050 43
44941 43
44792 43
44850 43
44883 43
21596 21
45075 44
44783 43
45300 44
44883 43
44858 43
45333 44
45042 43
44817 43
45059 44
44842 43
44775 43
45216 44
45125 44
45492 44
45300 44
45058 44
45033 43
45033 43
45042 43
44817 43
45041 43
45100 44
45291 44
45234 44
45583 44
44800 43
45016 43
44950 43
45000 43
45117 44
45192 44
44817 43
44825 43
44800 43
44867 43
44891 43
21744 21
44784 43
44958 43
45334 44
45125 44
21584 21
44742 43
44733 43
21568 21
45284 44
45317 44
44817 43
45100 44
45025 43
44967 43
44808 43
45658 44
45242 44
44983 43
44841 43
44858 43
45117 44
45108 44
44942 43
44950 43
44941 43
44984 43
45700 44
44891 43
45167 44
44833 43
45184 44
45050 43
44875 43
44791 43
44950 43
45292 44
45233 44
45133 44
45417 44
45025 43
44866 43
44866 43
21496 20
44975 43
45442 44
45209 44
45125 44
44833 43
45342 44
45225 44
45484 44
45075 44
45142 44
45525 44
45067 44
45083 44
45500 44
45058 44
44900 43
44767 43
44750 43
45033 43
44834 43
44833 43
45108 44
44775 43
44967 43
45216 44
44992 43
45333 44
44925 43
44891 43
45091 44
45016 43
44817 43
44842 43
45075 44
44792 43
44808 43
45775 44
45650 44
45092 44
45200 44
44875 43
44900 43
45141 44
45075 44
45000 43
44875 43
44825 43
44891 43
45058 44
45200 44
45008 43
45117 44
44925 43
45233 44
45075 44
44842 43
45259 44
45359 44
45217 44
45158 44
45250 44
44975 43
45367 44
45208 44
44900 43
45483 44
45992 44
44983 43
45584 44
44933 43
44959 43
45358 44
45041 43
44892 43
45966 44
44792 43
44841 43
21732 21
44825 43
44950 43
45025 43
45483 44
45150 44
45008 43
44825 43
44842 43
45400 44
45008 43
45100 44
44867 43
44900 43
47741 46
45208 44
44975 43
44759 43
44917 43
45359 44
45025 43
45184 44
45092 44
45033 43
45309 44
45117 44
45516 44
45217 44
21752 21
44867 43
44891 43
44808 43
45084 44
21672 21
45042 43
44841 43
45008 43
44984 43
45050 43
44866 43
45208 44
44892 43
44817 43
44784 43
44975 43
45175 44
45042 43
45075 44
45200 44
45509 44
44867 43
44825 43
44841 43
45100 44
44884 43
45267 44
45292 44
45150 44
44850 43
45141 44
45017 43
44975 43
45184 44
45058 44
45109 44
44875 43
45092 44
44958 43
44950 43
45000 43
45242 44
44950 43
44908 43
45559 44
44992 43
45092 44
44909 43
44825 43
44816 43
44959 43
44775 43
44867 43
45158 44
44908 43
44866 43
45266 44
44884 43
45450 44
45475 44
44925 43
45475 44
44883 43
44925 43
45441 44
45283 44
45000 43
45058 44
45292 44
45192 44
44991 43
44784 43
44992 43
44992 43
45084 44
44925 43
44892 43
45375 44
44825 43
21568 21
45034 43
45100 44
44850 43
44783 43
44925 43
45375 44
44800 43
44942 43
46488 45
44917 43
45025 43
45100 44
45291 44
21548 21
45017 43
45200 44
45350 44
45308 44
45050 43
44925 43
45008 43
45300 44
44850 43
45417 44
45258 44
44925 43
45008 43
44967 43
45458 44
44817 43
45300 44
44833 43
44925 43
44967 43
45158 44
45384 44
44967 43
45033 43
44908 43
45433 44
45091 44
45425 44
44809 43
21756 21
44867 43
45300 44
44816 43
44825 43
45525 44
45125 44
45550 44
45183 44
45550 44
45125 44
44767 43
44917 43
45092 44
45017 43
44967 43
45200 44
45208 44
45000 43
45041 43
44966 43
45017 43
21672 21
45400 44
45100 44
44825 43
45267 44
44892 43
44833 43
45025 43
45408 44
45083 44
45025 43
44991 43
45191 44
45550 44
45259 44
44850 43
44875 43
45000 43
44908 43
44942 43
44817 43
45008 43
44825 43
45066 44
44925 43
45784 44
44817 43
45525 44
45767 44
44867 43
21632 21
45075 44
44725 43
45141 44
45083 44
44992 43
45117 44
44800 43
44817 43
44784 43
44758 43
44942 43
44942 43
45317 44
44883 43
44917 43
45167 44
44842 43
44850 43
44958 43
44875 43
45050 43
21676 21
44775 43
45242 44
45533 44
45034 43
45141 44
21748 21
45275 44
44950 43
45033 43
45100 44
45408 44
44975 43
44725 43
45008 43
45358 44
45233 44
45075 44
44992 43
44850 43
44759 43
44867 43
45008 43
45092 44
44934 43
44842 43
45217 44
45334 44
44858 43
44775 43
44817 43
44934 43
45267 44
45041 43
226083 220
44925 43
45059 44
45375 44
44791 43
44908 43
44991 43
44933 43
44817 43
45358 44
45000 43
45275 44
45075 44
44825 43
45008 43
21712 21
45142 44
21652 21
45300 44
21496 20
44992 43
44883 43
21696 21
44991 43
44925 43
45292 44
44950 43
44991 43
45309 44
44900 43
44850 43
45017 43
45000 43
45017 43
44908 43
45075 44
45025 43
45158 44
44991 43
45116 44
45134 44
44959 43
21780 21
45017 43
44858 43
44717 43
44792 43
45258 44
45234 44
45158 44
45067 44
44909 43
44884 43
45042 43
21592 21
45033 43
45033 43
45200 44
44841 43
44975 43
44917 43
44925 43
45116 44
44892 43
45258 44
44792 43
45009 43
45050 43
45100 44
45008 43
44875 43
44900 43
45066 44
45092 44
45067 44
45100 44
45075 44
44908 43
45034 43
45317 44
45358 44
44850 43
45083 44
44917 43
44850 43
44991 43
21696 21
45150 44
44933 43
45283 44
45025 43
44925 43
45225 44
45408 44
44925 43
44792 43
44975 43
44900 43
45233 44
44884 43
45108 44
45092 44
44767 43
45200 44
44867 43
45042 43
45150 44
44959 43
44950 43
45033 43
45033 43
21644 21
45008 43
45142 44
44908 43
45117 44
44883 43
45292 44
44875 43
45059 44
45500 44
44675 43
44884 43
45075 44
45050 43
45133 44
45142 44
45075 44
44884 43
45184 44
44841 43
55611 54
44875 43
45067 44
44959 43
44708 43
45400 44
45133 44
45242 44
45158 44
45000 43
45042 43
44817 43
45025 43
44742 43
45016 43
44975 43
44750 43
44725 43
44984 43
44816 43
44883 43
44958 43
44825 43
44991 43
45000 43
44859 43
45000 43
44825 43
45200 44
44933 43
45241 44
45033 43
45050 43
45050 43
45116 44
44700 43
45666 44
44983 43
45233 44
45267 44
45266 44
45225 44
44900 43
44817 43
45308 44
44859 43
44875 43
44825 43
44958 43
44942 43
44975 43
44992 43
45200 44
44850 43
45084 44
44917 43
44825 43
45066 44
44767 43
44858 43
44925 43
45183 44
45441 44
45017 43
44858 43
44825 43
45225 44
45116 44
45133 44
44908 43
45392 44
44908 43
45234 44
44925 43
45058 44
44908 43
44975 43
45100 44
45109 44
44892 43
44975 43
45334 44
45392 44
45258 44
45075 44
46509 45
45342 44
45283 44
45275 44
44900 43
44933 43
44975 43
44850 43
21600 21
45333 44
45391 44
45350 44
44917 43
45200 44
45050 43
45108 44
45159 44
45383 44
45517 44
44950 43
44983 43
45417 44
