1056 16
1060 16
1040 16
1056 16
1072 16
1060 16
1060 16
1056 16
1068 16
1056 16
1076 16
1068 16
1056 16
1096 17
1056 16
1052 16
1072 16
1052 16
1068 16
1044 16
1048 16
1064 16
1108 17
1064 16
1052 16
1060 16
1068 16
1052 16
1056 16
1056 16
1056 16
1052 16
1048 16
1068 16
1056 16
1076 16
1056 16
1076 16
1068 16
1052 16
1068 16
1060 16
1060 16
1052 16
1056 16
1068 16
1052 16
1056 16
1044 16
1068 16
1068 16
1064 16
1056 16
1064 16
1056 16
1068 16
1056 16
1052 16
1056 16
1056 16
1080 16
1068 16
1060 16
1056 16
1052 16
1072 16
1056 16
1060 16
1064 16
1068 16
1056 16
1056 16
1068 16
1056 16
1056 16
1064 16
1060 16
1068 16
1056 16
1052 16
1060 16
1056 16
1056 16
1064 16
1056 16
1056 16
1052 16
1052 16
1084 16
1068 16
1064 16
1056 16
1068 16
1056 16
1060 16
1060 16
1056 16
1060 16
1052 16
1068 16
1060 16
1060 16
1060 16
1052 16
1068 16
1052 16
1056 16
1056 16
1056 16
1056 16
1060 16
1052 16
1072 16
1052 16
1056 16
1064 16
1068 16
1052 16
1056 16
1052 16
1056 16
1064 16
1040 16
1060 16
1056 16
1056 16
1060 16
1044 16
1060 16
1068 16
1056 16
1068 16
1060 16
1056 16
1068 16
1052 16
1056 16
1060 16
1060 16
1060 16
1068 16
1056 16
1084 16
1068 16
1052 16
1068 16
1052 16
1056 16
1060 16
1052 16
1060 16
1076 16
1044 16
1052 16
1068 16
1056 16
1056 16
1056 16
1084 16
1052 16
1072 16
1068 16
1052 16
1076 16
1096 17
1052 16
1056 16
1060 16
1060 16
1068 16
1060 16
1048 16
1056 16
1060 16
1056 16
1056 16
1060 16
1076 16
1048 16
1060 16
1068 16
1064 16
1056 16
1068 16
1056 16
1056 16
1060 16
1080 16
1056 16
1068 16
1056 16
1060 16
1068 16
1068 16
1052 16
1068 16
1056 16
1060 16
1060 16
1060 16
1052 16
1064 16
1048 16
1068 16
1060 16
1064 16
1056 16
1052 16
1060 16
1060 16
1056 16
1060 16
1056 16
1068 16
1052 16
1052 16
1056 16
1048 16
1068 16
1064 16
1056 16
1060 16
1056 16
1068 16
1064 16
1052 16
1052 16
1056 16
1072 16
1052 16
1068 16
1056 16
1072 16
1052 16
1056 16
1060 16
1056 16
1052 16
1052 16
1056 16
1076 16
1060 16
1060 16
1056 16
1116 17
1056 16
1104 17
1052 16
1056 16
1068 16
1052 16
1068 16
1052 16
1060 16
1064 16
1068 16
1052 16
1060 16
1056 16
1056 16
1060 16
1068 16
1060 16
1080 16
1076 16
1056 16
1056 16
1064 16
1060 16
1060 16
1060 16
1068 16
1104 17
1060 16
1056 16
1044 16
1068 16
1052 16
1068 16
1068 16
1064 16
1056 16
1052 16
1052 16
1052 16
1056 16
1080 16
1056 16
1068 16
1064 16
1072 16
1052 16
1068 16
1068 16
1060 16
1068 16
1056 16
1064 16
1056 16
1060 16
1052 16
1056 16
1064 16
1092 17
1076 16
1096 17
1068 16
1060 16
1056 16
1056 16
1060 16
1060 16
1060 16
1068 16
1052 16
1084 16
1064 16
1056 16
1096 17
1060 16
1060 16
1052 16
1052 16
1072 16
1064 16
1080 16
1056 16
1060 16
1056 16
1056 16
1056 16
1056 16
1056 16
1088 17
1056 16
1056 16
1052 16
1068 16
1060 16
1044 16
1084 16
1052 16
1068 16
1044 16
1056 16
1056 16
1056 16
1052 16
1052 16
1064 16
1052 16
1056 16
1088 17
1056 16
1056 16
1056 16
1056 16
1056 16
1056 16
1052 16
1060 16
1052 16
1056 16
1056 16
1056 16
1060 16
1052 16
1056 16
1076 16
1052 16
1052 16
1060 16
1056 16
1060 16
1068 16
1056 16
1096 17
1056 16
1116 17
1056 16
1060 16
1060 16
1064 16
1056 16
1052 16
1056 16
1056 16
1064 16
1104 17
1056 16
1052 16
1056 16
1056 16
1056 16
1076 16
1068 16
1052 16
1056 16
1068 16
1052 16
1060 16
1060 16
1056 16
1056 16
1056 16
1052 16
1060 16
1068 16
1056 16
1068 16
1068 16
1056 16
1060 16
1052 16
1088 17
1056 16
1088 17
1092 17
1064 16
1068 16
1064 16
1052 16
1056 16
1056 16
1060 16
1052 16
1052 16
1056 16
1140 17
1048 16
1068 16
1052 16
1056 16
1060 16
1044 16
1056 16
1056 16
2200 34
2200 34
2192 34
2192 34
2250 35
2184 34
2192 34
2233 34
2200 34
2191 34
2192 34
2191 34
2200 34
2192 34
2325 36
2200 34
2191 34
2217 34
2200 34
2200 34
2200 34
2200 34
2275 35
2192 34
2200 34
2200 34
2192 34
2191 34
2200 34
2233 34
2200 34
2242 35
2191 34
2217 34
2200 34
2233 34
2191 34
2200 34
2200 34
2192 34
2192 34
2200 34
2200 34
2275 35
2200 34
2192 34
2192 34
2208 34
2200 34
2200 34
2225 34
2200 34
2208 34
2200 34
2191 34
2191 34
2183 34
2200 34
2200 34
2192 34
2184 34
2191 34
2192 34
2192 34
2200 34
2200 34
2192 34
2192 34
2200 34
2192 34
2192 34
2192 34
2200 34
2200 34
2192 34
2200 34
2192 34
2192 34
2200 34
2192 34
2200 34
2334 36
2192 34
2233 34
2192 34
2191 34
2175 33
2208 34
2192 34
2200 34
2200 34
2250 35
2208 34
2192 34
2209 34
2209 34
2175 33
2191 34
2192 34
2192 34
2192 34
2200 34
2200 34
2192 34
2200 34
2192 34
2200 34
2200 34
2200 34
2192 34
2200 34
2233 34
2191 34
2192 34
2200 34
2200 34
2200 34
2200 34
2200 34
2200 34
2233 34
2192 34
2192 34
2192 34
2200 34
2192 34
2192 34
2200 34
2200 34
2200 34
2192 34
2192 34
2200 34
2191 34
2192 34
2200 34
2175 33
2200 34
2200 34
2191 34
2217 34
2191 34
2192 34
2191 34
2183 34
2200 34
2209 34
2192 34
2200 34
2192 34
2191 34
2200 34
2191 34
2275 35
2200 34
2175 33
2200 34
2192 34
2192 34
2192 34
2192 34
2200 34
2200 34
2191 34
2200 34
2191 34
2200 34
2200 34
2200 34
2192 34
2191 34
2200 34
2209 34
2275 35
2192 34
2191 34
2200 34
2217 34
2200 34
2200 34
2191 34
2200 34
2183 34
2191 34
2192 34
2200 34
2209 34
2175 33
2192 34
2233 34
2192 34
2200 34
2200 34
2325 36
2200 34
2200 34
2184 34
2184 34
2200 34
2200 34
2200 34
2192 34
2200 34
2208 34
2191 34
2192 34
2200 34
2175 33
2192 34
2192 34
2200 34
2225 34
2200 34
2192 34
2275 35
2175 33
2200 34
2233 34
2208 34
2191 34
2208 34
2200 34
2200 34
2192 34
2208 34
2191 34
2200 34
2192 34
2200 34
2192 34
2200 34
2200 34
2200 34
2192 34
2275 35
2192 34
2200 34
2191 34
2200 34
2192 34
2209 34
2200 34
2192 34
2200 34
2308 36
2175 33
2191 34
2192 34
2209 34
2200 34
2192 34
2208 34
2200 34
2192 34
2275 35
2192 34
2192 34
2192 34
2200 34
2183 34
2200 34
2192 34
2200 34
2200 34
2192 34
2191 34
2192 34
2308 36
2250 35
2233 34
2191 34
2192 34
2192 34
2191 34
2200 34
2200 34
2208 34
2192 34
2217 34
2191 34
2192 34
2175 33
2200 34
2192 34
2216 34
2192 34
2192 34
2209 34
2191 34
2192 34
2200 34
2191 34
2209 34
2191 34
2192 34
2200 34
2200 34
2191 34
2216 34
2192 34
2191 34
2217 34
2191 34
2208 34
2200 34
2208 34
2192 34
2191 34
2200 34
2192 34
2200 34
2200 34
2191 34
2200 34
2175 33
2192 34
2192 34
2200 34
2208 34
2192 34
2200 34
2192 34
2200 34
2208 34
2200 34
2191 34
2200 34
2192 34
2200 34
2233 34
2175 33
2192 34
2200 34
2200 34
2192 34
2191 34
2200 34
2184 34
2208 34
2191 34
2191 34
2191 34
2192 34
2192 34
2192 34
2192 34
2167 33
2192 34
2191 34
2200 34
2200 34
2200 34
2200 34
2216 34
2175 33
2200 34
2200 34
2192 34
2191 34
2200 34
2200 34
2192 34
2166 33
2300 35
2200 34
2192 34
2191 34
2192 34
2200 34
2200 34
2267 35
2208 34
2209 34
2191 34
2192 34
2191 34
2175 33
2192 34
2167 33
2217 34
2200 34
2192 34
2208 34
2192 34
2192 34
2175 33
2200 34
2175 33
2192 34
2192 34
2200 34
2200 34
2175 33
2191 34
2184 34
2200 34
2200 34
2325 36
2200 34
2200 34
2200 34
2217 34
2192 34
2209 34
2200 34
2191 34
2191 34
2191 34
2192 34
2200 34
2183 34
2191 34
2192 34
2183 34
2292 35
2192 34
2191 34
2192 34
2191 34
2250 35
2200 34
2200 34
2192 34
2191 34
2208 34
2200 34
2166 33
2191 34
2175 33
2200 34
2208 34
2200 34
2200 34
2192 34
2191 34
2175 33
2175 33
2200 34
2200 34
2192 34
2208 34
2234 34
2166 33
2208 34
2216 34
2192 34
2192 34
2233 34
2208 34
2192 34
2191 34
2200 34
2200 34
2192 34
2200 34
2200 34
2192 34
2192 34
2167 33
2183 34
2191 34
2200 34
2192 34
2192 34
2200 34
2200 34
2200 34
2325 36
2183 34
2191 34
2200 34
2200 34
2192 34
2208 34
2167 33
2200 34
2191 34
2191 34
2250 35
2200 34
2192 34
2192 34
2200 34
2200 34
2300 35
2200 34
2200 34
2200 34
2225 34
2200 34
2175 33
2184 34
2200 34
2191 34
2191 34
2200 34
2200 34
2191 34
2209 34
2192 34
2192 34
2200 34
2200 34
2209 34
2208 34
2191 34
2175 33
2200 34
2242 35
2191 34
2191 34
2192 34
2200 34
2309 36
2200 34
2275 35
2192 34
2175 33
2250 35
2192 34
2192 34
2200 34
2175 33
2191 34
2192 34
2175 33
2192 34
2200 34
2242 35
2200 34
2200 34
2175 33
2200 34
2192 34
2200 34
2191 34
2191 34
2191 34
2175 33
2200 34
2200 34
2200 34
2175 33
2192 34
2192 34
2209 34
2192 34
2233 34
2225 34
2192 34
2191 34
2192 34
2200 34
2192 34
2175 33
2200 34
2200 34
2192 34
2200 34
2192 34
2192 34
2200 34
2209 34
