4100 32
4083 31
4083 31
4116 32
4283 33
4100 32
4109 32
4100 32
4092 31
4134 32
4225 33
4100 32
4116 32
4100 32
4100 32
4109 32
4100 32
4100 32
4166 32
4100 32
4117 32
4108 32
4100 32
4117 32
4117 32
4100 32
4100 32
4092 31
4100 32
4100 32
4100 32
4108 32
4159 32
4100 32
4075 31
4100 32
4100 32
4100 32
4100 32
4100 32
4100 32
4091 31
4100 32
4100 32
4100 32
4108 32
4100 32
4275 33
4117 32
4100 32
4108 32
4258 33
4100 32
4108 32
4100 32
4150 32
4117 32
4117 32
4100 32
4125 32
4100 32
4100 32
4100 32
4125 32
4100 32
4142 32
4108 32
4108 32
4109 32
4092 31
4100 32
4275 33
4100 32
4200 32
4167 32
4100 32
4117 32
4100 32
4100 32
4100 32
4100 32
4225 33
4075 31
4108 32
4100 32
4108 32
4092 31
4100 32
4100 32
4100 32
4167 32
4117 32
4100 32
4100 32
4125 32
4100 32
4091 31
4100 32
4075 31
4100 32
4117 32
4100 32
4125 32
4100 32
4142 32
4100 32
4150 32
4117 32
4142 32
4100 32
4125 32
4100 32
4100 32
4141 32
4075 31
4100 32
4100 32
4100 32
4108 32
4100 32
4100 32
4100 32
4100 32
4109 32
4100 32
4283 33
4100 32
51025 398
4100 32
4150 32
4100 32
4092 31
4108 32
4100 32
4108 32
1976 15
4117 32
4125 32
4092 31
4108 32
4100 32
4100 32
4108 32
4108 32
4116 32
4117 32
4116 32
4100 32
4117 32
4125 32
4217 32
4167 32
4100 32
4075 31
4258 33
4100 32
4100 32
4100 32
4134 32
4100 32
4100 32
4100 32
4100 32
4150 32
4100 32
4116 32
4100 32
4100 32
4100 32
4100 32
4100 32
4117 32
4100 32
4100 32
4100 32
4100 32
4108 32
4116 32
4100 32
4117 32
4216 32
4208 32
4100 32
4100 32
4116 32
4250 33
4100 32
4100 32
4100 32
4100 32
4116 32
4091 31
4100 32
4100 32
4100 32
4100 32
4142 32
4125 32
4134 32
4092 31
4100 32
4075 31
4100 32
4150 32
4100 32
4100 32
4100 32
4125 32
4117 32
4117 32
4116 32
4150 32
4100 32
4108 32
4100 32
4100 32
4200 32
4108 32
4100 32
4275 33
4116 32
4109 32
4283 33
4100 32
4100 32
4083 31
4100 32
4116 32
4100 32
4100 32
4159 32
4100 32
4100 32
4175 32
4100 32
4100 32
4100 32
4100 32
4117 32
4100 32
4100 32
4108 32
4225 33
4100 32
4092 31
4075 31
4183 32
4117 32
4100 32
4100 32
4100 32
4100 32
4100 32
4100 32
4100 32
4225 33
4092 31
4117 32
4100 32
4100 32
4100 32
4083 31
4100 32
4133 32
4100 32
4092 31
4100 32
4100 32
4100 32
4100 32
4100 32
4100 32
4100 32
4175 32
4091 31
4116 32
4100 32
4100 32
4284 33
4225 33
4100 32
4108 32
4092 31
4100 32
4184 32
4100 32
4100 32
4117 32
4225 33
4183 32
4100 32
4100 32
4183 32
4075 31
4242 33
4100 32
4092 31
4125 32
4100 32
4100 32
4100 32
4100 32
4200 32
4117 32
4100 32
4259 33
4100 32
4100 32
4100 32
4092 31
4100 32
4100 32
4217 32
4100 32
4100 32
4100 32
4100 32
4133 32
4109 32
4100 32
4100 32
4225 33
4117 32
4116 32
4117 32
4067 31
4100 32
4108 32
4133 32
4100 32
4100 32
4142 32
4117 32
4125 32
4117 32
4100 32
4100 32
4108 32
4091 31
4208 32
4100 32
4075 31
4100 32
4100 32
4100 32
4100 32
4108 32
4100 32
4133 32
4100 32
4125 32
4100 32
4100 32
4100 32
4100 32
4184 32
4100 32
4100 32
4108 32
4125 32
4100 32
4133 32
4109 32
4100 32
4100 32
4075 31
4117 32
4125 32
4075 31
4116 32
4100 32
4100 32
4258 33
4133 32
4100 32
4150 32
4100 32
4117 32
4141 32
4125 32
4100 32
4100 32
4084 31
4184 32
4108 32
4275 33
4117 32
4175 32
4100 32
4192 32
4183 32
4100 32
4100 32
4108 32
4100 32
4191 32
4150 32
4100 32
4117 32
4183 32
4100 32
4150 32
4150 32
4100 32
4091 31
4084 31
4100 32
4109 32
4100 32
4100 32
4100 32
1968 15
1968 15
1968 15
1968 15
1968 15
1976 15
1968 15
2044 15
1968 15
1968 15
1968 15
2024 15
1964 15
1968 15
2008 15
1980 15
1968 15
1968 15
1968 15
1968 15
1972 15
2052 16
1984 15
1968 15
1988 15
1972 15
1960 15
1968 15
1972 15
1972 15
1968 15
1968 15
1968 15
2000 15
1972 15
1980 15
1968 15
1968 15
2028 15
1968 15
2012 15
1968 15
2028 15
1976 15
1968 15
1968 15
1992 15
1968 15
1968 15
1980 15
1968 15
1968 15
1968 15
1980 15
1972 15
1972 15
1984 15
1968 15
1976 15
1964 15
2056 16
1968 15
1968 15
1968 15
1968 15
1972 15
1968 15
1968 15
2016 15
1968 15
1964 15
1972 15
1988 15
1968 15
1976 15
1968 15
2028 15
1976 15
1968 15
1972 15
1976 15
1972 15
1984 15
1972 15
1976 15
2008 15
1968 15
1972 15
1968 15
1968 15
1968 15
1972 15
2032 15
1972 15
1968 15
1984 15
1968 15
1968 15
1988 15
1968 15
1968 15
1988 15
1988 15
1972 15
1976 15
1968 15
1968 15
1976 15
1972 15
1972 15
1968 15
1968 15
2004 15
1968 15
1980 15
1972 15
1968 15
1968 15
1972 15
1980 15
1980 15
1972 15
1968 15
1964 15
1968 15
2008 15
1968 15
2052 16
1980 15
1976 15
1968 15
1976 15
1968 15
1968 15
1976 15
1980 15
1968 15
1980 15
1996 15
2008 15
1968 15
1968 15
2008 15
1968 15
1980 15
1976 15
1968 15
1964 15
1968 15
1988 15
1980 15
1992 15
1972 15
1996 15
1972 15
1968 15
1968 15
2036 15
1980 15
1968 15
1968 15
1976 15
1976 15
1972 15
1972 15
1964 15
1968 15
1968 15
1968 15
1968 15
1968 15
1972 15
1968 15
1968 15
2052 16
1968 15
1968 15
1976 15
1980 15
1968 15
1992 15
1968 15
1976 15
1968 15
1964 15
1976 15
1968 15
1968 15
1992 15
1972 15
1968 15
1984 15
2008 15
1968 15
1980 15
1968 15
1988 15
1968 15
2004 15
1956 15
1972 15
1968 15
1964 15
1968 15
1968 15
1968 15
1968 15
1972 15
1968 15
1976 15
1968 15
1968 15
1968 15
1984 15
1968 15
1996 15
2016 15
1976 15
1968 15
1968 15
2044 15
1968 15
1976 15
1992 15
1976 15
1964 15
1968 15
1968 15
1968 15
1968 15
1956 15
1968 15
1968 15
1984 15
1972 15
1968 15
1968 15
1968 15
1976 15
1968 15
1964 15
1968 15
2056 16
1968 15
1980 15
1968 15
1972 15
1968 15
1968 15
1968 15
1984 15
1968 15
2052 16
1968 15
1968 15
2016 15
1980 15
2028 15
1968 15
1976 15
1996 15
1976 15
1960 15
1968 15
1972 15
1968 15
1968 15
1968 15
1968 15
1972 15
2020 15
1968 15
1968 15
1984 15
1992 15
1968 15
1976 15
1988 15
2080 16
1980 15
1968 15
1964 15
1968 15
1972 15
1992 15
1968 15
1972 15
1968 15
1972 15
2008 15
1968 15
1968 15
2008 15
1988 15
1968 15
2008 15
1976 15
1968 15
1968 15
1976 15
1976 15
1976 15
1968 15
2016 15
1996 15
1980 15
1980 15
1968 15
1980 15
1972 15
1968 15
1968 15
1992 15
1968 15
1968 15
1968 15
1968 15
1968 15
1976 15
1968 15
1968 15
1968 15
1980 15
1968 15
1956 15
1968 15
1964 15
2020 15
1988 15
1968 15
1968 15
1968 15
1964 15
1964 15
1972 15
1968 15
1968 15
1968 15
1976 15
1972 15
1968 15
1968 15
2056 16
1968 15
1972 15
1988 15
1956 15
1968 15
2044 15
1968 15
1980 15
1968 15
1968 15
1980 15
1972 15
1956 15
1984 15
1968 15
1968 15
1968 15
1960 15
1968 15
1968 15
1988 15
1968 15
1968 15
1976 15
2008 15
2004 15
1968 15
1972 15
1968 15
1968 15
1964 15
1964 15
1964 15
1980 15
1968 15
1976 15
1968 15
1956 15
1968 15
1968 15
1968 15
1972 15
1968 15
1968 15
1976 15
1984 15
2052 16
2032 15
1972 15
1968 15
2000 15
1968 15
1992 15
1976 15
1984 15
1972 15
1956 15
2020 15
1968 15
1964 15
1968 15
2000 15
1976 15
1968 15
1964 15
1968 15
1968 15
1968 15
1976 15
1968 15
2016 15
1976 15
1968 15
1968 15
1968 15
2028 15
1968 15
1992 15
1968 15
1968 15
1968 15
1964 15
1968 15
1968 15
1968 15
1988 15
1984 15
1956 15
1964 15
1968 15
1984 15
1972 15
1968 15
1980 15
1968 15
1968 15
1968 15
1968 15
2028 15
1976 15
1968 15
2024 15
1964 15
1968 15
2016 15
1968 15
1968 15
1968 15
1988 15
1968 15
1956 15
1968 15
1992 15
1968 15
2012 15
1968 15
1980 15
1980 15
1968 15
1964 15
1968 15
1968 15
1972 15
1968 15
1968 15
2008 15
2008 15
1988 15
1968 15
1992 15
2012 15
1968 15
1972 15
1968 15
2052 16
1972 15
2008 15
2044 15
1980 15
1968 15
1968 15
1968 15
1980 15
1968 15
1968 15
1964 15
1972 15
1972 15
2004 15
1968 15
1968 15
1968 15
1976 15
1980 15
1976 15
1968 15
1980 15
1984 15
1968 15
1976 15
1972 15
1968 15
1968 15
1968 15
1968 15
1968 15
1972 15
1968 15
1972 15
1972 15
1968 15
1976 15
1968 15
1968 15
1972 15
1980 15
1968 15
1968 15
1968 15
1968 15
1968 15
1972 15
1964 15
1980 15
1964 15
1968 15
1964 15
1976 15
2008 15
1972 15
1964 15
1968 15
2028 15
1980 15
2044 15
1980 15
2024 15
1968 15
1968 15
1976 15
1964 15
1976 15
1976 15
1968 15
1968 15
1968 15
1980 15
1972 15
1980 15
1968 15
1976 15
1964 15
1968 15
1968 15
1976 15
1968 15
1988 15
1988 15
1976 15
1964 15
2052 16
1968 15
1968 15
1968 15
1968 15
1968 15
1968 15
2008 15
1988 15
1980 15
1980 15
1972 15
1968 15
1980 15
1968 15
1960 15
1976 15
1968 15
1976 15
2044 15
1968 15
1968 15
1980 15
2056 16
1968 15
1968 15
