795300 97
499552 60
805425 98
794717 97
794600 96
794850 97
777314 94
795766 97
795592 97
795525 97
795125 97
795442 97
795367 97
805117 98
794841 97
794350 96
804541 98
795708 97
656467 80
794933 97
795817 97
794350 96
794883 97
796541 97
795583 97
796008 97
794916 97
795709 97
805484 98
795783 97
794916 97
794767 97
795334 97
795383 97
794567 96
795666 97
795816 97
795758 97
687261 83
973884 118
794125 96
794717 97
794583 96
794892 97
964600 117
795641 97
792275 96
793967 96
795767 97
795717 97
795517 97
794809 97
795384 97
795366 97
795259 97
795484 97
794658 97
794967 97
805375 98
794534 96
794525 96
795767 97
500572 61
796858 97
795792 97
795367 97
795900 97
794716 97
795809 97
499580 60
755685 92
794691 97
794784 97
796725 97
794892 97
794783 97
795233 97
794634 97
795000 97
795525 97
794308 96
859683 104
795791 97
795200 97
794667 97
795692 97
794775 97
795725 97
795775 97
795908 97
795708 97
794275 96
795192 97
794916 97
795150 97
795734 97
794917 97
795491 97
795600 97
795667 97
794625 97
794675 97
795508 97
794959 97
794234 96
793400 96
794783 97
794767 97
795042 97
694985 84
794725 97
793792 96
795617 97
973883 118
794966 97
794358 96
795534 97
795308 97
795642 97
867666 105
883733 107
793150 96
795942 97
795041 97
794816 97
794984 97
794684 97
792867 96
796042 97
793800 96
794884 97
686170 83
795733 97
878483 107
794483 96
793417 96
799334 97
794959 97
794633 97
795733 97
638500 77
784709 95
794566 96
792792 96
682333 83
794925 97
794800 97
795492 97
794966 97
877925 107
794425 96
793342 96
795475 97
793150 96
795717 97
709783 86
795033 97
795641 97
795767 97
792316 96
963002 117
793391 96
794209 96
787791 96
499524 60
785342 95
794692 97
785108 95
794184 96
793833 96
792884 96
792700 96
787491 96
795384 97
783758 95
793166 96
837150 102
730325 89
927434 113
785108 95
793008 96
794750 97
795700 97
784717 95
795333 97
785975 95
794750 97
795050 97
795033 97
785900 95
794517 96
793200 96
794550 96
771717 94
794609 96
771833 94
795667 97
772892 94
795833 97
874158 106
795142 97
794867 97
795550 97
792241 96
795684 97
785175 95
795192 97
785392 95
794750 97
795033 97
875342 106
795366 97
795575 97
794358 96
795708 97
881388 107
796258 97
750847 91
795775 97
795817 97
794334 96
795950 97
797667 97
795583 97
795383 97
806084 98
792558 96
794784 97
794733 97
794967 97
794917 97
793108 96
795117 97
795308 97
498828 60
795159 97
795459 97
795525 97
794266 96
794175 96
795500 97
795642 97
794658 97
794683 97
795575 97
795675 97
796084 97
796541 97
795267 97
795467 97
795950 97
971534 118
795583 97
794233 96
795500 97
792508 96
964075 117
794559 96
795850 97
795067 97
795800 97
875542 106
792950 96
795216 97
795250 97
794208 96
874692 106
795433 97
793842 96
794892 97
785192 95
795233 97
786691 96
793650 96
968458 118
794875 97
794483 96
794583 96
795716 97
700267 85
795675 97
978575 119
793050 96
794584 96
795617 97
794691 97
966475 117
793792 96
794975 97
794742 97
794917 97
964183 117
765957 93
794325 96
795517 97
794408 96
795050 97
794233 96
795716 97
794525 96
795433 97
794833 97
794875 97
793425 96
795742 97
793833 96
795242 97
795983 97
795059 97
795650 97
646387 78
792891 96
793483 96
795683 97
673947 82
794508 96
792558 96
794158 96
963866 117
793425 96
795225 97
805733 98
795233 97
875166 106
795267 97
804125 98
794725 97
763492 93
795592 97
794867 97
736116 89
794309 96
794025 96
795967 97
792766 96
794684 97
795642 97
796609 97
794502 96
968208 118
753733 92
794500 96
677008 82
794425 96
794783 97
794808 97
644992 78
792641 96
792392 96
793650 96
793691 96
795333 97
794992 97
794125 96
963925 117
793475 96
794625 97
795642 97
794691 97
794708 97
794692 97
794842 97
794475 96
795867 97
795708 97
795875 97
795642 97
794958 97
795475 97
876242 106
804917 98
795492 97
795575 97
795858 97
966750 118
795550 97
795608 97
795267 97
794983 97
795550 97
794609 96
753984 92
795396 97
794883 97
795317 97
966684 118
794808 97
795558 97
794817 97
795675 97
794942 97
794383 96
785900 95
499128 60
795516 97
795400 97
794192 96
794859 97
786775 96
794917 97
793741 96
688541 84
794766 97
795675 97
793442 96
702541 85
794191 96
795550 97
794650 97
782174 95
795584 97
795733 97
794383 96
795292 97
794292 96
794459 96
793767 96
794050 96
795417 97
794275 96
795450 97
794750 97
793117 96
795517 97
795133 97
794525 96
794567 96
795150 97
795200 97
795817 97
794116 96
794767 97
794433 96
795584 97
794317 96
795750 97
794442 96
795225 97
792767 96
794600 96
785667 95
752558 91
784217 95
795641 97
793767 96
795584 97
792458 96
794575 96
794450 96
795675 97
967891 118
795142 97
794733 97
795550 97
795941 97
795933 97
795434 97
878366 107
795559 97
795458 97
749612 91
795683 97
966433 117
795483 97
794567 96
795784 97
794092 96
795525 97
794891 97
794567 96
793959 96
794525 96
795259 97
793900 96
795358 97
792608 96
964658 117
794200 96
793092 96
785325 95
793833 96
793583 96
794784 97
786925 96
794800 97
773958 94
794950 97
773509 94
795725 97
774234 94
795683 97
788242 96
794959 97
788075 96
795425 97
797608 97
795000 97
876375 106
792533 96
793675 96
788152 96
793709 96
794867 97
794417 96
794800 97
794650 97
793675 96
783784 95
793042 96
793933 96
794208 96
791975 96
793750 96
783058 95
805817 98
792334 96
793675 96
794800 97
792516 96
794867 97
792766 96
793175 96
786150 95
644700 78
792767 96
785416 95
785742 95
786300 95
752401 91
788900 96
794683 97
792742 96
794550 96
806558 98
794109 96
793900 96
980292 119
786441 96
793325 96
793825 96
793392 96
785691 95
784083 95
772892 94
791983 96
785725 95
784625 95
772958 94
788393 96
858700 104
786984 96
774258 94
785975 95
774709 94
786208 95
483040 58
774933 94
774900 94
786267 95
775316 94
786492 96
784783 95
786125 95
845841 103
794166 96
752483 91
795250 97
772666 94
793658 96
785534 95
793300 96
786492 96
795375 97
786108 95
795225 97
785092 95
794784 97
793225 96
500004 61
793092 96
795300 97
715468 87
794725 97
792933 96
785634 95
803900 98
785925 95
786916 96
784066 95
784425 95
873366 106
792517 96
791691 96
785784 95
784583 95
880783 107
785825 95
795267 97
792950 96
806075 98
793975 96
795525 97
795233 97
772767 94
794100 96
794650 97
793250 96
794441 96
793350 96
794450 96
795517 97
795067 97
785342 95
794525 96
794533 96
794700 97
795141 97
598883 73
794800 97
794892 97
794084 96
785817 95
793600 96
785083 95
785775 95
793208 96
774192 94
786259 95
783025 95
784450 95
793600 96
858625 104
785434 95
774317 94
786125 95
775216 94
491976 60
785825 95
794333 96
786683 96
793167 96
793650 96
794266 96
796441 97
795459 97
794742 97
795241 97
789942 96
794133 96
793875 96
792492 96
794267 96
786591 96
795717 97
791667 96
795767 97
792534 96
789709 96
795975 97
1015392 123
794242 96
794034 96
877834 107
795542 97
794600 96
794467 96
795367 97
762706 93
794509 96
774492 94
972075 118
784600 95
793941 96
788100 96
792925 96
867059 105
794809 97
785042 95
795975 97
625925 76
795591 97
774541 94
794458 96
794041 96
744634 90
784817 95
794642 97
792867 96
785150 95
746783 91
794183 96
764799 93
792684 96
785817 95
788483 96
785925 95
793109 96
793941 96
787517 96
794108 96
794366 96
793691 96
789075 96
793841 96
785884 95
774617 94
775000 94
802684 97
773508 94
745575 91
775633 94
661501 80
775158 94
785283 95
775717 94
617417 75
774375 94
786016 95
775259 94
610920 74
774834 94
795000 97
776125 94
793883 96
774358 94
966741 118
786392 95
790941 96
772442 94
786492 96
777734 94
793484 96
766192 93
795200 97
783258 95
793349 96
942575 115
793650 96
773409 94
784758 95
774633 94
793175 96
784283 95
765100 93
772817 94
794300 96
774567 94
792200 96
773275 94
786858 96
790667 96
776775 94
786583 96
784050 95
789384 96
793142 96
948767 115
792500 96
772316 94
793642 96
794291 96
793575 96
800291 97
786183 95
793533 96
786691 96
791933 96
787775 96
792259 96
793775 96
793416 96
794033 96
795075 97
687016 83
783492 95
771441 94
875442 106
774058 94
780009 95
771842 94
773242 94
775175 94
789992 96
792625 96
794783 97
795092 97
784742 95
967459 118
791050 96
758760 92
786025 95
633667 77
774358 94
784167 95
785116 95
764142 93
775225 94
770858 94
868342 105
773392 94
775650 94
774108 94
774825 94
763875 93
775175 94
763600 93
779558 95
880250 107
774950 94
773191 94
775700 94
772567 94
775050 94
792200 96
773158 94
772875 94
784675 95
786275 95
786541 96
774008 94
968216 118
763325 93
784883 95
751325 91
775584 94
762525 93
784542 95
751383 91
786167 95
773433 94
775417 94
763883 93
772666 94
782834 95
784450 95
770834 94
790391 96
793025 96
791659 96
783017 95
792317 96
788850 96
793092 96
793408 96
794691 97
794042 96
961525 117
783716 95
784492 95
796584 97
793434 96
498536 60
795125 97
785542 95
645083 78
789175 96
793142 96
793100 96
795283 97
775107 94
876825 107
795041 97
794333 96
795575 97
794709 97
790884 96
750622 91
785225 95
793275 96
794792 97
794067 96
754700 92
795208 97
784317 95
795266 97
773083 94
700442 85
795017 97
794425 96
793058 96
794434 96
967233 118
785142 95
795100 97
785367 95
772725 94
916983 111
772500 94
773158 94
788605 96
774342 94
791233 96
792008 96
771767 94
795725 97
771283 94
793100 96
783191 95
793542 96
795025 97
785875 95
784209 95
795067 97
794850 97
793566 96
795625 97
784500 95
795500 97
785233 95
793392 96
712216 86
792750 96
793184 96
927942 113
733234 89
803058 98
795384 97
794283 96
969742 118
792750 96
795241 97
496152 60
795742 97
782925 95
962192 117
783609 95
792792 96
773425 94
784141 95
948433 115
741392 90
783767 95
793141 96
792817 96
791158 96
783142 95
793575 96
792625 96
700325 85
772334 94
791975 96
794091 96
790309 96
783616 95
961700 117
784342 95
778017 94
785342 95
775400 94
771933 94
777050 94
794241 96
780650 95
794617 96
781042 95
775591 94
780400 95
784825 95
786108 95
797575 97
791233 96
793066 96
798217 97
794525 96
775934 94
794658 97
791925 96
795100 97
775475 94
786908 96
793500 96
855925 104
795192 97
772433 94
794725 97
754619 92
793092 96
765217 93
786092 95
770991 94
793350 96
783983 95
791516 96
782866 95
795191 97
792592 96
793608 96
489356 59
794875 97
785450 95
794833 97
775150 94
794117 96
777384 94
785441 95
868416 106
777450 94
774250 94
778258 95
614167 74
