53012066 231
53077941 231
53998566 235
53856334 234
53570925 233
53328300 232
54218258 236
53918925 235
52453233 228
52708842 229
53680325 234
54345241 236
54906775 239
60329275 263
53825933 234
52849025 230
53002458 231
52838292 230
52526733 228
53353050 232
53069342 231
52896525 230
52735992 229
53169175 231
53002800 231
52836800 230
53143009 231
53248692 232
53147791 231
52978825 230
53250250 232
52877033 230
52950717 230
53251716 232
53189834 231
52716675 229
51362500 223
52989167 231
53303375 232
53628850 233
52573584 229
52967050 230
52932366 230
52623941 229
52506941 228
52186041 227
53000508 231
53031175 231
52457192 228
52952675 230
53396842 232
52964100 230
53384658 232
53952350 235
52952475 230
52456634 228
53836892 234
53873066 234
53310383 232
52739641 229
53257300 232
53311266 232
52844383 230
52392333 228
53876692 234
52701558 229
52240392 227
52453775 228
53016183 231
52639250 229
52858175 230
53207716 231
52862458 230
53559275 233
53009508 231
52813758 230
52502408 228
53486133 233
52818417 230
53398875 232
53182225 231
52687167 229
53069875 231
53327575 232
53126450 231
53607000 233
52966542 230
52628059 229
52890916 230
52564308 229
52867817 230
52512425 228
54140441 236
52147983 227
52947550 230
53271725 232
52940466 230
52645142 229
53021008 231
52667150 229
52616375 229
53489250 233
53213442 231
52547934 229
52464925 228
53207416 231
52489742 228
52587233 229
53545000 233
53689842 234
52839892 230
53895750 234
53027317 231
52901992 230
54626375 238
52956658 230
53583250 233
53648034 233
53757350 234
52468517 228
52533600 229
53320425 232
52725208 229
53171075 231
53551591 233
52783758 230
53425650 232
52727758 229
52901716 230
52293508 227
53333833 232
52855941 230
52031967 226
53530683 233
52848409 230
53478050 233
52680841 229
53023375 231
52906475 230
53003783 231
52186925 227
52574575 229
52470042 228
52984017 230
52774900 230
52814233 230
53019783 231
53629867 233
53164659 231
55450658 241
53298767 232
52832658 230
52435883 228
52603934 229
52865242 230
53059708 231
53782258 234
53625392 233
53179466 231
53050841 231
53111542 231
53617817 233
53669141 233
52779967 230
52555750 229
53244158 232
53053158 231
52229608 227
52772492 230
53188791 231
52918408 230
53063108 231
52809750 230
53546892 233
53571350 233
53422292 232
52984491 230
52504559 228
52808891 230
52530559 229
54086616 235
52372284 228
53606991 233
52257058 227
52965108 230
53771767 234
52891516 230
52814483 230
53321950 232
53079083 231
53871417 234
53648416 233
52956416 230
53496233 233
52854634 230
53431142 232
53043817 231
52831458 230
52763575 230
53215866 232
53078583 231
52358300 228
52113425 227
52200041 227
52911316 230
53631984 233
53792642 234
53061825 231
53559650 233
53700500 234
53670050 233
52763500 230
53380509 232
52830667 230
54306267 236
53152283 231
53471559 233
53393059 232
52977008 230
52593317 229
52587233 229
52686317 229
52950825 230
52870184 230
52930167 230
53079425 231
52936891 230
52352641 228
53882692 234
53282933 232
52952842 230
53096925 231
52703108 229
52843691 230
52934433 230
52679008 229
52878866 230
53505358 233
52639883 229
52699358 229
52928667 230
54661100 238
53332725 232
53517925 233
53311750 232
54383092 237
54360091 236
53296359 232
53882700 234
52611175 229
52938383 230
53881941 234
53723092 234
54230600 236
53201933 231
52673542 229
52541175 229
52917434 230
52883942 230
53385525 232
52847084 230
53131333 231
54024708 235
54092408 235
54062609 235
52884550 230
53943359 235
52813208 230
52420442 228
53291741 232
53795542 234
52846533 230
53552858 233
53266966 232
53132325 231
53136683 231
54081425 235
53148542 231
54013600 235
53755925 234
53292425 232
53142583 231
53234708 232
53917358 235
53804875 234
53991025 235
53446000 233
53672634 233
53130883 231
52980550 230
52719908 229
53558292 233
53196508 231
54522975 237
53895158 234
52818725 230
51998967 226
52471833 228
52868250 230
52710775 229
55550925 242
53093900 231
54333592 236
53240175 232
52431425 228
53551308 233
52844042 230
52833466 230
54131309 235
54109433 235
53068400 231
52638742 229
53097150 231
52366025 228
54746734 238
55038750 239
54001733 235
53073875 231
53050534 231
52603309 229
54297792 236
52699900 229
52657534 229
52738317 229
52689567 229
54498658 237
52946434 230
53394225 232
53072958 231
52710417 229
52975541 230
54149575 236
53536841 233
53436059 232
53016159 231
52834467 230
53109484 231
53270284 232
52901067 230
53217009 232
53929509 235
52704067 229
54115233 235
52629158 229
53685084 234
53495034 233
53423775 232
53239700 232
53740009 234
52790725 230
54424367 237
53167659 231
53073683 231
53814842 234
52985217 230
53008542 231
53781200 234
53208391 231
53046141 231
54138275 236
52909167 230
54272934 236
53123925 231
52925983 230
52101500 227
53278775 232
52331733 228
53384883 232
51778842 225
53409534 232
52467083 228
52742317 229
52768917 230
53282516 232
52610558 229
54942833 239
53297775 232
53638050 233
52216166 227
52923192 230
52184142 227
52348633 228
53414075 232
53682159 234
53020050 231
52801092 230
52786700 230
53296367 232
53611367 233
53574192 233
52821425 230
54024708 235
52902100 230
53202459 231
52707334 229
54053834 235
53916233 235
53244517 232
53161150 231
53444625 233
52933309 230
53338816 232
53128167 231
52827600 230
53586608 233
53675375 234
53163825 231
52767409 230
52685241 229
52557333 229
53227833 232
53680234 234
54031217 235
53334042 232
52528650 229
52873550 230
53195083 231
52988133 231
53284241 232
53083284 231
53380683 232
54044758 235
52470775 228
52395950 228
52682958 229
52802208 230
52560900 229
52410667 228
52943875 230
53684475 234
53006384 231
52524900 228
52294866 227
52800508 230
52080067 227
52907359 230
53023575 231
52694009 229
52461008 228
52787600 230
52962867 230
54023308 235
53804391 234
53458116 233
53524483 233
53264567 232
52401692 228
53086367 231
55422333 241
52474634 228
53115958 231
53185108 231
52118775 227
52214683 227
53920650 235
52729883 229
53892067 234
53143800 231
52708517 229
52565508 229
53315742 232
53142258 231
52852383 230
53790133 234
53414584 232
52898958 230
52844500 230
53645650 233
53956508 235
54669542 238
53622633 233
53516642 233
54103225 235
54170991 236
54272175 236
52866016 230
53250525 232
52836925 230
52978150 230
55346033 241
52720083 229
52787325 230
52822292 230
53975600 235
53848708 234
52729683 229
52957467 230
52163884 227
54636150 238
52441367 228
52078234 227
53060825 231
52256241 227
52148900 227
52557775 229
51846192 226
53086683 231
53378267 232
52272742 227
52477567 228
52712533 229
51981616 226
52168159 227
52554816 229
53112175 231
52597516 229
53302133 232
52867466 230
53986642 235
52271825 227
52907400 230
52739108 229
53468692 233
53020725 231
53878625 234
53749333 234
52627091 229
52930467 230
53120417 231
53543642 233
52835733 230
53213550 231
52290300 227
52491125 228
52872992 230
53495133 233
53490350 233
53761308 234
53191225 231
52837617 230
53594391 233
53751350 234
52556100 229
52539400 229
52855000 230
53214009 231
52873583 230
52677200 229
53151791 231
53192442 231
53262992 232
53097534 231
53579742 233
52888833 230
53082700 231
53942817 235
53100517 231
53389009 232
53288816 232
53016392 231
52609359 229
52095025 227
52876158 230
53551367 233
52572241 229
52814317 230
53818267 234
53065091 231
53190516 231
53841275 234
52812158 230
53796083 234
53714333 234
53758658 234
53919933 235
52943525 230
53106825 231
53037558 231
53260533 232
52737575 229
53440533 232
53985409 235
52818492 230
52487516 228
52165992 227
54277866 236
53500108 233
55872991 243
53716100 234
52415425 228
52590117 229
58900275 256
51735017 225
52630183 229
53181150 231
53195041 231
54333050 236
53472384 233
53589183 233
52764417 230
53390325 232
52800342 230
52716616 229
52837308 230
53038241 231
53322591 232
52866667 230
53075733 231
53991417 235
52550675 229
53293334 232
52833483 230
53256600 232
52962617 230
54174683 236
56357133 245
53731891 234
54552092 237
54175808 236
53663400 233
53100658 231
53355800 232
53692416 234
54522167 237
54129425 235
53886850 234
53599117 233
53395117 232
53606058 233
54217483 236
53626509 233
52587475 229
53069617 231
53518633 233
53702934 234
52848200 230
53409909 232
54215709 236
53286834 232
53031025 231
54135100 236
53095167 231
53459967 233
53749725 234
53186608 231
53484800 233
52851433 230
55738858 243
54262017 236
53508591 233
52940958 230
54008525 235
53351992 232
53979433 235
53303209 232
53360342 232
53645700 233
53312883 232
52531958 229
53149034 231
54045167 235
53577700 233
53708783 234
54277016 236
55144733 240
55600458 242
53457892 233
54260375 236
53900350 234
53487092 233
55299067 241
53138217 231
53879350 234
53358392 232
52760808 230
52762083 230
53167083 231
53451725 233
53484767 233
52958983 230
52876900 230
53358584 232
52779308 230
52442366 228
52583934 229
52710767 229
55081891 240
52742058 229
52902625 230
52343066 228
53426634 232
52707892 229
52620633 229
54187075 236
52793700 230
52882100 230
53730042 234
53408984 232
53827283 234
52308750 228
53406783 232
52738525 229
53683308 234
53482166 233
54343233 236
54057233 235
52944892 230
53152809 231
53866800 234
54503325 237
53906275 235
53274825 232
53544283 233
53170184 231
52935308 230
53482875 233
53739800 234
55391650 241
55542367 242
53254234 232
53473225 233
54105441 235
53325817 232
55179767 240
54039092 235
54083667 235
53896791 234
53576016 233
52981992 230
54012250 235
53414834 232
54127150 235
54629966 238
52972766 230
54090725 235
53442450 232
54401308 237
53520467 233
53565467 233
53905475 235
52842666 230
53152759 231
53720575 234
55936950 243
53406417 232
53744634 234
53674467 234
54076650 235
53644692 233
53115217 231
53702742 234
53666208 233
52962909 230
53912309 235
53576325 233
55189675 240
38871372 169
53305000 232
54226825 236
52547067 229
53514900 233
56179842 244
53118150 231
53385159 232
54352100 236
53459650 233
53092358 231
53156500 231
52923025 230
54190525 236
54439534 237
53060392 231
52799125 230
53272500 232
53612134 233
53330650 232
53269792 232
54087717 235
53361758 232
52919925 230
52794225 230
52847034 230
53057350 231
54209650 236
56462500 246
53511575 233
53803725 234
53992400 235
53667408 233
53322558 232
53678433 234
52772316 230
52708325 229
52964209 230
53740100 234
54192600 236
53978008 235
53988766 235
53579850 233
54245791 236
53531408 233
53146859 231
53011050 231
53962758 235
54606083 238
54838642 239
53548692 233
54174809 236
53209933 231
53283608 232
54089491 235
53228517 232
53089783 231
53587042 233
53911266 235
54316891 236
53461958 233
53309758 232
54050041 235
55118875 240
53970558 235
54035525 235
54112533 235
53018000 231
53150441 231
52687250 229
53207483 231
53315708 232
55029291 239
53751108 234
53608217 233
53606242 233
53536858 233
53350484 232
53389625 232
53594025 233
53498542 233
53380292 232
53866025 234
55093833 240
53706916 234
53768375 234
53534575 233
53561184 233
53677925 234
53604583 233
52924992 230
53418925 232
54015584 235
53031708 231
53041467 231
53358192 232
53166492 231
53462317 233
54285716 236
53568592 233
53546950 233
53018234 231
53190867 231
53704875 234
53791892 234
52133542 227
53429083 232
54327217 236
54893559 239
54084325 235
53691833 234
54042600 235
54184908 236
53311983 232
52962767 230
53726200 234
52888634 230
53692466 234
53802875 234
53524375 233
54394975 237
54175900 236
53923034 235
53504300 233
53559384 233
53901509 234
54214625 236
54976867 239
53834641 234
54442042 237
53784841 234
53457784 233
52968709 230
53629142 233
53192417 231
53567700 233
54087317 235
53673833 233
53471375 233
53297141 232
53329883 232
53084617 231
52949750 230
53808891 234
53180700 231
54890450 239
52817500 230
52959467 230
53428542 232
53075308 231
53316858 232
54472350 237
53289067 232
53469258 233
55165508 240
54630716 238
53643292 233
55749992 243
54619242 238
53096709 231
54286750 236
53075267 231
53817000 234
53027084 231
53024917 231
54228408 236
53363133 232
53063884 231
53537933 233
54306458 236
53391850 232
53101409 231
53517675 233
53858241 234
54338184 236
53698983 234
53850817 234
53592433 233
53679575 234
54033083 235
53003908 231
52833375 230
53264867 232
53849133 234
53167050 231
53128959 231
52817450 230
55293266 241
53239009 232
53912733 235
54959250 239
53281683 232
56703425 247
54269275 236
52874059 230
52881850 230
53302116 232
53260367 232
53662167 233
53718734 234
54179675 236
53324691 232
53049275 231
52823534 230
54024966 235
53490700 233
52847283 230
53859616 234
54332425 236
53298058 232
54051658 235
53861342 234
54059250 235
52846025 230
52679675 229
53300467 232
52961092 230
53718292 234
53968667 235
53577567 233
53112025 231
52989341 231
53694258 234
53871942 234
53401217 232
53146216 231
54172350 236
53486841 233
53975325 235
53566134 233
54230083 236
54936950 239
53121650 231
54116467 235
53813984 234
54469942 237
54562667 237
53278616 232
53744567 234
53553459 233
53277908 232
53439425 232
53532850 233
53216367 232
54616892 238
54101658 235
53328016 232
53111817 231
52931500 230
52006925 226
52914475 230
53557508 233
52906558 230
53679200 234
