185808 51
206066 57
350525 97
179842 50
210083 58
203025 56
233509 65
175825 49
234467 65
211259 58
219808 61
210025 58
227808 63
199108 55
191783 53
198841 55
203958 56
219466 61
161458 45
183692 51
251816 70
211383 58
239834 66
196583 54
205041 57
236025 65
184592 51
200067 55
175917 49
244583 68
202058 56
179683 50
189708 52
251500 70
184733 51
200800 56
187875 52
241783 67
184525 51
179725 50
225933 63
213075 59
189142 52
217116 60
218700 61
222359 62
216333 60
178283 49
233692 65
182633 50
223975 62
243184 67
272908 76
205966 57
172525 48
244333 68
77152 21
121464 33
135704 37
128180 35
104420 29
95128 26
88592 24
150308 41
133232 37
134116 37
265292 74
103312 28
139144 38
93248 26
115472 32
133824 37
99800 27
125292 34
96484 26
115480 32
112448 31
87776 24
119352 33
135448 37
141164 39
96940 27
201066 56
210350 58
199342 55
172766 48
201475 56
189792 52
197650 55
123104 34
204908 57
217792 60
216167 60
215959 60
200191 55
215400 60
231867 64
206558 57
203409 56
202966 56
202016 56
209558 58
215550 60
201467 56
236608 66
184084 51
192117 53
208025 58
188659 52
188025 52
195342 54
190984 53
197508 55
191042 53
225100 62
207958 58
206941 57
214359 59
159700 44
205358 57
220716 61
246634 68
88836 24
202350 56
227017 63
223233 62
172608 48
226383 63
217850 60
258533 72
281842 78
257100 71
208909 58
160417 44
233792 65
143312 39
199917 55
173592 48
181075 50
207533 57
238975 66
188300 52
187209 52
218217 60
372284 103
172817 48
203292 56
201183 56
213983 59
189167 52
190683 53
222617 62
131268 36
191358 53
160925 44
230275 64
194317 54
239625 66
215092 60
194325 54
213242 59
234525 65
189133 52
189842 52
224741 62
233458 65
212025 59
231416 64
205417 57
204942 57
204941 57
235558 65
250300 69
239892 66
250558 69
262359 73
200758 56
188809 52
222459 62
227367 63
199509 55
188209 52
225667 62
247400 69
231541 64
218083 60
211575 59
201242 56
222300 62
209716 58
219025 61
209409 58
163008 45
210634 58
193241 53
240475 67
201466 56
174633 48
160825 44
191175 53
231417 64
212433 59
214450 59
204433 57
183525 51
188875 52
200558 55
202759 56
213792 59
216650 60
200750 56
188017 52
172850 48
173325 48
222042 61
192125 53
217783 60
191816 53
186116 51
235209 65
172417 48
208142 58
212433 59
192525 53
215800 60
226491 63
223258 62
227725 63
122664 34
230408 64
221816 61
223891 62
211484 59
200108 55
179750 50
199550 55
214408 59
135072 37
114640 31
94552 26
112668 31
102888 28
116628 32
116032 32
96164 26
127144 35
120440 33
89600 25
124092 34
95192 26
128460 35
94344 26
88636 24
89136 24
186916 52
216667 60
197058 54
173283 48
198600 55
217608 60
214316 59
232525 64
208708 58
207900 58
205508 57
244450 68
108024 30
132072 36
134508 37
131592 36
104560 29
140324 39
99600 27
139656 38
112140 31
104360 29
115416 32
133056 37
119216 33
120944 33
134124 37
88564 24
118900 33
127964 35
125588 35
122052 34
222467 62
184908 51
249167 69
229075 63
206609 57
217533 60
216717 60
228067 63
216133 60
217008 60
190100 53
215259 60
206891 57
215533 60
201675 56
201300 56
185600 51
176283 49
192733 53
191450 53
123268 34
186084 51
187233 52
186584 52
201234 56
206850 57
210508 58
201575 56
224908 62
239117 66
202458 56
243483 67
189475 52
204517 57
211225 58
176609 49
188567 52
200325 55
183242 51
229900 64
175083 48
223008 62
220700 61
223384 62
215384 60
176408 49
196633 54
225816 63
198225 55
199791 55
192275 53
216283 60
213217 59
102264 28
222517 62
182050 50
242234 67
197266 55
208967 58
225709 62
202683 56
188167 52
184492 51
222508 62
191992 53
209808 58
213767 59
209858 58
226059 63
225875 63
222275 62
210158 58
188050 52
222216 62
189992 53
495100 138
187309 52
161375 45
201175 56
234775 65
217825 60
207042 57
202967 56
176258 49
175125 48
200450 55
210984 58
206475 57
182025 50
234150 65
176475 49
161417 45
189917 52
212483 59
173142 48
173858 48
200441 55
174975 48
195475 54
182542 50
193592 54
189658 52
219566 61
218533 60
225775 62
112000 31
205959 57
176742 49
194059 54
198491 55
222783 62
220858 61
213075 59
184175 51
247175 68
172133 48
217492 60
205300 57
190874 53
202708 56
223308 62
187167 52
235542 65
207675 57
224816 62
182992 51
216942 60
186625 52
205717 57
229291 63
201291 56
96428 26
208275 58
202216 56
396808 110
203592 56
201609 56
200167 55
89480 24
95288 26
134924 37
102044 28
129364 36
113176 31
113260 31
91172 25
122856 34
96564 26
124696 34
102144 28
111312 31
126060 35
138216 38
128620 35
115052 32
111004 30
149492 41
127628 35
118552 33
147988 41
143120 39
113488 31
90240 25
143596 40
117204 32
115376 32
126004 35
108508 30
125836 35
104812 29
138692 38
113128 31
111580 31
137932 38
98164 27
127168 35
117444 32
142296 39
239667 66
202617 56
212783 59
229991 64
222183 61
183692 51
206783 57
198367 55
205333 57
217016 60
197550 55
222550 62
88964 24
189067 52
217016 60
177008 49
189017 52
203984 56
241316 67
189458 52
205817 57
197392 55
191508 53
201509 56
173358 48
123320 34
222325 62
175817 49
229700 64
217925 60
213842 59
221884 61
202308 56
211733 59
180225 50
198058 55
225425 62
209292 58
111812 31
161225 44
173442 48
192233 53
201808 56
223542 62
189217 52
218642 61
221991 61
221608 61
209850 58
189842 52
208000 58
102168 28
219058 61
189675 52
243058 67
207884 58
198842 55
206850 57
221550 61
172158 48
228367 63
222033 61
235091 65
200558 55
202175 56
216042 60
202141 56
215525 60
215416 60
303633 84
188441 52
216234 60
180475 50
225608 62
191625 53
194842 54
231733 64
172541 48
201975 56
182591 50
211533 59
217967 60
183550 51
194991 54
189950 52
231375 64
206600 57
207317 57
214008 59
227042 63
180450 50
208041 58
172809 48
237833 66
226675 63
191775 53
189025 52
184733 51
217341 60
219941 61
273092 76
227983 63
234584 65
211050 58
235909 65
201159 56
210500 58
233808 65
162167 45
220533 61
215692 60
223333 62
227933 63
189517 52
187566 52
235333 65
200009 55
190608 53
180833 50
255009 71
190475 53
218284 60
218267 60
173850 48
127224 35
204658 57
183716 51
261800 73
219992 61
222450 62
216583 60
233759 65
220950 61
177608 49
213642 59
228825 63
211666 59
191192 53
222900 62
205550 57
225025 62
239933 66
200217 55
205383 57
178725 49
211858 59
225750 62
244550 68
235450 65
216375 60
229308 63
223175 62
212233 59
209350 58
207867 57
225966 63
225375 62
160625 44
216175 60
180083 50
218767 61
178317 49
221708 61
218892 61
190709 53
200534 55
253083 70
212608 59
207325 57
201200 56
112588 31
217767 60
198266 55
183559 51
223708 62
228842 63
207283 57
216625 60
202366 56
174108 48
227750 63
217033 60
215042 60
104120 29
247617 69
206741 57
195808 54
233525 65
177808 49
201592 56
229025 63
214475 59
229042 63
175450 48
208566 58
216908 60
78244 21
159250 44
221359 61
176842 49
189341 52
229175 63
202875 56
223775 62
221358 61
216417 60
227609 63
218275 60
195809 54
214341 59
220775 61
198617 55
244450 68
186983 52
202792 56
201642 56
174633 48
197842 55
232459 64
181583 50
208017 58
206950 57
161892 45
90044 25
206067 57
200867 56
199767 55
215767 60
172717 48
220575 61
179925 50
189775 52
185891 51
193266 53
234033 65
200034 55
219142 61
142112 39
143260 39
94316 26
111392 31
134804 37
117324 32
124936 34
129876 36
127264 35
93636 26
177675 49
221758 61
250925 70
199600 55
175491 48
174858 48
197816 55
224508 62
231867 64
203916 56
213092 59
190525 53
203933 56
245508 68
201800 56
218042 60
202350 56
208200 58
186250 51
220575 61
221084 61
204766 57
190150 53
217784 60
232275 64
118080 32
252458 70
217492 60
225683 62
190041 53
202525 56
192258 53
198050 55
189617 52
221033 61
192267 53
178383 49
185225 51
236942 66
238183 66
174533 48
191567 53
200759 56
189625 52
211808 59
101168 28
222450 62
225575 62
203508 56
181758 50
205442 57
203542 56
182959 51
187334 52
187816 52
224133 62
304792 85
215625 60
216367 60
237692 66
241092 67
180883 50
218333 60
216433 60
212567 59
202108 56
210067 58
182559 50
173900 48
248958 69
218309 60
220316 61
210800 58
234150 65
208950 58
238458 66
172067 48
217991 60
226142 63
208000 58
201400 56
206883 57
205675 57
189750 52
185591 51
250133 69
220475 61
214317 59
209659 58
208992 58
199642 55
432125 120
162292 45
179750 50
186725 52
210458 58
190283 53
184517 51
200100 55
208125 58
217033 60
181225 50
539983 150
212267 59
216213 60
189208 52
221908 61
161733 45
189533 52
217183 60
193325 53
198892 55
184675 51
218766 61
212941 59
201417 56
216825 60
102172 28
244200 68
189825 52
185916 51
191258 53
220191 61
184066 51
183250 51
190267 53
172150 48
221075 61
192433 53
209584 58
223025 62
199575 55
134868 37
114744 32
104124 29
131440 36
126348 35
125936 35
91580 25
129468 36
117952 32
139252 38
115332 32
136620 38
111548 31
95044 26
112156 31
125940 35
135180 37
99956 27
134160 37
118432 33
139628 38
130080 36
101584 28
103932 28
126492 35
86836 24
109524 30
217983 60
190750 53
175983 49
220958 61
182217 50
198033 55
190483 53
226342 63
207550 57
204741 57
215917 60
185808 51
235417 65
131180 36
211600 59
207917 58
177600 49
223300 62
220433 61
203317 56
212958 59
201250 56
205258 57
219675 61
182542 50
201458 56
228642 63
221650 61
195867 54
162533 45
217984 60
196250 54
184858 51
125612 35
189575 52
234375 65
224967 62
241492 67
218767 61
173892 48
174741 48
206308 57
191384 53
202642 56
225725 62
234817 65
112508 31
237559 66
173850 48
206733 57
216667 60
201417 56
225800 63
189075 52
204275 56
183125 51
222317 62
215667 60
220492 61
138180 38
222117 61
193075 53
230042 64
195142 54
238266 66
207075 57
200758 56
221183 61
195791 54
206525 57
189375 52
191458 53
216892 60
206425 57
223367 62
159984 44
199233 55
170525 47
220950 61
205992 57
246834 68
205359 57
234208 65
225017 62
222767 62
175742 49
198200 55
206184 57
221650 61
182942 51
190166 53
201175 56
370667 103
201525 56
217883 60
160159 44
216783 60
218458 60
186125 51
92208 25
213742 59
164833 45
178041 49
221292 61
237241 66
234600 65
124712 34
132228 36
115860 32
112776 31
95528 26
126740 35
98420 27
112072 31
134680 37
128880 35
217325 60
192533 53
218958 61
177750 49
225558 62
208917 58
205750 57
216992 60
215817 60
182825 51
202108 56
192292 53
217825 60
191092 53
