180259 50
110012 30
190175 53
172933 48
173433 48
171575 47
182425 50
188225 52
186850 52
206425 57
178817 49
173292 48
201684 56
179584 50
206733 57
189084 52
200700 55
190300 53
172309 48
203384 56
227608 63
219350 61
202758 56
175992 49
214159 59
191092 53
202675 56
204092 56
181467 50
160116 44
224625 62
161508 45
221191 61
201275 56
220716 61
200883 56
226058 63
175134 48
223567 62
175217 48
230975 64
180042 50
219791 61
186008 51
202525 56
185025 51
205983 57
174550 48
202650 56
214200 59
189216 52
158848 44
198175 55
199308 55
197516 55
201050 56
192884 53
187767 52
177466 49
173875 48
231041 64
174741 48
221325 61
190433 53
216242 60
172083 48
181100 50
172491 48
200217 55
187617 52
192517 53
173800 48
181675 50
176433 49
174809 48
177142 49
189166 52
183125 51
182500 50
98862 27
226958 63
160875 44
211716 59
177075 49
226142 63
160325 44
212708 59
189383 52
200892 56
201692 56
209784 58
182775 50
215058 60
204534 57
189541 52
287825 80
216784 60
191242 53
189409 52
202092 56
385542 107
197133 55
198500 55
200234 55
216933 60
175891 49
197525 55
202475 56
258608 72
184417 51
221425 61
211792 59
185891 51
192350 53
161550 45
203500 56
174500 48
153857 42
196583 54
231525 64
115044 32
216525 60
199800 55
213991 59
174075 48
204308 57
173675 48
187183 52
187142 52
207016 57
182658 50
223350 62
183558 51
175966 49
188208 52
162533 45
201859 56
199816 55
215225 60
204609 57
190591 53
210192 58
98420 27
208334 58
206300 57
202983 56
190033 53
213742 59
199016 55
184217 51
182084 50
209175 58
292692 81
221625 61
189025 52
217500 60
217425 60
199417 55
223225 62
223042 62
247025 68
240350 67
223066 62
242466 67
197691 55
230425 64
223900 62
258683 72
251808 70
227325 63
258609 72
356834 99
234217 65
220517 61
237458 66
216450 60
233316 65
191659 53
208091 58
207834 57
219242 61
299642 83
223425 62
185617 51
246575 68
187925 52
184516 51
193275 53
180067 50
109604 30
202758 56
189808 52
186716 52
201700 56
197550 55
174317 48
228258 63
198142 55
216234 60
200066 55
206733 57
199659 55
199216 55
225067 62
161258 44
214967 59
161867 45
211475 59
212550 59
240466 67
189309 52
185817 51
203342 56
280133 78
210896 58
179000 49
203241 56
193325 53
218859 61
173426 48
192092 53
187717 52
192450 53
178559 49
190100 53
215934 60
217850 60
191317 53
204983 57
188800 52
207566 57
203958 56
214925 59
102520 28
230983 64
201025 56
209583 58
191616 53
217791 60
188609 52
215675 60
198542 55
234850 65
238250 66
222141 61
165067 46
216633 60
172317 48
189133 52
163225 45
130500 36
181784 50
228125 63
178691 49
231125 64
181200 50
204983 57
181575 50
221917 61
205559 57
206625 57
187333 52
232217 64
190208 53
203842 56
199550 55
233108 65
257859 71
234167 65
213784 59
235800 65
204184 56
219150 61
189692 52
295233 82
185300 51
177441 49
172567 48
163508 45
162109 45
190709 53
210192 58
199600 55
196900 54
187866 52
216875 60
162459 45
234084 65
173634 48
232442 64
160558 44
463841 129
190900 53
210858 58
191491 53
217208 60
201450 56
219792 61
190525 53
214192 59
181725 50
192000 53
201400 56
194891 54
205084 57
190808 53
229675 64
216250 60
175042 48
184767 51
189516 52
207209 57
205325 57
191533 53
136991 38
175734 49
216367 60
219809 61
191600 53
233308 65
441508 123
227534 63
216142 60
201333 56
205525 57
187134 52
220484 61
183000 51
207059 57
175992 49
218125 60
164600 45
187392 52
159208 44
220508 61
203458 56
239050 66
217450 60
210034 58
228717 63
206416 57
219900 61
226733 63
204183 56
234558 65
207859 57
222100 61
242834 67
277641 77
196625 54
227259 63
190242 53
232350 64
188250 52
275725 76
199809 55
215609 60
206142 57
240016 66
206091 57
167483 46
207758 57
199866 55
199100 55
242833 67
199467 55
224733 62
198220 55
393242 109
88832 24
147256 41
160358 44
219575 61
173417 48
187850 52
100320 27
210691 58
163867 45
178575 49
187950 52
186658 52
175033 48
192550 53
188908 52
272575 76
78424 21
220200 61
197633 55
204433 57
199025 55
178017 49
204025 56
214734 59
160816 44
236500 65
158559 44
232866 64
430908 120
216258 60
480225 133
229259 63
218259 60
126668 35
205742 57
123152 34
222158 61
231817 64
226950 63
217167 60
217675 60
188750 52
386109 107
110420 30
205067 57
202266 56
196350 54
175800 49
176175 49
201900 56
216975 60
198809 55
219800 61
178325 49
174491 48
187317 52
173433 48
162892 45
171292 47
179450 50
179492 50
173259 48
182242 50
182842 51
177050 49
180908 50
185300 51
173158 48
188083 52
201700 56
200834 56
198167 55
247833 69
198375 55
215400 60
200750 56
229208 63
245800 68
187842 52
237875 66
187183 52
237892 66
216975 60
242125 67
200817 56
140308 39
209625 58
206983 57
200884 56
369308 103
188517 52
212059 59
203492 56
211017 58
186600 52
220467 61
219000 61
193008 53
230292 64
202991 56
216400 60
163244 45
216108 60
201775 56
216558 60
216400 60
228500 63
251825 70
211567 59
263558 73
214442 59
252258 70
198808 55
223533 62
191759 53
222809 62
199833 55
240350 67
188175 52
217958 60
221233 61
239550 66
189117 52
211442 58
187291 52
200859 56
178733 49
237675 66
185875 51
219825 61
217591 60
189258 52
201658 56
175700 49
188116 52
101619 28
204834 57
212216 59
190325 53
236675 66
215075 60
212308 59
198441 55
221158 61
204467 57
121812 33
202209 56
205975 57
206108 57
191650 53
185258 51
217066 60
214000 59
222183 61
229842 64
208448 58
254117 70
237175 66
239175 66
233591 65
221840 61
242883 67
224808 62
260042 72
208809 58
190965 53
219008 61
232117 64
232308 64
231217 64
232567 64
240650 67
194167 54
234391 65
142888 39
245242 68
237008 66
219058 61
244058 68
233650 65
241483 67
236184 65
236483 65
240000 66
275942 76
235341 65
235967 65
240375 67
188609 52
238891 66
201125 56
228783 63
213550 59
242600 67
226167 63
238100 66
220499 61
239391 66
229742 64
454350 126
216959 60
436909 121
216183 60
223534 62
226834 63
216425 60
239250 66
233925 65
206983 57
240016 66
226725 63
234875 65
211866 59
130460 36
211734 59
264050 73
193742 54
226416 63
213575 59
222825 62
224808 62
231675 64
220883 61
239783 66
457942 127
239458 66
224092 62
210108 58
252100 70
217791 60
223350 62
205409 57
199167 55
235267 65
182333 50
235825 65
215467 60
227317 63
224458 62
215075 60
216275 60
190683 53
214608 59
227850 63
219825 61
228750 63
199858 55
223375 62
182058 50
347130 96
189933 52
225633 62
198950 55
259225 72
216625 60
225684 62
184450 51
221091 61
188467 52
271067 75
187991 52
203708 56
171817 47
201716 56
159733 44
221783 61
173492 48
291016 81
171766 47
181825 50
176309 49
199050 55
197558 55
208292 58
201558 56
221517 61
238475 66
215333 60
251008 70
217633 60
232750 64
172772 48
206117 57
215141 60
188758 52
208575 58
203667 56
212375 59
204041 56
236467 65
178467 49
216258 60
169912 47
212650 59
194175 54
213900 59
193200 53
211266 58
187091 52
213392 59
192092 53
204308 57
232817 64
222292 62
202234 56
195134 54
201608 56
218434 60
191717 53
227550 63
191283 53
227833 63
208975 58
233050 65
217550 60
184117 51
216892 60
178467 49
230433 64
160525 44
219300 61
188933 52
230625 64
191300 53
228733 63
215150 60
219808 61
214992 59
224508 62
217475 60
466200 130
121344 33
224075 62
201400 56
205645 57
188092 52
219209 61
233650 65
224308 62
215600 60
220908 61
203083 56
181513 50
215833 60
203550 56
206180 57
232725 64
227934 63
222083 61
214350 59
206700 57
204767 57
188891 52
239933 66
215242 60
237425 66
314883 87
249917 69
204167 56
237291 66
221833 61
235450 65
133776 37
231600 64
197392 55
244233 68
190691 53
219675 61
179317 50
231259 64
172892 48
216108 60
188734 52
113280 31
170559 47
205242 57
187375 52
193609 54
179014 49
273342 76
172866 48
192592 53
201775 56
200667 55
190300 53
242067 67
188583 52
222891 62
171483 47
216667 60
184600 51
211109 58
174050 48
215350 60
174575 48
139780 39
238742 66
227284 63
221241 61
200842 56
203534 56
225759 62
169109 47
205892 57
189259 52
199516 55
206642 57
174408 48
188675 52
181958 50
188475 52
189000 52
186425 52
182291 50
191783 53
202500 56
191442 53
218775 61
185159 51
161725 45
206159 57
215733 60
186609 52
181633 50
160350 44
176475 49
167275 46
257250 71
160666 44
190325 53
171308 47
187284 52
194459 54
161958 45
215450 60
184775 51
186725 52
160642 44
178966 49
205534 57
173776 48
187342 52
200067 55
190550 53
205008 57
215058 60
403850 112
190450 53
174216 48
192125 53
200675 55
207658 57
183025 51
214183 59
181217 50
214325 59
201242 56
215558 60
210075 58
227558 63
237775 66
220475 61
254250 70
209317 58
256233 71
199391 55
254192 70
186191 51
234600 65
185221 51
224234 62
193308 53
236033 65
224817 62
189508 52
239975 66
215500 60
175391 48
229316 63
202417 56
202208 56
217616 60
216834 60
201166 56
216017 60
221441 61
218650 61
238809 66
226883 63
246366 68
223658 62
220517 61
200700 55
190075 53
206367 57
225725 62
237050 66
191850 53
190225 53
203783 56
197042 54
152950 42
204667 57
181658 50
193767 54
178966 49
212733 59
177600 49
204434 57
181725 50
164334 45
188975 52
122522 34
220558 61
181358 50
207491 57
174675 48
210092 58
186667 52
188925 52
124648 34
190291 53
217708 60
210350 58
209917 58
197250 55
186625 52
185567 51
180416 50
144731 40
188592 52
185884 51
201433 56
183600 51
205508 57
175558 48
216575 60
193100 53
232733 64
159217 44
191200 53
160592 44
237708 66
189234 52
201733 56
189416 52
189633 52
189817 52
219283 61
191242 53
232150 64
203617 56
227325 63
200442 55
232250 64
243500 67
190767 53
212684 59
231875 64
214441 59
221458 61
176358 49
214433 59
188016 52
197275 55
178600 49
240075 66
203575 56
248183 69
214800 59
244350 68
201750 56
251500 70
186475 52
220792 61
184925 51
236725 66
209275 58
229234 63
270100 75
242100 67
196091 54
254216 70
200650 55
229191 63
200083 55
240084 66
221384 61
225300 62
212400 59
206075 57
207825 57
160320 44
216158 60
224125 62
203959 56
219750 61
220916 61
207400 57
212317 59
236541 65
216909 60
234100 65
221842 61
233350 65
223683 62
234050 65
223525 62
219417 61
228175 63
225050 62
223792 62
217108 60
230950 64
195908 54
225059 62
213891 59
228800 63
233342 65
221700 61
211867 59
220483 61
236258 65
196192 54
241425 67
185559 51
230692 64
209141 58
231933 64
231108 64
263084 73
