18486317 141
16454233 125
16461158 125
16863566 128
16226667 123
15847480 120
16240083 123
15677891 119
16406675 125
12747125 97
16319192 124
16252200 123
16514855 125
16231625 123
13894824 106
16448516 125
13270508 101
16324608 124
16381941 124
15230424 116
16344658 124
14552588 111
16260309 124
16384949 125
16621541 126
16267795 124
16805415 128
14719992 112
15816428 120
16624791 126
14476121 110
16346617 124
12775447 97
16881483 128
16301967 124
17422533 132
16304684 124
13686760 104
16455409 125
15949736 121
16659225 127
16326642 124
18277325 139
16288117 124
15468636 118
16527366 126
15993151 122
16265459 124
12700001 96
16463783 125
16484058 125
16394539 125
16620050 126
13119508 100
16189583 123
15159063 115
16430833 125
16480325 125
17907949 136
16187275 123
14417452 109
16254684 124
18555545 141
16333317 124
14466369 110
16792192 128
16571400 126
14901548 113
16430008 125
13006035 99
16238866 123
14115528 107
16514434 125
16199917 123
13553348 103
16298691 124
13028349 99
16455284 125
13590112 103
16428417 125
16319617 124
17377756 132
14107642 107
12374596 94
16368050 124
14854297 113
16406800 125
16361242 124
17904973 136
16397825 125
14044480 107
16203200 123
17036166 129
16499859 125
16386042 125
16812392 128
16628306 126
15792324 120
16454142 125
14777946 112
16167791 123
12147025 92
16328742 124
16398566 125
17778699 135
16445791 125
13157140 100
16159591 123
14849957 113
16158925 123
16532375 126
18022502 137
16327949 124
15496080 118
16508433 125
17387964 132
16247458 123
14024317 106
16562375 126
16668216 127
16427195 125
16470575 125
12621080 96
16086267 122
15908396 121
16359792 124
16453525 125
17713082 135
16359342 124
14876896 113
16309530 124
17423081 132
16442100 125
16389383 125
16830900 128
16339908 124
16516668 126
15647229 119
15284367 116
16242800 123
12577742 95
16304567 124
16368100 124
19186619 146
16271216 124
13914968 106
16202117 123
15732380 120
15905210 121
16231841 123
17324934 132
16799466 128
14772668 112
16472358 125
16867533 128
16224583 123
14398631 109
16702091 127
16325025 124
15896056 121
16215884 123
12471644 95
16394150 125
15690648 119
16273942 124
16284798 124
18485437 141
16257617 124
14931872 113
16313708 124
17334700 132
16348216 124
14377777 109
17036450 129
16486308 125
15433816 117
16618975 126
12372659 94
16551568 126
12747045 97
16359975 124
16291700 124
17086427 130
16451967 125
13899772 106
16384066 125
15980957 121
16544408 126
16343667 124
16904525 128
16376800 124
16226656 123
16833880 128
13822239 105
16371083 124
12980308 99
16257933 124
14639191 111
18011318 137
16194429 123
13752760 104
16507550 125
15169905 115
16399075 125
16138767 123
17136950 130
16589391 126
16087412 122
16443742 125
14340371 109
16183767 123
12368971 94
16354541 124
16102283 122
18159871 138
16394325 125
13560468 103
16339459 124
14976860 114
16572225 126
16584150 126
17747368 135
16456659 125
14373884 109
16654408 127
17070208 130
16133392 123
15097905 115
16495184 125
16199425 123
16002260 122
16210850 123
12526608 95
16539125 126
13586860 103
16258684 124
16400341 125
18837927 143
16451266 125
11630352 88
16318450 124
13720119 104
16330075 124
16604058 126
18674430 142
15987166 121
14450308 110
17359994 132
15243527 116
16146217 123
16137892 123
16544558 126
16691066 127
15268992 116
16551850 126
14111909 107
16327492 124
13858523 105
16522208 126
16716875 127
18273454 139
16189097 123
13908968 106
16356625 124
16201293 123
16293633 124
16199500 123
16974700 129
16443908 125
16190316 123
16704250 127
15089136 115
16281984 124
12417137 94
16566383 126
16374142 124
16830800 128
16288558 124
13283032 101
16139041 123
15040101 114
16379775 124
16329150 124
17143283 130
16327300 124
15610972 119
16530771 126
15688091 119
16566908 126
14451099 110
16648900 127
16507159 125
17416000 132
16604208 126
12618845 96
16343297 124
16000104 122
16551625 126
16465458 125
18960617 144
16273717 124
14691020 112
16249442 123
17402051 132
16445042 125
14120189 107
16308759 124
16483125 125
17267494 131
16677367 127
13174316 100
16348133 124
14166479 108
16321025 124
16469183 125
18098467 138
16828441 128
14843884 113
16453567 125
17044594 130
16496675 125
14022013 106
16868925 128
16044542 122
15590180 118
16736650 127
13281792 101
16577417 126
14562025 111
16425909 125
16398834 125
18297930 139
16734642 127
15602616 119
14474425 110
15442471 117
16507791 125
12534388 95
16643492 126
16166547 123
17496647 133
16246483 123
13397540 102
16561200 126
14872544 113
16487066 125
16537692 126
17301825 132
16240708 123
15813384 120
9839380 75
17777416 135
16335167 124
15593517 118
16795333 128
16612216 126
15368922 117
17128141 130
12355160 94
16407875 125
16131332 123
16510350 125
17205907 131
18044500 137
16242933 123
15212132 116
16467050 125
17203184 131
16598250 126
14606996 111
16534200 126
16470958 125
16140456 123
16626566 126
13262312 101
15755661 120
15445225 117
16345708 124
16425144 125
17963758 137
16589059 126
15229140 116
16418750 125
15931336 121
16451491 125
16680659 127
16824533 128
16239508 123
19286615 147
16568133 126
14439624 110
16102783 122
17387774 132
16675750 127
16273541 124
17717733 135
16425900 125
15231328 116
16456987 125
16632331 126
16428308 125
13374530 102
16701959 127
16210778 123
17351668 132
16235317 123
12943144 98
15767942 120
14646450 111
16598859 126
16545283 126
17759183 135
16305950 124
15521028 118
16490800 125
15687796 119
16673875 127
13144409 100
16213800 123
16401784 125
17234022 131
16475525 125
13864364 105
16458300 125
16651803 127
16448533 125
16275751 124
17836108 136
16527275 126
16150112 123
16280625 124
16089748 122
16505292 125
12558970 95
16408350 125
16223283 123
16499361 125
16294592 124
13476912 102
16449259 125
15912350 121
16382025 124
16439141 125
16808942 128
16419025 125
15686460 119
16401825 125
15292893 116
14715345 112
13818384 105
15309424 116
16855892 128
16545650 126
16666133 127
16384784 125
16600208 126
16519625 126
16331266 124
16340384 124
16231350 123
16338483 124
16580117 126
16483191 125
16511600 125
16322716 124
16497667 125
16459767 125
16454034 125
16454892 125
16429542 125
16616234 126
11412604 87
10485564 79
16024122 122
16239942 123
16321317 124
16001163 122
15906318 121
16499425 125
16176892 123
16288269 124
16827200 128
16336441 124
16331892 124
16085858 122
16525875 126
16594834 126
16644033 126
16716275 127
16445117 125
16434041 125
16434059 125
17031433 129
16537917 126
16721325 127
16247991 123
16129450 123
16532252 126
16808609 128
16658017 127
16587483 126
16649717 127
16522958 126
16282000 124
16497250 125
16408858 125
16803142 128
16158975 123
16178150 123
15989708 121
16554500 126
16598633 126
16524875 126
23022824 175
20024712 152
14219616 108
13843428 105
12254528 93
16477450 125
17678900 134
16362433 124
15970706 121
17042808 130
14332920 109
16826400 128
14568257 111
16484198 125
16696007 127
19841878 151
16853009 128
14745564 112
16724675 127
17960567 137
16324150 124
15272809 116
16803605 128
16619791 126
17761156 135
16526075 126
13435204 102
16477689 125
15678296 119
16837600 128
16693666 127
18123166 138
16525425 126
15804724 120
16653758 127
17559437 133
16525609 126
15206153 116
16545533 126
16551558 126
19471436 148
16632341 126
14512556 110
16286179 124
15418538 117
16595275 126
16232684 123
17949034 136
16718559 127
16150128 123
16653075 127
15936438 121
16628766 126
14607849 111
16630642 126
16582575 126
17097969 130
16391425 125
14008604 106
16196575 123
14406237 109
16596917 126
16669517 127
17865256 136
16825108 128
16243092 123
16889900 128
17084201 130
16565664 126
14850923 113
16845550 128
16601358 126
16577436 126
16461259 125
13734729 104
16745042 127
14783645 112
16618450 126
16741925 127
19014892 145
15328875 116
15571668 118
17003625 129
18054649 137
16377258 124
14623024 111
17042183 130
16608567 126
16444456 125
16667500 127
13436088 102
16205509 123
15877017 121
16941316 129
16736258 127
18500400 141
16607200 126
16379124 124
16675508 127
15981762 121
17265433 131
13495341 102
16524859 126
16531659 126
16460926 125
16725008 127
14371896 109
16808883 128
15913426 121
16469375 125
16449733 125
17350325 132
16809266 128
17411244 132
16962209 129
13492270 102
16858300 128
15352497 117
16865258 128
16780292 128
19948837 152
16887575 128
16022304 122
16443234 125
16552652 126
16818483 128
14854544 113
17065767 130
16308752 124
16849046 128
16709417 127
13279632 101
16817075 128
16571767 126
16980233 129
16544342 126
17971817 137
16244060 123
15100772 115
16935642 129
16967724 129
16564867 126
13768770 105
17107258 130
16749716 127
14782084 112
16768400 127
13373600 102
16744425 127
16555288 126
17135833 130
16888974 128
17886700 136
16893816 128
15341788 117
16703517 127
16447387 125
16619800 126
13927056 106
17145192 130
17170175 130
16107689 122
16934475 129
13116020 100
16428983 125
14999714 114
16462767 125
16503266 125
18769392 143
16650858 127
16424384 125
16664808 127
15041919 114
16958508 129
14589369 111
16537665 126
16577042 126
17306902 132
16436716 125
14729056 112
16706825 127
16919243 129
16790750 128
15221137 116
17117205 130
16506950 125
16800188 128
16738433 127
16173393 123
16638491 126
14468607 110
16544758 126
17507358 133
18099821 138
16640909 126
14037236 107
17375467 132
19161886 146
16203339 123
16563746 126
15557020 118
14590848 111
14060399 107
16654892 127
16022308 122
16475383 125
16591009 126
18555373 141
16580558 126
15959648 121
16743158 127
15690065 119
16604567 126
15179495 115
17097450 130
16771333 127
15789674 120
17013192 129
13128944 100
16566942 126
14873907 113
16604492 126
16754142 127
18058625 137
16754475 127
16334276 124
16963633 129
13706432 104
16628459 126
15544809 118
16544175 126
16573908 126
19333895 147
17001083 129
16297652 124
16576287 126
17620426 134
16911425 129
14473421 110
16748158 127
16583850 126
20273874 154
16793150 128
15285412 116
16381084 124
18264144 139
16672533 127
15180740 115
16857709 128
16605350 126
17978165 137
16854475 128
13398368 102
16630250 126
15934436 121
16963383 129
16637025 126
17860434 136
16998800 129
15564860 118
16548194 126
14447230 110
16804391 128
14584224 111
16836600 128
17098425 130
19096266 145
16991600 129
14900700 113
16691175 127
17786675 135
16763442 127
15223744 116
17140075 130
17073625 130
16879922 128
16659384 127
13827632 105
16397308 125
16192242 123
16734525 127
16843400 128
17647459 134
16577800 126
16152672 123
16544217 126
15105486 115
16851875 128
15931768 121
16924083 129
16819125 128
19014025 145
16647059 127
16115872 122
16819975 128
15451598 117
16759434 127
13411263 102
14944666 114
16832305 128
17654985 134
16703625 127
13603204 103
16659900 127
15966810 121
16920542 129
17065508 130
17725567 135
17099059 130
16781948 128
16891491 128
13337661 101
16570925 126
15797756 120
16781983 128
16939525 129
19215232 146
16919450 129
15661008 119
16865767 128
17510306 133
16774438 127
15455741 117
16826108 128
16884792 128
16390964 125
16742025 127
13474552 102
16737317 127
16239619 123
17026684 129
16609791 126
17605083 134
16772908 127
15511244 118
16709542 127
14799401 112
16913425 129
14297827 109
16942333 129
16730209 127
18863999 143
16962816 129
14276108 108
17045608 130
17358830 132
16722859 127
18210603 138
17308775 132
16876358 128
17255214 131
16822467 128
13019124 99
16829041 128
15512401 118
16779142 128
16598792 126
17462358 133
16676734 127
15670184 119
16936392 129
13223971 100
16866459 128
15218365 116
16410416 125
16883742 128
17932025 136
16770750 127
15716528 119
16897608 128
16958291 129
16610808 126
13459034 102
16857142 128
16674767 127
18651500 142
16781042 128
14721284 112
16908341 129
18447208 140
16633350 126
15679962 119
16984709 129
16694350 127
18075105 137
16654141 127
14527468 110
16632483 126
15510357 118
16687891 127
16697334 127
17833158 136
15070409 114
16564412 126
16820209 128
15446115 117
15091025 115
12805050 97
17072125 130
16791325 128
18110472 138
16893534 128
14431948 110
16505475 125
15782041 120
16697928 127
16542042 126
18734033 142
16574666 126
15448060 117
17021034 129
17930014 136
16611167 126
14568656 111
16947900 129
15317317 116
16134441 123
16687584 127
13041992 99
17150025 130
14704766 112
16739592 127
16794417 128
18181334 138
16808491 128
16763700 127
16529741 126
14001633 106
16700942 127
15803115 120
17157733 130
16895042 128
19548469 149
17519900 133
15580672 118
16661891 127
15501069 118
14692293 112
13260114 101
16865659 128
16674884 127
19711257 150
16570391 126
15674904 119
16713841 127
18120650 138
16671295 127
15327647 116
17535467 133
16683392 127
16998785 129
16634608 126
13874908 105
16746667 127
16564599 126
17036250 129
16653567 127
18381433 140
16721891 127
16282360 124
16810817 128
16175811 123
16774267 127
13286934 101
17019025 129
16588900 126
18863261 143
16659125 127
14879124 113
16903167 128
17585191 134
16813625 128
14286959 109
17211775 131
16802058 128
17802441 135
16758033 127
14048388 107
16780375 128
15894792 121
16935008 129
16777075 127
17802375 135
15313350 116
15974672 121
16673825 127
13859444 105
