4595864 70
7551600 115
7552917 115
7606400 116
7321625 111
7359742 112
7556116 115
7616716 116
7659417 116
7552183 115
7619992 116
7553800 115
7438142 113
7554584 115
7554091 115
7554542 115
7612833 116
7458525 113
7550217 115
6345000 96
7579567 115
7467325 113
7563525 115
7519661 114
7556759 115
7561991 115
7446000 113
7404600 112
6603241 100
7622425 116
7677884 117
7599191 115
7572342 115
7627500 116
7564234 115
7619867 116
7605884 116
7438383 113
7456633 113
7441083 113
7458546 113
7557200 115
7559616 115
7551508 115
7604292 116
7609892 116
7558742 115
7250742 110
7562108 115
7553941 115
7609125 116
7802850 119
7463183 113
7555133 115
7346650 112
7471200 114
7613000 116
7622150 116
7606833 116
7604442 116
7600108 115
7618358 116
7519750 114
7396841 112
7488200 114
7613708 116
4751960 72
4656296 71
4715424 71
4684176 71
4730816 72
4614296 70
4700100 71
4605484 70
4597892 70
7369442 112
7432266 113
7564700 115
7610075 116
7553992 115
4633044 70
7562083 115
6960789 106
5728626 87
4730716 72
7555393 115
7565825 115
4640852 70
7688450 117
7619692 116
7606108 116
4661352 71
7600000 115
7558683 115
5993871 91
4620000 70
7554633 115
7506833 114
4632988 70
7759175 118
7544550 115
7613500 116
4662680 71
7563350 115
6444842 98
7154684 109
4666604 71
7554292 115
7555341 115
4669352 71
4601100 70
7552991 115
7606316 116
7466877 113
7374108 112
7507042 114
7506725 114
4714428 71
7609433 116
7378133 112
4756112 72
4756924 72
7399742 112
7555283 115
5871670 89
7559959 115
7303300 111
7402066 112
4661080 71
7571759 115
7545215 115
5137362 78
4789564 73
7564367 115
7387691 112
4619512 70
7615409 116
7381175 112
7456442 113
4699624 71
7471492 114
7438783 113
6889443 105
4823116 73
7560400 115
7444508 113
4624596 70
7582366 115
7405508 112
7527567 114
7556042 115
7558375 115
7551817 115
7564475 115
4778160 72
7542325 115
7606133 116
5698485 86
4598276 70
7569109 115
7743200 118
7447483 113
7566291 115
7399367 112
7599650 115
4685592 71
7568400 115
7366250 112
6039543 92
4619784 70
7600808 115
7558509 115
6665692 101
7565400 115
7388758 112
7621400 116
4780720 72
7571241 115
7555258 115
5622405 85
4937568 75
7609283 116
7611192 116
4596756 70
7418275 113
7554242 115
7511783 114
6144941 93
7435425 113
7418900 113
7552817 115
4669068 71
7363850 112
7362158 112
4643464 70
4641851 70
7261692 110
7603134 116
7568533 115
7562609 115
7402517 112
7400325 112
4702544 71
7571509 115
7458400 113
6199124 94
4637672 70
7248667 110
7390083 112
7622842 116
7610391 116
7410858 113
7395783 112
4688520 71
7611317 116
7507083 114
4711868 71
4626204 70
7601592 115
7426892 113
5140679 78
7609425 116
7457167 113
7552933 115
5310434 81
7556184 115
7602775 116
7370362 112
4659268 71
7612558 116
7596966 115
4599044 70
7073835 107
7553550 115
7561992 115
5706983 87
7812483 119
7613258 116
7610808 116
4658868 71
7603125 116
7555400 115
4640648 70
6698638 102
7555400 115
7555275 115
6981658 106
7577291 115
7610825 116
7599108 115
4645536 70
6302618 96
7563150 115
5280757 80
4595008 70
7562825 115
7607700 116
7311917 111
7576100 115
5452868 83
7618166 116
4696124 71
7620300 116
7601567 115
6275033 95
4602400 70
7608150 116
7501683 114
7565808 115
7563219 115
7556358 115
7558458 115
4796484 73
7399000 112
7553733 115
6227419 95
4606540 70
7608059 116
7600717 115
7563133 115
7518575 114
6326461 96
7617159 116
4653772 71
7565708 115
7605125 116
4796008 73
4720176 72
7276286 111
7524400 114
5075977 77
7559250 115
7554850 115
7562642 115
6687719 102
7609842 116
7510184 114
7442775 113
4738272 72
7555541 115
7552750 115
6253272 95
4596476 70
7560034 115
7553267 115
7646092 116
7564192 115
7412533 113
7432308 113
4706364 71
7610891 116
7597100 115
5245593 80
4616588 70
7610850 116
7462365 113
7570817 115
7563858 115
7368775 112
7553834 115
4663516 71
7600284 115
7607725 116
4776800 72
4671776 71
7636150 116
7469325 113
4630376 70
7574041 115
7561621 115
7569658 115
6861975 104
7449792 113
7356083 112
7604450 116
4689928 71
7244450 110
7614042 116
5326158 81
4616196 70
7590416 115
7595750 115
7570017 115
7384050 112
7377383 112
7602917 116
4694200 71
7606434 116
7599433 115
6135345 93
4618388 70
7513117 114
7595392 115
7566900 115
7424558 113
7554475 115
7553200 115
4797164 73
7365233 112
7605600 116
6351403 96
4615348 70
7454167 113
7594442 115
7235608 110
7555467 115
7202308 109
7625958 116
4708540 71
7400375 112
7613567 116
6281106 95
4644708 70
7612559 116
7622508 116
4595056 70
7614850 116
7661875 116
7380567 112
4939952 75
7566117 115
7622892 116
7098189 108
4641936 70
7663833 116
7419575 113
4623852 70
6124855 93
7553292 115
7308242 111
6406828 97
7600616 115
7614617 116
7569567 115
4777308 72
7565933 115
7553242 115
4675900 71
4595272 70
7620567 116
7575100 115
7557199 115
7561817 115
7431542 113
7611858 116
4718156 71
7560642 115
7621725 116
6138673 93
4614372 70
7516158 114
7616125 116
7563025 115
7611659 116
7520867 114
7553891 115
4662008 71
7610059 116
7563767 115
6322679 96
4733028 72
7603150 116
7301491 111
7614108 116
7614142 116
7605800 116
7552783 115
4663212 71
7608992 116
7379917 112
5668208 86
4636804 70
7409092 113
7385975 112
7609583 116
5374484 82
7565541 115
7378651 112
4676468 71
7613392 116
7435008 113
5741124 87
4604240 70
7452044 113
7321267 111
7366641 112
7556325 115
7488434 114
7598283 115
4653936 71
7597591 115
7560708 115
4996173 76
4706996 71
7513075 114
7275275 111
6443975 98
7610867 116
7610875 116
7561608 115
4656696 71
7554625 115
7559641 115
5153785 78
4702464 71
7614200 116
7627267 116
4600864 70
7630100 116
7612675 116
7554016 115
4932261 75
7557942 115
6811150 103
7559941 115
4668448 71
7560442 115
7559842 115
4661936 71
5852870 89
7599733 115
7554117 115
7613017 116
7384991 112
7614933 116
5780995 88
4681980 71
7518834 114
7632525 116
4624584 70
7620925 116
7621550 116
7609817 116
5818578 88
7553916 115
7559041 115
7456842 113
4625892 70
7566091 115
7615209 116
4755524 72
6421273 97
7675267 117
7628408 116
7471576 114
7555625 115
7553766 115
7526300 114
4653476 71
7584717 115
7602125 115
4759968 72
4742844 72
7596008 115
7624433 116
7607717 116
7554950 115
7602667 116
7553517 115
4667028 71
7555591 115
7379083 112
6282337 95
4641256 70
7553858 115
7534483 114
7450022 113
7603583 116
7463675 113
7570825 115
4663248 71
7558075 115
7554233 115
6132571 93
4648180 70
7608075 116
7407275 113
7574134 115
7619700 116
7076875 107
7652308 116
4686652 71
7615917 116
7611466 116
5024589 76
4614200 70
7563525 115
7553325 115
6731327 102
7616500 116
7618241 116
7565625 115
4694712 71
7622408 116
7563925 115
4781968 72
4720192 72
7630575 116
7550841 115
6603139 100
7553333 115
7562717 115
7551783 115
4659376 71
7573658 115
7564208 115
4797316 73
4691344 71
7607633 116
7608091 116
6480470 98
7557875 115
7424425 113
7655817 116
4686432 71
7639292 116
7599541 115
4825128 73
4680692 71
7596175 115
7592662 115
5668316 86
7583416 115
7562900 115
7614558 116
4655528 71
7561667 115
7595350 115
5479184 83
4643912 70
7431317 113
7556492 115
4714752 71
7514207 114
7612483 116
7554508 115
5979048 91
7516183 114
7553133 115
7555600 115
4614568 70
7555408 115
7616867 116
4637764 70
5656097 86
7629958 116
7562416 115
7390611 112
7562008 115
7565017 115
7556216 115
4627580 70
7630216 116
7598400 115
4672260 71
5206789 79
7619200 116
7565408 115
7600425 115
7495104 114
7138385 108
7612559 116
4660032 71
7610275 116
7596583 115
6151836 93
4638408 70
7508175 114
7553658 115
7421400 113
7608475 116
7547675 115
7616458 116
4679356 71
7643833 116
7553950 115
6122789 93
4640980 70
7558708 115
7552858 115
7618875 116
7620416 116
7483450 114
6887558 105
4742320 72
7604142 116
7559425 115
5320391 81
4668232 71
7304783 111
7512508 114
7194080 109
7556725 115
7553883 115
7561000 115
4748780 72
7603850 116
7602700 116
4793092 73
4623604 70
7600800 115
7573233 115
7563641 115
7560175 115
7606508 116
7599675 115
4725460 72
7612767 116
7605841 116
4796140 73
4609536 70
7506400 114
7498192 114
4635656 70
7565933 115
7556508 115
7605333 116
4646648 70
7609591 116
7593258 115
5857098 89
4668292 71
7551416 115
7557225 115
4973571 75
7564017 115
7521692 114
7556425 115
4659604 71
7598750 115
7610950 116
5983620 91
4726564 72
7071742 107
7566009 115
4678220 71
4600792 70
7617591 116
7620633 116
5762722 87
7602842 116
7401892 112
7556058 115
4627452 70
7508675 114
7619408 116
4626384 70
5270795 80
7615517 116
7594509 115
7250952 110
7568516 115
7553234 115
7567917 115
4662840 71
7508542 114
7623075 116
4688048 71
4601832 70
7613600 116
7593508 115
7408425 113
7568275 115
7556916 115
7459100 113
4694760 71
7554550 115
7602941 116
5001960 76
4725060 72
7600658 115
7607450 116
7468720 113
7437000 113
7372709 112
7615608 116
4756060 72
7508027 114
7422533 113
4743372 72
4784968 73
7516275 114
7562400 115
7588771 115
7438292 113
7631017 116
7571008 115
4716356 71
7427133 113
7616042 116
5271227 80
4630124 70
7609934 116
7609325 116
7215208 110
7570025 115
7571542 115
7565350 115
4675880 71
7562291 115
7608375 116
6076318 92
4611140 70
7620908 116
7613441 116
7536217 114
5295279 80
7373483 112
7551967 115
4688016 71
7338417 111
7560341 115
5864894 89
4705980 71
7393692 112
7652617 116
4680120 71
6181966 94
7558591 115
7457291 113
7565425 115
7612442 116
7613000 116
7461334 113
4702348 71
7610133 116
7389933 112
4635288 70
7425108 113
7370558 112
7586417 115
7158610 109
7610525 116
7625391 116
7431183 113
4676132 71
7420075 113
7390258 112
6140236 93
4603960 70
7611683 116
7467133 113
7556392 115
7554733 115
7553150 115
7562883 115
4707520 71
7503250 114
7548300 115
4885908 74
4616024 70
7610558 116
7555367 115
4939949 75
7612675 116
7613400 116
7595842 115
4730016 72
7604175 116
7459067 113
4742940 72
4670088 71
7713975 117
7555083 115
6120209 93
7554975 115
7558100 115
7555883 115
4678884 71
7519300 114
7514259 114
5287987 80
4706752 71
7401984 112
7408792 113
7075619 107
7601241 115
7493316 114
7481283 114
4644360 70
7555484 115
7556292 115
6943487 105
4636872 70
7600816 115
7601475 115
4599552 70
7567017 115
7554541 115
7613717 116
4904359 74
7579393 115
7564100 115
6195944 94
4670684 71
6625779 101
7559616 115
4595200 70
7569517 115
7670100 117
7398542 112
4642048 70
7577575 115
7570125 115
7351896 112
4770100 72
7606275 116
7470783 113
4594940 70
7615475 116
7680125 117
7348558 112
4658528 71
7562200 115
7381500 112
5956264 90
4842284 73
7394692 112
7415684 113
4594800 70
7555583 115
7389525 112
7605300 116
4624824 70
7562933 115
7390800 112
7326091 111
4701460 71
7337900 111
7380083 112
4603204 70
6549024 99
7363475 112
7621609 116
6128653 93
7427825 113
7436217 113
7592038 115
4718832 72
7356367 112
7562416 115
4670316 71
6782367 103
7553284 115
7563492 115
5739853 87
7539854 115
7451617 113
7608725 116
4737644 72
7608550 116
7599467 115
4619348 70
6797194 103
7556492 115
7555275 115
6364280 97
7392850 112
7664083 116
7603509 116
4751420 72
7359566 112
7556458 115
4698688 71
5866656 89
7553358 115
7556400 115
6890044 105
7357358 112
7564625 115
7607017 116
4631920 70
7568066 115
7587850 115
4702116 71
4752684 72
7600975 115
7553967 115
7408550 113
7423475 113
7615242 116
7478558 114
4658692 71
7296459 111
7650892 116
6240378 95
4659468 71
7554042 115
7554442 115
5506711 84
7599708 115
7407259 113
7567984 115
4701536 71
7555367 115
7456642 113
4793204 73
4772524 72
7336865 111
7540033 115
6208389 94
7552983 115
7554683 115
7340484 112
4658460 71
7564333 115
7458575 113
4812940 73
4947604 75
7419317 113
7286641 111
5092002 77
7556750 115
7383208 112
7332742 111
4648400 70
7607092 116
7477325 114
5900044 90
4761460 72
7600000 115
7412166 113
4597580 70
6777741 103
7553716 115
7392583 112
7610091 116
7511267 114
7554308 115
7603725 116
4637544 70
7604308 116
7598434 115
4665224 71
4630292 70
7554733 115
7609659 116
7607750 116
7564100 115
7562025 115
