40364384 205
40749291 207
40678466 206
39788925 202
38637050 196
42372925 215
40764750 207
40962425 208
40173658 204
40042792 203
39716983 202
39957975 203
40319475 205
41079259 208
39415134 200
40423041 205
41387950 210
40711058 207
40028250 203
40948559 208
40314891 205
43948257 223
40303058 204
40733783 207
40499075 205
39828767 202
39951908 203
40054250 203
40410833 205
40422283 205
39293417 199
39140075 199
40608125 206
41241616 209
38999108 198
40562475 206
39751233 202
40316458 205
39047383 198
40905250 208
39882258 202
40972441 208
40198475 204
39917966 203
39069016 198
43462309 221
39302083 199
39961850 203
39202625 199
45652275 232
39472454 200
40352941 205
39377042 200
39529867 201
39792083 202
40658125 206
39709384 201
40269158 204
39998050 203
42362032 215
39615000 201
40865133 207
39631825 201
40207675 204
40112834 204
39983425 203
39657350 201
40050625 203
40398292 205
40745984 207
40007515 203
40772641 207
40167241 204
40671717 206
40386442 205
39597017 201
40073442 203
39930618 203
40865983 207
39756708 202
40068384 203
41534125 211
40799000 207
39439816 200
39711325 201
42549275 216
41258767 209
39684608 201
40269583 204
40223050 204
41588016 211
40617817 206
39553025 201
39578908 201
40945925 208
40222975 204
40491108 205
40443544 205
40145508 204
41093250 209
41462659 210
40674492 206
40685250 206
40360856 205
39573225 201
40732875 207
39987150 203
40862750 207
40440591 205
40831000 207
39966833 203
40390075 205
40289775 204
41569208 211
39617825 201
39583595 201
40124692 204
41144141 209
39963792 203
40011625 203
40028784 203
40997567 208
40175175 204
40777625 207
39874316 202
44738766 227
40647066 206
40595608 206
39455042 200
41711109 212
40508241 206
41603583 211
39496975 200
41421684 210
41270650 209
39493984 200
39426017 200
41069900 208
40233267 204
40383266 205
39224375 199
42570426 216
39613091 201
39978067 203
39956625 203
40310509 205
39234225 199
40245066 204
39909883 202
41041634 208
39634260 201
39776075 202
40017142 203
41058900 208
39856300 202
39412600 200
40131275 204
41497142 211
39663370 201
40516583 206
40150650 204
40687300 206
39746034 202
40009250 203
40429241 205
43192200 219
40460200 205
40769900 207
40755142 207
41332225 210
39465975 200
39528500 201
40727209 207
41127383 209
40729100 207
40295358 204
40642084 206
40699958 207
39584550 201
40805808 207
39856992 202
45039183 229
40143700 204
39791200 202
39497516 200
40132525 204
39460475 200
40298208 204
39251525 199
41310000 210
40205967 204
39794567 202
39673425 201
40322425 205
39633867 201
40057242 203
40162592 204
40023150 203
40460958 205
45283538 230
40190025 204
51092889 259
39814234 202
41000475 208
44394283 225
54444225 276
41718209 212
43132542 219
42522508 216
39564392 201
41174225 209
40299759 204
39973984 203
41238575 209
41356400 210
40092816 203
39652800 201
40647150 206
41204617 209
41559816 211
39707550 201
39331776 200
41595733 211
40253392 204
40078083 203
39861100 202
41755033 212
41942084 213
39931659 203
39754208 202
40954725 208
40846375 207
42585284 216
40757433 207
40820767 207
40101925 203
40706659 207
40505592 206
41925408 213
40359525 205
39574992 201
40515684 206
41434117 210
41116300 209
40027525 203
40744250 207
40028958 203
39784575 202
43735598 222
42768092 217
40458342 205
39919100 203
39791975 202
40294617 204
41718567 212
39941100 203
41029941 208
40595575 206
35243072 179
41259100 209
40280350 204
40068892 203
39335367 200
40420392 205
40156209 204
39433542 200
41101967 209
41331158 210
40649108 206
39819642 202
40019125 203
40369500 205
43644467 221
40303300 204
40596325 206
39964450 203
40213742 204
39634450 201
39664608 201
42668767 217
40846325 207
40255609 204
43029692 218
39714017 201
40401141 205
41276708 209
40300942 204
40122866 204
40663100 206
40144242 204
41100792 209
41914666 213
40308000 205
41066017 208
39644250 201
41674850 211
40257891 204
40056808 203
40179592 204
40679425 206
40100883 203
39890167 202
39874450 202
41026275 208
39502858 200
39755608 202
41088100 208
40388050 205
39970908 203
40308709 205
40975433 208
40280191 204
46951333 238
40077075 203
39534241 201
40541550 206
39633625 201
40652258 206
40986750 208
40519175 206
39979616 203
40353308 205
40539225 206
40930158 208
39769759 202
40137725 204
40610966 206
40880450 207
43295074 220
41658292 211
40800384 207
40892833 207
40381609 205
40486458 205
40778625 207
40850167 207
40427375 205
41001134 208
41140500 209
41069300 208
39345075 200
40536983 206
41335616 210
39746608 202
41928391 213
40932842 208
41061684 208
41592708 211
38600000 196
40639049 206
40701458 207
40431641 205
47275744 240
39934125 203
40738783 207
39703709 201
39216800 199
40276534 204
41198192 209
39522383 201
39698358 201
40201359 204
41333475 210
40198367 204
39348975 200
40690717 206
41166316 209
39595792 201
40722008 207
39967734 203
40131700 204
40097792 203
39958208 203
40582483 206
40823042 207
39581950 201
40809734 207
40686759 206
40742992 207
41407133 210
40564858 206
41380191 210
39848208 202
41111575 209
39561025 201
41267350 209
40393900 205
39622800 201
39841300 202
41338675 210
40450825 205
39437108 200
43444942 220
42557350 216
40737308 207
39527333 201
39458533 200
41180542 209
40724584 207
39721484 202
39803533 202
40633200 206
40034308 203
40102625 203
39515541 200
40952509 208
40438392 205
39575691 201
40846116 207
39952225 203
39922016 203
39646708 201
40223592 204
39673500 201
40801300 207
40289691 204
41425717 210
39930175 203
41803558 212
41064341 208
40420758 205
41332000 210
40659142 206
40576016 206
40286975 204
40397025 205
40249550 204
40860875 207
40599325 206
39244292 199
39475542 200
39358692 200
44444183 226
41982750 213
39663833 201
39367000 200
39964908 203
39817658 202
39721459 202
39623342 201
40088683 203
40107417 203
39870675 202
40335991 205
39515417 200
39370192 200
40140441 204
40364167 205
39437641 200
40469525 205
39750667 202
40347192 205
41086625 208
41112216 209
40926825 208
39992592 203
39813584 202
39989117 203
40659025 206
41738916 212
39376516 200
39689184 201
40194983 204
40945450 208
39767384 202
41861150 212
40965292 208
40608059 206
40001634 203
40091317 203
40706233 207
40348084 205
45539575 231
39767544 202
39887433 202
41066750 208
39354700 200
39803158 202
40196042 204
40209400 204
39272409 199
39724900 202
40907842 208
40108534 204
40286858 204
40673092 206
40401942 205
39487700 200
38027617 193
39213333 199
40662117 206
39639283 201
39785200 202
42150991 214
41261059 209
39547191 201
38085227 193
39256325 199
41316400 210
41377225 210
39914758 203
39764550 202
41207417 209
40083808 203
39334616 200
40061450 203
40858967 207
40357219 205
40897900 208
39659950 201
40567000 206
40508191 206
43943720 223
39958600 203
40736275 207
39611292 201
39162191 199
41050083 208
40531000 206
39637280 201
40158792 204
40512609 206
40148175 204
39692092 201
39532708 201
40360809 205
40907300 208
40154267 204
41117341 209
40215809 204
40194300 204
40011358 203
39559641 201
41004233 208
40313175 205
40255450 204
39614925 201
40805666 207
40050167 203
40257883 204
39712975 201
41464717 210
40190758 204
40715425 207
41267541 209
41336625 210
40780608 207
39711475 201
40265883 204
41601817 211
39978975 203
40160608 204
41695325 212
41482309 210
40817684 207
40430017 205
40962816 208
41258366 209
39844408 202
41345433 210
40161500 204
41221775 209
39660758 201
39759383 202
39938000 203
41155000 209
41467675 210
39790758 202
43186583 219
41911700 213
40222650 204
39840175 202
39577191 201
41096033 209
40654691 206
39660666 201
40670492 206
40943025 208
39802066 202
40308858 205
40726250 207
40826158 207
41735166 212
40349316 205
41256591 209
40487542 205
40459117 205
41756775 212
40531800 206
41282125 209
40050409 203
40174725 204
41772508 212
41497316 211
39868275 202
39974567 203
41806042 212
41109130 209
41249116 209
40741725 207
41357484 210
41500575 211
40069875 203
40167008 204
41307658 210
40418659 205
40421016 205
40003567 203
42852442 217
41159492 209
39572734 201
39823417 202
42055583 213
40126475 204
40918334 208
39663359 201
41913925 213
40867700 207
40102992 203
40290833 204
41053608 208
38786292 197
40887750 207
40122166 204
41049358 208
41542317 211
41426567 210
40352408 205
40827325 207
40880791 207
39687134 201
41062866 208
40632083 206
41096011 209
39753208 202
40202425 204
40328842 205
40904810 208
40362383 205
41690333 212
42960487 218
40015933 203
40044467 203
40524409 206
40147484 204
43600067 221
39638133 201
40491275 205
40964809 208
40602166 206
39904375 202
40587175 206
40438233 205
40237508 204
40157841 204
40760025 207
40463417 205
39728308 202
40433116 205
40479183 205
40414766 205
43943233 223
39801617 202
40787109 207
40346334 205
39667467 201
39652534 201
40235283 204
40169334 204
40005042 203
39794800 202
40226775 204
40531033 206
40708791 207
40971192 208
39418542 200
40026892 203
40509975 206
40327442 205
40245834 204
40552725 206
41821751 212
40794908 207
40823983 207
40692642 206
42523725 216
40286700 204
39483500 200
40290783 204
40088643 203
40501400 206
39284116 199
40436233 205
41501107 211
41011858 208
40518375 206
40052750 203
39498292 200
40790133 207
40781067 207
41417983 210
43076267 219
40583975 206
40042800 203
40041066 203
41460583 210
39840416 202
40127983 204
39770417 202
41040050 208
40521841 206
40761583 207
40696000 206
39674316 201
39983780 203
40998975 208
39993708 203
40051009 203
39377942 200
39953950 203
41837683 212
41183192 209
40254700 204
39451925 200
40415817 205
42642848 216
39616283 201
40041979 203
39922416 203
41242208 209
40495217 205
41214359 209
40829333 207
40226234 204
40559933 206
40357709 205
40021125 203
40163683 204
37529191 190
39921925 203
39779125 202
44613750 226
40090242 203
41726150 212
39861700 202
41399458 210
39664517 201
40530850 206
40767691 207
40386292 205
40332608 205
40370117 205
40551250 206
39900858 202
40461825 205
39909133 202
39989433 203
39598533 201
39697016 201
40840966 207
41161258 209
41663909 211
40533792 206
40046883 203
40125000 204
40216950 204
40457825 205
41029092 208
40246316 204
39318125 199
40476917 205
40112850 204
40686458 206
40845583 207
39670700 201
40788209 207
40997975 208
40590677 206
39993092 203
40819700 207
40657892 206
41355117 210
40206433 204
40288600 204
40886400 207
39617525 201
39851942 202
40595350 206
40600808 206
39898200 202
40012692 203
40769658 207
41899142 213
40314617 205
40228883 204
40381508 205
40253317 204
39937317 203
39571184 201
40327542 205
40637742 206
40099025 203
39766058 202
40884475 207
40092233 203
40367825 205
39661942 201
44832973 228
40719558 207
40571550 206
40754625 207
40883300 207
40007066 203
40739984 207
40469459 205
41138650 209
39391391 200
40533775 206
40654991 206
40877833 207
39826392 202
41579517 211
40309933 205
41386900 210
39510175 200
39985750 203
39954716 203
42539000 216
40356275 205
39313050 199
39886166 202
41043959 208
40187366 204
40010408 203
41068083 208
40095608 203
40762159 207
40351850 205
40111308 204
40652944 206
41029433 208
41129475 209
41929075 213
40945841 208
40172208 204
40252641 204
40321125 205
40820983 207
40763650 207
39746275 202
41000400 208
41731166 212
40642509 206
41722600 212
40795033 207
40192650 204
40313825 205
40067908 203
44507533 226
41238367 209
39924375 203
40524975 206
40909967 208
41497725 211
40173759 204
39925100 203
40947075 208
40748575 207
39578059 201
40692158 206
41164641 209
39942609 203
40175950 204
40092258 203
43497266 221
40694958 206
39784616 202
40133284 204
40607192 206
40036383 203
39729742 202
39682400 201
40183009 204
40780000 207
40246350 204
39959317 203
39975433 203
40068600 203
39986133 203
41484684 211
40627108 206
39936291 203
41063083 208
41015403 208
42943958 218
40279700 204
39635925 201
40642317 206
43194567 219
40361433 205
40666284 206
41215644 209
40844584 207
40782867 207
40063033 203
41389033 210
41130942 209
39791283 202
39894392 202
41103450 209
41573759 211
39940716 203
40082508 203
40375283 205
43046025 218
39589250 201
39605758 201
40287467 204
39976275 203
39790575 202
40146967 204
41295142 210
40180200 204
39625384 201
39610783 201
40440409 205
41643800 211
39343125 200
40418433 205
40142333 204
40341650 205
39920400 203
39229850 199
40821350 207
39822483 202
39636133 201
39642975 201
40111967 204
40773192 207
39502783 200
40057417 203
40387550 205
41306725 210
39580525 201
39803616 202
40714033 207
42048725 213
39394858 200
39974975 203
39835184 202
39976375 203
39451108 200
40339600 205
39665067 201
42448558 215
39779550 202
40738600 207
39836525 202
41951925 213
39386525 200
41125984 209
40493017 205
40000692 203
39397808 200
40690400 206
39789384 202
40309317 205
39408825 200
41017142 208
39754458 202
39787541 202
39683033 201
39906416 202
39531167 201
39950125 203
40644050 206
39778691 202
40261058 204
41346417 210
40646775 206
39448916 200
39785400 202
40120634 204
40593050 206
39381392 200
39998292 203
47842367 243
40712008 207
39708425 201
40353800 205
40366625 205
39842283 202
39557433 201
38586269 196
42887234 218
41202184 209
40546025 206
39863408 202
40053300 203
40770683 207
