3355258 102
3364975 102
3354967 102
3417950 104
3428383 104
3315750 101
3432000 104
3331983 101
3363917 102
3354583 102
3211984 98
3417617 104
3354242 102
3354900 102
3434150 104
3420275 104
3364200 102
3354908 102
3377900 103
3355766 102
3420175 104
3354442 102
3354425 102
3355158 102
3421475 104
3483575 106
3355042 102
3529667 107
3354484 102
3354983 102
3354558 102
3315366 101
3434508 104
3354633 102
3308050 100
3364308 102
3241034 98
3430891 104
3354641 102
3195450 97
3354591 102
3354891 102
3437375 104
3354750 102
3354666 102
3313425 101
3354942 102
3355684 102
3354817 102
3266392 99
3354533 102
3419309 104
3223558 98
3354975 102
3354775 102
3355367 102
3355475 102
3429883 104
3354500 102
3364250 102
3354666 102
3354917 102
3275233 99
3354717 102
3135692 95
3354341 102
3420758 104
3410758 104
3354658 102
3364058 102
3312958 101
3419433 104
3327244 101
3354834 102
3355391 102
3354250 102
3421367 104
3355767 102
3354517 102
3364200 102
3421034 104
3355675 102
3354383 102
3312150 101
3354859 102
3437559 104
3354408 102
3354833 102
3344684 102
3438766 104
2916470 89
3354659 102
3426733 104
3410383 104
3354358 102
3354775 102
3003708 91
3420350 104
3354475 102
3354575 102
3355467 102
3289309 100
3365100 102
3355283 102
2834299 86
3486209 106
3354083 102
3494842 106
3354717 102
3354692 102
3428867 104
3355559 102
3355908 102
3366200 102
3192766 97
3427733 104
3365458 102
3225161 98
3560792 108
3354859 102
3363842 102
3408675 104
3314266 101
3437533 104
3354966 102
3354459 102
3354492 102
3218666 98
3444584 105
3355083 102
2776072 84
3439750 104
3407533 103
3354583 102
3202567 97
3380941 103
3355425 102
3354842 102
3354467 102
3354650 102
3274459 99
3354759 102
3355500 102
2818113 86
3427550 104
3365683 102
3355042 102
3295800 100
3355333 102
3354841 102
3338128 101
3354308 102
3437108 104
3408633 104
3354750 102
3355625 102
3059912 93
3355400 102
3363967 102
3354325 102
3354925 102
3434925 104
3354525 102
3180533 97
3354716 102
3354416 102
3162875 96
3364000 102
3354567 102
3258708 99
3355041 102
3433200 104
3355684 102
3355409 102
3354709 102
3354767 102
3423367 104
3336907 101
3354892 102
3308008 100
3285477 100
3354934 102
3364291 102
3430966 104
3355434 102
3354983 102
3157834 96
3354600 102
3354591 102
3354684 102
3334575 101
3354517 102
3355800 102
3354750 102
3355383 102
3300900 100
3228552 98
3354725 102
3355283 102
3354966 102
3430475 104
3355408 102
3195933 97
3355409 102
3355008 102
3209433 97
3158245 96
3354783 102
3089459 94
3421208 104
3354650 102
3354725 102
3354783 102
3388608 103
3354667 102
3228300 98
3364417 102
3354700 102
3429192 104
3354816 102
3426000 104
3392866 103
3421108 104
3364484 102
3354783 102
3236992 98
3419350 104
3355150 102
3231367 98
3354575 102
3354358 102
3354441 102
3386383 103
3332309 101
3355358 102
3355842 102
3369400 102
3354525 102
3354758 102
3428733 104
3353958 102
3354775 102
3354450 102
3275158 99
3429300 104
3365875 102
3220041 98
3354366 102
3363650 102
3339081 101
3354867 102
3355675 102
3315387 101
3423525 104
3315300 101
3354725 102
3355417 102
3354925 102
3490867 106
3355575 102
2565889 78
3418992 104
3281225 100
3354300 102
3412517 104
3409817 104
3354667 102
3354666 102
3354883 102
3269775 99
3431817 104
3354558 102
3221586 98
2707552 82
3354550 102
3313242 101
3355458 102
3354567 102
3432675 104
3373373 102
3354916 102
3354784 102
3364366 102
3433850 104
3355284 102
3311183 101
3354350 102
3354475 102
3307117 100
3356091 102
3580233 109
3422442 104
3354133 102
3355992 102
3354517 102
3213967 98
3430325 104
3354567 102
3323133 101
3364058 102
3354783 102
3480367 106
3355408 102
3355584 102
3354992 102
3422542 104
3489475 106
3355809 102
3355016 102
3363617 102
3421308 104
3355309 102
3363750 102
3354475 102
3430791 104
3354684 102
3355325 102
3411750 104
3354358 102
3354959 102
3355600 102
3211200 97
3420850 104
3354642 102
3218867 98
3364017 102
3363983 102
3281433 100
3355500 102
3364025 102
3355308 102
3354700 102
3423133 104
3387359 103
3355750 102
3354833 102
3355700 102
3354875 102
3432184 104
3365317 102
3354850 102
3355400 102
3402566 103
3410317 104
3354683 102
3354942 102
3355175 102
3429208 104
3355675 102
3212741 98
2095300 63
3413275 104
3355258 102
3355683 102
3355008 102
3321621 101
3428775 104
3354708 102
3355191 102
3354800 102
3436300 104
3355384 102
3202091 97
3355583 102
3355008 102
3355733 102
3355859 102
3354717 102
3315008 101
3438966 104
3354883 102
3354491 102
3364600 102
3324650 101
3434567 104
3427817 104
3372492 102
3354833 102
3311283 101
3355200 102
3431725 104
3212383 98
3356025 102
3354600 102
3268617 99
3365009 102
3354659 102
3354467 102
3354733 102
3420658 104
3354609 102
3310325 101
3442225 105
3423750 104
3354675 102
3354583 102
3355025 102
3421708 104
3354808 102
3364433 102
3356025 102
3356016 102
3422516 104
3355617 102
2185456 66
3354533 102
3364800 102
3333483 101
3434342 104
3354308 102
3354516 102
3355017 102
3311900 101
3437450 104
3355325 102
3313150 101
3248517 99
3300166 100
3355666 102
3355075 102
3355050 102
3354642 102
3429475 104
3354667 102
3354516 102
3354692 102
3355008 102
3429500 104
3354450 102
2866312 87
3204867 97
3421800 104
3354625 102
3354875 102
3355033 102
3432333 104
3441967 105
3272033 99
3431550 104
3430292 104
3199833 97
3354784 102
3139991 95
3334073 101
3354275 102
3355375 102
3354959 102
3356108 102
3355250 102
3354483 102
3364742 102
3420683 104
3355525 102
3223525 98
3355742 102
3354892 102
3267775 99
3354750 102
3355275 102
3174505 96
3355567 102
3436075 104
3430358 104
3364717 102
3355475 102
3246359 99
3424658 104
3430416 104
3365975 102
3307850 100
3421350 104
3355575 102
3200725 97
3364633 102
3354800 102
3268925 99
3354425 102
3354566 102
3355891 102
3354892 102
2148924 65
3354359 102
3308342 100
3364033 102
3429216 104
3355441 102
3355491 102
3354709 102
3202425 97
3430458 104
3365725 102
3354766 102
3354442 102
3354692 102
3354525 102
3314800 101
3434083 104
3355658 102
3296324 100
3354550 102
3364792 102
3443988 105
3355500 102
3355842 102
3354642 102
3354883 102
3427400 104
3354467 102
3311484 101
3354908 102
3355559 102
3424675 104
3354875 102
3365408 102
3354441 102
3355542 102
3442508 105
3354533 102
3312009 101
3354709 102
3370743 102
3422025 104
3355334 102
3204783 97
3420217 104
3354567 102
3300708 100
3354992 102
3262291 99
3427400 104
3267161 99
3354583 102
3354459 102
3067075 93
3354242 102
3354700 102
3354842 102
3373767 102
3354792 102
3312942 101
3354275 102
3422942 104
3431366 104
3202125 97
3355441 102
3354816 102
3422575 104
3429450 104
3355134 102
3210484 97
3354741 102
3354650 102
3271541 99
3365658 102
3354450 102
3354667 102
3355208 102
3431350 104
3355575 102
3364909 102
3029769 92
3354817 102
3407383 103
3355534 102
3354483 102
3354267 102
3365233 102
3316517 101
3165504 96
3355208 102
3354991 102
3215559 98
3427608 104
3355425 102
3251943 99
3154000 96
3354550 102
3355433 102
3355641 102
3354683 102
3409592 104
3355242 102
3354350 102
3354650 102
3176950 96
3380517 103
3447942 105
3355142 102
3355333 102
3365367 102
3184309 97
3420509 104
3355225 102
3354158 102
3364867 102
3354575 102
3187208 97
3431575 104
3354908 102
3263290 99
3354434 102
3354558 102
3269975 99
3313341 101
3354850 102
3354433 102
3430725 104
3364608 102
3312883 101
3354709 102
3355717 102
3250700 99
3354825 102
3355942 102
3418525 104
3364859 102
3312091 101
3354775 102
3354859 102
3433525 104
3354766 102
3354516 102
3355075 102
3434141 104
3272750 99
3227883 98
3354733 102
3354708 102
3304450 100
3426700 104
3354375 102
3179992 97
3424167 104
3358425 102
3423017 104
3354625 102
3580059 109
3081483 94
3354950 102
3442408 105
3427975 104
3364541 102
3354291 102
3354409 102
3431141 104
3355484 102
3364450 102
3354417 102
3421650 104
3383075 103
3354400 102
3365108 102
3354967 102
2634627 80
3354200 102
3355125 102
3354925 102
3354633 102
3393259 103
3365717 102
3354583 102
3354675 102
3354375 102
3149192 96
3442525 105
3400633 103
3354667 102
3354392 102
3363983 102
3355500 102
3424075 104
3355117 102
3355317 102
3354484 102
3354716 102
3393175 103
3419275 104
3354558 102
3354392 102
3354641 102
3381500 103
3437567 104
3215125 98
3354450 102
3364625 102
3165506 96
3427600 104
3354725 102
3193833 97
3354892 102
3414216 104
3279266 100
3355866 102
3354608 102
3354750 102
3354850 102
3345386 102
3354242 102
3364709 102
3430109 104
3354633 102
3184125 97
3354458 102
3420575 104
3440000 104
3354975 102
3331333 101
3420525 104
3359375 102
3355250 102
3354958 102
3274616 99
3305092 100
3354709 102
3175067 96
3354691 102
3433883 104
3355483 102
3354842 102
3354683 102
3355067 102
3445183 105
3355642 102
3354308 102
3372767 102
3354509 102
3477259 106
3356000 102
3354625 102
3313042 101
3159342 96
3434991 104
3355150 102
3195841 97
3363975 102
3354616 102
3265433 99
3416725 104
3354766 102
3345780 102
3536092 107
3432291 104
3355117 102
3354925 102
3354766 102
3354617 102
3429425 104
3326450 101
3354475 102
2097772 64
3405875 103
3354500 102
3354558 102
3355192 102
3354875 102
3268516 99
3431692 104
3341434 101
3354800 102
3365242 102
3442200 105
3354467 102
3354667 102
3354416 102
3354566 102
3374783 102
3428650 104
3355525 102
3331567 101
3354642 102
3424575 104
3422675 104
3354450 102
3364384 102
3354767 102
3420792 104
3354441 102
3212433 98
3354675 102
3356467 102
3421175 104
3354933 102
3354283 102
3419467 104
3156750 96
3354525 102
3433333 104
3310841 101
3355334 102
3355550 102
3354883 102
3392075 103
3430416 104
3354625 102
3400933 103
3313175 101
3379733 103
3366009 102
3365650 102
3354675 102
3364792 102
3425500 104
3433375 104
3354608 102
3354758 102
3355984 102
3224067 98
3355533 102
3354716 102
3354625 102
3354692 102
3422000 104
3354692 102
3365617 102
3321697 101
3354700 102
3422433 104
3355025 102
3354266 102
3302084 100
3355992 102
3432350 104
3355142 102
3363884 102
3314975 101
3354483 102
3460473 105
3354850 102
3220741 98
3354850 102
3431725 104
3362386 102
3310467 101
3355009 102
3420483 104
3354800 102
3355600 102
3434192 104
3355459 102
3354575 102
3354584 102
3355075 102
3435392 104
3355541 102
3365250 102
3313425 101
3354992 102
3355084 102
3434450 104
3435100 104
3249933 99
3366000 102
3354642 102
3430450 104
3424675 104
3209663 97
3354442 102
3355283 102
3435533 104
3430792 104
3168658 96
3354534 102
3354542 102
3267075 99
3420775 104
3354342 102
3354617 102
3363758 102
3309292 100
3354190 102
3354775 102
3427716 104
3354292 102
3213208 98
3250208 99
3354559 102
3281349 100
3419900 104
3354525 102
3352790 102
3355175 102
3412161 104
3355208 102
3354434 102
3364700 102
3354700 102
3374767 102
3428209 104
3354700 102
3355017 102
3355791 102
3390617 103
3355517 102
3355125 102
3355300 102
3435742 104
3441960 105
3427808 104
3354508 102
3354367 102
3437075 104
3277733 100
3419808 104
3354458 102
3103225 94
3354650 102
3419675 104
3355050 102
2937750 89
3355241 102
3429567 104
3354233 102
3220225 98
3355008 102
3294417 100
3355450 102
3354592 102
3366092 102
3354791 102
3429116 104
3354942 102
3355659 102
2099552 64
3419383 104
3232208 98
3354683 102
3354900 102
3307000 100
3304192 100
3354600 102
3354475 102
3451166 105
3354267 102
3355759 102
3365000 102
3312567 101
3430508 104
3355192 102
3354550 102
3331867 101
3213433 98
3422400 104
3421758 104
3165825 96
3355892 102
3354717 102
3192525 97
3479750 106
3284484 100
3183933 97
3364375 102
3354625 102
3354375 102
3334967 101
3355158 102
3429591 104
2092400 63
3490050 106
3354733 102
3314642 101
3425392 104
3364967 102
3421475 104
3325349 101
3354291 102
3354625 102
3286342 100
3355984 102
3354841 102
3348803 102
3355800 102
3440425 104
3354408 102
3354734 102
3365816 102
3354384 102
3423942 104
3419241 104
3354650 102
3313509 101
3355816 102
3355000 102
3432700 104
3354825 102
3355750 102
3046999 92
3354750 102
3430683 104
3354584 102
3315559 101
3364358 102
3354942 102
3437342 104
2967525 90
3354666 102
3355492 102
3354716 102
3299167 100
3354908 102
3355225 102
