274434 67
169112 41
267509 65
282625 69
312691 76
293158 71
283316 69
520700 127
292300 71
260933 63
293583 71
295500 72
291717 71
290783 70
275358 67
283008 69
300792 73
279325 68
297008 72
290009 70
285525 69
298166 72
282217 68
300067 73
293350 71
190692 46
291225 71
305683 74
325800 79
290875 71
299625 73
280715 68
284942 69
311958 76
294633 71
293683 71
281383 68
274150 66
281717 68
271542 66
160928 39
284200 69
264500 64
281375 68
281608 68
227860 55
265533 64
308908 75
262193 64
298750 72
265258 64
306734 74
293150 71
279191 68
269150 65
285825 69
271800 66
313433 76
275950 67
278967 68
293208 71
262792 64
306625 74
282716 69
292341 71
203404 49
267158 65
285150 69
297175 72
268825 65
292342 71
285442 69
290950 71
287208 70
306184 74
295958 72
303358 74
297575 72
303534 74
280725 68
284817 69
277467 67
269492 65
268317 65
296242 72
258950 63
257567 62
257283 62
168756 41
277808 67
322325 78
268441 65
244950 59
254641 62
157808 38
279200 68
286433 69
266600 65
236108 57
276533 67
290450 70
279383 68
276625 67
276409 67
271600 66
270033 65
286917 70
270350 66
278058 67
254709 62
262675 64
273550 66
266050 64
263483 64
277400 67
269950 65
291016 71
161944 39
275083 67
256300 62
272366 66
292184 71
308675 75
293775 71
259492 63
304092 74
255567 62
167248 40
256542 62
265600 64
361333 88
284450 69
258533 63
283416 69
268842 65
248142 60
270175 65
289450 70
286691 69
276558 67
284625 69
286834 70
274817 67
289300 70
254025 62
284758 69
278759 68
159000 38
269817 65
259408 63
307575 75
263925 64
290208 70
286033 69
293958 71
271891 66
282850 69
275000 67
251584 61
277225 67
258725 63
552658 134
256784 62
314308 76
260008 63
298058 72
252217 61
302000 73
257992 62
305158 74
270600 66
299459 73
275383 67
287725 70
294550 71
305492 74
263934 64
266050 64
138020 33
266550 65
268825 65
275750 67
293625 71
272908 66
295525 72
245517 59
299525 73
242166 59
272475 66
266917 65
270933 66
270067 65
301692 73
291408 71
277833 67
309358 75
295542 72
287692 70
274534 67
276825 67
159484 38
262442 64
273267 66
275266 67
271192 66
271066 66
300125 73
279683 68
287800 70
290708 70
172456 42
308358 75
306708 74
281208 68
294717 71
280233 68
319167 77
273850 66
292542 71
276450 67
259258 63
255581 62
261942 63
258809 63
277708 67
275058 67
253592 61
168016 41
149664 36
287808 70
262950 64
383350 93
265316 64
294092 71
263650 64
281675 68
257641 62
305466 74
265884 64
336867 82
260158 63
292359 71
309084 75
299500 73
265142 64
283883 69
253725 61
292358 71
259358 63
314925 76
260542 63
260400 63
292125 71
289741 70
274409 66
271775 66
277633 67
279650 68
250772 61
287975 70
281516 68
275959 67
244984 59
273616 66
256325 62
299233 73
340275 83
282925 69
277400 67
283309 69
271184 66
301000 73
252291 61
253983 62
270608 66
289592 70
288700 70
274525 67
270866 66
270900 66
254200 62
274733 67
258775 63
255017 62
257125 62
276325 67
263850 64
270541 66
286600 69
286625 69
264761 64
282941 69
275817 67
286259 69
279925 68
185064 45
312533 76
318725 77
303408 74
294767 71
294575 71
300425 73
294633 71
294750 71
286700 69
309441 75
294767 71
284725 69
287400 70
310633 75
277942 67
291966 71
514750 125
324191 79
286525 69
265532 64
292084 71
327383 79
310692 75
315083 76
318083 77
307550 75
325050 79
302792 73
301975 73
309617 75
298475 72
288684 70
321766 78
285750 69
314025 76
287141 70
315308 76
295058 72
313317 76
298733 72
316233 77
311541 76
307975 75
304092 74
307166 74
299492 73
326517 79
285183 69
313459 76
289267 70
302367 73
273358 66
311234 75
268884 65
308575 75
494883 120
282425 68
280400 68
277242 67
265283 64
281375 68
279291 68
294766 71
285734 69
282616 68
294784 71
280342 68
302358 73
264534 64
276917 67
261666 63
279234 68
268717 65
271083 66
272475 66
277925 67
257342 62
281567 68
272708 66
277400 67
249834 60
292884 71
146172 35
270125 65
250983 61
237270 57
255775 62
296425 72
263958 64
286992 70
240766 58
288200 70
253292 61
272092 66
265209 64
275109 67
228638 55
284067 69
266917 65
284242 69
268058 65
307950 75
242950 59
307842 75
286183 69
302792 73
267084 65
264033 64
261634 63
286066 69
274342 66
270350 66
252175 61
286750 70
273016 66
299041 73
270209 65
289567 70
273700 66
291750 71
272084 66
292966 71
277517 67
269216 65
270600 66
264283 64
280117 68
265958 64
395275 96
275641 67
267634 65
240842 58
284216 69
238900 58
275875 67
262267 64
275925 67
254841 62
286683 69
274308 66
266500 65
292650 71
275008 67
268675 65
280000 68
295092 72
253500 61
276092 67
248308 60
366175 89
258016 62
285450 69
269484 65
269224 65
279667 68
277808 67
386808 94
290092 70
250225 61
282567 68
254925 62
279334 68
264209 64
279333 68
298108 72
281158 68
288141 70
267008 65
279241 68
301567 73
253159 61
276933 67
275275 67
289091 70
272267 66
257134 62
266186 64
267342 65
296108 72
279508 68
265750 64
214266 52
263258 64
253225 61
250720 61
265892 64
221642 54
279650 68
263600 64
254475 62
265192 64
246983 60
278459 67
261516 63
279042 68
273267 66
263258 64
273059 66
279017 68
284808 69
156692 38
286816 70
267675 65
268908 65
276608 67
251659 61
262325 64
267009 65
273225 66
283708 69
270850 66
271350 66
270625 66
255458 62
260383 63
145556 35
264567 64
450200 109
259517 63
232641 56
252883 61
253066 61
261950 63
265400 64
265633 64
264808 64
273841 66
235963 57
263684 64
265858 64
274847 67
268142 65
266983 65
270858 66
286000 69
247817 60
263817 64
297933 72
281175 68
274267 66
255067 62
263100 64
259025 63
279242 68
256658 62
278992 68
289025 70
150504 36
244483 59
271875 66
278158 67
299825 73
268575 65
291542 71
297408 72
287850 70
289625 70
292000 71
294834 71
249650 60
287167 70
271884 66
282566 68
266892 65
273642 66
248842 60
285558 69
268925 65
267375 65
268425 65
266534 65
386175 94
266016 64
278242 67
247150 60
282392 68
261350 63
295325 72
247291 60
275659 67
287500 70
299858 73
262442 64
275742 67
269358 65
281700 68
245375 59
292150 71
265667 64
294825 71
269592 65
520609 127
288125 70
304975 74
262683 64
293634 71
286092 69
276034 67
289825 70
298358 72
293184 71
276617 67
301158 73
278084 67
485642 118
277042 67
283784 69
268692 65
274167 66
285000 69
286159 69
249175 60
291808 71
257900 62
318859 77
278067 67
183324 44
263958 64
310509 75
149124 36
301692 73
298300 72
279200 68
291042 71
405241 98
298791 72
283008 69
268425 65
294925 72
275925 67
290433 70
281217 68
280925 68
259967 63
281975 68
264767 64
239796 58
275067 67
279875 68
279717 68
278650 68
277550 67
270708 66
290825 71
267025 65
277534 67
302942 73
274059 66
271142 66
280533 68
258000 62
287316 70
276000 67
287583 70
375892 91
298250 72
272092 66
289000 70
258350 63
243667 59
280292 68
275091 67
241608 58
269566 65
241616 58
259217 63
261575 63
249909 61
264150 64
255892 62
262058 63
247283 60
522975 127
167210 40
259075 63
259692 63
151722 37
247850 60
241000 58
272200 66
247359 60
252475 61
277958 67
254525 62
261425 63
279308 68
274741 67
223300 54
267425 65
361842 88
260525 63
261233 63
265267 64
163288 39
249258 60
293084 71
263625 64
274758 67
228009 55
269825 65
251908 61
278350 67
256267 62
261200 63
412900 100
249408 60
239450 58
280109 68
249300 60
270766 66
259742 63
257208 62
258066 63
276950 67
289250 70
268950 65
273042 66
264442 64
261792 63
253725 61
272092 66
287567 70
273025 66
248659 60
273892 66
272775 66
262050 63
266609 65
170652 41
260842 63
205733 50
272775 66
256875 62
259160 63
268217 65
271875 66
155944 38
294050 71
276925 67
283125 69
266833 65
279759 68
247028 60
287809 70
240991 58
258433 63
264100 64
267516 65
263334 64
240066 58
249583 60
256184 62
286450 69
278792 68
273983 66
284959 69
266075 64
284859 69
276175 67
284467 69
280342 68
274742 67
292459 71
286342 69
280833 68
273434 66
279650 68
261083 63
284316 69
265225 64
284917 69
255917 62
298975 72
247167 60
293567 71
258850 63
280600 68
262284 64
287883 70
271684 66
285891 69
258817 63
277759 67
257100 62
423992 103
267425 65
283475 69
255508 62
270842 66
239617 58
282550 68
278075 67
300942 73
291600 71
290467 70
288825 70
256192 62
298825 72
268941 65
261491 63
269783 65
250992 61
274308 66
154496 37
293159 71
271408 66
278842 68
252275 61
293384 71
240483 58
284217 69
232275 56
245616 59
260333 63
251867 61
272409 66
259933 63
262208 64
259850 63
280050 68
498142 121
268991 65
262658 64
272059 66
279575 68
265900 64
251800 61
261775 63
253766 61
264175 64
286908 70
292866 71
252042 61
295967 72
229691 56
275825 67
246792 60
283467 69
228134 55
276258 67
236400 57
273491 66
276425 67
270950 66
244950 59
259900 63
252575 61
272900 66
252883 61
265108 64
257767 62
279092 68
328575 80
255475 62
262375 64
243025 59
281866 68
322133 78
259300 63
267509 65
272434 66
248884 60
281091 68
250759 61
282358 68
254433 62
293600 71
252392 61
293359 71
268392 65
289409 70
287758 70
275434 67
508708 124
293492 71
337559 82
308400 75
268058 65
260592 63
267125 65
293867 71
278534 68
289908 70
270692 66
267775 65
254633 62
280933 68
242642 59
259025 63
244492 59
251725 61
266600 65
246816 60
256641 62
277484 67
264375 64
291583 71
259408 63
275700 67
293017 71
265983 64
282475 68
274050 66
273942 66
170088 41
263659 64
305517 74
274834 67
362325 88
270675 66
263642 64
273941 66
280975 68
273342 66
282217 68
270658 66
246875 60
253650 61
254759 62
255350 62
228986 55
265059 64
278842 68
261575 63
277150 67
258350 63
279525 68
265325 64
271825 66
243883 59
276525 67
262525 64
252992 61
260258 63
249925 61
252542 61
279659 68
284367 69
283442 69
264792 64
260092 63
274267 66
274967 67
215335 52
286375 69
262350 64
281283 68
477325 116
232008 56
251417 61
260375 63
271234 66
258900 63
271767 66
269325 65
304500 74
275567 67
270208 65
268375 65
238459 58
248500 60
279884 68
279433 68
291375 71
273150 66
273050 66
286083 69
248183 60
285233 69
255908 62
267275 65
269458 65
265033 64
272383 66
281484 68
244067 59
256633 62
264675 64
274758 67
283800 69
280758 68
268891 65
278925 68
258383 63
293125 71
233500 57
283083 69
242733 59
255584 62
259625 63
268892 65
267542 65
296766 72
259467 63
262379 64
245017 59
273875 66
177686 43
247984 60
259742 63
275117 67
243800 59
273017 66
272375 66
