16252 21
16276 21
16240 21
16320 21
16312 21
16364 21
16276 21
16280 21
16300 21
16312 21
16284 21
16292 21
16300 21
16344 21
16268 21
16336 21
16316 21
16340 21
16340 21
16340 21
16260 21
16316 21
16256 21
16272 21
16296 21
16336 21
16332 21
16316 21
16372 21
16352 21
16300 21
16316 21
16304 21
16312 21
16304 21
16280 21
16268 21
16344 21
16364 21
16340 21
16328 21
16264 21
16304 21
16304 21
16312 21
16304 21
16308 21
16316 21
16488 21
16352 21
16296 21
16300 21
16324 21
16272 21
16320 21
16324 21
16364 21
16308 21
16324 21
16272 21
16312 21
16280 21
16368 21
16352 21
16408 21
16288 21
16256 21
16236 21
16256 21
16368 21
16272 21
16324 21
16308 21
16244 21
16308 21
16340 21
16268 21
16328 21
16268 21
16352 21
16332 21
16260 21
16332 21
16340 21
16324 21
16272 21
16260 21
16324 21
16284 21
16348 21
16272 21
16300 21
16228 21
16460 21
16284 21
16256 21
16296 21
16276 21
16280 21
16332 21
16292 21
16268 21
16360 21
16276 21
16256 21
16344 21
16340 21
16328 21
16276 21
16372 21
16308 21
16336 21
16352 21
16304 21
16332 21
16272 21
16300 21
16324 21
16248 21
16228 21
16280 21
16296 21
16272 21
16228 21
16296 21
16292 21
16300 21
16252 21
16320 21
16248 21
16276 21
16308 21
16336 21
16228 21
16288 21
43608 56
16324 21
16300 21
16284 21
16300 21
16312 21
16300 21
16332 21
16268 21
16336 21
16292 21
16332 21
16316 21
16296 21
16340 21
16344 21
16272 21
16296 21
16316 21
16244 21
16316 21
16312 21
16280 21
16288 21
16256 21
16280 21
16332 21
16320 21
16248 21
16360 21
16268 21
16316 21
16296 21
16288 21
16360 21
16332 21
16328 21
16320 21
16336 21
16208 21
16232 21
16284 21
16324 21
16328 21
16296 21
16284 21
16276 21
16356 21
16336 21
16360 21
16272 21
16376 21
16324 21
16428 21
16308 21
16280 21
16256 21
16372 21
16328 21
16300 21
16280 21
16272 21
16352 21
16316 21
16288 21
16256 21
16312 21
16320 21
16272 21
16280 21
16268 21
16304 21
16284 21
16324 21
16336 21
16280 21
16360 21
16316 21
16252 21
16344 21
16440 21
16316 21
16304 21
16336 21
16292 21
16364 21
16340 21
16276 21
16340 21
16300 21
16388 21
16280 21
16332 21
16324 21
16308 21
16308 21
16332 21
16292 21
16248 21
16260 21
16320 21
16248 21
16272 21
16324 21
16296 21
16348 21
16388 21
16268 21
16256 21
16412 21
16328 21
16292 21
16344 21
16324 21
16340 21
16304 21
16352 21
16328 21
16348 21
16272 21
16308 21
16308 21
16308 21
16260 21
16336 21
16336 21
16276 21
16224 21
16348 21
16336 21
16352 21
16320 21
16320 21
16308 21
16300 21
16304 21
16348 21
16272 21
16320 21
16296 21
16308 21
16280 21
16320 21
16268 21
16320 21
16312 21
16312 21
16332 21
16292 21
16308 21
16296 21
16320 21
16272 21
16324 21
16324 21
16332 21
16320 21
16320 21
16304 21
16268 21
16296 21
16340 21
42004 54
16340 21
16276 21
16320 21
16296 21
16324 21
16296 21
16324 21
16276 21
16276 21
16300 21
16388 21
16372 21
16348 21
16292 21
16244 21
16316 21
16364 21
16212 21
16348 21
16332 21
16320 21
16304 21
16348 21
16328 21
16332 21
16344 21
16288 21
16288 21
16296 21
16316 21
16288 21
16392 21
16284 21
16300 21
16344 21
16320 21
16328 21
16308 21
16312 21
16300 21
16316 21
16260 21
16320 21
16296 21
16288 21
16280 21
16316 21
16364 21
16292 21
16332 21
16332 21
16272 21
16200 21
16244 21
16296 21
16348 21
16304 21
16328 21
16280 21
16256 21
16388 21
16316 21
16424 21
16300 21
16272 21
16332 21
16244 21
16276 21
16348 21
16312 21
16284 21
16280 21
16312 21
16296 21
16300 21
16288 21
16312 21
16364 21
16272 21
16316 21
16304 21
16416 21
16352 21
16252 21
16344 21
16312 21
16276 21
16268 21
16332 21
16360 21
16312 21
16272 21
16276 21
16308 21
16304 21
16376 21
16288 21
16284 21
16332 21
16328 21
16284 21
16260 21
16348 21
16300 21
16368 21
16324 21
16252 21
16340 21
16288 21
16216 21
16340 21
16284 21
16260 21
16324 21
16272 21
16284 21
16360 21
16272 21
16296 21
16320 21
16360 21
16292 21
16292 21
16316 21
16288 21
16320 21
16332 21
16340 21
16352 21
16332 21
16300 21
16304 21
16284 21
16368 21
16288 21
16312 21
16308 21
16364 21
16400 21
16336 21
16276 21
16312 21
16320 21
16304 21
16320 21
16288 21
16316 21
16308 21
16316 21
16288 21
16348 21
16336 21
16256 21
16340 21
16336 21
16324 21
16244 21
16380 21
16380 21
16300 21
16296 21
16324 21
16304 21
16324 21
16320 21
16344 21
16276 21
16356 21
16304 21
16376 21
16320 21
16300 21
16316 21
16360 21
16308 21
16280 21
16360 21
16316 21
16336 21
16336 21
16340 21
16304 21
16260 21
16348 21
16244 21
16364 21
16244 21
16292 21
16288 21
16352 21
16320 21
16308 21
16340 21
16328 21
16308 21
16320 21
16264 21
16296 21
16264 21
16292 21
16320 21
16356 21
16268 21
16252 21
16324 21
16336 21
16308 21
16352 21
16320 21
16340 21
16324 21
16356 21
16284 21
16340 21
16320 21
16320 21
16304 21
16336 21
16316 21
16304 21
16316 21
16376 21
16276 21
16360 21
16344 21
16252 21
16356 21
16252 21
16308 21
16328 21
16260 21
16300 21
16268 21
16356 21
16288 21
16316 21
16412 21
16336 21
16312 21
16288 21
16332 21
16348 21
16304 21
16352 21
16256 21
16308 21
16368 21
16284 21
16308 21
16260 21
16296 21
16316 21
16300 21
16324 21
16328 21
16248 21
16280 21
16328 21
16376 21
16228 21
16424 21
16424 21
16364 21
16380 21
16336 21
16304 21
16268 21
16316 21
16352 21
16336 21
16284 21
16368 21
16316 21
16284 21
16344 21
16344 21
16332 21
16320 21
16348 21
16284 21
16328 21
16284 21
16292 21
16292 21
16292 21
16336 21
16364 21
16312 21
16360 21
16336 21
16328 21
16328 21
16316 21
16368 21
16400 21
16328 21
16284 21
16344 21
16352 21
16292 21
16344 21
16240 21
16276 21
16316 21
16316 21
16412 21
16252 21
16412 21
16284 21
16316 21
16316 21
16300 21
16284 21
16304 21
16328 21
16320 21
16236 21
16244 21
16316 21
16308 21
16328 21
16312 21
16316 21
16308 21
16324 21
16276 21
16260 21
16272 21
16332 21
16328 21
16292 21
16316 21
16308 21
16332 21
16312 21
16320 21
16348 21
16324 21
16288 21
16260 21
16256 21
16280 21
16316 21
16312 21
16268 21
16284 21
16320 21
16304 21
16316 21
16320 21
16340 21
16264 21
16316 21
16292 21
16292 21
44372 57
16324 21
16292 21
16320 21
16284 21
16340 21
16280 21
16324 21
16292 21
16284 21
16332 21
16324 21
16348 21
16332 21
16388 21
16288 21
16308 21
16372 21
16356 21
16312 21
16312 21
16320 21
16320 21
16336 21
16360 21
16296 21
16168 21
16284 21
16320 21
16324 21
16356 21
16364 21
16304 21
16376 21
16320 21
16328 21
16340 21
16268 21
16408 21
16336 21
16280 21
16352 21
16316 21
16408 21
16356 21
16244 21
16276 21
16292 21
16288 21
16228 21
16348 21
16332 21
16256 21
16332 21
16244 21
16308 21
16332 21
16288 21
16304 21
16320 21
16332 21
16300 21
16292 21
16228 21
16316 21
16256 21
16328 21
16344 21
16308 21
16212 21
16348 21
16320 21
16288 21
16352 21
16280 21
16324 21
16316 21
16276 21
16320 21
16332 21
16336 21
16284 21
16300 21
16336 21
16300 21
16376 21
16308 21
16320 21
16248 21
43992 57
16356 21
16308 21
16300 21
16332 21
16280 21
16304 21
16304 21
16328 21
16324 21
16300 21
16316 21
16328 21
16332 21
16316 21
16264 21
16300 21
16296 21
16340 21
16288 21
16252 21
16336 21
16328 21
16368 21
16268 21
16280 21
16292 21
16300 21
16312 21
16268 21
16300 21
16328 21
16280 21
16316 21
16328 21
16328 21
16284 21
16260 21
16284 21
16300 21
16304 21
16312 21
16324 21
16264 21
16400 21
16280 21
16304 21
16332 21
16288 21
16364 21
16316 21
16312 21
16304 21
16236 21
16312 21
16508 21
16296 21
16304 21
16316 21
16288 21
16312 21
16276 21
16356 21
16324 21
16328 21
16316 21
16320 21
16304 21
16296 21
16296 21
16288 21
16372 21
16320 21
16320 21
16272 21
16324 21
16328 21
16324 21
16404 21
16304 21
16304 21
16340 21
16356 21
16416 21
16304 21
16304 21
16272 21
16340 21
16300 21
16252 21
16272 21
16316 21
16320 21
16392 21
16336 21
16308 21
16280 21
16340 21
16320 21
16244 21
16304 21
16288 21
16372 21
16308 21
16256 21
16296 21
16240 21
16312 21
16364 21
16300 21
16280 21
16332 21
16316 21
16296 21
16376 21
16356 21
16332 21
16252 21
16320 21
16308 21
16308 21
16300 21
16288 21
16400 21
16300 21
16372 21
16324 21
16316 21
16316 21
16304 21
16248 21
16292 21
16284 21
16364 21
16324 21
16332 21
16288 21
16312 21
16492 21
16316 21
16304 21
16364 21
16364 21
16252 21
16352 21
16324 21
16320 21
16356 21
16292 21
16292 21
16332 21
16304 21
16332 21
16316 21
16316 21
16348 21
16300 21
16384 21
16276 21
16344 21
16280 21
16360 21
16312 21
16276 21
16328 21
16364 21
16284 21
16304 21
16368 21
16392 21
16348 21
16312 21
16264 21
16316 21
16280 21
16316 21
16280 21
16284 21
16316 21
16292 21
16316 21
16284 21
16276 21
16412 21
16308 21
16288 21
16280 21
16296 21
16392 21
16328 21
16332 21
16388 21
16284 21
16320 21
33925 44
34016 44
34067 44
34025 44
34042 44
34025 44
33866 44
33992 44
34084 44
33967 44
34000 44
33983 44
33992 44
33942 44
33892 44
33925 44
33892 44
34033 44
33991 44
34059 44
33850 44
33958 44
33908 44
33975 44
34400 44
33950 44
34016 44
33925 44
33917 44
33992 44
34033 44
33917 44
33992 44
34025 44
34150 44
34025 44
33825 44
34008 44
34041 44
33909 44
34000 44
33992 44
33967 44
34042 44
33975 44
34066 44
33984 44
33933 44
34050 44
33967 44
33850 44
34017 44
34025 44
34008 44
34008 44
34133 44
34033 44
33917 44
34116 44
33991 44
33992 44
33967 44
34000 44
33934 44
