34000 44
16364 21
16464 21
33975 44
33975 44
34225 44
34025 44
34025 44
34033 44
34258 44
34033 44
34084 44
34100 44
34092 44
33967 44
33908 44
34025 44
34250 44
33984 44
34041 44
34033 44
34150 44
34025 44
34058 44
34009 44
33984 44
33908 44
34050 44
33891 44
33966 44
34000 44
33966 44
16376 21
33967 44
34158 44
34225 44
33909 44
33909 44
34034 44
34083 44
34041 44
34125 44
34033 44
34025 44
33991 44
33992 44
34033 44
34050 44
34050 44
33875 44
34075 44
34042 44
33967 44
33925 44
33975 44
34009 44
33992 44
34083 44
34033 44
34100 44
33775 43
16332 21
34009 44
33875 44
33958 44
33916 44
34067 44
34042 44
34059 44
33958 44
34017 44
34017 44
34100 44
33850 44
16264 21
16276 21
34067 44
16324 21
34091 44
34017 44
34050 44
34116 44
34092 44
34000 44
34017 44
34042 44
34033 44
34117 44
32322 42
34000 44
34050 44
34033 44
34109 44
34208 44
33991 44
34209 44
33967 44
34050 44
43157 56
34192 44
34225 44
34109 44
16324 21
34075 44
34042 44
34308 44
34083 44
34000 44
34066 44
33992 44
34141 44
33925 44
34025 44
33900 44
33933 44
34142 44
16268 21
33925 44
33959 44
34025 44
33966 44
33991 44
34067 44
34033 44
33883 44
34034 44
33900 44
33992 44
34042 44
34033 44
33984 44
34000 44
34050 44
34033 44
16364 21
34058 44
33833 44
34083 44
34066 44
34042 44
34092 44
34100 44
34025 44
33984 44
33925 44
33925 44
33950 44
33925 44
34050 44
34058 44
34008 44
34167 44
33967 44
34092 44
16296 21
34159 44
34041 44
33934 44
33975 44
33917 44
34008 44
34117 44
16344 21
34092 44
34058 44
34300 44
16356 21
33925 44
34117 44
34017 44
33883 44
34042 44
33983 44
33892 44
34100 44
34008 44
33950 44
33900 44
34042 44
33866 44
34050 44
34000 44
33933 44
34025 44
33908 44
33867 44
33958 44
34025 44
34042 44
43200 56
33950 44
34050 44
34034 44
33933 44
33941 44
34000 44
33933 44
34250 44
33908 44
34008 44
33975 44
34042 44
34108 44
34008 44
33983 44
34100 44
34275 44
34025 44
34134 44
34000 44
33941 44
33992 44
33991 44
33975 44
33975 44
33941 44
33975 44
34042 44
33908 44
34183 44
34142 44
33933 44
33808 44
34008 44
33950 44
34008 44
33892 44
34008 44
34058 44
34225 44
16340 21
34059 44
34042 44
33975 44
33892 44
33991 44
33875 44
33983 44
34009 44
16288 21
16320 21
16344 21
16340 21
34025 44
34100 44
33934 44
33984 44
34025 44
33917 44
33784 43
34150 44
34025 44
33966 44
34017 44
34042 44
34083 44
33959 44
34008 44
34033 44
33933 44
33916 44
34016 44
34150 44
34058 44
34141 44
34109 44
33983 44
16352 21
33950 44
33900 44
33866 44
34075 44
34300 44
45517 59
34175 44
33900 44
34058 44
33892 44
33908 44
33983 44
34150 44
34009 44
33909 44
33991 44
33942 44
34025 44
34034 44
34033 44
34000 44
34200 44
34025 44
34042 44
33942 44
34000 44
34141 44
34042 44
16280 21
33967 44
33933 44
33950 44
34116 44
34158 44
16280 21
34208 44
33917 44
33975 44
34058 44
34008 44
34050 44
34133 44
34067 44
34067 44
34008 44
34008 44
34117 44
33966 44
34134 44
16320 21
33958 44
33983 44
33992 44
33975 44
16352 21
34025 44
34008 44
34092 44
33950 44
33883 44
34142 44
34034 44
33917 44
34033 44
33933 44
33967 44
34000 44
34025 44
34092 44
34008 44
34058 44
34116 44
33941 44
34158 44
34025 44
33942 44
33900 44
34000 44
33925 44
34059 44
16396 21
33908 44
33966 44
33866 44
34025 44
34100 44
34034 44
33983 44
34034 44
33825 44
34125 44
33950 44
34017 44
34017 44
34142 44
34142 44
34067 44
33991 44
16288 21
34025 44
34000 44
33883 44
34108 44
34258 44
34008 44
34058 44
33833 44
33959 44
33942 44
34000 44
33992 44
33966 44
33858 44
33975 44
33842 44
33959 44
34084 44
34009 44
34025 44
33866 44
34009 44
33900 44
34041 44
34400 44
34066 44
33942 44
33875 44
34017 44
33967 44
33984 44
33950 44
33909 44
34059 44
33925 44
34034 44
34025 44
33891 44
33884 44
33942 44
33842 44
34084 44
33834 44
33934 44
33975 44
33991 44
33917 44
33975 44
33908 44
33984 44
33933 44
34050 44
33933 44
33959 44
34083 44
34042 44
34050 44
34042 44
34000 44
34058 44
34059 44
33958 44
34142 44
34009 44
34042 44
34075 44
34050 44
33934 44
33925 44
33950 44
34141 44
33975 44
33975 44
34025 44
33891 44
33825 44
33858 44
33892 44
34008 44
34192 44
33975 44
34075 44
34000 44
33950 44
34008 44
33967 44
34000 44
34150 44
33908 44
33875 44
34141 44
33933 44
33942 44
34100 44
34092 44
34042 44
34083 44
34033 44
33942 44
33934 44
33967 44
33959 44
34092 44
34100 44
34033 44
33975 44
33941 44
34017 44
33992 44
33992 44
16336 21
16428 21
34050 44
34025 44
34050 44
34025 44
34158 44
34100 44
33875 44
33991 44
33942 44
33917 44
34008 44
33992 44
34092 44
33958 44
34025 44
34000 44
34017 44
33992 44
33900 44
33958 44
34117 44
34083 44
34017 44
33958 44
33992 44
33984 44
34125 44
33975 44
34042 44
33966 44
34233 44
33934 44
34025 44
34000 44
33950 44
33833 44
34217 44
33950 44
33875 44
33967 44
34009 44
34016 44
33984 44
34042 44
33809 44
33900 44
33942 44
34017 44
34225 44
33975 44
34033 44
34050 44
34084 44
34366 44
34000 44
33959 44
34042 44
34050 44
33917 44
33825 44
34092 44
34025 44
33950 44
34125 44
33891 44
33867 44
34025 44
33925 44
34034 44
34025 44
34050 44
34016 44
33908 44
33950 44
33783 43
34058 44
34100 44
33992 44
33992 44
34058 44
34083 44
34375 44
34000 44
33959 44
33900 44
33950 44
34000 44
34225 44
16316 21
22468 29
33950 44
33991 44
33983 44
33983 44
33900 44
34133 44
34009 44
34025 44
34025 44
33934 44
34191 44
34050 44
33950 44
34025 44
33917 44
34050 44
33967 44
34067 44
34033 44
34067 44
34125 44
33983 44
33966 44
34267 44
33933 44
34116 44
34083 44
33991 44
33959 44
33975 44
34175 44
34084 44
34109 44
34100 44
34033 44
34250 44
33975 44
33992 44
34058 44
34042 44
34058 44
33925 44
33975 44
33883 44
33950 44
33967 44
34067 44
33934 44
33959 44
34125 44
33967 44
34133 44
33908 44
33958 44
34025 44
34025 44
33983 44
34017 44
16288 21
34159 44
33941 44
33992 44
34291 44
33967 44
34175 44
34050 44
33966 44
34016 44
34017 44
33983 44
33983 44
34066 44
33975 44
34058 44
33950 44
16320 21
33917 44
33933 44
33858 44
34025 44
34050 44
34142 44
34058 44
33983 44
34025 44
33908 44
34033 44
33900 44
34050 44
33984 44
16368 21
34109 44
34017 44
33859 44
33958 44
33867 44
33992 44
34125 44
33950 44
34117 44
33925 44
33883 44
33975 44
34008 44
34092 44
34025 44
34050 44
34059 44
34092 44
33933 44
34033 44
34175 44
16292 21
34242 44
34000 44
33925 44
34108 44
34075 44
34017 44
33942 44
33908 44
34125 44
33900 44
33958 44
33900 44
33984 44
34009 44
33941 44
16264 21
34000 44
34000 44
33959 44
33950 44
33975 44
33875 44
34009 44
34117 44
33917 44
34042 44
33975 44
33900 44
34050 44
33942 44
34133 44
34059 44
33900 44
33983 44
33958 44
33983 44
34092 44
34109 44
34150 44
34092 44
33975 44
34125 44
33991 44
33950 44
33942 44
33925 44
16332 21
34067 44
33984 44
34141 44
34000 44
33959 44
33992 44
34017 44
33984 44
33792 44
34034 44
34208 44
34125 44
33959 44
34009 44
34100 44
34016 44
16380 21
34017 44
34100 44
33883 44
33992 44
33917 44
34033 44
34025 44
33817 44
34075 44
33959 44
33983 44
34000 44
34209 44
34042 44
33892 44
33959 44
16396 21
34058 44
34066 44
34017 44
33983 44
33925 44
33967 44
33925 44
33909 44
33983 44
33983 44
34033 44
33925 44
34100 44
33984 44
34083 44
34125 44
34059 44
33959 44
33984 44
34050 44
33984 44
34091 44
34042 44
34000 44
16356 21
34092 44
33925 44
34092 44
33916 44
33858 44
33967 44
33909 44
33925 44
34034 44
33959 44
33958 44
33900 44
33992 44
33933 44
34075 44
34059 44
34100 44
33933 44
16356 21
34033 44
33983 44
34017 44
33891 44
34308 44
33966 44
33933 44
34075 44
34034 44
33858 44
34008 44
27633 35
33959 44
16240 21
34292 44
33950 44
34017 44
33950 44
34158 44
34017 44
33984 44
34000 44
16404 21
34125 44
216975 282
34075 44
33975 44
34191 44
33958 44
33934 44
34058 44
34034 44
34125 44
33934 44
34133 44
34067 44
33967 44
33859 44
34000 44
34075 44
33967 44
34192 44
34092 44
34000 44
33959 44
34058 44
34009 44
33942 44
34033 44
34183 44
33917 44
33967 44
33983 44
33825 44
33983 44
34166 44
34009 44
34133 44
33925 44
34017 44
34034 44
33992 44
34075 44
34034 44
34050 44
16268 21
34084 44
34141 44
33925 44
33925 44
33925 44
33850 44
34167 44
34008 44
34008 44
34075 44
34042 44
33941 44
34041 44
34092 44
33950 44
33909 44
34159 44
20824 27
33958 44
34125 44
33975 44
33891 44
34109 44
34067 44
33991 44
33983 44
34067 44
33958 44
34100 44
33975 44
34108 44
33884 44
33975 44
33975 44
33975 44
33892 44
34000 44
33975 44
33992 44
33892 44
34066 44
33900 44
33908 44
33983 44
34117 44
34009 44
33950 44
34000 44
212625 276
33966 44
34017 44
34000 44
34133 44
34109 44
33908 44
34025 44
33992 44
34200 44
34183 44
33941 44
34150 44
34017 44
34125 44
19684 25
34042 44
33916 44
34225 44
33916 44
34034 44
34109 44
33883 44
33908 44
33900 44
33975 44
34017 44
33991 44
33967 44
34133 44
34025 44
34125 44
34208 44
34167 44
33850 44
34058 44
34016 44
33966 44
33992 44
33950 44
33933 44
34100 44
33950 44
33991 44
33775 43
34025 44
34033 44
34033 44
34017 44
34008 44
34208 44
34059 44
34075 44
33908 44
33934 44
33950 44
34167 44
33975 44
33966 44
34033 44
33975 44
33958 44
34009 44
34017 44
33917 44
33991 44
33992 44
33933 44
34084 44
34092 44
34025 44
34242 44
33958 44
34009 44
34125 44
34233 44
34000 44
34017 44
33991 44
