522628 63
522736 63
522504 63
522768 63
522220 63
510512 62
523000 63
522668 63
514468 62
551520 67
522512 63
522684 63
522768 63
522576 63
522984 63
522964 63
521948 63
522624 63
551412 67
522480 63
522884 63
523292 63
523108 63
523208 63
523164 63
523040 63
551640 67
522748 63
503312 61
522556 63
522460 63
523380 63
522672 63
522968 63
807100 98
806058 98
806008 98
806433 98
806300 98
803225 98
914967 111
807075 98
855225 104
806067 98
796025 97
787892 96
524908 64
505792 61
806958 98
789042 96
844891 103
807017 98
804666 98
795325 97
782833 95
806916 98
806675 98
806934 98
817958 99
806625 98
806108 98
807800 98
806633 98
805525 98
804625 98
806692 98
774258 94
807242 98
796350 97
806175 98
807041 98
795466 97
795266 97
794683 97
785675 95
793783 96
1064891 129
501296 61
842800 102
792925 96
794741 97
795775 97
794725 97
795333 97
805984 98
805816 98
807009 98
804475 98
820441 100
807108 98
806325 98
805667 98
803667 98
806533 98
807175 98
793691 96
806450 98
806341 98
789125 96
806517 98
804575 98
806775 98
552948 67
523072 63
807308 98
807000 98
806800 98
806950 98
806259 98
806842 98
806925 98
807367 98
806083 98
806267 98
803383 98
806017 98
806267 98
805225 98
806875 98
806617 98
807191 98
523336 63
807108 98
807375 98
806400 98
807292 98
807142 98
808325 98
805825 98
804559 98
807159 98
807200 98
806000 98
837867 102
795217 97
794175 96
782041 95
794825 97
795550 97
795191 97
794792 97
795533 97
795150 97
772434 94
809117 98
793917 96
795192 97
785392 95
795925 97
844675 103
794592 96
794192 96
542164 66
794225 96
794867 97
774442 94
792900 96
795609 97
794083 96
792608 96
794650 97
794983 97
785050 95
794409 96
792741 96
794750 97
772366 94
794733 97
806391 98
792150 96
793392 96
794592 96
794633 97
778133 94
795925 97
795108 97
795317 97
775475 94
794800 97
754225 92
795867 97
795741 97
794933 97
795409 97
866066 105
794900 97
794683 97
795225 97
790042 96
1064883 129
844475 103
793542 96
794900 97
795633 97
794400 96
793650 96
794708 97
794434 96
794267 96
794750 97
794217 96
794350 96
795434 97
795567 97
794909 97
795392 97
795716 97
792033 96
785584 95
793950 96
794708 97
794675 97
842483 102
795350 97
795858 97
794116 96
794209 96
808416 98
773725 94
795008 97
793283 96
793108 96
794925 97
794367 96
795392 97
795567 97
795067 97
807025 98
796325 97
807192 98
805859 98
806625 98
783575 95
522532 63
807158 98
854417 104
807041 98
804575 98
804141 98
616716 75
806400 98
806183 98
796083 97
806175 98
807200 98
807667 98
801084 97
806683 98
805358 98
795625 97
807325 98
504908 61
773234 94
794767 97
840233 102
794867 97
785400 95
794759 97
805708 98
818116 99
806242 98
782791 95
805209 98
806167 98
807008 98
806833 98
786034 95
806258 98
804283 98
818583 99
515344 62
806508 98
806900 98
856492 104
795641 97
806217 98
686549 83
806917 98
805908 98
806267 98
807100 98
805658 98
807475 98
806500 98
807133 98
806516 98
806458 98
803991 98
807042 98
805091 98
806191 98
804750 98
805167 98
806692 98
806700 98
806475 98
806292 98
805017 98
817567 99
783508 95
806758 98
697791 85
519316 63
522904 63
522404 63
520540 63
514204 62
505716 61
522532 63
551268 67
523664 63
806633 98
804109 98
804267 98
803875 98
806508 98
806083 98
806717 98
806450 98
855800 104
855608 104
806042 98
794883 97
807642 98
783617 95
804350 98
797300 97
805342 98
786175 95
807508 98
806325 98
856367 104
805342 98
806858 98
806566 98
806058 98
783634 95
807067 98
784275 95
803900 98
807309 98
805933 98
806217 98
818975 99
806300 98
806700 98
806866 98
523068 63
794900 97
795441 97
793750 96
795375 97
795650 97
794909 97
499472 60
795425 97
785317 95
792350 96
792317 96
774683 94
796017 97
523228 63
520996 63
520580 63
522692 63
522368 63
510100 62
513492 62
522560 63
520140 63
504552 61
522384 63
520344 63
520976 63
522120 63
519972 63
519684 63
522716 63
520264 63
514028 62
523044 63
522764 63
522308 63
522160 63
522124 63
521776 63
521748 63
523180 63
523104 63
522784 63
522644 63
504096 61
513352 62
522596 63
522420 63
522772 63
522640 63
523636 63
521096 63
531644 64
522532 63
522380 63
520812 63
522348 63
513824 62
522812 63
550880 67
849691 103
851892 103
807241 98
782300 95
806966 98
802466 97
819833 100
806967 98
795775 97
807100 98
806925 98
860642 105
806334 98
806525 98
806317 98
806233 98
806850 98
807650 98
804459 98
806000 98
805741 98
806525 98
806283 98
805875 98
855100 104
807325 98
806408 98
806500 98
805733 98
807367 98
783441 95
806350 98
812983 99
807184 98
788017 96
522536 63
522104 63
616924 75
522496 63
518484 63
522532 63
516288 63
522664 63
519992 63
522284 63
503752 61
523328 63
522288 63
520420 63
520424 63
522048 63
521104 63
522796 63
520140 63
503888 61
524668 64
521580 63
522160 63
512088 62
520516 63
522720 63
522912 63
520816 63
552352 67
523300 63
794650 97
794017 96
793600 96
805741 98
795367 97
788050 96
806366 98
807283 98
804975 98
806025 98
804191 98
806583 98
806992 98
806133 98
818608 99
806408 98
805800 98
806450 98
857633 104
853067 104
807134 98
806625 98
784300 95
807208 98
806416 98
807283 98
803534 98
806392 98
805833 98
804283 98
807050 98
806216 98
806516 98
807192 98
806525 98
783333 95
798325 97
806892 98
807117 98
814983 99
783850 95
804891 98
796825 97
807216 98
804750 98
806383 98
806533 98
806942 98
805183 98
806625 98
804575 98
806534 98
788908 96
806400 98
1071767 130
723068 88
795892 97
793883 96
795559 97
795550 97
794650 97
610671 74
807017 98
806150 98
783367 95
807216 98
806359 98
727422 88
792459 96
845467 103
794450 96
795533 97
795617 97
792742 96
794709 97
794984 97
792550 96
794083 96
793891 96
795483 97
774167 94
794642 97
795683 97
792825 96
794475 96
795242 97
794817 97
795600 97
795475 97
794425 96
840808 102
795166 97
786984 96
784966 95
794625 97
792550 96
793100 96
792800 96
794359 96
795633 97
794133 96
794341 96
794908 97
795641 97
792875 96
930991 113
795766 97
769884 93
793975 96
794584 96
773859 94
849358 103
795217 97
795584 97
774409 94
793275 96
794700 97
794583 96
785041 95
790083 96
794358 96
794300 96
794675 97
499172 60
795408 97
795717 97
792525 96
792558 96
794325 96
795817 97
794917 97
795416 97
794833 97
795191 97
794517 96
795775 97
794408 96
794791 97
793358 96
808300 98
795325 97
795100 97
794591 96
795091 97
1058891 129
784684 95
795683 97
796459 97
522820 63
806517 98
806617 98
807300 98
797900 97
805984 98
549157 67
805516 98
785166 95
805233 98
806325 98
807258 98
522756 63
805458 98
807067 98
782025 95
806075 98
795750 97
688059 83
773625 94
820116 100
806208 98
803108 98
805258 98
806400 98
795708 97
803416 98
805275 98
806658 98
816075 99
806166 98
794758 97
794317 96
794033 96
795417 97
773000 94
792717 96
794533 96
794017 96
795550 97
795158 97
794475 96
773658 94
795942 97
793050 96
795550 97
794867 97
794000 96
792742 96
793550 96
766416 93
784534 95
792417 96
845941 103
795292 97
792991 96
1061067 129
806717 98
794450 96
792783 96
794817 97
494540 60
795142 97
792967 96
793008 96
795266 97
794209 96
554634 67
795700 97
794434 96
794650 97
794483 96
794725 97
782843 95
796309 97
807216 98
784009 95
806008 98
785459 95
592725 72
805491 98
806300 98
803667 98
806083 98
807166 98
806842 98
805858 98
806392 98
806342 98
807317 98
806842 98
805575 98
806850 98
805000 98
803791 98
807017 98
805591 98
803742 98
820300 100
807258 98
806183 98
804250 98
785908 95
805983 98
525024 64
806066 98
796592 97
950533 116
930233 113
935675 114
782517 95
806825 98
804209 98
781809 95
854391 104
806892 98
806292 98
806000 98
807092 98
806275 98
807133 98
805066 98
806300 98
794050 96
523048 63
523168 63
522944 63
522928 63
523268 63
520872 63
522356 63
522596 63
521992 63
522056 63
522284 63
512780 62
522884 63
513924 62
522664 63
522768 63
513908 62
522724 63
522032 63
523116 63
522228 63
522528 63
522372 63
522472 63
522536 63
522980 63
521648 63
522568 63
527012 64
520816 63
522680 63
520876 63
522984 63
520960 63
521344 63
522676 63
522336 63
522640 63
522904 63
522324 63
522580 63
554248 67
522608 63
522900 63
522172 63
522072 63
520628 63
529148 64
505244 61
520948 63
522568 63
512896 62
521452 63
795800 97
793941 96
776675 94
837958 102
794684 97
795000 97
792880 96
793184 96
793733 96
784625 95
784992 95
794800 97
775058 94
522860 63
520388 63
513904 62
522240 63
522732 63
521336 63
523060 63
519960 63
522076 63
520340 63
522460 63
522696 63
520132 63
521168 63
513980 62
522520 63
520520 63
549700 67
521604 63
807358 98
807192 98
807183 98
807125 98
803966 98
806625 98
805917 98
806542 98
796450 97
806908 98
807558 98
806058 98
807383 98
806034 98
804175 98
783716 95
806192 98
804967 98
794658 97
794267 96
794083 96
792200 96
792842 96
499148 60
795692 97
795592 97
844042 103
795466 97
784617 95
499964 61
794675 97
794784 97
795033 97
795550 97
784734 95
499316 60
794533 96
795091 97
795400 97
773050 94
794825 97
797166 97
842591 102
795242 97
796584 97
794167 96
794592 96
808266 98
807191 98
804950 98
806917 98
806875 98
856641 104
782891 95
806767 98
806367 98
807550 98
804359 98
807142 98
804366 98
806758 98
807083 98
807092 98
806108 98
785634 95
805591 98
807450 98
800450 97
795717 97
784084 95
806917 98
855158 104
785667 95
806283 98
806025 98
796800 97
796909 97
805734 98
500420 61
792750 96
795858 97
792183 96
794700 97
794008 96
791959 96
795967 97
785125 95
805058 98
782733 95
795667 97
794825 97
794767 97
793716 96
784408 95
794925 97
774050 94
792433 96
770808 94
773633 94
795416 97
794059 96
793858 96
795858 97
787358 96
793467 96
793783 96
792500 96
774833 94
795284 97
775300 94
794533 96
806116 98
793584 96
786600 96
795342 97
778059 94
807750 98
775800 94
794900 97
843091 102
864850 105
795558 97
523060 63
523000 63
521104 63
520300 63
522648 63
522924 63
514676 62
522036 63
522480 63
523640 63
522488 63
523140 63
520308 63
522480 63
522604 63
521032 63
522312 63
522576 63
523764 63
522572 63
522508 63
522880 63
522552 63
522208 63
523196 63
522820 63
522244 63
522944 63
522780 63
522320 63
522432 63
522792 63
520760 63
523004 63
523268 63
503564 61
524408 64
518592 63
522548 63
513204 62
522548 63
513140 62
520420 63
522372 63
504752 61
522272 63
806809 98
806616 98
805416 98
