2217 34
1060 16
2217 34
2209 34
2217 34
2208 34
2208 34
2217 34
2208 34
2208 34
2216 34
2208 34
2217 34
2217 34
2209 34
2259 35
2208 34
2208 34
2209 34
2209 34
2209 34
2208 34
2216 34
2192 34
1096 17
2208 34
2216 34
2217 34
2217 34
2208 34
2208 34
2225 34
2216 34
2225 34
1092 17
2209 34
2209 34
2216 34
2208 34
2216 34
2216 34
2217 34
2217 34
2208 34
2208 34
2209 34
2209 34
2216 34
2208 34
2208 34
2216 34
2208 34
1088 17
2216 34
2225 34
2208 34
2217 34
1060 16
2209 34
1060 16
2208 34
2208 34
2208 34
1060 16
2216 34
2209 34
2209 34
2209 34
2208 34
2209 34
2225 34
2192 34
1096 17
1060 16
2217 34
2217 34
2208 34
2217 34
2209 34
1060 16
2217 34
2216 34
2208 34
2217 34
2208 34
2216 34
2208 34
2208 34
2208 34
2208 34
2217 34
2209 34
2209 34
2208 34
2209 34
2208 34
2209 34
2208 34
2217 34
2208 34
2217 34
2216 34
2208 34
2225 34
2216 34
2209 34
2217 34
2208 34
2217 34
2209 34
2192 34
2208 34
2225 34
2217 34
2208 34
2208 34
2225 34
2208 34
2317 36
2208 34
2233 34
2208 34
2217 34
2209 34
2216 34
2208 34
2233 34
2209 34
2216 34
2216 34
2208 34
2208 34
2208 34
2217 34
2191 34
2208 34
2208 34
2217 34
2225 34
2225 34
2208 34
2208 34
2217 34
2208 34
2217 34
2225 34
2209 34
2209 34
2225 34
2217 34
2209 34
2208 34
2208 34
2217 34
2217 34
2209 34
2234 34
2208 34
2208 34
2217 34
2217 34
2208 34
2208 34
2208 34
2216 34
2208 34
2208 34
2208 34
2208 34
2216 34
2216 34
2208 34
2217 34
2250 35
2208 34
2209 34
2208 34
2225 34
2208 34
2209 34
2217 34
2267 35
2217 34
2208 34
1096 17
2216 34
2217 34
2209 34
2217 34
2209 34
1060 16
2258 35
2208 34
1060 16
2208 34
2216 34
2208 34
2208 34
2216 34
2233 34
2208 34
2217 34
2208 34
2216 34
2208 34
2216 34
2208 34
2208 34
2217 34
2208 34
2208 34
2208 34
2209 34
2208 34
2216 34
2217 34
2208 34
2208 34
2208 34
2217 34
2209 34
2200 34
2208 34
2208 34
2208 34
2208 34
2217 34
2217 34
2217 34
2208 34
2209 34
2191 34
2209 34
2208 34
2216 34
2217 34
2208 34
2216 34
2208 34
2209 34
2216 34
2208 34
2217 34
2208 34
2191 34
2208 34
2209 34
2208 34
2209 34
2208 34
2208 34
2208 34
2208 34
2208 34
2209 34
2217 34
2217 34
2216 34
2208 34
2208 34
2217 34
2217 34
2209 34
2209 34
2267 35
2208 34
2209 34
2209 34
2208 34
2216 34
2200 34
2216 34
2267 35
2216 34
2216 34
2234 34
2216 34
2208 34
2208 34
1060 16
2192 34
2208 34
2217 34
2217 34
2208 34
2209 34
2233 34
2208 34
2208 34
2209 34
2208 34
2233 34
2208 34
2209 34
2208 34
2217 34
1060 16
2225 34
2208 34
2225 34
2192 34
2250 35
2208 34
2208 34
2217 34
2217 34
2208 34
2217 34
2225 34
2208 34
2209 34
2216 34
2209 34
2208 34
2216 34
2217 34
2225 34
2208 34
2209 34
2225 34
2216 34
1060 16
2208 34
2209 34
2208 34
2208 34
2208 34
1060 16
2216 34
2267 35
2217 34
2208 34
2217 34
2217 34
2208 34
2216 34
2209 34
2208 34
2209 34
2208 34
2209 34
2234 34
2209 34
2208 34
2208 34
2208 34
2208 34
2208 34
2216 34
2208 34
2208 34
2208 34
2209 34
2208 34
2217 34
2217 34
2208 34
2208 34
2217 34
2216 34
2208 34
2209 34
2217 34
2208 34
2209 34
2217 34
2200 34
1084 16
2208 34
2208 34
2225 34
2216 34
2216 34
2200 34
2208 34
2209 34
2209 34
2208 34
2208 34
2225 34
2216 34
2208 34
2208 34
2209 34
2208 34
2209 34
2208 34
2208 34
2208 34
2208 34
2208 34
2225 34
2208 34
2217 34
2208 34
2209 34
2216 34
2209 34
2225 34
2216 34
2208 34
1060 16
2217 34
2208 34
2208 34
2216 34
2209 34
2208 34
2208 34
2208 34
2200 34
2208 34
2250 35
2217 34
2183 34
2217 34
2208 34
2208 34
2208 34
2225 34
2217 34
2209 34
2208 34
2208 34
2208 34
2209 34
2216 34
2209 34
2208 34
1060 16
2225 34
2209 34
2209 34
2217 34
2208 34
2200 34
2208 34
2208 34
2208 34
2209 34
2208 34
2208 34
2208 34
2216 34
2184 34
2209 34
2208 34
2216 34
2208 34
2209 34
2209 34
2209 34
2209 34
2217 34
2200 34
2208 34
2209 34
2209 34
1092 17
2241 35
2209 34
2217 34
2209 34
2250 35
2217 34
2216 34
2192 34
2209 34
2217 34
2267 35
2208 34
2208 34
2217 34
1060 16
2208 34
2216 34
2216 34
2217 34
2209 34
2217 34
2250 35
2209 34
2208 34
2208 34
2208 34
2208 34
2208 34
2209 34
2208 34
2216 34
2217 34
2217 34
2208 34
2208 34
2208 34
2208 34
2217 34
2208 34
2209 34
2208 34
2208 34
2208 34
2216 34
2209 34
2225 34
2209 34
2216 34
2209 34
2217 34
2209 34
2217 34
2200 34
2208 34
2209 34
2208 34
2208 34
2225 34
2217 34
2209 34
2266 35
2208 34
2216 34
2208 34
2217 34
2259 35
2217 34
2208 34
2208 34
2208 34
2217 34
2208 34
2208 34
2217 34
2208 34
2208 34
2217 34
2209 34
2217 34
2208 34
2209 34
2225 34
2216 34
2216 34
2217 34
2217 34
2209 34
2208 34
2209 34
2208 34
2209 34
2217 34
2258 35
2208 34
2209 34
2266 35
2208 34
2208 34
2209 34
2209 34
2217 34
2217 34
2208 34
2208 34
2208 34
2225 34
2209 34
2217 34
2216 34
2200 34
2217 34
2266 35
2209 34
2217 34
2384 37
2208 34
2209 34
2216 34
2217 34
2250 35
2208 34
2217 34
2208 34
2217 34
2217 34
2217 34
2208 34
2225 34
2283 35
2216 34
2217 34
2217 34
2200 34
2208 34
2208 34
2216 34
2208 34
1092 17
1060 16
2208 34
2208 34
2200 34
2209 34
2209 34
2225 34
2208 34
2209 34
2208 34
2217 34
2217 34
2217 34
2217 34
2208 34
2216 34
2216 34
2208 34
2208 34
2208 34
2217 34
2209 34
2217 34
2217 34
2200 34
2208 34
1060 16
2209 34
2209 34
2217 34
2209 34
2209 34
2216 34
2208 34
2209 34
2216 34
2250 35
2217 34
2216 34
2216 34
2233 34
2217 34
1060 16
2208 34
2209 34
2209 34
2208 34
2208 34
2200 34
2217 34
2208 34
2209 34
2225 34
2217 34
2208 34
2209 34
2217 34
2208 34
2217 34
2217 34
2200 34
2208 34
2216 34
2208 34
2209 34
2233 34
2234 34
2209 34
2267 35
2200 34
2200 34
2225 34
2216 34
2217 34
2225 34
2208 34
2208 34
2208 34
2208 34
2208 34
2216 34
2208 34
2208 34
2209 34
2225 34
2225 34
2209 34
2217 34
2225 34
2216 34
2217 34
2225 34
2225 34
2209 34
2208 34
2209 34
2216 34
2217 34
2208 34
2225 34
2217 34
2208 34
2217 34
1088 17
2208 34
2217 34
2208 34
2216 34
2208 34
2217 34
2208 34
2225 34
2208 34
2209 34
2217 34
2208 34
2216 34
2192 34
2208 34
2208 34
2217 34
2217 34
2208 34
2208 34
2209 34
2208 34
2241 35
2225 34
2208 34
1060 16
2217 34
2208 34
2216 34
2208 34
2250 35
2217 34
2208 34
2208 34
2209 34
2217 34
2209 34
2208 34
2217 34
2209 34
2216 34
2200 34
2217 34
2208 34
2208 34
2217 34
2208 34
2208 34
2208 34
2208 34
2208 34
2208 34
2208 34
2216 34
1100 17
2217 34
2241 35
2225 34
2200 34
2217 34
2208 34
2208 34
2216 34
2258 35
2217 34
2209 34
2250 35
2208 34
2200 34
2225 34
2208 34
2217 34
2217 34
2209 34
2208 34
2191 34
2216 34
1092 17
2216 34
2217 34
2200 34
2208 34
2208 34
2217 34
2209 34
2233 34
2208 34
2208 34
2208 34
2208 34
2225 34
2309 36
2208 34
2217 34
2225 34
2217 34
2209 34
2209 34
2358 36
2208 34
2217 34
2208 34
2208 34
2191 34
2208 34
2217 34
2208 34
2225 34
2234 34
2208 34
2208 34
2208 34
2208 34
2200 34
2208 34
2208 34
2209 34
2284 35
2208 34
2216 34
2217 34
2209 34
2208 34
2209 34
2208 34
2217 34
2217 34
2209 34
2208 34
2217 34
2209 34
2208 34
2217 34
2208 34
2208 34
2209 34
2208 34
2234 34
2208 34
2209 34
2217 34
2217 34
2216 34
2208 34
2208 34
2225 34
2209 34
2209 34
2267 35
2217 34
2217 34
2208 34
2208 34
2208 34
2225 34
2217 34
2225 34
2208 34
2217 34
2216 34
2217 34
2225 34
2225 34
2208 34
2216 34
2208 34
2208 34
2209 34
2208 34
2208 34
2216 34
2192 34
2216 34
2217 34
2208 34
2208 34
2217 34
2217 34
2209 34
1060 16
2225 34
2209 34
2250 35
2208 34
2242 35
2217 34
2233 34
2208 34
2217 34
2217 34
2208 34
2208 34
2209 34
2208 34
2209 34
2208 34
2208 34
2225 34
2208 34
2209 34
2225 34
2216 34
2216 34
2208 34
2200 34
2217 34
2208 34
2208 34
2217 34
2217 34
2267 35
2208 34
2209 34
2209 34
2217 34
2209 34
2216 34
2184 34
2208 34
2208 34
2208 34
2217 34
2217 34
2208 34
2208 34
2209 34
2208 34
2225 34
2208 34
2208 34
2208 34
2209 34
2208 34
2208 34
2208 34
2209 34
1072 16
2216 34
1096 17
2208 34
1060 16
2208 34
2208 34
2208 34
2217 34
2208 34
2208 34
2216 34
2209 34
2208 34
2208 34
2191 34
2208 34
2208 34
2192 34
2208 34
2225 34
2209 34
1060 16
2208 34
2209 34
2208 34
2209 34
2217 34
2217 34
2208 34
2208 34
2208 34
2217 34
2208 34
2208 34
2216 34
2208 34
2225 34
2209 34
2225 34
2208 34
2183 34
2208 34
2217 34
2234 34
2216 34
2217 34
2208 34
2208 34
2208 34
2200 34
2234 34
2217 34
2225 34
2216 34
2316 36
2208 34
2209 34
2200 34
2217 34
2217 34
2208 34
2208 34
