44791 43
45042 43
45017 43
44867 43
44866 43
44742 43
44925 43
45000 43
44983 43
44908 43
44758 43
44925 43
45359 44
44950 43
44892 43
44867 43
45383 44
45184 44
44859 43
45192 44
44817 43
44917 43
45042 43
44883 43
44933 43
44800 43
45250 44
44917 43
44909 43
45108 44
44817 43
44875 43
44875 43
44892 43
45483 44
44775 43
44775 43
44875 43
44833 43
44692 43
44875 43
44800 43
44733 43
44850 43
44825 43
44908 43
44783 43
44800 43
45000 43
44875 43
44783 43
45442 44
44791 43
45250 44
45200 44
45067 44
44816 43
44866 43
44983 43
44866 43
44842 43
44842 43
44733 43
44766 43
44966 43
44791 43
45041 43
45075 44
44892 43
45058 44
44725 43
44909 43
44800 43
44875 43
44741 43
44991 43
44825 43
45141 44
44817 43
45416 44
44967 43
45266 44
44966 43
44817 43
44766 43
44950 43
45075 44
44891 43
44667 43
44866 43
44858 43
45233 44
44917 43
44825 43
44933 43
44741 43
44850 43
44892 43
44850 43
44775 43
45266 44
44975 43
44867 43
44833 43
44908 43
44750 43
44891 43
44842 43
44825 43
44833 43
44875 43
44783 43
44750 43
45325 44
44959 43
44792 43
44825 43
44791 43
44833 43
44708 43
44900 43
44742 43
44900 43
44900 43
45134 44
44850 43
44875 43
45008 43
44816 43
45042 43
44858 43
44858 43
44733 43
44933 43
44675 43
44908 43
45058 44
44942 43
44909 43
44800 43
44792 43
44800 43
44984 43
44783 43
44883 43
44867 43
45108 44
44817 43
44892 43
44875 43
44817 43
44858 43
45000 43
44783 43
44767 43
45325 44
44884 43
44825 43
45217 44
45050 43
45134 44
44766 43
45150 44
44809 43
44908 43
44817 43
44800 43
44800 43
44866 43
45050 43
44942 43
44925 43
44875 43
44900 43
44750 43
44725 43
44850 43
45025 43
45250 44
102217 99
45075 44
44817 43
44742 43
44875 43
45409 44
44842 43
45316 44
44941 43
44758 43
44808 43
44817 43
44850 43
44891 43
44867 43
44817 43
44875 43
44850 43
44883 43
45091 44
45200 44
44859 43
44816 43
44925 43
44842 43
44734 43
44850 43
45125 44
44725 43
45116 44
45192 44
44841 43
44733 43
44883 43
44684 43
44725 43
44917 43
45217 44
44767 43
44817 43
44767 43
45175 44
44866 43
45167 44
44817 43
45058 44
44775 43
44850 43
44941 43
44875 43
44775 43
44841 43
45000 43
44892 43
44883 43
44809 43
44875 43
44717 43
45400 44
45075 44
44759 43
45025 43
44708 43
44825 43
44666 43
44791 43
44816 43
44750 43
44800 43
45100 44
44900 43
44817 43
44867 43
45117 44
45200 44
44942 43
44758 43
44925 43
44892 43
45025 43
44983 43
45025 43
44817 43
44858 43
45183 44
44741 43
44859 43
44891 43
45208 44
44842 43
44808 43
45158 44
44867 43
44875 43
45825 44
44850 43
45342 44
45033 43
44875 43
44792 43
44883 43
44858 43
44808 43
44775 43
44709 43
44892 43
44825 43
44808 43
44900 43
44783 43
44892 43
44717 43
44992 43
44775 43
44892 43
44908 43
45167 44
44883 43
44941 43
44917 43
44900 43
44817 43
44800 43
44842 43
44917 43
44767 43
44817 43
44884 43
44917 43
44741 43
44817 43
44958 43
44867 43
45117 44
44800 43
44742 43
58775 57
44767 43
45067 44
44775 43
44841 43
44767 43
44775 43
44792 43
44850 43
44775 43
45008 43
45317 44
44958 43
44933 43
44858 43
44975 43
44833 43
44825 43
44842 43
44875 43
44783 43
44683 43
44850 43
44792 43
44783 43
44850 43
45000 43
44992 43
44967 43
44850 43
45133 44
44867 43
44825 43
44892 43
44883 43
44875 43
45100 44
44792 43
44933 43
44733 43
44809 43
45441 44
44967 43
45125 44
44875 43
44875 43
44741 43
44883 43
45100 44
44891 43
44975 43
44867 43
44716 43
44859 43
44917 43
44741 43
44917 43
44741 43
45183 44
44817 43
45066 44
185433 181
44850 43
44917 43
44842 43
44875 43
44783 43
44800 43
44733 43
45775 44
44883 43
44800 43
44925 43
45067 44
45025 43
44875 43
45550 44
45008 43
44958 43
44850 43
44867 43
44816 43
44750 43
44692 43
44842 43
44884 43
44750 43
44733 43
44825 43
44850 43
44825 43
44833 43
45033 43
45225 44
44925 43
44917 43
44791 43
44867 43
44867 43
44817 43
45100 44
44867 43
44825 43
44900 43
44775 43
44775 43
44941 43
44717 43
44808 43
44867 43
44709 43
44683 43
44908 43
44858 43
44750 43
44875 43
44783 43
44767 43
44900 43
44867 43
44792 43
44858 43
96367 94
44875 43
44825 43
44875 43
44959 43
44792 43
44808 43
44942 43
44825 43
45158 44
44875 43
44917 43
44850 43
44800 43
44959 43
44817 43
44983 43
44817 43
44975 43
21604 21
44842 43
45716 44
45167 44
44950 43
44783 43
44825 43
44867 43
44925 43
44891 43
44967 43
44742 43
44783 43
44941 43
44858 43
44867 43
45008 43
44808 43
44817 43
45183 44
45133 44
45600 44
44933 43
44891 43
44842 43
44817 43
45275 44
44792 43
44950 43
44775 43
44875 43
44817 43
45066 44
44925 43
44742 43
44866 43
44850 43
44809 43
44791 43
44834 43
44766 43
44800 43
44958 43
44875 43
44867 43
44867 43
44750 43
44775 43
44775 43
45016 43
44692 43
44842 43
44875 43
44733 43
44817 43
44750 43
45075 44
44900 43
44833 43
44892 43
44758 43
45266 44
44842 43
44792 43
44942 43
45292 44
45091 44
44933 43
44925 43
45034 43
44766 43
44917 43
44908 43
44775 43
44834 43
44850 43
21688 21
21516 21
21504 21
21432 20
91441 89
45216 44
44841 43
44758 43
44883 43
44800 43
44891 43
44933 43
44783 43
44984 43
21528 21
44933 43
45025 43
44809 43
44775 43
44975 43
44884 43
44916 43
21552 21
44925 43
45525 44
44742 43
45059 44
44800 43
44608 43
44908 43
45466 44
45275 44
45033 43
44841 43
45008 43
45300 44
21504 21
44925 43
44958 43
45008 43
44758 43
44933 43
44842 43
44808 43
44967 43
45084 44
44950 43
44783 43
45216 44
44850 43
44858 43
44867 43
44917 43
45117 44
44867 43
45316 44
21624 21
44858 43
44900 43
45209 44
44842 43
44942 43
44817 43
44858 43
44916 43
44966 43
44992 43
44775 43
44767 43
44867 43
44975 43
44942 43
45441 44
44800 43
45116 44
44816 43
44934 43
21540 21
44792 43
44800 43
44908 43
44958 43
45025 43
45141 44
44683 43
44842 43
45058 44
44867 43
44850 43
44875 43
44800 43
44792 43
44750 43
44766 43
45375 44
45400 44
44892 43
21532 21
44933 43
44942 43
44808 43
44725 43
44991 43
44800 43
21572 21
44875 43
44758 43
45233 44
44917 43
44775 43
44875 43
44825 43
44841 43
44716 43
44750 43
45350 44
44741 43
44800 43
44816 43
44750 43
44841 43
45158 44
45325 44
44775 43
21524 21
44717 43
44933 43
45541 44
45000 43
114475 111
44842 43
44759 43
45083 44
45100 44
44866 43
44683 43
45092 44
44975 43
45050 43
45317 44
45017 43
44900 43
45084 44
44900 43
44942 43
44867 43
44784 43
44925 43
44742 43
45017 43
44867 43
44991 43
44792 43
44891 43
44925 43
45150 44
45116 44
45167 44
44758 43
44808 43
44841 43
44884 43
44759 43
44784 43
44900 43
44975 43
44683 43
44941 43
45158 44
45241 44
44783 43
44858 43
44783 43
45100 44
44733 43
44858 43
45067 44
44933 43
44842 43
44750 43
44884 43
45059 44
44809 43
44816 43
44758 43
44958 43
44758 43
44900 43
44775 43
44808 43
44792 43
44967 43
44959 43
21476 20
44767 43
44817 43
44850 43
44708 43
44800 43
44775 43
44750 43
44834 43
44983 43
45025 43
44950 43
44941 43
45025 43
44825 43
44975 43
44817 43
44892 43
44892 43
44925 43
44792 43
44850 43
44934 43
44841 43
44983 43
44883 43
45025 43
46066 44
44858 43
44858 43
44967 43
44909 43
44750 43
44892 43
21512 21
44992 43
45009 43
44958 43
44975 43
44934 43
44942 43
44859 43
44891 43
44775 43
44784 43
44825 43
44975 43
44858 43
44866 43
44808 43
44942 43
44684 43
45033 43
45033 43
44792 43
45033 43
44842 43
44808 43
44833 43
44900 43
44742 43
45025 43
44717 43
44934 43
44892 43
45125 44
44942 43
44975 43
45091 44
44833 43
44809 43
44825 43
45267 44
44775 43
44850 43
44758 43
45000 43
45017 43
44967 43
44858 43
44841 43
44833 43
44816 43
44933 43
44858 43
44833 43
44817 43
45033 43
21520 21
45183 44
45267 44
44825 43
44825 43
44992 43
44833 43
21452 20
44958 43
44984 43
44758 43
44859 43
44900 43
44825 43
45109 44
44809 43
44800 43
44808 43
44733 43
45833 44
44858 43
44900 43
44925 43
44783 43
44842 43
44767 43
44783 43
44850 43
45175 44
45359 44
44883 43
44884 43
44791 43
45242 44
44850 43
45259 44
44850 43
44717 43
44783 43
44967 43
44958 43
44825 43
44792 43
44675 43
44859 43
44934 43
45075 44
44675 43
44966 43
45117 44
44934 43
45350 44
44833 43
44900 43
44816 43
21528 21
44850 43
44750 43
45225 44
45125 44
44959 43
45342 44
44991 43
21536 21
21496 20
21528 21
21520 21
21484 20
21560 21
21552 21
21492 20
21540 21
21508 21
21560 21
21500 20
21496 20
21436 20
21568 21
21488 20
21528 21
21516 21
21528 21
44834 43
44983 43
44717 43
44859 43
44925 43
44817 43
44792 43
44959 43
44750 43
44891 43
44783 43
44841 43
45142 44
45117 44
44884 43
45059 44
44817 43
45050 43
44725 43
21580 21
44925 43
44858 43
44933 43
44891 43
44958 43
44941 43
44925 43
44942 43
44842 43
44925 43
45267 44
45108 44
44983 43
45100 44
45216 44
44859 43
44867 43
45008 43
44758 43
44883 43
44766 43
44875 43
44867 43
45025 43
44992 43
44917 43
44841 43
44925 43
45142 44
44733 43
44850 43
45108 44
44700 43
44900 43
45009 43
45241 44
44875 43
44875 43
44809 43
44791 43
44825 43
44833 43
44742 43
45150 44
45100 44
44775 43
45325 44
44858 43
45050 43
44733 43
44916 43
44892 43
44808 43
44841 43
21740 21
44758 43
45033 43
45075 44
44775 43
44833 43
45075 44
44884 43
45042 43
44675 43
44766 43
44691 43
44909 43
45266 44
45000 43
44742 43
21528 21
45083 44
44825 43
44859 43
45342 44
44792 43
44817 43
44866 43
44825 43
44817 43
44933 43
44758 43
44817 43
45017 43
44750 43
