16500 32
8020 15
16692 32
16383 31
16383 31
16333 31
16283 31
16341 31
16400 32
16300 31
16258 31
16425 32
16658 32
16925 33
16650 32
16267 31
16241 31
16709 32
16392 32
16242 31
16584 32
16483 32
16700 32
16542 32
16642 32
16359 31
16958 33
16534 32
16400 32
16375 31
16425 32
16917 33
16884 32
16600 32
16433 32
16634 32
16841 32
16566 32
16733 32
16459 32
16800 32
16484 32
16533 32
16450 32
16717 32
16584 32
16442 32
16466 32
16667 32
16267 31
16400 32
16566 32
16783 32
16775 32
16300 31
16584 32
16792 32
16458 32
16758 32
8036 15
16417 32
16367 31
16867 32
16308 31
16567 32
16800 32
16583 32
16475 32
16716 32
16442 32
16625 32
16166 31
16417 32
16358 31
16366 31
16583 32
16834 32
7948 15
16484 32
16809 32
16466 32
16792 32
16725 32
16600 32
16817 32
16808 32
16434 32
16700 32
16575 32
16466 32
16383 31
16750 32
16308 31
7796 15
16442 32
16350 31
16442 32
16292 31
16566 32
16317 31
16775 32
16434 32
16408 32
16417 32
16716 32
16717 32
16300 31
16558 32
16208 31
16441 32
16508 32
16400 32
16633 32
16275 31
16484 32
16309 31
7808 15
16491 32
16350 31
16209 31
16316 31
16483 32
16309 31
16392 32
16534 32
16617 32
16759 32
16333 31
16300 31
16675 32
16500 32
16300 31
16675 32
16217 31
16383 31
16550 32
16267 31
16775 32
16634 32
16508 32
16508 32
16767 32
16233 31
16708 32
16641 32
16675 32
16400 32
16792 32
16884 32
16158 31
16316 31
16458 32
16634 32
16533 32
16392 32
16425 32
16875 32
16400 32
16408 32
16641 32
16592 32
16358 31
16483 32
16350 31
16450 32
16892 32
16483 32
16708 32
16425 32
16775 32
16684 32
16817 32
16684 32
16442 32
16309 31
16241 31
16725 32
16575 32
16816 32
16583 32
16642 32
16308 31
16233 31
16792 32
16241 31
16250 31
16233 31
16350 31
16408 32
16909 33
16242 31
16491 32
16309 31
16333 31
16700 32
16691 32
16484 32
16425 32
16292 31
16742 32
16342 31
16333 31
7920 15
16400 32
16408 32
16308 31
16367 31
16300 31
16433 32
99859 195
16300 31
7896 15
16883 32
16483 32
16691 32
16608 32
16791 32
16350 31
16467 32
16350 31
16517 32
16684 32
16525 32
16575 32
16425 32
16383 31
16408 32
16384 32
16325 31
16650 32
16225 31
16709 32
16800 32
16583 32
16392 32
16283 31
16750 32
16517 32
16833 32
16408 32
16700 32
16308 31
16383 31
8088 15
16717 32
16759 32
16217 31
16825 32
16516 32
16467 32
16767 32
16316 31
16475 32
16550 32
16458 32
16458 32
16733 32
16525 32
16375 31
16541 32
7824 15
16450 32
16575 32
7820 15
16516 32
16367 31
16391 32
16600 32
16458 32
16742 32
7848 15
16383 31
16684 32
16517 32
16317 31
112641 220
16658 32
16375 31
16392 32
16625 32
16375 31
16108 31
16459 32
16650 32
16266 31
16383 31
16275 31
16433 32
16283 31
16825 32
16350 31
16342 31
16525 32
16642 32
16475 32
16692 32
16491 32
16650 32
16767 32
16484 32
16517 32
16717 32
16650 32
16708 32
16733 32
16500 32
16434 32
16709 32
16359 31
16242 31
16342 31
16408 32
16292 31
16409 32
16500 32
16400 32
16584 32
16617 32
16417 32
16692 32
16908 33
16584 32
16417 32
16709 32
16425 32
16658 32
16500 32
7920 15
16716 32
16467 32
16625 32
16592 32
16325 31
16567 32
16533 32
16400 32
16442 32
16292 31
16367 31
16450 32
16792 32
7868 15
16725 32
16534 32
16608 32
16400 32
16358 31
16475 32
16500 32
16384 32
16425 32
16367 31
16842 32
16425 32
16367 31
16384 32
16758 32
7916 15
16800 32
16258 31
16508 32
16433 32
16492 32
16333 31
16308 31
16575 32
16425 32
16425 32
16617 32
16700 32
16475 32
16400 32
16767 32
16667 32
16459 32
16408 32
16425 32
16825 32
16800 32
21892 42
16341 31
16392 32
16225 31
16767 32
16308 31
16425 32
16716 32
16358 31
16441 32
16500 32
16350 31
16592 32
8064 15
16908 33
16583 32
16759 32
16483 32
16300 31
16642 32
16892 32
16333 31
16816 32
16417 32
16567 32
17042 33
16416 32
16484 32
16225 31
16716 32
16317 31
16425 32
16416 32
16525 32
16900 33
16567 32
16741 32
16758 32
16475 32
16617 32
16533 32
16817 32
16708 32
16533 32
16666 32
16541 32
16616 32
16708 32
16316 31
16391 32
16525 32
16517 32
16259 31
16300 31
16333 31
17083 33
16692 32
16758 32
16458 32
16358 31
16466 32
16375 31
16400 32
16634 32
16733 32
16400 32
16392 32
16358 31
16409 32
16575 32
16775 32
16241 31
16434 32
16441 32
8056 15
16283 31
16758 32
16425 32
16308 31
16425 32
17608 34
16475 32
16783 32
16250 31
16100 31
16775 32
16458 32
16717 32
16409 32
7844 15
16358 31
7944 15
16558 32
16317 31
16333 31
16450 32
16267 31
16675 32
16700 32
16359 31
16616 32
16550 32
16275 31
16483 32
16984 33
16275 31
16342 31
16592 32
16242 31
16492 32
16800 32
16408 32
16717 32
16375 31
16425 32
16400 32
16316 31
16492 32
16417 32
16425 32
16400 32
16416 32
16442 32
16400 32
16325 31
16425 32
16534 32
16308 31
16858 32
16784 32
7832 15
16775 32
16783 32
16375 31
16525 32
16484 32
16408 32
16341 31
16425 32
16425 32
16684 32
16925 33
16292 31
16525 32
16742 32
16675 32
18777 36
16550 32
16308 31
16450 32
16500 32
16342 31
16900 33
16859 32
16391 32
16608 32
16283 31
16725 32
16642 32
16291 31
16383 31
16158 31
16566 32
16417 32
16484 32
16492 32
16741 32
16258 31
16300 31
16483 32
16350 31
16817 32
16234 31
16242 31
16358 31
7912 15
7904 15
16234 31
16442 32
16458 32
16392 32
16267 31
16725 32
16675 32
16767 32
7960 15
16233 31
16500 32
16350 31
16284 31
16325 31
16267 31
16334 31
16308 31
16808 32
16750 32
16367 31
16591 32
16534 32
16917 33
16733 32
16292 31
16609 32
16583 32
7976 15
16375 31
16450 32
16492 32
16467 32
16725 32
16408 32
16292 31
16533 32
16833 32
16442 32
16608 32
16392 32
16792 32
16675 32
16667 32
16400 32
16734 32
16867 32
16441 32
16283 31
16408 32
16500 32
16367 31
16559 32
16275 31
16758 32
16650 32
16591 32
16467 32
16575 32
16350 31
8076 15
16759 32
16350 31
16508 32
16308 31
16383 31
16800 32
16592 32
16516 32
16567 32
16742 32
16458 32
8000 15
16675 32
16308 31
16392 32
16767 32
16725 32
16809 32
16408 32
16317 31
16375 31
16308 31
16809 32
16358 31
16508 32
16675 32
16867 32
16400 32
16492 32
16408 32
16500 32
16367 31
16258 31
16416 32
16317 31
16533 32
16792 32
16392 32
16358 31
16442 32
16367 31
16475 32
8032 15
16583 32
16725 32
16342 31
16283 31
16458 32
16433 32
16675 32
16391 32
16491 32
16492 32
16492 32
16392 32
16309 31
16500 32
7792 15
16666 32
16275 31
16625 32
16667 32
16717 32
16450 32
16409 32
16892 32
16650 32
16866 32
16758 32
16650 32
16808 32
16234 31
16442 32
16333 31
16417 32
16583 32
16625 32
7864 15
16809 32
16266 31
17075 33
16625 32
16833 32
16500 32
16650 32
16484 32
16342 31
16317 31
16517 32
16750 32
16434 32
16700 32
16567 32
16242 31
16716 32
16908 33
16341 31
16841 32
16742 32
16725 32
16500 32
16225 31
16391 32
16350 31
16509 32
16742 32
16367 31
16342 31
16733 32
16425 32
8064 15
16633 32
16250 31
16292 31
16625 32
16633 32
16500 32
16742 32
16325 31
16584 32
16709 32
16592 32
16733 32
7796 15
16275 31
16575 32
22050 43
16217 31
16841 32
16858 32
16434 32
16425 32
16467 32
16859 32
16850 32
16408 32
16717 32
16525 32
16300 31
16350 31
16192 31
16775 32
16883 32
7868 15
16400 32
16483 32
16658 32
16500 32
16400 32
16658 32
16508 32
16525 32
16375 31
16508 32
16608 32
16441 32
16592 32
16717 32
16734 32
16358 31
16309 31
17058 33
16383 31
16400 32
16475 32
16342 31
16525 32
16775 32
16150 31
16517 32
16983 33
7896 15
16692 32
16834 32
7960 15
16667 32
16575 32
16442 32
16350 31
16291 31
16908 33
16459 32
16575 32
16392 32
16316 31
16359 31
16700 32
16283 31
8032 15
16358 31
16584 32
16608 32
16833 32
16267 31
16750 32
16375 31
16566 32
16817 32
16600 32
16792 32
16325 31
16584 32
16633 32
16775 32
16133 31
16500 32
16725 32
16459 32
16475 32
16367 31
16875 32
16209 31
16266 31
16434 32
16375 31
16475 32
16567 32
16317 31
16500 32
16333 31
16559 32
16242 31
16425 32
16300 31
16442 32
16550 32
16742 32
16291 31
8048 15
16600 32
16358 31
16441 32
16841 32
16700 32
16375 31
16425 32
16759 32
16366 31
8080 15
16717 32
16884 32
16616 32
16458 32
16384 32
16367 31
16484 32
16867 32
16359 31
16266 31
16492 32
16467 32
16541 32
16550 32
16383 31
16608 32
16708 32
16575 32
16550 32
16450 32
16175 31
16600 32
16366 31
16866 32
16334 31
16433 32
16275 31
16517 32
16459 32
16825 32
16309 31
16817 32
16375 31
16792 32
16408 32
16375 31
16816 32
8036 15
16458 32
16492 32
16825 32
16692 32
16617 32
16867 32
16300 31
16516 32
16734 32
16441 32
16459 32
16417 32
16817 32
16517 32
16375 31
16325 31
17067 33
16350 31
16441 32
16683 32
16200 31
16592 32
16350 31
16367 31
16342 31
16408 32
16659 32
16675 32
16367 31
16292 31
16700 32
16650 32
16775 32
16292 31
16509 32
16384 32
16400 32
16567 32
16433 32
16333 31
16616 32
16658 32
16850 32
16658 32
16758 32
16375 31
16317 31
16325 31
16400 32
16392 32
16341 31
16659 32
16367 31
16525 32
16425 32
16259 31
16250 31
7888 15
8036 15
16900 33
16717 32
16234 31
16400 32
16492 32
16666 32
7860 15
8052 15
7900 15
7944 15
7896 15
16975 33
16541 32
16475 32
16375 31
16650 32
16267 31
7776 15
7892 15
16658 32
16492 32
16509 32
16741 32
16584 32
16234 31
7996 15
8036 15
8044 15
7860 15
7904 15
7836 15
7948 15
16533 32
16825 32
16342 31
16342 31
16308 31
17017 33
16325 31
16425 32
16467 32
16584 32
16342 31
16483 32
16767 32
16350 31
16766 32
16458 32
