4150 32
2020 15
4133 32
4108 32
2008 15
4158 32
4150 32
4158 32
4150 32
4150 32
4208 32
4150 32
4216 32
4142 32
4150 32
4150 32
4159 32
4142 32
4150 32
4150 32
4175 32
4233 33
4150 32
4150 32
4150 32
4142 32
4208 32
4192 32
4225 33
4158 32
4108 32
4150 32
4158 32
4183 32
4150 32
4183 32
4158 32
4159 32
4200 32
4158 32
4150 32
4125 32
4150 32
4150 32
1992 15
4150 32
4150 32
4166 32
4200 32
4125 32
4150 32
4158 32
4141 32
4150 32
4150 32
4200 32
4150 32
4150 32
4150 32
4159 32
4150 32
4150 32
1992 15
4150 32
4258 33
4158 32
4150 32
4133 32
4150 32
4158 32
4150 32
4150 32
4183 32
4150 32
4216 32
4125 32
4275 33
4192 32
4150 32
4150 32
4150 32
4142 32
4150 32
4158 32
4150 32
4158 32
4150 32
4217 32
4150 32
4158 32
4125 32
4184 32
4125 32
4158 32
4134 32
4150 32
4116 32
4158 32
4200 32
4158 32
4150 32
4150 32
4150 32
4150 32
4150 32
4159 32
4158 32
4158 32
4134 32
4150 32
4167 32
4158 32
4125 32
4125 32
4183 32
4150 32
4158 32
1992 15
4158 32
4150 32
4158 32
4150 32
4175 32
4150 32
4133 32
4150 32
4125 32
4150 32
4183 32
4192 32
4150 32
4150 32
4150 32
4150 32
4150 32
4150 32
4159 32
4125 32
4100 32
4142 32
4125 32
4150 32
4158 32
4142 32
4158 32
4150 32
4150 32
4158 32
4158 32
4150 32
4158 32
4150 32
4150 32
4125 32
4158 32
4150 32
4158 32
4192 32
4150 32
4167 32
4150 32
1992 15
4167 32
4158 32
4175 32
4125 32
4183 32
4150 32
4200 32
4150 32
4150 32
4150 32
4175 32
4116 32
4150 32
4125 32
4183 32
4141 32
4183 32
4150 32
4250 33
4150 32
4150 32
4133 32
4134 32
4125 32
4117 32
4133 32
4192 32
4150 32
4142 32
4333 33
4159 32
1992 15
4150 32
4175 32
1996 15
4150 32
4125 32
4150 32
4192 32
4150 32
4150 32
4200 32
4150 32
4141 32
4133 32
4150 32
4150 32
4150 32
4150 32
4150 32
4150 32
4158 32
4150 32
4150 32
4150 32
4159 32
13518 105
4159 32
4167 32
4225 33
4150 32
1992 15
4200 32
4175 32
4141 32
4175 32
4200 32
4158 32
4142 32
4166 32
4142 32
4150 32
4150 32
4150 32
4159 32
4150 32
4200 32
4150 32
4159 32
4158 32
4150 32
4158 32
4117 32
1980 15
4150 32
4133 32
4159 32
4150 32
4150 32
4150 32
4167 32
4175 32
4150 32
4150 32
4150 32
4150 32
4150 32
4150 32
4158 32
4158 32
4150 32
4150 32
4158 32
1992 15
4150 32
4150 32
4150 32
4159 32
4150 32
4150 32
4125 32
4141 32
4150 32
4183 32
4150 32
4150 32
4150 32
4150 32
4183 32
4183 32
4158 32
4150 32
4150 32
4150 32
4159 32
4150 32
4125 32
4150 32
4158 32
4150 32
4125 32
4117 32
4150 32
4150 32
4158 32
4150 32
4150 32
4150 32
4150 32
4158 32
4134 32
4150 32
4150 32
4158 32
4142 32
4158 32
4150 32
4125 32
4150 32
4183 32
4183 32
4150 32
4175 32
4141 32
4150 32
4125 32
4158 32
4158 32
4150 32
4150 32
4150 32
4150 32
4150 32
4158 32
4142 32
4150 32
4158 32
4150 32
4150 32
4150 32
4159 32
4150 32
4150 32
1992 15
4150 32
4150 32
4158 32
4167 32
4150 32
4133 32
4133 32
4150 32
4150 32
4150 32
4133 32
4175 32
4150 32
4150 32
4134 32
4150 32
4150 32
4150 32
4150 32
4150 32
4150 32
4150 32
4159 32
4158 32
2028 15
4150 32
4167 32
4142 32
4150 32
4175 32
4141 32
4134 32
4150 32
4150 32
4142 32
4150 32
4191 32
4150 32
1996 15
4175 32
4175 32
4150 32
4166 32
4150 32
4159 32
4150 32
4134 32
4167 32
4133 32
4150 32
2008 15
4150 32
4150 32
4150 32
4134 32
4150 32
4158 32
4150 32
4150 32
1984 15
4158 32
4150 32
4150 32
4150 32
4150 32
4150 32
4150 32
4150 32
4150 32
4150 32
4150 32
4158 32
4200 32
4141 32
4125 32
4209 32
4159 32
4158 32
4150 32
4200 32
4142 32
4150 32
4150 32
4150 32
4158 32
1992 15
4150 32
4158 32
4150 32
4192 32
4150 32
4150 32
4141 32
4150 32
4150 32
4125 32
4150 32
4183 32
4158 32
4142 32
4175 32
4208 32
4150 32
4150 32
4150 32
4158 32
4150 32
4150 32
4159 32
4150 32
4150 32
4184 32
4175 32
4117 32
4159 32
4150 32
4166 32
4175 32
4134 32
4150 32
4200 32
4150 32
4150 32
4158 32
4158 32
4150 32
4159 32
4117 32
4158 32
4175 32
4150 32
4150 32
4158 32
4150 32
4150 32
4150 32
4158 32
4159 32
4133 32
4158 32
4125 32
4150 32
4150 32
4142 32
4150 32
4150 32
4158 32
4141 32
4158 32
4150 32
4183 32
4150 32
4159 32
4150 32
4150 32
4116 32
4150 32
4150 32
4192 32
4150 32
4150 32
4150 32
4150 32
4150 32
4150 32
4150 32
1992 15
4208 32
4159 32
4150 32
4150 32
4133 32
4150 32
4166 32
4150 32
4150 32
4158 32
4225 33
4183 32
4133 32
4150 32
4150 32
4150 32
4150 32
4117 32
4150 32
4150 32
4150 32
4125 32
1996 15
1992 15
4150 32
4150 32
4158 32
4150 32
4150 32
4158 32
4209 32
4150 32
4159 32
4150 32
4150 32
4158 32
4150 32
4150 32
4225 33
4150 32
4142 32
4159 32
4150 32
4150 32
1992 15
4141 32
4150 32
4133 32
4166 32
4158 32
4142 32
4217 32
4150 32
4150 32
4150 32
4142 32
4158 32
4150 32
4150 32
4158 32
4150 32
4150 32
4200 32
4125 32
1992 15
4150 32
4117 32
4234 33
4133 32
4150 32
4141 32
4158 32
4150 32
4158 32
4150 32
4109 32
4150 32
4150 32
4159 32
1992 15
4150 32
4150 32
1988 15
4200 32
4117 32
4150 32
4167 32
4125 32
4150 32
4125 32
4150 32
4175 32
4159 32
4133 32
4150 32
4125 32
4150 32
4158 32
4158 32
4233 33
4150 32
4159 32
4158 32
4150 32
4150 32
4150 32
4150 32
1992 15
4275 33
4175 32
4150 32
4167 32
4150 32
4134 32
4175 32
4158 32
4150 32
4133 32
4125 32
4133 32
4158 32
4200 32
4158 32
1992 15
4150 32
4150 32
4158 32
4142 32
4150 32
4150 32
4125 32
4175 32
4175 32
4183 32
4233 33
4142 32
4158 32
4183 32
1996 15
4150 32
4150 32
4158 32
4150 32
4175 32
4150 32
4150 32
4150 32
4175 32
4150 32
4150 32
4191 32
4159 32
4150 32
4150 32
4158 32
4158 32
97566 762
4175 32
4158 32
4159 32
4159 32
4150 32
4142 32
4150 32
4142 32
4150 32
4133 32
4141 32
4159 32
4158 32
4142 32
1996 15
4233 33
4175 32
4158 32
4150 32
4150 32
4158 32
4158 32
4183 32
4158 32
4150 32
4208 32
4150 32
4142 32
4150 32
4150 32
4141 32
4150 32
4142 32
4150 32
4150 32
4150 32
4183 32
4150 32
2040 15
4142 32
4158 32
1992 15
1992 15
4150 32
1992 15
4150 32
4192 32
4200 32
4159 32
4158 32
4125 32
1992 15
4217 32
4133 32
4150 32
4150 32
4142 32
4183 32
4217 32
4150 32
4142 32
4142 32
4158 32
4117 32
4150 32
4159 32
4158 32
4150 32
1992 15
4125 32
4125 32
4150 32
4117 32
4150 32
4150 32
4159 32
4150 32
4158 32
4150 32
4217 32
4150 32
4150 32
4133 32
4192 32
4158 32
4158 32
4158 32
4159 32
1992 15
4125 32
4150 32
4150 32
4100 32
4150 32
4150 32
4166 32
4150 32
4150 32
1984 15
4150 32
4125 32
4159 32
1988 15
4175 32
4150 32
4150 32
4125 32
4150 32
4150 32
4167 32
4150 32
4150 32
4208 32
4142 32
4150 32
4150 32
4217 32
4150 32
4150 32
4150 32
4159 32
4150 32
4150 32
1992 15
4175 32
4267 33
4150 32
4133 32
4150 32
4192 32
4158 32
4158 32
4134 32
4150 32
4150 32
4158 32
4159 32
4150 32
4142 32
4150 32
4159 32
4350 33
4133 32
4175 32
4158 32
4150 32
4191 32
4200 32
4150 32
4150 32
4125 32
4225 33
4159 32
4150 32
4150 32
4142 32
4150 32
4159 32
4167 32
4150 32
4158 32
4150 32
4150 32
4150 32
4116 32
4150 32
4208 32
4150 32
4150 32
4158 32
4200 32
4158 32
4192 32
4150 32
4150 32
4150 32
4133 32
4150 32
4158 32
4158 32
4217 32
4150 32
4159 32
4150 32
2032 15
4150 32
4150 32
4150 32
4208 32
4150 32
4150 32
4158 32
4150 32
1988 15
4209 32
4150 32
4158 32
4133 32
4158 32
4150 32
4150 32
2004 15
4150 32
4159 32
4150 32
4158 32
4142 32
4150 32
4125 32
4150 32
4158 32
4150 32
4208 32
4150 32
4142 32
4142 32
4183 32
4150 32
1992 15
4158 32
4183 32
4158 32
4150 32
4134 32
4150 32
4159 32
4158 32
4150 32
4150 32
4159 32
4134 32
4150 32
4150 32
4125 32
4150 32
4142 32
14596 114
4117 32
4150 32
4100 32
4150 32
4158 32
4142 32
1980 15
4141 32
4150 32
4150 32
4158 32
4158 32
4150 32
4159 32
4150 32
4142 32
4200 32
4150 32
4150 32
4158 32
4142 32
4150 32
1996 15
4150 32
4158 32
4158 32
2080 16
4150 32
4150 32
4200 32
4150 32
1992 15
4150 32
4175 32
4150 32
4183 32
4158 32
4158 32
4150 32
4158 32
4158 32
4150 32
4150 32
4150 32
4158 32
4150 32
4142 32
4125 32
4250 33
4150 32
4150 32
4116 32
4116 32
4158 32
4150 32
4117 32
4150 32
4159 32
4150 32
4100 32
4150 32
4192 32
4142 32
4125 32
4159 32
4158 32
4159 32
4158 32
4159 32
1992 15
4159 32
4175 32
4158 32
4200 32
4192 32
4150 32
4150 32
1996 15
4217 32
4142 32
4150 32
4142 32
4150 32
4150 32
4150 32
4150 32
4150 32
4159 32
4150 32
4150 32
4142 32
4158 32
4192 32
4216 32
4175 32
4150 32
4150 32
4192 32
4159 32
4125 32
4150 32
4141 32
4150 32
