28573180 6975 8.163766
2386286 582 0.681796
25279108 6171 7.222602
2695456 658 0.770130
2711670 662 0.774763
2628886 641 0.751110
3006264 733 0.858933
2932107 715 0.837745
3049490 744 0.871283
22207039 5421 6.344868
3325430 811 0.950123
3359013 820 0.959718
22099345 5395 6.314099
3373962 823 0.963989
3376899 824 0.964828
22212416 5422 6.346405
3434698 838 0.981342
3420830 835 0.977380
25930822 6330 7.408806
3354181 818 0.958337
3094036 755 0.884010
25703331 6275 7.343809
3391283 827 0.968938
3086760 753 0.881931
25232316 6160 7.209233
3390351 827 0.968672
3432325 837 0.980664
22113795 5398 6.318227
2874339 701 0.821240
3420698 835 0.977342
22318291 5448 6.376655
3579010 873 1.022574
3421009 835 0.977431
21952599 5359 6.272171
3726105 909 1.064601
3665477 894 1.047279
25975807 6341 7.421659
3914320 955 1.118377
3361286 820 0.960367
26229178 6403 7.494051
3462182 845 0.989195
3393214 828 0.969490
22298198 5443 6.370914
3698065 902 1.056590
3382342 825 0.966383
21779662 5317 6.222761
3083761 752 0.881075
3178604 776 0.908173
25705953 6275 7.344558
3178488 775 0.908139
3397037 829 0.970582
22109899 5397 6.317114
3179386 776 0.908396
2851411 696 0.814689
21236288 5184 6.067511
2905646 709 0.830185
3178823 776 0.908235
3145321 767 0.898663
3185670 777 0.910191
2862430 698 0.817837
3472600 847 0.992171
21921851 5352 6.263386
3218196 785 0.919485
3725898 909 1.064542
22430556 5476 6.408730
3502790 855 1.000797
3468044 846 0.990870
3439561 839 0.982732
3477321 848 0.993520
3439485 839 0.982710
3435341 838 0.981526
3490584 852 0.997310
3178440 775 0.908126
3463128 845 0.989465
3446349 841 0.984671
3439589 839 0.982740
3438947 839 0.982556
3080744 752 0.880213
3388061 827 0.968017
3092783 755 0.883652
3387408 827 0.967831
3402033 830 0.972009
3378222 824 0.965206
3483912 850 0.995403
3702779 903 1.057937
3481654 850 0.994758
3439935 839 0.982839
3046327 743 0.870379
3165166 772 0.904333
3404009 831 0.972574
3184375 777 0.909821
3486098 851 0.996028
3519479 859 1.005565
3237999 790 0.925143
2885253 704 0.824358
3236777 790 0.924793
3318506 810 0.948145
3203690 782 0.915340
2907050 709 0.830586
2908460 710 0.830989
3173528 774 0.906722
3191840 779 0.911954
3162722 772 0.903635
21768832 5314 6.219666
3264983 797 0.932852
3164146 772 0.904042
21816317 5326 6.233233
3187280 778 0.910651
3453960 843 0.986846
22365836 5460 6.390239
3482851 850 0.995100
3470414 847 0.991547
21995508 5369 6.284431
3219732 786 0.919923
3546202 865 1.013201
22418768 5473 6.405362
3494976 853 0.998565
3512015 857 1.003433
26327883 6427 7.522252
3493049 852 0.998014
3560701 869 1.017343
3545566 865 1.013019
3503346 855 1.000956
3498660 854 0.999617
3864726 943 1.104207
3827368 934 1.093534
22708139 5543 6.488040
3556924 868 1.016264
3558366 868 1.016676
22714717 5545 6.489919
3762477 918 1.074993
3710379 905 1.060108
26205385 6397 7.487253
3790045 925 1.082870
3820671 932 1.091620
26392494 6443 7.540713
3792123 925 1.083464
3518585 859 1.005310
26065476 6363 7.447279
3251029 793 0.928865
3534293 862 1.009798
22243234 5430 6.355210
3463921 845 0.989692
3520886 859 1.005967
22452743 5481 6.415069
3530390 861 1.008683
3528343 861 1.008098
3536911 863 1.010546
3524534 860 1.007010
3514054 857 1.004015
3156088 770 0.901739
3243816 791 0.926805
3522855 860 1.006530
3508342 856 1.002383
3534188 862 1.009768
3465391 846 0.990112
3239085 790 0.925453
3249461 793 0.928417
3173713 774 0.906775
25777844 6293 7.365098
3150551 769 0.900157
3179463 776 0.908418
25969223 6340 7.419778
3422038 835 0.977725
3469703 847 0.991344
25889871 6320 7.397106
3394115 828 0.969747
3430072 837 0.980021
25848083 6310 7.385167
3365464 821 0.961561
3451987 842 0.986282
25897266 6322 7.399219
3487170 851 0.996334
3428504 837 0.979573
21901845 5347 6.257670
3436675 839 0.981907
3448458 841 0.985274
25985936 6344 7.424553
3419085 834 0.976881
3155697 770 0.901628
21940934 5356 6.268838
3210966 783 0.917419
3178576 776 0.908165
21564081 5264 6.161166
2886524 704 0.824721
2826116 689 0.807462
21759573 5312 6.217021
3184190 777 0.909769
3153404 769 0.900973
3158497 771 0.902428
2851931 696 0.814837
2862535 698 0.817867
2860831 698 0.817380
25339403 6186 7.239829
3124076 762 0.892593
2770119 676 0.791463
22162991 5410 6.332283
2832796 691 0.809370
3129973 764 0.894278
3120127 761 0.891465
3081953 752 0.880558
3108207 758 0.888059
3022659 737 0.863617
24921278 6084 7.120365
2652421 647 0.757835
2740749 669 0.783071
25472762 6218 7.277932
2757291 673 0.787797
2862043 698 0.817727
2842417 693 0.812119
3146833 768 0.899095
2803080 684 0.800880
3108976 759 0.888279
21929399 5353 6.265543
3097905 756 0.885116
3008205 734 0.859487
21676237 5292 6.193211
3374860 823 0.964246
3341005 815 0.954573
26071096 6365 7.448885
3333773 813 0.952507
3014172 735 0.861192
21816279 5326 6.233223
3347009 817 0.956288
3365440 821 0.961554
21671747 5290 6.191928
3108476 758 0.888136
3077732 751 0.879352
3368806 822 0.962516
3110310 759 0.888660
3068647 749 0.876756
3098473 756 0.885278
3049250 744 0.871214
3065802 748 0.875943
3090329 754 0.882951
25712004 6277 7.346287
3029694 739 0.865627
2750763 671 0.785932
21964372 5362 6.275535
2792480 681 0.797851
3046708 743 0.870488
22052882 5384 6.300823
2730020 666 0.780006
2699764 659 0.771361
2790362 681 0.797246
21735405 5306 6.210116
2789810 681 0.797089
2821085 688 0.806024
21407151 5226 6.116329
2804097 684 0.801171
2811728 686 0.803351
3214045 784 0.918299
2737527 668 0.782151
3304893 806 0.944255
3305228 806 0.944351
3643506 889 1.041002
3387492 827 0.967855
3672121 896 1.049177
3370887 822 0.963111
3337272 814 0.953506
3087822 753 0.882235
3603904 879 1.029687
3622282 884 1.034938
3625874 885 1.035964
3306646 807 0.944756
3373739 823 0.963925
3339433 815 0.954124
3352721 818 0.957920
3606752 880 1.030501
3347526 817 0.956436
3366526 821 0.961865
3591226 876 1.026065
3396625 829 0.970464
3416086 834 0.976025
3328111 812 0.950889
3327238 812 0.950639
3322029 811 0.949151
3328132 812 0.950895
3396311 829 0.970375
21987733 5368 6.282209
3430380 837 0.980109
3576154 873 1.021758
25764165 6290 7.361190
3390344 827 0.968670
3433462 838 0.980989
25498511 6225 7.285289
3430994 837 0.980284
3424902 836 0.978543
22388645 5465 6.396756
3444052 840 0.984015
3454100 843 0.986886
22199333 5419 6.342667
3494045 853 0.998299
3474524 848 0.992721
3520152 859 1.005758
3491300 852 0.997514
3748502 915 1.071001
3417472 834 0.976421
3433818 838 0.981091
3164513 772 0.904147
3429409 837 0.979831
3132127 764 0.894893
3534799 862 1.009943
25230323 6159 7.208664
3387862 827 0.967961
3357309 819 0.959231
22140616 5405 6.325890
3103822 757 0.886806
3094340 755 0.884097
21854576 5335 6.244165
3066608 748 0.876174
2769295 676 0.791227
20806502 5079 5.944715
2743798 669 0.783942
3387355 826 0.967816
3382579 825 0.966451
3061427 747 0.874693
3117764 761 0.890790
3383396 826 0.966685
25503829 6226 7.286808
3343044 816 0.955155
3404586 831 0.972739
25787794 6295 7.367941
3090035 754 0.882867
3402396 830 0.972113
25255701 6165 7.215915
3131237 764 0.894639
3121503 762 0.891858
21533651 5257 6.152472
3124865 762 0.892819
3135779 765 0.895937
3154053 770 0.901158
2867213 700 0.819204
2853056 696 0.815159
2862192 698 0.817769
21546405 5260 6.156116
2865332 699 0.818666
2903897 708 0.829685
21772207 5315 6.220631
3197744 780 0.913641
3172389 774 0.906397
22074839 5389 6.307097
3175004 775 0.907144
3141739 767 0.897640
3384674 826 0.967050
3145897 768 0.898828
3212602 784 0.917886
3218485 785 0.919567
3289035 802 0.939724
3543133 865 1.012324
3305095 806 0.944313
3370716 822 0.963062
3444967 841 0.984276
3373614 823 0.963890
3391856 828 0.969102
3423334 835 0.978095
3532565 862 1.009304
3310267 808 0.945791
3598135 878 1.028039
24562112 5996 7.017746
3634607 887 1.038459
3599557 878 1.028445
26211669 6399 7.489048
3337219 814 0.953491
3302784 806 0.943653
25950914 6335 7.414547
3302128 806 0.943465
3306513 807 0.944718
21812694 5325 6.232198
3278432 800 0.936695
3293054 803 0.940873
25445289 6212 7.270083
3299387 805 0.942682
3365329 821 0.961523
21756919 5311 6.216263
3330404 813 0.951544
3337583 814 0.953595
3019936 737 0.862839
3279494 800 0.936998
3005499 733 0.858714
3059639 746 0.874183
21728217 5304 6.208062
3296710 804 0.941917
3277581 800 0.936452
22077482 5390 6.307852
3277887 800 0.936539
3300910 805 0.943117
25732188 6282 7.352054
3315029 809 0.947151
3231927 789 0.923408
22089516 5392 6.311290
3252397 794 0.929256
3313171 808 0.946620
25815973 6302 7.375992
3528162 861 1.008046
3248602 793 0.928172
25946103 6334 7.413172
3270745 798 0.934499
3145753 768 0.898787
21746375 5309 6.213250
3474294 848 0.992655
3238519 790 0.925291
22007567 5372 6.287876
3222682 786 0.920766
3177176 775 0.907765
25584423 6246 7.309835
3186812 778 0.910518
3178558 776 0.908159
21990645 5368 6.283041
3456411 843 0.987546
3192572 779 0.912163
25752371 6287 7.357820
3503492 855 1.000998
3495433 853 0.998695
25871790 6316 7.391940
3499753 854 0.999929
3512954 857 1.003701
23604786 5762 6.744225
3476126 848 0.993179
3489163 851 0.996904
22061135 5386 6.303181
3477356 848 0.993530
3394475 828 0.969850
25579402 6244 7.308401
3140422 766 0.897263
3142385 767 0.897824
22043926 5381 6.298265
3185350 777 0.910100
3266052 797 0.933158
25472989 6218 7.277997
3347840 817 0.956526
3314781 809 0.947080
25847678 6310 7.385051
3273778 799 0.935365
3310507 808 0.945859
25837294 6307 7.382084
3260853 796 0.931672
3231892 789 0.923398
21978840 5365 6.279669
3267504 797 0.933573
3270350 798 0.934386
3210200 783 0.917200
3243640 791 0.926754
3251234 793 0.928924
3331913 813 0.951975
3281354 801 0.937530
3364044 821 0.961155
3324947 811 0.949985
3349206 817 0.956916
3320465 810 0.948704
3322786 811 0.949367
3262020 796 0.932006
3282461 801 0.937846
3299467 805 0.942705
3268887 798 0.933968
3268883 798 0.933967
25644876 6260 7.327107
3267668 797 0.933619
3312877 808 0.946536
25731803 6282 7.351944
3250477 793 0.928708
3253822 794 0.929663
23322227 5693 6.663493
3155114 770 0.901461
3209353 783 0.916958
25783014 6294 7.366575
3177923 775 0.907978
3222697 786 0.920771
21887387 5343 6.253539
3196266 780 0.913219
3176631 775 0.907609
3203159 782 0.915188
3177937 775 0.907982
3245107 792 0.927173
3235618 789 0.924462
3249817 793 0.928519
3180534 776 0.908724
3184177 777 0.909765
3166569 773 0.904734
3157645 770 0.902184
2894247 706 0.826928
25176939 6146 7.193411
2964158 723 0.846902
2966557 724 0.847588
25446986 6212 7.270567
3252379 794 0.929251
3282614 801 0.937890
2908963 710 0.831132
3237769 790 0.925077
3225783 787 0.921652
3303134 806 0.943753
3276554 799 0.936158
3516197 858 1.004628
3008889 734 0.859683
3302634 806 0.943610
3303123 806 0.943749
3311963 808 0.946275
2950894 720 0.843113
3283355 801 0.938101
3323925 811 0.949693
21712596 5300 6.203599
3304115 806 0.944033
3312176 808 0.946336
25634461 6258 7.324132
2966860 724 0.847674
3267794 797 0.933655
21608502 5275 6.173858
2983123 728 0.852321
2984111 728 0.852603
3003739 733 0.858211
3259691 795 0.931340
2968808 724 0.848231
3269201 798 0.934057
2981451 727 0.851843
3197653 780 0.913615
3383288 825 0.966654
3246982 792 0.927709
3202712 781 0.915061
3230321 788 0.922949
25329515 6183 7.237004
3213497 784 0.918142
3183635 777 0.909610
21676370 5292 6.193249
3207488 783 0.916425
3187036 778 0.910582
21764066 5313 6.218305
3211793 784 0.917655
3258947 795 0.931128
21991168 5368 6.283191
3231445 788 0.923270
3239786 790 0.925653
25776000 6292 7.364571
3236724 790 0.924778
3217029 785 0.919151
22016948 5375 6.290557
3538573 863 1.011021
3518170 858 1.005191
25828280 6305 7.379509
3511156 857 1.003187
3485906 851 0.995973
22100172 5395 6.314335
3194433 779 0.912695
3180297 776 0.908656
22010227 5373 6.288636
3210424 783 0.917264
3507371 856 1.002106
22337779 5453 6.382223
3519221 859 1.005492
3499497 854 0.999856
21908451 5348 6.259557
3542644 864 1.012184
3583734 874 1.023924
3570966 871 1.020276
3520418 859 1.005834
3505185 855 1.001481
3758821 917 1.073949
3769886 920 1.077110
26199150 6396 7.485471
3764132 918 1.075466
3512094 857 1.003455
22526896 5499 6.436256
3186934 778 0.910553
3213175 784 0.918050
25776217 6293 7.364633
3195844 780 0.913098
3189130 778 0.911180
26306281 6422 7.516080
3173353 774 0.906672
3160721 771 0.903063
25925832 6329 7.407381
3433937 838 0.981125
3178771 776 0.908220
25708690 6276 7.345340
3444107 840 0.984031
3440103 839 0.982887
25524064 6231 7.292590
3079309 751 0.879803
3442303 840 0.983515
21988682 5368 6.282481
3451178 842 0.986051
3453457 843 0.986702
3515743 858 1.004498
3492117 852 0.997748
3489275 851 0.996936
21943615 5357 6.269604
3498419 854 0.999548
3456288 843 0.987511
25628795 6257 7.322513
3423920 835 0.978263
3236655 790 0.924759
3221191 786 0.920340
3535892 863 1.010255
3516989 858 1.004854
22383554 5464 6.395301
3229424 788 0.922693
3523776 860 1.006793
3233547 789 0.923871
3248889 793 0.928254
3273900 799 0.935400
3213099 784 0.918028
3513966 857 1.003990
3198739 780 0.913925
3512476 857 1.003565
2987658 729 0.853617
2896534 707 0.827581
2966808 724 0.847659
21644585 5284 6.184167
2916487 712 0.833282
2918822 712 0.833949
21473686 5242 6.135339
3198089 780 0.913740
3196692 780 0.913341
2853524 696 0.815293
3202694 781 0.915055
3101535 757 0.886153
2905961 709 0.830275
3060449 747 0.874414
3162840 772 0.903669
3167397 773 0.904971
25759434 6288 7.359838
3148393 768 0.899541
3100066 756 0.885733
21953451 5359 6.272415
3149661 768 0.899903
3211496 784 0.917570
22054501 5384 6.301286
3551962 867 1.014846
3539547 864 1.011299
22347884 5456 6.385110
3576217 873 1.021776
3562360 869 1.017817
26239188 6406 7.496911
3571099 871 1.020314
3579129 873 1.022608
26181805 6392 7.480516
3615418 882 1.032977
3613599 882 1.032457
3643049 889 1.040871
3568392 871 1.019541
3612074 881 1.032021
3622498 884 1.034999
3586440 875 1.024697
25825208 6304 7.378631
3577834 873 1.022238
3586806 875 1.024802
25710835 6277 7.345953
3574517 872 1.021291
3865106 943 1.104316
22421544 5474 6.406155
3859108 942 1.102602
3655604 892 1.044458
3527481 861 1.007852
3594794 877 1.027084
3601254 879 1.028930
3604504 880 1.029858
3592127 876 1.026322
26204606 6397 7.487030
3589044 876 1.025441
3576855 873 1.021959
22225550 5426 6.350157
3592525 877 1.026436
3586328 875 1.024665
26155528 6385 7.473008
3530581 861 1.008737
3316471 809 0.947563
3280139 800 0.937183
3213423 784 0.918121
3281072 801 0.937449
3247893 792 0.927969
3318541 810 0.948155
3223328 786 0.920951
22039618 5380 6.297034
3288155 802 0.939473
3276781 799 0.936223
25607595 6251 7.316456
3271407 798 0.934688
3233118 789 0.923748
22111952 5398 6.317701
3239085 790 0.925453
3222371 786 0.920677
22219349 5424 6.348385
3145157 767 0.898616
3209621 783 0.917035
21875192 5340 6.250055
3200428 781 0.914408
2911871 710 0.831963
21792373 5320 6.226392
2886227 704 0.824636
2960824 722 0.845950
2939760 717 0.839931
2921560 713 0.834731
3110616 759 0.888747
3490993 852 0.997427
3472290 847 0.992083
3476287 848 0.993225
22583885 5513 6.452539
3474342 848 0.992669
3208486 783 0.916710
25848572 6310 7.385306
3225768 787 0.921648
3210487 783 0.917282
25974700 6341 7.421343
3244891 792 0.927112
3276027 799 0.936008
25641513 6260 7.326147
3531084 862 1.008881
3233687 789 0.923911
22397733 5468 6.399352
3523403 860 1.006687
3586178 875 1.024622
26094384 6370 7.455538
3540329 864 1.011523
3812086 930 1.089167
25907966 6325 7.402276
3555227 867 1.015779
3538489 863 1.010997
3515715 858 1.004490
3529555 861 1.008444
3559877 869 1.017108
3486122 851 0.996035
3523190 860 1.006626
25677003 6268 7.336287
3506610 856 1.001889
3806378 929 1.087537
22140857 5405 6.325959
3527149 861 1.007757
3528291 861 1.008083
3539656 864 1.011330
3534963 863 1.009989
3571106 871 1.020316
3552619 867 1.015034
3272517 798 0.935005
3580822 874 1.023092
3219840 786 0.919954
25417002 6205 7.262001
3574932 872 1.021409
22230895 5427 6.351684
3549494 866 1.014141
3576947 873 1.021985
3576154 873 1.021758
3587128 875 1.024894
25698919 6274 7.342548
3584599 875 1.024171
3574049 872 1.021157
22345450 5455 6.384414
3846148 939 1.098899
3571382 871 1.020395
22138863 5404 6.325389
3800948 927 1.085985
3808556 929 1.088159
3616455 882 1.033273
3876243 946 1.107498
3602751 879 1.029357
3552979 867 1.015137
3618770 883 1.033934
22765708 5558 6.504488
3640978 888 1.040279
3590092 876 1.025741
22508301 5495 6.430943
3584471 875 1.024135
3622770 884 1.035077
22123760 5401 6.321074
3619524 883 1.034150
3625023 885 1.035721
26106898 6373 7.459114
3582847 874 1.023671
3593496 877 1.026713
3535452 863 1.010129
3594941 877 1.027126
24183939 5904 6.909697
3530811 862 1.008803
3585410 875 1.024403
22167377 5411 6.333536
3578493 873 1.022427
3546820 865 1.013377
26024006 6353 7.435430
3532278 862 1.009222
3561054 869 1.017444
3519084 859 1.005453
3260518 796 0.931577
3549449 866 1.014128
3288347 802 0.939528
3289842 803 0.939955
3309669 808 0.945620
3246403 792 0.927544
3250533 793 0.928724
3291410 803 0.940403
3322231 811 0.949209
3253497 794 0.929571
3266792 797 0.933369
3225660 787 0.921617
3246916 792 0.927690
3235994 790 0.924570
21893355 5345 6.255244
3209157 783 0.916902
3765640 919 1.075897
22575743 5511 6.450212
3736236 912 1.067496
3790003 925 1.082858
3782494 923 1.080713
3730496 910 1.065856
3465167 845 0.990048
3496394 853 0.998970
3445095 841 0.984313
22269199 5436 6.362628
3479744 849 0.994213
3239612 790 0.925603
3365266 821 0.961505
3258731 795 0.931066
3260847 796 0.931671
3259820 795 0.931377
3235887 790 0.924539
3175538 775 0.907297
3209600 783 0.917029
25347269 6188 7.242077
3224211 787 0.921203
3250805 793 0.928801
25502452 6226 7.286415
3209859 783 0.917103
3196888 780 0.913397
23826281 5816 6.807509
3225021 787 0.921435
3257295 795 0.930656
21783376 5318 6.223822
3188690 778 0.911054
3138237 766 0.896639
25641950 6260 7.326271
3146046 768 0.898870
3090646 754 0.883042
25888418 6320 7.396691
3157121 770 0.902035
3123007 762 0.892288
25469686 6218 7.277053
3166241 773 0.904640
3217257 785 0.919216
22199180 5419 6.342623
3217854 785 0.919387
3210556 783 0.917302
3124030 762 0.892580
3153819 769 0.901091
3142803 767 0.897944
3212928 784 0.917979
3169719 773 0.905634
3119436 761 0.891267
3167868 773 0.905105
3152233 769 0.900638
3156951 770 0.901986
3151511 769 0.900432
25362494 6192 7.246427
3206957 782 0.916273
3172012 774 0.906289
21970206 5363 6.277202
3228852 788 0.922529
3217563 785 0.919304
21996000 5370 6.284571
3178942 776 0.908269
3213434 784 0.918124
22146268 5406 6.327505
3169481 773 0.905566
3199272 781 0.914078
3235908 790 0.924545
3205886 782 0.915967
3184658 777 0.909902
3218740 785 0.919640
21995093 5369 6.284312
3223974 787 0.921135
3456160 843 0.987474
22124342 5401 6.321241
3531870 862 1.009106
3240352 791 0.925815
21970356 5363 6.277245
3193337 779 0.912382
3197670 780 0.913620
22044342 5381 6.298383
3200376 781 0.914393
3205764 782 0.915933
22328290 5451 6.379511
3558683 868 1.016767
3240826 791 0.925950
25945831 6334 7.413095
3541488 864 1.011854
3498262 854 0.999503
21915067 5350 6.261448
3453317 843 0.986662
3511914 857 1.003404
26003926 6348 7.429693
3438881 839 0.982537
3472011 847 0.992003
25947779 6334 7.413651
3519437 859 1.005553
3507734 856 1.002210
25918151 6327 7.405186
3506861 856 1.001960
3459519 844 0.988434
22273085 5437 6.363739
3465300 846 0.990086
3399960 830 0.971417
3426626 836 0.979036
3474964 848 0.992847
3500619 854 1.000177
3479946 849 0.994270
3418691 834 0.976769
3519776 859 1.005650
3220070 786 0.920020
3215473 785 0.918707
3207369 783 0.916391
3434370 838 0.981249
3451202 842 0.986058
3426839 836 0.979097
3484432 850 0.995552
3493109 852 0.998031
3503712 855 1.001061
3486643 851 0.996184
3272347 798 0.934956
25977982 6342 7.422281
3226540 787 0.921869
3208106 783 0.916602
2954092 721 0.844026
3233471 789 0.923849
2956770 721 0.844791
2834695 692 0.809913
25137871 6137 7.182249
2922080 713 0.834880
3244545 792 0.927013
25437933 6210 7.267981
3218549 785 0.919585
3203193 782 0.915198
25634363 6258 7.324104
2938388 717 0.839539
3199150 781 0.914043
3195516 780 0.913005
3196766 780 0.913362
3209816 783 0.917090
3158874 771 0.902535
2779070 678 0.794020
3081034 752 0.880295
3099671 756 0.885620
24918844 6083 7.119670
2805915 685 0.801690
2733369 667 0.780963
3086875 753 0.881964
3108354 758 0.888101
2824898 689 0.807114
3128873 763 0.893964
2734361 667 0.781246
2789422 681 0.796978
2876308 702 0.821802
25866835 6315 7.390524
3133028 764 0.895151
2727256 665 0.779216
21268398 5192 6.076685
3159265 771 0.902647
3115983 760 0.890281
21986047 5367 6.281728
3101103 757 0.886029
3055498 745 0.872999
3088066 753 0.882305
3098603 756 0.885315
3094378 755 0.884108
3128650 763 0.893900
3147741 768 0.899355
3171464 774 0.906133
3178429 775 0.908123
25876611 6317 7.393317
3110707 759 0.888773
3123765 762 0.892504
25892703 6321 7.397915
3045234 743 0.870067
3156852 770 0.901958
25383709 6197 7.252488
3139092 766 0.896883
3141193 766 0.897484
22323011 5449 6.378003
3185018 777 0.910005
3489230 851 0.996923
22029950 5378 6.294271
3194996 780 0.912856
3158064 771 0.902304
26038188 6356 7.439482
3218014 785 0.919433
3064185 748 0.875481
21709164 5300 6.202618
2851474 696 0.814707
2834538 692 0.809868
2803953 684 0.801129
2837314 692 0.810661
3113989 760 0.889711
3080172 751 0.880049
2813547 686 0.803871
3096864 756 0.884818
2806321 685 0.801806
21893853 5345 6.255387
3013638 735 0.861039
3090636 754 0.883039
21465024 5240 6.132864
3120682 761 0.891623
3088209 753 0.882345
3248892 793 0.928255
3378798 824 0.965371
3072054 750 0.877730
2058193 502 0.588055
2387543 582 0.682155
25089150 6125 7.168329
2682555 654 0.766444
2910677 710 0.831622
3073877 750 0.878251
3001976 732 0.857707
3038691 741 0.868197
2934607 716 0.838459
3035783 741 0.867367
3059346 746 0.874099
3096948 756 0.884842
22396819 5467 6.399091
3602287 879 1.029225
3364791 821 0.961369
3394527 828 0.969865
3378896 824 0.965399
3429433 837 0.979838
3400193 830 0.971484
3434838 838 0.981382
22252262 5432 6.357789
3514940 858 1.004269
3444285 840 0.984081
25941348 6333 7.411814
3440606 839 0.983030
3087486 753 0.882139
25949084 6335 7.414024
3092577 755 0.883593
3347257 817 0.956359
22105290 5396 6.315797
3331046 813 0.951727
3098896 756 0.885399
3014437 735 0.861268
3395661 829 0.970189
3138370 766 0.896677
21740872 5307 6.211678
3365126 821 0.961465
3074488 750 0.878425
2816777 687 0.804793
3357910 819 0.959403
3147115 768 0.899176
3413108 833 0.975174
22355041 5457 6.387155
3469214 846 0.991204
3134787 765 0.895653
22264761 5435 6.361360
3471005 847 0.991716
3466679 846 0.990480
22373214 5462 6.392347
3125989 763 0.893140
3392048 828 0.969157
25666875 6266 7.333393
3352222 818 0.957778
3127937 763 0.893696
21968925 5363 6.276836
3319801 810 0.948515
3263608 796 0.932459
21834756 5330 6.238502
3042615 742 0.869319
3015096 736 0.861456
21440571 5234 6.125877
2720783 664 0.777367
2906393 709 0.830398
25869510 6315 7.391289
2988200 729 0.853771
3284056 801 0.938302
22110374 5398 6.317250
3627417 885 1.036405
3703414 904 1.058118
22695057 5540 6.484302
3342617 816 0.955033
3413516 833 0.975290
25733329 6282 7.352380
3424692 836 0.978483
3072882 750 0.877966
25775934 6292 7.364553
3066654 748 0.876187
3097786 756 0.885082
25703460 6275 7.343846
3294548 804 0.941299
3068452 749 0.876701
3059154 746 0.874044
2782705 679 0.795059
3091554 754 0.883301
2759278 673 0.788365
3349069 817 0.956877
3313049 808 0.946585
3237600 790 0.925029
3039488 742 0.868425
3052943 745 0.872269
3320856 810 0.948816
3019719 737 0.862777
3050325 744 0.871521
2734751 667 0.781357
25359150 6191 7.245471
3170022 773 0.905721
3105366 758 0.887247
25716483 6278 7.347567
3002727 733 0.857922
2702079 659 0.772023
2775485 677 0.792996
2788525 680 0.796721
2734590 667 0.781311
2371137 578 0.677468
3022010 737 0.863431
2802976 684 0.800850
21823349 5327 6.235243
3312364 808 0.946390
3348441 817 0.956697
22074381 5389 6.306966
3072131 750 0.877752
3044280 743 0.869794
25779317 6293 7.365519
3045657 743 0.870188
3056885 746 0.873396
3007821 734 0.859377
3055062 745 0.872875
2944973 718 0.841421
2671956 652 0.763416
21484566 5245 6.138447
2980563 727 0.851589
2805409 684 0.801545
25293198 6175 7.226628
2427568 592 0.693591
3093436 755 0.883839
21848609 5334 6.242460
2789318 680 0.796948
2786930 680 0.796266
25244665 6163 7.212761
3055771 746 0.873077
3300749 805 0.943071
3052468 745 0.872134
3279145 800 0.936899
3639239 888 1.039783
3556407 868 1.016116
3572778 872 1.020794
3410898 832 0.974542
3708612 905 1.059603
3358751 820 0.959643
3104692 757 0.887055
3081030 752 0.880294
3116737 760 0.890496
2834796 692 0.809942
2812908 686 0.803688
3139441 766 0.896983
3340663 815 0.954475
3029600 739 0.865600
25218773 6156 7.205364
2664966 650 0.761419
3007629 734 0.859323
21877413 5341 6.250689
2941481 718 0.840423
3028534 739 0.865295
21770511 5315 6.220146
3056001 746 0.873143
3042036 742 0.869153
25735197 6283 7.352913
3063627 747 0.875322
3348033 817 0.956581
3391503 828 0.969001
3420733 835 0.977352
3431647 837 0.980471
25853896 6311 7.386827
3397627 829 0.970751
3400668 830 0.971619
21791795 5320 6.226227
3415366 833 0.975819
3390965 827 0.968847
26095836 6371 7.455953
3383899 826 0.966828
3413467 833 0.975276
21967221 5363 6.276349
3397152 829 0.970615
3417835 834 0.976524
21619189 5278 6.176911
3385512 826 0.967289
3091742 754 0.883355
25700506 6274 7.343002
3381096 825 0.966027
3427181 836 0.979195
22153705 5408 6.329630
3430515 837 0.980147
3144311 767 0.898375
22162883 5410 6.332252
3190282 778 0.911509
3187926 778 0.910836
22158488 5409 6.330997
3144155 767 0.898330
3448862 842 0.985389
23731923 5793 6.780549
3074128 750 0.878322
3339060 815 0.954017
25600476 6250 7.314422
3654469 892 1.044134
3044131 743 0.869752
22310588 5446 6.374454
3448433 841 0.985267
3765553 919 1.075872
22306374 5445 6.373250
2844481 694 0.812709
3174956 775 0.907130
21851758 5334 6.243359
3475948 848 0.993128
3504079 855 1.001165
22278507 5439 6.365288
3722295 908 1.063513
3781488 923 1.080425
26116589 6376 7.461883
3459445 844 0.988413
3394195 828 0.969770
25962746 6338 7.417927
2721714 664 0.777633
3445951 841 0.984557
3447225 841 0.984921
3115417 760 0.890119
3128839 763 0.893954
3135154 765 0.895758
3101393 757 0.886112
3141620 766 0.897606
3095831 755 0.884523
3149832 769 0.899952
3054206 745 0.872630
3394827 828 0.969951
3388640 827 0.968183
3125570 763 0.893020
3067498 748 0.876428
3401684 830 0.971910
3441835 840 0.983381
3113958 760 0.889702
3439080 839 0.982594
3127763 763 0.893647
3145111 767 0.898603
3384304 826 0.966944
3422461 835 0.977846
3413202 833 0.975201
3447166 841 0.984905
3499501 854 0.999857
3477104 848 0.993458
3065278 748 0.875794
25472197 6218 7.277771
3159699 771 0.902771
2887414 704 0.824975
3151162 769 0.900332
3173335 774 0.906667
3418526 834 0.976722
3244675 792 0.927050
3213860 784 0.918246
3184916 777 0.909976
3188540 778 0.911011
3195812 780 0.913089
3146462 768 0.898989
3182287 776 0.909225
3432956 838 0.980845
3146546 768 0.899013
3168277 773 0.905222
3131359 764 0.894674
3425516 836 0.978719
21691862 5295 6.197675
3155250 770 0.901500
3177068 775 0.907734
25293453 6175 7.226701
3182039 776 0.909154
3090165 754 0.882904
21795474 5321 6.227278
3058071 746 0.873735
3180552 776 0.908729
25780965 6294 7.365990
3230091 788 0.922883
3220668 786 0.920191
22181468 5415 6.337562
3215340 784 0.918669
3264501 796 0.932715
3151504 769 0.900430
3155484 770 0.901567
3547689 866 1.013625
3222693 786 0.920769
3526050 860 1.007443
3238917 790 0.925405
3538546 863 1.011013
3191103 779 0.911744
3230084 788 0.922881
21764594 5313 6.218455
3188736 778 0.911067
3466676 846 0.990479
25956936 6337 7.416267
3198246 780 0.913785
3173119 774 0.906605
21318813 5204 6.091089
3110882 759 0.888823
3150401 769 0.900115
25513782 6228 7.289652
3087951 753 0.882272
3009291 734 0.859797
21964854 5362 6.275673
2818230 688 0.805209
2739901 668 0.782829
24919407 6083 7.119831
2842998 694 0.812285
3119810 761 0.891374
3070693 749 0.877341
2778627 678 0.793893
3141424 766 0.897550
3407783 831 0.973652
3704546 904 1.058442
3181533 776 0.909009
3675354 897 1.050101
25893248 6321 7.398071
3336741 814 0.953355
21931833 5354 6.266238
3406014 831 0.973147
3284284 801 0.938367
3136746 765 0.896213
2855004 697 0.815715
3411771 832 0.974792
3424343 836 0.978384
3395948 829 0.970271
3407710 831 0.973631
3401147 830 0.971756
3398691 829 0.971055
25524291 6231 7.292655
3137071 765 0.896306
3178803 776 0.908229
25854490 6312 7.386997
3191249 779 0.911785
3471036 847 0.991725
25657951 6264 7.330843
3190558 778 0.911588
3208807 783 0.916802
25751198 6286 7.357485
3482408 850 0.994974
3473753 848 0.992501
3500989 854 1.000283
3429723 837 0.979921
25693930 6272 7.341123
3428107 836 0.979459
3433323 838 0.980949
21869138 5339 6.248325
3510133 856 1.002895
3472569 847 0.992163
22191621 5417 6.340463
3394101 828 0.969743
3382817 825 0.966519
25635620 6258 7.324463
3148019 768 0.899434
3099389 756 0.885540
3091271 754 0.883220
3094456 755 0.884130
3391985 828 0.969139
3088115 753 0.882319
3400832 830 0.971666
3122529 762 0.892151
3436294 838 0.981798
3466274 846 0.990364
22084914 5391 6.309975
3453521 843 0.986720
3434394 838 0.981255
20420616 4985 5.834462
3423069 835 0.978020
3484653 850 0.995615
26095547 6370 7.455871
3426574 836 0.979021
3545744 865 1.013070
3429496 837 0.979856
3777766 922 1.079362
26123506 6377 7.463859
3478640 849 0.993897
25999346 6347 7.428385
3685133 899 1.052895
3739923 913 1.068549
21035316 5135 6.010090
3457594 844 0.987884
3424364 836 0.978390
22980719 5610 6.565920
3462367 845 0.989248
3782797 923 1.080799
3708197 905 1.059485
3701235 903 1.057496
25682429 6270 7.337837
3709506 905 1.059859
3767778 919 1.076508
3744050 914 1.069729
3749224 915 1.071207
22555993 5506 6.444569
3750652 915 1.071615
3713239 906 1.060925
3708749 905 1.059643
3453342 843 0.986669
3433407 838 0.980973
3446053 841 0.984587
3434384 838 0.981253
21910461 5349 6.260132
3468327 846 0.990951
3485162 850 0.995761
3482680 850 0.995051
3478431 849 0.993837
23028743 5622 6.579641
3467615 846 0.990747
3489869 852 0.997105
20642471 5039 5.897849
3483430 850 0.995266
3228164 788 0.922333
22357534 5458 6.387867
3163092 772 0.903741
3410636 832 0.974467
25799476 6298 7.371279
3081680 752 0.880480
3179704 776 0.908487
25307844 6178 7.230813
2824503 689 0.807001
3135744 765 0.895927
21112747 5154 6.032213
3087577 753 0.882165
3149947 769 0.899985
25774289 6292 7.364083
3112258 759 0.889217
3395616 829 0.970176
21191235 5173 6.054639
3655823 892 1.044521
22449461 5480 6.414132
3674799 897 1.049943
3404323 831 0.972664
22252831 5432 6.357952
3414721 833 0.975635
3430889 837 0.980254
25813833 6302 7.375381
3409871 832 0.974249
3676446 897 1.050413
3679157 898 1.051188
3709691 905 1.059912
3440720 840 0.983063
3431954 837 0.980558
3475655 848 0.993044
3202757 781 0.915073
3784239 923 1.081211
3532149 862 1.009185
26341450 6431 7.526129
3471612 847 0.991889
3477677 849 0.993622
21895858 5345 6.255959
3476846 848 0.993385
3718940 907 1.062554
25820686 6303 7.377339
3654629 892 1.044180
3689759 900 1.054217
3693760 901 1.055360
3612003 881 1.032001
22515472 5496 6.432992
3629199 886 1.036914
3764320 919 1.075520
25950701 6335 7.414486
3437977 839 0.982279
3439663 839 0.982761
25548015 6237 7.299433
3467228 846 0.990637
22039680 5380 6.297051
3451750 842 0.986214
21998207 5370 6.285202
3472611 847 0.992175
3431388 837 0.980397
22425982 5475 6.407423
3060610 747 0.874460
3146452 768 0.898986
25314786 6180 7.232796
3137709 766 0.896488
25385359 6197 7.252960
3196455 780 0.913273
3218273 785 0.919507
3202687 781 0.915053
3176792 775 0.907655
3168671 773 0.905335
3192074 779 0.912021
3207114 782 0.916318
3218489 785 0.919568
25793499 6297 7.369571
3480564 849 0.994447
3435501 838 0.981572
22058988 5385 6.302568
3469619 847 0.991320
3479971 849 0.994277
21985281 5367 6.281509
3477276 848 0.993507
3493923 853 0.998264
3421131 835 0.977466
3441050 840 0.983157
3455151 843 0.987186
3467328 846 0.990665
3455235 843 0.987210
3480568 849 0.994448
3481391 849 0.994683
3429036 837 0.979725
3475848 848 0.993099
3447735 841 0.985067
3457448 844 0.987842
22200011 5419 6.342860
3460919 844 0.988834
3471137 847 0.991753
22066686 5387 6.304767
3420572 835 0.977306
3453845 843 0.986813
25920239 6328 7.405783
3442292 840 0.983512
3404460 831 0.972703
3441538 840 0.983297
3680166 898 1.051476
3411554 832 0.974730
3402386 830 0.972110
3507029 856 1.002008
3646935 890 1.041981
3476480 848 0.993280
3442149 840 0.983471
22272540 5437 6.363583
3447235 841 0.984924
3221269 786 0.920363
21910239 5349 6.260068
3231393 788 0.923255
3420754 835 0.977358
22037118 5380 6.296319
3173056 774 0.906587
3189842 778 0.911383
22091995 5393 6.311999
3155229 770 0.901494
21872525 5339 6.249293
3204241 782 0.915497
25803310 6299 7.372374
3182057 776 0.909159
3441685 840 0.983339
22001963 5371 6.286275
3190548 778 0.911585
3435365 838 0.981533
25901295 6323 7.400370
3481287 849 0.994653
3147380 768 0.899251
21978834 5365 6.279667
3395899 829 0.970257
3415349 833 0.975814
25698566 6274 7.342447
3398535 829 0.971010
3405888 831 0.973111
25537189 6234 7.296340
3417081 834 0.976309
3403245 830 0.972356
3139707 766 0.897059
3701923 903 1.057692
3762386 918 1.074967
22558307 5507 6.445231
3697751 902 1.056500
3441842 840 0.983383
22451797 5481 6.414799
3438169 839 0.982334
3441385 840 0.983253
3436580 839 0.981880
3412224 833 0.974921
22361716 5459 6.389062
3431138 837 0.980325
3410716 832 0.974490
25615919 6253 7.318834
3421815 835 0.977661
3485344 850 0.995813
22594303 5516 6.455515
3471194 847 0.991770
3436126 838 0.981750
22370305 5461 6.391516
3384339 826 0.966954
3390434 827 0.968695
26193535 6394 7.483867
3419553 834 0.977015
3407975 832 0.973707
20964287 5118 5.989796
3660195 893 1.045770
3587697 875 1.025056
3413105 833 0.975173
3404313 831 0.972661
3506834 856 1.001953
3396786 829 0.970510
3393165 828 0.969476
22237986 5429 6.353710
3401091 830 0.971740
3193795 779 0.912513
22211291 5422 6.346083
3174132 774 0.906895
3483403 850 0.995258
22354688 5457 6.387054
3501223 854 1.000349
3434677 838 0.981336
21867553 5338 6.247872
3500413 854 1.000118
3471344 847 0.991813
26047830 6359 7.442237
3779606 922 1.079887
3508963 856 1.002561
26030129 6355 7.437180
3532467 862 1.009276
3471898 847 0.991971
22410316 5471 6.402947
3505713 855 1.001632
3508167 856 1.002333
21910940 5349 6.260269
3504969 855 1.001420
25748541 6286 7.356726
3242293 791 0.926369
3517590 858 1.005026
22408619 5470 6.402463
3219487 786 0.919853
3210120 783 0.917177
21800267 5322 6.228648
3268276 797 0.933793
3256897 795 0.930542
25454722 6214 7.272778
3604409 879 1.029831
3553977 867 1.015422
25999000 6347 7.428286
3492075 852 0.997736
3587494 875 1.024998
3553810 867 1.015374
3536018 863 1.010291
3574964 872 1.021418
3511096 857 1.003170
3265602 797 0.933029
3510220 856 1.002920
3265193 797 0.932912
3866554 943 1.104730
22710796 5544 6.488799
3566442 870 1.018983
3557200 868 1.016343
25749121 6286 7.356892
3919295 956 1.119799
3529544 861 1.008441
3595444 877 1.027270
26225771 6402 7.493077
3637428 888 1.039265
22103914 5396 6.315404
3546956 865 1.013416
3547423 866 1.013549
3538503 863 1.011001
22070531 5388 6.305866
3572028 872 1.020579
25948006 6334 7.413716
3544121 865 1.012606
3565861 870 1.018817
3543136 865 1.012325
3571675 871 1.020479
3658253 893 1.045215
3535784 863 1.010224
3554735 867 1.015639
21837842 5331 6.239383
3283345 801 0.938099
3260372 795 0.931535
25790793 6296 7.368798
3264753 797 0.932787
3572261 872 1.020646
22076343 5389 6.307527
3537449 863 1.010700
3252443 794 0.929269
22114934 5399 6.318553
3232661 789 0.923617
3304799 806 0.944228
22115970 5399 6.318849
3287485 802 0.939281
3336319 814 0.953234
22136000 5404 6.324571
3312291 808 0.946369
3337248 814 0.953499
3325147 811 0.950042
3301272 805 0.943221
25829638 6306 7.379897
3265905 797 0.933116
3292045 803 0.940584
21880681 5341 6.251623
3279022 800 0.936863
3301953 806 0.943415
3289158 803 0.939759
3316879 809 0.947680
21967399 5363 6.276400
3286906 802 0.939116
3315112 809 0.947175
26040471 6357 7.440135
3611351 881 1.031815
3304663 806 0.944189
3593702 877 1.026772
3537934 863 1.010838
26458285 6459 7.559510
3340013 815 0.954289
3368716 822 0.962490
3284654 801 0.938473
3312766 808 0.946505
26376420 6439 7.536120
3587082 875 1.024881
3836375 936 1.096107
25931125 6330 7.408893
3251713 793 0.929061
3548307 866 1.013802
3247715 792 0.927919
3515345 858 1.004384
26385539 6441 7.538725
3529286 861 1.008367
3541931 864 1.011980
22315152 5448 6.375758
3541527 864 1.011865
3570924 871 1.020264
3505876 855 1.001679
3565788 870 1.018797
25870179 6315 7.391480
3542201 864 1.012057
3518030 858 1.005151
22305023 5445 6.372864
3548799 866 1.013943
3527830 861 1.007951
25788876 6296 7.368250
3537483 863 1.010709
3516089 858 1.004597
3494439 853 0.998411
3507298 856 1.002085
22055730 5384 6.301637
3493227 852 0.998065
3517947 858 1.005128
22236140 5428 6.353183
3583926 874 1.023979
3587875 875 1.025107
3595213 877 1.027204
3593049 877 1.026585
26098801 6371 7.456800
3593171 877 1.026620
3577610 873 1.022174
26127692 6378 7.465055
3653533 891 1.043867
3658292 893 1.045226
3701403 903 1.057544
3717648 907 1.062185
3724533 909 1.064152
3698023 902 1.056578
3690067 900 1.054305
25922522 6328 7.406435
3727169 909 1.064905
3685562 899 1.053018
22116941 5399 6.319126
3712352 906 1.060672
3742200 913 1.069200
3662031 894 1.046295
3619346 883 1.034099
26073502 6365 7.449572
3585814 875 1.024518
3544226 865 1.012636
25897175 6322 7.399193
3585647 875 1.024471
3625204 885 1.035773
22443875 5479 6.412536
3638332 888 1.039523
22133204 5403 6.323773
3302896 806 0.943685
3549239 866 1.014068
26451704 6457 7.557630
3265762 797 0.933075
3257417 795 0.930691
3245236 792 0.927210
3253574 794 0.929593
3168140 773 0.905183
3238016 790 0.925147
3271415 798 0.934690
3190590 778 0.911597
3275227 799 0.935779
3763594 918 1.075313
21899224 5346 6.256921
3787409 924 1.082117
3230702 788 0.923058
25679098 6269 7.336885
3531835 862 1.009096
3238826 790 0.925379
25603789 6250 7.315368
3228541 788 0.922440
3231177 788 0.923193
3189001 778 0.911143
3261956 796 0.931987
3238306 790 0.925230
25906804 6324 7.401944
3275101 799 0.935743
3335697 814 0.953056
3321857 811 0.949102
3283170 801 0.938049
3314278 809 0.946937
3359841 820 0.959955
3283707 801 0.938202
3309491 807 0.945569
3581468 874 1.023277
3244056 792 0.926873
3252673 794 0.929335
3272742 799 0.935069
3260413 795 0.931547
21950016 5358 6.271433
3207864 783 0.916533
3514228 857 1.004065
22239962 5429 6.354275
3219449 785 0.919843
3257326 795 0.930665
25471132 6218 7.277466
3153888 769 0.901111
3519723 859 1.005635
3490358 852 0.997245
3540305 864 1.011516
25998777 6347 7.428222
3549460 866 1.014131
3553987 867 1.015425
22220921 5425 6.348835
3494875 853 0.998536
25840078 6308 7.382879
3503175 855 1.000907
3500182 854 1.000052
3474636 848 0.992753
3476451 848 0.993272
3491000 852 0.997429
25675456 6268 7.335845
3496289 853 0.998940
3514221 857 1.004063
20981946 5122 5.994842
3564186 870 1.018339
3518969 859 1.005420
3506599 856 1.001885
3515115 858 1.004319
21897065 5345 6.256304
3511411 857 1.003260
3546756 865 1.013359
25870022 6315 7.391435
3545367 865 1.012962
3621094 884 1.034598
25797452 6298 7.370701
3564329 870 1.018380
3489478 851 0.996994
3548496 866 1.013856
3495573 853 0.998735
3742249 913 1.069214
3562154 869 1.017758
3561271 869 1.017506
21397896 5224 6.113685
3551065 866 1.014590
3604682 880 1.029909
25867803 6315 7.390801
3540594 864 1.011598
3588720 876 1.025349
26019429 6352 7.434123
3577264 873 1.022075
3575264 872 1.021504
3566326 870 1.018950
3572296 872 1.020656
22064350 5386 6.304100
3580648 874 1.023042
3604853 880 1.029958
22269935 5436 6.362839
3545801 865 1.013086
3501725 854 1.000493
22255649 5433 6.358757
3503984 855 1.001138
3567810 871 1.019374
3292049 803 0.940585
3297722 805 0.942206
3269187 798 0.934053
3209866 783 0.917105
3583957 874 1.023988
26090194 6369 7.454341
3534299 862 1.009800
3870667 944 1.105905
22087557 5392 6.310731
3547381 866 1.013537
3506564 856 1.001875
3242080 791 0.926309
3508698 856 1.002485
22226723 5426 6.350492
3265605 797 0.933030
3249960 793 0.928560
21663047 5288 6.189442
3233509 789 0.923860
3453140 843 0.986611
25710453 6276 7.345844
3206363 782 0.916104
3461571 845 0.989020
3201127 781 0.914608
24831170 6062 7.094620
3211318 784 0.917519
3144989 767 0.898568
25558566 6239 7.302447
3177801 775 0.907943
3165400 772 0.904400
22800210 5566 6.514346
3181746 776 0.909070
3493668 852 0.998191
3182525 776 0.909293
3502766 855 1.000790
26058580 6361 7.445309
3472775 847 0.992221
3538499 863 1.011000
22526089 5499 6.436025
3234811 789 0.924232
3477170 848 0.993477
3497323 853 0.999235
3522017 859 1.006291
22588086 5514 6.453739
3584446 875 1.024127
3575180 872 1.021480
3553496 867 1.015285
3589585 876 1.025596
22344302 5455 6.384086
3599354 878 1.028387
3570498 871 1.020142
22216308 5423 6.347517
3541531 864 1.011866
3557698 868 1.016485
3536049 863 1.010300
3515568 858 1.004448
25683640 6270 7.338183
3549829 866 1.014237
3510799 857 1.003085
22154420 5408 6.329834
3486542 851 0.996155
3211789 784 0.917654
3223716 787 0.921062
3245732 792 0.927352
23460666 5727 6.703047
2990895 730 0.854541
3298755 805 0.942501
21815847 5326 6.233099
3275503 799 0.935858
2947123 719 0.842035
22220079 5424 6.348594
3178796 776 0.908227
3219491 786 0.919855
22176817 5414 6.336233
3500084 854 1.000024
3221614 786 0.920461
26107910 6374 7.459403
3463237 845 0.989496
3209534 783 0.917010
26037797 6356 7.439371
3181212 776 0.908918
21764475 5313 6.218421
3158647 771 0.902471
3133739 765 0.895354
3126726 763 0.893350
3496869 853 0.999105
3456362 843 0.987532
3439254 839 0.982644
3169512 773 0.905575
3659221 893 1.045492
3466397 846 0.990399
3799922 927 1.085692
25489482 6223 7.282709
3770273 920 1.077221
26306257 6422 7.516073
3786798 924 1.081942
3889915 949 1.111404
3506910 856 1.001974
3516519 858 1.004720
3213046 784 0.918013
3239808 790 0.925659
3191651 779 0.911900
3215483 785 0.918709
3158067 771 0.902305
3155250 770 0.901500
3203661 782 0.915332
25795342 6297 7.370098
3208388 783 0.916682
3220570 786 0.920163
25822600 6304 7.377886
3462277 845 0.989222
3466787 846 0.990511
25775519 6292 7.364434
3450269 842 0.985791
3424811 836 0.978517
22402129 5469 6.400608
3427139 836 0.979183
3445368 841 0.984391
3507528 856 1.002151
3212809 784 0.917945
3150156 769 0.900045
3107859 758 0.887960
3196358 780 0.913245
3155160 770 0.901474
21988644 5368 6.282470
3118176 761 0.890907
2873759 701 0.821074
25207095 6154 7.202027
3146183 768 0.898909
3129854 764 0.894244
25620894 6255 7.320255
2864015 699 0.818290
2873002 701 0.820858
2779986 678 0.794282
2837174 692 0.810621
2820921 688 0.805977
2777025 677 0.793436
2795853 682 0.798815
3127396 763 0.893542
3138150 766 0.896614
25686395 6271 7.338970
3083642 752 0.881041
3388095 827 0.968027
25673977 6268 7.335422
3068599 749 0.876743
3094665 755 0.884190
25968971 6340 7.419706
3082996 752 0.880856
3120156 761 0.891473
21997051 5370 6.284872
2660543 649 0.760155
3001166 732 0.857476
2726774 665 0.779078
2953652 721 0.843901
3259419 795 0.931263
3265130 797 0.932894
3371435 823 0.963267
3367336 822 0.962096
3374800 823 0.964229
3132609 764 0.895031
3107548 758 0.887871
3112216 759 0.889205
3482743 850 0.995069
3470701 847 0.991629
3161189 771 0.903197
3203500 782 0.915286
3435414 838 0.981547
3500025 854 1.000007
3455472 843 0.987278
3115959 760 0.890274
3398423 829 0.970978
3457923 844 0.987978
3484775 850 0.995650
3382523 825 0.966435
3407595 831 0.973599
3387370 826 0.967820
3410074 832 0.974307
3118074 761 0.890878
3160043 771 0.902869
3119366 761 0.891247
3032173 740 0.866335
3073534 750 0.878153
22109043 5397 6.316869
3089148 754 0.882614
3072871 750 0.877963
21837807 5331 6.239373
3132934 764 0.895124
3096822 756 0.884806
22358358 5458 6.388102
3097562 756 0.885018
2822321 689 0.806377
3234392 789 0.924112
3393099 828 0.969457
3388979 827 0.968280
3024219 738 0.864063
3343232 816 0.955209
3396831 829 0.970523
2762337 674 0.789239
21988934 5368 6.282553
3112356 759 0.889245
3107453 758 0.887844
21891137 5344 6.254611
3044958 743 0.869988
3362187 820 0.960625
21735709 5306 6.210203
3387903 827 0.967972
3370705 822 0.963059
25906657 6324 7.401902
3434748 838 0.981357
3382254 825 0.966358
22342985 5454 6.383710
3398549 829 0.971014
3418230 834 0.976637
22167136 5411 6.333467
3088806 754 0.882516
3063732 747 0.875352
21747995 5309 6.213713
3357938 819 0.959411
3352002 818 0.957715
21688950 5295 6.196843
3085911 753 0.881689
3093251 755 0.883786
21916757 5350 6.261931
3109381 759 0.888395
3047210 743 0.870631
21712439 5300 6.203554
3108114 758 0.888033
3143610 767 0.898174
3127668 763 0.893619
3108794 758 0.888227
3114283 760 0.889795
3142580 767 0.897880
3129955 764 0.894273
3076799 751 0.879085
3321148 810 0.948899
25768456 6291 7.362416
3144940 767 0.898554
3119897 761 0.891399
25521847 6230 7.291956
3039763 742 0.868504
3096397 755 0.884685
21686875 5294 6.196250
3091103 754 0.883172
3386479 826 0.967565
25592593 6248 7.312169
3049256 744 0.871216
3320150 810 0.948614
2639353 644 0.754101
3064838 748 0.875668
3048174 744 0.870907
3036527 741 0.867579
3377828 824 0.965094
2987075 729 0.853450
2740292 669 0.782941
25383101 6197 7.252315
2695068 657 0.770019
2602973 635 0.743707
2724183 665 0.778338
2914913 711 0.832832
2752871 672 0.786535
3355717 819 0.958776
2968532 724 0.848152
2754569 672 0.787020
2781825 679 0.794807
21635559 5282 6.181588
2756429 672 0.787551
2709104 661 0.774030
2736867 668 0.781962
2993642 730 0.855326
2742467 669 0.783562
2974217 726 0.849776
3003132 733 0.858038
3087110 753 0.882031
2757745 673 0.787927
21961474 5361 6.274707
2997175 731 0.856336
3094863 755 0.884247
26131299 6379 7.466085
3065872 748 0.875963
3258961 795 0.931132
21724258 5303 6.206931
2760772 674 0.788792
3127389 763 0.893540
2783739 679 0.795354
3114443 760 0.889841
3104587 757 0.887025
21740869 5307 6.211677
3086107 753 0.881745
2709677 661 0.774193
25307289 6178 7.230654
3056232 746 0.873209
2945881 719 0.841680
3137922 766 0.896549
25558276 6239 7.302365
3317427 809 0.947836
3373191 823 0.963769
21603212 5274 6.172346
3136592 765 0.896169
3157523 770 0.902149
21875395 5340 6.250113
3187007 778 0.910573
3181082 776 0.908881
21958206 5360 6.273773
3460821 844 0.988806
3167589 773 0.905025
25908637 6325 7.402468
3273645 799 0.935327
3240471 791 0.925849
25873102 6316 7.392315
3239731 790 0.925637
3256266 794 0.930362
25928346 6330 7.408099
3281233 801 0.937495
3238593 790 0.925312
25867456 6315 7.390702
3195983 780 0.913138
3124705 762 0.892773
22139352 5405 6.325529
3558980 868 1.016851
3174721 775 0.907063
22004750 5372 6.287071
3202219 781 0.914920
2848936 695 0.813982
2832600 691 0.809314
2814996 687 0.804285
2758028 673 0.788008
2791231 681 0.797495
25314206 6180 7.232630
3135521 765 0.895863
3079641 751 0.879897
22210142 5422 6.345755
3088691 754 0.882483
3425502 836 0.978715
21923513 5352 6.263861
3201504 781 0.914715
3220873 786 0.920249
21869854 5339 6.248530
3206455 782 0.916130
3205557 782 0.915873
3191682 779 0.911909
2944565 718 0.841304
3259795 795 0.931370
3226048 787 0.921728
3261803 796 0.931944
3533451 862 1.009557
3582302 874 1.023515
3260249 795 0.931500
3273691 799 0.935340
3253085 794 0.929453
3268231 797 0.933780
2837052 692 0.810586
2914179 711 0.832623
21602765 5274 6.172219
2987030 729 0.853437
2888123 705 0.825178
23931776 5842 6.837650
3251347 793 0.928956
2828110 690 0.808031
2840484 693 0.811567
2845061 694 0.812875
2600184 634 0.742910
2582793 630 0.737941
25369872 6193 7.248535
2583142 630 0.738041
2489641 607 0.711326
2633394 642 0.752398
2547748 622 0.727928
2612303 637 0.746372
2662962 650 0.760846
21640789 5283 6.183083
2594887 633 0.741396
2504137 611 0.715468
2569216 627 0.734062
2585653 631 0.738758
2574792 628 0.735655
2706524 660 0.773293
25309695 6179 7.231341
2880532 703 0.823009
2476859 604 0.707674
25584559 6246 7.309874
2843825 694 0.812521
2881633 703 0.823324
2898335 707 0.828096
2829814 690 0.808518
2858440 697 0.816697
2812186 686 0.803482
22031392 5378 6.294683
2897099 707 0.827743
2933182 716 0.838052
25474906 6219 7.278545
2930700 715 0.837343
2904805 709 0.829944
25549935 6237 7.299981
2954301 721 0.844086
2894408 706 0.826974
2920652 713 0.834472
2477233 604 0.707781
2582004 630 0.737715
2461902 601 0.703401
21520198 5253 6.148628
2826609 690 0.807603
2878930 702 0.822551
23345671 5699 6.670192
2465613 601 0.704461
2594416 633 0.741262
2576282 628 0.736081
2781235 679 0.794639
2491219 608 0.711777
2856142 697 0.816041
21486859 5245 6.139103
2458281 600 0.702366
2460946 600 0.703127
2570990 627 0.734569
2824140 689 0.806897
2537716 619 0.725062
2550604 622 0.728744
25231331 6159 7.208952
2546193 621 0.727484
2505352 611 0.715815
2857064 697 0.816304
24934455 6087 7.124130
2831759 691 0.809074
2781546 679 0.794727
2863244 699 0.818070
2432704 593 0.695058
2551253 622 0.728929
2567983 626 0.733709
21489446 5246 6.139842
2556594 624 0.730455
2601026 635 0.743150
2524994 616 0.721427
24995298 6102 7.141514
2475574 604 0.707307
2467981 602 0.705137
2577044 629 0.736298
3165954 772 0.904558
2899376 707 0.828393
2880504 703 0.823001
21064189 5142 6.018340
2590425 632 0.740121
2582273 630 0.737792
2564785 626 0.732796
2551343 622 0.728955
2761774 674 0.789078
2542646 620 0.726470
21288407 5197 6.082402
2761279 674 0.788937
2838413 692 0.810975
2831183 691 0.808909
2845179 694 0.812908
2847016 695 0.813433
2880819 703 0.823091
21787856 5319 6.225102
2855730 697 0.815923
2846614 694 0.813318
25413884 6204 7.261110
2803353 684 0.800958
2904564 709 0.829875
2831158 691 0.808902
2835526 692 0.810150
2806363 685 0.801818
2939048 717 0.839728
25532590 6233 7.295026
2831615 691 0.809033
2876814 702 0.821947
25418611 6205 7.262460
2942812 718 0.840803
2872834 701 0.820810
25189854 6149 7.197101
2909686 710 0.831339
2907287 709 0.830653
2952186 720 0.843482
21682138 5293 6.194897
2904703 709 0.829915
2911239 710 0.831783
25405550 6202 7.258729
2897969 707 0.827991
3188802 778 0.911086
25127376 6134 7.179250
2895259 706 0.827217
2519435 615 0.719839
2909647 710 0.831328
21719216 5302 6.205490
2888640 705 0.825326
3222005 786 0.920573
25354472 6190 7.244135
2938377 717 0.839536
2804652 684 0.801329
25049170 6115 7.156906
3175894 775 0.907398
3225790 787 0.921654
3167913 773 0.905118
3159439 771 0.902697
3161646 771 0.903327
3100307 756 0.885802
24990679 6101 7.140194
2896768 707 0.827648
2872921 701 0.820835
25477622 6220 7.279321
2898500 707 0.828143
2885316 704 0.824376
21772917 5315 6.220833
3116727 760 0.890493
3117854 761 0.890815
3034114 740 0.866890
3139371 766 0.896963
3089093 754 0.882598
3090436 754 0.882982
3086173 753 0.881764
3130091 764 0.894312
3039459 742 0.868417
25494723 6224 7.284207
3094825 755 0.884236
3134100 765 0.895457
25464243 6216 7.275498
3145244 767 0.898641
3127759 763 0.893645
21714206 5301 6.204059
3127927 763 0.893693
3398116 829 0.970890
21895404 5345 6.255830
3386326 826 0.967522
3129980 764 0.894280
25337713 6185 7.239347
3134292 765 0.895512
3116422 760 0.890406
25430108 6208 7.265745
3149433 768 0.899838
3167400 773 0.904971
2793920 682 0.798263
3100028 756 0.885722
3113088 760 0.889454
3108466 758 0.888133
21896539 5345 6.256154
3353035 818 0.958010
3396664 829 0.970475
3389845 827 0.968527
3419462 834 0.976989
3435836 838 0.981667
3451911 842 0.986260
3463708 845 0.989631
3198459 780 0.913845
3471243 847 0.991784
3470411 847 0.991546
25649348 6262 7.328385
3490445 852 0.997270
22009103 5373 6.288315
3522977 860 1.006565
3249356 793 0.928387
3191113 779 0.911747
3217955 785 0.919416
3232199 789 0.923485
3249133 793 0.928324
3276296 799 0.936085
3129201 763 0.894057
21945354 5357 6.270101
3165120 772 0.904320
3067484 748 0.876424
21590825 5271 6.168807
3488140 851 0.996611
3222651 786 0.920757
21911470 5349 6.260420
3509717 856 1.002776
3505223 855 1.001492
25492950 6223 7.283700
3263842 796 0.932526
21734582 5306 6.209881
3265224 797 0.932921
3276428 799 0.936122
21691191 5295 6.197483
3259314 795 0.931233
3265766 797 0.933076
25917453 6327 7.404987
3193215 779 0.912347
3254632 794 0.929895
25815760 6302 7.375931
3210089 783 0.917168
3106253 758 0.887501
22257576 5433 6.359307
3719722 908 1.062778
3146120 768 0.898891
25597914 6249 7.313690
3138792 766 0.896798
3165298 772 0.904371
25386536 6197 7.253296
3165525 772 0.904436
3193051 779 0.912300
21821660 5327 6.234760
3192744 779 0.912213
3159559 771 0.902731
21958447 5360 6.273842
3456669 843 0.987620
3159751 771 0.902786
22200911 5420 6.343117
3178025 775 0.908007
3108926 759 0.888265
3329256 812 0.951216
3144315 767 0.898376
3196706 780 0.913345
3186973 778 0.910564
3216370 785 0.918963
3138729 766 0.896780
3184522 777 0.909863
3464895 845 0.989970
3197251 780 0.913500
3470824 847 0.991664
3459840 844 0.988526
3463439 845 0.989554
3453555 843 0.986730
3449746 842 0.985642
3720061 908 1.062875
26297361 6420 7.513532
3190862 779 0.911675
2853381 696 0.815252
3320084 810 0.948595
3148177 768 0.899479
2874395 701 0.821256
3154670 770 0.901334
3158532 771 0.902438
3171185 774 0.906053
3200484 781 0.914424
2946429 719 0.841837
3233614 789 0.923890
2923931 713 0.835409
22577650 5512 6.450757
3183328 777 0.909522
3165812 772 0.904518
3199863 781 0.914247
3214956 784 0.918559
25899231 6323 7.399780
3444195 840 0.984056
3364145 821 0.961184
22057671 5385 6.302192
3404973 831 0.972849
3088987 754 0.882568
26296576 6420 7.513307
3088977 754 0.882565
3376696 824 0.964770
25786094 6295 7.367455
3130392 764 0.894398
3163901 772 0.903972
21987077 5367 6.282022
3452211 842 0.986346
3476438 848 0.993268
21812205 5325 6.232059
3432363 837 0.980675
3465820 846 0.990234
21888599 5343 6.253885
3085758 753 0.881645
3436367 838 0.981819
25704725 6275 7.344207
3206154 782 0.916044
3170207 773 0.905773
25483742 6221 7.281069
3178600 776 0.908171
3217326 785 0.919236
21960074 5361 6.274307
3168660 773 0.905331
3177015 775 0.907719
22043563 5381 6.298161
2869759 700 0.819931
3489897 852 0.997113
25935213 6331 7.410061
3468054 846 0.990873
3459648 844 0.988471
25711757 6277 7.346216
3139015 766 0.896861
3154259 770 0.901217
21986197 5367 6.281771
3142796 767 0.897942
3191620 779 0.911891
21993214 5369 6.283775
3410622 832 0.974463
3177669 775 0.907905
25812918 6301 7.375119
3439105 839 0.982601
3097541 756 0.885012
25845391 6309 7.384397
3145754 768 0.898787
3151413 769 0.900404
26189429 6393 7.482694
3156182 770 0.901766
3439398 839 0.982685
22075841 5389 6.307383
3435166 838 0.981476
3160759 771 0.903074
21838195 5331 6.239484
3153134 769 0.900895
3447012 841 0.984861
21945268 5357 6.270077
3195076 780 0.912879
3191651 779 0.911900
22025310 5377 6.292946
3076820 751 0.879091
3095967 755 0.884562
3133879 765 0.895394
3115309 760 0.890088
3041251 742 0.868929
3173426 774 0.906693
3170228 773 0.905779
3519004 859 1.005430
3175116 775 0.907176
3442215 840 0.983490
3482819 850 0.995091
3165473 772 0.904421
3422413 835 0.977832
3155840 770 0.901669
3463240 845 0.989497
3190244 778 0.911498
3150293 769 0.900084
3115609 760 0.890174
3505741 855 1.001640
3125933 763 0.893124
3538650 863 1.011043
3502913 855 1.000832
3492892 852 0.997969
3414211 833 0.975489
3168161 773 0.905189
3204038 782 0.915439
3253535 794 0.929581
3242555 791 0.926444
3453303 843 0.986658
3470967 847 0.991705
3508729 856 1.002494
3510971 857 1.003135
3473675 848 0.992479
3465767 846 0.990219
3492760 852 0.997931
3208124 783 0.916607
3531793 862 1.009084
3501984 854 1.000567
25889260 6320 7.396931
3506222 856 1.001778
3530783 862 1.008795
22126291 5401 6.321797
3556358 868 1.016102
3537324 863 1.010664
21950770 5359 6.271649
3542955 864 1.012273
3542714 864 1.012204
25927951 6330 7.407986
3546782 865 1.013366
3473731 848 0.992495
26087786 6369 7.453653
3460978 844 0.988851
3510353 857 1.002958
3511093 857 1.003169
3517371 858 1.004963
3483748 850 0.995357
25911091 6325 7.403169
3492554 852 0.997873
3528867 861 1.008248
3531866 862 1.009105
3538748 863 1.011071
3535539 863 1.010154
3521231 859 1.006066
3552979 867 1.015137
22295021 5443 6.370006
3502437 855 1.000696
3542459 864 1.012131
22230627 5427 6.351608
24321962 5937 6.949132
3511540 857 1.003297
3508338 856 1.002382
3452857 842 0.986531
3454152 843 0.986901
3475429 848 0.992980
3515300 858 1.004371
3466526 846 0.990436
21935728 5355 6.267351
3559008 868 1.016859
3509713 856 1.002775
3624394 884 1.035541
3491580 852 0.997594
3516396 858 1.004685
22757556 5556 6.502159
3512231 857 1.003495
3798086 927 1.085167
26550617 6482 7.585891
3522709 860 1.006488
3586398 875 1.024685
25880078 6318 7.394308
3577251 873 1.022072
3749412 915 1.071261
22624333 5523 6.464095
3805267 929 1.087219
3828666 934 1.093905
3804991 928 1.087140
3879797 947 1.108513
22349786 5456 6.385653
3852002 940 1.100572
3886211 948 1.110346
22034922 5379 6.295692
3516892 858 1.004826
3543457 865 1.012416
25978025 6342 7.422293
3510813 857 1.003089
3522024 859 1.006293
25855258 6312 7.387217
3208413 783 0.916689
3552647 867 1.015042
3546069 865 1.013163
3491318 852 0.997519
3296228 804 0.941779
3233824 789 0.923950
3240289 791 0.925797
3301001 805 0.943143
3302564 806 0.943590
3210361 783 0.917246
3536653 863 1.010472
3536083 863 1.010309
3514315 857 1.004090
3574409 872 1.021260
3579939 874 1.022840
3254517 794 0.929862
25996504 6346 7.427573
3532868 862 1.009391
3230485 788 0.922996
22233884 5428 6.352538
3205861 782 0.915960
3192513 779 0.912147
3197538 780 0.913582
3201249 781 0.914643
3234546 789 0.924156
3190052 778 0.911443
3236072 790 0.924592
3262124 796 0.932035
3221063 786 0.920304
3451421 842 0.986120
3155928 770 0.901694
3220260 786 0.920074
21304474 5201 6.086993
3125025 762 0.892864
2566671 626 0.733335
24124610 5889 6.892746
2563535 625 0.732439
2910988 710 0.831711
2840333 693 0.811524
2902288 708 0.829225
2840491 693 0.811569
2859776 698 0.817079
21671936 5291 6.191982
2862452 698 0.817843
2881664 703 0.823333
25473830 6219 7.278237
3198602 780 0.913886
3137172 765 0.896335
25417400 6205 7.262114
3151277 769 0.900365
3163183 772 0.903767
21956213 5360 6.273204
3425062 836 0.978589
3131806 764 0.894802
21822962 5327 6.235132
3463271 845 0.989506
3121915 762 0.891976
25718054 6278 7.348015
3194926 780 0.912836
3154838 770 0.901382
25723298 6280 7.349514
3177948 775 0.907985
3410751 832 0.974500
24792545 6052 7.083584
3428274 836 0.979507
3477119 848 0.993463
22334980 5452 6.381423
3503077 855 1.000879
3460622 844 0.988749
25700539 6274 7.343011
3464012 845 0.989718
3465419 846 0.990120
26581537 6489 7.594725
3395895 829 0.970256
3181303 776 0.908944
25818214 6303 7.376633
3425275 836 0.978650
3222274 786 0.920650
21447376 5236 6.127822
3155571 770 0.901592
3188918 778 0.911119
25673599 6267 7.335314
3192866 779 0.912247
3203065 781 0.915161
21970855 5363 6.277387
3458527 844 0.988151
3157820 770 0.902234
25658663 6264 7.331047
3169041 773 0.905440
3440836 840 0.983096
22185410 5416 6.338689
3131491 764 0.894712
3130881 764 0.894537
21719866 5302 6.205676
3181753 776 0.909072
3098428 756 0.885265
3379982 825 0.965709
3452818 842 0.986519
3160616 771 0.903033
3179633 776 0.908467
3176411 775 0.907546
3154081 770 0.901166
3230925 788 0.923121
3497536 853 0.999296
3248643 793 0.928184
3491196 852 0.997485
3497609 853 0.999317
3208961 783 0.916846
3220287 786 0.920082
21727588 5304 6.207882
3182018 776 0.909148
3424796 836 0.978513
21999676 5371 6.285622
3454170 843 0.986906
3411987 833 0.974853
22041101 5381 6.297457
3751158 915 1.071759
3850187 939 1.100053
3398926 829 0.971122
3413757 833 0.975359
3431211 837 0.980346
25494053 6224 7.284015
3422032 835 0.977723
3418621 834 0.976749
22175819 5414 6.335948
3421291 835 0.977512
3084900 753 0.881400
21729358 5305 6.208388
2845707 694 0.813059
2881752 703 0.823358
25949884 6335 7.414253
2826612 690 0.807603
2824228 689 0.806922
21679589 5292 6.194168
3160459 771 0.902988
3144951 767 0.898557
3148718 768 0.899634
3351830 818 0.957666
3393821 828 0.969663
3418268 834 0.976648
3152125 769 0.900607
3113912 760 0.889689
3136254 765 0.896073
3124607 762 0.892745
3143770 767 0.898220
3147024 768 0.899150
22124179 5401 6.321194
3092284 754 0.883510
3162941 772 0.903697
21704667 5298 6.201333
3132406 764 0.894973
3171580 774 0.906166
25838429 6308 7.382408
3095538 755 0.884439
3147988 768 0.899425
25613198 6253 7.318057
3409672 832 0.974192
3150212 769 0.900061
21902258 5347 6.257788
3394903 828 0.969972
3417102 834 0.976315
21994866 5369 6.284247
3375447 824 0.964413
3371693 823 0.963341
22107255 5397 6.316359
3141054 766 0.897444
3341548 815 0.954728
26017591 6351 7.433597
3445773 841 0.984507
3419528 834 0.977008
26379265 6440 7.536933
3408025 832 0.973721
3409289 832 0.974083
25473220 6219 7.278063
3133496 765 0.895285
3080532 752 0.880152
22010112 5373 6.288603
3102101 757 0.886315
3118993 761 0.891141
21828003 5329 6.236572
3156060 770 0.901731
3435208 838 0.981488
25929100 6330 7.408314
3090499 754 0.883000
2934248 716 0.838357
23827119 5817 6.807748
2881975 703 0.823421
3136808 765 0.896231
25506576 6227 7.287593
2871215 700 0.820347
3112065 759 0.889161
21595908 5272 6.170259
3172522 774 0.906435
3720773 908 1.063078
3497724 853 0.999350
3474705 848 0.992773
22152075 5408 6.329164
3478931 849 0.993980
3469043 846 0.991155
22343142 5454 6.383755
3492205 852 0.997773
3551194 866 1.014627
22131789 5403 6.323368
3481803 850 0.994801
3518418 858 1.005262
25331691 6184 7.237626
3532257 862 1.009216
3497229 853 0.999208
22116026 5399 6.318865
3180608 776 0.908745
2896125 707 0.827464
22113041 5398 6.318012
3157299 770 0.902085
3161067 771 0.903162
25535157 6234 7.295759
3391608 828 0.969031
3113158 760 0.889474
21733831 5306 6.209666
3113068 760 0.889448
3121729 762 0.891923
21542138 5259 6.154897
3072903 750 0.877972
3074208 750 0.878345
25408165 6203 7.259476
3166360 773 0.904674
2796862 682 0.799103
21651714 5286 6.186204
3201249 781 0.914643
3154611 770 0.901317
21987959 5368 6.282274
2906621 709 0.830463
2870108 700 0.820031
2810999 686 0.803143
2866770 699 0.819077
21890440 5344 6.254411
3235973 790 0.924564
3228076 788 0.922307
22118257 5399 6.319502
3223590 787 0.921026
3183534 777 0.909581
22066783 5387 6.304795
3250568 793 0.928734
3257700 795 0.930771
25693347 6272 7.340956
3216848 785 0.919099
3249129 793 0.928323
25591654 6247 7.311901
3229340 788 0.922669
3278048 800 0.936585
25808313 6300 7.373804
3261447 796 0.931842
3266083 797 0.933167
22058590 5385 6.302454
3246371 792 0.927535
3204999 782 0.915714
25351173 6189 7.243192
3236882 790 0.924823
3311517 808 0.946148
21885398 5343 6.252971
3272675 798 0.935050
3296688 804 0.941911
25562829 6240 7.303665
3307589 807 0.945025
3310742 808 0.945926
22149285 5407 6.328367
3265507 797 0.933002
3272616 798 0.935033
22069078 5387 6.305451
3257138 795 0.930611
3222271 786 0.920649
25555686 6239 7.301625
3490912 852 0.997403
3221502 786 0.920429
25670827 6267 7.334522
3216056 785 0.918873
3199360 781 0.914103
3094532 755 0.884152
3186658 777 0.910474
3219302 785 0.919801
3165100 772 0.904314
25552731 6238 7.300780
3193470 779 0.912420
3172389 774 0.906397
25693971 6272 7.341135
3131271 764 0.894649
3131980 764 0.894851
21951636 5359 6.271896
3197991 780 0.913712
3197139 780 0.913468
25108135 6129 7.173753
2907752 709 0.830786
2811135 686 0.803181
25278287 6171 7.222368
2815984 687 0.804567
2874919 701 0.821405
3173144 774 0.906613
2948911 719 0.842546
3203825 782 0.915379
3414442 833 0.975555
3193993 779 0.912569
3440926 840 0.983122
3182737 777 0.909353
3149594 768 0.899884
3157083 770 0.902024
3494372 853 0.998392
3150590 769 0.900169
3234996 789 0.924285
3477063 848 0.993447
26009492 6349 7.431283
3159594 771 0.902741
2865667 699 0.818762
25394347 6199 7.255528
3157666 770 0.902190
2853276 696 0.815222
21453660 5237 6.129617
3123266 762 0.892362
3109193 759 0.888341
2833923 691 0.809692
2858593 697 0.816741
2871532 701 0.820438
2861676 698 0.817622
25756501 6288 7.359000
3078147 751 0.879471
3192381 779 0.912109
22092603 5393 6.312172
3158539 771 0.902440
3046808 743 0.870517
22064958 5386 6.304274
3116911 760 0.890546
3132047 764 0.894871
21897093 5345 6.256312
3196490 780 0.913283
3192660 779 0.912189
22429424 5475 6.408407
3244566 792 0.927019
3164576 772 0.904165
22078236 5390 6.308067
2932372 715 0.837821
3197283 780 0.913509
2917894 712 0.833684
3202205 781 0.914916
3161549 771 0.903300
3169645 773 0.905613
2906138 709 0.830325
3163693 772 0.903912
25759116 6288 7.359747
3092042 754 0.883441
3427387 836 0.979253
25551231 6238 7.300352
3449058 842 0.985445
3432702 838 0.980772
33583762 8199 9.595361
3249419 793 0.928405
3296549 804 0.941871
3337422 814 0.953549
3290627 803 0.940179
3320091 810 0.948597
2974297 726 0.849799
22252657 5432 6.357902
2658269 648 0.759505
2373675 579 0.678193
2370910 578 0.677403
3003833 733 0.858238
3003890 733 0.858254
3005125 733 0.858607
25634852 6258 7.324243
2784032 679 0.795438
3071691 749 0.877626
22162880 5410 6.332251
3096330 755 0.884666
2716404 663 0.776115
25116099 6131 7.176028
3046927 743 0.870551
3033039 740 0.866583
3349610 817 0.957031
2448998 597 0.699714
3101507 757 0.886145
3101403 757 0.886115
22210464 5422 6.345847
3142953 767 0.897987
3119422 761 0.891263
21992753 5369 6.283644
3380509 825 0.965860
3076841 751 0.879097
25914461 6326 7.404132
3404302 831 0.972658
3393968 828 0.969705
3377772 824 0.965078
3614884 882 1.032824
22616620 5521 6.461891
3958772 966 1.131078
3720700 908 1.063057
26133952 6380 7.466843
3968094 968 1.133741
3709607 905 1.059888
3897788 951 1.113654
3712037 906 1.060582
22560846 5508 6.445956
3728248 910 1.065214
3693537 901 1.055296
22632167 5525 6.466333
3683555 899 1.052444
3750156 915 1.071473
25840660 6308 7.383046
3689804 900 1.054230
3627952 885 1.036558
26000198 6347 7.428628
3421508 835 0.977574
3139553 766 0.897015
25731563 6282 7.351875
3192043 779 0.912012
3197352 780 0.913529
22362446 5459 6.389270
3401108 830 0.971745
3445777 841 0.984508
25357080 6190 7.244880
3442596 840 0.983599
3133220 764 0.895206
21545562 5260 6.155875
3466735 846 0.990496
3186784 778 0.910510
22338440 5453 6.382411
3444604 840 0.984173
3460465 844 0.988704
22316091 5448 6.376026
3471155 847 0.991759
3486576 851 0.996165
22100602 5395 6.314458
3721475 908 1.063279
3470638 847 0.991611
22253746 5433 6.358213
3411526 832 0.974722
3734303 911 1.066944
25960920 6338 7.417406
3425960 836 0.978846
3478983 849 0.993995
3488524 851 0.996721
3442480 840 0.983566
3191072 779 0.911735
3250334 793 0.928667
3255840 794 0.930240
3181233 776 0.908924
3501244 854 1.000355
3422283 835 0.977795
3516508 858 1.004717
3506341 856 1.001812
3250187 793 0.928625
3500356 854 1.000102
3247391 792 0.927826
3501048 854 1.000299
3369445 822 0.962699
3218283 785 0.919509
3214117 784 0.918319
3559441 869 1.016983
3244650 792 0.927043
3197684 780 0.913624
3186330 777 0.910380
3461358 845 0.988959
3189138 778 0.911182
3258126 795 0.930893
26170659 6389 7.477331
3250065 793 0.928590
3415052 833 0.975729
25546406 6236 7.298973
3542165 864 1.012047
3274892 799 0.935683
22513279 5496 6.432365
3546467 865 1.013276
3476693 848 0.993341
22393603 5467 6.398172
3203085 782 0.915167
3159219 771 0.902634
22066595 5387 6.304741
3190907 779 0.911688
3264628 797 0.932751
25950610 6335 7.414460
3520474 859 1.005850
3314153 809 0.946901
25513513 6228 7.289575
3269173 798 0.934049
3256936 795 0.930553
21775968 5316 6.221705
3197412 780 0.913546
3227682 788 0.922195
21895425 5345 6.255836
3284682 801 0.938481
3292827 803 0.940808
21740496 5307 6.211570
3202464 781 0.914990
3530972 862 1.008849
23965467 5850 6.847276
3545898 865 1.013114
3282342 801 0.937812
22519218 5497 6.434062
3626482 885 1.036138
3295030 804 0.941437
22802049 5566 6.514871
3015735 736 0.861639
2918599 712 0.833885
3290177 803 0.940051
2947386 719 0.842110
3287604 802 0.939315
3305787 807 0.944511
3297139 804 0.942040
3298277 805 0.942365
3325373 811 0.950107
3275841 799 0.935955
3290303 803 0.940087
3627986 885 1.036567
3247641 792 0.927897
3305923 807 0.944549
3317197 809 0.947771
3298570 805 0.942449
3541782 864 1.011938
3596795 878 1.027656
3573798 872 1.021085
3577303 873 1.022087
25883031 6319 7.395152
3576839 873 1.021954
3603146 879 1.029470
25930112 6330 7.408603
3556184 868 1.016053
3592127 876 1.026322
22429909 5476 6.408545
3573037 872 1.020868
3567838 871 1.019382
3570869 871 1.020248
3519566 859 1.005590
22172967 5413 6.335133
3354079 818 0.958308
3347006 817 0.956287
22334452 5452 6.381272
3345676 816 0.955907
3361055 820 0.960301
22546901 5504 6.441972
3309477 807 0.945565
3358692 819 0.959626
22118424 5400 6.319550
3374232 823 0.964066
3364613 821 0.961318
26014865 6351 7.432819
3297031 804 0.942009
3331483 813 0.951852
26136466 6380 7.467562
3243194 791 0.926627
3217239 785 0.919211
25761776 6289 7.360507
3273206 799 0.935202
3240024 791 0.925721
21799060 5322 6.228303
3311782 808 0.946223
3014192 735 0.861198
2874552 701 0.821301
3330404 813 0.951544
3319288 810 0.948368
22280846 5439 6.365956
3285125 802 0.938607
3271034 798 0.934581
22462309 5483 6.417803
3509849 856 1.002814
3307969 807 0.945134
21982056 5366 6.280587
3507109 856 1.002031
3226969 787 0.921991
25969722 6340 7.419921
3784085 923 1.081167
3787629 924 1.082180
22292891 5442 6.369397
3827123 934 1.093464
3814275 931 1.089793
3585459 875 1.024417
3839141 937 1.096897
22689680 5539 6.482766
3600318 878 1.028662
3601673 879 1.029049
22428069 5475 6.408020
3554030 867 1.015437
3573717 872 1.021062
3615603 882 1.033029
3886832 948 1.110523
22648336 5529 6.470953
3826785 934 1.093367
3530554 861 1.008730
22012567 5374 6.289305
3468642 846 0.991041
3518574 859 1.005307
22181259 5415 6.337503
3285146 802 0.938613
3277105 800 0.936316
25714043 6277 7.346869
3235751 789 0.924500
3433491 838 0.980997
25818529 6303 7.376723
3473787 848 0.992511
3479174 849 0.994050
3689173 900 1.054049
3372626 823 0.963607
3404180 831 0.972623
3697782 902 1.056509
3694549 901 1.055585
22612091 5520 6.460597
3700359 903 1.057245
3685378 899 1.052965
26268812 6413 7.505375
3710610 905 1.060174
3753798 916 1.072514
26322838 6426 7.520811
3498136 854 0.999467
3282499 801 0.937857
3565698 870 1.018771
3529157 861 1.008331
3544229 865 1.012637
3530086 861 1.008596
3561023 869 1.017435
26115923 6375 7.461692
3499613 854 0.999889
3536810 863 1.010517
26607132 6495 7.602038
3512922 857 1.003692
3463226 845 0.989493
26190579 6394 7.483023
3506411 856 1.001832
3529552 861 1.008443
22428897 5475 6.408256
3822647 933 1.092185
3532610 862 1.009317
3512639 857 1.003611
3530882 862 1.008823
3491667 852 0.997619
3470743 847 0.991641
3437792 839 0.982226
25622744 6255 7.320784
3505866 855 1.001676
3482505 850 0.995001
22150234 5407 6.328638
3422615 835 0.977890
3473673 848 0.992478
25793743 6297 7.369641
3508924 856 1.002550
3524220 860 1.006920
3550039 866 1.014297
3479988 849 0.994282
22261381 5434 6.360395
3491377 852 0.997536
3539690 864 1.011340
22215473 5423 6.347278
3466267 846 0.990362
3553034 867 1.015153
22160998 5410 6.331714
3534198 862 1.009771
3479276 849 0.994079
25856459 6312 7.387560
3454738 843 0.987068
3507905 856 1.002259
3513393 857 1.003827
3520073 859 1.005735
3772633 921 1.077895
3554435 867 1.015553
3518997 859 1.005428
25894860 6321 7.398531
3539048 864 1.011157
3522910 860 1.006546
26223788 6402 7.492511
3470499 847 0.991571
3496303 853 0.998944
26424488 6451 7.549854
3454495 843 0.986999
3457737 844 0.987925
26097233 6371 7.456352
3480588 849 0.994454
3753762 916 1.072503
25877707 6317 7.393631
3379294 825 0.965513
3406327 831 0.973236
21899038 5346 6.256868
3396461 829 0.970417
3667118 895 1.047748
3653659 892 1.043903
3775560 921 1.078731
26535992 6478 7.581712
3720085 908 1.062881
3759513 917 1.074147
21915888 5350 6.261682
3442141 840 0.983469
3446251 841 0.984643
22153303 5408 6.329515
3702681 903 1.057909
3747527 914 1.070722
25845440 6309 7.384411
3762962 918 1.075132
3712921 906 1.060835
3713969 906 1.061134
3698030 902 1.056580
22648200 5529 6.470914
3716513 907 1.061861
3447944 841 0.985127
22544534 5504 6.441295
3415782 833 0.975938
3357030 819 0.959151
22447953 5480 6.413701
3125675 763 0.893050
3117547 761 0.890728
25321154 6181 7.234615
3165591 772 0.904455
3111064 759 0.888875
25621648 6255 7.320471
3427552 836 0.979301
3069474 749 0.876993
3110159 759 0.888617
3127113 763 0.893461
3109929 759 0.888551
3085172 753 0.881478
3377150 824 0.964900
3063724 747 0.875350
3105498 758 0.887285
3345867 816 0.955962
2931457 715 0.837559
3180422 776 0.908692
21899164 5346 6.256904
3086387 753 0.881825
2826469 690 0.807563
22181709 5415 6.337631
3413028 833 0.975151
3387255 826 0.967787
25840724 6308 7.383064
3427335 836 0.979239
3431082 837 0.980309
22267502 5436 6.362143
3430205 837 0.980059
3427946 836 0.979413
22350405 5456 6.385830
3428990 837 0.979711
3454857 843 0.987102
3468037 846 0.990868
3416445 834 0.976127
3439129 839 0.982608
3459658 844 0.988474
3422352 835 0.977815
3482641 850 0.995040
3379961 825 0.965703
3373844 823 0.963955
3460629 844 0.988751
3425020 836 0.978577
3461338 845 0.988954
3455011 843 0.987146
3158902 771 0.902543
3454407 843 0.986973
3123192 762 0.892341
3206668 782 0.916191
3194609 779 0.912745
3125402 763 0.892972
3462930 845 0.989409
3184993 777 0.909998
3485330 850 0.995809
3423470 835 0.978134
3492187 852 0.997768
25755025 6287 7.358579
3156793 770 0.901941
3401960 830 0.971989
25458975 6215 7.273993
3407465 831 0.973561
3416686 834 0.976196
22325140 5450 6.378611
3455475 843 0.987279
3497710 853 0.999346
22042589 5381 6.297883
3488661 851 0.996760
3507637 856 1.002182
26026516 6354 7.436147
3438713 839 0.982489
3488891 851 0.996826
26264358 6412 7.504102
3451547 842 0.986156
3481734 850 0.994781
3467499 846 0.990714
3713182 906 1.060909
3433078 838 0.980879
3398643 829 0.971041
3372039 823 0.963440
3390474 827 0.968707
3461645 845 0.989041
26019833 6352 7.434238
3679118 898 1.051177
3455182 843 0.987195
26369953 6437 7.534272
3473588 848 0.992454
3510513 857 1.003004
21704633 5298 6.201324
3496087 853 0.998882
3698851 903 1.056815
3796818 926 1.084805
3737986 912 1.067996
3597500 878 1.027857
3515209 858 1.004345
3539645 864 1.011327
3542616 864 1.012176
3786899 924 1.081971
3486619 851 0.996177
22635686 5526 6.467339
3782497 923 1.080713
3490829 852 0.997380
25793091 6297 7.369455
3213291 784 0.918083
3434702 838 0.981343
25808069 6300 7.373734
3491569 852 0.997591
3169736 773 0.905639
22641869 5527 6.469105
3508020 856 1.002291
3509811 856 1.002803
26136776 6381 7.467650
3769327 920 1.076951
3458544 844 0.988155
3159436 771 0.902696
3455461 843 0.987275
3138425 766 0.896693
3454348 843 0.986957
3464186 845 0.989767
22549363 5505 6.442675
3692790 901 1.055083
3428931 837 0.979695
21946046 5357 6.270299
3434660 838 0.981331
3374277 823 0.964079
26260845 6411 7.503099
3402574 830 0.972164
3378159 824 0.965188
22084862 5391 6.309961
3114827 760 0.889951
3395759 829 0.970217
21810665 5324 6.231619
3030797 739 0.865942
3123032 762 0.892295
25828248 6305 7.379499
3158678 771 0.902479
3088272 753 0.882363
25561903 6240 7.303401
3145446 767 0.898699
3132232 764 0.894923
25830326 6306 7.380093
3660198 893 1.045771
3469294 846 0.991227
26014300 6351 7.432657
3443259 840 0.983788
3459878 844 0.988537
22371219 5461 6.391777
3532243 862 1.009212
3495836 853 0.998810
22344214 5455 6.384061
3521201 859 1.006057
3459330 844 0.988380
21889588 5344 6.254168
3505897 855 1.001685
3206217 782 0.916062
25786049 6295 7.367443
3412249 833 0.974928
3351664 818 0.957618
26216588 6400 7.490454
3320939 810 0.948840
3360608 820 0.960174
22465577 5484 6.418736
3304725 806 0.944207
3050893 744 0.871684
26337037 6429 7.524868
3318118 810 0.948034
3348067 817 0.956591
25713651 6277 7.346757
3345801 816 0.955943
3347352 817 0.956386
23122668 5645 6.606477
3722494 908 1.063570
3377964 824 0.965133
21790342 5319 6.225812
3063944 748 0.875413
3355420 819 0.958691
25825047 6304 7.378585
3128352 763 0.893815
3080217 752 0.880062
25897402 6322 7.399258
3128364 763 0.893818
3091407 754 0.883259
25706719 6276 7.344777
3128963 763 0.893989
3105649 758 0.887328
21835366 5330 6.238676
3057168 746 0.873477
3000929 732 0.857408
2937725 717 0.839350
2966902 724 0.847686
3013658 735 0.861045
3024307 738 0.864088
3268185 797 0.933767
3061563 747 0.874732
2963864 723 0.846818
25233985 6160 7.209710
3323478 811 0.949565
3383176 825 0.966622
22077460 5390 6.307846
3082036 752 0.880582
3138129 766 0.896608
21761178 5312 6.217479
3417954 834 0.976558
3076223 751 0.878921
26113531 6375 7.461009
3096034 755 0.884581
3383749 826 0.966785
25574556 6243 7.307016
3128691 763 0.893912
3105191 758 0.887197
3002437 733 0.857839
3088335 753 0.882381
3107390 758 0.887826
3131652 764 0.894758
3105631 758 0.887323
3093544 755 0.883870
3090136 754 0.882896
3082699 752 0.880771
3119477 761 0.891279
3134993 765 0.895712
25084774 6124 7.167078
3138153 766 0.896615
2896425 707 0.827550
2885106 704 0.824316
2910108 710 0.831459
2886667 704 0.824762
2748507 671 0.785288
24049036 5871 6.871153
3410688 832 0.974482
3307403 807 0.944972
25511950 6228 7.289129
3410800 832 0.974514
3367026 822 0.962007
25824373 6304 7.378392
3307875 807 0.945107
3342065 815 0.954876
26050669 6360 7.443048
3372053 823 0.963444
3342268 815 0.954934
21889975 5344 6.254279
3058923 746 0.873978
3035975 741 0.867421
21465458 5240 6.132988
3076373 751 0.878964
3030410 739 0.865831
3203678 782 0.915337
3049804 744 0.871373
3318838 810 0.948239
3060666 747 0.874476
3107049 758 0.887728
3048708 744 0.871059
3099975 756 0.885707
25615349 6253 7.318671
3101678 757 0.886194
3125972 763 0.893135
22545749 5504 6.441643
2858499 697 0.816714
2752640 672 0.786469
3162079 771 0.903451
3089738 754 0.882782
3123856 762 0.892530
3182274 776 0.909221
3161109 771 0.903174
3075727 750 0.878779
3117648 761 0.890757
25444720 6212 7.269920
3148847 768 0.899671
3094992 755 0.884283
22340269 5454 6.382934
2992856 730 0.855102
3088184 753 0.882338
22151181 5408 6.328909
3070972 749 0.877421
3100882 757 0.885966
21913248 5349 6.260928
3100450 756 0.885843
3112327 759 0.889236
21751972 5310 6.214849
3117079 761 0.890594
3407605 831 0.973601
25818187 6303 7.376625
3397229 829 0.970637
3082201 752 0.880629
23105476 5640 6.601565
3431151 837 0.980329
3380310 825 0.965803
21613909 5276 6.175403
3437188 839 0.982054
3422273 835 0.977792
21867892 5338 6.247969
3468415 846 0.990976
3523201 860 1.006629
22254507 5433 6.358431
3537467 863 1.010705
3613781 882 1.032509
21830091 5329 6.237169
3383861 826 0.966817
3419637 834 0.977039
25972944 6341 7.420841
3430662 837 0.980189
3411732 832 0.974781
3321896 811 0.949113
3364986 821 0.961425
3176460 775 0.907560
3429967 837 0.979991
3446226 841 0.984636
3465335 846 0.990096
3418285 834 0.976653
3524279 860 1.006937
3464197 845 0.989771
3486112 851 0.996032
3512608 857 1.003602
26015100 6351 7.432886
3628468 885 1.036705
3453412 843 0.986689
25967191 6339 7.419197
3486793 851 0.996227
3428774 837 0.979650
26177171 6390 7.479192
3459640 844 0.988469
3466923 846 0.990549
22405543 5470 6.401584
3463656 845 0.989616
3537889 863 1.010825
3457731 844 0.987923
3514651 858 1.004186
3521438 859 1.006125
3529387 861 1.008396
3459242 844 0.988355
3488511 851 0.996717
3235157 789 0.924331
3509686 856 1.002767
3221052 786 0.920301
3188862 778 0.911103
3178970 776 0.908277
3200722 781 0.914492
21584460 5269 6.166989
3172347 774 0.906385
3080857 752 0.880245
21917909 5351 6.262260
3131938 764 0.894839
3136977 765 0.896279
25591273 6247 7.311792
3402424 830 0.972121
3419333 834 0.976952
22128350 5402 6.322386
3118489 761 0.890997
3157300 770 0.902086
22009539 5373 6.288440
2831347 691 0.808956
3130573 764 0.894449
21395354 5223 6.112958
3137639 766 0.896468
3157994 770 0.902284
3125783 763 0.893081
2720842 664 0.777383
3018329 736 0.862380
2810189 686 0.802911
21687291 5294 6.196369
2813904 686 0.803973
2846900 695 0.813400
25891456 6321 7.397559
2805555 684 0.801587
2769054 676 0.791158
2805671 684 0.801620
2733784 667 0.781081
2774249 677 0.792643
2667250 651 0.762071
21345487 5211 6.098711
2680129 654 0.765751
2739349 668 0.782671
21693094 5296 6.198027
3049504 744 0.871287
2768471 675 0.790992
3352689 818 0.957911
2754023 672 0.786864
2651298 647 0.757514
3089260 754 0.882646
21404111 5225 6.115460
2704635 660 0.772753
2799771 683 0.799935
21707649 5299 6.202185
2800836 683 0.800239
3040633 742 0.868752
3090465 754 0.882990
3060191 747 0.874340
3090772 754 0.883078
3029185 739 0.865481
3078238 751 0.879497
2709128 661 0.774037
2829179 690 0.808337
21717460 5302 6.204989
3158926 771 0.902550
2763764 674 0.789647
21822721 5327 6.235063
2754038 672 0.786868
3115881 760 0.890252
22237683 5429 6.353624
3145830 768 0.898809
3128925 763 0.893979
21704636 5298 6.201325
2741322 669 0.783235
3099996 756 0.885713
3143422 767 0.898121
3120762 761 0.891646
3021043 737 0.863155
3151071 769 0.900306
3124871 762 0.892820
3144123 767 0.898321
3161433 771 0.903267
25610643 6252 7.317327
3093244 755 0.883784
3402190 830 0.972054
25520450 6230 7.291557
3355982 819 0.958852
3603823 879 1.029664
22126186 5401 6.321767
3346615 817 0.956176
3401258 830 0.971788
25237770 6161 7.210791
3608955 881 1.031130
3364037 821 0.961153
3390651 827 0.968757
3380272 825 0.965792
3415806 833 0.975945
3422814 835 0.977947
25600696 6250 7.314485
3402511 830 0.972146
3408346 832 0.973813
26198863 6396 7.485389
3668482 895 1.048138
22149993 5407 6.328569
3652661 891 1.043617
3394241 828 0.969783
26027515 6354 7.436433
3407291 831 0.973512
3368517 822 0.962433
25884010 6319 7.395431
3434970 838 0.981420
3421448 835 0.977557
25911172 6325 7.403192
3198369 780 0.913820
3161052 771 0.903158
21703334 5298 6.200953
3186019 777 0.910291
3177511 775 0.907860
22140651 5405 6.325900
3200173 781 0.914335
3092140 754 0.883469
26069913 6364 7.448547
2800644 683 0.800184
3061018 747 0.874577
2808827 685 0.802522
2821588 688 0.806168
3108790 758 0.888226
3115546 760 0.890156
3095195 755 0.884341
3060575 747 0.874450
3061608 747 0.874745
3074691 750 0.878483
3052259 745 0.872074
3025166 738 0.864333
21572844 5266 6.163670
3078329 751 0.879523
3008439 734 0.859554
21786700 5319 6.224771
3366990 822 0.961997
3392180 828 0.969194
26005446 6348 7.430127
3390246 827 0.968642
3144346 767 0.898385
25994542 6346 7.427012
3116639 760 0.890468
3099221 756 0.885492
3110037 759 0.888582
3122048 762 0.892014
3141739 767 0.897640
3118612 761 0.891032
3068818 749 0.876805
3079585 751 0.879881
3014185 735 0.861196
3081893 752 0.880541
3091037 754 0.883153
22497924 5492 6.427978
3006191 733 0.858912
3080350 752 0.880100
25335046 6185 7.238585
3060232 747 0.874352
3362137 820 0.960611
25792867 6297 7.369391
3311708 808 0.946202
3003694 733 0.858198
21807589 5324 6.230740
3003666 733 0.858190
2665234 650 0.761495
21574922 5267 6.164263
3040538 742 0.868725
2781147 678 0.794613
21909771 5349 6.259935
3023553 738 0.863872
2671994 652 0.763427
3010862 735 0.860246
3330387 813 0.951539
2966647 724 0.847613
3037623 741 0.867892
25634810 6258 7.324231
3019729 737 0.862780
3048072 744 0.870878
21698712 5297 6.199632
3006288 733 0.858939
2931405 715 0.837544
3005841 733 0.858812
2756939 673 0.787697
3010586 735 0.860167
3005963 733 0.858847
25891107 6321 7.397459
3313928 809 0.946837
2705811 660 0.773089
21850183 5334 6.242909
2820241 688 0.805783
2782258 679 0.794931
2794803 682 0.798515
2804802 684 0.801372
2839820 693 0.811377
2787610 680 0.796460
2838556 693 0.811016
3123147 762 0.892328
2896495 707 0.827570
25413186 6204 7.260910
2832373 691 0.809249
2853719 696 0.815348
21650418 5285 6.185834
3141400 766 0.897543
2806436 685 0.801839
25359764 6191 7.245647
3383218 825 0.966634
3486538 851 0.996154
25730752 6281 7.351643
3432820 838 0.980806
3438909 839 0.982545
21846061 5333 6.241732
3430711 837 0.980203
3439582 839 0.982738
26283996 6416 7.509713
3370736 822 0.963067
3380062 825 0.965732
25789024 6296 7.368293
3428446 837 0.979556
3383396 826 0.966685
21926965 5353 6.264847
3436584 839 0.981881
3404197 831 0.972628
22175288 5413 6.335797
3405074 831 0.972878
3436350 838 0.981814
25627891 6256 7.322255
3447550 841 0.985014
3431399 837 0.980400
22070268 5388 6.305791
3448098 841 0.985171
3471298 847 0.991799
22192267 5418 6.340648
3388423 827 0.968121
2878319 702 0.822377
21595430 5272 6.170123
2730558 666 0.780159
2883902 704 0.823972
21870839 5339 6.248811
2855988 697 0.815997
2847226 695 0.813493
2828393 690 0.808112
3120371 761 0.891535
3138743 766 0.896784
3137385 765 0.896396
3130298 764 0.894371
3144448 767 0.898414
3152189 769 0.900625
2798933 683 0.799695
3152753 769 0.900787
3164017 772 0.904005
21867881 5338 6.247966
3177301 775 0.907800
3432118 837 0.980605
3418600 834 0.976743
3202198 781 0.914914
25972613 6340 7.420747
3196853 780 0.913387
3181302 776 0.908943
3158668 771 0.902477
3195355 780 0.912959
3205624 782 0.915893
3163427 772 0.903836
3204863 782 0.915675
3276034 799 0.936010
25328039 6183 7.236583
3194926 780 0.912836
3242237 791 0.926353
25561558 6240 7.303302
3264938 797 0.932839
3190334 778 0.911524
25640271 6259 7.325792
3174477 775 0.906993
3244276 792 0.926936
22056139 5384 6.301754
3212669 784 0.917905
3197276 780 0.913507
25552732 6238 7.300781
3220301 786 0.920086
3210707 783 0.917345
25738298 6283 7.353799
3155145 770 0.901470
3207425 783 0.916407
3207418 783 0.916405
3184641 777 0.909897
3170958 774 0.905988
3200048 781 0.914299
21982684 5366 6.280767
3179627 776 0.908465
3331235 813 0.951781
3202485 781 0.914996
3181984 776 0.909138
3215759 785 0.918788
3229958 788 0.922845
3450371 842 0.985820
3191840 779 0.911954
3191920 779 0.911977
3169548 773 0.905585
3155976 770 0.901707
2914050 711 0.832586
3129763 764 0.894218
25736199 6283 7.353200
3130626 764 0.894465
3134529 765 0.895580
25759183 6288 7.359767
3418104 834 0.976601
3115337 760 0.890096
22069315 5388 6.305519
3124013 762 0.892575
3449487 842 0.985568
21795233 5321 6.227209
3221031 786 0.920295
3208546 783 0.916727
22713142 5545 6.489469
3170790 774 0.905940
3182787 777 0.909368
22041590 5381 6.297597
3168256 773 0.905216
3205180 782 0.915766
22005022 5372 6.287149
3203871 782 0.915392
3148816 768 0.899662
25766578 6290 7.361879
