16716792 127
16573384 126
16465659 125
16291508 124
16176734 123
16524875 126
18619667 142
16257842 124
17129959 130
16307667 124
19595669 149
16894908 128
19341687 147
16375016 124
17340992 132
16971742 129
16265867 124
16461233 125
16813908 128
16575684 126
16399775 125
16384067 125
16431175 125
16713100 127
16719734 127
16762250 127
16715541 127
17503958 133
16819066 128
19898250 151
16646575 127
19783201 150
16792008 128
17658092 134
16935000 129
16391617 125
16394167 125
15412800 117
16464075 125
16659758 127
17260016 131
17257683 131
16550059 126
16493333 125
16284784 124
16533042 126
16620325 126
16389567 125
17548109 133
16517817 126
19578608 149
16995167 129
17818465 135
16943392 129
14272445 108
17090125 130
16339425 124
16514933 125
16588292 126
16672358 127
16950783 129
16759675 127
16891625 128
16499925 125
16520083 126
16450816 125
16534141 126
16619633 126
16546317 126
17530733 133
16513066 125
20179192 153
17138608 130
19546566 149
17096791 130
17209659 131
16434500 125
18099000 138
16304350 124
16596742 126
16608425 126
16880233 128
16798725 128
16588508 126
16270325 124
16440025 125
16495642 125
16706900 127
17823041 135
16501250 125
19264533 146
16512659 125
17705909 135
16880316 128
17887059 136
17120984 130
16554225 126
16365500 124
16412783 125
16323050 124
16270358 124
10626552 81
10170584 77
10158828 77
10802732 82
10387028 79
10470100 79
10693264 81
10231436 78
10314488 78
10282260 78
11048504 84
10307960 78
10285252 78
10213552 77
10438000 79
10653896 81
10398716 79
10433756 79
10310700 78
10132096 77
10164076 77
10205268 77
10776040 82
10519880 80
10522396 80
16808725 128
16826191 128
17091684 130
17322125 132
17270183 131
17106883 130
16892641 128
16929333 129
16461892 125
16682741 127
16789666 128
17253925 131
17800342 135
17202583 131
17761842 135
16747983 127
17637650 134
16536308 126
17033259 129
16539342 126
16594466 126
16612075 126
16557291 126
16650417 127
16749492 127
17103242 130
16978950 129
17043116 130
17090733 130
17129100 130
17133850 130
16993858 129
16753208 127
16932816 129
16862125 128
17375700 132
16991417 129
18946450 144
17166850 130
20656892 157
17140633 130
19742183 150
16638392 126
17472309 133
16697858 127
15173025 115
16736158 127
16320192 124
16409558 125
16439400 125
16295875 124
16212984 123
16242475 123
16661400 127
16709575 127
17310634 132
16948342 129
16454842 125
17370425 132
16612042 126
19174225 146
16510616 125
20020788 152
16975025 129
19350417 147
17214825 131
18657533 142
16672892 127
15247769 116
16508708 125
16596350 126
17018842 129
16800900 128
16529967 126
16484083 125
16377700 124
16381567 124
16719050 127
16746450 127
16632500 126
16539817 126
17230417 131
16982483 129
19530041 149
16557692 126
19013292 145
16635317 126
16293758 124
17109167 130
16486816 125
16728183 127
16301408 124
16686684 127
16294792 124
16544925 126
16429016 125
16708783 127
16405283 125
17320416 132
16746950 127
18579625 141
16322950 124
20942308 159
16672808 127
19097672 145
16675733 127
14787183 112
16749559 127
16976466 129
16915766 129
16903625 128
17196517 131
17269958 131
17008933 129
17225558 131
16971984 129
17479875 133
16645908 126
16735467 127
16460783 125
16629242 126
17168591 130
16736050 127
19295491 147
16631200 126
19581625 149
16792683 128
15479459 118
16659350 127
16543783 126
17221233 131
16726975 127
17216683 131
16602433 126
16878567 128
16590800 126
17018625 129
17042250 130
17390708 132
16629225 126
18163425 138
16753117 127
20951500 159
17044525 130
20797549 158
16968391 129
16296827 124
16659975 127
16969733 129
16638908 126
16853400 128
16922666 129
16737858 127
16505958 125
16994967 129
17161250 130
16912358 129
17099850 130
17068475 130
17099083 130
16989942 129
17949459 136
16991117 129
19586650 149
17879042 136
20507195 156
17027425 129
17351523 132
18291050 139
17702917 135
17999027 137
16886283 128
16608434 126
17009583 129
17152225 130
16533442 126
16485208 125
16483250 125
16859417 128
16938825 129
16798333 128
16883784 128
17289650 131
16738250 127
18129175 138
16917417 129
20422359 155
16211041 123
18032841 137
16745150 127
15986039 121
17282692 131
16428225 125
16529509 126
16564341 126
10399008 79
10650916 81
10171852 77
13880804 105
10217440 77
10093332 77
10142056 77
10197044 77
10284016 78
10104392 77
14134212 107
10234424 78
10172332 77
10098976 77
16701625 127
16699067 127
16784058 128
16422625 125
16739342 127
16567158 126
17890900 136
16788733 128
19338908 147
16541058 126
16609534 126
16805559 128
16522900 126
16901325 128
16827908 128
16407192 125
16535667 126
16478858 125
16780967 128
16711383 127
16656200 127
16769092 127
16534850 126
16861617 128
16693225 127
17870925 136
16616266 126
19069967 145
16525391 126
17359025 132
16667942 127
16789024 128
16693417 127
16459891 125
16823483 128
16718634 127
17068892 130
16671342 127
16883100 128
16472692 125
16906317 128
16499100 125
16607050 126
16541858 126
17843017 136
16445266 125
18481967 141
16683500 127
16902599 128
16730409 127
17035791 129
16820416 128
16738025 127
16717433 127
16778616 128
17027525 129
16801900 128
17047358 130
16767225 127
16733184 127
16749933 127
16973534 129
16806642 128
17446017 133
16714567 127
18733617 142
16855475 128
21431667 163
16761366 127
21588308 164
16924109 129
18711510 142
16909675 129
16471950 125
16680817 127
16646742 127
16312059 124
16352717 124
16548341 126
16345375 124
16542634 126
16518342 126
17389250 132
16339183 124
17930984 136
16357050 124
16875083 128
16596167 126
15953642 121
10231528 78
10768332 82
10711636 81
10958316 83
10938828 83
10917432 83
11523380 87
10598008 80
10556724 80
21400058 163
16779017 128
15778065 120
16540875 126
16028858 122
16583125 126
16649683 127
16511633 125
16534192 126
16348200 124
16354325 124
16622825 126
16829133 128
17037416 129
16931209 129
16877492 128
16625525 126
18166875 138
16430550 125
19775566 150
16757308 127
18074558 137
16458567 125
17382158 132
16798250 128
16526792 126
16683866 127
16976775 129
16683400 127
16539534 126
16512625 125
16453291 125
16536933 126
16413267 125
16866959 128
16257958 124
18119058 138
16545883 126
17160118 130
16378183 124
17466175 133
10270460 78
10252604 78
10121816 77
10068144 76
10129092 77
10241060 78
10715396 81
16890858 128
16483750 125
16542384 126
16524200 126
16282700 124
16310717 124
16324942 124
16308658 124
16323608 124
16465550 125
16434683 125
16334666 124
17031358 129
16220558 123
17963908 137
16268008 124
17144567 130
16345308 124
16420242 125
16314525 124
16224775 123
16306208 124
16323141 124
16826775 128
16447983 125
13552072 103
10595312 80
10389368 79
10055560 76
10405996 79
10305544 78
10413888 79
11454752 87
10187108 77
10442024 79
10166208 77
10283356 78
10152132 77
10207596 77
11097696 84
10462972 79
10584320 80
10481320 79
10280876 78
10303032 78
10167572 77
11187976 85
10244868 78
10273704 78
10455768 79
10368940 79
10484476 79
10177032 77
11261448 85
10437776 79
10099924 77
10131636 77
16486184 125
16568242 126
10140128 77
10208016 77
10151712 77
12945640 98
10232724 78
10233636 78
10426760 79
16620709 126
16608059 126
16685600 127
16892309 128
16842650 128
16731833 127
17354642 132
16472550 125
18776300 143
10175300 77
10198432 77
12090324 92
10626068 81
10264460 78
10188564 77
10311332 78
10372096 79
17000450 129
10424972 79
10593604 80
10369340 79
11348708 86
10322388 78
10445172 79
10418344 79
16777875 128
16390658 125
16447716 125
16378725 124
16461575 125
16837117 128
16914125 129
16774608 127
17235875 131
17163383 130
19047866 145
16708892 127
19786850 150
16736567 127
16855600 128
16610092 126
16678308 127
16504558 125
16974117 129
16810766 128
10266560 78
10263548 78
10402408 79
10156484 77
10049628 76
12523616 95
10154588 77
10385804 79
10370188 79
10200360 77
10152792 77
10188624 77
13644112 104
10563020 80
10409724 79
10156148 77
10282356 78
10368152 79
10297268 78
12613552 96
10776976 82
11027436 84
10216564 77
16815533 128
17042525 130
17360892 132
16753375 127
16736084 127
16811058 128
16769809 127
17130558 130
17333542 132
16981250 129
18229475 139
16948866 129
20358833 155
17348658 132
18440975 140
17213767 131
16749530 127
17235450 131
16670333 127
16933558 129
16667516 127
16784033 128
17056008 130
16947466 129
16573033 126
16964342 129
16574041 126
16600325 126
16804967 128
16943383 129
16885000 128
18443534 140
17013258 129
19584875 149
17118950 130
21486666 163
16998900 129
19323217 147
17031967 129
16863025 128
16484534 125
16776475 127
16490750 125
16971192 129
16945817 129
17006709 129
16904267 128
16639041 126
16819066 128
17262491 131
17253791 131
17368400 132
17786375 135
17147400 130
17835450 136
17074508 130
18414584 140
16662442 127
20455933 156
16867083 128
19593100 149
16559567 126
16557950 126
16426608 125
16506717 125
16938616 129
16461892 125
16742192 127
16344009 124
16452258 125
16703967 127
16800600 128
16807525 128
17744208 135
16565658 126
19533384 149
16802342 128
20374833 155
17898600 136
19463508 148
16791767 128
19111159 145
16946359 129
17112725 130
17251759 131
17560183 133
17148417 130
16852900 128
16693150 127
16480475 125
16576250 126
17232283 131
16928017 129
10076068 76
10110872 77
10654228 81
10386972 79
10644072 81
10779348 82
10713024 81
10494196 80
10297228 78
10941396 83
10302880 78
10525048 80
10466580 79
10333972 78
10461768 79
10089144 76
11102568 84
10439596 79
10474188 79
10325524 78
10210648 77
10120048 77
10367268 79
11002208 83
10134432 77
10163928 77
10525028 80
16594050 126
16321658 124
15736267 120
16633700 126
16434825 125
16525608 126
16674191 127
16896067 128
17510542 133
17228100 131
19840425 151
16962466 129
19422255 148
16831125 128
17306284 132
17120417 130
16561975 126
10444072 79
10694524 81
10268752 78
10765544 82
10470356 79
10178604 77
10099908 77
10255148 78
10328432 78
10241104 78
11213480 85
10217552 77
10258904 78
10297668 78
10375284 79
10357796 79
10067696 76
10835748 82
10232764 78
10222048 77
10134204 77
10277824 78
10214932 77
10273608 78
12219304 93
10191996 77
10296700 78
10396080 79
10292304 78
16865958 128
16691867 127
17139733 130
18117050 138
17226034 131
19747300 150
16789334 128
20555064 156
16743442 127
13968342 106
10307228 78
10497320 80
10742268 81
10304096 78
10180620 77
10389420 79
12354972 94
10291428 78
10094444 77
10155192 77
10175872 77
10083208 76
10061468 76
10953352 83
10156256 77
10067016 76
10087740 76
10479508 79
10475648 79
10378872 79
10492680 80
10298536 78
10468156 79
10388152 79
10470968 79
10299420 78
10279892 78
10108732 77
10193344 77
10348308 78
10530844 80
10677996 81
10528808 80
10649516 81
10506856 80
10139412 77
10381688 79
10259636 78
10472256 79
10338184 78
10352436 78
10147180 77
10233788 78
10628084 81
10126840 77
10241784 78
10093704 77
10093452 77
10162100 77
10167632 77
10346268 78
10325052 78
10643164 81
10253092 78
10158172 77
10207748 77
10110428 77
10253704 78
10246216 78
10895452 83
10368880 79
10070196 76
10084156 76
10330148 78
10418916 79
10320592 78
11108272 84
10826448 82
10974616 83
10468192 79
10742284 81
10880608 83
10751356 82
10597624 80
10333064 78
10450076 79
10274252 78
10229884 78
10361688 79
10222552 77
10627792 81
10297856 78
10584904 80
10486808 80
10525732 80
10535648 80
17227346 131
17529825 133
17148350 130
17227550 131
16595833 126
10152424 77
10168268 77
10143244 77
14041860 107
10450528 79
10765572 82
10617448 81
10667852 81
10307608 78
10051288 76
12305112 93
10277136 78
10565836 80
10573504 80
16616558 126
16657000 127
16645425 126
16863558 128
16867650 128
16792534 128
16757084 127
16790067 128
17720875 135
16840859 128
19763775 150
10421660 79
10507504 80
10335544 78
10294612 78
10899772 83
10257524 78
10348100 78
10469104 79
10366984 79
10315140 78
10559064 80
10425540 79
10575552 80
10770052 82
10388492 79
10822624 82
10187944 77
10431588 79
10343132 78
10661772 81
11177224 85
10666384 81
10619160 81
10707344 81
10457472 79
10584032 80
10244356 78
10645016 81
10148456 77
11888936 90
10882728 83
10684272 81
10781652 82
10543560 80
10449892 79
10489232 80
10459456 79
10742612 81
10699428 81
10715704 81
10346448 78
10347768 78
10525244 80
10147744 77
10121480 77
16534542 126
10122784 77
11830248 90
10829820 82
10341868 78
10165852 77
10385048 79
10246280 78
10143920 77
10947220 83
10159984 77
10192796 77
10220048 77
10147364 77
10136084 77
10151468 77
10516952 80
16643375 126
16841333 128
16837467 128
16823258 128
16773483 127
16870500 128
16703917 127
17051250 130
17407900 132
17150517 130
16737967 127
16976067 129
17570333 134
17120109 130
18286550 139
17023842 129
18737224 142
17117600 130
19304600 147
16896241 128
17908850 136
17235959 131
17155359 130
17666266 134
17467309 133
16932200 129
16588492 126
17092067 130
16643975 126
16675991 127
16404233 125
