7984 31
3828 14
8109 31
8066 31
3872 15
7983 31
8067 31
8067 31
8025 31
8100 31
8066 31
7984 31
8000 31
8375 32
8058 31
8109 31
8066 31
8067 31
8066 31
8000 31
8042 31
8092 31
8067 31
8091 31
8066 31
3872 15
8067 31
8050 31
8067 31
8066 31
8042 31
8117 31
8066 31
8025 31
8109 31
8050 31
8008 31
8066 31
8000 31
8067 31
8066 31
8084 31
8075 31
7991 31
8000 31
8067 31
8067 31
8067 31
8067 31
8067 31
8067 31
8067 31
8075 31
3844 15
8025 31
7975 31
8308 32
7991 31
8075 31
8066 31
8066 31
8066 31
8041 31
8100 31
8066 31
8066 31
8100 31
217642 850
8067 31
8067 31
8083 31
8066 31
8066 31
8067 31
8059 31
8058 31
8034 31
8067 31
8066 31
8017 31
8058 31
8067 31
8000 31
8050 31
8058 31
8000 31
8075 31
8017 31
8067 31
8067 31
8066 31
8008 31
8009 31
8067 31
8116 31
8100 31
8025 31
8158 31
8067 31
8116 31
8008 31
7984 31
8067 31
7991 31
8066 31
8075 31
8075 31
7975 31
8067 31
7975 31
3876 15
8067 31
8066 31
8017 31
8025 31
8067 31
3836 14
8058 31
8066 31
3836 14
8025 31
8025 31
8067 31
8067 31
8067 31
8067 31
8067 31
8067 31
8033 31
8042 31
8067 31
8067 31
8066 31
8066 31
8066 31
8058 31
8067 31
7992 31
8067 31
7983 31
8067 31
7992 31
8066 31
8066 31
8000 31
16542 64
3872 15
8066 31
8067 31
8066 31
8008 31
8067 31
8008 31
7992 31
8025 31
8067 31
8067 31
8067 31
7992 31
7992 31
8017 31
8091 31
8042 31
7984 31
8075 31
8067 31
8050 31
8075 31
8067 31
8075 31
8067 31
8066 31
8067 31
8117 31
8066 31
8050 31
8050 31
8109 31
8075 31
8075 31
8034 31
8067 31
8016 31
8059 31
8042 31
7958 31
8025 31
8008 31
8025 31
8100 31
8067 31
8017 31
8050 31
7984 31
8067 31
8017 31
8067 31
8008 31
8066 31
8059 31
8067 31
8075 31
8017 31
8067 31
8092 31
8008 31
8016 31
8042 31
8067 31
8067 31
8067 31
3868 15
8067 31
8067 31
8083 31
8091 31
8067 31
8025 31
8066 31
8067 31
8042 31
8067 31
8067 31
8075 31
7983 31
8067 31
8066 31
8059 31
7983 31
3872 15
8042 31
8066 31
8067 31
8067 31
8067 31
8025 31
7958 31
3872 15
8050 31
7975 31
7983 31
8066 31
8042 31
8067 31
8066 31
8025 31
8092 31
8059 31
8108 31
8066 31
8067 31
8042 31
8034 31
8050 31
8000 31
8033 31
7950 31
8033 31
8066 31
8067 31
8050 31
8067 31
8075 31
8066 31
8067 31
8067 31
8066 31
8067 31
8066 31
8066 31
8009 31
8009 31
8067 31
8067 31
8067 31
8067 31
8008 31
8067 31
3852 15
8008 31
7975 31
8042 31
8067 31
8075 31
7975 31
8067 31
8066 31
7983 31
8067 31
8067 31
8066 31
7991 31
8067 31
8016 31
8067 31
8042 31
8025 31
8000 31
8067 31
8067 31
8066 31
8067 31
8050 31
8067 31
8066 31
8067 31
8066 31
8066 31
8083 31
8067 31
8066 31
8092 31
8067 31
3924 15
8066 31
8017 31
8075 31
8067 31
8042 31
8066 31
8067 31
8067 31
8033 31
8008 31
7992 31
7992 31
8067 31
8025 31
8034 31
8059 31
8058 31
8066 31
8025 31
8066 31
8066 31
8066 31
8033 31
8067 31
8067 31
8000 31
8108 31
8008 31
8033 31
8066 31
8067 31
8025 31
3872 15
8058 31
8066 31
8100 31
7992 31
8066 31
8058 31
8067 31
8033 31
8016 31
8067 31
8100 31
8067 31
8075 31
8067 31
8067 31
8067 31
8067 31
8067 31
8067 31
8108 31
8066 31
8066 31
8041 31
8067 31
8116 31
3840 15
8059 31
7975 31
8025 31
8067 31
8059 31
8025 31
8034 31
8025 31
8067 31
8066 31
8025 31
8050 31
8000 31
3872 15
8091 31
8067 31
8083 31
8066 31
8033 31
8091 31
8067 31
8091 31
8000 31
8066 31
8066 31
8025 31
7958 31
8100 31
8067 31
8083 31
3852 15
8067 31
8066 31
8067 31
8008 31
8067 31
8025 31
8075 31
16503 64
8066 31
8067 31
8066 31
8075 31
8000 31
8116 31
8100 31
8025 31
8000 31
8067 31
8066 31
8116 31
8025 31
8066 31
8066 31
8009 31
8067 31
7992 31
8067 31
8025 31
8067 31
8058 31
7984 31
8075 31
8067 31
8066 31
8000 31
8050 31
8067 31
8067 31
8067 31
8042 31
3880 15
7941 31
7958 31
8009 31
8067 31
8075 31
8067 31
8084 31
3872 15
8067 31
8059 31
8042 31
8066 31
8041 31
8067 31
8083 31
8067 31
8067 31
8017 31
8067 31
8067 31
8067 31
8067 31
8067 31
8066 31
8025 31
3848 15
8067 31
8066 31
8067 31
8067 31
8000 31
7958 31
8066 31
8092 31
8050 31
8066 31
8017 31
3876 15
8066 31
8066 31
8259 32
8066 31
8067 31
8042 31
8066 31
8058 31
8100 31
8066 31
8083 31
8058 31
8017 31
8067 31
8059 31
8025 31
8066 31
8067 31
8067 31
7991 31
8075 31
7991 31
8075 31
8066 31
8091 31
8067 31
8000 31
8058 31
8066 31
8058 31
7991 31
8050 31
8067 31
8067 31
3872 15
7983 31
8041 31
8067 31
8066 31
8066 31
8009 31
8067 31
3872 15
3868 15
3864 15
3872 15
3868 15
3960 15
3832 14
3872 15
3872 15
3872 15
3840 15
3872 15
3872 15
3884 15
3844 15
3872 15
3872 15
8067 31
8067 31
8059 31
3868 15
3884 15
3904 15
8059 31
8067 31
8300 32
3872 15
3872 15
3864 15
3872 15
3872 15
3864 15
3856 15
3876 15
3872 15
3880 15
3856 15
3904 15
3820 14
3872 15
3872 15
3860 15
3848 15
3872 15
3868 15
3872 15
3832 14
3864 15
3872 15
3840 15
3864 15
3872 15
3852 15
7983 31
8025 31
8050 31
7984 31
3864 15
3892 15
3840 15
3872 15
3840 15
3856 15
3864 15
8067 31
8075 31
3872 15
8092 31
7941 31
8067 31
8050 31
8066 31
8041 31
8067 31
8008 31
8058 31
8042 31
8066 31
8066 31
8075 31
8067 31
7950 31
8067 31
8066 31
7975 31
8067 31
8042 31
8016 31
7991 31
8033 31
8041 31
8066 31
8067 31
8008 31
8000 31
7992 31
7950 31
8033 31
3876 15
8008 31
8000 31
8067 31
8067 31
7959 31
8050 31
8066 31
8016 31
8000 31
8067 31
8108 31
8058 31
8058 31
8050 31
8066 31
8025 31
8058 31
8050 31
8067 31
8067 31
8067 31
8042 31
8067 31
7992 31
8067 31
8084 31
8066 31
8042 31
8067 31
8083 31
8067 31
7983 31
8058 31
8050 31
7975 31
8017 31
8067 31
8066 31
3832 14
8067 31
8075 31
8067 31
8042 31
8016 31
8067 31
19100 74
8083 31
8075 31
8033 31
8083 31
8017 31
8092 31
3904 15
8034 31
8067 31
8066 31
8067 31
8092 31
8017 31
8050 31
8017 31
8067 31
8058 31
8067 31
8125 31
8067 31
8091 31
8009 31
8067 31
8067 31
3868 15
8100 31
8017 31
8041 31
8066 31
8067 31
8067 31
8067 31
8067 31
8058 31
8050 31
8067 31
8092 31
8067 31
8000 31
8067 31
8092 31
8067 31
8033 31
8067 31
8067 31
8025 31
8067 31
8008 31
8042 31
7942 31
8066 31
8008 31
8084 31
8066 31
8066 31
8067 31
8075 31
8025 31
8067 31
8067 31
3844 15
8042 31
8067 31
8092 31
8025 31
8183 31
8067 31
8000 31
8025 31
8075 31
8008 31
8067 31
8067 31
8041 31
8075 31
8058 31
8067 31
8066 31
8066 31
8066 31
7975 31
7942 31
8000 31
8067 31
8067 31
8067 31
8067 31
8075 31
8033 31
8100 31
7984 31
8058 31
8075 31
8042 31
8067 31
3872 15
8000 31
8017 31
8058 31
7983 31
8067 31
8167 31
8075 31
8067 31
8067 31
8000 31
8059 31
7959 31
7941 31
8058 31
8075 31
3876 15
8067 31
7983 31
8067 31
8066 31
8067 31
8066 31
8075 31
7966 31
7991 31
8067 31
7983 31
8067 31
8016 31
8017 31
8017 31
8066 31
8067 31
8042 31
8066 31
8067 31
3876 15
8025 31
8067 31
8067 31
8066 31
8067 31
8033 31
8008 31
8066 31
8066 31
8066 31
8067 31
8067 31
8067 31
8008 31
8067 31
8009 31
8067 31
8066 31
8067 31
8067 31
8075 31
8100 31
8050 31
8067 31
3860 15
8067 31
8033 31
8067 31
8066 31
8066 31
8067 31
3872 15
8066 31
8000 31
8084 31
8042 31
7983 31
8066 31
8000 31
7992 31
8067 31
8041 31
8042 31
7991 31
7950 31
8008 31
8033 31
3872 15
8042 31
8066 31
8042 31
7950 31
8066 31
8058 31
8067 31
8050 31
8067 31
8067 31
8067 31
7975 31
8066 31
3872 15
8058 31
8067 31
8108 31
8075 31
8100 31
8033 31
8067 31
7942 31
8117 31
8067 31
8067 31
8067 31
8042 31
8092 31
8067 31
8067 31
8042 31
8059 31
8025 31
8066 31
8067 31
8066 31
8017 31
8075 31
7992 31
8017 31
8275 32
8059 31
3872 15
8067 31
8067 31
8034 31
8025 31
8067 31
8067 31
8067 31
8067 31
8058 31
8100 31
8066 31
8042 31
8033 31
8016 31
8017 31
8067 31
8067 31
8067 31
8067 31
8066 31
8033 31
8017 31
8066 31
8009 31
7992 31
3844 15
8075 31
8042 31
8067 31
7958 31
8042 31
8067 31
8058 31
8067 31
8067 31
7975 31
8066 31
8067 31
8041 31
3872 15
8050 31
8066 31
8058 31
8067 31
8066 31
8075 31
8067 31
8117 31
7958 31
8000 31
8075 31
3852 15
8066 31
7950 31
8017 31
8067 31
7967 31
8067 31
8042 31
8000 31
8009 31
7992 31
8066 31
8066 31
7984 31
8067 31
8050 31
8067 31
8083 31
8100 31
8066 31
8017 31
8016 31
8050 31
8066 31
8042 31
7991 31
8041 31
7984 31
8016 31
8000 31
8033 31
8066 31
8067 31
8067 31
8050 31
8066 31
8083 31
8100 31
8067 31
8050 31
8017 31
8033 31
8067 31
7984 31
8067 31
8066 31
8041 31
8000 31
8033 31
8009 31
8075 31
8067 31
8092 31
7984 31
8008 31
