7675492 117
7675150 117
7670375 117
7682459 117
7644942 116
7691917 117
7693725 117
7635842 116
5608740 85
7812533 119
7800367 119
7632234 116
7678650 117
7667050 116
7632400 116
7633408 116
7633616 116
7672566 117
7678700 117
7646367 116
7695817 117
7167822 109
7633450 116
7673942 117
7672108 117
7633433 116
7637141 116
7676383 117
7632142 116
7684925 117
7634583 116
6901200 105
7806034 119
7803358 119
7644483 116
7682109 117
7678175 117
7645959 116
7648742 116
7647675 116
7674492 117
4936141 75
4810856 73
4766868 72
4765212 72
4795048 73
4766516 72
4771648 72
4767324 72
4789920 73
4775660 72
4767816 72
4908384 74
4765596 72
4769256 72
4802172 73
4766540 72
4819192 73
7649283 116
7678683 117
7687634 117
7632450 116
7646883 116
7686642 117
6504881 99
7671900 117
7645817 116
7641650 116
7645108 116
7688366 117
7694125 117
7831808 119
7823817 119
7639958 116
7683800 117
7676000 117
7636584 116
7649550 116
7676483 117
7671366 117
7635350 116
4767888 72
4894540 74
4790192 73
4765788 72
4796564 73
4789208 73
4765580 72
4765844 72
4878052 74
4778376 72
4878912 74
7553242 115
7603192 116
7555016 115
7553733 115
7554092 115
7591783 115
7046367 107
7553375 115
7555175 115
7591375 115
7554283 115
7602225 116
7597783 115
7585300 115
7552000 115
7601075 115
6085382 92
7601692 115
7554242 115
7563542 115
7552625 115
7632817 116
7600684 115
7561325 115
7598691 115
7571583 115
5972658 91
7567509 115
7554675 115
7604409 116
7565166 115
7666633 116
7591959 115
7675458 117
7674450 117
7633858 116
7566206 115
7683467 117
7638191 116
7890233 120
7813342 119
7673233 117
7670500 117
7634933 116
7682767 117
7646400 116
7686275 117
7683458 117
7696108 117
6682950 101
7616083 116
7628075 116
7555875 115
7554642 115
7556433 115
7592350 115
7554075 115
7604550 116
7597833 115
7201984 109
7731008 117
7721941 117
7558509 115
7589633 115
7555325 115
7592233 115
7590142 115
7570417 115
4625176 70
7552525 115
7674508 117
7633542 116
7673533 117
7685741 117
7680891 117
7635209 116
7824900 119
7634383 116
7671550 117
7669433 117
7635650 116
7686442 117
7698142 117
7556367 115
7602367 116
7560908 115
7602516 116
7563166 115
7610858 116
7564225 115
7604917 116
7554458 115
7608659 116
7738950 118
7598791 115
7589258 115
5425727 82
7600317 115
7601500 115
7566008 115
7552250 115
7566833 115
7622175 116
7592292 115
7601758 115
7604375 116
4741220 72
7605175 116
7513750 114
7557042 115
7558942 115
7728058 117
7733275 118
7633583 116
7674233 117
7637158 116
7559917 115
7635516 116
7678817 117
7673675 117
7633000 116
7680359 117
7632758 116
7672908 117
7671042 117
7671017 117
7681992 117
7733775 118
7681909 117
7513785 114
7675958 117
7678225 117
7632083 116
7812250 119
7809392 119
7637350 116
7676042 117
7634317 116
7681775 117
7731958 117
7634592 116
7684784 117
7686817 117
4765968 72
4766960 72
4802380 73
4766464 72
4766020 72
4800416 73
4765208 72
4766548 72
4884156 74
4771348 72
4834040 73
7676991 117
7804467 119
7807342 119
7671558 117
7687842 117
7642450 116
7687250 117
4797816 73
4769220 72
4766516 72
4804764 73
4808752 73
4767248 72
4765280 72
4788560 73
4855460 74
4772400 72
4798140 73
4765284 72
4765632 72
4766804 72
4916608 75
4766700 72
4766364 72
4800448 73
4767220 72
4764700 72
4955336 75
4794924 73
4766736 72
4792532 73
4790556 73
4773384 72
4768344 72
4802296 73
4765820 72
4766488 72
4834476 73
4764456 72
4766736 72
4803428 73
4767136 72
4768140 72
4893344 74
4794352 73
4767736 72
4766932 72
4818496 73
4775032 72
4766032 72
4909400 74
4767696 72
4767212 72
4793636 73
4789464 73
4765528 72
4807328 73
4793316 73
4766792 72
4823364 73
4797228 73
4769432 72
4887360 74
4799240 73
4773880 72
7632517 116
7634092 116
7672816 117
7669141 117
7634141 116
7679850 117
7678433 117
7681934 117
7633959 116
7676958 117
7556283 115
7715225 117
7601767 115
7570217 115
7552900 115
7593900 115
6579575 100
7557650 115
7605234 116
7561025 115
7733625 118
7737441 118
7722592 117
7556350 115
7594725 115
7604017 116
7580925 115
7600683 115
7598125 115
7384685 112
7593725 115
7595758 115
7551950 115
7560100 115
7591600 115
7555283 115
7621008 116
7591950 115
7597708 115
7553775 115
7833667 119
7563084 115
7613608 116
7553992 115
6470500 98
7610641 116
6629274 101
7562225 115
7613708 116
7564325 115
7602934 116
7557325 115
7595659 115
7618083 116
7565608 115
7744675 118
7759575 118
7682200 117
7684083 117
7632642 116
7675459 117
7681642 117
7639667 116
7636100 116
7680133 117
7632442 116
7752759 118
7672575 117
7637358 116
7633025 116
7634042 116
7682100 117
7681008 117
7634242 116
7808475 119
7807100 119
7737592 118
7636916 116
7673791 117
7671608 117
7633150 116
7669691 117
7631933 116
7684033 117
7678616 117
7643500 116
6641800 101
7594033 115
7594150 115
7556183 115
7595950 115
7555675 115
7531291 114
7555883 115
7817917 119
7723650 117
5953149 90
7593183 115
7556967 115
7749316 118
7553542 115
7590916 115
7561700 115
7554567 115
7551241 115
7594816 115
7010407 106
7551209 115
7590391 115
7554558 115
7878550 120
7642633 116
7808292 119
7634841 116
7668308 117
7682425 117
6149767 93
7688100 117
7649800 116
7688617 117
4766356 72
4777228 72
4795632 73
4768172 72
4767312 72
4795516 73
4766564 72
4818868 73
4886904 74
4775520 72
4800600 73
7893425 120
6304680 96
7637292 116
7633525 116
7676025 117
7636600 116
6616314 100
7644558 116
7678817 117
7674250 117
7677833 117
7632716 116
7677642 117
7679642 117
7634433 116
7633608 116
7881550 120
7816908 119
7560308 115
7554450 115
7587092 115
7593591 115
7554109 115
7558458 115
7559475 115
7600450 115
7011625 106
7564950 115
7599417 115
7571625 115
7594817 115
7566058 115
7610125 116
7731925 117
7553475 115
7595400 115
7555792 115
7589492 115
7562634 115
7597025 115
7553634 115
7602608 116
7598317 115
7604908 116
7600475 115
7563833 115
7614708 116
7564142 115
7566233 115
7599267 115
7746008 118
7728384 117
7554900 115
7595000 115
7559858 115
7594492 115
7248809 110
7748775 118
7681625 117
7759875 118
7689875 117
7634916 116
7683708 117
7700225 117
7673641 117
7672975 117
7422941 113
7677967 117
7677583 117
7634250 116
7631650 116
7632758 116
7673708 117
7643692 116
7590025 115
7601116 115
6062217 92
4768240 72
4794264 73
4771980 72
4770820 72
4798240 73
7646858 116
7679558 117
7645183 116
7685842 117
7647633 116
7687175 117
7646416 116
7804933 119
7634742 116
7669883 117
7633091 116
7631416 116
7683608 117
4900345 74
7678350 117
7689992 117
7699408 117
7634025 116
7682542 117
7672300 117
7670508 117
7670733 117
7632225 116
7684800 117
7681008 117
7811400 119
7800934 119
7646850 116
7670567 117
7669200 117
7636775 116
7632400 116
7686850 117
7647992 116
7681217 117
7673533 117
5865870 89
7684733 117
7678717 117
7675042 117
7597300 115
7558433 115
7594192 115
7553667 115
7603166 116
7650883 116
7781333 118
7557850 115
7597166 115
7594358 115
7594442 115
7553750 115
7556775 115
7557100 115
7554767 115
7599966 115
7619934 116
7560267 115
7555767 115
7601833 115
7592825 115
7604741 116
7602891 116
7607083 116
7597433 115
7554075 115
6085467 92
7740491 118
7557858 115
7594892 115
7554000 115
7554750 115
7590483 115
7555342 115
7554359 115
7607425 116
7147111 109
7597350 115
7607225 116
7570259 115
7563642 115
7600767 115
7591525 115
7553442 115
7597858 115
7556567 115
7599500 115
7554875 115
7729725 117
7553975 115
7690967 117
7671325 117
7634325 116
7592233 115
7557700 115
7591092 115
5906973 90
7563625 115
7554334 115
7598158 115
7555733 115
7602109 115
7589900 115
7560025 115
7596850 115
7558208 115
7766800 118
7737316 118
7562367 115
7601825 115
7672625 117
7685492 117
7690675 117
7696400 117
7646700 116
7640958 116
7690184 117
7635783 116
7634642 116
7691725 117
7638875 116
7672925 117
7682233 117
7679366 117
7678100 117
7633259 116
7633709 116
7632434 116
7679191 117
7691758 117
7636350 116
7669133 117
7684375 117
7564716 115
7614366 116
7596308 115
7555525 115
7558234 115
7596941 115
4690060 71
7555475 115
7590475 115
7593391 115
4965808 75
7598675 115
7598217 115
7561900 115
7731050 117
7724217 117
7183458 109
7566625 115
7606084 116
7598984 115
7553558 115
7556050 115
7600650 115
7728658 117
7623025 116
7595358 115
7655859 116
7555800 115
7598900 115
7618825 116
7670008 117
7639900 116
7672441 117
7632550 116
7645675 116
7689966 117
7646758 116
7632700 116
7636025 116
7465275 113
7811100 119
7636434 116
7752242 118
7669242 117
7638817 116
7669725 117
7634658 116
7679275 117
7680808 117
5905777 90
7691267 117
7681359 117
7678059 117
7671967 117
7674633 117
7671175 117
7675567 117
7682667 117
7635566 116
7683867 117
7685558 117
7637075 116
7723108 117
7819875 119
7819859 119
7644392 116
7593767 115
7593442 115
7553408 115
7593750 115
7591216 115
7554950 115
7049961 107
7561442 115
7600225 115
7598817 115
7675616 117
7593450 115
7557000 115
7598275 115
7600650 115
7555850 115
7283105 111
7623559 116
7553400 115
7590650 115
7593375 115
7595783 115
7553541 115
7607417 116
7554809 115
7588325 115
7646259 116
7565375 115
7603950 116
7566000 115
7677683 117
7640066 116
7811092 119
7643975 116
7676950 117
7688083 117
7694158 117
7684725 117
7644858 116
7677817 117
7701750 117
7648500 116
7681400 117
7110503 108
7682250 117
7684242 117
7633675 116
7675566 117
7677125 117
7643858 116
7813800 119
7819325 119
7633508 116
7676225 117
7634200 116
7633733 116
6519684 99
7634492 116
7633550 116
7683159 117
7656450 116
7635142 116
7680341 117
7635825 116
7634375 116
7674275 117
4930485 75
7634533 116
7673809 117
7667908 117
7636492 116
7675958 117
7696775 117
7813166 119
7820917 119
7822392 119
7650917 116
7690158 117
7673691 117
7687775 117
7673383 117
7671775 117
7633616 116
7673467 117
7675216 117
7633608 116
7690583 117
7634558 116
7631525 116
7764650 118
7644750 116
7684850 117
7655983 116
6803141 103
7725242 117
7702825 117
4794152 73
4766372 72
4765464 72
4796860 73
4765904 72
4768368 72
4766808 72
4788948 73
4766236 72
5091360 77
7635375 116
7634708 116
7671733 117
7670608 117
7641383 116
7634017 116
7633733 116
7702317 117
7741359 118
7633625 116
7634900 116
7804166 119
7802392 119
7800117 119
7633283 116
7642967 116
7679708 117
7679533 117
7631783 116
7636275 116
7675592 117
7678866 117
7836733 119
7632725 116
5930632 90
4768628 72
7870017 120
7814417 119
7634450 116
7672800 117
7675225 117
7640050 116
7636008 116
7668425 117
7682500 117
7645775 116
7646150 116
7674792 117
7674075 117
7637292 116
7684108 117
7688775 117
7631783 116
7635466 116
7673267 117
7686525 117
7714025 117
7644725 116
7674541 117
7673500 117
7634825 116
7679250 117
7637116 116
7807208 119
7805750 119
7638067 116
7635983 116
7751617 118
7681200 117
7642300 116
7645867 116
7672534 117
7679034 117
7636992 116
7635292 116
7684167 117
7671700 117
7634475 116
7691217 117
7683291 117
7645208 116
7643442 116
7673725 117
7675708 117
7698567 117
7634433 116
7672675 117
7669117 117
7634683 116
7636983 116
7689050 117
7647516 116
7643591 116
5321208 81
7379900 112
7695500 117
7672309 117
7674467 117
7632692 116
7645266 116
7635800 116
7635492 116
7882417 120
7830591 119
7645525 116
7635175 116
7675883 117
7636175 116
7676908 117
7692433 117
7634158 116
7673933 117
7676225 117
5369884 81
7688416 117
7637434 116
7633459 116
7641275 116
7635016 116
7668292 117
7635908 116
7824550 119
7809467 119
7678167 117
7595150 115
7555366 115
7553759 115
4799852 73
4774408 72
4764652 72
4792104 73
4766844 72
4774612 72
4845988 73
4792224 73
4775072 72
4767680 72
4803892 73
7654658 116
7554975 115
7556934 115
7739283 118
7733767 118
7556733 115
6255676 95
7590125 115
7555667 115
7014559 107
7588658 115
7563491 115
7603958 116
7686775 117
7466066 113
7636708 116
7687283 117
7671316 117
7634533 116
7690308 117
7679575 117
7635458 116
7634308 116
7632658 116
7809758 119
7816150 119
7678141 117
7672367 117
7645842 116
6501783 99
7757375 118
7633867 116
7644425 116
7634734 116
7676742 117
7713467 117
7888083 120
7760683 118
7649483 116
7730325 117
7566859 115
7615242 116
7623233 116
