120257 29 0.034359
121342 29 0.034669
120026 29 0.034293
143366 35 0.040962
147646 36 0.042185
136065 33 0.038876
140981 34 0.040280
150073 36 0.042878
151550 36 0.043300
157628 38 0.045037
151068 36 0.043162
149975 36 0.042850
158577 38 0.045308
148659 36 0.042474
149144 36 0.042613
143848 35 0.041099
143976 35 0.041136
149175 36 0.042621
157181 38 0.044909
153156 37 0.043759
147625 36 0.042179
143572 35 0.041021
147628 36 0.042179
141096 34 0.040313
147785 36 0.042224
148040 36 0.042297
142374 34 0.040678
136614 33 0.039033
147587 36 0.042168
141407 34 0.040402
152883 37 0.043681
144835 35 0.041381
151965 37 0.043419
207264 50 0.059218
140527 34 0.040151
138328 33 0.039522
137772 33 0.039363
139924 34 0.039978
200267 48 0.057219
145970 35 0.041706
148324 36 0.042378
146243 35 0.041784
142458 34 0.040702
18671814 4558 5.334804
149730 36 0.042780
145576 35 0.041593
145394 35 0.041541
135057 32 0.038588
146682 35 0.041909
149252 36 0.042643
152408 37 0.043545
142650 34 0.040757
146064 35 0.041733
143816 35 0.041090
147779 36 0.042223
143467 35 0.040991
147872 36 0.042249
147342 35 0.042098
148138 36 0.042325
147618 36 0.042177
147272 35 0.042078
143774 35 0.041078
175748 42 0.050214
154028 37 0.044008
149084 36 0.042595
145554 35 0.041587
140712 34 0.040203
132759 32 0.037931
134250 32 0.038357
160609 39 0.045888
151752 37 0.043358
163130 39 0.046609
180357 44 0.051531
136641 33 0.039040
138855 33 0.039673
139347 34 0.039813
137511 33 0.039289
140454 34 0.040130
137573 33 0.039307
143641 35 0.041040
140115 34 0.040033
147426 35 0.042122
137343 33 0.039241
138411 33 0.039546
131498 32 0.037571
138977 33 0.039708
138111 33 0.039460
130856 31 0.037387
129512 31 0.037003
127428 31 0.036408
129459 31 0.036988
128377 31 0.036679
132630 32 0.037894
132525 32 0.037864
127424 31 0.036407
133080 32 0.038023
126122 30 0.036035
129579 31 0.037023
129114 31 0.036890
129635 31 0.037039
129174 31 0.036907
133471 32 0.038135
127392 31 0.036398
129170 31 0.036906
154004 37 0.044001
133538 32 0.038154
22758034 5556 6.502295
127142 31 0.036326
129009 31 0.036860
128356 31 0.036673
128217 31 0.036633
133216 32 0.038062
141099 34 0.040314
134036 32 0.038296
141243 34 0.040355
135580 33 0.038737
128419 31 0.036691
212550 51 0.060729
140018 34 0.040005
138712 33 0.039632
135608 33 0.038745
134232 32 0.038352
133873 32 0.038249
135290 33 0.038654
126415 30 0.036119
134470 32 0.038420
134990 32 0.038569
128642 31 0.036755
129568 31 0.037019
125559 30 0.035874
122895 30 0.035113
120703 29 0.034487
129836 31 0.037096
135918 33 0.038834
137336 33 0.039239
138090 33 0.039454
143973 35 0.041135
149057 36 0.042588
140129 34 0.040037
136732 33 0.039066
140736 34 0.040210
132720 32 0.037920
135842 33 0.038812
138086 33 0.039453
143523 35 0.041007
145404 35 0.041544
140891 34 0.040255
149978 36 0.042851
141355 34 0.040387
154088 37 0.044025
152816 37 0.043662
150372 36 0.042963
144165 35 0.041190
132113 32 0.037747
22735599 5550 6.495885
138359 33 0.039531
146498 35 0.041857
142119 34 0.040605
169439 41 0.048411
141529 34 0.040437
140046 34 0.040013
144839 35 0.041383
139895 34 0.039970
133921 32 0.038263
141592 34 0.040455
142144 34 0.040613
142688 34 0.040768
138932 33 0.039695
151347 36 0.043242
143994 35 0.041141
208281 50 0.059509
150568 36 0.043019
155864 38 0.044533
160020 39 0.045720
156413 38 0.044689
146054 35 0.041730
149951 36 0.042843
206385 50 0.058967
145119 35 0.041463
143104 34 0.040887
140545 34 0.040156
189955 46 0.054273
135189 33 0.038625
135167 32 0.038619
141239 34 0.040354
143159 34 0.040903
141348 34 0.040385
139074 33 0.039735
154175 37 0.044050
139927 34 0.039979
140949 34 0.040271
142207 34 0.040631
18988050 4635 5.425157
149891 36 0.042826
141808 34 0.040517
144245 35 0.041213
141127 34 0.040322
143753 35 0.041072
138656 33 0.039616
143537 35 0.041011
137483 33 0.039281
129673 31 0.037049
150548 36 0.043014
140870 34 0.040249
150969 36 0.043134
144123 35 0.041178
149772 36 0.042792
164003 40 0.046858
142640 34 0.040754
150589 36 0.043025
142999 34 0.040857
179445 43 0.051270
143323 34 0.040949
154108 37 0.044031
156468 38 0.044705
149252 36 0.042643
152034 37 0.043438
144553 35 0.041301
159778 39 0.045651
153864 37 0.043961
150125 36 0.042893
151532 36 0.043295
142583 34 0.040738
146678 35 0.041908
144326 35 0.041236
150907 36 0.043116
145066 35 0.041447
175538 42 0.050154
145530 35 0.041580
149520 36 0.042720
141274 34 0.040364
149214 36 0.042633
198117 48 0.056605
147139 35 0.042040
155306 37 0.044373
149427 36 0.042693
138380 33 0.039537
143425 35 0.040979
138146 33 0.039470
140189 34 0.040054
138209 33 0.039488
158780 38 0.045366
139081 33 0.039737
144504 35 0.041287
125084 30 0.035738
132661 32 0.037903
132353 32 0.037815
128486 31 0.036710
130133 31 0.037181
130678 31 0.037337
130958 31 0.037417
219128 53 0.062608
139993 34 0.039998
129047 31 0.036871
131404 32 0.037544
147474 36 0.042135
147237 35 0.042068
142503 34 0.040715
144661 35 0.041332
143306 34 0.040945
144636 35 0.041325
159356 38 0.045530
153766 37 0.043933
157240 38 0.044926
156877 38 0.044822
158497 38 0.045285
160327 39 0.045808
160910 39 0.045974
157739 38 0.045068
153741 37 0.043926
156172 38 0.044621
153732 37 0.043923
154716 37 0.044205
154636 37 0.044182
150278 36 0.042937
175084 42 0.050024
148770 36 0.042506
150879 36 0.043108
141913 34 0.040547
143711 35 0.041060
145055 35 0.041444
146979 35 0.041994
157185 38 0.044910
139609 34 0.039888
139144 33 0.039755
140335 34 0.040096
137427 33 0.039265
147873 36 0.042249
145932 35 0.041695
148907 36 0.042545
146780 35 0.041937
146005 35 0.041716
143300 34 0.040943
144137 35 0.041182
151727 37 0.043351
140778 34 0.040222
144801 35 0.041372
154024 37 0.044007
150321 36 0.042949
141386 34 0.040396
144500 35 0.041286
146193 35 0.041769
144825 35 0.041379
150034 36 0.042867
142884 34 0.040824
131802 32 0.037658
137783 33 0.039367
141337 34 0.040382
135849 33 0.038814
133419 32 0.038120
143111 34 0.040889
149887 36 0.042825
149985 36 0.042853
151647 37 0.043328
150125 36 0.042893
151735 37 0.043353
148323 36 0.042378
142919 34 0.040834
156469 38 0.044705
144735 35 0.041353
143320 34 0.040949
138938 33 0.039697
138115 33 0.039461
146917 35 0.041976
203940 49 0.058269
138425 33 0.039550
144857 35 0.041388
138974 33 0.039707
145565 35 0.041590
144744 35 0.041355
148177 36 0.042336
146630 35 0.041894
146753 35 0.041929
140681 34 0.040195
146246 35 0.041785
141319 34 0.040377
173360 42 0.049531
138896 33 0.039685
221740 54 0.063354
140077 34 0.040022
138498 33 0.039571
181435 44 0.051839
128164 31 0.036618
133318 32 0.038091
135206 33 0.038630
133600 32 0.038171
128957 31 0.036845
134312 32 0.038375
128768 31 0.036791
18655625 4554 5.330179
128091 31 0.036597
134292 32 0.038369
134588 32 0.038454
134355 32 0.038387
134707 32 0.038488
136368 33 0.038962
165745 40 0.047356
129295 31 0.036941
135161 32 0.038617
134362 32 0.038389
136369 33 0.038963
128740 31 0.036783
131191 32 0.037483
136780 33 0.039080
128978 31 0.036851
137385 33 0.039253
132225 32 0.037779
129571 31 0.037020
135217 33 0.038633
134582 32 0.038452
137643 33 0.039327
135181 33 0.038623
137242 33 0.039212
191920 46 0.054834
135032 32 0.038581
164729 40 0.047065
130266 31 0.037219
186875 45 0.053393
131201 32 0.037486
132382 32 0.037823
135322 33 0.038663
171928 41 0.049122
140495 34 0.040141
138859 33 0.039674
143023 34 0.040864
138198 33 0.039485
137419 33 0.039263
136857 33 0.039102
130846 31 0.037385
148034 36 0.042295
135244 33 0.038641
146134 35 0.041753
137217 33 0.039205
137667 33 0.039333
135241 33 0.038640
136508 33 0.039002
134020 32 0.038291
133859 32 0.038245
134864 32 0.038533
127260 31 0.036360
126523 30 0.036149
126502 30 0.036143
125427 30 0.035836
126324 30 0.036093
122707 29 0.035059
131732 32 0.037638
122829 29 0.035094
138425 33 0.039550
131003 31 0.037429
124603 30 0.035601
132758 32 0.037931
213769 52 0.061077
123968 30 0.035419
135248 33 0.038642
153836 37 0.043953
136694 33 0.039055
135353 33 0.038672
138412 33 0.039546
129725 31 0.037064
130067 31 0.037162
130437 31 0.037268
129324 31 0.036950
128656 31 0.036759
134690 32 0.038483
129292 31 0.036941
129955 31 0.037130
130136 31 0.037182
129666 31 0.037047
136425 33 0.038979
130440 31 0.037269
134274 32 0.038364
127477 31 0.036422
121216 29 0.034633
125755 30 0.035930
126757 30 0.036216
129361 31 0.036960
122295 29 0.034941
131994 32 0.037713
119300 29 0.034086
124551 30 0.035586
122428 29 0.034979
121224 29 0.034635
130416 31 0.037262
130894 31 0.037398
145279 35 0.041508
131170 32 0.037477
141773 34 0.040507
130657 31 0.037331
142497 34 0.040713
137818 33 0.039377
143428 35 0.040979
134696 32 0.038485
141906 34 0.040545
131418 32 0.037548
131369 32 0.037534
130860 31 0.037389
131963 32 0.037704
129746 31 0.037070
138736 33 0.039639
137521 33 0.039292
138307 33 0.039516
132825 32 0.037950
187716 45 0.053633
132846 32 0.037956
133859 32 0.038245
131351 32 0.037529
129697 31 0.037056
132347 32 0.037813
130504 31 0.037287
129624 31 0.037035
129743 31 0.037069
143265 34 0.040933
222033 54 0.063438
139009 33 0.039717
135420 33 0.038691
132200 32 0.037771
131610 32 0.037603
140789 34 0.040225
135671 33 0.038763
134459 32 0.038417
138341 33 0.039526
138192 33 0.039483
143240 34 0.040926
135366 33 0.038676
144563 35 0.041304
141463 34 0.040418
140831 34 0.040237
145349 35 0.041528
149126 36 0.042607
142119 34 0.040605
140478 34 0.040137
141376 34 0.040393
141763 34 0.040504
204796 49 0.058513
146888 35 0.041968
147810 36 0.042231
146438 35 0.041839
137633 33 0.039324
148191 36 0.042340
145785 35 0.041653
144584 35 0.041310
146225 35 0.041779
136282 33 0.038938
145911 35 0.041689
134962 32 0.038561
144091 35 0.041169
142796 34 0.040799
214750 52 0.061357
144538 35 0.041297
145079 35 0.041451
145628 35 0.041608
139519 34 0.039863
139700 34 0.039914
139158 33 0.039759
141518 34 0.040434
138911 33 0.039689
140384 34 0.040110
147573 36 0.042164
141082 34 0.040309
229686 56 0.065625
147723 36 0.042207
147485 36 0.042139
140234 34 0.040067
146727 35 0.041922
140929 34 0.040265
137489 33 0.039283
137926 33 0.039407
139162 33 0.039761
137727 33 0.039351
148473 36 0.042421
147524 36 0.042150
153746 37 0.043927
143984 35 0.041138
143104 34 0.040887
149077 36 0.042593
142280 34 0.040651
143383 35 0.040967
144752 35 0.041358
140799 34 0.040228
142308 34 0.040659
136083 33 0.038881
125892 30 0.035969
124397 30 0.035542
135056 32 0.038587
132661 32 0.037903
18625878 4547 5.321679
132826 32 0.037950
133562 32 0.038161
132637 32 0.037896
130105 31 0.037173
133907 32 0.038259
134945 32 0.038556
135482 33 0.038709
129166 31 0.036905
131614 32 0.037604
132689 32 0.037911
132130 32 0.037751
127924 31 0.036550
127752 31 0.036501
144388 35 0.041254
130765 31 0.037361
129872 31 0.037106
122610 29 0.035031
131715 32 0.037633
123992 30 0.035426
124464 30 0.035561
124414 30 0.035547
131094 32 0.037455
123469 30 0.035277
125675 30 0.035907
125022 30 0.035721
125692 30 0.035912
172033 42 0.049152
125099 30 0.035743
138771 33 0.039649
139546 34 0.039870
135839 33 0.038811
137385 33 0.039253
144147 35 0.041185
135608 33 0.038745
130636 31 0.037325
144099 35 0.041171
129938 31 0.037125
138299 33 0.039514
136442 33 0.038983
137105 33 0.039173
143184 34 0.040910
134755 32 0.038501
131247 32 0.037499
129118 31 0.036891
138356 33 0.039530
150893 36 0.043112
135249 33 0.038643
130123 31 0.037178
132752 32 0.037929
129659 31 0.037045
118863 29 0.033961
129934 31 0.037124
123796 30 0.035370
123758 30 0.035359
123499 30 0.035285
123947 30 0.035413
121688 29 0.034768
140768 34 0.040219
140509 34 0.040145
148030 36 0.042294
141337 34 0.040382
134686 32 0.038482
136788 33 0.039082
137553 33 0.039301
137954 33 0.039415
137287 33 0.039225
128147 31 0.036613
152216 37 0.043490
134435 32 0.038410
136107 33 0.038888
139909 34 0.039974
133636 32 0.038182
135611 33 0.038746
142510 34 0.040717
138844 33 0.039670
135486 33 0.038710
137546 33 0.039299
137846 33 0.039385
138526 33 0.039579
145083 35 0.041452
145240 35 0.041497
199405 48 0.056973
154060 37 0.044017
137765 33 0.039361
147541 36 0.042155
151305 36 0.043230
144535 35 0.041296
144466 35 0.041276
136306 33 0.038945
143498 35 0.040999
150278 36 0.042937
150212 36 0.042918
166475 40 0.047564
152373 37 0.043535
159101 38 0.045457
158532 38 0.045295
159813 39 0.045661
157607 38 0.045031
157914 38 0.045118
157352 38 0.044958
209069 51 0.059734
156576 38 0.044736
157900 38 0.045114
153142 37 0.043755
153015 37 0.043719
151050 36 0.043157
155463 37 0.044418
148749 36 0.042500
154140 37 0.044040
146885 35 0.041967
147653 36 0.042187
147730 36 0.042209
148117 36 0.042319
147280 35 0.042080
147237 35 0.042068
146927 35 0.041979
197967 48 0.056562
147143 35 0.042041
144766 35 0.041362
145809 35 0.041660
148896 36 0.042542
149772 36 0.042792
152048 37 0.043442
216244 52 0.061784
146448 35 0.041842
145234 35 0.041495
170280 41 0.048651
146602 35 0.041886
149814 36 0.042804
145774 35 0.041650
175179 42 0.050051
148090 36 0.042311
151081 36 0.043166
148571 36 0.042449
146253 35 0.041787
149182 36 0.042623
148477 36 0.042422
149025 36 0.042579
149734 36 0.042781
147524 36 0.042150
144483 35 0.041281
147685 36 0.042196
147475 36 0.042136
146616 35 0.041890
145834 35 0.041667
147713 36 0.042204
148882 36 0.042538
146124 35 0.041750
152747 37 0.043642
146148 35 0.041757
151672 37 0.043335
146155 35 0.041759
145666 35 0.041619
147220 35 0.042063
152995 37 0.043713
147778 36 0.042222
147035 35 0.042010
149696 36 0.042770
147363 35 0.042104
147377 35 0.042108
146724 35 0.041921
18823304 4595 5.378087
149256 36 0.042645
153731 37 0.043923
200561 48 0.057303
150100 36 0.042886
154771 37 0.044220
148990 36 0.042569
153135 37 0.043753
150837 36 0.043096
154262 37 0.044075
150802 36 0.043086
148750 36 0.042500
155557 37 0.044445
154412 37 0.044118
153570 37 0.043877
153522 37 0.043863
151682 37 0.043338
153316 37 0.043805
151423 36 0.043264
150547 36 0.043013
150969 36 0.043134
151650 37 0.043329
140077 34 0.040022
143994 35 0.041141
138227 33 0.039493
137169 33 0.039191
139280 34 0.039794
211080 51 0.060309
138558 33 0.039588
138883 33 0.039681
136567 33 0.039019
135981 33 0.038852
151381 36 0.043252
144193 35 0.041198
143090 34 0.040883
136711 33 0.039060
144015 35 0.041147
134198 32 0.038342
137437 33 0.039268
142510 34 0.040717
204080 49 0.058309
134055 32 0.038301
134941 32 0.038555
134707 32 0.038488
136292 33 0.038941
145055 35 0.041444
145189 35 0.041483
149228 36 0.042637
146718 35 0.041919
151005 36 0.043144
143641 35 0.041040
154496 37 0.044142
153110 37 0.043746
152569 37 0.043591
153836 37 0.043953
153858 37 0.043959
145649 35 0.041614
152492 37 0.043569
152925 37 0.043693
144891 35 0.041397
151616 37 0.043319
142598 34 0.040742
145662 35 0.041618
143052 34 0.040872
150921 36 0.043120
143320 34 0.040949
143352 34 0.040958
157250 38 0.044929
144479 35 0.041280
150149 36 0.042900
153190 37 0.043769
147852 36 0.042243
145055 35 0.041444
142926 34 0.040836
138667 33 0.039619
145499 35 0.041571
142151 34 0.040615
137050 33 0.039157
137671 33 0.039335
145715 35 0.041633
148047 36 0.042299
143879 35 0.041108
148013 36 0.042289
144350 35 0.041243
146633 35 0.041895
145855 35 0.041673
152275 37 0.043507
144902 35 0.041401
142004 34 0.040573
155282 37 0.044366
155994 38 0.044570
175685 42 0.050196
142744 34 0.040784
147398 35 0.042114
142437 34 0.040696
138889 33 0.039683
200700 48 0.057343
135455 33 0.038701
140901 34 0.040257
138111 33 0.039460
144706 35 0.041345
142395 34 0.040684
138915 33 0.039690
138247 33 0.039499
138324 33 0.039521
138837 33 0.039668
148075 36 0.042307
141599 34 0.040457
143250 34 0.040929
142741 34 0.040783
136366 33 0.038962
136097 33 0.038885
134815 32 0.038519
133415 32 0.038119
131415 32 0.037547
140873 34 0.040249
127710 31 0.036489
141439 34 0.040411
129083 31 0.036881
136400 33 0.038971
141509 34 0.040431
140252 34 0.040072
145977 35 0.041708
133052 32 0.038015
140070 34 0.040020
133108 32 0.038031
135684 33 0.038767
142304 34 0.040658
134808 32 0.038517
134661 32 0.038475
142957 34 0.040845
134208 32 0.038345
135720 33 0.038777
135793 33 0.038798
201584 49 0.057595
142611 34 0.040746
143160 34 0.040903
139071 33 0.039735
138900 33 0.039686
193351 47 0.055243
144842 35 0.041383
171904 41 0.049115
145262 35 0.041503
152757 37 0.043645
143491 35 0.040997
150062 36 0.042875
151864 37 0.043390
147838 36 0.042239
149556 36 0.042730
141983 34 0.040567
146466 35 0.041847
152202 37 0.043486
147919 36 0.042263
147196 35 0.042056
174320 42 0.049806
145994 35 0.041713
154806 37 0.044230
164561 40 0.047017
165958 40 0.047417
160648 39 0.045899
169987 41 0.048568
170214 41 0.048633
175651 42 0.050186
168835 41 0.048239
168646 41 0.048185
167997 41 0.047999
177790 43 0.050797
174139 42 0.049754
217312 53 0.062089
172170 42 0.049191
225898 55 0.064542
168946 41 0.048270
170731 41 0.048780
172595 42 0.049313
170713 41 0.048775
170235 41 0.048639
169872 41 0.048535
167843 40 0.047955
166237 40 0.047496
167376 40 0.047822
165854 40 0.047387
167432 40 0.047838
154608 37 0.044174
159303 38 0.045515
155243 37 0.044355
155700 38 0.044486
160194 39 0.045770
159164 38 0.045475
152562 37 0.043589
164261 40 0.046932
162247 39 0.046356
172026 41 0.049150
171111 41 0.048889
171143 41 0.048898
170964 41 0.048847
168329 41 0.048094
170710 41 0.048774
168483 41 0.048138
170780 41 0.048794
168559 41 0.048160
170061 41 0.048589
170316 41 0.048662
172357 42 0.049245
171241 41 0.048926
228041 55 0.065155
171160 41 0.048903
172731 42 0.049352
170172 41 0.048621
223897 54 0.063971
170856 41 0.048816
167016 40 0.047719
163207 39 0.046631
174525 42 0.049864
163744 39 0.046784
167843 40 0.047955
162093 39 0.046312
420890 102 0.120254
161036 39 0.046010
168315 41 0.048090
163752 39 0.046786
161744 39 0.046213
169942 41 0.048555
169879 41 0.048537
164115 40 0.046890
163786 39 0.046796
166583 40 0.047595
162638 39 0.046468
165574 40 0.047307
165776 40 0.047365
164649 40 0.047043
159957 39 0.045702
163532 39 0.046723
165801 40 0.047372
168315 41 0.048090
162704 39 0.046487
169003 41 0.048287
166140 40 0.047469
18698166 4564 5.342333
216534 52 0.061867
169411 41 0.048403
168919 41 0.048263
167927 40 0.047979
281257 68 0.080359
161821 39 0.046235
167525 40 0.047864
165515 40 0.047290
168810 41 0.048231
165769 40 0.047363
166921 40 0.047692
168262 41 0.048075
161755 39 0.046216
166879 40 0.047680
171530 41 0.049009
219878 53 0.062822
169649 41 0.048471
170409 41 0.048688
169372 41 0.048392
170256 41 0.048645
174565 42 0.049876
170392 41 0.048683
170842 41 0.048812
173217 42 0.049491
167379 40 0.047823
164792 40 0.047083
167302 40 0.047801
166737 40 0.047639
169450 41 0.048414
161685 39 0.046196
174111 42 0.049746
171639 41 0.049040
175252 42 0.050072
169621 41 0.048463
168789 41 0.048225
170353 41 0.048672
221362 54 0.063246
170615 41 0.048747
170047 41 0.048585
166863 40 0.047675
170923 41 0.048835
167333 40 0.047809
169237 41 0.048353
170417 41 0.048691
170288 41 0.048654
168793 41 0.048227
171331 41 0.048952
169400 41 0.048400
171289 41 0.048940
174585 42 0.049881
170117 41 0.048605
167026 40 0.047722
176859 43 0.050531
167218 40 0.047777
228614 55 0.065318
134526 32 0.038436
134588 32 0.038454
134968 32 0.038562
133056 32 0.038016
147280 35 0.042080
138373 33 0.039535
148875 36 0.042536
158601 38 0.045315
146194 35 0.041770
148557 36 0.042445
212571 51 0.060735
157492 38 0.044998
157831 38 0.045095
159688 38 0.045625
157819 38 0.045091
160120 39 0.045749
158818 38 0.045377
159447 38 0.045556
157945 38 0.045127
160484 39 0.045853
156884 38 0.044824
152855 37 0.043673
156318 38 0.044662
157327 38 0.044951
160008 39 0.045717
158992 38 0.045426
156360 38 0.044674
159628 38 0.045608
157415 38 0.044976
155847 38 0.044528
153606 37 0.043887
218228 53 0.062351
151654 37 0.043330
153358 37 0.043817
153493 37 0.043855
167456 40 0.047845
148962 36 0.042561
152097 37 0.043456
160142 39 0.045755
152800 37 0.043657
151256 36 0.043216
154950 37 0.044271
155659 38 0.044474
158979 38 0.045423
157823 38 0.045092
158671 38 0.045335
159904 39 0.045687
158407 38 0.045259
154996 37 0.044285
153298 37 0.043799
152213 37 0.043489
208224 50 0.059493
145621 35 0.041606
22306972 5446 6.373421
162020 39 0.046291
145426 35 0.041550
138956 33 0.039702
138003 33 0.039429
153958 37 0.043988
154915 37 0.044261
162422 39 0.046406
164576 40 0.047022
155174 37 0.044335
217117 53 0.062033
137954 33 0.039415
145146 35 0.041470
18847688 4601 5.385054
147590 36 0.042169
148962 36 0.042561
161835 39 0.046239
151239 36 0.043211
148009 36 0.042288
137776 33 0.039365
142542 34 0.040726
143449 35 0.040985
22340992 5454 6.383141
149727 36 0.042779
148927 36 0.042551
147534 36 0.042153
154587 37 0.044168
152077 37 0.043451
159205 38 0.045487
152544 37 0.043584
144950 35 0.041414
141156 34 0.040330
148721 36 0.042492
146142 35 0.041755
147761 36 0.042217
152094 37 0.043455
155470 37 0.044420
147590 36 0.042169
154186 37 0.044053
147018 35 0.042005
153672 37 0.043906
138817 33 0.039662
145318 35 0.041519
143558 35 0.041017
151825 37 0.043379
149954 36 0.042844
142207 34 0.040631
135311 33 0.038660
144287 35 0.041225
145555 35 0.041587
164276 40 0.046936
153260 37 0.043789
137340 33 0.039240
143719 35 0.041063
138208 33 0.039488
144249 35 0.041214
152313 37 0.043518
152213 37 0.043489
160654 39 0.045901
159223 38 0.045492
162544 39 0.046441
146961 35 0.041989
158480 38 0.045280
146435 35 0.041839
145157 35 0.041473
145175 35 0.041479
135776 33 0.038793
138991 33 0.039712
153791 37 0.043940
153749 37 0.043928
144905 35 0.041401
145118 35 0.041462
137406 33 0.039259
152321 37 0.043520
158828 38 0.045379
157422 38 0.044978
155596 37 0.044456
155320 37 0.044377
154678 37 0.044194
156636 38 0.044753
156849 38 0.044814
154720 37 0.044206
161740 39 0.046211
159527 38 0.045579
161584 39 0.046167
165326 40 0.047236
161908 39 0.046259
166039 40 0.047440
162170 39 0.046334
157960 38 0.045131
165616 40 0.047319
156926 38 0.044836
155648 38 0.044471
152485 37 0.043567
161252 39 0.046072
164052 40 0.046872
162554 39 0.046444
181355 44 0.051816
160054 39 0.045730
162030 39 0.046294
154583 37 0.044167
155809 38 0.044517
155100 37 0.044314
157275 38 0.044936
154576 37 0.044165
156919 38 0.044834
153606 37 0.043887
156014 38 0.044575
154762 37 0.044218
154471 37 0.044135
152810 37 0.043660
155442 37 0.044412
156196 38 0.044627
155390 37 0.044397
151567 37 0.043305
155303 37 0.044372
159510 38 0.045574
157935 38 0.045124
157241 38 0.044926
163993 40 0.046855
163838 39 0.046811
151239 36 0.043211
158437 38 0.045268
151221 36 0.043206
165843 40 0.047384
165801 40 0.047372
156214 38 0.044633
166174 40 0.047478
158721 38 0.045349
158176 38 0.045193
165486 40 0.047282
163486 39 0.046710
168640 41 0.048183
165162 40 0.047189
174145 42 0.049756
151095 36 0.043170
155010 37 0.044289
151835 37 0.043381
149964 36 0.042847
157844 38 0.045098
157488 38 0.044997
156776 38 0.044793
158836 38 0.045382
161154 39 0.046044
152523 37 0.043578
155686 38 0.044482
151899 37 0.043400
144424 35 0.041264
153602 37 0.043886
150390 36 0.042969
154014 37 0.044004
151975 37 0.043421
149297 36 0.042656
149884 36 0.042824
147063 35 0.042018
143557 35 0.041016
143079 34 0.040880
140548 34 0.040157
135342 33 0.038669
135849 33 0.038814
137151 33 0.039186
149901 36 0.042829
144507 35 0.041288
152021 37 0.043435
145041 35 0.041440
142968 34 0.040848
154122 37 0.044035
143366 35 0.040962
143715 35 0.041061
152304 37 0.043515
143393 35 0.040969
158372 38 0.045249
157596 38 0.045027
166712 40 0.047632
152128 37 0.043465
157820 38 0.045091
171886 41 0.049110
152258 37 0.043502
158592 38 0.045312
166094 40 0.047455
162624 39 0.046464
169557 41 0.048445
162495 39 0.046427
156686 38 0.044767
154129 37 0.044037
151368 36 0.043248
160201 39 0.045772
160997 39 0.045999
158354 38 0.045244
153930 37 0.043980
159737 38 0.045639
160435 39 0.045839
154608 37 0.044174
154126 37 0.044036
161437 39 0.046125
155760 38 0.044503
161322 39 0.046092
161796 39 0.046227
168835 41 0.048239
161231 39 0.046066
165155 40 0.047187
209995 51 0.059999
156483 38 0.044709
160620 39 0.045891
160243 39 0.045784
162059 39 0.046303
160246 39 0.045785
165459 40 0.047274
158221 38 0.045206
159244 38 0.045498
159694 38 0.045627
162938 39 0.046554
167518 40 0.047862
164268 40 0.046934
172442 42 0.049269
164583 40 0.047024
162023 39 0.046292
162073 39 0.046307
162219 39 0.046348
159352 38 0.045529
161436 39 0.046125
156912 38 0.044832
156445 38 0.044699
165239 40 0.047211
164470 40 0.046991
164872 40 0.047106
162690 39 0.046483
161611 39 0.046175
163598 39 0.046742
162191 39 0.046340
166154 40 0.047473
159000 38 0.045429
162777 39 0.046508
164310 40 0.046946
164076 40 0.046879
169355 41 0.048387
162721 39 0.046492
158431 38 0.045266
157579 38 0.045023
164292 40 0.046941
214631 52 0.061323
158669 38 0.045334
158979 38 0.045423
152789 37 0.043654
159851 39 0.045672
155750 38 0.044500
197167 48 0.056333
142614 34 0.040747
151022 36 0.043149
143973 35 0.041135
148128 36 0.042322
148575 36 0.042450
153029 37 0.043723
148057 36 0.042302
153071 37 0.043735
152398 37 0.043542
150973 36 0.043135
148317 36 0.042376
147154 35 0.042044
146389 35 0.041825
148557 36 0.042445
217400 53 0.062114
139109 33 0.039745
142629 34 0.040751
141763 34 0.040504
144835 35 0.041381
139326 34 0.039807
140673 34 0.040192
147203 35 0.042058
147363 35 0.042104
150331 36 0.042952
147663 36 0.042189
140691 34 0.040197
141044 34 0.040298
143267 34 0.040933
141093 34 0.040312
140479 34 0.040137
150216 36 0.042919
150250 36 0.042929
152185 37 0.043481
148613 36 0.042461
148707 36 0.042488
153948 37 0.043985
152851 37 0.043672
165532 40 0.047295
152031 37 0.043437
153009 37 0.043717
147164 35 0.042047
153305 37 0.043801
164038 40 0.046868
155194 37 0.044341
155404 37 0.044401
157984 38 0.045138
151466 36 0.043276
145513 35 0.041575
146127 35 0.041751
137602 33 0.039315
143331 34 0.040952
148927 36 0.042551
147743 36 0.042212
146368 35 0.041819
149779 36 0.042794
153951 37 0.043986
158287 38 0.045225
224780 54 0.064223
154601 37 0.044172
162753 39 0.046501
158720 38 0.045349
152206 37 0.043487
159080 38 0.045451
158648 38 0.045328
154077 37 0.044022
155341 37 0.044383
153753 37 0.043929
159544 38 0.045584
156476 38 0.044707
157460 38 0.044989
156654 38 0.044758
148833 36 0.042524
145079 35 0.041451
139749 34 0.039928
140443 34 0.040127
138880 33 0.039680
143442 35 0.040983
151814 37 0.043375
150044 36 0.042870
155965 38 0.044561
139612 34 0.039889
148153 36 0.042329
155600 37 0.044457
153536 37 0.043867
150002 36 0.042858
149389 36 0.042683
141173 34 0.040335
157069 38 0.044877
163940 40 0.046840
214788 52 0.061368
151574 37 0.043307
164760 40 0.047074
157625 38 0.045036
150201 36 0.042915
156647 38 0.044756
156692 38 0.044769
163591 39 0.046740
162760 39 0.046503
171994 41 0.049141
162726 39 0.046493
169258 41 0.048359
168015 41 0.048004
164705 40 0.047059
164352 40 0.046958
155424 37 0.044407
166067 40 0.047448
160215 39 0.045776
168779 41 0.048223
163465 39 0.046704
159810 39 0.045660
167170 40 0.047763
167225 40 0.047779
168088 41 0.048025
161015 39 0.046004
154814 37 0.044233
155316 37 0.044376
177354 43 0.050673
155502 37 0.044429
147716 36 0.042205
155819 38 0.044520
147883 36 0.042252
152090 37 0.043454
208532 50 0.059581
198459 48 0.056703
145265 35 0.041504
145063 35 0.041447
147673 36 0.042192
150945 36 0.043127
156713 38 0.044775
157317 38 0.044948
151154 36 0.043187
151665 37 0.043333
221111 53 0.063175
146396 35 0.041827
143414 35 0.040975
147109 35 0.042031
151092 36 0.043169
151787 37 0.043368
143442 35 0.040983
149004 36 0.042573
150749 36 0.043071
149590 36 0.042740
158165 38 0.045190
153588 37 0.043882
155219 37 0.044348
162480 39 0.046423
168912 41 0.048261
165421 40 0.047263
158947 38 0.045413
157722 38 0.045063
157788 38 0.045082
157289 38 0.044940
158155 38 0.045187
160271 39 0.045792
211905 51 0.060544
166534 40 0.047581
159555 38 0.045587
165835 40 0.047381
156130 38 0.044609
158407 38 0.045259
156095 38 0.044599
156388 38 0.044682
154684 37 0.044195
155662 38 0.044475
154035 37 0.044010
209760 51 0.059931
164132 40 0.046895
210637 51 0.060182
167383 40 0.047824
168255 41 0.048073
162871 39 0.046535
162725 39 0.046493
161901 39 0.046257
160969 39 0.045991
160875 39 0.045964
161479 39 0.046137
162201 39 0.046343
159856 39 0.045673
159254 38 0.045501
164195 40 0.046913
156947 38 0.044842
172103 42 0.049172
150796 36 0.043085
158595 38 0.045313
152611 37 0.043603
164052 40 0.046872
150918 36 0.043119
157369 38 0.044963
159855 39 0.045673
160281 39 0.045795
156849 38 0.044814
157652 38 0.045043
148505 36 0.042430
157153 38 0.044901
143006 34 0.040859
148421 36 0.042406
150705 36 0.043059
147091 35 0.042026
148875 36 0.042536
144748 35 0.041357
143718 35 0.041062
144797 35 0.041371
148641 36 0.042469
141966 34 0.040562
142081 34 0.040595
140922 34 0.040263
142266 34 0.040647
142772 34 0.040792
142430 34 0.040694
140900 34 0.040257
142036 34 0.040582
163776 39 0.046793
141826 34 0.040522
217417 53 0.062119
143456 35 0.040987
148005 36 0.042287
143788 35 0.041082
148261 36 0.042360
142520 34 0.040720
147747 36 0.042213
149070 36 0.042591
147873 36 0.042249
149898 36 0.042828
148826 36 0.042522
152038 37 0.043439
149698 36 0.042771
150541 36 0.043012
149036 36 0.042582
144022 35 0.041149
149835 36 0.042810
150551 36 0.043015
144270 35 0.041220
144308 35 0.041231
139944 34 0.039984
140503 34 0.040144
148027 36 0.042293
146375 35 0.041821
148183 36 0.042338
141009 34 0.040288
162663 39 0.046475
151263 36 0.043218
147206 35 0.042059
136132 33 0.038895
144322 35 0.041235
145111 35 0.041460
195848 47 0.055957
144127 35 0.041179
143683 35 0.041052
136648 33 0.039042
146438 35 0.041839
144137 35 0.041182
149099 36 0.042600
149060 36 0.042589
160208 39 0.045774
149399 36 0.042685
155418 37 0.044405
151274 36 0.043221
147632 36 0.042181
145261 35 0.041503
144095 35 0.041170
147786 36 0.042225
152949 37 0.043700
151109 36 0.043174
148837 36 0.042525
151078 36 0.043165
151588 37 0.043311
153777 37 0.043936
151717 37 0.043348
153169 37 0.043763
164861 40 0.047103
145516 35 0.041576
222291 54 0.063512
154116 37 0.044033
157373 38 0.044964
152384 37 0.043538
160592 39 0.045883
153497 37 0.043856
195135 47 0.055753
153749 37 0.043928
164725 40 0.047064
152244 37 0.043498
156402 38 0.044686
144999 35 0.041428
151804 37 0.043373
143970 35 0.041134
145056 35 0.041445
142950 34 0.040843
142119 34 0.040605
144626 35 0.041322
220040 53 0.062869
143739 35 0.041068
149524 36 0.042721
222152 54 0.063472
148180 36 0.042337
142640 34 0.040754
144064 35 0.041161
144497 35 0.041285
149884 36 0.042824
150910 36 0.043117
161073 39 0.046021
151127 36 0.043179
149346 36 0.042670
150764 36 0.043075
151577 37 0.043308
150090 36 0.042883
154890 37 0.044254
155934 38 0.044553
221858 54 0.063388
149957 36 0.042845
164666 40 0.047047
154308 37 0.044088
153330 37 0.043809
153452 37 0.043843
152911 37 0.043689
157698 38 0.045057
152355 37 0.043530
158113 38 0.045175
157188 38 0.044911
157544 38 0.045013
156905 38 0.044830
157551 38 0.045015
163455 39 0.046701
156786 38 0.044796
155073 37 0.044307
158085 38 0.045167
157792 38 0.045083
208857 50 0.059673
156884 38 0.044824
154336 37 0.044096
156643 38 0.044755
156294 38 0.044655
155889 38 0.044540
153316 37 0.043805
156063 38 0.044589
155425 37 0.044407
155700 38 0.044486
156716 38 0.044776
156968 38 0.044848
150994 36 0.043141
155969 38 0.044563
151724 37 0.043350
151619 37 0.043320
152042 37 0.043441
208459 50 0.059560
178139 43 0.050897
151064 36 0.043161
160291 39 0.045797
148645 36 0.042470
150613 36 0.043032
143230 34 0.040923
158225 38 0.045207
151340 36 0.043240
160634 39 0.045895
150394 36 0.042970
155847 38 0.044528
149629 36 0.042751
157216 38 0.044919
149130 36 0.042609
148752 36 0.042501
147632 36 0.042181
156919 38 0.044834
150885 36 0.043110
146657 35 0.041902
156570 38 0.044734
156171 38 0.044620
155973 38 0.044564
155030 37 0.044294
153474 37 0.043850
150055 36 0.042873
147663 36 0.042189
150422 36 0.042978
147852 36 0.042243
205986 50 0.058853
150380 36 0.042966
149828 36 0.042808
149597 36 0.042742
149524 36 0.042721
150366 36 0.042962
139871 34 0.039963
154860 37 0.044246
168318 41 0.048091
141005 34 0.040287
141190 34 0.040340
141623 34 0.040464
141257 34 0.040359
143372 35 0.040963
149238 36 0.042639
141075 34 0.040307
198428 48 0.056694
138506 33 0.039573
137074 33 0.039164
137930 33 0.039409
136093 33 0.038884
138352 33 0.039529
138021 33 0.039435
198899 48 0.056828
138247 33 0.039499
143869 35 0.041105
146271 35 0.041792
144102 35 0.041172
150020 36 0.042863
146141 35 0.041755
146037 35 0.041725
146909 35 0.041974
145960 35 0.041703
192297 46 0.054942
150017 36 0.042862
147329 35 0.042094
151176 36 0.043193
150292 36 0.042941
170130 41 0.048609
151986 37 0.043425
152534 37 0.043581
151032 36 0.043152
146243 35 0.041784
149461 36 0.042703
212264 51 0.060647
151504 36 0.043287
150757 36 0.043073
147011 35 0.042003
147202 35 0.042058
154304 37 0.044087
155512 37 0.044432
204279 49 0.058365
152520 37 0.043577
215832 52 0.061666
151671 37 0.043335
150676 36 0.043050
218961 53 0.062560
153431 37 0.043837
153613 37 0.043889
151989 37 0.043425
159405 38 0.045544
160023 39 0.045721
159153 38 0.045472
164966 40 0.047133
151724 37 0.043350
18758078 4579 5.359451
159877 39 0.045679
150812 36 0.043089
150953 36 0.043129
153564 37 0.043875
150889 36 0.043111
151971 37 0.043420
221781 54 0.063366
159935 39 0.045696
155739 38 0.044497
153658 37 0.043902
162236 39 0.046353
207798 50 0.059371
175995 42 0.050284
163120 39 0.046606
162016 39 0.046290
163004 39 0.046573
155561 37 0.044446
162599 39 0.046457
162177 39 0.046336
155435 37 0.044410
163636 39 0.046753
157548 38 0.045014
215071 52 0.061449
162739 39 0.046497
160826 39 0.045950
166967 40 0.047705
165295 40 0.047227
165201 40 0.047200
166010 40 0.047431
163671 39 0.046763
167470 40 0.047849
161116 39 0.046033
167023 40 0.047721
160064 39 0.045733
168112 41 0.048032
168179 41 0.048051
170874 41 0.048821
165068 40 0.047162
165288 40 0.047225
165916 40 0.047405
162439 39 0.046411
163483 39 0.046709
161416 39 0.046119
163954 40 0.046844
160780 39 0.045937
170067 41 0.048591
170127 41 0.048608
169617 41 0.048462
162166 39 0.046333
161427 39 0.046122
163716 39 0.046776
159391 38 0.045540
161378 39 0.046108
220242 53 0.062926
149095 36 0.042599
147356 35 0.042102
150314 36 0.042947
202994 49 0.057998
157736 38 0.045067
167592 40 0.047883
18824141 4595 5.378326
152048 37 0.043442
160896 39 0.045970
152272 37 0.043506
160630 39 0.045894
160323 39 0.045807
161207 39 0.046059
160452 39 0.045843
153648 37 0.043899
156731 38 0.044780
152866 37 0.043676
152586 37 0.043596
154196 37 0.044056
160033 39 0.045724
156234 38 0.044638
156308 38 0.044659
207125 50 0.059179
162257 39 0.046359
160183 39 0.045767
168995 41 0.048284
156078 38 0.044594
157544 38 0.045013
160592 39 0.045883
161604 39 0.046173
161580 39 0.046166
160937 39 0.045982
161901 39 0.046257
155952 38 0.044558
164547 40 0.047013
162408 39 0.046402
164949 40 0.047128
161262 39 0.046075
160131 39 0.045752
164886 40 0.047110
163043 39 0.046584
163452 39 0.046701
160868 39 0.045962
156437 38 0.044696
160854 39 0.045958
176900 43 0.050543
168754 41 0.048215
168172 41 0.048049
177445 43 0.050699
168695 41 0.048199
167166 40 0.047762
169247 41 0.048356
165172 40 0.047192
163745 39 0.046784
166126 40 0.047465
156503 38 0.044715
163581 39 0.046737
156619 38 0.044748
156196 38 0.044627
157750 38 0.045071
155648 38 0.044471
157848 38 0.045099
157628 38 0.045037
163849 40 0.046814
155600 37 0.044457
18691432 4563 5.340409
156807 38 0.044802
158532 38 0.045295
196944 48 0.056270
211283 51 0.060367
152715 37 0.043633
164656 40 0.047045
164020 40 0.046863
160654 39 0.045901
157090 38 0.044883
163266 39 0.046647
161256 39 0.046073
161838 39 0.046239
183649 44 0.052471
164718 40 0.047062
167498 40 0.047857
167578 40 0.047879
166858 40 0.047674
166552 40 0.047586
166852 40 0.047672
166586 40 0.047596
166109 40 0.047460
171220 41 0.048920
174264 42 0.049790
171691 41 0.049055
176393 43 0.050398
165745 40 0.047356
169960 41 0.048560
170734 41 0.048781
175887 42 0.050253
168717 41 0.048205
170424 41 0.048693
170941 41 0.048840
157383 38 0.044967
162491 39 0.046426
163923 40 0.046835
163696 39 0.046770
164764 40 0.047075
169097 41 0.048313
169111 41 0.048317
171492 41 0.048998
171000 41 0.048857
168789 41 0.048225
163821 39 0.046806
174617 42 0.049891
163811 39 0.046803
171740 41 0.049069
159632 38 0.045609
156884 38 0.044824
161612 39 0.046175
169746 41 0.048499
173230 42 0.049494
218628 53 0.062465
173691 42 0.049626
169383 41 0.048395
227106 55 0.064887
171122 41 0.048892
177127 43 0.050608
170843 41 0.048812
175126 42 0.050036
176128 43 0.050322
171611 41 0.049032
170605 41 0.048744
166063 40 0.047447
165256 40 0.047216
159349 38 0.045528
170458 41 0.048702
223321 54 0.063806
174826 42 0.049950
172916 42 0.049405
180266 44 0.051505
173580 42 0.049594
171824 41 0.049093
168265 41 0.048076
181003 44 0.051715
170008 41 0.048574
172563 42 0.049304
167602 40 0.047886
165507 40 0.047288
164861 40 0.047103
164967 40 0.047133
162408 39 0.046402
165340 40 0.047240
175308 42 0.050088
155365 37 0.044390
158763 38 0.045361
161004 39 0.046001
163402 39 0.046686
156695 38 0.044770
156200 38 0.044629
164673 40 0.047049
160494 39 0.045855
165584 40 0.047310
171167 41 0.048905
176477 43 0.050422
151253 36 0.043215
152430 37 0.043551
164925 40 0.047121
174079 42 0.049737
180028 43 0.051437
170699 41 0.048771
169680 41 0.048480
170472 41 0.048706
168119 41 0.048034
169132 41 0.048323
169443 41 0.048412
160721 39 0.045920
159625 38 0.045607
160829 39 0.045951
168035 41 0.048010
163469 39 0.046705
164970 40 0.047134
180448 44 0.051557
169100 41 0.048314
173597 42 0.049599
179578 43 0.051308
173607 42 0.049602
229812 56 0.065661
179323 43 0.051235
169457 41 0.048416
18749598 4577 5.357028
172344 42 0.049241
168576 41 0.048165
166436 40 0.047553
175266 42 0.050076
154615 37 0.044176
163472 39 0.046706
155313 37 0.044375
163301 39 0.046657
168514 41 0.048147
182640 44 0.052183
155358 37 0.044388
168185 41 0.048053
171520 41 0.049006
160348 39 0.045814
161297 39 0.046085
168046 41 0.048013
171094 41 0.048884
170022 41 0.048578
171087 41 0.048882
178199 43 0.050914
165829 40 0.047380
171405 41 0.048973
133363 32 0.038104
134323 32 0.038378
137371 33 0.039249
142248 34 0.040642
144829 35 0.041380
142667 34 0.040762
144106 35 0.041173
144811 35 0.041375
147171 35 0.042049
148718 36 0.042491
148624 36 0.042464
145395 35 0.041541
138802 33 0.039658
135877 33 0.038822
134899 32 0.038543
135412 33 0.038689
149780 36 0.042794
139542 34 0.039869
139644 34 0.039898
160219 39 0.045777
140639 34 0.040183
141701 34 0.040486
141532 34 0.040438
128147 31 0.036613
135580 33 0.038737
129428 31 0.036979
136857 33 0.039102
119345 29 0.034099
120016 29 0.034290
121060 29 0.034589
134424 32 0.038407
125968 30 0.035991
124725 30 0.035636
121754 29 0.034787
120389 29 0.034397
124174 30 0.035478
125776 30 0.035936
137276 33 0.039222
192615 47 0.055033
135206 33 0.038630
133994 32 0.038284
136466 33 0.038990
133856 32 0.038245
135430 33 0.038694
140960 34 0.040274
125898 30 0.035971
147768 36 0.042219
127179 31 0.036337
146396 35 0.041827
146165 35 0.041761
143987 35 0.041139
148456 36 0.042416
141020 34 0.040291
144357 35 0.041245
141508 34 0.040431
148065 36 0.042304
129588 31 0.037025
131585 32 0.037596
130797 31 0.037371
122687 29 0.035053
131104 32 0.037458
123713 30 0.035347
122529 29 0.035008
124072 30 0.035449
121681 29 0.034766
130468 31 0.037277
128059 31 0.036588
134805 32 0.038516
144962 35 0.041418
149454 36 0.042701
148799 36 0.042514
151916 37 0.043405
135185 33 0.038624
142636 34 0.040753
129707 31 0.037059
130277 31 0.037222
133841 32 0.038240
134379 32 0.038394
138768 33 0.039648
134735 32 0.038496
139633 34 0.039895
127972 31 0.036563
135147 32 0.038613
132616 32 0.037890
207512 50 0.059289
129812 31 0.037089
133632 32 0.038181
212857 51 0.060816
140925 34 0.040264
131341 32 0.037526
136607 33 0.039031
140014 34 0.040004
129655 31 0.037044
131582 32 0.037595
142073 34 0.040592
157174 38 0.044907
141829 34 0.040523
146825 35 0.041950
135280 33 0.038651
137570 33 0.039306
136872 33 0.039106
131317 32 0.037519
22762503 5557 6.503572
139427 34 0.039836
164132 40 0.046895
133950 32 0.038271
132476 32 0.037850
142434 34 0.040695
131177 32 0.037479
139298 34 0.039799
143180 34 0.040909
135639 33 0.038754
167459 40 0.047845
146857 35 0.041959
147000 35 0.042000
157038 38 0.044868
161010 39 0.046003
152869 37 0.043677
159845 39 0.045670
158797 38 0.045371
155254 37 0.044358
153735 37 0.043924
162048 39 0.046299
156203 38 0.044629
161056 39 0.046016
148030 36 0.042294
142398 34 0.040685
147297 35 0.042085
153585 37 0.043881
156346 38 0.044670
148864 36 0.042533
155153 37 0.044329
145901 35 0.041686
136890 33 0.039111
138076 33 0.039450
137047 33 0.039156
145583 35 0.041595
145966 35 0.041705
150774 36 0.043078
150118 36 0.042891
152985 37 0.043710
169352 41 0.048386
156528 38 0.044722
154887 37 0.044253
145740 35 0.041640
151986 37 0.043425
150939 36 0.043125
149235 36 0.042639
151594 37 0.043313
145782 35 0.041652
155907 38 0.044545
155229 37 0.044351
151804 37 0.043373
172047 42 0.049156
146833 35 0.041952
163811 39 0.046803
148582 36 0.042452
151431 36 0.043266
152670 37 0.043620
152331 37 0.043523
142046 34 0.040585
151640 37 0.043326
207541 50 0.059297
149552 36 0.042729
171283 41 0.048938
152041 37 0.043440
154650 37 0.044186
192729 47 0.055065
153107 37 0.043745
158797 38 0.045371
161716 39 0.046205
175723 42 0.050207
164740 40 0.047069
161677 39 0.046193
165180 40 0.047194
158367 38 0.045248
156584 38 0.044738
155914 38 0.044547
150359 36 0.042960
153644 37 0.043898
149221 36 0.042635
152582 37 0.043595
154440 37 0.044126
153222 37 0.043778
22521275 5498 6.434650
153243 37 0.043784
152558 37 0.043588
153341 37 0.043812
153903 37 0.043972
155009 37 0.044288
153721 37 0.043920
152070 37 0.043449
154998 37 0.044285
150404 36 0.042973
213074 52 0.060878
152967 37 0.043705
152782 37 0.043652
152981 37 0.043709
174732 42 0.049923
153141 37 0.043755
156151 38 0.044615
150233 36 0.042924
147555 36 0.042159
150247 36 0.042928
147789 36 0.042225
148424 36 0.042407
217853 53 0.062244
150544 36 0.043013
156870 38 0.044820
149643 36 0.042755
191305 46 0.054659
145516 35 0.041576
154852 37 0.044243
150083 36 0.042881
158798 38 0.045371
151336 36 0.043239
154677 37 0.044193
151993 37 0.043427
149587 36 0.042739
151738 37 0.043354
150457 36 0.042988
148030 36 0.042294
143107 34 0.040888
140073 34 0.040021
141372 34 0.040392
139672 34 0.039906
144874 35 0.041393
195191 47 0.055769
143830 35 0.041094
139976 34 0.039993
143020 34 0.040863
143010 34 0.040860
153016 37 0.043719
134815 32 0.038519
143708 35 0.041059
144053 35 0.041158
143288 34 0.040939
223750 54 0.063929
137088 33 0.039168
146449 35 0.041843
146316 35 0.041805
137015 33 0.039147
148554 36 0.042444
223942 54 0.063983
19162943 4678 5.475127
149231 36 0.042637
145355 35 0.041530
145530 35 0.041580
146944 35 0.041984
148225 36 0.042350
152890 37 0.043683
146522 35 0.041863
148801 36 0.042515
153389 37 0.043825
144625 35 0.041321
148735 36 0.042496
142314 34 0.040661
137552 33 0.039301
156042 38 0.044583
143637 35 0.041039
148592 36 0.042455
141494 34 0.040427
134962 32 0.038561
141086 34 0.040310
145684 35 0.041624
145855 35 0.041673
195981 47 0.055995
143777 35 0.041079
151312 36 0.043232
128437 31 0.036696
136292 33 0.038941
142255 34 0.040644
150044 36 0.042870
129124 31 0.036893
138754 33 0.039644
134330 32 0.038380
144141 35 0.041183
140461 34 0.040132
133778 32 0.038222
129582 31 0.037023
140178 34 0.040051
139892 34 0.039969
132766 32 0.037933
132057 32 0.037731
131568 32 0.037591
134250 32 0.038357
132888 32 0.037968
132553 32 0.037872
132780 32 0.037937
137864 33 0.039390
139256 33 0.039787
159894 39 0.045684
137863 33 0.039389
134100 32 0.038314
140070 34 0.040020
205550 50 0.058729
133963 32 0.038275
137821 33 0.039377
133206 32 0.038059
135242 33 0.038641
135338 33 0.038668
137943 33 0.039412
142385 34 0.040681
142332 34 0.040666
140960 34 0.040274
142004 34 0.040573
136669 33 0.039048
135709 33 0.038774
139344 34 0.039813
141669 34 0.040477
144193 35 0.041198
142633 34 0.040752
135762 33 0.038789
145167 35 0.041476
143512 35 0.041003
145492 35 0.041569
141522 34 0.040435
139099 33 0.039743
134187 32 0.038339
141753 34 0.040501
133786 32 0.038225
135810 33 0.038803
138959 33 0.039703
133987 32 0.038282
133436 32 0.038125
127473 31 0.036421
135164 32 0.038618
135415 33 0.038690
135004 32 0.038573
133921 32 0.038263
142671 34 0.040763
141131 34 0.040323
145551 35 0.041586
141034 34 0.040295
149891 36 0.042826
149682 36 0.042766
131320 32 0.037520
130291 31 0.037226
137350 33 0.039243
149719 36 0.042777
145128 35 0.041465
136212 33 0.038918
135583 33 0.038738
143652 35 0.041043
144179 35 0.041194
135751 33 0.038786
134763 32 0.038504
143505 35 0.041001
143945 35 0.041127
145764 35 0.041647
208661 50 0.059617
144989 35 0.041425
223946 54 0.063985
162083 39 0.046309
146749 35 0.041928
144301 35 0.041229
137546 33 0.039299
176132 43 0.050323
141637 34 0.040468
142095 34 0.040599
144200 35 0.041200
151892 37 0.043398
151053 36 0.043158
151986 37 0.043425
137863 33 0.039389
136907 33 0.039116
138149 33 0.039471
146215 35 0.041776
140339 34 0.040097
140088 34 0.040025
139815 34 0.039947
138618 33 0.039605
138275 33 0.039507
138726 33 0.039636
148644 36 0.042470
154531 37 0.044152
144556 35 0.041302
148732 36 0.042495
154734 37 0.044210
155634 37 0.044467
218569 53 0.062448
158280 38 0.045223
157698 38 0.045057
157439 38 0.044983
214195 52 0.061199
152492 37 0.043569
151117 36 0.043176
146846 35 0.041956
138761 33 0.039646
150132 36 0.042895
154052 37 0.044015
154015 37 0.044004
152390 37 0.043540
152705 37 0.043630
35734074 8724 10.209735
142301 34 0.040657
131798 32 0.037657
130252 31 0.037215
133024 32 0.038007
133509 32 0.038145
133663 32 0.038189
136121 33 0.038892
149661 36 0.042760
155980 38 0.044566
155030 37 0.044294
180939 44 0.051697
151378 36 0.043251
146930 35 0.041980
142923 34 0.040835
140123 34 0.040035
135025 32 0.038579
141868 34 0.040534
136826 33 0.039093
139292 34 0.039798
135280 33 0.038651
201063 49 0.057447
144371 35 0.041249
143480 35 0.040994
142440 34 0.040697
203462 49 0.058132
144850 35 0.041386
150041 36 0.042869
156542 38 0.044726
152321 37 0.043520
152432 37 0.043552
151948 37 0.043414
151751 37 0.043357
146270 35 0.041791
145031 35 0.041437
152865 37 0.043676
147688 36 0.042197
152360 37 0.043531
143250 34 0.040929
144993 35 0.041427
159468 38 0.045562
153794 37 0.043941
146993 35 0.041998
148071 36 0.042306
138118 33 0.039462
145048 35 0.041442
131583 32 0.037595
131550 32 0.037586
134644 32 0.038470
129380 31 0.036966
128186 31 0.036625
134881 32 0.038537
128248 31 0.036642
132147 32 0.037756
133799 32 0.038228
127997 31 0.036571
138429 33 0.039551
134529 32 0.038437
143844 35 0.041098
150711 36 0.043060
152342 37 0.043526
148100 36 0.042314
149800 36 0.042800
148700 36 0.042486
149409 36 0.042688
153948 37 0.043985
154060 37 0.044017
147244 35 0.042070
146215 35 0.041776
148128 36 0.042322
150463 36 0.042989
149653 36 0.042758
150436 36 0.042982
140678 34 0.040194
145886 35 0.041682
141679 34 0.040480
143020 34 0.040863
140475 34 0.040136
140858 34 0.040245
150160 36 0.042903
148997 36 0.042571
150848 36 0.043099
140091 34 0.040026
157331 38 0.044952
143292 34 0.040941
152205 37 0.043487
154873 37 0.044249
159830 39 0.045666
151015 36 0.043147
156639 38 0.044754
178684 43 0.051053
155183 37 0.044338
157363 38 0.044961
149849 36 0.042814
160194 39 0.045770
158724 38 0.045350
155826 38 0.044522
163874 40 0.046821
154426 37 0.044122
158497 38 0.045285
227556 55 0.065016
155763 38 0.044504
158518 38 0.045291
195897 47 0.055971
159416 38 0.045547
149294 36 0.042655
156870 38 0.044820
155512 37 0.044432
150065 36 0.042876
152492 37 0.043569
149793 36 0.042798
152310 37 0.043517
147604 36 0.042173
147786 36 0.042225
150090 36 0.042883
144906 35 0.041402
147569 36 0.042163
149831 36 0.042809
149308 36 0.042659
150550 36 0.043014
151720 37 0.043349
148030 36 0.042294
148962 36 0.042561
153714 37 0.043918
156245 38 0.044641
153446 37 0.043842
150432 36 0.042981
155376 37 0.044393
149499 36 0.042714
151288 36 0.043225
173450 42 0.049557
147845 36 0.042241
147192 35 0.042055
146986 35 0.041996
139685 34 0.039910
150596 36 0.043027
157055 38 0.044873
144976 35 0.041422
149266 36 0.042647
146584 35 0.041881
151291 36 0.043226
145450 35 0.041557
151978 37 0.043422
153438 37 0.043839
153753 37 0.043929
158836 38 0.045382
159593 38 0.045598
159157 38 0.045473
156895 38 0.044827
162607 39 0.046459
160149 39 0.045757
152956 37 0.043702
220734 53 0.063067
152296 37 0.043513
170061 41 0.048589
158093 38 0.045169
155970 38 0.044563
154789 37 0.044225
148208 36 0.042345
148613 36 0.042461
153756 37 0.043930
147622 36 0.042178
145670 35 0.041620
162219 39 0.046348
148086 36 0.042310
155708 38 0.044488
147294 35 0.042084
154779 37 0.044223
141938 34 0.040554
154122 37 0.044035
146047 35 0.041728
150208 36 0.042917
140566 34 0.040162
149242 36 0.042641
147789 36 0.042225
149796 36 0.042799
156340 38 0.044669
156748 38 0.044785
157596 38 0.045027
162229 39 0.046351
155725 38 0.044493
167330 40 0.047809
160564 39 0.045875
150254 36 0.042930
150614 36 0.043033
153927 37 0.043979
147272 35 0.042078
148428 36 0.042408
156298 38 0.044657
148697 36 0.042485
148941 36 0.042555
148595 36 0.042456
153728 37 0.043922
149270 36 0.042649
150662 36 0.043046
158923 38 0.045407
154635 37 0.044181
155787 38 0.044511
155362 37 0.044389
149318 36 0.042662
153822 37 0.043949
145192 35 0.041483
160983 39 0.045995
144092 35 0.041169
146372 35 0.041821
143869 35 0.041105
145691 35 0.041626
144616 35 0.041319
148909 36 0.042545
146326 35 0.041807
144455 35 0.041273
146417 35 0.041833
145786 35 0.041653
142335 34 0.040667
143117 34 0.040891
140167 34 0.040048
140175 34 0.040050
143408 35 0.040974
145408 35 0.041545
139469 34 0.039848
140098 34 0.040028
151756 37 0.043359
143904 35 0.041115
217836 53 0.062239
136013 33 0.038861
141731 34 0.040495
141215 34 0.040347
138293 33 0.039512
137975 33 0.039421
136628 33 0.039037
142804 34 0.040801
149158 36 0.042617
146012 35 0.041718
205484 50 0.058710
160313 39 0.045804
158574 38 0.045307
151664 37 0.043333
159656 38 0.045616
161035 39 0.046010
165277 40 0.047222
164901 40 0.047115
161255 39 0.046073
158273 38 0.045221
142685 34 0.040767
142898 34 0.040828
142374 34 0.040678
139850 34 0.039957
149688 36 0.042768
148878 36 0.042537
140911 34 0.040260
138974 33 0.039707
143735 35 0.041067
149483 36 0.042709
150027 36 0.042865
160246 39 0.045785
154685 37 0.044196
154436 37 0.044125
153525 37 0.043864
214456 52 0.061273
154535 37 0.044153
225960 55 0.064560
155456 37 0.044416
148079 36 0.042308
150505 36 0.043001
143247 34 0.040928
131293 32 0.037512
143135 34 0.040896
138163 33 0.039475
135345 33 0.038670
145904 35 0.041687
135175 33 0.038621
133876 32 0.038250
133866 32 0.038247
138810 33 0.039660
144096 35 0.041170
147912 36 0.042261
145341 35 0.041526
143034 34 0.040867
148477 36 0.042422
151811 37 0.043375
147482 36 0.042138
144403 35 0.041258
147772 36 0.042221
159056 38 0.045445
163357 39 0.046673
165096 40 0.047170
157551 38 0.045015
154894 37 0.044255
155571 37 0.044449
160139 39 0.045754
160728 39 0.045922
169819 41 0.048520
162177 39 0.046336
166293 40 0.047512
166395 40 0.047541
152303 37 0.043515
152038 37 0.043439
145038 35 0.041439
148414 36 0.042404
158196 38 0.045199
151999 37 0.043428
153867 37 0.043962
157694 38 0.045055
155568 37 0.044448
154157 37 0.044045
156137 38 0.044611
151190 36 0.043197
150820 36 0.043091
152247 37 0.043499
147806 36 0.042230
150464 36 0.042990
149269 36 0.042648
152202 37 0.043486
150212 36 0.042918
169869 41 0.048534
154611 37 0.044175
152492 37 0.043569
150896 36 0.043113
170504 41 0.048715
153333 37 0.043809
155309 37 0.044374
154213 37 0.044061
154661 37 0.044189
154496 37 0.044142
154904 37 0.044258
153885 37 0.043967
202760 49 0.057931
159094 38 0.045455
165864 40 0.047390
157091 38 0.044883
160313 39 0.045804
165044 40 0.047155
162076 39 0.046307
165882 40 0.047395
163350 39 0.046671
162973 39 0.046564
166081 40 0.047452
160902 39 0.045972
173646 42 0.049613
155878 38 0.044537
149604 36 0.042744
152038 37 0.043439
160564 39 0.045875
156608 38 0.044745
158218 38 0.045205
152003 37 0.043429
157212 38 0.044918
155607 37 0.044459
152694 37 0.043627
149025 36 0.042579
154657 37 0.044188
146860 35 0.041960
154839 37 0.044240
148907 36 0.042545
155990 38 0.044569
18766852 4581 5.361958
161304 39 0.046087
161168 39 0.046048
155732 38 0.044495
232210 56 0.066346
155586 37 0.044453
157330 38 0.044951
155994 38 0.044570
160690 39 0.045911
173335 42 0.049524
158148 38 0.045185
156242 38 0.044641
151455 36 0.043273
158106 38 0.045173
159314 38 0.045518
154799 37 0.044228
163305 39 0.046659
150914 36 0.043118
157460 38 0.044989
149731 36 0.042780
155338 37 0.044382
150949 36 0.043128
161713 39 0.046204
150628 36 0.043037
156678 38 0.044765
149524 36 0.042721
149189 36 0.042625
148195 36 0.042341
145810 35 0.041660
155914 38 0.044547
150631 36 0.043037
152311 37 0.043517
151570 37 0.043306
152457 37 0.043559
155261 37 0.044360
153917 37 0.043976
22670341 5534 6.477240
156583 38 0.044738
157236 38 0.044925
153672 37 0.043906
152800 37 0.043657
159670 38 0.045620
151675 37 0.043336
151794 37 0.043370
155770 38 0.044506
154475 37 0.044136
154489 37 0.044140
213029 52 0.060865
150834 36 0.043095
150387 36 0.042968
158148 38 0.045185
151479 36 0.043280
156353 38 0.044672
150293 36 0.042941
159388 38 0.045539
156685 38 0.044767
155836 38 0.044525
156685 38 0.044767
155348 37 0.044385
157397 38 0.044971
155942 38 0.044555
161880 39 0.046251
157007 38 0.044859
157621 38 0.045035
210005 51 0.060001
156360 38 0.044674
156451 38 0.044700
156874 38 0.044821
158968 38 0.045419
164688 40 0.047054
157896 38 0.045113
155763 38 0.044504
156232 38 0.044638
158919 38 0.045405
156018 38 0.044577
155913 38 0.044547
165756 40 0.047359
154185 37 0.044053
224700 54 0.064200
161049 39 0.046014
158312 38 0.045232
159139 38 0.045468
158207 38 0.045202
157597 38 0.045028
157886 38 0.045110
151972 37 0.043421
203595 49 0.058170
157457 38 0.044988
155373 37 0.044392
156171 38 0.044620
157498 38 0.044999
152429 37 0.043551
157209 38 0.044917
156106 38 0.044602
155418 37 0.044405
160784 39 0.045938
160006 39 0.045716
162407 39 0.046402
163391 39 0.046683
168506 41 0.048145
157746 38 0.045070
161112 39 0.046032
155725 38 0.044493
163563 39 0.046732
152747 37 0.043642
155404 37 0.044401
153106 37 0.043745
151895 37 0.043399
154520 37 0.044149
161444 39 0.046127
154468 37 0.044134
154863 37 0.044247
149874 36 0.042821
154709 37 0.044203
149325 36 0.042664
155533 37 0.044438
152865 37 0.043676
154101 37 0.044029
155798 38 0.044514
155474 37 0.044421
153777 37 0.043936
151308 36 0.043231
155893 38 0.044541
150889 36 0.043111
193808 47 0.055374
155170 37 0.044334
159035 38 0.045439
159464 38 0.045561
161978 39 0.046279
171499 41 0.049000
161032 39 0.046009
175018 42 0.050005
160156 39 0.045759
155072 37 0.044306
165934 40 0.047410
152879 37 0.043680
175238 42 0.050068
151102 36 0.043172
150233 36 0.042924
150006 36 0.042859
144797 35 0.041371
134288 32 0.038368
141899 34 0.040543
135136 32 0.038610
133866 32 0.038247
134717 32 0.038491
133387 32 0.038111
133233 32 0.038067
135702 33 0.038772
122131 29 0.034895
130730 31 0.037351
134012 32 0.038289
142912 34 0.040832
129980 31 0.037137
166817 40 0.047662
146487 35 0.041853
137588 33 0.039311
146749 35 0.041928
140649 34 0.040185
150058 36 0.042874
145600 35 0.041600
128625 31 0.036750
129903 31 0.037115
141927 34 0.040551
123510 30 0.035289
123549 30 0.035300
128325 31 0.036664
130224 31 0.037207
122376 29 0.034965
136578 33 0.039022
136041 33 0.038869
138987 33 0.039711
137891 33 0.039397
145520 35 0.041577
130203 31 0.037201
136620 33 0.039034
138443 33 0.039555
137388 33 0.039254
128960 31 0.036846
129875 31 0.037107
124995 30 0.035713
121479 29 0.034708
123521 30 0.035292
131079 32 0.037451
130528 31 0.037294
129016 31 0.036862
122533 29 0.035009
121984 29 0.034853
121855 29 0.034816
123625 30 0.035321
123150 30 0.035186
124799 30 0.035657
121984 29 0.034853
129945 31 0.037127
131201 32 0.037486
131827 32 0.037665
139504 34 0.039858
138599 33 0.039600
138558 33 0.039588
145702 35 0.041629
139106 33 0.039745
205662 50 0.058761
142936 34 0.040839
144836 35 0.041382
18933686 4622 5.409625
144302 35 0.041229
143424 35 0.040978
146406 35 0.041830
145405 35 0.041544
215081 52 0.061452
137385 33 0.039253
149458 36 0.042702
152572 37 0.043592
151909 37 0.043403
146731 35 0.041923
148267 36 0.042362
212075 51 0.060593
138576 33 0.039593
138031 33 0.039437
194444 47 0.055555
134131 32 0.038323
131460 32 0.037560
140430 34 0.040123
139710 34 0.039917
140447 34 0.040128
142604 34 0.040744
147105 35 0.042030
142632 34 0.040752
147622 36 0.042178
147231 35 0.042066
148637 36 0.042468
149123 36 0.042607
146682 35 0.041909
175511 42 0.050146
146190 35 0.041769
152349 37 0.043528
150027 36 0.042865
149077 36 0.042593
143855 35 0.041101
152163 37 0.043475
212041 51 0.060583
151857 37 0.043388
153766 37 0.043933
154223 37 0.044064
155690 38 0.044483
161985 39 0.046281
154744 37 0.044213
162711 39 0.046489
148292 36 0.042369
146515 35 0.041861
148075 36 0.042307
108120 26 0.030891
120842 29 0.034526
126998 31 0.036285
127116 31 0.036319
133852 32 0.038243
143641 35 0.041040
213305 52 0.060944
133614 32 0.038175
142800 34 0.040800
141222 34 0.040349
132186 32 0.037767
133251 32 0.038072
139445 34 0.039841
155994 38 0.044570
161615 39 0.046176
160638 39 0.045897
155998 38 0.044571
156231 38 0.044637
150652 36 0.043043
154769 37 0.044220
18848267 4601 5.385219
212669 51 0.060763
157719 38 0.045063
161381 39 0.046109
162892 39 0.046541
160756 39 0.045930
159590 38 0.045597
160362 39 0.045818
223129 54 0.063751
159736 38 0.045639
165808 40 0.047374
178911 43 0.051117
155317 37 0.044376
155244 37 0.044355
145551 35 0.041586
162697 39 0.046485
152740 37 0.043640
22637310 5526 6.467803
211102 51 0.060315
144957 35 0.041416
227105 55 0.064887
137716 33 0.039347
138583 33 0.039595
152128 37 0.043465
137029 33 0.039151
160002 39 0.045715
146836 35 0.041953
150763 36 0.043075
149548 36 0.042728
355504 86 0.101573
158741 38 0.045355
158930 38 0.045409
171573 41 0.049021
164900 40 0.047114
157896 38 0.045113
162519 39 0.046434
162212 39 0.046346
164387 40 0.046968
158927 38 0.045408
156675 38 0.044764
157663 38 0.045047
171129 41 0.048894
171108 41 0.048888
169827 41 0.048522
170895 41 0.048827
170724 41 0.048778
172644 42 0.049327
171353 41 0.048958
164767 40 0.047076
226327 55 0.064665
159447 38 0.045556
182343 44 0.052098
155250 37 0.044357
182162 44 0.052046
175658 42 0.050188
154845 37 0.044241
213297 52 0.060942
156147 38 0.044613
163748 39 0.046785
151449 36 0.043271
168203 41 0.048058
162250 39 0.046357
156483 38 0.044709
164876 40 0.047107
163154 39 0.046615
150205 36 0.042916
158245 38 0.045213
158497 38 0.045285
205075 50 0.058593
158832 38 0.045381
158525 38 0.045293
156556 38 0.044730
156371 38 0.044677
155013 37 0.044289
220081 53 0.062880
158944 38 0.045413
158598 38 0.045314
157711 38 0.045060
162959 39 0.046560
154230 37 0.044066
163811 39 0.046803
159786 39 0.045653
158141 38 0.045183
158595 38 0.045313
155533 37 0.044438
159502 38 0.045572
163050 39 0.046586
160369 39 0.045820
155267 37 0.044362
161220 39 0.046063
162240 39 0.046354
163368 39 0.046677
161818 39 0.046234
160023 39 0.045721
147485 36 0.042139
172362 42 0.049246
155816 38 0.044519
163518 39 0.046719
166126 40 0.047465
164768 40 0.047077
163340 39 0.046669
169400 41 0.048400
166325 40 0.047521
169208 41 0.048345
172903 42 0.049401
178171 43 0.050906
164118 40 0.046891
166537 40 0.047582
162187 39 0.046339
164747 40 0.047071
167924 40 0.047978
159865 39 0.045676
162837 39 0.046525
163301 39 0.046657
164453 40 0.046987
151783 37 0.043367
151864 37 0.043390
152108 37 0.043459
153218 37 0.043777
151127 36 0.043179
173702 42 0.049629
156353 38 0.044672
151504 36 0.043287
146773 35 0.041935
166143 40 0.047469
147576 36 0.042165
195282 47 0.055795
152848 37 0.043671
157656 38 0.045045
145694 35 0.041627
139291 34 0.039797
145701 35 0.041629
151176 36 0.043193
151462 36 0.043275
147580 36 0.042166
147953 36 0.042272
146874 35 0.041964
154751 37 0.044215
159077 38 0.045451
160959 39 0.045988
183146 44 0.052327
151427 36 0.043265
147932 36 0.042266
153651 37 0.043900
150478 36 0.042994
153543 37 0.043869
166042 40 0.047441
151539 36 0.043297
163175 39 0.046621
157199 38 0.044914
160215 39 0.045776
147785 36 0.042224
153878 37 0.043965
160417 39 0.045833
158417 38 0.045262
156490 38 0.044711
143236 34 0.040925
144930 35 0.041409
159478 38 0.045565
163528 39 0.046722
156804 38 0.044801
156664 38 0.044761
148114 36 0.042318
150526 36 0.043007
144717 35 0.041348
146926 35 0.041979
144025 35 0.041150
151888 37 0.043397
153057 37 0.043731
151319 36 0.043234
158344 38 0.045241
150513 36 0.043004
157809 38 0.045088
136065 33 0.038876
136781 33 0.039080
143792 35 0.041083
186578 45 0.053308
152045 37 0.043441
220468 53 0.062991
141682 34 0.040481
147017 35 0.042005
146162 35 0.041761
150379 36 0.042965
136732 33 0.039066
139979 34 0.039994
138474 33 0.039564
150352 36 0.042958
130472 31 0.037278
132274 32 0.037793
143107 34 0.040888
148770 36 0.042506
146703 35 0.041915
140261 34 0.040075
141592 34 0.040455
133049 32 0.038014
132515 32 0.037861
22746764 5553 6.499075
141822 34 0.040521
174871 42 0.049963
136083 33 0.038881
137926 33 0.039407
134044 32 0.038298
141169 34 0.040334
170682 41 0.048766
133090 32 0.038026
132406 32 0.037830
136180 33 0.038909
140286 34 0.040082
143861 35 0.041103
135985 33 0.038853
143865 35 0.041104
134344 32 0.038384
141959 34 0.040560
139067 33 0.039733
136756 33 0.039073
144127 35 0.041179
147126 35 0.042036
138115 33 0.039461
146364 35 0.041818
153487 37 0.043853
140569 34 0.040163
137849 33 0.039385
140688 34 0.040197
146483 35 0.041852
140838 34 0.040239
154898 37 0.044257
139402 34 0.039829
151954 37 0.043415
148006 36 0.042287
151839 37 0.043383
145897 35 0.041685
152743 37 0.043641
155278 37 0.044365
145296 35 0.041513
152617 37 0.043605
149738 36 0.042782
145282 35 0.041509
150516 36 0.043005
18724687 4571 5.349911
150184 36 0.042910
154042 37 0.044012
149441 36 0.042697
149796 36 0.042799
149151 36 0.042615
149175 36 0.042621
147454 35 0.042130
149566 36 0.042733
22794596 5565 6.512742
148767 36 0.042505
152415 37 0.043547
153316 37 0.043805
139231 33 0.039780
137898 33 0.039399
139333 34 0.039809
145928 35 0.041694
154436 37 0.044125
152809 37 0.043660
154360 37 0.044103
154675 37 0.044193
153229 37 0.043780
151347 36 0.043242
156797 38 0.044799
146819 35 0.041948
150670 36 0.043049
149171 36 0.042620
18916763 4618 5.404789
209156 51 0.059759
145006 35 0.041430
144657 35 0.041331
143920 35 0.041120
140248 34 0.040071
140139 34 0.040040
144860 35 0.041389
147471 36 0.042135
153623 37 0.043892
153735 37 0.043924
153204 37 0.043773
153885 37 0.043967
149493 36 0.042712
156692 38 0.044769
163598 39 0.046742
154590 37 0.044169
154349 37 0.044100
18802369 4590 5.372105
153068 37 0.043734
158759 38 0.045360
151658 37 0.043331
153124 37 0.043750
148823 36 0.042521
149158 36 0.042617
151508 36 0.043288
149140 36 0.042611
148812 36 0.042518
148474 36 0.042421
149562 36 0.042732
157757 38 0.045073
149210 36 0.042631
150690 36 0.043054
149703 36 0.042772
150721 36 0.043063
151242 36 0.043212
146368 35 0.041819
144410 35 0.041260
147276 35 0.042079
145000 35 0.041429
168434 41 0.048124
145680 35 0.041623
144546 35 0.041299
145544 35 0.041584
147391 35 0.042112
144549 35 0.041300
147883 36 0.042252
347827 84 0.099379
145733 35 0.041638
147692 36 0.042198
150265 36 0.042933
152080 37 0.043451
150778 36 0.043079
150094 36 0.042884
156675 38 0.044764
158581 38 0.045309
155798 38 0.044514
157471 38 0.044992
152049 37 0.043443
146036 35 0.041725
146183 35 0.041767
152555 37 0.043587
146808 35 0.041945
147377 35 0.042108
146382 35 0.041823
148596 36 0.042456
147380 35 0.042109
148641 36 0.042469
143187 34 0.040911
144067 35 0.041162
142196 34 0.040627
144762 35 0.041361
152942 37 0.043698
154988 37 0.044282
150114 36 0.042890
154436 37 0.044125
154231 37 0.044066
153375 37 0.043821
147028 35 0.042008
157139 38 0.044897
158766 38 0.045362
158713 38 0.045347
158920 38 0.045406
158954 38 0.045415
152684 37 0.043624
162935 39 0.046553
162512 39 0.046432
158487 38 0.045282
166356 40 0.047530
159950 39 0.045700
165962 40 0.047418
167585 40 0.047881
162795 39 0.046513
166035 40 0.047439
170053 41 0.048587
165979 40 0.047423
161716 39 0.046205
159677 38 0.045622
154300 37 0.044086
164516 40 0.047005
164538 40 0.047011
163832 39 0.046809
155773 38 0.044507
169816 41 0.048519
169048 41 0.048299
169827 41 0.048522
164464 40 0.046990
165186 40 0.047196
161580 39 0.046166
159642 38 0.045612
158990 38 0.045426
161647 39 0.046185
163166 39 0.046619
167687 40 0.047911
165075 40 0.047164
170668 41 0.048762
170486 41 0.048710
216247 52 0.061785
166535 40 0.047581
167201 40 0.047772
166248 40 0.047499
170413 41 0.048689
165794 40 0.047370
165511 40 0.047289
165553 40 0.047301
206992 50 0.059141
163688 39 0.046768
174641 42 0.049897
164185 40 0.046910
170168 41 0.048619
167550 40 0.047871
168018 41 0.048005
165103 40 0.047172
170780 41 0.048794
174592 42 0.049883
166657 40 0.047616
162509 39 0.046431
164788 40 0.047082
163714 39 0.046775
165092 40 0.047169
165996 40 0.047427
158298 38 0.045228
164348 40 0.046957
158347 38 0.045242
164272 40 0.046935
164446 40 0.046985
164118 40 0.046891
163797 39 0.046799
164188 40 0.046911
18959334 4628 5.416953
164600 40 0.047029
163497 39 0.046713
168573 41 0.048164
168273 41 0.048078
174460 42 0.049846
167784 40 0.047938
167490 40 0.047854
169645 41 0.048470
166936 40 0.047696
157059 38 0.044874
171813 41 0.049089
164632 40 0.047038
222378 54 0.063537
160735 39 0.045924
178628 43 0.051037
165947 40 0.047413
166974 40 0.047707
168147 41 0.048042
165707 40 0.047345
170915 41 0.048833
165403 40 0.047258
166730 40 0.047637
167980 41 0.047994
166258 40 0.047502
164956 40 0.047130
167058 40 0.047731
175301 42 0.050086
168940 41 0.048269
174251 42 0.049786
176108 42 0.050317
163148 39 0.046614
169551 41 0.048443
153584 37 0.043881
157530 38 0.045009
156782 38 0.044795
163305 39 0.046659
162903 39 0.046544
161300 39 0.046086
165392 40 0.047255
164132 40 0.046895
162414 39 0.046404
160330 39 0.045809
169527 41 0.048436
168210 41 0.048060
166831 40 0.047666
159464 38 0.045561
161706 39 0.046202
163382 39 0.046681
161566 39 0.046162
165798 40 0.047371
164314 40 0.046947
228607 55 0.065316
169624 41 0.048464
168912 41 0.048261
169768 41 0.048505
168636 41 0.048182
170483 41 0.048709
163657 39 0.046759
163954 40 0.046844
170462 41 0.048703
165651 40 0.047329
170601 41 0.048743
168877 41 0.048251
168953 41 0.048272
170964 41 0.048847
162414 39 0.046404
163940 40 0.046840
174941 42 0.049983
169687 41 0.048482
162883 39 0.046538
162816 39 0.046519
163260 39 0.046646
165536 40 0.047296
159880 39 0.045680
161129 39 0.046037
162103 39 0.046315
163598 39 0.046742
163064 39 0.046590
209481 51 0.059852
160895 39 0.045970
213011 52 0.060860
157359 38 0.044960
154195 37 0.044056
162477 39 0.046422
156580 38 0.044737
151891 37 0.043397
157118 38 0.044891
163064 39 0.046590
212135 51 0.060610
160295 39 0.045799
154363 37 0.044104
166601 40 0.047600
169729 41 0.048494
163584 39 0.046738
162080 39 0.046309
216852 52 0.061958
148837 36 0.042525
215151 52 0.061472
161091 39 0.046026
162613 39 0.046461
160679 39 0.045908
161552 39 0.046158
163357 39 0.046673
162135 39 0.046324
160826 39 0.045950
161706 39 0.046202
155397 37 0.044399
154468 37 0.044134
156018 38 0.044577
161503 39 0.046144
160910 39 0.045974
159495 38 0.045570
158026 38 0.045150
170305 41 0.048659
145589 35 0.041597
143321 34 0.040949
151197 36 0.043199
149901 36 0.042829
150121 36 0.042892
148257 36 0.042359
143746 35 0.041070
141187 34 0.040339
175793 42 0.050227
144267 35 0.041219
154639 37 0.044183
154943 37 0.044269
155041 37 0.044297
147011 35 0.042003
155875 38 0.044536
142691 34 0.040769
144193 35 0.041198
152779 37 0.043651
147503 36 0.042144
138244 33 0.039498
139843 34 0.039955
207153 50 0.059187
146344 35 0.041813
144794 35 0.041370
144877 35 0.041393
139431 34 0.039837
142730 34 0.040780
154399 37 0.044114
148560 36 0.042446
143669 35 0.041048
146902 35 0.041972
142178 34 0.040622
143390 35 0.040969
137601 33 0.039315
141767 34 0.040505
191584 46 0.054738
143750 35 0.041071
138516 33 0.039576
188823 46 0.053949
143812 35 0.041089
150442 36 0.042983
144064 35 0.041161
143225 34 0.040921
158011 38 0.045146
143534 35 0.041010
155034 37 0.044295
155366 37 0.044390
154280 37 0.044080
149835 36 0.042810
164101 40 0.046886
152779 37 0.043651
156528 38 0.044722
145540 35 0.041583
151176 36 0.043193
145778 35 0.041651
146822 35 0.041949
153717 37 0.043919
149005 36 0.042573
142852 34 0.040815
143571 35 0.041020
144008 35 0.041145
137880 33 0.039394
142242 34 0.040641
142419 34 0.040691
177850 43 0.050814
138613 33 0.039604
147164 35 0.042047
140587 34 0.040168
141913 34 0.040547
141997 34 0.040571
133063 32 0.038018
140324 34 0.040093
139567 34 0.039876
133911 32 0.038260
132253 32 0.037787
129606 31 0.037030
145373 35 0.041535
149011 36 0.042575
136910 33 0.039117
155585 37 0.044453
154744 37 0.044213
154803 37 0.044229
149964 36 0.042847
151280 36 0.043223
142248 34 0.040642
147873 36 0.042249
137779 33 0.039365
173622 42 0.049606
137420 33 0.039263
138680 33 0.039623
143690 35 0.041054
218038 53 0.062297
145160 35 0.041474
135695 33 0.038770
152781 37 0.043652
156035 38 0.044581
146480 35 0.041851
135957 33 0.038845
143931 35 0.041123
147171 35 0.042049
146040 35 0.041726
148128 36 0.042322
151745 37 0.043356
207344 50 0.059241
146790 35 0.041940
157429 38 0.044980
146700 35 0.041914
145195 35 0.041484
150024 36 0.042864
136020 33 0.038863
145108 35 0.041459
137179 33 0.039194
138105 33 0.039459
133545 32 0.038156
136128 33 0.038894
139613 34 0.039889
143362 35 0.040961
137332 33 0.039238
143893 35 0.041112
145234 35 0.041495
217354 53 0.062101
142150 34 0.040614
137887 33 0.039396
137821 33 0.039377
210260 51 0.060074
150048 36 0.042871
135000 32 0.038571
135008 32 0.038574
135905 33 0.038830
134201 32 0.038343
138282 33 0.039509
143292 34 0.040941
138558 33 0.039588
136701 33 0.039057
217009 52 0.062003
137832 33 0.039381
143372 35 0.040963
136526 33 0.039007
134983 32 0.038567
138248 33 0.039499
143107 34 0.040888
143320 34 0.040949
147921 36 0.042263
142779 34 0.040794
145262 35 0.041503
142559 34 0.040731
180584 44 0.051595
148474 36 0.042421
229382 56 0.065538
153375 37 0.043821
225772 55 0.064506
157959 38 0.045131
156469 38 0.044705
158535 38 0.045296
156775 38 0.044793
153888 37 0.043968
160917 39 0.045976
153794 37 0.043941
168835 41 0.048239
153173 37 0.043764
18726663 4571 5.350475
151972 37 0.043421
153979 37 0.043994
150069 36 0.042877
150264 36 0.042933
149905 36 0.042830
148522 36 0.042435
150967 36 0.043133
151263 36 0.043218
154007 37 0.044002
151165 36 0.043190
151252 36 0.043215
145195 35 0.041484
151092 36 0.043169
224742 54 0.064212
145212 35 0.041489
146145 35 0.041756
150648 36 0.043042
205362 50 0.058675
150704 36 0.043058
148090 36 0.042311
154524 37 0.044150
154126 37 0.044036
146389 35 0.041825
138590 33 0.039597
137231 33 0.039209
145038 35 0.041439
138739 33 0.039640
145325 35 0.041521
138072 33 0.039449
145872 35 0.041678
139148 33 0.039757
147014 35 0.042004
144986 35 0.041425
147325 35 0.042093
144413 35 0.041261
144598 35 0.041314
144584 35 0.041310
142570 34 0.040734
138618 33 0.039605
143882 35 0.041109
147105 35 0.042030
22541602 5503 6.440458
142814 34 0.040804
138921 33 0.039692
135147 32 0.038613
134404 32 0.038401
202349 49 0.057814
146413 35 0.041832
143285 34 0.040939
146504 35 0.041858
143879 35 0.041108
144371 35 0.041249
165658 40 0.047331
144001 35 0.041143
137748 33 0.039357
144483 35 0.041281
137793 33 0.039369
135461 33 0.038703
137776 33 0.039365
137022 33 0.039149
137797 33 0.039371
138641 33 0.039612
137926 33 0.039407
149598 36 0.042742
153347 37 0.043813
148016 36 0.042290
146788 35 0.041939
147496 36 0.042142
145988 35 0.041711
146574 35 0.041878
147859 36 0.042245
146222 35 0.041778
147440 35 0.042126
146710 35 0.041917
146281 35 0.041795
140338 34 0.040097
138516 33 0.039576
139720 34 0.039920
140702 34 0.040201
174404 42 0.049830
145373 35 0.041535
145614 35 0.041604
146435 35 0.041839
146515 35 0.041861
153637 37 0.043896
157331 38 0.044952
150642 36 0.043041
157094 38 0.044884
144692 35 0.041341
146854 35 0.041958
145516 35 0.041576
146301 35 0.041800
151965 37 0.043419
155264 37 0.044361
153711 37 0.043917
155809 38 0.044517
155491 37 0.044426
146166 35 0.041762
154765 37 0.044219
151487 36 0.043282
203456 49 0.058130
157352 38 0.044958
154643 37 0.044184
155480 37 0.044423
148386 36 0.042396
147873 36 0.042249
148407 36 0.042402
148833 36 0.042524
150299 36 0.042943
141347 34 0.040385
138247 33 0.039499
139616 34 0.039890
135702 33 0.038772
146895 35 0.041970
146012 35 0.041718
147401 35 0.042115
150016 36 0.042862
154056 37 0.044016
22294228 5442 6.369779
149605 36 0.042744
151026 36 0.043150
146501 35 0.041857
145072 35 0.041449
157711 38 0.045060
154468 37 0.044134
144748 35 0.041357
154423 37 0.044121
160326 39 0.045807
160215 39 0.045776
159545 38 0.045584
154950 37 0.044271
154021 37 0.044006
152659 37 0.043617
166252 40 0.047501
160896 39 0.045970
168832 41 0.048238
178691 43 0.051055
161626 39 0.046179
160906 39 0.045973
160536 39 0.045867
162938 39 0.046554
162781 39 0.046509
162998 39 0.046571
168245 41 0.048070
164038 40 0.046868
163032 39 0.046581
168224 41 0.048064
175531 42 0.050152
167491 40 0.047855
163256 39 0.046645
163922 40 0.046835
155382 37 0.044395
156095 38 0.044599
155218 37 0.044348
156982 38 0.044852
153818 37 0.043948
156249 38 0.044643
161601 39 0.046172
160023 39 0.045721
161447 39 0.046128
214994 52 0.061427
161014 39 0.046004
165389 40 0.047254
167994 41 0.047998
169066 41 0.048305
171363 41 0.048961
167033 40 0.047724
167145 40 0.047756
168584 41 0.048167
167020 40 0.047720
233474 57 0.066707
216729 52 0.061923
163804 39 0.046801
173943 42 0.049698
168817 41 0.048233
164042 40 0.046869
161566 39 0.046162
165623 40 0.047321
168021 41 0.048006
169673 41 0.048478
163849 40 0.046814
167672 40 0.047906
164614 40 0.047033
167254 40 0.047787
167435 40 0.047839
164677 40 0.047051
173542 42 0.049583
173775 42 0.049650
169519 41 0.048434
165103 40 0.047172
160484 39 0.045853
162229 39 0.046351
177267 43 0.050648
155610 37 0.044460
163259 39 0.046645
229832 56 0.065666
156881 38 0.044823
154416 37 0.044119
155062 37 0.044303
155494 37 0.044427
155763 38 0.044504
155624 37 0.044464
146301 35 0.041800
154165 37 0.044047
153945 37 0.043984
152963 37 0.043704
156839 38 0.044811
160829 39 0.045951
154524 37 0.044150
162732 39 0.046495
161838 39 0.046239
160749 39 0.045928
161639 39 0.046183
186742 45 0.053355
162048 39 0.046299
229707 56 0.065631
161734 39 0.046210
181083 44 0.051738
168038 41 0.048011
224868 54 0.064248
170134 41 0.048610
167976 41 0.047993
169516 41 0.048433
170923 41 0.048835
171477 41 0.048993
167529 40 0.047865
167885 40 0.047967
168158 41 0.048045
168402 41 0.048115
182605 44 0.052173
171007 41 0.048859
164901 40 0.047115
162090 39 0.046311
164028 40 0.046865
165815 40 0.047376
163322 39 0.046663
164318 40 0.046948
163430 39 0.046694
169223 41 0.048349
171656 41 0.049045
169592 41 0.048455
165294 40 0.047227
175262 42 0.050075
162924 39 0.046550
171118 41 0.048891
160595 39 0.045884
234640 57 0.067040
160983 39 0.045995
172781 42 0.049366
161409 39 0.046117
172812 42 0.049375
173758 42 0.049645
170228 41 0.048637
219840 53 0.062811
167696 40 0.047913
167983 41 0.047995
163999 40 0.046857
181872 44 0.051963
174585 42 0.049881
176178 43 0.050337
169341 41 0.048383
174432 42 0.049838
229906 56 0.065687
165029 40 0.047151
168049 41 0.048014
166572 40 0.047592
168134 41 0.048038
167002 40 0.047715
167249 40 0.047785
165923 40 0.047407
160697 39 0.045913
163961 40 0.046846
154038 37 0.044011
158919 38 0.045405
159813 39 0.045661
161287 39 0.046082
160837 39 0.045953
161203 39 0.046058
156748 38 0.044785
154995 37 0.044284
149839 36 0.042811
161636 39 0.046182
147451 35 0.042129
154220 37 0.044063
155016 37 0.044290
154237 37 0.044068
167865 40 0.047961
155924 38 0.044550
149249 36 0.042643
153407 37 0.043831
