596 18
1241 38
1242 38
1242 38
596 18
1241 38
1250 39
1242 38
1242 38
1250 39
1250 39
1250 39
1250 39
1242 38
1242 38
1267 39
1241 38
1250 39
1266 39
1250 39
1242 38
1250 39
1242 38
1242 38
1250 39
1241 38
1241 38
1242 38
1250 39
1250 39
1250 39
1250 39
1242 38
1250 39
1241 38
1242 38
1250 39
1242 38
596 18
1250 39
1242 38
1241 38
1250 39
1242 38
1250 39
1250 39
1242 38
1241 38
1242 38
1267 39
1300 40
1242 38
1242 38
1242 38
1242 38
1241 38
1250 39
1242 38
1250 39
1275 39
1250 39
1250 39
1250 39
1242 38
1242 38
1242 38
1258 39
1250 39
1241 38
1241 38
1242 38
1242 38
1242 38
1250 39
1250 39
1250 39
1250 39
1242 38
1241 38
1241 38
1250 39
1242 38
1250 39
1241 38
1242 38
1241 38
1241 38
1242 38
1242 38
1250 39
1242 38
1242 38
1241 38
1241 38
1242 38
1242 38
1242 38
1250 39
1241 38
580 18
1250 39
1241 38
1241 38
1242 38
1242 38
1242 38
1241 38
1242 38
1242 38
1250 39
1250 39
1275 39
1250 39
1250 39
1250 39
600 18
1242 38
1242 38
1241 38
1241 38
1242 38
1258 39
1250 39
1250 39
1242 38
1242 38
1242 38
1250 39
1250 39
1242 38
1242 38
1242 38
1242 38
1241 38
1241 38
600 18
1217 38
1275 39
1242 38
1250 39
1242 38
1250 39
636 19
1242 38
1241 38
1241 38
1250 39
1242 38
1241 38
1241 38
1241 38
1241 38
1242 38
1242 38
1242 38
1241 38
1241 38
1241 38
1250 39
1250 39
1242 38
1250 39
1241 38
1242 38
1242 38
1250 39
1242 38
1250 39
1242 38
1242 38
1242 38
1242 38
1242 38
1250 39
1242 38
1242 38
1241 38
1241 38
1283 40
1250 39
1266 39
1242 38
1250 39
1242 38
1225 38
1242 38
1242 38
1242 38
1242 38
1250 39
1225 38
1241 38
1241 38
1242 38
1241 38
1250 39
1241 38
1250 39
1267 39
1250 39
1241 38
1242 38
1242 38
1250 39
1242 38
1250 39
1242 38
1250 39
1242 38
1242 38
1250 39
1259 39
1267 39
1242 38
1242 38
1242 38
1250 39
1258 39
1250 39
1241 38
1250 39
1259 39
1241 38
1242 38
1250 39
1242 38
1250 39
1242 38
1242 38
1216 38
1242 38
1259 39
596 18
1241 38
1242 38
1241 38
1250 39
1242 38
1250 39
1241 38
1242 38
1250 39
632 19
1225 38
1242 38
1250 39
1242 38
1241 38
1241 38
1258 39
1241 38
1242 38
1259 39
1250 39
1258 39
1241 38
1242 38
1242 38
1250 39
1250 39
1242 38
1242 38
1241 38
1241 38
1242 38
1242 38
1242 38
1242 38
1242 38
1250 39
1242 38
1242 38
1250 39
1250 39
1242 38
1250 39
1241 38
1250 39
1250 39
1258 39
1250 39
1242 38
1242 38
1250 39
628 19
1242 38
1241 38
1241 38
1242 38
1242 38
1241 38
1225 38
1242 38
1250 39
1259 39
1250 39
1242 38
596 18
1242 38
1250 39
1242 38
1241 38
1242 38
1241 38
1242 38
1241 38
1225 38
1250 39
1241 38
1275 39
1250 39
1258 39
1250 39
1250 39
1242 38
1241 38
1250 39
1250 39
1241 38
1242 38
1241 38
1241 38
1225 38
1225 38
1250 39
1242 38
1250 39
1242 38
1242 38
1241 38
1242 38
1242 38
1242 38
1242 38
1241 38
1242 38
1250 39
1241 38
1250 39
1242 38
1241 38
1250 39
1241 38
1242 38
1242 38
1241 38
600 18
1258 39
1242 38
1250 39
1250 39
1242 38
1241 38
1250 39
1241 38
1250 39
1241 38
1241 38
1242 38
1242 38
1250 39
1258 39
1250 39
1250 39
1250 39
1241 38
1242 38
1250 39
1250 39
1241 38
1250 39
1250 39
1250 39
1242 38
1242 38
1250 39
1242 38
1242 38
1250 39
1250 39
1242 38
1250 39
1241 38
1241 38
1242 38
1250 39
636 19
1334 41
1241 38
1242 38
1242 38
1242 38
1250 39
1242 38
1242 38
1242 38
1250 39
1250 39
1242 38
1241 38
1242 38
1242 38
1250 39
1250 39
1241 38
1241 38
1241 38
1250 39
1250 39
1242 38
1250 39
1242 38
1250 39
596 18
1242 38
1241 38
1250 39
1242 38
1242 38
1250 39
1250 39
1241 38
1242 38
1250 39
1242 38
1242 38
1241 38
1241 38
1250 39
1242 38
1250 39
1250 39
1242 38
1242 38
1250 39
1241 38
1250 39
1250 39
1250 39
1242 38
1250 39
1242 38
1241 38
1250 39
1241 38
1242 38
1242 38
1250 39
1242 38
1250 39
1250 39
1242 38
1242 38
1242 38
1250 39
1250 39
1250 39
1241 38
1241 38
1258 39
1242 38
1242 38
1241 38
1250 39
1242 38
1241 38
1242 38
1225 38
1241 38
1250 39
1250 39
1242 38
1225 38
1241 38
1250 39
1242 38
1250 39
1242 38
1242 38
1242 38
1250 39
1250 39
1250 39
1241 38
1242 38
1242 38
1242 38
1242 38
1241 38
1242 38
1242 38
1242 38
1242 38
1241 38
1242 38
1242 38
1242 38
1250 39
1241 38
1242 38
1242 38
1250 39
1242 38
1250 39
1225 38
1242 38
1241 38
1242 38
1241 38
1250 39
1242 38
1241 38
1250 39
1242 38
1242 38
1250 39
1250 39
1250 39
1250 39
1242 38
1250 39
596 18
1241 38
1242 38
1250 39
1250 39
1242 38
1241 38
1241 38
1241 38
596 18
1250 39
1241 38
1242 38
1258 39
1242 38
1241 38
1241 38
1250 39
1242 38
628 19
1242 38
1242 38
1242 38
1250 39
1242 38
1242 38
1242 38
1250 39
1275 39
1241 38
1242 38
1242 38
1250 39
1250 39
1250 39
1250 39
1242 38
1258 39
1242 38
1242 38
1242 38
1242 38
1250 39
1242 38
1250 39
1242 38
1242 38
1266 39
1242 38
1242 38
628 19
1250 39
1241 38
1250 39
1242 38
1250 39
1233 38
1241 38
1250 39
1225 38
1258 39
600 18
1241 38
1241 38
1241 38
1250 39
1242 38
1250 39
1241 38
1241 38
1242 38
1266 39
1241 38
1242 38
1258 39
1242 38
1242 38
1242 38
1241 38
1242 38
1250 39
1242 38
1250 39
1242 38
1250 39
1241 38
1242 38
1241 38
1242 38
1242 38
1241 38
1241 38
1250 39
1241 38
1241 38
1242 38
1242 38
1258 39
1242 38
1250 39
1241 38
1242 38
1250 39
1250 39
1241 38
1250 39
1250 39
1242 38
1242 38
1242 38
1250 39
1242 38
1242 38
1250 39
1250 39
1250 39
1250 39
1241 38
1250 39
1250 39
1242 38
1242 38
1241 38
1250 39
1242 38
1250 39
1241 38
1250 39
1242 38
1250 39
1241 38
1242 38
1242 38
1250 39
1242 38
1242 38
1250 39
1242 38
1242 38
596 18
1241 38
1250 39
1242 38
1241 38
600 18
1242 38
1242 38
1250 39
1242 38
1241 38
596 18
1242 38
1250 39
1242 38
1241 38
1242 38
1241 38
1250 39
1250 39
1250 39
1300 40
1241 38
1241 38
1242 38
1241 38
1250 39
1250 39
1250 39
1259 39
1258 39
1241 38
1242 38
1242 38
1241 38
1250 39
1250 39
1242 38
1241 38
1242 38
1250 39
1250 39
1258 39
596 18
1242 38
1250 39
1241 38
1250 39
1250 39
1241 38
1241 38
1242 38
632 19
1242 38
1242 38
1250 39
1242 38
1242 38
1242 38
1242 38
1241 38
1241 38
1241 38
1250 39
1242 38
1242 38
1242 38
1241 38
1242 38
1242 38
1242 38
600 18
1250 39
1242 38
1242 38
1241 38
1242 38
1250 39
1242 38
1242 38
1242 38
1242 38
1283 40
1250 39
1241 38
1242 38
1241 38
1242 38
1242 38
1242 38
1242 38
1242 38
1242 38
596 18
1242 38
1250 39
1250 39
1250 39
1242 38
1250 39
596 18
1242 38
1267 39
1241 38
1250 39
1250 39
1242 38
1242 38
1242 38
1242 38
1241 38
1241 38
1250 39
1242 38
1275 39
1250 39
1242 38
1242 38
1225 38
1242 38
1242 38
1241 38
1250 39
1242 38
1250 39
1242 38
1250 39
1242 38
1242 38
1242 38
1225 38
1242 38
1242 38
1242 38
1250 39
1250 39
1242 38
1242 38
1250 39
1241 38
1250 39
1242 38
1241 38
1242 38
1241 38
1242 38
1242 38
1250 39
1250 39
1241 38
1242 38
1241 38
1242 38
1241 38
600 18
1250 39
1241 38
1242 38
1241 38
1242 38
1241 38
1242 38
1241 38
1250 39
1241 38
1242 38
1258 39
1242 38
1242 38
1241 38
1241 38
1242 38
1250 39
1250 39
1242 38
1241 38
1242 38
1250 39
1241 38
1250 39
1242 38
1242 38
1242 38
1250 39
1242 38
1242 38
1250 39
1250 39
1250 39
1250 39
600 18
1242 38
1241 38
1241 38
1242 38
1242 38
1241 38
1250 39
1250 39
1242 38
1242 38
1250 39
1250 39
1250 39
1250 39
1242 38
1250 39
1250 39
1241 38
1216 38
1250 39
1241 38
1242 38
1242 38
1242 38
1242 38
1241 38
1241 38
1258 39
1250 39
1242 38
1250 39
1250 39
1242 38
1241 38
1242 38
1242 38
1242 38
1225 38
1241 38
1250 39
1250 39
1242 38
1250 39
1242 38
1242 38
596 18
1275 39
1242 38
1242 38
1242 38
1242 38
1242 38
1250 39
1241 38
596 18
1242 38
1241 38
1242 38
1250 39
1250 39
1241 38
596 18
1241 38
1241 38
1242 38
1250 39
1241 38
1250 39
1242 38
1250 39
1242 38
1242 38
1250 39
1250 39
1242 38
1242 38
1242 38
1242 38
1242 38
1250 39
1242 38
1241 38
1250 39
1242 38
1242 38
1242 38
1242 38
1242 38
1250 39
1250 39
1242 38
1250 39
1267 39
1241 38
1250 39
1250 39
1242 38
1250 39
1241 38
1241 38
1250 39
1250 39
1241 38
1242 38
1241 38
1250 39
1250 39
1250 39
1241 38
1242 38
1250 39
596 18
1250 39
1242 38
1242 38
1242 38
1250 39
1250 39
1242 38
1250 39
1242 38
1242 38
1242 38
1242 38
1259 39
1242 38
596 18
632 19
1242 38
1250 39
1241 38
1250 39
1242 38
1242 38
1242 38
1242 38
1242 38
596 18
1250 39
1241 38
1266 39
1241 38
1241 38
1242 38
1242 38
1242 38
1250 39
1250 39
1242 38
