1735250 105
1647766 100
1648842 100
1647533 100
1647709 100
1647566 100
1710200 104
1648350 100
1648442 100
1647400 100
1496800 91
1568700 95
1543442 94
1702509 103
1657308 101
1624141 99
1647625 100
1647484 100
1647433 100
1648617 100
1647391 100
1647634 100
1722175 105
1648491 100
1508431 92
1514550 92
1507091 91
1658442 101
1647617 100
1648116 100
1718584 104
1224459 74
1028972 62
1713000 104
1647267 100
1648142 100
1647491 100
1648441 100
1647650 100
1506183 91
1507109 91
1648617 100
1649550 100
1647609 100
1648200 100
1647233 100
1647709 100
1647542 100
1647883 100
1647459 100
1657108 101
1647542 100
1648641 100
1647675 100
1730808 105
1647483 100
1647600 100
1647717 100
1648634 100
1647359 100
1647500 100
1647658 100
1169816 71
1647992 100
1656066 101
1835725 112
1657700 101
1648184 100
1648242 100
1647758 100
1647875 100
1648008 100
1647759 100
1647625 100
1648650 100
1728067 105
1647350 100
1648650 100
1647933 100
1648409 100
1647367 100
1648142 100
1649483 100
1647317 100
1516533 92
1648442 100
1647908 100
1713591 104
1647416 100
1647334 100
1647892 100
1647475 100
1657866 101
1644774 100
1648642 100
1648375 100
1648259 100
1648458 100
1567083 95
1458625 89
1595409 97
1647317 100
1647325 100
1647725 100
1657042 101
1647267 100
1708800 104
1647616 100
1648334 100
1648425 100
1648709 100
1648850 100
1648392 100
1648317 100
1648033 100
1648116 100
1648550 100
1656666 101
1660461 101
1647592 100
1648450 100
1648441 100
1648308 100
1647625 100
1647566 100
1647558 100
1647559 100
1647933 100
1649025 100
1659534 101
1648225 100
1647333 100
1647358 100
1647608 100
1648750 100
1724442 105
1648666 100
1647316 100
1647808 100
1647858 100
1648192 100
1659083 101
1647383 100
1647317 100
1648433 100
1647709 100
1648484 100
1648583 100
1647042 100
1648409 100
1647317 100
1648284 100
1648241 100
1647783 100
1647467 100
1648650 100
1647825 100
1865583 113
1647942 100
1648025 100
1825617 111
1647475 100
1647358 100
1648216 100
1647592 100
1648483 100
1648817 100
1714209 104
1647550 100
1648483 100
1699725 103
1648558 100
1647725 100
1458892 89
1712583 104
1648375 100
1647608 100
1647483 100
1694217 103
1647466 100
1647825 100
1647950 100
1647492 100
1647592 100
1715458 104
1648017 100
1648517 100
1647383 100
1658317 101
1647558 100
1647442 100
1647383 100
1648400 100
1647958 100
1714500 104
1648609 100
1649309 100
1648733 100
1647384 100
1647809 100
1647650 100
1714716 104
1647833 100
1634225 99
1562250 95
1648425 100
1657075 101
1648825 100
1647758 100
1672625 102
1647366 100
1648225 100
1648367 100
1647583 100
1647483 100
1647792 100
1712150 104
1648500 100
1648433 100
1647567 100
1647941 100
1719584 104
1647500 100
1647416 100
1648908 100
1648283 100
1647483 100
1716133 104
1647875 100
1647684 100
1720491 105
1648375 100
1648525 100
1648317 100
1658684 101
1648575 100
1648750 100
1648017 100
1712284 104
1649233 100
1658325 101
1648925 100
1710659 104
1648492 100
1647467 100
1648384 100
1647425 100
1647308 100
1657725 101
1648825 100
1648559 100
1648141 100
1647434 100
1648817 100
1731700 105
1648317 100
1648308 100
1647200 100
1647650 100
1649567 100
1647550 100
1714725 104
1647258 100
1648708 100
1551242 94
1648492 100
1647858 100
1647416 100
1647750 100
1710659 104
1647500 100
1647525 100
1595769 97
1648642 100
1648533 100
1647517 100
1648892 100
1647567 100
1647283 100
1648375 100
1647567 100
1657442 101
1648483 100
1647692 100
1647866 100
1721667 105
1647609 100
1648000 100
1648267 100
1552642 94
1647517 100
1073308 65
1647709 100
1704734 104
1646909 100
1710808 104
1712267 104
1648366 100
1648392 100
1648350 100
1647425 100
1647233 100
1647375 100
1029572 62
1658033 101
1647842 100
1648458 100
1647758 100
1713275 104
1648317 100
1648200 100
1149238 70
1647550 100
1648183 100
1542308 94
1648275 100
1648025 100
1648250 100
1656158 101
1658300 101
1627467 99
1648817 100
1648409 100
1648525 100
1647650 100
1647991 100
1648341 100
1647733 100
1648634 100
1648516 100
1648567 100
1648900 100
1647775 100
1719283 104
1647859 100
1647316 100
1648275 100
1648092 100
1647792 100
1553708 94
1590708 97
1648500 100
1680910 102
1731225 105
1657117 101
1647558 100
1657958 101
1648525 100
1647625 100
1647492 100
1824759 111
1648816 100
1078284 65
1506059 91
1648833 100
1647308 100
1647708 100
1824317 111
1648584 100
1658991 101
1648392 100
1647658 100
1647475 100
1655858 101
1711625 104
1648283 100
1648175 100
1648366 100
1648550 100
1647625 100
1647559 100
1655878 101
1713917 104
1030500 62
1647384 100
1648325 100
1648259 100
1709050 104
1614678 98
1647233 100
1648300 100
1647592 100
1648659 100
1029144 62
1529309 93
1657484 101
1647808 100
1711409 104
1648634 100
1647766 100
1648883 100
1647492 100
1647642 100
1647533 100
1720708 105
1648683 100
1647392 100
1605558 97
1657583 101
1624357 99
1710975 104
1648525 100
1648525 100
1604725 97
1342571 81
1733517 105
1647658 100
1647517 100
1648183 100
1648534 100
1647516 100
1648016 100
1730725 105
1647533 100
1648467 100
1647709 100
1648392 100
1647458 100
1462220 89
1647783 100
1648108 100
1648625 100
1648683 100
1733275 105
1658591 101
1648316 100
1648592 100
1647941 100
1608367 98
1585966 96
1752458 106
1648441 100
1648259 100
1648525 100
1647183 100
1727508 105
1647617 100
1648616 100
1648075 100
1647458 100
1716150 104
1625992 99
1648592 100
1473709 89
1593462 97
1657133 101
1647833 100
1648317 100
1647408 100
1648325 100
1647567 100
1649725 100
1718325 104
1647908 100
1647417 100
1648484 100
1648359 100
1657608 101
1647667 100
1687682 103
1602052 97
1647734 100
1648225 100
1648575 100
1649375 100
1647492 100
1714975 104
1648791 100
1623692 99
1647317 100
1647675 100
1729217 105
1606334 98
1648342 100
1500624 91
1648145 100
1647950 100
1647950 100
1732900 105
1647758 100
1648208 100
1647275 100
1657234 101
1647683 100
1648834 100
1719116 104
1658650 101
1647784 100
1648459 100
1501609 91
1652743 100
1648475 100
1647433 100
1648459 100
1647475 100
1647658 100
1686592 102
1723442 105
1647100 100
1647184 100
1712508 104
1721200 105
1647409 100
1647341 100
1711375 104
1621919 98
1648591 100
1648633 100
1647433 100
1671050 101
1647767 100
1648659 100
1658733 101
1647275 100
1648459 100
1647583 100
1720966 105
1647834 100
1648541 100
1863075 113
1648250 100
1603608 97
1475833 90
1485733 90
1556966 95
1647684 100
1647516 100
1648383 100
1657391 101
1647717 100
1748608 106
1648283 100
1648566 100
1706442 104
1648766 100
1722958 105
1648000 100
1648617 100
1656659 101
1647675 100
1648559 100
1647441 100
1648575 100
1647633 100
1111167 67
1647775 100
1648392 100
1648325 100
1648709 100
1648350 100
1648283 100
1647733 100
1647400 100
1647841 100
1647658 100
1648692 100
1648608 100
1648300 100
1647634 100
1647759 100
1658617 101
1647817 100
1647467 100
1648525 100
1647458 100
1648591 100
1648459 100
1648716 100
1443317 88
1647525 100
1647867 100
1726150 105
1648592 100
1648125 100
1658584 101
1648242 100
1648717 100
1647650 100
1709967 104
1648375 100
1658492 101
1648666 100
1648542 100
1647625 100
1722042 105
1606716 98
1648542 100
1647750 100
1657600 101
1607192 98
1647683 100
1647083 100
1647525 100
1648125 100
1647808 100
1647708 100
1712375 104
1648383 100
1648750 100
1647500 100
1647608 100
1647742 100
1648600 100
1647309 100
1647659 100
1718708 104
1648566 100
1648400 100
1648308 100
1648275 100
1647525 100
1647483 100
1656925 101
1711675 104
1647550 100
1647683 100
1649683 100
1648583 100
1647708 100
1647908 100
1648583 100
1648475 100
1584706 96
1647892 100
1647500 100
1647883 100
1835958 112
1648408 100
1648658 100
1647550 100
1648450 100
1647633 100
1648608 100
1711842 104
1647700 100
1647300 100
1606608 98
1647483 100
1647509 100
1506258 91
1689163 103
1647475 100
1648666 100
1647633 100
1647633 100
1647917 100
1715608 104
1648375 100
1647541 100
1648425 100
1647550 100
1648416 100
1647591 100
1647666 100
1512128 92
1596779 97
1647650 100
1647400 100
1647384 100
1599842 97
1647675 100
1647650 100
1648259 100
1648825 100
1648491 100
1542517 94
1730008 105
1647659 100
1648500 100
1647533 100
1664800 101
1607925 98
1647617 100
1647775 100
1647450 100
1649058 100
1648683 100
1648225 100
1647809 100
1029964 62
1029764 62
1648650 100
1647400 100
1647308 100
1647841 100
1712334 104
1730142 105
1647625 100
1647758 100
1648509 100
1647642 100
1649200 100
1647592 100
1713183 104
1230866 75
1647142 100
1647817 100
1648525 100
1721166 105
1625142 99
1647791 100
1647325 100
1647742 100
1648550 100
1648075 100
1623950 99
1534279 93
1647417 100
1647600 100
1647834 100
1833183 111
1647542 100
1647217 100
1647459 100
1648567 100
1647692 100
1647558 100
1721842 105
1647792 100
1648300 100
1647375 100
1657375 101
1647500 100
1767350 107
1648592 100
1648450 100
1648317 100
1648334 100
1648416 100
1731483 105
1648442 100
1648250 100
1648633 100
1647558 100
1647517 100
1647850 100
1648475 100
1500900 91
1648950 100
1647592 100
1647525 100
1657559 101
1674409 102
1648450 100
1648900 100
1648350 100
1740358 106
1647750 100
1647533 100
1648608 100
1647550 100
1614822 98
1612559 98
1715434 104
1648658 100
1623583 99
1648258 100
1647134 100
1648292 100
1657750 101
1648625 100
1648500 100
1648234 100
1647766 100
1721825 105
1647966 100
1647508 100
1603753 97
1276525 77
1657516 101
1647583 100
1647900 100
2173025 132
1647742 100
1648483 100
1658375 101
1700483 103
1647566 100
1647892 100
1648141 100
1720800 105
1648467 100
1647750 100
1648750 100
1648583 100
1647791 100
1647825 100
1633410 99
1830159 111
1648775 100
1647883 100
1616067 98
1647525 100
1647891 100
1648867 100
1720650 105
1648709 100
1648559 100
1604408 97
1648158 100
1478008 90
1572436 95
1720709 105
1647567 100
1647766 100
1648600 100
1647733 100
1648008 100
1648516 100
1647791 100
1829400 111
1647516 100
1647441 100
1649208 100
1648933 100
1647425 100
1656942 101
1712350 104
1648533 100
1648209 100
1647358 100
1647608 100
1647400 100
1701558 103
1715216 104
1647667 100
1589929 97
1647767 100
1648008 100
1647742 100
1647875 100
1657358 101
1712759 104
1647383 100
1647450 100
1647316 100
1647941 100
1647634 100
1724625 105
1647241 100
1649433 100
1648800 100
1648609 100
1647942 100
1647942 100
1725391 105
1644254 100
1649058 100
1658075 101
1647858 100
1647725 100
1712700 104
1648567 100
1388235 84
1648434 100
1647350 100
1647967 100
1724833 105
1647525 100
1657684 101
1647567 100
1647700 100
1720283 104
1648508 100
1648650 100
1647316 100
1647791 100
1647784 100
1648358 100
1714133 104
1648766 100
1648575 100
1657825 101
1647625 100
1647333 100
1647700 100
1648017 100
1828475 111
1648541 100
1647267 100
1648533 100
1648041 100
1648141 100
1647783 100
1647892 100
1720200 104
1029388 62
1657691 101
1647508 100
1648925 100
1647767 100
1648234 100
1647591 100
1647358 100
1647383 100
1648283 100
1647367 100
1647300 100
1714408 104
1648200 100
1648567 100
1649050 100
1667334 101
1647325 100
1647333 100
1648567 100
1647725 100
1647725 100
1647425 100
1647500 100
1647333 100
1648700 100
1647242 100
1522926 92
1647234 100
1647400 100
1649109 100
1648359 100
1647691 100
1647509 100
1722650 105
1647725 100
1647284 100
1648458 100
1648508 100
1647608 100
1647833 100
1709742 104
1648417 100
1647425 100
1505550 91
1515900 92
1647667 100
1647466 100
1648134 100
1722216 105
1648716 100
1648342 100
1648358 100
1606733 98
1647600 100
1647800 100
1723034 105
1659067 101
1554050 94
1647791 100
1648517 100
1647450 100
1648734 100
1767200 107
1647317 100
1647525 100
1647716 100
1648584 100
1647450 100
1712500 104
1647633 100
1647542 100
1648483 100
1648342 100
1647667 100
1713267 104
1648450 100
1648933 100
1647725 100
1647916 100
1721442 105
1648592 100
1648592 100
1647666 100
1648650 100
1647941 100
1647825 100
1823750 111
1648634 100
1648566 100
1648700 100
1648550 100
1657366 101
1647709 100
1647633 100
1648450 100
1648558 100
1648359 100
1647959 100
1648292 100
1647716 100
1648983 100
1712508 104
1648716 100
1647733 100
1648483 100
1647092 100
1647783 100
1647833 100
1648658 100
1648333 100
1645214 100
1486367 90
1576413 96
