35984367 183
36212142 184
37403750 190
37278283 189
36828350 187
36430142 185
35720217 181
36852034 187
38211983 194
38671091 196
36941967 187
38446383 195
36807134 187
38375083 195
37740225 191
37533300 190
36461258 185
36032442 183
35980883 183
37535000 190
37126308 188
37826583 192
37430375 190
37894250 192
38313191 194
37490917 190
38257534 194
36569358 186
36877750 187
36519867 185
36639034 186
36570467 186
37719150 191
35937300 182
36374966 185
36875808 187
36490309 185
36487425 185
36365375 184
37687425 191
36702167 186
38316141 194
36198991 184
36901875 187
37503983 190
37730692 191
37461000 190
36848542 187
36989325 188
36268100 184
40485092 205
37092267 188
37633933 191
36864325 187
38354958 195
37798209 192
38093200 193
37579000 191
38019342 193
36847050 187
37184525 189
37323600 189
38166792 194
36702816 186
36532850 185
37354350 189
36376492 185
36418475 185
38398366 195
37383650 190
37017658 188
37619992 191
37973909 193
37741258 191
37112442 188
37417942 190
38514400 195
38452375 195
37304742 189
36638775 186
37320133 189
36612092 186
36618567 186
36825050 187
35588000 181
35975291 182
37029559 188
38294833 194
36302667 184
36010725 183
38163792 194
36855909 187
36589484 186
38408750 195
37543450 190
37006866 188
36908942 187
35841942 182
35801425 182
36094733 183
36122834 183
36427716 185
36344308 184
37680859 191
37658741 191
37558325 191
37004025 188
37756083 192
37870442 192
37482583 190
37117483 188
38239275 194
37341250 189
36214383 184
37506767 190
36458366 185
37279892 189
36339725 184
37537716 190
42497917 216
36627958 186
37460334 190
37258308 189
38056625 193
36684809 186
37742759 191
37528450 190
37571200 191
37656600 191
37077533 188
37540516 190
35889208 182
36566125 185
36774533 187
35793883 182
35698517 181
37037391 188
36322792 184
37147908 188
36284125 184
38047300 193
36556625 185
37720008 191
37313375 189
37409475 190
36383483 185
39065559 198
36146425 183
37850984 192
37899367 192
36856742 187
37083234 188
37163692 189
37404867 190
37349700 189
37812417 192
37744158 191
38111850 193
35973200 182
37643208 191
37212584 189
37064808 188
36806575 187
37062500 188
36994533 188
37856350 192
37260125 189
36939625 187
37068559 188
37042033 188
37041808 188
37145375 188
36974892 188
37908725 192
37650441 191
38563458 196
38519000 195
37057475 188
37093942 188
37542392 190
37007341 188
37265542 189
36652408 186
37008792 188
37654350 191
37057442 188
36922359 187
38171141 194
43114450 219
38914808 197
40040441 203
37905634 192
38437466 195
37832017 192
37905791 192
37467592 190
38076783 193
36885117 187
37337992 189
37117659 188
36095150 183
37053917 188
37427358 190
36770816 187
36690133 186
36185884 184
38121100 193
36925625 187
37503350 190
37363433 190
37539075 190
36386542 185
36669116 186
35743075 181
36038625 183
37107466 188
37156583 188
37708250 191
36674716 186
35530550 180
35461092 180
35517767 180
37902934 192
35980266 183
36349959 184
36929441 187
36746492 186
36332192 184
37289183 189
37719375 191
37966733 193
37282059 189
36205117 184
37103583 188
37436792 190
36360967 184
36513942 185
36737308 186
35983191 183
36337025 184
36598075 186
37308991 189
37956016 193
36301517 184
36588800 186
36841750 187
36444542 185
36424658 185
37000075 188
37586967 191
36884600 187
36652433 186
36707358 186
36696583 186
36893392 187
36178659 184
41618483 211
37016492 188
37685508 191
36182000 184
36307700 184
36708091 186
36272717 184
36834642 187
37052641 188
37641925 191
37990975 193
37514917 190
37827400 192
37612200 191
38081592 193
38110550 193
38281966 194
38203883 194
38302841 194
38142700 194
37427900 190
37440616 190
36800300 187
36884850 187
36746016 186
36690625 186
37781541 192
37318175 189
40731984 207
37844717 192
37840025 192
37515075 190
37353292 189
37816809 192
37310375 189
38596625 196
37000425 188
38029900 193
37906717 192
37341425 189
36219616 184
37947292 193
37741275 191
38419017 195
38021317 193
36531550 185
36464492 185
37128158 188
36783483 187
38394308 195
37257842 189
36739625 186
37424533 190
37764000 192
37812783 192
38479784 195
37896125 192
38151917 194
37492433 190
36604391 186
37574134 191
37836241 192
37099042 188
37737183 191
37832475 192
37224125 189
36505350 185
37261341 189
37559733 191
39441675 200
36825008 187
37226591 189
37442025 190
36615783 186
37320541 189
37529550 190
37841525 192
37274742 189
37481350 190
37378517 190
36918650 187
37951533 193
37100441 188
38252208 194
38264008 194
37019542 188
37376300 190
38290000 194
37027891 188
37119600 188
36583775 186
36501583 185
37644275 191
37753942 192
36578800 186
37134242 188
37556850 191
40088892 203
37696816 191
37153967 188
37371100 190
36728850 186
36533600 185
37261158 189
38648750 196
36712550 186
36157350 183
37561859 191
36906692 187
36061150 183
36719567 186
36535908 185
38092342 193
36027616 183
36719717 186
37133267 188
37007442 188
37249383 189
36806984 187
36248184 184
36666033 186
36849934 187
37864517 192
37078708 188
38379133 195
36373466 185
38168009 194
37478975 190
36296692 184
36744758 186
37250658 189
38278584 194
37344333 189
37230734 189
37829292 192
37623100 191
37302684 189
37925858 192
38400809 195
36103525 183
39028967 198
37166192 189
37234333 189
38200542 194
39152992 199
37965392 193
37085459 188
37234717 189
37735758 191
37543892 190
37224450 189
36744741 186
37758825 192
37906917 192
37381300 190
37192825 189
37701192 191
37144017 188
37143600 188
37224066 189
37293792 189
37242567 189
37573341 191
37480617 190
36373725 185
37267441 189
39645525 201
37287975 189
36736450 186
36171433 183
36822000 187
36490125 185
37266383 189
37930850 192
37388200 190
37131650 188
37505808 190
37351291 189
37650400 191
38286958 194
39079708 198
38173991 194
37576400 191
36810417 187
36680492 186
36671942 186
38195058 194
37121116 188
37507559 190
38919450 197
37998433 193
37874233 192
37388292 190
38368842 195
37572842 191
38738209 197
38497684 195
36939475 187
37483475 190
37369591 190
37971283 193
38118284 193
38321684 194
38218983 194
37208675 189
37297500 189
36790317 187
36574416 186
37736525 191
37676492 191
38045384 193
38031542 193
37843908 192
36559875 185
37066667 188
37551642 190
38396225 195
37773617 192
38207892 194
38004884 193
36746116 186
36583766 186
38102634 193
36974150 188
37914150 192
38445667 195
38457450 195
37906583 192
38459058 195
37221042 189
38213758 194
38607792 196
37998308 193
37390825 190
37790267 192
37982250 193
41138525 209
36306692 184
37109534 188
36227300 184
35677492 181
36740783 186
37279542 189
38733142 197
38402942 195
37319083 189
38611716 196
37447817 190
38364275 195
37913250 192
38038825 193
36331942 184
36425375 185
37703683 191
37624225 191
35531184 180
36711700 186
36013016 183
37196025 189
38897041 197
38224175 194
37607717 191
36342391 184
37211759 189
36229283 184
36226092 184
36742700 186
35820583 182
36398133 185
35875008 182
37130717 188
38412300 195
38998442 198
37536666 190
38592484 196
38416475 195
37072825 188
41047467 208
37465750 190
37988367 193
37606233 191
37399892 190
37841983 192
37127117 188
36694075 186
36895350 187
37031366 188
37488308 190
38265792 194
37219442 189
36859159 187
37307650 189
36980975 188
37112991 188
37765017 192
37649742 191
36952917 187
38514542 195
36858175 187
36460817 185
37185191 189
36936800 187
37565684 191
36566275 185
40166609 204
37516108 190
35682633 181
36636975 186
37393050 190
37486375 190
36577842 186
37445075 190
36811583 187
37686566 191
38090292 193
37765766 192
37481242 190
39202092 199
38493983 195
38157158 194
38729642 196
38003150 193
37319533 189
37646975 191
37009108 188
37994133 193
38126600 193
37594708 191
38767725 197
37748542 191
37872800 192
37487208 190
39005809 198
37608091 191
37589750 191
38151608 194
37450792 190
38034025 193
39272567 199
38080708 193
38884008 197
38519900 195
37967425 193
38632217 196
38368783 195
38070983 193
42285600 215
38078400 193
36868950 187
38301083 194
39025358 198
37525083 190
37287008 189
37957991 193
38662192 196
37451792 190
36986500 188
37296458 189
38269725 194
38795683 197
37290567 189
36714033 186
37931092 192
37927883 192
37938417 192
36827167 187
36603875 186
37564267 191
36682858 186
37158934 189
36743450 186
37621450 191
37743491 191
38449008 195
36644600 186
37302250 189
40494358 205
37664441 191
37131517 188
37355300 189
37990066 193
36987842 188
37595841 191
37422517 190
37432950 190
36987884 188
38836342 197
36461325 185
37171908 189
36803866 187
38477483 195
37837434 192
37762184 192
38637709 196
37000092 188
37096575 188
37353242 189
36923009 187
37910650 192
37868416 192
38995425 198
38390450 195
37013459 188
38266158 194
37520558 190
37462492 190
37402025 190
37721375 191
37764908 192
36652116 186
37682883 191
37568075 191
37978083 193
36655966 186
41627075 211
37077800 188
36941758 187
37047733 188
37942600 192
36728891 186
37425925 190
37526492 190
37155300 188
37322575 189
37868942 192
37066408 188
37738325 191
37693083 191
38484392 195
38094750 193
37012850 188
37421058 190
37356758 190
37135192 188
36551134 185
37598491 191
36840867 187
36957100 187
36881883 187
37455650 190
37773758 192
36204641 184
38219867 194
36887416 187
36787517 187
38170042 194
38012309 193
37834316 192
37965591 193
37695542 191
36945983 187
37872942 192
36673325 186
38162508 194
37579700 191
38408067 195
39342000 200
37437850 190
38321475 194
37597900 191
38395416 195
38181675 194
36892683 187
38352617 195
37681333 191
38323250 194
37691750 191
36909459 187
37921917 192
39862650 202
37313375 189
36867958 187
38997417 198
38162850 194
38040125 193
37609525 191
38096825 193
38550775 196
37588350 191
37721659 191
37826909 192
36876508 187
37583975 191
39099433 198
37759708 192
37133483 188
38768875 197
37732933 191
37346883 189
37584383 191
37004292 188
38265342 194
38553100 196
37822408 192
37499059 190
38486791 195
38664892 196
38117925 193
37868817 192
37003467 188
38465416 195
36550284 185
37974192 193
37751550 192
37363483 190
37007159 188
37325508 189
37074408 188
37519408 190
36649925 186
38059325 193
39392583 200
37352933 189
36958783 187
39006967 198
37834000 192
36941141 187
37686575 191
37792567 192
37604825 191
37051283 188
37163658 189
37574450 191
37067084 188
38967392 198
39193442 199
38088759 193
37128617 188
38221000 194
37068433 188
37645950 191
37073833 188
37592375 191
38087283 193
37781167 192
36795833 187
38082125 193
38191041 194
38898850 197
37956042 193
39591500 201
38268866 194
38070283 193
38282808 194
36803750 187
37831342 192
38069283 193
38689325 196
37830725 192
36988541 188
37978883 193
39512783 200
37554175 191
47026159 239
37617400 191
37642734 191
41580292 211
38516042 195
37665909 191
38242341 194
36492625 185
36957792 187
37621117 191
38158833 194
38609308 196
37887708 192
38009442 193
37320242 189
36286175 184
38370991 195
37055484 188
37546734 190
37404600 190
36783292 187
37148475 188
37670141 191
37731817 191
36626941 186
37645325 191
38733317 197
40342875 205
37945383 193
37413066 190
38257983 194
36699975 186
37226925 189
37819367 192
37549050 190
37291667 189
37875875 192
37307766 189
37330492 189
37668525 191
39777208 202
36629550 186
36598175 186
36920583 187
37077425 188
37090083 188
36803783 187
37980483 193
37169600 189
38030533 193
37163809 189
38014350 193
38028942 193
38329967 194
38457184 195
37942275 192
37537567 190
37659534 191
38660383 196
36824484 187
36033592 183
37917733 192
37374375 190
36898283 187
37457008 190
37920991 192
37496425 190
39007658 198
39648758 201
47100092 239
38462700 195
37680575 191
37752025 192
39407175 200
36980050 188
37769600 192
36952075 187
36952341 187
37728775 191
37484617 190
37107058 188
39311791 199
39509042 200
38866675 197
37941192 192
37733692 191
37386934 190
38019417 193
37360666 190
36349134 184
36806975 187
37072234 188
36850258 187
37364183 190
37418242 190
36995533 188
37254750 189
37036566 188
40185658 204
37635941 191
38694134 196
37486417 190
37668158 191
37864675 192
37495900 190
37502758 190
38434650 195
31340065 159
37514208 190
36964150 188
37139842 188
38515083 195
36725033 186
38156734 194
36723642 186
38008858 193
36674642 186
36514450 185
37862317 192
38454583 195
37575650 191
37430008 190
37462575 190
37814258 192
36343000 184
36706266 186
36324942 184
37218558 189
37831267 192
37397384 190
37317192 189
36981183 188
37790716 192
37321883 189
37499225 190
37645158 191
38169450 194
38425359 195
46847883 238
37302375 189
37223450 189
36300692 184
40495483 205
36833375 187
38255692 194
37396275 190
37244583 189
37801675 192
36346925 184
38158600 194
37514641 190
38380775 195
37373575 190
37121017 188
37430867 190
37490125 190
37160766 189
37180492 189
37063800 188
38838058 197
37365208 190
37764758 192
37438858 190
37266575 189
36504159 185
38122917 193
37336417 189
37211459 189
37331200 189
38054608 193
36957933 187
37318875 189
38753417 197
37893266 192
37561050 191
39177425 199
37144458 188
38137200 193
40213742 204
38061200 193
36537859 185
36180100 184
36872800 187
37083625 188
37482692 190
36943358 187
36881250 187
35846700 182
36946609 187
37006875 188
36907250 187
