90358 44
43348 21
89692 43
90308 44
90150 44
90267 44
91192 44
90359 44
90159 44
90042 43
91058 44
152508 74
90941 44
89875 43
102125 49
89666 43
106942 52
43240 21
106541 52
89767 43
100266 48
90150 44
89700 43
101525 49
90575 44
101292 49
102483 50
101516 49
101042 49
101200 49
90441 44
90558 44
91000 44
90433 44
90225 44
90250 44
89809 43
101825 49
89675 43
89758 43
90500 44
91041 44
89775 43
90158 44
90825 44
90350 44
89950 43
89508 43
89850 43
89600 43
89908 43
89684 43
89925 43
89867 43
90033 43
91217 44
89492 43
90192 44
90541 44
101800 49
90767 44
90117 44
90050 43
90075 43
90600 44
105608 51
100633 49
105800 51
91133 44
90666 44
89917 43
89750 43
90984 44
90309 44
90975 44
90075 43
90100 43
105217 51
91084 44
104825 51
90525 44
89719 43
116375 56
90591 44
91259 44
90983 44
90167 44
89683 43
90500 44
90117 44
90217 44
90567 44
89667 43
90042 43
90158 44
89834 43
91342 44
89691 43
43216 21
90208 44
90292 44
90400 44
90617 44
43180 21
89792 43
90883 44
90425 44
89691 43
101466 49
90167 44
91033 44
90191 44
96567 47
90250 44
91717 44
90884 44
100233 48
89992 43
101258 49
101767 49
89959 43
90842 44
89950 43
90184 44
90558 44
90242 44
90059 43
91008 44
89700 43
90417 44
90016 43
90558 44
89692 43
164667 80
90083 43
89675 43
89500 43
89708 43
89883 43
89692 43
89758 43
89975 43
90725 44
89933 43
91400 44
89858 43
90384 44
89975 43
91200 44
90000 43
89775 43
43372 21
89892 43
90008 43
90142 44
89691 43
90100 43
89825 43
90158 44
77445 37
90334 44
89758 43
90717 44
89950 43
90092 43
90642 44
89650 43
89441 43
90217 44
89750 43
90117 44
89416 43
89650 43
89867 43
89983 43
90059 43
90125 44
90800 44
89642 43
89942 43
89825 43
89892 43
89875 43
90475 44
90466 44
90000 43
89908 43
43212 21
90125 44
90384 44
89875 43
90783 44
90084 43
89825 43
89859 43
90317 44
89542 43
89558 43
90416 44
90125 44
89650 43
89800 43
90092 43
89667 43
90425 44
89650 43
89625 43
89800 43
91325 44
90025 43
43692 21
90133 44
90083 43
90008 43
90291 44
56169 27
90158 44
90292 44
90192 44
90700 44
90525 44
90417 44
90584 44
90300 44
89575 43
90983 44
91017 44
90225 44
90275 44
89734 43
100908 49
91534 44
90600 44
89942 43
100842 49
89708 43
90467 44
101367 49
90183 44
89841 43
89683 43
90284 44
89600 43
90425 44
89917 43
67373 32
90475 44
90425 44
90358 44
89692 43
90183 44
90850 44
90341 44
89908 43
105325 51
89842 43
90067 43
90408 44
90517 44
89891 43
92575 45
90600 44
89600 43
90150 44
89784 43
91025 44
90783 44
90558 44
90808 44
89783 43
104350 50
90317 44
90417 44
90717 44
89758 43
89892 43
102025 49
90109 43
90234 44
90791 44
89866 43
89816 43
90008 43
90550 44
90125 44
90067 43
89984 43
90158 44
89967 43
90275 44
90050 43
91100 44
90333 44
89617 43
90983 44
89750 43
89683 43
90433 44
101958 49
90450 44
90092 43
90091 43
104908 51
90359 44
89825 43
90908 44
90742 44
91033 44
90408 44
48184 23
106025 51
90617 44
90250 44
89950 43
90616 44
90325 44
101108 49
89883 43
100966 49
91375 44
89966 43
107750 52
91109 44
89941 43
91142 44
90325 44
90150 44
89900 43
90117 44
102200 49
90159 44
90467 44
90034 43
89891 43
90150 44
102150 49
43240 21
105350 51
89891 43
105325 51
90033 43
92367 45
89867 43
104892 51
90467 44
105250 51
89992 43
101759 49
89725 43
90692 44
90166 44
89775 43
89958 43
90684 44
90017 43
90525 44
89808 43
89800 43
91275 44
89691 43
90608 44
90017 43
89916 43
90425 44
90542 44
90358 44
90066 43
90425 44
90867 44
90125 44
90033 43
90616 44
90350 44
89709 43
90817 44
90775 44
89792 43
90100 43
90733 44
89950 43
90350 44
90150 44
90042 43
90008 43
90475 44
90541 44
90150 44
102117 49
91759 44
89691 43
100841 49
89658 43
90692 44
90283 44
89566 43
90033 43
89600 43
89867 43
89667 43
90458 44
90659 44
98650 48
89891 43
89900 43
90350 44
90192 44
90825 44
90734 44
89816 43
104866 51
90017 43
107250 52
90150 44
105575 51
90366 44
90025 43
90758 44
90784 44
90917 44
90042 43
100842 49
90400 44
101542 49
183675 89
100525 49
90400 44
90541 44
89575 43
100867 49
89983 43
91058 44
100667 49
90317 44
90150 44
89550 43
89825 43
43604 21
89934 43
91133 44
90242 44
89691 43
89575 43
90950 44
90484 44
90550 44
89792 43
89967 43
91241 44
90408 44
89758 43
90808 44
89766 43
89784 43
90408 44
91058 44
90175 44
89817 43
89758 43
141859 69
91283 44
90725 44
194683 95
89934 43
90092 43
90458 44
90683 44
90825 44
90075 43
90192 44
90125 44
89866 43
90750 44
90383 44
90275 44
89908 43
89659 43
90025 43
90342 44
91025 44
90516 44
89809 43
90033 43
102284 49
102133 49
101650 49
104258 50
101341 49
89992 43
89883 43
89983 43
90166 44
43692 21
101341 49
90892 44
90300 44
91000 44
91908 44
89808 43
90467 44
91158 44
102350 49
90017 43
91959 44
90442 44
91508 44
89892 43
91734 44
90291 44
91150 44
90041 43
89750 43
90392 44
90067 43
100917 49
90558 44
90100 43
89817 43
90558 44
89783 43
90591 44
43384 21
91058 44
90741 44
89750 43
43304 21
90025 43
90075 43
90058 43
89709 43
105683 51
90192 44
90508 44
89750 43
104642 51
89783 43
90375 44
90508 44
102541 50
92192 45
89884 43
90534 44
102483 50
89675 43
90467 44
89684 43
89641 43
89575 43
90033 43
89833 43
90450 44
89975 43
90792 44
89616 43
90408 44
90300 44
90967 44
90117 44
90292 44
90733 44
90533 44
89942 43
44964 21
90091 43
90075 43
305008 148
90591 44
90350 44
90084 43
89550 43
90008 43
90492 44
101375 49
102167 49
90775 44
89800 43
102625 50
43284 21
149775 73
100925 49
105075 51
100858 49
90384 44
90283 44
101116 49
89925 43
100833 49
90034 43
101308 49
90233 44
193375 94
142217 69
91308 44
90084 43
90225 44
91016 44
89950 43
90225 44
90342 44
89767 43
90200 44
90050 43
89816 43
89617 43
90166 44
43112 21
90100 43
89709 43
89633 43
89900 43
91225 44
90108 43
90167 44
90167 44
91159 44
89567 43
89600 43
89633 43
90200 44
89700 43
90350 44
90166 44
90850 44
89942 43
92875 45
90300 44
90092 43
91508 44
104684 51
101325 49
90766 44
90642 44
91233 44
90192 44
90533 44
90808 44
90858 44
101017 49
90258 44
99941 48
43584 21
91459 44
90291 44
100941 49
90375 44
90550 44
89750 43
89517 43
90967 44
90083 43
91700 44
91550 44
89733 43
89533 43
102575 50
89983 43
90834 44
89941 43
102033 49
90017 43
91042 44
90283 44
101317 49
89858 43
101466 49
89942 43
94075 45
89884 43
90384 44
90058 43
91258 44
89992 43
91816 44
91025 44
100083 48
90292 44
89950 43
90483 44
90000 43
90242 44
52156 25
90450 44
89766 43
90108 43
90050 43
90567 44
89875 43
101308 49
43428 21
100575 49
89775 43
89808 43
90008 43
90567 44
90083 43
89983 43
89716 43
90175 44
89958 43
90758 44
90075 43
89975 43
89734 43
89642 43
90025 43
89842 43
90200 44
90442 44
89841 43
90375 44
92175 45
90433 44
90884 44
90316 44
89891 43
90584 44
90292 44
101292 49
89925 43
101175 49
90092 43
91533 44
101217 49
90059 43
100742 49
89516 43
101517 49
90067 43
90508 44
90309 44
89692 43
90300 44
89550 43
90108 43
91225 44
90008 43
52896 25
90766 44
100775 49
90766 44
101075 49
90275 44
106900 52
93927 45
43436 21
97067 47
101160 49
90067 43
90383 44
94998 46
89675 43
89909 43
90267 44
90909 44
90167 44
90125 44
89783 43
89942 43
90942 44
89558 43
89892 43
89866 43
101458 49
90175 44
90284 44
90250 44
89992 43
89900 43
90091 43
90958 44
89850 43
90200 44
89809 43
90325 44
90484 44
90317 44
90458 44
89850 43
90692 44
89800 43
89683 43
90591 44
42992 20
90000 43
90433 44
90925 44
89542 43
43320 21
89858 43
90675 44
89967 43
89692 43
90150 44
92708 45
90425 44
90283 44
90750 44
89758 43
90384 44
101892 49
90041 43
90417 44
89917 43
89975 43
90458 44
89858 43
89633 43
90691 44
89559 43
91017 44
90892 44
90517 44
90483 44
102275 49
90200 44
89542 43
90208 44
90008 43
90233 44
90517 44
90658 44
89758 43
113509 55
90025 43
90342 44
89934 43
90275 44
90791 44
89884 43
100731 49
90041 43
90525 44
89625 43
43316 21
43064 21
96187 46
90042 43
89817 43
90425 44
90550 44
90450 44
90100 43
90117 44
89967 43
90517 44
90134 44
90134 44
90500 44
90742 44
89858 43
89967 43
90092 43
90617 44
91625 44
90158 44
89642 43
90050 43
90700 44
90034 43
89916 43
89950 43
89700 43
90191 44
90025 43
91550 44
204233 99
90717 44
90575 44
89642 43
89866 43
90017 43
90308 44
90875 44
89717 43
104100 50
89900 43
90258 44
102559 50
89959 43
90383 44
89891 43
90900 44
90941 44
89959 43
90683 44
89516 43
91367 44
89567 43
90075 43
90658 44
90350 44
89750 43
90175 44
90600 44
90192 44
90350 44
89750 43
90141 44
90666 44
91400 44
89600 43
90275 44
89983 43
89991 43
89592 43
90033 43
89891 43
90300 44
89975 43
90225 44
90008 43
90559 44
89892 43
101367 49
89966 43
89858 43
89766 43
89550 43
90184 44
89908 43
90233 44
89992 43
71265 34
90200 44
90267 44
90033 43
89708 43
89592 43
91350 44
90350 44
90675 44
89908 43
90167 44
90092 43
89534 43
90558 44
90100 43
90050 43
89575 43
89717 43
90958 44
90483 44
90150 44
89967 43
89792 43
89616 43
89850 43
90141 44
91591 44
90591 44
89975 43
90092 43
91242 44
89584 43
89908 43
90116 44
62890 30
90117 44
90358 44
90450 44
89975 43
90991 44
90258 44
89942 43
89675 43
90166 44
90025 43
90134 44
117592 57
102083 49
89883 43
90108 43
90092 43
90275 44
90267 44
90334 44
84714 41
90134 44
89633 43
89892 43
89942 43
89617 43
90092 43
89692 43
90516 44
90092 43
90608 44
89900 43
90900 44
90675 44
101950 49
102400 50
90842 44
89692 43
89517 43
90225 44
89692 43
90416 44
91833 44
89600 43
90533 44
