326317 70
195860 42
324733 70
333800 72
314025 68
350750 76
334134 72
325642 70
318975 69
338675 73
337367 73
351700 76
317875 68
324016 70
340425 73
355542 77
334300 72
332542 72
336834 73
330784 71
334775 72
318384 69
334691 72
330692 71
337958 73
322050 69
340150 73
320608 69
333567 72
339533 73
353350 76
346600 75
341775 74
357792 77
347517 75
360025 78
332608 72
330333 71
323750 70
358417 77
303117 65
191836 41
318734 69
341350 74
315491 68
191080 41
325491 70
356875 77
317292 68
342866 74
337758 73
203220 44
365583 79
326892 70
372058 80
336608 73
370542 80
335109 72
363933 78
350917 76
271820 58
325159 70
362967 78
344750 74
350400 76
369683 80
372867 80
355791 77
401375 87
354341 76
384558 83
339650 73
370000 80
345850 75
356484 77
342808 74
375475 81
329833 71
287050 62
355050 77
368750 80
335784 72
360650 78
343309 74
355284 77
329434 71
332800 72
330000 71
328925 71
356308 77
345875 75
333400 72
346017 75
338750 73
214284 46
338134 73
356008 77
336616 73
362950 78
322183 69
351975 76
346484 75
346458 75
347333 75
352600 76
332033 72
341108 74
374275 81
353633 76
337250 73
345717 75
329258 71
332400 72
339658 73
382875 83
356234 77
331717 71
328958 71
346967 75
341784 74
332892 72
356859 77
339058 73
336350 72
326958 70
323942 70
353984 76
311941 67
347383 75
299992 65
333609 72
371933 80
340742 73
308692 66
347416 75
331875 72
359617 78
381734 82
327975 71
326433 70
337425 73
305300 66
347191 75
318608 69
308684 66
309800 67
337234 73
354850 77
325775 70
327433 71
333666 72
324658 70
332142 72
389250 84
305591 66
341884 74
306742 66
350508 76
303059 65
354967 77
304333 66
346942 75
306316 66
500142 108
288442 62
335917 72
325116 70
356525 77
305441 66
367308 79
315550 68
369350 80
355259 77
351358 76
342825 74
357591 77
344942 74
334975 72
309503 67
352566 76
340908 73
215052 46
422641 91
337708 73
187056 40
306775 66
316550 68
348250 75
323975 70
344717 74
323850 70
322233 69
342025 74
332666 72
332725 72
316642 68
576617 125
339166 73
338675 73
340233 73
334792 72
343709 74
342325 74
352050 76
325575 70
351166 76
335925 72
339842 73
329066 71
335117 72
362384 78
348392 75
374067 81
345100 74
367950 79
344092 74
274501 59
339992 73
392916 85
327811 71
383575 83
342542 74
306017 66
346483 75
354100 76
322075 69
333841 72
345492 74
334259 72
347083 75
340350 73
289291 62
298570 64
350008 75
341950 74
324959 70
342500 74
364475 79
352409 76
341641 74
330650 71
361592 78
329683 71
371059 80
336108 72
352467 76
353350 76
380250 82
379625 82
361367 78
321591 69
340509 73
337909 73
325900 70
244806 53
353400 76
333300 72
336933 73
355417 77
335984 72
332759 72
343959 74
350759 76
340692 73
364092 79
359383 77
363183 78
344391 74
357658 77
369050 80
383125 83
529733 114
347133 75
317175 68
363316 78
349250 75
362667 78
375425 81
359475 78
330158 71
373483 81
341134 74
360392 78
334425 72
344625 74
354800 76
355550 77
337483 73
368450 79
342050 74
350450 76
359892 78
343008 74
357775 77
357575 77
375100 81
337558 73
363967 78
243100 52
368934 80
318325 69
356009 77
354508 76
348592 75
360442 78
354692 76
329650 71
358575 77
345383 74
348650 75
332242 72
335517 72
335742 72
339367 73
337009 73
369867 80
339692 73
318925 69
356809 77
348258 75
346259 75
318409 69
357541 77
322075 69
333041 72
273961 59
338717 73
313717 68
319859 69
194616 42
304542 66
348475 75
327250 71
333509 72
329992 71
343117 74
303433 65
341667 74
337633 73
314391 68
325359 70
342042 74
327209 71
356417 77
441817 95
339950 73
346792 75
335508 72
350367 76
335059 72
335567 72
340608 73
348400 75
331575 71
327600 71
361009 78
343591 74
328533 71
351333 76
331167 71
351090 76
313517 68
344666 74
337567 73
340275 73
333400 72
354858 77
328509 71
334333 72
329983 71
359158 77
354792 76
340316 73
343675 74
348934 75
348650 75
362008 78
364666 79
347400 75
401283 87
350008 75
369767 80
353909 76
356842 77
369308 80
357317 77
352500 76
350784 76
320634 69
347500 75
330967 71
358350 77
333817 72
337233 73
336275 72
340550 73
346116 75
513067 111
193200 41
344567 74
339792 73
338084 73
333633 72
320767 69
327217 71
323600 70
327600 71
497733 108
329275 71
327242 71
352966 76
309925 67
344783 74
302425 65
337692 73
504358 109
341463 74
324366 70
335283 72
337792 73
320008 69
355934 77
340833 73
337709 73
334458 72
349008 75
349542 75
335708 72
329733 71
313108 67
344233 74
314717 68
511442 110
339834 73
331891 72
358108 77
319575 69
314925 68
343841 74
329833 71
339108 73
317075 68
349625 75
284573 61
350925 76
359400 77
334466 72
310816 67
343800 74
337300 73
310483 67
332734 72
312842 67
549675 119
329259 71
356408 77
360167 78
333158 72
334683 72
398183 86
323800 70
302492 65
330742 71
195788 42
331742 71
328825 71
329834 71
325425 70
447917 97
329100 71
318633 69
344725 74
327833 71
356566 77
303283 65
329558 71
337967 73
344275 74
315150 68
330150 71
333242 72
325042 70
340466 73
329208 71
320733 69
342142 74
321142 69
232503 50
336350 72
343642 74
329509 71
331984 72
336659 73
263664 57
332658 72
356683 77
340308 73
342509 74
357242 77
312649 67
355175 77
345650 75
355750 77
336725 73
348725 75
329925 71
355075 77
316983 68
369333 80
301267 65
382800 83
304550 66
375383 81
324316 70
354450 76
318708 69
339008 73
325134 70
357600 77
327591 71
363267 78
352408 76
355133 77
345034 74
361325 78
329492 71
343667 74
313316 67
384184 83
328067 71
341092 74
350742 76
309900 67
318558 69
349392 75
327308 71
374834 81
329817 71
349792 75
455550 98
339125 73
323425 70
341108 74
334183 72
333275 72
337992 73
346875 75
340383 73
344934 74
337634 73
346450 75
309908 67
264048 57
307492 66
338825 73
311950 67
332975 72
356834 77
386000 83
305442 66
325383 70
332925 72
344350 74
331616 71
369225 80
332900 72
331859 72
310742 67
340517 73
292659 63
222356 48
301300 65
348717 75
315358 68
349292 75
333367 72
356942 77
322334 69
351933 76
325758 70
342891 74
345333 74
331908 72
337792 73
310400 67
332600 72
331859 72
332775 72
334450 72
341750 74
239874 52
335492 72
341025 74
312175 67
344100 74
321100 69
347708 75
334825 72
337391 73
328125 71
366317 79
324442 70
377108 81
338092 73
366684 79
331009 71
377184 81
328592 71
342375 74
462192 100
370575 80
330625 71
367758 79
330675 71
357125 77
331058 71
362534 78
314483 68
366250 79
316750 68
342383 74
318708 69
373775 81
354858 77
364367 79
362317 78
348145 75
350709 76
339158 73
326667 70
339175 73
341208 74
340534 73
318900 69
352292 76
319383 69
377300 81
329250 71
364075 79
350567 76
351466 76
330141 71
357233 77
327783 71
343175 74
344775 74
354567 76
302325 65
351608 76
523883 113
353608 76
346792 75
340384 73
317233 68
343317 74
315508 68
360066 78
349816 75
361784 78
367508 79
367692 79
336516 73
336925 73
330708 71
313842 68
347066 75
338250 73
403116 87
369959 80
342466 74
335975 72
347667 75
442666 96
343917 74
335233 72
325158 70
342284 74
352558 76
351600 76
360167 78
404691 87
370359 80
331983 72
353758 76
306483 66
361892 78
446366 96
433300 94
344292 74
359109 77
331975 72
366717 79
358609 77
306941 66
316650 68
343608 74
351667 76
348584 75
356175 77
355959 77
358100 77
365075 79
366783 79
355483 77
218304 47
368017 79
367483 79
358175 77
566392 122
352242 76
372175 80
356900 77
387175 84
354625 76
362525 78
362041 78
360691 78
366975 79
366492 79
343250 74
379142 82
366576 79
384909 83
342433 74
382825 83
353183 76
362348 78
294069 63
383442 83
345341 74
402691 87
348742 75
367625 79
350925 76
365767 79
371467 80
356350 77
373058 80
357650 77
383758 83
367975 79
370183 80
376225 81
376675 81
345909 75
373325 81
440759 95
351575 76
374450 81
352533 76
353925 76
345592 74
375891 81
561141 121
387600 84
358542 77
362075 78
337025 73
364450 79
329342 71
350784 76
341442 74
346733 75
351467 76
346883 75
339375 73
300385 65
342291 74
322500 69
201380 43
362500 78
338150 73
371367 80
330417 71
458133 99
356375 77
347450 75
350284 76
349000 75
355450 77
356433 77
344575 74
347641 75
341017 74
338608 73
447175 97
349917 75
338617 73
345217 74
352250 76
356133 77
365333 79
377684 81
328200 71
345700 75
338975 73
353692 76
361667 78
352025 76
228568 49
351534 76
362883 78
316692 68
394367 85
332259 72
341558 74
339425 73
353034 76
341684 74
353600 76
331450 71
343284 74
337425 73
338233 73
335300 72
353700 76
347392 75
337184 73
337416 73
365584 79
329825 71
342517 74
351858 76
349883 75
340734 73
346708 75
325408 70
362850 78
337284 73
352975 76
316192 68
239563 51
340608 73
312100 67
342791 74
350042 75
347491 75
339034 73
372758 80
323458 70
330717 71
315908 68
320125 69
347834 75
334175 72
303100 65
348458 75
310633 67
341575 74
299617 65
336384 73
333833 72
328050 71
319034 69
331617 71
338583 73
342441 74
316534 68
484125 105
328142 71
327933 71
183484 39
333150 72
344742 74
318458 69
372709 80
329059 71
335325 72
342992 74
307200 66
342834 74
327400 71
337284 73
202764 44
350017 75
319767 69
342925 74
328817 71
343208 74
315958 68
333850 72
314141 68
333142 72
314391 68
336759 73
299592 65
318542 69
314925 68
315134 68
389608 84
334709 72
348975 75
362242 78
330308 71
374117 81
314233 68
372017 80
338583 73
368033 79
335734 72
364775 79
333608 72
350109 75
344342 74
362008 78
332808 72
348042 75
336183 72
331883 72
350725 76
359134 77
344717 74
368183 79
330416 71
351508 76
355875 77
337234 73
373759 81
314092 68
355667 77
327209 71
353508 76
323450 70
346633 75
338234 73
337208 73
348067 75
346050 75
478483 103
218682 47
364533 79
192544 41
347817 75
331425 71
366066 79
335458 72
376991 81
312291 67
355433 77
374592 81
349241 75
355617 77
376466 81
367325 79
349415 75
331033 71
364725 79
338792 73
344817 74
336250 72
341400 74
335925 72
359284 77
329041 71
363984 78
326492 70
354675 76
478950 103
350083 75
306317 66
350958 76
322267 69
358017 77
340516 73
351675 76
348809 75
360316 78
361508 78
266486 57
354100 76
364759 79
332258 72
370975 80
337525 73
364558 79
315117 68
341900 74
194764 42
338700 73
301842 65
323083 70
329450 71
318384 69
325333 70
314767 68
304709 66
337741 73
319508 69
306583 66
317742 68
407291 88
322392 69
327859 71
323692 70
240177 52
336092 72
315483 68
319384 69
324933 70
329925 71
