89734 43
89584 43
89592 43
43240 21
100950 49
89892 43
89725 43
90091 43
101625 49
89625 43
43168 21
89617 43
100350 48
89534 43
90233 44
90034 43
90125 44
90583 44
90192 44
90391 44
89675 43
89583 43
89841 43
89767 43
42940 20
89658 43
89534 43
89583 43
89967 43
89550 43
90791 44
145000 70
89800 43
90033 43
89533 43
90134 44
91050 44
89558 43
92558 45
89733 43
90017 43
89800 43
89416 43
89800 43
89559 43
89725 43
89817 43
102059 49
89708 43
89442 43
89766 43
89475 43
43912 21
43100 21
43072 21
43048 21
43016 21
43216 21
42920 20
42940 20
43624 21
43460 21
42952 20
43160 21
52416 25
42960 20
42956 20
43052 21
53196 25
52868 25
43252 21
44500 21
43624 21
43468 21
43024 21
43572 21
43092 21
42976 20
43008 21
43024 21
43056 21
90692 44
108725 53
89658 43
90450 44
90050 43
100958 49
89650 43
89825 43
89683 43
89708 43
90375 44
89725 43
89833 43
89667 43
89717 43
89959 43
89650 43
89650 43
89541 43
89517 43
89700 43
89817 43
89592 43
89841 43
89767 43
89775 43
102625 50
89534 43
90225 44
101050 49
90417 44
89792 43
89975 43
90150 44
43176 21
53236 25
43008 21
43104 21
43268 21
42944 20
43540 21
43096 21
43000 20
43056 21
43208 21
45384 22
43796 21
43176 21
43140 21
43044 21
43196 21
43412 21
43028 21
43000 20
43408 21
43436 21
43048 21
52140 25
43132 21
43204 21
43044 21
43820 21
43232 21
45200 22
89600 43
89625 43
89284 43
89650 43
89458 43
89917 43
89900 43
89791 43
89617 43
89317 43
89450 43
90150 44
89467 43
45880 22
89509 43
90700 44
102500 50
90650 44
89825 43
89484 43
89708 43
91983 44
89725 43
89858 43
90633 44
90441 44
89725 43
89534 43
89442 43
90100 43
89775 43
90392 44
43060 21
89500 43
90225 44
90292 44
89592 43
90642 44
91008 44
89517 43
89567 43
90025 43
90225 44
89750 43
89759 43
89791 43
105100 51
89767 43
89516 43
90733 44
89584 43
90408 44
89600 43
89675 43
89892 43
89783 43
89550 43
89634 43
89758 43
89450 43
89625 43
89892 43
151559 74
89783 43
90891 44
90533 44
89675 43
89967 43
43388 21
89550 43
89575 43
89600 43
89925 43
90292 44
89825 43
89659 43
89709 43
89809 43
89600 43
90366 44
89475 43
89641 43
89741 43
89458 43
101250 49
89666 43
91450 44
89608 43
89625 43
89592 43
89641 43
89700 43
89608 43
89800 43
101783 49
43040 21
43156 21
53428 26
43844 21
43400 21
43244 21
43152 21
43008 21
43428 21
43056 21
90433 44
89516 43
89842 43
90191 44
89675 43
89608 43
89500 43
89809 43
90258 44
89525 43
90000 43
89717 43
89675 43
89541 43
90200 44
89650 43
90242 44
89525 43
100725 49
89542 43
90150 44
89675 43
89717 43
89650 43
90200 44
90100 43
89550 43
90341 44
89675 43
89592 43
89958 43
92959 45
90008 43
89550 43
89842 43
89908 43
89391 43
89717 43
89650 43
89758 43
90592 44
89583 43
89367 43
90525 44
89584 43
89517 43
89742 43
89850 43
89675 43
165491 80
89750 43
90100 43
89516 43
89816 43
89925 43
89817 43
89700 43
92125 44
90192 44
89617 43
90675 44
89825 43
92034 44
89441 43
89591 43
89783 43
89800 43
89600 43
43024 21
89584 43
89500 43
89667 43
89759 43
102641 50
89641 43
89950 43
89992 43
89433 43
89708 43
89725 43
89542 43
89858 43
89750 43
89675 43
89775 43
89525 43
89725 43
89742 43
89608 43
89650 43
89833 43
101367 49
89525 43
93000 45
89659 43
90233 44
89867 43
89634 43
89491 43
89683 43
90008 43
90283 44
89608 43
90209 44
89709 43
89575 43
90358 44
89525 43
92550 45
105425 51
102325 49
89542 43
90342 44
89675 43
102150 49
90442 44
90250 44
90959 44
92400 45
101866 49
161917 79
89783 43
89800 43
89575 43
91483 44
89809 43
90783 44
89775 43
90667 44
89717 43
90492 44
89725 43
89542 43
89708 43
89975 43
43008 21
90400 44
89958 43
89950 43
90425 44
89708 43
90516 44
89625 43
90000 43
102158 49
89583 43
89625 43
89725 43
89800 43
89766 43
89442 43
91375 44
102467 50
89900 43
95158 46
100408 49
89391 43
89500 43
89666 43
105791 51
89500 43
89525 43
89584 43
90234 44
89842 43
89800 43
89625 43
90192 44
90025 43
89725 43
101200 49
89758 43
101200 49
90292 44
90167 44
89692 43
89775 43
89725 43
89559 43
89716 43
89625 43
90275 44
89900 43
46080 22
90683 44
89592 43
90634 44
89891 43
89517 43
89625 43
91208 44
89592 43
89667 43
89633 43
90158 44
90158 44
89900 43
89525 43
89667 43
90317 44
89550 43
89583 43
89708 43
90050 43
89800 43
90292 44
89858 43
90225 44
89775 43
90484 44
89667 43
89692 43
89675 43
89559 43
90016 43
89583 43
89842 43
42952 20
90591 44
89917 43
363875 177
89834 43
89825 43
89525 43
89583 43
90217 44
89758 43
89575 43
89492 43
100942 49
90909 44
90116 44
101925 49
89900 43
89900 43
91367 44
89883 43
89566 43
89609 43
89508 43
89550 43
91667 44
90500 44
89708 43
89533 43
89700 43
89559 43
89734 43
89750 43
89550 43
89734 43
89500 43
89625 43
104975 51
90175 44
90150 44
89575 43
90408 44
89850 43
90533 44
89516 43
89825 43
89417 43
92625 45
90366 44
43004 20
89625 43
89791 43
89541 43
89542 43
89400 43
101275 49
89717 43
89858 43
89642 43
90258 44
111475 54
89791 43
89608 43
43124 21
89667 43
89666 43
90150 44
90242 44
89833 43
89609 43
90800 44
89742 43
89717 43
89534 43
102133 49
101417 49
89908 43
90534 44
101442 49
89642 43
89809 43
90450 44
90241 44
89542 43
90683 44
90192 44
89641 43
89658 43
90083 43
89608 43
90509 44
43616 21
89475 43
89733 43
90216 44
89666 43
89591 43
89958 43
89842 43
89575 43
89883 43
90275 44
89583 43
90158 44
43624 21
89759 43
90466 44
90066 43
91825 44
89541 43
89608 43
89584 43
43672 21
43148 21
42964 20
43176 21
43460 21
42976 20
42980 20
53232 25
43032 21
43068 21
43848 21
42952 20
43692 21
43152 21
43528 21
42996 20
43072 21
42948 20
43008 21
90450 44
89467 43
90667 44
89742 43
90625 44
89525 43
43124 21
89633 43
91841 44
90250 44
89708 43
90075 43
89425 43
101242 49
90000 43
90233 44
90092 43
89534 43
89534 43
89483 43
42996 20
43116 21
43736 21
42956 20
42952 20
43012 21
43008 21
53340 26
76280 37
42980 20
89758 43
89984 43
89633 43
89708 43
89467 43
90150 44
89875 43
90525 44
89833 43
93800 45
89833 43
91492 44
89541 43
43496 21
89408 43
89558 43
101975 49
90158 44
91150 44
89933 43
104992 51
89683 43
90141 44
89925 43
89542 43
89634 43
89575 43
90708 44
89667 43
89858 43
89666 43
89900 43
90075 43
90383 44
89492 43
90108 43
90008 43
90992 44
89592 43
90000 43
43648 21
89558 43
90233 44
89741 43
89592 43
89575 43
90175 44
90842 44
90383 44
89566 43
90366 44
89792 43
89784 43
89883 43
92400 45
90108 43
89608 43
89600 43
90291 44
89533 43
89759 43
89625 43
102234 49
89666 43
89950 43
89733 43
91100 44
90616 44
126183 61
89458 43
89625 43
90208 44
89725 43
89992 43
90009 43
90533 44
89575 43
89758 43
89867 43
89941 43
89658 43
43740 21
106775 52
89600 43
89575 43
89850 43
89575 43
89466 43
43464 21
89741 43
101567 49
89416 43
89500 43
89508 43
89408 43
90158 44
89667 43
89725 43
89650 43
89767 43
153692 75
92317 45
89625 43
105242 51
90183 44
89592 43
90950 44
89608 43
89608 43
89767 43
90233 44
90225 44
89525 43
89550 43
90125 44
89666 43
89642 43
89758 43
89766 43
89667 43
89450 43
102100 49
89575 43
90083 43
89458 43
90117 44
89558 43
89925 43
90258 44
90183 44
90033 43
90692 44
106200 51
89517 43
89866 43
89717 43
105417 51
91075 44
90100 43
89534 43
89567 43
89642 43
43192 21
89617 43
90958 44
89733 43
99275 48
89542 43
89425 43
89592 43
110350 53
89584 43
89667 43
89608 43
89641 43
43092 21
89750 43
90367 44
89641 43
89675 43
89700 43
105950 51
43096 21
89759 43
89491 43
89750 43
89683 43
89709 43
89909 43
90266 44
90542 44
89708 43
89591 43
89691 43
100191 48
78521 38
42976 20
43052 21
43068 21
42964 20
43044 21
43208 21
43408 21
43056 21
43048 21
43116 21
43120 21
43240 21
43648 21
42964 20
42988 20
43004 20
43668 21
43060 21
43084 21
43876 21
42988 20
43168 21
43108 21
53740 26
42984 20
43412 21
43432 21
43388 21
42992 20
43432 21
43080 21
43676 21
43564 21
43056 21
44784 21
43176 21
43100 21
43108 21
43000 20
43116 21
43276 21
42968 20
42968 20
43312 21
43084 21
43300 21
43044 21
43892 21
43376 21
89983 43
102425 50
89566 43
89900 43
92292 45
89617 43
43116 21
89958 43
89750 43
89700 43
89791 43
89533 43
243792 119
90100 43
89875 43
89742 43
90200 44
90067 43
89634 43
89750 43
90183 44
92675 45
89742 43
90458 44
89683 43
90450 44
89767 43
90533 44
89533 43
89525 43
89858 43
101650 49
90241 44
89491 43
90150 44
89675 43
90450 44
89467 43
101725 49
89508 43
89825 43
90875 44
89684 43
89759 43
90733 44
91216 44
89708 43
89534 43
90992 44
89533 43
231234 112
89708 43
89566 43
89683 43
52712 25
90558 44
90217 44
89684 43
89600 43
89909 43
89617 43
90250 44
89950 43
89425 43
89683 43
90067 43
90167 44
89533 43
89617 43
89709 43
89575 43
89900 43
91008 44
89575 43
89817 43
105983 51
90658 44
102275 49
90384 44
102658 50
89559 43
89725 43
89559 43
90492 44
90383 44
90991 44
92734 45
93792 45
89891 43
89508 43
89841 43
90542 44
90000 43
90517 44
91433 44
105442 51
90859 44
90517 44
89609 43
89791 43
89500 43
92258 45
89892 43
90075 43
153842 75
90866 44
91358 44
89750 43
89808 43
89492 43
89483 43
89525 43
89592 43
89675 43
90250 44
89850 43
90225 44
89517 43
89600 43
89800 43
90992 44
90684 44
43040 21
91891 44
90725 44
89583 43
89525 43
89516 43
89650 43
89525 43
89492 43
89833 43
89642 43
89667 43
90767 44
89633 43
90225 44
90384 44
89367 43
89642 43
89542 43
89717 43
89850 43
89583 43
90075 43
90500 44
89625 43
42968 20
