1225 38
1241 38
1225 38
1225 38
1216 38
1234 38
1225 38
1217 38
1217 38
1217 38
1225 38
1250 39
1234 38
1225 38
1225 38
1225 38
1217 38
1216 38
1217 38
1225 38
1217 38
1241 38
1216 38
1225 38
1233 38
1217 38
1217 38
1216 38
1216 38
1217 38
1192 37
1225 38
1242 38
1216 38
1234 38
1217 38
1216 38
1258 39
1217 38
1225 38
1216 38
1225 38
1225 38
1216 38
1216 38
1225 38
1217 38
1217 38
1216 38
1216 38
1225 38
1266 39
1216 38
1225 38
1225 38
1225 38
1217 38
1217 38
1216 38
1216 38
1225 38
1216 38
1225 38
1225 38
1225 38
1225 38
1225 38
1217 38
1225 38
1217 38
1217 38
1192 37
1216 38
1217 38
1217 38
1216 38
1225 38
1217 38
1225 38
1217 38
1225 38
1216 38
1225 38
1217 38
1217 38
1217 38
1192 37
1225 38
1225 38
1225 38
1233 38
1234 38
1225 38
1225 38
1217 38
1250 39
1216 38
1225 38
1216 38
1225 38
1225 38
1225 38
1225 38
1225 38
1225 38
1225 38
1233 38
1225 38
1234 38
1225 38
1225 38
1216 38
1216 38
1225 38
1225 38
1217 38
1216 38
1225 38
1216 38
1225 38
1225 38
1217 38
1225 38
1225 38
1217 38
1191 37
1225 38
1217 38
1225 38
1217 38
1225 38
1225 38
1217 38
1225 38
1217 38
1234 38
1225 38
1225 38
1225 38
1225 38
1225 38
1225 38
1242 38
1217 38
1225 38
1216 38
1225 38
1225 38
1225 38
1250 39
1217 38
1225 38
1225 38
1217 38
1217 38
1225 38
1225 38
1216 38
1217 38
1225 38
1234 38
1217 38
1216 38
1216 38
1225 38
1216 38
1200 37
1284 40
1216 38
1217 38
1217 38
1250 39
1225 38
1225 38
1217 38
1217 38
1225 38
1216 38
1217 38
1234 38
1216 38
1225 38
1225 38
1225 38
1225 38
1225 38
1217 38
1217 38
1217 38
1242 38
1217 38
1225 38
1225 38
1217 38
1217 38
1250 39
1225 38
1225 38
1225 38
1242 38
1216 38
1225 38
1225 38
1217 38
1233 38
1216 38
1217 38
1216 38
1216 38
1225 38
1217 38
1225 38
1217 38
1216 38
1216 38
1225 38
1217 38
1217 38
1191 37
1225 38
1217 38
1217 38
1225 38
1217 38
1225 38
1225 38
1217 38
1216 38
1217 38
1225 38
1250 39
1225 38
1217 38
1216 38
1216 38
1216 38
1216 38
1225 38
1217 38
1225 38
1334 41
1225 38
1225 38
1216 38
1225 38
1217 38
1259 39
1216 38
1216 38
1217 38
1225 38
1217 38
1225 38
1225 38
1225 38
1217 38
1225 38
1217 38
1217 38
1308 40
1225 38
1225 38
1217 38
1216 38
1217 38
1217 38
1217 38
1233 38
1216 38
1225 38
1200 37
1225 38
1225 38
1225 38
1217 38
1216 38
1225 38
1225 38
1217 38
1225 38
1216 38
1216 38
1225 38
1192 37
1225 38
1217 38
1225 38
1216 38
1225 38
1217 38
1250 39
1225 38
1225 38
1259 39
1225 38
1225 38
1217 38
1225 38
1225 38
1217 38
1225 38
1225 38
1225 38
1242 38
1225 38
1216 38
1225 38
1225 38
1233 38
1225 38
1225 38
1225 38
1225 38
1217 38
1225 38
1225 38
1217 38
1225 38
1225 38
1225 38
1216 38
1241 38
1217 38
1225 38
1241 38
1217 38
1217 38
1242 38
1217 38
1217 38
1233 38
1250 39
1217 38
1216 38
1216 38
1217 38
1225 38
1225 38
1216 38
1225 38
1200 37
1225 38
1217 38
1234 38
1217 38
1233 38
1259 39
1225 38
1225 38
1217 38
1225 38
1217 38
1225 38
1250 39
1217 38
1216 38
1217 38
1225 38
1216 38
1216 38
1225 38
1258 39
1225 38
1225 38
1250 39
1225 38
1217 38
1250 39
1225 38
1225 38
1216 38
1216 38
1216 38
1225 38
1217 38
1217 38
1225 38
1216 38
1216 38
1216 38
1233 38
1225 38
1225 38
1217 38
1225 38
1250 39
1217 38
1216 38
1242 38
1216 38
1225 38
1250 39
1216 38
1225 38
1225 38
1225 38
1216 38
1225 38
1225 38
1217 38
1217 38
1225 38
1225 38
1225 38
1225 38
1217 38
1225 38
1217 38
1225 38
1225 38
1216 38
1225 38
1217 38
1217 38
1216 38
1200 37
1225 38
1217 38
1217 38
1217 38
1217 38
1242 38
1217 38
1225 38
1217 38
1225 38
1225 38
1225 38
1216 38
1225 38
1242 38
1217 38
1225 38
1217 38
1225 38
1225 38
1225 38
1217 38
1217 38
1225 38
1217 38
1217 38
1250 39
1241 38
1225 38
1225 38
1417 44
1225 38
1216 38
1225 38
1225 38
1217 38
1225 38
1216 38
1233 38
1217 38
1217 38
1225 38
1216 38
1225 38
1225 38
1216 38
1225 38
1217 38
1217 38
1225 38
1225 38
1225 38
1225 38
1216 38
1225 38
1216 38
1216 38
1217 38
1225 38
1225 38
1217 38
1225 38
1216 38
1217 38
1217 38
1225 38
1225 38
1225 38
1217 38
1400 43
1225 38
1234 38
1216 38
1225 38
1258 39
1216 38
1216 38
1216 38
1216 38
1191 37
1217 38
1217 38
1225 38
1225 38
1225 38
1225 38
1233 38
1225 38
1233 38
1225 38
1217 38
1225 38
1192 37
1217 38
1225 38
1216 38
1217 38
1233 38
1225 38
1217 38
1216 38
1216 38
1216 38
1225 38
1225 38
1233 38
1225 38
1216 38
1225 38
1233 38
1217 38
1225 38
1217 38
1217 38
1217 38
1225 38
1217 38
1216 38
1217 38
1217 38
1217 38
1217 38
1225 38
1216 38
1225 38
1216 38
1259 39
1217 38
1217 38
1233 38
1216 38
1217 38
1234 38
1217 38
1216 38
1225 38
1242 38
1217 38
1225 38
1225 38
1217 38
1225 38
1250 39
1217 38
1216 38
1225 38
1217 38
1216 38
1217 38
1234 38
1258 39
1308 40
1225 38
1225 38
1225 38
1225 38
1225 38
1216 38
1225 38
1225 38
1217 38
1267 39
1225 38
1225 38
1216 38
1266 39
1217 38
1225 38
1217 38
1225 38
1225 38
1225 38
1225 38
1216 38
1242 38
1216 38
1225 38
1216 38
1217 38
1225 38
1192 37
1217 38
1216 38
1284 40
1217 38
1225 38
1217 38
1216 38
1216 38
1217 38
1225 38
1225 38
1242 38
1217 38
1217 38
1217 38
1216 38
1191 37
1225 38
1225 38
1217 38
1216 38
1225 38
1225 38
1217 38
1217 38
1225 38
1242 38
1217 38
1309 40
1217 38
1216 38
1233 38
1234 38
1259 39
1217 38
1217 38
1225 38
1250 39
1225 38
1217 38
1217 38
1225 38
1225 38
1225 38
1234 38
1300 40
1234 38
1225 38
1217 38
1225 38
1217 38
1225 38
1217 38
1233 38
1217 38
1225 38
1225 38
1225 38
1217 38
1225 38
1217 38
1225 38
1225 38
1216 38
1225 38
1217 38
1217 38
1225 38
1217 38
1217 38
1217 38
1217 38
1233 38
1225 38
1216 38
1216 38
1233 38
1225 38
1233 38
1217 38
1225 38
1217 38
1217 38
1225 38
1225 38
1217 38
1191 37
1216 38
1225 38
1216 38
1217 38
1234 38
1217 38
1259 39
1217 38
1225 38
1216 38
1217 38
1225 38
1225 38
1225 38
1208 37
1225 38
1225 38
1216 38
1217 38
1225 38
1217 38
1225 38
1216 38
1216 38
1216 38
1234 38
1258 39
1225 38
1225 38
1225 38
1225 38
1234 38
1217 38
1217 38
1225 38
1216 38
1283 40
1225 38
1216 38
1225 38
1217 38
1225 38
1225 38
1225 38
1233 38
1216 38
1216 38
1217 38
1200 37
1225 38
1225 38
1217 38
1216 38
1217 38
1225 38
1225 38
1217 38
1216 38
1242 38
1241 38
1225 38
1225 38
1225 38
1192 37
1217 38
1225 38
1217 38
1216 38
1217 38
1225 38
1217 38
1225 38
1225 38
1225 38
1217 38
1200 37
1233 38
1217 38
1225 38
1233 38
1300 40
1225 38
1216 38
1217 38
1225 38
1225 38
1225 38
1225 38
1225 38
1225 38
1217 38
1233 38
1242 38
1233 38
1316 41
1217 38
1217 38
1216 38
1225 38
1216 38
1217 38
1225 38
1217 38
1217 38
1217 38
1217 38
1225 38
1233 38
1225 38
1225 38
1216 38
1225 38
1217 38
1216 38
1233 38
1225 38
1233 38
1242 38
1225 38
1225 38
1225 38
1225 38
1217 38
1217 38
1234 38
1225 38
1217 38
1217 38
1242 38
1217 38
1217 38
1217 38
1216 38
1217 38
1217 38
1233 38
1225 38
1225 38
1216 38
1217 38
1225 38
1217 38
1216 38
1217 38
1234 38
1216 38
1217 38
1217 38
1225 38
1216 38
1216 38
1233 38
1233 38
1216 38
1216 38
1217 38
1217 38
1216 38
1216 38
1217 38
1225 38
1216 38
1225 38
1225 38
1216 38
1225 38
1217 38
1225 38
1217 38
1217 38
1217 38
1225 38
1216 38
1225 38
1225 38
1225 38
1225 38
1225 38
1225 38
1225 38
1216 38
1217 38
1217 38
1225 38
1225 38
1225 38
1225 38
1217 38
1217 38
1217 38
1225 38
1225 38
1225 38
1216 38
1258 39
1225 38
1225 38
1309 40
1225 38
1225 38
1225 38
1225 38
1216 38
1225 38
1225 38
1309 40
1216 38
1216 38
1225 38
1225 38
1225 38
1192 37
1242 38
1216 38
1217 38
1217 38
1225 38
1225 38
1417 44
1217 38
1217 38
1217 38
1233 38
1250 39
1216 38
1216 38
1216 38
1225 38
1225 38
1225 38
1225 38
1225 38
1258 39
1217 38
1225 38
1250 39
1217 38
1216 38
1225 38
1217 38
1225 38
1233 38
1216 38
1217 38
1217 38
1225 38
1225 38
1225 38
1241 38
1258 39
1217 38
1241 38
1217 38
1217 38
1216 38
1216 38
1216 38
1217 38
1217 38
1233 38
1216 38
1225 38
1216 38
1225 38
1216 38
1216 38
1242 38
1225 38
1217 38
1225 38
1225 38
1225 38
1217 38
1216 38
1225 38
1241 38
1233 38
1233 38
1234 38
1216 38
1217 38
1225 38
1225 38
1216 38
1225 38
1216 38
1225 38
1192 37
1216 38
1225 38
1216 38
1217 38
1217 38
1217 38
1225 38
1225 38
1225 38
1216 38
1225 38
1225 38
1216 38
1225 38
1225 38
1241 38
1217 38
1233 38
1217 38
1225 38
1225 38
1225 38
1217 38
1225 38
1225 38
1225 38
1216 38
1308 40
