1658 51
1785 55
1833 57
1925 60
2041 63
1715 53
1938 60
1820 56
1868 58
1763 55
1599 49
1750 54
1645 51
1820 56
1855 57
1634 51
2006 62
1656 51
1645 51
1540 48
1809 56
1798 56
1971 61
1831 57
1785 55
1901 59
1774 55
1866 58
2089 65
1949 60
1597 49
1575 49
1820 56
1610 50
1586 49
1750 54
1680 52
1960 61
1610 50
1831 57
1903 59
1691 52
1599 49
1890 59
1645 51
1901 59
1726 53
1715 53
1586 49
1914 59
1634 51
2369 74
1761 55
1796 56
2227 69
1704 53
1704 53
1704 53
1702 53
1879 58
2216 69
1704 53
2450 76
1809 56
1914 59
648 20
1844 57
1599 49
1960 61
1912 59
1691 52
1610 50
1984 62
1796 56
1774 55
1914 59
1575 49
1855 57
1925 60
2181 68
2275 71
1879 58
1761 55
1796 56
2065 64
1807 56
2275 71
2321 72
1785 55
2041 63
2054 64
1879 58
1761 55
1844 57
1960 61
1855 57
1750 54
2065 64
2183 68
1855 57
1739 54
1912 59
2146 67
1914 59
1984 62
1890 59
1868 58
1796 56
2065 64
1728 54
2369 74
1903 59
2181 68
1831 57
1774 55
1785 55
2113 66
1855 57
1796 56
2054 64
1726 53
1879 58
1796 56
1984 62
1855 57
1855 57
1739 54
1785 55
1855 57
2111 65
2043 63
1901 59
1763 55
1833 57
1890 59
1879 58
1750 54
1597 49
2100 65
1890 59
2006 62
1726 53
2052 64
1785 55
1855 57
1855 57
1820 56
2345 73
1610 50
1879 58
1971 61
1949 60
1529 47
1820 56
1796 56
648 20
1621 50
2356 73
1936 60
2030 63
1995 62
1796 56
2205 68
2356 73
1914 59
1903 59
540 16
596 18
1971 61
2356 73
1960 61
1844 57
1925 60
2181 68
1877 58
1925 60
1844 57
1715 53
1656 51
580 18
1737 54
1750 54
2100 65
1995 62
2008 62
1761 55
1960 61
1785 55
2227 69
1914 59
2124 66
1785 55
1798 56
2240 70
1936 60
1971 61
1936 60
1925 60
1774 55
1599 49
1973 61
2135 66
1737 54
1971 61
1669 52
1715 53
2006 62
1750 54
1960 61
2297 71
1809 56
2229 69
1761 55
1726 53
1750 54
2008 62
1901 59
1798 56
1868 58
1947 60
1785 55
2135 66
2052 64
1960 61
1855 57
1774 55
2019 63
2474 77
1715 53
1785 55
1890 59
1903 59
2216 69
1890 59
1796 56
1750 54
1645 51
1621 50
1645 51
1833 57
1691 52
2089 65
3045 95
2286 71
2310 72
632 19
1772 55
2159 67
1879 58
1820 56
1656 51
1750 54
2485 77
1844 57
1739 54
2019 63
1774 55
1855 57
2262 70
2089 65
1750 54
1610 50
1774 55
1715 53
1785 55
2345 73
1890 59
572 17
1785 55
1621 50
1890 59
1785 55
2299 71
1693 52
1564 48
1728 54
1645 51
1938 60
1947 60
2288 71
1726 53
1960 61
1540 48
2485 77
1704 53
2076 64
1693 52
1669 52
1564 48
1844 57
1623 50
1844 57
1890 59
1785 55
1774 55
1728 54
1750 54
2264 70
2100 65
1715 53
1621 50
1844 57
1774 55
1785 55
2065 64
1868 58
1960 61
1737 54
1586 49
1890 59
1680 52
1599 49
1925 60
1890 59
1772 55
704 22
1855 57
1750 54
1772 55
668 20
640 20
2181 68
1820 56
2076 64
2041 63
1925 60
1868 58
1971 61
1844 57
1833 57
1785 55
1949 60
1610 50
1621 50
2078 64
1785 55
1785 55
1623 50
1562 48
1925 60
1772 55
1761 55
1623 50
2323 72
1901 59
1855 57
1774 55
1610 50
1610 50
1634 51
1774 55
1901 59
1868 58
1774 55
1785 55
1925 60
1599 49
2113 66
2041 63
1866 58
1785 55
1586 49
1879 58
2157 67
1855 57
1995 62
1728 54
1726 53
2415 75
1971 61
1866 58
1831 57
1890 59
1901 59
1715 53
1750 54
2019 63
1774 55
1737 54
1914 59
1971 61
1785 55
2100 65
1597 49
1575 49
2054 64
1796 56
1599 49
1680 52
2253 70
1879 58
1960 61
1960 61
1844 57
2205 68
1599 49
1575 49
1599 49
1599 49
2310 72
1984 62
608 19
1796 56
1774 55
1680 52
1831 57
1586 49
1704 53
1984 62
1656 51
1656 51
1739 54
1798 56
572 17
1656 51
1796 56
1750 54
1798 56
1842 57
1855 57
1645 51
1833 57
1737 54
1750 54
1901 59
1925 60
1890 59
1704 53
1947 60
1739 54
1597 49
1645 51
2299 71
1879 58
1599 49
1610 50
640 20
716 22
2019 63
2253 70
1785 55
1597 49
1914 59
1879 58
1914 59
1914 59
1785 55
2251 70
1831 57
1995 62
1763 55
1621 50
1610 50
1785 55
1739 54
1785 55
1796 56
1796 56
1610 50
1855 57
1785 55
1844 57
2043 63
1774 55
1971 61
1842 57
1785 55
1855 57
1774 55
1785 55
1868 58
1763 55
1960 61
2065 64
1785 55
1866 58
1877 58
2367 73
1704 53
1702 53
1774 55
1610 50
1599 49
1774 55
1774 55
1866 58
1866 58
1726 53
1737 54
1855 57
2181 68
1831 57
2100 65
1610 50
1610 50
1855 57
1912 59
1820 56
1868 58
1936 60
2157 67
612 19
664 20
1750 54
2065 64
1866 58
1785 55
1879 58
2216 69
2135 66
1610 50
1833 57
1798 56
1973 61
1833 57
1903 59
1750 54
1796 56
1855 57
1750 54
672 21
1984 62
1599 49
1901 59
1610 50
1807 56
1645 51
1868 58
1949 60
1807 56
1726 53
1610 50
1610 50
1785 55
1844 57
1855 57
1890 59
1903 59
1855 57
1680 52
2146 67
2019 63
1820 56
1667 52
1785 55
1715 53
1807 56
1669 52
1973 61
1704 53
1691 52
1879 58
1820 56
1726 53
1798 56
1715 53
1785 55
1833 57
1809 56
1669 52
1529 47
1632 51
1809 56
2358 73
1750 54
1798 56
1925 60
1656 51
1750 54
1855 57
1820 56
1855 57
1680 52
1914 59
1715 53
1750 54
616 19
1737 54
1774 55
2076 64
1599 49
2019 63
1855 57
1877 58
1949 60
1925 60
1785 55
1750 54
1737 54
2076 64
1901 59
1833 57
1737 54
1982 61
1903 59
2100 65
1785 55
1925 60
1995 62
1785 55
1739 54
1982 61
1890 59
1855 57
1796 56
1995 62
1796 56
1912 59
2076 64
1798 56
1914 59
1610 50
1785 55
1610 50
1844 57
1982 61
1807 56
2078 64
2286 71
1925 60
1995 62
2299 71
1914 59
1669 52
1809 56
1855 57
1772 55
1599 49
1599 49
1914 59
1971 61
1575 49
1774 55
1796 56
1820 56
1645 51
2111 65
1750 54
1984 62
1960 61
2041 63
1901 59
2043 63
1879 58
2030 63
1855 57
1877 58
2078 64
1914 59
2100 65
2496 78
1785 55
1564 48
1796 56
1715 53
1763 55
1912 59
1737 54
2054 64
1984 62
1820 56
1761 55
1901 59
1995 62
1844 57
1785 55
2030 63
1984 62
2332 72
1785 55
1890 59
1774 55
1890 59
1739 54
1914 59
1925 60
2356 73
1982 61
1842 57
2334 72
2089 65
1772 55
1855 57
1995 62
1912 59
1971 61
1737 54
1866 58
2240 70
1831 57
2089 65
1831 57
1772 55
1562 48
1610 50
1586 49
2192 68
2380 74
1949 60
2170 67
1610 50
1774 55
1949 60
1984 62
1726 53
1995 62
1984 62
1798 56
1669 52
1833 57
1914 59
1540 48
1761 55
1855 57
1785 55
1750 54
1938 60
1774 55
1774 55
1890 59
1645 51
1903 59
1984 62
1750 54
1820 56
1610 50
1901 59
1785 55
1855 57
1623 50
548 17
628 19
1807 56
1586 49
1855 57
1844 57
2100 65
2122 66
1855 57
2076 64
1855 57
1855 57
1798 56
2017 63
1936 60
1960 61
1726 53
1855 57
1842 57
1960 61
1669 52
1890 59
2076 64
1982 61
1726 53
2310 72
1890 59
2054 64
2111 65
748 23
1785 55
1761 55
1597 49
1831 57
1774 55
1912 59
1715 53
1925 60
1785 55
1737 54
1833 57
2474 77
2041 63
1844 57
1610 50
1866 58
1645 51
1726 53
1763 55
1645 51
1645 51
1702 53
1691 52
1890 59
1588 49
1704 53
1656 51
1739 54
1785 55
1877 58
1949 60
1726 53
1656 51
1599 49
1949 60
1691 52
1763 55
2100 65
1763 55
2100 65
1761 55
1960 61
1960 61
1704 53
1610 50
1645 51
1890 59
2030 63
1890 59
1715 53
1831 57
1785 55
1610 50
1597 49
1982 61
2076 64
2240 70
1844 57
1796 56
1750 54
1761 55
1621 50
1623 50
1728 54
1877 58
2019 63
1656 51
2076 64
1599 49
1599 49
1785 55
2019 63
1761 55
1868 58
2089 65
1750 54
1785 55
2019 63
1855 57
1750 54
1634 51
1634 51
1726 53
1879 58
1877 58
1947 60
1529 47
2474 77
1960 61
2019 63
636 19
1855 57
1728 54
1971 61
604 18
608 19
2358 73
1995 62
1914 59
1621 50
1796 56
1901 59
1938 60
1901 59
1796 56
2345 73
1750 54
2030 63
568 17
1960 61
1982 61
1599 49
1763 55
1761 55
1890 59
1658 51
1938 60
1831 57
1901 59
2205 68
1842 57
1820 56
2030 63
1785 55
1728 54
1610 50
1844 57
1901 59
1925 60
1610 50
1691 52
1774 55
1844 57
1960 61
1879 58
1807 56
2332 72
1610 50
1726 53
556 17
1912 59
1656 51
1809 56
1772 55
1667 52
1844 57
1877 58
1774 55
1820 56
1739 54
2030 63
1704 53
1925 60
2100 65
1656 51
1914 59
1634 51
1866 58
1623 50
1855 57
1877 58
1693 52
2181 68
1772 55
2124 66
1831 57
1877 58
1669 52
1960 61
1890 59
1750 54
1995 62
1726 53
1807 56
2030 63
1914 59
2054 64
1879 58
1831 57
1750 54
1691 52
2264 70
2369 74
1866 58
1820 56
1586 49
1669 52
2159 67
1785 55
1796 56
1844 57
1901 59
1691 52
1949 60
1610 50
1726 53
1597 49
1691 52
1772 55
1877 58
2087 65
1750 54
1807 56
1866 58
1750 54
1855 57
2240 70
1796 56
2205 68
1890 59
1785 55
1901 59
1750 54
1772 55
1586 49
1855 57
2369 74
1877 58
1739 54
1774 55
1691 52
1914 59
1925 60
1785 55
1610 50
1971 61
1842 57
1796 56
1890 59
1610 50
1855 57
1855 57
1866 58
1844 57
1960 61
1890 59
1971 61
1796 56
1973 61
1691 52
