39167376 199
35436192 180
35495288 180
35401524 180
35308412 179
35025280 178
35756648 181
35214336 179
38118780 193
35504812 180
36751732 186
35521856 180
38436928 195
35074440 178
34973736 177
34971868 177
34956956 177
35024448 178
35201736 179
34861848 177
34795816 176
35055916 178
35289120 179
35275144 179
34798800 176
38856100 197
35304916 179
35644716 181
35420572 180
35311864 179
35365972 179
35109592 178
35476048 180
34977152 177
35397684 180
34993304 177
34797096 176
34684984 176
34536052 175
34802364 177
35497572 180
34951172 177
35480056 180
35437844 180
35376736 179
34924908 177
35196536 179
35261172 179
35375464 179
35170400 178
37240328 189
35218488 179
34866660 177
35000436 178
35266692 179
35894616 182
41492552 211
35813284 182
35661172 181
35490316 180
35752828 181
35297716 179
35740136 181
35264196 179
40286624 204
35052272 178
35074328 178
35378412 179
35500688 180
36307308 184
35774724 181
35814000 182
35235912 179
35318628 179
35765972 181
35700932 181
35943068 182
35465980 180
38165468 194
35840616 182
35297256 179
35285632 179
35471468 180
35078456 178
35458280 180
35520860 180
35463060 180
35470700 180
35085224 178
35333188 179
35149900 178
35301740 179
35440680 180
35214272 179
35624884 181
35570220 180
35554608 180
35591308 181
36017284 183
35078536 178
35118744 178
35407776 180
35058312 178
35321180 179
35344640 179
35634448 181
36404340 185
35671204 181
35789004 182
34906632 177
35376248 179
34630712 176
35277228 179
35046788 178
35483312 180
36790788 187
35254932 179
35922660 182
35335088 179
35360036 179
35463356 180
35167556 178
35957720 182
35333396 179
35560256 180
36147448 183
35181112 178
35502756 180
35597184 181
35812512 182
35435816 180
35358492 179
35586268 181
35608228 181
35618148 181
35286488 179
35782360 181
35921992 182
36069684 183
35467020 180
35715060 181
35347560 179
35324620 179
35655476 181
35857344 182
36044668 183
36234340 184
37027240 188
35928180 182
36038972 183
36168000 183
35627892 181
36595708 186
35647764 181
35481296 180
35218176 179
35275940 179
35498240 180
35486872 180
35753188 181
35213028 179
39382176 200
35377860 179
35793268 182
35271652 179
35489256 180
35545180 180
35383240 179
35908164 182
35385796 179
35280744 179
35642388 181
35322016 179
35490148 180
35782328 181
40089436 203
35398536 180
35287072 179
35468352 180
35527872 180
35725712 181
35952292 182
35519052 180
35644332 181
36099044 183
35577944 180
35731540 181
35660952 181
35533912 180
36383736 185
35554732 180
35752156 181
35598996 181
35320368 179
35166416 178
35414068 180
35679504 181
34972176 177
35272720 179
35200600 179
34820720 177
35614456 181
35064204 178
40041220 203
35098416 178
35033188 178
34880336 177
35169184 178
35222388 179
35002084 178
35895940 182
35388592 179
35488068 180
35620816 181
35240484 179
35734748 181
35231416 179
39692628 201
35503340 180
35231304 179
35877192 182
35522140 180
35495928 180
35655852 181
35840080 182
35659752 181
35801704 182
36437588 185
35985732 183
35713156 181
35236240 179
36209956 184
35385188 179
36213104 184
35383756 179
35349912 179
36191764 184
35546928 180
36029956 183
36075004 183
35968260 182
35975652 182
36007540 183
36424944 185
35665896 181
37669672 191
36090220 183
35857756 182
36491580 185
35637596 181
35881372 182
35659180 181
35547284 180
35428472 180
35380280 179
35533960 180
36058820 183
35569128 180
36360760 184
35821988 182
35762356 181
35851284 182
35656100 181
36181648 184
35667772 181
35850672 182
36186108 184
36067096 183
35863512 182
35758096 181
36045768 183
35330216 179
35852436 182
35580252 180
35614960 181
36140740 183
35668076 181
36336148 184
35560132 180
35724168 181
36060796 183
36253616 184
35975804 182
35433628 180
35579860 180
36010188 183
36288212 184
36160148 183
35649888 181
35918840 182
35967344 182
35845320 182
35695132 181
35478716 180
36400560 185
35369760 179
35531232 180
36265756 184
35553044 180
35582848 180
35445744 180
35585940 180
35585824 180
35353180 179
35678252 181
35533764 180
35641356 181
35447820 180
35244384 179
35275852 179
34940776 177
35600292 181
35230516 179
35681260 181
35700140 181
35341148 179
35346312 179
35667736 181
35629984 181
35545152 180
35964868 182
35370164 179
35715568 181
35906068 182
35513620 180
35921540 182
35649524 181
35843180 182
36005820 183
36479148 185
35791584 182
36129320 183
35584596 180
35586288 181
35899032 182
35289776 179
35686540 181
35504792 180
35002228 178
35772928 181
35156292 178
35526684 180
35505424 180
35676672 181
35851516 182
35621224 181
35729940 181
35318724 179
35894964 182
35417808 180
35621876 181
36051160 183
35759472 181
35829100 182
36230476 184
35760984 181
35439352 180
35935300 182
35946664 182
35637080 181
35698956 181
35390360 180
35692912 181
35140000 178
35487296 180
35755540 181
36235960 184
35918928 182
35982772 183
35723180 181
35867708 182
35687176 181
35753140 181
35393712 180
35755124 181
35544244 180
35482480 180
36025644 183
35783000 182
35536840 180
35863808 182
34926432 177
34988384 177
34725468 176
35293824 179
35046040 178
35388600 179
35480428 180
35356152 179
35434024 180
35494472 180
34842536 177
35519344 180
35545640 180
35459900 180
40507628 206
35031856 178
35978576 182
35296768 179
35339432 179
34999396 178
35014152 178
35130884 178
34796240 176
35429764 180
35029756 178
35622788 181
35199308 179
35884780 182
35393884 180
35862772 182
35619904 181
35570480 180
35375104 179
35331884 179
35331736 179
35551004 180
35051924 178
35231676 179
35621180 181
35160216 178
35800408 182
35377804 179
35483844 180
35874676 182
35498360 180
35168000 178
35458252 180
35171616 178
35475028 180
35484724 180
35535004 180
35620052 181
35240984 179
35127104 178
34816208 177
35703236 181
35219140 179
37135660 188
35302084 179
35766104 181
35613996 181
35433724 180
35128096 178
35312496 179
35508212 180
35379076 179
35756812 181
35423896 180
34838496 177
34950556 177
34974924 177
35459856 180
35439880 180
34995120 177
35737640 181
35687980 181
35839532 182
35531804 180
35605444 181
35421700 180
35730988 181
35349024 179
35877012 182
35640904 181
35669792 181
35725356 181
35890468 182
36096328 183
35627884 181
35865220 182
35282872 179
35477732 180
35758452 181
35430652 180
35015080 178
34758608 176
35127004 178
35176360 178
35393424 180
35207780 179
34943620 177
36680592 186
35574428 180
35611656 181
35169692 178
35568424 180
34923208 177
35156040 178
35685064 181
35217336 179
35143716 178
35264052 179
35885284 182
35619148 181
35686976 181
35508804 180
35571108 180
35386084 179
35137676 178
36008488 183
35624008 181
35643316 181
35649192 181
35679172 181
35723464 181
35448040 180
35824776 182
35458308 180
35669084 181
35167988 178
35191816 178
35072944 178
35197198 179
35652964 181
35261052 179
35295820 179
35068896 178
35639380 181
35077336 178
34973668 177
35484868 180
35266632 179
35039076 178
35341016 179
34783836 176
34669260 176
34916452 177
35583432 180
34779172 176
35210304 179
35611576 181
35359212 179
35417738 180
35492324 180
35512644 180
35249700 179
35477976 180
34947344 177
35862832 182
35110620 178
35606876 181
35601408 181
35384132 179
35610192 181
35284036 179
35319496 179
35576856 180
35280888 179
35433408 180
35512788 180
35406516 180
35091712 178
35379268 179
35539348 180
35372824 179
35935924 182
35198592 179
35441488 180
35298072 179
35469004 180
35402424 180
35950012 182
35090096 178
36002240 183
35937404 182
35384368 179
35750968 181
35523980 180
35707592 181
35790436 182
35495896 180
35726844 181
35470564 180
35684140 181
35609968 181
35161072 178
35336716 179
35712460 181
35171820 178
35885460 182
35275176 179
34666916 176
35163348 178
34941220 177
35187304 178
35341780 179
35653860 181
35341772 179
35078248 178
34994112 177
34939984 177
34903352 177
35377580 179
35244884 179
35437592 180
35321888 179
35126820 178
35046120 178
35471272 180
35684836 181
36208860 184
36734376 186
35379560 179
35763232 181
35337776 179
35259072 179
35441108 180
35659068 181
35580052 180
35218188 179
35033356 178
35339060 179
35522084 180
34873280 177
35638436 181
35358292 179
35542320 180
35304808 179
35509420 180
36287532 184
35522452 180
35496140 180
35190248 178
35495612 180
35374388 179
35206984 179
35647132 181
34906028 177
34974748 177
35704532 181
34756664 176
35133404 178
35393804 180
35668204 181
35452352 180
35753052 181
35253204 179
34895936 177
35031660 178
34994312 177
35083060 178
35023796 178
35421188 180
35258464 179
35453596 180
34898660 177
35165316 178
35404140 180
34910460 177
35009292 178
34874092 177
35191884 178
35096664 178
35684788 181
35134564 178
35149544 178
35130212 178
34919872 177
35585556 180
35344880 179
35117404 178
34987744 177
34696900 176
35647728 181
35187348 178
35235076 179
35420800 180
34857028 177
35025912 178
35329216 179
35660488 181
35663256 181
35278116 179
35475180 180
35215816 179
35560752 180
35019944 178
35640512 181
35413904 180
35536512 180
35460328 180
35045308 178
35304776 179
34782272 176
35701364 181
35725656 181
35210200 179
35294704 179
35605924 181
35334712 179
35362860 179
35330756 179
35406284 180
35778080 181
35380088 179
35466460 180
35444712 180
35082536 178
35364068 179
35286244 179
35614764 181
35685972 181
35347280 179
35619972 181
35628272 181
35645204 181
35583012 180
35338784 179
35937324 182
35599316 181
36090880 183
35622420 181
36005060 183
35341204 179
35333856 179
35357468 179
35017148 178
34976260 177
35600480 181
35185720 178
35095280 178
35459376 180
35735564 181
35578572 180
35408980 180
36001688 183
35513276 180
35616056 181
35904176 182
35907520 182
35231728 179
35475100 180
35526140 180
35494428 180
35189144 178
35724048 181
35778368 181
35999284 183
35974416 182
35990004 183
36312004 184
35817380 182
36047728 183
35531440 180
36146860 183
36105180 183
35807736 182
35450276 180
35640820 181
35958228 182
35258232 179
35618536 181
35513688 180
35418764 180
35392580 180
35488696 180
35409612 180
36126340 183
35475224 180
35558844 180
36025692 183
35641004 181
35858976 182
35711296 181
35853204 182
36284064 184
35408444 180
35654080 181
35627556 181
35486280 180
35817632 182
35524912 180
35339212 179
35140576 178
35745672 181
36321688 184
35744536 181
35939744 182
35703380 181
35671660 181
36198472 184
35965464 182
36407388 185
36110120 183
36134076 183
35411060 180
35978268 182
36048100 183
35803428 182
35631376 181
35860148 182
35743804 181
35736768 181
35820200 182
35776644 181
35886560 182
35777044 181
35919816 182
35941512 182
35167432 178
35429412 180
35504220 180
35529456 180
35448860 180
35509384 180
35487624 180
35584640 180
35583104 180
35282296 179
35706312 181
35733184 181
35497756 180
35838476 182
35994540 183
35507704 180
35101316 178
35547264 180
35192128 178
36083740 183
35559924 180
35473172 180
35395200 180
35328232 179
35591900 181
35499276 180
35702516 181
35377340 179
35643164 181
35580316 180
35627412 181
37399828 190
36048712 183
35691860 181
35443576 180
36281260 184
36322380 184
35867380 182
35894652 182
36974460 188
35618600 181
36017664 183
35433040 180
36163476 183
35789276 182
35516568 180
35242216 179
35400752 180
35763228 181
35696568 181
35460844 180
35751784 181
35696652 181
35872264 182
35592428 181
35669624 181
36284692 184
36433848 185
35862276 182
35843972 182
36040420 183
36412804 185
36217584 184
35983076 183
35887912 182
36105440 183
36258668 184
35840360 182
36246752 184
35558352 180
36444944 185
35933652 182
35609976 181
39048076 198
36084456 183
35515944 180
35693384 181
36126084 183
35457364 180
36404388 185
35811268 182
35831460 182
35834688 182
36356316 184
37443084 190
36123772 183
36532256 185
35396892 180
36106892 183
36634084 186
35927992 182
36397404 185
35776052 181
36122400 183
36210648 184
35537936 180
35627116 181
36082856 183
35800312 182
35635940 181
35744780 181
35519608 180
36135796 183
36430124 185
36062396 183
35851916 182
36338368 184
36043644 183
36314060 184
35341688 179
37104124 188
36166384 183
36934756 187
35675068 181
35947388 182
36392240 185
36058944 183
35529492 180
36201324 184
35610792 181
35897064 182
35994220 183
36346800 184
35858540 182
35671216 181
35665988 181
36052284 183
35695820 181
35601420 181
36672052 186
36336532 184
35877808 182
35498244 180
35706276 181
35863048 182
35802448 182
35968052 182
35554728 180
35927964 182
36070580 183
36054052 183
35788936 182
35991376 183
35656448 181
35442072 180
35580212 180
35629832 181
35888128 182
36832092 187
35869964 182
35467652 180
35453720 180
35528324 180
35308412 179
36000272 183
35924528 182
36125620 183
36364732 184
35916920 182
35458380 180
35413172 180
35777748 181
35009952 178
34850916 177
35065604 178
35380232 179
36172836 183
35516100 180
35305516 179
35607868 181
35409832 180
35499796 180
36039724 183
35875252 182
36650400 186
36174872 183
35542744 180
35823192 182
35643244 181
35904892 182
35614208 181
35726660 181
35509754 180
35419448 180
35171720 178
35519060 180
35456016 180
35203144 179
35194588 179
35337980 179
35114952 178
35843192 182
35381140 179
35556660 180
35789176 182
35542228 180
35687600 181
35500000 180
36155792 183
35735092 181
