10907 42
11327 44
10581 41
10653 41
3600 14
4584 17
10710 41
10861 42
10885 42
10793 42
10745 41
11152 43
11187 43
10839 42
10699 41
10570 41
10826 42
11585 45
10710 41
10627 41
10627 41
11095 43
10675 41
10756 42
10885 42
11071 43
10651 41
11106 43
10874 42
10885 42
11222 43
11001 42
10861 42
10920 42
11084 43
10909 42
10874 42
13324 52
11025 43
11084 43
10476 40
11515 44
10885 42
10977 42
10583 41
10721 41
10931 42
10697 41
10885 42
10662 41
10874 42
11119 43
10651 41
11084 43
10535 41
10804 42
11480 44
11397 44
10500 41
10769 42
10909 42
10769 42
10640 41
11025 43
10861 42
10640 41
10441 40
11456 44
10780 42
11375 44
11025 43
11351 44
10863 42
11725 45
10767 42
10721 41
10675 41
11655 45
10907 42
10605 41
11130 43
10570 41
10802 42
10979 42
11014 43
10570 41
10780 42
10465 40
10465 40
10710 41
11187 43
10605 41
10769 42
11305 44
10697 41
10559 41
10697 41
10465 40
10968 42
10815 42
10511 41
10769 42
10653 41
10675 41
10640 41
10885 42
10721 41
10802 42
11108 43
11014 43
10629 41
10863 42
10745 41
10535 41
11001 42
10780 42
10815 42
10524 41
10850 42
10723 41
10500 41
11388 44
10710 41
10699 41
10874 42
10874 42
10850 42
10699 41
11060 43
10863 42
10546 41
10872 42
10745 41
10826 42
10664 41
10489 40
10837 42
11082 43
10511 41
10896 42
10826 42
10815 42
10861 42
11235 43
10837 42
11213 43
10686 41
10839 42
10815 42
11071 43
11259 43
11130 43
10723 41
10734 41
10745 41
10966 42
10721 41
10769 42
10837 42
10489 40
10944 42
10732 41
10815 42
11200 43
10769 42
10559 41
10802 42
10605 41
11130 43
10732 41
11165 43
10769 42
10734 41
10826 42
11655 45
11222 43
10710 41
11327 44
10909 42
10804 42
11316 44
10616 41
10721 41
10756 42
11152 43
10802 42
11014 43
10465 40
10546 41
10500 41
10944 42
11213 43
10839 42
10640 41
10651 41
11060 43
10583 41
10441 40
10909 42
10581 41
10874 42
10931 42
10489 40
10605 41
11060 43
10734 41
10826 42
10476 40
10489 40
10721 41
10979 42
11141 43
10780 42
10688 41
11281 44
11014 43
10721 41
10758 42
10850 42
11327 44
10640 41
11235 43
11154 43
11014 43
10758 42
11154 43
10815 42
10804 42
11410 44
10616 41
11130 43
10710 41
10732 41
11117 43
10793 42
10815 42
11001 42
10570 41
10583 41
10581 41
11211 43
10605 41
10570 41
10920 42
10419 40
10850 42
10769 42
11001 42
11316 44
11071 43
10885 42
10826 42
10570 41
10651 41
10710 41
10874 42
10898 42
10734 41
10896 42
11340 44
10942 42
10710 41
10966 42
11351 44
11014 43
11012 43
10850 42
11071 43
10756 42
10828 42
10815 42
10955 42
10791 42
10896 42
10697 41
11911 46
11108 43
11432 44
10802 42
10955 42
10804 42
10931 42
10780 42
10524 41
11176 43
10791 42
11014 43
10863 42
10861 42
10780 42
11154 43
10837 42
10769 42
10478 40
11327 44
11154 43
11036 43
10863 42
10791 42
10640 41
11235 43
10489 40
11106 43
11036 43
10885 42
10769 42
10767 42
10804 42
10780 42
10815 42
10769 42
10629 41
11795 46
10804 42
10826 42
10861 42
10791 42
10955 42
10583 41
10721 41
10734 41
10699 41
10675 41
10758 42
10791 42
11130 43
10944 42
11049 43
10640 41
10826 42
10815 42
11025 43
10874 42
10616 41
11119 43
10697 41
11095 43
11504 44
10955 42
10872 42
10885 42
11119 43
11189 43
10920 42
10815 42
10664 41
10815 42
11071 43
10627 41
10675 41
10907 42
11001 42
10780 42
10758 42
10979 42
10850 42
11399 44
10686 41
11060 43
12401 48
10734 41
10920 42
10653 41
11257 43
10802 42
10688 41
13066 51
10767 42
11071 43
10581 41
10675 41
10802 42
10513 41
10793 42
11340 44
10780 42
10500 41
10804 42
10839 42
10896 42
10955 42
10780 42
11165 43
10721 41
10699 41
10885 42
10710 41
10476 40
10640 41
10476 40
10581 41
11292 44
11071 43
10640 41
11036 43
11585 45
10769 42
11421 44
10780 42
10651 41
10688 41
10640 41
10815 42
10721 41
10944 42
10664 41
10955 42
10791 42
11375 44
11386 44
10511 41
10640 41
10581 41
11119 43
10723 41
11130 43
11701 45
10826 42
10756 42
10874 42
10885 42
10664 41
10699 41
10791 42
11246 43
10874 42
10791 42
11106 43
10756 42
10478 40
11036 43
11003 42
10721 41
11410 44
10662 41
10861 42
11038 43
10885 42
10791 42
10688 41
10686 41
10546 41
10664 41
10780 42
11362 44
10977 42
10979 42
10979 42
10699 41
11095 43
11082 43
11095 43
10489 40
10767 42
10710 41
12018 46
11036 43
10629 41
10885 42
10861 42
10686 41
11130 43
207084 808
10874 42
11060 43
10933 42
11036 43
10885 42
11246 43
10756 42
11119 43
10570 41
10850 42
10723 41
10780 42
10791 42
10664 41
11130 43
10990 42
10896 42
11119 43
10465 40
10815 42
11071 43
10793 42
10944 42
10837 42
11025 43
10896 42
10815 42
11095 43
10979 42
10780 42
11049 43
10767 42
11399 44
11117 43
11003 42
10874 42
10675 41
11084 43
11047 43
10570 41
11003 42
10861 42
10511 41
10524 41
10769 42
10640 41
10583 41
10605 41
11049 43
10756 42
10697 41
11200 43
11224 43
10791 42
10559 41
11025 43
10780 42
11655 45
11036 43
10850 42
10874 42
11025 43
10592 41
10570 41
10686 41
10885 42
11025 43
10675 41
10874 42
10874 42
10944 42
10511 41
10861 42
10898 42
10616 41
3892 15
3692 14
10758 42
11340 44
11119 43
10885 42
10804 42
11130 43
11305 44
10802 42
10732 41
10815 42
10966 42
11224 43
10675 41
10767 42
10511 41
10476 40
10909 42
10594 41
11095 43
11049 43
11014 43
11353 44
10745 41
10570 41
10863 42
10839 42
10662 41
11014 43
10616 41
13184 51
11154 43
10675 41
10651 41
11095 43
10710 41
10710 41
10861 42
10826 42
11084 43
10828 42
10990 42
11270 44
10815 42
12810 50
10629 41
10662 41
10697 41
10745 41
11047 43
11049 43
11480 44
11084 43
10618 41
11141 43
10896 42
10581 41
10850 42
10592 41
10815 42
10979 42
11025 43
10640 41
10522 41
10850 42
10931 42
10758 42
10767 42
11141 43
10863 42
10837 42
10839 42
10734 41
11084 43
3616 14
3680 14
3640 14
10570 41
10802 42
10815 42
11633 45
10629 41
10627 41
10664 41
10920 42
10476 40
10966 42
10804 42
10815 42
10675 41
10815 42
10594 41
10616 41
10756 42
11084 43
10966 42
10745 41
10780 42
10662 41
10452 40
10616 41
10885 42
10802 42
10594 41
10524 41
10500 41
11189 43
11141 43
10977 42
10616 41
10522 41
11025 43
11467 44
10966 42
10979 42
11084 43
10640 41
10662 41
11154 43
10640 41
11143 43
10968 42
10651 41
10699 41
10417 40
10756 42
11119 43
10815 42
10791 42
10850 42
10487 40
10826 42
11340 44
13510 52
10629 41
10756 42
10640 41
11025 43
10734 41
10966 42
10874 42
10581 41
10686 41
11211 43
10828 42
10802 42
10489 40
10920 42
10732 41
10804 42
10686 41
4064 15
3588 14
10780 42
10697 41
11119 43
10920 42
10710 41
10592 41
11014 43
10920 42
11003 42
10990 42
11084 43
10651 41
10688 41
10592 41
10793 42
10942 42
10524 41
3632 14
3720 14
3620 14
11025 43
10686 41
12134 47
11095 43
10990 42
10640 41
10559 41
10478 40
10863 42
10756 42
10594 41
10920 42
11467 44
11060 43
10758 42
10977 42
10791 42
10828 42
10662 41
10909 42
11270 44
11200 43
10570 41
10559 41
10616 41
11049 43
11270 44
11084 43
10583 41
10769 42
10710 41
10734 41
10804 42
10804 42
10802 42
10758 42
10872 42
10522 41
10944 42
10559 41
10909 42
11025 43
10371 40
10756 42
10815 42
10605 41
3704 14
10769 42
10909 42
10898 42
10697 41
10839 42
11480 44
10594 41
10874 42
10885 42
10710 41
10804 42
10885 42
10500 41
10338 40
11095 43
10804 42
10581 41
10756 42
10710 41
3892 15
11469 44
10605 41
10734 41
11095 43
10651 41
10653 41
10675 41
10758 42
10443 40
10605 41
10780 42
10979 42
10804 42
11014 43
10640 41
10850 42
11281 44
11036 43
11200 43
10826 42
10756 42
10944 42
10710 41
10734 41
10826 42
10640 41
11283 44
11364 44
10920 42
10640 41
10839 42
11095 43
10651 41
10605 41
10476 40
11095 43
10616 41
10861 42
10500 41
10452 40
10675 41
10675 41
10896 42
10944 42
10745 41
11305 44
10804 42
10758 42
11362 44
11014 43
10909 42
10605 41
10942 42
10605 41
10581 41
11200 43
10710 41
11235 43
10732 41
10605 41
10699 41
10909 42
10616 41
10406 40
10826 42
10977 42
10618 41
10839 42
10511 41
10769 42
10605 41
11001 42
10931 42
10826 42
10745 41
10885 42
11049 43
10629 41
11106 43
10373 40
11012 43
10570 41
10896 42
10675 41
11038 43
10767 42
11152 43
10710 41
11025 43
10723 41
11095 43
10920 42
11410 44
10872 42
10944 42
10920 42
11270 44
10850 42
10697 41
10662 41
10664 41
11049 43
10885 42
10968 42
11270 44
10688 41
10885 42
10618 41
10500 41
11178 43
10944 42
10780 42
10885 42
10570 41
11329 44
10979 42
11095 43
10640 41
10616 41
10535 41
10898 42
10640 41
10944 42
10664 41
10839 42
11200 43
11211 43
10583 41
10710 41
10570 41
10723 41
10885 42
10839 42
10686 41
11025 43
10618 41
10861 42
10850 42
10664 41
10839 42
10850 42
10548 41
10441 40
10513 41
10966 42
11025 43
12705 49
11246 43
11117 43
11270 44
10826 42
10769 42
10944 42
11025 43
10804 42
10629 41
10769 42
10826 42
10441 40
10478 40
10909 42
10780 42
10780 42
10815 42
10629 41
10688 41
10734 41
10780 42
10465 40
10699 41
10872 42
10907 42
11106 43
11364 44
10675 41
11259 43
10815 42
10909 42
11071 43
11012 43
11049 43
10675 41
10640 41
10955 42
10478 40
11200 43
11633 45
10815 42
10990 42
10793 42
10780 42
10662 41
10651 41
10861 42
11270 44
10688 41
10570 41
11922 46
10920 42
10721 41
11458 44
10605 41
10745 41
10721 41
10662 41
10640 41
10861 42
10780 42
11119 43
10839 42
11305 44
10629 41
10406 40
10850 42
10769 42
10885 42
10583 41
10583 41
10872 42
3716 14
10839 42
