2714578 165
2633960 160
2709221 165
2632794 160
902432 55
902284 55
2765304 168
2633505 160
2631429 160
2632046 160
2630751 160
2633831 160
2716840 165
2632934 160
2713760 165
2632792 160
903008 55
902872 55
2632606 160
2634859 160
2712347 165
2631475 160
2632945 160
2632431 160
2717494 165
2715534 165
2631381 160
2632466 160
2763904 168
2631965 160
2631394 160
2703669 165
2632993 160
2781940 169
2633271 160
2631558 160
2715359 165
2631930 160
902556 55
901924 55
902784 55
2632595 160
2058859 125
902200 55
2632991 160
2631066 160
2783082 169
2715663 165
2633435 160
2633074 160
2632013 160
2687265 164
2632479 160
2631289 160
2632361 160
902284 55
2632606 160
2762935 168
2707471 165
2715510 165
2631125 160
2632105 160
1814847 110
902148 55
2631217 160
2632829 160
2633085 160
2632151 160
2796699 170
2633284 160
2629655 160
2740535 167
2632805 160
2633387 160
2706528 165
2712815 165
2709536 165
2632011 160
902644 55
902368 55
2634638 160
2631943 160
2630646 160
2633225 160
2726675 166
2629876 160
2631348 160
2791613 170
2633656 160
2708475 165
2632711 160
2632687 160
2634568 160
2707845 165
2632258 160
2632210 160
2632013 160
2711415 165
2631873 160
2632840 160
2770215 169
2708790 165
2715405 165
2632269 160
2631453 160
2790854 170
2630716 160
2630648 160
2634310 160
2788498 170
2632781 160
2633669 160
2708195 165
2631136 160
2631090 160
2710774 165
2633085 160
2704345 165
2631009 160
2631195 160
2629119 160
2634264 160
2632350 160
2632945 160
2715952 165
2762935 168
2630880 160
2632210 160
2707541 165
2632269 160
2633144 160
2799173 170
2632245 160
2634719 160
2762607 168
2632584 160
2631521 160
2632000 160
2630915 160
2803465 171
2716234 165
2631405 160
2715313 165
2633540 160
2633411 160
2631020 160
2631615 160
2720572 166
2633761 160
2632293 160
2632175 160
2631451 160
2728716 166
2632409 160
2633063 160
2713596 165
2632164 160
2630856 160
2631838 160
2630996 160
2713316 165
2633632 160
2632070 160
2630845 160
2633271 160
2721226 166
2630600 160
2632864 160
2632547 160
2633855 160
2632514 160
2633761 160
2632525 160
2765748 168
2631801 160
2632514 160
2713316 165
2632442 160
2631838 160
2632374 160
2709046 165
2632584 160
2633446 160
2761826 168
2632140 160
2715917 165
2631534 160
2630740 160
2760393 168
2629841 160
2634437 160
2713106 165
2632232 160
2713714 165
2630716 160
2632234 160
2719476 165
2632059 160
2632862 160
2716140 165
2632175 160
2632818 160
2633203 160
2631230 160
2711671 165
2630775 160
2632595 160
2760905 168
2633109 160
2633249 160
2632199 160
2633936 160
2782758 169
2630589 160
2716175 165
2705885 165
2715987 165
2633599 160
2631628 160
2632337 160
2692841 164
2632057 160
903056 55
902860 55
2631779 160
2631987 160
2716643 165
2630495 160
2631591 160
2773201 169
2681094 163
2631895 160
2631149 160
2632175 160
2083668 127
902280 55
2776187 169
2631219 160
2630158 160
2788170 170
2630274 160
2632105 160
2631009 160
2632711 160
2723781 166
2631090 160
902412 55
902160 55
2633645 160
2631289 160
2710155 165
2714506 165
2708300 165
2718498 165
902728 55
901932 55
2633376 160
2631068 160
2734270 166
2630856 160
2632641 160
2631895 160
2631707 160
2707274 165
2632361 160
2632409 160
2633494 160
2632711 160
2720165 166
2631348 160
2716070 165
2632116 160
2633190 160
2713690 165
2633133 160
2633002 160
2634019 160
2633177 160
2706165 165
2632455 160
2631661 160
2633599 160
2630823 160
2715359 165
2632991 160
2633306 160
2631707 160
2715534 165
2720900 166
2631160 160
2632304 160
2633761 160
2716197 165
2634450 160
2631475 160
2633424 160
2770449 169
2633002 160
2631534 160
2708731 165
2632549 160
2632711 160
2633026 160
2631777 160
2705734 165
2632910 160
2632048 160
2632595 160
2634052 160
2632748 160
2714320 165
2632291 160
2708698 165
968948 59
902060 55
968656 59
902592 55
2632829 160
2716514 165
2632958 160
2633085 160
2632326 160
2706130 165
2631639 160
903056 55
902940 55
2256560 137
2632258 160
2631919 160
2633107 160
2632186 160
2781369 169
2632083 160
2630635 160
2696728 164
2632792 160
2632827 160
2634391 160
2632700 160
2713607 165
2717726 165
2631066 160
2633446 160
2633177 160
2705979 165
2631766 160
2631497 160
2710179 165
2633772 160
2633317 160
2630681 160
2633435 160
2710002 165
2632805 160
2632223 160
2632643 160
2632549 160
2715965 165
2633411 160
2632722 160
2632757 160
2633564 160
2729661 166
2632221 160
2633015 160
2632781 160
2632501 160
2807910 171
2633295 160
2633400 160
2720841 166
2633260 160
2721893 166
2631077 160
2631978 160
2632969 160
2632923 160
2721156 166
2630646 160
2632525 160
2631300 160
2632304 160
2717772 165
2633212 160
2633284 160
2631346 160
2632396 160
2633039 160
2716958 165
2633225 160
902460 55
902840 55
2633306 160
2633330 160
2632291 160
2630939 160
2632875 160
2756705 168
2633109 160
2631521 160
2632700 160
2632945 160
1517460 92
902580 55
2633061 160
2632746 160
2709991 165
2631919 160
2632070 160
2632619 160
2718251 165
2639455 161
2633004 160
2633435 160
2837929 173
2633284 160
2632864 160
2633015 160
2631580 160
2769935 169
2632269 160
2633435 160
2632501 160
2632304 160
2774472 169
2720924 166
2632431 160
2711345 165
2631755 160
969772 59
902512 55
2633177 160
2632442 160
2632210 160
2706922 165
2632805 160
2631591 160
2633177 160
2715545 165
2631300 160
2633096 160
2632641 160
2799219 170
2630902 160
2632711 160
2632665 160
2633785 160
2636749 160
2631440 160
2811130 171
2631766 160
2630202 160
2703750 165
2720736 166
2635546 160
2630939 160
2632024 160
2714985 165
2632197 160
2633354 160
2770961 169
2631709 160
2632433 160
2631661 160
2632853 160
2568547 156
902992 55
2631488 160
2633529 160
2813031 171
2632199 160
2632783 160
2632958 160
2718192 165
2689588 164
2631884 160
2633247 160
2632396 160
2632444 160
2692948 164
2632339 160
2632199 160
2769305 169
2631416 160
2634577 160
2632606 160
2632175 160
2766505 168
2713841 165
2632851 160
2630972 160
2631779 160
1517458 92
903040 55
902936 55
2631814 160
2633317 160
2726395 166
2631499 160
2631475 160
2707972 165
2630285 160
2630156 160
2634999 160
2633505 160
2720327 166
2632573 160
2717949 165
2420501 147
902624 55
2631521 160
2632245 160
2787564 170
2632444 160
2631311 160
2632888 160
2632455 160
2632363 160
2632934 160
2633037 160
2796115 170
2632560 160
2633330 160
2630473 160
2718017 165
2633179 160
2632910 160
2631381 160
2707589 165
2631219 160
2633446 160
2631300 160
2632770 160
2632945 160
2631838 160
2715241 165
2710529 165
2632197 160
2713084 165
2719371 165
2631849 160
2633938 160
2712546 165
2719966 166
2632059 160
2633492 160
2710680 165
2632969 160
2632840 160
2632326 160
2633597 160
2720364 166
2631219 160
2632385 160
2633844 160
2630543 160
2636913 160
2718520 165
2632024 160
2632291 160
2632980 160
2707810 165
2632337 160
2633680 160
2629633 160
2633131 160
2712185 165
2633890 160
2633225 160
2631171 160
2632153 160
2715790 165
2631254 160
2722147 166
2633026 160
2631930 160
2790130 170
2630296 160
2632501 160
2632291 160
2631965 160
2715510 165
2632046 160
2632525 160
2632514 160
902356 55
2770506 169
2633225 160
2632337 160
2633785 160
2632584 160
2764031 168
2632687 160
2632398 160
2631184 160
2633599 160
902944 55
902336 55
2633365 160
2636806 160
2706690 165
2714226 165
2632560 160
2631790 160
2717610 165
2717715 165
2633446 160
2633133 160
2633925 160
2631768 160
2708254 165
2632676 160
2631230 160
2630998 160
2726023 166
2632035 160
2634076 160
2717551 165
902120 55
2634006 160
2632153 160
2632234 160
2715895 165
2709665 165
2631755 160
2632643 160
2630786 160
2631405 160
2725940 166
2633037 160
2632945 160
2631615 160
2718146 165
2732065 166
2632700 160
2635804 160
2630635 160
2634227 160
2724610 166
2633037 160
2632687 160
2708895 165
2632818 160
2631230 160
2632897 160
2630053 160
2711964 165
2631486 160
2632958 160
2630110 160
2632479 160
2737619 167
2634017 160
2632315 160
2630530 160
2632630 160
2714053 165
2632035 160
2633855 160
2632210 160
2632164 160
2712419 165
2632433 160
2631090 160
2781660 169
2634391 160
2632735 160
2633667 160
2632291 160
2855160 174
2634566 160
2631919 160
2631849 160
2630823 160
2634415 160
2631943 160
2633109 160
2711065 165
2633284 160
2634789 160
2711870 165
2629806 160
2632280 160
2633319 160
2632875 160
2723339 166
2631206 160
2631755 160
2812869 171
2632641 160
2713399 165
2632711 160
2718369 165
2768454 168
2634380 160
2633949 160
2631114 160
2634439 160
2761231 168
2633166 160
2632385 160
2633260 160
2631685 160
2781590 169
2632094 160
2632385 160
2633249 160
2629771 160
2761233 168
2631486 160
2633004 160
2631790 160
2709759 165
1837643 112
902400 55
2632945 160
2632547 160
2796769 170
2632770 160
2717914 165
2630366 160
2631895 160
2632234 160
2634205 160
2630705 160
2774008 169
2630543 160
2631044 160
2631825 160
2634485 160
2829868 172
2631101 160
2713900 165
2631195 160
2718975 165
2759494 168
2633039 160
2633144 160
2632199 160
2631545 160
2080639 126
902548 55
2632081 160
2632337 160
2631755 160
2634811 160
2632151 160
2788089 170
2632993 160
2631943 160
2632722 160
2630167 160
2842186 173
2631532 160
2716431 165
2632022 160
2630215 160
2791121 170
2631451 160
2633236 160
2631696 160
2633037 160
2797187 170
2632897 160
2631860 160
2715626 165
2632059 160
2632853 160
2634671 160
2630215 160
2733010 166
2631278 160
2633669 160
2632724 160
2632223 160
2718870 165
2632199 160
2633063 160
2695888 164
2632396 160
2632094 160
2632011 160
2714775 165
2709256 165
2629738 160
2632186 160
2634824 160
2632407 160
2705756 165
2632525 160
2632560 160
2718835 165
2630670 160
2720095 166
2632595 160
2632829 160
2633354 160
2706259 165
2697052 164
2632186 160
2632420 160
2633446 160
2632164 160
2633632 160
2632127 160
2632258 160
2839305 173
2633831 160
2632326 160
2630005 160
2632665 160
2012196 122
902984 55
1801898 109
2631987 160
2631895 160
2629911 160
2732334 166
2633470 160
2632641 160
2718883 165
2633354 160
2736720 167
2633378 160
2631987 160
2631219 160
2708265 165
2632899 160
2633890 160
2630939 160
2633667 160
2728333 166
2631521 160
2633319 160
2714051 165
2631615 160
2742425 167
2630670 160
2631615 160
2633947 160
902772 55
2630099 160
2632700 160
2714799 165
2632444 160
2632070 160
2632888 160
2632118 160
2713318 165
2712721 165
2632689 160
2632735 160
2632433 160
2713876 165
2631919 160
902816 55
902516 55
2632805 160
2635325 160
2631090 160
2634426 160
2721495 166
2630202 160
2634076 160
2633831 160
2632302 160
2712839 165
2632538 160
2632630 160
2719093 165
2632105 160
2712115 165
2631849 160
903052 55
902772 55
2633225 160
2631790 160
2632223 160
902432 55
2715952 165
2631184 160
903112 55
902412 55
2632304 160
2629959 160
2634194 160
2717610 165
2631311 160
2632853 160
2778591 169
2631766 160
2631031 160
2634030 160
2703516 165
2754069 168
2631405 160
2633037 160
2632116 160
2632129 160
1240945 75
903044 55
903308 55
2632875 160
2707858 165
2632326 160
2633424 160
2714611 165
2632048 160
2630823 160
2632035 160
902884 55
2632396 160
2633249 160
2708884 165
2629922 160
2631335 160
2774638 169
2634124 160
2630775 160
2630449 160
2633015 160
2760695 168
2632081 160
2717214 165
2699773 164
2632991 160
2633645 160
2633074 160
2632851 160
2709722 165
2704638 165
903116 55
902108 55
2640462 161
2631031 160
2631941 160
2705277 165
2632153 160
2711100 165
2632536 160
2633273 160
2720596 166
2633807 160
2632584 160
2633271 160
2630902 160
2710260 165
2632420 160
2632735 160
2631523 160
902308 55
2632372 160
2632197 160
2713200 165
2632840 160
2633365 160
2631125 160
2632713 160
2693740 164
2632000 160
2632479 160
2790165 170
901988 55
2633249 160
2768163 168
2632724 160
2634264 160
2632000 160
2632571 160
2786269 170
2631138 160
2631989 160
2633214 160
2716910 165
2778287 169
2631160 160
2634415 160
2631348 160
2632059 160
1709684 104
903156 55
2632735 160
2633155 160
2633540 160
2833191 172
2632070 160
2713224 165
2633284 160
2633236 160
2632420 160
2632304 160
2844426 173
2631300 160
2632304 160
2727747 166
2632175 160
2632374 160
2633947 160
2632571 160
2706410 165
