5350719 163
1834360 55
5348433 163
5351325 163
5531376 168
5350124 163
3235939 98
1834180 55
4748200 144
5348584 163
1833664 55
1834200 55
1834440 55
3777692 115
5347709 163
4451044 135
3734862 113
5350380 163
5559982 169
5350262 163
1833648 55
1834664 55
3377472 103
5420297 165
5349925 163
5415351 165
5349284 163
1834436 55
5423578 165
5351242 163
1834664 55
5349505 163
5567299 169
1901996 58
4209118 128
5349680 163
5347803 163
5348361 163
4093659 124
2125716 64
5350415 163
5513817 168
5523969 168
1834740 55
1834292 55
5436865 165
5350752 163
5441275 166
4330688 132
2767655 84
5349610 163
5591471 170
5427905 165
1833920 55
5445720 166
5487101 167
1834132 55
5349411 163
5440691 166
5416600 165
5348490 163
1834080 55
5591156 170
5351933 163
5351489 163
5087538 155
3945500 120
5348676 163
5350730 163
5428686 165
1833572 55
5347475 163
5349715 163
5454763 166
5349435 163
5425606 165
5349365 163
5481140 167
5439862 166
5434684 165
5057752 154
4613135 140
5430226 165
1834212 55
5349575 163
5514530 168
5426947 165
5350859 163
5437797 165
5349529 163
5350778 163
5347346 163
5349936 163
5351662 163
5435605 165
5348619 163
5500099 167
5427695 165
5423051 165
5350041 163
5349879 163
3826392 116
1834888 55
5351371 163
5442640 166
4764047 145
2707164 82
5350544 163
5553183 169
5427590 165
5349273 163
5456721 166
5349667 163
5350649 163
5414069 165
5347860 163
5428697 165
5443060 166
5411094 165
5439700 166
5404105 164
5350076 163
5410265 165
5349984 163
1837208 56
5437169 165
5348105 163
5369993 163
5465587 166
5349785 163
5490975 167
5350030 163
5441940 166
5487418 167
5350485 163
5450609 166
1834208 55
5441369 166
5350262 163
5434439 165
5348536 163
1834552 55
4670590 142
5412597 165
5351618 163
5428618 165
5348549 163
5351664 163
5432269 165
5350216 163
5433693 165
5443633 166
5523665 168
5437683 165
1833756 55
4174814 127
5347733 163
5524610 168
5438394 165
5350590 163
5457211 166
1834644 55
5440575 166
5494545 167
1834292 55
1833980 55
5347930 163
5349142 163
5350006 163
5438941 165
1833752 55
1834408 55
1834884 55
5561570 169
5350205 163
5428804 165
5351336 163
5351150 163
5350647 163
5438217 165
5349411 163
5427962 165
5439864 166
5353005 163
5563845 169
2332033 71
5353051 163
5566365 169
5350122 163
1834700 55
5347919 163
5352819 163
5348315 163
5350310 163
1833588 55
5439536 166
5350135 163
5436036 165
5350660 163
1834580 55
5438812 165
5353762 163
5411221 165
5350310 163
1833492 55
4365525 133
5429889 165
1833728 55
5348724 163
5526804 168
1900980 58
5442395 166
5429679 165
5428570 165
5350148 163
1838268 56
5539380 169
5366221 163
3046162 92
5439969 166
5349529 163
5403602 164
1834600 55
2973262 90
5349435 163
3512094 107
3916569 119
5348851 163
5433144 165
5424534 165
1834100 55
5434986 165
5350299 163
1834096 55
5441437 166
5429900 165
1833972 55
4585490 139
5349225 163
5349190 163
5411816 165
5437880 165
5424475 165
1834384 55
5503201 167
5350717 163
5421395 165
5348654 163
1833956 55
4583920 139
5504006 167
1908088 58
5350367 163
5555911 169
5432258 165
5349376 163
5417836 165
5349868 163
5442662 166
5349704 163
5347954 163
5350811 163
5507471 168
5352259 163
1833612 55
3007912 91
5349341 163
5432921 165
5349039 163
5351570 163
5450666 166
5443852 166
5350789 163
5010918 152
1834132 55
5434065 165
5446013 166
5405925 164
5349341 163
5415375 165
5436655 165
5426015 165
5350940 163
5420019 165
5351268 163
1834140 55
5435627 165
5349516 163
5449349 166
5349085 163
5416705 165
5351080 163
1834380 55
5421465 165
5351056 163
1834356 55
4584820 139
5350205 163
5348956 163
5410313 165
5349866 163
5424138 165
5444086 166
5350402 163
5422410 165
5349190 163
1834292 55
2860036 87
5348606 163
4623091 141
2288848 69
5349597 163
5466007 166
5443574 166
5354265 163
5350940 163
5437764 165
5409158 165
5351907 163
5351382 163
5350509 163
5348477 163
5350135 163
5440470 166
5441905 166
5350741 163
5452077 166
5349074 163
1833616 55
3543986 108
5440971 166
3344784 102
1833796 55
5428406 165
5350743 163
5404547 164
5350636 163
1834396 55
3938340 120
5349459 163
1834832 55
1834804 55
5350472 163
5432899 165
1901172 58
5450351 166
5431709 165
5427111 165
5350461 163
1834500 55
4583220 139
5423449 165
5349540 163
5423062 165
1834144 55
1834416 55
5428745 165
5348967 163
5350590 163
5556694 169
5350649 163
2863007 87
1833980 55
5420555 165
5347510 163
5420824 165
5349761 163
1834660 55
4585790 139
5432584 165
5350555 163
5515125 168
5349050 163
5349796 163
5415677 165
5349400 163
5514543 168
5438860 165
1834496 55
2060110 62
5459696 166
5348818 163
5456174 166
5349446 163
5450305 166
5350428 163
1834136 55
1998746 60
5518638 168
5350043 163
5362164 163
5466766 166
5348794 163
2867533 87
1833624 55
5350030 163
5471806 166
5435756 165
2524748 77
1834676 55
5417044 165
5351955 163
5425105 165
5349131 163
1833924 55
1904184 58
1834376 55
5349984 163
5349938 163
5423226 165
5438882 165
5524855 168
5351804 163
1834836 55
4589020 140
5349669 163
5351185 163
5499585 167
1834608 55
5350240 163
5409821 165
5441135 166
5407126 165
5351115 163
5351697 163
5437158 165
5440693 166
5451482 166
5350369 163
1839248 56
3379467 103
5350752 163
5422679 165
5437705 165
5434380 165
5349214 163
5350146 163
5399765 164
5441555 166
1834440 55
5349107 163
5350859 163
5559564 169
5351640 163
5460221 166
5347801 163
1833952 55
1834280 55
5455216 166
5350660 163
5443421 166
5441216 166
1834232 55
1834228 55
1834288 55
1835028 56
3429944 104
5349004 163
5350251 163
5349400 163
1834356 55
1833632 55
3432296 104
5415434 165
5349901 163
5433400 165
5443515 166
5350824 163
5408819 165
5349879 163
5421161 165
5437799 165
5532579 168
5351675 163
5450141 166
5350883 163
5437635 165
5433562 165
5507648 168
5350848 163
5417978 165
5350017 163
5430554 165
5352399 163
5505931 168
5350100 163
5448450 166
5350030 163
5408340 165
5348245 163
5499690 167
5351360 163
5349365 163
5446501 166
5303029 161
1834428 55
5536580 168
5349529 163
2874757 87
1834092 55
2917298 89
5438615 165
5349177 163
5497988 167
5349691 163
5440109 166
5432162 165
5349820 163
5478959 167
5349074 163
5424440 165
5438429 165
5433459 165
5350883 163
5421489 165
5349960 163
5443970 166
5435150 165
1833508 55
1834096 55
3431960 104
5351476 163
5348805 163
5438661 165
1833760 55
5421430 165
5433599 165
5467059 166
5348641 163
1834068 55
1834748 55
3775604 115
5349949 163
1834072 55
1833136 55
5351419 163
5441625 166
1834280 55
1834664 55
3377962 103
5351513 163
5350953 163
5422259 165
5442664 166
5429491 165
5346821 163
5349085 163
1833824 55
1834220 55
1834504 55
5426575 165
5349877 163
5425829 165
5432350 165
5350682 163
1834284 55
4584950 139
5421161 165
5435045 165
5403556 164
1834104 55
5350765 163
5349435 163
5439746 166
5459663 166
1834452 55
5440085 166
5348199 163
1834336 55
5447236 166
5437635 165
5453969 166
5349750 163
1833880 55
5537000 168
5347112 163
5458996 166
5350835 163
1904716 58
5438230 165
5351454 163
1904700 58
4586990 139
5409355 165
5349459 163
5509057 168
1833840 55
5417357 165
5437880 165
1834356 55
5350918 163
5350601 163
5411057 165
5351723 163
5434006 165
5348094 163
5350415 163
5473230 167
5350404 163
1836576 56
5142972 156
5350951 163
5348665 163
5419308 165
1835040 56
5350288 163
5444355 166
5351465 163
5347042 163
5350041 163
5433842 165
1834132 55
5350262 163
5348538 163
5576353 170
5349446 163
1834516 55
3624870 110
5348385 163
5491500 167
5433971 165
1901928 58
5349960 163
5427883 165
5433061 165
5349120 163
1832856 55
4585850 139
5414745 165
1834196 55
1834052 55
5431311 165
5441019 166
5351710 163
5348280 163
5437366 165
3325494 101
4065817 124
5347941 163
5351395 163
5412459 165
1834044 55
3740122 114
5437788 165
1835800 56
1834616 55
5351301 163
5443701 166
5423191 165
5350706 163
5423471 165
5351336 163
1834980 55
5414489 165
5348910 163
5494241 167
5350964 163
5449290 166
5352130 163
5435115 165
5348267 163
5460619 166
5346600 163
5351419 163
4732435 144
1834700 55
4586910 139
5348724 163
5349807 163
5422270 165
5350076 163
5412564 165
5443620 166
5457130 166
5350310 163
1832988 55
3523913 107
1833908 55
3849484 117
5436539 165
5347685 163
5349260 163
5429281 165
5440739 166
1833664 55
1834516 55
1834492 55
1834308 55
4280008 130
5433971 165
5347766 163
1833944 55
5010946 152
1834244 55
5350940 163
5026645 153
4596756 140
5349061 163
5440236 166
5413614 165
1834852 55
1833624 55
4380108 133
5351861 163
5444401 166
5346869 163
5422843 165
5349903 163
5441962 166
5429493 165
5438523 165
5437366 165
5350087 163
5411536 165
5350253 163
5538039 169
5347195 163
1834276 55
5347954 163
5432304 165
1834412 55
5349435 163
5352679 163
1834440 55
1834296 55
3776564 115
3638270 111
2441885 74
5349529 163
3087953 94
1834452 55
5352211 163
5469275 166
5349763 163
5440925 166
4834845 147
1834140 55
3860116 117
5349190 163
1908860 58
1833948 55
1834548 55
1834448 55
4679170 142
5431381 165
1834656 55
5435056 165
5349365 163
1834608 55
5511135 168
5347289 163
5351898 163
5522381 168
5351430 163
2625143 80
3016312 92
5348374 163
2159008 65
1834484 55
4585230 139
5348549 163
5439164 165
5541375 169
5350496 163
1834912 55
1834060 55
3776228 115
5424860 165
5438521 165
5470581 166
5430915 165
5352876 163
1834172 55
5502140 167
5350345 163
5423040 165
5348969 163
1834660 55
5502781 167
5351745 163
5351804 163
5480160 167
5350671 163
5479565 167
5351605 163
5442616 166
5486578 167
5439057 165
5350507 163
1834324 55
5513316 168
5347615 163
5463417 166
5351093 163
1834136 55
5499959 167
5351045 163
5423379 165
5349214 163
1834048 55
5421675 165
1834260 55
5463196 166
5440330 166
5432617 165
1834372 55
1871200 57
3433731 104
5447890 166
5444366 166
5509875 168
1834496 55
5508755 168
5350857 163
5517457 168
5349201 163
5350146 163
5350299 163
5350708 163
3715050 113
1834628 55
5428185 165
5351023 163
5436141 165
5350183 163
1833536 55
4586720 139
5410639 165
5349492 163
5454669 166
5348991 163
5350437 163
5351476 163
5351734 163
5524564 168
5431243 165
1834384 55
5352025 163
5350660 163
1834156 55
1833856 55
5431497 165
5350297 163
1833916 55
5446326 166
5350030 163
1834364 55
5466591 166
5348584 163
5463115 166
5351080 163
1833620 55
5432991 165
5348013 163
5351233 163
5348571 163
1833808 55
5471259 166
5350437 163
1833688 55
5451134 166
5349352 163
5424392 165
5348573 163
1834296 55
4823720 147
5350846 163
5351244 163
5420461 165
1834104 55
1906096 58
5350192 163
5444519 166
1834160 55
1833984 55
5448870 166
5349516 163
5350894 163
5499281 167
5526535 168
2176510 66
1834236 55
5349470 163
5432059 165
5351489 163
5349422 163
5431252 165
5350229 163
5464305 166
5350391 163
1907796 58
5445965 166
5429187 165
5349260 163
5363306 163
1833404 55
5448391 166
5351769 163
1834544 55
5423285 165
5350334 163
1834256 55
5497730 167
5530094 168
5349820 163
1834780 55
1834212 55
5528858 168
5349341 163
5440925 166
5420437 165
1834068 55
5348245 163
5498268 167
1948520 59
5424569 165
5491570 167
5466440 166
5350310 163
1835032 56
5490929 167
5558304 169
5348468 163
1838572 56
1834660 55
4278892 130
5465005 166
5350216 163
2740977 83
1834132 55
5352270 163
5436281 165
5348899 163
5349015 163
5347289 163
5350918 163
5401574 164
5349026 163
5446687 166
5519909 168
1833680 55
1834196 55
5412330 165
5349809 163
1834100 55
2263170 69
5417803 165
5349564 163
5430145 165
5347300 163
1834808 55
5350065 163
5351850 163
5416296 165
5348363 163
5430086 165
5492187 167
1834980 55
5458110 166
5350719 163
1833852 55
5448124 166
5351721 163
5440142 166
5508254 168
5351675 163
5349306 163
1833956 55
1833660 55
3776132 115
3545501 108
1833984 55
4585260 139
5441800 166
5428489 165
5411923 165
5348899 163
5420404 165
5349190 163
5414395 165
5348210 163
5431755 165
5350743 163
5487637 167
5348678 163
5560789 169
5351395 163
1833268 55
4583040 139
5347136 163
5422025 165
5350286 163
5427730 165
5350019 163
5355374 163
5518765 168
5432013 165
5349890 163
5349562 163
5459532 166
