212426 25
213161 26
212229 25
210455 25
211039 25
211190 25
211971 25
210932 25
197901 24
211236 25
196910 24
292261 35
212601 25
211166 25
210746 25
211120 25
211798 25
211680 25
212835 25
211249 25
196829 24
212111 25
211809 25
211820 25
214493 26
210269 25
212614 25
212111 25
212065 25
212078 25
211365 25
379109 46
211774 25
211424 25
212380 25
210700 25
211750 25
211796 25
211448 25
211575 25
212157 25
212334 25
212765 25
212078 25
212544 25
211599 25
212544 25
212415 25
211796 25
212065 25
212730 25
212345 25
212509 25
212859 25
212345 25
212940 25
212905 25
212789 25
204597 24
212415 25
211249 25
212170 25
211540 25
214773 26
211214 25
212054 25
210945 25
211621 25
211809 25
210770 25
211680 25
211750 25
212323 25
211155 25
212765 25
211936 25
211890 25
211903 25
211212 25
211621 25
211039 25
212776 25
212647 25
212531 25
212181 25
211422 25
197225 24
196105 23
212824 25
211925 25
211330 25
213104 26
212192 25
210689 25
211424 25
211588 25
212275 25
212216 25
211341 25
211890 25
279580 34
211726 25
212426 25
211225 25
212264 25
212997 26
211680 25
211949 25
212999 26
212568 25
211925 25
319782 39
212776 25
212636 25
212227 25
210851 25
211621 25
211201 25
212754 25
212426 25
211855 25
211354 25
285939 34
211015 25
212485 25
211459 25
224304 27
196991 24
211201 25
211039 25
212439 25
211831 25
212286 25
211177 25
211505 25
212345 25
210818 25
211109 25
248909 30
211855 25
211855 25
212531 25
211120 25
211772 25
211855 25
212450 25
212463 25
211411 25
210840 25
212052 25
210678 25
212216 25
212706 25
211037 25
212555 25
212916 25
212100 25
211271 25
294466 35
213034 26
212229 25
211341 25
212135 25
212509 25
211039 25
211109 25
211527 25
212684 25
213489 26
211632 25
212297 25
238525 29
211459 25
211422 25
211492 25
211376 25
211879 25
211866 25
206174 25
212170 25
212356 25
211842 25
212636 25
212404 25
211387 25
212332 25
212765 25
211273 25
211726 25
211960 25
211995 25
213209 26
212229 25
211387 25
211984 25
211833 25
212253 25
212054 25
211378 25
211610 25
212006 25
212461 25
211282 25
210350 25
212555 25
212590 25
211505 25
211481 25
212730 25
212030 25
213058 26
212008 25
211763 25
212332 25
212671 25
211949 25
212065 25
210678 25
213091 26
211820 25
211562 25
212415 25
212240 25
210678 25
211026 25
212426 25
212159 25
212520 25
211317 25
211085 25
212299 25
211306 25
211354 25
299519 36
210851 25
210700 25
211879 25
212986 25
211317 25
211168 25
211446 25
211459 25
211260 25
210932 25
211424 25
211411 25
212835 25
212883 25
211925 25
211553 25
211457 25
212264 25
213093 26
212647 25
212520 25
212146 25
212568 25
212859 25
212590 25
212229 25
211435 25
210455 25
211890 25
212251 25
211971 25
196770 24
211540 25
212205 25
211890 25
211435 25
212496 25
211214 25
212100 25
210466 25
296041 36
212927 25
212544 25
211772 25
210980 25
198463 24
211120 25
212905 25
210573 25
211004 25
211914 25
212647 25
212334 25
211319 25
211446 25
210678 25
211820 25
211389 25
211085 25
210210 25
211050 25
212054 25
212006 25
211459 25
212240 25
211564 25
211155 25
211831 25
211400 25
212927 25
210479 25
210993 25
211201 25
211656 25
211702 25
212870 25
213172 26
211798 25
212719 25
212625 25
302190 36
212159 25
197505 24
212450 25
213266 26
211015 25
211411 25
212369 25
211610 25
212741 25
210536 25
300475 36
211901 25
211435 25
212393 25
212216 25
212509 25
212030 25
211739 25
212706 25
212892 25
211728 25
211002 25
212531 25
212439 25
212192 25
212100 25
211820 25
212310 25
211645 25
211715 25
211319 25
212122 25
212367 25
241874 29
213080 26
212345 25
72280 8
212030 25
212264 25
211855 25
304277 37
211365 25
212146 25
211844 25
211483 25
212275 25
211260 25
211201 25
211015 25
211586 25
211481 25
370871 45
212485 25
211645 25
211413 25
212404 25
212297 25
211179 25
211387 25
212590 25
211599 25
197096 24
211586 25
197669 24
210560 25
211214 25
212089 25
211505 25
212087 25
211914 25
211925 25
212183 25
212404 25
211518 25
211597 25
211691 25
196921 24
213441 26
212498 25
211446 25
233006 28
212380 25
210827 25
211529 25
211621 25
211074 25
211680 25
210980 25
211004 25
212205 25
211750 25
212426 25
210910 25
212975 25
212205 25
212041 25
212135 25
212566 25
211282 25
211505 25
211120 25
211529 25
212625 25
212041 25
212264 25
211343 25
211400 25
211260 25
212240 25
212625 25
211389 25
211667 25
212240 25
211389 25
212509 25
212111 25
212262 25
211457 25
212776 25
289251 35
211761 25
213045 26
211459 25
211890 25
212590 25
212227 25
478170 58
212579 25
211691 25
213093 26
212124 25
211936 25
211750 25
212986 25
211527 25
211949 25
212824 25
212089 25
212216 25
212894 25
197809 24
211632 25
213373 26
211809 25
210827 25
211774 25
212496 25
212708 25
419919 51
211190 25
211844 25
211656 25
212135 25
210781 25
212356 25
211599 25
212472 25
212006 25
211459 25
212321 25
212297 25
211564 25
212415 25
212671 25
212227 25
212601 25
211680 25
211540 25
212216 25
212299 25
211284 25
212754 25
211726 25
197085 24
213032 26
212682 25
212988 25
212369 25
294083 35
212159 25
212647 25
211144 25
211938 25
212297 25
211212 25
212205 25
212450 25
211109 25
212380 25
211586 25
211529 25
212078 25
212625 25
212859 25
212310 25
212730 25
211599 25
212555 25
212800 25
211575 25
212660 25
211096 25
212870 25
211914 25
211133 25
211575 25
212848 25
197002 24
212520 25
211004 25
211365 25
212124 25
211481 25
248476 30
211704 25
212765 25
211820 25
211669 25
212590 25
212170 25
211470 25
210700 25
211028 25
212264 25
211365 25
212660 25
212695 25
212264 25
212146 25
212240 25
212275 25
212577 25
72484 8
211168 25
211540 25
211807 25
211190 25
212356 25
211400 25
196687 24
213115 26
211680 25
212509 25
211796 25
212380 25
211015 25
378722 46
211249 25
212334 25
210304 25
211260 25
212706 25
210711 25
212881 25
212251 25
212006 25
212288 25
212380 25
212205 25
211925 25
212474 25
212345 25
211050 25
213161 26
213056 26
211446 25
211925 25
212555 25
212124 25
211354 25
211435 25
211634 25
212251 25
212356 25
212170 25
212835 25
212240 25
210678 25
212870 25
212811 25
211879 25
211284 25
212474 25
211774 25
211750 25
212404 25
213406 26
211984 25
210676 25
211483 25
212601 25
211015 25
211529 25
211785 25
212310 25
211774 25
212603 25
213489 26
211715 25
212345 25
211201 25
212356 25
212019 25
212159 25
212148 25
211516 25
212496 25
211820 25
210433 25
211960 25
212951 25
212450 25
211761 25
212194 25
210221 25
210385 25
211295 25
212380 25
235353 28
212765 25
210945 25
211166 25
213535 26
211774 25
212450 25
373404 45
212612 25
212437 25
212719 25
212227 25
211354 25
211669 25
212369 25
211015 25
212719 25
211807 25
212695 25
211319 25
211483 25
211494 25
212135 25
210851 25
212671 25
211680 25
212881 25
212006 25
212614 25
212019 25
212076 25
212041 25
212170 25
211704 25
211960 25
212789 25
212310 25
212076 25
210851 25
212135 25
211505 25
211621 25
211201 25
211877 25
212426 25
213161 26
211949 25
211645 25
212719 25
316190 38
211435 25
212065 25
211890 25
212251 25
211960 25
212787 25
211995 25
211015 25
210980 25
212205 25
212542 25
211271 25
211330 25
211564 25
211330 25
212461 25
211761 25
211494 25
211855 25
212463 25
211144 25
211704 25
211448 25
210490 25
212450 25
211820 25
210888 25
211623 25
211540 25
212216 25
212227 25
212356 25
211809 25
211365 25
211540 25
211236 25
211376 25
211341 25
211026 25
212135 25
212065 25
212240 25
212323 25
212964 25
212194 25
212509 25
210258 25
211015 25
211400 25
211330 25
211155 25
214200 26
211553 25
211190 25
211483 25
211085 25
210654 25
211225 25
209908 25
379435 46
211061 25
212485 25
212124 25
211879 25
211621 25
211236 25
212496 25
211028 25
212520 25
211715 25
228644 27
212951 25
212113 25
211282 25
211273 25
212439 25
212813 25
212741 25
212706 25
212181 25
211820 25
211448 25
211505 25
212089 25
211890 25
275076 33
212391 25
212835 25
211330 25
212789 25
211588 25
210641 25
212240 25
211492 25
211656 25
212730 25
211866 25
212380 25
212485 25
212695 25
212288 25
211459 25
211354 25
212439 25
212695 25
212439 25
211796 25
212822 25
213277 26
212450 25
212135 25
211669 25
211656 25
212824 25
212916 25
212192 25
212030 25
211505 25
211190 25
211144 25
211562 25
349521 42
211763 25
212754 25
212146 25
211050 25
212765 25
211564 25
212660 25
211656 25
212660 25
213067 26
211352 25
211120 25
210468 25
213163 26
212660 25
212380 25
211481 25
211796 25
212636 25
223674 27
211925 25
211236 25
212087 25
212229 25
212006 25
211610 25
211844 25
212253 25
212299 25
355495 43
212892 25
211680 25
213255 26
212647 25
212743 25
213220 26
246575 30
212883 25
211155 25
211809 25
211691 25
210851 25
211284 25
211459 25
212485 25
212332 25
212157 25
211866 25
212975 25
210993 25
212380 25
212065 25
212509 25
212216 25
212765 25
212065 25
305108 37
293989 35
212052 25
212216 25
211726 25
212461 25
211575 25
211669 25
211505 25
196293 23
211925 25
295715 36
211704 25
212800 25
211575 25
211772 25
212684 25
402699 49
212684 25
211238 25
211424 25
212111 25
211527 25
212297 25
212695 25
212218 25
211831 25
211109 25
211586 25
211378 25
211459 25
212006 25
212299 25
211050 25
211295 25
211518 25
312423 38
212356 25
211446 25
212019 25
212253 25
211984 25
211936 25
212916 25
211249 25
212811 25
212192 25
211960 25
212345 25
212813 25
212345 25
211422 25
212019 25
327506 39
212253 25
211015 25
211632 25
211936 25
212087 25
212695 25
210770 25
210910 25
211448 25
212496 25
212566 25
211785 25
211645 25
211562 25
210840 25
211225 25
211236 25
212520 25
212227 25
212671 25
211387 25
211516 25
405357 49
211179 25
211096 25
212706 25
210864 25
211212 25
211306 25
212730 25
212367 25
211634 25
211271 25
387811 47
210888 25
212065 25
212824 25
211691 25
211912 25
196571 23
211669 25
388966 47
211144 25
211772 25
211352 25
211481 25
196477 23
211133 25
210851 25
196525 23
210291 25
211914 25
212087 25
212682 25
212275 25
212601 25
212474 25
212345 25
212404 25
211518 25
212415 25
210234 25
211562 25
212905 25
213815 26
211995 25
197413 24
211820 25
198485 24
211365 25
210547 25
211772 25
212568 25
211772 25
211868 25
211798 25
212135 25
211702 25
212030 25
212251 25
211831 25
212684 25
212461 25
368795 45
211739 25
