159355 25
159449 25
158889 25
159344 25
159027 25
159320 25
158876 25
158935 25
158795 25
159578 25
158922 25
158679 25
159926 26
159530 25
159460 25
158399 25
159425 25
159377 25
158200 25
159613 25
158935 25
244044 39
159460 25
158738 25
159554 25
159121 25
158502 25
159635 25
158690 25
159121 25
157791 25
157990 25
159368 25
159727 25
159285 25
158854 25
159589 25
159202 25
158760 25
148271 24
159296 25
159880 26
159086 25
159040 25
158502 25
158830 25
159075 25
158633 25
158655 25
158819 25
159624 25
159659 25
159272 25
159226 25
159355 25
159624 25
159519 25
159856 26
158830 25
158981 25
159274 25
158771 25
158561 25
158421 25
157734 25
159320 25
159320 25
159390 25
160346 26
159401 25
158305 25
159716 25
159121 25
158224 25
159250 25
158924 25
159333 25
159379 25
159670 25
386424 62
158690 25
159053 25
158819 25
159274 25
159158 25
159029 25
158491 25
159543 25
158655 25
158340 25
159274 25
159845 26
159331 25
158585 25
159040 25
159449 25
159272 25
159600 25
158749 25
159622 25
159589 25
159904 26
158561 25
158957 25
158607 25
158655 25
159425 25
243193 39
159438 25
158340 25
159412 25
159344 25
159751 26
159681 25
319257 51
159296 25
159075 25
159565 25
159447 25
159379 25
159589 25
158876 25
158900 25
158747 25
158666 25
158410 25
263679 42
159950 26
159729 25
159390 25
160451 26
159040 25
159239 25
159029 25
159729 25
158515 25
158784 25
255955 41
158666 25
160090 26
159169 25
159158 25
159727 25
159250 25
159869 26
159368 25
159635 25
242725 39
158502 25
159377 25
158841 25
159797 26
159506 25
159449 25
159657 25
159086 25
160066 26
159460 25
158795 25
158528 25
159764 26
158795 25
160138 26
158421 25
158992 25
54540 8
54560 8
158351 25
159110 25
159298 25
159460 25
158970 25
159412 25
307486 50
158644 25
159646 25
159635 25
158760 25
159237 25
159390 25
159250 25
159062 25
159659 25
159646 25
159460 25
159762 26
159926 26
158515 25
159274 25
158900 25
159880 26
160206 26
158563 25
159123 25
159366 25
159239 25
159611 25
159576 25
158959 25
158876 25
159611 25
159764 26
159471 25
159845 26
159169 25
159412 25
159414 25
159740 25
160125 26
159670 25
159086 25
159578 25
158561 25
159729 25
159298 25
158456 25
159320 25
159110 25
159134 25
158773 25
159134 25
159342 25
158620 25
159051 25
159027 25
158865 25
159670 25
158598 25
159320 25
159495 25
159331 25
159215 25
159027 25
158773 25
158819 25
158959 25
159438 25
159589 25
159307 25
158957 25
160241 26
159460 25
159823 26
159298 25
159611 25
159086 25
158561 25
159611 25
158771 25
158294 25
159016 25
158946 25
159064 25
269441 43
160009 26
148936 24
184905 30
159110 25
159053 25
159482 25
159495 25
158701 25
159484 25
159506 25
159344 25
159705 25
159204 25
159366 25
158222 25
158784 25
158585 25
158924 25
158889 25
159473 25
159379 25
160055 26
159692 25
159110 25
158854 25
159099 25
158913 25
158889 25
158865 25
157909 25
159915 26
158946 25
158959 25
160243 26
158574 25
158841 25
159191 25
158397 25
159134 25
159799 26
159355 25
159040 25
159893 26
159121 25
159622 25
159228 25
158865 25
159320 25
159495 25
159051 25
159062 25
158911 25
159320 25
159460 25
159611 25
159484 25
158983 25
159298 25
158876 25
159904 26
159368 25
159355 25
159110 25
159029 25
159110 25
159506 25
159132 25
158362 25
158467 25
158878 25
160125 26
159274 25
158609 25
159204 25
158607 25
158539 25
158397 25
191019 31
159694 25
159239 25
159436 25
158957 25
160114 26
159473 25
159751 26
158747 25
168396 27
158631 25
160370 26
158561 25
159320 25
159554 25
159753 26
159355 25
159086 25
158983 25
159506 25
191660 31
159062 25
159158 25
158537 25
261404 42
158399 25
158876 25
159600 25
159086 25
159296 25
160136 26
159810 26
158655 25
316599 51
158913 25
159261 25
159845 26
160241 26
159296 25
159716 25
158876 25
158911 25
159261 25
159029 25
158222 25
158865 25
159075 25
158913 25
158948 25
159204 25
159285 25
158082 25
159029 25
159832 26
159099 25
158703 25
158970 25
159902 26
158981 25
158679 25
158609 25
159110 25
159880 26
159764 26
159134 25
158795 25
159110 25
159869 26
158876 25
159517 25
159204 25
158060 25
160007 26
157828 25
159320 25
160031 26
159121 25
159810 26
159016 25
158679 25
159904 26
151329 24
159215 25
159215 25
159366 25
159484 25
158970 25
159226 25
159834 26
159880 26
159180 25
159425 25
159974 26
159110 25
159460 25
159169 25
159086 25
159705 25
159926 26
159215 25
159401 25
158469 25
159110 25
158981 25
159132 25
159099 25
159239 25
158911 25
159075 25
158983 25
159624 25
158130 25
159600 25
159543 25
158423 25
158736 25
159333 25
158876 25
343127 55
159274 25
158819 25
159576 25
160499 26
158493 25
159904 26
158948 25
158572 25
159578 25
159355 25
159928 26
159565 25
158281 25
159296 25
158644 25
158854 25
159005 25
159891 26
159005 25
159193 25
158830 25
159425 25
158493 25
159344 25
158456 25
158935 25
159473 25
159740 25
159915 26
159729 25
158025 25
159753 26
158526 25
159132 25
148131 24
159460 25
159495 25
159438 25
159508 25
159880 26
159390 25
159250 25
159788 26
159250 25
159005 25
160055 26
158924 25
159029 25
158924 25
159541 25
159438 25
159624 25
159064 25
159624 25
159436 25
159705 25
159565 25
158841 25
159832 26
158246 25
160103 26
158609 25
159600 25
159729 25
159541 25
158924 25
158830 25
158550 25
159088 25
158375 25
158795 25
158574 25
159436 25
160101 26
159694 25
159344 25
159727 25
159097 25
287350 46
158924 25
147713 24
159237 25
159261 25
147746 24
158633 25
159226 25
158795 25
159215 25
158224 25
158830 25
159169 25
159226 25
160149 26
159762 26
159961 26
158399 25
159040 25
158423 25
158259 25
159449 25
159600 25
159786 26
159998 26
147923 24
158294 25
147748 24
158550 25
159823 26
158841 25
159027 25
158515 25
159939 26
158959 25
159099 25
178535 29
159191 25
159436 25
159064 25
147641 24
159436 25
159436 25
159414 25
158981 25
159086 25
158749 25
159740 25
158806 25
158889 25
158889 25
159740 25
159368 25
159272 25
159904 26
158491 25
159132 25
159530 25
159272 25
158211 25
159694 25
159727 25
159578 25
158994 25
158318 25
158747 25
159447 25
159740 25
159484 25
159543 25
158922 25
158585 25
159298 25
158596 25
158340 25
159344 25
159110 25
159355 25
158771 25
159285 25
159320 25
159891 26
158981 25
159425 25
159670 25
159541 25
159624 25
159040 25
159401 25
159530 25
159123 25
159530 25
159648 25
159040 25
158957 25
158992 25
159447 25
159110 25
158970 25
324251 52
159379 25
159530 25
158248 25
159624 25
158911 25
159648 25
158795 25
158948 25
159272 25
159587 25
160429 26
159657 25
159274 25
159646 25
159508 25
159226 25
159366 25
158771 25
159237 25
159134 25
158410 25
158235 25
159296 25
159029 25
159215 25
158388 25
159436 25
159449 25
158491 25
157524 25
159565 25
159215 25
158655 25
158445 25
159425 25
159961 26
160007 26
159226 25
159436 25
158095 25
158469 25
158852 25
158889 25
158841 25
159040 25
159377 25
159204 25
158747 25
158340 25
158900 25
159180 25
157966 25
159541 25
159972 26
158467 25
158957 25
157697 25
158690 25
158924 25
149730 24
159425 25
147442 23
158036 25
241209 39
158983 25
158434 25
158981 25
158817 25
158725 25
159263 25
159274 25
159495 25
158841 25
159646 25
158445 25
158281 25
159075 25
159169 25
158644 25
159552 25
159926 26
159239 25
159683 25
158911 25
159764 26
159215 25
158771 25
158644 25
159412 25
240706 39
158598 25
159298 25
159005 25
158841 25
159180 25
159635 25
177986 28
159132 25
158642 25
159158 25
159867 26
159530 25
159635 25
159239 25
159810 26
159366 25
242073 39
159425 25
158528 25
159508 25
159355 25
159320 25
159414 25
158970 25
159611 25
311489 50
158504 25
159622 25
159379 25
247089 40
159169 25
159099 25
158410 25
159740 25
54512 8
54448 8
157874 25
160206 26
158642 25
159412 25
159016 25
159797 26
159191 25
159937 26
159635 25
159121 25
157209 25
160009 26
159845 26
159928 26
159589 25
159180 25
158819 25
159379 25
160044 26
158456 25
159508 25
158806 25
159447 25
159937 26
338566 55
159016 25
158795 25
159753 26
159099 25
244276 39
158550 25
159215 25
159123 25
160031 26
159237 25
349860 56
159657 25
158528 25
159320 25
159296 25
158887 25
159156 25
159541 25
159460 25
159027 25
158515 25
158655 25
158725 25
159449 25
158585 25
158760 25
158889 25
158795 25
158259 25
159086 25
159482 25
159729 25
159016 25
158690 25
160079 26
159285 25
159587 25
158677 25
158690 25
159565 25
159996 26
159845 26
158911 25
158445 25
159333 25
159705 25
159040 25
158666 25
158480 25
158432 25
158445 25
159692 25
159495 25
159123 25
158504 25
158957 25
158375 25
160475 26
158852 25
158738 25
158830 25
157979 25
158900 25
158574 25
159272 25
158445 25
158539 25
158224 25
158655 25
159891 26
159167 25
159611 25
158911 25
159342 25
159541 25
159285 25
158806 25
159191 25
159390 25
158386 25
159484 25
159891 26
158084 25
158362 25
160031 26
159705 25
158432 25
159473 25
159344 25
159169 25
179620 29
159891 26
159215 25
158375 25
159040 25
158609 25
158795 25
159099 25
158631 25
158130 25
158491 25
159355 25
158119 25
158165 25
159158 25
148085 24
158423 25
159832 26
159541 25
159110 25
157721 25
159193 25
159132 25
158911 25
158572 25
159215 25
159764 26
159729 25
158283 25
159998 26
148715 24
159845 26
159985 26
297056 48
158515 25
157966 25
158946 25
159600 25
159460 25
159320 25
159578 25
159670 25
159123 25
160324 26
159005 25
158924 25
158294 25
158235 25
159110 25
159390 25
159541 25
159088 25
159355 25
158351 25
159180 25
158970 25
160731 26
159215 25
159403 25
159180 25
159298 25
159390 25
159274 25
158935 25
159495 25
159705 25
158690 25
158364 25
159005 25
159333 25
159460 25
160009 26
158760 25
158819 25
159471 25
158887 25
159904 26
159027 25
158456 25
159051 25
158668 25
159541 25
159657 25
159425 25
159670 25
160499 26
158491 25
158668 25
158889 25
158655 25
158620 25
158865 25
159285 25
159016 25
159018 25
159797 26
160825 26
255034 41
159215 25
160007 26
159425 25
159250 25
158200 25
159821 26
158922 25
159869 26
160125 26
159939 26
159215 25
159530 25
159904 26
158747 25
158397 25
159110 25
159390 25
159018 25
159075 25
159482 25
159239 25
158655 25
159646 25
159530 25
158712 25
159377 25
159635 25
159928 26
158340 25
338461 55
159272 25
159355 25
158679 25
