13895 27
13801 26
14011 27
12495 24
13814 26
13849 27
13838 27
13359 26
14035 27
13604 26
14011 27
13685 26
13742 26
13488 26
13602 26
13696 26
13604 26
13801 26
13847 27
13696 26
13847 27
13930 27
14022 27
13766 26
13943 27
13814 26
14000 27
13954 27
13941 27
14232 27
14232 27
14035 27
13930 27
14210 27
14094 27
14094 27
14118 27
14011 27
13895 27
13744 26
13989 27
14035 27
13801 26
15610 30
13917 27
13838 27
13965 27
13779 26
14081 27
14070 27
14140 27
13976 27
13685 26
13777 26
14116 27
14210 27
14059 27
13801 26
14011 27
14105 27
13930 27
14035 27
14011 27
13989 27
14304 27
14081 27
14164 27
14070 27
13849 27
13871 27
14059 27
14258 27
13731 26
14000 27
13742 26
13871 27
13790 26
13637 26
13884 27
13626 26
14560 28
14000 27
13976 27
13849 27
13941 27
14164 27
13580 26
13976 27
14011 27
13475 26
13978 27
13873 27
13803 26
12342 24
13965 27
14932 29
13860 27
14105 27
14105 27
13801 26
12937 25
13978 27
13987 27
13930 27
13405 26
14116 27
13812 26
13895 27
4688 9
5257 10
5219 10
13941 27
13847 27
14153 27
14011 27
14000 27
14234 27
14048 27
14164 27
13790 26
13906 27
13838 27
13989 27
13930 27
14000 27
13882 27
13440 26
14035 27
13943 27
14116 27
13825 27
13335 26
13976 27
14011 27
13884 27
14024 27
13580 26
13954 27
13230 25
13335 26
14105 27
13615 26
13241 25
13440 26
13755 26
14057 27
14105 27
14022 27
14000 27
13790 26
14011 27
13685 26
13952 27
14162 27
14164 27
13779 26
14070 27
13849 27
13906 27
13779 26
13569 26
13952 27
13720 26
13289 25
14059 27
13674 26
13674 26
13709 26
13744 26
13790 26
14011 27
14105 27
13965 27
13965 27
14057 27
13744 26
15680 30
13930 27
14024 27
13895 27
13720 26
14326 27
13801 26
13545 26
14013 27
14221 27
13440 26
14223 27
14046 27
13906 27
13733 26
13930 27
13311 25
13755 26
13766 26
14011 27
13930 27
13055 25
13766 26
13416 26
14070 27
13987 27
13989 27
13768 26
13919 27
13849 27
13825 27
13801 26
14105 27
14105 27
14188 27
13954 27
13790 26
14013 27
14022 27
13978 27
13989 27
14024 27
13825 27
13943 27
14560 28
14048 27
14081 27
13860 27
13895 27
14000 27
13814 26
4768 9
4540 8
4572 8
4804 9
13790 26
16404 32
13790 26
13943 27
13943 27
13871 27
14140 27
14094 27
12926 25
13930 27
13499 26
13860 27
14081 27
13884 27
14175 27
13801 26
14129 27
13720 26
13895 27
13803 26
14140 27
13884 27
13475 26
13954 27
14013 27
13777 26
13709 26
13871 27
13626 26
14140 27
13906 27
13906 27
13731 26
14048 27
14046 27
14000 27
13698 26
13906 27
14153 27
98291 191
14022 27
14024 27
14140 27
13742 26
14035 27
13672 26
13779 26
13709 26
13825 27
13766 26
14000 27
13860 27
14234 27
13825 27
13731 26
14000 27
14070 27
13884 27
14081 27
13779 26
13545 26
13650 26
14105 27
13558 26
13838 27
13871 27
14024 27
14199 27
14140 27
13838 27
13825 27
13814 26
13825 27
13989 27
13836 27
14011 27
14083 27
13838 27
14258 27
13860 27
13965 27
14129 27
14046 27
14151 27
13943 27
13847 27
13849 27
13814 26
14011 27
13954 27
17091 33
13790 26
14011 27
14245 27
13930 27
13976 27
13954 27
13978 27
13906 27
13488 26
14258 27
13510 26
14151 27
14105 27
14070 27
14035 27
13976 27
13895 27
14210 27
14199 27
13661 26
13639 26
14245 27
13989 27
13836 27
13954 27
14046 27
14046 27
13847 27
13779 26
13919 27
14175 27
13812 26
14116 27
14105 27
13906 27
14127 27
14105 27
13707 26
13731 26
13882 27
13941 27
13989 27
13615 26
14046 27
13803 26
14035 27
13919 27
13919 27
14000 27
14070 27
13943 27
13803 26
13803 26
14092 27
14175 27
13954 27
13849 27
13626 26
13847 27
13952 27
13429 26
14022 27
13346 26
13615 26
13254 25
4820 9
4868 9
14024 27
13836 27
13906 27
13965 27
14083 27
13884 27
13779 26
14022 27
14081 27
13917 27
13919 27
13989 27
16813 32
13871 27
13976 27
13626 26
14000 27
14164 27
13908 27
14070 27
14221 27
14011 27
14921 29
14024 27
13978 27
13882 27
14175 27
13849 27
13954 27
13895 27
13906 27
13895 27
13919 27
13965 27
14151 27
13860 27
13790 26
13871 27
14339 28
14350 28
4864 9
4828 9
14256 27
13672 26
13860 27
14175 27
13779 26
13650 26
13742 26
14035 27
13744 26
13742 26
4784 9
4720 9
4808 9
14210 27
13882 27
13534 26
13906 27
13357 26
14046 27
13873 27
13884 27
13558 26
13720 26
13742 26
14140 27
13919 27
13954 27
13731 26
13919 27
13871 27
14164 27
13895 27
14081 27
14094 27
13930 27
13965 27
14162 27
14094 27
13779 26
13871 27
14022 27
14094 27
14011 27
13873 27
13965 27
13731 26
13943 27
14116 27
13650 26
14024 27
13943 27
13825 27
13777 26
14258 27
14140 27
13779 26
13661 26
14164 27
13768 26
14234 27
13812 26
13941 27
14105 27
13965 27
13906 27
13987 27
13556 26
13895 27
13416 26
13359 26
13779 26
13849 27
14000 27
14070 27
14291 27
13661 26
13674 26
13895 27
13720 26
13661 26
13731 26
13884 27
13698 26
14140 27
13847 27
13825 27
13324 26
14175 27
14092 27
13954 27
13825 27
14153 27
13836 27
13895 27
13954 27
13440 26
13580 26
13779 26
14024 27
13755 26
14000 27
13768 26
13661 26
14700 28
13580 26
13849 27
14013 27
4732 9
14153 27
13871 27
14070 27
14000 27
13965 27
14280 27
14116 27
13836 27
13895 27
13917 27
14153 27
13941 27
14337 28
13954 27
13884 27
14525 28
4700 9
4848 9
4760 9
4860 9
14000 27
14199 27
14000 27
14011 27
13661 26
13989 27
13871 27
13569 26
13908 27
14210 27
14092 27
13895 27
13720 26
13672 26
13698 26
16953 33
13871 27
14083 27
13871 27
13884 27
14024 27
14875 29
14140 27
14186 27
14162 27
13895 27
14000 27
14013 27
14035 27
14199 27
14164 27
13720 26
14046 27
13847 27
13731 26
13882 27
13696 26
14127 27
13650 26
13919 27
4832 9
4780 9
11200 21
13709 26
13685 26
13661 26
14022 27
13650 26
13628 26
14011 27
13486 26
13709 26
13731 26
13976 27
14175 27
13965 27
13860 27
13952 27
13801 26
13801 26
13825 27
13801 26
16789 32
13650 26
14385 28
4820 9
13906 27
13965 27
14094 27
13919 27
13987 27
13720 26
13871 27
14245 27
13521 26
14013 27
14140 27
13917 27
14256 27
13882 27
13744 26
14035 27
14000 27
14070 27
13289 25
13814 26
13919 27
13849 27
13825 27
14000 27
13790 26
13987 27
13976 27
13731 26
13882 27
13930 27
14022 27
13919 27
14153 27
13836 27
14164 27
13814 26
13836 27
13650 26
13978 27
13009 25
14223 27
14046 27
13090 25
13475 26
13860 27
13987 27
13731 26
13825 27
13252 25
13930 27
13685 26
13884 27
13871 27
13906 27
13917 27
13825 27
13650 26
13952 27
15750 30
14081 27
13860 27
14105 27
4860 9
14046 27
13952 27
14046 27
14081 27
13882 27
13895 27
13847 27
14256 27
13615 26
13860 27
4752 9
4900 9
14199 27
13976 27
13989 27
14291 27
13919 27
13873 27
13965 27
13989 27
14221 27
14011 27
14035 27
13919 27
14245 27
13335 26
13812 26
13965 27
14092 27
13836 27
13860 27
14046 27
13930 27
13919 27
14221 27
14105 27
13825 27
13838 27
14151 27
13965 27
13803 26
13790 26
13814 26
13930 27
14197 27
14221 27
13790 26
13917 27
13790 26
13954 27
13755 26
13510 26
13359 26
13322 26
13674 26
14024 27
13779 26
13709 26
13451 26
13908 27
13790 26
13755 26
13814 26
13943 27
13895 27
13812 26
14083 27
13906 27
13790 26
13849 27
13943 27
13672 26
16474 32
13930 27
13873 27
13184 25
13825 27
13790 26
14269 27
13838 27
14000 27
14140 27
14013 27
14092 27
14094 27
13930 27
14151 27
13954 27
13895 27
14046 27
14175 27
13742 26
13125 25
13978 27
13766 26
14116 27
13895 27
13965 27
16450 32
14035 27
13720 26
13919 27
13989 27
13265 25
13731 26
13989 27
14210 27
13930 27
13709 26
13731 26
13814 26
13462 26
13755 26
13709 26
13978 27
13882 27
13906 27
13871 27
13836 27
13987 27
13825 27
13836 27
13965 27
14129 27
13906 27
14105 27
13766 26
13650 26
13871 27
13976 27
13803 26
14013 27
13766 26
14035 27
13987 27
14013 27
14116 27
14269 27
14035 27
14234 27
13884 27
14022 27
13930 27
13744 26
14197 27
14059 27
14162 27
14035 27
14210 27
13825 27
14024 27
13731 26
13836 27
14186 27
13451 26
13989 27
13860 27
14024 27
13650 26
14105 27
14140 27
14070 27
13919 27
13895 27
13744 26
13768 26
13908 27
13895 27
13265 25
14000 27
14048 27
13849 27
13777 26
14024 27
13790 26
13860 27
13602 26
13416 26
13707 26
13884 27
14057 27
13954 27
14035 27
13755 26
13779 26
13812 26
13370 26
13418 26
13860 27
14092 27
13965 27
14153 27
14092 27
13847 27
14186 27
13952 27
13943 27
14057 27
13768 26
13908 27
13884 27
14048 27
13779 26
13674 26
13720 26
13849 27
14070 27
13873 27
13906 27
13908 27
13930 27
13930 27
13871 27
13873 27
13860 27
14046 27
14013 27
13965 27
13836 27
14070 27
13978 27
13698 26
13370 26
14094 27
14256 27
14140 27
14000 27
14035 27
14013 27
13733 26
14455 28
13987 27
13906 27
13696 26
13755 26
14094 27
13836 27
16614 32
13895 27
14000 27
13731 26
14000 27
13976 27
13917 27
14094 27
14000 27
13626 26
14024 27
13989 27
14127 27
14210 27
13790 26
14092 27
13416 26
13895 27
13943 27
13381 26
14094 27
14129 27
14035 27
13987 27
13884 27
14210 27
13941 27
13626 26
13569 26
13324 26
13976 27
13814 26
13849 27
13814 26
14046 27
13906 27
14477 28
14083 27
14000 27
14059 27
13755 26
13941 27
13930 27
14199 27
13895 27
13976 27
13847 27
13838 27
14000 27
13790 26
13812 26
14048 27
14035 27
13768 26
13766 26
13884 27
13989 27
14057 27
14022 27
14070 27
14092 27
14022 27
13930 27
13873 27
14000 27
14057 27
13965 27
14035 27
13685 26
13917 27
13847 27
14035 27
13895 27
13906 27
14035 27
