9867484 18
4684252 8
5818565 11
4617316 8
7350444 14
11605650 22
10910787 20
4618700 8
8673371 16
4648500 8
8085063 15
11581270 22
5238877 9
4646972 8
6500875 12
11610400 22
7924910 15
4621552 8
4694584 8
4620800 8
4727640 9
5803100 11
4694432 8
5807735 11
4644516 8
6617050 12
4642692 8
8168832 15
8550941 16
4645512 8
4624684 8
5951215 11
10818700 20
4624296 8
4754576 9
5808145 11
4617032 8
4618328 8
6543955 12
10321318 19
9206948 17
4644548 8
8561392 16
4620008 8
6460955 12
4622728 8
4526640 8
4637232 8
4622196 8
4676944 8
6437766 12
4711592 8
4719620 9
4636340 8
4712940 8
4648332 8
4623952 8
4620224 8
4635580 8
6425753 12
4620872 8
4646144 8
9512800 18
4643604 8
5481489 10
4618200 8
4319280 8
4679332 8
9547768 18
4636708 8
4656264 8
4680972 8
4682072 8
4643908 8
4670252 8
6032734 11
4622952 8
4645968 8
4646056 8
4673000 8
4618692 8
4725568 9
9556916 18
4689684 8
4618512 8
4636140 8
4646028 8
6078985 11
4636440 8
4620816 8
7413186 14
9507084 18
4706904 8
4694372 8
4619260 8
4623800 8
4616252 8
5635454 10
8609559 16
6496288 12
6542035 12
5041342 9
7346758 14
5700636 10
9502312 18
4685912 8
4682932 8
5805845 11
4642380 8
7364296 14
5676363 10
4622376 8
8626894 16
10782633 20
9608436 18
4619056 8
7765582 14
5527026 10
6526934 12
9504296 18
4644136 8
4620660 8
8627927 16
10057350 19
10922463 20
8726400 16
7338006 13
4648448 8
8524334 16
4645928 8
5672294 10
4631516 8
9735048 18
9681304 18
7983398 15
4691888 8
4629000 8
4741624 9
6156918 11
6660700 12
4643704 8
4643216 8
4670416 8
11667440 22
4626420 8
7106752 13
7746846 14
4686440 8
4681196 8
4733916 9
5494453 10
4640564 8
4645140 8
4645372 8
11748230 22
4667196 8
6636569 12
4642120 8
4664528 8
11642490 22
6639655 12
9511488 18
4633388 8
5844750 11
6556399 12
6912444 13
4644332 8
4658200 8
9513028 18
4630376 8
4671176 8
9511484 18
4644772 8
4463568 8
4669132 8
4674140 8
4718008 8
4401384 8
4620692 8
5437798 10
4617696 8
4621608 8
4672512 8
10919440 20
4624608 8
4665020 8
10886454 20
4617844 8
4664348 8
9544408 18
4706944 8
4705964 8
4741896 9
5936083 11
4645144 8
4654804 8
4707656 8
4645692 8
4645280 8
4638000 8
11741940 22
4642492 8
11610480 22
4632952 8
4655796 8
4704696 8
4698336 8
11554180 22
10873398 20
4697796 8
4653172 8
4624500 8
4644620 8
4636728 8
4645372 8
4617584 8
4647016 8
4684856 8
4621248 8
4662328 8
4620392 8
4640124 8
5913453 11
4619752 8
4620880 8
4700300 8
4620052 8
4651356 8
4695224 8
6080625 11
4618128 8
4680840 8
4641872 8
7425412 14
5626999 10
9522348 18
9565896 18
4643408 8
5859915 11
7171686 13
8236607 15
4710648 8
5791535 11
5526426 10
6636050 12
5282402 10
4624560 8
4689096 8
5906745 11
10827894 20
4643152 8
7576750 14
10077833 19
6419673 12
4683784 8
5813660 11
5798713 11
7070489 13
6061415 11
7751090 14
4621772 8
5799410 11
10499751 20
4426472 8
8510425 16
5879812 11
6469525 12
6929278 13
6505608 12
4632556 8
6143955 11
11302218 21
7433568 14
4645872 8
6563670 12
6026468 11
4645408 8
4644660 8
4740632 9
10952123 20
4642748 8
8103669 15
11611756 22
4619788 8
9634272 18
4631740 8
4621888 8
6057293 11
4621340 8
4645744 8
4618964 8
6531027 12
4615036 8
4644280 8
6878255 13
4690700 8
4620936 8
4685976 8
4625740 8
4637952 8
4637256 8
4731324 9
10878718 20
4620140 8
4699648 8
6239740 11
4630412 8
4623292 8
4643316 8
4638960 8
4643188 8
4658308 8
4640276 8
4617000 8
4655524 8
6418766 12
4689744 8
4661668 8
10953383 20
4625456 8
6502885 12
4679100 8
5434868 10
4617164 8
4640912 8
4669504 8
4636368 8
4676012 8
7260603 13
4644328 8
4623860 8
4661312 8
4647004 8
6140814 11
4624540 8
4645244 8
4671192 8
4642304 8
4644256 8
4619612 8
6668141 12
4709872 8
4665996 8
10865802 20
4651352 8
8243228 15
4671416 8
9673456 18
4473608 8
7420806 14
9595352 18
9680712 18
4629108 8
8558669 16
10280011 19
4683948 8
6071665 11
7832836 14
5223936 9
8537025 16
4985518 9
4709528 8
4644664 8
7278242 13
9564832 18
4625380 8
4671512 8
4619036 8
4643644 8
4660948 8
4663896 8
4632880 8
4682624 8
4618592 8
4717828 8
6383850 12
4645480 8
4669416 8
4644988 8
4656612 8
4617144 8
4727820 9
4636368 8
4741640 9
4620452 8
4642364 8
10832333 20
4619516 8
5688434 10
8252751 15
4621048 8
4711012 8
6583845 12
10901493 20
4642608 8
4618484 8
5987900 11
10825947 20
4621124 8
4623976 8
4683508 8
4646360 8
4615060 8
4679720 8
5987635 11
4648628 8
4621956 8
6022640 11
4709216 8
4634660 8
4319068 8
9532856 18
4622356 8
6561435 12
4681872 8
4634696 8
11556100 22
5098542 9
4644020 8
7086836 13
9499864 18
4618128 8
8540217 16
4712252 8
4641628 8
4615636 8
7966483 15
4644804 8
8242864 15
4627048 8
4765584 9
6545645 12
4638532 8
8158927 15
4618616 8
4617476 8
5854845 11
9593492 18
4644192 8
5292338 10
4682816 8
5779945 11
7061250 13
5823860 11
4645712 8
4641308 8
8674127 16
10835675 20
10232732 19
8800098 16
9545636 18
4642220 8
4620740 8
7580502 14
10222127 19
10883139 20
4620028 8
4748172 9
4643568 8
4673256 8
4618192 8
4634584 8
6501960 12
9558872 18
4622664 8
4621364 8
4754252 9
4619296 8
4627528 8
8142559 15
8460976 16
9672128 18
4616496 8
8230339 15
9594456 18
4619780 8
4618216 8
4967358 9
8624070 16
4554212 8
7330878 13
5457630 10
4684064 8
5380629 10
4623500 8
9543622 18
4622624 8
8674638 16
4640388 8
5649458 10
4619472 8
8504853 16
8603084 16
4620708 8
4625648 8
9589900 18
9328844 17
4646660 8
4690948 8
4642884 8
4621036 8
4621420 8
4617928 8
4636224 8
4646168 8
7119327 13
4616840 8
4642916 8
5375177 10
4694004 8
6548059 12
4645124 8
4618992 8
4675696 8
9505064 18
4640684 8
7491284 14
4659324 8
10884616 20
4645252 8
4673852 8
7000335 13
4646444 8
4708936 8
4623268 8
4643464 8
4623240 8
11628410 22
4702536 8
5391483 10
4615184 8
4648932 8
6739924 12
9764469 18
10839202 20
5094655 9
6171409 11
4682420 8
4681280 8
10834496 20
4615960 8
4649288 8
4623012 8
4646760 8
4648152 8
4632376 8
4503844 8
6987598 13
8253070 15
8965067 17
4643756 8
4707164 8
4640680 8
4733052 9
10860631 20
4645592 8
4711512 8
7488577 14
4644668 8
4704680 8
4661464 8
7354964 14
9642284 18
4618276 8
8894180 16
5236250 9
8589091 16
4627416 8
8195229 15
5155760 9
5984210 11
4664736 8
4644232 8
7389426 14
4693784 8
8494206 16
4650700 8
8366169 15
4680848 8
6538290 12
4644724 8
7425652 14
4657888 8
4630948 8
6530075 12
11034102 21
6498400 12
4661404 8
9510908 18
4623980 8
6579710 12
4648628 8
7543428 14
4624236 8
8084608 15
10840810 20
4619592 8
4629744 8
4685248 8
6574130 12
8625631 16
4601152 8
4720244 9
6573315 12
9631652 18
4620560 8
5323824 10
9639288 18
5143740 9
4628472 8
4648648 8
5986720 11
10834591 20
4620488 8
8230593 15
4662784 8
5855630 11
10881229 20
4626100 8
11602390 22
4647184 8
5599605 10
11263762 21
4642960 8
4674740 8
6606440 12
11404476 21
4682888 8
5841395 11
8102434 15
4642412 8
8560797 16
5836565 11
4643156 8
4644264 8
5780295 11
5992246 11
7205868 13
4684692 8
5873175 11
5925562 11
4619740 8
5506110 10
4646140 8
4646268 8
4649668 8
5684143 10
8203874 15
11330846 21
7423342 14
4769536 9
4613744 8
4620028 8
5774580 11
6410802 12
7185160 13
4751708 9
4995776 9
8664299 16
4621812 8
8019024 15
4634680 8
7362828 14
6629283 12
7001722 13
4629376 8
7350390 14
4643400 8
5803380 11
4623248 8
4616620 8
9566496 18
10353368 19
10611365 20
4619972 8
8583750 16
4650276 8
4688140 8
4619980 8
9350298 17
9625956 18
4639728 8
4636684 8
5320294 10
8557150 16
4633628 8
4712764 8
4645128 8
4623812 8
4671228 8
9579380 18
4635452 8
4619828 8
7688373 14
9656896 18
4617440 8
4643544 8
4632644 8
4646992 8
8807826 16
9615300 18
4643980 8
4644332 8
5687746 10
4711928 8
9662054 18
10836596 20
9647216 18
4616380 8
5594232 10
4618556 8
8095350 15
10343934 19
8677556 16
6283994 11
8185567 15
4481492 8
6929222 13
9594852 18
4646296 8
4629768 8
7078853 13
5250422 10
9512660 18
10460232 19
10887958 20
9651872 18
4617936 8
4643388 8
7405974 14
9455516 18
4646676 8
5850054 11
8640296 16
4641792 8
4645236 8
4619748 8
4627704 8
4688732 8
9547640 18
4619624 8
4709296 8
4709352 8
4620452 8
6965338 13
9624456 18
4630984 8
5174614 9
4647808 8
9511532 18
8451904 16
8807024 16
7404342 14
8911777 16
4620612 8
6830766 13
6196506 11
7659352 14
4620160 8
5951774 11
7476523 14
9666688 18
4616528 8
6536258 12
4619816 8
9621298 18
9424886 17
9891197 18
10781287 20
10835684 20
9517976 18
4643984 8
4642428 8
9487250 18
9741524 18
9597992 18
4708292 8
5433898 10
4583340 8
9583172 18
9593004 18
4618992 8
4621076 8
5312146 10
9528280 18
10823278 20
4644480 8
4621336 8
9589484 18
9567116 18
4619184 8
7148330 13
9564356 18
4682344 8
4646444 8
4643332 8
4623856 8
6275558 11
4625784 8
9558624 18
9588164 18
4642760 8
4619256 8
6401814 12
9676196 18
4621772 8
4621192 8
4620652 8
4623124 8
4701548 8
4684916 8
4721540 9
10893707 20
4643532 8
4643972 8
4620584 8
8501451 16
4619164 8
8218287 15
4668852 8
6304359 12
10937333 20
9415742 17
7518676 14
4716856 8
7344498 14
9585076 18
5104662 9
7388704 14
4621008 8
6074650 11
8090842 15
6642508 12
4643612 8
4621332 8
6020195 11
5802634 11
5985435 11
4617820 8
5775690 11
4615876 8
8579830 16
8515598 16
4687400 8
8508696 16
4709564 8
8127784 15
7057611 13
8241744 15
6569904 12
4647056 8
8581923 16
4684648 8
4711456 8
4619064 8
4618396 8
4618572 8
4669352 8
7099558 13
8548351 16
10509378 20
4618260 8
4711928 8
5855150 11
7393782 14
6285230 11
5775780 11
7351160 14
11303866 21
7645695 14
5237664 9
4621796 8
4324588 8
5801050 11
4694892 8
5778395 11
4649024 8
8601789 16
4619376 8
8204021 15
5552939 10
6433352 12
6563230 12
5830641 11
9611718 18
8173879 15
4668440 8
4638724 8
7352432 14
9528996 18
9622456 18
4621432 8
6481124 12
5647211 10
8583008 16
4622376 8
8248730 15
4696368 8
4633540 8
8580327 16
10042228 19
6030205 11
4664348 8
4648360 8
4617560 8
7063894 13
10490766 20
5642344 10
7359344 14
4672032 8
4625332 8
9114942 17
6126411 11
4622488 8
4689096 8
7355682 14
7380054 14
5645437 10
9503342 18
5414156 10
4618992 8
5905010 11
11672920 22
4644704 8
4685500 8
7387934 14
4617760 8
7027384 13
10883645 20
4628772 8
8239644 15
4710892 8
5056371 9
5804720 11
4811084 9
5777535 11
9587240 18
4619604 8
6546922 12
10746935 20
9636308 18
4626768 8
7455584 14
6199082 11
4645256 8
4563732 8
4643368 8
6574600 12
4644572 8
4617640 8
4619584 8
4745564 9
5474944 10
7348304 14
9671420 18
4644644 8
4683720 8
7169340 13
11689860 22
4710064 8
4680488 8
10873556 20
4646720 8
4641928 8
4686672 8
6610725 12
4693312 8
4619784 8
4686684 8
4675388 8
4621904 8
6104180 11
6284298 11
5781495 11
9593874 18
4645728 8
4669420 8
4622456 8
4623552 8
8196919 15
4707912 8
5783945 11
8634822 16
6525559 12
4619464 8
5618577 10
6539705 12
4713072 8
6062305 11
4635356 8
6105500 11
8177328 15
5241223 9
9698172 18
4635388 8
4620584 8
4712596 8
4618616 8
4615136 8
6618215 12
