9383276 8
9319280 8
9287268 8
9326936 8
9339424 8
9282400 8
9668910 9
9349060 8
9311020 8
11714337 11
9269536 8
9274472 8
9272552 8
9229444 8
9407740 8
9403184 8
9223904 8
9274668 8
9278388 8
9246172 8
9321016 8
9218548 8
9267080 8
9345152 8
9196564 8
9260040 8
9069172 8
10817342 10
9377704 8
9280620 8
9279016 8
9274552 8
9293196 8
9320000 8
10835576 10
9256108 8
9345740 8
9356760 8
9230496 8
9286120 8
9342108 8
9207124 8
9867348 9
9247640 8
9278872 8
9242516 8
9251056 8
9253168 8
11542560 11
9385416 8
9252968 8
9304568 8
9308808 8
9267888 8
9352704 8
9194876 8
9278476 8
9300304 8
9315368 8
9338328 8
9415112 8
9252592 8
9273400 8
9281904 8
9450672 9
9357112 8
9206244 8
9286172 8
9196232 8
9418056 8
9318032 8
9274564 8
9197920 8
9323180 8
9279280 8
9394268 8
9241496 8
11177387 10
9305588 8
9328704 8
9298104 8
9282712 8
11999065 11
9174188 8
9262364 8
9417300 8
9326380 8
11676285 11
9238912 8
9306772 8
9951014 9
9311260 8
9391504 8
9317744 8
9300096 8
9487864 9
9251392 8
9282456 8
9299884 8
9305820 8
9256628 8
9245996 8
9296160 8
9189740 8
9279664 8
9321295 8
9301232 8
9319400 8
9297884 8
9233556 8
9400552 8
9312920 8
9447916 9
9306152 8
9270672 8
11213581 10
9310200 8
9391036 8
9471328 9
9354376 8
9937525 9
9167188 8
9258116 8
9276820 8
9389056 8
9311268 8
9263244 8
9319680 8
10148001 9
9280844 8
9282280 8
9311608 8
9332356 8
9323200 8
9463580 9
9319392 8
9296060 8
9110104 8
9309404 8
9166208 8
9222472 8
9349384 8
9286704 8
9300896 8
9237600 8
9495220 9
9334780 8
12040919 11
9260196 8
9339816 8
9309312 8
9424688 8
9331204 8
9248456 8
12016340 11
11453059 10
9405256 8
10827732 10
9309796 8
9352584 8
9363048 8
8906368 8
9318200 8
9292780 8
9375312 8
9348164 8
12026740 11
9231728 8
9265796 8
9120388 8
9319368 8
9424780 8
9244868 8
9374424 8
9385260 8
9190952 8
9294648 8
9336404 8
9374712 8
9307612 8
9305660 8
9188536 8
9340488 8
9321852 8
11534309 10
9314256 8
9338996 8
9393148 8
9351132 8
9302164 8
9289496 8
9289204 8
9287900 8
9382192 8
10732626 10
9336204 8
9236740 8
9312916 8
10969066 10
10048713 9
9293292 8
9317960 8
9333384 8
9301196 8
9302116 8
9309188 8
9010760 8
9372928 8
9274952 8
9306300 8
9329576 8
9119212 8
9295244 8
9393888 8
9315484 8
9331552 8
9346948 8
9248600 8
10890084 10
9292908 8
8955120 8
9226384 8
9302000 8
9430664 8
9396920 8
9297596 8
9339848 8
9230216 8
9375424 8
9199256 8
9282336 8
9327928 8
9253956 8
11994225 11
9402592 8
11676910 11
9283256 8
9355788 8
9404012 8
9341096 8
9246892 8
9260528 8
9348484 8
9207956 8
9296140 8
9339556 8
9249000 8
9322852 8
9266432 8
11897020 11
9144572 8
9357000 8
9279064 8
9391472 8
10728706 10
9175620 8
9272104 8
9304140 8
9304740 8
9229620 8
9330048 8
9297824 8
9229460 8
9433688 8
9291588 8
9363700 8
9234172 8
9252512 8
9264348 8
9234876 8
9272232 8
9315532 8
9348632 8
9353732 8
9359580 8
9348356 8
9219208 8
9362896 8
9181112 8
9288372 8
9345016 8
9275128 8
9243720 8
9214632 8
9148048 8
9323212 8
10802944 10
9438284 9
9400632 8
10442928 9
9272264 8
9388032 8
9273816 8
9307592 8
9309440 8
9318112 8
9262016 8
9375748 8
9260940 8
9320796 8
9286708 8
9287836 8
9358060 8
9455868 9
9398440 8
9302460 8
9327404 8
9373320 8
9250124 8
9381260 8
10742612 10
9292820 8
9270120 8
9321284 8
10818772 10
9283368 8
9235060 8
9438520 9
9438324 9
9339136 8
9297652 8
9426676 8
11377536 10
9253476 8
9366552 8
9440832 9
9325324 8
9295548 8
9313820 8
9402304 8
9244068 8
9306416 8
11981665 11
11140614 10
9335224 8
9237544 8
9348704 8
9297500 8
9131772 8
9296308 8
9283416 8
9366676 8
9330228 8
9297832 8
9272664 8
9409840 8
9319724 8
9317076 8
9264764 8
9336444 8
11592080 11
9280120 8
9311816 8
9265464 8
9190532 8
9305788 8
10707536 10
9057360 8
11731388 11
9336728 8
9298436 8
9316052 8
9248852 8
9243232 8
9247576 8
12051790 11
9813871 9
9280900 8
10839920 10
9210992 8
9339936 8
9340808 8
9265440 8
9267824 8
9175232 8
9332648 8
9305624 8
9332584 8
10912102 10
9321548 8
9296228 8
9313592 8
11628227 11
9293648 8
9276952 8
9282396 8
9226320 8
9301124 8
9165628 8
9268424 8
9317352 8
9332708 8
12003025 11
9319716 8
9295120 8
9350280 8
9272036 8
9347192 8
10820846 10
9341256 8
11292323 10
9243220 8
9279808 8
9321468 8
9324088 8
10087331 9
9292444 8
9334592 8
9339764 8
9325540 8
10806072 10
9187260 8
11603640 11
9252536 8
8945092 8
9330820 8
10915901 10
9355128 8
9389488 8
9369412 8
9289632 8
9293096 8
9319676 8
9072100 8
9348428 8
9273444 8
9356656 8
9328876 8
9363524 8
9331036 8
9245276 8
9244580 8
11808595 11
9122268 8
12042940 11
9305816 8
9256156 8
9240888 8
9239636 8
9324252 8
9188256 8
9263456 8
9447672 9
9216880 8
9148156 8
9348976 8
9292496 8
9288368 8
9296748 8
9409836 8
9397764 8
9294680 8
9230592 8
9406800 8
9265580 8
12059365 11
9290008 8
9309376 8
9286960 8
9186384 8
9268700 8
9241340 8
10776924 10
9283320 8
9294128 8
9364236 8
9285644 8
9280244 8
9246484 8
9344780 8
11036353 10
11083955 10
9257108 8
9285740 8
9352612 8
9308040 8
9190400 8
11020639 10
9322352 8
9353276 8
9291052 8
9308356 8
9305984 8
12004625 11
11692875 11
9292180 8
9197372 8
9309504 8
11828930 11
11466040 10
9258024 8
9318404 8
9426268 8
9329584 8
9337880 8
9162792 8
9319284 8
9288624 8
9276828 8
9304608 8
9326988 8
9549448 9
9286884 8
9312688 8
11902247 11
11422137 10
9320256 8
9331140 8
9297200 8
9300224 8
9192148 8
10177868 9
9275340 8
9375568 8
9405328 8
9276436 8
9311216 8
9291636 8
9388036 8
9305508 8
9114904 8
9412848 8
9254116 8
9197956 8
9316724 8
9277404 8
9341708 8
9246360 8
9200528 8
9303672 8
9408996 8
9334056 8
9280184 8
8763888 8
9287456 8
9235432 8
9312860 8
9333452 8
9340096 8
9307908 8
9344708 8
9129024 8
9294104 8
9328228 8
9258844 8
9294160 8
9334964 8
9281736 8
9316320 8
9342172 8
9249696 8
9254444 8
9295056 8
9255732 8
9344140 8
9235844 8
9205140 8
9308452 8
9305140 8
9307836 8
9304460 8
9395184 8
9232264 8
9394296 8
9300612 8
9261928 8
9360988 8
9294184 8
9283948 8
9280796 8
9466392 9
9203864 8
9301956 8
9316880 8
9263924 8
9307572 8
9169524 8
9318296 8
9326804 8
9498468 9
9294152 8
9231920 8
9270712 8
9288968 8
9294844 8
9320464 8
9326688 8
9239788 8
9303088 8
9346472 8
9265956 8
9258128 8
9320288 8
9059508 8
9297360 8
9427752 8
9275132 8
9294248 8
9272232 8
9287248 8
9337016 8
9290444 8
9268900 8
9255396 8
9222180 8
9273848 8
9331268 8
9408720 8
9295248 8
9253564 8
9362128 8
9313372 8
9286412 8
9360084 8
9376884 8
9234316 8
9149732 8
9266324 8
9288112 8
9332752 8
9274536 8
9286800 8
9249484 8
9260864 8
9217992 8
9133816 8
9315004 8
9195040 8
9063652 8
9360724 8
9357472 8
9428636 8
9487056 9
9302492 8
9242260 8
9072792 8
9283492 8
9406132 8
9321420 8
9307348 8
9434244 8
9237496 8
9259164 8
9272328 8
9182604 8
9094260 8
9188344 8
9313920 8
9439004 9
10878124 10
9218528 8
9233700 8
9425920 8
9327508 8
9207404 8
9224580 8
9332168 8
9335176 8
10168418 9
9177512 8
9236020 8
9345076 8
9270988 8
9348500 8
9264344 8
9299480 8
9293020 8
9321268 8
9357352 8
9314864 8
9378812 8
9287780 8
9330540 8
9407788 8
9342496 8
9346964 8
9403868 8
9340528 8
9303724 8
9398736 8
9359380 8
9331816 8
9364628 8
9388560 8
9185484 8
9300008 8
9314812 8
9352440 8
9359112 8
9329432 8
9221632 8
9372292 8
9289492 8
9268980 8
9319172 8
9304436 8
9316884 8
9298196 8
9297392 8
9311452 8
9389676 8
9240308 8
9390120 8
10601295 10
9238920 8
9416708 8
9221408 8
9150680 8
9288748 8
9253140 8
9417704 8
9275484 8
9361804 8
9324908 8
9235936 8
9416416 8
9198980 8
9347312 8
11605616 11
9287348 8
9320600 8
9204052 8
9208012 8
9292032 8
9316764 8
9246928 8
9317592 8
9350060 8
9284580 8
9258764 8
9271124 8
9300808 8
9257116 8
9308440 8
9271296 8
9286172 8
9267460 8
9338168 8
10507930 10
9387848 8
9281316 8
9296392 8
9284000 8
12008875 11
11883369 11
9351396 8
9251344 8
9175584 8
9301692 8
9291340 8
9302964 8
9240876 8
9204664 8
9263980 8
9270228 8
9275444 8
9301736 8
9122216 8
9356968 8
9325220 8
9229792 8
9254016 8
9198804 8
9348004 8
9333672 8
9325588 8
9264792 8
9309708 8
9242816 8
9383412 8
9416616 8
9361420 8
9230988 8
9257716 8
9385680 8
9296620 8
9326608 8
9252332 8
9268336 8
9340948 8
9224948 8
9316968 8
9203064 8
9328456 8
9298208 8
9332900 8
9307944 8
9357872 8
9319564 8
9305308 8
9259928 8
9297416 8
9303704 8
9279408 8
9214128 8
9348956 8
9317788 8
8998956 8
9257052 8
9285604 8
9327736 8
9342236 8
9326628 8
10740874 10
9260304 8
10037590 9
9351804 8
9335296 8
9380312 8
11182988 10
9366752 8
10190701 9
9369228 8
11306082 10
9332624 8
9183420 8
9331620 8
10935298 10
9330516 8
9292436 8
9318988 8
11598658 11
9349604 8
9213396 8
9664268 9
9303780 8
10858062 10
9280424 8
9380416 8
9329444 8
9419192 8
9307364 8
9314192 8
9298800 8
11585144 11
9328616 8
9299092 8
9263200 8
9341308 8
9296936 8
9310808 8
9354844 8
9375084 8
9235432 8
9246576 8
9257540 8
9324304 8
8862668 8
10889514 10
11553903 11
9434804 8
9299420 8
9353600 8
9313828 8
9309456 8
9279004 8
9259048 8
9236268 8
9236976 8
11425763 10
9133472 8
9338748 8
9239132 8
9318544 8
9390724 8
9231724 8
9216108 8
11433365 10
9254184 8
9233664 8
9304088 8
9387072 8
9340336 8
9302044 8
9292592 8
9264420 8
9296112 8
9312108 8
9282844 8
9201676 8
9386836 8
9322316 8
9230356 8
9268092 8
9282844 8
9360080 8
9201720 8
9251940 8
9290740 8
9346984 8
9394292 8
9376104 8
9292864 8
9252280 8
9373880 8
9221680 8
9336616 8
11273539 10
9401000 8
9360272 8
9322976 8
9310908 8
9340092 8
9278832 8
9273804 8
9374580 8
9283800 8
9276772 8
9332824 8
9304496 8
9401556 8
9299660 8
9250040 8
9283216 8
9309540 8
9293836 8
9231816 8
9393040 8
9314180 8
9239216 8
9241076 8
9295828 8
9285656 8
9323692 8
9321224 8
10693337 10
9252656 8
9373808 8
9366028 8
9226396 8
9344080 8
9310632 8
9277364 8
9236404 8
9351764 8
11119867 10
9251264 8
9384496 8
9331064 8
9391052 8
9342548 8
9172608 8
9260768 8
9315800 8
9259840 8
11277655 10
9307472 8
11994331 11
9259728 8
9269864 8
9226428 8
9303272 8
9369348 8
9321524 8
9281772 8
9269972 8
9371064 8
9291224 8
9392884 8
9221916 8
9305100 8
9362900 8
9313608 8
9351472 8
9346908 8
9146124 8
9354812 8
9331412 8
9346524 8
9318972 8
9423344 8
12273873 11
9325688 8
9303572 8
9302276 8
9290820 8
9114748 8
9257540 8
9249952 8
9333276 8
9238588 8
9212980 8
9053744 8
9296336 8
9401440 8
9366900 8
9212168 8
9290256 8
9431560 8
9361408 8
9170824 8
9329480 8
9307756 8
9332564 8
9270256 8
9348408 8
9325312 8
11448857 10
9330452 8
9297588 8
