27055 26
26915 26
27278 26
26950 26
26891 26
26856 26
26939 26
27405 26
26893 26
27254 26
28046 27
27044 26
27300 26
27090 26
27324 26
26985 26
26495 25
26727 26
26307 25
26821 26
27090 26
27020 26
27451 26
27009 26
27346 26
27335 26
27149 26
27300 26
26657 26
27241 26
27103 26
27101 26
27066 26
27031 26
27801 27
27090 26
27766 27
27079 26
27311 26
27278 26
27278 26
27009 26
26926 26
27230 26
27208 26
27381 26
27112 26
27066 26
27184 26
27254 26
27381 26
27149 26
27042 26
27077 26
26985 26
27079 26
27020 26
27265 26
30905 30
27276 26
26915 26
26985 26
27195 26
26834 26
27230 26
26845 26
27254 26
27090 26
26939 26
26797 26
27300 26
27042 26
27136 26
26799 26
27416 26
26694 26
26869 26
26821 26
27090 26
26845 26
26996 26
9168 8
9644 9
9336 9
9316 9
9280 9
9840 9
9784 9
9928 9
10296 10
11485 11
9320 9
27184 26
27206 26
27138 26
27265 26
26996 26
26727 26
27173 26
27300 26
27440 26
26950 26
27066 26
26624 26
27079 26
26764 26
26530 25
27044 26
27359 26
26589 25
27149 26
27241 26
27125 26
26928 26
27149 26
26646 26
27276 26
26985 26
25747 25
26845 26
27206 26
27090 26
27090 26
26880 26
26694 26
26565 25
26740 26
26659 26
27254 26
26915 26
27418 26
27195 26
27173 26
30859 30
26998 26
27125 26
27534 26
26694 26
26810 26
26985 26
26926 26
26926 26
26937 26
27182 26
26915 26
26972 26
26961 26
27138 26
9348 9
26926 26
27195 26
27416 26
27055 26
27243 26
26902 26
27230 26
27147 26
27125 26
27230 26
27090 26
26670 26
26834 26
27020 26
26646 26
27066 26
27182 26
27125 26
27044 26
26377 25
26692 26
27171 26
27138 26
27195 26
27138 26
26718 26
27031 26
27020 26
26867 26
27147 26
27044 26
27217 26
27101 26
27241 26
26998 26
27125 26
27451 26
27278 26
29214 28
27370 26
26902 26
27276 26
26961 26
27698 27
27020 26
27031 26
27149 26
27009 26
27031 26
26974 26
26786 26
27300 26
27418 26
27208 26
27009 26
27066 26
26974 26
27300 26
26823 26
27079 26
27534 26
27217 26
26996 26
27241 26
9336 9
27451 26
27348 26
27453 26
27020 26
27243 26
27160 26
27160 26
26880 26
26996 26
27359 26
27031 26
27136 26
26915 26
26565 25
27208 26
27055 26
27125 26
27020 26
27289 26
27125 26
26705 26
26775 26
27101 26
27125 26
27357 26
27254 26
26158 25
26996 26
27324 26
26939 26
27125 26
27206 26
27055 26
26961 26
27206 26
27357 26
27114 26
27079 26
27031 26
27615 26
27079 26
27394 26
27416 26
27300 26
26856 26
27615 26
26775 26
27405 26
27068 26
26904 26
27090 26
27066 26
28302 27
26950 26
26950 26
27020 26
27523 26
26963 26
26904 26
26961 26
26985 26
24861 24
27217 26
27136 26
27160 26
26928 26
26880 26
27254 26
27394 26
26996 26
27278 26
26799 26
27392 26
26928 26
26764 26
27125 26
26832 26
26834 26
27335 26
26751 26
26904 26
26845 26
27195 26
9312 9
27370 26
27007 26
27440 26
27044 26
27020 26
27464 26
26786 26
27219 26
26543 25
27009 26
27276 26
27265 26
27311 26
27254 26
27020 26
26950 26
27101 26
27033 26
27114 26
27381 26
27488 26
26985 26
26963 26
27440 26
26937 26
27195 26
27346 26
27370 26
27217 26
26926 26
27405 26
27311 26
27066 26
27149 26
26963 26
27044 26
26880 26
27044 26
27066 26
27114 26
27499 26
26972 26
27346 26
27114 26
27230 26
27335 26
27138 26
26915 26
26950 26
27206 26
27346 26
27219 26
27114 26
27254 26
27020 26
27066 26
26729 26
27254 26
26705 26
26810 26
26845 26
27324 26
27009 26
27335 26
26517 25
27195 26
26869 26
26635 26
27241 26
27182 26
27475 26
27475 26
26810 26
27079 26
27289 26
27020 26
27184 26
27149 26
27394 26
27184 26
26915 26
27055 26
27252 26
27079 26
27289 26
27090 26
26998 26
26915 26
27160 26
27265 26
27219 26
26880 26
27136 26
27160 26
27101 26
26856 26
26753 26
26928 26
26880 26
27160 26
27206 26
27195 26
27079 26
27101 26
27077 26
27009 26
27020 26
27171 26
26974 26
27335 26
27241 26
27112 26
27265 26
27230 26
27114 26
27114 26
27077 26
27020 26
27112 26
27230 26
26904 26
27335 26
27114 26
27033 26
27112 26
27114 26
27287 26
26972 26
27322 26
27020 26
27195 26
27033 26
26683 26
27289 26
26915 26
27042 26
27615 26
27125 26
27370 26
27042 26
27265 26
27254 26
27044 26
26797 26
26578 25
27090 26
27464 26
27287 26
27208 26
27031 26
27007 26
27219 26
26902 26
27217 26
26845 26
27381 26
27464 26
27451 26
27112 26
27252 26
26904 26
27243 26
26985 26
27440 26
26915 26
27090 26
26821 26
26799 26
27241 26
27243 26
26867 26
25222 24
27090 26
27009 26
26950 26
27241 26
27007 26
27031 26
27440 26
26893 26
27219 26
27416 26
26926 26
25060 24
26915 26
27009 26
27009 26
26902 26
27241 26
27171 26
27160 26
27184 26
27208 26
27114 26
27289 26
27195 26
27322 26
27090 26
27136 26
27044 26
27138 26
27300 26
27184 26
27394 26
27335 26
27265 26
27311 26
27335 26
27079 26
27112 26
26834 26
27230 26
27136 26
27055 26
27241 26
27427 26
26985 26
27322 26
27033 26
27033 26
27066 26
26996 26
27114 26
26974 26
26928 26
27149 26
27031 26
27276 26
26893 26
26974 26
26996 26
27077 26
27171 26
106831 104
27114 26
26867 26
27090 26
27103 26
26821 26
26681 26
26937 26
26740 26
27171 26
27138 26
9380 9
27090 26
9192 8
27160 26
27324 26
27219 26
27335 26
27066 26
27324 26
27055 26
27346 26
27160 26
27090 26
27149 26
27418 26
27499 26
27313 26
27125 26
27184 26
26891 26
27206 26
27138 26
26985 26
27346 26
26974 26
27066 26
27289 26
9232 9
9152 8
27125 26
27300 26
27300 26
27335 26
27252 26
27195 26
27230 26
27313 26
27009 26
27079 26
27160 26
27101 26
27276 26
27289 26
27160 26
27114 26
27044 26
27171 26
26880 26
26821 26
26740 26
26716 26
27219 26
27265 26
26729 26
26950 26
27241 26
27195 26
27370 26
27184 26
26635 26
27287 26
27009 26
27464 26
27254 26
27079 26
27125 26
27265 26
27357 26
27103 26
34602 33
27066 26
27125 26
27252 26
27103 26
26716 26
27066 26
26950 26
27289 26
26670 26
27114 26
27243 26
27044 26
27405 26
24920 24
26506 25
27289 26
26764 26
27033 26
26915 26
27230 26
26869 26
27114 26
26961 26
27009 26
26880 26
26926 26
26974 26
26834 26
27055 26
26786 26
26438 25
27230 26
27103 26
27136 26
26902 26
27440 26
27055 26
27313 26
27639 26
27079 26
27007 26
27206 26
27066 26
27626 26
27276 26
26985 26
27346 26
26880 26
27335 26
27171 26
26974 26
27184 26
27324 26
27182 26
27007 26
26974 26
27079 26
27300 26
26998 26
26963 26
26985 26
27359 26
27335 26
27276 26
26810 26
27184 26
27114 26
27009 26
27252 26
27090 26
27265 26
27289 26
27265 26
27370 26
27219 26
27101 26
27055 26
27451 26
27206 26
27429 26
27230 26
27160 26
27335 26
26506 25
27020 26
27313 26
27136 26
27138 26
27160 26
27230 26
27405 26
26716 26
27300 26
111744 109
26845 26
27324 26
9400 9
27195 26
27206 26
26915 26
27429 26
27357 26
26810 26
26904 26
26681 26
26939 26
27300 26
27335 26
27230 26
27381 26
27217 26
27230 26
27031 26
27020 26
27278 26
27090 26
27276 26
26436 25
27381 26
27311 26
27217 26
27160 26
27241 26
26517 25
26996 26
27381 26
27125 26
27206 26
27278 26
27324 26
27545 26
26915 26
27184 26
27068 26
27357 26
27254 26
26810 26
27394 26
26985 26
26928 26
26891 26
27182 26
27009 26
27416 26
27429 26
27114 26
27243 26
27101 26
27101 26
27265 26
27090 26
27486 26
27066 26
27077 26
27114 26
27429 26
27090 26
27114 26
27160 26
26939 26
26972 26
26845 26
27184 26
27171 26
26950 26
27138 26
27173 26
27055 26
27184 26
27031 26
27103 26
27370 26
27276 26
27125 26
27103 26
27055 26
27335 26
27335 26
27348 26
27090 26
27254 26
27287 26
27311 26
26473 25
27195 26
27289 26
27055 26
27241 26
27663 27
26565 25
27206 26
27114 26
26635 26
27766 27
26832 26
27114 26
27276 26
26926 26
26670 26
26425 25
26659 26
27031 26
26740 26
27289 26
26832 26
27195 26
27206 26
27289 26
27462 26
26751 26
26985 26
26858 26
27591 26
26659 26
27254 26
27208 26
27101 26
27055 26
27206 26
26985 26
26961 26
27101 26
27300 26
26928 26
27241 26
26832 26
27020 26
26880 26
27066 26
27125 26
27521 26
27101 26
27416 26
27138 26
26996 26
26867 26
27405 26
27103 26
27208 26
27090 26
27020 26
26845 26
27171 26
27230 26
27335 26
27044 26
27103 26
27289 26
27020 26
27219 26
27184 26
27147 26
27206 26
27020 26
27033 26
27569 26
27289 26
27324 26
27243 26
26926 26
27243 26
27230 26
26974 26
27195 26
27755 27
26902 26
27217 26
27112 26
27534 26
27252 26
27171 26
26764 26
26998 26
27195 26
28315 27
26891 26
26961 26
26613 25
27230 26
26950 26
26565 25
26893 26
26915 26
26683 26
26834 26
30555 29
26880 26
26869 26
26963 26
27160 26
27497 26
26834 26
27217 26
27160 26
26823 26
27591 26
26869 26
27195 26
26985 26
27254 26
26972 26
27090 26
26622 25
26961 26
27230 26
9444 9
9164 8
9304 9
26867 26
27090 26
26823 26
26683 26
26974 26
26694 26
26589 25
27462 26
26810 26
26845 26
27042 26
26810 26
26377 25
26891 26
34720 33
26810 26
26530 25
27077 26
26996 26
27068 26
26915 26
26985 26
26867 26
27348 26
27068 26
27335 26
27184 26
27359 26
27219 26
27451 26
27394 26
26788 26
27101 26
27208 26
27007 26
26926 26
27090 26
26963 26
27208 26
26718 26
28339 27
27359 26
27136 26
26869 26
27136 26
26915 26
9240 9
26869 26
26611 25
27195 26
27278 26
27066 26
26985 26
27278 26
27392 26
26869 26
26775 26
27044 26
26729 26
26858 26
27066 26
27101 26
26845 26
27324 26
27149 26
27112 26
27171 26
27184 26
27427 26
27055 26
26880 26
27346 26
27160 26
27173 26
26963 26
27044 26
27031 26
27359 26
26904 26
27031 26
