842730 25
843675 25
841365 25
841610 25
843452 25
945315 28
847116 25
846182 25
841621 25
841586 25
845670 25
847735 25
843618 25
843758 25
834155 25
842927 25
845215 25
847199 25
843640 25
845576 25
1000534 30
848761 25
846838 25
847840 25
848610 25
843616 25
844841 25
845939 25
843583 25
846416 25
842087 25
847372 25
842811 25
845718 25
1015186 30
843382 25
845648 25
847864 25
843384 25
847420 25
927570 28
843653 25
846626 25
848704 25
781441 23
847665 25
847409 25
843347 25
842754 25
847129 25
848715 25
846149 25
847759 25
842310 25
847116 25
933393 28
1016002 31
845576 25
842065 25
842321 25
846884 25
845648 25
847175 25
846744 25
846661 25
843557 25
842859 25
847223 25
928970 28
841901 25
843664 25
998281 30
844666 25
843347 25
848107 25
847199 25
847794 25
845261 25
847000 25
847280 25
847245 25
841901 25
843244 25
847816 25
843069 25
845939 25
846989 25
846020 25
846335 25
848026 25
992401 30
847759 25
847258 25
846801 25
844106 25
688485 21
844036 25
846464 25
847083 25
628458 19
842999 25
846661 25
847711 25
765625 23
876389 26
841982 25
848085 25
928480 28
842461 25
844386 25
847619 25
843640 25
847374 25
843454 25
847420 25
844305 25
931899 28
842929 25
848389 25
842905 25
842673 25
989986 30
847221 25
847676 25
848457 25
842334 25
846068 25
847897 25
847665 25
847619 25
847011 25
846930 25
846394 25
847024 25
842590 25
843955 25
848109 25
925879 28
846079 25
844749 25
1087776 33
999204 30
846709 25
842997 25
800951 24
848529 25
847210 25
844445 25
842415 25
842192 25
843069 25
846499 25
846499 25
847162 25
786636 24
843185 25
848632 25
842800 25
961684 29
847490 25
846521 25
822126 25
846965 25
847676 25
845762 25
844900 25
842918 25
842579 25
842999 25
842299 25
847956 25
847934 25
845694 25
847969 25
844679 25
290228 8
929506 28
846125 25
844808 25
842951 25
843489 25
842638 25
845867 25
843546 25
992204 30
1044214 31
844165 25
847619 25
848166 25
843640 25
847827 25
842240 25
846615 25
846685 25
844340 25
842391 25
847630 25
847921 25
847746 25
847175 25
927080 28
846639 25
846698 25
843244 25
847759 25
844270 25
846707 25
843301 25
848190 25
843966 25
929460 28
847536 25
841971 25
847560 25
843780 25
846720 25
847829 25
931245 28
1000335 30
847363 25
843837 25
847442 25
842918 25
844913 25
842964 25
848669 25
847617 25
843640 25
843500 25
845565 25
844679 25
843185 25
846416 25
843161 25
846895 25
842859 25
847969 25
845355 25
989544 30
1039360 31
842636 25
848772 25
843559 25
848166 25
842741 25
845751 25
848282 25
842415 25
843465 25
843172 25
848214 25
842916 25
847676 25
847116 25
848050 25
846322 25
949469 28
999215 30
843955 25
843395 25
847757 25
290520 8
288912 8
290100 8
842789 25
843430 25
843581 25
842824 25
846650 25
846801 25
843535 25
848809 25
843128 25
845134 25
844224 25
842380 25
844830 25
846987 25
840770 25
846860 25
926100 28
930149 28
941465 28
848680 25
845307 25
843546 25
785413 23
847081 25
848061 25
846195 25
849625 25
844095 25
845775 25
842533 25
843979 25
842474 25
784536 23
1026270 31
846031 25
951112 29
927559 28
843699 25
847151 25
846545 25
848807 25
846860 25
843104 25
846182 25
842170 25
843511 25
846663 25
843233 25
847210 25
842778 25
1085468 33
858843 26
843161 25
847372 25
846276 25
848273 25
847759 25
844141 25
847687 25
843500 25
844550 25
848155 25
842030 25
842531 25
843524 25
847431 25
846453 25
847022 25
1008328 30
873821 26
844189 25
847280 25
842776 25
846079 25
842579 25
845088 25
846814 25
796344 24
848061 25
846160 25
925774 28
843336 25
845985 25
846976 25
843990 25
847711 25
847385 25
846825 25
845928 25
846440 25
844165 25
847151 25
846173 25
848050 25
844399 25
844574 25
847641 25
847081 25
846650 25
846766 25
847210 25
848039 25
933531 28
841225 25
848308 25
848879 25
844668 25
848133 25
842170 25
843548 25
843594 25
1016039 31
844305 25
868921 26
802200 24
840654 25
1100529 33
846930 25
784678 23
1002341 30
842227 25
842846 25
842076 25
847186 25
752583 22
843837 25
847057 25
847256 25
789782 24
847011 25
844071 25
848691 25
780968 23
843115 25
847315 25
843780 25
848599 25
842065 25
846125 25
848354 25
846895 25
848855 25
843080 25
845974 25
846766 25
844200 25
899767 27
843023 25
842286 25
288468 8
843279 25
842542 25
842859 25
844445 25
847899 25
925855 28
847140 25
844292 25
848540 25
843360 25
784934 23
923860 28
842883 25
843419 25
844668 25
691145 21
802014 24
844141 25
842531 25
847875 25
829570 25
847164 25
785459 23
846836 25
838880 25
843837 25
785470 23
843605 25
842439 25
843465 25
846908 25
922974 28
847956 25
785308 23
848400 25
1009400 30
1011371 30
846101 25
847665 25
841914 25
843478 25
848155 25
847899 25
844948 25
844900 25
847921 25
848028 25
846486 25
846416 25
847433 25
848400 25
1046780 31
843605 25
843244 25
843874 25
848203 25
845331 25
845646 25
847070 25
842485 25
847617 25
844036 25
843128 25
847501 25
845552 25
847105 25
846322 25
845145 25
844130 25
845635 25
842472 25
942526 28
844679 25
845204 25
846663 25
843734 25
848015 25
843885 25
846346 25
842741 25
843209 25
848295 25
845716 25
846965 25
586819 17
866307 26
841947 25
843559 25
841750 25
846044 25
844911 25
848074 25
844841 25
785842 23
848037 25
847396 25
843091 25
841750 25
842636 25
846252 25
840899 25
843360 25
842671 25
845274 25
846079 25
1010566 30
841820 25
847105 25
845751 25
846906 25
842356 25
846954 25
847479 25
845705 25
843058 25
842555 25
703435 21
846941 25
951405 29
843559 25
842159 25
847186 25
843080 25
844655 25
842402 25
847256 25
846860 25
842485 25
841459 25
846615 25
849124 25
847993 25
847816 25
844388 25
848015 25
842671 25
843196 25
843662 25
844224 25
843023 25
842916 25
989636 30
841074 25
846709 25
1051072 32
842286 25
846300 25
838169 25
842205 25
847070 25
842940 25
843093 25
843430 25
843734 25
843478 25
895895 27
842159 25
842159 25
830666 25
847514 25
845786 25
846545 25
846381 25
846464 25
845097 25
842881 25
846825 25
841026 25
845355 25
847652 25
847140 25
846289 25
843395 25
845974 25
848446 25
847886 25
842962 25
842404 25
924853 28
843734 25
786439 24
842205 25
784455 23
844108 25
846405 25
841702 25
847245 25
847466 25
968485 29
842614 25
790499 24
845215 25
844036 25
842111 25
785704 23
848365 25
833304 25
845635 25
843745 25
846569 25
843465 25
847781 25
846674 25
842135 25
847162 25
846930 25
843629 25
841868 25
846639 25
842181 25
842170 25
848050 25
916300 27
843417 25
784840 23
843944 25
845705 25
1094472 33
843360 25
842800 25
842111 25
842951 25
847641 25
844200 25
844178 25
846184 25
842170 25
844248 25
847116 25
845226 25
846276 25
1028895 31
846556 25
847619 25
843360 25
844830 25
847188 25
847956 25
846475 25
846335 25
784735 23
843056 25
926999 28
846300 25
843373 25
843780 25
847724 25
847164 25
847700 25
846814 25
848715 25
845333 25
842811 25
847081 25
846208 25
988435 30
843721 25
831613 25
841715 25
846313 25
847046 25
846276 25
785761 23
785599 23
842157 25
786124 23
842800 25
846125 25
842369 25
845810 25
842835 25
844539 25
985145 30
899443 27
846755 25
849041 25
846825 25
847525 25
843721 25
845880 25
847433 25
845508 25
846173 25
843524 25
842649 25
804965 24
808920 24
916068 27
1007534 30
844983 25
843172 25
844434 25
847759 25
847070 25
841691 25
844082 25
846405 25
848365 25
922681 28
845635 25
846219 25
847945 25
843861 25
844178 25
786135 23
844970 25
842765 25
843395 25
918284 28
843220 25
843942 25
842345 25
847606 25
847035 25
846254 25
842916 25
844607 25
917608 28
848365 25
289756 8
461546 14
848365 25
576845 17
844224 25
843535 25
847151 25
846943 25
845893 25
845694 25
846801 25
842951 25
843045 25
845891 25
844141 25
847735 25
843255 25
847011 25
846615 25
847571 25
842054 25
843301 25
991677 30
843069 25
842216 25
844410 25
847070 25
846394 25
846696 25
842380 25
843465 25
847886 25
847969 25
847269 25
847186 25
847584 25
847083 25
988599 30
967098 29
847094 25
847315 25
846825 25
843231 25
842415 25
845694 25
865152 26
846639 25
846801 25
843653 25
847070 25
842660 25
842752 25
847035 25
998537 30
844224 25
842835 25
847862 25
842100 25
847945 25
846860 25
843266 25
846882 25
842894 25
843920 25
845950 25
1025662 31
843640 25
846685 25
844038 25
843408 25
844187 25
844294 25
843325 25
844281 25
844410 25
842391 25
847759 25
847291 25
843826 25
842789 25
786146 23
843080 25
842251 25
841634 25
842404 25
846055 25
789727 24
843500 25
844456 25
843336 25
843651 25
847501 25
846429 25
847571 25
841855 25
1131106 34
846965 25
846510 25
845740 25
846383 25
844749 25
846989 25
925809 28
846908 25
847046 25
847514 25
848750 25
843465 25
842461 25
847840 25
847490 25
846580 25
843570 25
843242 25
785352 23
842474 25
848168 25
847619 25
1006121 30
848015 25
848120 25
843524 25
823760 25
842986 25
846626 25
843452 25
847293 25
845425 25
842765 25
842450 25
843010 25
842017 25
844095 25
842052 25
842660 25
846335 25
927559 28
846521 25
1050606 32
847164 25
846685 25
847385 25
846593 25
643295 19
842253 25
843990 25
846720 25
846930 25
843500 25
843522 25
848564 25
848807 25
843535 25
847409 25
842170 25
842544 25
842321 25
844817 25
939109 28
841809 25
847582 25
843535 25
847560 25
927710 28
849415 25
843489 25
849008 25
842787 25
847328 25
843045 25
845670 25
845856 25
842800 25
846357 25
1016271 31
845062 25
848026 25
846790 25
847536 25
844421 25
845390 25
924781 28
846440 25
846405 25
842800 25
844771 25
843850 25
846650 25
847934 25
843769 25
994910 30
843384 25
844585 25
1032570 31
848446 25
846908 25
784571 23
845228 25
1026806 31
972812 29
849148 25
846674 25
846475 25
847514 25
846954 25
846394 25
842857 25
803274 24
843605 25
844808 25
842673 25
842765 25
847175 25
842089 25
846917 25
842170 25
1072109 32
847024 25
846545 25
846836 25
846744 25
844515 25
848061 25
845869 25
843793 25
847678 25
929554 28
842719 25
847689 25
847385 25
842625 25
842415 25
1029538 31
845692 25
848435 25
847046 25
846136 25
931573 28
847140 25
847582 25
739767 22
842568 25
847781 25
846370 25
847689 25
846709 25
845729 25
844049 25
844852 25
848015 25
846243 25
843826 25
847851 25
846755 25
844817 25
841995 25
846580 25
924514 28
890621 27
849135 25
847374 25
847339 25
845296 25
848260 25
847549 25
846838 25
845762 25
