53760 26
53550 26
53292 26
53631 26
53526 26
53305 26
53318 26
53491 26
53469 26
53386 26
53351 26
53386 26
53270 26
53642 26
52839 25
53294 26
53329 26
53515 26
53760 26
53712 26
53292 26
53502 26
53561 26
53397 26
53329 26
53572 26
53537 26
53386 26
53386 26
53714 26
53445 26
53515 26
53806 26
53609 26
53515 26
53585 26
53631 26
53305 26
53817 26
53388 26
53714 26
53725 26
53677 26
53329 26
53666 26
53456 26
53353 26
53292 26
53889 26
53502 26
53784 26
53456 26
53294 26
53655 26
53666 26
49617 24
53679 26
53480 26
53434 26
53388 26
53690 26
53386 26
53493 26
53235 25
53749 26
53305 26
53736 26
53480 26
53281 26
53666 26
53502 26
53563 26
53432 26
53633 26
53432 26
53515 26
53493 26
53574 26
53655 26
53176 25
53878 26
52828 25
53561 26
53561 26
53235 25
53224 25
53386 26
53585 26
53410 26
53854 26
53351 26
53712 26
53038 25
53620 26
53364 26
18288 8
18272 8
53257 26
53095 25
53585 26
53305 26
53480 26
54215 26
53607 26
53362 26
53410 26
54554 26
53248 26
53738 26
53340 26
53025 25
53550 26
53456 26
53655 26
53655 26
53467 26
53362 26
53351 26
53666 26
53270 26
53235 25
53655 26
53830 26
53246 25
53714 26
53305 26
53620 26
53712 26
53189 25
53865 26
53784 26
53690 26
53108 25
53469 26
53701 26
53876 26
53550 26
53073 25
54016 26
53467 26
53283 26
53397 26
53806 26
53480 26
53771 26
53329 26
53607 26
53504 26
53432 26
53526 26
53154 25
53458 26
52942 25
53305 26
53725 26
53397 26
53959 26
53550 26
53340 26
53375 26
53410 26
53970 26
53410 26
53690 26
53305 26
53736 26
53598 26
53399 26
53655 26
53421 26
53550 26
53364 26
53362 26
53281 26
53598 26
53353 26
53550 26
53386 26
53677 26
53491 26
53596 26
53561 26
53458 26
53469 26
53563 26
53469 26
53679 26
53550 26
53480 26
53539 26
53852 26
53620 26
53819 26
53224 25
53294 26
53316 26
53456 26
53305 26
53830 26
53375 26
53375 26
53386 26
53865 26
53421 26
53574 26
53257 26
53515 26
53771 26
53445 26
53434 26
53189 25
53970 26
53434 26
53725 26
53340 26
53598 26
53305 26
53631 26
53456 26
53399 26
53469 26
53200 25
54005 26
53445 26
53539 26
53666 26
53679 26
53351 26
53598 26
53399 26
53410 26
53631 26
53620 26
53679 26
53959 26
53130 25
53423 26
53887 26
53353 26
53596 26
53620 26
53935 26
53644 26
53270 26
53679 26
53423 26
53609 26
53292 26
53633 26
53561 26
53504 26
53445 26
53690 26
53528 26
53749 26
53340 26
53655 26
53690 26
53364 26
53423 26
53736 26
53469 26
53480 26
53259 26
53703 26
53631 26
53375 26
53876 26
53633 26
53434 26
53970 26
53655 26
52511 25
53386 26
53878 26
53644 26
53935 26
53362 26
53760 26
53747 26
53329 26
53959 26
53537 26
53445 26
53806 26
49641 24
53574 26
53399 26
53515 26
53340 26
53946 26
53108 25
53736 26
52898 25
53141 25
53154 25
53399 26
53187 25
54005 26
53410 26
53340 26
53644 26
53316 26
53386 26
53491 26
53550 26
53421 26
53889 26
53467 26
53655 26
53213 25
18428 8
18404 8
53572 26
53784 26
54016 26
53469 26
53515 26
53222 25
53631 26
54298 26
53316 26
53596 26
233870 114
53364 26
53631 26
53270 26
53563 26
53539 26
53235 25
53679 26
53644 26
53467 26
53095 25
53294 26
53423 26
53878 26
53889 26
53480 26
53351 26
53830 26
53620 26
53456 26
53563 26
52990 25
53515 26
53620 26
53259 26
53456 26
53456 26
53235 25
53281 26
53211 25
59581 29
53222 25
53679 26
53316 26
53981 26
53386 26
53515 26
53362 26
53760 26
53526 26
53316 26
53550 26
53701 26
53467 26
53655 26
53001 25
53152 25
53469 26
53981 26
53784 26
53760 26
53432 26
53130 25
53200 25
53480 26
53596 26
53084 25
52920 25
53187 25
53900 26
53502 26
53480 26
53504 26
53585 26
53690 26
53596 26
52804 25
52793 25
135590 66
52977 25
53620 26
53480 26
53480 26
53421 26
53386 26
52979 25
53701 26
53106 25
52802 25
52745 25
53668 26
53655 26
53690 26
53421 26
53305 26
53631 26
53200 25
53375 26
53563 26
53585 26
53399 26
53224 25
53375 26
52944 25
53491 26
53025 25
53865 26
53854 26
52874 25
53305 26
52944 25
53178 25
53294 26
53504 26
53388 26
53187 25
53117 25
53421 26
53025 25
53423 26
53305 26
53795 26
53292 26
49770 24
53749 26
53130 25
53865 26
53235 25
53327 26
52896 25
53073 25
53631 26
54016 26
54121 26
53176 25
53515 26
57901 28
53364 26
53375 26
18356 8
18372 8
53340 26
53808 26
52979 25
52489 25
53701 26
53257 26
52885 25
52933 25
53771 26
53585 26
53386 26
53178 25
54506 26
53607 26
53351 26
52804 25
52920 25
53353 26
53410 26
52837 25
53585 26
53491 26
53025 25
53143 25
53760 26
53178 25
53224 25
52791 25
53852 26
53819 26
53386 26
53585 26
53388 26
53248 26
52780 25
49711 24
52640 25
51754 25
54016 26
53386 26
53539 26
52990 25
53784 26
53572 26
53655 26
18112 8
18448 9
53060 25
53585 26
53316 26
53200 25
53690 26
53631 26
53224 25
53620 26
18348 8
53480 26
53235 25
53935 26
53550 26
53690 26
53561 26
51975 25
53421 26
53887 26
53353 26
53152 25
53830 26
53493 26
53620 26
53165 25
53493 26
53515 26
53467 26
53644 26
53526 26
53117 25
53537 26
53423 26
53585 26
53563 26
53539 26
53935 26
54040 26
53060 25
54727 26
53502 26
53318 26
53574 26
49886 24
53305 26
53946 26
53130 25
53071 25
53270 26
49396 24
53502 26
53539 26
53528 26
53830 26
52931 25
53165 25
60561 29
54226 26
53003 25
53445 26
53340 26
53456 26
53213 25
53830 26
53773 26
52942 25
53421 26
53329 26
53749 26
53130 25
53108 25
53281 26
53539 26
53386 26
53502 26
53108 25
53854 26
53434 26
53375 26
53701 26
53434 26
53362 26
53725 26
53504 26
53504 26
52990 25
53084 25
54086 26
53456 26
53563 26
53572 26
53340 26
54062 26
53607 26
54016 26
53491 26
54578 26
53200 25
53270 26
53141 25
53771 26
53423 26
53609 26
53082 25
53375 26
53515 26
53434 26
53141 25
49641 24
53677 26
53491 26
53830 26
53329 26
53701 26
53434 26
54097 26
53421 26
53655 26
53364 26
53445 26
53843 26
53561 26
53773 26
53526 26
53410 26
53375 26
53852 26
53830 26
53887 26
53714 26
53491 26
53200 25
53585 26
53213 25
53515 26
53294 26
53572 26
53445 26
53305 26
53189 25
53445 26
53959 26
53456 26
137491 67
53305 26
53609 26
53539 26
53515 26
53690 26
53060 25
53318 26
53364 26
53574 26
53679 26
53712 26
53351 26
53725 26
52920 25
53364 26
53353 26
53327 26
53257 26
53725 26
18256 8
53596 26
18376 8
52583 25
53620 26
53712 26
53852 26
53036 25
53480 26
53434 26
54775 26
53445 26
53410 26
53073 25
53749 26
53141 25
53585 26
53270 26
53712 26
53176 25
53889 26
53900 26
53432 26
53200 25
53690 26
53609 26
53469 26
52909 25
54027 26
53550 26
52804 25
52815 25
53679 26
53071 25
53292 26
53421 26
53434 26
53316 26
53539 26
52990 25
52651 25
53714 26
52885 25
53176 25
53178 25
53154 25
53189 25
53515 26
53235 25
53725 26
53353 26
53819 26
18368 8
53725 26
53423 26
53550 26
53620 26
53410 26
53526 26
53515 26
53480 26
53397 26
53773 26
53563 26
53281 26
52605 25
53887 26
53539 26
53434 26
53819 26
59452 29
53480 26
53644 26
53200 25
52920 25
53784 26
53701 26
53434 26
53808 26
53246 25
53502 26
53889 26
53528 26
53609 26
53421 26
53388 26
53749 26
53725 26
18184 8
18300 8
53445 26
53878 26
53224 25
53561 26
54086 26
52570 25
53001 25
52931 25
52966 25
53504 26
53585 26
53633 26
53491 26
53609 26
53561 26
53620 26
53819 26
53456 26
53596 26
53843 26
53388 26
53491 26
53329 26
53852 26
52944 25
53795 26
53200 25
53224 25
53596 26
53421 26
53631 26
53071 25
53596 26
53480 26
53423 26
53351 26
53563 26
53095 25
53283 26
53434 26
53876 26
18404 8
18304 8
53235 25
53294 26
53480 26
53668 26
53117 25
53970 26
49398 24
53736 26
52837 25
52850 25
53108 25
53806 26
53432 26
53526 26
53631 26
53701 26
53701 26
53865 26
53351 26
53528 26
53445 26
53782 26
53620 26
53806 26
53469 26
53666 26
53001 25
53445 26
53550 26
53375 26
53224 25
53305 26
53189 25
53200 25
53679 26
53690 26
53480 26
53504 26
53620 26
53165 25
53130 25
53539 26
53992 26
53504 26
53598 26
53701 26
53550 26
53049 25
53340 26
49433 24
53771 26
53526 26
53572 26
53992 26
53515 26
52909 25
52839 25
53701 26
53609 26
53176 25
53141 25
53504 26
53633 26
54834 26
53410 26
53224 25
53585 26
53410 26
52850 25
53316 26
53117 25
53456 26
53480 26
53515 26
53176 25
51579 25
53375 26
53690 26
53701 26
53388 26
53808 26
53340 26
53666 26
63374 30
53294 26
53014 25
52874 25
53152 25
53714 26
52839 25
53491 26
49512 24
53539 26
53690 26
53806 26
53550 26
53526 26
53281 26
53318 26
53270 26
53235 25
53515 26
53760 26
53423 26
53539 26
53130 25
53913 26
63245 30
52944 25
53690 26
53701 26
52990 25
49897 24
52745 25
53620 26
54029 26
52675 25
49689 24
52874 25
53176 25
53900 26
53679 26
53480 26
53421 26
53353 26
53364 26
53609 26
53504 26
53865 26
53432 26
53620 26
53399 26
53375 26
53782 26
53362 26
53644 26
53666 26
53878 26
53677 26
53421 26
53397 26
53725 26
53631 26
53526 26
53432 26
53119 25
54005 26
54005 26
53458 26
53609 26
53305 26
53526 26
53456 26
54180 26
53631 26
53106 25
53257 26
53655 26
53200 25
53189 25
53633 26
53351 26
53469 26
53410 26
60340 29
53808 26
53666 26
53329 26
53550 26
53703 26
53690 26
53351 26
53841 26
53596 26
53572 26
53609 26
53585 26
53841 26
53701 26
53504 26
53504 26
53666 26
53795 26
53574 26
53876 26
53725 26
53467 26
54040 26
53049 25
53539 26
53082 25
53246 25
53491 26
53375 26
53585 26
53526 26
53480 26
53329 26
53959 26
53668 26
53434 26
53736 26
53176 25
228655 111
