16569096 9
16308404 8
16248492 8
16303092 8
16388540 8
16326128 8
16434812 8
16402236 8
16508748 8
16369696 8
16395112 8
16304824 8
16182772 8
16383760 8
16043484 8
16238488 8
16390468 8
16358432 8
15982800 8
16352636 8
16226168 8
16261956 8
16506656 8
16286656 8
16256872 8
16380696 8
16290520 8
16218752 8
16396948 8
16293632 8
16454612 8
16489100 8
16488684 8
16489308 8
16316120 8
16237432 8
16238200 8
16461836 8
16284256 8
16294796 8
16362064 8
16247092 8
16240988 8
16277320 8
16347528 8
16430312 8
16527548 9
16316320 8
16170700 8
16301308 8
16231232 8
16373308 8
16286956 8
16246748 8
16180864 8
16448744 8
16482452 8
16265112 8
16289276 8
16194688 8
16448452 8
16327632 8
16307100 8
16366028 8
16189660 8
16463284 8
16469820 8
16267124 8
16248548 8
16179348 8
16279364 8
16248056 8
16351144 8
16418312 8
16310508 8
16294880 8
16495208 8
16473576 8
16272192 8
16187676 8
16273224 8
16250784 8
16303756 8
16244724 8
16389748 8
16283516 8
16516524 9
16390336 8
16486708 8
16301548 8
16290960 8
16302428 8
16280992 8
16517672 9
16284672 8
16302992 8
16365056 8
16326492 8
16166468 8
16267748 8
16485340 8
16355700 8
16369604 8
16316368 8
16372744 8
16310452 8
16349676 8
16190892 8
16307020 8
16170536 8
16235648 8
16469344 8
16210236 8
16255108 8
16465908 8
16272092 8
16243240 8
16357496 8
16304360 8
16481316 8
16236604 8
16513432 8
16312812 8
16234844 8
16414816 8
16232976 8
16441400 8
16270776 8
16311260 8
16383456 8
16357840 8
16263052 8
16406872 8
16307664 8
16371260 8
16270280 8
16291312 8
16455056 8
16502544 8
16233968 8
16365728 8
16302448 8
16208860 8
16406728 8
16364992 8
16365584 8
16380464 8
16427012 8
16397136 8
16359800 8
16340252 8
16526620 9
16352916 8
16489488 8
16278600 8
16287660 8
16462264 8
16306124 8
16229572 8
16484580 8
16366428 8
16374856 8
16393344 8
16234580 8
16384420 8
16279596 8
16247296 8
16093176 8
16352324 8
16384540 8
16414008 8
16389632 8
16404344 8
16327232 8
16196856 8
16397276 8
16216020 8
16224012 8
16347884 8
16290176 8
16326232 8
16310392 8
16396588 8
16278188 8
16326980 8
16396212 8
16207336 8
16379636 8
16297556 8
16233044 8
16310948 8
16312596 8
16310668 8
16323720 8
16474144 8
16316088 8
16360260 8
16470092 8
16289816 8
16376236 8
16331316 8
16289260 8
16290328 8
16496344 8
16361808 8
16388860 8
16302148 8
16361748 8
16374724 8
16424448 8
16355016 8
16327656 8
16233128 8
16060716 8
16393516 8
16317216 8
16321016 8
16377932 8
16380192 8
16372732 8
16398528 8
16347864 8
16312108 8
16305068 8
16300088 8
16357292 8
16343716 8
16327008 8
16297828 8
16335604 8
16229672 8
16231468 8
16428332 8
16455668 8
16395048 8
16396028 8
16268388 8
16499188 8
16367460 8
16486248 8
16215592 8
16302936 8
16347324 8
16317792 8
16319840 8
16297328 8
16383080 8
16453120 8
16083436 8
16352708 8
16393316 8
16325032 8
16299496 8
16410808 8
16341432 8
16409724 8
16324308 8
16298992 8
16372796 8
16285056 8
16434300 8
16236920 8
16317648 8
16360740 8
16357520 8
16441008 8
16419708 8
16378736 8
16218884 8
16429808 8
16242748 8
16323448 8
16237876 8
16436796 8
16252816 8
16357288 8
16472892 8
16380184 8
16294512 8
16295992 8
16192200 8
16342472 8
16448944 8
16439568 8
16308252 8
16325928 8
16384856 8
16339820 8
16342736 8
16202188 8
16458792 8
16361556 8
16246996 8
16419448 8
16355856 8
16196444 8
16342924 8
16351764 8
16236188 8
16370520 8
16444968 8
16293420 8
16367332 8
16430468 8
16374056 8
16330152 8
16414980 8
16443868 8
16215852 8
16262252 8
16377220 8
16321092 8
16362508 8
16284092 8
16224224 8
16211404 8
16174240 8
16236244 8
16315516 8
16242064 8
16366748 8
16312336 8
16448832 8
16403164 8
16438376 8
16339224 8
16279028 8
16151808 8
16265348 8
16550268 9
16363828 8
16265408 8
16430832 8
16415416 8
16276856 8
16354140 8
16398132 8
16423364 8
16236100 8
16302004 8
16377868 8
16265000 8
16317652 8
16334780 8
16443308 8
16283672 8
16417232 8
16387572 8
16317796 8
16206696 8
16313804 8
16496364 8
16352844 8
16320644 8
16343104 8
16392992 8
16262592 8
16453936 8
16308788 8
16205624 8
16207760 8
16260600 8
16300104 8
16364624 8
16319384 8
16256248 8
16373044 8
16283576 8
16337656 8
16311756 8
16332120 8
16376728 8
16418460 8
16226708 8
16273564 8
16402872 8
16296064 8
16156912 8
16245272 8
16228276 8
16421024 8
16257032 8
16428404 8
16116488 8
16471808 8
16178700 8
16305320 8
16482180 8
16220696 8
16506184 8
16446716 8
16320180 8
16171076 8
16313852 8
16333468 8
16470248 8
16284804 8
16304792 8
16459264 8
16200260 8
16283912 8
16439276 8
16325040 8
16309016 8
16171900 8
16300444 8
16480840 8
15952680 8
16544388 9
16272564 8
16299812 8
16202448 8
16260156 8
16255952 8
16222556 8
16306164 8
16267472 8
16254520 8
16374640 8
16271540 8
16244388 8
16323180 8
16246888 8
16289468 8
16239396 8
16182688 8
16421388 8
16152724 8
16277944 8
16288668 8
16276900 8
16388572 8
16265900 8
16469092 8
16166816 8
16365340 8
16310676 8
16279748 8
16223092 8
16490772 8
16410328 8
16384548 8
16368236 8
16487612 8
16290092 8
16231048 8
16072956 8
16231204 8
16392128 8
16334600 8
16183220 8
16535700 9
16425040 8
16504344 8
16216772 8
16489008 8
16398640 8
16237360 8
16348604 8
16224920 8
16353332 8
16443228 8
16216156 8
16342436 8
16309236 8
16340664 8
16368120 8
16353988 8
16279888 8
16275904 8
16374836 8
16022400 8
16293536 8
16315092 8
16350388 8
16213736 8
16284896 8
16288788 8
16340912 8
16243876 8
16335060 8
16347944 8
16225368 8
16279032 8
16531084 9
16251368 8
16259684 8
16375852 8
16210864 8
16420664 8
16402324 8
16231696 8
16412044 8
16428244 8
16523120 9
16313552 8
16343832 8
16377880 8
16349108 8
16298788 8
16094692 8
16411928 8
16461964 8
16299416 8
16340500 8
16289080 8
16449344 8
16292196 8
16382580 8
16090580 8
16437372 8
16438612 8
16383768 8
16292832 8
16284400 8
16320972 8
16167292 8
16236752 8
16319880 8
16276440 8
16403336 8
16366152 8
16270716 8
16426328 8
16361360 8
16290664 8
16380056 8
16357128 8
16218368 8
16320620 8
16336428 8
16350912 8
16255936 8
16247624 8
16222516 8
16275632 8
16333008 8
16257436 8
16280052 8
16399496 8
16360164 8
16230184 8
16409644 8
16178604 8
16348056 8
16300864 8
16372156 8
16298096 8
16215288 8
16421032 8
16199224 8
16289884 8
16434580 8
16349952 8
16406252 8
16309784 8
16338804 8
16336164 8
16407156 8
16381636 8
16358340 8
16429144 8
16424172 8
16254208 8
16356316 8
16395376 8
16312048 8
16188184 8
16376276 8
16436772 8
16427032 8
16305040 8
16323044 8
16430912 8
16275172 8
16346128 8
16331416 8
16379532 8
16432944 8
16306388 8
16476020 8
16443552 8
16248452 8
16473304 8
16452108 8
16319680 8
16459156 8
16288576 8
16355352 8
16307664 8
16393988 8
16286652 8
16441992 8
16347532 8
16316232 8
16345180 8
16234960 8
16332044 8
16342680 8
16299792 8
16338656 8
16392452 8
16380772 8
16216172 8
16296336 8
16305624 8
16338024 8
16273788 8
16284624 8
16419256 8
16336352 8
16342716 8
16347508 8
16348732 8
16390636 8
16309828 8
16326316 8
16290864 8
16282240 8
16258772 8
16232456 8
16404540 8
16361148 8
16232884 8
16285244 8
16294632 8
16296352 8
16308036 8
16278956 8
16320504 8
16234812 8
16347024 8
16305728 8
16450904 8
16443212 8
16330760 8
16261684 8
16295184 8
16268720 8
16408648 8
16284628 8
16265932 8
16282736 8
16221376 8
16333080 8
16379724 8
16253988 8
16282608 8
16325880 8
16339280 8
16154004 8
16331224 8
16328280 8
16342620 8
16391540 8
16200180 8
16419196 8
16262264 8
16313868 8
16324236 8
16452596 8
16334472 8
16284212 8
16333428 8
16430384 8
16464916 8
16294136 8
16243368 8
16170512 8
16371180 8
16490036 8
16319004 8
16114088 8
16275816 8
16113248 8
16320348 8
16330332 8
16339048 8
16305128 8
16398024 8
16313428 8
16337512 8
16427724 8
16386048 8
16426896 8
16257132 8
16202384 8
16316608 8
16176996 8
16344024 8
16189144 8
16148276 8
16391132 8
16244216 8
16446280 8
16267644 8
16415560 8
16300588 8
16374228 8
16411272 8
16434480 8
16269668 8
16431768 8
16306928 8
16455360 8
16263720 8
16297588 8
16238988 8
16315088 8
16310304 8
16187812 8
16266060 8
16379100 8
16484540 8
16248668 8
16361700 8
16457192 8
16253832 8
16293364 8
16508576 8
16315652 8
16284140 8
16305864 8
16348848 8
16453284 8
16275240 8
16356912 8
16360248 8
16351004 8
16416600 8
16277972 8
16407240 8
16287548 8
16293612 8
16245492 8
16461980 8
16294268 8
16408248 8
16360824 8
16429884 8
16263304 8
16212140 8
16254460 8
16386196 8
16572596 9
16529796 9
16273820 8
16465176 8
16241560 8
16433760 8
16489088 8
16274732 8
16311740 8
16352180 8
16510956 8
16308676 8
16484280 8
16282436 8
16344040 8
16313408 8
16289144 8
16380040 8
16347648 8
16379272 8
16308048 8
16266120 8
16503936 8
16317264 8
16257816 8
16307860 8
16337820 8
16512160 8
16294328 8
16345928 8
16266460 8
16316804 8
16548368 9
16293100 8
16357936 8
16389096 8
16281288 8
16444064 8
16261320 8
16457308 8
16303496 8
16248880 8
16232168 8
16189064 8
16371364 8
16486552 8
16272392 8
16230964 8
16374544 8
16278300 8
16266204 8
16484884 8
16233776 8
16308412 8
16446664 8
16427732 8
16309356 8
16375828 8
16205168 8
16314764 8
16249692 8
16252316 8
16208264 8
16318892 8
16339860 8
16311724 8
16141816 8
16316652 8
16185608 8
16316372 8
16330188 8
16409048 8
16229708 8
16239320 8
16206796 8
16275116 8
16461412 8
16340532 8
16300060 8
16267972 8
16197604 8
16245272 8
16406796 8
16263892 8
16292772 8
16393436 8
16333908 8
16331688 8
16236088 8
16231076 8
16389832 8
16494088 8
16385140 8
16494880 8
16355616 8
16240928 8
16297872 8
16311640 8
16321040 8
16503880 8
16344472 8
16417348 8
16288584 8
16214588 8
16183568 8
16304556 8
16416816 8
16317168 8
16398244 8
16290972 8
16294028 8
16398684 8
16301200 8
16241808 8
16377820 8
16419964 8
16322736 8
16319644 8
16355220 8
16350196 8
16351636 8
16285700 8
16406572 8
16424148 8
16256372 8
16264060 8
16385188 8
16283444 8
16336324 8
16386744 8
16311036 8
16353428 8
16209380 8
16340784 8
16484524 8
16234216 8
16461332 8
16371008 8
16332740 8
16322404 8
16404608 8
16259780 8
16310136 8
16340868 8
16325364 8
16368532 8
16326148 8
16325964 8
16397212 8
16289412 8
16338612 8
16388328 8
16331788 8
16289772 8
16247296 8
16334704 8
16398152 8
16379744 8
16294180 8
16367812 8
16349216 8
16373572 8
16416072 8
16374464 8
16315796 8
16394816 8
16418136 8
16189156 8
16439632 8
16383360 8
16292716 8
16290856 8
16177544 8
16388108 8
16211952 8
16158588 8
16308256 8
16187408 8
16225444 8
16279624 8
16451056 8
16258560 8
16380448 8
16260324 8
16416056 8
16149656 8
16337884 8
16226432 8
16325944 8
16369136 8
16338092 8
16402864 8
16320268 8
16257900 8
16375624 8
16342996 8
16233400 8
16371192 8
16287804 8
16272472 8
16348332 8
16388844 8
16272616 8
16275992 8
16211644 8
16339568 8
16372900 8
16340724 8
15979620 8
16370800 8
16299908 8
16414164 8
16408264 8
16202656 8
16287340 8
16332480 8
16334632 8
16329776 8
16510860 8
16426748 8
16268640 8
16419336 8
16198976 8
16306992 8
16308124 8
16326044 8
16272348 8
16216204 8
16231732 8
16260064 8
16414664 8
16268988 8
16243244 8
16343420 8
16289548 8
16308284 8
16358132 8
16274640 8
16255828 8
16249356 8
16355788 8
16260624 8
16211088 8
16380140 8
16188156 8
16444996 8
16300948 8
16193576 8
16295632 8
16354808 8
16352536 8
16315692 8
16356400 8
16386172 8
16235728 8
16386852 8
