1834665 27
1778829 27
1686079 25
1691887 25
1685716 25
1690769 25
1692027 25
1083766 16
580912 8
1693160 25
1684537 25
1693044 25
1692261 25
1692891 25
1775012 27
1694024 25
1772726 27
1692261 25
1683920 25
1694794 25
1693871 25
1686849 25
1688411 25
1686324 25
1693219 25
1792258 27
1693801 25
1693125 25
1693650 25
1686871 25
1685635 25
1691981 25
1694735 25
1694444 25
1842564 28
1683489 25
1686545 25
1686615 25
1682964 25
1686171 25
1685029 25
1210460 18
577356 8
1688061 25
1686079 25
1691725 25
1683828 25
1687956 25
1684108 25
1695820 25
1685495 25
1685578 25
1689953 25
1568654 23
1693906 25
1773450 27
1684539 25
1685963 25
1771549 27
1772982 27
1694269 25
1687816 25
1771630 27
1666234 25
1862641 28
578828 8
1689846 25
577976 8
579684 8
1691292 25
1685683 25
1692904 25
1693580 25
1694140 25
1685425 25
1684248 25
1837196 28
1694081 25
1843881 28
1694048 25
1684677 25
1689054 25
1694899 25
1688938 25
1690618 25
1692250 25
1688551 25
1762764 26
1692694 25
1689590 25
577828 8
1694269 25
1684200 25
1689929 25
1692753 25
1772028 27
1772260 27
1694746 25
1694374 25
1688936 25
1691911 25
1688260 25
1685110 25
1691082 25
1684841 25
1830874 27
1683430 25
1686884 25
1689426 25
1694722 25
1694013 25
1767885 26
1815496 27
1683454 25
1693383 25
1690557 25
1684259 25
1685075 25
1761480 26
1683010 25
1684935 25
1757792 26
1685692 25
1694958 25
1693534 25
1689555 25
1694549 25
1688564 25
1692508 25
1693171 25
1814260 27
1685040 25
1572084 23
1686626 25
1687490 25
1568547 23
1687525 25
1694372 25
1694840 25
1692414 25
1771514 27
1682684 25
1684806 25
1772693 27
1689789 25
1693125 25
580300 8
1684200 25
1737553 26
1685366 25
1814308 27
1682369 25
1686114 25
578992 8
1693838 25
577036 8
1694442 25
1691808 25
1689636 25
2019290 30
1693731 25
1836811 28
1692484 25
1686650 25
1683058 25
1685543 25
1684830 25
1686208 25
1687910 25
1685250 25
1769180 26
1695365 25
1694805 25
1686173 25
1684071 25
1685250 25
1686346 25
1685718 25
1684445 25
1685471 25
1684025 25
1871054 28
1568654 23
1763300 26
1779901 27
1692285 25
1687862 25
1688632 25
1683627 25
1686068 25
1806536 27
1691445 25
1682229 25
1688284 25
1693685 25
1695166 25
1694433 25
1683325 25
1691060 25
1694444 25
1692204 25
1776799 27
1692027 25
1693042 25
1693801 25
1693954 25
1776097 27
1691817 25
1695212 25
1693311 25
1691152 25
1682940 25
1568199 23
1772505 27
1686451 25
1691248 25
580748 8
1684456 25
1693930 25
1690524 25
1693672 25
1692996 25
1693230 25
1694910 25
1685611 25
1830476 27
1694199 25
1612393 24
1776705 27
1693674 25
1685250 25
1686453 25
1695435 25
1693033 25
1812486 27
1694711 25
1685600 25
1685447 25
1694980 25
1683406 25
1687328 25
1786693 27
1569505 23
1684935 25
1689356 25
1770556 27
1687923 25
1690371 25
1693849 25
1686042 25
1693335 25
1687116 25
1693464 25
1694886 25
1692029 25
1766496 26
1686033 25
1692950 25
1693663 25
1687011 25
1692845 25
1567838 23
1685029 25
1684690 25
1686101 25
1690594 25
1693849 25
1684830 25
1688039 25
1686348 25
1694956 25
1764991 26
1692530 25
1684935 25
1684585 25
1691259 25
1692541 25
1693416 25
1693685 25
1685867 25
1694245 25
1690839 25
1757783 26
1686370 25
1691305 25
1685519 25
1686534 25
1690395 25
1691644 25
1761375 26
1689730 25
1776366 27
1578137 24
1581941 24
1692939 25
1685460 25
1641021 25
1629460 24
1801052 27
1688378 25
1692600 25
577572 8
1695492 25
1630392 24
1694398 25
1684480 25
1803189 27
1688166 25
1693698 25
1684911 25
1683209 25
1691819 25
1776613 27
1692600 25
1694269 25
1685075 25
1694864 25
1825950 27
1694013 25
1684176 25
1695166 25
1689299 25
1690220 25
1692425 25
1687022 25
1687396 25
1691421 25
1692692 25
1764490 26
1694118 25
1693860 25
1684165 25
1693709 25
1771735 27
1685169 25
1685506 25
1686077 25
1695063 25
1686453 25
1770696 27
1692460 25
1782246 27
1689391 25
1695621 25
1693276 25
1687654 25
1817563 27
1692180 25
1692775 25
1684736 25
1694827 25
1684200 25
1689463 25
1682835 25
1692624 25
1781069 27
1766800 26
1684725 25
1695785 25
1685902 25
1684270 25
1686195 25
1694713 25
1693871 25
1824830 27
1692915 25
1686464 25
1688330 25
1683174 25
1684364 25
1692764 25
1693825 25
1694770 25
1770219 27
1696006 25
1694339 25
1686206 25
1682848 25
1692799 25
1685648 25
1800260 27
1689216 25
1692132 25
1691620 25
1685797 25
1694293 25
1694059 25
1687291 25
1681492 25
1756637 26
1686289 25
1687420 25
580032 8
1685600 25
1693488 25
1685834 25
1688271 25
1769541 27
1687665 25
1687746 25
1683664 25
1693055 25
1692810 25
1693591 25
1799781 27
1686569 25
1766892 26
1692261 25
1769123 26
1686090 25
1684248 25
1690174 25
1686871 25
1761165 26
1685554 25
1685727 25
1686685 25
1685088 25
1692624 25
1686254 25
1694805 25
1683931 25
1692891 25
1689393 25
1691749 25
1778560 27
1686254 25
579000 8
578796 8
581036 8
577124 8
1683710 25
1692845 25
1694013 25
1694223 25
1683220 25
1685635 25
1684830 25
1762285 26
1583459 24
1693777 25
1574195 24
1683791 25
1684200 25
1686556 25
1759975 26
1686580 25
1769088 26
1685449 25
1688877 25
1695330 25
1688505 25
1688820 25
1691561 25
1689964 25
1688225 25
1693943 25
581036 8
1196059 18
1694022 25
1695063 25
580276 8
577512 8
1695096 25
1690791 25
1766100 26
1684502 25
1825694 27
1765879 26
1685764 25
1689426 25
1692237 25
1691329 25
1692005 25
1689299 25
1692064 25
1923436 29
1693405 25
1683977 25
1694350 25
1694000 25
1694431 25
1694514 25
1686160 25
1686195 25
1694455 25
1691655 25
1763300 26
1769740 27
1694035 25
1692447 25
1775353 27
1696612 25
1693545 25
1767721 26
1687057 25
1684620 25
1771455 27
1684887 25
1693346 25
1688844 25
1683454 25
1686510 25
1815415 27
1693136 25
1687444 25
1685764 25
1685110 25
1685985 25
1694046 25
1824003 27
1686079 25
1685473 25
1687606 25
1774266 27
1686090 25
1683826 25
1822240 27
1690837 25
1683815 25
1685821 25
1693160 25
1691515 25
1692495 25
1712911 26
1695656 25
1690662 25
1692751 25
1681271 25
1691946 25
1686919 25
1771840 27
1695295 25
1768375 26
1692845 25
1822052 27
1686790 25
1776961 27
1684561 25
1693462 25
1684515 25
1682671 25
1650309 25
1684235 25
1839075 28
1779796 27
1684502 25
1685099 25
1683990 25
1692670 25
1685169 25
1765809 26
1685670 25
1762296 26
1690231 25
1768935 26
1694665 25
1694105 25
1688481 25
1694910 25
1695236 25
1694280 25
1695820 25
1686569 25
1849448 28
1687258 25
1769834 27
1683102 25
1769950 27
1692576 25
1686685 25
1690476 25
1690395 25
1695809 25
1685530 25
1686009 25
1823710 27
1690979 25
1820398 27
1691539 25
1695330 25
1694501 25
1695389 25
1778700 27
1686068 25
1693497 25
1684806 25
1800284 27
1684060 25
1866340 28
1691983 25
1778525 27
1692893 25
1696426 25
1693429 25
1686731 25
1691712 25
1685578 25
1738905 26
1692005 25
1684631 25
1694258 25
1693987 25
1694501 25
1687864 25
1882009 28
1684924 25
1693849 25
1684703 25
1684760 25
1692541 25
1686895 25
1820560 27
1693138 25
1684690 25
1687536 25
1693895 25
1686219 25
1685436 25
1825867 27
1691889 25
1695645 25
1692810 25
1686873 25
1684994 25
1691399 25
1688131 25
1695249 25
1688376 25
1797950 27
1683478 25
1684246 25
1686521 25
1692646 25
1685751 25
1689708 25
1700569 25
1690115 25
1694234 25
1879408 28
1685786 25
1695669 25
1692285 25
1687046 25
1686698 25
1693545 25
1775784 27
1685869 25
1788990 27
1692939 25
1692856 25
1694398 25
1684725 25
1685541 25
1687105 25
1696146 25
1694326 25
1765564 26
1695505 25
1774780 27
1684375 25
1695074 25
1693976 25
1779914 27
1693591 25
1693289 25
1690791 25
1683909 25
1695168 25
1688155 25
1825473 27
1683955 25
1687350 25
1685239 25
1685834 25
1685565 25
1690802 25
1689181 25
1691539 25
1766183 26
1683242 25
1769716 27
1691655 25
1693744 25
1685565 25
1689218 25
1683979 25
1693580 25
1691607 25
1692974 25
1020898 15
577684 8
1693580 25
1696275 25
1692740 25
1763930 26
1769193 26
1682811 25
1689192 25
1685950 25
1692751 25
1685788 25
1778816 27
1693661 25
1685600 25
1684106 25
1686276 25
1685950 25
1779936 27
1694234 25
1686300 25
1683161 25
1694000 25
1685867 25
1695551 25
1693661 25
1685390 25
1695901 25
1769541 27
1314241 20
577680 8
1688785 25
1685425 25
1366155 20
581264 8
1767872 26
1689006 25
578360 8
1684913 25
1683395 25
1823080 27
1687665 25
1693930 25
1685904 25
1695063 25
1684176 25
1693523 25
1685622 25
1688739 25
1694153 25
1685622 25
1775679 27
1693847 25
1692845 25
1684900 25
1687490 25
1692928 25
1693731 25
1690979 25
1694479 25
1686707 25
1695249 25
1845434 28
1692635 25
1683570 25
1693674 25
1685228 25
1685005 25
1686184 25
1768795 26
1693952 25
1779352 27
1687735 25
1691235 25
581300 8
1692029 25
1684539 25
1693300 25
1693020 25
1693138 25
1689170 25
1692110 25
1687223 25
1688413 25
1685578 25
1752964 26
1684539 25
1694619 25
1693696 25
1686243 25
1682905 25
1687980 25
1695133 25
1687328 25
1770405 27
1769296 26
1767481 26
580556 8
1695995 25
1694059 25
1693125 25
1693031 25
1772459 27
1687315 25
1571861 23
1689636 25
1693440 25
1691318 25
1694711 25
1683966 25
1693068 25
1686300 25
1695004 25
1685891 25
1686731 25
1692740 25
1694396 25
1695085 25
1691795 25
1759520 26
1687129 25
1684305 25
580232 8
1685985 25
1685729 25
657835 10
578316 8
1684270 25
1693965 25
1682264 25
1694619 25
1693125 25
1851010 28
1688529 25
1695483 25
1694934 25
1684749 25
1695610 25
1692401 25
1686208 25
1694326 25
1685915 25
1689428 25
1771477 27
1694245 25
1684060 25
1693685 25
1688494 25
1686602 25
1694549 25
1770919 27
1684445 25
1686206 25
1693567 25
1764921 26
1764210 26
1686650 25
1685963 25
1692810 25
1694315 25
1691410 25
1826138 27
1685576 25
1686322 25
1683745 25
1686766 25
1683244 25
1693777 25
1694584 25
1694105 25
1767069 26
1690861 25
1684117 25
579352 8
1689111 25
1692985 25
1695308 25
1693359 25
1771466 27
1693569 25
1686335 25
1569632 23
1685191 25
1570905 23
1685985 25
1693009 25
1689030 25
1762624 26
1687665 25
1688936 25
1693416 25
1685005 25
1683896 25
1684480 25
1693044 25
1682170 25
1872454 28
1687514 25
1686346 25
1694350 25
1691224 25
1695400 25
1688774 25
1151493 17
577484 8
1690861 25
1979226 30
1685436 25
1687035 25
1771630 27
1686790 25
1691574 25
1693545 25
1694081 25
1693604 25
1693499 25
1692587 25
1693090 25
1694210 25
1687794 25
1853974 28
1686545 25
1689439 25
1695914 25
1694385 25
1695004 25
1708000 26
1694735 25
1694619 25
1771980 27
1685158 25
1682730 25
1684596 25
1687048 25
1685740 25
1696719 25
1695435 25
1695260 25
1771385 27
1683465 25
1691633 25
1686311 25
1685180 25
1685156 25
1694490 25
1693755 25
1693101 25
1882628 28
1684876 25
1770020 27
1693534 25
1693160 25
1688446 25
1693766 25
1692845 25
1685403 25
1825823 27
1692285 25
1687337 25
1634653 24
1685110 25
1669885 25
1690290 25
1687608 25
1682649 25
1770230 27
1761213 26
1694269 25
1693814 25
1695061 25
1691130 25
1685320 25
1775375 27
1694759 25
1835540 28
1694770 25
1694000 25
1691983 25
1693077 25
1731205 26
1683629 25
1692239 25
1684959 25
1685670 25
1683279 25
1775983 27
1694035 25
1689076 25
1688446 25
1686289 25
1686195 25
1693639 25
1687046 25
1687256 25
1807514 27
580740 8
1699729 25
1433622 21
1667645 25
1693943 25
1686860 25
1692799 25
1686836 25
1828448 27
1692764 25
1686952 25
1684504 25
1740071 26
1694770 25
1684445 25
