11756028 8
11514404 8
11662800 8
11685408 8
11687620 8
11621116 8
11640520 8
11663048 8
11572812 8
11678576 8
11532228 8
11582316 8
11658048 8
11688492 8
11481792 8
11654656 8
11628552 8
11705116 8
12554273 9
11812844 9
11542196 8
11632968 8
11742844 8
11714680 8
11755684 8
11699720 8
11531436 8
11668704 8
11648468 8
11647588 8
11660068 8
11606916 8
12539289 9
11526520 8
11692872 8
11606156 8
11634472 8
11527672 8
11474084 8
11564044 8
11755012 8
11745872 8
11608820 8
11538876 8
11707140 8
11630924 8
11678788 8
11683496 8
11761276 8
11720036 8
11640512 8
11759208 8
11656312 8
11543660 8
11515992 8
11610460 8
11802056 9
11812128 9
11570348 8
11620480 8
11731984 8
11798672 9
11540280 8
11621640 8
11633060 8
11847904 9
11574584 8
11557332 8
11804052 9
11602608 8
11677152 8
11541200 8
11625628 8
11549636 8
12426630 9
11557276 8
11628492 8
11661168 8
11716660 8
11638848 8
11661368 8
11511552 8
11489964 8
11542700 8
11588132 8
11700428 8
11473728 8
11687764 8
11635160 8
11624800 8
11633444 8
11565860 8
11637512 8
11513368 8
11690512 8
11665540 8
11668556 8
11766124 8
11359304 8
11618044 8
11662348 8
11644876 8
11808880 9
11703600 8
11785432 8
11673656 8
11608972 8
11672436 8
11664600 8
11579408 8
11658372 8
11644248 8
11617196 8
11679844 8
11664480 8
11617276 8
11744684 8
11860184 9
11690896 8
11827632 9
11595172 8
11610536 8
11595668 8
11656664 8
11585580 8
11635508 8
11677008 8
11642444 8
11667252 8
11581720 8
11577940 8
11550284 8
11601508 8
11763636 8
11702040 8
11802164 9
11622348 8
11396052 8
11608416 8
11536936 8
11611256 8
11776488 8
11633696 8
11682484 8
11548264 8
11806305 9
11734892 8
11701468 8
11568600 8
11571756 8
11700976 8
11667760 8
11628260 8
12472116 9
11564532 8
11728988 8
11621096 8
11692508 8
11573468 8
11542968 8
11763804 8
11558240 8
11696548 8
11615808 8
11611084 8
11628324 8
11612880 8
11673716 8
11610776 8
11667580 8
11784940 8
11613944 8
11679224 8
11632976 8
12308712 9
11585420 8
11769496 8
11530352 8
11555252 8
11667512 8
11706032 8
11599052 8
11670104 8
11592992 8
11640276 8
11657588 8
11650256 8
11547772 8
11669448 8
11667368 8
11543640 8
11715332 8
11574180 8
11581524 8
11717036 8
11719560 8
11579268 8
11589380 8
11684856 8
11557796 8
11676844 8
11673552 8
11612964 8
11685284 8
11669568 8
11488848 8
11588828 8
11683732 8
11691072 8
11516072 8
11634104 8
11720404 8
11607868 8
11663208 8
11641552 8
11626052 8
11495756 8
11717252 8
11729692 8
11728972 8
11559064 8
11684444 8
11631520 8
11606224 8
12491554 9
11717032 8
11644768 8
11582188 8
11643224 8
11604624 8
11752524 8
11571060 8
11602136 8
11643952 8
11763484 8
11698832 8
11706784 8
11741528 8
11684720 8
11674392 8
11697768 8
11605580 8
11639220 8
11774872 8
11593256 8
11571980 8
11688188 8
11604636 8
11645520 8
11740300 8
11656140 8
11754108 8
11579572 8
11672074 8
11693156 8
11679684 8
11663000 8
11560960 8
11685920 8
11668768 8
11633236 8
11408856 8
11584024 8
11669376 8
11433288 8
11562272 8
11747108 8
11738980 8
11725624 8
11593776 8
11683400 8
11622748 8
11639424 8
12576154 9
11601244 8
11698088 8
11699540 8
11579184 8
11706208 8
11392672 8
11620136 8
11752108 8
11603428 8
11691772 8
11594504 8
11603488 8
11667468 8
11544804 8
11640668 8
11661768 8
11730280 8
11619904 8
11710756 8
11712176 8
11652592 8
11671888 8
11663596 8
11711668 8
11659332 8
11685216 8
11674832 8
11745740 8
11666936 8
11677380 8
11709064 8
11692588 8
11644240 8
11603240 8
11786028 8
11599548 8
11756488 8
11583896 8
11755940 8
11705748 8
11768496 8
11584212 8
11610792 8
11716664 8
11593148 8
11732380 8
11648652 8
11706008 8
11726400 8
11606152 8
11606224 8
11579920 8
11457348 8
11698152 8
11750116 8
11567912 8
11784780 8
11699296 8
11674744 8
11652112 8
11507968 8
11680440 8
11483828 8
11666456 8
11998657 9
11621564 8
11609824 8
11636020 8
11493544 8
11717280 8
11605788 8
11616548 8
11615508 8
11580640 8
11553384 8
11728468 8
11735564 8
11671736 8
11520956 8
11640100 8
11715208 8
11695988 8
11715280 8
11642656 8
11735848 8
11631096 8
11635248 8
11665104 8
11600120 8
11650156 8
11602932 8
11762664 8
11722968 8
11745700 8
11610304 8
11561332 8
11594356 8
11662560 8
11660144 8
11537960 8
11664824 8
11710484 8
11603080 8
11630980 8
11739624 8
11568312 8
11606180 8
11698160 8
11447196 8
11616936 8
11746720 8
11732840 8
11735388 8
11702836 8
11679936 8
11616248 8
11686136 8
11726648 8
11653548 8
11672324 8
11745280 8
11526168 8
11748120 8
11636808 8
11803576 9
11537088 8
11701072 8
11608388 8
11724400 8
11573392 8
11764212 8
11574456 8
11687356 8
11683528 8
11661012 8
11459216 8
11693536 8
11545388 8
11837916 9
11666392 8
11738520 8
11584260 8
11701144 8
11596620 8
11611380 8
11553264 8
11708696 8
12580511 9
11787396 8
11699976 8
11559288 8
11508776 8
11721416 8
11700080 8
11381152 8
11634664 8
11591104 8
11682772 8
11717976 8
11651536 8
11662480 8
11691148 8
11695096 8
11701240 8
11657068 8
11669740 8
11496232 8
11522512 8
11500080 8
11624136 8
11474888 8
11562704 8
11651328 8
11550860 8
11598796 8
11694704 8
11693100 8
11642280 8
11725596 8
11693924 8
11753088 8
11797928 9
11656932 8
11613348 8
11570504 8
11572388 8
11529868 8
11665408 8
11514060 8
11714164 8
11721976 8
11613940 8
11510616 8
11572528 8
11667576 8
11631812 8
11706312 8
11693344 8
11632996 8
11609864 8
11678572 8
11758528 8
11653352 8
11649508 8
11753924 8
11545900 8
11667120 8
11573172 8
11684820 8
11675200 8
11669592 8
11556724 8
11677764 8
11708272 8
11715488 8
11565324 8
11584940 8
11763688 8
11598864 8
11661864 8
11531004 8
11636500 8
11704836 8
11702880 8
11552784 8
11677120 8
11573828 8
11647324 8
11743972 8
11635184 8
11666776 8
11777468 8
11618832 8
11745696 8
11635920 8
11629648 8
11563192 8
11405812 8
11639332 8
11675372 8
11649444 8
11539368 8
11657280 8
11602052 8
11687672 8
11676516 8
11634112 8
11480512 8
11583368 8
11530776 8
11744104 8
11766340 8
11803540 9
11595444 8
11684616 8
11563756 8
11551868 8
11616872 8
11647988 8
11720140 8
11718260 8
11650416 8
11678360 8
11702212 8
11660196 8
11577160 8
11588560 8
11473332 8
11570356 8
11530876 8
11506268 8
11536060 8
11654776 8
11654032 8
11604428 8
11634800 8
11553056 8
11841296 9
11514916 8
11662548 8
11704040 8
11627852 8
11702112 8
11782876 8
11761304 8
11622660 8
11571596 8
11759240 8
11724860 8
11792088 8
11726780 8
11638976 8
11705136 8
11679544 8
11544684 8
11801036 9
11665468 8
11595020 8
11623432 8
11644640 8
11451068 8
11659460 8
11607184 8
11725504 8
11626440 8
11677716 8
11540492 8
11625664 8
11516684 8
11624908 8
11596756 8
11546124 8
11423624 8
11675784 8
11655296 8
11676612 8
11501924 8
11686028 8
11605828 8
11663316 8
11631016 8
11618748 8
11543612 8
11670456 8
11661384 8
11548120 8
11679468 8
11673088 8
11588144 8
11647080 8
11589100 8
11628604 8
11574516 8
11690168 8
11696216 8
11659668 8
11723648 8
11722360 8
11695500 8
11668344 8
11712888 8
11665948 8
12480074 9
11663516 8
12084034 9
11596772 8
11579292 8
11686396 8
11549468 8
11698012 8
11626784 8
11341716 8
11647320 8
11640404 8
11744044 8
11698068 8
11584684 8
11640628 8
11652048 8
11553892 8
11678344 8
11629700 8
11751556 8
11642856 8
11474992 8
11685212 8
11578400 8
11685084 8
11684304 8
11652040 8
11764156 8
11636660 8
11625820 8
11715804 8
11673568 8
11610800 8
11571764 8
11726444 8
11685500 8
11607824 8
11546400 8
11633256 8
11743948 8
11652588 8
11600656 8
11525824 8
11640760 8
11703400 8
11708388 8
11492832 8
11706880 8
11678744 8
11720828 8
11541348 8
11526748 8
11567680 8
11704740 8
11666048 8
11587636 8
11637324 8
11641584 8
11531504 8
11642172 8
11679732 8
11612780 8
11748532 8
11653020 8
11687964 8
11700164 8
11603496 8
11707760 8
11742300 8
11667640 8
11678980 8
11536680 8
11639712 8
11774220 8
11477220 8
11656316 8
11672264 8
11563640 8
11671780 8
11634244 8
11651116 8
11520596 8
11485692 8
11468508 8
11665152 8
11566312 8
11695512 8
11658088 8
11638976 8
11670040 8
11640384 8
11630496 8
11650300 8
11686248 8
11651508 8
11693564 8
11616704 8
11762768 8
11716448 8
11365120 8
11731148 8
11655160 8
11589560 8
11578020 8
11585408 8
11660560 8
11721672 8
11758744 8
11563908 8
11665280 8
11730032 8
11623744 8
11711828 8
11721836 8
11524464 8
11706244 8
11672272 8
11742268 8
11618692 8
11552576 8
11417216 8
11678508 8
11747928 8
11674748 8
11602812 8
11765080 8
11659024 8
11734556 8
11573652 8
11684044 8
11538564 8
11739600 8
11635900 8
11494732 8
11667496 8
11562200 8
11776112 8
11623188 8
11611228 8
11655780 8
11667256 8
11668300 8
11696864 8
11702512 8
11645880 8
11766516 8
11603012 8
11727396 8
11643332 8
11511860 8
11564020 8
11680996 8
11683144 8
11706320 8
11741292 8
11640472 8
11637304 8
11720472 8
11685960 8
11691460 8
11611432 8
11606740 8
11583480 8
11650740 8
11577436 8
11634304 8
11735576 8
11610260 8
11667920 8
11741000 8
11677116 8
11554324 8
11663720 8
11461084 8
11712340 8
11630060 8
11727044 8
11623892 8
11611632 8
11648904 8
11548200 8
11624788 8
11590456 8
11616076 8
11593312 8
11761672 8
11537436 8
11697536 8
11705188 8
11693900 8
11600460 8
11736864 8
11723892 8
11532132 8
11695548 8
11639608 8
11726192 8
11649992 8
11504092 8
11615848 8
11623216 8
11684992 8
11669360 8
11697052 8
11713976 8
11639072 8
11595296 8
11550204 8
11610140 8
11542360 8
11544344 8
11596772 8
11651740 8
11664916 8
11730476 8
11676976 8
11607264 8
11546528 8
11609740 8
11639884 8
11609316 8
11720036 8
11678392 8
11494460 8
11653144 8
11737884 8
11695004 8
11746396 8
11554024 8
11725096 8
11694820 8
11696368 8
11611620 8
11602812 8
11530292 8
11624948 8
11623000 8
11626688 8
11647760 8
11510896 8
11606540 8
11706992 8
11613312 8
11514916 8
11628072 8
11684032 8
11623860 8
11765612 8
11736772 8
11674920 8
11713192 8
11527324 8
11631708 8
11677496 8
11744244 8
11553896 8
11637964 8
11806900 9
11398704 8
11589180 8
11608764 8
11637512 8
11576232 8
11588644 8
11679216 8
11642436 8
11586032 8
11602232 8
11642564 8
11655600 8
11583888 8
11609252 8
11533632 8
11656676 8
11565272 8
11721768 8
11798764 9
11586136 8
11606472 8
11724196 8
11579156 8
11622216 8
11590340 8
11583888 8
11602848 8
11689524 8
11617392 8
11595040 8
11654940 8
11797920 9
11607404 8
11615272 8
11696820 8
11620960 8
11653192 8
11674912 8
11635328 8
11604500 8
11611956 8
11637012 8
11576472 8
11690788 8
11623456 8
11784456 8
11704016 8
11692464 8
11698252 8
11598676 8
11625712 8
11763640 8
11672428 8
11626064 8
11567200 8
11657636 8
11503796 8
11613668 8
11355668 8
11612204 8
11631040 8
11833140 9
11643036 8
11815024 9
11579188 8
11630676 8
11584552 8
11575596 8
11830816 9
11553984 8
11543488 8
11659972 8
11654300 8
11622632 8
11594616 8
11403572 8
11751520 8
11656308 8
11648576 8
11652892 8
11776368 8
11623636 8
11742960 8
11512812 8
11616340 8
12079846 9
11680920 8
11599316 8
11525344 8
11502880 8
11606040 8
11652352 8
11568776 8
11613668 8
11663548 8
11607216 8
11667340 8
11667412 8
11694572 8
11636768 8
12359996 9
11519576 8
11630536 8
11713828 8
11769996 8
12353605 9
11585540 8
11726252 8
11639760 8
11839064 9
11588804 8
11695376 8
11625532 8
11731232 8
11504036 8
12388904 9
11552888 8
11751188 8
11816740 9
11676304 8
11760992 8
11584932 8
11690124 8
11599440 8
11709792 8
