740692 25
741523 25
740753 25
738476 25
736995 25
737765 25
740261 25
735875 25
741160 25
740799 25
739283 25
740716 25
740810 25
740344 25
740692 25
739738 25
741287 25
741836 25
737857 25
738629 25
738360 25
741208 25
686875 23
741243 25
741523 25
688323 24
737076 25
736774 25
688472 24
736785 25
737358 25
740576 25
737218 25
741731 25
737229 25
742024 25
738185 25
822360 28
741451 25
737391 25
738102 25
743435 25
737835 25
742258 25
739434 25
818978 28
738115 25
738209 25
742337 25
740600 25
736715 25
736669 25
737835 25
736820 25
890306 31
890798 31
882735 30
831519 29
849380 29
892688 31
739795 25
737684 25
738255 25
738255 25
735455 25
741160 25
741230 25
742643 25
738850 25
738091 25
740578 25
742479 25
740740 25
740821 25
823257 28
742945 25
739038 25
736238 25
741860 25
740495 25
698005 24
742921 25
741871 25
741685 25
741604 25
740027 25
737566 25
739843 25
742676 25
742746 25
740145 25
741838 25
738336 25
740718 25
737824 25
737135 25
737240 25
737323 25
737496 25
741941 25
742991 25
839289 29
900224 31
891579 31
739994 25
737544 25
737474 25
738465 25
740764 25
740880 25
740950 25
766885 26
740974 25
739736 25
738314 25
741475 25
742234 25
741954 25
741195 25
737100 25
739561 25
738056 25
844504 29
965079 33
872830 30
874628 30
737800 25
784267 27
738115 25
741300 25
743061 25
739491 25
741556 25
738686 25
741357 25
741206 25
737813 25
741733 25
740670 25
737789 25
738325 25
903536 31
893819 31
736656 25
738734 25
741475 25
738570 25
739854 25
741672 25
739235 25
743002 25
742048 25
738244 25
737754 25
738312 25
688870 24
738174 25
741160 25
836419 29
739119 25
742151 25
737402 25
740460 25
741149 25
741650 25
739211 25
736481 25
737089 25
737905 25
739957 25
741989 25
738056 25
740996 25
740692 25
741755 25
742735 25
741429 25
741405 25
740692 25
741440 25
737496 25
737275 25
736203 25
740086 25
741184 25
741206 25
737275 25
740554 25
741359 25
740786 25
742315 25
742232 25
738430 25
742221 25
740261 25
739550 25
740904 25
742350 25
820481 28
741184 25
740237 25
689933 24
737240 25
742315 25
736446 25
738570 25
742280 25
741941 25
701702 24
740412 25
739119 25
741591 25
821533 28
737531 25
736831 25
737356 25
738207 25
739423 25
741359 25
738185 25
738909 25
740915 25
740963 25
737356 25
736809 25
737719 25
737590 25
892524 31
849017 29
840232 29
954006 33
741357 25
739141 25
685766 23
736925 25
742735 25
741440 25
738465 25
740366 25
738091 25
736995 25
741335 25
741825 25
738933 25
738056 25
736249 25
738570 25
737846 25
924118 32
739224 25
254204 8
737533 25
741941 25
741103 25
740904 25
826665 28
737997 25
740891 25
741335 25
735374 25
741464 25
738150 25
738115 25
740587 25
742396 25
741685 25
740075 25
739130 25
741383 25
736422 25
738371 25
738220 25
741031 25
741254 25
739095 25
740880 25
716415 24
743085 25
742374 25
740016 25
827166 28
737054 25
739843 25
741615 25
741335 25
738417 25
740368 25
740447 25
742512 25
738023 25
741359 25
740926 25
741545 25
741090 25
738511 25
740856 25
739003 25
740751 25
740576 25
738920 25
738198 25
738990 25
738616 25
738559 25
740390 25
897330 31
915657 31
741440 25
737356 25
736588 25
742315 25
738419 25
739469 25
741429 25
741114 25
740867 25
831018 28
893819 31
851970 29
738885 25
791140 27
741871 25
742678 25
739843 25
738524 25
736575 25
738441 25
742094 25
742151 25
740845 25
739795 25
741569 25
741475 25
739736 25
738931 25
737835 25
741919 25
884951 30
740613 25
937626 32
905087 31
737391 25
740880 25
741978 25
741276 25
742899 25
737577 25
741628 25
736634 25
742175 25
740403 25
888125 30
736656 25
739550 25
737776 25
738465 25
741720 25
740659 25
738476 25
736761 25
737251 25
737636 25
738209 25
740764 25
741440 25
738710 25
739141 25
742024 25
742269 25
740051 25
740646 25
740355 25
738172 25
739679 25
741254 25
739574 25
737776 25
737135 25
741020 25
741381 25
741521 25
740274 25
741545 25
687155 23
741136 25
738522 25
742057 25
738161 25
738255 25
741685 25
742245 25
737625 25
742232 25
846698 29
912531 31
866834 30
822640 28
741720 25
825068 28
740016 25
737905 25
737369 25
741593 25
738242 25
738535 25
834960 29
915834 31
739364 25
741475 25
739515 25
741044 25
741114 25
735689 25
738349 25
778120 27
741849 25
825394 28
898170 31
738373 25
737684 25
739154 25
737614 25
740705 25
737531 25
736424 25
738815 25
737334 25
739143 25
738618 25
738231 25
738314 25
737846 25
738732 25
740611 25
812409 28
737159 25
740331 25
742385 25
741230 25
741602 25
736763 25
738662 25
740821 25
738430 25
741884 25
741989 25
886690 30
894169 31
992961 34
895685 31
895825 31
737647 25
739014 25
738023 25
738837 25
738605 25
741394 25
741836 25
740810 25
741871 25
742385 25
738150 25
739889 25
740926 25
742081 25
741090 25
738349 25
738056 25
740495 25
740751 25
740985 25
738255 25
737566 25
741486 25
742280 25
737754 25
741685 25
737927 25
738699 25
741184 25
742339 25
737717 25
740670 25
742501 25
739060 25
740401 25
738220 25
742444 25
254108 8
254272 8
254036 8
741149 25
827505 28
739690 25
741138 25
737719 25
739889 25
738032 25
740576 25
690981 24
740355 25
741068 25
891905 31
905953 31
741114 25
253464 8
737450 25
741534 25
742011 25
742398 25
740880 25
729820 25
741510 25
737170 25
742059 25
740320 25
691016 24
737135 25
742468 25
743072 25
738570 25
685906 23
737988 25
737345 25
738592 25
735188 25
736225 25
741615 25
738395 25
736995 25
736330 25
741849 25
741650 25
742641 25
741604 25
742105 25
736621 25
737999 25
738500 25
736400 25
738500 25
737789 25
820050 28
738874 25
739012 25
742059 25
736540 25
738734 25
740729 25
742011 25
887554 30
945606 32
740169 25
740088 25
740541 25
739469 25
739725 25
742372 25
741416 25
738231 25
735897 25
736726 25
738091 25
741230 25
738174 25
740635 25
741324 25
741230 25
736109 25
736807 25
737918 25
821041 28
737951 25
740412 25
742477 25
741241 25
742291 25
737579 25
740799 25
742490 25
741055 25
740821 25
742059 25
741545 25
741464 25
743214 25
738373 25
738769 25
740576 25
741545 25
741359 25
737052 25
741451 25
740985 25
738535 25
737183 25
737299 25
737579 25
742094 25
823515 28
741604 25
737205 25
740541 25
738255 25
741324 25
737975 25
686945 23
739572 25
741322 25
737240 25
740928 25
737894 25
736925 25
740635 25
737356 25
737824 25
741755 25
742223 25
740624 25
740751 25
997931 34
959643 33
836441 29
742350 25
737579 25
764831 26
828520 28
819700 28
736728 25
739749 25
736354 25
740565 25
739445 25
741696 25
742280 25
741580 25
741416 25
740646 25
738465 25
741079 25
741208 25
742057 25
740974 25
738290 25
925527 32
738198 25
737730 25
834763 29
839254 29
742770 25
932575 32
836137 29
833479 29
899209 31
741593 25
741814 25
737310 25
737590 25
737367 25
736995 25
736984 25
737334 25
689198 24
740670 25
908613 31
741650 25
741079 25
736772 25
742746 25
737894 25
736737 25
741790 25
741661 25
739049 25
742385 25
738828 25
730695 25
741101 25
740541 25
741125 25
740880 25
740705 25
822266 28
737041 25
741451 25
736575 25
742536 25
737157 25
739900 25
741849 25
740718 25
736890 25
741604 25
739375 25
737660 25
899968 31
820516 28
835927 29
749595 26
742560 25
737673 25
737321 25
873530 30
739946 25
737404 25
740436 25
950156 33
897715 31
795154 27
739504 25
740530 25
738640 25
737566 25
741696 25
741114 25
737310 25
741103 25
899780 31
926975 32
742151 25
885546 30
811895 28
937195 32
741650 25
740110 25
738942 25
739900 25
738045 25
740915 25
780010 27
737660 25
740541 25
739644 25
741987 25
740565 25
739270 25
740961 25
739935 25
741440 25
741440 25
742221 25
738710 25
737706 25
737964 25
741230 25
742490 25
737717 25
738616 25
740961 25
737964 25
911623 31
916125 31
741720 25
739631 25
750726 26
741989 25
775506 27
738839 25
874475 30
740075 25
739784 25
741416 25
740799 25
738021 25
741451 25
849415 29
925621 32
740775 25
955406 33
741055 25
737673 25
740134 25
737743 25
736120 25
737918 25
742328 25
741510 25
824611 28
736691 25
736317 25
737509 25
817519 28
898986 31
846429 29
841061 29
741440 25
741125 25
740307 25
740237 25
741405 25
740775 25
826116 28
915508 31
844736 29
971110 33
737240 25
739782 25
736691 25
740810 25
742455 25
740880 25
739003 25
739036 25
741943 25
740961 25
741567 25
738721 25
740250 25
737240 25
536204 18
913067 31
737741 25
740797 25
735595 25
741394 25
740261 25
738231 25
738338 25
742175 25
741464 25
741044 25
737846 25
739854 25
741707 25
741077 25
737730 25
739959 25
892675 31
739572 25
740425 25
740716 25
741965 25
740821 25
740845 25
741499 25
738535 25
739911 25
739423 25
742420 25
739353 25
742875 25
738769 25
742385 25
737533 25
742000 25
740215 25
741322 25
742000 25
740716 25
831482 28
742291 25
738209 25
736599 25
741429 25
740659 25
740508 25
739445 25
739434 25
739900 25
738745 25
739388 25
739948 25
742899 25
709426 24
738233 25
741077 25
738745 25
827260 28
737835 25
737835 25
737789 25
739095 25
738034 25
738896 25
740530 25
737474 25
735958 25
740414 25
738115 25
740718 25
740834 25
738382 25
741289 25
741044 25
740775 25
741160 25
742232 25
738312 25
738209 25
741055 25
738559 25
741184 25
739281 25
742372 25
740482 25
738990 25
738990 25
738942 25
737730 25
737813 25
741499 25
741534 25
738966 25
736960 25
738198 25
738255 25
252656 8
254012 8
253468 8
633610 22
736774 25
740764 25
738511 25
737673 25
742514 25
736844 25
737603 25
738535 25
737509 25
740333 25
737577 25
738500 25
741265 25
737520 25
740832 25
738244 25
740740 25
737789 25
748593 26
738522 25
738594 25
741954 25
740729 25
736271 25
739014 25
738802 25
741558 25
739364 25
737787 25
741359 25
736527 25
741545 25
742549 25
739340 25
739504 25
688205 24
738885 25
738898 25
737800 25
739843 25
741755 25
738791 25
740482 25
737905 25
737673 25
737100 25
740589 25
741453 25
739690 25
739397 25
741569 25
738909 25
737625 25
738465 25
873482 30
873180 30
785273 27
742363 25
737006 25
741427 25
738546 25
740307 25
741324 25
741160 25
737310 25
741663 25
741440 25
736238 25
737218 25
738268 25
738907 25
737299 25
737684 25
738010 25
737006 25
736855 25
738487 25
737835 25
740646 25
742046 25
739270 25
742980 25
740705 25
737590 25
736936 25
737216 25
894134 31
827529 28
765461 26
738944 25
