2322040 8
6141515 23
5808780 22
3373449 12
2322780 8
2815420 10
2381624 9
4817944 18
5052123 19
6814349 25
2311184 8
6735715 25
6739121 25
6731362 25
2310132 8
4261579 16
3376612 12
6761663 25
6775252 25
6845335 26
2321968 8
5773720 22
2312152 8
2183456 8
6818153 26
2316948 8
2318872 8
3691612 14
6863815 26
2310216 8
6773528 25
6836736 26
6808434 25
2310580 8
3419092 13
5808250 22
2324320 8
5806500 22
6842371 26
2316992 8
4783036 18
3951310 15
6843071 26
2310756 8
5480869 20
6850957 26
2315340 8
6766795 25
2323000 8
5870090 22
6742669 25
6773305 25
2322104 8
6738633 25
6941913 26
2324052 8
4262335 16
2318444 8
6756481 25
2309088 8
6117521 23
4352684 16
6772931 25
2798387 10
6840424 26
6742155 25
2310980 8
5803780 22
6883240 26
6822981 26
2311180 8
5074697 19
5417612 20
4995514 19
5322330 20
6843992 26
4901006 18
6923105 26
6955795 26
2313900 8
6841929 26
6826085 26
6757813 25
2310176 8
5777960 22
6740556 25
6819693 26
2310712 8
5446248 20
2310024 8
5771960 22
2310556 8
2311008 8
6738725 25
6865261 26
2310068 8
2309180 8
2310668 8
6887930 26
6912034 26
2322116 8
5566628 21
2836514 10
6737266 25
2315608 8
6736264 25
6764135 25
2321048 8
2322028 8
6775873 25
2311740 8
4753684 18
2321892 8
2322628 8
6773270 25
6902991 26
2323356 8
6907926 26
2322924 8
6774729 25
6773281 25
6819144 26
2309188 8
2307992 8
3726541 14
5808440 22
3419234 13
3300612 12
6816635 26
6840236 26
6831300 26
6737979 25
6739565 25
2310588 8
5419942 20
6872508 26
2311752 8
6862113 26
6761300 25
6806638 25
2157592 8
2323108 8
5448859 20
4150377 15
2310688 8
2322644 8
5805880 22
2312096 8
2415152 9
4277588 16
6826925 26
2323628 8
5873470 22
6949937 26
6742131 25
2323508 8
6773596 25
6737557 25
6798901 25
2313568 8
3507920 13
2309952 8
2323120 8
5390822 20
2308252 8
6799078 25
6609691 25
6815994 26
6783420 25
2321884 8
5848420 22
6738141 25
6749470 25
6739123 25
2314416 8
6772629 25
6824954 26
6745154 25
2309352 8
6776969 25
6832479 26
6771019 25
6774121 25
2311092 8
6798995 25
2310536 8
4276356 16
2311416 8
6852744 26
2309264 8
5370517 20
5420606 20
4445994 16
5781410 22
3272452 12
5466910 20
4825477 18
6884839 26
2310352 8
6819179 26
6736601 25
6744102 25
6775149 25
6742249 25
2310976 8
6742691 25
6854575 26
6735879 25
2322772 8
5808470 22
6852733 26
6769280 25
2321568 8
6770704 25
6817766 26
2377480 9
4270826 16
2309156 8
6860164 26
2321976 8
5856250 22
6903634 26
6737651 25
2311712 8
6772314 25
4465983 17
6850397 26
6825127 26
6738806 25
6737185 25
2322108 8
5857180 22
2386412 9
6772301 25
6771533 25
6742995 25
2312452 8
5463351 20
6733276 25
2638011 10
4241934 16
6829316 26
6845849 26
6878375 26
6815609 25
6759736 25
6821220 26
6836375 26
2315112 8
5777690 22
2321960 8
3128700 11
6919255 26
2311988 8
5443516 20
2311316 8
2311668 8
5776290 22
3720776 14
5498116 20
5511169 21
5427588 20
6771975 25
2312432 8
2382412 9
5773630 22
2311416 8
4843484 18
4135525 15
2322104 8
6837963 26
6770470 25
6736192 25
2318352 8
5403219 20
4834227 18
2322548 8
6865180 26
6830250 26
6841800 26
6849697 26
3211825 12
2321736 8
4274053 16
6868470 26
6738550 25
6773633 25
6768895 25
2312416 8
4237086 16
6772966 25
2323004 8
2322316 8
6468980 24
2323080 8
6775604 25
2323232 8
4856104 18
6002737 22
5417490 20
4826388 18
4154554 15
6815235 25
3879211 14
6740569 25
5884560 22
6772605 25
5806480 22
6812979 25
2349568 8
2316424 8
4756460 18
6048240 23
5384161 20
5672292 21
3605578 13
6742050 25
6782009 25
6871642 26
6792905 25
6737395 25
6735982 25
2310168 8
5490863 20
2321716 8
4264694 16
6843690 26
6741630 25
6736789 25
6740604 25
6741046 25
6738959 25
3556329 13
4833452 18
5794551 22
3853218 14
6771275 25
5804000 22
6767635 25
2920660 11
6789545 25
6887604 26
2313732 8
5916340 22
2308992 8
5391879 20
6738771 25
6858517 26
2312788 8
5391581 20
6853630 26
6386321 24
3310236 12
2311956 8
2308540 8
6763715 25
6742855 25
2310696 8
6799275 25
2309728 8
4846288 18
2378288 9
6808464 25
5804190 22
3095682 11
6710631 25
6825735 26
2321652 8
4781840 18
6818188 26
2312444 8
2317760 8
2321676 8
2388244 9
2322048 8
2322244 8
3528184 13
2311480 8
2383776 9
2378132 9
6922103 26
6844939 26
6740849 25
6743660 25
6742739 25
6833715 26
6775860 25
2324436 8
6773550 25
6769442 25
2310552 8
5890490 22
2312036 8
4734129 18
2309216 8
4274095 16
6749704 25
6890743 26
2322108 8
4860196 18
2322364 8
6828419 26
6807360 25
2309236 8
4398579 16
6778205 25
2323428 8
6949810 26
2310904 8
4304293 16
2317440 8
6732099 25
6797700 25
2310756 8
2318308 8
5829660 22
6773095 25
2321500 8
4779812 18
6906528 26
6822294 26
2322076 8
6743942 25
2350880 8
5868840 22
5686097 21
2310388 8
6670125 25
6884301 26
2378168 9
6898629 26
6746681 25
6604745 25
6733661 25
2306908 8
6737898 25
6741081 25
6821417 26
2322260 8
4782268 18
6888783 26
6792603 25
2310056 8
6793850 25
6744045 25
6814312 25
6743754 25
2311788 8
5860880 22
6903914 26
2312164 8
4242575 16
6822095 26
6794141 25
6743286 25
6748000 25
6791354 25
6822515 26
6745071 25
6772861 25
2311480 8
5501106 20
5021010 19
5777620 22
3076283 11
5391933 20
4845825 18
5779680 22
2319088 8
6757288 25
6758570 25
6737161 25
6819866 26
2322196 8
5778590 22
2321060 8
5397131 20
5058508 19
5778550 22
4133650 15
5886290 22
2639168 10
4752732 18
6696173 25
6897380 26
6738749 25
2322484 8
5418077 20
2988966 11
5882160 22
4022869 15
6848170 26
2321892 8
6866031 26
6780388 25
6777483 25
2318728 8
6766208 25
5778670 22
4609808 17
6841999 26
2380728 9
6769897 25
2321820 8
4830404 18
2310944 8
5405567 20
6741805 25
2320968 8
2321644 8
3674050 14
2310688 8
6735319 25
2191944 8
5318206 20
2353984 8
4334309 16
6775171 25
6777411 25
2322328 8
6862356 26
6738502 25
2310572 8
6255627 23
6886963 26
6866615 26
2312348 8
4762592 18
4209149 16
2315004 8
4264057 16
6801235 25
2309808 8
2311288 8
5920310 22
2310776 8
3405719 12
5797870 22
2311184 8
4760832 18
6875744 26
5777870 22
4305269 16
2320640 8
6827321 26
6772417 25
2309660 8
6817311 26
6828721 26
6736997 25
6743192 25
2311688 8
5443390 20
6850259 26
2312876 8
5771650 22
6824184 26
6745480 25
2311044 8
5860850 22
6909116 26
6766642 25
2309420 8
6773071 25
6746204 25
2313152 8
5776760 22
2321368 8
6508818 24
5807220 22
3994412 15
6880976 26
6808830 25
2313348 8
5469588 20
6756691 25
6737979 25
2311140 8
5854910 22
6868960 26
6779069 25
6771194 25
2318588 8
2309424 8
4043004 15
6881630 26
6871421 26
6670206 25
6831987 26
6741291 25
2321456 8
5800990 22
6831847 26
6734781 25
2316920 8
5795080 22
2282780 8
2309144 8
6802368 25
6825934 26
6519345 24
6737979 25
2758699 10
2310904 8
5340737 20
6739285 25
2309460 8
4831244 18
6846770 26
6731795 25
6773130 25
2755251 10
2321976 8
5975769 22
5820692 22
2340876 8
5775200 22
4103616 15
2342560 8
6736030 25
6735039 25
2311192 8
2319228 8
4773868 18
2312740 8
2310100 8
3676868 14
2308512 8
4760100 18
5077224 19
2312772 8
6734899 25
6745456 25
6820054 26
2311008 8
6735833 25
6844261 26
6773410 25
2320972 8
3056063 11
6830484 26
2311252 8
5849250 22
6918999 26
6773970 25
6734059 25
6676191 25
2313364 8
6714400 25
6771334 25
6770715 25
2310252 8
6756120 25
6748582 25
2377356 9
4336675 16
2323020 8
6813089 25
2309972 8
3476467 13
5687610 21
2322700 8
3318370 12
6775462 25
6740803 25
2322852 8
6801900 25
6735971 25
6834194 26
2311716 8
4833352 18
3408145 13
2312160 8
5749896 21
6847247 26
2386780 9
6846140 26
2314552 8
6328576 24
5363769 20
6744804 25
2157320 8
5780960 22
6940664 26
2152040 8
5594696 21
6889282 26
2159396 8
2311292 8
2322336 8
6836060 26
2322104 8
4752308 18
2308612 8
6845661 26
2308696 8
5808440 22
2165132 8
2312164 8
2322664 8
2802677 10
6458609 24
2312040 8
6827590 26
6742400 25
2312044 8
2377088 9
5470536 20
2316848 8
6826599 26
2312728 8
5792980 22
6746578 25
6741444 25
6773084 25
6899399 26
2322668 8
4756056 18
4118924 15
4754556 18
6772338 25
3375606 12
6772185 25
6989990 26
6866674 26
6816753 26
6749903 25
6768219 25
2311176 8
4044208 15
6770424 25
2312088 8
6844272 26
6765874 25
6740499 25
6774716 25
2322368 8
5535270 21
6746193 25
2320584 8
2806653 10
6799008 25
6774858 25
6738060 25
2309972 8
5775530 22
6309951 24
2309740 8
5777480 22
6734816 25
2313420 8
4045132 15
6737500 25
3161944 12
6735028 25
2313492 8
4312413 16
5660880 21
6773607 25
3091286 11
6753169 25
2308508 8
2316396 8
6864388 26
2254388 8
3222123 12
5388618 20
6742109 25
2321608 8
6778428 25
6774810 25
6770669 25
2320848 8
4258457 16
6732762 25
5780530 22
4907869 18
4200914 16
6773246 25
6802541 25
2311940 8
5927330 22
2315192 8
4753840 18
2310300 8
4753304 18
6741024 25
7006427 26
2323688 8
5567398 21
6773981 25
6736404 25
6823613 26
2311212 8
6825140 26
6741022 25
6775055 25
2321556 8
2312632 8
2312024 8
2310524 8
6774333 25
6898174 26
2173572 8
6299090 24
2308500 8
2453472 9
4052538 15
6767554 25
6773784 25
6774587 25
2310916 8
2653351 10
6818000 26
6808224 25
6738725 25
2313740 8
4701044 17
2310672 8
4752904 18
6731480 25
2310756 8
6798365 25
6773458 25
6732226 25
2309076 8
4784016 18
6745620 25
2839090 10
6822176 26
6803278 25
6752351 25
6853783 26
6770225 25
6795272 25
6740930 25
2320412 8
4764956 18
2775616 10
5417318 20
2934329 11
3589142 13
6750800 25
6871257 26
6821909 26
6815211 25
6759469 25
6747475 25
6827846 26
2310292 8
5391540 20
2310632 8
5837820 22
2311904 8
5779780 22
2321300 8
4785168 18
6924191 26
2322692 8
6832678 26
6857981 26
6768241 25
6746939 25
6833599 26
2309144 8
4782880 18
2312500 8
6830788 26
6912804 26
2322656 8
4838112 18
6061715 23
3796678 14
6738445 25
6745574 25
6818269 26
6808712 25
6908206 26
6741105 25
6775464 25
6764765 25
6732379 25
6748210 25
2318124 8
5871130 22
2310372 8
6806603 25
2320404 8
5040855 19
5802970 22
3084701 11
6905618 26
2312300 8
6852252 26
6909945 26
6835255 26
2318924 8
5873070 22
6736544 25
6753261 25
2318108 8
5878610 22
6856629 26
6732823 25
2311936 8
5416356 20
2311124 8
4763752 18
5288273 20
2745494 10
6806380 25
6796007 25
6771391 25
6760436 25
6761276 25
6777540 25
6843305 26
6742796 25
3268773 12
4840607 18
6739600 25
2310716 8
6752537 25
6775265 25
2323052 8
4852848 18
5655509 21
3732590 14
6748315 25
6474871 24
6849721 26
6735330 25
6823880 26
6756295 25
2309804 8
4829548 18
6751290 25
6833785 26
2316276 8
5393459 20
3641002 13
3671374 14
6728761 25
6873777 26
6789230 25
6768685 25
6848356 26
6737535 25
6769770 25
6772885 25
6741175 25
2768281 10
5867670 22
2323068 8
6766900 25
2320716 8
6774670 25
6400894 24
6789265 25
2321724 8
5826350 22
6896004 26
6809204 25
2311128 8
6878399 26
3820540 14
6841089 26
6735203 25
6753449 25
6816576 26
2321308 8
4782864 18
2309912 8
6807734 25
6821371 26
6828931 26
2311388 8
6768241 25
6854376 26
2279820 8
6831814 26
2375652 9
4757848 18
2321184 8
6810698 25
2319448 8
4759396 18
2323080 8
6773353 25
6904461 26
2314448 8
5914030 22
6773620 25
6772139 25
6776700 25
2323240 8
4932472 18
6772861 25
2590943 9
2262000 8
