1017507 62
853991 52
853619 52
853306 52
853765 52
877374 53
853943 52
852451 52
853565 52
897820 54
877310 53
854101 52
853517 52
853523 52
877453 53
853032 52
852981 52
854018 52
853949 52
853833 52
877129 53
877401 53
853425 52
853395 52
854081 52
853916 52
854253 52
854086 52
895011 54
876823 53
877112 53
876916 53
876957 53
854107 52
853934 52
854188 52
853988 52
853142 52
855972 52
877400 53
853991 52
853884 52
853503 52
853917 52
853413 52
854274 52
854488 52
853431 52
877969 53
853636 52
853440 52
853678 52
854149 52
853747 52
854176 52
853768 52
853759 52
853613 52
876767 53
877602 53
877794 53
877529 53
853604 52
853967 52
854066 52
853580 52
924858 56
877829 53
877115 53
854134 52
853818 52
877555 53
853759 52
853145 52
853872 52
853556 52
853854 52
852746 52
876971 53
853488 52
854003 52
853583 52
853663 52
853670 52
853565 52
896086 54
877520 53
877613 53
877199 53
876916 53
877351 53
877441 53
853720 52
854253 52
853634 52
1001156 61
877497 53
877339 53
877339 53
854009 52
877295 53
877377 53
877167 53
853830 52
854101 52
959070 58
877695 53
853753 52
853574 52
853285 52
877415 53
877027 53
852865 52
877482 53
876838 53
883651 53
853467 52
853663 52
853705 52
877508 53
853705 52
853613 52
853276 52
853661 52
969772 59
853902 52
853702 52
853917 52
877981 53
876584 53
853654 52
854015 52
853729 52
853670 52
878130 53
877482 53
877252 53
877395 53
877307 53
877610 53
853324 52
854098 52
853726 52
853565 52
877946 53
876934 53
876785 53
877809 53
877514 53
877573 53
853625 52
853747 52
853696 52
853928 52
876899 53
853717 52
854081 52
877561 53
877570 53
877733 53
854053 52
853330 52
853750 52
877426 53
878946 53
877275 53
876639 53
877870 53
877316 53
877468 53
853857 52
853961 52
877392 53
877354 53
877529 53
877211 53
877135 53
877304 53
877529 53
877392 53
853827 52
854539 52
853648 52
853798 52
877476 53
877144 53
877339 53
877681 53
877503 53
877578 53
853095 52
877112 53
854063 52
854283 52
927861 56
877511 53
877313 53
877135 53
877911 53
876826 53
853774 52
853309 52
853148 52
853970 52
950474 58
899209 54
854041 52
853768 52
877465 53
853529 52
853854 52
853681 52
853711 52
854256 52
853931 52
854244 52
877456 53
877021 53
877447 53
877275 53
853890 52
853997 52
852862 52
852731 52
853586 52
855495 52
853467 52
853753 52
854003 52
853803 52
877695 53
854250 52
853970 52
854140 52
854057 52
888300 54
853848 52
854057 52
854134 52
853053 52
853392 52
854229 52
853580 52
853717 52
988809 60
907991 55
854074 52
853848 52
853651 52
853607 52
853666 52
853601 52
853199 52
975676 59
854033 52
854003 52
853755 52
852895 52
853893 52
853857 52
853765 52
854319 52
915496 55
877184 53
853142 52
854146 52
853074 52
877328 53
853693 52
853908 52
853652 52
853756 52
940820 57
905714 55
876887 53
877027 53
877683 53
877263 53
877899 53
878179 53
877027 53
853577 52
854095 52
900976 54
877879 53
877252 53
877590 53
878022 53
877695 53
853583 52
877123 53
853342 52
853544 52
877246 53
877514 53
877800 53
877955 53
877085 53
876870 53
853639 52
853240 52
853410 52
853050 52
877351 53
877065 53
877266 53
877150 53
876706 53
877307 53
853291 52
877923 53
854349 52
895327 54
877779 53
853917 52
877453 53
854051 52
877433 53
877858 53
853943 52
853315 52
853806 52
877371 53
877963 53
853773 52
853580 52
853765 52
853440 52
853878 52
853592 52
852880 52
853672 52
853738 52
973057 59
853786 52
877581 53
877523 53
877389 53
878039 53
877517 53
854179 52
853583 52
853720 52
853300 52
853961 52
877202 53
877211 53
877289 53
877584 53
877074 53
853833 52
853610 52
853941 52
876963 53
877121 53
877672 53
853705 52
853324 52
853768 52
854462 52
854063 52
853920 52
853273 52
852967 52
853571 52
877715 53
877497 53
877599 53
877365 53
877751 53
853878 52
853735 52
853914 52
853756 52
860449 52
877059 53
877607 53
877730 53
877117 53
877613 53
853821 52
853872 52
876904 53
934710 57
877599 53
852871 52
853702 52
853613 52
853219 52
877535 53
877468 53
854185 52
853604 52
853410 52
853911 52
877829 53
878042 53
853279 52
853735 52
853690 52
853446 52
853723 52
877234 53
853395 52
981423 59
877482 53
877363 53
877147 53
877643 53
877158 53
876633 53
854009 52
877051 53
854000 52
972357 59
852904 52
853770 52
853964 52
853616 52
877071 53
877704 53
854590 52
877173 53
853470 52
952935 58
877447 53
854042 52
877981 53
853735 52
877879 53
877395 53
853729 52
853088 52
853890 52
899011 54
877170 53
853217 52
877666 53
853624 52
853863 52
854009 52
854009 52
854003 52
877409 53
881895 53
876951 53
853780 52
853172 52
853163 52
853839 52
853425 52
853663 52
853904 52
853291 52
953787 58
896836 54
877511 53
877602 53
877249 53
853672 52
853952 52
854149 52
853300 52
853631 52
997805 60
903494 55
853800 52
854200 52
853422 52
877412 53
853556 52
853836 52
853824 52
853494 52
853833 52
898976 54
877465 53
877721 53
877453 53
877817 53
853771 52
877345 53
853693 52
854140 52
853365 52
853771 52
860532 52
877205 53
877844 53
853363 52
853690 52
853324 52
853187 52
854217 52
854235 52
853529 52
853538 52
877634 53
877275 53
877625 53
877555 53
852704 52
854140 52
853875 52
853360 52
853657 52
853512 52
853911 52
877500 53
877561 53
853199 52
853783 52
854146 52
853485 52
853714 52
854101 52
853476 52
928385 56
877823 53
876934 53
854024 52
853887 52
877222 53
877596 53
853797 52
877701 53
853613 52
853997 52
854155 52
877357 53
876943 53
877636 53
853395 52
854289 52
853684 52
853365 52
853589 52
853577 52
853535 52
877135 53
853860 52
877345 53
853556 52
853297 52
853925 52
853187 52
853238 52
889584 54
907797 55
853476 52
853988 52
853154 52
876788 53
877336 53
853229 52
853786 52
854664 52
902913 55
854223 52
877211 53
853601 52
877663 53
853675 52
853893 52
853869 52
853550 52
853526 52
853801 52
853491 52
853708 52
878252 53
877436 53
877619 53
853335 52
853735 52
853550 52
853413 52
853223 52
854277 52
877348 53
877217 53
854200 52
853881 52
877922 53
877680 53
853750 52
854042 52
853893 52
853574 52
903795 55
877354 53
877573 53
878071 53
877243 53
853797 52
853860 52
853631 52
853926 52
853399 52
853786 52
904281 55
877123 53
877535 53
854012 52
853356 52
853938 52
853872 52
853223 52
854068 52
853562 52
983872 60
877459 53
877759 53
877173 53
877395 53
877607 53
877835 53
877579 53
853872 52
854185 52
942653 57
877879 53
877890 53
877065 53
877856 53
854411 52
877275 53
853636 52
853839 52
853881 52
906700 55
877124 53
853926 52
877234 53
877106 53
877089 53
877625 53
854012 52
877669 53
877316 53
954986 58
877441 53
853842 52
853518 52
877447 53
876841 53
877499 53
877030 53
877774 53
853935 52
854605 52
962534 58
903601 55
853172 52
877674 53
877033 53
876957 53
853801 52
854012 52
853589 52
853059 52
895383 54
877264 53
877395 53
877943 53
853235 52
853756 52
877499 53
853506 52
852886 52
853955 52
853389 52
877124 53
877566 53
853926 52
853440 52
853777 52
853363 52
853771 52
853335 52
853490 52
853658 52
853499 52
953795 58
877161 53
876470 53
853595 52
853982 52
877491 53
877666 53
853923 52
854030 52
853776 52
854224 52
916884 55
877494 53
854223 52
853869 52
853443 52
877867 53
854069 52
853306 52
853839 52
853878 52
853103 52
917740 56
877523 53
853711 52
853902 52
853747 52
877021 53
853309 52
853815 52
853958 52
853294 52
890301 54
853827 52
876975 53
853943 52
853473 52
853946 52
854018 52
853899 52
853767 52
853702 52
853794 52
914081 55
877800 53
853934 52
877570 53
877931 53
877736 53
877573 53
854262 52
853711 52
853848 52
853896 52
940100 57
877470 53
877695 53
877310 53
877765 53
878129 53
877514 53
853452 52
853366 52
853261 52
877701 53
877339 53
877873 53
877573 53
877333 53
853392 52
853484 52
852943 52
854262 52
809733 49
853467 52
877657 53
854119 52
853890 52
853941 52
853595 52
853330 52
853419 52
854173 52
854375 52
912488 55
877459 53
877937 53
854337 52
853994 52
854348 52
876447 53
853923 52
854036 52
853306 52
900921 54
877400 53
853902 52
877342 53
877820 53
877543 53
853538 52
853341 52
853899 52
877610 53
930656 56
876974 53
853473 52
853398 52
853282 52
853720 52
853464 52
853869 52
853994 52
854289 52
907183 55
854122 52
853830 52
877610 53
877543 53
853839 52
853967 52
853741 52
853890 52
889651 54
877564 53
877555 53
853637 52
877526 53
853753 52
853487 52
853827 52
853404 52
853925 52
997190 60
877835 53
854000 52
877415 53
853199 52
853491 52
876625 53
854310 52
854122 52
853571 52
853401 52
902943 55
854033 52
853756 52
853827 52
877683 53
853940 52
854015 52
853321 52
854006 52
926111 56
877447 53
853175 52
876977 53
853687 52
853190 52
853580 52
853535 52
810005 49
852520 52
918416 56
877590 53
853747 52
854161 52
877345 53
877925 53
853708 52
853482 52
853559 52
1001499 61
876846 53
854090 52
853288 52
853765 52
854241 52
853842 52
809584 49
853568 52
854167 52
909844 55
853508 52
853580 52
854223 52
853091 52
853574 52
853244 52
853878 52
853792 52
916747 55
877689 53
853375 52
853523 52
877325 53
877412 53
853920 52
853523 52
854042 52
853881 52
911138 55
899495 54
853574 52
854492 52
853937 52
853231 52
853396 52
853699 52
854000 52
854048 52
853598 52
916682 55
852901 52
877027 53
877488 53
854021 52
853785 52
853080 52
853672 52
853491 52
925382 56
902408 55
853273 52
877310 53
853616 52
853741 52
854074 52
877558 53
853533 52
854816 52
861932 52
853491 52
853234 52
854432 52
853693 52
853717 52
854113 52
853556 52
853556 52
853935 52
877762 53
878013 53
853630 52
877392 53
877561 53
853309 52
853714 52
853604 52
854340 52
853857 52
877141 53
877986 53
853571 52
853878 52
877733 53
853258 52
853726 52
853541 52
853842 52
1005201 61
903903 55
854110 52
854072 52
877432 53
854113 52
853860 52
853693 52
853747 52
853535 52
910301 55
853348 52
877033 53
876817 53
853288 52
877115 53
853455 52
853297 52
854503 52
853973 52
918260 56
877899 53
876557 53
877444 53
877030 53
877205 53
877520 53
877331 53
876665 53
853994 52
853041 52
877331 53
877467 53
876893 53
878185 53
877126 53
876904 53
853904 52
854015 52
854199 52
877147 53
877103 53
877021 53
877082 53
877608 53
876925 53
877779 53
877173 53
877876 53
853550 52
853985 52
916841 55
877780 53
853375 52
853535 52
877544 53
877975 53
