43940030 191
44395031 193
43839445 191
43557148 189
43584946 190
43871352 191
43188508 188
43237066 188
42605864 185
43548545 189
43824978 191
44001655 191
43981015 191
43702662 190
43344075 188
43539693 189
43798860 190
43743205 190
43933960 191
44079319 192
43947784 191
43874424 191
43819326 191
44261691 192
43767676 190
43865268 191
44700115 194
44147442 192
44190550 192
43742783 190
43196464 188
43795526 190
43808350 190
43844393 191
43812860 191
43360225 189
43445578 189
44143388 192
43834971 191
43780171 190
43904241 191
43793328 190
44040977 192
44127383 192
43968069 191
43432589 189
43986922 191
43841706 191
44033831 191
43825067 191
44080525 192
43803255 190
44141023 192
44135685 192
44001348 191
43808464 190
43957012 191
43803653 190
43793859 190
43919710 191
44405244 193
43955329 191
44361178 193
44174134 192
44478268 193
44478617 193
44226691 192
44248072 192
44556753 194
44353611 193
43984640 191
44286906 193
44114676 192
43900187 191
44420680 193
44087028 192
44404855 193
44085077 192
44617848 194
44335665 193
44462982 193
44415280 193
44399695 193
44023519 191
44280421 193
43972876 191
44445099 193
43987815 191
44221812 192
43872146 191
44044813 192
43367297 189
44143588 192
44085524 192
44167337 192
43788062 190
44152461 192
44145413 192
44412429 193
44141550 192
44393519 193
44276713 193
44444346 193
44114471 192
43923913 191
44196371 192
43868955 191
44172029 192
43926945 191
43785745 190
44204014 192
44449507 193
43759936 190
44125325 192
43734654 190
43911077 191
44229544 192
44305752 193
44265821 192
44115495 192
44182013 192
44314956 193
44306908 193
44015976 191
44011228 191
44346400 193
44143135 192
43965981 191
44132361 192
43772155 190
44366358 193
44272516 193
44131068 192
44079545 192
44224964 192
44571529 194
43870554 191
43918444 191
43289942 188
43285275 188
44490755 193
43773291 190
44202674 192
44060824 192
43833538 191
44167608 192
43810933 191
43924380 191
44057202 192
43794300 190
43956077 191
43874985 191
43996475 191
44311901 193
44296546 193
43999444 191
44377275 193
43952095 191
44798237 195
43500975 189
44387521 193
44398912 193
44782929 195
43937758 191
44248403 192
43958540 191
44238281 192
44241141 192
44482523 193
44167292 192
44660977 194
44075530 192
44564404 194
44247936 192
44311016 193
44123740 192
43793503 190
44180658 192
44368049 193
44298393 193
43892970 191
43536205 189
44216176 192
44210734 192
43912966 191
43584391 190
43685615 190
43993615 191
44128909 192
43866510 191
44353612 193
44279590 193
43821013 191
43359509 189
44006873 191
44300742 193
44102889 192
44043142 192
43455411 189
44095934 192
44138991 192
44213558 192
44262272 192
44105770 192
44573298 194
44572580 194
43996290 191
43757291 190
44206120 192
44048188 192
44125510 192
43944978 191
44120589 192
43650627 190
43942226 191
44148357 192
44181426 192
43318708 188
44163184 192
43813694 191
44052031 192
43125195 188
44099583 192
43887081 191
44186727 192
43861559 191
44109667 192
43944993 191
44040354 192
43884835 191
44364165 193
44025952 191
44048242 192
44117854 192
44278223 193
44265697 192
43875258 191
44110020 192
44016104 191
43975355 191
44039469 191
43218202 188
43539052 189
43998286 191
43368103 189
43803768 190
43860055 191
44268000 192
43842680 191
44014964 191
43701039 190
43850109 191
43861708 191
44271968 193
43701626 190
44130097 192
43634794 190
43593559 190
43928646 191
43934663 191
44263615 192
43842007 191
44194387 192
43682114 190
44294386 193
43834202 191
44027819 191
43778614 190
44257646 192
43682461 190
44396237 193
43881031 191
44338941 193
43931735 191
44160113 192
43322742 188
44322287 193
44102213 192
44129495 192
44008172 191
44228261 192
44331765 193
44229862 192
44087644 192
44587201 194
44156351 192
44136686 192
44033727 191
44104248 192
44041638 192
43773242 190
44624851 194
44029244 191
43748187 190
43149653 188
44193615 192
43745416 190
44125572 192
44112558 192
43867448 191
43998711 191
44054521 192
44003266 191
43904268 191
43924294 191
43839818 191
44053219 192
43948463 191
44287910 193
43911712 191
43665429 190
43949646 191
43871651 191
43806721 190
44057467 192
43792179 190
43995134 191
43703050 190
43961394 191
44116335 192
44122870 192
44167486 192
44291649 193
43572700 189
44247834 192
43868776 191
44027105 191
43898120 191
44309050 193
44055009 192
44425929 193
43606112 190
43494902 189
43627995 190
43889789 191
43570210 189
43663867 190
43829136 191
43685856 190
43766603 190
43847360 191
44010093 191
44150615 192
43554927 189
43633331 190
43490314 189
43299825 188
44034521 191
44233679 192
44130371 192
43696907 190
43711634 190
43798023 190
43711729 190
43851360 191
43328895 188
43974042 191
43992224 191
43899064 191
43845334 191
44144175 192
43799717 190
43907570 191
43699957 190
44465135 193
44247393 192
43879354 191
43935139 191
44053708 192
44133201 192
44067165 192
43828198 191
43914059 191
44062704 192
43508128 189
43762245 190
43900122 191
43391207 189
43230415 188
43082706 187
43893856 191
43634744 190
43633812 190
43613387 190
43786796 190
43240406 188
43339580 188
43467173 189
43318183 188
43521237 189
43961814 191
43632841 190
44350668 193
43836311 191
44053922 192
43641178 190
44109517 192
43772415 190
44408721 193
43450194 189
43458931 189
42675187 186
44091895 192
43646599 190
43797093 190
43646558 190
43594606 190
43679729 190
43706585 190
43706094 190
43958582 191
44319061 193
43750533 190
43916642 191
43575226 189
44153057 192
44014948 191
43907557 191
43947606 191
43816202 191
43934365 191
44185126 192
44204116 192
44075008 192
44476758 193
44380461 193
43919639 191
44213322 192
44139775 192
43983848 191
44184161 192
43912129 191
44128134 192
43560816 189
44338292 193
43864922 191
44375024 193
43758649 190
44092253 192
44012628 191
43938059 191
44046046 192
44006926 191
44099240 192
44135249 192
43567841 189
43954400 191
44509144 194
43974849 191
43785298 190
43825868 191
43812738 191
43585964 190
43749020 190
43749756 190
44031183 191
44128906 192
43971888 191
43982049 191
43814755 191
43648285 190
43459152 189
43704998 190
44086912 192
43450867 189
43486099 189
44074526 192
43833777 191
44485709 193
44106678 192
44231484 192
43839842 191
43975346 191
44516432 194
44081979 192
44073749 192
43971858 191
44013182 191
44234647 192
43930799 191
44231315 192
43695653 190
43538096 189
43938216 191
44035540 191
43761751 190
43902352 191
43497163 189
44005285 191
43573615 189
43914263 191
43519646 189
43800635 190
43872214 191
43997195 191
43627542 190
43587314 190
43773883 190
44053730 192
43599196 190
43571807 189
43757807 190
43873897 191
43802649 190
43805967 190
43339558 188
44244504 192
44024692 191
43957525 191
44082699 192
43975010 191
43867123 191
44060845 192
44383893 193
44036023 191
44169464 192
43623592 190
44232223 192
44337726 193
44272170 193
44363671 193
43785867 190
44178117 192
43908996 191
43794586 190
43438285 189
43820363 191
43505670 189
44124783 192
43765004 190
44201297 192
43750161 190
44179026 192
43657186 190
43830622 191
43695906 190
44034626 191
44171894 192
43864246 191
43698489 190
43639426 190
43435035 189
44063639 192
44336376 193
43979143 191
43952357 191
43824685 191
43919153 191
43834324 191
44016161 191
43891578 191
43786960 190
43881794 191
43891051 191
44481358 193
43694727 190
43893852 191
43962716 191
43949384 191
44110846 192
44155580 192
44224779 192
43985304 191
44032285 191
44031518 191
43834402 191
44149087 192
43943256 191
43614539 190
43984163 191
44655507 194
44138211 192
44199981 192
44025919 191
44065024 192
44352569 193
43865625 191
44111897 192
43984994 191
44097903 192
43588562 190
43706398 190
43985086 191
43643862 190
43744504 190
43728291 190
43660028 190
43095087 187
43893056 191
43900303 191
44227007 192
43982334 191
44464121 193
44092717 192
44354342 193
44115778 192
44103655 192
43884844 191
43942911 191
43909159 191
43801014 190
43755279 190
44108182 192
44439035 193
44121441 192
43552593 189
44426367 193
44178326 192
44145632 192
44456029 193
44468517 193
44318464 193
44281428 193
44047295 192
44129647 192
44135971 192
44141473 192
44024481 191
43720605 190
44259949 192
44620751 194
43947448 191
44434823 193
44055504 192
44287898 193
43755138 190
44192174 192
43846120 191
43821376 191
43973703 191
44182660 192
43869763 191
44253122 192
43812240 191
43797830 190
43928038 191
43711074 190
44161305 192
44062635 192
44054339 192
43612666 190
43914971 191
43545830 189
43825079 191
43853430 191
43815481 191
44394438 193
43840303 191
43564053 189
43736334 190
43631983 190
43655634 190
43746676 190
43538251 189
43860954 191
44372252 193
43974584 191
43919647 191
44016095 191
43786927 190
43928107 191
43784261 190
44236345 192
43538004 189
43756687 190
43449819 189
43841801 191
44363662 193
44192457 192
43871234 191
44018931 191
44106648 192
43579504 189
43667215 190
43913383 191
43603429 190
44261089 192
43829568 191
44390178 193
43819565 191
44061852 192
43966479 191
44008405 191
43657937 190
43884554 191
43724493 190
44116526 192
44349584 193
44028844 191
44088529 192
43953810 191
44139051 192
43777792 190
44171948 192
43888958 191
44229321 192
43451306 189
44634675 194
43856862 191
43799510 190
44098112 192
44132370 192
43869897 191
43821481 191
43962747 191
44312303 193
44088931 192
44339296 193
44079652 192
43976862 191
44195829 192
44240077 192
44195774 192
44177551 192
44161943 192
43959047 191
44614292 194
44072047 192
44594501 194
43898817 191
44469424 193
44132564 192
44308567 193
44112844 192
44403383 193
43973145 191
44031059 191
43796763 190
43777022 190
43989656 191
43759300 190
44054360 192
44149465 192
44106449 192
43946619 191
44352373 193
44229381 192
44062063 192
43955821 191
44436807 193
43966383 191
43857683 191
44212286 192
44458760 193
44359663 193
44006974 191
44001023 191
44002769 191
43950048 191
43740826 190
43978864 191
43912064 191
44016995 191
43782691 190
43655410 190
43913770 191
44123428 192
44114542 192
44033497 191
43307371 188
44438106 193
43950471 191
43852127 191
43967565 191
44384994 193
43971337 191
44279355 193
44077025 192
44227570 192
43867603 191
44660542 194
43847786 191
44055566 192
44301978 193
44018987 191
43683938 190
44523994 194
44085746 192
44214663 192
44440388 193
43774417 190
44005694 191
43890432 191
43905644 191
43842629 191
43878949 191
43795316 190
43727540 190
43819148 191
43835105 191
44015505 191
43949512 191
44046151 192
44023968 191
44137809 192
43942923 191
43591561 190
43608445 190
43282707 188
43849686 191
43929739 191
43652628 190
43798505 190
43671833 190
44205027 192
44231939 192
44009664 191
44251429 192
44064484 192
43707223 190
44119668 192
44230391 192
44169527 192
43831084 191
44162854 192
43982257 191
44366590 193
43849829 191
44156897 192
43709516 190
44304540 193
44063540 192
43549132 189
43804916 190
44373695 193
43939039 191
43378234 189
43961349 191
43843082 191
43827238 191
43637261 190
44232508 192
43759097 190
43721589 190
44045978 192
44460691 193
44090662 192
44396347 193
43966014 191
43860299 191
44028308 191
43677257 190
44131562 192
43721883 190
43855804 191
44349290 193
44103640 192
43794940 190
43921214 191
43861005 191
44203043 192
43784714 190
43987381 191
43738732 190
44102556 192
43682529 190
43906258 191
43417226 189
44066165 192
43788494 190
43913219 191
43742777 190
43941949 191
43873397 191
43903923 191
43974458 191
44038165 191
43835960 191
44182842 192
43903378 191
44314048 193
43951838 191
43438044 189
43832928 191
43767384 190
43502376 189
43623994 190
44190803 192
43924420 191
43837646 191
43914325 191
43648947 190
43576335 189
43934380 191
43434496 189
43938422 191
44056606 192
43712152 190
43498462 189
43941130 191
43730507 190
43801633 190
44404896 193
44073689 192
44026520 191
43611317 190
43845614 191
43521654 189
43864091 191
43482833 189
43695670 190
43479157 189
44118990 192
43573296 189
44138679 192
43659250 190
43926507 191
43737302 190
43825079 191
43895865 191
43918343 191
43670504 190
43913812 191
43668150 190
43722498 190
43538279 189
44004022 191
43749904 190
43606628 190
43960575 191
43902025 191
43924512 191
43676786 190
43664778 190
44268468 192
44751864 195
44432415 193
43673333 190
43920997 191
44442658 193
44027325 191
43919760 191
43820688 191
44084946 192
44591882 194
43859296 191
44259526 192
43435209 189
44066799 192
44207803 192
44212360 192
44216644 192
44198700 192
44420713 193
44143933 192
43765641 190
44248674 192
44191331 192
44240283 192
44110205 192
44119817 192
43736447 190
43763521 190
43761141 190
44172153 192
44126713 192
43950149 191
44064297 192
43771724 190
44372011 193
43947945 191
43726909 190
43831567 191
44107041 192
44167255 192
44048888 192
43855843 191
43694057 190
43873135 191
44153426 192
43963411 191
43649039 190
44029431 191
44183726 192
43909144 191
43844372 191
44330582 193
43772871 190
44138878 192
43687328 190
43518104 189
43586983 190
43902644 191
43679944 190
44242931 192
43629317 190
44118051 192
43533925 189
43947135 191
44149901 192
43938413 191
43945532 191
43953560 191
43910562 191
44228427 192
43633627 190
43509742 189
43843014 191
44203556 192
43807844 190
