498 15
569 17
501 15
673 21
578 18
554 17
590 18
545 17
667 20
578 18
606 18
598 18
524 16
524 16
584 18
602 18
575 17
686 21
495 15
542 16
531 16
501 15
744 23
495 15
634 19
601 18
645 20
615 19
783 24
652 20
837 26
631 19
605 18
527 16
770 24
673 21
596 18
625 19
554 17
598 18
631 19
551 17
601 18
622 19
688 21
611 19
651 20
536 16
612 19
566 17
548 17
578 18
542 16
739 23
545 17
584 18
598 18
602 18
643 20
727 22
739 23
566 17
685 21
569 17
637 19
625 19
659 20
592 18
622 19
572 17
635 19
593 18
706 22
575 17
572 17
622 19
688 21
536 16
703 21
572 17
590 18
543 16
542 16
581 18
557 17
551 17
589 18
563 17
563 17
587 18
673 21
586 18
551 17
658 20
560 17
623 19
592 18
527 16
804 25
688 21
783 24
712 22
664 20
620 19
531 16
661 20
563 17
572 17
575 17
605 18
670 20
709 22
625 19
624 19
646 20
548 17
542 16
530 16
566 17
560 17
584 18
536 16
551 17
560 17
643 20
545 17
608 19
533 16
536 16
542 16
581 18
631 19
486 15
527 16
575 17
527 16
524 16
533 16
647 20
735 22
697 21
509 15
527 16
641 20
578 18
578 18
664 20
498 15
572 17
578 18
604 18
480 15
498 15
551 17
608 19
655 20
586 18
474 14
706 22
513 16
575 17
605 18
503 15
530 16
650 20
639 19
611 19
566 17
501 15
527 16
531 16
531 16
501 15
534 16
534 16
498 15
536 16
631 19
601 18
602 18
647 20
580 18
548 17
593 18
605 18
575 17
646 20
578 18
518 16
584 18
620 19
599 18
887 27
607 18
767 23
662 20
703 21
530 16
608 19
637 19
575 17
506 15
527 16
554 17
501 15
551 17
518 16
557 17
664 20
569 17
601 18
554 17
572 17
530 16
542 16
805 25
616 19
536 16
530 16
527 16
542 16
533 16
590 18
566 17
557 17
602 18
584 18
524 16
521 16
524 16
557 17
542 16
656 20
548 17
554 17
548 17
634 19
554 17
575 17
590 18
557 17
572 17
679 21
569 17
605 18
480 15
489 15
551 17
617 19
640 20
572 17
648 20
645 20
545 17
578 18
608 19
527 16
620 19
595 18
700 21
560 17
607 18
633 19
679 21
572 17
619 19
602 18
572 17
711 22
530 16
498 15
577 18
614 19
602 18
590 18
527 16
539 16
608 19
656 20
658 20
685 21
636 19
665 20
519 16
572 17
602 18
605 18
608 19
533 16
581 18
554 17
524 16
522 16
557 17
601 18
682 21
566 17
608 19
572 17
610 19
536 16
566 17
527 16
498 15
598 18
581 18
566 17
533 16
554 17
614 19
604 18
622 19
608 19
563 17
611 19
530 16
560 17
572 17
610 19
495 15
492 15
527 16
601 18
531 16
607 18
560 17
524 16
592 18
536 16
530 16
633 19
641 20
580 18
646 20
578 18
637 19
655 20
575 17
608 19
575 17
578 18
682 21
586 18
572 17
651 20
575 17
655 20
653 20
578 18
741 23
530 16
670 20
575 17
581 18
630 19
539 16
542 16
718 22
621 19
609 19
527 16
630 19
703 21
598 18
659 20
569 17
566 17
736 23
617 19
592 18
524 16
495 15
530 16
664 20
625 19
548 17
616 19
679 21
652 20
715 22
533 16
774 24
652 20
626 19
578 18
530 16
527 16
527 16
495 15
531 16
495 15
578 18
655 20
641 20
700 21
471 14
548 17
524 16
572 17
543 16
486 15
542 16
622 19
605 18
596 18
530 16
542 16
507 15
527 16
528 16
572 17
575 17
649 20
572 17
528 16
545 17
554 17
527 16
527 16
654 20
530 16
584 18
551 17
542 16
557 17
605 18
608 19
697 21
631 19
531 16
524 16
527 16
578 18
652 20
580 18
503 15
528 16
518 16
533 16
534 16
521 16
524 16
563 17
612 19
534 16
551 17
590 18
628 19
637 19
545 17
519 16
584 18
694 21
575 17
569 17
500 15
531 16
537 16
645 20
604 18
492 15
635 19
640 20
533 16
557 17
647 20
566 17
587 18
664 20
592 18
524 16
617 19
587 18
605 18
548 17
545 17
554 17
617 19
595 18
575 17
551 17
655 20
530 16
566 17
483 15
480 15
626 19
599 18
622 19
623 19
527 16
601 18
575 17
608 19
527 16
524 16
471 14
619 19
637 19
616 19
524 16
495 15
524 16
790 24
671 20
524 16
551 17
612 19
595 18
656 20
575 17
634 19
634 19
581 18
533 16
527 16
569 17
644 20
616 19
551 17
545 17
572 17
617 19
630 19
572 17
536 16
536 16
498 15
530 16
534 16
501 15
578 18
566 17
575 17
697 21
566 17
524 16
563 17
554 17
560 17
596 18
539 16
539 16
518 16
518 16
533 16
602 18
630 19
602 18
548 17
569 17
560 17
625 19
621 19
554 17
501 15
545 17
566 17
1120 35
542 16
593 18
563 17
700 21
700 21
578 18
566 17
664 20
679 21
575 17
533 16
634 19
548 17
575 17
665 20
495 15
524 16
537 16
530 16
551 17
495 15
501 15
589 18
635 19
627 19
521 16
548 17
622 19
637 19
662 20
560 17
498 15
530 16
498 15
542 16
527 16
530 16
518 16
685 21
563 17
622 19
566 17
516 16
640 20
554 17
700 21
575 17
551 17
531 16
486 15
511 15
676 21
542 16
542 16
636 19
612 19
537 16
636 19
524 16
495 15
590 18
566 17
501 15
542 16
480 15
575 17
596 18
563 17
572 17
527 16
521 16
536 16
667 20
640 20
578 18
665 20
598 18
586 18
524 16
545 17
659 20
630 19
656 20
569 17
575 17
592 18
578 18
534 16
614 19
682 21
677 21
546 17
592 18
498 15
601 18
723 22
589 18
627 19
524 16
656 20
611 19
608 19
676 21
578 18
615 19
575 17
680 21
729 22
527 16
637 19
595 18
658 20
563 17
531 16
662 20
655 20
595 18
498 15
673 21
623 19
616 19
593 18
637 19
507 15
673 21
641 20
534 16
530 16
629 19
679 21
767 23
524 16
554 17
563 17
688 21
563 17
639 19
554 17
638 19
575 17
572 17
566 17
524 16
578 18
566 17
616 19
572 17
530 16
528 16
536 16
618 19
637 19
608 19
536 16
548 17
531 16
533 16
634 19
620 19
610 19
586 18
480 15
521 16
530 16
601 18
545 17
530 16
531 16
572 17
601 18
578 18
530 16
524 16
661 20
636 19
560 17
670 20
557 17
623 19
569 17
527 16
530 16
527 16
527 16
539 16
521 16
566 17
534 16
575 17
531 16
500 15
530 16
643 20
700 21
655 20
500 15
507 15
527 16
495 15
653 20
584 18
686 21
569 17
624 19
741 23
557 17
601 18
624 19
611 19
682 21
480 15
602 18
608 19
664 20
592 18
498 15
735 22
530 16
578 18
592 18
524 16
661 20
578 18
682 21
630 19
533 16
563 17
575 17
531 16
524 16
563 17
533 16
676 21
495 15
528 16
530 16
524 16
527 16
527 16
492 15
596 18
592 18
647 20
637 19
506 15
498 15
551 17
581 18
524 16
447 13
432 13
587 18
626 19
581 18
498 15
533 16
534 16
530 16
506 15
480 15
670 20
605 18
661 20
2814 87
527 16
507 15
528 16
533 16
501 15
530 16
495 15
486 15
503 15
483 15
545 17
596 18
495 15
534 16
483 15
620 19
530 16
694 21
593 18
554 17
551 17
652 20
640 20
587 18
587 18
667 20
590 18
644 20
483 15
527 16
661 20
607 18
560 17
498 15
524 16
644 20
551 17
506 15
530 16
524 16
530 16
530 16
563 17
590 18
572 17
599 18
590 18
706 22
530 16
575 17
602 18
572 17
506 15
498 15
474 14
604 18
590 18
539 16
566 17
566 17
569 17
584 18
524 16
504 15
527 16
530 16
640 20
527 16
616 19
598 18
495 15
530 16
527 16
595 18
586 18
658 20
554 17
536 16
515 16
736 23
583 18
581 18
521 16
540 16
536 16
471 14
542 16
572 17
584 18
521 16
611 19
617 19
655 20
566 17
551 17
643 20
521 16
627 19
534 16
533 16
612 19
586 18
634 19
531 16
590 18
533 16
599 18
592 18
649 20
621 19
554 17
621 19
640 20
596 18
583 18
545 17
592 18
700 21
761 23
578 18
533 16
643 20
545 17
614 19
683 21
504 15
566 17
572 17
554 17
700 21
655 20
620 19
578 18
604 18
709 22
554 17
700 21
545 17
625 19
531 16
578 18
726 22
640 20
628 19
674 21
575 17
652 20
563 17
643 20
674 21
536 16
578 18
575 17
655 20
581 18
521 16
566 17
566 17
664 20
619 19
572 17
624 19
638 19
627 19
732 22
530 16
810 25
882 27
676 21
572 17
667 20
747 23
557 17
609 19
628 19
586 18
583 18
