161983 35
207203 44
167350 36
172664 37
162332 35
173246 37
169942 36
175670 38
174759 37
171500 37
165712 35
192450 41
187921 40
193022 41
187996 40
152381 33
142910 31
185423 40
298547 64
169594 36
179492 38
163651 35
145835 31
166117 36
167431 36
182274 39
180499 39
167148 36
156276 33
159249 34
163112 35
171844 37
164613 35
178050 38
177010 38
174613 37
174395 37
177088 38
175741 38
163336 35
170097 36
179404 38
173308 37
175259 38
167687 36
181114 39
174125 37
199961 43
193286 41
197581 42
183379 39
178956 38
163243 35
172641 37
177590 38
174753 37
191368 41
191005 41
179885 39
187466 40
170231 36
181163 39
175158 38
180509 39
208007 45
172837 37
167321 36
168325 36
172361 37
167839 36
166010 36
161885 35
183706 39
164977 35
180511 39
182732 39
183784 39
184365 40
167422 36
174401 37
294758 63
173398 37
165402 35
167088 36
161486 35
154023 33
146893 31
153997 33
144620 31
150896 32
167845 36
160440 34
174729 37
168768 36
176597 38
177838 38
186605 40
194942 42
194192 42
182682 39
172468 37
174574 37
192232 41
201591 43
177035 38
191964 41
177225 38
176969 38
167306 36
167703 36
177800 38
165614 35
169027 36
155731 33
164827 35
175131 38
176689 38
178340 38
174242 37
169213 36
180171 39
178855 38
159025 34
169586 36
173478 37
174309 37
184306 39
174434 37
191695 41
162740 35
161569 35
181813 39
174023 37
160994 34
169987 36
160351 34
159824 34
169266 36
171759 37
179540 38
166287 36
179891 39
170863 37
169945 36
162656 35
167342 36
173850 37
186310 40
187463 40
184532 40
197126 42
174743 37
174792 37
187267 40
163881 35
178994 38
157500 34
179688 38
162724 35
231592 50
183198 39
183760 39
163488 35
163785 35
178056 38
168787 36
154691 33
215659 46
176424 38
185199 40
168900 36
183665 39
176903 38
158513 34
184871 40
183455 39
151855 32
159511 34
155540 33
169468 36
185422 40
187358 40
160297 34
329111 71
185887 40
193838 42
173213 37
189849 41
170026 36
179340 38
232292 50
187106 40
189036 41
190703 41
186918 40
184663 40
187387 40
186227 40
191205 41
169126 36
178932 38
174374 37
154712 33
168492 36
166857 36
173579 37
167678 36
181801 39
172304 37
165617 35
165640 35
186123 40
177646 38
176642 38
172197 37
193848 42
186959 40
191830 41
202178 43
200673 43
199273 43
188005 40
180147 39
216717 47
170368 36
196453 42
197622 42
198183 43
200407 43
195321 42
187511 40
320622 69
178012 38
173183 37
158986 34
167516 36
162359 35
156048 33
169899 36
163091 35
174220 37
191704 41
191147 41
195968 42
190925 41
189420 41
180436 39
183278 39
173025 37
188717 40
184972 40
193171 41
184118 39
173973 37
187046 40
190188 41
181178 39
183781 39
190251 41
177418 38
174525 37
177275 38
175161 38
177484 38
283115 61
195765 42
192792 41
180005 39
175721 38
177325 38
167071 36
165995 36
163892 35
166713 36
177895 38
186790 40
193241 41
180052 39
194013 42
191800 41
197751 42
196954 42
174333 37
183182 39
177446 38
176251 38
172684 37
169939 36
167696 36
165066 35
406381 88
179352 38
181791 39
171882 37
157009 34
166976 36
179547 38
191094 41
381759 82
179352 38
179977 39
179778 39
163578 35
164193 35
172709 37
165367 35
162141 35
169492 36
168078 36
159940 34
169887 36
157931 34
157471 34
174376 37
183132 39
168041 36
168274 36
162057 35
182274 39
173019 37
171253 37
183284 39
320932 69
188163 40
174172 37
168042 36
172966 37
154873 33
159490 34
209070 45
167169 36
158492 34
180088 39
168569 36
162624 35
181251 39
182542 39
178202 38
163371 35
179370 38
179355 38
175470 38
178348 38
192712 41
186280 40
185214 40
193543 42
181809 39
180386 39
174467 37
179134 38
167860 36
235188 51
151307 32
167300 36
160586 34
179823 39
173475 37
173243 37
166722 36
172314 37
160488 34
159752 34
181749 39
174327 37
171476 37
151060 32
165554 35
207888 45
161897 35
162710 35
165156 35
171515 37
176969 38
159028 34
176298 38
176290 38
165942 36
145347 31
165367 35
168461 36
186868 40
190442 41
226958 49
163386 35
187141 40
184252 39
169314 36
180454 39
178455 38
171566 37
183933 39
178649 38
192422 41
188500 40
177639 38
175831 38
169620 36
180522 39
210830 45
163130 35
176147 38
180910 39
189292 41
194556 42
184715 40
181877 39
179690 38
166639 36
170144 36
187737 40
176254 38
175003 37
185447 40
184103 39
191809 41
171390 37
180656 39
181604 39
178348 38
164443 35
191124 41
172191 37
178249 38
176695 38
180058 39
184389 40
183010 39
180299 39
177398 38
190918 41
204555 44
176218 38
157962 34
169001 36
193098 41
196472 42
185649 40
156839 34
162850 35
170091 36
172093 37
190305 41
198042 42
190582 41
183245 39
187564 40
202049 43
188726 40
180430 39
173398 37
171824 37
185798 40
185068 40
183677 39
176716 38
171202 37
160658 34
158745 34
171608 37
171153 37
157274 34
158927 34
205755 44
174943 37
182622 39
175688 38
169698 36
165941 36
171482 37
175447 38
190006 41
191171 41
175208 38
172162 37
184246 39
175184 38
189399 41
183135 39
211123 45
171693 37
164479 35
176266 38
178971 38
172239 37
177219 38
176820 38
175045 37
188696 40
176093 38
172823 37
175745 38
165123 35
180040 39
176496 38
174750 37
170738 37
190001 41
184648 40
194979 42
205427 44
168872 36
214194 46
173579 37
173809 37
183817 39
172841 37
182420 39
188166 40
169555 36
170553 37
157908 34
158703 34
177192 38
161870 35
180618 39
179060 38
288995 62
170448 36
193548 42
196467 42
176552 38
169662 36
168441 36
184883 40
175542 38
171759 37
173238 37
169600 36
158301 34
172659 37
166824 36
226018 49
180921 39
165763 35
182173 39
167580 36
189772 41
179218 38
172457 37
177779 38
164783 35
172957 37
163645 35
158293 34
157760 34
158010 34
140354 30
324605 70
159990 34
177088 38
184138 39
186614 40
184447 40
172337 37
225079 48
178575 38
175861 38
176573 38
179637 38
185025 40
178940 38
190071 41
172177 37
174086 37
183820 39
178199 38
185827 40
184345 40
192631 41
184627 40
182814 39
188085 40
179960 39
184698 40
183225 39
167157 36
183070 39
179028 38
181157 39
186912 40
174747 37
176224 38
179798 39
178763 38
178911 38
184899 40
224879 48
178932 38
182491 39
175864 38
176478 38
174684 37
180073 39
165406 35
168116 36
173845 37
176579 38
182411 39
180267 39
176942 38
169567 36
184079 39
186111 40
193025 41
192422 41
187930 40
191885 41
184433 40
186665 40
189241 41
182825 39
171143 37
284320 61
162925 35
154831 33
156123 33
158325 34
161738 35
163573 35
168801 36
170474 36
164155 35
153950 33
154834 33
169111 36
174353 37
170881 37
173502 37
183006 39
183525 39
187043 40
185724 40
166576 36
148349 32
174026 37
175840 38
177490 38
171503 37
173183 37
178074 38
169167 36
152555 33
170031 36
163589 35
171593 37
150467 32
163765 35
157853 34
162540 35
179191 38
177139 38
191737 41
167890 36
162573 35
187216 40
187848 40
175297 38
177517 38
168498 36
171275 37
169713 36
182861 39
168685 36
175726 38
178107 38
182736 39
192828 41
192721 41
199238 43
181339 39
173585 37
183613 39
178271 38
175223 38
192634 41
360757 78
178905 38
166680 36
183758 39
171465 37
176895 38
170946 37
184821 40
181241 39
165796 35
174801 37
177463 38
174294 37
168417 36
176016 38
184223 39
176046 38
175021 37
176147 38
174650 37
172331 37
166571 36
189566 41
183301 39
165939 36
158311 34
141099 30
162743 35
167836 36
153735 33
169397 36
175739 38
181446 39
178039 38
171953 37
181749 39
182000 39
179664 38
182029 39
171843 37
182175 39
179970 39
180754 39
183814 39
184881 40
180415 39
169844 36
168146 36
170973 37
167994 36
177368 38
182029 39
185681 40
174259 37
158185 34
161593 35
173244 37
185827 40
183349 39
174687 37
179900 39
171220 37
176981 38
168289 36
159269 34
173377 37
173118 37
185771 40
186319 40
175265 38
165177 35
166058 36
174020 37
162864 35
167288 36
154081 33
166472 36
171208 37
162281 35
170112 36
155963 33
168036 36
172236 37
190948 41
194606 42
190016 41
169608 36
167065 36
172918 37
183120 39
160291 34
173929 37
169627 36
165021 35
168161 36
174615 37
195385 42
192815 41
169826 36
175548 38
190126 41
183346 39
184284 39
170462 36
173898 37
175902 38
175438 38
227404 49
159990 34
159007 34
176716 38
173186 37
180013 39
178157 38
163088 35
161518 35
178267 38
169412 36
171417 37
161462 35
183573 39
179954 39
178077 38
181952 39
167687 36
174184 37
170970 37
176689 38
178661 38
176482 38
167857 36
174309 37
175779 38
188606 40
188607 40
192864 41
173707 37
176915 38
179221 38
165021 35
173253 37
171074 37
162317 35
169457 36
176343 38
169966 36
177013 38
173877 37
145809 31
163201 35
181011 39
169236 36
205488 44
166636 36
165679 35
170465 36
174790 37
187314 40
170579 37
185726 40
161909 35
177118 38
175253 38
172295 37
168905 36
177034 38
175787 38
183313 39
164559 35
165075 35
182105 39
189779 41
184594 40
192417 41
182974 39
182072 39
176483 38
176501 38
184517 40
169921 36
176901 38
171396 37
175286 38
172769 37
166543 36
153470 33
160091 34
155486 33
177791 38
175766 38
176790 38
153023 33
137435 29
144185 31
167276 36
175378 38
166254 36
168694 36
184240 39
175763 38
166231 36
162445 35
169922 36
163719 35
167657 36
184438 40
261024 56
177609 38
189271 41
182954 39
178077 38
185175 40
176960 38
175515 38
406181 88
177112 38
178661 38
177392 38
166946 36
174813 37
174110 37
172640 37
172567 37
184559 40
176328 38
166859 36
179784 39
164858 35
183308 39
198272 43
167580 36
176513 38
177982 38
186257 40
174148 37
189644 41
177210 38
163412 35
170201 36
163925 35
177645 38
177937 38
169715 36
184803 40
173892 37
175369 38
170899 37
178512 38
174023 37
185494 40
175035 37
186983 40
226069 49
173752 37
174446 37
169194 36
158480 34
144012 31
159737 34
162117 35
158241 34
170696 37
171345 37
183525 39
182030 39
177193 38
177756 38
168783 36
183314 39
185704 40
178414 38
184278 39
170026 36
183811 39
193959 42
204090 44
183057 39
197184 42
186126 40
187886 40
192595 41
191339 41
196146 42
198174 43
191466 41
187999 40
175584 38
170473 36
180135 39
188738 40
179659 38
159424 34
173678 37
179206 38
168581 36
165042 35
180079 39
173365 37
183007 39
167967 36
159016 34
217335 47
163946 35
152248 33
166119 36
170934 37
158042 34
165721 35
163737 35
151709 32
289281 62
168518 36
159728 34
174247 37
171032 37
164929 35
163139 35
163276 35
329811 71
170940 37
171929 37
172507 37
169775 36
166064 36
