7703 15
7411 14
7524 14
7444 14
7322 14
7554 14
7224 14
7292 14
7298 14
7372 14
7528 14
7417 14
7310 14
7295 14
7268 14
7390 14
7334 14
7450 14
7590 14
7557 14
7265 14
7200 14
7134 13
7474 14
7384 14
7578 14
7449 14
7313 14
7548 14
7435 14
7688 15
7484 14
7316 14
7751 15
7506 14
7477 14
7575 14
7453 14
7441 14
7473 14
7408 14
7247 14
7560 14
7155 13
7592 14
7274 14
7385 14
7247 14
7327 14
7387 14
7426 14
7364 14
7537 14
7268 14
7423 14
7390 14
7268 14
7455 14
7340 14
7343 14
7530 14
7612 14
7563 14
7373 14
7271 14
7223 14
7581 14
7528 14
7184 14
7432 14
7595 14
7438 14
7417 14
7310 14
7691 15
7426 14
7229 14
7391 14
7360 14
7361 14
7346 14
7770 15
7247 14
7518 14
7301 14
7543 14
7488 14
7468 14
7450 14
7470 14
7349 14
7292 14
7381 14
7364 14
7229 14
7256 14
7366 14
7447 14
7283 14
7194 14
7378 14
7277 14
7283 14
7432 14
7301 14
7354 14
7292 14
7319 14
10447 20
7259 14
7322 14
7438 14
7215 14
7336 14
6828 13
7301 14
7333 14
7325 14
7342 14
6938 13
7307 14
7486 14
7429 14
7378 14
7322 14
7426 14
7521 14
7450 14
7546 14
7417 14
7369 14
7420 14
7310 14
7531 14
7444 14
7396 14
7322 14
7557 14
7441 14
7223 14
7554 14
7444 14
7307 14
9678 18
7304 14
7426 14
7355 14
7464 14
7405 14
7268 14
8073 15
7393 14
7476 14
7363 14
7116 13
7493 14
7524 14
7328 14
7519 14
7528 14
7805 15
7671 14
7642 14
7767 15
7554 14
7337 14
7362 14
7560 14
7525 14
7193 14
7480 14
7450 14
7554 14
7411 14
7411 14
7496 14
7691 15
7295 14
7560 14
7530 14
7399 14
7533 14
7423 14
7396 14
7274 14
7280 14
7420 14
7489 14
7331 14
7283 14
7438 14
7429 14
7298 14
7450 14
7533 14
7363 14
7402 14
7435 14
7310 14
7493 14
7062 13
7244 14
7390 14
7402 14
7624 14
6973 13
7286 14
7271 14
7642 14
7540 14
7208 14
7366 14
7360 14
7170 14
7363 14
7316 14
7497 14
7212 14
7119 13
7280 14
7170 14
7569 14
7717 15
7485 14
7274 14
7030 13
6994 13
7551 14
7605 14
6893 13
7179 14
7482 14
7280 14
7447 14
7426 14
7092 13
7206 14
7381 14
6958 13
7372 14
7420 14
7474 14
7456 14
7343 14
7437 14
7396 14
6857 13
7649 14
7289 14
7396 14
7292 14
6908 13
7316 14
7247 14
7328 14
7486 14
7331 14
7456 14
7420 14
7259 14
7402 14
7378 14
7298 14
7280 14
7322 14
7277 14
7113 13
7310 14
7423 14
7423 14
7343 14
7560 14
7647 14
7688 15
7414 14
7420 14
7393 14
7420 14
7429 14
7510 14
7519 14
7361 14
7426 14
7563 14
7490 14
7256 14
7253 14
7527 14
7605 14
7390 14
7366 14
7509 14
7360 14
7432 14
7560 14
7479 14
7253 14
7381 14
7741 15
7784 15
7536 14
7089 13
7265 14
7414 14
7390 14
7155 13
7387 14
7426 14
7571 14
7516 14
7393 14
7349 14
7630 14
7636 14
7513 14
7342 14
7146 13
7176 14
7348 14
7522 14
7307 14
7515 14
7533 14
7639 14
7493 14
7662 14
7459 14
7232 14
7586 14
7351 14
7709 15
7274 14
7610 14
7640 14
7590 14
7650 14
7429 14
7426 14
7414 14
7325 14
7607 14
7481 14
7506 14
7729 15
7348 14
7551 14
7351 14
7268 14
7280 14
7358 14
7560 14
7563 14
7328 14
7423 14
7292 14
7808 15
7627 14
7295 14
7322 14
7372 14
7462 14
7381 14
7525 14
7366 14
7348 14
7250 14
7633 14
7420 14
7328 14
7474 14
7351 14
7244 14
7039 13
7393 14
7426 14
7381 14
7292 14
7370 14
7146 13
7455 14
7633 14
7723 15
7203 14
7452 14
7346 14
7101 13
7185 14
7349 14
7536 14
7325 14
7735 15
7642 14
7793 15
7475 14
6872 13
7313 14
7307 14
7337 14
7298 14
7218 14
6783 13
7280 14
7271 14
7616 14
7459 14
7396 14
7238 14
7493 14
7502 14
7289 14
7372 14
7450 14
7393 14
7539 14
7447 14
7744 15
7313 14
7749 15
7259 14
7366 14
7250 14
7426 14
7393 14
7396 14
7449 14
7584 14
7478 14
7525 14
7414 14
7066 13
7601 14
7244 14
7393 14
7444 14
7218 14
7455 14
7465 14
7286 14
7363 14
7319 14
7506 14
7583 14
7137 13
7244 14
7229 14
7426 14
7458 14
7215 14
7453 14
7423 14
7369 14
7545 14
7773 15
7470 14
7003 13
7510 14
7423 14
7319 14
7414 14
7423 14
7477 14
7494 14
7206 14
7307 14
7122 13
7292 14
7340 14
7375 14
7473 14
7334 14
7411 14
7229 14
7340 14
7453 14
7081 13
7420 14
7325 14
7295 14
7313 14
7220 14
7363 14
7289 14
7262 14
7295 14
7274 14
7289 14
7330 14
7349 14
7510 14
7245 14
7295 14
7328 14
7444 14
7545 14
7459 14
7247 14
7414 14
7283 14
7360 14
7310 14
7458 14
7659 14
7360 14
7634 14
7319 14
7331 14
7280 14
7274 14
7656 14
7170 14
7799 15
7592 14
7595 14
7437 14
7393 14
7283 14
7370 14
7717 15
7744 15
7408 14
7319 14
7530 14
7367 14
7476 14
7426 14
7286 14
7202 14
7322 14
7313 14
7500 14
7194 14
7271 14
7438 14
7432 14
6830 13
7342 14
7408 14
7316 14
7316 14
7036 13
7405 14
7402 14
7149 13
7057 13
6985 13
7518 14
7435 14
7334 14
7212 14
7006 13
7396 14
7268 14
7390 14
7304 14
7402 14
7289 14
7310 14
7301 14
7247 14
7624 14
7098 13
7479 14
7337 14
7426 14
7381 14
6935 13
7271 14
7340 14
7357 14
7221 14
7292 14
7682 15
7310 14
7521 14
7536 14
7268 14
7304 14
7363 14
7361 14
7295 14
7414 14
7500 14
7366 14
7450 14
7627 14
7494 14
7239 14
7700 15
7399 14
7417 14
7360 14
7313 14
7533 14
7417 14
7351 14
7271 14
7381 14
7337 14
6887 13
7450 14
7343 14
7358 14
7358 14
7345 14
7615 14
7414 14
7340 14
7328 14
7384 14
7479 14
7628 14
7518 14
7304 14
7429 14
7426 14
7265 14
7489 14
7426 14
7360 14
7480 14
7366 14
7307 14
7206 14
7688 15
7403 14
7417 14
7265 14
7194 14
7441 14
7468 14
7310 14
7331 14
7343 14
7283 14
7369 14
7441 14
7164 13
7274 14
7408 14
7280 14
7478 14
7143 13
7500 14
7036 13
7509 14
7598 14
7539 14
7408 14
7325 14
7518 14
7545 14
7402 14
7402 14
7289 14
7322 14
7224 14
7221 14
7390 14
7808 15
7375 14
7366 14
7330 14
7128 13
7435 14
7465 14
7298 14
7366 14
7414 14
7420 14
7665 14
7322 14
48774 95
7069 13
7396 14
7301 14
7343 14
7694 15
7006 13
7277 14
7265 14
7331 14
7746 15
7348 14
7656 14
7301 14
7334 14
7313 14
6830 13
7369 14
7572 14
7572 14
7256 14
7396 14
7470 14
7298 14
7271 14
7484 14
7390 14
7423 14
7295 14
7455 14
7481 14
7369 14
7438 14
7640 14
7283 14
7465 14
7280 14
7209 14
7188 14
7339 14
7179 14
7325 14
7292 14
7408 14
7417 14
7316 14
7334 14
7321 14
7604 14
7510 14
7735 15
6920 13
7384 14
7351 14
7211 14
7429 14
7262 14
6982 13
7435 14
7393 14
7351 14
11200 21
7405 14
7328 14
7277 14
7468 14
7595 14
7289 14
7334 14
7295 14
7232 14
7289 14
7465 14
7432 14
7793 15
7402 14
7241 14
7655 14
7226 14
7423 14
7589 14
7298 14
6881 13
7313 14
7268 14
7446 14
7601 14
7697 15
6994 13
7325 14
7393 14
6902 13
47477 92
7292 14
7438 14
7369 14
7378 14
7344 14
7358 14
7471 14
7390 14
7238 14
7387 14
7355 14
7337 14
7508 14
7366 14
7648 14
7533 14
7461 14
7662 14
7671 14
7665 14
7357 14
7974 15
7265 14
7399 14
7443 14
7432 14
7515 14
7598 14
7307 14
7343 14
7468 14
7512 14
7447 14
7370 14
7378 14
7612 14
7390 14
7569 14
7536 14
7536 14
9112 17
7295 14
7352 14
7414 14
7405 14
8983 17
7405 14
7682 15
7310 14
7384 14
9456 18
7334 14
7709 15
7557 14
7328 14
7475 14
7325 14
7333 14
7354 14
7351 14
7636 14
7289 14
7390 14
7420 14
7447 14
7388 14
7295 14
7375 14
7536 14
7364 14
7662 14
7435 14
7408 14
7627 14
7423 14
7325 14
7310 14
7381 14
7738 15
7354 14
7586 14
7336 14
7637 14
7493 14
7465 14
7738 15
7429 14
7624 14
7697 15
7528 14
7330 14
7390 14
7250 14
7167 13
7242 14
7283 14
7149 13
7357 14
7522 14
7435 14
7364 14
7331 14
7239 14
7534 14
7572 14
7175 14
7530 14
7528 14
7572 14
7647 14
7486 14
7683 15
6928 13
7340 14
7218 14
7408 14
7770 15
7396 14
7399 14
7265 14
7342 14
7405 14
7146 13
7232 14
7378 14
7405 14
7438 14
7173 14
7420 14
7482 14
7298 14
7304 14
6884 13
7429 14
7349 14
7307 14
7474 14
7325 14
7500 14
7452 14
7366 14
7298 14
7489 14
7435 14
7289 14
7515 14
7357 14
7513 14
7202 14
7345 14
7613 14
7241 14
7767 15
7313 14
7319 14
7589 14
7280 14
11186 21
7384 14
7496 14
7563 14
7372 14
7607 14
7503 14
7316 14
7250 14
7331 14
9135 17
7265 14
7390 14
7686 15
7426 14
7581 14
6905 13
7551 14
7405 14
7372 14
7387 14
7185 14
7295 14
7339 14
7414 14
7423 14
6872 13
6991 13
7683 15
7423 14
7161 13
7328 14
7444 14
7444 14
7503 14
7554 14
6988 13
7298 14
7414 14
7292 14
7313 14
6845 13
7271 14
7378 14
7375 14
7372 14
9628 18
7515 14
7482 14
7381 14
7217 14
8496 16
7161 13
7563 14
7310 14
6947 13
7589 14
7232 14
7426 14
7283 14
7928 15
7426 14
7003 13
7420 14
7310 14
7274 14
7373 14
7229 14
7489 14
7423 14
7533 14
7575 14
6863 13
7479 14
7417 14
7426 14
7340 14
6896 13
7268 14
