1915731 58
1735604 52
1734669 52
1735196 52
1735750 52
1835187 56
1735470 52
1734814 52
1735023 52
1782903 54
1791268 54
1782789 54
1782932 54
1783206 54
1734556 52
1735282 52
1734782 52
1783469 54
1735267 52
1783766 54
1734948 52
1734383 52
1876632 57
1734529 52
1735321 52
1734609 52
1735166 52
1831299 55
1734984 52
1735142 52
1733855 52
1783425 54
1782719 54
1783437 54
1854420 56
1783250 54
1782728 54
1734662 52
1735121 52
1831133 55
1734365 52
1782407 54
1782617 54
1783889 54
1783562 54
1782567 54
1855192 56
1782804 54
1782693 54
1735553 52
1734034 52
1830039 55
1735437 52
1782883 54
1734597 52
1734946 52
1778290 54
1735166 52
1863312 56
1735368 52
1782914 54
1736125 52
1735601 52
1836750 56
1734862 52
1783617 54
1734517 52
1734806 52
1784524 54
1734669 52
1783040 54
1734895 52
1734889 52
1782982 54
1735094 52
1831021 55
1783201 54
1783025 54
1783355 54
1783477 54
1835980 56
1782932 54
1782941 54
1783918 54
1783367 54
1735181 52
1734639 52
1841566 56
1734621 52
1735425 52
1734407 52
1734794 52
1835546 56
1782707 54
1735205 52
1735223 52
1735377 52
1837130 56
1734740 52
1734618 52
1734817 52
1782635 54
1783171 54
1734710 52
1734820 52
1734073 52
1734734 52
1735148 52
1782270 54
1837581 56
1734773 52
1805525 55
1735675 52
1783104 54
1800384 54
1735038 52
1734719 52
1735252 52
1782807 54
1783670 54
1782953 54
1838139 56
1783055 54
1783454 54
1734693 52
1783658 54
1851051 56
1783180 54
1782865 54
1783107 54
1783264 54
1784151 54
1783498 54
1782862 54
1782941 54
1783527 54
1783620 54
1782623 54
1852594 56
1783740 54
1783136 54
1783151 54
1735097 52
1836234 56
1734475 52
1782880 54
1782935 54
1782185 54
1781614 54
1736054 52
1826229 55
1734502 52
1735175 52
1783139 54
1783127 54
1839708 56
1783498 54
1782284 54
1783054 54
1734094 52
1796141 54
1735172 52
1734856 52
1735020 52
1782993 54
1783183 54
1735160 52
1844541 56
1734573 52
1784035 54
1783233 54
1734192 52
1799259 54
1734901 52
1734808 52
1735104 52
1783419 54
1782958 54
1734927 52
1836612 56
1734910 52
1783606 54
1736042 52
1783200 54
1783559 54
1735321 52
1782757 54
1782448 54
1783095 54
1783209 54
1735106 52
1830882 55
1735330 52
1783168 54
1735324 52
1735172 52
1895231 57
1734156 52
1734948 52
1734800 52
1782746 54
1783224 54
1734344 52
1734698 52
1735276 52
1783361 54
1735145 52
1735074 52
1866122 56
1735101 52
1735315 52
1735264 52
1734931 52
1842616 56
1734665 52
1783171 54
1734296 52
1735276 52
1779460 54
1734496 52
1829245 55
1734329 52
1783119 54
1734907 52
1734817 52
1833034 55
1783577 54
1783256 54
1734895 52
1734969 52
1734752 52
1734895 52
1734678 52
1734478 52
1783075 54
1783682 54
1734964 52
1772093 54
1733989 52
1783545 54
1734272 52
1734782 52
1834983 55
1734954 52
1734877 52
1735675 52
1783369 54
1838982 56
1735210 52
1734979 52
1734529 52
1735064 52
1783393 54
1734794 52
1735270 52
1734770 52
1734821 52
1890181 57
1734222 52
1735613 52
1735038 52
1735625 52
1783728 54
1734061 52
1734740 52
1735220 52
1734826 52
1783002 54
1734740 52
1783011 54
1782903 54
1783317 54
1783691 54
1735318 52
1826437 55
1734615 52
1783069 54
1782640 54
1782646 54
1837762 56
1735151 52
1734511 52
1734830 52
1734740 52
1828126 55
1735214 52
1734558 52
1734919 52
1782357 54
1837299 56
1734886 52
1782757 54
1735541 52
1735002 52
1801371 54
1735306 52
1735294 52
1734636 52
1764760 53
1872740 57
1735148 52
1735023 52
1735234 52
1735845 52
1796280 54
1783399 54
1783011 54
1734916 52
1783194 54
1783889 54
1783582 54
1845553 56
1783060 54
1783600 54
1783183 54
1734910 52
1927374 58
1735595 52
1782830 54
1783189 54
1783504 54
1787801 54
1734928 52
1822420 55
1734579 52
1735604 52
1783606 54
1735151 52
1826113 55
1735050 52
1782486 54
1782935 54
1783443 54
1888832 57
1735419 52
1734707 52
1734377 52
1782556 54
1783548 54
1735821 52
1735437 52
1736030 52
1782745 54
1734621 52
1735210 52
1837021 56
1735592 52
1735095 52
1783104 54
1783889 54
1880862 57
1734195 52
1734421 52
1734695 52
1782623 54
1792102 54
1735815 52
1734561 52
1734129 52
1734657 52
1783332 54
1734826 52
1734502 52
1783810 54
1783577 54
1783541 54
1734966 52
1843628 56
1734186 52
1782066 54
1782652 54
1735490 52
1856634 56
1783183 54
1782681 54
1783431 54
1783460 54
1783008 54
1734836 52
1782877 54
1782885 54
1782284 54
1735392 52
1735098 52
1833233 55
1734913 52
1734597 52
1783440 54
1734675 52
1773702 54
1734782 52
1734782 52
1734761 52
1734558 52
1869642 57
1734713 52
1735416 52
1735050 52
1734874 52
1799945 54
1734731 52
1735458 52
1735377 52
1735315 52
1735574 52
1735175 52
1734746 52
1782836 54
1735300 52
1735488 52
1734842 52
1782614 54
1782807 54
1783376 54
1735023 52
1734642 52
1838337 56
1734886 52
1734269 52
1784148 54
1734847 52
1874848 57
1735151 52
1734964 52
1734784 52
1735783 52
1794013 54
1734853 52
1783040 54
1783486 54
1734951 52
1783731 54
1783685 54
1841388 56
1734287 52
1782859 54
1783343 54
1783273 54
1832302 55
1782798 54
1783533 54
1783320 54
1783066 54
1793864 54
1734725 52
1735255 52
1735583 52
1735488 52
1783471 54
1735300 52
1829256 55
1783749 54
1783037 54
1735303 52
1735598 52
1841385 56
1734606 52
1733918 52
1734460 52
1782903 54
1783789 54
1735491 52
1734952 52
1783151 54
1735318 52
1735919 52
1734811 52
1783005 54
1783113 54
1782801 54
1783156 54
1783772 54
1840775 56
1782874 54
1734570 52
1735258 52
1735309 52
1862350 56
1735115 52
1783227 54
1781882 54
1735809 52
1734841 52
1734499 52
1782506 54
1734609 52
1734496 52
1782967 54
1735565 52
1793546 54
1734588 52
1782748 54
1735115 52
1782264 54
1873812 57
1735336 52
1735050 52
1735604 52
1783594 54
1783154 54
1783810 54
1841511 56
1734635 52
1782815 54
1783877 54
1783101 54
1849639 56
1782605 54
1783218 54
1783058 54
1783334 54
1783294 54
1783836 54
1821697 55
1734511 52
1734901 52
1734883 52
1782844 54
1856601 56
1783355 54
1782477 54
1783755 54
1783320 54
1827641 55
1783501 54
1782433 54
1783329 54
1783495 54
1785652 54
1782623 54
1844109 56
1735014 52
1783113 54
1783816 54
1735032 52
1830815 55
1735747 52
1782956 54
1783329 54
1783288 54
1783131 54
1783340 54
1783685 54
1783026 54
1783349 54
1783568 54
1783527 54
1829829 55
1783253 54
1783375 54
1783034 54
1735279 52
1825025 55
1782515 54
1783253 54
1782748 54
1734847 52
1735827 52
1783352 54
1783227 54
1783285 54
1783104 54
1783699 54
1783279 54
1904408 58
1783551 54
1783384 54
1734275 52
1734874 52
1831964 55
1734418 52
1735240 52
1734427 52
1783212 54
1787097 54
1734550 52
1782235 54
1783267 54
1734889 52
1784948 54
1782629 54
1782938 54
1734803 52
1734567 52
1806203 55
1734585 52
1734204 52
1734925 52
1782801 54
1783635 54
1783536 54
1783355 54
1783612 54
1734627 52
1734472 52
1782813 54
1854038 56
1782848 54
1782527 54
1782871 54
1735407 52
1735163 52
1735651 52
1783489 54
1783247 54
1783772 54
1783055 54
1782991 54
1848365 56
1734451 52
1734448 52
1782900 54
1735008 52
1834720 55
1735312 52
1783705 54
1782611 54
1782603 54
1783364 54
1783419 54
1783845 54
1783644 54
1783731 54
1783276 54
1735580 52
1837415 56
1782687 54
1782877 54
1782325 54
1783451 54
1777084 54
1735282 52
1867812 57
1734970 52
1782868 54
1734910 52
1734457 52
1830897 55
1735398 52
1782792 54
1783515 54
1734621 52
1735106 52
1735487 52
1734686 52
1735464 52
1734877 52
1735097 52
1735381 52
1839534 56
1734579 52
1735372 52
1735196 52
1734666 52
1855630 56
1735127 52
1782827 54
1783378 54
1734883 52
1835356 56
1783635 54
1782171 54
1783489 54
1734055 52
1842575 56
1734644 52
1734937 52
1734597 52
1735089 52
1783390 54
1735330 52
1763139 53
1783355 54
1782991 54
1782900 54
1734996 52
1837704 56
1735187 52
1783559 54
1734514 52
1734519 52
1846953 56
1734868 52
1783241 54
1783492 54
1783171 54
1783428 54
1735050 52
1782544 54
1782979 54
1782422 54
1783203 54
1734692 52
1834581 55
1735669 52
1782250 54
1735076 52
1735693 52
1903610 58
1735527 52
1734999 52
1734859 52
1735017 52
1783687 54
1734987 52
1836578 56
1734531 52
1734996 52
1734916 52
1734621 52
1885724 57
1734707 52
1735812 52
1735386 52
1783629 54
1782763 54
1735419 52
1735026 52
1735509 52
1783574 54
1783804 54
1735220 52
1900896 58
1734454 52
1783025 54
1783795 54
1783061 54
1734341 52
1734812 52
1783297 54
1783897 54
1783816 54
1735362 52
1735645 52
1830048 55
1783326 54
1783959 54
1783084 54
1783437 54
1774027 54
1735157 52
1734546 52
1782897 54
1783119 54
1783749 54
1783183 54
1783180 54
1783547 54
1783550 54
1783478 54
1782567 54
1847521 56
1782935 54
1783011 54
1735428 52
1735428 52
1833198 55
1735321 52
1734874 52
1734886 52
1734645 52
1836406 56
1735124 52
1734451 52
1783329 54
1735077 52
1783393 54
1734752 52
1783670 54
1734984 52
1734475 52
1734785 52
1734898 52
1782506 54
1735205 52
1735014 52
1783702 54
1734886 52
1783020 54
1734210 52
1734725 52
1734889 52
1735478 52
1838821 56
1734567 52
1783626 54
1735237 52
1734719 52
1882790 57
1783297 54
1783037 54
1734761 52
1734737 52
1788553 54
1735333 52
1735375 52
1782824 54
1735038 52
1735833 52
1734492 52
1827187 55
1735121 52
1783445 54
1782941 54
1783311 54
1873565 57
1783402 54
1735351 52
1783726 54
1734767 52
1782722 54
1735136 52
1857450 56
1735279 52
1783968 54
1783256 54
1735130 52
1821584 55
1734683 52
1735136 52
1734245 52
1735217 52
1735398 52
1735202 52
1735130 52
1734683 52
1735515 52
1735806 52
1735300 52
1836415 56
1783148 54
1783390 54
1783168 54
1783349 54
1819323 55
1783090 54
1782836 54
1783163 54
1782813 54
1783422 54
1782967 54
1840615 56
1783833 54
1782483 54
1783731 54
1735345 52
1825714 55
1782988 54
1783635 54
1783063 54
1735577 52
1735074 52
1783472 54
1783425 54
1783533 54
1782600 54
1782801 54
1784428 54
1853361 56
1782958 54
1783183 54
1783323 54
1734966 52
1734731 52
1735568 52
1735747 52
1734966 52
1735076 52
1735035 52
1734776 52
1782629 54
1734942 52
1735887 52
1783533 54
1734999 52
1819300 55
1735443 52
1735080 52
1734680 52
1734362 52
1889175 57
1735663 52
1734946 52
1735193 52
1783078 54
1786326 54
1734234 52
1825463 55
1734603 52
1735166 52
1734624 52
1735208 52
1772728 54
1735377 52
1734510 52
1735720 52
1735380 52
1860188 56
1734835 52
1734990 52
1735062 52
1734323 52
1901739 58
1782451 54
1782754 54
1782877 54
1734868 52
1783256 54
1734817 52
1734868 52
1783078 54
1782865 54
1783582 54
1735410 52
1827332 55
1734945 52
1735193 52
1734850 52
1735080 52
1832781 55
1783174 54
1734109 52
1734847 52
1734308 52
1857243 56
1735062 52
1783040 54
1782903 54
1783413 54
1782900 54
1734758 52
1854026 56
1734674 52
1734615 52
1734830 52
1735190 52
1794973 54
1734826 52
1735306 52
1734722 52
1735008 52
1841688 56
1735729 52
1735217 52
1783842 54
1783761 54
1779202 54
1734415 52
1829877 55
1735574 52
1783253 54
1783571 54
1735139 52
1838773 56
1783898 54
1783554 54
1734951 52
1734850 52
1841023 56
1735252 52
1734287 52
1734892 52
1734299 52
1783495 54
1734335 52
1734764 52
1783019 54
1783723 54
1783886 54
1735035 52
1849616 56
1783486 54
1782774 54
1735264 52
1735434 52
1874262 57
1782629 54
1735508 52
1735270 52
1736137 52
1783714 54
1735169 52
1782463 54
1734472 52
1783810 54
1782973 54
1734609 52
1843319 56
1735163 52
1783600 54
1783600 54
1783521 54
1836814 56
1879211 57
1833592 55
1735035 52
1734957 52
1783883 54
1734931 52
1843981 56
