9845246 75
9808885 74
9638675 73
9593408 73
9575368 73
9780761 74
9720408 74
9786462 74
9373542 71
9459478 72
9541849 72
9334211 71
9433302 71
9513730 72
9391573 71
9709387 74
9314534 71
9344884 71
9546486 72
9516451 72
9369709 71
9257381 70
9384102 71
9238052 70
9542751 72
9329052 71
9247646 70
9316005 71
9625265 73
9477806 72
9388838 71
9506456 72
9371382 71
9570140 73
9474684 72
9399576 71
9777008 74
9646667 73
9464896 72
9753165 74
9374469 71
9466332 72
9762546 74
9474399 72
9597849 73
9449485 72
9492712 72
9756734 74
9435011 71
9771627 74
9536705 72
9717307 74
9709009 74
9669693 73
9617939 73
9440711 72
9317780 71
9337619 71
9579611 73
9584168 73
9315749 71
9372256 71
9209721 70
9468227 72
9329155 71
9381570 71
9470548 72
9328986 71
9196532 70
9428252 71
9681236 73
9725103 74
9519312 72
9488002 72
9310941 71
9261345 70
9546135 72
9608751 73
9668400 73
9249148 70
9195701 70
9151687 69
9228723 70
9299651 70
9264482 70
9037119 68
9322826 71
9108787 69
9224120 70
9077436 69
9303284 70
9272468 70
9380855 71
9576420 73
9477996 72
9297805 70
9215745 70
9385668 71
9554112 72
9645026 73
9268911 70
9362288 71
9575297 73
9212846 70
9102195 69
9046282 69
9122409 69
9248406 70
9407577 71
9358741 71
9267952 70
9128417 69
9272519 70
9231663 70
9385937 71
9148276 69
9056669 69
9261274 70
9315791 71
9172347 69
9234299 70
9353361 71
9330538 71
9296998 70
9410788 71
9186809 70
9176255 70
9098252 69
9395957 71
9324596 71
9001577 68
9109153 69
9350406 71
9117920 69
9327369 71
9090179 69
9167894 69
9058027 69
9204696 70
9240846 70
9114914 69
9012598 68
9286248 70
9172619 69
9169940 69
9187101 70
9297686 70
9351911 71
9164709 69
9182476 70
9200335 70
9441901 72
9230372 70
9353859 71
9133377 69
9241594 70
9212837 70
9258891 70
9055367 69
9013870 68
8904873 67
9243488 70
9475483 72
9193806 70
9039368 68
8956305 68
9038257 68
9337517 71
9077838 69
9153864 69
9330875 71
9275685 70
9352947 71
8920934 68
9029407 68
9240158 70
9183917 70
9314799 71
9082761 69
9109701 69
9180556 70
8770498 66
9165955 69
9255412 70
9239852 70
9250759 70
9135685 69
9017820 68
9087468 69
9356337 71
9239774 70
9293894 70
9069057 69
8798868 67
9426527 71
9398123 71
9200648 70
9162639 69
9258623 70
9079123 69
9256791 70
9062084 69
9284511 70
9259707 70
9472479 72
9426197 71
9422908 71
9044763 69
9190678 70
9300594 70
9222029 70
9095627 69
9008502 68
8906651 67
9369831 71
9229429 70
9377560 71
8939527 68
9150114 69
9323436 71
9391129 71
9545911 72
9277747 70
9283266 70
9429283 71
9168349 69
9118385 69
8897715 67
8990707 68
9086615 69
9168499 69
8940930 68
9150892 69
8988533 68
9201208 70
9195397 70
9108266 69
9089080 69
9193975 70
9679982 73
9476931 72
9257089 70
9093628 69
9177354 70
9076090 69
9299896 70
9214963 70
9138133 69
9215202 70
9298934 70
9366648 71
9247608 70
9116425 69
9330579 71
9111586 69
8882139 67
9328701 71
9204096 70
9240547 70
9096179 69
8939331 68
9098348 69
9069695 69
8965426 68
8883867 67
9142369 69
9036380 68
8848554 67
8895710 67
8945728 68
9102559 69
9407270 71
8929441 68
8771140 66
9113267 69
9011486 68
9075822 69
8767544 66
9132604 69
9035063 68
8887956 67
8963625 68
8973735 68
9081967 69
9204539 70
9060997 69
8978405 68
9198235 70
9484640 72
9295895 70
9230730 70
9100956 69
9001601 68
9458712 72
9402590 71
9478575 72
9426442 71
9115799 69
9143236 69
9402933 71
9681816 73
9493429 72
9301240 70
9314680 71
9103381 69
9526627 72
9253625 70
9056696 69
9252530 70
8919474 68
9237183 70
9118186 69
9061297 69
9048585 69
8943864 68
9222937 70
9368717 71
9420907 71
9339361 71
9253869 70
9064933 69
9248669 70
8941410 68
9038939 68
9180682 70
9333172 71
9365151 71
9221883 70
9243512 70
9209516 70
8842525 67
9296592 70
9185173 70
9296354 70
9274889 70
8871514 67
9061971 69
9214023 70
9330541 71
9133800 69
9138905 69
9206665 70
9199421 70
9237227 70
9098240 69
9116282 69
9405541 71
9520400 72
9512857 72
9305018 70
9465885 72
9330237 71
9394245 71
9441307 72
9249320 70
9219143 70
8946449 68
9056666 69
9061665 69
9106822 69
9146912 69
8793564 67
9364378 71
9242345 70
9062090 69
9077279 69
9272806 70
9027483 68
9397010 71
9133189 69
9116773 69
9183422 70
9017153 68
9125188 69
9225682 70
9338962 71
9241948 70
9165812 69
9504635 72
9261322 70
9279471 70
9164062 69
8977381 68
8896059 67
9378329 71
8974500 68
8951038 68
9031105 68
8916451 68
9171516 69
9248936 70
9135459 69
9044408 69
9127309 69
9315983 71
9382134 71
9306443 71
9036291 68
9397284 71
9373895 71
9291663 70
9131795 69
9152988 69
9103986 69
9319820 71
9172621 69
9149045 69
9163316 69
9006599 68
9286812 70
9247405 70
9208184 70
9441347 72
9424017 71
8989862 68
9216722 70
9430439 71
9262296 70
9317980 71
8968740 68
9133469 69
9256084 70
9142929 69
9517438 72
9206862 70
9249267 70
9464263 72
9296339 70
9382040 71
9156572 69
9246979 70
9299324 70
9697167 73
9394656 71
9400943 71
9223730 70
9425867 71
9361740 71
9738009 74
9426811 71
9563031 72
9584516 73
9046721 69
9396020 71
9316922 71
9336728 71
9625843 73
9666925 73
9372530 71
9216906 70
9229229 70
9546334 72
9168782 69
9499498 72
9373004 71
9165231 69
9163578 69
9407118 71
9399594 71
9254793 70
9375205 71
9300471 70
9324527 71
9401551 71
9457047 72
9155297 69
9190686 70
9127860 69
9407350 71
9363736 71
9374507 71
9615136 73
9699150 73
9384693 71
9391918 71
9196249 70
9732567 74
9494612 72
9543280 72
9576904 73
9636734 73
9531159 72
9437488 72
9265480 70
9348493 71
9257651 70
9343570 71
9419416 71
9209047 70
9231591 70
9664547 73
9260756 70
9325147 71
9211982 70
9337258 71
9294436 70
9173643 69
9510298 72
9682429 73
9604557 73
9429441 71
9550176 72
9285810 70
9591838 73
9673965 73
9505410 72
9479051 72
9427171 71
9160271 69
9411646 71
9389121 71
9651931 73
9442952 72
9368872 71
9426492 71
9073418 69
9237524 70
9352813 71
9555431 72
9326130 71
9181882 70
9165806 69
9466374 72
9278631 70
9479230 72
9315930 71
9259665 70
8718491 66
9311745 71
9209720 70
9125992 69
9188477 70
8980592 68
9191843 70
9305592 70
9240319 70
9111204 69
9012786 68
9608637 73
9403136 71
9312800 71
9295343 70
9057333 69
9121328 69
9711042 74
9434630 71
9417061 71
9506396 72
9268757 70
9297439 70
9505583 72
9356677 71
9518553 72
9423963 71
8963580 68
9201229 70
9660394 73
9296908 70
9263493 70
9323214 71
9787969 74
9438225 72
9402600 71
9438255 72
9490322 72
9556219 72
9383643 71
9251361 70
9576639 73
9519548 72
9652318 73
9527423 72
9378505 71
9726430 74
9372723 71
9451641 72
9478962 72
9538123 72
9385672 71
9496304 72
9289563 70
9269248 70
9390502 71
9512834 72
9466025 72
9489238 72
9599056 73
9214435 70
9168576 69
9260382 70
9635258 73
9542808 72
9350021 71
9209652 70
9285828 70
9412241 71
9263955 70
9483335 72
9353963 71
9373848 71
8824549 67
9192138 70
9227111 70
9300980 70
9160596 69
9165389 69
9508319 72
9454421 72
9452996 72
9188739 70
9333645 71
9266978 70
9456860 72
9439931 72
9461602 72
9442645 72
9549391 72
9377269 71
9202745 70
9258591 70
9503733 72
9389326 71
9358225 71
9118033 69
9373545 71
9278150 70
9372854 71
9492015 72
9360978 71
9408931 71
9618983 73
9383062 71
9425655 71
9669205 73
9402776 71
9405888 71
9471471 72
9224094 70
9274369 70
9315064 71
9512720 72
9421768 71
9367680 71
9456288 72
9562869 72
9213784 70
9403556 71
9375335 71
9368854 71
9240470 70
9291696 70
9287761 70
9290230 70
9280982 70
9416760 71
9249214 70
8952360 68
9258016 70
9346513 71
9403020 71
9260780 70
9124301 69
9209766 70
9330186 71
9298430 70
9487940 72
9224323 70
9305890 70
9071479 69
9075103 69
9225824 70
9375458 71
9045540 69
9102467 69
9316896 71
9263210 70
9022407 68
9058414 69
8954915 68
9396567 71
9239318 70
9166220 69
9323080 71
8671207 66
9397717 71
9505466 72
9541220 72
9478330 72
9458618 72
9141350 69
9573697 73
9490839 72
9529189 72
9388105 71
9348991 71
9553259 72
9217654 70
9472319 72
9474163 72
9437677 72
9694678 73
9477890 72
9382422 71
9383571 71
9544329 72
9613754 73
9511829 72
9421500 71
9294112 70
9166750 69
9523506 72
9545736 72
9652914 73
9408834 71
9456143 72
9589835 73
9294380 70
9419069 71
10003274 76
9537792 72
9625664 73
9442481 72
9564232 72
9346033 71
9661456 73
9301501 70
9436545 71
9462143 72
9674712 73
9333836 71
9670115 73
9615623 73
9941400 75
9723347 74
9683119 73
9439842 72
9605441 73
9175526 70
9498877 72
9405818 71
9608719 73
9617164 73
9141729 69
9224668 70
9115099 69
9479915 72
9464605 72
9492712 72
9104513 69
9063406 69
9050974 69
9021040 68
9342915 71
9288559 70
9419525 71
9218220 70
9405718 71
9413790 71
9495630 72
9117862 69
9112576 69
9702709 74
9495482 72
9563805 72
9595993 73
9264494 70
9382436 71
9421371 71
9434833 71
9719396 74
9477455 72
9324918 71
9470676 72
9342099 71
9252862 70
8987935 68
9283779 70
9277916 70
9253276 70
9485704 72
9573327 73
9176869 70
9348193 71
9616368 73
9513968 72
9470196 72
9376071 71
9550184 72
9382714 71
9334089 71
9849974 75
9266245 70
9166322 69
8681150 66
9400665 71
9387375 71
9274866 70
9006776 68
9140996 69
9399341 71
9461937 72
9433623 71
9474565 72
8699367 66
9257029 70
9557946 72
9481825 72
9423546 71
9220385 70
9266112 70
9414626 71
9570582 73
9475084 72
9550988 72
9446411 72
9246303 70
9224746 70
9447382 72
9822504 74
9560964 72
9362297 71
9610014 73
9504114 72
9540839 72
9576637 73
9524725 72
8799736 67
9451242 72
9504743 72
9719822 74
9636462 73
9439217 72
9398203 71
9055575 69
9441391 72
9446825 72
9829149 74
9704639 74
9667117 73
9767824 74
9482784 72
9456044 72
9486540 72
9644719 73
9611491 73
9529586 72
9370123 71
9592543 73
9679659 73
9538122 72
9291520 70
9226968 70
9319785 71
9395549 71
9422944 71
9239020 70
9230763 70
9228419 70
8953089 68
9569581 73
9274997 70
9241319 70
9340708 71
9002849 68
9427490 71
9292479 70
9266618 70
9495372 72
9319499 71
9421405 71
9419191 71
9195733 70
9231388 70
9132482 69
9053035 69
9326675 71
9501744 72
9481122 72
9637094 73
9380908 71
9319437 71
9292232 70
9393085 71
9392472 71
9450637 72
8748084 66
9616835 73
9594589 73
9458811 72
9132335 69
9312773 71
9477515 72
9632485 73
9375270 71
9477452 72
9483334 72
9256741 70
9558112 72
9708574 74
9566313 72
9543555 72
9530452 72
9631663 73
9496349 72
9444227 72
9562319 72
9824577 74
9756675 74
9459994 72
9195480 70
9690639 73
9685349 73
9796354 74
9644281 73
9533964 72
9363447 71
9332043 71
9296054 70
9315043 71
9449327 72
9471730 72
9319699 71
9233220 70
9435542 71
9399415 71
9415956 71
9391224 71
9390181 71
9434448 71
9364088 71
9477232 72
9536038 72
9487323 72
9128560 69
9569557 73
9505046 72
9390922 71
9514501 72
9305440 70
9228803 70
9211610 70
9394857 71
9490127 72
9398659 71
9332522 71
9144615 69
9576814 73
9498676 72
9349650 71
9436789 71
9377784 71
9376640 71
9635261 73
9509977 72
9497707 72
9767858 74
9572575 73
9270711 70
9401324 71
9334399 71
9476037 72
9536785 72
9511385 72
9276522 70
9469862 72
9368144 71
9311757 71
9475352 72
9217228 70
9356142 71
9539416 72
9322308 71
9396866 71
9369908 71
9326034 71
9634727 73
9479371 72
9554580 72
9383112 71
9226107 70
9482924 72
9188542 70
9496865 72
9298580 70
9718905 74
9891277 75
9543849 72
9432010 71
9438791 72
9586792 73
9678632 73
9857279 75
9767136 74
9630421 73
9557542 72
9396446 71
9719191 74
9827848 74
9857680 75
9525281 72
