42736 20
42730 20
42807 20
42810 20
43989 21
50097 24
40472 19
40579 19
42736 20
42676 20
42831 20
42795 20
43600 21
48696 23
48249 23
44124 21
43055 21
42709 20
42739 20
48643 23
49825 24
42861 20
43890 21
42667 20
42694 20
42792 20
42703 20
43013 21
40525 19
44062 21
42688 20
49629 24
42736 20
44024 21
42822 20
42697 20
42733 20
42786 20
43147 21
55303 27
42760 20
42715 20
42867 20
44024 21
42673 20
40502 19
40493 19
42831 20
42697 20
42712 20
53538 26
43049 21
42703 20
43007 20
43946 21
49137 23
40707 19
48470 23
42840 20
42753 20
42753 20
42700 20
42629 20
42879 20
43030 21
42759 20
49405 24
43876 21
42995 20
42664 20
42658 20
43016 21
43858 21
44386 21
43245 21
42777 20
43820 21
43875 21
42617 20
42688 20
42629 20
42724 20
43138 21
43018 21
43977 21
42694 20
42679 20
42828 20
42741 20
42667 20
42688 20
42739 20
42801 20
42712 20
42697 20
43925 21
42700 20
42855 20
43881 21
43878 21
42706 20
73573 35
42709 20
42667 20
42750 20
42846 20
42724 20
42706 20
42748 20
42807 20
42641 20
42649 20
43925 21
42667 20
42846 20
42825 20
42727 20
42718 20
43913 21
42739 20
42661 20
42706 20
42778 20
42888 20
43043 21
43499 21
42777 20
42768 20
42733 20
52964 25
48869 23
42727 20
42876 20
42694 20
42634 20
40639 19
42664 20
43299 21
42700 20
49244 24
50987 24
46813 22
40785 19
42861 20
49286 24
42682 20
42822 20
42649 20
49096 23
42831 20
42697 20
43852 21
42730 20
40594 19
42748 20
42724 20
42807 20
42801 20
44033 21
40597 19
42781 20
42771 20
42760 20
42697 20
42712 20
42762 20
49563 24
43864 21
42647 20
42748 20
40481 19
42608 20
43004 20
42682 20
50975 24
44258 21
42706 20
42638 20
42667 20
42667 20
42828 20
166691 81
48860 23
42626 20
42649 20
43875 21
51975 25
42730 20
42819 20
42744 20
42697 20
42810 20
43890 21
50608 24
44899 21
42855 20
43832 21
43462 21
43902 21
43884 21
42697 20
42715 20
43013 21
42703 20
43013 21
48848 23
48541 23
51157 24
42828 20
42784 20
42712 20
42941 20
43919 21
42673 20
43875 21
43922 21
42736 20
42712 20
43890 21
42754 20
42647 20
73777 36
42828 20
42771 20
43925 21
44048 21
43998 21
43061 21
42718 20
48646 23
43864 21
43972 21
83755 40
42673 20
42798 20
42730 20
42733 20
42756 20
43150 21
42694 20
43870 21
43209 21
42718 20
44047 21
50805 24
42748 20
42676 20
43875 21
43037 21
43093 21
42837 20
42700 20
43960 21
42673 20
42730 20
42673 20
42840 20
42679 20
42733 20
43858 21
42759 20
42682 20
43905 21
42655 20
44252 21
43188 21
43129 21
42739 20
48788 23
49759 24
50350 24
49283 24
42641 20
43129 21
42768 20
42748 20
42703 20
43911 21
42661 20
42667 20
42751 20
43966 21
42673 20
53257 26
42691 20
42819 20
42738 20
42748 20
42691 20
43138 21
42724 20
42784 20
42759 20
42828 20
42623 20
42920 20
44217 21
42837 20
42980 20
42736 20
43460 21
42703 20
43849 21
43954 21
43981 21
43983 21
43820 21
42682 20
44155 21
43899 21
43998 21
43957 21
42760 20
43078 21
42825 20
43954 21
42694 20
42647 20
42837 20
43832 21
42911 20
42688 20
43937 21
42989 20
42828 20
43840 21
43875 21
43861 21
44068 21
42688 20
42739 20
43902 21
42712 20
43808 21
42715 20
42941 20
42673 20
42804 20
42718 20
43884 21
42849 20
42718 20
42727 20
43108 21
42968 20
44334 21
42679 20
43846 21
42834 20
43910 21
42733 20
42641 20
42759 20
43969 21
42775 20
42819 20
42742 20
42733 20
43498 21
43167 21
42721 20
44281 21
43896 21
42647 20
42926 20
43936 21
42846 20
42718 20
51517 25
42670 20
50954 24
43986 21
42724 20
43040 21
40600 19
42700 20
43841 21
42697 20
42656 20
42688 20
42769 20
42673 20
42741 20
50391 24
43992 21
44001 21
42962 20
42685 20
42855 20
44094 21
49176 24
52319 25
49170 24
42694 20
42759 20
43528 21
43855 21
43852 21
42739 20
43057 21
42971 20
42724 20
50120 24
42661 20
42640 20
42744 20
42694 20
43498 21
43905 21
42697 20
42709 20
42929 20
44015 21
42709 20
42694 20
42718 20
43884 21
42650 20
42744 20
44258 21
42712 20
42855 20
43403 21
42718 20
42700 20
42783 20
42733 20
42956 20
42727 20
42706 20
44010 21
42644 20
42706 20
42736 20
42653 20
42813 20
129116 63
40493 19
42664 20
49453 24
42837 20
42733 20
40514 19
42840 20
42774 20
42739 20
42834 20
42682 20
42682 20
43040 21
43683 21
42780 20
42694 20
87095 42
42801 20
42789 20
43980 21
42688 20
42968 20
42712 20
42712 20
43983 21
43963 21
42768 20
42694 20
42682 20
42730 20
42724 20
42727 20
42750 20
42626 20
214283 104
46420 22
42894 20
42834 20
51127 24
42778 20
46402 22
42736 20
42807 20
42807 20
43905 21
42703 20
42724 20
42915 20
43058 21
43498 21
44079 21
44109 21
42768 20
42685 20
42798 20
42777 20
42771 20
42769 20
42751 20
42709 20
43051 21
42703 20
42673 20
100193 48
42685 20
42769 20
42766 20
42765 20
42688 20
42742 20
42697 20
43939 21
44129 21
42670 20
42644 20
42715 20
42763 20
43546 21
43878 21
42781 20
42759 20
42733 20
42721 20
48937 23
49122 23
42879 20
40460 19
42679 20
42733 20
43893 21
42772 20
42745 20
40513 19
48994 23
42730 20
42924 20
42757 20
43908 21
42679 20
42718 20
42983 20
42852 20
42733 20
43931 21
40502 19
42879 20
42864 20
42715 20
43090 21
42676 20
42733 20
42694 20
43922 21
44555 21
42694 20
43013 21
43332 21
42891 20
42730 20
42688 20
42641 20
42739 20
43811 21
52293 25
42721 20
40618 19
44243 21
40475 19
42959 20
42670 20
42846 20
42685 20
42626 20
42679 20
42673 20
42700 20
42700 20
40475 19
42629 20
42709 20
42971 20
42688 20
42763 20
43852 21
42667 20
42712 20
42730 20
42747 20
42703 20
41163 20
42694 20
42906 20
42733 20
43215 21
49640 24
42742 20
42825 20
42881 20
42646 20
42915 20
43916 21
46930 22
42665 20
42745 20
48205 23
42912 20
44010 21
42724 20
42676 20
43832 21
42855 20
42658 20
44295 21
42736 20
42709 20
42694 20
42953 20
42837 20
44246 21
43108 21
42861 20
42682 20
42709 20
42685 20
42792 20
42733 20
43829 21
49402 24
42730 20
43858 21
43034 21
42712 20
50623 24
42730 20
42721 20
43846 21
42733 20
42736 20
42750 20
43192 21
42688 20
42617 20
46307 22
42712 20
42724 20
42685 20
51270 25
42754 20
46572 22
42977 20
44380 21
42626 20
42766 20
42736 20
42721 20
42694 20
42715 20
42912 20
43899 21
43919 21
42703 20
42712 20
43887 21
43846 21
44438 21
42700 20
42738 20
43916 21
42626 20
42730 20
44403 21
42747 20
42730 20
43931 21
42650 20
43441 21
43998 21
43829 21
43937 21
43922 21
44103 21
44462 21
42768 20
42780 20
44275 21
42762 20
42727 20
43855 21
42738 20
42787 20
42852 20
42676 20
43855 21
43063 21
42637 20
42727 20
50528 24
43879 21
42694 20
42655 20
42661 20
44264 21
42664 20
42783 20
43899 21
42974 20
42786 20
42629 20
42920 20
43843 21
43855 21
42768 20
42745 20
42694 20
42995 20
43251 21
46307 22
48884 23
42656 20
43099 21
42739 20
43937 21
42831 20
42745 20
42837 20
42676 20
42673 20
83708 40
42682 20
42700 20
42753 20
42682 20
42870 20
40546 19
42724 20
42796 20
49986 24
42816 20
43901 21
42653 20
43849 21
43995 21
44328 21
42807 20
44908 21
42661 20
50878 24
50467 24
44033 21
49024 23
42792 20
43844 21
42667 20
43141 21
42688 20
42744 20
42760 20
42771 20
42736 20
42768 20
43919 21
43934 21
42715 20
42649 20
42694 20
42629 20
44018 21
43846 21
42670 20
42694 20
42736 20
42679 20
42777 20
43132 21
49155 24
43838 21
43013 21
42688 20
43808 21
42822 20
43835 21
42837 20
43911 21
42703 20
132655 64
42697 20
42780 20
42992 20
42640 20
85093 41
42697 20
42718 20
42786 20
42697 20
42718 20
42712 20
42670 20
43913 21
42667 20
43855 21
42795 20
42656 20
48768 23
42786 20
42650 20
43896 21
62271 30
42652 20
42843 20
42709 20
42697 20
49685 24
42697 20
42653 20
42739 20
42721 20
42730 20
42700 20
42632 20
42685 20
42807 20
44829 21
42700 20
42658 20
42676 20
42745 20
42757 20
42661 20
43951 21
42804 20
42873 20
43335 21
42661 20
49223 24
43986 21
43284 21
42775 20
43099 21
42783 20
42745 20
42768 20
42661 20
42837 20
42667 20
42730 20
42721 20
42754 20
42840 20
42807 20
50925 24
42718 20
42632 20
42679 20
42721 20
44333 21
42733 20
42807 20
42655 20
42962 20
42840 20
42706 20
44258 21
42747 20
42759 20
42789 20
42744 20
49125 23
49107 23
48789 23
52340 25
43963 21
43855 21
44284 21
42986 20
42783 20
49298 24
42694 20
50674 24
56265 27
43147 21
42828 20
42652 20
42831 20
42756 20
40713 19
42653 20
42772 20
43925 21
42694 20
43872 21
42727 20
42724 20
42682 20
42673 20
44064 21
42700 20
43287 21
42870 20
43978 21
45491 22
42774 20
43370 21
42709 20
42638 20
42846 20
42899 20
53757 26
40621 19
48845 23
42738 20
42807 20
49572 24
46671 22
42819 20
50117 24
42745 20
49182 24
52334 25
42789 20
48994 23
43902 21
42965 20
42837 20
205380 100
43152 21
50901 24
49929 24
42789 20
42807 20
42721 20
42703 20
42718 20
42724 20
42620 20
42786 20
42653 20
42685 20
42795 20
43896 21
42703 20
44263 21
42727 20
42629 20
43209 21
43908 21
48782 23
43069 21
43010 21
42700 20
42688 20
42766 20
42727 20
49012 23
42896 20
44292 21
42804 20
42774 20
42715 20
42813 20
43120 21
42667 20
42650 20
42730 20
43872 21
49083 23
42685 20
43884 21
42676 20
50126 24
47798 23
42915 20
42682 20
42647 20
42673 20
42736 20
42676 20
42727 20
51348 25
44161 21
42736 20
42679 20
40758 19
40564 19
42712 20
43093 21
42706 20
44086 21
42658 20
42650 20
48681 23
43893 21
43873 21
40540 19
42757 20
43248 21
42750 20
51594 25
42757 20
43037 21
40529 19
42745 20
42730 20
42703 20
