102569 28
85692 23
95766 26
109221 30
107272 29
103844 28
103963 29
99728 27
135558 37
99496 27
90669 25
87652 24
85305 23
87172 24
106138 29
338804 94
103523 28
103132 28
108026 30
93201 26
93779 26
99823 27
86523 24
91882 25
90106 25
97556 27
96877 27
84566 23
98697 27
93753 26
90446 25
99343 27
89076 24
84313 23
85663 23
81078 22
90547 25
92772 25
95582 26
98974 27
108074 30
89683 25
92865 25
96600 26
94500 26
84208 23
78528 21
108057 30
97121 27
90398 25
90583 25
95444 26
86046 24
108950 30
92048 25
91545 25
99120 27
100243 27
101987 28
93440 26
92221 25
98188 27
98349 27
124257 34
115697 32
91098 25
82549 23
84980 23
97300 27
101077 28
90208 25
99639 27
104111 29
122491 34
90110 25
94407 26
92254 25
94050 26
94747 26
92588 25
92397 25
84217 23
91354 25
86186 24
92838 25
86577 24
94459 26
98628 27
89043 24
99930 27
104134 29
95550 26
103460 28
85501 23
100022 27
100576 28
106153 29
92269 25
114115 31
308965 86
92072 25
92757 25
83756 23
76532 21
90586 25
97026 27
91110 25
87080 24
86195 24
92386 25
86739 24
91721 25
81856 22
90431 25
86237 24
84348 23
84087 23
85591 23
99126 27
91381 25
90911 25
89052 24
85624 23
98515 27
83443 23
86642 24
88328 24
99159 27
83017 23
91956 25
97848 27
163724 45
86243 24
89755 25
88810 24
98164 27
97875 27
95909 26
96782 27
96800 27
96406 26
91471 25
93871 26
90836 25
133455 37
86091 24
84765 23
91995 25
84757 23
87827 24
85147 23
83982 23
84122 23
92716 25
90759 25
90154 25
91235 25
107231 29
88116 24
92608 25
98226 27
103940 29
87390 24
103839 28
99930 27
95425 26
94299 26
104729 29
92707 25
98891 27
98944 27
92013 25
93502 26
85692 23
85555 23
85734 23
101961 28
78445 21
84596 23
91694 25
92686 25
91241 25
102739 28
91914 25
92537 25
92064 25
87240 24
76693 21
84962 23
92925 25
101801 28
100547 28
84450 23
91384 25
97232 27
84274 23
93392 26
93710 26
92248 25
87900 24
95060 26
94300 26
85918 23
88683 24
98295 27
99737 27
96510 26
91971 25
85140 23
135173 37
81936 22
84944 23
101652 28
94270 26
94273 26
92314 25
170041 47
91742 25
97026 27
90639 25
82519 23
84548 23
79675 22
87804 24
83553 23
82978 23
76830 21
88249 24
97118 27
198386 55
91500 25
90216 25
83821 23
93841 26
92484 25
94920 26
87378 24
91610 25
100047 27
99004 27
99829 27
97890 27
88116 24
107675 30
97705 27
93859 26
133000 37
118943 33
99513 27
141549 39
84584 23
94104 26
99609 27
103521 28
100088 27
92123 25
98673 27
94059 26
96573 26
122077 34
136869 38
136905 38
102525 28
101762 28
99897 27
101071 28
93750 26
109611 30
100505 28
114601 31
91438 25
90845 25
96576 26
93103 25
85418 23
96368 26
92638 25
310436 86
93457 26
112131 31
93576 26
110781 30
102778 28
110972 30
95128 26
125419 34
101277 28
135940 37
107541 30
94140 26
111243 31
99966 27
100773 28
97160 27
105155 29
98891 27
107289 29
100669 28
90476 25
101497 28
100833 28
96222 26
97044 27
86630 24
87080 24
92588 25
92722 25
97199 27
93826 26
87144 24
86508 24
84230 23
84637 23
86645 24
86350 24
86937 24
86973 24
90297 25
84110 23
84465 23
92626 25
91325 25
87533 24
84286 23
88420 24
82979 23
82627 23
83059 23
89284 24
90878 25
99625 27
97064 27
99087 27
93225 26
133935 37
89234 24
86666 24
84518 23
90100 25
90816 25
91432 25
88993 24
76812 21
90765 25
91054 25
94092 26
97303 27
96731 26
85841 23
92727 25
100246 27
92701 25
92662 25
91801 25
92177 25
92671 25
92239 25
100431 28
91224 25
84244 23
178143 49
82603 23
89436 24
90076 25
84703 23
83604 23
109040 30
85126 23
82579 23
88906 24
96946 27
91864 25
91572 25
90833 25
92689 25
93231 26
92281 25
95028 26
84066 23
95168 26
81945 22
95638 26
85707 23
99814 27
94232 26
91444 25
97339 27
97774 27
89630 25
91012 25
84161 23
88427 24
102381 28
90911 25
85936 23
85537 23
86882 24
100339 27
90392 25
189234 52
84369 23
92388 25
87039 24
86226 24
82767 23
85090 23
86413 24
85698 23
84647 23
90961 25
77813 21
76470 21
83776 23
78245 21
89305 24
86913 24
92912 25
92653 25
84633 23
88691 24
89076 24
95575 26
97583 27
94112 26
94757 26
95681 26
100526 28
90726 25
94567 26
94520 26
94527 26
131186 36
114511 31
93243 26
98405 27
109191 30
100730 28
102543 28
100699 28
106781 29
100044 27
102069 28
104256 29
102200 28
94929 26
91697 25
99537 27
89228 24
82794 23
94923 26
116287 32
194641 54
92349 25
99111 27
93073 25
90103 25
98048 27
101777 28
93779 26
92903 25
101316 28
88016 24
83234 23
85677 23
124049 34
98631 27
96564 26
84027 23
87885 24
92626 25
90956 25
85698 23
90735 25
92135 25
91381 25
98122 27
89085 24
107782 30
98760 27
91569 25
100398 28
114940 32
99403 27
93225 26
104109 29
91310 25
98497 27
93412 26
93639 26
94071 26
102127 28
90925 25
100121 27
90002 25
99966 27
101968 28
103122 28
85626 23
92537 25
93648 26
112664 31
100173 27
98408 27
103335 28
100207 27
95358 26
96445 26
97455 27
96075 26
97166 27
92647 25
93055 25
101625 28
92346 25
93392 26
93913 26
93398 26
95086 26
79180 22
85025 23
96821 27
84018 23
92218 25
84495 23
84959 23
92010 25
101599 28
93940 26
93826 26
96150 26
119120 33
94381 26
93946 26
100905 28
91289 25
99328 27
110844 30
100304 27
92310 25
97234 27
90958 25
95811 26
91834 25
97199 27
91369 25
98521 27
89939 25
93293 26
100490 28
92153 25
94897 26
93827 26
83124 23
88980 24
76080 21
82472 23
83616 23
85391 23
72901 20
84569 23
88784 24
86550 24
92543 25
97367 27
87723 24
84980 23
103475 28
95582 26
95701 26
93988 26
95614 26
91503 25
84229 23
91024 25
103827 28
99644 27
102355 28
101479 28
92415 25
104350 29
92558 25
105980 29
93448 26
94809 26
89046 24
88802 24
84751 23
90067 25
92680 25
89376 24
83937 23
84935 23
83458 23
84989 23
89165 24
91900 25
94299 26
97646 27
84718 23
98402 27
99275 27
101127 28
95985 26
97702 27
93889 26
92668 25
97836 27
83187 23
96564 26
78313 21
94521 26
98384 27
92537 25
101470 28
96335 26
107136 29
100395 28
107136 29
107048 29
102474 28
92227 25
99299 27
205404 57
100448 28
94185 26
93614 26
90648 25
93934 26
91566 25
132760 37
93970 26
90351 25
92174 25
91691 25
91149 25
94130 26
92129 25
93252 26
93199 26
103764 28
90729 25
83777 23
88092 24
100210 27
95283 26
93267 26
95182 26
100190 27
99531 27
110976 30
86339 24
97684 27
92355 25
94146 26
97833 27
91834 25
87503 24
84498 23
86875 24
101999 28
101126 28
91843 25
99272 27
102877 28
93189 26
118202 32
105729 29
101080 28
108022 30
101964 28
183890 51
122193 34
93761 26
102284 28
92808 25
99805 27
121898 34
218980 61
100732 28
105140 29
95378 26
95823 26
77098 21
95948 26
91920 25
91078 25
98834 27
84855 23
102709 28
90952 25
105738 29
99528 27
112220 31
98784 27
104178 29
102571 28
104184 29
92915 25
99171 27
99096 27
105107 29
100071 27
93984 26
86398 24
102681 28
89445 24
94378 26
86021 24
87284 24
95098 26
92459 25
85546 23
90091 25
82847 23
89699 25
77012 21
72970 20
84837 23
76881 21
89520 24
86681 24
97294 27
84215 23
84438 23
93850 26
85597 23
85331 23
92299 25
85677 23
84018 23
95605 26
90234 25
85338 23
88546 24
84492 23
84676 23
98542 27
103209 28
98274 27
92894 25
89355 24
86363 24
84933 23
84992 23
125137 34
92189 25
109134 30
100323 27
96335 26
99892 27
92564 25
101902 28
91313 25
89582 24
99904 27
95585 26
91232 25
113531 31
94202 26
111586 31
101256 28
95036 26
91968 25
93937 26
102015 28
105155 29
94271 26
92564 25
86639 24
85576 23
134934 37
93466 26
96428 26
87932 24
83568 23
83926 23
84024 23
122507 34
72470 20
82942 23
88611 24
95641 26
97449 27
91766 25
98447 27
99400 27
99275 27
93568 26
91661 25
85745 23
93377 26
88328 24
84822 23
98889 27
93779 26
100302 27
95081 26
90980 25
85129 23
88921 24
88796 24
91560 25
88959 24
92728 25
84748 23
78743 21
85561 23
91417 25
88019 24
98198 27
92317 25
93160 25
92701 25
95102 26
91715 25
88456 24
91891 25
158276 44
96773 27
98224 27
91471 25
92992 25
93070 25
92534 25
92037 25
94881 26
100045 27
96231 26
89252 24
84182 23
87981 24
90631 25
92350 25
93529 26
91104 25
84352 23
89043 24
80625 22
91742 25
91679 25
84956 23
82287 22
95337 26
89404 24
90947 25
81903 22
93640 26
95832 26
93680 26
99677 27
100404 28
86365 24
86342 24
82302 22
88372 24
83166 23
91763 25
146761 40
93734 26
95352 26
99528 27
93976 26
90720 25
92061 25
100449 28
95810 26
116587 32
103979 29
108804 30
97023 27
127662 35
100228 27
116398 32
124562 34
108526 30
102766 28
92853 25
89263 24
101679 28
94574 26
101286 28
93696 26
96028 26
281111 78
92975 25
86225 24
84066 23
91402 25
96949 27
93211 26
85031 23
85507 23
85192 23
86806 24
77456 21
77372 21
83905 23
77140 21
77242 21
83991 23
78272 21
91759 25
86138 24
84834 23
90780 25
84873 23
92057 25
86147 24
91644 25
98062 27
90577 25
92585 25
93237 26
98775 27
96847 27
101625 28
99293 27
93189 26
97797 27
98298 27
91560 25
95650 26
90330 25
90079 25
97023 27
82826 23
90029 25
96880 27
101786 28
91539 25
85534 23
86648 24
87521 24
91551 25
92209 25
86487 24
98458 27
95007 26
88155 24
88340 24
99543 27
99653 27
93005 25
114389 31
98137 27
92626 25
91858 25
100713 28
96356 26
90452 25
100567 28
86750 24
90038 25
97557 27
91199 25
99999 27
95459 26
85081 23
97956 27
95410 26
100803 28
84426 23
82671 23
86425 24
89707 25
86619 24
91309 25
97556 27
100594 28
99069 27
93330 26
89299 24
90235 25
85454 23
90240 25
90285 25
92887 25
92874 25
82907 23
92648 25
80780 22
90583 25
87004 24
83282 23
84497 23
90261 25
86050 24
83601 23
84870 23
101553 28
101442 28
99644 27
98143 27
85957 23
96049 26
92207 25
123835 34
95579 26
101151 28
129339 36
