1045 16
980 15
1036 16
947 14
968 15
995 15
1123 17
1013 15
1045 16
971 15
968 15
1046 16
983 15
971 15
1022 15
1043 16
960 15
917 14
1007 15
1016 15
968 15
1004 15
953 14
938 14
974 15
1010 15
939 14
986 15
1004 15
1031 16
953 14
998 15
992 15
1117 17
968 15
977 15
1036 16
1058 16
945 14
1004 15
986 15
941 14
941 14
1030 16
1049 16
1027 16
986 15
932 14
1164 18
1036 16
1097 17
957 14
1018 15
1038 16
936 14
977 15
998 15
1030 16
932 14
933 14
888 13
935 14
992 15
1085 16
1012 15
959 14
974 15
1042 16
941 14
1053 16
954 14
944 14
944 14
977 15
1060 16
1038 16
992 15
903 14
909 14
947 14
1176 18
968 15
968 15
1004 15
1010 15
1047 16
968 15
965 15
974 15
1009 15
4570 71
932 14
909 14
971 15
992 15
1001 15
941 14
938 14
944 14
906 14
974 15
1013 15
983 15
980 15
1075 16
1003 15
935 14
1007 15
947 14
1007 15
971 15
941 14
1010 15
992 15
1208 18
1208 18
947 14
935 14
909 14
992 15
965 15
918 14
1016 15
1075 16
1070 16
995 15
909 14
1013 15
956 14
909 14
1222 19
1010 15
1032 16
1036 16
1067 16
989 15
1084 16
1051 16
1024 16
968 15
1114 17
1063 16
1099 17
1078 16
956 14
959 14
1010 15
1038 16
1007 15
1015 15
1009 15
998 15
1003 15
1050 16
1024 16
1043 16
1066 16
1031 16
998 15
980 15
930 14
986 15
1004 15
1165 18
1120 17
959 14
1007 15
1045 16
1081 16
1012 15
1007 15
1242 19
959 14
939 14
1059 16
912 14
1052 16
1033 16
1039 16
1091 17
980 15
1057 16
1064 16
1034 16
1307 20
1105 17
989 15
1004 15
992 15
938 14
941 14
1048 16
1006 15
942 14
915 14
951 14
1006 15
1084 16
997 15
983 15
1117 17
1269 19
1030 16
980 15
935 14
1075 16
1058 16
1065 16
965 15
941 14
909 14
998 15
1070 16
1066 16
876 13
903 14
1022 15
986 15
1091 17
962 15
1048 16
1227 19
1027 16
965 15
944 14
986 15
1063 16
986 15
986 15
974 15
915 14
1054 16
1021 15
1043 16
944 14
986 15
1006 15
971 15
1149 17
983 15
977 15
1072 16
974 15
974 15
1078 16
989 15
992 15
1042 16
1045 16
909 14
989 15
915 14
971 15
1041 16
977 15
1010 15
941 14
1099 17
1035 16
968 15
968 15
1037 16
971 15
1143 17
971 15
932 14
965 15
1039 16
927 14
971 15
909 14
912 14
980 15
879 13
944 14
1031 16
995 15
1013 15
888 13
959 14
968 15
983 15
921 14
959 14
968 15
1004 15
1001 15
1060 16
1081 16
917 14
953 14
971 15
918 14
983 15
947 14
971 15
1001 15
1181 18
1039 16
1012 15
1010 15
962 15
971 15
947 14
1201 18
950 14
953 14
1088 17
959 14
1001 15
1034 16
947 14
971 15
941 14
1013 15
986 15
956 14
1085 16
980 15
1007 15
1082 16
915 14
1081 16
989 15
1022 15
1063 16
1047 16
992 15
1050 16
959 14
944 14
938 14
971 15
1010 15
1075 16
1045 16
951 14
1027 16
1016 15
1050 16
992 15
998 15
980 15
1041 16
1019 15
1010 15
1056 16
968 15
986 15
959 14
1004 15
1117 17
971 15
1050 16
968 15
986 15
971 15
912 14
1004 15
1018 15
918 14
1087 16
1066 16
1021 15
986 15
1045 16
938 14
977 15
965 15
1018 15
974 15
959 14
944 14
899 14
1047 16
1019 15
1075 16
1016 15
1003 15
1082 16
1039 16
944 14
909 14
1123 17
1022 15
1059 16
876 13
1025 16
1084 16
998 15
1117 17
1010 15
989 15
1096 17
1013 15
1059 16
932 14
1045 16
974 15
986 15
1047 16
876 13
1013 15
1069 16
1040 16
1123 17
1049 16
986 15
1022 15
1036 16
1123 17
1040 16
1190 18
1076 16
977 15
1205 18
897 14
1075 16
1024 16
989 15
1012 15
956 14
980 15
1084 16
980 15
1126 17
1081 16
1028 16
995 15
1052 16
935 14
1049 16
1043 16
1090 17
1054 16
1045 16
980 15
1031 16
989 15
1075 16
1105 17
938 14
971 15
977 15
1013 15
968 15
941 14
1091 17
953 14
1019 15
980 15
944 14
954 14
892 13
884 13
963 15
1007 15
944 14
980 15
983 15
974 15
947 14
944 14
1085 16
1007 15
1266 19
959 14
954 14
965 15
938 14
900 14
957 14
1015 15
1024 16
1007 15
1022 15
1066 16
1100 17
1016 15
1058 16
1050 16
1007 15
1053 16
1204 18
1018 15
1082 16
876 13
912 14
941 14
939 14
1044 16
983 15
1044 16
1114 17
1069 16
1029 16
903 14
1066 16
1004 15
1102 17
1070 16
1022 15
1007 15
1096 17
1042 16
1132 17
938 14
1028 16
1058 16
950 14
1007 15
1016 15
1051 16
918 14
929 14
986 15
986 15
953 14
962 15
1159 18
1021 15
43315 676
1054 16
1159 18
1072 16
1016 15
1185 18
959 14
956 14
977 15
998 15
1010 15
942 14
1013 15
1096 17
1031 16
1254 19
930 14
995 15
1044 16
1056 16
971 15
989 15
954 14
1085 16
992 15
977 15
941 14
1073 16
953 14
1015 15
924 14
1082 16
1053 16
971 15
995 15
1114 17
959 14
977 15
1053 16
1043 16
1081 16
1019 15
909 14
882 13
941 14
909 14
1027 16
915 14
968 15
876 13
989 15
998 15
968 15
1041 16
950 14
912 14
938 14
935 14
938 14
920 14
950 14
1040 16
977 15
995 15
936 14
1066 16
941 14
944 14
941 14
1042 16
986 15
983 15
998 15
992 15
971 15
912 14
998 15
1012 15
1004 15
948 14
1018 15
1030 16
977 15
983 15
935 14
1076 16
1007 15
953 14
945 14
1161 18
983 15
1009 15
1068 16
1025 16
1018 15
995 15
1082 16
1073 16
864 13
1099 17
1034 16
1055 16
989 15
876 13
971 15
1057 16
1033 16
1029 16
941 14
1013 15
1225 19
1034 16
995 15
873 13
876 13
1093 17
1021 15
1040 16
983 15
986 15
1079 16
992 15
986 15
938 14
912 14
942 14
1015 15
1058 16
995 15
1060 16
974 15
1001 15
1057 16
1187 18
900 14
1037 16
1066 16
986 15
1222 19
864 13
995 15
1069 16
1063 16
1066 16
906 14
1087 16
1004 15
1063 16
1100 17
1040 16
983 15
1015 15
962 15
971 15
899 14
1004 15
1097 17
1034 16
1053 16
912 14
1050 16
1033 16
1072 16
1144 17
921 14
915 14
1048 16
1006 15
992 15
998 15
950 14
1016 15
1050 16
1012 15
1015 15
879 13
1016 15
1066 16
1078 16
1033 16
953 14
1066 16
1034 16
986 15
992 15
1075 16
938 14
971 15
1031 16
1069 16
1117 17
929 14
1123 17
1024 16
1108 17
1085 16
903 14
1013 15
1022 15
1100 17
992 15
941 14
968 15
912 14
1010 15
1062 16
876 13
983 15
1007 15
1096 17
1016 15
1078 16
980 15
968 15
977 15
977 15
1063 16
959 14
992 15
997 15
1231 19
1033 16
962 15
1061 16
1087 16
1059 16
1028 16
974 15
912 14
929 14
1085 16
935 14
977 15
1019 15
1096 17
1221 19
947 14
1054 16
918 14
956 14
918 14
1066 16
1054 16
1237 19
1016 15
930 14
974 15
992 15
977 15
1001 15
986 15
986 15
980 15
1111 17
1060 16
977 15
944 14
992 15
1088 17
974 15
947 14
1064 16
1015 15
951 14
1016 15
1096 17
1004 15
1062 16
1102 17
966 15
930 14
936 14
1032 16
1166 18
995 15
941 14
1032 16
1007 15
1015 15
1079 16
974 15
1129 17
1213 18
1111 17
1161 18
918 14
974 15
1066 16
1013 15
1123 17
986 15
950 14
1193 18
998 15
995 15
962 15
1000 15
986 15
1045 16
992 15
986 15
909 14
1001 15
1031 16
983 15
962 15
932 14
906 14
995 15
1031 16
1099 17
974 15
1068 16
1111 17
1004 15
1062 16
843 13
879 13
1048 16
1036 16
936 14
968 15
1007 15
1038 16
974 15
957 14
944 14
980 15
1016 15
1227 19
998 15
941 14
1169 18
1007 15
1010 15
1084 16
989 15
971 15
1035 16
1059 16
998 15
885 13
1052 16
989 15
995 15
1003 15
947 14
935 14
938 14
962 15
882 13
915 14
915 14
941 14
944 14
1054 16
951 14
1036 16
1004 15
1362 21
971 15
1046 16
1010 15
1051 16
1028 16
1010 15
1078 16
1027 16
1058 16
915 14
974 15
1046 16
1048 16
1038 16
992 15
1227 19
989 15
933 14
938 14
938 14
938 14
965 15
1022 15
906 14
1016 15
1046 16
1126 17
1013 15
897 14
929 14
1081 16
1033 16
1054 16
906 14
1048 16
989 15
1007 15
915 14
938 14
927 14
944 14
1066 16
1034 16
977 15
1028 16
980 15
918 14
1143 17
1090 17
1057 16
1049 16
1063 16
1004 15
968 15
986 15
992 15
1010 15
1063 16
968 15
1016 15
1063 16
950 14
1049 16
992 15
939 14
986 15
1102 17
995 15
879 13
1084 16
983 15
989 15
1075 16
947 14
1132 17
1063 16
1075 16
885 13
929 14
923 14
921 14
1063 16
935 14
1108 17
1007 15
1034 16
1042 16
932 14
980 15
1034 16
962 15
924 14
1078 16
1066 16
1036 16
986 15
1019 15
1102 17
935 14
1042 16
974 15
918 14
998 15
995 15
950 14
1031 16
1046 16
1072 16
1019 15
971 15
1038 16
1041 16
971 15
1060 16
1063 16
1007 15
1045 16
1036 16
936 14
