1892 14
1862 14
1921 15
1847 14
1853 14
1918 14
1876 14
1796 14
1799 14
1871 14
1799 14
1853 14
1837 14
1802 14
1889 14
1844 14
2011 15
1846 14
1796 14
1909 14
2091 16
1800 14
1826 14
1737 13
1853 14
1766 13
1752 13
1778 13
1772 13
1823 14
1897 14
2077 16
1817 14
1769 13
1778 13
1992 15
1916 14
1966 15
1710 13
1811 14
1907 14
1900 14
1758 13
1811 14
1847 14
1865 14
1793 14
1915 14
1743 13
1832 14
1814 14
1769 13
1946 15
1728 13
1772 13
1874 14
2022 15
1870 14
1876 14
1972 15
1805 14
1945 15
1722 13
1814 14
1912 14
1957 15
2097 16
1772 13
1808 14
1897 14
1808 14
1859 14
1844 14
1933 15
1999 15
1840 14
1884 14
1898 14
1905 14
1781 13
1925 15
2034 15
1865 14
1868 14
2030 15
1826 14
1931 15
1796 14
1817 14
2167 16
1861 14
1852 14
1763 13
1811 14
1894 14
1796 14
1814 14
1832 14
1933 15
1880 14
1859 14
1829 14
1823 14
1829 14
1883 14
1880 14
1906 14
1841 14
2082 16
1963 15
1871 14
1957 15
1915 14
1784 13
1916 14
1984 15
1823 14
1820 14
1874 14
1916 14
1925 15
1921 15
1636 12
1850 14
2094 16
1895 14
1811 14
1808 14
1887 14
1811 14
1844 14
1867 14
1707 13
1960 15
1832 14
1826 14
1802 14
1847 14
1844 14
1844 14
1913 14
1858 14
1766 13
2061 16
1862 14
1957 15
1891 14
1927 15
1740 13
1844 14
1960 15
1868 14
1671 13
1924 15
1865 14
1847 14
1832 14
1766 13
1838 14
2094 16
1913 14
1878 14
1855 14
1752 13
1817 14
1894 14
1896 14
2064 16
1847 14
1835 14
1894 14
2272 17
1814 14
1957 15
1803 14
1868 14
1883 14
1919 14
1874 14
1948 15
1879 14
1787 13
1835 14
1799 14
1918 14
1877 14
1793 14
1835 14
1770 13
1890 14
1844 14
1778 13
1981 15
1969 15
1939 15
1945 15
1772 13
1817 14
1835 14
1772 13
1763 13
1766 13
1805 14
1797 14
1775 13
1918 14
1769 13
1743 13
1865 14
1963 15
1909 14
1957 15
1787 13
1868 14
1841 14
1862 14
1799 14
1957 15
1823 14
1811 14
1775 13
1778 13
1683 13
1940 15
1856 14
1811 14
1757 13
2049 16
1823 14
1966 15
1936 15
1811 14
1740 13
1775 13
1930 15
1808 14
1766 13
1868 14
1826 14
1791 13
1858 14
1743 13
1740 13
1772 13
1772 13
2126 16
1755 13
1862 14
1945 15
1835 14
1957 15
2004 15
1844 14
1731 13
1713 13
2497 19
1746 13
1749 13
1892 14
1865 14
1890 14
1728 13
1755 13
1772 13
1764 13
1758 13
1912 14
1826 14
1882 14
1796 14
1790 13
1743 13
1871 14
1884 14
1906 14
1808 14
1897 14
1891 14
1826 14
1766 13
1769 13
1737 13
1728 13
1814 14
2059 16
1820 14
1957 15
1850 14
1814 14
2121 16
1924 15
1896 14
1933 15
1945 15
1760 13
1808 14
1954 15
1832 14
1886 14
1766 13
1737 13
1743 13
1909 14
1893 14
1760 13
1763 13
1881 14
1928 15
1945 15
2177 17
1820 14
1928 15
1891 14
1969 15
1791 13
1936 15
1861 14
1808 14
1835 14
1954 15
1859 14
1850 14
1784 13
1674 13
1793 14
1841 14
1850 14
1817 14
1817 14
1814 14
2121 16
1874 14
1998 15
1832 14
2031 15
1925 15
1865 14
1948 15
1850 14
1905 14
1814 14
1983 15
1856 14
1951 15
1891 14
2010 15
1832 14
1829 14
1895 14
2039 15
1948 15
2015 15
1865 14
1891 14
1790 13
2061 16
1963 15
1969 15
1769 13
1814 14
1884 14
2007 15
1868 14
1922 15
1838 14
1927 15
1811 14
1808 14
1734 13
1987 15
1901 14
1843 14
2042 15
1841 14
1853 14
1927 15
1939 15
1826 14
1778 13
1993 15
1928 15
1951 15
1802 14
1885 14
1888 14
1887 14
1927 15
1868 14
1939 15
1853 14
1799 14
1951 15
1832 14
1763 13
2019 15
2001 15
1906 14
1764 13
1752 13
1782 13
1884 14
2129 16
1978 15
1749 13
1797 14
1814 14
1781 13
1743 13
1731 13
1820 14
1890 14
1811 14
1814 14
1829 14
1817 14
1886 14
2185 17
1793 14
1954 15
1802 14
1855 14
1856 14
1957 15
1820 14
1787 13
1832 14
1793 14
1881 14
1899 14
1907 14
1940 15
1832 14
1823 14
1913 14
1844 14
1989 15
1928 15
1873 14
1951 15
1829 14
1861 14
1761 13
1758 13
2013 15
1888 14
1954 15
1840 14
1849 14
1862 14
1826 14
1746 13
1799 14
1873 14
1853 14
1835 14
1951 15
2043 15
1954 15
1668 13
1832 14
1823 14
1888 14
1972 15
1716 13
1963 15
1805 14
1784 13
1922 15
1740 13
1784 13
1957 15
1808 14
1850 14
1677 13
1978 15
1969 15
1776 13
1877 14
1856 14
1915 14
1868 14
1989 15
1823 14
1814 14
1823 14
1883 14
1856 14
1870 14
2005 15
1793 14
1891 14
1834 14
1841 14
1879 14
1722 13
1878 14
1910 14
1853 14
1745 13
1796 14
1948 15
1885 14
1945 15
2010 15
1874 14
1838 14
1862 14
2097 16
1743 13
1865 14
1749 13
1925 15
1925 15
1900 14
1948 15
1793 14
1856 14
1931 15
1751 13
1883 14
1886 14
1776 13
1869 14
1737 13
1879 14
1740 13
1975 15
1858 14
1808 14
1850 14
1928 15
1905 14
1981 15
1814 14
1925 15
1889 14
1975 15
1890 14
1772 13
1940 15
1981 15
1891 14
1909 14
1728 13
1835 14
1948 15
2004 15
1781 13
1746 13
1731 13
1891 14
1990 15
2012 15
1850 14
1847 14
1799 14
1868 14
1826 14
1743 13
1972 15
1838 14
2070 16
1894 14
1784 13
2037 15
1870 14
1835 14
1924 15
1876 14
1793 14
1752 13
1793 14
1752 13
1787 13
1865 14
1793 14
1896 14
1859 14
1764 13
1868 14
1912 14
1755 13
1665 13
1766 13
1875 14
1740 13
1731 13
1737 13
1772 13
1689 13
1781 13
1872 14
1737 13
1781 13
1793 14
1919 14
1919 14
1772 13
1749 13
1766 13
1811 14
1832 14
1754 13
1749 13
1775 13
1740 13
1743 13
1847 14
1886 14
1897 14
1758 13
1778 13
2231 17
1856 14
1928 15
1954 15
1775 13
1909 14
1850 14
1849 14
1837 14
1796 14
1787 13
1954 15
1843 14
2027 15
1868 14
1832 14
1844 14
1837 14
1802 14
1793 14
1902 14
1995 15
1867 14
1743 13
1731 13
1838 14
1915 14
1897 14
2064 16
1820 14
1946 15
1817 14
1752 13
1811 14
1871 14
1820 14
1796 14
1772 13
1826 14
1689 13
1948 15
1894 14
2067 16
1778 13
1835 14
1930 15
1957 15
1817 14
1877 14
1966 15
1966 15
1778 13
1951 15
1948 15
1877 14
1811 14
1874 14
1922 15
1847 14
1847 14
1993 15
1829 14
1868 14
1761 13
1886 14
1811 14
1844 14
1891 14
1793 14
1921 15
1933 15
1844 14
2103 16
1861 14
1799 14
1900 14
1796 14
1769 13
1814 14
1814 14
1868 14
1868 14
2082 16
1838 14
1918 14
1838 14
1829 14
1769 13
1918 14
1957 15
1876 14
1805 14
1873 14
1960 15
1823 14
1802 14
1966 15
1918 14
1904 14
1868 14
1734 13
1907 14
1817 14
1814 14
1868 14
1832 14
1878 14
1772 13
1793 14
1817 14
1841 14
1853 14
1865 14
1877 14
1882 14
1811 14
1890 14
1769 13
1844 14
2030 15
1954 15
1925 15
2350 18
1850 14
1846 14
2094 16
1954 15
1924 15
1915 14
2064 16
1897 14
1989 15
1844 14
1778 13
1855 14
1891 14
1868 14
1838 14
1832 14
1986 15
1951 15
1761 13
1930 15
1802 14
1868 14
1883 14
1763 13
1915 14
1904 14
1850 14
1878 14
1906 14
1865 14
1912 14
1868 14
1889 14
1888 14
1808 14
1769 13
1820 14
1832 14
1805 14
1886 14
1861 14
1916 14
1843 14
1826 14
1864 14
1957 15
1901 14
1858 14
1957 15
2007 15
1781 13
1862 14
1799 14
1734 13
1814 14
1787 13
1875 14
1811 14
1787 13
1874 14
1858 14
1805 14
1766 13
1858 14
1856 14
1862 14
1864 14
1769 13
1772 13
1823 14
1692 13
1872 14
1769 13
1781 13
1841 14
1800 14
1826 14
1868 14
1835 14
1921 15
1880 14
1814 14
1811 14
1775 13
1880 14
1883 14
1893 14
1936 15
1745 13
1846 14
1880 14
1858 14
1796 14
1924 15
1871 14
1799 14
1814 14
1918 14
1761 13
2016 15
1915 14
1894 14
1865 14
1820 14
1734 13
1897 14
1873 14
1918 14
1871 14
1767 13
1743 13
1769 13
1898 14
1942 15
1983 15
1881 14
2214 17
1928 15
1841 14
1895 14
1904 14
2123 16
1776 13
1864 14
1835 14
1903 14
1931 15
1981 15
1796 14
2008 15
1826 14
1844 14
1796 14
1835 14
1903 14
1799 14
1734 13
1746 13
1716 13
1781 13
1758 13
1768 13
1748 13
1764 13
1838 14
1767 13
1861 14
1701 13
1942 15
1921 15
1814 14
1915 14
1873 14
1874 14
1928 15
1841 14
1931 15
1796 14
1867 14
1790 13
1758 13
1909 14
1945 15
1862 14
1862 14
1871 14
1954 15
1719 13
1755 13
1865 14
1772 13
1893 14
1766 13
1787 13
1909 14
1859 14
1943 15
1862 14
1969 15
1817 14
2064 16
1907 14
1814 14
1948 15
1913 14
1820 14
1987 15
1814 14
1746 13
1870 14
1811 14
1757 13
1865 14
1772 13
1814 14
1862 14
1966 15
1752 13
1981 15
1954 15
2030 15
1874 14
1859 14
1814 14
1814 14
1811 14
1772 13
2073 16
1871 14
1806 14
1847 14
1862 14
1880 14
1853 14
2073 16
1909 14
1901 14
1966 15
1790 13
1826 14
1829 14
1853 14
2456 19
1826 14
2103 16
1963 15
1844 14
1897 14
2032 15
1887 14
1974 15
1892 14
1752 13
1808 14
1948 15
1890 14
1808 14
1766 13
1864 14
1811 14
1936 15
1835 14
1796 14
1787 13
1981 15
1948 15
1975 15
1808 14
1766 13
1835 14
1925 15
1977 15
1808 14
1844 14
1820 14
1782 13
1931 15
1763 13
1853 14
1871 14
1936 15
2188 17
1781 13
1900 14
1898 14
